                        {
                            "values": {
                                "TerminalSessionId": "1",
                                "ProcessGuid": "{C784477D-8670-643F-7D06-000000004700}",
                                "ProcessId": "5664",
                                "Product": "Microsoft\\xae Windows\\xae Operating System",
                                "Description": "Terminates Processes",
                                "Company": "Microsoft Corporation",
                                "ParentProcessGuid": "{C784477D-8612-643F-F305-000000004700}",
                                "User": "DESKTOP-B0T93D6\\george",
                                "Hashes": "MD5=530C6A6CBA137EAA7021CEF9B234E8D4,SHA256=26B9B184C2F7F60811C0C4CB25C12568D996AC1ECE0EF64AA1B9E8F39AEA74D7,IMPHASH=100938B32F577E925618EA395A8C469B",
                                "OriginalFileName": "taskkill.exe",
                                "ParentImage": "C:\\Users\\george\\Desktop\\executable.exe",
                                "FileVersion": "10.0.17134.1 (WinBuild.160101.0800)",
                                "ParentProcessId": "4480",
                                "CurrentDirectory": "C:\\Users\\george\\Desktop\\",
                                "CommandLine": "\"taskkill.exe\" /IM ocssd.exe /F",
                                "EventID": "1",
                                "LogonGuid": "C784477D-2349-6407-F4A3-030000000000",
                                "LogonId": "238580",
                                "Image": "C:\\Windows\\System32\\taskkill.exe",
                                "IntegrityLevel": "High",
                                "ParentCommandLine": "\"C:\\Users\\george\\Desktop\\executable.exe\"",
                                "UtcTime": "1681884784",
                                "RuleName": "-"
                            }
                        },
                        {
                            "values": {
                                "TerminalSessionId": "1",
                                "ProcessGuid": "{C784477D-8670-643F-7F06-000000004700}",
                                "ProcessId": "7508",
                                "Product": "Microsoft\\xae Windows\\xae Operating System",
                                "Description": "Terminates Processes",
                                "Company": "Microsoft Corporation",
                                "ParentProcessGuid": "{C784477D-8612-643F-F305-000000004700}",
                                "User": "DESKTOP-B0T93D6\\george",
                                "Hashes": "MD5=530C6A6CBA137EAA7021CEF9B234E8D4,SHA256=26B9B184C2F7F60811C0C4CB25C12568D996AC1ECE0EF64AA1B9E8F39AEA74D7,IMPHASH=100938B32F577E925618EA395A8C469B",
                                "OriginalFileName": "taskkill.exe",
                                "ParentImage": "C:\\Users\\george\\Desktop\\executable.exe",
                                "FileVersion": "10.0.17134.1 (WinBuild.160101.0800)",
                                "ParentProcessId": "4480",
                                "CurrentDirectory": "C:\\Users\\george\\Desktop\\",
                                "CommandLine": "\"taskkill.exe\" /IM wordpad.exe /F",
                                "EventID": "1",
                                "LogonGuid": "C784477D-2349-6407-F4A3-030000000000",
                                "LogonId": "238580",
                                "Image": "C:\\Windows\\System32\\taskkill.exe",
                                "IntegrityLevel": "High",
                                "ParentCommandLine": "\"C:\\Users\\george\\Desktop\\executable.exe\"",
                                "UtcTime": "1681884784",
                                "RuleName": "-"
                            }
                        },
                        {
                            "values": {
                                "TerminalSessionId": "1",
                                "ProcessGuid": "{C784477D-8670-643F-8106-000000004700}",
                                "ProcessId": "7764",
                                "Product": "Microsoft\\xae Windows\\xae Operating System",
                                "Description": "Terminates Processes",
                                "Company": "Microsoft Corporation",
                                "ParentProcessGuid": "{C784477D-8612-643F-F305-000000004700}",
                                "User": "DESKTOP-B0T93D6\\george",
                                "Hashes": "MD5=530C6A6CBA137EAA7021CEF9B234E8D4,SHA256=26B9B184C2F7F60811C0C4CB25C12568D996AC1ECE0EF64AA1B9E8F39AEA74D7,IMPHASH=100938B32F577E925618EA395A8C469B",
                                "OriginalFileName": "taskkill.exe",
                                "ParentImage": "C:\\Users\\george\\Desktop\\executable.exe",
                                "FileVersion": "10.0.17134.1 (WinBuild.160101.0800)",
                                "ParentProcessId": "4480",
                                "CurrentDirectory": "C:\\Users\\george\\Desktop\\",
                                "CommandLine": "\"taskkill.exe\" /IM msftesql.exe /F",
                                "EventID": "1",
                                "LogonGuid": "C784477D-2349-6407-F4A3-030000000000",
                                "LogonId": "238580",
                                "Image": "C:\\Windows\\System32\\taskkill.exe",
                                "IntegrityLevel": "High",
                                "ParentCommandLine": "\"C:\\Users\\george\\Desktop\\executable.exe\"",
                                "UtcTime": "1681884784",
                                "RuleName": "-"
                            }
                        },
                        {
                            "values": {
                                "TerminalSessionId": "1",
                                "ProcessGuid": "{C784477D-8670-643F-8406-000000004700}",
                                "ProcessId": "4424",
                                "Product": "Microsoft\\xae Windows\\xae Operating System",
                                "Description": "Terminates Processes",
                                "Company": "Microsoft Corporation",
                                "ParentProcessGuid": "{C784477D-8612-643F-F305-000000004700}",
                                "User": "DESKTOP-B0T93D6\\george",
                                "Hashes": "MD5=530C6A6CBA137EAA7021CEF9B234E8D4,SHA256=26B9B184C2F7F60811C0C4CB25C12568D996AC1ECE0EF64AA1B9E8F39AEA74D7,IMPHASH=100938B32F577E925618EA395A8C469B",
                                "OriginalFileName": "taskkill.exe",
                                "ParentImage": "C:\\Users\\george\\Desktop\\executable.exe",
                                "FileVersion": "10.0.17134.1 (WinBuild.160101.0800)",
                                "ParentProcessId": "4480",
                                "CurrentDirectory": "C:\\Users\\george\\Desktop\\",
                                "CommandLine": "\"taskkill.exe\" /IM msaccess.exe /F",
                                "EventID": "1",
                                "LogonGuid": "C784477D-2349-6407-F4A3-030000000000",
                                "LogonId": "238580",
                                "Image": "C:\\Windows\\System32\\taskkill.exe",
                                "IntegrityLevel": "High",
                                "ParentCommandLine": "\"C:\\Users\\george\\Desktop\\executable.exe\"",
                                "UtcTime": "1681884784",
                                "RuleName": "-"
                            }
                        },
                        {
                            "values": {
                                "TerminalSessionId": "1",
                                "ProcessGuid": "{C784477D-8670-643F-8706-000000004700}",
                                "ProcessId": "7868",
                                "Product": "Microsoft\\xae Windows\\xae Operating System",
                                "Description": "Terminates Processes",
                                "Company": "Microsoft Corporation",
                                "ParentProcessGuid": "{C784477D-8612-643F-F305-000000004700}",
                                "User": "DESKTOP-B0T93D6\\george",
                                "Hashes": "MD5=530C6A6CBA137EAA7021CEF9B234E8D4,SHA256=26B9B184C2F7F60811C0C4CB25C12568D996AC1ECE0EF64AA1B9E8F39AEA74D7,IMPHASH=100938B32F577E925618EA395A8C469B",
                                "OriginalFileName": "taskkill.exe",
                                "ParentImage": "C:\\Users\\george\\Desktop\\executable.exe",
                                "FileVersion": "10.0.17134.1 (WinBuild.160101.0800)",
                                "ParentProcessId": "4480",
                                "CurrentDirectory": "C:\\Users\\george\\Desktop\\",
                                "CommandLine": "\"taskkill.exe\" /IM encsvc.exe /F",
                                "EventID": "1",
                                "LogonGuid": "C784477D-2349-6407-F4A3-030000000000",
                                "LogonId": "238580",
                                "Image": "C:\\Windows\\System32\\taskkill.exe",
                                "IntegrityLevel": "High",
                                "ParentCommandLine": "\"C:\\Users\\george\\Desktop\\executable.exe\"",
                                "UtcTime": "1681884784",
                                "RuleName": "-"
                            }
                        },
                        {
                            "values": {
                                "TerminalSessionId": "1",
                                "ProcessGuid": "{C784477D-8670-643F-8806-000000004700}",
                                "ProcessId": "7820",
                                "Product": "Microsoft\\xae Windows\\xae Operating System",
                                "Description": "Terminates Processes",
                                "Company": "Microsoft Corporation",
                                "ParentProcessGuid": "{C784477D-8612-643F-F305-000000004700}",
                                "User": "DESKTOP-B0T93D6\\george",
                                "Hashes": "MD5=530C6A6CBA137EAA7021CEF9B234E8D4,SHA256=26B9B184C2F7F60811C0C4CB25C12568D996AC1ECE0EF64AA1B9E8F39AEA74D7,IMPHASH=100938B32F577E925618EA395A8C469B",
                                "OriginalFileName": "taskkill.exe",
                                "ParentImage": "C:\\Users\\george\\Desktop\\executable.exe",
                                "FileVersion": "10.0.17134.1 (WinBuild.160101.0800)",
                                "ParentProcessId": "4480",
                                "CurrentDirectory": "C:\\Users\\george\\Desktop\\",
                                "CommandLine": "\"taskkill.exe\" /IM oracle.exe /F",
                                "EventID": "1",
                                "LogonGuid": "C784477D-2349-6407-F4A3-030000000000",
                                "LogonId": "238580",
                                "Image": "C:\\Windows\\System32\\taskkill.exe",
                                "IntegrityLevel": "High",
                                "ParentCommandLine": "\"C:\\Users\\george\\Desktop\\executable.exe\"",
                                "UtcTime": "1681884784",
                                "RuleName": "-"
                            }
                        },
                        {
                            "values": {
                                "TerminalSessionId": "1",
                                "ProcessGuid": "{C784477D-8671-643F-8B06-000000004700}",
                                "ProcessId": "3960",
                                "Product": "Microsoft\\xae Windows\\xae Operating System",
                                "Description": "Terminates Processes",
                                "Company": "Microsoft Corporation",
                                "ParentProcessGuid": "{C784477D-8612-643F-F305-000000004700}",
                                "User": "DESKTOP-B0T93D6\\george",
                                "Hashes": "MD5=530C6A6CBA137EAA7021CEF9B234E8D4,SHA256=26B9B184C2F7F60811C0C4CB25C12568D996AC1ECE0EF64AA1B9E8F39AEA74D7,IMPHASH=100938B32F577E925618EA395A8C469B",
                                "OriginalFileName": "taskkill.exe",
                                "ParentImage": "C:\\Users\\george\\Desktop\\executable.exe",
                                "FileVersion": "10.0.17134.1 (WinBuild.160101.0800)",
                                "ParentProcessId": "4480",
                                "CurrentDirectory": "C:\\Users\\george\\Desktop\\",
                                "CommandLine": "\"taskkill.exe\" /IM mysqld-opt.exe /F",
                                "EventID": "1",
                                "LogonGuid": "C784477D-2349-6407-F4A3-030000000000",
                                "LogonId": "238580",
                                "Image": "C:\\Windows\\System32\\taskkill.exe",
                                "IntegrityLevel": "High",
                                "ParentCommandLine": "\"C:\\Users\\george\\Desktop\\executable.exe\"",
                                "UtcTime": "1681884785",
                                "RuleName": "-"
                            }
                        },
                        {
                            "values": {
                                "TerminalSessionId": "1",
                                "ProcessGuid": "{C784477D-8671-643F-8C06-000000004700}",
                                "ProcessId": "292",
                                "Product": "Microsoft\\xae Windows\\xae Operating System",
                                "Description": "Terminates Processes",
                                "Company": "Microsoft Corporation",
                                "ParentProcessGuid": "{C784477D-8612-643F-F305-000000004700}",
                                "User": "DESKTOP-B0T93D6\\george",
                                "Hashes": "MD5=530C6A6CBA137EAA7021CEF9B234E8D4,SHA256=26B9B184C2F7F60811C0C4CB25C12568D996AC1ECE0EF64AA1B9E8F39AEA74D7,IMPHASH=100938B32F577E925618EA395A8C469B",
                                "OriginalFileName": "taskkill.exe",
                                "ParentImage": "C:\\Users\\george\\Desktop\\executable.exe",
                                "FileVersion": "10.0.17134.1 (WinBuild.160101.0800)",
                                "ParentProcessId": "4480",
                                "CurrentDirectory": "C:\\Users\\george\\Desktop\\",
                                "CommandLine": "\"taskkill.exe\" /IM powerpnt.exe /F",
                                "EventID": "1",
                                "LogonGuid": "C784477D-2349-6407-F4A3-030000000000",
                                "LogonId": "238580",
                                "Image": "C:\\Windows\\System32\\taskkill.exe",
                                "IntegrityLevel": "High",
                                "ParentCommandLine": "\"C:\\Users\\george\\Desktop\\executable.exe\"",
                                "UtcTime": "1681884785",
                                "RuleName": "-"
                            }
                        },
                        {
                            "values": {
                                "TerminalSessionId": "1",
                                "ProcessGuid": "{C784477D-8671-643F-8F06-000000004700}",
                                "ProcessId": "8152",
                                "Product": "Microsoft\\xae Windows\\xae Operating System",
                                "Description": "Terminates Processes",
                                "Company": "Microsoft Corporation",
                                "ParentProcessGuid": "{C784477D-8612-643F-F305-000000004700}",
                                "User": "DESKTOP-B0T93D6\\george",
                                "Hashes": "MD5=530C6A6CBA137EAA7021CEF9B234E8D4,SHA256=26B9B184C2F7F60811C0C4CB25C12568D996AC1ECE0EF64AA1B9E8F39AEA74D7,IMPHASH=100938B32F577E925618EA395A8C469B",
                                "OriginalFileName": "taskkill.exe",
                                "ParentImage": "C:\\Users\\george\\Desktop\\executable.exe",
                                "FileVersion": "10.0.17134.1 (WinBuild.160101.0800)",
                                "ParentProcessId": "4480",
                                "CurrentDirectory": "C:\\Users\\george\\Desktop\\",
                                "CommandLine": "\"taskkill.exe\" /IM sqlagent.exe /F",
                                "EventID": "1",
                                "LogonGuid": "C784477D-2349-6407-F4A3-030000000000",
                                "LogonId": "238580",
                                "Image": "C:\\Windows\\System32\\taskkill.exe",
                                "IntegrityLevel": "High",
                                "ParentCommandLine": "\"C:\\Users\\george\\Desktop\\executable.exe\"",
                                "UtcTime": "1681884785",
                                "RuleName": "-"
                            }
                        },
                        {
                            "values": {
                                "TerminalSessionId": "1",
                                "ProcessGuid": "{C784477D-8671-643F-9106-000000004700}",
                                "ProcessId": "7712",
                                "Product": "Microsoft\\xae Windows\\xae Operating System",
                                "Description": "Terminates Processes",
                                "Company": "Microsoft Corporation",
                                "ParentProcessGuid": "{C784477D-8612-643F-F305-000000004700}",
                                "User": "DESKTOP-B0T93D6\\george",
                                "Hashes": "MD5=530C6A6CBA137EAA7021CEF9B234E8D4,SHA256=26B9B184C2F7F60811C0C4CB25C12568D996AC1ECE0EF64AA1B9E8F39AEA74D7,IMPHASH=100938B32F577E925618EA395A8C469B",
                                "OriginalFileName": "taskkill.exe",
                                "ParentImage": "C:\\Users\\george\\Desktop\\executable.exe",
                                "FileVersion": "10.0.17134.1 (WinBuild.160101.0800)",
                                "ParentProcessId": "4480",
                                "CurrentDirectory": "C:\\Users\\george\\Desktop\\",
                                "CommandLine": "\"taskkill.exe\" /IM ragent.exe /f",
                                "EventID": "1",
                                "LogonGuid": "C784477D-2349-6407-F4A3-030000000000",
                                "LogonId": "238580",
                                "Image": "C:\\Windows\\System32\\taskkill.exe",
                                "IntegrityLevel": "High",
                                "ParentCommandLine": "\"C:\\Users\\george\\Desktop\\executable.exe\"",
                                "UtcTime": "1681884785",
                                "RuleName": "-"
                            }
                        },
                        {
                            "values": {
                                "TerminalSessionId": "1",
                                "ProcessGuid": "{C784477D-8671-643F-9206-000000004700}",
                                "ProcessId": "7960",
                                "Product": "Microsoft\\xae Windows\\xae Operating System",
                                "Description": "Terminates Processes",
                                "Company": "Microsoft Corporation",
                                "ParentProcessGuid": "{C784477D-8612-643F-F305-000000004700}",
                                "User": "DESKTOP-B0T93D6\\george",
                                "Hashes": "MD5=530C6A6CBA137EAA7021CEF9B234E8D4,SHA256=26B9B184C2F7F60811C0C4CB25C12568D996AC1ECE0EF64AA1B9E8F39AEA74D7,IMPHASH=100938B32F577E925618EA395A8C469B",
                                "OriginalFileName": "taskkill.exe",
                                "ParentImage": "C:\\Users\\george\\Desktop\\executable.exe",
                                "FileVersion": "10.0.17134.1 (WinBuild.160101.0800)",
                                "ParentProcessId": "4480",
                                "CurrentDirectory": "C:\\Users\\george\\Desktop\\",
                                "CommandLine": "\"taskkill.exe\" /IM sql.exe /f",
                                "EventID": "1",
                                "LogonGuid": "C784477D-2349-6407-F4A3-030000000000",
                                "LogonId": "238580",
                                "Image": "C:\\Windows\\System32\\taskkill.exe",
                                "IntegrityLevel": "High",
                                "ParentCommandLine": "\"C:\\Users\\george\\Desktop\\executable.exe\"",
                                "UtcTime": "1681884785",
                                "RuleName": "-"
                            }
                        },
                        {
                            "values": {
                                "TerminalSessionId": "1",
                                "ProcessGuid": "{C784477D-8671-643F-9306-000000004700}",
                                "ProcessId": "7672",
                                "Product": "Microsoft\\xae Windows\\xae Operating System",
                                "Description": "Terminates Processes",
                                "Company": "Microsoft Corporation",
                                "ParentProcessGuid": "{C784477D-8612-643F-F305-000000004700}",
                                "User": "DESKTOP-B0T93D6\\george",
                                "Hashes": "MD5=530C6A6CBA137EAA7021CEF9B234E8D4,SHA256=26B9B184C2F7F60811C0C4CB25C12568D996AC1ECE0EF64AA1B9E8F39AEA74D7,IMPHASH=100938B32F577E925618EA395A8C469B",
                                "OriginalFileName": "taskkill.exe",
                                "ParentImage": "C:\\Users\\george\\Desktop\\executable.exe",
                                "FileVersion": "10.0.17134.1 (WinBuild.160101.0800)",
                                "ParentProcessId": "4480",
                                "CurrentDirectory": "C:\\Users\\george\\Desktop\\",
                                "CommandLine": "\"taskkill.exe\" /IM mysql.exe /f",
                                "EventID": "1",
                                "LogonGuid": "C784477D-2349-6407-F4A3-030000000000",
                                "LogonId": "238580",
                                "Image": "C:\\Windows\\System32\\taskkill.exe",
                                "IntegrityLevel": "High",
                                "ParentCommandLine": "\"C:\\Users\\george\\Desktop\\executable.exe\"",
                                "UtcTime": "1681884785",
                                "RuleName": "-"
                            }
                        },
                        {
                            "values": {
                                "TerminalSessionId": "1",
                                "ProcessGuid": "{C784477D-8671-643F-9406-000000004700}",
                                "ProcessId": "7972",
                                "Product": "Microsoft\\xae Windows\\xae Operating System",
                                "Description": "Terminates Processes",
                                "Company": "Microsoft Corporation",
                                "ParentProcessGuid": "{C784477D-8612-643F-F305-000000004700}",
                                "User": "DESKTOP-B0T93D6\\george",
                                "Hashes": "MD5=530C6A6CBA137EAA7021CEF9B234E8D4,SHA256=26B9B184C2F7F60811C0C4CB25C12568D996AC1ECE0EF64AA1B9E8F39AEA74D7,IMPHASH=100938B32F577E925618EA395A8C469B",
                                "OriginalFileName": "taskkill.exe",
                                "ParentImage": "C:\\Users\\george\\Desktop\\executable.exe",
                                "FileVersion": "10.0.17134.1 (WinBuild.160101.0800)",
                                "ParentProcessId": "4480",
                                "CurrentDirectory": "C:\\Users\\george\\Desktop\\",
                                "CommandLine": "\"taskkill.exe\" /IM 1cv8.exe /f",
                                "EventID": "1",
                                "LogonGuid": "C784477D-2349-6407-F4A3-030000000000",
                                "LogonId": "238580",
                                "Image": "C:\\Windows\\System32\\taskkill.exe",
                                "IntegrityLevel": "High",
                                "ParentCommandLine": "\"C:\\Users\\george\\Desktop\\executable.exe\"",
                                "UtcTime": "1681884785",
                                "RuleName": "-"
                            }
                        },
                        {
                            "values": {
                                "TerminalSessionId": "1",
                                "ProcessGuid": "{C784477D-8671-643F-9606-000000004700}",
                                "ProcessId": "4112",
                                "Product": "Microsoft\\xae Windows\\xae Operating System",
                                "Description": "Terminates Processes",
                                "Company": "Microsoft Corporation",
                                "ParentProcessGuid": "{C784477D-8612-643F-F305-000000004700}",
                                "User": "DESKTOP-B0T93D6\\george",
                                "Hashes": "MD5=530C6A6CBA137EAA7021CEF9B234E8D4,SHA256=26B9B184C2F7F60811C0C4CB25C12568D996AC1ECE0EF64AA1B9E8F39AEA74D7,IMPHASH=100938B32F577E925618EA395A8C469B",
                                "OriginalFileName": "taskkill.exe",
                                "ParentImage": "C:\\Users\\george\\Desktop\\executable.exe",
                                "FileVersion": "10.0.17134.1 (WinBuild.160101.0800)",
                                "ParentProcessId": "4480",
                                "CurrentDirectory": "C:\\Users\\george\\Desktop\\",
                                "CommandLine": "\"taskkill.exe\" /IM oracle.exe /f",
                                "EventID": "1",
                                "LogonGuid": "C784477D-2349-6407-F4A3-030000000000",
                                "LogonId": "238580",
                                "Image": "C:\\Windows\\System32\\taskkill.exe",
                                "IntegrityLevel": "High",
                                "ParentCommandLine": "\"C:\\Users\\george\\Desktop\\executable.exe\"",
                                "UtcTime": "1681884785",
                                "RuleName": "-"
                            }
                        },
                        {
                            "values": {
                                "TerminalSessionId": "1",
                                "ProcessGuid": "{C784477D-8671-643F-9906-000000004700}",
                                "ProcessId": "8044",
                                "Product": "Microsoft\\xae Windows\\xae Operating System",
                                "Description": "Terminates Processes",
                                "Company": "Microsoft Corporation",
                                "ParentProcessGuid": "{C784477D-8612-643F-F305-000000004700}",
                                "User": "DESKTOP-B0T93D6\\george",
                                "Hashes": "MD5=530C6A6CBA137EAA7021CEF9B234E8D4,SHA256=26B9B184C2F7F60811C0C4CB25C12568D996AC1ECE0EF64AA1B9E8F39AEA74D7,IMPHASH=100938B32F577E925618EA395A8C469B",
                                "OriginalFileName": "taskkill.exe",
                                "ParentImage": "C:\\Users\\george\\Desktop\\executable.exe",
                                "FileVersion": "10.0.17134.1 (WinBuild.160101.0800)",
                                "ParentProcessId": "4480",
                                "CurrentDirectory": "C:\\Users\\george\\Desktop\\",
                                "CommandLine": "\"taskkill.exe\" /IM rmngr.exe /f",
                                "EventID": "1",
                                "LogonGuid": "C784477D-2349-6407-F4A3-030000000000",
                                "LogonId": "238580",
                                "Image": "C:\\Windows\\System32\\taskkill.exe",
                                "IntegrityLevel": "High",
                                "ParentCommandLine": "\"C:\\Users\\george\\Desktop\\executable.exe\"",
                                "UtcTime": "1681884785",
                                "RuleName": "-"
                            }
                        },
                        {
                            "values": {
                                "TerminalSessionId": "1",
                                "ProcessGuid": "{C784477D-8671-643F-9B06-000000004700}",
                                "ProcessId": "7608",
                                "Product": "Microsoft\\xae Windows\\xae Operating System",
                                "Description": "Terminates Processes",
                                "Company": "Microsoft Corporation",
                                "ParentProcessGuid": "{C784477D-8612-643F-F305-000000004700}",
                                "User": "DESKTOP-B0T93D6\\george",
                                "Hashes": "MD5=530C6A6CBA137EAA7021CEF9B234E8D4,SHA256=26B9B184C2F7F60811C0C4CB25C12568D996AC1ECE0EF64AA1B9E8F39AEA74D7,IMPHASH=100938B32F577E925618EA395A8C469B",
                                "OriginalFileName": "taskkill.exe",
                                "ParentImage": "C:\\Users\\george\\Desktop\\executable.exe",
                                "FileVersion": "10.0.17134.1 (WinBuild.160101.0800)",
                                "ParentProcessId": "4480",
                                "CurrentDirectory": "C:\\Users\\george\\Desktop\\",
                                "CommandLine": "\"taskkill.exe\" /IM rphost.exe /f",
                                "EventID": "1",
                                "LogonGuid": "C784477D-2349-6407-F4A3-030000000000",
                                "LogonId": "238580",
                                "Image": "C:\\Windows\\System32\\taskkill.exe",
                                "IntegrityLevel": "High",
                                "ParentCommandLine": "\"C:\\Users\\george\\Desktop\\executable.exe\"",
                                "UtcTime": "1681884785",
                                "RuleName": "-"
                            }
                        },
                        {
                            "values": {
                                "TerminalSessionId": "1",
                                "ProcessGuid": "{C784477D-8671-643F-9F06-000000004700}",
                                "ProcessId": "6912",
                                "Product": "Microsoft\\xae Windows\\xae Operating System",
                                "Description": "Terminates Processes",
                                "Company": "Microsoft Corporation",
                                "ParentProcessGuid": "{C784477D-8612-643F-F305-000000004700}",
                                "User": "DESKTOP-B0T93D6\\george",
                                "Hashes": "MD5=530C6A6CBA137EAA7021CEF9B234E8D4,SHA256=26B9B184C2F7F60811C0C4CB25C12568D996AC1ECE0EF64AA1B9E8F39AEA74D7,IMPHASH=100938B32F577E925618EA395A8C469B",
                                "OriginalFileName": "taskkill.exe",
                                "ParentImage": "C:\\Users\\george\\Desktop\\executable.exe",
                                "FileVersion": "10.0.17134.1 (WinBuild.160101.0800)",
                                "ParentProcessId": "4480",
                                "CurrentDirectory": "C:\\Users\\george\\Desktop\\",
                                "CommandLine": "\"taskkill.exe\" /IM sqld.exe /f",
                                "EventID": "1",
                                "LogonGuid": "C784477D-2349-6407-F4A3-030000000000",
                                "LogonId": "238580",
                                "Image": "C:\\Windows\\System32\\taskkill.exe",
                                "IntegrityLevel": "High",
                                "ParentCommandLine": "\"C:\\Users\\george\\Desktop\\executable.exe\"",
                                "UtcTime": "1681884785",
                                "RuleName": "-"
                            }
                        },
                        {
                            "values": {
                                "TerminalSessionId": "1",
                                "ProcessGuid": "{C784477D-8671-643F-A006-000000004700}",
                                "ProcessId": "3096",
                                "Product": "Microsoft\\xae Windows\\xae Operating System",
                                "Description": "Terminates Processes",
                                "Company": "Microsoft Corporation",
                                "ParentProcessGuid": "{C784477D-8612-643F-F305-000000004700}",
                                "User": "DESKTOP-B0T93D6\\george",
                                "Hashes": "MD5=530C6A6CBA137EAA7021CEF9B234E8D4,SHA256=26B9B184C2F7F60811C0C4CB25C12568D996AC1ECE0EF64AA1B9E8F39AEA74D7,IMPHASH=100938B32F577E925618EA395A8C469B",
                                "OriginalFileName": "taskkill.exe",
                                "ParentImage": "C:\\Users\\george\\Desktop\\executable.exe",
                                "FileVersion": "10.0.17134.1 (WinBuild.160101.0800)",
                                "ParentProcessId": "4480",
                                "CurrentDirectory": "C:\\Users\\george\\Desktop\\",
                                "CommandLine": "\"taskkill.exe\" /IM mysqld.exe /f",
                                "EventID": "1",
                                "LogonGuid": "C784477D-2349-6407-F4A3-030000000000",
                                "LogonId": "238580",
                                "Image": "C:\\Windows\\System32\\taskkill.exe",
                                "IntegrityLevel": "High",
                                "ParentCommandLine": "\"C:\\Users\\george\\Desktop\\executable.exe\"",
                                "UtcTime": "1681884785",
                                "RuleName": "-"
                            }
                        },
                        {
                            "values": {
                                "TerminalSessionId": "1",
                                "ProcessGuid": "{C784477D-8671-643F-A106-000000004700}",
                                "ProcessId": "1368",
                                "Product": "Microsoft\\xae Windows\\xae Operating System",
                                "Description": "Terminates Processes",
                                "Company": "Microsoft Corporation",
                                "ParentProcessGuid": "{C784477D-8612-643F-F305-000000004700}",
                                "User": "DESKTOP-B0T93D6\\george",
                                "Hashes": "MD5=530C6A6CBA137EAA7021CEF9B234E8D4,SHA256=26B9B184C2F7F60811C0C4CB25C12568D996AC1ECE0EF64AA1B9E8F39AEA74D7,IMPHASH=100938B32F577E925618EA395A8C469B",
                                "OriginalFileName": "taskkill.exe",
                                "ParentImage": "C:\\Users\\george\\Desktop\\executable.exe",
                                "FileVersion": "10.0.17134.1 (WinBuild.160101.0800)",
                                "ParentProcessId": "4480",
                                "CurrentDirectory": "C:\\Users\\george\\Desktop\\",
                                "CommandLine": "\"taskkill.exe\" /IM vmwp.exe /f",
                                "EventID": "1",
                                "LogonGuid": "C784477D-2349-6407-F4A3-030000000000",
                                "LogonId": "238580",
                                "Image": "C:\\Windows\\System32\\taskkill.exe",
                                "IntegrityLevel": "High",
                                "ParentCommandLine": "\"C:\\Users\\george\\Desktop\\executable.exe\"",
                                "UtcTime": "1681884785",
                                "RuleName": "-"
                            }
                        }
                    ],
                    "rule_level": "low",
                    "rule_id": "cd06da2f3978bdb24b3f3c8f83c7df917a910c6b29921d0e375e418f340d8f3d",
                    "rule_source": "Sigma Integrated Rule Set (GitHub)",
                    "rule_title": "Suspicious Execution of Taskkill",
                    "rule_description": "Adversaries may stop services or processes in order to conduct Data Destruction or Data Encrypted for Impact on the data stores of services like Exchange and SQL Server.",
                    "rule_author": "frack113"
                }
            ],
            "meaningful_name": "eZGcH21a",
            "last_submission_date": 1621178865,
            "type_description": "Win32 EXE"
        }
    }
}