{
    "data": {
        "id": "003c64fa11ea18a00c3e0bf2adf1a2b80287fb072d1f8108d1d55cbda17e60cb",
        "type": "file",
        "links": {
            "self": "https://www.virustotal.com/api/v3/files/003c64fa11ea18a00c3e0bf2adf1a2b80287fb072d1f8108d1d55cbda17e60cb"
        },
        "attributes": {
            "names": [
                "Cryptolocker.bin",
                "cryptolocker.bin",
                "Crypto.bin",
                "sectiongrasstown.exe",
                "003c64fa11ea18a00c3e0bf2adf1a2b80287fb072d1f8108d1d55cbda17e60cb.bin",
                "Yvhspdtminrhb.exe",
                "003c64fa11ea18a00c3e0bf2adf1a2b80287fb072d1f8108d1d55cbda17e60cb.exe",
                "Avywuixyxmexxtr.exe",
                "isheriff_9605ca26b5f27f04c7a91fda86b3c489.bin",
                "007068339",
                "file-6404872_exe",
                "003c64fa11ea18a00c3e0bf2adf1a2b80287fb072d1f8108d1d55cbda17e60cb",
                "Ibbvjtgfbcdtftjv.exe_",
                "16635814",
                "output.16635814.txt",
                "upd.exe",
                "Jfkvohkxgbhrzxbvvz.exe.VIR",
                "vti-rescan",
                "Ivgbgaybzwtnthjh.noexe",
                "Yqgyxhzuccdr.exe",
                "Pkahwgzxqvmx.exe",
                "Mvfamsjkffax.exe",
                "mhscgrxgeixtbhff.exe"
            ],
            "last_analysis_date": 1706805455,
            "magic": "PE32 executable (GUI) Intel 80386, for MS Windows",
            "meaningful_name": "sectiongrasstown.exe",
            "tags": [
                "malware",
                "self-delete",
                "peexe",
                "checks-network-adapters",
                "suspicious-dns",
                "nxdomain",
                "checks-user-input",
                "persistence"
            ],
            "pe_info": {
                "timestamp": 1383053241,
                "imphash": "4be5ba212d3c5ac3cc64b879d19d1654",
                "machine_type": 332,
                "entry_point": 26193,
                "resource_details": [
                    {
                        "lang": "ENGLISH US",
                        "chi2": 66456.77,
                        "filetype": "unknown",
                        "entropy": 3.4375364780426025,
                        "sha256": "8df4aac369bc1c481c2994824644ac701bc19b052f4db8d2d809801dfb711f6f",
                        "type": "RT_VERSION"
                    }
                ],
                "resource_langs": {
                    "ENGLISH US": 1
                },
                "resource_types": {
                    "RT_VERSION": 1
                },
                "sections": [
                    {
                        "name": ".text",
                        "chi2": 390213.41,
                        "virtual_address": 4096,
                        "flags": "rx",
                        "raw_size": 74752,
                        "entropy": 6.65,
                        "virtual_size": 74599,
                        "md5": "baca2d68d83858fb6a0b582c6e0b8205"
                    },
                    {
                        "name": ".rdata",
                        "chi2": 1863845.25,
                        "virtual_address": 81920,
                        "flags": "r",
                        "raw_size": 82432,
                        "entropy": 5.7,
                        "virtual_size": 82254,
                        "md5": "833d3a64d955f75e1619359d89b72df5"
                    },
                    {
                        "name": ".data",
                        "chi2": 25125146.0,
                        "virtual_address": 167936,
                        "flags": "rw",
                        "raw_size": 357888,
                        "entropy": 4.78,
                        "virtual_size": 383608,
                        "md5": "39fafec226108d446bad3cf61af7dc4c"
                    },
                    {
                        "name": ".xdata",
                        "chi2": 5627253.5,
                        "virtual_address": 552960,
                        "flags": "rw",
                        "raw_size": 279552,
                        "entropy": 6.31,
                        "virtual_size": 279088,
                        "md5": "0200e1ef93ee1dfbbe8663a134433431"
                    },
                    {
                        "name": ".rsrc",
                        "chi2": 97303.5,
                        "virtual_address": 835584,
                        "flags": "r",
                        "raw_size": 1024,
                        "entropy": 3.12,
                        "virtual_size": 952,
                        "md5": "329a10ca35ff2cdb16e971eb185b299a"
                    }
                ],
                "compiler_product_versions": [
                    "[ASM] VS2003 (.NET) build 3077 count=23",
                    "[C++] VS2003 (.NET) build 3077 count=23",
                    "[ C ] VS2003 (.NET) build 3077 count=120",
                    "[---] Unmarked objects count=87",
                    "[RES] VS2003 (.NET) build 3052 count=1",
                    "[LNK] VS2003 (.NET) build 3077 count=1",
                    "id: 0x5d, version: 2179 count=5",
                    "id: 0x64, version: 3077 count=1"
                ],
                "rich_pe_header_hash": "2d81f9edcb658a63b267f4788f565a8a",
                "import_list": [
                    {
                        "library_name": "KERNEL32.dll",
                        "imported_functions": [
                            "CloseHandle",
                            "DeleteCriticalSection",
                            "EnterCriticalSection",
                            "EnumSystemLocalesA",
                            "ExitProcess",
                            "FlushFileBuffers",
                            "FreeEnvironmentStringsA",
                            "FreeEnvironmentStringsW",
                            "GetACP",
                            "GetCommandLineA",
                            "GetCPInfo",
                            "GetCurrentProcess",
                            "GetCurrentProcessId",
                            "GetCurrentThreadId",
                            "GetEnvironmentStrings",
                            "GetEnvironmentStringsW",
                            "GetFileType",
                            "GetLastError",
                            "GetLocaleInfoA",
                            "GetLocaleInfoW",
                            "GetModuleFileNameA",
                            "GetModuleHandleA",
                            "GetOEMCP",
                            "GetProcAddress",
                            "GetStartupInfoA",
                            "GetStdHandle",
                            "GetStringTypeA",
                            "GetStringTypeW",
                            "GetSystemDirectoryA",
                            "GetSystemInfo",
                            "GetSystemTimeAsFileTime",
                            "GetTickCount",
                            "GetUserDefaultLCID",
                            "GetVersionExA",
                            "HeapAlloc",
                            "HeapCreate",
                            "HeapDestroy",
                            "HeapFree",
                            "HeapReAlloc",
                            "HeapSize",
                            "InitializeCriticalSection",
                            "InterlockedDecrement",
                            "InterlockedExchange",
                            "InterlockedIncrement",
                            "IsBadCodePtr",
                            "IsBadReadPtr",
                            "IsBadWritePtr",
                            "IsValidCodePage",
                            "IsValidLocale",
                            "LCMapStringA",
                            "LCMapStringW",
                            "LeaveCriticalSection",
                            "LoadLibraryA",
                            "MultiByteToWideChar",
                            "QueryPerformanceCounter",
                            "RaiseException",
                            "ReadFile",
                            "RtlUnwind",
                            "SetFilePointer",
                            "SetHandleCount",
                            "SetLastError",
                            "SetStdHandle",
                            "SetTapeParameters",
                            "SetUnhandledExceptionFilter",
                            "TerminateProcess",
                            "TlsAlloc",
                            "TlsFree",
                            "TlsGetValue",
                            "TlsSetValue",
                            "UnhandledExceptionFilter",
                            "VirtualAlloc",
                            "VirtualFree",
                            "VirtualProtect",
                            "VirtualQuery",
                            "WideCharToMultiByte",
                            "WriteFile"
                        ]
                    },
                    {
                        "library_name": "XOLEHLP.dll",
                        "imported_functions": [
                            "Ord(7)"
                        ]
                    }
                ]
            },
            "crowdsourced_ids_stats": {
                "high": 1,
                "info": 0,
                "medium": 0,
                "low": 1
            },
            "ssdeep": "12288:HM/mDTpC7G8v/TzlBzhcbOUOEKCJGYldsgBKpE/lN3t79+ZLc:HMeDTAy8jzlBabIEKeldsgBKpaBEc",
            "detectiteasy": {
                "filetype": "PE32",
                "values": [
                    {
                        "info": "EXE32",
                        "version": "2003 v.7.1 (3052-9782)",
                        "type": "Compiler",
                        "name": "EP:Microsoft Visual C/C++"
                    },
                    {
                        "info": "libcmt",
                        "version": "13.10",
                        "type": "Compiler",
                        "name": "Microsoft Visual C/C++"
                    },
                    {
                        "version": "7.10.3077",
                        "type": "Linker",
                        "name": "Microsoft Linker"
                    },
                    {
                        "version": "2003",
                        "type": "Tool",
                        "name": "Visual Studio"
                    }
                ]
            },
            "type_tags": [
                "executable",
                "windows",
                "win32",
                "pe",
                "peexe"
            ],
            "popular_threat_classification": {
                "suggested_threat_label": "trojan.crilock/podjot",
                "popular_threat_category": [
                    {
                        "value": "trojan",
                        "count": 32
                    }
                ],
                "popular_threat_name": [
                    {
                        "value": "crilock",
                        "count": 10
                    },
                    {
                        "value": "podjot",
                        "count": 9
                    },
                    {
                        "value": "generickdv",
                        "count": 6
                    }
                ]
            },
            "sigma_analysis_stats": {
                "high": 0,
                "medium": 1,
                "critical": 0,
                "low": 1
            },
            "md5": "9605ca26b5f27f04c7a91fda86b3c489",
            "reputation": -58,
            "crowdsourced_ids_results": [
                {
                    "rule_category": "A Network Trojan was detected",
                    "alert_severity": "high",
                    "rule_msg": "ET MALWARE Possible Zeus GameOver/FluBot Related DGA NXDOMAIN Responses",
                    "rule_raw": "alert udp any 53 -> $HOME_NET any (msg:\"ET MALWARE Possible Zeus GameOver/FluBot Related DGA NXDOMAIN Responses\"; byte_test:1,&,128,2; byte_test:1,&,1,3; byte_test:1,&,2,3; content:\"|00 01 00 00 00 01|\"; offset:4; depth:6; pcre:\"/^..[\\x0d-\\x20][a-z]{13,32}(?:\\x03(?:biz|com|net|org)|\\x04info|\\x02ru)\\x00\\x00\\x01\\x00\\x01/Rs\"; threshold: type both, track by_dst, count 12, seconds 120; reference:url,vrt-blog.snort.org/2014/03/decoding-domain-generation-algorithms.html; classtype:trojan-activity; sid:2018316; rev:4; metadata:created_at 2014_03_25, former_category MALWARE, updated_at 2014_03_25;)",
                    "rule_url": "https://rules.emergingthreats.net/",
                    "alert_context": [
                        {
                            "src_ip": "8.8.8.8",
                            "src_port": 53
                        }
                    ],
                    "rule_references": [
                        "https://vrt-blog.snort.org/2014/03/decoding-domain-generation-algorithms.html"
                    ],
                    "rule_source": "Proofpoint Emerging Threats Open",
                    "rule_id": "1:2018316"
                },
                {
                    "rule_category": "Potentially Bad Traffic",
                    "alert_severity": "low",
                    "rule_msg": "ET INFO Observed DNS Query to .biz TLD",
                    "rule_raw": "alert dns $HOME_NET any -> any any (msg:\"ET INFO Observed DNS Query to .biz TLD\"; dns.query; content:\".biz\"; nocase; endswith; reference:url,www.spamhaus.org/statistics/tlds/; classtype:bad-unknown; sid:2027863; rev:5; metadata:affected_product Any, attack_target Client_Endpoint, created_at 2019_08_13, deployment Perimeter, former_category INFO, signature_severity Informational, updated_at 2020_09_17;)",
                    "rule_url": "https://rules.emergingthreats.net/",
                    "alert_context": [
                        {
                            "dest_ip": "8.8.8.8",
                            "dest_port": 53
                        }
                    ],
                    "rule_references": [
                        "https://www.spamhaus.org/statistics/tlds/"
                    ],
                    "rule_source": "Proofpoint Emerging Threats Open",
                    "rule_id": "1:2027863"
                }
            ],
            "tlsh": "T103051203F5908FB7C962147214D14E2476B6FF2107B196E33F9C366D5B3A1C299FA28A",
            "authentihash": "1ef8fa1f123cabda55a73f02f4c1888b59e678ed4eced20b78d30178893c4bf0",
            "size": 796672,
            "sandbox_verdicts": {
                "Zenbox": {
                    "category": "malicious",
                    "confidence": 64,
                    "sandbox_name": "Zenbox",
                    "malware_classification": [
                        "MALWARE",
                        "TROJAN"
                    ]
                },
                "DAS-Security Orcas": {
                    "category": "malicious",
                    "sandbox_name": "DAS-Security Orcas",
                    "malware_classification": [
                        "MALWARE"
                    ]
                },
                "Tencent HABO": {
                    "category": "malicious",
                    "sandbox_name": "Tencent HABO",
                    "malware_classification": [
                        "MALWARE"
                    ]
                }
            },
            "sigma_analysis_results": [
                {
                    "match_context": [
                        {
                            "values": {
                                "EventID": "13",
                                "ProcessId": "7964",
                                "EventType": "SetValue",
                                "Image": "C:\\Users\\george\\AppData\\Local\\Yvhspdtminrhb.exe",
                                "ProcessGuid": "{C784477D-9F01-654D-3C06-000000004800}",
                                "UtcTime": "1699585794",
                                "Details": "C:\\Users\\george\\AppData\\Local\\Yvhspdtminrhb.exe",
                                "RuleName": "T1060,RunKey",
                                "TargetObject": "HKU\\S-1-5-21-1015118539-3749460369-599379286-1001\\Software\\Microsoft\\Windows\\CurrentVersion\\Run\\CryptoLocker"
                            }
                        },
                        {
                            "values": {
                                "EventID": "13",
                                "ProcessId": "7964",
                                "EventType": "SetValue",
                                "Image": "C:\\Users\\george\\AppData\\Local\\Yvhspdtminrhb.exe",
                                "RuleName": "T1060,RunKey",
                                "UtcTime": "1699585794",
                                "Details": "C:\\Users\\george\\AppData\\Local\\Yvhspdtminrhb.exe",
                                "ProcessGuid": "{C784477D-9F01-654D-3C06-000000004800}",
                                "TargetObject": "HKU\\S-1-5-21-1015118539-3749460369-599379286-1001\\Software\\Microsoft\\Windows\\CurrentVersion\\RunOnce\\*CryptoLocker"
                            }
                        },
                        {
                            "values": {
                                "EventID": "13",
                                "ProcessId": "2944",
                                "EventType": "SetValue",
                                "Image": "C:\\Users\\azure\\AppData\\Local\\Jeciodaenqhbprb.exe",
                                "ProcessGuid": "{574CBD14-24DB-6548-B600-000000003000}",
                                "UtcTime": "1699226849",
                                "Details": "C:\\Users\\azure\\AppData\\Local\\Jeciodaenqhbprb.exe",
                                "RuleName": "T1060,RunKey",
                                "TargetObject": "HKU\\S-1-5-21-4270068108-2931534202-3907561125-1001\\Software\\Microsoft\\Windows\\CurrentVersion\\Run\\CryptoLocker"
                            }
                        },
                        {
                            "values": {
                                "EventID": "13",
                                "ProcessId": "2944",
                                "EventType": "SetValue",
                                "Image": "C:\\Users\\azure\\AppData\\Local\\Jeciodaenqhbprb.exe",
                                "ProcessGuid": "{574CBD14-24DB-6548-B600-000000003000}",
                                "UtcTime": "1699226850",
                                "Details": "C:\\Users\\azure\\AppData\\Local\\Jeciodaenqhbprb.exe",
                                "RuleName": "T1060,RunKey",
                                "TargetObject": "HKU\\S-1-5-21-4270068108-2931534202-3907561125-1001\\Software\\Microsoft\\Windows\\CurrentVersion\\RunOnce\\*CryptoLocker"
                            }
                        },
                        {
                            "values": {
                                "EventID": "13",
                                "EventType": "SetValue",
                                "Details": "%USERPROFILE%\\AppData\\Local\\Zhogydpgokqhtb.exe",
                                "TargetObject": "HKEY_USERS\\%SID%\\Software\\Microsoft\\Windows\\CurrentVersion\\RunOnce\\*CryptoLocker"
                            }
                        },
                        {
                            "values": {
                                "EventID": "13",
                                "EventType": "SetValue",
                                "Details": "%USERPROFILE%\\AppData\\Local\\Zhogydpgokqhtb.exe",
                                "TargetObject": "HKEY_USERS\\%SID%\\Software\\Microsoft\\Windows\\CurrentVersion\\Run\\CryptoLocker"
                            }
                        },
                        {
                            "values": {
                                "EventID": "13",
                                "EventType": "SetValue",
                                "Details": "C:\\Users\\Louise\\AppData\\Local\\Httyxkxesvczbn.exe",
                                "TargetObject": "HKEY_CURRENT_USER\\Software\\Microsoft\\Windows\\CurrentVersion\\RunOnce\\*CryptoLocker"
                            }
                        },
                        {
                            "values": {
                                "EventID": "13",
                                "EventType": "SetValue",
                                "Details": "C:\\Users\\Louise\\AppData\\Local\\Httyxkxesvczbn.exe",
                                "TargetObject": "HKEY_CURRENT_USER\\Software\\Microsoft\\Windows\\CurrentVersion\\Run\\CryptoLocker"
                            }
                        }
                    ],
                    "rule_level": "medium",
                    "rule_id": "8b5db9da5732dc549b0e8b56fe5933d7c95ed760f3ac20568ab95347ef8c5bcc",
                    "rule_source": "Sigma Integrated Rule Set (GitHub)",
                    "rule_title": "CurrentVersion Autorun Keys Modification",
                    "rule_description": "Detects modification of autostart extensibility point (ASEP) in registry.",
                    "rule_author": "Victor Sergeev, Daniil Yugoslavskiy, Gleb Sukhodolskiy, Timur Zinniatullin, oscd.community, Tim Shelton, frack113 (split)"
                },
                {
                    "match_context": [
                        {
                            "values": {
                                "EventID": "11",
                                "ProcessId": "2944",
                                "Image": "C:\\Users\\azure\\AppData\\Local\\Jeciodaenqhbprb.exe",
                                "ProcessGuid": "{574CBD14-24DB-6548-B600-000000003000}",
                                "CreationUtcTime": "1699226904",
                                "UtcTime": "1699226904",
                                "RuleName": "Downloads",
                                "TargetFilename": "C:\\Users\\azure\\Downloads\\0x10000_dump.dmp"
                            }
                        },
                        {
                            "values": {
                                "EventID": "11",
                                "ProcessId": "2944",
                                "TargetFilename": "C:\\Users\\azure\\Downloads\\0x20000_dump.dmp",
                                "ProcessGuid": "{574CBD14-24DB-6548-B600-000000003000}",
                                "CreationUtcTime": "1699226904",
                                "UtcTime": "1699226904",
                                "RuleName": "Downloads",
                                "Image": "C:\\Users\\azure\\AppData\\Local\\Jeciodaenqhbprb.exe"
                            }
                        },
                        {
                            "values": {
                                "EventID": "11",
                                "ProcessId": "2944",
                                "TargetFilename": "C:\\Users\\azure\\Downloads\\0x30000_dump.dmp",
                                "ProcessGuid": "{574CBD14-24DB-6548-B600-000000003000}",
                                "CreationUtcTime": "1699226904",
                                "UtcTime": "1699226904",
                                "RuleName": "Downloads",
                                "Image": "C:\\Users\\azure\\AppData\\Local\\Jeciodaenqhbprb.exe"
                            }
                        },
                        {
                            "values": {
                                "EventID": "11",
                                "ProcessId": "2944",
                                "TargetFilename": "C:\\Users\\azure\\Downloads\\0x8c000_dump.dmp",
                                "ProcessGuid": "{574CBD14-24DB-6548-B600-000000003000}",
                                "CreationUtcTime": "1699226904",
                                "UtcTime": "1699226904",
                                "RuleName": "Downloads",
                                "Image": "C:\\Users\\azure\\AppData\\Local\\Jeciodaenqhbprb.exe"
                            }
                        },
                        {
                            "values": {
                                "EventID": "11",
                                "ProcessId": "2944",
                                "Image": "C:\\Users\\azure\\AppData\\Local\\Jeciodaenqhbprb.exe",
                                "ProcessGuid": "{574CBD14-24DB-6548-B600-000000003000}",
                                "CreationUtcTime": "1699226904",
                                "UtcTime": "1699226904",
                                "RuleName": "Downloads",
                                "TargetFilename": "C:\\Users\\azure\\Downloads\\0x18b000_dump.dmp"
                            }
                        },
                        {
                            "values": {
                                "EventID": "11",
                                "ProcessId": "2944",
                                "TargetFilename": "C:\\Users\\azure\\Downloads\\0x1a0000_dump.dmp",
                                "ProcessGuid": "{574CBD14-24DB-6548-B600-000000003000}",
                                "CreationUtcTime": "1699226904",
                                "UtcTime": "1699226904",
                                "RuleName": "Downloads",
                                "Image": "C:\\Users\\azure\\AppData\\Local\\Jeciodaenqhbprb.exe"
                            }
                        },
                        {
                            "values": {
                                "EventID": "11",
                                "ProcessId": "2944",
                                "Image": "C:\\Users\\azure\\AppData\\Local\\Jeciodaenqhbprb.exe",
                                "RuleName": "Downloads",
                                "CreationUtcTime": "1699226904",
                                "UtcTime": "1699226904",
                                "ProcessGuid": "{574CBD14-24DB-6548-B600-000000003000}",
                                "TargetFilename": "C:\\Users\\azure\\Downloads\\0x1b0000_dump.dmp"
                            }
                        },
                        {
                            "values": {
                                "EventID": "11",
                                "ProcessId": "2944",
                                "Image": "C:\\Users\\azure\\AppData\\Local\\Jeciodaenqhbprb.exe",
                                "ProcessGuid": "{574CBD14-24DB-6548-B600-000000003000}",
                                "CreationUtcTime": "1699226904",
                                "UtcTime": "1699226904",
                                "RuleName": "Downloads",
                                "TargetFilename": "C:\\Users\\azure\\Downloads\\0x1fc000_dump.dmp"
                            }
                        },
                        {
                            "values": {
                                "EventID": "11",
                                "ProcessId": "2944",
                                "Image": "C:\\Users\\azure\\AppData\\Local\\Jeciodaenqhbprb.exe",
                                "ProcessGuid": "{574CBD14-24DB-6548-B600-000000003000}",
                                "CreationUtcTime": "1699226904",
                                "UtcTime": "1699226904",
                                "RuleName": "Downloads",
                                "TargetFilename": "C:\\Users\\azure\\Downloads\\0x2fb000_dump.dmp"
                            }
                        },
                        {
                            "values": {
                                "EventID": "11",
                                "ProcessId": "2944",
                                "Image": "C:\\Users\\azure\\AppData\\Local\\Jeciodaenqhbprb.exe",
                                "ProcessGuid": "{574CBD14-24DB-6548-B600-000000003000}",
                                "CreationUtcTime": "1699226904",
                                "UtcTime": "1699226904",
                                "RuleName": "Downloads",
                                "TargetFilename": "C:\\Users\\azure\\Downloads\\0x3a0000_dump.dmp"
                            }
                        },
                        {
                            "values": {
                                "EventID": "11",
                                "ProcessId": "2944",
                                "TargetFilename": "C:\\Users\\azure\\Downloads\\0x422000_dump.dmp",
                                "ProcessGuid": "{574CBD14-24DB-6548-B600-000000003000}",
                                "CreationUtcTime": "1699226904",
                                "UtcTime": "1699226904",
                                "RuleName": "Downloads",
                                "Image": "C:\\Users\\azure\\AppData\\Local\\Jeciodaenqhbprb.exe"
                            }
                        },
                        {
                            "values": {
                                "EventID": "11",
                                "ProcessId": "2944",
                                "Image": "C:\\Users\\azure\\AppData\\Local\\Jeciodaenqhbprb.exe",
                                "ProcessGuid": "{574CBD14-24DB-6548-B600-000000003000}",
                                "CreationUtcTime": "1699226904",
                                "UtcTime": "1699226904",
                                "RuleName": "Downloads",
                                "TargetFilename": "C:\\Users\\azure\\Downloads\\0x461000_dump.dmp"
                            }
                        },
                        {
                            "values": {
                                "EventID": "11",
                                "ProcessId": "2944",
                                "Image": "C:\\Users\\azure\\AppData\\Local\\Jeciodaenqhbprb.exe",
                                "ProcessGuid": "{574CBD14-24DB-6548-B600-000000003000}",
                                "CreationUtcTime": "1699226904",
                                "UtcTime": "1699226904",
                                "RuleName": "Downloads",
                                "TargetFilename": "C:\\Users\\azure\\Downloads\\0x480000_dump.dmp"
                            }
                        },
                        {
                            "values": {
                                "EventID": "11",
                                "ProcessId": "2944",
                                "TargetFilename": "C:\\Users\\azure\\Downloads\\0x482000_dump.dmp",
                                "ProcessGuid": "{574CBD14-24DB-6548-B600-000000003000}",
                                "CreationUtcTime": "1699226904",
                                "UtcTime": "1699226904",
                                "RuleName": "Downloads",
                                "Image": "C:\\Users\\azure\\AppData\\Local\\Jeciodaenqhbprb.exe"
                            }
                        },
                        {
                            "values": {
                                "EventID": "11",
                                "ProcessId": "2944",
                                "TargetFilename": "C:\\Users\\azure\\Downloads\\0x485000_dump.dmp",
                                "RuleName": "Downloads",
                                "CreationUtcTime": "1699226904",
                                "UtcTime": "1699226904",
                                "ProcessGuid": "{574CBD14-24DB-6548-B600-000000003000}",
                                "Image": "C:\\Users\\azure\\AppData\\Local\\Jeciodaenqhbprb.exe"
                            }
                        },
                        {
                            "values": {
                                "EventID": "11",
                                "ProcessId": "2944",
                                "Image": "C:\\Users\\azure\\AppData\\Local\\Jeciodaenqhbprb.exe",
                                "RuleName": "Downloads",
                                "CreationUtcTime": "1699226904",
                                "UtcTime": "1699226904",
                                "ProcessGuid": "{574CBD14-24DB-6548-B600-000000003000}",
                                "TargetFilename": "C:\\Users\\azure\\Downloads\\0x487000_dump.dmp"
                            }
                        },
                        {
                            "values": {
                                "EventID": "11",
                                "ProcessId": "2944",
                                "TargetFilename": "C:\\Users\\azure\\Downloads\\0x50c000_dump.dmp",
                                "ProcessGuid": "{574CBD14-24DB-6548-B600-000000003000}",
                                "CreationUtcTime": "1699226904",
                                "UtcTime": "1699226904",
                                "RuleName": "Downloads",
                                "Image": "C:\\Users\\azure\\AppData\\Local\\Jeciodaenqhbprb.exe"
                            }
                        },
                        {
                            "values": {
                                "EventID": "11",
                                "ProcessId": "2944",
                                "TargetFilename": "C:\\Users\\azure\\Downloads\\0x550000_dump.dmp",
                                "ProcessGuid": "{574CBD14-24DB-6548-B600-000000003000}",
                                "CreationUtcTime": "1699226904",
                                "UtcTime": "1699226904",
                                "RuleName": "Downloads",
                                "Image": "C:\\Users\\azure\\AppData\\Local\\Jeciodaenqhbprb.exe"
                            }
                        },
                        {
                            "values": {
                                "EventID": "11",
                                "ProcessId": "2944",
                                "TargetFilename": "C:\\Users\\azure\\Downloads\\0x560000_dump.dmp",
                                "ProcessGuid": "{574CBD14-24DB-6548-B600-000000003000}",
                                "CreationUtcTime": "1699226904",
                                "UtcTime": "1699226904",
                                "RuleName": "Downloads",
                                "Image": "C:\\Users\\azure\\AppData\\Local\\Jeciodaenqhbprb.exe"
                            }
                        },
                        {
                            "values": {
                                "EventID": "11",
                                "ProcessId": "2944",
                                "TargetFilename": "C:\\Users\\azure\\Downloads\\0x66f000_dump.dmp",
                                "ProcessGuid": "{574CBD14-24DB-6548-B600-000000003000}",
                                "CreationUtcTime": "1699226904",
                                "UtcTime": "1699226904",
                                "RuleName": "Downloads",
                                "Image": "C:\\Users\\azure\\AppData\\Local\\Jeciodaenqhbprb.exe"
                            }
                        },
                        {
                            "values": {
                                "EventID": "11",
                                "ProcessId": "2944",
                                "Image": "C:\\Users\\azure\\AppData\\Local\\Jeciodaenqhbprb.exe",
                                "ProcessGuid": "{574CBD14-24DB-6548-B600-000000003000}",
                                "CreationUtcTime": "1699226904",
                                "UtcTime": "1699226904",
                                "RuleName": "Downloads",
                                "TargetFilename": "C:\\Users\\azure\\Downloads\\0x6a0000_dump.dmp"
                            }
                        },
                        {
                            "values": {
                                "EventID": "11",
                                "ProcessId": "2944",
                                "TargetFilename": "C:\\Users\\azure\\Downloads\\0x8ec000_dump.dmp",
                                "ProcessGuid": "{574CBD14-24DB-6548-B600-000000003000}",
                                "CreationUtcTime": "1699226904",
                                "UtcTime": "1699226904",
                                "RuleName": "Downloads",
                                "Image": "C:\\Users\\azure\\AppData\\Local\\Jeciodaenqhbprb.exe"
                            }
                        },
                        {
                            "values": {
                                "EventID": "11",
                                "ProcessId": "2944",
                                "Image": "C:\\Users\\azure\\AppData\\Local\\Jeciodaenqhbprb.exe",
                                "ProcessGuid": "{574CBD14-24DB-6548-B600-000000003000}",
                                "CreationUtcTime": "1699226904",
                                "UtcTime": "1699226904",
                                "RuleName": "Downloads",
                                "TargetFilename": "C:\\Users\\azure\\Downloads\\0x8f0000_dump.dmp"
                            }
                        },
                        {
                            "values": {
                                "EventID": "11",
                                "ProcessId": "2944",
                                "Image": "C:\\Users\\azure\\AppData\\Local\\Jeciodaenqhbprb.exe",
                                "RuleName": "Downloads",
                                "CreationUtcTime": "1699226904",
                                "UtcTime": "1699226904",
                                "ProcessGuid": "{574CBD14-24DB-6548-B600-000000003000}",
                                "TargetFilename": "C:\\Users\\azure\\Downloads\\0x9ea000_dump.dmp"
                            }
                        },
                        {
                            "values": {
                                "EventID": "11",
                                "ProcessId": "2944",
                                "TargetFilename": "C:\\Users\\azure\\Downloads\\0x207f000_dump.dmp",
                                "RuleName": "Downloads",
                                "CreationUtcTime": "1699226904",
                                "UtcTime": "1699226904",
                                "ProcessGuid": "{574CBD14-24DB-6548-B600-000000003000}",
                                "Image": "C:\\Users\\azure\\AppData\\Local\\Jeciodaenqhbprb.exe"
                            }
                        },
                        {
                            "values": {
                                "EventID": "11",
                                "ProcessId": "2944",
                                "Image": "C:\\Users\\azure\\AppData\\Local\\Jeciodaenqhbprb.exe",
                                "ProcessGuid": "{574CBD14-24DB-6548-B600-000000003000}",
                                "CreationUtcTime": "1699226904",
                                "UtcTime": "1699226904",
                                "RuleName": "Downloads",
                                "TargetFilename": "C:\\Users\\azure\\Downloads\\0x2080000_dump.dmp"
                            }
                        },
                        {
                            "values": {
                                "EventID": "11",
                                "ProcessId": "2944",
                                "Image": "C:\\Users\\azure\\AppData\\Local\\Jeciodaenqhbprb.exe",
                                "ProcessGuid": "{574CBD14-24DB-6548-B600-000000003000}",
                                "CreationUtcTime": "1699226904",
                                "UtcTime": "1699226904",
                                "RuleName": "Downloads",
                                "TargetFilename": "C:\\Users\\azure\\Downloads\\0x2090000_dump.dmp"
                            }
                        },
                        {
                            "values": {
                                "EventID": "11",
                                "ProcessId": "2944",
                                "TargetFilename": "C:\\Users\\azure\\Downloads\\0x20fc000_dump.dmp",
                                "RuleName": "Downloads",
                                "CreationUtcTime": "1699226904",
                                "UtcTime": "1699226904",
                                "ProcessGuid": "{574CBD14-24DB-6548-B600-000000003000}",
                                "Image": "C:\\Users\\azure\\AppData\\Local\\Jeciodaenqhbprb.exe"
                            }
                        },
                        {
                            "values": {
                                "EventID": "11",
                                "ProcessId": "2944",
                                "TargetFilename": "C:\\Users\\azure\\Downloads\\0x213c000_dump.dmp",
                                "ProcessGuid": "{574CBD14-24DB-6548-B600-000000003000}",
                                "CreationUtcTime": "1699226904",
                                "UtcTime": "1699226904",
                                "RuleName": "Downloads",
                                "Image": "C:\\Users\\azure\\AppData\\Local\\Jeciodaenqhbprb.exe"
                            }
                        },
                        {
                            "values": {
                                "EventID": "11",
                                "ProcessId": "2944",
                                "Image": "C:\\Users\\azure\\AppData\\Local\\Jeciodaenqhbprb.exe",
                                "ProcessGuid": "{574CBD14-24DB-6548-B600-000000003000}",
                                "CreationUtcTime": "1699226904",
                                "UtcTime": "1699226904",
                                "RuleName": "Downloads",
                                "TargetFilename": "C:\\Users\\azure\\Downloads\\0x2140000_dump.dmp"
                            }
                        },
                        {
                            "values": {
                                "EventID": "11",
                                "ProcessId": "2944",
                                "TargetFilename": "C:\\Users\\azure\\Downloads\\0x2150000_dump.dmp",
                                "ProcessGuid": "{574CBD14-24DB-6548-B600-000000003000}",
                                "CreationUtcTime": "1699226904",
                                "UtcTime": "1699226904",
                                "RuleName": "Downloads",
                                "Image": "C:\\Users\\azure\\AppData\\Local\\Jeciodaenqhbprb.exe"
                            }
                        },
                        {
                            "values": {
                                "EventID": "11",
                                "ProcessId": "2944",
                                "TargetFilename": "C:\\Users\\azure\\Downloads\\0x2160000_dump.dmp",
                                "ProcessGuid": "{574CBD14-24DB-6548-B600-000000003000}",
                                "CreationUtcTime": "1699226904",
                                "UtcTime": "1699226904",
                                "RuleName": "Downloads",
                                "Image": "C:\\Users\\azure\\AppData\\Local\\Jeciodaenqhbprb.exe"
                            }
                        },
                        {
                            "values": {
                                "EventID": "11",
                                "ProcessId": "2944",
                                "TargetFilename": "C:\\Users\\azure\\Downloads\\0x21a0000_dump.dmp",
                                "ProcessGuid": "{574CBD14-24DB-6548-B600-000000003000}",
                                "CreationUtcTime": "1699226904",
                                "UtcTime": "1699226904",
                                "RuleName": "Downloads",
                                "Image": "C:\\Users\\azure\\AppData\\Local\\Jeciodaenqhbprb.exe"
                            }
                        },
                        {
                            "values": {
                                "EventID": "11",
                                "ProcessId": "2944",
                                "TargetFilename": "C:\\Users\\azure\\Downloads\\0x2230000_dump.dmp",
                                "RuleName": "Downloads",
                                "CreationUtcTime": "1699226904",
                                "UtcTime": "1699226904",
                                "ProcessGuid": "{574CBD14-24DB-6548-B600-000000003000}",
                                "Image": "C:\\Users\\azure\\AppData\\Local\\Jeciodaenqhbprb.exe"
                            }
                        },
                        {
                            "values": {
                                "EventID": "11",
                                "ProcessId": "2944",
                                "TargetFilename": "C:\\Users\\azure\\Downloads\\0x233c000_dump.dmp",
                                "ProcessGuid": "{574CBD14-24DB-6548-B600-000000003000}",
                                "CreationUtcTime": "1699226904",
                                "UtcTime": "1699226904",
                                "RuleName": "Downloads",
                                "Image": "C:\\Users\\azure\\AppData\\Local\\Jeciodaenqhbprb.exe"
                            }
                        },
                        {
                            "values": {
                                "EventID": "11",
                                "ProcessId": "2944",
                                "TargetFilename": "C:\\Users\\azure\\Downloads\\0x2370000_dump.dmp",
                                "RuleName": "Downloads",
                                "CreationUtcTime": "1699226904",
                                "UtcTime": "1699226904",
                                "ProcessGuid": "{574CBD14-24DB-6548-B600-000000003000}",
                                "Image": "C:\\Users\\azure\\AppData\\Local\\Jeciodaenqhbprb.exe"
                            }
                        },
                        {
                            "values": {
                                "EventID": "11",
                                "ProcessId": "2944",
                                "TargetFilename": "C:\\Users\\azure\\Downloads\\0x277e000_dump.dmp",
                                "ProcessGuid": "{574CBD14-24DB-6548-B600-000000003000}",
                                "CreationUtcTime": "1699226904",
                                "UtcTime": "1699226904",
                                "RuleName": "Downloads",
                                "Image": "C:\\Users\\azure\\AppData\\Local\\Jeciodaenqhbprb.exe"
                            }
                        },
                        {
                            "values": {
                                "EventID": "11",
                                "ProcessId": "2944",
                                "Image": "C:\\Users\\azure\\AppData\\Local\\Jeciodaenqhbprb.exe",
                                "ProcessGuid": "{574CBD14-24DB-6548-B600-000000003000}",
                                "CreationUtcTime": "1699226904",
                                "UtcTime": "1699226904",
                                "RuleName": "Downloads",
                                "TargetFilename": "C:\\Users\\azure\\Downloads\\0x287c000_dump.dmp"
                            }
                        },
                        {
                            "values": {
                                "EventID": "11",
                                "ProcessId": "2944",
                                "Image": "C:\\Users\\azure\\AppData\\Local\\Jeciodaenqhbprb.exe",
                                "ProcessGuid": "{574CBD14-24DB-6548-B600-000000003000}",
                                "CreationUtcTime": "1699226904",
                                "UtcTime": "1699226904",
                                "RuleName": "Downloads",
                                "TargetFilename": "C:\\Users\\azure\\Downloads\\0x297f000_dump.dmp"
                            }
                        },
                        {
                            "values": {
                                "EventID": "11",
                                "ProcessId": "2944",
                                "TargetFilename": "C:\\Users\\azure\\Downloads\\0x2a3c000_dump.dmp",
                                "RuleName": "Downloads",
                                "CreationUtcTime": "1699226904",
                                "UtcTime": "1699226904",
                                "ProcessGuid": "{574CBD14-24DB-6548-B600-000000003000}",
                                "Image": "C:\\Users\\azure\\AppData\\Local\\Jeciodaenqhbprb.exe"
                            }
                        },
                        {
                            "values": {
                                "EventID": "11",
                                "ProcessId": "2944",
                                "TargetFilename": "C:\\Users\\azure\\Downloads\\0x2aac000_dump.dmp",
                                "RuleName": "Downloads",
                                "CreationUtcTime": "1699226904",
                                "UtcTime": "1699226904",
                                "ProcessGuid": "{574CBD14-24DB-6548-B600-000000003000}",
                                "Image": "C:\\Users\\azure\\AppData\\Local\\Jeciodaenqhbprb.exe"
                            }
                        },
