                        {
                            "values": {
                                "EventID": "13",
                                "ProcessId": "3396",
                                "EventType": "SetValue",
                                "Image": "C:\\Users\\george\\AppData\\Roaming\\{84444540-4BFE-6A5B-13A2-FE5802023559}\\WerFault.exe",
                                "ProcessGuid": "{C784477D-3A41-6390-850A-000000004700}",
                                "UtcTime": "1670396485",
                                "Details": "\"C:\\Users\\george\\AppData\\Roaming\\{84444540-4BFE-6A5B-13A2-FE5802023559}\\WerFault.exe\"",
                                "RuleName": "T1060,RunPolicy",
                                "TargetObject": "HKU\\S-1-5-21-1015118539-3749460369-599379286-1001\\Software\\Microsoft\\Windows\\CurrentVersion\\Policies\\Explorer\\Run"
                            }
                        }
                    ],
                    "rule_level": "medium",
                    "rule_id": "8b5db9da5732dc549b0e8b56fe5933d7c95ed760f3ac20568ab95347ef8c5bcc",
                    "rule_source": "Sigma Integrated Rule Set (GitHub)",
                    "rule_title": "CurrentVersion Autorun Keys Modification",
                    "rule_description": "Detects modification of autostart extensibility point (ASEP) in registry.",
                    "rule_author": "Victor Sergeev, Daniil Yugoslavskiy, Gleb Sukhodolskiy, Timur Zinniatullin, oscd.community, Tim Shelton, frack113 (split)"
                },
                {
                    "match_context": [
                        {
                            "values": {
                                "TerminalSessionId": "1",
                                "ProcessGuid": "{C784477D-3A3F-6390-810A-000000004700}",
                                "ProcessId": "6948",
                                "Product": "Microsoft\\xae Windows\\xae Operating System",
                                "Description": "Windows Command Processor",
                                "Company": "Microsoft Corporation",
                                "ParentProcessGuid": "{C784477D-3A3B-6390-7F0A-000000004700}",
                                "User": "DESKTOP-B0T93D6\\george",
                                "Hashes": "MD5=F3BDBE3BB6F734E357235F4D5898582D,SHA256=3685495D051137B1C4EFDE22C26DF0883614B6453B762FA84588DA55ED2E7744,IMPHASH=0AF8419BE362159398343D7B31721726",
                                "OriginalFileName": "Cmd.Exe",
                                "ParentImage": "C:\\Users\\george\\Desktop\\file.exe",
                                "FileVersion": "10.0.17134.1 (WinBuild.160101.0800)",
                                "ParentProcessId": "6356",
                                "CurrentDirectory": "C:\\Users\\george\\Desktop\\",
                                "CommandLine": "/d /c taskkill /t /f /im \"file.exe\" > NUL & ping -n 1 127.0.0.1 > NUL & del \"C:\\Users\\george\\Desktop\\file.exe\" > NUL",
                                "EventID": "1",
                                "LogonGuid": "C784477D-FBAC-6385-0D48-040000000000",
                                "LogonId": "280589",
                                "Image": "C:\\Windows\\SysWOW64\\cmd.exe",
                                "IntegrityLevel": "High",
                                "ParentCommandLine": "\"C:\\Users\\george\\Desktop\\file.exe\"",
                                "UtcTime": "1670396479",
                                "RuleName": "-"
                            }
                        }
                    ],
                    "rule_level": "low",
                    "rule_id": "77ed185ff979a8d9206b5eed07bf6d5823529f713ed0ea19f2ef7a4a355568bc",
                    "rule_source": "Sigma Integrated Rule Set (GitHub)",
                    "rule_title": "Windows Cmd Delete File",
                    "rule_description": "Adversaries may delete files left behind by the actions of their intrusion activity.\nMalware, tools, or other non-native files dropped or created on a system by an adversary may leave traces to indicate to what was done within a network and how.\nRemoval of these files can occur during an intrusion, or as part of a post-intrusion process to minimize the adversary's footprint.\n",
                    "rule_author": "frack113"
                },
                {
                    "match_context": [
                        {
                            "values": {
                                "EventID": "11",
                                "ProcessId": "6356",
                                "TargetFilename": "C:\\Users\\george\\AppData\\Roaming\\{84444540-4BFE-6A5B-13A2-FE5802023559}\\WerFault.exe",
                                "RuleName": "EXE",
                                "CreationUtcTime": "1670396478",
                                "UtcTime": "1670396478",
                                "ProcessGuid": "{C784477D-3A3B-6390-7F0A-000000004700}",
                                "Image": "C:\\Users\\george\\Desktop\\file.exe"
                            }
                        }
                    ],
                    "rule_level": "low",
                    "rule_id": "b5386a23355681c43cfbd2f2ccfe4b16ed45324d0d7b5583487a9f302ee1e427",
                    "rule_source": "Sigma Integrated Rule Set (GitHub)",
                    "rule_title": "Creation of an Executable by an Executable",
                    "rule_description": "Detects the creation of an executable by another executable",
                    "rule_author": "frack113"
                },
                {
                    "match_context": [
                        {
                            "values": {
                                "TerminalSessionId": "1",
                                "ProcessGuid": "{C784477D-3A3F-6390-830A-000000004700}",
                                "ProcessId": "1340",
                                "Product": "Microsoft\\xae Windows\\xae Operating System",
                                "Description": "Terminates Processes",
                                "Company": "Microsoft Corporation",
                                "ParentProcessGuid": "{C784477D-3A3F-6390-810A-000000004700}",
                                "User": "DESKTOP-B0T93D6\\george",
                                "Hashes": "MD5=15E2E0ACD891510C6268CB8899F2A1A1,SHA256=F328D587561BEED3C19289FBA43E284FB57BCE1A4C202C7379673964F9B8610D,IMPHASH=0D3E23DCB6BF63A9EB90D5BED57B4F89",
                                "OriginalFileName": "taskkill.exe",
                                "ParentImage": "C:\\Windows\\SysWOW64\\cmd.exe",
                                "FileVersion": "10.0.17134.1 (WinBuild.160101.0800)",
                                "ParentProcessId": "6948",
                                "CurrentDirectory": "C:\\Users\\george\\Desktop\\",
                                "CommandLine": "taskkill  /t /f /im \"file.exe\"  ",
                                "EventID": "1",
                                "LogonGuid": "C784477D-FBAC-6385-0D48-040000000000",
                                "LogonId": "280589",
                                "Image": "C:\\Windows\\SysWOW64\\taskkill.exe",
                                "IntegrityLevel": "High",
                                "ParentCommandLine": "/d /c taskkill /t /f /im \"file.exe\" > NUL & ping -n 1 127.0.0.1 > NUL & del \"C:\\Users\\george\\Desktop\\file.exe\" > NUL",
                                "UtcTime": "1670396479",
                                "RuleName": "-"
                            }
                        }
                    ],
                    "rule_level": "low",
                    "rule_id": "cd06da2f3978bdb24b3f3c8f83c7df917a910c6b29921d0e375e418f340d8f3d",
                    "rule_source": "Sigma Integrated Rule Set (GitHub)",
                    "rule_title": "Suspicious Execution of Taskkill",
                    "rule_description": "Adversaries may stop services or processes in order to conduct Data Destruction or Data Encrypted for Impact on the data stores of services like Exchange and SQL Server.",
                    "rule_author": "frack113"
                },
                {
                    "match_context": [
                        {
                            "values": {
                                "TerminalSessionId": "1",
                                "ProcessGuid": "{C784477D-3A3F-6390-810A-000000004700}",
                                "ProcessId": "6948",
                                "Product": "Microsoft\\xae Windows\\xae Operating System",
                                "Description": "Windows Command Processor",
                                "Company": "Microsoft Corporation",
                                "ParentProcessGuid": "{C784477D-3A3B-6390-7F0A-000000004700}",
                                "User": "DESKTOP-B0T93D6\\george",
                                "Hashes": "MD5=F3BDBE3BB6F734E357235F4D5898582D,SHA256=3685495D051137B1C4EFDE22C26DF0883614B6453B762FA84588DA55ED2E7744,IMPHASH=0AF8419BE362159398343D7B31721726",
                                "OriginalFileName": "Cmd.Exe",
                                "ParentImage": "C:\\Users\\george\\Desktop\\file.exe",
                                "FileVersion": "10.0.17134.1 (WinBuild.160101.0800)",
                                "ParentProcessId": "6356",
                                "CurrentDirectory": "C:\\Users\\george\\Desktop\\",
                                "CommandLine": "/d /c taskkill /t /f /im \"file.exe\" > NUL & ping -n 1 127.0.0.1 > NUL & del \"C:\\Users\\george\\Desktop\\file.exe\" > NUL",
                                "EventID": "1",
                                "LogonGuid": "C784477D-FBAC-6385-0D48-040000000000",
                                "LogonId": "280589",
                                "Image": "C:\\Windows\\SysWOW64\\cmd.exe",
                                "IntegrityLevel": "High",
                                "ParentCommandLine": "\"C:\\Users\\george\\Desktop\\file.exe\"",
                                "UtcTime": "1670396479",
                                "RuleName": "-"
                            }
                        }
                    ],
                    "rule_level": "low",
                    "rule_id": "e77646c39db7fa011a5223aeb73c738046787fc7f62a99394e883d76a54341f7",
                    "rule_source": "Sigma Integrated Rule Set (GitHub)",
                    "rule_title": "Redirect Output in CommandLine",
                    "rule_description": "Use \">\" to redicrect information in commandline",
                    "rule_author": "frack113"
                }
            ],
            "type_extension": "exe",
            "times_submitted": 4,
            "vhash": "0150367d051)z2a3z",
            "unique_sources": 4,
            "sigma_analysis_stats": {
                "high": 4,
                "medium": 1,
                "critical": 1,
                "low": 4
            },
            "sha1": "a0a42addb66f6fc8b329d7644df067565a6cf207",
            "last_modification_date": 1746334709,
            "type_tags": [
                "executable",
                "windows",
                "win32",
                "pe",
                "peexe"
            ],
            "first_submission_date": 1464946885,
            "authentihash": "f213dac2b8b2b4fcd3015144adc3ad2d635161d22b9e84689ab55a5fcd213aaa",
            "creation_date": 1464612745,
            "tlsh": "T1A004E0E44D9D42D3F017847DE79491F8DCB575098BA0BF2B3ACB19DA381DE803AC0A1A",
            "filecondis": {
                "raw_md5": "8b1caf68f259970160db9a5bd511ecf4",
                "dhash": "00103c3930102010"
            },
            "sha256": "07da34d4b85beffa8f28af3116ee5dd7c9fe430c0792b1f5d3ef146a855eb2c5",
            "reputation": -47,
            "packers": {
                "PEiD": "Microsoft Visual Basic v5.0/v6.0"
            },
            "magic": "PE32 executable (GUI) Intel 80386, for MS Windows",
            "popular_threat_classification": {
                "suggested_threat_label": "trojan.zerber/btpu",
                "popular_threat_category": [
                    {
                        "value": "trojan",
                        "count": 27
                    },
                    {
                        "value": "ransomware",
                        "count": 8
                    },
                    {
                        "value": "pua",
                        "count": 2
                    }
                ],
                "popular_threat_name": [
                    {
                        "value": "zerber",
                        "count": 12
                    },
                    {
                        "value": "btpu",
                        "count": 7
                    },
                    {
                        "value": "cerber",
                        "count": 4
                    }
                ]
            },
            "total_votes": {
                "harmless": 0,
                "malicious": 1
            },
            "ssdeep": "3072:0MrTDLXchQ9Gkwgne8+iKLpF0DQubDeNVOQEe7XqOF95DPV:jPPXchQ9GkX2TLwbDe/OQOOH7",
            "last_analysis_date": 1741166789,
            "last_analysis_stats": {
                "malicious": 62,
                "suspicious": 0,
                "undetected": 9,
                "harmless": 0,
                "timeout": 1,
                "confirmed-timeout": 0,
                "failure": 0,
                "type-unsupported": 4
            },
            "last_submission_date": 1670396414,
            "trid": [
                {
                    "file_type": "Win32 Executable Microsoft Visual Basic 6",
                    "probability": 82.3
                },
                {
                    "file_type": "Win16 NE executable (generic)",
                    "probability": 5.0
                },
                {
                    "file_type": "Win32 Executable (generic)",
                    "probability": 4.5
                },
                {
                    "file_type": "Windows Icons Library (generic)",
                    "probability": 2.0
                },
                {
                    "file_type": "OS/2 Executable (generic)",
                    "probability": 2.0
                }
            ],
            "pe_info": {
                "timestamp": 1464612745,
                "imphash": "cc0eef2247cb49fe2df54fb3eb69a228",
                "machine_type": 332,
                "entry_point": 4556,
                "resource_details": [
                    {
                        "lang": "NEUTRAL",
                        "chi2": 150490.58,
                        "filetype": "unknown",
                        "entropy": 2.9607396125793457,
                        "sha256": "8b408119f0aa3410d359482f91af3e5364381f58b519c8900e6e5eaef96cc8c9",
                        "type": "RT_ICON"
                    },
                    {
                        "lang": "NEUTRAL",
                        "chi2": 1490.4,
                        "filetype": "ICO",
                        "entropy": 2.3232197761535645,
                        "sha256": "04b3b7bd15828b7304f4182661ccfa95a72be465392d0a0a6a1b0cbfc9edee72",
                        "type": "RT_GROUP_ICON"
                    },
                    {
                        "lang": "ENGLISH US",
                        "chi2": 47827.4,
                        "filetype": "unknown",
                        "entropy": 3.195070743560791,
                        "sha256": "3da03597a8d506c66aa13415d0d6184656731c456de712a5c82aeae3abfadc42",
                        "type": "RT_VERSION"
                    }
                ],
                "resource_langs": {
                    "NEUTRAL": 2,
                    "ENGLISH US": 1
                },
                "resource_types": {
                    "RT_ICON": 1,
                    "RT_VERSION": 1,
                    "RT_GROUP_ICON": 1
                },
                "overlay": {
                    "chi2": 940.0,
                    "filetype": "unknown",
                    "entropy": 5.8923258781433105,
                    "offset": 184320,
                    "md5": "eff5a3d17e50faa2f5248bbbcf185f5d",
                    "size": 256
                },
                "sections": [
                    {
                        "name": ".text",
                        "chi2": 546761.12,
                        "virtual_address": 4096,
                        "entropy": 7.51,
                        "raw_size": 172032,
                        "flags": "rx",
                        "virtual_size": 172024,
                        "md5": "a2fbbf68f660f57267373c3f8d6c8199"
                    },
                    {
                        "name": ".data",
                        "chi2": 1044480.0,
                        "virtual_address": 176128,
                        "entropy": 0.0,
                        "raw_size": 4096,
                        "flags": "rw",
                        "virtual_size": 4664,
                        "md5": "620f0b67a91f7f74151bc5be745b7110"
                    },
                    {
                        "name": ".rsrc",
                        "chi2": 412542.62,
                        "virtual_address": 184320,
                        "entropy": 2.62,
                        "raw_size": 4096,
                        "flags": "r",
                        "virtual_size": 2196,
                        "md5": "2e9c84f9af14659652a5d030a063c948"
                    }
                ],
                "compiler_product_versions": [
                    "id: 0xe, version: 7299 count=1",
                    "id: 0x9, version: 8041 count=3",
                    "id: 0xd, version: 9782 count=1"
                ],
                "rich_pe_header_hash": "e15c7c03c9b57564562461d1d908acfd",
                "import_list": [
                    {
                        "library_name": "MSVBVM60.DLL",
                        "imported_functions": [
                            "__vbaChkstk",
                            "__vbaEnd",
                            "__vbaExceptHandler",
                            "__vbaFPException",
                            "__vbaFreeStr",
                            "__vbaFreeStrList",
                            "__vbaFreeVarList",
                            "__vbaHresultCheckObj",
                            "__vbaSetSystemError",
                            "__vbaStrCmp",
                            "__vbaStrMove",
                            "__vbaVarDup",
                            "_adj_fdiv_m16i",
                            "_adj_fdiv_m32",
                            "_adj_fdiv_m32i",
                            "_adj_fdiv_m64",
                            "_adj_fdiv_r",
                            "_adj_fdivr_m16i",
                            "_adj_fdivr_m32",
                            "_adj_fdivr_m32i",
                            "_adj_fdivr_m64",
                            "_adj_fpatan",
                            "_adj_fprem",
                            "_adj_fprem1",
                            "_adj_fptan",
                            "_allmul",
                            "_CIatan",
                            "_CIcos",
                            "_CIexp",
                            "_CIlog",
                            "_CIsin",
                            "_CIsqrt",
                            "_CItan",
                            "DllFunctionCall",
                            "EVENT_SINK_AddRef",
                            "EVENT_SINK_QueryInterface",
                            "EVENT_SINK_Release",
                            "Ord(100)",
                            "Ord(525)",
                            "Ord(571)",
                            "Ord(595)",
                            "Ord(693)"
                        ]
                    }
                ]
            },
            "crowdsourced_ids_stats": {
                "high": 2,
                "info": 0,
                "medium": 0,
                "low": 0
            },
            "magika": "PEBIN",
            "names": [
                "Winebibber8",
                "Winebibber8.exe",
                "WerFault.exe",
                "unknown",
                "log.php",
                "output.109970436.txt",
                "d6ccad707bcdc93f762f650495baf984.virus",
                "aa",
                "YdUBi.drv",
                "VirusShare_d6ccad707bcdc93f762f650495baf984"
            ]
        }
    }
}