{
    "data": {
        "id": "0df4cfb1e651c37d43d7f5215c3cab2024aa7c481d4e0bb4213b52c0306c3ee2",
        "type": "file",
        "links": {
            "self": "https://www.virustotal.com/api/v3/files/0df4cfb1e651c37d43d7f5215c3cab2024aa7c481d4e0bb4213b52c0306c3ee2"
        },
        "attributes": {
            "size": 351118,
            "last_submission_date": 1744548027,
            "type_description": "Win32 EXE",
            "reputation": -59,
            "sha1": "d235ad4d335576765f876c60a25c36a7d5f4d800",
            "sigma_analysis_stats": {
                "high": 4,
                "medium": 2,
                "critical": 0,
                "low": 2
            },
            "first_submission_date": 1489751792,
            "trid": [
                {
                    "file_type": "Win32 Executable MS Visual C++ (generic)",
                    "probability": 47.3
                },
                {
                    "file_type": "Win64 Executable (generic)",
                    "probability": 15.9
                },
                {
                    "file_type": "Win32 Dynamic Link Library (generic)",
                    "probability": 9.9
                },
                {
                    "file_type": "Win16 NE executable (generic)",
                    "probability": 7.6
                },
                {
                    "file_type": "Win32 Executable (generic)",
                    "probability": 6.8
                }
            ],
            "sha256": "0df4cfb1e651c37d43d7f5215c3cab2024aa7c481d4e0bb4213b52c0306c3ee2",
            "pe_info": {
                "timestamp": 1399838619,
                "imphash": "e221f4f7d36469d53810a4b5f9fc8966",
                "machine_type": 332,
                "entry_point": 13146,
                "resource_details": [
                    {
                        "lang": "ENGLISH US",
                        "chi2": 34415.48,
                        "filetype": "unknown",
                        "entropy": 3.223363161087036,
                        "sha256": "a875f9b3c1f31835b3f70c23a8a1daa06404b82d61887d035731eb13f649c0db",
                        "type": "RT_BITMAP"
                    },
                    {
                        "lang": "ENGLISH US",
                        "chi2": 39937.28,
                        "filetype": "unknown",
                        "entropy": 3.506646156311035,
                        "sha256": "7b99f0e5e7a3db2de9f02622f1ac8a0c9599492dd00196b3cb3c2ed15bbde57d",
                        "type": "RT_ICON"
                    },
                    {
                        "lang": "ENGLISH US",
                        "chi2": 19124.5,
                        "filetype": "unknown",
                        "entropy": 2.743088483810425,
                        "sha256": "db41c212d384000c765f41a47799085a8b522621720385307479deb25c30bb5b",
                        "type": "RT_DIALOG"
                    },
                    {
                        "lang": "ENGLISH US",
                        "chi2": 34853.18,
                        "filetype": "unknown",
                        "entropy": 2.693499803543091,
                        "sha256": "0a8e57a753806a4051f65d26f2da369cc30a0820b2d275bb3ad4ec43127afc25",
                        "type": "RT_DIALOG"
                    },
                    {
                        "lang": "ENGLISH US",
                        "chi2": 26260.0,
                        "filetype": "unknown",
                        "entropy": 2.6617395877838135,
                        "sha256": "fecdb955f8d7f1c219ff8167f90b64f3cb52e53337494577ff73c0ac1dafcd96",
                        "type": "RT_DIALOG"
                    },
                    {
                        "lang": "ENGLISH US",
                        "chi2": 29554.45,
                        "filetype": "unknown",
                        "entropy": 2.88094425201416,
                        "sha256": "69897c784f1491eb3024b0d52c2897196a2e245974497fda1915db5fefcf8729",
                        "type": "RT_DIALOG"
                    },
                    {
                        "lang": "ENGLISH US",
                        "chi2": 10032.01,
                        "filetype": "unknown",
                        "entropy": 2.488246202468872,
                        "sha256": "85025c8556952f6a651c2468c8a0d58853b0ba482be9ad5cd3060f216540dfc0",
                        "type": "RT_DIALOG"
                    },
                    {
                        "lang": "ENGLISH US",
                        "chi2": 1567.2,
                        "filetype": "ICO",
                        "entropy": 2.160964012145996,
                        "sha256": "a0c9d012e2bf6b2fe05c2d97cb5594d97cf2f539e97935c12abd7a3562f4d9bf",
                        "type": "RT_GROUP_ICON"
                    },
                    {
                        "lang": "ENGLISH US",
                        "chi2": 7549.22,
                        "filetype": "XML",
                        "entropy": 5.269172668457031,
                        "sha256": "b12a398ab9849e00c580b9693e2a7fa50c9d3147ad0cb24ae1dc98ba5675e5f8",
                        "type": "RT_MANIFEST"
                    }
                ],
                "resource_langs": {
                    "ENGLISH US": 9
                },
                "resource_types": {
                    "RT_BITMAP": 1,
                    "RT_ICON": 1,
                    "RT_DIALOG": 5,
                    "RT_MANIFEST": 1,
                    "RT_GROUP_ICON": 1
                },
                "overlay": {
                    "chi2": 233.31,
                    "filetype": "unknown",
                    "entropy": 7.999462127685547,
                    "offset": 36864,
                    "size": 314254,
                    "md5": "bd0625bfb18ceca2ba626761febcf2c6"
                },
                "sections": [
                    {
                        "name": ".text",
                        "chi2": 198001.08,
                        "virtual_address": 4096,
                        "flags": "rx",
                        "raw_size": 24576,
                        "entropy": 6.42,
                        "virtual_size": 24168,
                        "md5": "2f6554958e1a5093777de617d6e0bffc"
                    },
                    {
                        "name": ".rdata",
                        "chi2": 143249.33,
                        "virtual_address": 28672,
                        "flags": "r",
                        "raw_size": 5120,
                        "entropy": 5.04,
                        "virtual_size": 4948,
                        "md5": "2222fe44ebbadbc32af32dfc9c88e48e"
                    },
                    {
                        "name": ".data",
                        "chi2": 102726.49,
                        "virtual_address": 36864,
                        "flags": "rw",
                        "raw_size": 1536,
                        "entropy": 3.76,
                        "virtual_size": 131800,
                        "md5": "9587277f9a9b39e2caf86eae07909d87"
                    },
                    {
                        "name": ".ndata",
                        "chi2": -1.0,
                        "virtual_address": 172032,
                        "flags": "rw",
                        "raw_size": 0,
                        "entropy": 0.0,
                        "virtual_size": 65536,
                        "md5": "d41d8cd98f00b204e9800998ecf8427e"
                    },
                    {
                        "name": ".rsrc",
                        "chi2": 206963.72,
                        "virtual_address": 237568,
                        "flags": "r",
                        "raw_size": 4608,
                        "entropy": 4.52,
                        "virtual_size": 4360,
                        "md5": "bb9bcc68b039e0da94f6d6662a0194da"
                    }
                ],
                "compiler_product_versions": [
                    "[ C ] Windows Server 2003 SP1 DDK build 4035 count=2",
                    "[---] Unmarked objects count=166",
                    "[IMP] Windows Server 2003 SP1 DDK build 4035 count=17",
                    "[RES] VS98 (6.0) SP6 cvtres build 1736 count=1",
                    "id: 0x30, version: 9044 count=10"
                ],
                "rich_pe_header_hash": "83a0ad2b4b4252708c2940462e699f4a",
                "import_list": [
                    {
                        "library_name": "KERNEL32.dll",
                        "imported_functions": [
                            "CloseHandle",
                            "CompareFileTime",
                            "CopyFileW",
                            "CreateDirectoryW",
                            "CreateFileW",
                            "CreateProcessW",
                            "CreateThread",
                            "DeleteFileW",
                            "ExitProcess",
                            "ExpandEnvironmentStringsW",
                            "FindClose",
                            "FindFirstFileW",
                            "FindNextFileW",
                            "FreeLibrary",
                            "GetCommandLineW",
                            "GetCurrentProcess",
                            "GetDiskFreeSpaceW",
                            "GetExitCodeProcess",
                            "GetFileAttributesW",
                            "GetFileSize",
                            "GetFullPathNameW",
                            "GetLastError",
                            "GetModuleFileNameW",
                            "GetModuleHandleA",
                            "GetModuleHandleW",
                            "GetPrivateProfileStringW",
                            "GetProcAddress",
                            "GetShortPathNameW",
                            "GetSystemDirectoryW",
                            "GetTempFileNameW",
                            "GetTempPathW",
                            "GetTickCount",
                            "GetVersion",
                            "GetWindowsDirectoryW",
                            "GlobalAlloc",
                            "GlobalFree",
                            "GlobalLock",
                            "GlobalUnlock",
                            "LoadLibraryA",
                            "LoadLibraryExW",
                            "LoadLibraryW",
                            "lstrcatW",
                            "lstrcmpiA",
                            "lstrcmpiW",
                            "lstrcmpW",
                            "lstrcpyA",
                            "lstrcpynW",
                            "lstrcpyW",
                            "lstrlenA",
                            "lstrlenW",
                            "MoveFileW",
                            "MulDiv",
                            "MultiByteToWideChar",
                            "ReadFile",
                            "RemoveDirectoryW",
                            "SearchPathW",
                            "SetCurrentDirectoryW",
                            "SetEnvironmentVariableW",
                            "SetErrorMode",
                            "SetFileAttributesW",
                            "SetFilePointer",
                            "SetFileTime",
                            "Sleep",
                            "WaitForSingleObject",
                            "WideCharToMultiByte",
                            "WriteFile",
                            "WritePrivateProfileStringW"
                        ]
                    },
                    {
                        "library_name": "USER32.dll",
                        "imported_functions": [
                            "AppendMenuW",
                            "BeginPaint",
                            "CallWindowProcW",
                            "CharNextA",
                            "CharNextW",
                            "CharPrevW",
                            "CheckDlgButton",
                            "CloseClipboard",
                            "CreateDialogParamW",
                            "CreatePopupMenu",
                            "CreateWindowExW",
                            "DefWindowProcW",
                            "DestroyWindow",
                            "DialogBoxParamW",
                            "DispatchMessageW",
                            "DrawTextW",
                            "EmptyClipboard",
                            "EnableMenuItem",
                            "EnableWindow",
                            "EndDialog",
                            "EndPaint",
                            "ExitWindowsEx",
                            "FillRect",
                            "FindWindowExW",
                            "GetClassInfoW",
                            "GetClientRect",
                            "GetDC",
                            "GetDlgItem",
                            "GetDlgItemTextW",
                            "GetMessagePos",
                            "GetSysColor",
                            "GetSystemMenu",
                            "GetSystemMetrics",
                            "GetWindowLongW",
                            "GetWindowRect",
                            "InvalidateRect",
                            "IsWindow",
                            "IsWindowEnabled",
                            "IsWindowVisible",
                            "LoadBitmapW",
                            "LoadCursorW",
                            "LoadImageW",
                            "MessageBoxIndirectW",
                            "OpenClipboard",
                            "PeekMessageW",
                            "PostQuitMessage",
                            "RegisterClassW",
                            "ReleaseDC",
                            "ScreenToClient",
                            "SendMessageTimeoutW",
                            "SendMessageW",
                            "SetClassLongW",
                            "SetClipboardData",
                            "SetCursor",
                            "SetDlgItemTextW",
                            "SetForegroundWindow",
                            "SetTimer",
                            "SetWindowLongW",
                            "SetWindowPos",
                            "SetWindowTextW",
                            "ShowWindow",
                            "SystemParametersInfoW",
                            "TrackPopupMenu",
                            "wsprintfA",
                            "wsprintfW"
                        ]
                    },
                    {
                        "library_name": "GDI32.dll",
                        "imported_functions": [
                            "CreateBrushIndirect",
                            "CreateFontIndirectW",
                            "DeleteObject",
                            "GetDeviceCaps",
                            "SelectObject",
                            "SetBkColor",
                            "SetBkMode",
                            "SetTextColor"
                        ]
                    },
                    {
                        "library_name": "SHELL32.dll",
                        "imported_functions": [
                            "SHBrowseForFolderW",
                            "ShellExecuteW",
                            "SHFileOperationW",
                            "SHGetFileInfoW",
                            "SHGetPathFromIDListW",
                            "SHGetSpecialFolderLocation"
                        ]
                    },
                    {
                        "library_name": "ADVAPI32.dll",
                        "imported_functions": [
                            "RegCloseKey",
                            "RegCreateKeyExW",
                            "RegDeleteKeyW",
                            "RegDeleteValueW",
                            "RegEnumKeyW",
                            "RegEnumValueW",
                            "RegOpenKeyExW",
                            "RegQueryValueExW",
                            "RegSetValueExW"
                        ]
                    },
                    {
                        "library_name": "COMCTL32.dll",
                        "imported_functions": [
                            "ImageList_AddMasked",
                            "ImageList_Create",
                            "ImageList_Destroy",
                            "Ord(17)"
                        ]
                    },
                    {
                        "library_name": "ole32.dll",
                        "imported_functions": [
                            "CoCreateInstance",
                            "CoTaskMemFree",
                            "OleInitialize",
                            "OleUninitialize"
                        ]
                    },
                    {
                        "library_name": "VERSION.dll",
                        "imported_functions": [
                            "GetFileVersionInfoSizeW",
                            "GetFileVersionInfoW",
                            "VerQueryValueW"
                        ]
                    }
                ]
            },
            "sigma_analysis_results": [
                {
                    "match_context": [
                        {
                            "values": {
                                "EventID": "8",
                                "TargetImage": "C:\\Windows\\System32\\RuntimeBroker.exe",
                                "TargetProcessGuid": "{C784477D-38B5-6386-7300-000000003000}",
                                "NewThreadId": "1644",
                                "StartModule": "C:\\Windows\\SYSTEM32\\ntdll.dll",
                                "UtcTime": "1670056829",
                                "StartFunction": "RtlExitUserThread",
                                "SourceProcessId": "4816",
                                "SourceImage": "C:\\Windows\\explorer.exe",
                                "TargetProcessId": "5424",
                                "RuleName": "-",
                                "StartAddress": "140704292878016",
                                "SourceProcessGuid": "{C784477D-38B5-6386-6A00-000000003000}"
                            }
                        }
                    ],
                    "rule_level": "high",
                    "rule_description": "Offensive tradecraft is switching away from using APIs like \"CreateRemoteThread\", however, this is still largely observed in the wild.\nThis rule aims to detect suspicious processes (those we would not expect to behave in this way like word.exe or outlook.exe) creating remote threads on other processes.\nIt is a generalistic rule, but it should have a low FP ratio due to the selected range of processes.\n",
                    "rule_source": "Sigma Integrated Rule Set (GitHub)",
                    "rule_title": "Suspicious Remote Thread Source",
                    "rule_id": "5242ae9a7c0bb9967f443e598ba4d27edfa69ca76b6fbb7ad0d569f7e9067668",
                    "rule_author": "Perez Diego (@darkquassar), oscd.community"
                },
                {
                    "match_context": [
                        {
                            "values": {
                                "TerminalSessionId": "1",
                                "ProcessGuid": "{C784477D-0B63-638B-F605-000000003000}",
                                "ProcessId": "6580",
                                "Product": "Microsoft\\xae Windows\\xae Operating System",
                                "Description": "Host Process for Windows Services",
                                "Company": "Microsoft Corporation",
                                "ParentProcessGuid": "{C784477D-0B60-638B-F505-000000003000}",
                                "User": "DESKTOP-B0T93D6\\george",
                                "Hashes": "MD5=38B2442AC21C90615AB39A52ADA3576F,SHA256=9BE0F20BB5F3EAC2D58DC03D48E5F315C0056EA89DF595164573B6061C5D6568,IMPHASH=3A8297483C1777054C7BAFEA5E6A8853",
                                "OriginalFileName": "svchost.exe",
                                "ParentImage": "C:\\Users\\george\\AppData\\Roaming\\MICROS~1\\Authedui\\atltap32.exe",
                                "FileVersion": "10.0.17134.1276 (WinBuild.160101.0800)",
                                "ParentProcessId": "3788",
                                "CurrentDirectory": "C:\\Users\\george\\AppData\\Roaming\\",
                                "CommandLine": "C:\\Windows\\system32\\svchost.exe",
                                "EventID": "1",
                                "LogonGuid": "C784477D-38B4-6386-E20F-040000000000",
                                "LogonId": "266210",
                                "Image": "C:\\Windows\\System32\\svchost.exe",
                                "IntegrityLevel": "High",
                                "ParentCommandLine": "\"C:\\Users\\george\\AppData\\Roaming\\MICROS~1\\Authedui\\atltap32.exe\"  \"C:\\Users\\george\\Desktop\\file.exe\"",
                                "UtcTime": "1670056803",
                                "RuleName": "-"
                            }
                        },
                        {
                            "values": {
                                "TerminalSessionId": "1",
                                "ProcessGuid": "{C784477D-0B6B-638B-F905-000000003000}",
                                "ProcessId": "4004",
                                "Product": "Microsoft\\xae Windows\\xae Operating System",
                                "Description": "Host Process for Windows Services",
                                "Company": "Microsoft Corporation",
                                "ParentProcessGuid": "{C784477D-0B69-638B-F805-000000003000}",
                                "User": "DESKTOP-B0T93D6\\george",
                                "Hashes": "MD5=38B2442AC21C90615AB39A52ADA3576F,SHA256=9BE0F20BB5F3EAC2D58DC03D48E5F315C0056EA89DF595164573B6061C5D6568,IMPHASH=3A8297483C1777054C7BAFEA5E6A8853",
                                "OriginalFileName": "svchost.exe",
                                "ParentImage": "C:\\Users\\george\\AppData\\Roaming\\Microsoft\\Authedui\\atltap32.exe",
                                "FileVersion": "10.0.17134.1276 (WinBuild.160101.0800)",
                                "ParentProcessId": "6744",
                                "CurrentDirectory": "C:\\Users\\george\\AppData\\Roaming\\",
                                "CommandLine": "C:\\Windows\\system32\\svchost.exe",
                                "EventID": "1",
                                "LogonGuid": "C784477D-38B4-6386-1610-040000000000",
                                "LogonId": "266262",
                                "Image": "C:\\Windows\\System32\\svchost.exe",
                                "IntegrityLevel": "Medium",
                                "ParentCommandLine": "\"C:\\Users\\george\\AppData\\Roaming\\Microsoft\\Authedui\\atltap32.exe\" ",
                                "UtcTime": "1670056811",
                                "RuleName": "-"
                            }
                        }
                    ],
                    "rule_level": "high",
                    "rule_description": "Detects a suspicious svchost process start",
                    "rule_source": "Sigma Integrated Rule Set (GitHub)",
                    "rule_title": "Suspicious Svchost Process",
                    "rule_id": "a0daa529834b3c5230b4524da005a6b6503e7cb061e298a8f74e0dc1fee0a008",
                    "rule_author": "Florian Roth"
                },
                {
                    "match_context": [
                        {
                            "values": {
                                "TerminalSessionId": "1",
                                "ProcessGuid": "{C784477D-0B5D-638B-F405-000000003000}",
                                "ProcessId": "4008",
                                "Product": "-",
                                "Description": "-",
                                "Company": "-",
                                "ParentProcessGuid": "{C784477D-0B5D-638B-F305-000000003000}",
                                "User": "DESKTOP-B0T93D6\\george",
                                "Hashes": "MD5=A07EBED93884E894971C2254BC30264B,SHA256=0DF4CFB1E651C37D43D7F5215C3CAB2024AA7C481D4E0BB4213B52C0306C3EE2,IMPHASH=E221F4F7D36469D53810A4B5F9FC8966",
                                "OriginalFileName": "-",
                                "ParentImage": "C:\\Windows\\SysWOW64\\cmd.exe",
                                "FileVersion": "-",
                                "ParentProcessId": "4696",
                                "CurrentDirectory": "C:\\Users\\george\\AppData\\Roaming\\",
                                "CommandLine": "\"C:\\Users\\george\\AppData\\Roaming\\MICROS~1\\Authedui\\atltap32.exe\"  \"C:\\Users\\george\\Desktop\\file.exe\"",
                                "EventID": "1",
                                "LogonGuid": "C784477D-38B4-6386-E20F-040000000000",
                                "LogonId": "266210",
                                "Image": "C:\\Users\\george\\AppData\\Roaming\\MICROS~1\\Authedui\\atltap32.exe",
                                "IntegrityLevel": "High",
                                "ParentCommandLine": "cmd  /C \"\"C:\\Users\\george\\AppData\\Roaming\\MICROS~1\\Authedui\\atltap32.exe\" \"C:\\Users\\george\\Desktop\\file.exe\"\"",
                                "UtcTime": "1670056797",
                                "RuleName": "-"
                            }
                        },
                        {
                            "values": {
                                "TerminalSessionId": "1",
                                "ProcessGuid": "{C784477D-0B60-638B-F505-000000003000}",
                                "ProcessId": "3788",
                                "Product": "-",
                                "Description": "-",
                                "Company": "-",
                                "ParentProcessGuid": "{C784477D-0B5D-638B-F405-000000003000}",
                                "User": "DESKTOP-B0T93D6\\george",
                                "Hashes": "MD5=A07EBED93884E894971C2254BC30264B,SHA256=0DF4CFB1E651C37D43D7F5215C3CAB2024AA7C481D4E0BB4213B52C0306C3EE2,IMPHASH=E221F4F7D36469D53810A4B5F9FC8966",
                                "OriginalFileName": "-",
                                "ParentImage": "C:\\Users\\george\\AppData\\Roaming\\MICROS~1\\Authedui\\atltap32.exe",
                                "FileVersion": "-",
                                "ParentProcessId": "4008",
                                "CurrentDirectory": "C:\\Users\\george\\AppData\\Roaming\\",
                                "CommandLine": "\"C:\\Users\\george\\AppData\\Roaming\\MICROS~1\\Authedui\\atltap32.exe\"  \"C:\\Users\\george\\Desktop\\file.exe\"",
                                "EventID": "1",
                                "LogonGuid": "C784477D-38B4-6386-E20F-040000000000",
                                "LogonId": "266210",
                                "Image": "C:\\Users\\george\\AppData\\Roaming\\MICROS~1\\Authedui\\atltap32.exe",
                                "IntegrityLevel": "High",
                                "ParentCommandLine": "\"C:\\Users\\george\\AppData\\Roaming\\MICROS~1\\Authedui\\atltap32.exe\"  \"C:\\Users\\george\\Desktop\\file.exe\"",
                                "UtcTime": "1670056800",
                                "RuleName": "-"
                            }
                        }
                    ],
                    "rule_level": "high",
                    "rule_description": "Detect use of the Windows 8.3 short name. Which could be used as a method to avoid Image detection",
                    "rule_source": "Sigma Integrated Rule Set (GitHub)",
                    "rule_title": "Use Short Name Path in Image",
                    "rule_id": "a913250de417b0235e4fbff14e07a25585d216d2000ee8ef314227987aef7eb0",
                    "rule_author": "frack113, Nasreddine Bencherchali"
                },
                {
                    "match_context": [
                        {
                            "values": {
                                "TerminalSessionId": "1",
                                "ProcessGuid": "{C784477D-0B63-638B-F605-000000003000}",
                                "ProcessId": "6580",
                                "Product": "Microsoft\\xae Windows\\xae Operating System",
                                "Description": "Host Process for Windows Services",
                                "Company": "Microsoft Corporation",
                                "ParentProcessGuid": "{C784477D-0B60-638B-F505-000000003000}",
                                "User": "DESKTOP-B0T93D6\\george",
                                "Hashes": "MD5=38B2442AC21C90615AB39A52ADA3576F,SHA256=9BE0F20BB5F3EAC2D58DC03D48E5F315C0056EA89DF595164573B6061C5D6568,IMPHASH=3A8297483C1777054C7BAFEA5E6A8853",
                                "OriginalFileName": "svchost.exe",
                                "ParentImage": "C:\\Users\\george\\AppData\\Roaming\\MICROS~1\\Authedui\\atltap32.exe",
                                "FileVersion": "10.0.17134.1276 (WinBuild.160101.0800)",
                                "ParentProcessId": "3788",
                                "CurrentDirectory": "C:\\Users\\george\\AppData\\Roaming\\",
                                "CommandLine": "C:\\Windows\\system32\\svchost.exe",
                                "EventID": "1",
                                "LogonGuid": "C784477D-38B4-6386-E20F-040000000000",
                                "LogonId": "266210",
                                "Image": "C:\\Windows\\System32\\svchost.exe",
                                "IntegrityLevel": "High",
                                "ParentCommandLine": "\"C:\\Users\\george\\AppData\\Roaming\\MICROS~1\\Authedui\\atltap32.exe\"  \"C:\\Users\\george\\Desktop\\file.exe\"",
                                "UtcTime": "1670056803",
                                "RuleName": "-"
                            }
                        },
                        {
                            "values": {
                                "TerminalSessionId": "1",
                                "ProcessGuid": "{C784477D-0B6B-638B-F905-000000003000}",
                                "ProcessId": "4004",
                                "Product": "Microsoft\\xae Windows\\xae Operating System",
                                "Description": "Host Process for Windows Services",
                                "Company": "Microsoft Corporation",
                                "ParentProcessGuid": "{C784477D-0B69-638B-F805-000000003000}",
                                "User": "DESKTOP-B0T93D6\\george",
                                "Hashes": "MD5=38B2442AC21C90615AB39A52ADA3576F,SHA256=9BE0F20BB5F3EAC2D58DC03D48E5F315C0056EA89DF595164573B6061C5D6568,IMPHASH=3A8297483C1777054C7BAFEA5E6A8853",
                                "OriginalFileName": "svchost.exe",
                                "ParentImage": "C:\\Users\\george\\AppData\\Roaming\\Microsoft\\Authedui\\atltap32.exe",
                                "FileVersion": "10.0.17134.1276 (WinBuild.160101.0800)",
                                "ParentProcessId": "6744",
                                "CurrentDirectory": "C:\\Users\\george\\AppData\\Roaming\\",
                                "CommandLine": "C:\\Windows\\system32\\svchost.exe",
                                "EventID": "1",
                                "LogonGuid": "C784477D-38B4-6386-1610-040000000000",
                                "LogonId": "266262",
                                "Image": "C:\\Windows\\System32\\svchost.exe",
                                "IntegrityLevel": "Medium",
                                "ParentCommandLine": "\"C:\\Users\\george\\AppData\\Roaming\\Microsoft\\Authedui\\atltap32.exe\" ",
                                "UtcTime": "1670056811",
                                "RuleName": "-"
                            }
                        }
                    ],
                    "rule_level": "high",
                    "rule_description": "It is extremely abnormal for svchost.exe to spawn without any CLI arguments and is normally observed when a malicious process spawns the process and injects code into the process memory space.",
                    "rule_source": "Sigma Integrated Rule Set (GitHub)",
                    "rule_title": "Suspect Svchost Activity",
                    "rule_id": "dc04e64e69f5446c2a31920ee22415626307d5f3d0fb73ad81b9d3301a41000a",
                    "rule_author": "David Burkett"
                },
                {
                    "match_context": [
                        {
                            "values": {
                                "TerminalSessionId": "1",
                                "ProcessGuid": "{C784477D-0B5C-638B-F105-000000003000}",
                                "ProcessId": "2364",
                                "Product": "Microsoft\\xae Windows\\xae Operating System",
                                "Description": "Windows Command Processor",
                                "Company": "Microsoft Corporation",
                                "ParentProcessGuid": "{C784477D-0B5A-638B-F005-000000003000}",
                                "User": "DESKTOP-B0T93D6\\george",
                                "Hashes": "MD5=F3BDBE3BB6F734E357235F4D5898582D,SHA256=3685495D051137B1C4EFDE22C26DF0883614B6453B762FA84588DA55ED2E7744,IMPHASH=0AF8419BE362159398343D7B31721726",
                                "OriginalFileName": "Cmd.Exe",
                                "ParentImage": "C:\\Users\\george\\Desktop\\file.exe",
                                "FileVersion": "10.0.17134.1 (WinBuild.160101.0800)",
                                "ParentProcessId": "4136",
                                "CurrentDirectory": "C:\\Users\\george\\AppData\\Roaming\\",
                                "CommandLine": "C:\\Windows\\system32\\cmd.exe /c \"\"C:\\Users\\george\\AppData\\Local\\Temp\\C336\\E19B.bat\" \"C:\\Users\\george\\AppData\\Roaming\\MICROS~1\\Authedui\\atltap32.exe\" \"C:\\Users\\george\\Desktop\\file.exe\"\"",
                                "EventID": "1",
                                "LogonGuid": "C784477D-38B4-6386-E20F-040000000000",
                                "LogonId": "266210",
                                "Image": "C:\\Windows\\SysWOW64\\cmd.exe",
                                "IntegrityLevel": "High",
                                "ParentCommandLine": "\"C:\\Users\\george\\Desktop\\file.exe\"",
                                "UtcTime": "1670056796",
                                "RuleName": "-"
                            }
                        },
                        {
                            "values": {
                                "TerminalSessionId": "1",
                                "ProcessGuid": "{C784477D-0B5D-638B-F305-000000003000}",
                                "ProcessId": "4696",
                                "Product": "Microsoft\\xae Windows\\xae Operating System",
                                "Description": "Windows Command Processor",
                                "Company": "Microsoft Corporation",
                                "ParentProcessGuid": "{C784477D-0B5C-638B-F105-000000003000}",
                                "User": "DESKTOP-B0T93D6\\george",
                                "Hashes": "MD5=F3BDBE3BB6F734E357235F4D5898582D,SHA256=3685495D051137B1C4EFDE22C26DF0883614B6453B762FA84588DA55ED2E7744,IMPHASH=0AF8419BE362159398343D7B31721726",
                                "OriginalFileName": "Cmd.Exe",
                                "ParentImage": "C:\\Windows\\SysWOW64\\cmd.exe",
                                "FileVersion": "10.0.17134.1 (WinBuild.160101.0800)",
                                "ParentProcessId": "2364",
                                "CurrentDirectory": "C:\\Users\\george\\AppData\\Roaming\\",
                                "CommandLine": "cmd  /C \"\"C:\\Users\\george\\AppData\\Roaming\\MICROS~1\\Authedui\\atltap32.exe\" \"C:\\Users\\george\\Desktop\\file.exe\"\"",
                                "EventID": "1",
                                "LogonGuid": "C784477D-38B4-6386-E20F-040000000000",
                                "LogonId": "266210",
                                "Image": "C:\\Windows\\SysWOW64\\cmd.exe",
                                "IntegrityLevel": "High",
                                "ParentCommandLine": "C:\\Windows\\system32\\cmd.exe /c \"\"C:\\Users\\george\\AppData\\Local\\Temp\\C336\\E19B.bat\" \"C:\\Users\\george\\AppData\\Roaming\\MICROS~1\\Authedui\\atltap32.exe\" \"C:\\Users\\george\\Desktop\\file.exe\"\"",
                                "UtcTime": "1670056797",
                                "RuleName": "-"
                            }
                        },
                        {
                            "values": {
                                "TerminalSessionId": "1",
                                "ProcessGuid": "{C784477D-0B5D-638B-F405-000000003000}",
                                "ProcessId": "4008",
                                "Product": "-",
                                "Description": "-",
                                "Company": "-",
                                "ParentProcessGuid": "{C784477D-0B5D-638B-F305-000000003000}",
                                "User": "DESKTOP-B0T93D6\\george",
                                "Hashes": "MD5=A07EBED93884E894971C2254BC30264B,SHA256=0DF4CFB1E651C37D43D7F5215C3CAB2024AA7C481D4E0BB4213B52C0306C3EE2,IMPHASH=E221F4F7D36469D53810A4B5F9FC8966",
                                "OriginalFileName": "-",
                                "ParentImage": "C:\\Windows\\SysWOW64\\cmd.exe",
                                "FileVersion": "-",
                                "ParentProcessId": "4696",
                                "CurrentDirectory": "C:\\Users\\george\\AppData\\Roaming\\",
                                "CommandLine": "\"C:\\Users\\george\\AppData\\Roaming\\MICROS~1\\Authedui\\atltap32.exe\"  \"C:\\Users\\george\\Desktop\\file.exe\"",
                                "EventID": "1",
                                "LogonGuid": "C784477D-38B4-6386-E20F-040000000000",
                                "LogonId": "266210",
                                "Image": "C:\\Users\\george\\AppData\\Roaming\\MICROS~1\\Authedui\\atltap32.exe",
                                "IntegrityLevel": "High",
                                "ParentCommandLine": "cmd  /C \"\"C:\\Users\\george\\AppData\\Roaming\\MICROS~1\\Authedui\\atltap32.exe\" \"C:\\Users\\george\\Desktop\\file.exe\"\"",
                                "UtcTime": "1670056797",
                                "RuleName": "-"
                            }
                        },
                        {
                            "values": {
                                "TerminalSessionId": "1",
                                "ProcessGuid": "{C784477D-0B60-638B-F505-000000003000}",
                                "ProcessId": "3788",
                                "Product": "-",
                                "Description": "-",
                                "Company": "-",
                                "ParentProcessGuid": "{C784477D-0B5D-638B-F405-000000003000}",
                                "User": "DESKTOP-B0T93D6\\george",
                                "Hashes": "MD5=A07EBED93884E894971C2254BC30264B,SHA256=0DF4CFB1E651C37D43D7F5215C3CAB2024AA7C481D4E0BB4213B52C0306C3EE2,IMPHASH=E221F4F7D36469D53810A4B5F9FC8966",
                                "OriginalFileName": "-",
                                "ParentImage": "C:\\Users\\george\\AppData\\Roaming\\MICROS~1\\Authedui\\atltap32.exe",
                                "FileVersion": "-",
                                "ParentProcessId": "4008",
                                "CurrentDirectory": "C:\\Users\\george\\AppData\\Roaming\\",
                                "CommandLine": "\"C:\\Users\\george\\AppData\\Roaming\\MICROS~1\\Authedui\\atltap32.exe\"  \"C:\\Users\\george\\Desktop\\file.exe\"",
                                "EventID": "1",
                                "LogonGuid": "C784477D-38B4-6386-E20F-040000000000",
                                "LogonId": "266210",
                                "Image": "C:\\Users\\george\\AppData\\Roaming\\MICROS~1\\Authedui\\atltap32.exe",
                                "IntegrityLevel": "High",
                                "ParentCommandLine": "\"C:\\Users\\george\\AppData\\Roaming\\MICROS~1\\Authedui\\atltap32.exe\"  \"C:\\Users\\george\\Desktop\\file.exe\"",
                                "UtcTime": "1670056800",
                                "RuleName": "-"
                            }
                        }
                    ],
                    "rule_level": "medium",
                    "rule_description": "Detect use of the Windows 8.3 short name. Which could be used as a method to avoid command-line detection",
                    "rule_source": "Sigma Integrated Rule Set (GitHub)",
                    "rule_title": "Use Short Name Path in Command Line",
                    "rule_id": "3c0434c2b9b483a1c7879404c2a80556dc54436bf222a970ca7131b1f30079f1",
                    "rule_author": "frack113, Nasreddine Bencherchali"
                },
                {
                    "match_context": [
                        {
                            "values": {
                                "EventID": "13",
                                "ProcessId": "4136",
                                "EventType": "SetValue",
                                "Image": "C:\\Users\\george\\Desktop\\file.exe",
                                "RuleName": "T1060,RunKey",
                                "UtcTime": "1670056796",
                                "Details": "C:\\Users\\george\\AppData\\Roaming\\Microsoft\\Authedui\\atltap32.exe",
                                "ProcessGuid": "{C784477D-0B5A-638B-F005-000000003000}",
                                "TargetObject": "HKU\\S-1-5-21-1015118539-3749460369-599379286-1001\\Software\\Microsoft\\Windows\\CurrentVersion\\Run\\AudilEng"
                            }
                        }
                    ],
                    "rule_level": "medium",
                    "rule_description": "Detects modification of autostart extensibility point (ASEP) in registry.",
                    "rule_source": "Sigma Integrated Rule Set (GitHub)",
                    "rule_title": "CurrentVersion Autorun Keys Modification",
                    "rule_id": "8b5db9da5732dc549b0e8b56fe5933d7c95ed760f3ac20568ab95347ef8c5bcc",
                    "rule_author": "Victor Sergeev, Daniil Yugoslavskiy, Gleb Sukhodolskiy, Timur Zinniatullin, oscd.community, Tim Shelton, frack113 (split)"
                },
                {
                    "match_context": [
                        {
                            "values": {
                                "TerminalSessionId": "1",
                                "ProcessGuid": "{C784477D-0B63-638B-F605-000000003000}",
                                "ProcessId": "6580",
                                "Product": "Microsoft\\xae Windows\\xae Operating System",
                                "Description": "Host Process for Windows Services",
                                "Company": "Microsoft Corporation",
                                "ParentProcessGuid": "{C784477D-0B60-638B-F505-000000003000}",
                                "User": "DESKTOP-B0T93D6\\george",
                                "Hashes": "MD5=38B2442AC21C90615AB39A52ADA3576F,SHA256=9BE0F20BB5F3EAC2D58DC03D48E5F315C0056EA89DF595164573B6061C5D6568,IMPHASH=3A8297483C1777054C7BAFEA5E6A8853",
                                "OriginalFileName": "svchost.exe",
                                "ParentImage": "C:\\Users\\george\\AppData\\Roaming\\MICROS~1\\Authedui\\atltap32.exe",
                                "FileVersion": "10.0.17134.1276 (WinBuild.160101.0800)",
                                "ParentProcessId": "3788",
                                "CurrentDirectory": "C:\\Users\\george\\AppData\\Roaming\\",
                                "CommandLine": "C:\\Windows\\system32\\svchost.exe",
                                "EventID": "1",
                                "LogonGuid": "C784477D-38B4-6386-E20F-040000000000",
                                "LogonId": "266210",
                                "Image": "C:\\Windows\\System32\\svchost.exe",
                                "IntegrityLevel": "High",
                                "ParentCommandLine": "\"C:\\Users\\george\\AppData\\Roaming\\MICROS~1\\Authedui\\atltap32.exe\"  \"C:\\Users\\george\\Desktop\\file.exe\"",
                                "UtcTime": "1670056803",
                                "RuleName": "-"
                            }
                        },
                        {
                            "values": {
                                "TerminalSessionId": "1",
                                "ProcessGuid": "{C784477D-0B6B-638B-F905-000000003000}",
                                "ProcessId": "4004",
                                "Product": "Microsoft\\xae Windows\\xae Operating System",
                                "Description": "Host Process for Windows Services",
                                "Company": "Microsoft Corporation",
                                "ParentProcessGuid": "{C784477D-0B69-638B-F805-000000003000}",
                                "User": "DESKTOP-B0T93D6\\george",
                                "Hashes": "MD5=38B2442AC21C90615AB39A52ADA3576F,SHA256=9BE0F20BB5F3EAC2D58DC03D48E5F315C0056EA89DF595164573B6061C5D6568,IMPHASH=3A8297483C1777054C7BAFEA5E6A8853",
                                "OriginalFileName": "svchost.exe",
                                "ParentImage": "C:\\Users\\george\\AppData\\Roaming\\Microsoft\\Authedui\\atltap32.exe",
                                "FileVersion": "10.0.17134.1276 (WinBuild.160101.0800)",
                                "ParentProcessId": "6744",
                                "CurrentDirectory": "C:\\Users\\george\\AppData\\Roaming\\",
                                "CommandLine": "C:\\Windows\\system32\\svchost.exe",
                                "EventID": "1",
                                "LogonGuid": "C784477D-38B4-6386-1610-040000000000",
                                "LogonId": "266262",
                                "Image": "C:\\Windows\\System32\\svchost.exe",
                                "IntegrityLevel": "Medium",
                                "ParentCommandLine": "\"C:\\Users\\george\\AppData\\Roaming\\Microsoft\\Authedui\\atltap32.exe\" ",
                                "UtcTime": "1670056811",
                                "RuleName": "-"
                            }
                        }
                    ],
                    "rule_level": "low",
                    "rule_description": "Detect suspicious parent processes of well-known Windows processes",
                    "rule_source": "Sigma Integrated Rule Set (GitHub)",
                    "rule_title": "Windows Processes Suspicious Parent Directory",
                    "rule_id": "afd546ea5eff265c454f77f6e7641ade6e5a791d79de155fa27d377be1581535",
                    "rule_author": "vburov"
                },
