                        {
                            "values": {
                                "EventID": "13",
                                "ProcessId": "1332",
                                "EventType": "SetValue",
                                "Image": "C:\\Users\\george\\Desktop\\file.exe",
                                "ProcessGuid": "{C784477D-F4EB-638C-F705-000000001F00}",
                                "UtcTime": "1670182214",
                                "Details": "C:\\Users\\george\\Desktop\\file.exe",
                                "RuleName": "T1060",
                                "TargetObject": "HKU\\S-1-5-21-1015118539-3749460369-599379286-1001\\Software\\Microsoft\\Windows NT\\CurrentVersion\\Winlogon\\Shell"
                            }
                        },
                        {
                            "values": {
                                "EventID": "13",
                                "ProcessId": "1332",
                                "EventType": "SetValue",
                                "Image": "C:\\Users\\george\\Desktop\\file.exe",
                                "ProcessGuid": "{C784477D-F4EB-638C-F705-000000001F00}",
                                "UtcTime": "1670182215",
                                "Details": "C:\\Users\\george\\Desktop\\file.exe",
                                "RuleName": "T1060",
                                "TargetObject": "HKU\\S-1-5-21-1015118539-3749460369-599379286-1001\\Software\\Microsoft\\Windows NT\\CurrentVersion\\Winlogon\\Shell"
                            }
                        },
                        {
                            "values": {
                                "EventID": "13",
                                "ProcessId": "1332",
                                "EventType": "SetValue",
                                "Image": "C:\\Users\\george\\Desktop\\file.exe",
                                "ProcessGuid": "{C784477D-F4EB-638C-F705-000000001F00}",
                                "UtcTime": "1670182217",
                                "Details": "C:\\Users\\george\\Desktop\\file.exe",
                                "RuleName": "T1060",
                                "TargetObject": "HKU\\S-1-5-21-1015118539-3749460369-599379286-1001\\Software\\Microsoft\\Windows NT\\CurrentVersion\\Winlogon\\Shell"
                            }
                        }
                    ],
                    "rule_level": "medium",
                    "rule_id": "d706314122bff93e0dbdf079f1d1904d2f00407f34a893487d70105b1dc5b9ed",
                    "rule_source": "Sigma Integrated Rule Set (GitHub)",
                    "rule_title": "CurrentVersion NT Autorun Keys Modification",
                    "rule_description": "Detects modification of autostart extensibility point (ASEP) in registry.",
                    "rule_author": "Victor Sergeev, Daniil Yugoslavskiy, Gleb Sukhodolskiy, Timur Zinniatullin, oscd.community, Tim Shelton, frack113 (split)"
                }
            ],
            "first_submission_date": 1290668593
        }
    }
}