{
    "data": {
        "id": "15dc483c55c916a0819309a3e49f63b6a8245cff7dfdad220543390115995ece",
        "type": "file",
        "links": {
            "self": "https://www.virustotal.com/api/v3/files/15dc483c55c916a0819309a3e49f63b6a8245cff7dfdad220543390115995ece"
        },
        "attributes": {
            "first_submission_date": 1340413613,
            "reputation": -9,
            "pe_info": {
                "timestamp": 1304444840,
                "imphash": "572c826610ebd9ff69fa2a594ef8364d",
                "machine_type": 332,
                "entry_point": 7098,
                "resource_details": [
                    {
                        "lang": "ENGLISH US",
                        "chi2": 3083.92,
                        "filetype": "unknown",
                        "entropy": 5.051864147186279,
                        "sha256": "3a3b2e9611f01c45710cf197c7820e76a756cceabbfad67c272dc9e807d594fd",
                        "type": "RT_MANIFEST"
                    }
                ],
                "resource_langs": {
                    "ENGLISH US": 1
                },
                "resource_types": {
                    "RT_MANIFEST": 1
                },
                "sections": [
                    {
                        "name": ".text",
                        "chi2": 632465.38,
                        "virtual_address": 4096,
                        "entropy": 4.03,
                        "raw_size": 8192,
                        "flags": "rx",
                        "virtual_size": 4130,
                        "md5": "93962cf183568194d6fb85a06fe9d0ca"
                    },
                    {
                        "name": ".rdata",
                        "chi2": 530572.0,
                        "virtual_address": 12288,
                        "entropy": 2.63,
                        "raw_size": 4096,
                        "flags": "r",
                        "virtual_size": 1708,
                        "md5": "4ff7903f6477ff8d75c5318523709e3d"
                    },
                    {
                        "name": ".data",
                        "chi2": 100145.56,
                        "virtual_address": 16384,
                        "entropy": 7.83,
                        "raw_size": 180224,
                        "flags": "rw",
                        "virtual_size": 178380,
                        "md5": "c98167f521e3faea1fec1486835090c9"
                    },
                    {
                        "name": ".rsrc",
                        "chi2": 128377.38,
                        "virtual_address": 196608,
                        "entropy": 3.46,
                        "raw_size": 4096,
                        "flags": "r",
                        "virtual_size": 428,
                        "md5": "687d38b5b2c448ef9fa9490fbb1f983f"
                    }
                ],
                "compiler_product_versions": [
                    "[IMP] Windows Server 2003 SP1 DDK build 4035 count=2",
                    "[---] Unmarked objects count=50",
                    "[IMP] VS2005 build 50727 count=3",
                    "[ASM] VS2005 build 50727 count=1",
                    "[ C ] VS2005 build 50727 count=20",
                    "[C++] VS2005 build 50727 count=4",
                    "[LNK] VS2005 build 50727 count=1"
                ],
                "rich_pe_header_hash": "f0d22307a7e812b1e720cf0224108a81",
                "import_list": [
                    {
                        "library_name": "MSVCR80.dll",
                        "imported_functions": [
                            "??_U@YAPAXI@Z",
                            "__dllonexit",
                            "__getmainargs",
                            "__p__commode",
                            "__p__fmode",
                            "__set_app_type",
                            "__setusermatherr",
                            "_acmdln",
                            "_adjust_fdiv",
                            "_amsg_exit",
                            "_cexit",
                            "_configthreadlocale",
                            "_controlfp_s",
                            "_crt_debugger_hook",
                            "_decode_pointer",
                            "_encode_pointer",
                            "_except_handler4_common",
                            "_exit",
                            "_initterm",
                            "_initterm_e",
                            "_invoke_watson",
                            "_ismbblead",
                            "_lock",
                            "_onexit",
                            "_stricmp",
                            "_unlock",
                            "_XcptFilter",
                            "exit",
                            "memset"
                        ]
                    },
                    {
                        "library_name": "KERNEL32.dll",
                        "imported_functions": [
                            "CreateProcessA",
                            "GetCurrentProcess",
                            "GetCurrentProcessId",
                            "GetCurrentThreadId",
                            "GetModuleFileNameA",
                            "GetStartupInfoA",
                            "GetSystemTimeAsFileTime",
                            "GetThreadContext",
                            "GetTickCount",
                            "InterlockedCompareExchange",
                            "InterlockedExchange",
                            "IsDebuggerPresent",
                            "lstrcmpA",
                            "QueryPerformanceCounter",
                            "ResumeThread",
                            "SetThreadContext",
                            "SetUnhandledExceptionFilter",
                            "Sleep",
                            "TerminateProcess",
                            "UnhandledExceptionFilter",
                            "VirtualAllocEx"
                        ]
                    }
                ]
            },
            "last_modification_date": 1746348661,
            "ssdeep": "3072:ZVHq5W6pGOb0Sj8zvtKYHyEE9Eco3elqWk4ShLr5RE:PKA6pGMQKYHgWOlPkZXg",
            "sigma_analysis_stats": {
                "high": 0,
                "medium": 1,
                "critical": 0,
                "low": 1
            },
            "last_analysis_stats": {
                "malicious": 52,
                "suspicious": 0,
                "undetected": 21,
                "harmless": 0,
                "timeout": 0,
                "confirmed-timeout": 0,
                "failure": 0,
                "type-unsupported": 4
            },
            "magic": "PE32 executable (GUI) Intel 80386, for MS Windows",
            "sigma_analysis_summary": {
                "Sigma Integrated Rule Set (GitHub)": {
                    "high": 0,
                    "medium": 1,
                    "critical": 0,
                    "low": 1
                }
            },
            "filecondis": {
                "dhash": "0000383c19140000",
                "raw_md5": "f99ed06fe1c113bedf1b2d131a613644"
            },
            "names": [
                "jushes.exe",
                "unknown",
                "virussign.com_67200b83a7917f78e97e2a1244221b80.vir",
                "vt-upload-PoHv3",
                "test.txt",
                "15dc483c55c916a0819309a3e49f63b6a8245cff7dfdad220543390115995ece.vir",
                "aa",
                "Ox01u.dotm",
                "SjQepYiWME.jpg"
            ],
            "creation_date": 1304444840,
            "tlsh": "T17614DFAF7F070427EAA02DB692B613E54BBD9D6371DAB07FEB844109DCE50C900969F4",
            "detectiteasy": {
                "filetype": "PE32",
                "values": [
                    {
                        "info": "EXE32",
                        "version": "2005",
                        "type": "Compiler",
                        "name": "EP:Microsoft Visual C/C++"
                    },
                    {
                        "info": "C++/book",
                        "version": "14.00.50727",
                        "type": "Compiler",
                        "name": "Microsoft Visual C/C++"
                    },
                    {
                        "version": "8.00.50727",
                        "type": "Linker",
                        "name": "Microsoft Linker"
                    },
                    {
                        "version": "2005",
                        "type": "Tool",
                        "name": "Visual Studio"
                    }
                ]
            },
            "magika": "PEBIN",
            "sigma_analysis_results": [
                {
                    "match_context": [
                        {
                            "values": {
                                "EventID": "13",
                                "ProcessId": "5952",
                                "EventType": "SetValue",
                                "Image": "C:\\Users\\george\\AppData\\Roaming\\jushes.exe",
                                "ProcessGuid": "{C784477D-516D-638C-830A-000000004700}",
                                "UtcTime": "1670140270",
                                "Details": "C:\\Users\\george\\AppData\\Roaming\\jushes.exe",
                                "RuleName": "T1060,RunKey",
                                "TargetObject": "HKU\\S-1-5-21-1015118539-3749460369-599379286-1001\\Software\\Microsoft\\Windows\\CurrentVersion\\Run\\jushes"
                            }
                        },
                        {
                            "values": {
                                "EventID": "13",
                                "ProcessId": "3728",
                                "EventType": "SetValue",
                                "Image": "C:\\Users\\george\\AppData\\Roaming\\jushes.exe",
                                "RuleName": "T1060,RunKey",
                                "UtcTime": "1670140282",
                                "Details": "C:\\Users\\george\\AppData\\Roaming\\jushes.exe",
                                "ProcessGuid": "{C784477D-5179-638C-860A-000000004700}",
                                "TargetObject": "HKU\\S-1-5-21-1015118539-3749460369-599379286-1001\\Software\\Microsoft\\Windows\\CurrentVersion\\Run\\jushes"
                            }
                        },
                        {
                            "values": {
                                "EventID": "13",
                                "ProcessId": "6896",
                                "EventType": "SetValue",
                                "Image": "C:\\Users\\george\\AppData\\Roaming\\jushes.exe",
                                "RuleName": "T1060,RunKey",
                                "UtcTime": "1670140290",
                                "Details": "C:\\Users\\george\\AppData\\Roaming\\jushes.exe",
                                "ProcessGuid": "{C784477D-5181-638C-8A0A-000000004700}",
                                "TargetObject": "HKU\\S-1-5-21-1015118539-3749460369-599379286-1001\\Software\\Microsoft\\Windows\\CurrentVersion\\Run\\jushes"
                            }
                        },
                        {
                            "values": {
                                "EventID": "13",
                                "ProcessId": "5952",
                                "EventType": "SetValue",
                                "Image": "C:\\Users\\george\\AppData\\Roaming\\jushes.exe",
                                "RuleName": "T1060,RunKey",
                                "UtcTime": "1670140294",
                                "Details": "C:\\Users\\george\\AppData\\Roaming\\jushes.exe",
                                "ProcessGuid": "{C784477D-516D-638C-830A-000000004700}",
                                "TargetObject": "HKU\\S-1-5-21-1015118539-3749460369-599379286-1001\\Software\\Microsoft\\Windows\\CurrentVersion\\Run\\jushes"
                            }
                        },
                        {
                            "values": {
                                "EventID": "13",
                                "ProcessId": "6460",
                                "EventType": "SetValue",
                                "Image": "C:\\Users\\george\\AppData\\Roaming\\jushes.exe",
                                "ProcessGuid": "{C784477D-518F-638C-8F0A-000000004700}",
                                "UtcTime": "1670140305",
                                "Details": "C:\\Users\\george\\AppData\\Roaming\\jushes.exe",
                                "RuleName": "T1060,RunKey",
                                "TargetObject": "HKU\\S-1-5-21-1015118539-3749460369-599379286-1001\\Software\\Microsoft\\Windows\\CurrentVersion\\Run\\jushes"
                            }
                        },
                        {
                            "values": {
                                "EventID": "13",
                                "ProcessId": "3728",
                                "EventType": "SetValue",
                                "Image": "C:\\Users\\george\\AppData\\Roaming\\jushes.exe",
                                "RuleName": "T1060,RunKey",
                                "UtcTime": "1670140305",
                                "Details": "C:\\Users\\george\\AppData\\Roaming\\jushes.exe",
                                "ProcessGuid": "{C784477D-5179-638C-860A-000000004700}",
                                "TargetObject": "HKU\\S-1-5-21-1015118539-3749460369-599379286-1001\\Software\\Microsoft\\Windows\\CurrentVersion\\Run\\jushes"
                            }
                        },
                        {
                            "values": {
                                "EventID": "13",
                                "ProcessId": "6896",
                                "EventType": "SetValue",
                                "Image": "C:\\Users\\george\\AppData\\Roaming\\jushes.exe",
                                "ProcessGuid": "{C784477D-5181-638C-8A0A-000000004700}",
                                "UtcTime": "1670140314",
                                "Details": "C:\\Users\\george\\AppData\\Roaming\\jushes.exe",
                                "RuleName": "T1060,RunKey",
                                "TargetObject": "HKU\\S-1-5-21-1015118539-3749460369-599379286-1001\\Software\\Microsoft\\Windows\\CurrentVersion\\Run\\jushes"
                            }
                        },
                        {
                            "values": {
                                "EventID": "13",
                                "ProcessId": "6460",
                                "EventType": "SetValue",
                                "Image": "C:\\Users\\george\\AppData\\Roaming\\jushes.exe",
                                "ProcessGuid": "{C784477D-518F-638C-8F0A-000000004700}",
                                "UtcTime": "1670140330",
                                "Details": "C:\\Users\\george\\AppData\\Roaming\\jushes.exe",
                                "RuleName": "T1060,RunKey",
                                "TargetObject": "HKU\\S-1-5-21-1015118539-3749460369-599379286-1001\\Software\\Microsoft\\Windows\\CurrentVersion\\Run\\jushes"
                            }
                        },
                        {
                            "values": {
                                "EventID": "13",
                                "ProcessId": "3728",
                                "EventType": "SetValue",
                                "Image": "C:\\Users\\george\\AppData\\Roaming\\jushes.exe",
                                "RuleName": "T1060,RunKey",
                                "UtcTime": "1670140333",
                                "Details": "C:\\Users\\george\\AppData\\Roaming\\jushes.exe",
                                "ProcessGuid": "{C784477D-5179-638C-860A-000000004700}",
                                "TargetObject": "HKU\\S-1-5-21-1015118539-3749460369-599379286-1001\\Software\\Microsoft\\Windows\\CurrentVersion\\Run\\jushes"
                            }
                        },
                        {
                            "values": {
                                "EventID": "13",
                                "ProcessId": "6896",
                                "EventType": "SetValue",
                                "Image": "C:\\Users\\george\\AppData\\Roaming\\jushes.exe",
                                "ProcessGuid": "{C784477D-5181-638C-8A0A-000000004700}",
                                "UtcTime": "1670140344",
                                "Details": "C:\\Users\\george\\AppData\\Roaming\\jushes.exe",
                                "RuleName": "T1060,RunKey",
                                "TargetObject": "HKU\\S-1-5-21-1015118539-3749460369-599379286-1001\\Software\\Microsoft\\Windows\\CurrentVersion\\Run\\jushes"
                            }
                        },
                        {
                            "values": {
                                "EventID": "13",
                                "ProcessId": "6460",
                                "EventType": "SetValue",
                                "Image": "C:\\Users\\george\\AppData\\Roaming\\jushes.exe",
                                "ProcessGuid": "{C784477D-518F-638C-8F0A-000000004700}",
                                "UtcTime": "1670140370",
                                "Details": "C:\\Users\\george\\AppData\\Roaming\\jushes.exe",
                                "RuleName": "T1060,RunKey",
                                "TargetObject": "HKU\\S-1-5-21-1015118539-3749460369-599379286-1001\\Software\\Microsoft\\Windows\\CurrentVersion\\Run\\jushes"
                            }
                        },
                        {
                            "values": {
                                "EventID": "13",
                                "ProcessId": "6896",
                                "EventType": "SetValue",
                                "Image": "C:\\Users\\george\\AppData\\Roaming\\jushes.exe",
                                "RuleName": "T1060,RunKey",
                                "UtcTime": "1670140387",
                                "Details": "C:\\Users\\george\\AppData\\Roaming\\jushes.exe",
                                "ProcessGuid": "{C784477D-5181-638C-8A0A-000000004700}",
                                "TargetObject": "HKU\\S-1-5-21-1015118539-3749460369-599379286-1001\\Software\\Microsoft\\Windows\\CurrentVersion\\Run\\jushes"
                            }
                        },
                        {
                            "values": {
                                "EventID": "13",
                                "ProcessId": "5952",
                                "EventType": "SetValue",
                                "Image": "C:\\Users\\george\\AppData\\Roaming\\jushes.exe",
                                "RuleName": "T1060,RunKey",
                                "UtcTime": "1670140389",
                                "Details": "C:\\Users\\george\\AppData\\Roaming\\jushes.exe",
                                "ProcessGuid": "{C784477D-516D-638C-830A-000000004700}",
                                "TargetObject": "HKU\\S-1-5-21-1015118539-3749460369-599379286-1001\\Software\\Microsoft\\Windows\\CurrentVersion\\Run\\jushes"
                            }
                        },
                        {
                            "values": {
                                "EventID": "13",
                                "ProcessId": "6460",
                                "EventType": "SetValue",
                                "Image": "C:\\Users\\george\\AppData\\Roaming\\jushes.exe",
                                "RuleName": "T1060,RunKey",
                                "UtcTime": "1670140401",
                                "Details": "C:\\Users\\george\\AppData\\Roaming\\jushes.exe",
                                "ProcessGuid": "{C784477D-518F-638C-8F0A-000000004700}",
                                "TargetObject": "HKU\\S-1-5-21-1015118539-3749460369-599379286-1001\\Software\\Microsoft\\Windows\\CurrentVersion\\Run\\jushes"
                            }
                        },
                        {
                            "values": {
                                "EventID": "13",
                                "ProcessId": "6896",
                                "EventType": "SetValue",
                                "Image": "C:\\Users\\george\\AppData\\Roaming\\jushes.exe",
                                "ProcessGuid": "{C784477D-5181-638C-8A0A-000000004700}",
                                "UtcTime": "1670140422",
                                "Details": "C:\\Users\\george\\AppData\\Roaming\\jushes.exe",
                                "RuleName": "T1060,RunKey",
                                "TargetObject": "HKU\\S-1-5-21-1015118539-3749460369-599379286-1001\\Software\\Microsoft\\Windows\\CurrentVersion\\Run\\jushes"
                            }
                        },
                        {
                            "values": {
                                "EventID": "13",
                                "ProcessId": "5952",
                                "EventType": "SetValue",
                                "Image": "C:\\Users\\george\\AppData\\Roaming\\jushes.exe",
                                "ProcessGuid": "{C784477D-516D-638C-830A-000000004700}",
                                "UtcTime": "1670140426",
                                "Details": "C:\\Users\\george\\AppData\\Roaming\\jushes.exe",
                                "RuleName": "T1060,RunKey",
                                "TargetObject": "HKU\\S-1-5-21-1015118539-3749460369-599379286-1001\\Software\\Microsoft\\Windows\\CurrentVersion\\Run\\jushes"
                            }
                        }
                    ],
                    "rule_level": "medium",
                    "rule_description": "Detects modification of autostart extensibility point (ASEP) in registry.",
                    "rule_source": "Sigma Integrated Rule Set (GitHub)",
                    "rule_title": "CurrentVersion Autorun Keys Modification",
                    "rule_id": "8b5db9da5732dc549b0e8b56fe5933d7c95ed760f3ac20568ab95347ef8c5bcc",
                    "rule_author": "Victor Sergeev, Daniil Yugoslavskiy, Gleb Sukhodolskiy, Timur Zinniatullin, oscd.community, Tim Shelton, frack113 (split)"
                },
                {
                    "match_context": [
                        {
                            "values": {
                                "EventID": "11",
                                "ProcessId": "6636",
                                "TargetFilename": "C:\\Users\\george\\AppData\\Roaming\\jushes.exe",
                                "RuleName": "EXE",
                                "CreationUtcTime": "1670140266",
                                "UtcTime": "1670140266",
                                "ProcessGuid": "{C784477D-516A-638C-800A-000000004700}",
                                "Image": "C:\\Users\\george\\Desktop\\program.exe"
                            }
                        },
                        {
                            "values": {
                                "EventID": "11",
                                "ProcessId": "5952",
                                "TargetFilename": "C:\\Users\\george\\AppData\\Roaming\\Microsoft\\Windows\\Start Menu\\Programs\\Startup\\jushes.exe",
                                "ProcessGuid": "{C784477D-516D-638C-830A-000000004700}",
                                "CreationUtcTime": "1670140270",
                                "UtcTime": "1670140270",
                                "RuleName": "T1023",
                                "Image": "C:\\Users\\george\\AppData\\Roaming\\jushes.exe"
                            }
                        },
                        {
                            "values": {
                                "EventID": "11",
                                "ProcessId": "3728",
                                "Image": "C:\\Users\\george\\AppData\\Roaming\\jushes.exe",
                                "RuleName": "T1023",
                                "CreationUtcTime": "1670140270",
                                "UtcTime": "1670140282",
                                "ProcessGuid": "{C784477D-5179-638C-860A-000000004700}",
                                "TargetFilename": "C:\\Users\\george\\AppData\\Roaming\\Microsoft\\Windows\\Start Menu\\Programs\\Startup\\jushes.exe"
                            }
                        },
                        {
                            "values": {
                                "EventID": "11",
                                "ProcessId": "6896",
                                "Image": "C:\\Users\\george\\AppData\\Roaming\\jushes.exe",
                                "ProcessGuid": "{C784477D-5181-638C-8A0A-000000004700}",
                                "CreationUtcTime": "1670140270",
                                "UtcTime": "1670140290",
                                "RuleName": "T1023",
                                "TargetFilename": "C:\\Users\\george\\AppData\\Roaming\\Microsoft\\Windows\\Start Menu\\Programs\\Startup\\jushes.exe"
                            }
                        },
                        {
                            "values": {
                                "EventID": "11",
                                "ProcessId": "6460",
                                "TargetFilename": "C:\\Users\\george\\AppData\\Roaming\\Microsoft\\Windows\\Start Menu\\Programs\\Startup\\jushes.exe",
                                "RuleName": "T1023",
                                "CreationUtcTime": "1670140270",
                                "UtcTime": "1670140305",
                                "ProcessGuid": "{C784477D-518F-638C-8F0A-000000004700}",
                                "Image": "C:\\Users\\george\\AppData\\Roaming\\jushes.exe"
                            }
                        },
                        {
                            "values": {
                                "EventID": "11",
                                "ProcessId": "5952",
                                "Image": "C:\\Users\\george\\AppData\\Roaming\\jushes.exe",
                                "ProcessGuid": "{C784477D-516D-638C-830A-000000004700}",
                                "CreationUtcTime": "1670140270",
                                "UtcTime": "1670140307",
                                "RuleName": "T1023",
                                "TargetFilename": "C:\\Users\\george\\AppData\\Roaming\\Microsoft\\Windows\\Start Menu\\Programs\\Startup\\jushes.exe"
                            }
                        },
                        {
                            "values": {
                                "EventID": "11",
                                "ProcessId": "3728",
                                "Image": "C:\\Users\\george\\AppData\\Roaming\\jushes.exe",
                                "ProcessGuid": "{C784477D-5179-638C-860A-000000004700}",
                                "CreationUtcTime": "1670140270",
                                "UtcTime": "1670140345",
                                "RuleName": "T1023",
                                "TargetFilename": "C:\\Users\\george\\AppData\\Roaming\\Microsoft\\Windows\\Start Menu\\Programs\\Startup\\jushes.exe"
                            }
                        },
