{
    "data": {
        "id": "2da0f97b01ab110f908182cf1ce24fb7bf2e6f3f0c1bc848dd9680b60a8951ec",
        "type": "file",
        "links": {
            "self": "https://www.virustotal.com/api/v3/files/2da0f97b01ab110f908182cf1ce24fb7bf2e6f3f0c1bc848dd9680b60a8951ec"
        },
        "attributes": {
            "detectiteasy": {
                "filetype": "PE32",
                "values": [
                    {
                        "info": "NRV,brute",
                        "version": "3.04",
                        "type": "Packer",
                        "name": "UPX"
                    },
                    {
                        "info": "Native",
                        "version": "6.00.8783",
                        "type": "Compiler",
                        "name": "Visual Basic"
                    },
                    {
                        "version": "6.0",
                        "type": "Linker",
                        "name": "Microsoft Linker"
                    }
                ]
            },
            "ssdeep": "1536:bAWsWMsSTC3Ny+E9xvOLryqrzp8ucfJd35c6:1oC3Ny+E903D61nb",
            "tlsh": "T13A43F160FF899287E07B47748F2F2F7505269C3A0BA61B1E63683B7E1875243F806620",
            "sigma_analysis_results": [
                {
                    "match_context": [
                        {
                            "values": {
                                "TerminalSessionId": "1",
                                "ProcessGuid": "{C784477D-C481-638A-730A-000000004700}",
                                "ProcessId": "6480",
                                "Product": "Microsoft\\xae Windows\\xae Operating System",
                                "Description": "Windows host process (Rundll32)",
                                "Company": "Microsoft Corporation",
                                "ParentProcessGuid": "{C784477D-C47E-638A-670A-000000004700}",
                                "User": "DESKTOP-B0T93D6\\george",
                                "Hashes": "MD5=D7CA562B0DB4F4DD0F03A89A1FDAD63D,SHA256=4E15AA13A02798E924C63537E458A09415C48DAE0E7AFD5A3D25532A2AA935EE,IMPHASH=BB17B2FBBFF4BBF5EBDCA7D0BB9E4A5B",
                                "OriginalFileName": "RUNDLL32.EXE",
                                "ParentImage": "C:\\Users\\george\\Desktop\\program.exe",
                                "FileVersion": "10.0.17134.1 (WinBuild.160101.0800)",
                                "ParentProcessId": "6264",
                                "CurrentDirectory": "C:\\Users\\george\\Desktop\\",
                                "CommandLine": "Rundll32.exe setupapi,InstallHinfSection DefaultInstall 128 C:\\Users\\george\\AppData\\Roaming\\mdinstall.inf",
                                "EventID": "1",
                                "LogonGuid": "C784477D-2131-6386-6683-040000000000",
                                "LogonId": "295782",
                                "Image": "C:\\Windows\\SysWOW64\\rundll32.exe",
                                "IntegrityLevel": "High",
                                "ParentCommandLine": "\"C:\\Users\\george\\Desktop\\program.exe\"",
                                "UtcTime": "1670038657",
                                "RuleName": "-"
                            }
                        }
                    ],
                    "rule_level": "high",
                    "rule_description": "Detects the execution of rundll32 with a command line that doesn't contain a .dll file",
                    "rule_source": "Sigma Integrated Rule Set (GitHub)",
                    "rule_title": "Rundll32 Execution Without DLL File",
                    "rule_id": "e7856bac967038b016efab8e4f315a2f16ccd6ba62f20d73df0ad3826fe654a3",
                    "rule_author": "Tim Shelton, Florian Roth, Yassine Oukessou (fix + fp)"
                },
                {
                    "match_context": [
                        {
                            "values": {
                                "EventID": "13",
                                "ProcessId": "6264",
                                "EventType": "SetValue",
                                "Image": "C:\\Users\\george\\Desktop\\program.exe",
                                "ProcessGuid": "{C784477D-C47E-638A-670A-000000004700}",
                                "UtcTime": "1670038656",
                                "Details": "C:\\Users\\george\\AppData\\Roaming\\hfvarvs.exe",
                                "RuleName": "T1060,RunKey",
                                "TargetObject": "HKLM\\SOFTWARE\\WOW6432Node\\Microsoft\\Windows\\CurrentVersion\\Run\\7y1ia8"
                            }
                        }
                    ],
                    "rule_level": "medium",
                    "rule_description": "Detects modification of autostart extensibility point (ASEP) in registry.",
                    "rule_source": "Sigma Integrated Rule Set (GitHub)",
                    "rule_title": "Wow6432Node CurrentVersion Autorun Keys Modification",
                    "rule_id": "18842e32896dd83b8aca4d5e1ac78c1f66b1d252479c0023cdd02f108c42c8cd",
                    "rule_author": "Victor Sergeev, Daniil Yugoslavskiy, Gleb Sukhodolskiy, Timur Zinniatullin, oscd.community, Tim Shelton, frack113 (split)"
                },
                {
                    "match_context": [
                        {
                            "values": {
                                "TerminalSessionId": "1",
                                "ProcessGuid": "{C784477D-C481-638A-730A-000000004700}",
                                "ProcessId": "6480",
                                "Product": "Microsoft\\xae Windows\\xae Operating System",
                                "Description": "Windows host process (Rundll32)",
                                "Company": "Microsoft Corporation",
                                "ParentProcessGuid": "{C784477D-C47E-638A-670A-000000004700}",
                                "User": "DESKTOP-B0T93D6\\george",
                                "Hashes": "MD5=D7CA562B0DB4F4DD0F03A89A1FDAD63D,SHA256=4E15AA13A02798E924C63537E458A09415C48DAE0E7AFD5A3D25532A2AA935EE,IMPHASH=BB17B2FBBFF4BBF5EBDCA7D0BB9E4A5B",
                                "OriginalFileName": "RUNDLL32.EXE",
                                "ParentImage": "C:\\Users\\george\\Desktop\\program.exe",
                                "FileVersion": "10.0.17134.1 (WinBuild.160101.0800)",
                                "ParentProcessId": "6264",
                                "CurrentDirectory": "C:\\Users\\george\\Desktop\\",
                                "CommandLine": "Rundll32.exe setupapi,InstallHinfSection DefaultInstall 128 C:\\Users\\george\\AppData\\Roaming\\mdinstall.inf",
                                "EventID": "1",
                                "LogonGuid": "C784477D-2131-6386-6683-040000000000",
                                "LogonId": "295782",
                                "Image": "C:\\Windows\\SysWOW64\\rundll32.exe",
                                "IntegrityLevel": "High",
                                "ParentCommandLine": "\"C:\\Users\\george\\Desktop\\program.exe\"",
                                "UtcTime": "1670038657",
                                "RuleName": "-"
                            }
                        }
                    ],
                    "rule_level": "medium",
                    "rule_description": "Detects use of rundll32 as a LOLBAS binary where rundll32 is passed unexpected arguments such as a .iso instead of .dll (i.e. rundll32.exe test.iso, evilexport).",
                    "rule_source": "SOC Prime Threat Detection Marketplace",
                    "rule_title": "LOLBAS rundll32 without expected arguments (via cmdline)",
                    "rule_id": "2fd6d2b16365ba7157eee4934b406ac7d530b4ec62cc1b45c69ee4f07989f139",
                    "rule_author": "SOC Prime Team"
                },
                {
                    "match_context": [
                        {
                            "values": {
                                "EventID": "13",
                                "ProcessId": "644",
                                "EventType": "SetValue",
                                "Image": "C:\\Windows\\system32\\services.exe",
                                "RuleName": "T1031,T1050",
                                "UtcTime": "1670038658",
                                "Details": "C:\\Users\\george\\AppData\\Roaming\\MouseDriver.bat",
                                "ProcessGuid": "{C784477D-212C-6386-0B00-000000004700}",
                                "TargetObject": "HKLM\\System\\CurrentControlSet\\Services\\MouseDriver\\ImagePath"
                            }
                        }
                    ],
                    "rule_level": "medium",
                    "rule_description": "Detect the creation of a service with a service binary located in a uncommon directory",
                    "rule_source": "Sigma Integrated Rule Set (GitHub)",
                    "rule_title": "Service Binary in Uncommon Folder",
                    "rule_id": "a55e06a3fb02c5ab9e6338bc2b61d50ebaa7e4236c27862400b7633243f477be",
                    "rule_author": "Florian Roth"
                },
                {
                    "match_context": [
                        {
                            "values": {
                                "TerminalSessionId": "1",
                                "ProcessGuid": "{C784477D-C480-638A-690A-000000004700}",
                                "ProcessId": "3088",
                                "Product": "Microsoft\\xae Windows\\xae Operating System",
                                "Description": "Service Control Manager Configuration Tool",
                                "Company": "Microsoft Corporation",
                                "ParentProcessGuid": "{C784477D-C47E-638A-670A-000000004700}",
                                "User": "DESKTOP-B0T93D6\\george",
                                "Hashes": "MD5=24A3E2603E63BCB9695A2935D3B24695,SHA256=3047D5C22A245D1E4294FCD547EC5FB0F2E5EF030B764424ACC74E7744FBE32E,IMPHASH=B037D0ADB81BF9CFC651DE01742089F1",
                                "OriginalFileName": "sc.exe",
                                "ParentImage": "C:\\Users\\george\\Desktop\\program.exe",
                                "FileVersion": "10.0.17134.1 (WinBuild.160101.0800)",
                                "ParentProcessId": "6264",
                                "CurrentDirectory": "C:\\Users\\george\\Desktop\\",
                                "CommandLine": "sc config wscsvc start= DISABLED",
                                "EventID": "1",
                                "LogonGuid": "C784477D-2131-6386-6683-040000000000",
                                "LogonId": "295782",
                                "Image": "C:\\Windows\\SysWOW64\\sc.exe",
                                "IntegrityLevel": "High",
                                "ParentCommandLine": "\"C:\\Users\\george\\Desktop\\program.exe\"",
                                "UtcTime": "1670038656",
                                "RuleName": "-"
                            }
                        },
                        {
                            "values": {
                                "TerminalSessionId": "1",
                                "ProcessGuid": "{C784477D-C480-638A-6D0A-000000004700}",
                                "ProcessId": "4100",
                                "Product": "Microsoft\\xae Windows\\xae Operating System",
                                "Description": "Service Control Manager Configuration Tool",
                                "Company": "Microsoft Corporation",
                                "ParentProcessGuid": "{C784477D-C47E-638A-670A-000000004700}",
                                "User": "DESKTOP-B0T93D6\\george",
                                "Hashes": "MD5=24A3E2603E63BCB9695A2935D3B24695,SHA256=3047D5C22A245D1E4294FCD547EC5FB0F2E5EF030B764424ACC74E7744FBE32E,IMPHASH=B037D0ADB81BF9CFC651DE01742089F1",
                                "OriginalFileName": "sc.exe",
                                "ParentImage": "C:\\Users\\george\\Desktop\\program.exe",
                                "FileVersion": "10.0.17134.1 (WinBuild.160101.0800)",
                                "ParentProcessId": "6264",
                                "CurrentDirectory": "C:\\Users\\george\\Desktop\\",
                                "CommandLine": "sc config SharedAccess start= DISABLED",
                                "EventID": "1",
                                "LogonGuid": "C784477D-2131-6386-6683-040000000000",
                                "LogonId": "295782",
                                "Image": "C:\\Windows\\SysWOW64\\sc.exe",
                                "IntegrityLevel": "High",
                                "ParentCommandLine": "\"C:\\Users\\george\\Desktop\\program.exe\"",
                                "UtcTime": "1670038656",
                                "RuleName": "-"
                            }
                        }
                    ],
                    "rule_level": "medium",
                    "rule_description": "Detects when attackers use \"sc.exe\" or the powershell \"Set-Service\" cmdlet to change the startup type of a service to \"disabled\"",
                    "rule_source": "Sigma Integrated Rule Set (GitHub)",
                    "rule_title": "Sc Or Set-Service Cmdlet Execution to Disable Services",
                    "rule_id": "b55af83c751d2c7bca8dbba245a97017e34109bff34fd50b02f60a91111ea703",
                    "rule_author": "Nasreddine Bencherchali"
                },
                {
                    "match_context": [
                        {
                            "values": {
                                "TerminalSessionId": "1",
                                "ProcessGuid": "{C784477D-C480-638A-680A-000000004700}",
                                "ProcessId": "6568",
                                "Product": "Microsoft\\xae Windows\\xae Operating System",
                                "Description": "Net Command",
                                "Company": "Microsoft Corporation",
                                "ParentProcessGuid": "{C784477D-C47E-638A-670A-000000004700}",
                                "User": "DESKTOP-B0T93D6\\george",
                                "Hashes": "MD5=DD0561156F62BC1958CE0E370B23711B,SHA256=FD41D0261C6D22572DA448BCB5CBBB98F78A2922D1F1074D25237CC82C8CE432,IMPHASH=86350518EAE83E4A09BBF6317BA1C570",
                                "OriginalFileName": "net.exe",
                                "ParentImage": "C:\\Users\\george\\Desktop\\program.exe",
                                "FileVersion": "10.0.17134.1 (WinBuild.160101.0800)",
                                "ParentProcessId": "6264",
                                "CurrentDirectory": "C:\\Users\\george\\Desktop\\",
                                "CommandLine": "net.exe stop \"Security Center\"",
                                "EventID": "1",
                                "LogonGuid": "C784477D-2131-6386-6683-040000000000",
                                "LogonId": "295782",
                                "Image": "C:\\Windows\\SysWOW64\\net.exe",
                                "IntegrityLevel": "High",
                                "ParentCommandLine": "\"C:\\Users\\george\\Desktop\\program.exe\"",
                                "UtcTime": "1670038656",
                                "RuleName": "-"
                            }
                        },
                        {
                            "values": {
                                "TerminalSessionId": "1",
                                "ProcessGuid": "{C784477D-C480-638A-6B0A-000000004700}",
                                "ProcessId": "5196",
                                "Product": "Microsoft\\xae Windows\\xae Operating System",
                                "Description": "Net Command",
                                "Company": "Microsoft Corporation",
                                "ParentProcessGuid": "{C784477D-C47E-638A-670A-000000004700}",
                                "User": "DESKTOP-B0T93D6\\george",
                                "Hashes": "MD5=DD0561156F62BC1958CE0E370B23711B,SHA256=FD41D0261C6D22572DA448BCB5CBBB98F78A2922D1F1074D25237CC82C8CE432,IMPHASH=86350518EAE83E4A09BBF6317BA1C570",
                                "OriginalFileName": "net.exe",
                                "ParentImage": "C:\\Users\\george\\Desktop\\program.exe",
                                "FileVersion": "10.0.17134.1 (WinBuild.160101.0800)",
                                "ParentProcessId": "6264",
                                "CurrentDirectory": "C:\\Users\\george\\Desktop\\",
                                "CommandLine": "net.exe stop \"Windows Firewall/Internet Connection Sharing (ICS)\"",
                                "EventID": "1",
                                "LogonGuid": "C784477D-2131-6386-6683-040000000000",
                                "LogonId": "295782",
                                "Image": "C:\\Windows\\SysWOW64\\net.exe",
                                "IntegrityLevel": "High",
                                "ParentCommandLine": "\"C:\\Users\\george\\Desktop\\program.exe\"",
                                "UtcTime": "1670038656",
                                "RuleName": "-"
                            }
                        },
                        {
                            "values": {
                                "TerminalSessionId": "1",
                                "ProcessGuid": "{C784477D-C480-638A-6F0A-000000004700}",
                                "ProcessId": "1384",
                                "Product": "Microsoft\\xae Windows\\xae Operating System",
                                "Description": "Net Command",
                                "Company": "Microsoft Corporation",
                                "ParentProcessGuid": "{C784477D-C480-638A-680A-000000004700}",
                                "User": "DESKTOP-B0T93D6\\george",
                                "Hashes": "MD5=B5A26C2BF17222E86B91D26F1247AF3E,SHA256=14CC5BE4C833ACC652195DEAD113E1C3B4AC0B98EA1AEAD11957836F9AE721CF,IMPHASH=3D3E7537BD3BA07738DC5CA8AD01B073",
                                "OriginalFileName": "net1.exe",
                                "ParentImage": "C:\\Windows\\SysWOW64\\net.exe",
                                "FileVersion": "10.0.17134.1 (WinBuild.160101.0800)",
                                "ParentProcessId": "6568",
                                "CurrentDirectory": "C:\\Users\\george\\Desktop\\",
                                "CommandLine": "C:\\Windows\\system32\\net1 stop \"Security Center\"",
                                "EventID": "1",
                                "LogonGuid": "C784477D-2131-6386-6683-040000000000",
                                "LogonId": "295782",
                                "Image": "C:\\Windows\\SysWOW64\\net1.exe",
                                "IntegrityLevel": "High",
                                "ParentCommandLine": "net.exe stop \"Security Center\"",
                                "UtcTime": "1670038656",
                                "RuleName": "-"
                            }
                        },
                        {
                            "values": {
                                "TerminalSessionId": "1",
                                "ProcessGuid": "{C784477D-C481-638A-720A-000000004700}",
                                "ProcessId": "5036",
                                "Product": "Microsoft\\xae Windows\\xae Operating System",
                                "Description": "Net Command",
                                "Company": "Microsoft Corporation",
                                "ParentProcessGuid": "{C784477D-C480-638A-6B0A-000000004700}",
                                "User": "DESKTOP-B0T93D6\\george",
                                "Hashes": "MD5=B5A26C2BF17222E86B91D26F1247AF3E,SHA256=14CC5BE4C833ACC652195DEAD113E1C3B4AC0B98EA1AEAD11957836F9AE721CF,IMPHASH=3D3E7537BD3BA07738DC5CA8AD01B073",
                                "OriginalFileName": "net1.exe",
                                "ParentImage": "C:\\Windows\\SysWOW64\\net.exe",
                                "FileVersion": "10.0.17134.1 (WinBuild.160101.0800)",
                                "ParentProcessId": "5196",
                                "CurrentDirectory": "C:\\Users\\george\\Desktop\\",
                                "CommandLine": "C:\\Windows\\system32\\net1 stop \"Windows Firewall/Internet Connection Sharing (ICS)\"",
                                "EventID": "1",
                                "LogonGuid": "C784477D-2131-6386-6683-040000000000",
                                "LogonId": "295782",
                                "Image": "C:\\Windows\\SysWOW64\\net1.exe",
                                "IntegrityLevel": "High",
                                "ParentCommandLine": "net.exe stop \"Windows Firewall/Internet Connection Sharing (ICS)\"",
                                "UtcTime": "1670038657",
                                "RuleName": "-"
                            }
                        }
                    ],
                    "rule_level": "low",
                    "rule_description": "Detects a windows service to be stopped",
                    "rule_source": "Sigma Integrated Rule Set (GitHub)",
                    "rule_title": "Stop Windows Service",
                    "rule_id": "9afc79c8a56e6e5c4cbd55d203a7dce8efc4ed28aa315b736c842a88b1d3dd0e",
                    "rule_author": "Jakob Weinzettl, oscd.community, Nasreddine Bencherchali"
                },
                {
                    "match_context": [
                        {
                            "values": {
                                "EventID": "11",
                                "ProcessId": "6264",
                                "Image": "C:\\Users\\george\\Desktop\\program.exe",
                                "ProcessGuid": "{C784477D-C47E-638A-670A-000000004700}",
                                "CreationUtcTime": "1670038655",
                                "UtcTime": "1670038655",
                                "RuleName": "EXE",
                                "TargetFilename": "C:\\Users\\george\\AppData\\Roaming\\hfvarvs.exe"
                            }
                        }
                    ],
                    "rule_level": "low",
                    "rule_description": "Detects the creation of an executable by another executable",
                    "rule_source": "Sigma Integrated Rule Set (GitHub)",
                    "rule_title": "Creation of an Executable by an Executable",
                    "rule_id": "b5386a23355681c43cfbd2f2ccfe4b16ed45324d0d7b5583487a9f302ee1e427",
                    "rule_author": "frack113"
                },
                {
                    "match_context": [
                        {
                            "values": {
                                "TerminalSessionId": "1",
                                "ProcessGuid": "{C784477D-C480-638A-680A-000000004700}",
                                "ProcessId": "6568",
                                "Product": "Microsoft\\xae Windows\\xae Operating System",
                                "Description": "Net Command",
                                "Company": "Microsoft Corporation",
                                "ParentProcessGuid": "{C784477D-C47E-638A-670A-000000004700}",
                                "User": "DESKTOP-B0T93D6\\george",
                                "Hashes": "MD5=DD0561156F62BC1958CE0E370B23711B,SHA256=FD41D0261C6D22572DA448BCB5CBBB98F78A2922D1F1074D25237CC82C8CE432,IMPHASH=86350518EAE83E4A09BBF6317BA1C570",
                                "OriginalFileName": "net.exe",
                                "ParentImage": "C:\\Users\\george\\Desktop\\program.exe",
                                "FileVersion": "10.0.17134.1 (WinBuild.160101.0800)",
                                "ParentProcessId": "6264",
                                "CurrentDirectory": "C:\\Users\\george\\Desktop\\",
                                "CommandLine": "net.exe stop \"Security Center\"",
                                "EventID": "1",
                                "LogonGuid": "C784477D-2131-6386-6683-040000000000",
                                "LogonId": "295782",
                                "Image": "C:\\Windows\\SysWOW64\\net.exe",
                                "IntegrityLevel": "High",
                                "ParentCommandLine": "\"C:\\Users\\george\\Desktop\\program.exe\"",
                                "UtcTime": "1670038656",
                                "RuleName": "-"
                            }
                        },
                        {
                            "values": {
                                "TerminalSessionId": "1",
                                "ProcessGuid": "{C784477D-C480-638A-6B0A-000000004700}",
                                "ProcessId": "5196",
                                "Product": "Microsoft\\xae Windows\\xae Operating System",
                                "Description": "Net Command",
                                "Company": "Microsoft Corporation",
                                "ParentProcessGuid": "{C784477D-C47E-638A-670A-000000004700}",
                                "User": "DESKTOP-B0T93D6\\george",
                                "Hashes": "MD5=DD0561156F62BC1958CE0E370B23711B,SHA256=FD41D0261C6D22572DA448BCB5CBBB98F78A2922D1F1074D25237CC82C8CE432,IMPHASH=86350518EAE83E4A09BBF6317BA1C570",
                                "OriginalFileName": "net.exe",
                                "ParentImage": "C:\\Users\\george\\Desktop\\program.exe",
                                "FileVersion": "10.0.17134.1 (WinBuild.160101.0800)",
                                "ParentProcessId": "6264",
                                "CurrentDirectory": "C:\\Users\\george\\Desktop\\",
                                "CommandLine": "net.exe stop \"Windows Firewall/Internet Connection Sharing (ICS)\"",
                                "EventID": "1",
                                "LogonGuid": "C784477D-2131-6386-6683-040000000000",
                                "LogonId": "295782",
                                "Image": "C:\\Windows\\SysWOW64\\net.exe",
                                "IntegrityLevel": "High",
                                "ParentCommandLine": "\"C:\\Users\\george\\Desktop\\program.exe\"",
                                "UtcTime": "1670038656",
                                "RuleName": "-"
                            }
                        },
                        {
                            "values": {
                                "TerminalSessionId": "1",
                                "ProcessGuid": "{C784477D-C480-638A-6F0A-000000004700}",
                                "ProcessId": "1384",
                                "Product": "Microsoft\\xae Windows\\xae Operating System",
                                "Description": "Net Command",
                                "Company": "Microsoft Corporation",
                                "ParentProcessGuid": "{C784477D-C480-638A-680A-000000004700}",
                                "User": "DESKTOP-B0T93D6\\george",
                                "Hashes": "MD5=B5A26C2BF17222E86B91D26F1247AF3E,SHA256=14CC5BE4C833ACC652195DEAD113E1C3B4AC0B98EA1AEAD11957836F9AE721CF,IMPHASH=3D3E7537BD3BA07738DC5CA8AD01B073",
                                "OriginalFileName": "net1.exe",
                                "ParentImage": "C:\\Windows\\SysWOW64\\net.exe",
                                "FileVersion": "10.0.17134.1 (WinBuild.160101.0800)",
                                "ParentProcessId": "6568",
                                "CurrentDirectory": "C:\\Users\\george\\Desktop\\",
                                "CommandLine": "C:\\Windows\\system32\\net1 stop \"Security Center\"",
                                "EventID": "1",
                                "LogonGuid": "C784477D-2131-6386-6683-040000000000",
                                "LogonId": "295782",
                                "Image": "C:\\Windows\\SysWOW64\\net1.exe",
                                "IntegrityLevel": "High",
                                "ParentCommandLine": "net.exe stop \"Security Center\"",
                                "UtcTime": "1670038656",
                                "RuleName": "-"
                            }
                        },
