{
    "data": {
        "id": "3345cb7b3265020a72cfde39a986e2351f19e17e91b4c9c46b0e745509404e9e",
        "type": "file",
        "links": {
            "self": "https://www.virustotal.com/api/v3/files/3345cb7b3265020a72cfde39a986e2351f19e17e91b4c9c46b0e745509404e9e"
        },
        "attributes": {
            "last_submission_date": 1670077835,
            "first_submission_date": 1512306523,
            "crowdsourced_yara_results": [
                {
                    "description": "Detects destructive malware",
                    "author": "Florian Roth (Nextron Systems)",
                    "ruleset_name": "apt_olympic_destroyer",
                    "rule_name": "Destructive_Ransomware_Gen1",
                    "ruleset_id": "0002573660",
                    "match_in_subfile": true,
                    "source": "https://github.com/Neo23x0/signature-base"
                },
                {
                    "description": "detects Windows exceutables potentially bypassing UAC using eventvwr.exe",
                    "author": "ditekSHen",
                    "ruleset_name": "indicator_suspicious",
                    "rule_name": "INDICATOR_SUSPICIOUS_EXE_UACBypass_EventViewer",
                    "ruleset_id": "00c3b8eb5d",
                    "match_in_subfile": true,
                    "source": "https://github.com/ditekshen/detection"
                },
                {
                    "description": "Detects command variations typically used by ransomware",
                    "author": "ditekSHen",
                    "ruleset_name": "indicator_suspicious",
                    "rule_name": "INDICATOR_SUSPICIOUS_GENRansomware",
                    "ruleset_id": "00c3b8eb5d",
                    "match_in_subfile": true,
                    "source": "https://github.com/ditekshen/detection"
                }
            ],
            "detectiteasy": {
                "filetype": "PE32",
                "values": [
                    {
                        "info": "EXE32",
                        "version": "2008-2010",
                        "type": "Compiler",
                        "name": "EP:Microsoft Visual C/C++"
                    },
                    {
                        "info": "C++",
                        "version": "15.00.30729",
                        "type": "Compiler",
                        "name": "Microsoft Visual C/C++"
                    },
                    {
                        "version": "9.00.30729",
                        "type": "Linker",
                        "name": "Microsoft Linker"
                    },
                    {
                        "version": "2008",
                        "type": "Tool",
                        "name": "Visual Studio"
                    }
                ]
            },
            "total_votes": {
                "harmless": 0,
                "malicious": 0
            },
            "popular_threat_classification": {
                "suggested_threat_label": "trojan.sagecrypt/symmi",
                "popular_threat_category": [
                    {
                        "count": 22,
                        "value": "trojan"
                    },
                    {
                        "count": 7,
                        "value": "ransomware"
                    }
                ],
                "popular_threat_name": [
                    {
                        "count": 9,
                        "value": "sagecrypt"
                    },
                    {
                        "count": 8,
                        "value": "symmi"
                    },
                    {
                        "count": 2,
                        "value": "eomxv"
                    }
                ]
            },
            "meaningful_name": "Adobe Core Constructor",
            "sigma_analysis_summary": {
                "Sigma Integrated Rule Set (GitHub)": {
                    "high": 2,
                    "medium": 1,
                    "critical": 0,
                    "low": 1
                },
                "SOC Prime Threat Detection Marketplace": {
                    "high": 0,
                    "medium": 0,
                    "critical": 1,
                    "low": 0
                }
            },
            "filecondis": {
                "dhash": "00001a1e1d1c1c00",
                "raw_md5": "ca10546d38aa245654be1ea0d4536cfc"
            },
            "times_submitted": 6,
            "last_analysis_date": 1765859147,
            "crowdsourced_ids_results": [
                {
                    "rule_category": "A Network Trojan was detected",
                    "alert_severity": "high",
                    "rule_msg": "ET CNC Feodo Tracker Reported CnC Server group 3",
                    "rule_raw": "alert ip $HOME_NET any -> [109.219.126.249,109.57.68.154,110.23.76.9,110.4.255.247,111.125.157.230,112.141.184.246,115.178.55.22,115.247.12.66,116.125.120.88,117.248.109.38,120.150.218.241,121.122.99.151,121.122.99.223,12.172.173.82,122.129.203.163,123.3.240.16,1.234.21.73,128.199.232.159,128.199.93.156,129.232.146.250,130.43.107.232,130.43.99.103,131.106.168.223,134.122.119.23,136.232.184.134,136.244.25.165,136.35.241.159,137.186.193.226,138.197.64.211,138.197.68.35,138.207.238.47] any (msg:\"ET CNC Feodo Tracker Reported CnC Server group 3\"; reference:url,doc.emergingthreats.net/bin/view/Main/BotCC; reference:url,feodotracker.abuse.ch; threshold: type limit, track by_src, seconds 3600, count 1; flowbits:set,ET.Evil; flowbits:set,ET.BotccIP; classtype:trojan-activity; sid:2404302; rev:6662; metadata:affected_product Windows_XP_Vista_7_8_10_Server_32_64_Bit, attack_target Client_Endpoint, deployment Perimeter, tag Banking_Trojan, signature_severity Major, created_at 2014_11_04, updated_at 2022_11_30;)",
                    "rule_references": [
                        "https://doc.emergingthreats.net/bin/view/Main/BotCC",
                        "https://feodotracker.abuse.ch"
                    ],
                    "alert_context": [
                        {
                            "dest_ip": "138.197.64.211",
                            "dest_port": 13655
                        }
                    ],
                    "rule_url": "https://rules.emergingthreats.net/",
                    "rule_source": "Proofpoint Emerging Threats Open",
                    "rule_id": "1:2404302"
                },
                {
                    "rule_category": "attempted-recon",
                    "alert_severity": "medium",
                    "rule_msg": "(icmp4) ICMP destination unreachable communication administratively prohibited",
                    "rule_raw": "alert ( gid:116; sid:441; rev:2; msg:\"(icmp4) ICMP destination unreachable communication administratively prohibited\"; metadata: rule-type decode; classtype:attempted-recon;)",
                    "alert_context": [
                        {
                            "src_ip": "139.59.228.94"
                        },
                        {
                            "src_ip": "5.45.103.120"
                        }
                    ],
                    "rule_url": "https://www.snort.org/downloads/#rule-downloads",
                    "rule_source": "Snort registered user ruleset",
                    "rule_id": "116:441"
                },
                {
                    "rule_category": "attempted-recon",
                    "alert_severity": "medium",
                    "rule_msg": "(icmp4) ICMP destination unreachable communication with destination host is administratively prohibited",
                    "rule_raw": "alert ( gid:116; sid:442; rev:2; msg:\"(icmp4) ICMP destination unreachable communication with destination host is administratively prohibited\"; metadata: rule-type decode; classtype:attempted-recon;)",
                    "alert_context": [
                        {
                            "src_ip": "5.45.86.15"
                        }
                    ],
                    "rule_url": "https://www.snort.org/downloads/#rule-downloads",
                    "rule_source": "Snort registered user ruleset",
                    "rule_id": "116:442"
                },
                {
                    "rule_category": "misc-attack",
                    "alert_severity": "medium",
                    "rule_msg": "PROTOCOL-DNS large number of NXDOMAIN replies - possible DNS cache poisoning",
                    "rule_raw": "alert udp $EXTERNAL_NET 53 -> $HOME_NET any ( msg:\"PROTOCOL-DNS large number of NXDOMAIN replies - possible DNS cache poisoning\"; flow:to_client,no_stream; byte_test:1,&,2,3; byte_test:1,&,1,3; byte_test:1,&,128,2; detection_filter:track by_src,count 1000,seconds 5; metadata:policy max-detect-ips drop; service:dns; reference:cve,2008-1447; reference:cve,2009-0233; reference:url,technet.microsoft.com/en-us/security/bulletin/MS09-008; reference:url,www.kb.cert.org/vuls/id/800113; classtype:misc-attack; sid:13948; rev:13; )",
                    "rule_references": [
                        "https://cve.mitre.org/cgi-bin/cvename.cgi?name=2008-1447",
                        "https://cve.mitre.org/cgi-bin/cvename.cgi?name=2009-0233",
                        "https://technet.microsoft.com/en-us/security/bulletin/MS09-008",
                        "https://www.kb.cert.org/vuls/id/800113"
                    ],
                    "alert_context": [
                        {
                            "src_ip": "8.8.8.8",
                            "src_port": 53
                        }
                    ],
                    "rule_url": "https://www.snort.org/downloads/#rule-downloads",
                    "rule_source": "Snort registered user ruleset",
                    "rule_id": "1:13948"
                },
                {
                    "rule_category": "Misc Attack",
                    "alert_severity": "medium",
                    "rule_msg": "ET COMPROMISED Known Compromised or Hostile Host Traffic group 3",
                    "rule_raw": "alert ip [139.59.107.94,139.59.208.102,139.59.240.41,139.59.65.76,141.94.110.90,141.98.11.30,141.98.11.57,142.93.60.123,143.198.173.58,143.198.206.222,143.198.207.236,143.198.212.117,143.244.130.158,143.244.132.188,143.244.133.67,143.244.133.84,143.244.138.182,143.244.138.37,143.244.140.94,143.244.158.100,143.47.47.183,144.24.129.15,144.48.228.82,146.190.222.163,146.190.23.45,146.190.76.112,146.190.77.232,147.135.252.17,149.129.215.226,149.202.74.37] any -> $HOME_NET any (msg:\"ET COMPROMISED Known Compromised or Hostile Host Traffic group 3\"; reference:url,doc.emergingthreats.net/bin/view/Main/CompromisedHosts; threshold: type limit, track by_src, seconds 60, count 1; classtype:misc-attack; sid:2500004; rev:6364; metadata:affected_product Any, attack_target Any, deployment Perimeter, tag COMPROMISED, signature_severity Major, created_at 2011_04_28, updated_at 2022_11_30;)",
                    "rule_references": [
                        "https://doc.emergingthreats.net/bin/view/Main/CompromisedHosts"
                    ],
                    "alert_context": [
                        {
                            "src_ip": "139.59.107.94"
                        }
                    ],
                    "rule_url": "https://rules.emergingthreats.net/",
                    "rule_source": "Proofpoint Emerging Threats Open",
                    "rule_id": "1:2500004"
                },
                {
                    "rule_category": "Misc Attack",
                    "alert_severity": "medium",
                    "rule_msg": "ET 3CORESec Poor Reputation IP group 7",
                    "rule_raw": "alert ip [139.162.251.115,139.162.96.252,139.59.116.126,139.59.12.104,139.59.14.103,139.59.176.155,139.59.208.166,139.59.225.214,139.59.226.255,139.59.23.154,139.59.230.111,139.59.239.64,139.59.248.243,139.59.255.59,139.59.26.97,139.59.37.86,139.59.39.185,139.59.63.250,139.59.80.61,139.59.92.30,139.59.93.234,14.102.74.99,14.161.27.163,14.32.245.238,14.49.204.81,14.50.131.36,14.56.196.217,140.210.16.61,140.238.51.243,141.138.179.190,141.144.229.234,141.144.245.166,141.145.202.44,141.147.22.57,141.255.166.2,141.94.110.90,141.95.160.116,141.98.10.158,141.98.11.125,141.98.11.30,141.98.11.57,141.98.252.168,141.98.82.22,141.98.83.139,142.44.240.83,142.93.14.124,142.93.145.85,142.93.168.20,142.93.95.77,143.110.176.216] any -> $HOME_NET any (msg:\"ET 3CORESec Poor Reputation IP group 7\"; reference:url,blacklist.3coresec.net/lists/et-open.txt; threshold: type limit, track by_src, seconds 3600, count 1; classtype:misc-attack; sid:2525006; rev:617; metadata:affected_product Any, attack_target Any, deployment Perimeter, tag 3CORESec, signature_severity Major, created_at 2020_07_20, updated_at 2022_11_30;)",
                    "rule_references": [
                        "https://blacklist.3coresec.net/lists/et-open.txt"
                    ],
                    "alert_context": [
                        {
                            "src_ip": "139.59.37.86"
                        }
                    ],
                    "rule_url": "https://rules.emergingthreats.net/",
                    "rule_source": "Proofpoint Emerging Threats Open",
                    "rule_id": "1:2525006"
                },
                {
                    "rule_category": "misc-activity",
                    "alert_severity": "low",
                    "rule_msg": "PROTOCOL-ICMP Destination Unreachable Host Unreachable",
                    "rule_raw": "alert icmp $EXTERNAL_NET any -> $HOME_NET any ( msg:\"PROTOCOL-ICMP Destination Unreachable Host Unreachable\"; icode:1; itype:3; metadata:ruleset community; classtype:misc-activity; sid:399; rev:9; )",
                    "alert_context": [
                        {
                            "src_ip": "118.33.8.2"
                        },
                        {
                            "src_ip": "211.114.116.17"
                        }
                    ],
                    "rule_url": "https://www.snort.org/downloads/#rule-downloads",
                    "rule_source": "Snort registered user ruleset",
                    "rule_id": "1:399"
                },
                {
                    "rule_category": "misc-activity",
                    "alert_severity": "low",
                    "rule_msg": "PROTOCOL-ICMP Destination Unreachable Network Unreachable",
                    "rule_raw": "alert icmp $EXTERNAL_NET any -> $HOME_NET any ( msg:\"PROTOCOL-ICMP Destination Unreachable Network Unreachable\"; icode:0; itype:3; metadata:ruleset community; classtype:misc-activity; sid:401; rev:9; )",
                    "alert_context": [
                        {
                            "src_ip": "172.253.66.148"
                        }
                    ],
                    "rule_url": "https://www.snort.org/downloads/#rule-downloads",
                    "rule_source": "Snort registered user ruleset",
                    "rule_id": "1:401"
                }
            ],
            "sandbox_verdicts": {
                "Zenbox": {
                    "category": "malicious",
                    "confidence": 80,
                    "sandbox_name": "Zenbox",
                    "malware_classification": [
                        "MALWARE",
                        "RANSOM",
                        "TROJAN",
                        "EVADER"
                    ],
                    "malware_names": [
                        "Sage"
                    ]
                }
            },
            "reputation": 0,
            "type_extension": "exe",
            "sha256": "3345cb7b3265020a72cfde39a986e2351f19e17e91b4c9c46b0e745509404e9e",
            "authentihash": "c7c67849e0a157541db0f7f3c67d707a74698b5844dcd802a787fa06cbfdf3f6",
            "magic": "PE32 executable (GUI) Intel 80386, for MS Windows",
            "last_modification_date": 1765866411,
            "last_analysis_stats": {
                "malicious": 57,
                "suspicious": 0,
                "undetected": 15,
                "harmless": 0,
                "timeout": 0,
                "confirmed-timeout": 0,
                "failure": 0,
                "type-unsupported": 4
            },
            "signature_info": {
                "description": "Adobe Core Constructor",
                "copyright": "Copyright 2017 Adobe Systems Incorporated. All rights reserved.",
                "product": "Adobe Core Constructor",
                "internal name": "Adobe Core Constructor"
            },
            "tags": [
                "runtime-modules",
                "peexe",
                "spreader",
                "long-sleeps",
                "detect-debug-environment",
                "direct-cpu-clock-access",
                "suspicious-udp",
                "cve-2008-1447",
                "cve-2009-0233",
                "exploit"
            ],
            "first_seen_itw_date": 1488434683,
            "trid": [
                {
                    "file_type": "Win32 Executable MS Visual C++ (generic)",
                    "probability": 47.3
                },
                {
                    "file_type": "Win64 Executable (generic)",
                    "probability": 15.9
                },
                {
                    "file_type": "Win32 Dynamic Link Library (generic)",
                    "probability": 9.9
                },
                {
                    "file_type": "Win16 NE executable (generic)",
                    "probability": 7.6
                },
                {
                    "file_type": "Win32 Executable (generic)",
                    "probability": 6.8
                }
            ],
            "type_tags": [
                "executable",
                "windows",
                "win32",
                "pe",
                "peexe"
            ],
            "names": [
                "Adobe Core Constructor",
                "s35NUp4m.exe",
                "bgWI5KtW.exe",
                "3345cb7b3265020a72cfde39a986e2351f19e17e91b4c9c46b0e745509404e9e-dropped.bin",
                "unknown",
                "myfile.exe",
                "c81572f1c91605a5c219255e36f76260.virobj",
                "c81572f1c91605a5c219255e36f76260",
                "VirusShare_c81572f1c91605a5c219255e36f76260"
            ],
            "type_description": "Win32 EXE",
            "size": 253440,
            "crowdsourced_ids_stats": {
                "high": 1,
                "info": 0,
                "medium": 5,
                "low": 2
            },
            "sha1": "d46703a125e7f5791473e923d9c873f91de5801d",
            "creation_date": 1488459883,
            "unique_sources": 6,
            "vhash": "025046656d1573z10116004amz17fz",
            "sigma_analysis_results": [
                {
                    "match_context": [
                        {
                            "values": {
                                "EventID": "11",
                                "ProcessId": "24272",
                                "TargetFilename": "C:\\Users\\george\\Desktop\\!HELP_SOS.hta",
                                "RuleName": "-",
                                "CreationUtcTime": "1670077812",
                                "UtcTime": "1670077812",
                                "ProcessGuid": "{C784477D-5D63-638B-F605-000000004300}",
                                "Image": "C:\\Users\\george\\AppData\\Roaming\\bgWI5KtW.exe"
                            }
                        },
                        {
                            "values": {
                                "EventID": "11",
                                "ProcessId": "24272",
                                "TargetFilename": "C:\\Users\\Public\\Desktop\\!HELP_SOS.hta",
                                "RuleName": "-",
                                "CreationUtcTime": "1670077844",
                                "UtcTime": "1670077844",
                                "ProcessGuid": "{C784477D-5D63-638B-F605-000000004300}",
                                "Image": "C:\\Users\\george\\AppData\\Roaming\\bgWI5KtW.exe"
                            }
                        },
                        {
                            "values": {
                                "EventID": "11",
                                "ProcessId": "24272",
                                "TargetFilename": "C:\\Users\\george\\Desktop\\!HELP_SOS.hta",
                                "RuleName": "-",
                                "CreationUtcTime": "1670077812",
                                "UtcTime": "1670077844",
                                "ProcessGuid": "{C784477D-5D63-638B-F605-000000004300}",
                                "Image": "C:\\Users\\george\\AppData\\Roaming\\bgWI5KtW.exe"
                            }
                        }
                    ],
                    "rule_level": "critical",
                    "rule_id": "71d449cc65c29ab2e4fee214298f208b87225361a0f65f0f2e73bfd7875b1ef7",
                    "rule_source": "SOC Prime Threat Detection Marketplace",
                    "rule_title": "Sage Ransomware (Sysmon detection)",
                    "rule_description": "This Ransomware is very similarly to Spora and it has capabilities to encrypt files offline. What's more, Sage is dropped by downloader scripts distributed via phishing e-mails.",
                    "rule_author": "Ariel Millahuel"
                },
                {
                    "match_context": [
                        {
                            "values": {
                                "TerminalSessionId": "1",
                                "ProcessGuid": "{C784477D-5D5E-638B-F305-000000004300}",
                                "ProcessId": "2596",
                                "Product": "Microsoft\\xae Windows\\xae Operating System",
                                "Description": "Task Scheduler Configuration Tool",
                                "Company": "Microsoft Corporation",
                                "ParentProcessGuid": "{C784477D-5D5B-638B-F005-000000004300}",
                                "User": "DESKTOP-B0T93D6\\george",
                                "Hashes": "MD5=15FF7D8324231381BAD48A052F85DF04,SHA256=7949EDDF437FED5F45564402B26E4D457EA666D1361A7C4F07D830BE233A4F72,IMPHASH=FC93D9248DEA161B2E724C188AECD07D",
                                "OriginalFileName": "schtasks.exe",
                                "ParentImage": "C:\\Users\\george\\Desktop\\software.exe",
                                "FileVersion": "10.0.17134.1 (WinBuild.160101.0800)",
                                "ParentProcessId": "3760",
                                "CurrentDirectory": "C:\\Users\\george\\Desktop\\",
                                "CommandLine": "\"C:\\Windows\\System32\\schtasks.exe\" /CREATE /TN \"2HkyTYYZ\" /TR \"C:\\Users\\george\\AppData\\Roaming\\bgWI5KtW.exe\" /SC ONLOGON /RL HIGHEST /F",
                                "EventID": "1",
                                "LogonGuid": "C784477D-8BC3-6384-FCF8-030000000000",
                                "LogonId": "260348",
                                "Image": "C:\\Windows\\SysWOW64\\schtasks.exe",
                                "IntegrityLevel": "High",
                                "ParentCommandLine": "\"C:\\Users\\george\\Desktop\\software.exe\"",
                                "UtcTime": "1670077790",
                                "RuleName": "-"
                            }
                        }
                    ],
                    "rule_level": "high",
                    "rule_id": "0533322c5c44794b71e761cd351a2459aad6e21ae95c9543d4c9fdb3c8fde6c4",
                    "rule_source": "Sigma Integrated Rule Set (GitHub)",
                    "rule_title": "Suspicious Schtasks From Env Var Folder",
                    "rule_description": "Detects Schtask creations that point to a suspicious folder or an environment variable often used by malware",
                    "rule_author": "Florian Roth"
                },
                {
                    "match_context": [
                        {
                            "values": {
                                "TerminalSessionId": "1",
                                "ProcessGuid": "{C784477D-5D6C-638B-FC05-000000004300}",
                                "ProcessId": "6680",
                                "Product": "Microsoft\\xae Windows\\xae Operating System",
                                "Description": "Command Line Interface for Microsoft\\xae Volume Shadow Copy Service ",
                                "Company": "Microsoft Corporation",
                                "ParentProcessGuid": "{C784477D-5D63-638B-F605-000000004300}",
                                "User": "DESKTOP-B0T93D6\\george",
                                "Hashes": "MD5=7E30B94672107D3381A1D175CF18C147,SHA256=BB1D73C5104A722F228B39CCB24C6F2BB13EFCCA2EA65B013D33433550E3BCE7,IMPHASH=B8C53607A902DC54702978C63D6E8B2E",
                                "OriginalFileName": "VSSADMIN.EXE",
                                "ParentImage": "C:\\Users\\george\\AppData\\Roaming\\bgWI5KtW.exe",
                                "FileVersion": "10.0.17134.1 (WinBuild.160101.0800)",
                                "ParentProcessId": "24272",
                                "CurrentDirectory": "C:\\Users\\george\\Desktop\\",
                                "CommandLine": "\"C:\\Windows\\System32\\vssadmin.exe\" delete shadows /all /quiet",
                                "EventID": "1",
                                "LogonGuid": "C784477D-8BC3-6384-FCF8-030000000000",
                                "LogonId": "260348",
                                "Image": "C:\\Windows\\SysWOW64\\vssadmin.exe",
                                "IntegrityLevel": "High",
                                "ParentCommandLine": "\"C:\\Users\\george\\AppData\\Roaming\\bgWI5KtW.exe\" ",
                                "UtcTime": "1670077804",
                                "RuleName": "-"
                            }
                        },
                        {
                            "values": {
                                "TerminalSessionId": "1",
                                "ProcessGuid": "{C784477D-5D89-638B-FF05-000000004300}",
                                "ProcessId": "5028",
                                "Product": "Microsoft\\xae Windows\\xae Operating System",
                                "Description": "Command Line Interface for Microsoft\\xae Volume Shadow Copy Service ",
                                "Company": "Microsoft Corporation",
                                "ParentProcessGuid": "{C784477D-5D63-638B-F605-000000004300}",
                                "User": "DESKTOP-B0T93D6\\george",
                                "Hashes": "MD5=7E30B94672107D3381A1D175CF18C147,SHA256=BB1D73C5104A722F228B39CCB24C6F2BB13EFCCA2EA65B013D33433550E3BCE7,IMPHASH=B8C53607A902DC54702978C63D6E8B2E",
                                "OriginalFileName": "VSSADMIN.EXE",
                                "ParentImage": "C:\\Users\\george\\AppData\\Roaming\\bgWI5KtW.exe",
                                "FileVersion": "10.0.17134.1 (WinBuild.160101.0800)",
                                "ParentProcessId": "24272",
                                "CurrentDirectory": "C:\\Users\\george\\Desktop\\",
                                "CommandLine": "\"C:\\Windows\\System32\\vssadmin.exe\" delete shadows /all /quiet",
                                "EventID": "1",
                                "LogonGuid": "C784477D-8BC3-6384-FCF8-030000000000",
                                "LogonId": "260348",
                                "Image": "C:\\Windows\\SysWOW64\\vssadmin.exe",
                                "IntegrityLevel": "High",
                                "ParentCommandLine": "\"C:\\Users\\george\\AppData\\Roaming\\bgWI5KtW.exe\" ",
                                "UtcTime": "1670077833",
                                "RuleName": "-"
                            }
                        },
                        {
                            "values": {
                                "TerminalSessionId": "1",
                                "ProcessGuid": "{C784477D-5D93-638B-0106-000000004300}",
                                "ProcessId": "1696",
                                "Product": "Microsoft\\xae Windows\\xae Operating System",
                                "Description": "Command Line Interface for Microsoft\\xae Volume Shadow Copy Service ",
                                "Company": "Microsoft Corporation",
                                "ParentProcessGuid": "{C784477D-5D63-638B-F605-000000004300}",
                                "User": "DESKTOP-B0T93D6\\george",
                                "Hashes": "MD5=7E30B94672107D3381A1D175CF18C147,SHA256=BB1D73C5104A722F228B39CCB24C6F2BB13EFCCA2EA65B013D33433550E3BCE7,IMPHASH=B8C53607A902DC54702978C63D6E8B2E",
                                "OriginalFileName": "VSSADMIN.EXE",
                                "ParentImage": "C:\\Users\\george\\AppData\\Roaming\\bgWI5KtW.exe",
                                "FileVersion": "10.0.17134.1 (WinBuild.160101.0800)",
                                "ParentProcessId": "24272",
                                "CurrentDirectory": "C:\\Users\\george\\Desktop\\",
                                "CommandLine": "\"C:\\Windows\\System32\\vssadmin.exe\" delete shadows /all /quiet",
                                "EventID": "1",
                                "LogonGuid": "C784477D-8BC3-6384-FCF8-030000000000",
                                "LogonId": "260348",
                                "Image": "C:\\Windows\\SysWOW64\\vssadmin.exe",
                                "IntegrityLevel": "High",
                                "ParentCommandLine": "\"C:\\Users\\george\\AppData\\Roaming\\bgWI5KtW.exe\" ",
                                "UtcTime": "1670077843",
                                "RuleName": "-"
                            }
                        }
                    ],
                    "rule_level": "high",
                    "rule_id": "ad5e4d4b939797a70a9aa742d979a4742c2cfedddd663fb1a43b2795c1e6054b",
                    "rule_source": "Sigma Integrated Rule Set (GitHub)",
                    "rule_title": "Shadow Copies Deletion Using Operating Systems Utilities",
                    "rule_description": "Shadow Copies deletion using operating systems utilities",
                    "rule_author": "Florian Roth, Michael Haag, Teymur Kheirkhabarov, Daniil Yugoslavskiy, oscd.community, Andreas Hunkeler (@Karneades)"
                },
                {
                    "match_context": [
                        {
                            "values": {
                                "TerminalSessionId": "1",
                                "ProcessGuid": "{C784477D-5D5E-638B-F305-000000004300}",
                                "ProcessId": "2596",
                                "Product": "Microsoft\\xae Windows\\xae Operating System",
                                "Description": "Task Scheduler Configuration Tool",
                                "Company": "Microsoft Corporation",
                                "ParentProcessGuid": "{C784477D-5D5B-638B-F005-000000004300}",
                                "User": "DESKTOP-B0T93D6\\george",
                                "Hashes": "MD5=15FF7D8324231381BAD48A052F85DF04,SHA256=7949EDDF437FED5F45564402B26E4D457EA666D1361A7C4F07D830BE233A4F72,IMPHASH=FC93D9248DEA161B2E724C188AECD07D",
                                "OriginalFileName": "schtasks.exe",
                                "ParentImage": "C:\\Users\\george\\Desktop\\software.exe",
                                "FileVersion": "10.0.17134.1 (WinBuild.160101.0800)",
                                "ParentProcessId": "3760",
                                "CurrentDirectory": "C:\\Users\\george\\Desktop\\",
                                "CommandLine": "\"C:\\Windows\\System32\\schtasks.exe\" /CREATE /TN \"2HkyTYYZ\" /TR \"C:\\Users\\george\\AppData\\Roaming\\bgWI5KtW.exe\" /SC ONLOGON /RL HIGHEST /F",
                                "EventID": "1",
                                "LogonGuid": "C784477D-8BC3-6384-FCF8-030000000000",
                                "LogonId": "260348",
                                "Image": "C:\\Windows\\SysWOW64\\schtasks.exe",
                                "IntegrityLevel": "High",
                                "ParentCommandLine": "\"C:\\Users\\george\\Desktop\\software.exe\"",
                                "UtcTime": "1670077790",
                                "RuleName": "-"
                            }
                        }
                    ],
                    "rule_level": "medium",
                    "rule_id": "e36b579d4bc4ef49ede1d82dd08ec1cba660d105c6f037d12ecf79b434617e88",
                    "rule_source": "Sigma Integrated Rule Set (GitHub)",
                    "rule_title": "Suspicious Schtasks Schedule Type With High Privileges",
                    "rule_description": "Detects scheduled task creations or modification to be run with high privileges on a suspicious schedule type",
                    "rule_author": "Nasreddine Bencherchali"
                },
