                        {
                            "values": {
                                "EventID": "13",
                                "ProcessId": "4908",
                                "EventType": "SetValue",
                                "Image": "C:\\Windows\\Explorer.EXE",
                                "ProcessGuid": "{C784477D-A458-6481-6B00-000000003400}",
                                "UtcTime": "1687546775",
                                "Details": "C:\\Users\\george\\AppData\\Roaming\\Xubo\\zuvei.exe -t",
                                "RuleName": "T1060,RunKey",
                                "TargetObject": "HKU\\S-1-5-21-1015118539-3749460369-599379286-1001\\Software\\Microsoft\\Windows\\CurrentVersion\\Run\\{59E81CEC-B84D-3110-F1D6-6AB3FAD8B88F}"
                            }
                        },
                        {
                            "values": {
                                "EventID": "13",
                                "ProcessId": "4908",
                                "EventType": "SetValue",
                                "Image": "C:\\Windows\\Explorer.EXE",
                                "ProcessGuid": "{C784477D-A458-6481-6B00-000000003400}",
                                "UtcTime": "1687546776",
                                "Details": "C:\\Users\\george\\AppData\\Roaming\\Xubo\\zuvei.exe -t",
                                "RuleName": "T1060,RunKey",
                                "TargetObject": "HKU\\S-1-5-21-1015118539-3749460369-599379286-1001\\Software\\Microsoft\\Windows\\CurrentVersion\\Run\\{59E81CEC-B84D-3110-F1D6-6AB3FAD8B88F}"
                            }
                        },
                        {
                            "values": {
                                "EventID": "13",
                                "ProcessId": "4908",
                                "EventType": "SetValue",
                                "Image": "C:\\Windows\\Explorer.EXE",
                                "RuleName": "T1060,RunKey",
                                "UtcTime": "1687546777",
                                "Details": "C:\\Users\\george\\AppData\\Roaming\\Xubo\\zuvei.exe -t",
                                "ProcessGuid": "{C784477D-A458-6481-6B00-000000003400}",
                                "TargetObject": "HKU\\S-1-5-21-1015118539-3749460369-599379286-1001\\Software\\Microsoft\\Windows\\CurrentVersion\\Run\\{59E81CEC-B84D-3110-F1D6-6AB3FAD8B88F}"
                            }
                        },
                        {
                            "values": {
                                "EventID": "13",
                                "ProcessId": "4908",
                                "EventType": "SetValue",
                                "Image": "C:\\Windows\\Explorer.EXE",
                                "RuleName": "T1060,RunKey",
                                "UtcTime": "1687546778",
                                "Details": "C:\\Users\\george\\AppData\\Roaming\\Xubo\\zuvei.exe -t",
                                "ProcessGuid": "{C784477D-A458-6481-6B00-000000003400}",
                                "TargetObject": "HKU\\S-1-5-21-1015118539-3749460369-599379286-1001\\Software\\Microsoft\\Windows\\CurrentVersion\\Run\\{59E81CEC-B84D-3110-F1D6-6AB3FAD8B88F}"
                            }
                        },
                        {
                            "values": {
                                "EventID": "13",
                                "ProcessId": "4908",
                                "EventType": "SetValue",
                                "Image": "C:\\Windows\\Explorer.EXE",
                                "ProcessGuid": "{C784477D-A458-6481-6B00-000000003400}",
                                "UtcTime": "1687546779",
                                "Details": "C:\\Users\\george\\AppData\\Roaming\\Xubo\\zuvei.exe -t",
                                "RuleName": "T1060,RunKey",
                                "TargetObject": "HKU\\S-1-5-21-1015118539-3749460369-599379286-1001\\Software\\Microsoft\\Windows\\CurrentVersion\\Run\\{59E81CEC-B84D-3110-F1D6-6AB3FAD8B88F}"
                            }
                        },
                        {
                            "values": {
                                "EventID": "13",
                                "ProcessId": "4908",
                                "EventType": "SetValue",
                                "Image": "C:\\Windows\\Explorer.EXE",
                                "ProcessGuid": "{C784477D-A458-6481-6B00-000000003400}",
                                "UtcTime": "1687546780",
                                "Details": "C:\\Users\\george\\AppData\\Roaming\\Xubo\\zuvei.exe -t",
                                "RuleName": "T1060,RunKey",
                                "TargetObject": "HKU\\S-1-5-21-1015118539-3749460369-599379286-1001\\Software\\Microsoft\\Windows\\CurrentVersion\\Run\\{59E81CEC-B84D-3110-F1D6-6AB3FAD8B88F}"
                            }
                        },
                        {
                            "values": {
                                "EventID": "13",
                                "ProcessId": "4908",
                                "EventType": "SetValue",
                                "Image": "C:\\Windows\\Explorer.EXE",
                                "ProcessGuid": "{C784477D-A458-6481-6B00-000000003400}",
                                "UtcTime": "1687546781",
                                "Details": "C:\\Users\\george\\AppData\\Roaming\\Xubo\\zuvei.exe -t",
                                "RuleName": "T1060,RunKey",
                                "TargetObject": "HKU\\S-1-5-21-1015118539-3749460369-599379286-1001\\Software\\Microsoft\\Windows\\CurrentVersion\\Run\\{59E81CEC-B84D-3110-F1D6-6AB3FAD8B88F}"
                            }
                        },
                        {
                            "values": {
                                "EventID": "13",
                                "ProcessId": "4908",
                                "EventType": "SetValue",
                                "Image": "C:\\Windows\\Explorer.EXE",
                                "RuleName": "T1060,RunKey",
                                "UtcTime": "1687546782",
                                "Details": "C:\\Users\\george\\AppData\\Roaming\\Xubo\\zuvei.exe -t",
                                "ProcessGuid": "{C784477D-A458-6481-6B00-000000003400}",
                                "TargetObject": "HKU\\S-1-5-21-1015118539-3749460369-599379286-1001\\Software\\Microsoft\\Windows\\CurrentVersion\\Run\\{59E81CEC-B84D-3110-F1D6-6AB3FAD8B88F}"
                            }
                        },
                        {
                            "values": {
                                "EventID": "13",
                                "ProcessId": "4908",
                                "EventType": "SetValue",
                                "Image": "C:\\Windows\\Explorer.EXE",
                                "RuleName": "T1060,RunKey",
                                "UtcTime": "1687546783",
                                "Details": "C:\\Users\\george\\AppData\\Roaming\\Xubo\\zuvei.exe -t",
                                "ProcessGuid": "{C784477D-A458-6481-6B00-000000003400}",
                                "TargetObject": "HKU\\S-1-5-21-1015118539-3749460369-599379286-1001\\Software\\Microsoft\\Windows\\CurrentVersion\\Run\\{59E81CEC-B84D-3110-F1D6-6AB3FAD8B88F}"
                            }
                        },
                        {
                            "values": {
                                "EventID": "13",
                                "ProcessId": "4908",
                                "EventType": "SetValue",
                                "Image": "C:\\Windows\\Explorer.EXE",
                                "RuleName": "T1060,RunKey",
                                "UtcTime": "1687546784",
                                "Details": "C:\\Users\\george\\AppData\\Roaming\\Xubo\\zuvei.exe -t",
                                "ProcessGuid": "{C784477D-A458-6481-6B00-000000003400}",
                                "TargetObject": "HKU\\S-1-5-21-1015118539-3749460369-599379286-1001\\Software\\Microsoft\\Windows\\CurrentVersion\\Run\\{59E81CEC-B84D-3110-F1D6-6AB3FAD8B88F}"
                            }
                        },
                        {
                            "values": {
                                "EventID": "13",
                                "ProcessId": "4908",
                                "EventType": "SetValue",
                                "Image": "C:\\Windows\\Explorer.EXE",
                                "ProcessGuid": "{C784477D-A458-6481-6B00-000000003400}",
                                "UtcTime": "1687546785",
                                "Details": "C:\\Users\\george\\AppData\\Roaming\\Xubo\\zuvei.exe -t",
                                "RuleName": "T1060,RunKey",
                                "TargetObject": "HKU\\S-1-5-21-1015118539-3749460369-599379286-1001\\Software\\Microsoft\\Windows\\CurrentVersion\\Run\\{59E81CEC-B84D-3110-F1D6-6AB3FAD8B88F}"
                            }
                        },
                        {
                            "values": {
                                "EventID": "13",
                                "ProcessId": "4908",
                                "EventType": "SetValue",
                                "Image": "C:\\Windows\\Explorer.EXE",
                                "ProcessGuid": "{C784477D-A458-6481-6B00-000000003400}",
                                "UtcTime": "1687546786",
                                "Details": "C:\\Users\\george\\AppData\\Roaming\\Xubo\\zuvei.exe -t",
                                "RuleName": "T1060,RunKey",
                                "TargetObject": "HKU\\S-1-5-21-1015118539-3749460369-599379286-1001\\Software\\Microsoft\\Windows\\CurrentVersion\\Run\\{59E81CEC-B84D-3110-F1D6-6AB3FAD8B88F}"
                            }
                        },
                        {
                            "values": {
                                "EventID": "13",
                                "ProcessId": "4908",
                                "EventType": "SetValue",
                                "Image": "C:\\Windows\\Explorer.EXE",
                                "ProcessGuid": "{C784477D-A458-6481-6B00-000000003400}",
                                "UtcTime": "1687546787",
                                "Details": "C:\\Users\\george\\AppData\\Roaming\\Xubo\\zuvei.exe -t",
                                "RuleName": "T1060,RunKey",
                                "TargetObject": "HKU\\S-1-5-21-1015118539-3749460369-599379286-1001\\Software\\Microsoft\\Windows\\CurrentVersion\\Run\\{59E81CEC-B84D-3110-F1D6-6AB3FAD8B88F}"
                            }
                        },
                        {
                            "values": {
                                "EventID": "13",
                                "ProcessId": "4908",
                                "EventType": "SetValue",
                                "Image": "C:\\Windows\\Explorer.EXE",
                                "ProcessGuid": "{C784477D-A458-6481-6B00-000000003400}",
                                "UtcTime": "1687546788",
                                "Details": "C:\\Users\\george\\AppData\\Roaming\\Xubo\\zuvei.exe -t",
                                "RuleName": "T1060,RunKey",
                                "TargetObject": "HKU\\S-1-5-21-1015118539-3749460369-599379286-1001\\Software\\Microsoft\\Windows\\CurrentVersion\\Run\\{59E81CEC-B84D-3110-F1D6-6AB3FAD8B88F}"
                            }
                        },
                        {
                            "values": {
                                "EventID": "13",
                                "ProcessId": "4908",
                                "EventType": "SetValue",
                                "Image": "C:\\Windows\\Explorer.EXE",
                                "RuleName": "T1060,RunKey",
                                "UtcTime": "1687546789",
                                "Details": "C:\\Users\\george\\AppData\\Roaming\\Xubo\\zuvei.exe -t",
                                "ProcessGuid": "{C784477D-A458-6481-6B00-000000003400}",
                                "TargetObject": "HKU\\S-1-5-21-1015118539-3749460369-599379286-1001\\Software\\Microsoft\\Windows\\CurrentVersion\\Run\\{59E81CEC-B84D-3110-F1D6-6AB3FAD8B88F}"
                            }
                        },
                        {
                            "values": {
                                "EventID": "13",
                                "ProcessId": "4908",
                                "EventType": "SetValue",
                                "Image": "C:\\Windows\\Explorer.EXE",
                                "RuleName": "T1060,RunKey",
                                "UtcTime": "1687546790",
                                "Details": "C:\\Users\\george\\AppData\\Roaming\\Xubo\\zuvei.exe -t",
                                "ProcessGuid": "{C784477D-A458-6481-6B00-000000003400}",
                                "TargetObject": "HKU\\S-1-5-21-1015118539-3749460369-599379286-1001\\Software\\Microsoft\\Windows\\CurrentVersion\\Run\\{59E81CEC-B84D-3110-F1D6-6AB3FAD8B88F}"
                            }
                        },
                        {
                            "values": {
                                "EventID": "13",
                                "ProcessId": "4908",
                                "EventType": "SetValue",
                                "Image": "C:\\Windows\\Explorer.EXE",
                                "RuleName": "T1060,RunKey",
                                "UtcTime": "1687546791",
                                "Details": "C:\\Users\\george\\AppData\\Roaming\\Xubo\\zuvei.exe -t",
                                "ProcessGuid": "{C784477D-A458-6481-6B00-000000003400}",
                                "TargetObject": "HKU\\S-1-5-21-1015118539-3749460369-599379286-1001\\Software\\Microsoft\\Windows\\CurrentVersion\\Run\\{59E81CEC-B84D-3110-F1D6-6AB3FAD8B88F}"
                            }
                        },
                        {
                            "values": {
                                "EventID": "13",
                                "ProcessId": "4908",
                                "EventType": "SetValue",
                                "Image": "C:\\Windows\\Explorer.EXE",
                                "RuleName": "T1060,RunKey",
                                "UtcTime": "1687546792",
                                "Details": "C:\\Users\\george\\AppData\\Roaming\\Xubo\\zuvei.exe -t",
                                "ProcessGuid": "{C784477D-A458-6481-6B00-000000003400}",
                                "TargetObject": "HKU\\S-1-5-21-1015118539-3749460369-599379286-1001\\Software\\Microsoft\\Windows\\CurrentVersion\\Run\\{59E81CEC-B84D-3110-F1D6-6AB3FAD8B88F}"
                            }
                        },
                        {
                            "values": {
                                "EventID": "13",
                                "ProcessId": "4908",
                                "EventType": "SetValue",
                                "Image": "C:\\Windows\\Explorer.EXE",
                                "RuleName": "T1060,RunKey",
                                "UtcTime": "1687546793",
                                "Details": "C:\\Users\\george\\AppData\\Roaming\\Xubo\\zuvei.exe -t",
                                "ProcessGuid": "{C784477D-A458-6481-6B00-000000003400}",
                                "TargetObject": "HKU\\S-1-5-21-1015118539-3749460369-599379286-1001\\Software\\Microsoft\\Windows\\CurrentVersion\\Run\\{59E81CEC-B84D-3110-F1D6-6AB3FAD8B88F}"
                            }
                        },
                        {
                            "values": {
                                "EventID": "13",
                                "ProcessId": "4908",
                                "EventType": "SetValue",
                                "Image": "C:\\Windows\\Explorer.EXE",
                                "ProcessGuid": "{C784477D-A458-6481-6B00-000000003400}",
                                "UtcTime": "1687546794",
                                "Details": "C:\\Users\\george\\AppData\\Roaming\\Xubo\\zuvei.exe -t",
                                "RuleName": "T1060,RunKey",
                                "TargetObject": "HKU\\S-1-5-21-1015118539-3749460369-599379286-1001\\Software\\Microsoft\\Windows\\CurrentVersion\\Run\\{59E81CEC-B84D-3110-F1D6-6AB3FAD8B88F}"
                            }
                        },
                        {
                            "values": {
                                "EventID": "13",
                                "ProcessId": "4908",
                                "EventType": "SetValue",
                                "Image": "C:\\Windows\\Explorer.EXE",
                                "RuleName": "T1060,RunKey",
                                "UtcTime": "1687546795",
                                "Details": "C:\\Users\\george\\AppData\\Roaming\\Xubo\\zuvei.exe -t",
                                "ProcessGuid": "{C784477D-A458-6481-6B00-000000003400}",
                                "TargetObject": "HKU\\S-1-5-21-1015118539-3749460369-599379286-1001\\Software\\Microsoft\\Windows\\CurrentVersion\\Run\\{59E81CEC-B84D-3110-F1D6-6AB3FAD8B88F}"
                            }
                        },
                        {
                            "values": {
                                "EventID": "13",
                                "ProcessId": "4908",
                                "EventType": "SetValue",
                                "Image": "C:\\Windows\\Explorer.EXE",
                                "ProcessGuid": "{C784477D-A458-6481-6B00-000000003400}",
                                "UtcTime": "1687546796",
                                "Details": "C:\\Users\\george\\AppData\\Roaming\\Xubo\\zuvei.exe -t",
                                "RuleName": "T1060,RunKey",
                                "TargetObject": "HKU\\S-1-5-21-1015118539-3749460369-599379286-1001\\Software\\Microsoft\\Windows\\CurrentVersion\\Run\\{59E81CEC-B84D-3110-F1D6-6AB3FAD8B88F}"
                            }
                        },
                        {
                            "values": {
                                "EventID": "13",
                                "ProcessId": "4908",
                                "EventType": "SetValue",
                                "Image": "C:\\Windows\\Explorer.EXE",
                                "RuleName": "T1060,RunKey",
                                "UtcTime": "1687546797",
                                "Details": "C:\\Users\\george\\AppData\\Roaming\\Xubo\\zuvei.exe -t",
                                "ProcessGuid": "{C784477D-A458-6481-6B00-000000003400}",
                                "TargetObject": "HKU\\S-1-5-21-1015118539-3749460369-599379286-1001\\Software\\Microsoft\\Windows\\CurrentVersion\\Run\\{59E81CEC-B84D-3110-F1D6-6AB3FAD8B88F}"
                            }
                        },
                        {
                            "values": {
                                "EventID": "13",
                                "ProcessId": "4908",
                                "EventType": "SetValue",
                                "Image": "C:\\Windows\\Explorer.EXE",
                                "ProcessGuid": "{C784477D-A458-6481-6B00-000000003400}",
                                "UtcTime": "1687546798",
                                "Details": "C:\\Users\\george\\AppData\\Roaming\\Xubo\\zuvei.exe -t",
                                "RuleName": "T1060,RunKey",
                                "TargetObject": "HKU\\S-1-5-21-1015118539-3749460369-599379286-1001\\Software\\Microsoft\\Windows\\CurrentVersion\\Run\\{59E81CEC-B84D-3110-F1D6-6AB3FAD8B88F}"
                            }
                        },
                        {
                            "values": {
                                "EventID": "13",
                                "ProcessId": "4908",
                                "EventType": "SetValue",
                                "Image": "C:\\Windows\\Explorer.EXE",
                                "RuleName": "T1060,RunKey",
                                "UtcTime": "1687546799",
                                "Details": "C:\\Users\\george\\AppData\\Roaming\\Xubo\\zuvei.exe -t",
                                "ProcessGuid": "{C784477D-A458-6481-6B00-000000003400}",
                                "TargetObject": "HKU\\S-1-5-21-1015118539-3749460369-599379286-1001\\Software\\Microsoft\\Windows\\CurrentVersion\\Run\\{59E81CEC-B84D-3110-F1D6-6AB3FAD8B88F}"
                            }
                        },
                        {
                            "values": {
                                "EventID": "13",
                                "ProcessId": "4908",
                                "EventType": "SetValue",
                                "Image": "C:\\Windows\\Explorer.EXE",
                                "ProcessGuid": "{C784477D-A458-6481-6B00-000000003400}",
                                "UtcTime": "1687546800",
                                "Details": "C:\\Users\\george\\AppData\\Roaming\\Xubo\\zuvei.exe -t",
                                "RuleName": "T1060,RunKey",
                                "TargetObject": "HKU\\S-1-5-21-1015118539-3749460369-599379286-1001\\Software\\Microsoft\\Windows\\CurrentVersion\\Run\\{59E81CEC-B84D-3110-F1D6-6AB3FAD8B88F}"
                            }
                        },
                        {
                            "values": {
                                "EventID": "13",
                                "ProcessId": "4908",
                                "EventType": "SetValue",
                                "Image": "C:\\Windows\\Explorer.EXE",
                                "ProcessGuid": "{C784477D-A458-6481-6B00-000000003400}",
                                "UtcTime": "1687546801",
                                "Details": "C:\\Users\\george\\AppData\\Roaming\\Xubo\\zuvei.exe -t",
                                "RuleName": "T1060,RunKey",
                                "TargetObject": "HKU\\S-1-5-21-1015118539-3749460369-599379286-1001\\Software\\Microsoft\\Windows\\CurrentVersion\\Run\\{59E81CEC-B84D-3110-F1D6-6AB3FAD8B88F}"
                            }
                        },
                        {
                            "values": {
                                "EventID": "13",
                                "ProcessId": "4908",
                                "EventType": "SetValue",
                                "Image": "C:\\Windows\\Explorer.EXE",
                                "ProcessGuid": "{C784477D-A458-6481-6B00-000000003400}",
                                "UtcTime": "1687546802",
                                "Details": "C:\\Users\\george\\AppData\\Roaming\\Xubo\\zuvei.exe -t",
                                "RuleName": "T1060,RunKey",
                                "TargetObject": "HKU\\S-1-5-21-1015118539-3749460369-599379286-1001\\Software\\Microsoft\\Windows\\CurrentVersion\\Run\\{59E81CEC-B84D-3110-F1D6-6AB3FAD8B88F}"
                            }
                        },
                        {
                            "values": {
                                "EventID": "13",
                                "ProcessId": "4908",
                                "EventType": "SetValue",
                                "Image": "C:\\Windows\\Explorer.EXE",
                                "RuleName": "T1060,RunKey",
                                "UtcTime": "1687546803",
                                "Details": "C:\\Users\\george\\AppData\\Roaming\\Xubo\\zuvei.exe -t",
                                "ProcessGuid": "{C784477D-A458-6481-6B00-000000003400}",
                                "TargetObject": "HKU\\S-1-5-21-1015118539-3749460369-599379286-1001\\Software\\Microsoft\\Windows\\CurrentVersion\\Run\\{59E81CEC-B84D-3110-F1D6-6AB3FAD8B88F}"
                            }
                        },
                        {
                            "values": {
                                "EventID": "13",
                                "ProcessId": "4908",
                                "EventType": "SetValue",
                                "Image": "C:\\Windows\\Explorer.EXE",
                                "RuleName": "T1060,RunKey",
                                "UtcTime": "1687546804",
                                "Details": "C:\\Users\\george\\AppData\\Roaming\\Xubo\\zuvei.exe -t",
                                "ProcessGuid": "{C784477D-A458-6481-6B00-000000003400}",
                                "TargetObject": "HKU\\S-1-5-21-1015118539-3749460369-599379286-1001\\Software\\Microsoft\\Windows\\CurrentVersion\\Run\\{59E81CEC-B84D-3110-F1D6-6AB3FAD8B88F}"
                            }
                        },
                        {
                            "values": {
                                "EventID": "13",
                                "ProcessId": "4908",
                                "EventType": "SetValue",
                                "Image": "C:\\Windows\\Explorer.EXE",
                                "RuleName": "T1060,RunKey",
                                "UtcTime": "1687546805",
                                "Details": "C:\\Users\\george\\AppData\\Roaming\\Xubo\\zuvei.exe -t",
                                "ProcessGuid": "{C784477D-A458-6481-6B00-000000003400}",
                                "TargetObject": "HKU\\S-1-5-21-1015118539-3749460369-599379286-1001\\Software\\Microsoft\\Windows\\CurrentVersion\\Run\\{59E81CEC-B84D-3110-F1D6-6AB3FAD8B88F}"
                            }
                        },
                        {
                            "values": {
                                "EventID": "13",
                                "ProcessId": "4908",
                                "EventType": "SetValue",
                                "Image": "C:\\Windows\\Explorer.EXE",
                                "ProcessGuid": "{C784477D-A458-6481-6B00-000000003400}",
                                "UtcTime": "1687546806",
                                "Details": "C:\\Users\\george\\AppData\\Roaming\\Xubo\\zuvei.exe -t",
                                "RuleName": "T1060,RunKey",
                                "TargetObject": "HKU\\S-1-5-21-1015118539-3749460369-599379286-1001\\Software\\Microsoft\\Windows\\CurrentVersion\\Run\\{59E81CEC-B84D-3110-F1D6-6AB3FAD8B88F}"
                            }
                        },
                        {
                            "values": {
                                "EventID": "13",
                                "ProcessId": "4908",
                                "EventType": "SetValue",
                                "Image": "C:\\Windows\\Explorer.EXE",
                                "ProcessGuid": "{C784477D-A458-6481-6B00-000000003400}",
                                "UtcTime": "1687546807",
                                "Details": "C:\\Users\\george\\AppData\\Roaming\\Xubo\\zuvei.exe -t",
                                "RuleName": "T1060,RunKey",
                                "TargetObject": "HKU\\S-1-5-21-1015118539-3749460369-599379286-1001\\Software\\Microsoft\\Windows\\CurrentVersion\\Run\\{59E81CEC-B84D-3110-F1D6-6AB3FAD8B88F}"
                            }
                        },
                        {
                            "values": {
                                "EventID": "13",
                                "ProcessId": "4908",
                                "EventType": "SetValue",
                                "Image": "C:\\Windows\\Explorer.EXE",
                                "RuleName": "T1060,RunKey",
                                "UtcTime": "1687546808",
                                "Details": "C:\\Users\\george\\AppData\\Roaming\\Xubo\\zuvei.exe -t",
                                "ProcessGuid": "{C784477D-A458-6481-6B00-000000003400}",
                                "TargetObject": "HKU\\S-1-5-21-1015118539-3749460369-599379286-1001\\Software\\Microsoft\\Windows\\CurrentVersion\\Run\\{59E81CEC-B84D-3110-F1D6-6AB3FAD8B88F}"
                            }
                        },
                        {
                            "values": {
                                "EventID": "13",
                                "ProcessId": "4908",
                                "EventType": "SetValue",
                                "Image": "C:\\Windows\\Explorer.EXE",
                                "RuleName": "T1060,RunKey",
                                "UtcTime": "1687546809",
                                "Details": "C:\\Users\\george\\AppData\\Roaming\\Xubo\\zuvei.exe -t",
                                "ProcessGuid": "{C784477D-A458-6481-6B00-000000003400}",
                                "TargetObject": "HKU\\S-1-5-21-1015118539-3749460369-599379286-1001\\Software\\Microsoft\\Windows\\CurrentVersion\\Run\\{59E81CEC-B84D-3110-F1D6-6AB3FAD8B88F}"
                            }
                        },
                        {
                            "values": {
                                "EventID": "13",
                                "ProcessId": "4908",
                                "EventType": "SetValue",
                                "Image": "C:\\Windows\\Explorer.EXE",
                                "RuleName": "T1060,RunKey",
                                "UtcTime": "1687546810",
                                "Details": "C:\\Users\\george\\AppData\\Roaming\\Xubo\\zuvei.exe -t",
                                "ProcessGuid": "{C784477D-A458-6481-6B00-000000003400}",
                                "TargetObject": "HKU\\S-1-5-21-1015118539-3749460369-599379286-1001\\Software\\Microsoft\\Windows\\CurrentVersion\\Run\\{59E81CEC-B84D-3110-F1D6-6AB3FAD8B88F}"
                            }
                        },
                        {
                            "values": {
                                "EventID": "13",
                                "ProcessId": "4908",
                                "EventType": "SetValue",
                                "Image": "C:\\Windows\\Explorer.EXE",
                                "ProcessGuid": "{C784477D-A458-6481-6B00-000000003400}",
                                "UtcTime": "1687546811",
                                "Details": "C:\\Users\\george\\AppData\\Roaming\\Xubo\\zuvei.exe -t",
                                "RuleName": "T1060,RunKey",
                                "TargetObject": "HKU\\S-1-5-21-1015118539-3749460369-599379286-1001\\Software\\Microsoft\\Windows\\CurrentVersion\\Run\\{59E81CEC-B84D-3110-F1D6-6AB3FAD8B88F}"
                            }
                        },
                        {
                            "values": {
                                "EventID": "13",
                                "ProcessId": "4908",
                                "EventType": "SetValue",
                                "Image": "C:\\Windows\\Explorer.EXE",
                                "RuleName": "T1060,RunKey",
                                "UtcTime": "1687546812",
                                "Details": "C:\\Users\\george\\AppData\\Roaming\\Xubo\\zuvei.exe -t",
                                "ProcessGuid": "{C784477D-A458-6481-6B00-000000003400}",
                                "TargetObject": "HKU\\S-1-5-21-1015118539-3749460369-599379286-1001\\Software\\Microsoft\\Windows\\CurrentVersion\\Run\\{59E81CEC-B84D-3110-F1D6-6AB3FAD8B88F}"
                            }
                        },
                        {
                            "values": {
                                "EventID": "13",
                                "ProcessId": "4908",
                                "EventType": "SetValue",
                                "Image": "C:\\Windows\\Explorer.EXE",
                                "RuleName": "T1060,RunKey",
                                "UtcTime": "1687546813",
                                "Details": "C:\\Users\\george\\AppData\\Roaming\\Xubo\\zuvei.exe -t",
                                "ProcessGuid": "{C784477D-A458-6481-6B00-000000003400}",
                                "TargetObject": "HKU\\S-1-5-21-1015118539-3749460369-599379286-1001\\Software\\Microsoft\\Windows\\CurrentVersion\\Run\\{59E81CEC-B84D-3110-F1D6-6AB3FAD8B88F}"
                            }
                        },
                        {
                            "values": {
                                "EventID": "13",
                                "ProcessId": "4908",
                                "EventType": "SetValue",
                                "Image": "C:\\Windows\\Explorer.EXE",
                                "RuleName": "T1060,RunKey",
                                "UtcTime": "1687546814",
                                "Details": "C:\\Users\\george\\AppData\\Roaming\\Xubo\\zuvei.exe -t",
                                "ProcessGuid": "{C784477D-A458-6481-6B00-000000003400}",
                                "TargetObject": "HKU\\S-1-5-21-1015118539-3749460369-599379286-1001\\Software\\Microsoft\\Windows\\CurrentVersion\\Run\\{59E81CEC-B84D-3110-F1D6-6AB3FAD8B88F}"
                            }
                        },
                        {
                            "values": {
                                "EventID": "13",
                                "ProcessId": "4908",
                                "EventType": "SetValue",
                                "Image": "C:\\Windows\\Explorer.EXE",
                                "RuleName": "T1060,RunKey",
                                "UtcTime": "1687546815",
                                "Details": "C:\\Users\\george\\AppData\\Roaming\\Xubo\\zuvei.exe -t",
                                "ProcessGuid": "{C784477D-A458-6481-6B00-000000003400}",
                                "TargetObject": "HKU\\S-1-5-21-1015118539-3749460369-599379286-1001\\Software\\Microsoft\\Windows\\CurrentVersion\\Run\\{59E81CEC-B84D-3110-F1D6-6AB3FAD8B88F}"
                            }
                        },
                        {
                            "values": {
                                "EventID": "13",
                                "ProcessId": "4908",
                                "EventType": "SetValue",
                                "Image": "C:\\Windows\\Explorer.EXE",
                                "ProcessGuid": "{C784477D-A458-6481-6B00-000000003400}",
                                "UtcTime": "1687546816",
                                "Details": "C:\\Users\\george\\AppData\\Roaming\\Xubo\\zuvei.exe -t",
                                "RuleName": "T1060,RunKey",
                                "TargetObject": "HKU\\S-1-5-21-1015118539-3749460369-599379286-1001\\Software\\Microsoft\\Windows\\CurrentVersion\\Run\\{59E81CEC-B84D-3110-F1D6-6AB3FAD8B88F}"
                            }
                        },
                        {
                            "values": {
                                "EventID": "13",
                                "ProcessId": "4908",
                                "EventType": "SetValue",
                                "Image": "C:\\Windows\\Explorer.EXE",
                                "RuleName": "T1060,RunKey",
                                "UtcTime": "1687546817",
                                "Details": "C:\\Users\\george\\AppData\\Roaming\\Xubo\\zuvei.exe -t",
                                "ProcessGuid": "{C784477D-A458-6481-6B00-000000003400}",
                                "TargetObject": "HKU\\S-1-5-21-1015118539-3749460369-599379286-1001\\Software\\Microsoft\\Windows\\CurrentVersion\\Run\\{59E81CEC-B84D-3110-F1D6-6AB3FAD8B88F}"
                            }
                        },
                        {
                            "values": {
                                "EventID": "13",
                                "ProcessId": "4908",
                                "EventType": "SetValue",
                                "Image": "C:\\Windows\\Explorer.EXE",
                                "RuleName": "T1060,RunKey",
                                "UtcTime": "1687546818",
                                "Details": "C:\\Users\\george\\AppData\\Roaming\\Xubo\\zuvei.exe -t",
                                "ProcessGuid": "{C784477D-A458-6481-6B00-000000003400}",
                                "TargetObject": "HKU\\S-1-5-21-1015118539-3749460369-599379286-1001\\Software\\Microsoft\\Windows\\CurrentVersion\\Run\\{59E81CEC-B84D-3110-F1D6-6AB3FAD8B88F}"
                            }
                        }
                    ],
                    "rule_level": "medium",
                    "rule_id": "8b5db9da5732dc549b0e8b56fe5933d7c95ed760f3ac20568ab95347ef8c5bcc",
                    "rule_source": "Sigma Integrated Rule Set (GitHub)",
                    "rule_title": "CurrentVersion Autorun Keys Modification",
                    "rule_description": "Detects modification of autostart extensibility point (ASEP) in registry.",
                    "rule_author": "Victor Sergeev, Daniil Yugoslavskiy, Gleb Sukhodolskiy, Timur Zinniatullin, oscd.community, Tim Shelton, frack113 (split)"
                },
                {
                    "match_context": [
                        {
                            "values": {
                                "EventID": "11",
                                "ProcessId": "8064",
                                "TargetFilename": "C:\\Users\\george\\AppData\\Roaming\\Xubo\\zuvei.exe",
                                "ProcessGuid": "{C784477D-EB43-6495-5606-000000003400}",
                                "CreationUtcTime": "1687546691",
                                "UtcTime": "1687546691",
                                "RuleName": "EXE",
                                "Image": "C:\\Users\\george\\Desktop\\software.exe"
                            }
                        }
                    ],
                    "rule_level": "low",
                    "rule_id": "b5386a23355681c43cfbd2f2ccfe4b16ed45324d0d7b5583487a9f302ee1e427",
                    "rule_source": "Sigma Integrated Rule Set (GitHub)",
                    "rule_title": "Creation of an Executable by an Executable",
                    "rule_description": "Detects the creation of an executable by another executable",
                    "rule_author": "frack113"
                }
            ],
            "unique_sources": 9,
            "trid": [
                {
                    "file_type": "Win32 Dynamic Link Library (generic)",
                    "probability": 27.1
                },
                {
                    "file_type": "Win16 NE executable (generic)",
                    "probability": 20.8
                },
                {
                    "file_type": "Win32 Executable (generic)",
                    "probability": 18.6
                },
                {
                    "file_type": "Windows Icons Library (generic)",
                    "probability": 8.5
                },
                {
                    "file_type": "OS/2 Executable (generic)",
                    "probability": 8.3
                }
            ]
        }
    }
}