                        {
                            "values": {
                                "TerminalSessionId": "1",
                                "ProcessGuid": "{C784477D-F688-643C-5B06-000000003400}",
                                "ProcessId": "1292",
                                "Product": "Microsoft\\xae Windows\\xae Operating System",
                                "Description": "Net Command",
                                "Company": "Microsoft Corporation",
                                "ParentProcessGuid": "{C784477D-F687-643C-5906-000000003400}",
                                "User": "DESKTOP-B0T93D6\\george",
                                "Hashes": "MD5=B5A26C2BF17222E86B91D26F1247AF3E,SHA256=14CC5BE4C833ACC652195DEAD113E1C3B4AC0B98EA1AEAD11957836F9AE721CF,IMPHASH=3D3E7537BD3BA07738DC5CA8AD01B073",
                                "OriginalFileName": "net1.exe",
                                "ParentImage": "C:\\Windows\\SysWOW64\\net.exe",
                                "FileVersion": "10.0.17134.1 (WinBuild.160101.0800)",
                                "ParentProcessId": "5628",
                                "CurrentDirectory": "C:\\Users\\george\\Desktop\\",
                                "CommandLine": "C:\\Windows\\system32\\net1 stop AcronisAgent /y",
                                "EventID": "1",
                                "LogonGuid": "C784477D-5E57-6407-32AB-030000000000",
                                "LogonId": "240434",
                                "Image": "C:\\Windows\\SysWOW64\\net1.exe",
                                "IntegrityLevel": "High",
                                "ParentCommandLine": "\"net.exe\" stop AcronisAgent /y",
                                "UtcTime": "1681716872",
                                "RuleName": "-"
                            }
                        },
                        {
                            "values": {
                                "TerminalSessionId": "1",
                                "ProcessGuid": "{C784477D-F689-643C-6206-000000003400}",
                                "ProcessId": "6504",
                                "Product": "Microsoft\\xae Windows\\xae Operating System",
                                "Description": "Net Command",
                                "Company": "Microsoft Corporation",
                                "ParentProcessGuid": "{C784477D-F664-643C-F305-000000003400}",
                                "User": "DESKTOP-B0T93D6\\george",
                                "Hashes": "MD5=DD0561156F62BC1958CE0E370B23711B,SHA256=FD41D0261C6D22572DA448BCB5CBBB98F78A2922D1F1074D25237CC82C8CE432,IMPHASH=86350518EAE83E4A09BBF6317BA1C570",
                                "OriginalFileName": "net.exe",
                                "ParentImage": "C:\\Users\\george\\Desktop\\software.exe",
                                "FileVersion": "10.0.17134.1 (WinBuild.160101.0800)",
                                "ParentProcessId": "4176",
                                "CurrentDirectory": "C:\\Users\\george\\Desktop\\",
                                "CommandLine": "\"net.exe\" stop sophos /y",
                                "EventID": "1",
                                "LogonGuid": "C784477D-5E57-6407-32AB-030000000000",
                                "LogonId": "240434",
                                "Image": "C:\\Windows\\SysWOW64\\net.exe",
                                "IntegrityLevel": "High",
                                "ParentCommandLine": "\"C:\\Users\\george\\Desktop\\software.exe\"",
                                "UtcTime": "1681716873",
                                "RuleName": "-"
                            }
                        },
                        {
                            "values": {
                                "TerminalSessionId": "1",
                                "ProcessGuid": "{C784477D-F689-643C-6406-000000003400}",
                                "ProcessId": "4340",
                                "Product": "Microsoft\\xae Windows\\xae Operating System",
                                "Description": "Net Command",
                                "Company": "Microsoft Corporation",
                                "ParentProcessGuid": "{C784477D-F689-643C-6206-000000003400}",
                                "User": "DESKTOP-B0T93D6\\george",
                                "Hashes": "MD5=B5A26C2BF17222E86B91D26F1247AF3E,SHA256=14CC5BE4C833ACC652195DEAD113E1C3B4AC0B98EA1AEAD11957836F9AE721CF,IMPHASH=3D3E7537BD3BA07738DC5CA8AD01B073",
                                "OriginalFileName": "net1.exe",
                                "ParentImage": "C:\\Windows\\SysWOW64\\net.exe",
                                "FileVersion": "10.0.17134.1 (WinBuild.160101.0800)",
                                "ParentProcessId": "6504",
                                "CurrentDirectory": "C:\\Users\\george\\Desktop\\",
                                "CommandLine": "C:\\Windows\\system32\\net1 stop sophos /y",
                                "EventID": "1",
                                "LogonGuid": "C784477D-5E57-6407-32AB-030000000000",
                                "LogonId": "240434",
                                "Image": "C:\\Windows\\SysWOW64\\net1.exe",
                                "IntegrityLevel": "High",
                                "ParentCommandLine": "\"net.exe\" stop sophos /y",
                                "UtcTime": "1681716873",
                                "RuleName": "-"
                            }
                        }
                    ],
                    "rule_level": "high",
                    "rule_description": "Detects the usage of binaries such as 'net', 'sc' or 'powershell' in order to stop, pause or delete critical or important Windows services such as AV, Backup, etc. As seen being used in some ransomware scripts",
                    "rule_source": "Sigma Integrated Rule Set (GitHub)",
                    "rule_title": "Suspicious Windows Service Tampering",
                    "rule_id": "941abf5111763a135c88b4f6437475eb4c99e8d4c3ebdb4b74e30321695b0fa7",
                    "rule_author": "Nasreddine Bencherchali (Nextron Systems), frack113"
                },
                {
                    "match_context": [
                        {
                            "values": {
                                "TerminalSessionId": "1",
                                "ProcessGuid": "{C784477D-F68C-643C-7306-000000003400}",
                                "ProcessId": "6208",
                                "Product": "Microsoft\\xae Windows\\xae Operating System",
                                "Description": "Command Line Interface for Microsoft\\xae Volume Shadow Copy Service ",
                                "Company": "Microsoft Corporation",
                                "ParentProcessGuid": "{C784477D-F664-643C-F305-000000003400}",
                                "User": "DESKTOP-B0T93D6\\george",
                                "Hashes": "MD5=7E30B94672107D3381A1D175CF18C147,SHA256=BB1D73C5104A722F228B39CCB24C6F2BB13EFCCA2EA65B013D33433550E3BCE7,IMPHASH=B8C53607A902DC54702978C63D6E8B2E",
                                "OriginalFileName": "VSSADMIN.EXE",
                                "ParentImage": "C:\\Users\\george\\Desktop\\software.exe",
                                "FileVersion": "10.0.17134.1 (WinBuild.160101.0800)",
                                "ParentProcessId": "4176",
                                "CurrentDirectory": "C:\\Users\\george\\Desktop\\",
                                "CommandLine": "\"vssadmin.exe\" Delete Shadows /all /quiet",
                                "EventID": "1",
                                "LogonGuid": "C784477D-5E57-6407-32AB-030000000000",
                                "LogonId": "240434",
                                "Image": "C:\\Windows\\SysWOW64\\vssadmin.exe",
                                "IntegrityLevel": "High",
                                "ParentCommandLine": "\"C:\\Users\\george\\Desktop\\software.exe\"",
                                "UtcTime": "1681716876",
                                "RuleName": "-"
                            }
                        },
                        {
                            "values": {
                                "TerminalSessionId": "1",
                                "ProcessGuid": "{C784477D-F68D-643C-7606-000000003400}",
                                "ProcessId": "2188",
                                "Product": "Microsoft\\xae Windows\\xae Operating System",
                                "Description": "Command Line Interface for Microsoft\\xae Volume Shadow Copy Service ",
                                "Company": "Microsoft Corporation",
                                "ParentProcessGuid": "{C784477D-F664-643C-F305-000000003400}",
                                "User": "DESKTOP-B0T93D6\\george",
                                "Hashes": "MD5=7E30B94672107D3381A1D175CF18C147,SHA256=BB1D73C5104A722F228B39CCB24C6F2BB13EFCCA2EA65B013D33433550E3BCE7,IMPHASH=B8C53607A902DC54702978C63D6E8B2E",
                                "OriginalFileName": "VSSADMIN.EXE",
                                "ParentImage": "C:\\Users\\george\\Desktop\\software.exe",
                                "FileVersion": "10.0.17134.1 (WinBuild.160101.0800)",
                                "ParentProcessId": "4176",
                                "CurrentDirectory": "C:\\Users\\george\\Desktop\\",
                                "CommandLine": "\"vssadmin.exe\" resize shadowstorage /for=c: /on=c: /maxsize=401MB",
                                "EventID": "1",
                                "LogonGuid": "C784477D-5E57-6407-32AB-030000000000",
                                "LogonId": "240434",
                                "Image": "C:\\Windows\\SysWOW64\\vssadmin.exe",
                                "IntegrityLevel": "High",
                                "ParentCommandLine": "\"C:\\Users\\george\\Desktop\\software.exe\"",
                                "UtcTime": "1681716877",
                                "RuleName": "-"
                            }
                        },
                        {
                            "values": {
                                "TerminalSessionId": "1",
                                "ProcessGuid": "{C784477D-F68D-643C-7806-000000003400}",
                                "ProcessId": "4824",
                                "Product": "Microsoft\\xae Windows\\xae Operating System",
                                "Description": "Command Line Interface for Microsoft\\xae Volume Shadow Copy Service ",
                                "Company": "Microsoft Corporation",
                                "ParentProcessGuid": "{C784477D-F664-643C-F305-000000003400}",
                                "User": "DESKTOP-B0T93D6\\george",
                                "Hashes": "MD5=7E30B94672107D3381A1D175CF18C147,SHA256=BB1D73C5104A722F228B39CCB24C6F2BB13EFCCA2EA65B013D33433550E3BCE7,IMPHASH=B8C53607A902DC54702978C63D6E8B2E",
                                "OriginalFileName": "VSSADMIN.EXE",
                                "ParentImage": "C:\\Users\\george\\Desktop\\software.exe",
                                "FileVersion": "10.0.17134.1 (WinBuild.160101.0800)",
                                "ParentProcessId": "4176",
                                "CurrentDirectory": "C:\\Users\\george\\Desktop\\",
                                "CommandLine": "\"vssadmin.exe\" resize shadowstorage /for=c: /on=c: /maxsize=unbounded",
                                "EventID": "1",
                                "LogonGuid": "C784477D-5E57-6407-32AB-030000000000",
                                "LogonId": "240434",
                                "Image": "C:\\Windows\\SysWOW64\\vssadmin.exe",
                                "IntegrityLevel": "High",
                                "ParentCommandLine": "\"C:\\Users\\george\\Desktop\\software.exe\"",
                                "UtcTime": "1681716877",
                                "RuleName": "-"
                            }
                        },
                        {
                            "values": {
                                "TerminalSessionId": "1",
                                "ProcessGuid": "{C784477D-F68D-643C-7A06-000000003400}",
                                "ProcessId": "7120",
                                "Product": "Microsoft\\xae Windows\\xae Operating System",
                                "Description": "Command Line Interface for Microsoft\\xae Volume Shadow Copy Service ",
                                "Company": "Microsoft Corporation",
                                "ParentProcessGuid": "{C784477D-F664-643C-F305-000000003400}",
                                "User": "DESKTOP-B0T93D6\\george",
                                "Hashes": "MD5=7E30B94672107D3381A1D175CF18C147,SHA256=BB1D73C5104A722F228B39CCB24C6F2BB13EFCCA2EA65B013D33433550E3BCE7,IMPHASH=B8C53607A902DC54702978C63D6E8B2E",
                                "OriginalFileName": "VSSADMIN.EXE",
                                "ParentImage": "C:\\Users\\george\\Desktop\\software.exe",
                                "FileVersion": "10.0.17134.1 (WinBuild.160101.0800)",
                                "ParentProcessId": "4176",
                                "CurrentDirectory": "C:\\Users\\george\\Desktop\\",
                                "CommandLine": "\"vssadmin.exe\" resize shadowstorage /for=d: /on=d: /maxsize=401MB",
                                "EventID": "1",
                                "LogonGuid": "C784477D-5E57-6407-32AB-030000000000",
                                "LogonId": "240434",
                                "Image": "C:\\Windows\\SysWOW64\\vssadmin.exe",
                                "IntegrityLevel": "High",
                                "ParentCommandLine": "\"C:\\Users\\george\\Desktop\\software.exe\"",
                                "UtcTime": "1681716877",
                                "RuleName": "-"
                            }
                        },
                        {
                            "values": {
                                "TerminalSessionId": "1",
                                "ProcessGuid": "{C784477D-F68E-643C-7C06-000000003400}",
                                "ProcessId": "2320",
                                "Product": "Microsoft\\xae Windows\\xae Operating System",
                                "Description": "Command Line Interface for Microsoft\\xae Volume Shadow Copy Service ",
                                "Company": "Microsoft Corporation",
                                "ParentProcessGuid": "{C784477D-F664-643C-F305-000000003400}",
                                "User": "DESKTOP-B0T93D6\\george",
                                "Hashes": "MD5=7E30B94672107D3381A1D175CF18C147,SHA256=BB1D73C5104A722F228B39CCB24C6F2BB13EFCCA2EA65B013D33433550E3BCE7,IMPHASH=B8C53607A902DC54702978C63D6E8B2E",
                                "OriginalFileName": "VSSADMIN.EXE",
                                "ParentImage": "C:\\Users\\george\\Desktop\\software.exe",
                                "FileVersion": "10.0.17134.1 (WinBuild.160101.0800)",
                                "ParentProcessId": "4176",
                                "CurrentDirectory": "C:\\Users\\george\\Desktop\\",
                                "CommandLine": "\"vssadmin.exe\" resize shadowstorage /for=d: /on=d: /maxsize=unbounded",
                                "EventID": "1",
                                "LogonGuid": "C784477D-5E57-6407-32AB-030000000000",
                                "LogonId": "240434",
                                "Image": "C:\\Windows\\SysWOW64\\vssadmin.exe",
                                "IntegrityLevel": "High",
                                "ParentCommandLine": "\"C:\\Users\\george\\Desktop\\software.exe\"",
                                "UtcTime": "1681716878",
                                "RuleName": "-"
                            }
                        },
                        {
                            "values": {
                                "TerminalSessionId": "1",
                                "ProcessGuid": "{C784477D-F68E-643C-7E06-000000003400}",
                                "ProcessId": "6324",
                                "Product": "Microsoft\\xae Windows\\xae Operating System",
                                "Description": "Command Line Interface for Microsoft\\xae Volume Shadow Copy Service ",
                                "Company": "Microsoft Corporation",
                                "ParentProcessGuid": "{C784477D-F664-643C-F305-000000003400}",
                                "User": "DESKTOP-B0T93D6\\george",
                                "Hashes": "MD5=7E30B94672107D3381A1D175CF18C147,SHA256=BB1D73C5104A722F228B39CCB24C6F2BB13EFCCA2EA65B013D33433550E3BCE7,IMPHASH=B8C53607A902DC54702978C63D6E8B2E",
                                "OriginalFileName": "VSSADMIN.EXE",
                                "ParentImage": "C:\\Users\\george\\Desktop\\software.exe",
                                "FileVersion": "10.0.17134.1 (WinBuild.160101.0800)",
                                "ParentProcessId": "4176",
                                "CurrentDirectory": "C:\\Users\\george\\Desktop\\",
                                "CommandLine": "\"vssadmin.exe\" resize shadowstorage /for=e: /on=e: /maxsize=401MB",
                                "EventID": "1",
                                "LogonGuid": "C784477D-5E57-6407-32AB-030000000000",
                                "LogonId": "240434",
                                "Image": "C:\\Windows\\SysWOW64\\vssadmin.exe",
                                "IntegrityLevel": "High",
                                "ParentCommandLine": "\"C:\\Users\\george\\Desktop\\software.exe\"",
                                "UtcTime": "1681716878",
                                "RuleName": "-"
                            }
                        },
                        {
                            "values": {
                                "TerminalSessionId": "1",
                                "ProcessGuid": "{C784477D-F68F-643C-8006-000000003400}",
                                "ProcessId": "6192",
                                "Product": "Microsoft\\xae Windows\\xae Operating System",
                                "Description": "Command Line Interface for Microsoft\\xae Volume Shadow Copy Service ",
                                "Company": "Microsoft Corporation",
                                "ParentProcessGuid": "{C784477D-F664-643C-F305-000000003400}",
                                "User": "DESKTOP-B0T93D6\\george",
                                "Hashes": "MD5=7E30B94672107D3381A1D175CF18C147,SHA256=BB1D73C5104A722F228B39CCB24C6F2BB13EFCCA2EA65B013D33433550E3BCE7,IMPHASH=B8C53607A902DC54702978C63D6E8B2E",
                                "OriginalFileName": "VSSADMIN.EXE",
                                "ParentImage": "C:\\Users\\george\\Desktop\\software.exe",
                                "FileVersion": "10.0.17134.1 (WinBuild.160101.0800)",
                                "ParentProcessId": "4176",
                                "CurrentDirectory": "C:\\Users\\george\\Desktop\\",
                                "CommandLine": "\"vssadmin.exe\" resize shadowstorage /for=e: /on=e: /maxsize=unbounded",
                                "EventID": "1",
                                "LogonGuid": "C784477D-5E57-6407-32AB-030000000000",
                                "LogonId": "240434",
                                "Image": "C:\\Windows\\SysWOW64\\vssadmin.exe",
                                "IntegrityLevel": "High",
                                "ParentCommandLine": "\"C:\\Users\\george\\Desktop\\software.exe\"",
                                "UtcTime": "1681716879",
                                "RuleName": "-"
                            }
                        },
                        {
                            "values": {
                                "TerminalSessionId": "1",
                                "ProcessGuid": "{C784477D-F68F-643C-8206-000000003400}",
                                "ProcessId": "4432",
                                "Product": "Microsoft\\xae Windows\\xae Operating System",
                                "Description": "Command Line Interface for Microsoft\\xae Volume Shadow Copy Service ",
                                "Company": "Microsoft Corporation",
                                "ParentProcessGuid": "{C784477D-F664-643C-F305-000000003400}",
                                "User": "DESKTOP-B0T93D6\\george",
                                "Hashes": "MD5=7E30B94672107D3381A1D175CF18C147,SHA256=BB1D73C5104A722F228B39CCB24C6F2BB13EFCCA2EA65B013D33433550E3BCE7,IMPHASH=B8C53607A902DC54702978C63D6E8B2E",
                                "OriginalFileName": "VSSADMIN.EXE",
                                "ParentImage": "C:\\Users\\george\\Desktop\\software.exe",
                                "FileVersion": "10.0.17134.1 (WinBuild.160101.0800)",
                                "ParentProcessId": "4176",
                                "CurrentDirectory": "C:\\Users\\george\\Desktop\\",
                                "CommandLine": "\"vssadmin.exe\" resize shadowstorage /for=f: /on=f: /maxsize=401MB",
                                "EventID": "1",
                                "LogonGuid": "C784477D-5E57-6407-32AB-030000000000",
                                "LogonId": "240434",
                                "Image": "C:\\Windows\\SysWOW64\\vssadmin.exe",
                                "IntegrityLevel": "High",
                                "ParentCommandLine": "\"C:\\Users\\george\\Desktop\\software.exe\"",
                                "UtcTime": "1681716879",
                                "RuleName": "-"
                            }
                        },
                        {
                            "values": {
                                "TerminalSessionId": "1",
                                "ProcessGuid": "{C784477D-F690-643C-8406-000000003400}",
                                "ProcessId": "3356",
                                "Product": "Microsoft\\xae Windows\\xae Operating System",
                                "Description": "Command Line Interface for Microsoft\\xae Volume Shadow Copy Service ",
                                "Company": "Microsoft Corporation",
                                "ParentProcessGuid": "{C784477D-F664-643C-F305-000000003400}",
                                "User": "DESKTOP-B0T93D6\\george",
                                "Hashes": "MD5=7E30B94672107D3381A1D175CF18C147,SHA256=BB1D73C5104A722F228B39CCB24C6F2BB13EFCCA2EA65B013D33433550E3BCE7,IMPHASH=B8C53607A902DC54702978C63D6E8B2E",
                                "OriginalFileName": "VSSADMIN.EXE",
                                "ParentImage": "C:\\Users\\george\\Desktop\\software.exe",
                                "FileVersion": "10.0.17134.1 (WinBuild.160101.0800)",
                                "ParentProcessId": "4176",
                                "CurrentDirectory": "C:\\Users\\george\\Desktop\\",
                                "CommandLine": "\"vssadmin.exe\" resize shadowstorage /for=f: /on=f: /maxsize=unbounded",
                                "EventID": "1",
                                "LogonGuid": "C784477D-5E57-6407-32AB-030000000000",
                                "LogonId": "240434",
                                "Image": "C:\\Windows\\SysWOW64\\vssadmin.exe",
                                "IntegrityLevel": "High",
                                "ParentCommandLine": "\"C:\\Users\\george\\Desktop\\software.exe\"",
                                "UtcTime": "1681716880",
                                "RuleName": "-"
                            }
                        },
                        {
                            "values": {
                                "TerminalSessionId": "1",
                                "ProcessGuid": "{C784477D-F691-643C-8606-000000003400}",
                                "ProcessId": "6784",
                                "Product": "Microsoft\\xae Windows\\xae Operating System",
                                "Description": "Command Line Interface for Microsoft\\xae Volume Shadow Copy Service ",
                                "Company": "Microsoft Corporation",
                                "ParentProcessGuid": "{C784477D-F664-643C-F305-000000003400}",
                                "User": "DESKTOP-B0T93D6\\george",
                                "Hashes": "MD5=7E30B94672107D3381A1D175CF18C147,SHA256=BB1D73C5104A722F228B39CCB24C6F2BB13EFCCA2EA65B013D33433550E3BCE7,IMPHASH=B8C53607A902DC54702978C63D6E8B2E",
                                "OriginalFileName": "VSSADMIN.EXE",
                                "ParentImage": "C:\\Users\\george\\Desktop\\software.exe",
                                "FileVersion": "10.0.17134.1 (WinBuild.160101.0800)",
                                "ParentProcessId": "4176",
                                "CurrentDirectory": "C:\\Users\\george\\Desktop\\",
                                "CommandLine": "\"vssadmin.exe\" resize shadowstorage /for=g: /on=g: /maxsize=401MB",
                                "EventID": "1",
                                "LogonGuid": "C784477D-5E57-6407-32AB-030000000000",
                                "LogonId": "240434",
                                "Image": "C:\\Windows\\SysWOW64\\vssadmin.exe",
                                "IntegrityLevel": "High",
                                "ParentCommandLine": "\"C:\\Users\\george\\Desktop\\software.exe\"",
                                "UtcTime": "1681716881",
                                "RuleName": "-"
                            }
                        },
                        {
                            "values": {
                                "TerminalSessionId": "1",
                                "ProcessGuid": "{C784477D-F691-643C-8806-000000003400}",
                                "ProcessId": "296",
                                "Product": "Microsoft\\xae Windows\\xae Operating System",
                                "Description": "Command Line Interface for Microsoft\\xae Volume Shadow Copy Service ",
                                "Company": "Microsoft Corporation",
                                "ParentProcessGuid": "{C784477D-F664-643C-F305-000000003400}",
                                "User": "DESKTOP-B0T93D6\\george",
                                "Hashes": "MD5=7E30B94672107D3381A1D175CF18C147,SHA256=BB1D73C5104A722F228B39CCB24C6F2BB13EFCCA2EA65B013D33433550E3BCE7,IMPHASH=B8C53607A902DC54702978C63D6E8B2E",
                                "OriginalFileName": "VSSADMIN.EXE",
                                "ParentImage": "C:\\Users\\george\\Desktop\\software.exe",
                                "FileVersion": "10.0.17134.1 (WinBuild.160101.0800)",
                                "ParentProcessId": "4176",
                                "CurrentDirectory": "C:\\Users\\george\\Desktop\\",
                                "CommandLine": "\"vssadmin.exe\" resize shadowstorage /for=g: /on=g: /maxsize=unbounded",
                                "EventID": "1",
                                "LogonGuid": "C784477D-5E57-6407-32AB-030000000000",
                                "LogonId": "240434",
                                "Image": "C:\\Windows\\SysWOW64\\vssadmin.exe",
                                "IntegrityLevel": "High",
                                "ParentCommandLine": "\"C:\\Users\\george\\Desktop\\software.exe\"",
                                "UtcTime": "1681716881",
                                "RuleName": "-"
                            }
                        },
                        {
                            "values": {
                                "TerminalSessionId": "1",
                                "ProcessGuid": "{C784477D-F691-643C-8A06-000000003400}",
                                "ProcessId": "572",
                                "Product": "Microsoft\\xae Windows\\xae Operating System",
                                "Description": "Command Line Interface for Microsoft\\xae Volume Shadow Copy Service ",
                                "Company": "Microsoft Corporation",
                                "ParentProcessGuid": "{C784477D-F664-643C-F305-000000003400}",
                                "User": "DESKTOP-B0T93D6\\george",
                                "Hashes": "MD5=7E30B94672107D3381A1D175CF18C147,SHA256=BB1D73C5104A722F228B39CCB24C6F2BB13EFCCA2EA65B013D33433550E3BCE7,IMPHASH=B8C53607A902DC54702978C63D6E8B2E",
                                "OriginalFileName": "VSSADMIN.EXE",
                                "ParentImage": "C:\\Users\\george\\Desktop\\software.exe",
                                "FileVersion": "10.0.17134.1 (WinBuild.160101.0800)",
                                "ParentProcessId": "4176",
                                "CurrentDirectory": "C:\\Users\\george\\Desktop\\",
                                "CommandLine": "\"vssadmin.exe\" resize shadowstorage /for=h: /on=h: /maxsize=401MB",
                                "EventID": "1",
                                "LogonGuid": "C784477D-5E57-6407-32AB-030000000000",
                                "LogonId": "240434",
                                "Image": "C:\\Windows\\SysWOW64\\vssadmin.exe",
                                "IntegrityLevel": "High",
                                "ParentCommandLine": "\"C:\\Users\\george\\Desktop\\software.exe\"",
                                "UtcTime": "1681716881",
                                "RuleName": "-"
                            }
                        },
                        {
                            "values": {
                                "TerminalSessionId": "1",
                                "ProcessGuid": "{C784477D-F692-643C-8C06-000000003400}",
                                "ProcessId": "5852",
                                "Product": "Microsoft\\xae Windows\\xae Operating System",
                                "Description": "Command Line Interface for Microsoft\\xae Volume Shadow Copy Service ",
                                "Company": "Microsoft Corporation",
                                "ParentProcessGuid": "{C784477D-F664-643C-F305-000000003400}",
                                "User": "DESKTOP-B0T93D6\\george",
                                "Hashes": "MD5=7E30B94672107D3381A1D175CF18C147,SHA256=BB1D73C5104A722F228B39CCB24C6F2BB13EFCCA2EA65B013D33433550E3BCE7,IMPHASH=B8C53607A902DC54702978C63D6E8B2E",
                                "OriginalFileName": "VSSADMIN.EXE",
                                "ParentImage": "C:\\Users\\george\\Desktop\\software.exe",
                                "FileVersion": "10.0.17134.1 (WinBuild.160101.0800)",
                                "ParentProcessId": "4176",
                                "CurrentDirectory": "C:\\Users\\george\\Desktop\\",
                                "CommandLine": "\"vssadmin.exe\" resize shadowstorage /for=h: /on=h: /maxsize=unbounded",
                                "EventID": "1",
                                "LogonGuid": "C784477D-5E57-6407-32AB-030000000000",
                                "LogonId": "240434",
                                "Image": "C:\\Windows\\SysWOW64\\vssadmin.exe",
                                "IntegrityLevel": "High",
                                "ParentCommandLine": "\"C:\\Users\\george\\Desktop\\software.exe\"",
                                "UtcTime": "1681716882",
                                "RuleName": "-"
                            }
                        },
                        {
                            "values": {
                                "TerminalSessionId": "1",
                                "ProcessGuid": "{C784477D-F692-643C-8E06-000000003400}",
                                "ProcessId": "5240",
                                "Product": "Microsoft\\xae Windows\\xae Operating System",
                                "Description": "Command Line Interface for Microsoft\\xae Volume Shadow Copy Service ",
                                "Company": "Microsoft Corporation",
                                "ParentProcessGuid": "{C784477D-F664-643C-F305-000000003400}",
                                "User": "DESKTOP-B0T93D6\\george",
                                "Hashes": "MD5=7E30B94672107D3381A1D175CF18C147,SHA256=BB1D73C5104A722F228B39CCB24C6F2BB13EFCCA2EA65B013D33433550E3BCE7,IMPHASH=B8C53607A902DC54702978C63D6E8B2E",
                                "OriginalFileName": "VSSADMIN.EXE",
                                "ParentImage": "C:\\Users\\george\\Desktop\\software.exe",
                                "FileVersion": "10.0.17134.1 (WinBuild.160101.0800)",
                                "ParentProcessId": "4176",
                                "CurrentDirectory": "C:\\Users\\george\\Desktop\\",
                                "CommandLine": "\"vssadmin.exe\" Delete Shadows /all /quiet",
                                "EventID": "1",
                                "LogonGuid": "C784477D-5E57-6407-32AB-030000000000",
                                "LogonId": "240434",
                                "Image": "C:\\Windows\\SysWOW64\\vssadmin.exe",
                                "IntegrityLevel": "High",
                                "ParentCommandLine": "\"C:\\Users\\george\\Desktop\\software.exe\"",
                                "UtcTime": "1681716882",
                                "RuleName": "-"
                            }
                        }
                    ],
                    "rule_level": "high",
                    "rule_description": "Shadow Copies deletion using operating systems utilities",
                    "rule_source": "Sigma Integrated Rule Set (GitHub)",
                    "rule_title": "Shadow Copies Deletion Using Operating Systems Utilities",
                    "rule_id": "ad5e4d4b939797a70a9aa742d979a4742c2cfedddd663fb1a43b2795c1e6054b",
                    "rule_author": "Florian Roth (Nextron Systems), Michael Haag, Teymur Kheirkhabarov, Daniil Yugoslavskiy, oscd.community, Andreas Hunkeler (@Karneades)"
                },
                {
                    "match_context": [
                        {
                            "values": {
                                "TerminalSessionId": "1",
                                "ProcessGuid": "{C784477D-F689-643C-6506-000000003400}",
                                "ProcessId": "684",
                                "Product": "Microsoft\\xae Windows\\xae Operating System",
                                "Description": "Service Control Manager Configuration Tool",
                                "Company": "Microsoft Corporation",
                                "ParentProcessGuid": "{C784477D-F664-643C-F305-000000003400}",
                                "User": "DESKTOP-B0T93D6\\george",
                                "Hashes": "MD5=24A3E2603E63BCB9695A2935D3B24695,SHA256=3047D5C22A245D1E4294FCD547EC5FB0F2E5EF030B764424ACC74E7744FBE32E,IMPHASH=B037D0ADB81BF9CFC651DE01742089F1",
                                "OriginalFileName": "sc.exe",
                                "ParentImage": "C:\\Users\\george\\Desktop\\software.exe",
                                "FileVersion": "10.0.17134.1 (WinBuild.160101.0800)",
                                "ParentProcessId": "4176",
                                "CurrentDirectory": "C:\\Users\\george\\Desktop\\",
                                "CommandLine": "\"sc.exe\" config SQLTELEMETRY start= disabled",
                                "EventID": "1",
                                "LogonGuid": "C784477D-5E57-6407-32AB-030000000000",
                                "LogonId": "240434",
                                "Image": "C:\\Windows\\SysWOW64\\sc.exe",
                                "IntegrityLevel": "High",
                                "ParentCommandLine": "\"C:\\Users\\george\\Desktop\\software.exe\"",
                                "UtcTime": "1681716873",
                                "RuleName": "-"
                            }
                        },
                        {
                            "values": {
                                "TerminalSessionId": "1",
                                "ProcessGuid": "{C784477D-F68A-643C-6706-000000003400}",
                                "ProcessId": "5632",
                                "Product": "Microsoft\\xae Windows\\xae Operating System",
                                "Description": "Service Control Manager Configuration Tool",
                                "Company": "Microsoft Corporation",
                                "ParentProcessGuid": "{C784477D-F664-643C-F305-000000003400}",
                                "User": "DESKTOP-B0T93D6\\george",
                                "Hashes": "MD5=24A3E2603E63BCB9695A2935D3B24695,SHA256=3047D5C22A245D1E4294FCD547EC5FB0F2E5EF030B764424ACC74E7744FBE32E,IMPHASH=B037D0ADB81BF9CFC651DE01742089F1",
                                "OriginalFileName": "sc.exe",
                                "ParentImage": "C:\\Users\\george\\Desktop\\software.exe",
                                "FileVersion": "10.0.17134.1 (WinBuild.160101.0800)",
                                "ParentProcessId": "4176",
                                "CurrentDirectory": "C:\\Users\\george\\Desktop\\",
                                "CommandLine": "\"sc.exe\" config SQLTELEMETRY$ECWDB2 start= disabled",
                                "EventID": "1",
                                "LogonGuid": "C784477D-5E57-6407-32AB-030000000000",
                                "LogonId": "240434",
                                "Image": "C:\\Windows\\SysWOW64\\sc.exe",
                                "IntegrityLevel": "High",
                                "ParentCommandLine": "\"C:\\Users\\george\\Desktop\\software.exe\"",
                                "UtcTime": "1681716874",
                                "RuleName": "-"
                            }
                        },
                        {
                            "values": {
                                "TerminalSessionId": "1",
                                "ProcessGuid": "{C784477D-F68A-643C-6906-000000003400}",
                                "ProcessId": "6244",
                                "Product": "Microsoft\\xae Windows\\xae Operating System",
                                "Description": "Service Control Manager Configuration Tool",
                                "Company": "Microsoft Corporation",
                                "ParentProcessGuid": "{C784477D-F664-643C-F305-000000003400}",
                                "User": "DESKTOP-B0T93D6\\george",
                                "Hashes": "MD5=24A3E2603E63BCB9695A2935D3B24695,SHA256=3047D5C22A245D1E4294FCD547EC5FB0F2E5EF030B764424ACC74E7744FBE32E,IMPHASH=B037D0ADB81BF9CFC651DE01742089F1",
                                "OriginalFileName": "sc.exe",
                                "ParentImage": "C:\\Users\\george\\Desktop\\software.exe",
                                "FileVersion": "10.0.17134.1 (WinBuild.160101.0800)",
                                "ParentProcessId": "4176",
                                "CurrentDirectory": "C:\\Users\\george\\Desktop\\",
                                "CommandLine": "\"sc.exe\" config SQLWriter start= disabled",
                                "EventID": "1",
                                "LogonGuid": "C784477D-5E57-6407-32AB-030000000000",
                                "LogonId": "240434",
                                "Image": "C:\\Windows\\SysWOW64\\sc.exe",
                                "IntegrityLevel": "High",
                                "ParentCommandLine": "\"C:\\Users\\george\\Desktop\\software.exe\"",
                                "UtcTime": "1681716874",
                                "RuleName": "-"
                            }
                        },
                        {
                            "values": {
                                "TerminalSessionId": "1",
                                "ProcessGuid": "{C784477D-F68A-643C-6B06-000000003400}",
                                "ProcessId": "3836",
                                "Product": "Microsoft\\xae Windows\\xae Operating System",
                                "Description": "Service Control Manager Configuration Tool",
                                "Company": "Microsoft Corporation",
                                "ParentProcessGuid": "{C784477D-F664-643C-F305-000000003400}",
                                "User": "DESKTOP-B0T93D6\\george",
                                "Hashes": "MD5=24A3E2603E63BCB9695A2935D3B24695,SHA256=3047D5C22A245D1E4294FCD547EC5FB0F2E5EF030B764424ACC74E7744FBE32E,IMPHASH=B037D0ADB81BF9CFC651DE01742089F1",
                                "OriginalFileName": "sc.exe",
                                "ParentImage": "C:\\Users\\george\\Desktop\\software.exe",
                                "FileVersion": "10.0.17134.1 (WinBuild.160101.0800)",
                                "ParentProcessId": "4176",
                                "CurrentDirectory": "C:\\Users\\george\\Desktop\\",
                                "CommandLine": "\"sc.exe\" config SstpSvc start= disabled",
                                "EventID": "1",
                                "LogonGuid": "C784477D-5E57-6407-32AB-030000000000",
                                "LogonId": "240434",
                                "Image": "C:\\Windows\\SysWOW64\\sc.exe",
                                "IntegrityLevel": "High",
                                "ParentCommandLine": "\"C:\\Users\\george\\Desktop\\software.exe\"",
                                "UtcTime": "1681716874",
                                "RuleName": "-"
                            }
                        }
                    ],
                    "rule_level": "medium",
                    "rule_description": "Detect the use of \"sc.exe\" to change the startup type of a service to \"disabled\" or \"demand\"",
                    "rule_source": "Sigma Integrated Rule Set (GitHub)",
                    "rule_title": "Service StartupType Change Via Sc.EXE",
                    "rule_id": "b55af83c751d2c7bca8dbba245a97017e34109bff34fd50b02f60a91111ea703",
                    "rule_author": "Nasreddine Bencherchali (Nextron Systems)"
                },
                {
                    "match_context": [
                        {
                            "values": {
                                "TerminalSessionId": "1",
                                "ProcessGuid": "{C784477D-F665-643C-F405-000000003400}",
                                "ProcessId": "6356",
                                "Product": "Microsoft\\xae Windows\\xae Operating System",
                                "Description": "Net Command",
                                "Company": "Microsoft Corporation",
                                "ParentProcessGuid": "{C784477D-F664-643C-F305-000000003400}",
                                "User": "DESKTOP-B0T93D6\\george",
                                "Hashes": "MD5=DD0561156F62BC1958CE0E370B23711B,SHA256=FD41D0261C6D22572DA448BCB5CBBB98F78A2922D1F1074D25237CC82C8CE432,IMPHASH=86350518EAE83E4A09BBF6317BA1C570",
                                "OriginalFileName": "net.exe",
                                "ParentImage": "C:\\Users\\george\\Desktop\\software.exe",
                                "FileVersion": "10.0.17134.1 (WinBuild.160101.0800)",
                                "ParentProcessId": "4176",
                                "CurrentDirectory": "C:\\Users\\george\\Desktop\\",
                                "CommandLine": "\"net.exe\" stop avpsus /y",
                                "EventID": "1",
                                "LogonGuid": "C784477D-5E57-6407-32AB-030000000000",
                                "LogonId": "240434",
                                "Image": "C:\\Windows\\SysWOW64\\net.exe",
                                "IntegrityLevel": "High",
                                "ParentCommandLine": "\"C:\\Users\\george\\Desktop\\software.exe\"",
                                "UtcTime": "1681716837",
                                "RuleName": "-"
                            }
                        },
                        {
                            "values": {
                                "TerminalSessionId": "1",
                                "ProcessGuid": "{C784477D-F666-643C-F605-000000003400}",
                                "ProcessId": "7144",
                                "Product": "Microsoft\\xae Windows\\xae Operating System",
                                "Description": "Net Command",
                                "Company": "Microsoft Corporation",
                                "ParentProcessGuid": "{C784477D-F665-643C-F405-000000003400}",
                                "User": "DESKTOP-B0T93D6\\george",
                                "Hashes": "MD5=B5A26C2BF17222E86B91D26F1247AF3E,SHA256=14CC5BE4C833ACC652195DEAD113E1C3B4AC0B98EA1AEAD11957836F9AE721CF,IMPHASH=3D3E7537BD3BA07738DC5CA8AD01B073",
                                "OriginalFileName": "net1.exe",
                                "ParentImage": "C:\\Windows\\SysWOW64\\net.exe",
                                "FileVersion": "10.0.17134.1 (WinBuild.160101.0800)",
                                "ParentProcessId": "6356",
                                "CurrentDirectory": "C:\\Users\\george\\Desktop\\",
                                "CommandLine": "C:\\Windows\\system32\\net1 stop avpsus /y",
                                "EventID": "1",
                                "LogonGuid": "C784477D-5E57-6407-32AB-030000000000",
                                "LogonId": "240434",
                                "Image": "C:\\Windows\\SysWOW64\\net1.exe",
                                "IntegrityLevel": "High",
                                "ParentCommandLine": "\"net.exe\" stop avpsus /y",
                                "UtcTime": "1681716838",
                                "RuleName": "-"
                            }
                        },
                        {
                            "values": {
                                "TerminalSessionId": "1",
                                "ProcessGuid": "{C784477D-F666-643C-F705-000000003400}",
                                "ProcessId": "5640",
                                "Product": "Microsoft\\xae Windows\\xae Operating System",
                                "Description": "Net Command",
                                "Company": "Microsoft Corporation",
                                "ParentProcessGuid": "{C784477D-F664-643C-F305-000000003400}",
                                "User": "DESKTOP-B0T93D6\\george",
                                "Hashes": "MD5=DD0561156F62BC1958CE0E370B23711B,SHA256=FD41D0261C6D22572DA448BCB5CBBB98F78A2922D1F1074D25237CC82C8CE432,IMPHASH=86350518EAE83E4A09BBF6317BA1C570",
                                "OriginalFileName": "net.exe",
                                "ParentImage": "C:\\Users\\george\\Desktop\\software.exe",
                                "FileVersion": "10.0.17134.1 (WinBuild.160101.0800)",
                                "ParentProcessId": "4176",
                                "CurrentDirectory": "C:\\Users\\george\\Desktop\\",
                                "CommandLine": "\"net.exe\" stop McAfeeDLPAgentService /y",
                                "EventID": "1",
                                "LogonGuid": "C784477D-5E57-6407-32AB-030000000000",
                                "LogonId": "240434",
                                "Image": "C:\\Windows\\SysWOW64\\net.exe",
                                "IntegrityLevel": "High",
                                "ParentCommandLine": "\"C:\\Users\\george\\Desktop\\software.exe\"",
                                "UtcTime": "1681716838",
                                "RuleName": "-"
                            }
                        },
