                        {
                            "values": {
                                "TerminalSessionId": "1",
                                "ProcessGuid": "{C784477D-F686-643C-5206-000000003400}",
                                "ProcessId": "260",
                                "Product": "Microsoft\\xae Windows\\xae Operating System",
                                "Description": "Net Command",
                                "Company": "Microsoft Corporation",
                                "ParentProcessGuid": "{C784477D-F686-643C-5006-000000003400}",
                                "User": "DESKTOP-B0T93D6\\george",
                                "Hashes": "MD5=B5A26C2BF17222E86B91D26F1247AF3E,SHA256=14CC5BE4C833ACC652195DEAD113E1C3B4AC0B98EA1AEAD11957836F9AE721CF,IMPHASH=3D3E7537BD3BA07738DC5CA8AD01B073",
                                "OriginalFileName": "net1.exe",
                                "ParentImage": "C:\\Windows\\SysWOW64\\net.exe",
                                "FileVersion": "10.0.17134.1 (WinBuild.160101.0800)",
                                "ParentProcessId": "268",
                                "CurrentDirectory": "C:\\Users\\george\\Desktop\\",
                                "CommandLine": "C:\\Windows\\system32\\net1 stop BackupExecManagementService /y",
                                "EventID": "1",
                                "LogonGuid": "C784477D-5E57-6407-32AB-030000000000",
                                "LogonId": "240434",
                                "Image": "C:\\Windows\\SysWOW64\\net1.exe",
                                "IntegrityLevel": "High",
                                "ParentCommandLine": "\"net.exe\" stop BackupExecManagementService /y",
                                "UtcTime": "1681716870",
                                "RuleName": "-"
                            }
                        },
                        {
                            "values": {
                                "TerminalSessionId": "1",
                                "ProcessGuid": "{C784477D-F686-643C-5306-000000003400}",
                                "ProcessId": "5100",
                                "Product": "Microsoft\\xae Windows\\xae Operating System",
                                "Description": "Net Command",
                                "Company": "Microsoft Corporation",
                                "ParentProcessGuid": "{C784477D-F664-643C-F305-000000003400}",
                                "User": "DESKTOP-B0T93D6\\george",
                                "Hashes": "MD5=DD0561156F62BC1958CE0E370B23711B,SHA256=FD41D0261C6D22572DA448BCB5CBBB98F78A2922D1F1074D25237CC82C8CE432,IMPHASH=86350518EAE83E4A09BBF6317BA1C570",
                                "OriginalFileName": "net.exe",
                                "ParentImage": "C:\\Users\\george\\Desktop\\software.exe",
                                "FileVersion": "10.0.17134.1 (WinBuild.160101.0800)",
                                "ParentProcessId": "4176",
                                "CurrentDirectory": "C:\\Users\\george\\Desktop\\",
                                "CommandLine": "\"net.exe\" stop BackupExecRPCService /y",
                                "EventID": "1",
                                "LogonGuid": "C784477D-5E57-6407-32AB-030000000000",
                                "LogonId": "240434",
                                "Image": "C:\\Windows\\SysWOW64\\net.exe",
                                "IntegrityLevel": "High",
                                "ParentCommandLine": "\"C:\\Users\\george\\Desktop\\software.exe\"",
                                "UtcTime": "1681716870",
                                "RuleName": "-"
                            }
                        },
                        {
                            "values": {
                                "TerminalSessionId": "1",
                                "ProcessGuid": "{C784477D-F687-643C-5506-000000003400}",
                                "ProcessId": "5328",
                                "Product": "Microsoft\\xae Windows\\xae Operating System",
                                "Description": "Net Command",
                                "Company": "Microsoft Corporation",
                                "ParentProcessGuid": "{C784477D-F686-643C-5306-000000003400}",
                                "User": "DESKTOP-B0T93D6\\george",
                                "Hashes": "MD5=B5A26C2BF17222E86B91D26F1247AF3E,SHA256=14CC5BE4C833ACC652195DEAD113E1C3B4AC0B98EA1AEAD11957836F9AE721CF,IMPHASH=3D3E7537BD3BA07738DC5CA8AD01B073",
                                "OriginalFileName": "net1.exe",
                                "ParentImage": "C:\\Windows\\SysWOW64\\net.exe",
                                "FileVersion": "10.0.17134.1 (WinBuild.160101.0800)",
                                "ParentProcessId": "5100",
                                "CurrentDirectory": "C:\\Users\\george\\Desktop\\",
                                "CommandLine": "C:\\Windows\\system32\\net1 stop BackupExecRPCService /y",
                                "EventID": "1",
                                "LogonGuid": "C784477D-5E57-6407-32AB-030000000000",
                                "LogonId": "240434",
                                "Image": "C:\\Windows\\SysWOW64\\net1.exe",
                                "IntegrityLevel": "High",
                                "ParentCommandLine": "\"net.exe\" stop BackupExecRPCService /y",
                                "UtcTime": "1681716871",
                                "RuleName": "-"
                            }
                        },
                        {
                            "values": {
                                "TerminalSessionId": "1",
                                "ProcessGuid": "{C784477D-F687-643C-5606-000000003400}",
                                "ProcessId": "6232",
                                "Product": "Microsoft\\xae Windows\\xae Operating System",
                                "Description": "Net Command",
                                "Company": "Microsoft Corporation",
                                "ParentProcessGuid": "{C784477D-F664-643C-F305-000000003400}",
                                "User": "DESKTOP-B0T93D6\\george",
                                "Hashes": "MD5=DD0561156F62BC1958CE0E370B23711B,SHA256=FD41D0261C6D22572DA448BCB5CBBB98F78A2922D1F1074D25237CC82C8CE432,IMPHASH=86350518EAE83E4A09BBF6317BA1C570",
                                "OriginalFileName": "net.exe",
                                "ParentImage": "C:\\Users\\george\\Desktop\\software.exe",
                                "FileVersion": "10.0.17134.1 (WinBuild.160101.0800)",
                                "ParentProcessId": "4176",
                                "CurrentDirectory": "C:\\Users\\george\\Desktop\\",
                                "CommandLine": "\"net.exe\" stop AcrSch2Svc /y",
                                "EventID": "1",
                                "LogonGuid": "C784477D-5E57-6407-32AB-030000000000",
                                "LogonId": "240434",
                                "Image": "C:\\Windows\\SysWOW64\\net.exe",
                                "IntegrityLevel": "High",
                                "ParentCommandLine": "\"C:\\Users\\george\\Desktop\\software.exe\"",
                                "UtcTime": "1681716871",
                                "RuleName": "-"
                            }
                        },
                        {
                            "values": {
                                "TerminalSessionId": "1",
                                "ProcessGuid": "{C784477D-F687-643C-5806-000000003400}",
                                "ProcessId": "5984",
                                "Product": "Microsoft\\xae Windows\\xae Operating System",
                                "Description": "Net Command",
                                "Company": "Microsoft Corporation",
                                "ParentProcessGuid": "{C784477D-F687-643C-5606-000000003400}",
                                "User": "DESKTOP-B0T93D6\\george",
                                "Hashes": "MD5=B5A26C2BF17222E86B91D26F1247AF3E,SHA256=14CC5BE4C833ACC652195DEAD113E1C3B4AC0B98EA1AEAD11957836F9AE721CF,IMPHASH=3D3E7537BD3BA07738DC5CA8AD01B073",
                                "OriginalFileName": "net1.exe",
                                "ParentImage": "C:\\Windows\\SysWOW64\\net.exe",
                                "FileVersion": "10.0.17134.1 (WinBuild.160101.0800)",
                                "ParentProcessId": "6232",
                                "CurrentDirectory": "C:\\Users\\george\\Desktop\\",
                                "CommandLine": "C:\\Windows\\system32\\net1 stop AcrSch2Svc /y",
                                "EventID": "1",
                                "LogonGuid": "C784477D-5E57-6407-32AB-030000000000",
                                "LogonId": "240434",
                                "Image": "C:\\Windows\\SysWOW64\\net1.exe",
                                "IntegrityLevel": "High",
                                "ParentCommandLine": "\"net.exe\" stop AcrSch2Svc /y",
                                "UtcTime": "1681716871",
                                "RuleName": "-"
                            }
                        },
                        {
                            "values": {
                                "TerminalSessionId": "1",
                                "ProcessGuid": "{C784477D-F687-643C-5906-000000003400}",
                                "ProcessId": "5628",
                                "Product": "Microsoft\\xae Windows\\xae Operating System",
                                "Description": "Net Command",
                                "Company": "Microsoft Corporation",
                                "ParentProcessGuid": "{C784477D-F664-643C-F305-000000003400}",
                                "User": "DESKTOP-B0T93D6\\george",
                                "Hashes": "MD5=DD0561156F62BC1958CE0E370B23711B,SHA256=FD41D0261C6D22572DA448BCB5CBBB98F78A2922D1F1074D25237CC82C8CE432,IMPHASH=86350518EAE83E4A09BBF6317BA1C570",
                                "OriginalFileName": "net.exe",
                                "ParentImage": "C:\\Users\\george\\Desktop\\software.exe",
                                "FileVersion": "10.0.17134.1 (WinBuild.160101.0800)",
                                "ParentProcessId": "4176",
                                "CurrentDirectory": "C:\\Users\\george\\Desktop\\",
                                "CommandLine": "\"net.exe\" stop AcronisAgent /y",
                                "EventID": "1",
                                "LogonGuid": "C784477D-5E57-6407-32AB-030000000000",
                                "LogonId": "240434",
                                "Image": "C:\\Windows\\SysWOW64\\net.exe",
                                "IntegrityLevel": "High",
                                "ParentCommandLine": "\"C:\\Users\\george\\Desktop\\software.exe\"",
                                "UtcTime": "1681716871",
                                "RuleName": "-"
                            }
                        },
                        {
                            "values": {
                                "TerminalSessionId": "1",
                                "ProcessGuid": "{C784477D-F688-643C-5B06-000000003400}",
                                "ProcessId": "1292",
                                "Product": "Microsoft\\xae Windows\\xae Operating System",
                                "Description": "Net Command",
                                "Company": "Microsoft Corporation",
                                "ParentProcessGuid": "{C784477D-F687-643C-5906-000000003400}",
                                "User": "DESKTOP-B0T93D6\\george",
                                "Hashes": "MD5=B5A26C2BF17222E86B91D26F1247AF3E,SHA256=14CC5BE4C833ACC652195DEAD113E1C3B4AC0B98EA1AEAD11957836F9AE721CF,IMPHASH=3D3E7537BD3BA07738DC5CA8AD01B073",
                                "OriginalFileName": "net1.exe",
                                "ParentImage": "C:\\Windows\\SysWOW64\\net.exe",
                                "FileVersion": "10.0.17134.1 (WinBuild.160101.0800)",
                                "ParentProcessId": "5628",
                                "CurrentDirectory": "C:\\Users\\george\\Desktop\\",
                                "CommandLine": "C:\\Windows\\system32\\net1 stop AcronisAgent /y",
                                "EventID": "1",
                                "LogonGuid": "C784477D-5E57-6407-32AB-030000000000",
                                "LogonId": "240434",
                                "Image": "C:\\Windows\\SysWOW64\\net1.exe",
                                "IntegrityLevel": "High",
                                "ParentCommandLine": "\"net.exe\" stop AcronisAgent /y",
                                "UtcTime": "1681716872",
                                "RuleName": "-"
                            }
                        },
                        {
                            "values": {
                                "TerminalSessionId": "1",
                                "ProcessGuid": "{C784477D-F688-643C-5C06-000000003400}",
                                "ProcessId": "1284",
                                "Product": "Microsoft\\xae Windows\\xae Operating System",
                                "Description": "Net Command",
                                "Company": "Microsoft Corporation",
                                "ParentProcessGuid": "{C784477D-F664-643C-F305-000000003400}",
                                "User": "DESKTOP-B0T93D6\\george",
                                "Hashes": "MD5=DD0561156F62BC1958CE0E370B23711B,SHA256=FD41D0261C6D22572DA448BCB5CBBB98F78A2922D1F1074D25237CC82C8CE432,IMPHASH=86350518EAE83E4A09BBF6317BA1C570",
                                "OriginalFileName": "net.exe",
                                "ParentImage": "C:\\Users\\george\\Desktop\\software.exe",
                                "FileVersion": "10.0.17134.1 (WinBuild.160101.0800)",
                                "ParentProcessId": "4176",
                                "CurrentDirectory": "C:\\Users\\george\\Desktop\\",
                                "CommandLine": "\"net.exe\" stop CASAD2DWebSvc /y",
                                "EventID": "1",
                                "LogonGuid": "C784477D-5E57-6407-32AB-030000000000",
                                "LogonId": "240434",
                                "Image": "C:\\Windows\\SysWOW64\\net.exe",
                                "IntegrityLevel": "High",
                                "ParentCommandLine": "\"C:\\Users\\george\\Desktop\\software.exe\"",
                                "UtcTime": "1681716872",
                                "RuleName": "-"
                            }
                        },
                        {
                            "values": {
                                "TerminalSessionId": "1",
                                "ProcessGuid": "{C784477D-F688-643C-5E06-000000003400}",
                                "ProcessId": "4592",
                                "Product": "Microsoft\\xae Windows\\xae Operating System",
                                "Description": "Net Command",
                                "Company": "Microsoft Corporation",
                                "ParentProcessGuid": "{C784477D-F688-643C-5C06-000000003400}",
                                "User": "DESKTOP-B0T93D6\\george",
                                "Hashes": "MD5=B5A26C2BF17222E86B91D26F1247AF3E,SHA256=14CC5BE4C833ACC652195DEAD113E1C3B4AC0B98EA1AEAD11957836F9AE721CF,IMPHASH=3D3E7537BD3BA07738DC5CA8AD01B073",
                                "OriginalFileName": "net1.exe",
                                "ParentImage": "C:\\Windows\\SysWOW64\\net.exe",
                                "FileVersion": "10.0.17134.1 (WinBuild.160101.0800)",
                                "ParentProcessId": "1284",
                                "CurrentDirectory": "C:\\Users\\george\\Desktop\\",
                                "CommandLine": "C:\\Windows\\system32\\net1 stop CASAD2DWebSvc /y",
                                "EventID": "1",
                                "LogonGuid": "C784477D-5E57-6407-32AB-030000000000",
                                "LogonId": "240434",
                                "Image": "C:\\Windows\\SysWOW64\\net1.exe",
                                "IntegrityLevel": "High",
                                "ParentCommandLine": "\"net.exe\" stop CASAD2DWebSvc /y",
                                "UtcTime": "1681716872",
                                "RuleName": "-"
                            }
                        },
                        {
                            "values": {
                                "TerminalSessionId": "1",
                                "ProcessGuid": "{C784477D-F688-643C-5F06-000000003400}",
                                "ProcessId": "3964",
                                "Product": "Microsoft\\xae Windows\\xae Operating System",
                                "Description": "Net Command",
                                "Company": "Microsoft Corporation",
                                "ParentProcessGuid": "{C784477D-F664-643C-F305-000000003400}",
                                "User": "DESKTOP-B0T93D6\\george",
                                "Hashes": "MD5=DD0561156F62BC1958CE0E370B23711B,SHA256=FD41D0261C6D22572DA448BCB5CBBB98F78A2922D1F1074D25237CC82C8CE432,IMPHASH=86350518EAE83E4A09BBF6317BA1C570",
                                "OriginalFileName": "net.exe",
                                "ParentImage": "C:\\Users\\george\\Desktop\\software.exe",
                                "FileVersion": "10.0.17134.1 (WinBuild.160101.0800)",
                                "ParentProcessId": "4176",
                                "CurrentDirectory": "C:\\Users\\george\\Desktop\\",
                                "CommandLine": "\"net.exe\" stop CAARCUpdateSvc /y",
                                "EventID": "1",
                                "LogonGuid": "C784477D-5E57-6407-32AB-030000000000",
                                "LogonId": "240434",
                                "Image": "C:\\Windows\\SysWOW64\\net.exe",
                                "IntegrityLevel": "High",
                                "ParentCommandLine": "\"C:\\Users\\george\\Desktop\\software.exe\"",
                                "UtcTime": "1681716872",
                                "RuleName": "-"
                            }
                        },
                        {
                            "values": {
                                "TerminalSessionId": "1",
                                "ProcessGuid": "{C784477D-F689-643C-6106-000000003400}",
                                "ProcessId": "3812",
                                "Product": "Microsoft\\xae Windows\\xae Operating System",
                                "Description": "Net Command",
                                "Company": "Microsoft Corporation",
                                "ParentProcessGuid": "{C784477D-F688-643C-5F06-000000003400}",
                                "User": "DESKTOP-B0T93D6\\george",
                                "Hashes": "MD5=B5A26C2BF17222E86B91D26F1247AF3E,SHA256=14CC5BE4C833ACC652195DEAD113E1C3B4AC0B98EA1AEAD11957836F9AE721CF,IMPHASH=3D3E7537BD3BA07738DC5CA8AD01B073",
                                "OriginalFileName": "net1.exe",
                                "ParentImage": "C:\\Windows\\SysWOW64\\net.exe",
                                "FileVersion": "10.0.17134.1 (WinBuild.160101.0800)",
                                "ParentProcessId": "3964",
                                "CurrentDirectory": "C:\\Users\\george\\Desktop\\",
                                "CommandLine": "C:\\Windows\\system32\\net1 stop CAARCUpdateSvc /y",
                                "EventID": "1",
                                "LogonGuid": "C784477D-5E57-6407-32AB-030000000000",
                                "LogonId": "240434",
                                "Image": "C:\\Windows\\SysWOW64\\net1.exe",
                                "IntegrityLevel": "High",
                                "ParentCommandLine": "\"net.exe\" stop CAARCUpdateSvc /y",
                                "UtcTime": "1681716873",
                                "RuleName": "-"
                            }
                        },
                        {
                            "values": {
                                "TerminalSessionId": "1",
                                "ProcessGuid": "{C784477D-F689-643C-6206-000000003400}",
                                "ProcessId": "6504",
                                "Product": "Microsoft\\xae Windows\\xae Operating System",
                                "Description": "Net Command",
                                "Company": "Microsoft Corporation",
                                "ParentProcessGuid": "{C784477D-F664-643C-F305-000000003400}",
                                "User": "DESKTOP-B0T93D6\\george",
                                "Hashes": "MD5=DD0561156F62BC1958CE0E370B23711B,SHA256=FD41D0261C6D22572DA448BCB5CBBB98F78A2922D1F1074D25237CC82C8CE432,IMPHASH=86350518EAE83E4A09BBF6317BA1C570",
                                "OriginalFileName": "net.exe",
                                "ParentImage": "C:\\Users\\george\\Desktop\\software.exe",
                                "FileVersion": "10.0.17134.1 (WinBuild.160101.0800)",
                                "ParentProcessId": "4176",
                                "CurrentDirectory": "C:\\Users\\george\\Desktop\\",
                                "CommandLine": "\"net.exe\" stop sophos /y",
                                "EventID": "1",
                                "LogonGuid": "C784477D-5E57-6407-32AB-030000000000",
                                "LogonId": "240434",
                                "Image": "C:\\Windows\\SysWOW64\\net.exe",
                                "IntegrityLevel": "High",
                                "ParentCommandLine": "\"C:\\Users\\george\\Desktop\\software.exe\"",
                                "UtcTime": "1681716873",
                                "RuleName": "-"
                            }
                        },
                        {
                            "values": {
                                "TerminalSessionId": "1",
                                "ProcessGuid": "{C784477D-F689-643C-6406-000000003400}",
                                "ProcessId": "4340",
                                "Product": "Microsoft\\xae Windows\\xae Operating System",
                                "Description": "Net Command",
                                "Company": "Microsoft Corporation",
                                "ParentProcessGuid": "{C784477D-F689-643C-6206-000000003400}",
                                "User": "DESKTOP-B0T93D6\\george",
                                "Hashes": "MD5=B5A26C2BF17222E86B91D26F1247AF3E,SHA256=14CC5BE4C833ACC652195DEAD113E1C3B4AC0B98EA1AEAD11957836F9AE721CF,IMPHASH=3D3E7537BD3BA07738DC5CA8AD01B073",
                                "OriginalFileName": "net1.exe",
                                "ParentImage": "C:\\Windows\\SysWOW64\\net.exe",
                                "FileVersion": "10.0.17134.1 (WinBuild.160101.0800)",
                                "ParentProcessId": "6504",
                                "CurrentDirectory": "C:\\Users\\george\\Desktop\\",
                                "CommandLine": "C:\\Windows\\system32\\net1 stop sophos /y",
                                "EventID": "1",
                                "LogonGuid": "C784477D-5E57-6407-32AB-030000000000",
                                "LogonId": "240434",
                                "Image": "C:\\Windows\\SysWOW64\\net1.exe",
                                "IntegrityLevel": "High",
                                "ParentCommandLine": "\"net.exe\" stop sophos /y",
                                "UtcTime": "1681716873",
                                "RuleName": "-"
                            }
                        }
                    ],
                    "rule_level": "low",
                    "rule_description": "Detects execution of Net.exe, whether suspicious or benign.",
                    "rule_source": "Sigma Integrated Rule Set (GitHub)",
                    "rule_title": "Net.exe Execution",
                    "rule_id": "f1048c602439313e72f67c634350106ba7b709512529457a6f0a5eca6835bc89",
                    "rule_author": "Michael Haag, Mark Woan (improvements), James Pemberton / @4A616D6573 / oscd.community (improvements)"
                }
            ],
            "unique_sources": 5,
            "crowdsourced_yara_results": [
                {
                    "description": "Detects executables packed with SmartAssembly",
                    "author": "ditekSHen",
                    "ruleset_name": "indicator_packed",
                    "rule_name": "INDICATOR_EXE_Packed_SmartAssembly",
                    "ruleset_id": "00c291ca7f",
                    "match_in_subfile": true,
                    "source": "https://github.com/ditekshen/detection"
                },
                {
                    "description": "Identifies THANOS (Hakbit) ransomware",
                    "author": "Elastic Security",
                    "ruleset_name": "Windows_Ransomware_Thanos",
                    "rule_name": "Windows_Ransomware_Thanos_a6c09942",
                    "ruleset_id": "015bb815e3",
                    "match_in_subfile": true,
                    "source": "https://github.com/elastic/protections-artifacts"
                },
                {
                    "ruleset_id": "00b32675a5",
                    "rule_name": "Origin",
                    "ruleset_name": "Origin",
                    "description": "Origin Logger payload",
                    "author": "kevoreilly",
                    "source": "https://github.com/kevoreilly/CAPEv2"
                },
                {
                    "ruleset_id": "015bb815e3",
                    "rule_name": "Windows_Ransomware_Thanos_a6c09942",
                    "ruleset_name": "Windows_Ransomware_Thanos",
                    "description": "Identifies THANOS (Hakbit) ransomware",
                    "author": "Elastic Security",
                    "match_date": 1768112384,
                    "ruleset_version": "015bb815e3|195c9611ddb90db599d7ffc1a9b0e8c45688007d",
                    "source": "https://github.com/elastic/protections-artifacts"
                },
                {
                    "ruleset_id": "00c291ca7f",
                    "rule_name": "INDICATOR_EXE_Packed_SmartAssembly",
                    "ruleset_name": "indicator_packed",
                    "description": "Detects executables packed with SmartAssembly",
                    "author": "ditekSHen",
                    "match_date": 1768112384,
                    "ruleset_version": "00c291ca7f|e76c93dcdedff04076380ffc60ea54e45b313635",
                    "source": "https://github.com/ditekshen/detection"
                },
                {
                    "description": "Sandbox detection tricks",
                    "author": "AlienVault Labs",
                    "ruleset_name": "sandboxdetect",
                    "rule_name": "sandboxdetect_misc",
                    "ruleset_id": "009cfa8ad5",
                    "match_in_subfile": true,
                    "source": "https://github.com/AlienVault-Labs/AlienVaultLabs"
                }
            ],
            "tlsh": "T1AA530804769A862EC19E37B54CB112118B78B13FDA82F74F1EDB14F42A127D9884E5EF",
            "dot_net_assembly": {
                "entry_point_token": 100663297,
                "metadata_header_rva": 37568,
                "assembly_name": "CKNKKGeEwJATNv",
                "resources_va": 8448,
                "assembly_flags": 3,
                "strongname_va": 0,
                "external_assemblies": {
                    "Microsoft.VisualBasic": {
                        "version": "10.0.0.0"
                    },
                    "mscorlib": {
                        "version": "4.0.0.0"
                    },
                    "System": {
                        "version": "4.0.0.0"
                    },
                    "System.Drawing": {
                        "version": "4.0.0.0"
                    },
                    "System.Windows.Forms": {
                        "version": "4.0.0.0"
                    },
                    "System.Core": {
                        "version": "4.0.0.0"
                    },
                    "System.Management": {
                        "version": "4.0.0.0"
                    }
                },
                "clr_meta_version": "1.1",
                "tables_present": 20,
                "entry_point_rva": 58092,
                "tables_rows_map": "1992f09e087023012212f00603700000000578e0010070000112040",
                "assembly_flags_txt": "COMIMAGE_FLAGS_ILONLY, COMIMAGE_FLAGS_32BITREQUIRED",
                "external_modules": [
                    "kernel32.dll",
                    "ntdll.dll",
                    "user32.dll",
                    "advapi32.dll",
                    "Shell32.dll"
                ],
                "streams": {
                    "#~": {
                        "chi2": 174098.28125,
                        "size": 7268,
                        "entropy": 5.722825050354004,
                        "md5": "fa97f3a4603ee4e53ff5473c7edefbea"
                    },
                    "#Strings": {
                        "chi2": 73555.5078125,
                        "size": 9700,
                        "entropy": 5.457125186920166,
                        "md5": "b1adaf868d358a15461b4b44bbc4720d"
                    },
                    "#US": {
                        "chi2": 11007.615234375,
                        "size": 168,
                        "entropy": 3.452301502227783,
                        "md5": "367c58a0e59c40cdee86d0cf215f7f86"
                    },
                    "#GUID": {
                        "chi2": 240.0,
                        "size": 16,
                        "entropy": 4.0,
                        "md5": "484f522a5b5f05fb23142fb0937d8422"
                    },
                    "#Blob": {
                        "chi2": 41472.58984375,
                        "size": 3264,
                        "entropy": 5.2805962562561035,
                        "md5": "594fd3f538160911da706bde2ed36d82"
                    }
                },
                "tables_present_map": "b093c029d57",
                "clr_version": "v4.0.30319",
                "assembly_data": {
                    "majorversion": 0,
                    "minorversion": 0,
                    "hashalgid": 0,
                    "flags_text": "afPA_None",
                    "buildnumber": 0,
                    "flags": 0,
                    "revisionnumber": 0,
                    "name": "Client-17"
                },
                "manifest_resource": [
                    "{759604bb-51c3-4dcc-87e9-303c0a4a5c43}"
                ],
                "tables_rows_map_log": "49899797658566646475",
                "unmanaged_methods": {
                    "kernel32.dll": [
                        "GetModuleHandle",
                        "CheckRemoteDebuggerPresent",
                        "GetCurrentProcess"
                    ],
                    "ntdll.dll": [
                        "RtlSetProcessIsCritical"
                    ],
                    "user32.dll": [
                        "SystemParametersInfo"
                    ],
                    "advapi32.dll": [
                        "GetKernelObjectSecurity",
                        "SetKernelObjectSecurity"
                    ],
                    "Shell32.dll": [
                        "SHEmptyRecycleBin"
                    ]
                },
                "type_definition_list": [
                    {
                        "namespace": "System",
                        "type_definitions": [
                            "Object",
                            "Enum",
                            "MulticastDelegate",
                            "Attribute",
                            "ValueType",
                            "DateTime",
                            "Func`2",
                            "ModuleHandle",
                            "Uri",
                            "Type",
                            "IAsyncResult",
                            "AsyncCallback",
                            "AttributeUsageAttribute",
                            "AttributeTargets",
                            "String",
                            "Int32",
                            "Environment",
                            "IDisposable",
                            "Convert",
                            "Exception",
                            "Byte",
                            "BitConverter",
                            "Random",
                            "ArgumentException",
                            "Double",
                            "UnauthorizedAccessException",
                            "Array",
                            "RuntimeFieldHandle",
                            "RuntimeTypeHandle",
                            "StringSplitOptions",
                            "Char",
                            "IntPtr",
                            "RuntimeMethodHandle",
                            "Delegate",
                            "FormatException",
                            "InvalidOperationException",
                            "ArgumentOutOfRangeException",
                            "Math",
                            "Int16"
                        ]
                    },
                    {
                        "namespace": "System.IO",
                        "type_definitions": [
                            "MemoryStream",
                            "Path",
                            "File",
                            "StreamWriter",
                            "TextWriter",
                            "Directory",
                            "FileInfo",
                            "FileSystemInfo",
                            "DirectoryNotFoundException",
                            "PathTooLongException",
                            "FileNotFoundException",
                            "StreamReader",
                            "TextReader",
                            "DriveInfo",
                            "FileStream",
                            "FileMode",
                            "FileAccess",
                            "FileShare",
                            "Stream"
                        ]
                    },
                    {
                        "namespace": "System.Collections.Generic",
                        "type_definitions": [
                            "List`1",
                            "Dictionary`2",
                            "Stack`1",
                            "IEnumerable`1"
                        ]
                    },
                    {
                        "namespace": "System.Collections.Specialized",
                        "type_definitions": [
                            "StringCollection"
                        ]
                    },
                    {
                        "namespace": "Microsoft.Win32",
                        "type_definitions": [
                            "SessionEndingEventArgs",
                            "Registry",
                            "RegistryKey",
                            "SessionEndingEventHandler",
                            "SystemEvents"
                        ]
                    },
                    {
                        "namespace": "System.Security.AccessControl",
                        "type_definitions": [
                            "RawSecurityDescriptor",
                            "GenericSecurityDescriptor",
                            "RawAcl",
                            "CommonAce",
                            "AceFlags",
                            "AceQualifier",
                            "GenericAce"
                        ]
                    },
                    {
                        "namespace": "System.Reflection",
                        "type_definitions": [
                            "Assembly",
                            "AssemblyFileVersionAttribute",
                            "FieldInfo",
                            "BindingFlags",
                            "MemberInfo",
                            "MethodBase",
                            "MethodInfo",
                            "ParameterInfo",
                            "Module"
                        ]
                    },
                    {
                        "namespace": "System.Security.Cryptography",
                        "type_definitions": [
                            "ICryptoTransform",
                            "RNGCryptoServiceProvider",
                            "RandomNumberGenerator",
                            "RijndaelManaged",
                            "SymmetricAlgorithm",
                            "Rfc2898DeriveBytes",
                            "DeriveBytes",
                            "PaddingMode",
                            "CipherMode",
                            "CryptoStream",
                            "CryptoStreamMode",
                            "RSACryptoServiceProvider",
                            "AsymmetricAlgorithm",
                            "DESCryptoServiceProvider"
                        ]
                    },
                    {
                        "namespace": "System.Runtime.CompilerServices",
                        "type_definitions": [
                            "CompilationRelaxationsAttribute",
                            "RuntimeCompatibilityAttribute",
                            "SuppressIldasmAttribute",
                            "RuntimeHelpers"
                        ]
                    },
                    {
                        "namespace": "System.Threading",
                        "type_definitions": [
                            "Thread",
                            "ThreadStart",
                            "ThreadPriority",
                            "Mutex",
                            "WaitHandle",
                            "Monitor"
                        ]
                    },
                    {
                        "namespace": "System.Diagnostics",
                        "type_definitions": [
                            "Process",
                            "ProcessModule",
                            "ProcessStartInfo",
                            "ProcessWindowStyle"
                        ]
                    },
                    {
                        "namespace": "uncategorized",
                        "type_definitions": [
                            "SpecialFolder",
                            "Enumerator",
                            "ManagementObjectEnumerator"
                        ]
                    },
                    {
                        "namespace": "System.Net",
                        "type_definitions": [
                            "WebClient",
                            "WebRequest",
                            "FtpWebRequest",
                            "NetworkCredential",
                            "ICredentials",
                            "WebResponse",
                            "FtpWebResponse"
                        ]
                    },
                    {
                        "namespace": "System.Windows.Forms",
                        "type_definitions": [
                            "MessageBox",
                            "DialogResult",
                            "MessageBoxButtons",
                            "MessageBoxIcon",
                            "NotifyIcon",
                            "ToolTipIcon"
                        ]
                    },
                    {
                        "namespace": "System.Text",
                        "type_definitions": [
                            "Encoding",
                            "ASCIIEncoding"
                        ]
                    },
                    {
                        "namespace": "System.Security.Principal",
                        "type_definitions": [
                            "WindowsIdentity",
                            "WindowsPrincipal",
                            "WindowsBuiltInRole",
                            "SecurityIdentifier",
                            "WellKnownSidType"
                        ]
                    },
                    {
                        "namespace": "System.Drawing",
                        "type_definitions": [
                            "SystemIcons",
                            "Icon",
                            "Image"
                        ]
                    },
                    {
                        "namespace": "System.Linq",
                        "type_definitions": [
                            "Enumerable"
                        ]
                    },
                    {
                        "namespace": "Microsoft.VisualBasic.Devices",
                        "type_definitions": [
                            "ComputerInfo"
                        ]
                    },
                    {
                        "namespace": "System.Management",
                        "type_definitions": [
                            "ManagementObjectSearcher",
                            "ManagementObjectCollection",
                            "ManagementBaseObject",
                            "ManagementClass",
                            "ManagementObject",
                            "PropertyDataCollection",
                            "PropertyData"
                        ]
                    },
                    {
                        "namespace": "System.Drawing.Imaging",
                        "type_definitions": [
                            "ImageFormat"
                        ]
                    },
                    {
                        "namespace": "System.ComponentModel",
                        "type_definitions": [
                            "Win32Exception"
                        ]
                    },
                    {
                        "namespace": "System.Reflection.Emit",
                        "type_definitions": [
                            "DynamicMethod",
                            "ILGenerator",
                            "OpCodes",
                            "OpCode"
                        ]
                    }
                ],
                "unmanaged_method_list": [
                    {
                        "name": "kernel32.dll",
                        "methods": [
                            "GetModuleHandle",
                            "CheckRemoteDebuggerPresent",
                            "GetCurrentProcess"
                        ]
                    },
                    {
                        "name": "ntdll.dll",
                        "methods": [
                            "RtlSetProcessIsCritical"
                        ]
                    },
                    {
                        "name": "user32.dll",
                        "methods": [
                            "SystemParametersInfo"
                        ]
                    },
                    {
                        "name": "advapi32.dll",
                        "methods": [
                            "GetKernelObjectSecurity",
                            "SetKernelObjectSecurity"
                        ]
                    },
                    {
                        "name": "Shell32.dll",
                        "methods": [
                            "SHEmptyRecycleBin"
                        ]
                    }
                ]
            },
            "sha256": "34b93f1989b272866f023c34a2243978565fcfd23869cacc58ce592c1c545d8e",
            "pe_info": {
                "timestamp": 1589047732,
                "imphash": "f34d5f2d4577ed6d9ceec516c1f5a744",
                "machine_type": 332,
                "entry_point": 66614,
                "resource_details": [
                    {
                        "lang": "NEUTRAL",
                        "chi2": 1530.0,
                        "filetype": "unknown",
                        "entropy": 0.0,
                        "sha256": "b0f66adc83641586656866813fd9dd0b8ebb63796075661ba45d1aa8089e1d44",
                        "type": "RT_GROUP_ICON"
                    },
                    {
                        "lang": "NEUTRAL",
                        "chi2": 50196.61,
                        "filetype": "unknown",
                        "entropy": 3.1902754306793213,
                        "sha256": "213f843e1ac5b628417ca26fef84ffaa6163bf4279d75eb45a0bbc184c547b09",
                        "type": "RT_VERSION"
                    },
                    {
                        "lang": "NEUTRAL",
                        "chi2": 11023.79,
                        "filetype": "unknown",
                        "entropy": 4.6628851890563965,
                        "sha256": "70c09fd50debc9697c77b72db75fd3e1a72e4737be2ccfa17818e3f5fa4245d7",
                        "type": "RT_MANIFEST"
                    }
                ],
                "resource_langs": {
                    "NEUTRAL": 3
                },
                "resource_types": {
                    "RT_MANIFEST": 1,
                    "RT_VERSION": 1,
                    "RT_GROUP_ICON": 1
                },
                "sections": [
                    {
                        "name": ".text",
                        "chi2": 954247.56,
                        "virtual_address": 8192,
                        "flags": "rx",
                        "raw_size": 58880,
                        "entropy": 6.22,
                        "virtual_size": 58428,
                        "md5": "689a8d1c3e0209eeb4cf4eaccd94b701"
                    },
                    {
                        "name": ".rsrc",
                        "chi2": 42524.75,
                        "virtual_address": 73728,
                        "flags": "r",
                        "raw_size": 2048,
                        "entropy": 4.77,
                        "virtual_size": 1576,
                        "md5": "ecaa307e21e7c9b8a2e59c99bf81b558"
                    },
                    {
                        "name": ".reloc",
                        "chi2": 128522.0,
                        "virtual_address": 81920,
                        "flags": "r",
                        "raw_size": 512,
                        "entropy": 0.08,
                        "virtual_size": 12,
                        "md5": "9473dbd002e61d392ffdd87826db7005"
                    }
                ],
                "import_list": [
                    {
                        "library_name": "mscoree.dll",
                        "imported_functions": [
                            "_CorExeMain"
                        ]
                    }
                ]
            },
            "detectiteasy": {
                "filetype": "PE32",
                "values": [
                    {
                        "type": "Protector",
                        "name": "Smart Assembly"
                    },
                    {
                        "type": "Compiler",
                        "name": "VB.NET"
                    },
                    {
                        "version": "v4.0.30319",
                        "type": "Library",
                        "name": ".NET"
                    },
                    {
                        "version": "8.0",
                        "type": "Linker",
                        "name": "Microsoft Linker"
                    }
                ]
            },
            "size": 61952,
            "popular_threat_classification": {
                "popular_threat_category": [
                    {
                        "count": 28,
                        "value": "trojan"
                    },
                    {
                        "count": 24,
                        "value": "ransomware"
                    }
                ],
                "popular_threat_name": [
                    {
                        "count": 12,
                        "value": "msil"
                    },
                    {
                        "count": 9,
                        "value": "hakbit"
                    },
                    {
                        "count": 4,
                        "value": "thanos"
                    }
                ],
                "suggested_threat_label": "trojan.msil/hakbit"
            },
            "first_seen_itw_date": 1581725084,
            "last_modification_date": 1768119582
        }
    }
}