{
    "data": {
        "id": "43ced481e0f68fe57be3246cc5aede353c9d34f4e15d0afe443b5de9514d3ce4",
        "type": "file",
        "links": {
            "self": "https://www.virustotal.com/api/v3/files/43ced481e0f68fe57be3246cc5aede353c9d34f4e15d0afe443b5de9514d3ce4"
        },
        "attributes": {
            "ssdeep": "3072:+yvWCxfzdNRvpEAdS3rDkALwlYu8+IFMyXJVlRGa5JJ5SU:NvWCxfz0gS7oczu8+IdXJVvbSU",
            "sigma_analysis_stats": {
                "high": 2,
                "medium": 2,
                "critical": 1,
                "low": 0
            },
            "popular_threat_classification": {
                "popular_threat_name": [
                    {
                        "count": 9,
                        "value": "lockbit"
                    },
                    {
                        "count": 7,
                        "value": "delshad"
                    },
                    {
                        "count": 5,
                        "value": "glupteba"
                    }
                ],
                "popular_threat_category": [
                    {
                        "count": 28,
                        "value": "trojan"
                    },
                    {
                        "count": 8,
                        "value": "ransomware"
                    }
                ],
                "suggested_threat_label": "trojan.lockbit/delshad"
            },
            "tags": [
                "runtime-modules",
                "checks-user-input",
                "detect-debug-environment",
                "peexe",
                "direct-cpu-clock-access",
                "checks-cpu-name",
                "spreader",
                "persistence",
                "long-sleeps",
                "calls-wmi",
                "checks-network-adapters"
            ],
            "crowdsourced_yara_results": [
                {
                    "description": "Detects win.lockbit.",
                    "author": "Felix Bilstein - yara-signator at cocacoding dot com",
                    "ruleset_name": "win.lockbit_auto",
                    "rule_name": "win_lockbit_auto",
                    "ruleset_id": "0080597496",
                    "match_in_subfile": true,
                    "source": "https://malpedia.caad.fkie.fraunhofer.de/"
                },
                {
                    "description": "Detects Windows exceutables bypassing UAC using CMSTP COM interfaces. MITRE (T1218.003)",
                    "author": "ditekSHen",
                    "ruleset_name": "indicator_suspicious",
                    "rule_name": "INDICATOR_SUSPICIOUS_EXE_UACBypass_CMSTPCOM",
                    "ruleset_id": "00c3b8eb5d",
                    "match_in_subfile": true,
                    "source": "https://github.com/ditekshen/detection"
                },
                {
                    "description": "Detects executables containing anti-forensic artifacts of deleting USN change journal. Observed in ransomware",
                    "author": "ditekSHen",
                    "ruleset_name": "indicator_suspicious",
                    "rule_name": "INDICATOR_SUSPICIOUS_USNDeleteJournal",
                    "ruleset_id": "00c3b8eb5d",
                    "match_in_subfile": true,
                    "source": "https://github.com/ditekshen/detection"
                },
                {
                    "description": "Lockbit Payload",
                    "author": "kevoreilly",
                    "ruleset_name": "Lockbit",
                    "rule_name": "Lockbit",
                    "ruleset_id": "00bc40da16",
                    "match_in_subfile": true,
                    "source": "https://github.com/kevoreilly/CAPEv2"
                },
                {
                    "description": "Detects executables containing commands for clearing Windows Event Logs",
                    "author": "ditekSHen",
                    "ruleset_name": "indicator_suspicious",
                    "rule_name": "INDICATOR_SUSPICIOUS_ClearWinLogs",
                    "ruleset_id": "00c3b8eb5d",
                    "match_in_subfile": true,
                    "source": "https://github.com/ditekshen/detection"
                },
                {
                    "description": "Detects executables containing many references to VEEAM. Observed in ransomware",
                    "author": "ditekSHen",
                    "ruleset_name": "indicator_suspicious",
                    "rule_name": "INDICATOR_SUSPICOUS_EXE_References_VEEAM",
                    "ruleset_id": "00c3b8eb5d",
                    "match_in_subfile": true,
                    "source": "https://github.com/ditekshen/detection"
                },
                {
                    "description": "Detects command variations typically used by ransomware",
                    "author": "ditekSHen",
                    "ruleset_name": "indicator_suspicious",
                    "rule_name": "INDICATOR_SUSPICIOUS_GENRansomware",
                    "ruleset_id": "00c3b8eb5d",
                    "match_in_subfile": true,
                    "source": "https://github.com/ditekshen/detection"
                }
            ],
            "trid": [
                {
                    "file_type": "Win32 Executable MS Visual C++ (generic)",
                    "probability": 47.3
                },
                {
                    "file_type": "Win64 Executable (generic)",
                    "probability": 15.9
                },
                {
                    "file_type": "Win32 Dynamic Link Library (generic)",
                    "probability": 9.9
                },
                {
                    "file_type": "Win16 NE executable (generic)",
                    "probability": 7.6
                },
                {
                    "file_type": "Win32 Executable (generic)",
                    "probability": 6.8
                }
            ],
            "names": [
                "43ced481e0f68fe57be3246cc5aede353c9d34f4e15d0afe443b5de9514d3ce4.exe",
                "43ced481e0f68fe57be3246cc5aede353c9d34f4e15d0afe443b5de9514d3ce4.exe.bin",
                "43ced481e0f68fe57be3246cc5aede353c9d34f4e15d0afe443b5de9514d3ce4",
                "7f0312a1f928c3aeab672ca8d5afc6a9.exe",
                "invoice 2023-05-08.xlsx.exe",
                "VirusShare_7f0312a1f928c3aeab672ca8d5afc6a9",
                "[ransomware]lockbit.exe",
                "l1.exe"
            ],
            "last_modification_date": 1763040410,
            "unique_sources": 14,
            "type_tags": [
                "executable",
                "windows",
                "win32",
                "pe",
                "peexe"
            ],
            "size": 178176,
            "type_description": "Win32 EXE",
            "type_tag": "peexe",
            "reputation": -92,
            "last_analysis_stats": {
                "malicious": 63,
                "suspicious": 0,
                "undetected": 9,
                "harmless": 0,
                "timeout": 0,
                "confirmed-timeout": 0,
                "failure": 0,
                "type-unsupported": 4
            },
            "magic": "PE32 executable (GUI) Intel 80386, for MS Windows",
            "magika": "PEBIN",
            "first_submission_date": 1606469562,
            "sha256": "43ced481e0f68fe57be3246cc5aede353c9d34f4e15d0afe443b5de9514d3ce4",
            "detectiteasy": {
                "filetype": "PE32",
                "values": [
                    {
                        "info": "EXE32",
                        "version": "2008-2010",
                        "type": "Compiler",
                        "name": "EP:Microsoft Visual C/C++"
                    },
                    {
                        "info": "LTCG/C++",
                        "version": "15.00.21022",
                        "type": "Compiler",
                        "name": "Microsoft Visual C/C++"
                    },
                    {
                        "version": "9.00.21022",
                        "type": "Linker",
                        "name": "Microsoft Linker"
                    },
                    {
                        "version": "2008",
                        "type": "Tool",
                        "name": "Visual Studio"
                    }
                ]
            },
            "pe_info": {
                "timestamp": 1564762103,
                "imphash": "b1e8ad6c0cbbde189993b1a80fe92a77",
                "machine_type": 332,
                "entry_point": 9909,
                "resource_details": [
                    {
                        "lang": "ENGLISH US",
                        "chi2": 101676.36,
                        "filetype": "unknown",
                        "entropy": 5.996664524078369,
                        "sha256": "41330adb325796fba3e6010f8ad2605a2649714044adb755d968853462feb76b",
                        "type": "RT_ICON"
                    },
                    {
                        "lang": "ENGLISH US",
                        "chi2": 1823.2,
                        "filetype": "ICO",
                        "entropy": 1.9192407131195068,
                        "sha256": "6eb54801f91b6d8effccbfaefe6b2d7705a274a75940e6226e24e0d4ec58c396",
                        "type": "RT_GROUP_ICON"
                    }
                ],
                "resource_langs": {
                    "ENGLISH US": 2
                },
                "resource_types": {
                    "RT_ICON": 1,
                    "RT_GROUP_ICON": 1
                },
                "sections": [
                    {
                        "name": ".text",
                        "chi2": 123110.88,
                        "virtual_address": 4096,
                        "flags": "rx",
                        "raw_size": 141312,
                        "entropy": 7.72,
                        "virtual_size": 140854,
                        "md5": "cfa00fa6c9cc3aeec0688323cfaa0fca"
                    },
                    {
                        "name": ".rdata",
                        "chi2": 338001.25,
                        "virtual_address": 147456,
                        "flags": "r",
                        "raw_size": 12800,
                        "entropy": 5.31,
                        "virtual_size": 12598,
                        "md5": "99b36858659ac801d0e7c89511799f0f"
                    },
                    {
                        "name": ".data",
                        "chi2": 772155.88,
                        "virtual_address": 163840,
                        "flags": "rw",
                        "raw_size": 5120,
                        "entropy": 2.25,
                        "virtual_size": 4840424,
                        "md5": "f52d651abcbc8a7de3c77c49413fe4ea"
                    },
                    {
                        "name": ".rsrc",
                        "chi2": 716861.06,
                        "virtual_address": 5005312,
                        "flags": "r",
                        "raw_size": 17920,
                        "entropy": 4.95,
                        "virtual_size": 17544,
                        "md5": "8dcb7557cd18b121b6a2c633e9185c13"
                    }
                ],
                "compiler_product_versions": [
                    "[ASM] VS2008 build 21022 count=19",
                    "[ C ] VS2008 build 21022 count=115",
                    "[C++] VS2008 build 21022 count=47",
                    "[IMP] VS2005 build 50727 count=5",
                    "[---] Unmarked objects count=122",
                    "[RES] VS2008 build 21022 count=1",
                    "[LNK] VS2008 build 21022 count=1",
                    "id: 0x8a, version: 21022 count=1"
                ],
                "rich_pe_header_hash": "c24e8325cdf2c3d5526ac96c67af3824",
                "import_list": [
                    {
                        "library_name": "KERNEL32.dll",
                        "imported_functions": [
                            "_lcreat",
                            "ActivateActCtx",
                            "AddAtomW",
                            "CloseHandle",
                            "CompareFileTime",
                            "CompareStringW",
                            "CreateFileA",
                            "CreateSemaphoreW",
                            "DeactivateActCtx",
                            "DeleteCriticalSection",
                            "DisableThreadLibraryCalls",
                            "EnterCriticalSection",
                            "EnumResourceNamesA",
                            "ExitProcess",
                            "FlushFileBuffers",
                            "FreeEnvironmentStringsA",
                            "FreeEnvironmentStringsW",
                            "GetACP",
                            "GetCommandLineA",
                            "GetConsoleCP",
                            "GetConsoleDisplayMode",
                            "GetConsoleMode",
                            "GetConsoleOutputCP",
                            "GetCPInfo",
                            "GetCurrentProcess",
                            "GetCurrentProcessId",
                            "GetCurrentThreadId",
                            "GetEnvironmentStrings",
                            "GetEnvironmentStringsW",
                            "GetFileType",
                            "GetLastError",
                            "GetLocaleInfoA",
                            "GetLocalTime",
                            "GetModuleFileNameA",
                            "GetModuleHandleA",
                            "GetModuleHandleW",
                            "GetNamedPipeHandleStateW",
                            "GetOEMCP",
                            "GetPriorityClass",
                            "GetPrivateProfileIntW",
                            "GetPrivateProfileStructW",
                            "GetProcAddress",
                            "GetProcessHeap",
                            "GetProcessPriorityBoost",
                            "GetStartupInfoA",
                            "GetStdHandle",
                            "GetStringTypeA",
                            "GetStringTypeW",
                            "GetSystemTimeAsFileTime",
                            "GetThreadContext",
                            "GetTickCount",
                            "GetUserDefaultLCID",
                            "HeapAlloc",
                            "HeapCreate",
                            "HeapFree",
                            "HeapReAlloc",
                            "HeapSize",
                            "InitializeCriticalSectionAndSpinCount",
                            "InterlockedDecrement",
                            "InterlockedIncrement",
                            "IsDBCSLeadByte",
                            "IsDBCSLeadByteEx",
                            "IsDebuggerPresent",
                            "IsValidCodePage",
                            "LCMapStringA",
                            "LCMapStringW",
                            "LeaveCriticalSection",
                            "LoadLibraryA",
                            "LocalAlloc",
                            "lstrcpyA",
                            "lstrcpyW",
                            "lstrlenW",
                            "MultiByteToWideChar",
                            "QueryPerformanceCounter",
                            "RaiseException",
                            "ReadConsoleW",
                            "ReadFile",
                            "RtlUnwind",
                            "SearchPathA",
                            "SetConsoleDisplayMode",
                            "SetEndOfFile",
                            "SetFilePointer",
                            "SetHandleCount",
                            "SetLastError",
                            "SetStdHandle",
                            "SetTapeParameters",
                            "SetThreadPriority",
                            "SetUnhandledExceptionFilter",
                            "SetVolumeLabelW",
                            "Sleep",
                            "TerminateProcess",
                            "TerminateThread",
                            "TlsAlloc",
                            "TlsFree",
                            "TlsGetValue",
                            "TlsSetValue",
                            "UnhandledExceptionFilter",
                            "VirtualAlloc",
                            "VirtualFree",
                            "VirtualProtect",
                            "WideCharToMultiByte",
                            "WriteConsoleA",
                            "WriteConsoleW",
                            "WriteFile",
                            "WritePrivateProfileStructA"
                        ]
                    },
                    {
                        "library_name": "GDI32.dll",
                        "imported_functions": [
                            "GetCharWidthA"
                        ]
                    }
                ]
            },
            "last_submission_date": 1763027056,
            "sigma_analysis_results": [
                {
                    "match_context": [
                        {
                            "values": {
                                "TerminalSessionId": "1",
                                "ProcessGuid": "{C784477D-C5DC-6397-870A-000000004700}",
                                "ProcessId": "9288",
                                "Product": "Microsoft\\xae Windows\\xae Operating System",
                                "Description": "Windows Command Processor",
                                "Company": "Microsoft Corporation",
                                "ParentProcessGuid": "{C784477D-C5D8-6397-830A-000000004700}",
                                "User": "DESKTOP-B0T93D6\\george",
                                "Hashes": "MD5=4E2ACF4F8A396486AB4268C94A6A245F,SHA256=9A7C58BD98D70631AA1473F7B57B426DB367D72429A5455B433A05EE251F3236,IMPHASH=8542FB14699D84D7E8DA92F66145C7FE",
                                "OriginalFileName": "Cmd.Exe",
                                "ParentImage": "C:\\Users\\george\\Desktop\\file.exe",
                                "FileVersion": "10.0.17134.1 (WinBuild.160101.0800)",
                                "ParentProcessId": "6708",
                                "CurrentDirectory": "C:\\Users\\george\\Desktop\\",
                                "CommandLine": "\"C:\\Windows\\System32\\cmd.exe\" /c vssadmin delete shadows /all /quiet & wmic shadowcopy delete & bcdedit /set {default} bootstatuspolicy ignoreallfailures & bcdedit /set {default} recoveryenabled no & wbadmin delete catalog -quiet",
                                "EventID": "1",
                                "LogonGuid": "C784477D-2422-6386-2D70-040000000000",
                                "LogonId": "290861",
                                "Image": "C:\\Windows\\System32\\cmd.exe",
                                "IntegrityLevel": "High",
                                "ParentCommandLine": "\"C:\\Users\\george\\Desktop\\file.exe\"",
                                "UtcTime": "1670890972",
                                "RuleName": "-"
                            }
                        },
                        {
                            "values": {
                                "TerminalSessionId": "1",
                                "ProcessGuid": "{C784477D-C5DF-6397-8C0A-000000004700}",
                                "ProcessId": "9488",
                                "Product": "Microsoft\\xae Windows\\xae Operating System",
                                "Description": "WMI Commandline Utility",
                                "Company": "Microsoft Corporation",
                                "ParentProcessGuid": "{C784477D-C5DC-6397-870A-000000004700}",
                                "User": "DESKTOP-B0T93D6\\george",
                                "Hashes": "MD5=EC80E603E0090B3AC3C1234C2BA43A0F,SHA256=D368BCB7934DB0C53D1E7277DCB47AF2B709253CBF0EEE9869EE7E17ED226EA3,IMPHASH=59A9108CA1CECC9147C5FBAB104EBF33",
                                "OriginalFileName": "wmic.exe",
                                "ParentImage": "C:\\Windows\\System32\\cmd.exe",
                                "FileVersion": "10.0.17134.1 (WinBuild.160101.0800)",
                                "ParentProcessId": "9288",
                                "CurrentDirectory": "C:\\Users\\george\\Desktop\\",
                                "CommandLine": "wmic  shadowcopy delete ",
                                "EventID": "1",
                                "LogonGuid": "C784477D-2422-6386-2D70-040000000000",
                                "LogonId": "290861",
                                "Image": "C:\\Windows\\System32\\wbem\\WMIC.exe",
                                "IntegrityLevel": "High",
                                "ParentCommandLine": "\"C:\\Windows\\System32\\cmd.exe\" /c vssadmin delete shadows /all /quiet & wmic shadowcopy delete & bcdedit /set {default} bootstatuspolicy ignoreallfailures & bcdedit /set {default} recoveryenabled no & wbadmin delete catalog -quiet",
                                "UtcTime": "1670890975",
                                "RuleName": "-"
                            }
                        },
                        {
                            "values": {
                                "TerminalSessionId": "1",
                                "ProcessGuid": "{C784477D-C5EA-6397-950A-000000004700}",
                                "ProcessId": "12092",
                                "Product": "Microsoft\\xae Windows\\xae Operating System",
                                "Description": "Windows Command Processor",
                                "Company": "Microsoft Corporation",
                                "ParentProcessGuid": "{C784477D-C5E5-6397-930A-000000004700}",
                                "User": "DESKTOP-B0T93D6\\george",
                                "Hashes": "MD5=4E2ACF4F8A396486AB4268C94A6A245F,SHA256=9A7C58BD98D70631AA1473F7B57B426DB367D72429A5455B433A05EE251F3236,IMPHASH=8542FB14699D84D7E8DA92F66145C7FE",
                                "OriginalFileName": "Cmd.Exe",
                                "ParentImage": "C:\\Users\\george\\Desktop\\file.exe",
                                "FileVersion": "10.0.17134.1 (WinBuild.160101.0800)",
                                "ParentProcessId": "3460",
                                "CurrentDirectory": "C:\\Users\\george\\Desktop\\",
                                "CommandLine": "\"C:\\Windows\\System32\\cmd.exe\" /c vssadmin delete shadows /all /quiet & wmic shadowcopy delete & bcdedit /set {default} bootstatuspolicy ignoreallfailures & bcdedit /set {default} recoveryenabled no & wbadmin delete catalog -quiet",
                                "EventID": "1",
                                "LogonGuid": "C784477D-2422-6386-2D70-040000000000",
                                "LogonId": "290861",
                                "Image": "C:\\Windows\\System32\\cmd.exe",
                                "IntegrityLevel": "High",
                                "ParentCommandLine": "\"C:\\Users\\george\\Desktop\\file.exe\" ",
                                "UtcTime": "1670890986",
                                "RuleName": "-"
                            }
                        },
                        {
                            "values": {
                                "TerminalSessionId": "1",
                                "ProcessGuid": "{C784477D-C5EC-6397-990A-000000004700}",
                                "ProcessId": "12256",
                                "Product": "Microsoft\\xae Windows\\xae Operating System",
                                "Description": "WMI Commandline Utility",
                                "Company": "Microsoft Corporation",
                                "ParentProcessGuid": "{C784477D-C5EA-6397-950A-000000004700}",
                                "User": "DESKTOP-B0T93D6\\george",
                                "Hashes": "MD5=EC80E603E0090B3AC3C1234C2BA43A0F,SHA256=D368BCB7934DB0C53D1E7277DCB47AF2B709253CBF0EEE9869EE7E17ED226EA3,IMPHASH=59A9108CA1CECC9147C5FBAB104EBF33",
                                "OriginalFileName": "wmic.exe",
                                "ParentImage": "C:\\Windows\\System32\\cmd.exe",
                                "FileVersion": "10.0.17134.1 (WinBuild.160101.0800)",
                                "ParentProcessId": "12092",
                                "CurrentDirectory": "C:\\Users\\george\\Desktop\\",
                                "CommandLine": "wmic  shadowcopy delete ",
                                "EventID": "1",
                                "LogonGuid": "C784477D-2422-6386-2D70-040000000000",
                                "LogonId": "290861",
                                "Image": "C:\\Windows\\System32\\wbem\\WMIC.exe",
                                "IntegrityLevel": "High",
                                "ParentCommandLine": "\"C:\\Windows\\System32\\cmd.exe\" /c vssadmin delete shadows /all /quiet & wmic shadowcopy delete & bcdedit /set {default} bootstatuspolicy ignoreallfailures & bcdedit /set {default} recoveryenabled no & wbadmin delete catalog -quiet",
                                "UtcTime": "1670890988",
                                "RuleName": "-"
                            }
                        },
                        {
                            "values": {
                                "TerminalSessionId": "1",
                                "ProcessGuid": "{C784477D-C5F1-6397-9F0A-000000004700}",
                                "ProcessId": "15052",
                                "Product": "Microsoft\\xae Windows\\xae Operating System",
                                "Description": "Windows Command Processor",
                                "Company": "Microsoft Corporation",
                                "ParentProcessGuid": "{C784477D-C5ED-6397-9A0A-000000004700}",
                                "User": "DESKTOP-B0T93D6\\george",
                                "Hashes": "MD5=4E2ACF4F8A396486AB4268C94A6A245F,SHA256=9A7C58BD98D70631AA1473F7B57B426DB367D72429A5455B433A05EE251F3236,IMPHASH=8542FB14699D84D7E8DA92F66145C7FE",
                                "OriginalFileName": "Cmd.Exe",
                                "ParentImage": "C:\\Users\\george\\Desktop\\file.exe",
                                "FileVersion": "10.0.17134.1 (WinBuild.160101.0800)",
                                "ParentProcessId": "3956",
                                "CurrentDirectory": "C:\\Users\\george\\Desktop\\",
                                "CommandLine": "\"C:\\Windows\\System32\\cmd.exe\" /c vssadmin delete shadows /all /quiet & wmic shadowcopy delete & bcdedit /set {default} bootstatuspolicy ignoreallfailures & bcdedit /set {default} recoveryenabled no & wbadmin delete catalog -quiet",
                                "EventID": "1",
                                "LogonGuid": "C784477D-2422-6386-2D70-040000000000",
                                "LogonId": "290861",
                                "Image": "C:\\Windows\\System32\\cmd.exe",
                                "IntegrityLevel": "High",
                                "ParentCommandLine": "\"C:\\Users\\george\\Desktop\\file.exe\" ",
                                "UtcTime": "1670890993",
                                "RuleName": "-"
                            }
                        },
                        {
                            "values": {
                                "TerminalSessionId": "1",
                                "ProcessGuid": "{C784477D-C5F3-6397-A40A-000000004700}",
                                "ProcessId": "15236",
                                "Product": "Microsoft\\xae Windows\\xae Operating System",
                                "Description": "WMI Commandline Utility",
                                "Company": "Microsoft Corporation",
                                "ParentProcessGuid": "{C784477D-C5F1-6397-9F0A-000000004700}",
                                "User": "DESKTOP-B0T93D6\\george",
                                "Hashes": "MD5=EC80E603E0090B3AC3C1234C2BA43A0F,SHA256=D368BCB7934DB0C53D1E7277DCB47AF2B709253CBF0EEE9869EE7E17ED226EA3,IMPHASH=59A9108CA1CECC9147C5FBAB104EBF33",
                                "OriginalFileName": "wmic.exe",
                                "ParentImage": "C:\\Windows\\System32\\cmd.exe",
                                "FileVersion": "10.0.17134.1 (WinBuild.160101.0800)",
                                "ParentProcessId": "15052",
                                "CurrentDirectory": "C:\\Users\\george\\Desktop\\",
                                "CommandLine": "wmic  shadowcopy delete ",
                                "EventID": "1",
                                "LogonGuid": "C784477D-2422-6386-2D70-040000000000",
                                "LogonId": "290861",
                                "Image": "C:\\Windows\\System32\\wbem\\WMIC.exe",
                                "IntegrityLevel": "High",
                                "ParentCommandLine": "\"C:\\Windows\\System32\\cmd.exe\" /c vssadmin delete shadows /all /quiet & wmic shadowcopy delete & bcdedit /set {default} bootstatuspolicy ignoreallfailures & bcdedit /set {default} recoveryenabled no & wbadmin delete catalog -quiet",
                                "UtcTime": "1670890995",
                                "RuleName": "-"
                            }
                        }
                    ],
                    "rule_level": "critical",
                    "rule_id": "be6d29855558a0e8c404486d8f1838ce35594866f126f9c1c62a9792e9c76be2",
                    "rule_source": "Joe Security Rule Set (GitHub)",
                    "rule_title": "Delete shadow copy via WMIC",
                    "rule_description": "Delete shadow copy via WMIC",
                    "rule_author": "Joe Security"
                },
                {
                    "match_context": [
                        {
                            "values": {
                                "TerminalSessionId": "1",
                                "ProcessGuid": "{C784477D-C5E2-6397-8D0A-000000004700}",
                                "ProcessId": "5168",
                                "Product": "Microsoft\\xae Windows\\xae Operating System",
                                "Description": "Boot Configuration Data Editor",
                                "Company": "Microsoft Corporation",
                                "ParentProcessGuid": "{C784477D-C5DC-6397-870A-000000004700}",
                                "User": "DESKTOP-B0T93D6\\george",
                                "Hashes": "MD5=C46E3768DB01E7DC3B92EF42CC1B9C73,SHA256=3AD26DB8DC988EAD9E73FECF4D8D888A66F7965AC09F8AF4E3CFCD09028A5B59,IMPHASH=5590A306D0FA939852B69E8411CA102B",
                                "OriginalFileName": "bcdedit.exe",
                                "ParentImage": "C:\\Windows\\System32\\cmd.exe",
                                "FileVersion": "10.0.17134.950 (WinBuild.160101.0800)",
                                "ParentProcessId": "9288",
                                "CurrentDirectory": "C:\\Users\\george\\Desktop\\",
                                "CommandLine": "bcdedit  /set {default} bootstatuspolicy ignoreallfailures ",
                                "EventID": "1",
                                "LogonGuid": "C784477D-2422-6386-2D70-040000000000",
                                "LogonId": "290861",
                                "Image": "C:\\Windows\\System32\\bcdedit.exe",
                                "IntegrityLevel": "High",
                                "ParentCommandLine": "\"C:\\Windows\\System32\\cmd.exe\" /c vssadmin delete shadows /all /quiet & wmic shadowcopy delete & bcdedit /set {default} bootstatuspolicy ignoreallfailures & bcdedit /set {default} recoveryenabled no & wbadmin delete catalog -quiet",
                                "UtcTime": "1670890978",
                                "RuleName": "-"
                            }
                        },
                        {
                            "values": {
                                "TerminalSessionId": "1",
                                "ProcessGuid": "{C784477D-C5E3-6397-8E0A-000000004700}",
                                "ProcessId": "1416",
                                "Product": "Microsoft\\xae Windows\\xae Operating System",
                                "Description": "Boot Configuration Data Editor",
                                "Company": "Microsoft Corporation",
                                "ParentProcessGuid": "{C784477D-C5DC-6397-870A-000000004700}",
                                "User": "DESKTOP-B0T93D6\\george",
                                "Hashes": "MD5=C46E3768DB01E7DC3B92EF42CC1B9C73,SHA256=3AD26DB8DC988EAD9E73FECF4D8D888A66F7965AC09F8AF4E3CFCD09028A5B59,IMPHASH=5590A306D0FA939852B69E8411CA102B",
                                "OriginalFileName": "bcdedit.exe",
                                "ParentImage": "C:\\Windows\\System32\\cmd.exe",
                                "FileVersion": "10.0.17134.950 (WinBuild.160101.0800)",
                                "ParentProcessId": "9288",
                                "CurrentDirectory": "C:\\Users\\george\\Desktop\\",
                                "CommandLine": "bcdedit  /set {default} recoveryenabled no ",
                                "EventID": "1",
                                "LogonGuid": "C784477D-2422-6386-2D70-040000000000",
                                "LogonId": "290861",
                                "Image": "C:\\Windows\\System32\\bcdedit.exe",
                                "IntegrityLevel": "High",
                                "ParentCommandLine": "\"C:\\Windows\\System32\\cmd.exe\" /c vssadmin delete shadows /all /quiet & wmic shadowcopy delete & bcdedit /set {default} bootstatuspolicy ignoreallfailures & bcdedit /set {default} recoveryenabled no & wbadmin delete catalog -quiet",
                                "UtcTime": "1670890979",
                                "RuleName": "-"
                            }
                        },
                        {
                            "values": {
                                "TerminalSessionId": "1",
                                "ProcessGuid": "{C784477D-C5EF-6397-9B0A-000000004700}",
                                "ProcessId": "12936",
                                "Product": "Microsoft\\xae Windows\\xae Operating System",
                                "Description": "Boot Configuration Data Editor",
                                "Company": "Microsoft Corporation",
                                "ParentProcessGuid": "{C784477D-C5EA-6397-950A-000000004700}",
                                "User": "DESKTOP-B0T93D6\\george",
                                "Hashes": "MD5=C46E3768DB01E7DC3B92EF42CC1B9C73,SHA256=3AD26DB8DC988EAD9E73FECF4D8D888A66F7965AC09F8AF4E3CFCD09028A5B59,IMPHASH=5590A306D0FA939852B69E8411CA102B",
                                "OriginalFileName": "bcdedit.exe",
                                "ParentImage": "C:\\Windows\\System32\\cmd.exe",
                                "FileVersion": "10.0.17134.950 (WinBuild.160101.0800)",
                                "ParentProcessId": "12092",
                                "CurrentDirectory": "C:\\Users\\george\\Desktop\\",
                                "CommandLine": "bcdedit  /set {default} bootstatuspolicy ignoreallfailures ",
                                "EventID": "1",
                                "LogonGuid": "C784477D-2422-6386-2D70-040000000000",
                                "LogonId": "290861",
                                "Image": "C:\\Windows\\System32\\bcdedit.exe",
                                "IntegrityLevel": "High",
                                "ParentCommandLine": "\"C:\\Windows\\System32\\cmd.exe\" /c vssadmin delete shadows /all /quiet & wmic shadowcopy delete & bcdedit /set {default} bootstatuspolicy ignoreallfailures & bcdedit /set {default} recoveryenabled no & wbadmin delete catalog -quiet",
                                "UtcTime": "1670890991",
                                "RuleName": "-"
                            }
                        },
                        {
                            "values": {
                                "TerminalSessionId": "1",
                                "ProcessGuid": "{C784477D-C5EF-6397-9C0A-000000004700}",
                                "ProcessId": "12956",
                                "Product": "Microsoft\\xae Windows\\xae Operating System",
                                "Description": "Boot Configuration Data Editor",
                                "Company": "Microsoft Corporation",
                                "ParentProcessGuid": "{C784477D-C5EA-6397-950A-000000004700}",
                                "User": "DESKTOP-B0T93D6\\george",
                                "Hashes": "MD5=C46E3768DB01E7DC3B92EF42CC1B9C73,SHA256=3AD26DB8DC988EAD9E73FECF4D8D888A66F7965AC09F8AF4E3CFCD09028A5B59,IMPHASH=5590A306D0FA939852B69E8411CA102B",
                                "OriginalFileName": "bcdedit.exe",
                                "ParentImage": "C:\\Windows\\System32\\cmd.exe",
                                "FileVersion": "10.0.17134.950 (WinBuild.160101.0800)",
                                "ParentProcessId": "12092",
                                "CurrentDirectory": "C:\\Users\\george\\Desktop\\",
                                "CommandLine": "bcdedit  /set {default} recoveryenabled no ",
                                "EventID": "1",
                                "LogonGuid": "C784477D-2422-6386-2D70-040000000000",
                                "LogonId": "290861",
                                "Image": "C:\\Windows\\System32\\bcdedit.exe",
                                "IntegrityLevel": "High",
                                "ParentCommandLine": "\"C:\\Windows\\System32\\cmd.exe\" /c vssadmin delete shadows /all /quiet & wmic shadowcopy delete & bcdedit /set {default} bootstatuspolicy ignoreallfailures & bcdedit /set {default} recoveryenabled no & wbadmin delete catalog -quiet",
                                "UtcTime": "1670890991",
                                "RuleName": "-"
                            }
                        },
                        {
                            "values": {
                                "TerminalSessionId": "1",
                                "ProcessGuid": "{C784477D-C5F6-6397-A50A-000000004700}",
                                "ProcessId": "15540",
                                "Product": "Microsoft\\xae Windows\\xae Operating System",
                                "Description": "Boot Configuration Data Editor",
                                "Company": "Microsoft Corporation",
                                "ParentProcessGuid": "{C784477D-C5F1-6397-9F0A-000000004700}",
                                "User": "DESKTOP-B0T93D6\\george",
                                "Hashes": "MD5=C46E3768DB01E7DC3B92EF42CC1B9C73,SHA256=3AD26DB8DC988EAD9E73FECF4D8D888A66F7965AC09F8AF4E3CFCD09028A5B59,IMPHASH=5590A306D0FA939852B69E8411CA102B",
                                "OriginalFileName": "bcdedit.exe",
                                "ParentImage": "C:\\Windows\\System32\\cmd.exe",
                                "FileVersion": "10.0.17134.950 (WinBuild.160101.0800)",
                                "ParentProcessId": "15052",
                                "CurrentDirectory": "C:\\Users\\george\\Desktop\\",
                                "CommandLine": "bcdedit  /set {default} bootstatuspolicy ignoreallfailures ",
                                "EventID": "1",
                                "LogonGuid": "C784477D-2422-6386-2D70-040000000000",
                                "LogonId": "290861",
                                "Image": "C:\\Windows\\System32\\bcdedit.exe",
                                "IntegrityLevel": "High",
                                "ParentCommandLine": "\"C:\\Windows\\System32\\cmd.exe\" /c vssadmin delete shadows /all /quiet & wmic shadowcopy delete & bcdedit /set {default} bootstatuspolicy ignoreallfailures & bcdedit /set {default} recoveryenabled no & wbadmin delete catalog -quiet",
                                "UtcTime": "1670890998",
                                "RuleName": "-"
                            }
                        },
                        {
                            "values": {
                                "TerminalSessionId": "1",
                                "ProcessGuid": "{C784477D-C5F6-6397-A60A-000000004700}",
                                "ProcessId": "16012",
                                "Product": "Microsoft\\xae Windows\\xae Operating System",
                                "Description": "Boot Configuration Data Editor",
                                "Company": "Microsoft Corporation",
                                "ParentProcessGuid": "{C784477D-C5F1-6397-9F0A-000000004700}",
                                "User": "DESKTOP-B0T93D6\\george",
                                "Hashes": "MD5=C46E3768DB01E7DC3B92EF42CC1B9C73,SHA256=3AD26DB8DC988EAD9E73FECF4D8D888A66F7965AC09F8AF4E3CFCD09028A5B59,IMPHASH=5590A306D0FA939852B69E8411CA102B",
                                "OriginalFileName": "bcdedit.exe",
                                "ParentImage": "C:\\Windows\\System32\\cmd.exe",
                                "FileVersion": "10.0.17134.950 (WinBuild.160101.0800)",
                                "ParentProcessId": "15052",
                                "CurrentDirectory": "C:\\Users\\george\\Desktop\\",
                                "CommandLine": "bcdedit  /set {default} recoveryenabled no ",
                                "EventID": "1",
                                "LogonGuid": "C784477D-2422-6386-2D70-040000000000",
                                "LogonId": "290861",
                                "Image": "C:\\Windows\\System32\\bcdedit.exe",
                                "IntegrityLevel": "High",
                                "ParentCommandLine": "\"C:\\Windows\\System32\\cmd.exe\" /c vssadmin delete shadows /all /quiet & wmic shadowcopy delete & bcdedit /set {default} bootstatuspolicy ignoreallfailures & bcdedit /set {default} recoveryenabled no & wbadmin delete catalog -quiet",
                                "UtcTime": "1670890998",
                                "RuleName": "-"
                            }
                        }
                    ],
                    "rule_level": "high",
                    "rule_id": "2da0b3cba5dc2b56e1426049598590c54a224e6d15740b9b07c108e089c84520",
                    "rule_source": "Sigma Integrated Rule Set (GitHub)",
                    "rule_title": "Modification of Boot Configuration",
                    "rule_description": "Identifies use of the bcdedit command to delete boot configuration data. This tactic is sometimes used as by malware or an attacker as a destructive technique.",
                    "rule_author": "E.M. Anhaus (originally from Atomic Blue Detections, Endgame), oscd.community"
                },
                {
                    "match_context": [
                        {
                            "values": {
                                "TerminalSessionId": "1",
                                "ProcessGuid": "{C784477D-C5DD-6397-890A-000000004700}",
                                "ProcessId": "9356",
                                "Product": "Microsoft\\xae Windows\\xae Operating System",
                                "Description": "Command Line Interface for Microsoft\\xae Volume Shadow Copy Service ",
                                "Company": "Microsoft Corporation",
                                "ParentProcessGuid": "{C784477D-C5DC-6397-870A-000000004700}",
                                "User": "DESKTOP-B0T93D6\\george",
                                "Hashes": "MD5=47D51216EF45075B5F7EAA117CC70E40,SHA256=C946C4EDA61355A1B8E134E7A184A15C9A358B9675B6172A83E4937AE9EF4B03,IMPHASH=C1EDC431CD345F0A0F32019895D13FCE",
                                "OriginalFileName": "VSSADMIN.EXE",
                                "ParentImage": "C:\\Windows\\System32\\cmd.exe",
                                "FileVersion": "10.0.17134.1 (WinBuild.160101.0800)",
                                "ParentProcessId": "9288",
                                "CurrentDirectory": "C:\\Users\\george\\Desktop\\",
                                "CommandLine": "vssadmin  delete shadows /all /quiet ",
                                "EventID": "1",
                                "LogonGuid": "C784477D-2422-6386-2D70-040000000000",
                                "LogonId": "290861",
                                "Image": "C:\\Windows\\System32\\vssadmin.exe",
                                "IntegrityLevel": "High",
                                "ParentCommandLine": "\"C:\\Windows\\System32\\cmd.exe\" /c vssadmin delete shadows /all /quiet & wmic shadowcopy delete & bcdedit /set {default} bootstatuspolicy ignoreallfailures & bcdedit /set {default} recoveryenabled no & wbadmin delete catalog -quiet",
                                "UtcTime": "1670890973",
                                "RuleName": "-"
                            }
                        },
                        {
                            "values": {
                                "TerminalSessionId": "1",
                                "ProcessGuid": "{C784477D-C5DF-6397-8C0A-000000004700}",
                                "ProcessId": "9488",
                                "Product": "Microsoft\\xae Windows\\xae Operating System",
                                "Description": "WMI Commandline Utility",
                                "Company": "Microsoft Corporation",
                                "ParentProcessGuid": "{C784477D-C5DC-6397-870A-000000004700}",
                                "User": "DESKTOP-B0T93D6\\george",
                                "Hashes": "MD5=EC80E603E0090B3AC3C1234C2BA43A0F,SHA256=D368BCB7934DB0C53D1E7277DCB47AF2B709253CBF0EEE9869EE7E17ED226EA3,IMPHASH=59A9108CA1CECC9147C5FBAB104EBF33",
                                "OriginalFileName": "wmic.exe",
                                "ParentImage": "C:\\Windows\\System32\\cmd.exe",
                                "FileVersion": "10.0.17134.1 (WinBuild.160101.0800)",
                                "ParentProcessId": "9288",
                                "CurrentDirectory": "C:\\Users\\george\\Desktop\\",
                                "CommandLine": "wmic  shadowcopy delete ",
                                "EventID": "1",
                                "LogonGuid": "C784477D-2422-6386-2D70-040000000000",
                                "LogonId": "290861",
                                "Image": "C:\\Windows\\System32\\wbem\\WMIC.exe",
                                "IntegrityLevel": "High",
                                "ParentCommandLine": "\"C:\\Windows\\System32\\cmd.exe\" /c vssadmin delete shadows /all /quiet & wmic shadowcopy delete & bcdedit /set {default} bootstatuspolicy ignoreallfailures & bcdedit /set {default} recoveryenabled no & wbadmin delete catalog -quiet",
                                "UtcTime": "1670890975",
                                "RuleName": "-"
                            }
                        },
