{
    "data": {
        "id": "504ad1d42c3c7c2faa14cfff36c98a4c201f2250d8c0d5c515bcc5180929df5e",
        "type": "file",
        "links": {
            "self": "https://www.virustotal.com/api/v3/files/504ad1d42c3c7c2faa14cfff36c98a4c201f2250d8c0d5c515bcc5180929df5e"
        },
        "attributes": {
            "first_submission_date": 1413648680,
            "sha1": "7a3ccddf3296f082c7d8c9d57e9a68628f8ea16e",
            "total_votes": {
                "harmless": 0,
                "malicious": 1
            },
            "magika": "PEBIN",
            "md5": "df1317104682fdd057800ac8d957a90c",
            "signature_info": {
                "internal name": "NJServer.exe",
                "file version": "0.0.0.0",
                "original name": "NJServer.exe"
            },
            "type_description": "Win32 EXE",
            "filecondis": {
                "dhash": "ec6c785c8e2d0800",
                "raw_md5": "33d058b263bc9e4c49030904c5feb709"
            },
            "packers": {
                "PEiD": ".NET executable"
            },
            "pe_info": {
                "timestamp": 1413539563,
                "imphash": "f34d5f2d4577ed6d9ceec516c1f5a744",
                "machine_type": 332,
                "entry_point": 179998,
                "resource_details": [
                    {
                        "lang": "NEUTRAL",
                        "chi2": 65006.71,
                        "filetype": "unknown",
                        "entropy": 1.713961124420166,
                        "sha256": "accfee1287c9f7dc25ecb19548ed246ceae1652fef5ad532914d5bb9dc9299ef",
                        "type": "RT_ICON"
                    },
                    {
                        "lang": "NEUTRAL",
                        "chi2": 24833.51,
                        "filetype": "unknown",
                        "entropy": 2.084301471710205,
                        "sha256": "478fe62e420007abb1a697a24cb1b80ced0a8e0a335d6ce68606efe71c4afaa2",
                        "type": "RT_ICON"
                    },
                    {
                        "lang": "NEUTRAL",
                        "chi2": 226782.42,
                        "filetype": "unknown",
                        "entropy": 1.7207125425338745,
                        "sha256": "b76fc9f2130962dfc25029a639848894feee7e9eb1a0fe5c680e3a90671741b1",
                        "type": "RT_ICON"
                    },
                    {
                        "lang": "NEUTRAL",
                        "chi2": 240687.33,
                        "filetype": "unknown",
                        "entropy": 1.0477170944213867,
                        "sha256": "abdc6eaa0ea69a1c506edf070a07fb12071453e08ecf3c6e35f1397d3422051f",
                        "type": "RT_ICON"
                    },
                    {
                        "lang": "NEUTRAL",
                        "chi2": 30392.12,
                        "filetype": "PNG",
                        "entropy": 4.04524040222168,
                        "sha256": "37af1cc5a7606c4cce476c2324b066c3a7f625eee010baf8347937ad13fd4081",
                        "type": "RT_ICON"
                    },
                    {
                        "lang": "NEUTRAL",
                        "chi2": 172350.17,
                        "filetype": "unknown",
                        "entropy": 2.72257399559021,
                        "sha256": "b0a40090c9bfdfdd8d2f77b68d7052d1eeceb41dc5ab2eaa9c85e15104984ef1",
                        "type": "RT_ICON"
                    },
                    {
                        "lang": "NEUTRAL",
                        "chi2": 45025.08,
                        "filetype": "unknown",
                        "entropy": 2.7614846229553223,
                        "sha256": "dc2a1f63c0882b33321345f27c07ef9f8bdb87aa687f075a474be430a1135982",
                        "type": "RT_ICON"
                    },
                    {
                        "lang": "NEUTRAL",
                        "chi2": 7556.31,
                        "filetype": "ICO",
                        "entropy": 2.68921160697937,
                        "sha256": "5c120e5caa9e27b5d03f47470a52b231bd0f2d8ab5cefc31115b9fb9cd264540",
                        "type": "RT_GROUP_ICON"
                    },
                    {
                        "lang": "NEUTRAL",
                        "chi2": 50793.95,
                        "filetype": "unknown",
                        "entropy": 3.157627582550049,
                        "sha256": "b912a9980ecddff69ab2d86e6308175ea3907f5679117f45f6bf075b78a21232",
                        "type": "RT_VERSION"
                    },
                    {
                        "lang": "NEUTRAL",
                        "chi2": 34712.48,
                        "filetype": "unknown",
                        "entropy": 5.042236804962158,
                        "sha256": "91925eebcf4a3c4a68af342a04d28299ad136bd817d47dff9b51ec01609162ec",
                        "type": "RT_MANIFEST"
                    }
                ],
                "resource_langs": {
                    "NEUTRAL": 10
                },
                "resource_types": {
                    "RT_ICON": 7,
                    "RT_MANIFEST": 1,
                    "RT_VERSION": 1,
                    "RT_GROUP_ICON": 1
                },
                "sections": [
                    {
                        "name": ".text",
                        "chi2": 1695690.25,
                        "virtual_address": 8192,
                        "entropy": 6.34,
                        "raw_size": 172032,
                        "flags": "rx",
                        "virtual_size": 171812,
                        "md5": "e96838b4bf268f123e6d8465287f3f54"
                    },
                    {
                        "name": ".rsrc",
                        "chi2": 554490.5,
                        "virtual_address": 180224,
                        "entropy": 4.2,
                        "raw_size": 15360,
                        "flags": "r",
                        "virtual_size": 15360,
                        "md5": "ad161ef606673d60f693496bee1185e0"
                    },
                    {
                        "name": ".reloc",
                        "chi2": 128015.0,
                        "virtual_address": 196608,
                        "entropy": 0.1,
                        "raw_size": 512,
                        "flags": "r",
                        "virtual_size": 12,
                        "md5": "32aff190ccc137f2ab1be86b901b68c0"
                    }
                ],
                "import_list": [
                    {
                        "library_name": "mscoree.dll",
                        "imported_functions": [
                            "_CorExeMain"
                        ]
                    }
                ]
            },
            "authentihash": "157e8e788acf7fdd6c53e51a19bd5f553b2e9feaccc4fe0b4f1d2f3325d0045a",
            "times_submitted": 6,
            "popular_threat_classification": {
                "popular_threat_category": [
                    {
                        "count": 23,
                        "value": "trojan"
                    },
                    {
                        "count": 3,
                        "value": "ransomware"
                    },
                    {
                        "count": 2,
                        "value": "dropper"
                    }
                ],
                "suggested_threat_label": "trojan.msil/bladabindi",
                "popular_threat_name": [
                    {
                        "count": 11,
                        "value": "msil"
                    },
                    {
                        "count": 7,
                        "value": "bladabindi"
                    },
                    {
                        "count": 7,
                        "value": "zusy"
                    }
                ]
            },
            "sigma_analysis_results": [
                {
                    "match_context": [
                        {
                            "values": {
                                "EventID": "13",
                                "ProcessId": "5520",
                                "EventType": "SetValue",
                                "Image": "C:\\Users\\george\\AppData\\Roaming\\Google Chrome.exe",
                                "RuleName": "T1060,RunKey",
                                "UtcTime": "1675666145",
                                "Details": "\"C:\\Users\\george\\AppData\\Roaming\\Google Chrome.exe\" ..",
                                "ProcessGuid": "{C784477D-A2DD-63E0-F305-000000003400}",
                                "TargetObject": "HKLM\\SOFTWARE\\WOW6432Node\\Microsoft\\Windows\\CurrentVersion\\Run\\8652d80f7420a31c17624cf9269f72f3"
                            }
                        },
                        {
                            "values": {
                                "EventID": "13",
                                "ProcessId": "5520",
                                "EventType": "SetValue",
                                "Image": "C:\\Users\\george\\AppData\\Roaming\\Google Chrome.exe",
                                "RuleName": "T1060,RunKey",
                                "UtcTime": "1675666147",
                                "Details": "\"C:\\Users\\george\\AppData\\Roaming\\Google Chrome.exe\" ..",
                                "ProcessGuid": "{C784477D-A2DD-63E0-F305-000000003400}",
                                "TargetObject": "HKLM\\SOFTWARE\\WOW6432Node\\Microsoft\\Windows\\CurrentVersion\\Run\\8652d80f7420a31c17624cf9269f72f3"
                            }
                        },
                        {
                            "values": {
                                "EventID": "13",
                                "ProcessId": "5520",
                                "EventType": "SetValue",
                                "Image": "C:\\Users\\george\\AppData\\Roaming\\Google Chrome.exe",
                                "RuleName": "T1060,RunKey",
                                "UtcTime": "1675666149",
                                "Details": "\"C:\\Users\\george\\AppData\\Roaming\\Google Chrome.exe\" ..",
                                "ProcessGuid": "{C784477D-A2DD-63E0-F305-000000003400}",
                                "TargetObject": "HKLM\\SOFTWARE\\WOW6432Node\\Microsoft\\Windows\\CurrentVersion\\Run\\8652d80f7420a31c17624cf9269f72f3"
                            }
                        },
                        {
                            "values": {
                                "EventID": "13",
                                "ProcessId": "5520",
                                "EventType": "SetValue",
                                "Image": "C:\\Users\\george\\AppData\\Roaming\\Google Chrome.exe",
                                "ProcessGuid": "{C784477D-A2DD-63E0-F305-000000003400}",
                                "UtcTime": "1675666150",
                                "Details": "\"C:\\Users\\george\\AppData\\Roaming\\Google Chrome.exe\" ..",
                                "RuleName": "T1060,RunKey",
                                "TargetObject": "HKLM\\SOFTWARE\\WOW6432Node\\Microsoft\\Windows\\CurrentVersion\\Run\\8652d80f7420a31c17624cf9269f72f3"
                            }
                        },
                        {
                            "values": {
                                "EventID": "13",
                                "ProcessId": "5520",
                                "EventType": "SetValue",
                                "Image": "C:\\Users\\george\\AppData\\Roaming\\Google Chrome.exe",
                                "ProcessGuid": "{C784477D-A2DD-63E0-F305-000000003400}",
                                "UtcTime": "1675666151",
                                "Details": "\"C:\\Users\\george\\AppData\\Roaming\\Google Chrome.exe\" ..",
                                "RuleName": "T1060,RunKey",
                                "TargetObject": "HKLM\\SOFTWARE\\WOW6432Node\\Microsoft\\Windows\\CurrentVersion\\Run\\8652d80f7420a31c17624cf9269f72f3"
                            }
                        },
                        {
                            "values": {
                                "EventID": "13",
                                "ProcessId": "5520",
                                "EventType": "SetValue",
                                "Image": "C:\\Users\\george\\AppData\\Roaming\\Google Chrome.exe",
                                "ProcessGuid": "{C784477D-A2DD-63E0-F305-000000003400}",
                                "UtcTime": "1675666152",
                                "Details": "\"C:\\Users\\george\\AppData\\Roaming\\Google Chrome.exe\" ..",
                                "RuleName": "T1060,RunKey",
                                "TargetObject": "HKLM\\SOFTWARE\\WOW6432Node\\Microsoft\\Windows\\CurrentVersion\\Run\\8652d80f7420a31c17624cf9269f72f3"
                            }
                        },
                        {
                            "values": {
                                "EventID": "13",
                                "ProcessId": "5520",
                                "EventType": "SetValue",
                                "Image": "C:\\Users\\george\\AppData\\Roaming\\Google Chrome.exe",
                                "RuleName": "T1060,RunKey",
                                "UtcTime": "1675666153",
                                "Details": "\"C:\\Users\\george\\AppData\\Roaming\\Google Chrome.exe\" ..",
                                "ProcessGuid": "{C784477D-A2DD-63E0-F305-000000003400}",
                                "TargetObject": "HKLM\\SOFTWARE\\WOW6432Node\\Microsoft\\Windows\\CurrentVersion\\Run\\8652d80f7420a31c17624cf9269f72f3"
                            }
                        },
                        {
                            "values": {
                                "EventID": "13",
                                "ProcessId": "5520",
                                "EventType": "SetValue",
                                "Image": "C:\\Users\\george\\AppData\\Roaming\\Google Chrome.exe",
                                "RuleName": "T1060,RunKey",
                                "UtcTime": "1675666154",
                                "Details": "\"C:\\Users\\george\\AppData\\Roaming\\Google Chrome.exe\" ..",
                                "ProcessGuid": "{C784477D-A2DD-63E0-F305-000000003400}",
                                "TargetObject": "HKLM\\SOFTWARE\\WOW6432Node\\Microsoft\\Windows\\CurrentVersion\\Run\\8652d80f7420a31c17624cf9269f72f3"
                            }
                        },
                        {
                            "values": {
                                "EventID": "13",
                                "ProcessId": "5520",
                                "EventType": "SetValue",
                                "Image": "C:\\Users\\george\\AppData\\Roaming\\Google Chrome.exe",
                                "ProcessGuid": "{C784477D-A2DD-63E0-F305-000000003400}",
                                "UtcTime": "1675666155",
                                "Details": "\"C:\\Users\\george\\AppData\\Roaming\\Google Chrome.exe\" ..",
                                "RuleName": "T1060,RunKey",
                                "TargetObject": "HKLM\\SOFTWARE\\WOW6432Node\\Microsoft\\Windows\\CurrentVersion\\Run\\8652d80f7420a31c17624cf9269f72f3"
                            }
                        },
                        {
                            "values": {
                                "EventID": "13",
                                "ProcessId": "5520",
                                "EventType": "SetValue",
                                "Image": "C:\\Users\\george\\AppData\\Roaming\\Google Chrome.exe",
                                "RuleName": "T1060,RunKey",
                                "UtcTime": "1675666156",
                                "Details": "\"C:\\Users\\george\\AppData\\Roaming\\Google Chrome.exe\" ..",
                                "ProcessGuid": "{C784477D-A2DD-63E0-F305-000000003400}",
                                "TargetObject": "HKLM\\SOFTWARE\\WOW6432Node\\Microsoft\\Windows\\CurrentVersion\\Run\\8652d80f7420a31c17624cf9269f72f3"
                            }
                        },
                        {
                            "values": {
                                "EventID": "13",
                                "ProcessId": "5520",
                                "EventType": "SetValue",
                                "Image": "C:\\Users\\george\\AppData\\Roaming\\Google Chrome.exe",
                                "ProcessGuid": "{C784477D-A2DD-63E0-F305-000000003400}",
                                "UtcTime": "1675666157",
                                "Details": "\"C:\\Users\\george\\AppData\\Roaming\\Google Chrome.exe\" ..",
                                "RuleName": "T1060,RunKey",
                                "TargetObject": "HKLM\\SOFTWARE\\WOW6432Node\\Microsoft\\Windows\\CurrentVersion\\Run\\8652d80f7420a31c17624cf9269f72f3"
                            }
                        },
                        {
                            "values": {
                                "EventID": "13",
                                "ProcessId": "5520",
                                "EventType": "SetValue",
                                "Image": "C:\\Users\\george\\AppData\\Roaming\\Google Chrome.exe",
                                "RuleName": "T1060,RunKey",
                                "UtcTime": "1675666158",
                                "Details": "\"C:\\Users\\george\\AppData\\Roaming\\Google Chrome.exe\" ..",
                                "ProcessGuid": "{C784477D-A2DD-63E0-F305-000000003400}",
                                "TargetObject": "HKLM\\SOFTWARE\\WOW6432Node\\Microsoft\\Windows\\CurrentVersion\\Run\\8652d80f7420a31c17624cf9269f72f3"
                            }
                        },
                        {
                            "values": {
                                "EventID": "13",
                                "ProcessId": "5520",
                                "EventType": "SetValue",
                                "Image": "C:\\Users\\george\\AppData\\Roaming\\Google Chrome.exe",
                                "RuleName": "T1060,RunKey",
                                "UtcTime": "1675666159",
                                "Details": "\"C:\\Users\\george\\AppData\\Roaming\\Google Chrome.exe\" ..",
                                "ProcessGuid": "{C784477D-A2DD-63E0-F305-000000003400}",
                                "TargetObject": "HKLM\\SOFTWARE\\WOW6432Node\\Microsoft\\Windows\\CurrentVersion\\Run\\8652d80f7420a31c17624cf9269f72f3"
                            }
                        },
                        {
                            "values": {
                                "EventID": "13",
                                "ProcessId": "5520",
                                "EventType": "SetValue",
                                "Image": "C:\\Users\\george\\AppData\\Roaming\\Google Chrome.exe",
                                "RuleName": "T1060,RunKey",
                                "UtcTime": "1675666160",
                                "Details": "\"C:\\Users\\george\\AppData\\Roaming\\Google Chrome.exe\" ..",
                                "ProcessGuid": "{C784477D-A2DD-63E0-F305-000000003400}",
                                "TargetObject": "HKLM\\SOFTWARE\\WOW6432Node\\Microsoft\\Windows\\CurrentVersion\\Run\\8652d80f7420a31c17624cf9269f72f3"
                            }
                        },
                        {
                            "values": {
                                "EventID": "13",
                                "ProcessId": "5520",
                                "EventType": "SetValue",
                                "Image": "C:\\Users\\george\\AppData\\Roaming\\Google Chrome.exe",
                                "ProcessGuid": "{C784477D-A2DD-63E0-F305-000000003400}",
                                "UtcTime": "1675666161",
                                "Details": "\"C:\\Users\\george\\AppData\\Roaming\\Google Chrome.exe\" ..",
                                "RuleName": "T1060,RunKey",
                                "TargetObject": "HKLM\\SOFTWARE\\WOW6432Node\\Microsoft\\Windows\\CurrentVersion\\Run\\8652d80f7420a31c17624cf9269f72f3"
                            }
                        },
                        {
                            "values": {
                                "EventID": "13",
                                "ProcessId": "5520",
                                "EventType": "SetValue",
                                "Image": "C:\\Users\\george\\AppData\\Roaming\\Google Chrome.exe",
                                "ProcessGuid": "{C784477D-A2DD-63E0-F305-000000003400}",
                                "UtcTime": "1675666162",
                                "Details": "\"C:\\Users\\george\\AppData\\Roaming\\Google Chrome.exe\" ..",
                                "RuleName": "T1060,RunKey",
                                "TargetObject": "HKLM\\SOFTWARE\\WOW6432Node\\Microsoft\\Windows\\CurrentVersion\\Run\\8652d80f7420a31c17624cf9269f72f3"
                            }
                        },
                        {
                            "values": {
                                "EventID": "13",
                                "ProcessId": "5520",
                                "EventType": "SetValue",
                                "Image": "C:\\Users\\george\\AppData\\Roaming\\Google Chrome.exe",
                                "ProcessGuid": "{C784477D-A2DD-63E0-F305-000000003400}",
                                "UtcTime": "1675666163",
                                "Details": "\"C:\\Users\\george\\AppData\\Roaming\\Google Chrome.exe\" ..",
                                "RuleName": "T1060,RunKey",
                                "TargetObject": "HKLM\\SOFTWARE\\WOW6432Node\\Microsoft\\Windows\\CurrentVersion\\Run\\8652d80f7420a31c17624cf9269f72f3"
                            }
                        },
                        {
                            "values": {
                                "EventID": "13",
                                "ProcessId": "5520",
                                "EventType": "SetValue",
                                "Image": "C:\\Users\\george\\AppData\\Roaming\\Google Chrome.exe",
                                "RuleName": "T1060,RunKey",
                                "UtcTime": "1675666164",
                                "Details": "\"C:\\Users\\george\\AppData\\Roaming\\Google Chrome.exe\" ..",
                                "ProcessGuid": "{C784477D-A2DD-63E0-F305-000000003400}",
                                "TargetObject": "HKLM\\SOFTWARE\\WOW6432Node\\Microsoft\\Windows\\CurrentVersion\\Run\\8652d80f7420a31c17624cf9269f72f3"
                            }
                        },
                        {
                            "values": {
                                "EventID": "13",
                                "ProcessId": "5520",
                                "EventType": "SetValue",
                                "Image": "C:\\Users\\george\\AppData\\Roaming\\Google Chrome.exe",
                                "ProcessGuid": "{C784477D-A2DD-63E0-F305-000000003400}",
                                "UtcTime": "1675666165",
                                "Details": "\"C:\\Users\\george\\AppData\\Roaming\\Google Chrome.exe\" ..",
                                "RuleName": "T1060,RunKey",
                                "TargetObject": "HKLM\\SOFTWARE\\WOW6432Node\\Microsoft\\Windows\\CurrentVersion\\Run\\8652d80f7420a31c17624cf9269f72f3"
                            }
                        },
                        {
                            "values": {
                                "EventID": "13",
                                "ProcessId": "5520",
                                "EventType": "SetValue",
                                "Image": "C:\\Users\\george\\AppData\\Roaming\\Google Chrome.exe",
                                "ProcessGuid": "{C784477D-A2DD-63E0-F305-000000003400}",
                                "UtcTime": "1675666166",
                                "Details": "\"C:\\Users\\george\\AppData\\Roaming\\Google Chrome.exe\" ..",
                                "RuleName": "T1060,RunKey",
                                "TargetObject": "HKLM\\SOFTWARE\\WOW6432Node\\Microsoft\\Windows\\CurrentVersion\\Run\\8652d80f7420a31c17624cf9269f72f3"
                            }
                        },
                        {
                            "values": {
                                "EventID": "13",
                                "ProcessId": "5520",
                                "EventType": "SetValue",
                                "Image": "C:\\Users\\george\\AppData\\Roaming\\Google Chrome.exe",
                                "ProcessGuid": "{C784477D-A2DD-63E0-F305-000000003400}",
                                "UtcTime": "1675666167",
                                "Details": "\"C:\\Users\\george\\AppData\\Roaming\\Google Chrome.exe\" ..",
                                "RuleName": "T1060,RunKey",
                                "TargetObject": "HKLM\\SOFTWARE\\WOW6432Node\\Microsoft\\Windows\\CurrentVersion\\Run\\8652d80f7420a31c17624cf9269f72f3"
                            }
                        },
                        {
                            "values": {
                                "EventID": "13",
                                "ProcessId": "5520",
                                "EventType": "SetValue",
                                "Image": "C:\\Users\\george\\AppData\\Roaming\\Google Chrome.exe",
                                "RuleName": "T1060,RunKey",
                                "UtcTime": "1675666168",
                                "Details": "\"C:\\Users\\george\\AppData\\Roaming\\Google Chrome.exe\" ..",
                                "ProcessGuid": "{C784477D-A2DD-63E0-F305-000000003400}",
                                "TargetObject": "HKLM\\SOFTWARE\\WOW6432Node\\Microsoft\\Windows\\CurrentVersion\\Run\\8652d80f7420a31c17624cf9269f72f3"
                            }
                        },
                        {
                            "values": {
                                "EventID": "13",
                                "ProcessId": "5520",
                                "EventType": "SetValue",
                                "Image": "C:\\Users\\george\\AppData\\Roaming\\Google Chrome.exe",
                                "RuleName": "T1060,RunKey",
                                "UtcTime": "1675666169",
                                "Details": "\"C:\\Users\\george\\AppData\\Roaming\\Google Chrome.exe\" ..",
                                "ProcessGuid": "{C784477D-A2DD-63E0-F305-000000003400}",
                                "TargetObject": "HKLM\\SOFTWARE\\WOW6432Node\\Microsoft\\Windows\\CurrentVersion\\Run\\8652d80f7420a31c17624cf9269f72f3"
                            }
                        },
                        {
                            "values": {
                                "EventID": "13",
                                "ProcessId": "5520",
                                "EventType": "SetValue",
                                "Image": "C:\\Users\\george\\AppData\\Roaming\\Google Chrome.exe",
                                "RuleName": "T1060,RunKey",
                                "UtcTime": "1675666170",
                                "Details": "\"C:\\Users\\george\\AppData\\Roaming\\Google Chrome.exe\" ..",
                                "ProcessGuid": "{C784477D-A2DD-63E0-F305-000000003400}",
                                "TargetObject": "HKLM\\SOFTWARE\\WOW6432Node\\Microsoft\\Windows\\CurrentVersion\\Run\\8652d80f7420a31c17624cf9269f72f3"
                            }
                        },
                        {
                            "values": {
                                "EventID": "13",
                                "ProcessId": "5520",
                                "EventType": "SetValue",
                                "Image": "C:\\Users\\george\\AppData\\Roaming\\Google Chrome.exe",
                                "ProcessGuid": "{C784477D-A2DD-63E0-F305-000000003400}",
                                "UtcTime": "1675666171",
                                "Details": "\"C:\\Users\\george\\AppData\\Roaming\\Google Chrome.exe\" ..",
                                "RuleName": "T1060,RunKey",
                                "TargetObject": "HKLM\\SOFTWARE\\WOW6432Node\\Microsoft\\Windows\\CurrentVersion\\Run\\8652d80f7420a31c17624cf9269f72f3"
                            }
                        },
                        {
                            "values": {
                                "EventID": "13",
                                "ProcessId": "5520",
                                "EventType": "SetValue",
                                "Image": "C:\\Users\\george\\AppData\\Roaming\\Google Chrome.exe",
                                "ProcessGuid": "{C784477D-A2DD-63E0-F305-000000003400}",
                                "UtcTime": "1675666172",
                                "Details": "\"C:\\Users\\george\\AppData\\Roaming\\Google Chrome.exe\" ..",
                                "RuleName": "T1060,RunKey",
                                "TargetObject": "HKLM\\SOFTWARE\\WOW6432Node\\Microsoft\\Windows\\CurrentVersion\\Run\\8652d80f7420a31c17624cf9269f72f3"
                            }
                        },
                        {
                            "values": {
                                "EventID": "13",
                                "ProcessId": "5520",
                                "EventType": "SetValue",
                                "Image": "C:\\Users\\george\\AppData\\Roaming\\Google Chrome.exe",
                                "ProcessGuid": "{C784477D-A2DD-63E0-F305-000000003400}",
                                "UtcTime": "1675666173",
                                "Details": "\"C:\\Users\\george\\AppData\\Roaming\\Google Chrome.exe\" ..",
                                "RuleName": "T1060,RunKey",
                                "TargetObject": "HKLM\\SOFTWARE\\WOW6432Node\\Microsoft\\Windows\\CurrentVersion\\Run\\8652d80f7420a31c17624cf9269f72f3"
                            }
                        },
                        {
                            "values": {
                                "EventID": "13",
                                "ProcessId": "5520",
                                "EventType": "SetValue",
                                "Image": "C:\\Users\\george\\AppData\\Roaming\\Google Chrome.exe",
                                "ProcessGuid": "{C784477D-A2DD-63E0-F305-000000003400}",
                                "UtcTime": "1675666174",
                                "Details": "\"C:\\Users\\george\\AppData\\Roaming\\Google Chrome.exe\" ..",
                                "RuleName": "T1060,RunKey",
                                "TargetObject": "HKLM\\SOFTWARE\\WOW6432Node\\Microsoft\\Windows\\CurrentVersion\\Run\\8652d80f7420a31c17624cf9269f72f3"
                            }
                        },
                        {
                            "values": {
                                "EventID": "13",
                                "ProcessId": "5520",
                                "EventType": "SetValue",
                                "Image": "C:\\Users\\george\\AppData\\Roaming\\Google Chrome.exe",
                                "ProcessGuid": "{C784477D-A2DD-63E0-F305-000000003400}",
                                "UtcTime": "1675666175",
                                "Details": "\"C:\\Users\\george\\AppData\\Roaming\\Google Chrome.exe\" ..",
                                "RuleName": "T1060,RunKey",
                                "TargetObject": "HKLM\\SOFTWARE\\WOW6432Node\\Microsoft\\Windows\\CurrentVersion\\Run\\8652d80f7420a31c17624cf9269f72f3"
                            }
                        },
                        {
                            "values": {
                                "EventID": "13",
                                "ProcessId": "5520",
                                "EventType": "SetValue",
                                "Image": "C:\\Users\\george\\AppData\\Roaming\\Google Chrome.exe",
                                "ProcessGuid": "{C784477D-A2DD-63E0-F305-000000003400}",
                                "UtcTime": "1675666176",
                                "Details": "\"C:\\Users\\george\\AppData\\Roaming\\Google Chrome.exe\" ..",
                                "RuleName": "T1060,RunKey",
                                "TargetObject": "HKLM\\SOFTWARE\\WOW6432Node\\Microsoft\\Windows\\CurrentVersion\\Run\\8652d80f7420a31c17624cf9269f72f3"
                            }
                        },
                        {
                            "values": {
                                "EventID": "13",
                                "ProcessId": "5520",
                                "EventType": "SetValue",
                                "Image": "C:\\Users\\george\\AppData\\Roaming\\Google Chrome.exe",
                                "ProcessGuid": "{C784477D-A2DD-63E0-F305-000000003400}",
                                "UtcTime": "1675666177",
                                "Details": "\"C:\\Users\\george\\AppData\\Roaming\\Google Chrome.exe\" ..",
                                "RuleName": "T1060,RunKey",
                                "TargetObject": "HKLM\\SOFTWARE\\WOW6432Node\\Microsoft\\Windows\\CurrentVersion\\Run\\8652d80f7420a31c17624cf9269f72f3"
                            }
                        },
                        {
                            "values": {
                                "EventID": "13",
                                "ProcessId": "5520",
                                "EventType": "SetValue",
                                "Image": "C:\\Users\\george\\AppData\\Roaming\\Google Chrome.exe",
                                "ProcessGuid": "{C784477D-A2DD-63E0-F305-000000003400}",
                                "UtcTime": "1675666178",
                                "Details": "\"C:\\Users\\george\\AppData\\Roaming\\Google Chrome.exe\" ..",
                                "RuleName": "T1060,RunKey",
                                "TargetObject": "HKLM\\SOFTWARE\\WOW6432Node\\Microsoft\\Windows\\CurrentVersion\\Run\\8652d80f7420a31c17624cf9269f72f3"
                            }
                        },
                        {
                            "values": {
                                "EventID": "13",
                                "ProcessId": "5520",
                                "EventType": "SetValue",
                                "Image": "C:\\Users\\george\\AppData\\Roaming\\Google Chrome.exe",
                                "ProcessGuid": "{C784477D-A2DD-63E0-F305-000000003400}",
                                "UtcTime": "1675666179",
                                "Details": "\"C:\\Users\\george\\AppData\\Roaming\\Google Chrome.exe\" ..",
                                "RuleName": "T1060,RunKey",
                                "TargetObject": "HKLM\\SOFTWARE\\WOW6432Node\\Microsoft\\Windows\\CurrentVersion\\Run\\8652d80f7420a31c17624cf9269f72f3"
                            }
                        },
                        {
                            "values": {
                                "EventID": "13",
                                "ProcessId": "5520",
                                "EventType": "SetValue",
                                "Image": "C:\\Users\\george\\AppData\\Roaming\\Google Chrome.exe",
                                "ProcessGuid": "{C784477D-A2DD-63E0-F305-000000003400}",
                                "UtcTime": "1675666180",
                                "Details": "\"C:\\Users\\george\\AppData\\Roaming\\Google Chrome.exe\" ..",
                                "RuleName": "T1060,RunKey",
                                "TargetObject": "HKLM\\SOFTWARE\\WOW6432Node\\Microsoft\\Windows\\CurrentVersion\\Run\\8652d80f7420a31c17624cf9269f72f3"
                            }
                        },
                        {
                            "values": {
                                "EventID": "13",
                                "ProcessId": "5520",
                                "EventType": "SetValue",
                                "Image": "C:\\Users\\george\\AppData\\Roaming\\Google Chrome.exe",
                                "ProcessGuid": "{C784477D-A2DD-63E0-F305-000000003400}",
                                "UtcTime": "1675666181",
                                "Details": "\"C:\\Users\\george\\AppData\\Roaming\\Google Chrome.exe\" ..",
                                "RuleName": "T1060,RunKey",
                                "TargetObject": "HKLM\\SOFTWARE\\WOW6432Node\\Microsoft\\Windows\\CurrentVersion\\Run\\8652d80f7420a31c17624cf9269f72f3"
                            }
                        },
                        {
                            "values": {
                                "EventID": "13",
                                "ProcessId": "5520",
                                "EventType": "SetValue",
                                "Image": "C:\\Users\\george\\AppData\\Roaming\\Google Chrome.exe",
                                "ProcessGuid": "{C784477D-A2DD-63E0-F305-000000003400}",
                                "UtcTime": "1675666182",
                                "Details": "\"C:\\Users\\george\\AppData\\Roaming\\Google Chrome.exe\" ..",
                                "RuleName": "T1060,RunKey",
                                "TargetObject": "HKLM\\SOFTWARE\\WOW6432Node\\Microsoft\\Windows\\CurrentVersion\\Run\\8652d80f7420a31c17624cf9269f72f3"
                            }
                        },
                        {
                            "values": {
                                "EventID": "13",
                                "ProcessId": "5520",
                                "EventType": "SetValue",
                                "Image": "C:\\Users\\george\\AppData\\Roaming\\Google Chrome.exe",
                                "RuleName": "T1060,RunKey",
                                "UtcTime": "1675666183",
                                "Details": "\"C:\\Users\\george\\AppData\\Roaming\\Google Chrome.exe\" ..",
                                "ProcessGuid": "{C784477D-A2DD-63E0-F305-000000003400}",
                                "TargetObject": "HKLM\\SOFTWARE\\WOW6432Node\\Microsoft\\Windows\\CurrentVersion\\Run\\8652d80f7420a31c17624cf9269f72f3"
                            }
                        },
                        {
                            "values": {
                                "EventID": "13",
                                "ProcessId": "5520",
                                "EventType": "SetValue",
                                "Image": "C:\\Users\\george\\AppData\\Roaming\\Google Chrome.exe",
                                "RuleName": "T1060,RunKey",
                                "UtcTime": "1675666184",
                                "Details": "\"C:\\Users\\george\\AppData\\Roaming\\Google Chrome.exe\" ..",
                                "ProcessGuid": "{C784477D-A2DD-63E0-F305-000000003400}",
                                "TargetObject": "HKLM\\SOFTWARE\\WOW6432Node\\Microsoft\\Windows\\CurrentVersion\\Run\\8652d80f7420a31c17624cf9269f72f3"
                            }
                        },
                        {
                            "values": {
                                "EventID": "13",
                                "ProcessId": "5520",
                                "EventType": "SetValue",
                                "Image": "C:\\Users\\george\\AppData\\Roaming\\Google Chrome.exe",
                                "RuleName": "T1060,RunKey",
                                "UtcTime": "1675666185",
                                "Details": "\"C:\\Users\\george\\AppData\\Roaming\\Google Chrome.exe\" ..",
                                "ProcessGuid": "{C784477D-A2DD-63E0-F305-000000003400}",
                                "TargetObject": "HKLM\\SOFTWARE\\WOW6432Node\\Microsoft\\Windows\\CurrentVersion\\Run\\8652d80f7420a31c17624cf9269f72f3"
                            }
                        },
                        {
                            "values": {
                                "EventID": "13",
                                "ProcessId": "5520",
                                "EventType": "SetValue",
                                "Image": "C:\\Users\\george\\AppData\\Roaming\\Google Chrome.exe",
                                "RuleName": "T1060,RunKey",
                                "UtcTime": "1675666186",
                                "Details": "\"C:\\Users\\george\\AppData\\Roaming\\Google Chrome.exe\" ..",
                                "ProcessGuid": "{C784477D-A2DD-63E0-F305-000000003400}",
                                "TargetObject": "HKLM\\SOFTWARE\\WOW6432Node\\Microsoft\\Windows\\CurrentVersion\\Run\\8652d80f7420a31c17624cf9269f72f3"
                            }
                        },
                        {
                            "values": {
                                "EventID": "13",
                                "ProcessId": "5520",
                                "EventType": "SetValue",
                                "Image": "C:\\Users\\george\\AppData\\Roaming\\Google Chrome.exe",
                                "ProcessGuid": "{C784477D-A2DD-63E0-F305-000000003400}",
                                "UtcTime": "1675666187",
                                "Details": "\"C:\\Users\\george\\AppData\\Roaming\\Google Chrome.exe\" ..",
                                "RuleName": "T1060,RunKey",
                                "TargetObject": "HKLM\\SOFTWARE\\WOW6432Node\\Microsoft\\Windows\\CurrentVersion\\Run\\8652d80f7420a31c17624cf9269f72f3"
                            }
                        },
                        {
                            "values": {
                                "EventID": "13",
                                "ProcessId": "5520",
                                "EventType": "SetValue",
                                "Image": "C:\\Users\\george\\AppData\\Roaming\\Google Chrome.exe",
                                "ProcessGuid": "{C784477D-A2DD-63E0-F305-000000003400}",
                                "UtcTime": "1675666188",
                                "Details": "\"C:\\Users\\george\\AppData\\Roaming\\Google Chrome.exe\" ..",
                                "RuleName": "T1060,RunKey",
                                "TargetObject": "HKLM\\SOFTWARE\\WOW6432Node\\Microsoft\\Windows\\CurrentVersion\\Run\\8652d80f7420a31c17624cf9269f72f3"
                            }
                        },
                        {
                            "values": {
                                "EventID": "13",
                                "ProcessId": "5520",
                                "EventType": "SetValue",
                                "Image": "C:\\Users\\george\\AppData\\Roaming\\Google Chrome.exe",
                                "ProcessGuid": "{C784477D-A2DD-63E0-F305-000000003400}",
                                "UtcTime": "1675666189",
                                "Details": "\"C:\\Users\\george\\AppData\\Roaming\\Google Chrome.exe\" ..",
                                "RuleName": "T1060,RunKey",
                                "TargetObject": "HKLM\\SOFTWARE\\WOW6432Node\\Microsoft\\Windows\\CurrentVersion\\Run\\8652d80f7420a31c17624cf9269f72f3"
                            }
                        },
                        {
                            "values": {
                                "EventID": "13",
                                "ProcessId": "5520",
                                "EventType": "SetValue",
                                "Image": "C:\\Users\\george\\AppData\\Roaming\\Google Chrome.exe",
                                "ProcessGuid": "{C784477D-A2DD-63E0-F305-000000003400}",
                                "UtcTime": "1675666190",
                                "Details": "\"C:\\Users\\george\\AppData\\Roaming\\Google Chrome.exe\" ..",
                                "RuleName": "T1060,RunKey",
                                "TargetObject": "HKLM\\SOFTWARE\\WOW6432Node\\Microsoft\\Windows\\CurrentVersion\\Run\\8652d80f7420a31c17624cf9269f72f3"
                            }
                        },
                        {
                            "values": {
                                "EventID": "13",
                                "ProcessId": "5520",
                                "EventType": "SetValue",
                                "Image": "C:\\Users\\george\\AppData\\Roaming\\Google Chrome.exe",
                                "ProcessGuid": "{C784477D-A2DD-63E0-F305-000000003400}",
                                "UtcTime": "1675666191",
                                "Details": "\"C:\\Users\\george\\AppData\\Roaming\\Google Chrome.exe\" ..",
                                "RuleName": "T1060,RunKey",
                                "TargetObject": "HKLM\\SOFTWARE\\WOW6432Node\\Microsoft\\Windows\\CurrentVersion\\Run\\8652d80f7420a31c17624cf9269f72f3"
                            }
                        },
                        {
                            "values": {
                                "EventID": "13",
                                "ProcessId": "5520",
                                "EventType": "SetValue",
                                "Image": "C:\\Users\\george\\AppData\\Roaming\\Google Chrome.exe",
                                "ProcessGuid": "{C784477D-A2DD-63E0-F305-000000003400}",
                                "UtcTime": "1675666192",
                                "Details": "\"C:\\Users\\george\\AppData\\Roaming\\Google Chrome.exe\" ..",
                                "RuleName": "T1060,RunKey",
                                "TargetObject": "HKLM\\SOFTWARE\\WOW6432Node\\Microsoft\\Windows\\CurrentVersion\\Run\\8652d80f7420a31c17624cf9269f72f3"
                            }
                        },
                        {
                            "values": {
                                "EventID": "13",
                                "ProcessId": "5520",
                                "EventType": "SetValue",
                                "Image": "C:\\Users\\george\\AppData\\Roaming\\Google Chrome.exe",
                                "RuleName": "T1060,RunKey",
                                "UtcTime": "1675666193",
                                "Details": "\"C:\\Users\\george\\AppData\\Roaming\\Google Chrome.exe\" ..",
                                "ProcessGuid": "{C784477D-A2DD-63E0-F305-000000003400}",
                                "TargetObject": "HKLM\\SOFTWARE\\WOW6432Node\\Microsoft\\Windows\\CurrentVersion\\Run\\8652d80f7420a31c17624cf9269f72f3"
                            }
                        },
                        {
                            "values": {
                                "EventID": "13",
                                "ProcessId": "5520",
                                "EventType": "SetValue",
                                "Image": "C:\\Users\\george\\AppData\\Roaming\\Google Chrome.exe",
                                "RuleName": "T1060,RunKey",
                                "UtcTime": "1675666194",
                                "Details": "\"C:\\Users\\george\\AppData\\Roaming\\Google Chrome.exe\" ..",
                                "ProcessGuid": "{C784477D-A2DD-63E0-F305-000000003400}",
                                "TargetObject": "HKLM\\SOFTWARE\\WOW6432Node\\Microsoft\\Windows\\CurrentVersion\\Run\\8652d80f7420a31c17624cf9269f72f3"
                            }
                        },
                        {
                            "values": {
                                "EventID": "13",
                                "ProcessId": "5520",
                                "EventType": "SetValue",
                                "Image": "C:\\Users\\george\\AppData\\Roaming\\Google Chrome.exe",
                                "RuleName": "T1060,RunKey",
                                "UtcTime": "1675666195",
                                "Details": "\"C:\\Users\\george\\AppData\\Roaming\\Google Chrome.exe\" ..",
                                "ProcessGuid": "{C784477D-A2DD-63E0-F305-000000003400}",
                                "TargetObject": "HKLM\\SOFTWARE\\WOW6432Node\\Microsoft\\Windows\\CurrentVersion\\Run\\8652d80f7420a31c17624cf9269f72f3"
                            }
                        },
