                        {
                            "values": {
                                "TerminalSessionId": "1",
                                "ProcessGuid": "{C784477D-20D8-63DF-F205-000000004400}",
                                "ProcessId": "648",
                                "Product": "Microsoft\\xae Windows\\xae Operating System",
                                "Description": "Net Command",
                                "Company": "Microsoft Corporation",
                                "ParentProcessGuid": "{C784477D-20D4-63DF-EE05-000000004400}",
                                "User": "DESKTOP-B0T93D6\\george",
                                "Hashes": "MD5=15534275EDAABC58159DD0F8607A71E5,SHA256=E9739D544EE0D428696036CBD656C41DCC505B67CC43DBA7C6BEC4E3959282AC,IMPHASH=EB2C2924EA23E1A5FB0E3F53F46CB709",
                                "OriginalFileName": "net.exe",
                                "ParentImage": "C:\\Users\\george\\Desktop\\program.exe",
                                "FileVersion": "10.0.17134.1 (WinBuild.160101.0800)",
                                "ParentProcessId": "548",
                                "CurrentDirectory": "C:\\Users\\george\\Desktop\\",
                                "CommandLine": "\"net.exe\" stop McAfeeDLPAgentService /y",
                                "EventID": "1",
                                "LogonGuid": "C784477D-5975-63A4-A6AA-030000000000",
                                "LogonId": "240294",
                                "Image": "C:\\Windows\\System32\\net.exe",
                                "IntegrityLevel": "High",
                                "ParentCommandLine": "\"C:\\Users\\george\\Desktop\\program.exe\"",
                                "UtcTime": "1675567320",
                                "RuleName": "-"
                            }
                        },
                        {
                            "values": {
                                "TerminalSessionId": "1",
                                "ProcessGuid": "{C784477D-20D9-63DF-F405-000000004400}",
                                "ProcessId": "3576",
                                "Product": "Microsoft\\xae Windows\\xae Operating System",
                                "Description": "Net Command",
                                "Company": "Microsoft Corporation",
                                "ParentProcessGuid": "{C784477D-20D8-63DF-F205-000000004400}",
                                "User": "DESKTOP-B0T93D6\\george",
                                "Hashes": "MD5=AF569DE92AB6C1B9C681AF1E799F9983,SHA256=FFC30745BE3B6C2771FC4B2993CFF50B5226B271C412467E97B1DC1086DEA888,IMPHASH=5322AC1A3CFF9C8A2AE16A789E26231E",
                                "OriginalFileName": "net1.exe",
                                "ParentImage": "C:\\Windows\\System32\\net.exe",
                                "FileVersion": "10.0.17134.1 (WinBuild.160101.0800)",
                                "ParentProcessId": "648",
                                "CurrentDirectory": "C:\\Users\\george\\Desktop\\",
                                "CommandLine": "C:\\Windows\\system32\\net1 stop McAfeeDLPAgentService /y",
                                "EventID": "1",
                                "LogonGuid": "C784477D-5975-63A4-A6AA-030000000000",
                                "LogonId": "240294",
                                "Image": "C:\\Windows\\System32\\net1.exe",
                                "IntegrityLevel": "High",
                                "ParentCommandLine": "\"net.exe\" stop McAfeeDLPAgentService /y",
                                "UtcTime": "1675567321",
                                "RuleName": "-"
                            }
                        },
                        {
                            "values": {
                                "TerminalSessionId": "1",
                                "ProcessGuid": "{C784477D-20DA-63DF-F505-000000004400}",
                                "ProcessId": "984",
                                "Product": "Microsoft\\xae Windows\\xae Operating System",
                                "Description": "Net Command",
                                "Company": "Microsoft Corporation",
                                "ParentProcessGuid": "{C784477D-20D4-63DF-EE05-000000004400}",
                                "User": "DESKTOP-B0T93D6\\george",
                                "Hashes": "MD5=15534275EDAABC58159DD0F8607A71E5,SHA256=E9739D544EE0D428696036CBD656C41DCC505B67CC43DBA7C6BEC4E3959282AC,IMPHASH=EB2C2924EA23E1A5FB0E3F53F46CB709",
                                "OriginalFileName": "net.exe",
                                "ParentImage": "C:\\Users\\george\\Desktop\\program.exe",
                                "FileVersion": "10.0.17134.1 (WinBuild.160101.0800)",
                                "ParentProcessId": "548",
                                "CurrentDirectory": "C:\\Users\\george\\Desktop\\",
                                "CommandLine": "\"net.exe\" stop mfewc /y",
                                "EventID": "1",
                                "LogonGuid": "C784477D-5975-63A4-A6AA-030000000000",
                                "LogonId": "240294",
                                "Image": "C:\\Windows\\System32\\net.exe",
                                "IntegrityLevel": "High",
                                "ParentCommandLine": "\"C:\\Users\\george\\Desktop\\program.exe\"",
                                "UtcTime": "1675567322",
                                "RuleName": "-"
                            }
                        },
                        {
                            "values": {
                                "TerminalSessionId": "1",
                                "ProcessGuid": "{C784477D-20DB-63DF-F705-000000004400}",
                                "ProcessId": "6884",
                                "Product": "Microsoft\\xae Windows\\xae Operating System",
                                "Description": "Net Command",
                                "Company": "Microsoft Corporation",
                                "ParentProcessGuid": "{C784477D-20DA-63DF-F505-000000004400}",
                                "User": "DESKTOP-B0T93D6\\george",
                                "Hashes": "MD5=AF569DE92AB6C1B9C681AF1E799F9983,SHA256=FFC30745BE3B6C2771FC4B2993CFF50B5226B271C412467E97B1DC1086DEA888,IMPHASH=5322AC1A3CFF9C8A2AE16A789E26231E",
                                "OriginalFileName": "net1.exe",
                                "ParentImage": "C:\\Windows\\System32\\net.exe",
                                "FileVersion": "10.0.17134.1 (WinBuild.160101.0800)",
                                "ParentProcessId": "984",
                                "CurrentDirectory": "C:\\Users\\george\\Desktop\\",
                                "CommandLine": "C:\\Windows\\system32\\net1 stop mfewc /y",
                                "EventID": "1",
                                "LogonGuid": "C784477D-5975-63A4-A6AA-030000000000",
                                "LogonId": "240294",
                                "Image": "C:\\Windows\\System32\\net1.exe",
                                "IntegrityLevel": "High",
                                "ParentCommandLine": "\"net.exe\" stop mfewc /y",
                                "UtcTime": "1675567323",
                                "RuleName": "-"
                            }
                        },
                        {
                            "values": {
                                "TerminalSessionId": "1",
                                "ProcessGuid": "{C784477D-20DC-63DF-F805-000000004400}",
                                "ProcessId": "2336",
                                "Product": "Microsoft\\xae Windows\\xae Operating System",
                                "Description": "Net Command",
                                "Company": "Microsoft Corporation",
                                "ParentProcessGuid": "{C784477D-20D4-63DF-EE05-000000004400}",
                                "User": "DESKTOP-B0T93D6\\george",
                                "Hashes": "MD5=15534275EDAABC58159DD0F8607A71E5,SHA256=E9739D544EE0D428696036CBD656C41DCC505B67CC43DBA7C6BEC4E3959282AC,IMPHASH=EB2C2924EA23E1A5FB0E3F53F46CB709",
                                "OriginalFileName": "net.exe",
                                "ParentImage": "C:\\Users\\george\\Desktop\\program.exe",
                                "FileVersion": "10.0.17134.1 (WinBuild.160101.0800)",
                                "ParentProcessId": "548",
                                "CurrentDirectory": "C:\\Users\\george\\Desktop\\",
                                "CommandLine": "\"net.exe\" stop BMR Boot Service /y",
                                "EventID": "1",
                                "LogonGuid": "C784477D-5975-63A4-A6AA-030000000000",
                                "LogonId": "240294",
                                "Image": "C:\\Windows\\System32\\net.exe",
                                "IntegrityLevel": "High",
                                "ParentCommandLine": "\"C:\\Users\\george\\Desktop\\program.exe\"",
                                "UtcTime": "1675567324",
                                "RuleName": "-"
                            }
                        },
                        {
                            "values": {
                                "TerminalSessionId": "1",
                                "ProcessGuid": "{C784477D-20DC-63DF-FA05-000000004400}",
                                "ProcessId": "6544",
                                "Product": "Microsoft\\xae Windows\\xae Operating System",
                                "Description": "Net Command",
                                "Company": "Microsoft Corporation",
                                "ParentProcessGuid": "{C784477D-20DC-63DF-F805-000000004400}",
                                "User": "DESKTOP-B0T93D6\\george",
                                "Hashes": "MD5=AF569DE92AB6C1B9C681AF1E799F9983,SHA256=FFC30745BE3B6C2771FC4B2993CFF50B5226B271C412467E97B1DC1086DEA888,IMPHASH=5322AC1A3CFF9C8A2AE16A789E26231E",
                                "OriginalFileName": "net1.exe",
                                "ParentImage": "C:\\Windows\\System32\\net.exe",
                                "FileVersion": "10.0.17134.1 (WinBuild.160101.0800)",
                                "ParentProcessId": "2336",
                                "CurrentDirectory": "C:\\Users\\george\\Desktop\\",
                                "CommandLine": "C:\\Windows\\system32\\net1 stop BMR Boot Service /y",
                                "EventID": "1",
                                "LogonGuid": "C784477D-5975-63A4-A6AA-030000000000",
                                "LogonId": "240294",
                                "Image": "C:\\Windows\\System32\\net1.exe",
                                "IntegrityLevel": "High",
                                "ParentCommandLine": "\"net.exe\" stop BMR Boot Service /y",
                                "UtcTime": "1675567324",
                                "RuleName": "-"
                            }
                        },
                        {
                            "values": {
                                "TerminalSessionId": "1",
                                "ProcessGuid": "{C784477D-20DD-63DF-FB05-000000004400}",
                                "ProcessId": "5668",
                                "Product": "Microsoft\\xae Windows\\xae Operating System",
                                "Description": "Net Command",
                                "Company": "Microsoft Corporation",
                                "ParentProcessGuid": "{C784477D-20D4-63DF-EE05-000000004400}",
                                "User": "DESKTOP-B0T93D6\\george",
                                "Hashes": "MD5=15534275EDAABC58159DD0F8607A71E5,SHA256=E9739D544EE0D428696036CBD656C41DCC505B67CC43DBA7C6BEC4E3959282AC,IMPHASH=EB2C2924EA23E1A5FB0E3F53F46CB709",
                                "OriginalFileName": "net.exe",
                                "ParentImage": "C:\\Users\\george\\Desktop\\program.exe",
                                "FileVersion": "10.0.17134.1 (WinBuild.160101.0800)",
                                "ParentProcessId": "548",
                                "CurrentDirectory": "C:\\Users\\george\\Desktop\\",
                                "CommandLine": "\"net.exe\" stop NetBackup BMR MTFTP Service /y",
                                "EventID": "1",
                                "LogonGuid": "C784477D-5975-63A4-A6AA-030000000000",
                                "LogonId": "240294",
                                "Image": "C:\\Windows\\System32\\net.exe",
                                "IntegrityLevel": "High",
                                "ParentCommandLine": "\"C:\\Users\\george\\Desktop\\program.exe\"",
                                "UtcTime": "1675567325",
                                "RuleName": "-"
                            }
                        },
                        {
                            "values": {
                                "TerminalSessionId": "1",
                                "ProcessGuid": "{C784477D-20DD-63DF-FD05-000000004400}",
                                "ProcessId": "6328",
                                "Product": "Microsoft\\xae Windows\\xae Operating System",
                                "Description": "Net Command",
                                "Company": "Microsoft Corporation",
                                "ParentProcessGuid": "{C784477D-20DD-63DF-FB05-000000004400}",
                                "User": "DESKTOP-B0T93D6\\george",
                                "Hashes": "MD5=AF569DE92AB6C1B9C681AF1E799F9983,SHA256=FFC30745BE3B6C2771FC4B2993CFF50B5226B271C412467E97B1DC1086DEA888,IMPHASH=5322AC1A3CFF9C8A2AE16A789E26231E",
                                "OriginalFileName": "net1.exe",
                                "ParentImage": "C:\\Windows\\System32\\net.exe",
                                "FileVersion": "10.0.17134.1 (WinBuild.160101.0800)",
                                "ParentProcessId": "5668",
                                "CurrentDirectory": "C:\\Users\\george\\Desktop\\",
                                "CommandLine": "C:\\Windows\\system32\\net1 stop NetBackup BMR MTFTP Service /y",
                                "EventID": "1",
                                "LogonGuid": "C784477D-5975-63A4-A6AA-030000000000",
                                "LogonId": "240294",
                                "Image": "C:\\Windows\\System32\\net1.exe",
                                "IntegrityLevel": "High",
                                "ParentCommandLine": "\"net.exe\" stop NetBackup BMR MTFTP Service /y",
                                "UtcTime": "1675567325",
                                "RuleName": "-"
                            }
                        }
                    ],
                    "rule_level": "low",
                    "rule_description": "Detects a windows service to be stopped",
                    "rule_source": "Sigma Integrated Rule Set (GitHub)",
                    "rule_title": "Stop Windows Service",
                    "rule_id": "9afc79c8a56e6e5c4cbd55d203a7dce8efc4ed28aa315b736c842a88b1d3dd0e",
                    "rule_author": "Jakob Weinzettl, oscd.community, Nasreddine Bencherchali"
                },
                {
                    "match_context": [
                        {
                            "values": {
                                "EventID": "11",
                                "ProcessId": "548",
                                "Image": "C:\\Users\\george\\Desktop\\program.exe",
                                "ProcessGuid": "{C784477D-20D4-63DF-EE05-000000004400}",
                                "CreationUtcTime": "1675567319",
                                "UtcTime": "1675567319",
                                "RuleName": "EXE",
                                "TargetFilename": "C:\\Users\\george\\AppData\\Local\\Temp\\r2hi4tck.exe"
                            }
                        }
                    ],
                    "rule_level": "low",
                    "rule_description": "Detects the creation of an executable by another executable",
                    "rule_source": "Sigma Integrated Rule Set (GitHub)",
                    "rule_title": "Creation of an Executable by an Executable",
                    "rule_id": "b5386a23355681c43cfbd2f2ccfe4b16ed45324d0d7b5583487a9f302ee1e427",
                    "rule_author": "frack113"
                },
                {
                    "match_context": [
                        {
                            "values": {
                                "TerminalSessionId": "1",
                                "ProcessGuid": "{C784477D-20E0-63DF-0906-000000004400}",
                                "ProcessId": "6556",
                                "Product": "Microsoft\\xae Windows\\xae Operating System",
                                "Description": "Terminates Processes",
                                "Company": "Microsoft Corporation",
                                "ParentProcessGuid": "{C784477D-20D4-63DF-EE05-000000004400}",
                                "User": "DESKTOP-B0T93D6\\george",
                                "Hashes": "MD5=530C6A6CBA137EAA7021CEF9B234E8D4,SHA256=26B9B184C2F7F60811C0C4CB25C12568D996AC1ECE0EF64AA1B9E8F39AEA74D7,IMPHASH=100938B32F577E925618EA395A8C469B",
                                "OriginalFileName": "taskkill.exe",
                                "ParentImage": "C:\\Users\\george\\Desktop\\program.exe",
                                "FileVersion": "10.0.17134.1 (WinBuild.160101.0800)",
                                "ParentProcessId": "548",
                                "CurrentDirectory": "C:\\Users\\george\\Desktop\\",
                                "CommandLine": "\"taskkill.exe\" /IM mspub.exe /F",
                                "EventID": "1",
                                "LogonGuid": "C784477D-5975-63A4-A6AA-030000000000",
                                "LogonId": "240294",
                                "Image": "C:\\Windows\\System32\\taskkill.exe",
                                "IntegrityLevel": "High",
                                "ParentCommandLine": "\"C:\\Users\\george\\Desktop\\program.exe\"",
                                "UtcTime": "1675567328",
                                "RuleName": "-"
                            }
                        },
                        {
                            "values": {
                                "TerminalSessionId": "1",
                                "ProcessGuid": "{C784477D-20E1-63DF-0D06-000000004400}",
                                "ProcessId": "5232",
                                "Product": "Microsoft\\xae Windows\\xae Operating System",
                                "Description": "Terminates Processes",
                                "Company": "Microsoft Corporation",
                                "ParentProcessGuid": "{C784477D-20D4-63DF-EE05-000000004400}",
                                "User": "DESKTOP-B0T93D6\\george",
                                "Hashes": "MD5=530C6A6CBA137EAA7021CEF9B234E8D4,SHA256=26B9B184C2F7F60811C0C4CB25C12568D996AC1ECE0EF64AA1B9E8F39AEA74D7,IMPHASH=100938B32F577E925618EA395A8C469B",
                                "OriginalFileName": "taskkill.exe",
                                "ParentImage": "C:\\Users\\george\\Desktop\\program.exe",
                                "FileVersion": "10.0.17134.1 (WinBuild.160101.0800)",
                                "ParentProcessId": "548",
                                "CurrentDirectory": "C:\\Users\\george\\Desktop\\",
                                "CommandLine": "\"taskkill.exe\" /IM mydesktopqos.exe /F",
                                "EventID": "1",
                                "LogonGuid": "C784477D-5975-63A4-A6AA-030000000000",
                                "LogonId": "240294",
                                "Image": "C:\\Windows\\System32\\taskkill.exe",
                                "IntegrityLevel": "High",
                                "ParentCommandLine": "\"C:\\Users\\george\\Desktop\\program.exe\"",
                                "UtcTime": "1675567329",
                                "RuleName": "-"
                            }
                        },
                        {
                            "values": {
                                "TerminalSessionId": "1",
                                "ProcessGuid": "{C784477D-20E2-63DF-0F06-000000004400}",
                                "ProcessId": "3496",
                                "Product": "Microsoft\\xae Windows\\xae Operating System",
                                "Description": "Terminates Processes",
                                "Company": "Microsoft Corporation",
                                "ParentProcessGuid": "{C784477D-20D4-63DF-EE05-000000004400}",
                                "User": "DESKTOP-B0T93D6\\george",
                                "Hashes": "MD5=530C6A6CBA137EAA7021CEF9B234E8D4,SHA256=26B9B184C2F7F60811C0C4CB25C12568D996AC1ECE0EF64AA1B9E8F39AEA74D7,IMPHASH=100938B32F577E925618EA395A8C469B",
                                "OriginalFileName": "taskkill.exe",
                                "ParentImage": "C:\\Users\\george\\Desktop\\program.exe",
                                "FileVersion": "10.0.17134.1 (WinBuild.160101.0800)",
                                "ParentProcessId": "548",
                                "CurrentDirectory": "C:\\Users\\george\\Desktop\\",
                                "CommandLine": "\"taskkill.exe\" /IM mydesktopservice.exe /F",
                                "EventID": "1",
                                "LogonGuid": "C784477D-5975-63A4-A6AA-030000000000",
                                "LogonId": "240294",
                                "Image": "C:\\Windows\\System32\\taskkill.exe",
                                "IntegrityLevel": "High",
                                "ParentCommandLine": "\"C:\\Users\\george\\Desktop\\program.exe\"",
                                "UtcTime": "1675567330",
                                "RuleName": "-"
                            }
                        }
                    ],
                    "rule_level": "low",
                    "rule_description": "Adversaries may stop services or processes in order to conduct Data Destruction or Data Encrypted for Impact on the data stores of services like Exchange and SQL Server.",
                    "rule_source": "Sigma Integrated Rule Set (GitHub)",
                    "rule_title": "Suspicious Execution of Taskkill",
                    "rule_id": "cd06da2f3978bdb24b3f3c8f83c7df917a910c6b29921d0e375e418f340d8f3d",
                    "rule_author": "frack113"
                },
                {
                    "match_context": [
                        {
                            "values": {
                                "TerminalSessionId": "1",
                                "ProcessGuid": "{C784477D-20D7-63DF-EF05-000000004400}",
                                "ProcessId": "5312",
                                "Product": "Microsoft\\xae Windows\\xae Operating System",
                                "Description": "Net Command",
                                "Company": "Microsoft Corporation",
                                "ParentProcessGuid": "{C784477D-20D4-63DF-EE05-000000004400}",
                                "User": "DESKTOP-B0T93D6\\george",
                                "Hashes": "MD5=15534275EDAABC58159DD0F8607A71E5,SHA256=E9739D544EE0D428696036CBD656C41DCC505B67CC43DBA7C6BEC4E3959282AC,IMPHASH=EB2C2924EA23E1A5FB0E3F53F46CB709",
                                "OriginalFileName": "net.exe",
                                "ParentImage": "C:\\Users\\george\\Desktop\\program.exe",
                                "FileVersion": "10.0.17134.1 (WinBuild.160101.0800)",
                                "ParentProcessId": "548",
                                "CurrentDirectory": "C:\\Users\\george\\Desktop\\",
                                "CommandLine": "\"net.exe\" stop avpsus /y",
                                "EventID": "1",
                                "LogonGuid": "C784477D-5975-63A4-A6AA-030000000000",
                                "LogonId": "240294",
                                "Image": "C:\\Windows\\System32\\net.exe",
                                "IntegrityLevel": "High",
                                "ParentCommandLine": "\"C:\\Users\\george\\Desktop\\program.exe\"",
                                "UtcTime": "1675567319",
                                "RuleName": "-"
                            }
                        },
                        {
                            "values": {
                                "TerminalSessionId": "1",
                                "ProcessGuid": "{C784477D-20D8-63DF-F105-000000004400}",
                                "ProcessId": "3408",
                                "Product": "Microsoft\\xae Windows\\xae Operating System",
                                "Description": "Net Command",
                                "Company": "Microsoft Corporation",
                                "ParentProcessGuid": "{C784477D-20D7-63DF-EF05-000000004400}",
                                "User": "DESKTOP-B0T93D6\\george",
                                "Hashes": "MD5=AF569DE92AB6C1B9C681AF1E799F9983,SHA256=FFC30745BE3B6C2771FC4B2993CFF50B5226B271C412467E97B1DC1086DEA888,IMPHASH=5322AC1A3CFF9C8A2AE16A789E26231E",
                                "OriginalFileName": "net1.exe",
                                "ParentImage": "C:\\Windows\\System32\\net.exe",
                                "FileVersion": "10.0.17134.1 (WinBuild.160101.0800)",
                                "ParentProcessId": "5312",
                                "CurrentDirectory": "C:\\Users\\george\\Desktop\\",
                                "CommandLine": "C:\\Windows\\system32\\net1 stop avpsus /y",
                                "EventID": "1",
                                "LogonGuid": "C784477D-5975-63A4-A6AA-030000000000",
                                "LogonId": "240294",
                                "Image": "C:\\Windows\\System32\\net1.exe",
                                "IntegrityLevel": "High",
                                "ParentCommandLine": "\"net.exe\" stop avpsus /y",
                                "UtcTime": "1675567320",
                                "RuleName": "-"
                            }
                        },
                        {
                            "values": {
                                "TerminalSessionId": "1",
                                "ProcessGuid": "{C784477D-20D8-63DF-F205-000000004400}",
                                "ProcessId": "648",
                                "Product": "Microsoft\\xae Windows\\xae Operating System",
                                "Description": "Net Command",
                                "Company": "Microsoft Corporation",
                                "ParentProcessGuid": "{C784477D-20D4-63DF-EE05-000000004400}",
                                "User": "DESKTOP-B0T93D6\\george",
                                "Hashes": "MD5=15534275EDAABC58159DD0F8607A71E5,SHA256=E9739D544EE0D428696036CBD656C41DCC505B67CC43DBA7C6BEC4E3959282AC,IMPHASH=EB2C2924EA23E1A5FB0E3F53F46CB709",
                                "OriginalFileName": "net.exe",
                                "ParentImage": "C:\\Users\\george\\Desktop\\program.exe",
                                "FileVersion": "10.0.17134.1 (WinBuild.160101.0800)",
                                "ParentProcessId": "548",
                                "CurrentDirectory": "C:\\Users\\george\\Desktop\\",
                                "CommandLine": "\"net.exe\" stop McAfeeDLPAgentService /y",
                                "EventID": "1",
                                "LogonGuid": "C784477D-5975-63A4-A6AA-030000000000",
                                "LogonId": "240294",
                                "Image": "C:\\Windows\\System32\\net.exe",
                                "IntegrityLevel": "High",
                                "ParentCommandLine": "\"C:\\Users\\george\\Desktop\\program.exe\"",
                                "UtcTime": "1675567320",
                                "RuleName": "-"
                            }
                        },
                        {
                            "values": {
                                "TerminalSessionId": "1",
                                "ProcessGuid": "{C784477D-20D9-63DF-F405-000000004400}",
                                "ProcessId": "3576",
                                "Product": "Microsoft\\xae Windows\\xae Operating System",
                                "Description": "Net Command",
                                "Company": "Microsoft Corporation",
                                "ParentProcessGuid": "{C784477D-20D8-63DF-F205-000000004400}",
                                "User": "DESKTOP-B0T93D6\\george",
                                "Hashes": "MD5=AF569DE92AB6C1B9C681AF1E799F9983,SHA256=FFC30745BE3B6C2771FC4B2993CFF50B5226B271C412467E97B1DC1086DEA888,IMPHASH=5322AC1A3CFF9C8A2AE16A789E26231E",
                                "OriginalFileName": "net1.exe",
                                "ParentImage": "C:\\Windows\\System32\\net.exe",
                                "FileVersion": "10.0.17134.1 (WinBuild.160101.0800)",
                                "ParentProcessId": "648",
                                "CurrentDirectory": "C:\\Users\\george\\Desktop\\",
                                "CommandLine": "C:\\Windows\\system32\\net1 stop McAfeeDLPAgentService /y",
                                "EventID": "1",
                                "LogonGuid": "C784477D-5975-63A4-A6AA-030000000000",
                                "LogonId": "240294",
                                "Image": "C:\\Windows\\System32\\net1.exe",
                                "IntegrityLevel": "High",
                                "ParentCommandLine": "\"net.exe\" stop McAfeeDLPAgentService /y",
                                "UtcTime": "1675567321",
                                "RuleName": "-"
                            }
                        },
                        {
                            "values": {
                                "TerminalSessionId": "1",
                                "ProcessGuid": "{C784477D-20DA-63DF-F505-000000004400}",
                                "ProcessId": "984",
                                "Product": "Microsoft\\xae Windows\\xae Operating System",
                                "Description": "Net Command",
                                "Company": "Microsoft Corporation",
                                "ParentProcessGuid": "{C784477D-20D4-63DF-EE05-000000004400}",
                                "User": "DESKTOP-B0T93D6\\george",
                                "Hashes": "MD5=15534275EDAABC58159DD0F8607A71E5,SHA256=E9739D544EE0D428696036CBD656C41DCC505B67CC43DBA7C6BEC4E3959282AC,IMPHASH=EB2C2924EA23E1A5FB0E3F53F46CB709",
                                "OriginalFileName": "net.exe",
                                "ParentImage": "C:\\Users\\george\\Desktop\\program.exe",
                                "FileVersion": "10.0.17134.1 (WinBuild.160101.0800)",
                                "ParentProcessId": "548",
                                "CurrentDirectory": "C:\\Users\\george\\Desktop\\",
                                "CommandLine": "\"net.exe\" stop mfewc /y",
                                "EventID": "1",
                                "LogonGuid": "C784477D-5975-63A4-A6AA-030000000000",
                                "LogonId": "240294",
                                "Image": "C:\\Windows\\System32\\net.exe",
                                "IntegrityLevel": "High",
                                "ParentCommandLine": "\"C:\\Users\\george\\Desktop\\program.exe\"",
                                "UtcTime": "1675567322",
                                "RuleName": "-"
                            }
                        },
                        {
                            "values": {
                                "TerminalSessionId": "1",
                                "ProcessGuid": "{C784477D-20DB-63DF-F705-000000004400}",
                                "ProcessId": "6884",
                                "Product": "Microsoft\\xae Windows\\xae Operating System",
                                "Description": "Net Command",
                                "Company": "Microsoft Corporation",
                                "ParentProcessGuid": "{C784477D-20DA-63DF-F505-000000004400}",
                                "User": "DESKTOP-B0T93D6\\george",
                                "Hashes": "MD5=AF569DE92AB6C1B9C681AF1E799F9983,SHA256=FFC30745BE3B6C2771FC4B2993CFF50B5226B271C412467E97B1DC1086DEA888,IMPHASH=5322AC1A3CFF9C8A2AE16A789E26231E",
                                "OriginalFileName": "net1.exe",
                                "ParentImage": "C:\\Windows\\System32\\net.exe",
                                "FileVersion": "10.0.17134.1 (WinBuild.160101.0800)",
                                "ParentProcessId": "984",
                                "CurrentDirectory": "C:\\Users\\george\\Desktop\\",
                                "CommandLine": "C:\\Windows\\system32\\net1 stop mfewc /y",
                                "EventID": "1",
                                "LogonGuid": "C784477D-5975-63A4-A6AA-030000000000",
                                "LogonId": "240294",
                                "Image": "C:\\Windows\\System32\\net1.exe",
                                "IntegrityLevel": "High",
                                "ParentCommandLine": "\"net.exe\" stop mfewc /y",
                                "UtcTime": "1675567323",
                                "RuleName": "-"
                            }
                        },
                        {
                            "values": {
                                "TerminalSessionId": "1",
                                "ProcessGuid": "{C784477D-20DC-63DF-F805-000000004400}",
                                "ProcessId": "2336",
                                "Product": "Microsoft\\xae Windows\\xae Operating System",
                                "Description": "Net Command",
                                "Company": "Microsoft Corporation",
                                "ParentProcessGuid": "{C784477D-20D4-63DF-EE05-000000004400}",
                                "User": "DESKTOP-B0T93D6\\george",
                                "Hashes": "MD5=15534275EDAABC58159DD0F8607A71E5,SHA256=E9739D544EE0D428696036CBD656C41DCC505B67CC43DBA7C6BEC4E3959282AC,IMPHASH=EB2C2924EA23E1A5FB0E3F53F46CB709",
                                "OriginalFileName": "net.exe",
                                "ParentImage": "C:\\Users\\george\\Desktop\\program.exe",
                                "FileVersion": "10.0.17134.1 (WinBuild.160101.0800)",
                                "ParentProcessId": "548",
                                "CurrentDirectory": "C:\\Users\\george\\Desktop\\",
                                "CommandLine": "\"net.exe\" stop BMR Boot Service /y",
                                "EventID": "1",
                                "LogonGuid": "C784477D-5975-63A4-A6AA-030000000000",
                                "LogonId": "240294",
                                "Image": "C:\\Windows\\System32\\net.exe",
                                "IntegrityLevel": "High",
                                "ParentCommandLine": "\"C:\\Users\\george\\Desktop\\program.exe\"",
                                "UtcTime": "1675567324",
                                "RuleName": "-"
                            }
                        },
                        {
                            "values": {
                                "TerminalSessionId": "1",
                                "ProcessGuid": "{C784477D-20DC-63DF-FA05-000000004400}",
                                "ProcessId": "6544",
                                "Product": "Microsoft\\xae Windows\\xae Operating System",
                                "Description": "Net Command",
                                "Company": "Microsoft Corporation",
                                "ParentProcessGuid": "{C784477D-20DC-63DF-F805-000000004400}",
                                "User": "DESKTOP-B0T93D6\\george",
                                "Hashes": "MD5=AF569DE92AB6C1B9C681AF1E799F9983,SHA256=FFC30745BE3B6C2771FC4B2993CFF50B5226B271C412467E97B1DC1086DEA888,IMPHASH=5322AC1A3CFF9C8A2AE16A789E26231E",
                                "OriginalFileName": "net1.exe",
                                "ParentImage": "C:\\Windows\\System32\\net.exe",
                                "FileVersion": "10.0.17134.1 (WinBuild.160101.0800)",
                                "ParentProcessId": "2336",
                                "CurrentDirectory": "C:\\Users\\george\\Desktop\\",
                                "CommandLine": "C:\\Windows\\system32\\net1 stop BMR Boot Service /y",
                                "EventID": "1",
                                "LogonGuid": "C784477D-5975-63A4-A6AA-030000000000",
                                "LogonId": "240294",
                                "Image": "C:\\Windows\\System32\\net1.exe",
                                "IntegrityLevel": "High",
                                "ParentCommandLine": "\"net.exe\" stop BMR Boot Service /y",
                                "UtcTime": "1675567324",
                                "RuleName": "-"
                            }
                        },
                        {
                            "values": {
                                "TerminalSessionId": "1",
                                "ProcessGuid": "{C784477D-20DD-63DF-FB05-000000004400}",
                                "ProcessId": "5668",
                                "Product": "Microsoft\\xae Windows\\xae Operating System",
                                "Description": "Net Command",
                                "Company": "Microsoft Corporation",
                                "ParentProcessGuid": "{C784477D-20D4-63DF-EE05-000000004400}",
                                "User": "DESKTOP-B0T93D6\\george",
                                "Hashes": "MD5=15534275EDAABC58159DD0F8607A71E5,SHA256=E9739D544EE0D428696036CBD656C41DCC505B67CC43DBA7C6BEC4E3959282AC,IMPHASH=EB2C2924EA23E1A5FB0E3F53F46CB709",
                                "OriginalFileName": "net.exe",
                                "ParentImage": "C:\\Users\\george\\Desktop\\program.exe",
                                "FileVersion": "10.0.17134.1 (WinBuild.160101.0800)",
                                "ParentProcessId": "548",
                                "CurrentDirectory": "C:\\Users\\george\\Desktop\\",
                                "CommandLine": "\"net.exe\" stop NetBackup BMR MTFTP Service /y",
                                "EventID": "1",
                                "LogonGuid": "C784477D-5975-63A4-A6AA-030000000000",
                                "LogonId": "240294",
                                "Image": "C:\\Windows\\System32\\net.exe",
                                "IntegrityLevel": "High",
                                "ParentCommandLine": "\"C:\\Users\\george\\Desktop\\program.exe\"",
                                "UtcTime": "1675567325",
                                "RuleName": "-"
                            }
                        },
