{
    "data": {
        "id": "5900d550e52a29a3f6ebb4020a61b981f6de076ba82e80e0b2a239e49b567f9f",
        "type": "file",
        "links": {
            "self": "https://www.virustotal.com/api/v3/files/5900d550e52a29a3f6ebb4020a61b981f6de076ba82e80e0b2a239e49b567f9f"
        },
        "attributes": {
            "first_submission_date": 1222116588,
            "meaningful_name": "xgulib.dll",
            "pe_info": {
                "timestamp": 1221931552,
                "imphash": "690e96866e931eb48fd4dad2ae693503",
                "machine_type": 332,
                "entry_point": 128002,
                "resource_details": [
                    {
                        "lang": "NEUTRAL",
                        "chi2": 24716.54,
                        "filetype": "GIF",
                        "entropy": 6.505490779876709,
                        "sha256": "a5581937358605faccf87208273f98dd8f9416253d871222d72cf2dbd4a0523d",
                        "type": "PNG"
                    },
                    {
                        "lang": "NEUTRAL",
                        "chi2": 657.5,
                        "filetype": "GIF",
                        "entropy": 6.786324501037598,
                        "sha256": "579e8b5e45e839e8443d7773e1512805f3d1bdbd1a3fd4fcd625c1d603488885",
                        "type": "PNG"
                    },
                    {
                        "lang": "NEUTRAL",
                        "chi2": 1996.7,
                        "filetype": "GIF",
                        "entropy": 7.035505294799805,
                        "sha256": "5e6f49f1febca8110df43883ec13ba892a6d61eef8daa69c9291bdb61541d025",
                        "type": "PNG"
                    },
                    {
                        "lang": "NEUTRAL",
                        "chi2": 1828.21,
                        "filetype": "GIF",
                        "entropy": 6.931138515472412,
                        "sha256": "c1bc775ba1c9808077d4364af92e1a998696979411273055934307f9747b883b",
                        "type": "PNG"
                    },
                    {
                        "lang": "NEUTRAL",
                        "chi2": 5514.79,
                        "filetype": "GIF",
                        "entropy": 5.1426801681518555,
                        "sha256": "9107fac4845c473f865ee0c78867ea24882662a096159f1d8a6b072c921f0dab",
                        "type": "PNG"
                    },
                    {
                        "lang": "NEUTRAL",
                        "chi2": 1013.95,
                        "filetype": "GIF",
                        "entropy": 7.508001327514648,
                        "sha256": "e54fd4b89bbf86ff4f65a3c52afd8594f218c6db8d29012c183c3e01f770a875",
                        "type": "PNG"
                    },
                    {
                        "lang": "NEUTRAL",
                        "chi2": 884.58,
                        "filetype": "GIF",
                        "entropy": 7.556328773498535,
                        "sha256": "59414455ed6bfaef67bce0ff1f4d9dd8be0af026dc77e0bb778660dfb7fa27d9",
                        "type": "PNG"
                    },
                    {
                        "lang": "NEUTRAL",
                        "chi2": 425.96,
                        "filetype": "GIF",
                        "entropy": 7.869433879852295,
                        "sha256": "bcc04a85d560e289934290346c358f2e27f3e3b324d45c4f0491c9ebfdc5773c",
                        "type": "PNG"
                    },
                    {
                        "lang": "NEUTRAL",
                        "chi2": 752.0,
                        "filetype": "GIF",
                        "entropy": 6.173816204071045,
                        "sha256": "2986d22e472eb47dc8192c5e73f38dc2e303f6e5c23c167d30652bddbebbb6c7",
                        "type": "PNG"
                    },
                    {
                        "lang": "NEUTRAL",
                        "chi2": 771.56,
                        "filetype": "JPEG",
                        "entropy": 7.9506306648254395,
                        "sha256": "364755028038c523608d91ccfac453348634600031a544b0bf00a59a9c4b38f2",
                        "type": "PNG"
                    },
                    {
                        "lang": "NEUTRAL",
                        "chi2": 735.4,
                        "filetype": "JPEG",
                        "entropy": 7.9566650390625,
                        "sha256": "4ab43ce0ecf35b5d2d2e759abf7accd526bdc3a0c5ce5ac101cce9d1fbec9b69",
                        "type": "PNG"
                    },
                    {
                        "lang": "NEUTRAL",
                        "chi2": 734.5,
                        "filetype": "JPEG",
                        "entropy": 7.954924583435059,
                        "sha256": "6e24d7f9c9357eab5ff5c5a68280cc1533231a4151fa6d2ed984aad69414ec56",
                        "type": "PNG"
                    },
                    {
                        "lang": "NEUTRAL",
                        "chi2": 669.75,
                        "filetype": "JPEG",
                        "entropy": 7.954648494720459,
                        "sha256": "9c272d9239b07e16748470fb16550d4c6b43df33ad3e42e9408faab419eed10d",
                        "type": "PNG"
                    },
                    {
                        "lang": "NEUTRAL",
                        "chi2": 6569.09,
                        "filetype": "GIF",
                        "entropy": 5.380771636962891,
                        "sha256": "e764bde0d6e721c5d7da9f68c1c5957c9d9a19e9143c507a68b9b31d780abc11",
                        "type": "PNG"
                    },
                    {
                        "lang": "RUSSIAN",
                        "chi2": 1530.59,
                        "filetype": "unknown",
                        "entropy": 4.585880279541016,
                        "sha256": "18c42820db0beeaa380b3ea7c1501dfba0f269225abfeab46f9c0f645d9867fd",
                        "type": "REGISTRY"
                    },
                    {
                        "lang": "RUSSIAN",
                        "chi2": 13596.64,
                        "filetype": "unknown",
                        "entropy": 5.151374340057373,
                        "sha256": "af9a42e2f0db6096d6e9dd28f1ae5f79604ae044ff6574398c93716843ff33c2",
                        "type": "REGISTRY"
                    },
                    {
                        "lang": "RUSSIAN",
                        "chi2": 4570.95,
                        "filetype": "unknown",
                        "entropy": 5.39850378036499,
                        "sha256": "40a47a8b77e0e2637219b8c8191963bf429550c22ca1e0f019378f2ac24ecce1",
                        "type": "REGISTRY"
                    },
                    {
                        "lang": "RUSSIAN",
                        "chi2": 134391.7,
                        "filetype": "unknown",
                        "entropy": 3.414287567138672,
                        "sha256": "5e432a16b850dde3453a7c8a1f1eceb6c0c1ce12b19f6f5721a8ef6f3f1c97f5",
                        "type": "TYPELIB"
                    },
                    {
                        "lang": "RUSSIAN",
                        "chi2": 6885.08,
                        "filetype": "unknown",
                        "entropy": 3.4015777111053467,
                        "sha256": "6d64f463898eba6157b346a99a5b005d2e16b18b06bf620bef6985c4350fa5dd",
                        "type": "RT_STRING"
                    },
                    {
                        "lang": "NEUTRAL",
                        "chi2": 2173225.0,
                        "filetype": "unknown",
                        "entropy": 3.633467435836792,
                        "sha256": "323c3ed25a4f4893e2d28463f3e12df453f165209489b249cb2aaff5ef277b8e",
                        "type": "RT_STRING"
                    },
                    {
                        "lang": "RUSSIAN",
                        "chi2": 52749.59,
                        "filetype": "unknown",
                        "entropy": 3.365039587020874,
                        "sha256": "0052a76106e3a9a89b4ce693b03c760eaabc2903ebfd19c5f01ccc9cdfafe2fd",
                        "type": "RT_VERSION"
                    }
                ],
                "resource_langs": {
                    "RUSSIAN": 6,
                    "NEUTRAL": 15
                },
                "resource_types": {
                    "TYPELIB": 1,
                    "RT_STRING": 2,
                    "REGISTRY": 3,
                    "PNG": 14,
                    "RT_VERSION": 1
                },
                "sections": [
                    {
                        "name": ".text",
                        "chi2": 1040855.75,
                        "virtual_address": 4096,
                        "entropy": 6.35,
                        "raw_size": 159744,
                        "flags": "rx",
                        "virtual_size": 159414,
                        "md5": "b3848c78618e3815e46bc103203d9a49"
                    },
                    {
                        "name": ".orpc",
                        "chi2": 70870.0,
                        "virtual_address": 163840,
                        "entropy": 2.21,
                        "raw_size": 512,
                        "flags": "rx",
                        "virtual_size": 148,
                        "md5": "a3393167f9cf8dd04ad4ace6ed1fcd99"
                    },
                    {
                        "name": ".rdata",
                        "chi2": 1497959.62,
                        "virtual_address": 167936,
                        "entropy": 4.84,
                        "raw_size": 34304,
                        "flags": "r",
                        "virtual_size": 33847,
                        "md5": "531ee0b49783da95e86a35a380cf8e0b"
                    },
                    {
                        "name": ".data",
                        "chi2": 404142.22,
                        "virtual_address": 204800,
                        "entropy": 4.03,
                        "raw_size": 6144,
                        "flags": "rw",
                        "virtual_size": 9828,
                        "md5": "635c7742b5914b90d86f0a62a0e1c654"
                    },
                    {
                        "name": ".shr",
                        "chi2": 130560.0,
                        "virtual_address": 217088,
                        "entropy": 0.0,
                        "raw_size": 512,
                        "flags": "rws",
                        "virtual_size": 1,
                        "md5": "bf619eac0cdf3f68d496ea9344137e8b"
                    },
                    {
                        "name": ".rsrc",
                        "chi2": 1167668.0,
                        "virtual_address": 221184,
                        "entropy": 6.73,
                        "raw_size": 86528,
                        "flags": "r",
                        "virtual_size": 86072,
                        "md5": "076ea1c7c4d2bbedee36ac7b48f83644"
                    },
                    {
                        "name": ".reloc",
                        "chi2": 301184.78,
                        "virtual_address": 311296,
                        "entropy": 5.38,
                        "raw_size": 10752,
                        "flags": "r",
                        "virtual_size": 10732,
                        "md5": "17c4192bdc9b562e4d5c685ff01d8221"
                    }
                ],
                "exports": [
                    "DllCanUnloadNow",
                    "DllGetClassObject",
                    "DllRegisterServer",
                    "DllUnregisterServer",
                    "UnInstall"
                ],
                "compiler_product_versions": [
                    "[ASM] VS2005 build 50727 count=20",
                    "[ C ] Windows Server 2003 SP1 DDK build 4035 count=9",
                    "[IMP] Windows Server 2003 SP1 DDK build 4035 count=23",
                    "[---] Unmarked objects count=164",
                    "[ C ] VS2005 build 50727 count=88",
                    "[C++] VS2005 build 50727 count=58",
                    "[EXP] VS2005 build 50727 count=1",
                    "[RES] VS2005 build 50727 count=1",
                    "[LNK] VS2005 build 50727 count=1"
                ],
                "rich_pe_header_hash": "88e9b7873892b0ec9869fd647e227e56",
                "import_list": [
                    {
                        "library_name": "KERNEL32.dll",
                        "imported_functions": [
                            "CloseHandle",
                            "CreateFileW",
                            "CreateThread",
                            "DeleteCriticalSection",
                            "EnterCriticalSection",
                            "ExitProcess",
                            "FindResourceExW",
                            "FindResourceW",
                            "FreeEnvironmentStringsA",
                            "FreeEnvironmentStringsW",
                            "FreeLibrary",
                            "GetACP",
                            "GetCommandLineA",
                            "GetCPInfo",
                            "GetCurrentProcess",
                            "GetCurrentProcessId",
                            "GetCurrentThreadId",
                            "GetEnvironmentStrings",
                            "GetEnvironmentStringsW",
                            "GetFileType",
                            "GetLastError",
                            "GetLocaleInfoA",
                            "GetModuleFileNameA",
                            "GetModuleFileNameW",
                            "GetModuleHandleA",
                            "GetModuleHandleW",
                            "GetOEMCP",
                            "GetProcAddress",
                            "GetProcessHeap",
                            "GetStartupInfoA",
                            "GetStdHandle",
                            "GetStringTypeA",
                            "GetStringTypeW",
                            "GetSystemTimeAsFileTime",
                            "GetThreadLocale",
                            "GetTickCount",
                            "GetVersionExA",
                            "GetVersionExW",
                            "GetWindowsDirectoryW",
                            "HeapAlloc",
                            "HeapCreate",
                            "HeapDestroy",
                            "HeapFree",
                            "HeapReAlloc",
                            "HeapSize",
                            "InitializeCriticalSection",
                            "InterlockedDecrement",
                            "InterlockedExchange",
                            "InterlockedIncrement",
                            "IsDebuggerPresent",
                            "LCMapStringA",
                            "LCMapStringW",
                            "LeaveCriticalSection",
                            "LoadLibraryA",
                            "LoadLibraryExW",
                            "LoadLibraryW",
                            "LoadResource",
                            "LockResource",
                            "lstrcmpiW",
                            "lstrlenA",
                            "lstrlenW",
                            "MultiByteToWideChar",
                            "OpenProcess",
                            "QueryPerformanceCounter",
                            "RaiseException",
                            "RtlUnwind",
                            "SetHandleCount",
                            "SetLastError",
                            "SetThreadLocale",
                            "SetUnhandledExceptionFilter",
                            "SizeofResource",
                            "Sleep",
                            "TerminateProcess",
                            "TlsAlloc",
                            "TlsFree",
                            "TlsGetValue",
                            "TlsSetValue",
                            "UnhandledExceptionFilter",
                            "VirtualAlloc",
                            "VirtualFree",
                            "WideCharToMultiByte",
                            "WinExec",
                            "WriteFile"
                        ]
                    },
                    {
                        "library_name": "USER32.dll",
                        "imported_functions": [
                            "CharLowerA",
                            "CharLowerW",
                            "CharNextW",
                            "EnumWindows",
                            "GetWindowThreadProcessId",
                            "MessageBoxW",
                            "PostMessageW",
                            "UnregisterClassA"
                        ]
                    },
                    {
                        "library_name": "ADVAPI32.dll",
                        "imported_functions": [
                            "IsTextUnicode",
                            "RegCloseKey",
                            "RegCreateKeyExW",
                            "RegDeleteKeyW",
                            "RegDeleteValueW",
                            "RegEnumKeyExW",
                            "RegOpenKeyExW",
                            "RegQueryInfoKeyW",
                            "RegQueryValueExW",
                            "RegSetValueExW"
                        ]
                    },
                    {
                        "library_name": "SHELL32.dll",
                        "imported_functions": [
                            "SHGetFolderPathW"
                        ]
                    },
                    {
                        "library_name": "ole32.dll",
                        "imported_functions": [
                            "CoCreateInstance",
                            "CoGetClassObject",
                            "CoTaskMemAlloc",
                            "CoTaskMemFree",
                            "CoTaskMemRealloc",
                            "StringFromGUID2"
                        ]
                    },
                    {
                        "library_name": "OLEAUT32.dll",
                        "imported_functions": [
                            "LoadRegTypeLib",
                            "LoadTypeLib",
                            "RegisterTypeLib",
                            "SysAllocString",
                            "SysAllocStringByteLen",
                            "SysAllocStringLen",
                            "SysFreeString",
                            "SysStringByteLen",
                            "SysStringLen",
                            "UnRegisterTypeLib",
                            "VarBstrCat",
                            "VarBstrCmp",
                            "VariantClear",
                            "VarUI4FromStr"
                        ]
                    },
                    {
                        "library_name": "RPCRT4.dll",
                        "imported_functions": [
                            "IUnknown_AddRef_Proxy",
                            "IUnknown_QueryInterface_Proxy",
                            "IUnknown_Release_Proxy",
                            "NdrCStdStubBuffer2_Release",
                            "NdrCStdStubBuffer_Release",
                            "NdrDllCanUnloadNow",
                            "NdrDllGetClassObject",
                            "NdrDllRegisterProxy",
                            "NdrDllUnregisterProxy",
                            "NdrOleAllocate",
                            "NdrOleFree",
                            "NdrStubForwardingFunction"
                        ]
                    },
                    {
                        "library_name": "WININET.dll",
                        "imported_functions": [
                            "HttpOpenRequestW",
                            "HttpSendRequestW",
                            "InternetCloseHandle",
                            "InternetConnectW",
                            "InternetCrackUrlW",
                            "InternetGetCookieW",
                            "InternetOpenW",
                            "InternetReadFile",
                            "InternetSetCookieW"
                        ]
                    },
                    {
                        "library_name": "urlmon.dll",
                        "imported_functions": [
                            "CoInternetGetSession"
                        ]
                    },
                    {
                        "library_name": "VERSION.dll",
                        "imported_functions": [
                            "GetFileVersionInfoSizeW",
                            "GetFileVersionInfoW",
                            "VerQueryValueW"
                        ]
                    },
                    {
                        "library_name": "PSAPI.DLL",
                        "imported_functions": [
                            "EnumProcesses",
                            "EnumProcessModules",
                            "GetModuleBaseNameW"
                        ]
                    }
                ]
            },
            "ssdeep": "6144:jYEganSiudM6dIBabLT8mUgAqk3ooLFLQt:jYYnS5y6dQabLT7U9qk3nJQ",
            "names": [
                "xgulib.dll",
                "unknown",
                "Trojan-Ransom.Win32.Hexzone.jm.xw",
                "Trojan-Ransom.Win32.Hexzone.jm",
                "2e424090282f65ada9428a7e690feda2150cd8311ad6cfd0d2f9a56cded0abe9960a316d299520.dll",
                "2e424090282f65ada9428a7e690feda2.dll",
                "Trojan-Ransom.Win32.Hexzone.jm.dll",
                "2e424090282f65ada9428a7e690feda2",
                "aa",
                "KUUd1Bqq1.ps1",
                "Qp_fD.hta"
            ],
            "times_submitted": 17,
            "type_tag": "pedll",
            "size": 299520,
            "md5": "2e424090282f65ada9428a7e690feda2",
            "signature_info": {
                "description": "xgulibP",
                "copyright": "(c) .  All rights reserved.",
                "original name": "xgulib.dll",
                "file version": "1, 0, 0, 25",
                "internal name": "xgulib.dll"
            },
            "type_extension": "dll",
            "popular_threat_classification": {
                "popular_threat_name": [
                    {
                        "value": "hexzone",
                        "count": 20
                    },
                    {
                        "value": "i7ovxbc",
                        "count": 7
                    },
                    {
                        "value": "procesemes",
                        "count": 2
                    }
                ],
                "suggested_threat_label": "trojan.hexzone/i7ovxbc",
                "popular_threat_category": [
                    {
                        "value": "trojan",
                        "count": 27
                    },
                    {
                        "value": "adware",
                        "count": 8
                    },
                    {
                        "value": "ransomware",
                        "count": 4
                    }
                ]
            },
            "sigma_analysis_stats": {
                "high": 0,
                "medium": 1,
                "critical": 0,
                "low": 0
            },
            "sha256": "5900d550e52a29a3f6ebb4020a61b981f6de076ba82e80e0b2a239e49b567f9f",
            "unique_sources": 13,
            "tags": [
                "checks-user-input",
                "detect-debug-environment",
                "pedll"
            ],
            "sha1": "150cd8311ad6cfd0d2f9a56cded0abe9960a316d",
            "reputation": 0,
            "last_modification_date": 1746307890,
            "sigma_analysis_results": [
                {
                    "match_context": [
                        {
                            "values": {
                                "EventID": "13",
                                "ProcessId": "2420",
                                "EventType": "SetValue",
                                "Image": "C:\\Windows\\SysWOW64\\regsvr32.exe",
                                "ProcessGuid": "{C784477D-EE44-638B-0406-000000003000}",
                                "UtcTime": "1670114885",
                                "Details": "xgulibP",
                                "RuleName": "T1176",
                                "TargetObject": "HKLM\\SOFTWARE\\WOW6432Node\\Microsoft\\Windows\\CurrentVersion\\Explorer\\Browser Helper Objects\\{DCEA1EEF-5D8B-4332-81A1-D43F0BD9D546}\\(Default)"
                            }
                        },
                        {
                            "values": {
                                "EventID": "13",
                                "ProcessId": "2420",
                                "EventType": "SetValue",
                                "Image": "C:\\Windows\\SysWOW64\\regsvr32.exe",
                                "ProcessGuid": "{C784477D-EE44-638B-0406-000000003000}",
                                "UtcTime": "1670114885",
                                "Details": "DWORD (0x00000001)",
                                "RuleName": "T1176",
                                "TargetObject": "HKLM\\SOFTWARE\\WOW6432Node\\Microsoft\\Windows\\CurrentVersion\\Explorer\\Browser Helper Objects\\{DCEA1EEF-5D8B-4332-81A1-D43F0BD9D546}\\NoExplorer"
                            }
                        },
                        {
                            "values": {
                                "EventID": "13",
                                "ProcessId": "4156",
                                "EventType": "SetValue",
                                "Image": "C:\\Windows\\SysWOW64\\rundll32.exe",
                                "RuleName": "T1176",
                                "UtcTime": "1670114891",
                                "Details": "xgulibP",
                                "ProcessGuid": "{C784477D-EE4B-638B-0C06-000000003000}",
                                "TargetObject": "HKLM\\SOFTWARE\\WOW6432Node\\Microsoft\\Windows\\CurrentVersion\\Explorer\\Browser Helper Objects\\{DCEA1EEF-5D8B-4332-81A1-D43F0BD9D546}\\(Default)"
                            }
                        },
                        {
                            "values": {
                                "EventID": "13",
                                "ProcessId": "4156",
                                "EventType": "SetValue",
                                "Image": "C:\\Windows\\SysWOW64\\rundll32.exe",
                                "RuleName": "T1176",
                                "UtcTime": "1670114891",
                                "Details": "DWORD (0x00000001)",
                                "ProcessGuid": "{C784477D-EE4B-638B-0C06-000000003000}",
                                "TargetObject": "HKLM\\SOFTWARE\\WOW6432Node\\Microsoft\\Windows\\CurrentVersion\\Explorer\\Browser Helper Objects\\{DCEA1EEF-5D8B-4332-81A1-D43F0BD9D546}\\NoExplorer"
                            }
                        },
                        {
                            "values": {
                                "EventID": "13",
                                "ProcessId": "4004",
                                "EventType": "SetValue",
                                "Image": "C:\\Windows\\system32\\loaddll32.exe",
                                "ProcessGuid": "{C784477D-EE44-638B-0106-000000003000}",
                                "UtcTime": "1670114894",
                                "Details": "xgulibP",
                                "RuleName": "T1176",
                                "TargetObject": "HKLM\\SOFTWARE\\WOW6432Node\\Microsoft\\Windows\\CurrentVersion\\Explorer\\Browser Helper Objects\\{DCEA1EEF-5D8B-4332-81A1-D43F0BD9D546}\\(Default)"
                            }
                        },
