{
    "data": {
        "id": "5a29583a80b7dc2cbce4b8712024dcdff9f777d908b6f16dfb3d59fad991083e",
        "type": "file",
        "links": {
            "self": "https://www.virustotal.com/api/v3/files/5a29583a80b7dc2cbce4b8712024dcdff9f777d908b6f16dfb3d59fad991083e"
        },
        "attributes": {
            "ssdeep": "6144:swt2Yzqp+Ri0TCwpefY+1eY044/NGNMnf8eJGgVp/jkPsKnt+mRBNI7A085Meo:6z0TCwY/m4H+nsgV5jyjntTRBuc0qMh",
            "times_submitted": 16,
            "sha1": "8303b9a5452e30bc14b98df90d0b16c189186b2d",
            "pe_info": {
                "timestamp": 1519582876,
                "imphash": "f34d5f2d4577ed6d9ceec516c1f5a744",
                "machine_type": 332,
                "entry_point": 96846,
                "resource_details": [
                    {
                        "lang": "NEUTRAL",
                        "chi2": 76790.83,
                        "filetype": "unknown",
                        "entropy": 5.732411861419678,
                        "sha256": "2dcf7b0961cd72519e9b42c66de708fc7cd7732e362dc199abfab8ccdb9f5d98",
                        "type": "RT_ICON"
                    },
                    {
                        "lang": "NEUTRAL",
                        "chi2": 1746.4,
                        "filetype": "ICO",
                        "entropy": 2.081496477127075,
                        "sha256": "a863ca1caa1b1d747a92c73d46fdc326f217f602e6fc4ccabe3d24e0cf37766f",
                        "type": "RT_GROUP_ICON"
                    },
                    {
                        "lang": "NEUTRAL",
                        "chi2": 74914.49,
                        "filetype": "unknown",
                        "entropy": 3.4539525508880615,
                        "sha256": "c7ba23af393b39ed82f28290d5b154a89e3e9b0c45430b3d97cbb535c3de3b0b",
                        "type": "RT_VERSION"
                    },
                    {
                        "lang": "NEUTRAL",
                        "chi2": 4719.86,
                        "filetype": "unknown",
                        "entropy": 5.00111722946167,
                        "sha256": "c0085eb467d2fc9c9f395047e057183b3cd1503a4087d0db565161c13527a76f",
                        "type": "RT_MANIFEST"
                    }
                ],
                "resource_langs": {
                    "NEUTRAL": 4
                },
                "resource_types": {
                    "RT_ICON": 1,
                    "RT_MANIFEST": 1,
                    "RT_VERSION": 1,
                    "RT_GROUP_ICON": 1
                },
                "sections": [
                    {
                        "name": ".text",
                        "chi2": 1933756.62,
                        "virtual_address": 8192,
                        "entropy": 5.74,
                        "raw_size": 89088,
                        "flags": "rx",
                        "virtual_size": 88660,
                        "md5": "d16c738d764bda5aacad0b7354a3f1c2"
                    },
                    {
                        "name": ".reloc",
                        "chi2": 258567.5,
                        "virtual_address": 98304,
                        "entropy": 0.06,
                        "raw_size": 1024,
                        "flags": "r",
                        "virtual_size": 12,
                        "md5": "59b6dff4f80fd8f1d58703e88c979b15"
                    },
                    {
                        "name": ".rsrc",
                        "chi2": 210048.98,
                        "virtual_address": 106496,
                        "entropy": 5.25,
                        "raw_size": 6144,
                        "flags": "r",
                        "virtual_size": 5512,
                        "md5": "8cdafe74626290a8411c9120dac27415"
                    },
                    {
                        "name": ".55c4",
                        "chi2": 1118053.25,
                        "virtual_address": 114688,
                        "entropy": 6.0,
                        "raw_size": 371712,
                        "flags": "rw",
                        "virtual_size": 589824,
                        "md5": "3daed0e777f2f5b643ac0414e7129055"
                    }
                ],
                "import_list": [
                    {
                        "library_name": "mscoree.dll",
                        "imported_functions": [
                            "_CorExeMain"
                        ]
                    }
                ]
            },
            "last_modification_date": 1755723777,
            "dot_net_guids": {
                "typelib_id": "8e64c543-e5e6-4827-89f9-6e5de85aef7f",
                "mvid": "ddfff50e-6ad5-4cd9-86bd-a7427bb89bff"
            },
            "type_tags": [
                "executable",
                "windows",
                "win32",
                "pe",
                "peexe"
            ],
            "authentihash": "649809c98eb51e801c90ff532fbb0b95e3195af10a02d9ba6876d82ba6e875f5",
            "creation_date": 1519582876,
            "size": 468992,
            "tlsh": "T10EA4C07837D54A33C7E95F38667192581779D620F823FB1608AE2D660C47363EA72C8E",
            "sandbox_verdicts": {
                "Zenbox": {
                    "category": "malicious",
                    "confidence": 100,
                    "sandbox_name": "Zenbox",
                    "malware_classification": [
                        "MALWARE",
                        "PHISHING",
                        "BANKER",
                        "TROJAN",
                        "EVADER"
                    ],
                    "malware_names": [
                        "Osiris",
                        "Betabot"
                    ]
                },
                "SecneurX": {
                    "category": "malicious",
                    "sandbox_name": "SecneurX",
                    "malware_classification": [
                        "MALWARE"
                    ]
                }
            },
            "first_submission_date": 1519601306,
            "trid": [
                {
                    "file_type": "Generic CIL Executable (.NET, Mono, etc.)",
                    "probability": 69.7
                },
                {
                    "file_type": "Win64 Executable (generic)",
                    "probability": 10.0
                },
                {
                    "file_type": "Win32 Dynamic Link Library (generic)",
                    "probability": 6.2
                },
                {
                    "file_type": "Win32 Executable (generic)",
                    "probability": 4.2
                },
                {
                    "file_type": "Win16/32 Executable Delphi generic",
                    "probability": 1.9
                }
            ],
            "last_submission_date": 1670331149,
            "magic": "PE32 executable (GUI) Intel 80386 Mono/.Net assembly, for MS Windows",
            "sigma_analysis_results": [
                {
                    "match_context": [
                        {
                            "values": {
                                "TerminalSessionId": "1",
                                "ProcessGuid": "{C784477D-2B23-638F-0406-000000004300}",
                                "ProcessId": "5172",
                                "Product": "Microsoft\\xae .NET Framework",
                                "Description": "Microsoft .NET Assembly Registration Utility",
                                "Company": "Microsoft Corporation",
                                "ParentProcessGuid": "{C784477D-AA65-6384-5900-000000004300}",
                                "User": "DESKTOP-B0T93D6\\george",
                                "Hashes": "MD5=8FE9545E9F72E460723F484C304314AD,SHA256=D2F0B87E2D2707685C4D35F8F05B42FB8326EF4E70D16097B8837DABA06AC961,IMPHASH=F34D5F2D4577ED6D9CEEC516C1F5A744",
                                "OriginalFileName": "RegAsm.exe",
                                "ParentImage": "C:\\Windows\\System32\\wbem\\WmiPrvSE.exe",
                                "FileVersion": "4.8.3761.0 built by: NET48REL1",
                                "ParentProcessId": "3284",
                                "CurrentDirectory": "C:\\Windows\\system32\\",
                                "CommandLine": "C:\\Windows\\Microsoft.NET\\Framework\\v4.0.30319\\regasm.exe /u \"C:\\Users\\george\\Desktop\\program.exe\"",
                                "EventID": "1",
                                "LogonGuid": "C784477D-AA65-6384-87E8-030000000000",
                                "LogonId": "256135",
                                "Image": "C:\\Windows\\Microsoft.NET\\Framework\\v4.0.30319\\RegAsm.exe",
                                "IntegrityLevel": "High",
                                "ParentCommandLine": "C:\\Windows\\system32\\wbem\\wmiprvse.exe -secured -Embedding",
                                "UtcTime": "1670327075",
                                "RuleName": "-"
                            }
                        },
                        {
                            "values": {
                                "TerminalSessionId": "1",
                                "ProcessGuid": "{C784477D-2B67-638F-0906-000000004300}",
                                "ProcessId": "3384",
                                "Product": "Microsoft\\xae .NET Framework",
                                "Description": "Microsoft .NET Assembly Registration Utility",
                                "Company": "Microsoft Corporation",
                                "ParentProcessGuid": "{C784477D-AA65-6384-5900-000000004300}",
                                "User": "DESKTOP-B0T93D6\\george",
                                "Hashes": "MD5=8FE9545E9F72E460723F484C304314AD,SHA256=D2F0B87E2D2707685C4D35F8F05B42FB8326EF4E70D16097B8837DABA06AC961,IMPHASH=F34D5F2D4577ED6D9CEEC516C1F5A744",
                                "OriginalFileName": "RegAsm.exe",
                                "ParentImage": "C:\\Windows\\System32\\wbem\\WmiPrvSE.exe",
                                "FileVersion": "4.8.3761.0 built by: NET48REL1",
                                "ParentProcessId": "3284",
                                "CurrentDirectory": "C:\\Windows\\system32\\",
                                "CommandLine": "C:\\Windows\\Microsoft.NET\\Framework\\v4.0.30319\\regasm.exe /u \"C:\\Users\\george\\AppData\\Roaming\\Microsoft\\Windows\\Start Menu\\Programs\\Startup\\WindPlugin.exe\"",
                                "EventID": "1",
                                "LogonGuid": "C784477D-AA65-6384-F2E8-030000000000",
                                "LogonId": "256242",
                                "Image": "C:\\Windows\\Microsoft.NET\\Framework\\v4.0.30319\\RegAsm.exe",
                                "IntegrityLevel": "Medium",
                                "ParentCommandLine": "C:\\Windows\\system32\\wbem\\wmiprvse.exe -secured -Embedding",
                                "UtcTime": "1670327143",
                                "RuleName": "-"
                            }
                        }
                    ],
                    "rule_level": "high",
                    "rule_id": "1429a6819ff25aad68fb09601fb0b63c4be24919adfd25c4ad925ef8d47d8f22",
                    "rule_source": "Sigma Integrated Rule Set (GitHub)",
                    "rule_title": "Wmiprvse Spawning Process",
                    "rule_description": "Detects wmiprvse spawning processes",
                    "rule_author": "Roberto Rodriguez @Cyb3rWard0g"
                },
                {
                    "match_context": [
                        {
                            "values": {
                                "TerminalSessionId": "1",
                                "ProcessGuid": "{C784477D-2B23-638F-0406-000000004300}",
                                "ProcessId": "5172",
                                "Product": "Microsoft\\xae .NET Framework",
                                "Description": "Microsoft .NET Assembly Registration Utility",
                                "Company": "Microsoft Corporation",
                                "ParentProcessGuid": "{C784477D-AA65-6384-5900-000000004300}",
                                "User": "DESKTOP-B0T93D6\\george",
                                "Hashes": "MD5=8FE9545E9F72E460723F484C304314AD,SHA256=D2F0B87E2D2707685C4D35F8F05B42FB8326EF4E70D16097B8837DABA06AC961,IMPHASH=F34D5F2D4577ED6D9CEEC516C1F5A744",
                                "OriginalFileName": "RegAsm.exe",
                                "ParentImage": "C:\\Windows\\System32\\wbem\\WmiPrvSE.exe",
                                "FileVersion": "4.8.3761.0 built by: NET48REL1",
                                "ParentProcessId": "3284",
                                "CurrentDirectory": "C:\\Windows\\system32\\",
                                "CommandLine": "C:\\Windows\\Microsoft.NET\\Framework\\v4.0.30319\\regasm.exe /u \"C:\\Users\\george\\Desktop\\program.exe\"",
                                "EventID": "1",
                                "LogonGuid": "C784477D-AA65-6384-87E8-030000000000",
                                "LogonId": "256135",
                                "Image": "C:\\Windows\\Microsoft.NET\\Framework\\v4.0.30319\\RegAsm.exe",
                                "IntegrityLevel": "High",
                                "ParentCommandLine": "C:\\Windows\\system32\\wbem\\wmiprvse.exe -secured -Embedding",
                                "UtcTime": "1670327075",
                                "RuleName": "-"
                            }
                        },
                        {
                            "values": {
                                "TerminalSessionId": "1",
                                "ProcessGuid": "{C784477D-2B67-638F-0906-000000004300}",
                                "ProcessId": "3384",
                                "Product": "Microsoft\\xae .NET Framework",
                                "Description": "Microsoft .NET Assembly Registration Utility",
                                "Company": "Microsoft Corporation",
                                "ParentProcessGuid": "{C784477D-AA65-6384-5900-000000004300}",
                                "User": "DESKTOP-B0T93D6\\george",
                                "Hashes": "MD5=8FE9545E9F72E460723F484C304314AD,SHA256=D2F0B87E2D2707685C4D35F8F05B42FB8326EF4E70D16097B8837DABA06AC961,IMPHASH=F34D5F2D4577ED6D9CEEC516C1F5A744",
                                "OriginalFileName": "RegAsm.exe",
                                "ParentImage": "C:\\Windows\\System32\\wbem\\WmiPrvSE.exe",
                                "FileVersion": "4.8.3761.0 built by: NET48REL1",
                                "ParentProcessId": "3284",
                                "CurrentDirectory": "C:\\Windows\\system32\\",
                                "CommandLine": "C:\\Windows\\Microsoft.NET\\Framework\\v4.0.30319\\regasm.exe /u \"C:\\Users\\george\\AppData\\Roaming\\Microsoft\\Windows\\Start Menu\\Programs\\Startup\\WindPlugin.exe\"",
                                "EventID": "1",
                                "LogonGuid": "C784477D-AA65-6384-F2E8-030000000000",
                                "LogonId": "256242",
                                "Image": "C:\\Windows\\Microsoft.NET\\Framework\\v4.0.30319\\RegAsm.exe",
                                "IntegrityLevel": "Medium",
                                "ParentCommandLine": "C:\\Windows\\system32\\wbem\\wmiprvse.exe -secured -Embedding",
                                "UtcTime": "1670327143",
                                "RuleName": "-"
                            }
                        }
                    ],
                    "rule_level": "high",
                    "rule_id": "98a4dc6e84bd2b7671587aaaaa8a8ae8fdd2f8d8880705d12e11f767c77df7c4",
                    "rule_source": "Sigma Integrated Rule Set (GitHub)",
                    "rule_title": "Regasm/Regsvcs Suspicious Execution",
                    "rule_description": "Detects suspicious execution of Regasm/Regsvcs utilities",
                    "rule_author": "Nasreddine Bencherchali"
                },
                {
                    "match_context": [
                        {
                            "values": {
                                "TerminalSessionId": "1",
                                "ProcessGuid": "{C784477D-2B29-638F-0606-000000004300}",
                                "ProcessId": "3464",
                                "Product": "Microsoft\\xae Windows\\xae Operating System",
                                "Description": "Windows PowerShell",
                                "Company": "Microsoft Corporation",
                                "ParentProcessGuid": "{C784477D-2B23-638F-0406-000000004300}",
                                "User": "DESKTOP-B0T93D6\\george",
                                "Hashes": "MD5=DBA3E6449E97D4E3DF64527EF7012A10,SHA256=E0C662D10B852B23F2D8A240AFC82A72B099519FA71CDDF9D5D0F0BE08169B6E,IMPHASH=D1A922C94A1F407CB2BBCAD033C8ED7A",
                                "OriginalFileName": "PowerShell.EXE",
                                "ParentImage": "C:\\Windows\\Microsoft.NET\\Framework\\v4.0.30319\\RegAsm.exe",
                                "FileVersion": "10.0.17134.1 (WinBuild.160101.0800)",
                                "ParentProcessId": "5172",
                                "CurrentDirectory": "C:\\Windows\\system32\\",
                                "CommandLine": "\"C:\\Windows\\system32\\WindowsPowerShell\\v1.0\\powershell.exe\" -windowstyle hidden -nop -exec bypass Import-Module BitsTransfer; Start-BitsTransfer 'C:\\Users\\george\\Desktop\\program.exe' 'C:\\Users\\george\\AppData\\Roaming\\Microsoft\\Windows\\Start Menu\\Programs\\Startup\\WindPlugin.exe'",
                                "EventID": "1",
                                "LogonGuid": "C784477D-AA65-6384-87E8-030000000000",
                                "LogonId": "256135",
                                "Image": "C:\\Windows\\SysWOW64\\WindowsPowerShell\\v1.0\\powershell.exe",
                                "IntegrityLevel": "High",
                                "ParentCommandLine": "C:\\Windows\\Microsoft.NET\\Framework\\v4.0.30319\\regasm.exe /u \"C:\\Users\\george\\Desktop\\program.exe\"",
                                "UtcTime": "1670327081",
                                "RuleName": "-"
                            }
                        }
                    ],
                    "rule_level": "medium",
                    "rule_id": "06b48fa7870d38bdf92b4d4a9b9c4a4df779bd405fdc5ba0e70911df20027ce1",
                    "rule_source": "Sigma Integrated Rule Set (GitHub)",
                    "rule_title": "Change PowerShell Policies to an Insecure Level",
                    "rule_description": "Detects use of executionpolicy option to set insecure policies",
                    "rule_author": "frack113"
                },
                {
                    "match_context": [
                        {
                            "values": {
                                "EventID": "3",
                                "ProcessId": "6864",
                                "DestinationPortName": "domain",
                                "SourceIsIpv6": "true",
                                "DestinationIp": "808:808:0:0:0:0:0:0",
                                "Initiated": "true",
                                "SourcePortName": "-",
                                "Image": "C:\\Windows\\SysWOW64\\msiexec.exe",
                                "ProcessGuid": "{C784477D-2B72-638F-0C06-000000004300}",
                                "DestinationHostname": "-",
                                "UtcTime": "1669639215",
                                "User": "DESKTOP-B0T93D6\\george",
                                "DestinationPort": "53",
                                "RuleName": "-",
                                "SourcePort": "63058",
                                "Protocol": "udp",
                                "DestinationIsIpv6": "true",
                                "SourceIp": "c0a8:20b:ff15:66c4:9830:123a:8dd5:ffff",
                                "SourceHostname": "-"
                            }
                        },
                        {
                            "values": {
                                "EventID": "3",
                                "ProcessId": "6864",
                                "DestinationPortName": "http",
                                "SourceIsIpv6": "false",
                                "DestinationIp": "172.217.169.78",
                                "Initiated": "true",
                                "SourcePortName": "-",
                                "Image": "C:\\Windows\\SysWOW64\\msiexec.exe",
                                "ProcessGuid": "{C784477D-2B72-638F-0C06-000000004300}",
                                "DestinationHostname": "lhr48s09-in-f14.1e100.net",
                                "UtcTime": "1669639216",
                                "User": "DESKTOP-B0T93D6\\george",
                                "DestinationPort": "80",
                                "RuleName": "-",
                                "SourcePort": "49715",
                                "Protocol": "tcp",
                                "DestinationIsIpv6": "false",
                                "SourceIp": "192.168.2.11",
                                "SourceHostname": "DESKTOP-B0T93D6.local"
                            }
                        }
                    ],
                    "rule_level": "medium",
                    "rule_id": "4a7e3b52f438365db6b61867f157e3bc434b40fb9916eba681bb857e7a1041ee",
                    "rule_source": "Sigma Integrated Rule Set (GitHub)",
                    "rule_title": "Msiexec Initiated Connection",
                    "rule_description": "Adversaries may abuse msiexec.exe to proxy execution of malicious payloads.\nMsiexec.exe is the command-line utility for the Windows Installer and is thus commonly associated with executing installation packages (.msi)\n",
                    "rule_author": "frack113"
                },
                {
                    "match_context": [
                        {
                            "values": {
                                "EventID": "13",
                                "ProcessId": "6864",
                                "EventType": "SetValue",
                                "Image": "C:\\Windows\\SysWOW64\\msiexec.exe",
                                "RuleName": "T1060,RunKey",
                                "UtcTime": "1670327158",
                                "Details": "\"C:\\ProgramData\\Google Updater 2.0\\w7k5wgm3y.exe\"",
                                "ProcessGuid": "{C784477D-2B72-638F-0C06-000000004300}",
                                "TargetObject": "HKU\\S-1-5-21-1015118539-3749460369-599379286-1001\\Software\\Microsoft\\Windows\\CurrentVersion\\Run\\Google Updater 2.0"
                            }
                        },
                        {
                            "values": {
                                "EventID": "13",
                                "ProcessId": "6864",
                                "EventType": "SetValue",
                                "Image": "C:\\Windows\\SysWOW64\\msiexec.exe",
                                "RuleName": "T1060,RunKey",
                                "UtcTime": "1670327164",
                                "Details": "\"C:\\ProgramData\\Google Updater 2.0\\w7k5wgm3y.exe\"",
                                "ProcessGuid": "{C784477D-2B72-638F-0C06-000000004300}",
                                "TargetObject": "HKU\\S-1-5-21-1015118539-3749460369-599379286-1001\\Software\\Microsoft\\Windows\\CurrentVersion\\Run\\Google Updater 2.0"
                            }
                        },
                        {
                            "values": {
                                "EventID": "13",
                                "ProcessId": "6052",
                                "EventType": "SetValue",
                                "Image": "C:\\Program Files (x86)\\YOwOkuOAzVTXkHCNmdDjYvGXvxZWclAeoJSmOqsKAstYVAXHuRGwORsLfFDJpST\\pDlYkQJEyKPNYFpo.exe",
                                "ProcessGuid": "{C784477D-ABBC-6384-DD05-000000004300}",
                                "UtcTime": "1670327164",
                                "Details": "\"C:\\ProgramData\\Google Updater 2.0\\w7k5wgm3y.exe\"",
                                "RuleName": "T1060,RunKey",
                                "TargetObject": "HKU\\S-1-5-21-1015118539-3749460369-599379286-1001\\Software\\Microsoft\\Windows\\CurrentVersion\\Run\\Google Updater 2.0"
                            }
                        },
                        {
                            "values": {
                                "EventID": "13",
                                "ProcessId": "6864",
                                "EventType": "SetValue",
                                "Image": "C:\\Windows\\SysWOW64\\msiexec.exe",
                                "ProcessGuid": "{C784477D-2B72-638F-0C06-000000004300}",
                                "UtcTime": "1670327167",
                                "Details": "\"C:\\ProgramData\\Google Updater 2.0\\w7k5wgm3y.exe\"",
                                "RuleName": "T1060,RunKey",
                                "TargetObject": "HKU\\S-1-5-21-1015118539-3749460369-599379286-1001\\Software\\Microsoft\\Windows\\CurrentVersion\\Run\\Google Updater 2.0"
                            }
                        },
                        {
                            "values": {
                                "EventID": "13",
                                "ProcessId": "6052",
                                "EventType": "SetValue",
                                "Image": "C:\\Program Files (x86)\\YOwOkuOAzVTXkHCNmdDjYvGXvxZWclAeoJSmOqsKAstYVAXHuRGwORsLfFDJpST\\pDlYkQJEyKPNYFpo.exe",
                                "RuleName": "T1060,RunKey",
                                "UtcTime": "1670327168",
                                "Details": "\"C:\\ProgramData\\Google Updater 2.0\\w7k5wgm3y.exe\"",
                                "ProcessGuid": "{C784477D-ABBC-6384-DD05-000000004300}",
                                "TargetObject": "HKU\\S-1-5-21-1015118539-3749460369-599379286-1001\\Software\\Microsoft\\Windows\\CurrentVersion\\Run\\Google Updater 2.0"
                            }
                        }
                    ],
                    "rule_level": "medium",
                    "rule_id": "8b5db9da5732dc549b0e8b56fe5933d7c95ed760f3ac20568ab95347ef8c5bcc",
                    "rule_source": "Sigma Integrated Rule Set (GitHub)",
                    "rule_title": "CurrentVersion Autorun Keys Modification",
                    "rule_description": "Detects modification of autostart extensibility point (ASEP) in registry.",
                    "rule_author": "Victor Sergeev, Daniil Yugoslavskiy, Gleb Sukhodolskiy, Timur Zinniatullin, oscd.community, Tim Shelton, frack113 (split)"
                },
