                {
                    "match_context": [
                        {
                            "values": {
                                "TerminalSessionId": "1",
                                "ProcessGuid": "{C784477D-2FE7-64A6-4006-000000004400}",
                                "ProcessId": "7744",
                                "Product": "Microsoft\\xae Windows\\xae Operating System",
                                "Description": "WMI Commandline Utility",
                                "Company": "Microsoft Corporation",
                                "ParentProcessGuid": "{C784477D-2FC7-64A6-3B06-000000004400}",
                                "User": "DESKTOP-B0T93D6\\george",
                                "Hashes": "MD5=EC80E603E0090B3AC3C1234C2BA43A0F,SHA256=D368BCB7934DB0C53D1E7277DCB47AF2B709253CBF0EEE9869EE7E17ED226EA3,IMPHASH=59A9108CA1CECC9147C5FBAB104EBF33",
                                "OriginalFileName": "wmic.exe",
                                "ParentImage": "C:\\Users\\george\\Desktop\\executable.exe",
                                "FileVersion": "10.0.17134.1 (WinBuild.160101.0800)",
                                "ParentProcessId": "7596",
                                "CurrentDirectory": "C:\\Users\\george\\Desktop\\",
                                "CommandLine": "\"C:\\s\\..\\Windows\\j\\hf\\hf\\..\\..\\..\\system32\\yaqpn\\..\\wbem\\sof\\chde\\..\\..\\wmic.exe\" shadowcopy delete",
                                "EventID": "1",
                                "LogonGuid": "C784477D-C428-648A-98F4-030000000000",
                                "LogonId": "259224",
                                "Image": "C:\\Windows\\System32\\wbem\\WMIC.exe",
                                "IntegrityLevel": "High",
                                "ParentCommandLine": "\"C:\\Users\\george\\Desktop\\executable.exe\"",
                                "UtcTime": "1688612839",
                                "RuleName": "-"
                            }
                        }
                    ],
                    "rule_level": "high",
                    "rule_id": "ad5e4d4b939797a70a9aa742d979a4742c2cfedddd663fb1a43b2795c1e6054b",
                    "rule_source": "Sigma Integrated Rule Set (GitHub)",
                    "rule_title": "Shadow Copies Deletion Using Operating Systems Utilities",
                    "rule_description": "Shadow Copies deletion using operating systems utilities",
                    "rule_author": "Florian Roth (Nextron Systems), Michael Haag, Teymur Kheirkhabarov, Daniil Yugoslavskiy, oscd.community, Andreas Hunkeler (@Karneades)"
                },
                {
                    "match_context": [
                        {
                            "values": {
                                "TerminalSessionId": "1",
                                "ProcessGuid": "{C784477D-2FE7-64A6-4006-000000004400}",
                                "ProcessId": "7744",
                                "Product": "Microsoft\\xae Windows\\xae Operating System",
                                "Description": "WMI Commandline Utility",
                                "Company": "Microsoft Corporation",
                                "ParentProcessGuid": "{C784477D-2FC7-64A6-3B06-000000004400}",
                                "User": "DESKTOP-B0T93D6\\george",
                                "Hashes": "MD5=EC80E603E0090B3AC3C1234C2BA43A0F,SHA256=D368BCB7934DB0C53D1E7277DCB47AF2B709253CBF0EEE9869EE7E17ED226EA3,IMPHASH=59A9108CA1CECC9147C5FBAB104EBF33",
                                "OriginalFileName": "wmic.exe",
                                "ParentImage": "C:\\Users\\george\\Desktop\\executable.exe",
                                "FileVersion": "10.0.17134.1 (WinBuild.160101.0800)",
                                "ParentProcessId": "7596",
                                "CurrentDirectory": "C:\\Users\\george\\Desktop\\",
                                "CommandLine": "\"C:\\s\\..\\Windows\\j\\hf\\hf\\..\\..\\..\\system32\\yaqpn\\..\\wbem\\sof\\chde\\..\\..\\wmic.exe\" shadowcopy delete",
                                "EventID": "1",
                                "LogonGuid": "C784477D-C428-648A-98F4-030000000000",
                                "LogonId": "259224",
                                "Image": "C:\\Windows\\System32\\wbem\\WMIC.exe",
                                "IntegrityLevel": "High",
                                "ParentCommandLine": "\"C:\\Users\\george\\Desktop\\executable.exe\"",
                                "UtcTime": "1688612839",
                                "RuleName": "-"
                            }
                        }
                    ],
                    "rule_level": "medium",
                    "rule_id": "2a64ca949e5ce433b70a21b4be0e71e5ad0cd2465395fd093410ce2d33177cdc",
                    "rule_source": "Sigma Integrated Rule Set (GitHub)",
                    "rule_title": "Potential Command Line Path Traversal Evasion Attempt",
                    "rule_description": "Detects potential evasion or obfuscation attempts using bogus path traversal via the commandline",
                    "rule_author": "Christian Burkard (Nextron Systems)"
                },
                {
                    "match_context": [
                        {
                            "values": {
                                "EventID": "11",
                                "ProcessId": "7596",
                                "Image": "C:\\Users\\george\\Desktop\\executable.exe",
                                "ProcessGuid": "{C784477D-2FC7-64A6-3B06-000000004400}",
                                "CreationUtcTime": "1688612827",
                                "UtcTime": "1688612827",
                                "RuleName": "T1165",
                                "TargetFilename": "C:\\Users\\george\\AppData\\Roaming\\Microsoft\\Word\\STARTUP\\fsi3r.tmp"
                            }
                        },
                        {
                            "values": {
                                "EventID": "11",
                                "ProcessId": "7596",
                                "TargetFilename": "C:\\Users\\george\\AppData\\Roaming\\Microsoft\\Word\\STARTUP\\DECRYPT-FILES.txt",
                                "RuleName": "T1165",
                                "CreationUtcTime": "1688612827",
                                "UtcTime": "1688612827",
                                "ProcessGuid": "{C784477D-2FC7-64A6-3B06-000000004400}",
                                "Image": "C:\\Users\\george\\Desktop\\executable.exe"
                            }
                        },
                        {
                            "values": {
                                "EventID": "11",
                                "ProcessId": "7596",
                                "Image": "C:\\Users\\george\\Desktop\\executable.exe",
                                "RuleName": "T1165",
                                "CreationUtcTime": "1688612834",
                                "UtcTime": "1688612834",
                                "ProcessGuid": "{C784477D-2FC7-64A6-3B06-000000004400}",
                                "TargetFilename": "C:\\Users\\george\\AppData\\Roaming\\Microsoft\\Word\\STARTUP\\fsi3r.tmp"
                            }
                        },
                        {
                            "values": {
                                "EventID": "11",
                                "ProcessId": "7596",
                                "Image": "C:\\Users\\george\\Desktop\\executable.exe",
                                "RuleName": "T1165",
                                "CreationUtcTime": "1688612838",
                                "UtcTime": "1688612838",
                                "ProcessGuid": "{C784477D-2FC7-64A6-3B06-000000004400}",
                                "TargetFilename": "C:\\Users\\george\\AppData\\Roaming\\Microsoft\\Word\\STARTUP\\fsi3r.tmp"
                            }
                        }
                    ],
                    "rule_level": "medium",
                    "rule_id": "f441bf0f20310d2f8fb4c38b047725cf9bafb59c2a7634f73d2d38745157b248",
                    "rule_source": "Sigma Integrated Rule Set (GitHub)",
                    "rule_title": "Creation In User Word Startup Folder",
                    "rule_description": "Detects the creation of an file in user Word Startup",
                    "rule_author": "frack113"
                }
            ]
        }
    }
}