                        {
                            "values": {
                                "EventID": "13",
                                "ProcessId": "2528",
                                "EventType": "SetValue",
                                "Image": "C:\\Users\\george\\Desktop\\software.exe",
                                "RuleName": "T1060,RunPolicy",
                                "UtcTime": "1670396879",
                                "Details": "C:\\Users\\george\\AppData\\Roaming\\XMDP9O24UT.exe",
                                "ProcessGuid": "{C784477D-3BB3-6390-690A-000000004700}",
                                "TargetObject": "HKU\\S-1-5-21-1015118539-3749460369-599379286-1001\\Software\\Microsoft\\Windows\\CurrentVersion\\Policies\\Explorer\\run\\05XSIL4VI5X8F"
                            }
                        },
                        {
                            "values": {
                                "EventID": "13",
                                "ProcessId": "2528",
                                "EventType": "SetValue",
                                "Image": "C:\\Users\\george\\Desktop\\software.exe",
                                "RuleName": "T1060,RunKey",
                                "UtcTime": "1670396880",
                                "Details": "C:\\Users\\george\\AppData\\Roaming\\XMDP9O24UT.exe",
                                "ProcessGuid": "{C784477D-3BB3-6390-690A-000000004700}",
                                "TargetObject": "HKU\\S-1-5-21-1015118539-3749460369-599379286-1001\\Software\\Microsoft\\Windows\\CurrentVersion\\Run\\05XSIL4VI5X8F"
                            }
                        },
                        {
                            "values": {
                                "EventID": "13",
                                "ProcessId": "2528",
                                "EventType": "SetValue",
                                "Image": "C:\\Users\\george\\Desktop\\software.exe",
                                "ProcessGuid": "{C784477D-3BB3-6390-690A-000000004700}",
                                "UtcTime": "1670396880",
                                "Details": "C:\\Users\\george\\AppData\\Roaming\\XMDP9O24UT.exe",
                                "RuleName": "T1060,RunPolicy",
                                "TargetObject": "HKLM\\SOFTWARE\\Microsoft\\Windows\\CurrentVersion\\Policies\\Explorer\\run\\05XSIL4VI5X8F"
                            }
                        },
                        {
                            "values": {
                                "EventID": "13",
                                "ProcessId": "2528",
                                "EventType": "SetValue",
                                "Image": "C:\\Users\\george\\Desktop\\software.exe",
                                "RuleName": "T1060,RunPolicy",
                                "UtcTime": "1670396880",
                                "Details": "C:\\Users\\george\\AppData\\Roaming\\XMDP9O24UT.exe",
                                "ProcessGuid": "{C784477D-3BB3-6390-690A-000000004700}",
                                "TargetObject": "HKU\\S-1-5-21-1015118539-3749460369-599379286-1001\\Software\\Microsoft\\Windows\\CurrentVersion\\Policies\\Explorer\\run\\05XSIL4VI5X8F"
                            }
                        },
                        {
                            "values": {
                                "EventID": "13",
                                "ProcessId": "2528",
                                "EventType": "SetValue",
                                "Image": "C:\\Users\\george\\Desktop\\software.exe",
                                "RuleName": "T1060,RunKey",
                                "UtcTime": "1670396881",
                                "Details": "C:\\Users\\george\\AppData\\Roaming\\XMDP9O24UT.exe",
                                "ProcessGuid": "{C784477D-3BB3-6390-690A-000000004700}",
                                "TargetObject": "HKU\\S-1-5-21-1015118539-3749460369-599379286-1001\\Software\\Microsoft\\Windows\\CurrentVersion\\Run\\05XSIL4VI5X8F"
                            }
                        },
                        {
                            "values": {
                                "EventID": "13",
                                "ProcessId": "2528",
                                "EventType": "SetValue",
                                "Image": "C:\\Users\\george\\Desktop\\software.exe",
                                "RuleName": "T1060,RunPolicy",
                                "UtcTime": "1670396881",
                                "Details": "C:\\Users\\george\\AppData\\Roaming\\XMDP9O24UT.exe",
                                "ProcessGuid": "{C784477D-3BB3-6390-690A-000000004700}",
                                "TargetObject": "HKLM\\SOFTWARE\\Microsoft\\Windows\\CurrentVersion\\Policies\\Explorer\\run\\05XSIL4VI5X8F"
                            }
                        },
                        {
                            "values": {
                                "EventID": "13",
                                "ProcessId": "2528",
                                "EventType": "SetValue",
                                "Image": "C:\\Users\\george\\Desktop\\software.exe",
                                "ProcessGuid": "{C784477D-3BB3-6390-690A-000000004700}",
                                "UtcTime": "1670396881",
                                "Details": "C:\\Users\\george\\AppData\\Roaming\\XMDP9O24UT.exe",
                                "RuleName": "T1060,RunPolicy",
                                "TargetObject": "HKU\\S-1-5-21-1015118539-3749460369-599379286-1001\\Software\\Microsoft\\Windows\\CurrentVersion\\Policies\\Explorer\\run\\05XSIL4VI5X8F"
                            }
                        },
                        {
                            "values": {
                                "EventID": "13",
                                "ProcessId": "2528",
                                "EventType": "SetValue",
                                "Image": "C:\\Users\\george\\Desktop\\software.exe",
                                "ProcessGuid": "{C784477D-3BB3-6390-690A-000000004700}",
                                "UtcTime": "1670396883",
                                "Details": "C:\\Users\\george\\AppData\\Roaming\\XMDP9O24UT.exe",
                                "RuleName": "T1060,RunKey",
                                "TargetObject": "HKU\\S-1-5-21-1015118539-3749460369-599379286-1001\\Software\\Microsoft\\Windows\\CurrentVersion\\Run\\05XSIL4VI5X8F"
                            }
                        },
                        {
                            "values": {
                                "EventID": "13",
                                "ProcessId": "2528",
                                "EventType": "SetValue",
                                "Image": "C:\\Users\\george\\Desktop\\software.exe",
                                "RuleName": "T1060,RunPolicy",
                                "UtcTime": "1670396883",
                                "Details": "C:\\Users\\george\\AppData\\Roaming\\XMDP9O24UT.exe",
                                "ProcessGuid": "{C784477D-3BB3-6390-690A-000000004700}",
                                "TargetObject": "HKLM\\SOFTWARE\\Microsoft\\Windows\\CurrentVersion\\Policies\\Explorer\\run\\05XSIL4VI5X8F"
                            }
                        },
                        {
                            "values": {
                                "EventID": "13",
                                "ProcessId": "2528",
                                "EventType": "SetValue",
                                "Image": "C:\\Users\\george\\Desktop\\software.exe",
                                "RuleName": "T1060,RunPolicy",
                                "UtcTime": "1670396883",
                                "Details": "C:\\Users\\george\\AppData\\Roaming\\XMDP9O24UT.exe",
                                "ProcessGuid": "{C784477D-3BB3-6390-690A-000000004700}",
                                "TargetObject": "HKU\\S-1-5-21-1015118539-3749460369-599379286-1001\\Software\\Microsoft\\Windows\\CurrentVersion\\Policies\\Explorer\\run\\05XSIL4VI5X8F"
                            }
                        },
                        {
                            "values": {
                                "EventID": "13",
                                "ProcessId": "2528",
                                "EventType": "SetValue",
                                "Image": "C:\\Users\\george\\Desktop\\software.exe",
                                "ProcessGuid": "{C784477D-3BB3-6390-690A-000000004700}",
                                "UtcTime": "1670396884",
                                "Details": "C:\\Users\\george\\AppData\\Roaming\\XMDP9O24UT.exe",
                                "RuleName": "T1060,RunKey",
                                "TargetObject": "HKU\\S-1-5-21-1015118539-3749460369-599379286-1001\\Software\\Microsoft\\Windows\\CurrentVersion\\Run\\05XSIL4VI5X8F"
                            }
                        },
                        {
                            "values": {
                                "EventID": "13",
                                "ProcessId": "2528",
                                "EventType": "SetValue",
                                "Image": "C:\\Users\\george\\Desktop\\software.exe",
                                "ProcessGuid": "{C784477D-3BB3-6390-690A-000000004700}",
                                "UtcTime": "1670396884",
                                "Details": "C:\\Users\\george\\AppData\\Roaming\\XMDP9O24UT.exe",
                                "RuleName": "T1060,RunPolicy",
                                "TargetObject": "HKLM\\SOFTWARE\\Microsoft\\Windows\\CurrentVersion\\Policies\\Explorer\\run\\05XSIL4VI5X8F"
                            }
                        },
                        {
                            "values": {
                                "EventID": "13",
                                "ProcessId": "2528",
                                "EventType": "SetValue",
                                "Image": "C:\\Users\\george\\Desktop\\software.exe",
                                "ProcessGuid": "{C784477D-3BB3-6390-690A-000000004700}",
                                "UtcTime": "1670396884",
                                "Details": "C:\\Users\\george\\AppData\\Roaming\\XMDP9O24UT.exe",
                                "RuleName": "T1060,RunPolicy",
                                "TargetObject": "HKU\\S-1-5-21-1015118539-3749460369-599379286-1001\\Software\\Microsoft\\Windows\\CurrentVersion\\Policies\\Explorer\\run\\05XSIL4VI5X8F"
                            }
                        },
                        {
                            "values": {
                                "EventID": "13",
                                "ProcessId": "2528",
                                "EventType": "SetValue",
                                "Image": "C:\\Users\\george\\Desktop\\software.exe",
                                "ProcessGuid": "{C784477D-3BB3-6390-690A-000000004700}",
                                "UtcTime": "1670396885",
                                "Details": "C:\\Users\\george\\AppData\\Roaming\\XMDP9O24UT.exe",
                                "RuleName": "T1060,RunKey",
                                "TargetObject": "HKU\\S-1-5-21-1015118539-3749460369-599379286-1001\\Software\\Microsoft\\Windows\\CurrentVersion\\Run\\05XSIL4VI5X8F"
                            }
                        },
                        {
                            "values": {
                                "EventID": "13",
                                "ProcessId": "2528",
                                "EventType": "SetValue",
                                "Image": "C:\\Users\\george\\Desktop\\software.exe",
                                "RuleName": "T1060,RunPolicy",
                                "UtcTime": "1670396885",
                                "Details": "C:\\Users\\george\\AppData\\Roaming\\XMDP9O24UT.exe",
                                "ProcessGuid": "{C784477D-3BB3-6390-690A-000000004700}",
                                "TargetObject": "HKLM\\SOFTWARE\\Microsoft\\Windows\\CurrentVersion\\Policies\\Explorer\\run\\05XSIL4VI5X8F"
                            }
                        },
                        {
                            "values": {
                                "EventID": "13",
                                "ProcessId": "2528",
                                "EventType": "SetValue",
                                "Image": "C:\\Users\\george\\Desktop\\software.exe",
                                "ProcessGuid": "{C784477D-3BB3-6390-690A-000000004700}",
                                "UtcTime": "1670396885",
                                "Details": "C:\\Users\\george\\AppData\\Roaming\\XMDP9O24UT.exe",
                                "RuleName": "T1060,RunPolicy",
                                "TargetObject": "HKU\\S-1-5-21-1015118539-3749460369-599379286-1001\\Software\\Microsoft\\Windows\\CurrentVersion\\Policies\\Explorer\\run\\05XSIL4VI5X8F"
                            }
                        },
                        {
                            "values": {
                                "EventID": "13",
                                "ProcessId": "2528",
                                "EventType": "SetValue",
                                "Image": "C:\\Users\\george\\Desktop\\software.exe",
                                "ProcessGuid": "{C784477D-3BB3-6390-690A-000000004700}",
                                "UtcTime": "1670396886",
                                "Details": "C:\\Users\\george\\AppData\\Roaming\\XMDP9O24UT.exe",
                                "RuleName": "T1060,RunKey",
                                "TargetObject": "HKU\\S-1-5-21-1015118539-3749460369-599379286-1001\\Software\\Microsoft\\Windows\\CurrentVersion\\Run\\05XSIL4VI5X8F"
                            }
                        },
                        {
                            "values": {
                                "EventID": "13",
                                "ProcessId": "2528",
                                "EventType": "SetValue",
                                "Image": "C:\\Users\\george\\Desktop\\software.exe",
                                "ProcessGuid": "{C784477D-3BB3-6390-690A-000000004700}",
                                "UtcTime": "1670396886",
                                "Details": "C:\\Users\\george\\AppData\\Roaming\\XMDP9O24UT.exe",
                                "RuleName": "T1060,RunPolicy",
                                "TargetObject": "HKLM\\SOFTWARE\\Microsoft\\Windows\\CurrentVersion\\Policies\\Explorer\\run\\05XSIL4VI5X8F"
                            }
                        },
                        {
                            "values": {
                                "EventID": "13",
                                "ProcessId": "2528",
                                "EventType": "SetValue",
                                "Image": "C:\\Users\\george\\Desktop\\software.exe",
                                "RuleName": "T1060,RunPolicy",
                                "UtcTime": "1670396886",
                                "Details": "C:\\Users\\george\\AppData\\Roaming\\XMDP9O24UT.exe",
                                "ProcessGuid": "{C784477D-3BB3-6390-690A-000000004700}",
                                "TargetObject": "HKU\\S-1-5-21-1015118539-3749460369-599379286-1001\\Software\\Microsoft\\Windows\\CurrentVersion\\Policies\\Explorer\\run\\05XSIL4VI5X8F"
                            }
                        },
                        {
                            "values": {
                                "EventID": "13",
                                "ProcessId": "2528",
                                "EventType": "SetValue",
                                "Image": "C:\\Users\\george\\Desktop\\software.exe",
                                "ProcessGuid": "{C784477D-3BB3-6390-690A-000000004700}",
                                "UtcTime": "1670396887",
                                "Details": "C:\\Users\\george\\AppData\\Roaming\\XMDP9O24UT.exe",
                                "RuleName": "T1060,RunKey",
                                "TargetObject": "HKU\\S-1-5-21-1015118539-3749460369-599379286-1001\\Software\\Microsoft\\Windows\\CurrentVersion\\Run\\05XSIL4VI5X8F"
                            }
                        },
                        {
                            "values": {
                                "EventID": "13",
                                "ProcessId": "2528",
                                "EventType": "SetValue",
                                "Image": "C:\\Users\\george\\Desktop\\software.exe",
                                "RuleName": "T1060,RunPolicy",
                                "UtcTime": "1670396887",
                                "Details": "C:\\Users\\george\\AppData\\Roaming\\XMDP9O24UT.exe",
                                "ProcessGuid": "{C784477D-3BB3-6390-690A-000000004700}",
                                "TargetObject": "HKLM\\SOFTWARE\\Microsoft\\Windows\\CurrentVersion\\Policies\\Explorer\\run\\05XSIL4VI5X8F"
                            }
                        },
                        {
                            "values": {
                                "EventID": "13",
                                "ProcessId": "2528",
                                "EventType": "SetValue",
                                "Image": "C:\\Users\\george\\Desktop\\software.exe",
                                "RuleName": "T1060,RunPolicy",
                                "UtcTime": "1670396887",
                                "Details": "C:\\Users\\george\\AppData\\Roaming\\XMDP9O24UT.exe",
                                "ProcessGuid": "{C784477D-3BB3-6390-690A-000000004700}",
                                "TargetObject": "HKU\\S-1-5-21-1015118539-3749460369-599379286-1001\\Software\\Microsoft\\Windows\\CurrentVersion\\Policies\\Explorer\\run\\05XSIL4VI5X8F"
                            }
                        },
                        {
                            "values": {
                                "EventID": "13",
                                "ProcessId": "2528",
                                "EventType": "SetValue",
                                "Image": "C:\\Users\\george\\Desktop\\software.exe",
                                "ProcessGuid": "{C784477D-3BB3-6390-690A-000000004700}",
                                "UtcTime": "1670396888",
                                "Details": "C:\\Users\\george\\AppData\\Roaming\\XMDP9O24UT.exe",
                                "RuleName": "T1060,RunKey",
                                "TargetObject": "HKU\\S-1-5-21-1015118539-3749460369-599379286-1001\\Software\\Microsoft\\Windows\\CurrentVersion\\Run\\05XSIL4VI5X8F"
                            }
                        },
                        {
                            "values": {
                                "EventID": "13",
                                "ProcessId": "2528",
                                "EventType": "SetValue",
                                "Image": "C:\\Users\\george\\Desktop\\software.exe",
                                "ProcessGuid": "{C784477D-3BB3-6390-690A-000000004700}",
                                "UtcTime": "1670396888",
                                "Details": "C:\\Users\\george\\AppData\\Roaming\\XMDP9O24UT.exe",
                                "RuleName": "T1060,RunPolicy",
                                "TargetObject": "HKLM\\SOFTWARE\\Microsoft\\Windows\\CurrentVersion\\Policies\\Explorer\\run\\05XSIL4VI5X8F"
                            }
                        },
                        {
                            "values": {
                                "EventID": "13",
                                "ProcessId": "2528",
                                "EventType": "SetValue",
                                "Image": "C:\\Users\\george\\Desktop\\software.exe",
                                "RuleName": "T1060,RunPolicy",
                                "UtcTime": "1670396888",
                                "Details": "C:\\Users\\george\\AppData\\Roaming\\XMDP9O24UT.exe",
                                "ProcessGuid": "{C784477D-3BB3-6390-690A-000000004700}",
                                "TargetObject": "HKU\\S-1-5-21-1015118539-3749460369-599379286-1001\\Software\\Microsoft\\Windows\\CurrentVersion\\Policies\\Explorer\\run\\05XSIL4VI5X8F"
                            }
                        },
                        {
                            "values": {
                                "EventID": "13",
                                "ProcessId": "2528",
                                "EventType": "SetValue",
                                "Image": "C:\\Users\\george\\Desktop\\software.exe",
                                "RuleName": "T1060,RunKey",
                                "UtcTime": "1670396889",
                                "Details": "C:\\Users\\george\\AppData\\Roaming\\XMDP9O24UT.exe",
                                "ProcessGuid": "{C784477D-3BB3-6390-690A-000000004700}",
                                "TargetObject": "HKU\\S-1-5-21-1015118539-3749460369-599379286-1001\\Software\\Microsoft\\Windows\\CurrentVersion\\Run\\05XSIL4VI5X8F"
                            }
                        },
                        {
                            "values": {
                                "EventID": "13",
                                "ProcessId": "2528",
                                "EventType": "SetValue",
                                "Image": "C:\\Users\\george\\Desktop\\software.exe",
                                "RuleName": "T1060,RunPolicy",
                                "UtcTime": "1670396889",
                                "Details": "C:\\Users\\george\\AppData\\Roaming\\XMDP9O24UT.exe",
                                "ProcessGuid": "{C784477D-3BB3-6390-690A-000000004700}",
                                "TargetObject": "HKLM\\SOFTWARE\\Microsoft\\Windows\\CurrentVersion\\Policies\\Explorer\\run\\05XSIL4VI5X8F"
                            }
                        },
                        {
                            "values": {
                                "EventID": "13",
                                "ProcessId": "2528",
                                "EventType": "SetValue",
                                "Image": "C:\\Users\\george\\Desktop\\software.exe",
                                "RuleName": "T1060,RunPolicy",
                                "UtcTime": "1670396889",
                                "Details": "C:\\Users\\george\\AppData\\Roaming\\XMDP9O24UT.exe",
                                "ProcessGuid": "{C784477D-3BB3-6390-690A-000000004700}",
                                "TargetObject": "HKU\\S-1-5-21-1015118539-3749460369-599379286-1001\\Software\\Microsoft\\Windows\\CurrentVersion\\Policies\\Explorer\\run\\05XSIL4VI5X8F"
                            }
                        },
                        {
                            "values": {
                                "EventID": "13",
                                "ProcessId": "2528",
                                "EventType": "SetValue",
                                "Image": "C:\\Users\\george\\Desktop\\software.exe",
                                "RuleName": "T1060,RunKey",
                                "UtcTime": "1670396890",
                                "Details": "C:\\Users\\george\\AppData\\Roaming\\XMDP9O24UT.exe",
                                "ProcessGuid": "{C784477D-3BB3-6390-690A-000000004700}",
                                "TargetObject": "HKU\\S-1-5-21-1015118539-3749460369-599379286-1001\\Software\\Microsoft\\Windows\\CurrentVersion\\Run\\05XSIL4VI5X8F"
                            }
                        },
                        {
                            "values": {
                                "EventID": "13",
                                "ProcessId": "2528",
                                "EventType": "SetValue",
                                "Image": "C:\\Users\\george\\Desktop\\software.exe",
                                "ProcessGuid": "{C784477D-3BB3-6390-690A-000000004700}",
                                "UtcTime": "1670396890",
                                "Details": "C:\\Users\\george\\AppData\\Roaming\\XMDP9O24UT.exe",
                                "RuleName": "T1060,RunPolicy",
                                "TargetObject": "HKLM\\SOFTWARE\\Microsoft\\Windows\\CurrentVersion\\Policies\\Explorer\\run\\05XSIL4VI5X8F"
                            }
                        },
                        {
                            "values": {
                                "EventID": "13",
                                "ProcessId": "2528",
                                "EventType": "SetValue",
                                "Image": "C:\\Users\\george\\Desktop\\software.exe",
                                "RuleName": "T1060,RunPolicy",
                                "UtcTime": "1670396890",
                                "Details": "C:\\Users\\george\\AppData\\Roaming\\XMDP9O24UT.exe",
                                "ProcessGuid": "{C784477D-3BB3-6390-690A-000000004700}",
                                "TargetObject": "HKU\\S-1-5-21-1015118539-3749460369-599379286-1001\\Software\\Microsoft\\Windows\\CurrentVersion\\Policies\\Explorer\\run\\05XSIL4VI5X8F"
                            }
                        },
                        {
                            "values": {
                                "EventID": "13",
                                "ProcessId": "2528",
                                "EventType": "SetValue",
                                "Image": "C:\\Users\\george\\Desktop\\software.exe",
                                "RuleName": "T1060,RunKey",
                                "UtcTime": "1670396891",
                                "Details": "C:\\Users\\george\\AppData\\Roaming\\XMDP9O24UT.exe",
                                "ProcessGuid": "{C784477D-3BB3-6390-690A-000000004700}",
                                "TargetObject": "HKU\\S-1-5-21-1015118539-3749460369-599379286-1001\\Software\\Microsoft\\Windows\\CurrentVersion\\Run\\05XSIL4VI5X8F"
                            }
                        },
                        {
                            "values": {
                                "EventID": "13",
                                "ProcessId": "2528",
                                "EventType": "SetValue",
                                "Image": "C:\\Users\\george\\Desktop\\software.exe",
                                "RuleName": "T1060,RunPolicy",
                                "UtcTime": "1670396891",
                                "Details": "C:\\Users\\george\\AppData\\Roaming\\XMDP9O24UT.exe",
                                "ProcessGuid": "{C784477D-3BB3-6390-690A-000000004700}",
                                "TargetObject": "HKLM\\SOFTWARE\\Microsoft\\Windows\\CurrentVersion\\Policies\\Explorer\\run\\05XSIL4VI5X8F"
                            }
                        },
                        {
                            "values": {
                                "EventID": "13",
                                "ProcessId": "2528",
                                "EventType": "SetValue",
                                "Image": "C:\\Users\\george\\Desktop\\software.exe",
                                "ProcessGuid": "{C784477D-3BB3-6390-690A-000000004700}",
                                "UtcTime": "1670396891",
                                "Details": "C:\\Users\\george\\AppData\\Roaming\\XMDP9O24UT.exe",
                                "RuleName": "T1060,RunPolicy",
                                "TargetObject": "HKU\\S-1-5-21-1015118539-3749460369-599379286-1001\\Software\\Microsoft\\Windows\\CurrentVersion\\Policies\\Explorer\\run\\05XSIL4VI5X8F"
                            }
                        },
                        {
                            "values": {
                                "EventID": "13",
                                "ProcessId": "2528",
                                "EventType": "SetValue",
                                "Image": "C:\\Users\\george\\Desktop\\software.exe",
                                "ProcessGuid": "{C784477D-3BB3-6390-690A-000000004700}",
                                "UtcTime": "1670396893",
                                "Details": "C:\\Users\\george\\AppData\\Roaming\\XMDP9O24UT.exe",
                                "RuleName": "T1060,RunKey",
                                "TargetObject": "HKU\\S-1-5-21-1015118539-3749460369-599379286-1001\\Software\\Microsoft\\Windows\\CurrentVersion\\Run\\05XSIL4VI5X8F"
                            }
                        },
                        {
                            "values": {
                                "EventID": "13",
                                "ProcessId": "2528",
                                "EventType": "SetValue",
                                "Image": "C:\\Users\\george\\Desktop\\software.exe",
                                "ProcessGuid": "{C784477D-3BB3-6390-690A-000000004700}",
                                "UtcTime": "1670396893",
                                "Details": "C:\\Users\\george\\AppData\\Roaming\\XMDP9O24UT.exe",
                                "RuleName": "T1060,RunPolicy",
                                "TargetObject": "HKLM\\SOFTWARE\\Microsoft\\Windows\\CurrentVersion\\Policies\\Explorer\\run\\05XSIL4VI5X8F"
                            }
                        },
                        {
                            "values": {
                                "EventID": "13",
                                "ProcessId": "2528",
                                "EventType": "SetValue",
                                "Image": "C:\\Users\\george\\Desktop\\software.exe",
                                "ProcessGuid": "{C784477D-3BB3-6390-690A-000000004700}",
                                "UtcTime": "1670396893",
                                "Details": "C:\\Users\\george\\AppData\\Roaming\\XMDP9O24UT.exe",
                                "RuleName": "T1060,RunPolicy",
                                "TargetObject": "HKU\\S-1-5-21-1015118539-3749460369-599379286-1001\\Software\\Microsoft\\Windows\\CurrentVersion\\Policies\\Explorer\\run\\05XSIL4VI5X8F"
                            }
                        },
                        {
                            "values": {
                                "EventID": "13",
                                "ProcessId": "2528",
                                "EventType": "SetValue",
                                "Image": "C:\\Users\\george\\Desktop\\software.exe",
                                "ProcessGuid": "{C784477D-3BB3-6390-690A-000000004700}",
                                "UtcTime": "1670396894",
                                "Details": "C:\\Users\\george\\AppData\\Roaming\\XMDP9O24UT.exe",
                                "RuleName": "T1060,RunKey",
                                "TargetObject": "HKU\\S-1-5-21-1015118539-3749460369-599379286-1001\\Software\\Microsoft\\Windows\\CurrentVersion\\Run\\05XSIL4VI5X8F"
                            }
                        },
                        {
                            "values": {
                                "EventID": "13",
                                "ProcessId": "2528",
                                "EventType": "SetValue",
                                "Image": "C:\\Users\\george\\Desktop\\software.exe",
                                "ProcessGuid": "{C784477D-3BB3-6390-690A-000000004700}",
                                "UtcTime": "1670396894",
                                "Details": "C:\\Users\\george\\AppData\\Roaming\\XMDP9O24UT.exe",
                                "RuleName": "T1060,RunPolicy",
                                "TargetObject": "HKLM\\SOFTWARE\\Microsoft\\Windows\\CurrentVersion\\Policies\\Explorer\\run\\05XSIL4VI5X8F"
                            }
                        },
                        {
                            "values": {
                                "EventID": "13",
                                "ProcessId": "2528",
                                "EventType": "SetValue",
                                "Image": "C:\\Users\\george\\Desktop\\software.exe",
                                "RuleName": "T1060,RunPolicy",
                                "UtcTime": "1670396894",
                                "Details": "C:\\Users\\george\\AppData\\Roaming\\XMDP9O24UT.exe",
                                "ProcessGuid": "{C784477D-3BB3-6390-690A-000000004700}",
                                "TargetObject": "HKU\\S-1-5-21-1015118539-3749460369-599379286-1001\\Software\\Microsoft\\Windows\\CurrentVersion\\Policies\\Explorer\\run\\05XSIL4VI5X8F"
                            }
                        },
                        {
                            "values": {
                                "EventID": "13",
                                "ProcessId": "2528",
                                "EventType": "SetValue",
                                "Image": "C:\\Users\\george\\Desktop\\software.exe",
                                "ProcessGuid": "{C784477D-3BB3-6390-690A-000000004700}",
                                "UtcTime": "1670396895",
                                "Details": "C:\\Users\\george\\AppData\\Roaming\\XMDP9O24UT.exe",
                                "RuleName": "T1060,RunKey",
                                "TargetObject": "HKU\\S-1-5-21-1015118539-3749460369-599379286-1001\\Software\\Microsoft\\Windows\\CurrentVersion\\Run\\05XSIL4VI5X8F"
                            }
                        }
                    ],
                    "rule_level": "medium",
                    "rule_description": "Detects modification of autostart extensibility point (ASEP) in registry.",
                    "rule_source": "Sigma Integrated Rule Set (GitHub)",
                    "rule_title": "CurrentVersion Autorun Keys Modification",
                    "rule_id": "8b5db9da5732dc549b0e8b56fe5933d7c95ed760f3ac20568ab95347ef8c5bcc",
                    "rule_author": "Victor Sergeev, Daniil Yugoslavskiy, Gleb Sukhodolskiy, Timur Zinniatullin, oscd.community, Tim Shelton, frack113 (split)"
                }
            ],
            "pe_info": {
                "timestamp": 1301917029,
                "imphash": "3243b13e562279ab7fbe2f31e45d3a95",
                "machine_type": 332,
                "entry_point": 1321952,
                "resource_details": [
                    {
                        "lang": "ENGLISH US",
                        "chi2": 47435.05,
                        "filetype": "unknown",
                        "entropy": 3.245802640914917,
                        "sha256": "a1dc32919dce3dc417b3b297b9a17ae1e10eda2537477993b0a882b177af94f6",
                        "type": "RT_VERSION"
                    }
                ],
                "resource_langs": {
                    "ENGLISH US": 1
                },
                "resource_types": {
                    "RT_VERSION": 1
                },
                "sections": [
                    {
                        "name": "UPX0",
                        "chi2": -1.0,
                        "virtual_address": 4096,
                        "entropy": 0.0,
                        "raw_size": 0,
                        "flags": "rwx",
                        "virtual_size": 1277952,
                        "md5": "d41d8cd98f00b204e9800998ecf8427e"
                    },
                    {
                        "name": "UPX1",
                        "chi2": 10968.73,
                        "virtual_address": 1282048,
                        "entropy": 7.84,
                        "raw_size": 40448,
                        "flags": "rwx",
                        "virtual_size": 40960,
                        "md5": "3017ff1245f4e8db4a99d95754038fe9"
                    },
                    {
                        "name": ".rsrc",
                        "chi2": 98269.0,
                        "virtual_address": 1323008,
                        "entropy": 3.17,
                        "raw_size": 1024,
                        "flags": "rw",
                        "virtual_size": 4096,
                        "md5": "7c3abb007945e4d22a130ddbaba2a3c1"
                    }
                ],
                "compiler_product_versions": [
                    "id: 0xd, version: 8169 count=1"
                ],
                "rich_pe_header_hash": "9fd14c40d4dca5e21aa54c626075766f",
                "import_list": [
                    {
                        "library_name": "KERNEL32.DLL",
                        "imported_functions": [
                            "ExitProcess",
                            "GetProcAddress",
                            "LoadLibraryA",
                            "VirtualAlloc",
                            "VirtualFree",
                            "VirtualProtect"
                        ]
                    },
                    {
                        "library_name": "MSVBVM60.DLL",
                        "imported_functions": [
                            "Ord(581)"
                        ]
                    }
                ]
            },
            "type_description": "Win32 EXE",
            "type_tags": [
                "executable",
                "windows",
                "win32",
                "pe",
                "peexe"
            ]
        }
    }
}