{
    "data": {
        "id": "5fb1a15a0bd9e76b50de58467f5648ed2daabb9abffbcd0c873fc1b8d152e1c8",
        "type": "file",
        "links": {
            "self": "https://www.virustotal.com/api/v3/files/5fb1a15a0bd9e76b50de58467f5648ed2daabb9abffbcd0c873fc1b8d152e1c8"
        },
        "attributes": {
            "bytehero_info": "Trojan.Malware.Obscu.Gen.002",
            "sandbox_verdicts": {
                "Zenbox": {
                    "category": "malicious",
                    "confidence": 100,
                    "sandbox_name": "Zenbox",
                    "malware_classification": [
                        "MALWARE",
                        "TROJAN",
                        "EVADER"
                    ],
                    "malware_names": [
                        "Darkbot"
                    ]
                }
            },
            "first_submission_date": 1370672325,
            "magic": "PE32 executable (GUI) Intel 80386, for MS Windows",
            "filecondis": {
                "dhash": "00203c1a1d301000",
                "raw_md5": "8eccc083fe1ca6a3332f62f5af1b84d6"
            },
            "type_description": "Win32 EXE",
            "last_analysis_date": 1743459812,
            "meaningful_name": "Cdkpsofltr.exe",
            "type_tag": "peexe",
            "last_modification_date": 1746405940,
            "reputation": 0,
            "pe_info": {
                "timestamp": 1305699731,
                "imphash": "b8ed5f58274bef4e7c0b734ee5cb469f",
                "machine_type": 332,
                "entry_point": 63746,
                "resource_details": [
                    {
                        "lang": "SPANISH MODERN",
                        "chi2": 16829.36,
                        "filetype": "unknown",
                        "entropy": 3.168437957763672,
                        "sha256": "3230001272668e74b2e66464453cb700e34d424a0901af3549be785d1892ff43",
                        "type": "RT_DIALOG"
                    },
                    {
                        "lang": "SPANISH MODERN",
                        "chi2": 67871.2,
                        "filetype": "unknown",
                        "entropy": 3.49402117729187,
                        "sha256": "d09449a050f2c9c0fcb5d3905910828ac6046deec03dea897df405d9a6eb4ada",
                        "type": "RT_VERSION"
                    }
                ],
                "resource_langs": {
                    "SPANISH MODERN": 2
                },
                "resource_types": {
                    "RT_DIALOG": 1,
                    "RT_VERSION": 1
                },
                "sections": [
                    {
                        "name": ".text",
                        "chi2": 90075.38,
                        "virtual_address": 4096,
                        "entropy": 7.62,
                        "raw_size": 69120,
                        "flags": "rwx",
                        "virtual_size": 69103,
                        "md5": "ca3ae60c6ad960cbbadbbcf8962529e7"
                    },
                    {
                        "name": ".rdata",
                        "chi2": 69309.92,
                        "virtual_address": 73728,
                        "entropy": 5.06,
                        "raw_size": 3584,
                        "flags": "rw",
                        "virtual_size": 3482,
                        "md5": "2ce83c46927e1b32a795405ebcf94e15"
                    },
                    {
                        "name": ".data",
                        "chi2": 168280.98,
                        "virtual_address": 77824,
                        "entropy": 7.53,
                        "raw_size": 46592,
                        "flags": "rw",
                        "virtual_size": 54502,
                        "md5": "09d59f393e1b2be9ae9f7454db248ef2"
                    },
                    {
                        "name": ".data",
                        "chi2": 433.0,
                        "virtual_address": 135168,
                        "entropy": 7.51,
                        "raw_size": 512,
                        "flags": "rw",
                        "virtual_size": 492,
                        "md5": "2360c826ce799b1230898976db5cce27"
                    },
                    {
                        "name": ".rsrc",
                        "chi2": 182796.45,
                        "virtual_address": 139264,
                        "entropy": 2.79,
                        "raw_size": 1536,
                        "flags": "rwx",
                        "virtual_size": 73728,
                        "md5": "b6e9f53d2ec9467986bfa9810eecf28b"
                    }
                ],
                "compiler_product_versions": [
                    "[C++] VS98 (6.0) SP6 build 8804 count=7",
                    "id: 0xa, version: 8799 count=52",
                    "id: 0x5f, version: 3343 count=27",
                    "id: 0x4, version: 8047 count=30"
                ],
                "rich_pe_header_hash": "484009c08d91132b98f19bb6cbf3b387",
                "import_list": [
                    {
                        "library_name": "KERNEL32.dll",
                        "imported_functions": [
                            "_lopen",
                            "CloseHandle",
                            "CreateEventW",
                            "CreateSemaphoreW",
                            "DebugBreak",
                            "EnumSystemLanguageGroupsW",
                            "FatalAppExitA",
                            "FatalExit",
                            "FindFirstFileW",
                            "FindResourceExA",
                            "FindResourceExW",
                            "FindVolumeMountPointClose",
                            "FoldStringA",
                            "FreeEnvironmentStringsW",
                            "GetDefaultCommConfigW",
                            "GetDiskFreeSpaceW",
                            "GetFileAttributesW",
                            "GetProcessWorkingSetSize",
                            "GetStdHandle",
                            "GetSystemInfo",
                            "GetThreadSelectorEntry",
                            "GetUserDefaultLCID",
                            "GlobalWire",
                            "IsValidLocale",
                            "LocalUnlock",
                            "lstrlenA",
                            "OpenSemaphoreW",
                            "OpenWaitableTimerW",
                            "PostQueuedCompletionStatus",
                            "ProcessIdToSessionId",
                            "SetProcessWorkingSetSize",
                            "SetSystemPowerState",
                            "UpdateResourceA",
                            "WaitForMultipleObjects",
                            "WritePrivateProfileSectionA"
                        ]
                    },
                    {
                        "library_name": "SHELL32.dll",
                        "imported_functions": [
                            "DragQueryPoint",
                            "RealShellExecuteExA",
                            "SHLoadNonloadedIconOverlayIdentifiers",
                            "SHPathPrepareForWriteW",
                            "SHQueryRecycleBinW"
                        ]
                    },
                    {
                        "library_name": "USER32.dll",
                        "imported_functions": [
                            "AnimateWindow",
                            "BeginDeferWindowPos",
                            "BroadcastSystemMessageA",
                            "CallNextHookEx",
                            "CascadeChildWindows",
                            "ChangeMenuA",
                            "CharLowerW",
                            "CheckDlgButton",
                            "ChildWindowFromPointEx",
                            "CloseWindow",
                            "CreateAcceleratorTableW",
                            "CreateIconFromResource",
                            "CreateIconFromResourceEx",
                            "DdeAbandonTransaction",
                            "DdeFreeStringHandle",
                            "DdeInitializeW",
                            "DdeReconnect",
                            "DefFrameProcW",
                            "DeleteMenu",
                            "DestroyCursor",
                            "DestroyWindow",
                            "DialogBoxParamA",
                            "DragObject",
                            "DrawCaption",
                            "EmptyClipboard",
                            "EnableMenuItem",
                            "EnumDesktopWindows",
                            "EnumDisplayMonitors",
                            "EnumPropsA",
                            "ExcludeUpdateRgn",
                            "FlashWindowEx",
                            "GetAltTabInfoW",
                            "GetClassInfoExW",
                            "GetClassNameW",
                            "GetClassWord",
                            "GetClientRect",
                            "GetCursorInfo",
                            "GetGuiResources",
                            "GetGUIThreadInfo",
                            "GetNextDlgTabItem",
                            "GetParent",
                            "GetProcessDefaultLayout",
                            "GetPropA",
                            "GetPropW",
                            "GetShellWindow",
                            "GetSysColor",
                            "GetSystemMetrics",
                            "GetWindow",
                            "HideCaret",
                            "IMPGetIMEA",
                            "IMPQueryIMEA",
                            "InsertMenuW",
                            "InvertRect",
                            "IsCharAlphaNumericA",
                            "IsCharLowerW",
                            "IsChild",
                            "IsDialogMessageA",
                            "IsRectEmpty",
                            "IsZoomed",
                            "LoadMenuA",
                            "LockWindowUpdate",
                            "MessageBoxExW",
                            "MessageBoxIndirectA",
                            "OffsetRect",
                            "OpenInputDesktop",
                            "RegisterDeviceNotificationW",
                            "RegisterWindowMessageW",
                            "RemoveMenu",
                            "ScreenToClient",
                            "SendDlgItemMessageW",
                            "SendMessageTimeoutW",
                            "SendNotifyMessageW",
                            "SetDlgItemTextA",
                            "SetMenuItemBitmaps",
                            "SetMessageExtraInfo",
                            "SetParent",
                            "SetPropA",
                            "SetRectEmpty",
                            "SetSystemCursor",
                            "SetWindowsHookW",
                            "ShowScrollBar",
                            "ToUnicode",
                            "TranslateMDISysAccel",
                            "WindowFromDC",
                            "WinHelpA"
                        ]
                    }
                ]
            },
            "type_tags": [
                "executable",
                "windows",
                "win32",
                "pe",
                "peexe"
            ],
            "size": 122368,
            "sigma_analysis_summary": {
                "Sigma Integrated Rule Set (GitHub)": {
                    "high": 2,
                    "medium": 3,
                    "critical": 0,
                    "low": 1
                }
            },
            "popular_threat_classification": {
                "popular_threat_category": [
                    {
                        "count": 19,
                        "value": "trojan"
                    },
                    {
                        "count": 7,
                        "value": "ransomware"
                    },
                    {
                        "count": 2,
                        "value": "worm"
                    }
                ],
                "suggested_threat_label": "trojan.blocker/zygug",
                "popular_threat_name": [
                    {
                        "count": 10,
                        "value": "blocker"
                    },
                    {
                        "count": 7,
                        "value": "zygug"
                    },
                    {
                        "count": 4,
                        "value": "dorkbot"
                    }
                ]
            },
            "tlsh": "T102C3CF0376AB06D6C649C6B62AF3F183C78CDB4E2313BBD6554841C7E5E8C954B8F289",
            "last_analysis_stats": {
                "malicious": 64,
                "suspicious": 0,
                "undetected": 9,
                "harmless": 0,
                "timeout": 0,
                "confirmed-timeout": 0,
                "failure": 0,
                "type-unsupported": 4
            },
            "sigma_analysis_results": [
                {
                    "match_context": [
                        {
                            "values": {
                                "TerminalSessionId": "1",
                                "ProcessGuid": "{C784477D-A620-6473-3F06-000000004400}",
                                "ProcessId": "7988",
                                "Product": "Microsoft\\xae Windows\\xae Operating System",
                                "Description": "Host Process for Windows Services",
                                "Company": "Microsoft Corporation",
                                "ParentProcessGuid": "{C784477D-A620-6473-3E06-000000004400}",
                                "User": "DESKTOP-B0T93D6\\george",
                                "Hashes": "MD5=D2CBFEB7C4619A898890FEB4C4514AA9,SHA256=59F4D42056BC43960C2B052FA9D615AD6E654C8AA1DFE3703342375523BA8EA5,IMPHASH=41721E0F933696D50AB32D544D64DCD3",
                                "OriginalFileName": "svchost.exe",
                                "ParentImage": "C:\\Users\\george\\Desktop\\Cdkpsofltr.exe",
                                "FileVersion": "10.0.17134.1276 (WinBuild.160101.0800)",
                                "ParentProcessId": "7608",
                                "CurrentDirectory": "C:\\Users\\george\\Desktop\\",
                                "CommandLine": "\"C:\\Windows\\system32\\svchost.exe\"",
                                "EventID": "1",
                                "LogonGuid": "C784477D-D06D-646D-C428-040000000000",
                                "LogonId": "272580",
                                "Image": "C:\\Windows\\SysWOW64\\svchost.exe",
                                "IntegrityLevel": "High",
                                "ParentCommandLine": "\"C:\\Users\\george\\Desktop\\Cdkpsofltr.exe\"",
                                "UtcTime": "1685300768",
                                "RuleName": "-"
                            }
                        },
                        {
                            "values": {
                                "TerminalSessionId": "1",
                                "ProcessGuid": "{C784477D-C1BF-6474-4E06-000000004400}",
                                "ProcessId": "3380",
                                "Product": "Microsoft\\xae Windows\\xae Operating System",
                                "Description": "Host Process for Windows Services",
                                "Company": "Microsoft Corporation",
                                "ParentProcessGuid": "{C784477D-C1BE-6474-4D06-000000004400}",
                                "User": "DESKTOP-B0T93D6\\george",
                                "Hashes": "MD5=D2CBFEB7C4619A898890FEB4C4514AA9,SHA256=59F4D42056BC43960C2B052FA9D615AD6E654C8AA1DFE3703342375523BA8EA5,IMPHASH=41721E0F933696D50AB32D544D64DCD3",
                                "OriginalFileName": "svchost.exe",
                                "ParentImage": "C:\\Users\\george\\AppData\\Roaming\\ScreenSaverPro.scr",
                                "FileVersion": "10.0.17134.1276 (WinBuild.160101.0800)",
                                "ParentProcessId": "5504",
                                "CurrentDirectory": "C:\\Users\\george\\AppData\\Roaming\\",
                                "CommandLine": "\"C:\\Windows\\system32\\svchost.exe\"",
                                "EventID": "1",
                                "LogonGuid": "C784477D-D06D-646D-FB28-040000000000",
                                "LogonId": "272635",
                                "Image": "C:\\Windows\\SysWOW64\\svchost.exe",
                                "IntegrityLevel": "Medium",
                                "ParentCommandLine": "\"C:\\Users\\george\\AppData\\Roaming\\ScreenSaverPro.scr\" /S",
                                "UtcTime": "1685373375",
                                "RuleName": "-"
                            }
                        },
                        {
                            "values": {
                                "TerminalSessionId": "1",
                                "ProcessGuid": "{C784477D-C1C7-6474-5406-000000004400}",
                                "ProcessId": "5488",
                                "Product": "Microsoft\\xae Windows\\xae Operating System",
                                "Description": "Host Process for Windows Services",
                                "Company": "Microsoft Corporation",
                                "ParentProcessGuid": "{C784477D-C1C7-6474-5306-000000004400}",
                                "User": "DESKTOP-B0T93D6\\george",
                                "Hashes": "MD5=D2CBFEB7C4619A898890FEB4C4514AA9,SHA256=59F4D42056BC43960C2B052FA9D615AD6E654C8AA1DFE3703342375523BA8EA5,IMPHASH=41721E0F933696D50AB32D544D64DCD3",
                                "OriginalFileName": "svchost.exe",
                                "ParentImage": "C:\\Users\\george\\AppData\\Roaming\\ScreenSaverPro.scr",
                                "FileVersion": "10.0.17134.1276 (WinBuild.160101.0800)",
                                "ParentProcessId": "7544",
                                "CurrentDirectory": "C:\\Users\\george\\AppData\\Roaming\\",
                                "CommandLine": "\"C:\\Windows\\system32\\svchost.exe\"",
                                "EventID": "1",
                                "LogonGuid": "C784477D-D06D-646D-FB28-040000000000",
                                "LogonId": "272635",
                                "Image": "C:\\Windows\\SysWOW64\\svchost.exe",
                                "IntegrityLevel": "Medium",
                                "ParentCommandLine": "\"C:\\Users\\george\\AppData\\Roaming\\ScreenSaverPro.scr\" /S",
                                "UtcTime": "1685373383",
                                "RuleName": "-"
                            }
                        },
                        {
                            "values": {
                                "TerminalSessionId": "1",
                                "ProcessGuid": "{C784477D-C1D4-6474-5706-000000004400}",
                                "ProcessId": "8136",
                                "Product": "Microsoft\\xae Windows\\xae Operating System",
                                "Description": "Host Process for Windows Services",
                                "Company": "Microsoft Corporation",
                                "ParentProcessGuid": "{C784477D-C1D4-6474-5606-000000004400}",
                                "User": "DESKTOP-B0T93D6\\george",
                                "Hashes": "MD5=D2CBFEB7C4619A898890FEB4C4514AA9,SHA256=59F4D42056BC43960C2B052FA9D615AD6E654C8AA1DFE3703342375523BA8EA5,IMPHASH=41721E0F933696D50AB32D544D64DCD3",
                                "OriginalFileName": "svchost.exe",
                                "ParentImage": "C:\\Users\\george\\AppData\\Roaming\\Microsoft\\Ofayam.exe",
                                "FileVersion": "10.0.17134.1276 (WinBuild.160101.0800)",
                                "ParentProcessId": "7272",
                                "CurrentDirectory": "C:\\Users\\george\\AppData\\Roaming\\Microsoft\\",
                                "CommandLine": "\"C:\\Windows\\system32\\svchost.exe\"",
                                "EventID": "1",
                                "LogonGuid": "C784477D-D06D-646D-FB28-040000000000",
                                "LogonId": "272635",
                                "Image": "C:\\Windows\\SysWOW64\\svchost.exe",
                                "IntegrityLevel": "Medium",
                                "ParentCommandLine": "\"C:\\Users\\george\\AppData\\Roaming\\Microsoft\\Ofayam.exe\" ",
                                "UtcTime": "1685373396",
                                "RuleName": "-"
                            }
                        },
                        {
                            "values": {
                                "TerminalSessionId": "1",
                                "ProcessGuid": "{C784477D-C1DC-6474-5A06-000000004400}",
                                "ProcessId": "7692",
                                "Product": "Microsoft\\xae Windows\\xae Operating System",
                                "Description": "Host Process for Windows Services",
                                "Company": "Microsoft Corporation",
                                "ParentProcessGuid": "{C784477D-C1DC-6474-5906-000000004400}",
                                "User": "DESKTOP-B0T93D6\\george",
                                "Hashes": "MD5=D2CBFEB7C4619A898890FEB4C4514AA9,SHA256=59F4D42056BC43960C2B052FA9D615AD6E654C8AA1DFE3703342375523BA8EA5,IMPHASH=41721E0F933696D50AB32D544D64DCD3",
                                "OriginalFileName": "svchost.exe",
                                "ParentImage": "C:\\Users\\george\\AppData\\Roaming\\Microsoft\\Ofayam.exe",
                                "FileVersion": "10.0.17134.1276 (WinBuild.160101.0800)",
                                "ParentProcessId": "7348",
                                "CurrentDirectory": "C:\\Users\\george\\AppData\\Roaming\\Microsoft\\",
                                "CommandLine": "\"C:\\Windows\\system32\\svchost.exe\"",
                                "EventID": "1",
                                "LogonGuid": "C784477D-D06D-646D-FB28-040000000000",
                                "LogonId": "272635",
                                "Image": "C:\\Windows\\SysWOW64\\svchost.exe",
                                "IntegrityLevel": "Medium",
                                "ParentCommandLine": "\"C:\\Users\\george\\AppData\\Roaming\\Microsoft\\Ofayam.exe\" ",
                                "UtcTime": "1685373404",
                                "RuleName": "-"
                            }
                        }
                    ],
                    "rule_level": "high",
                    "rule_description": "Detects a suspicious svchost process start",
                    "rule_source": "Sigma Integrated Rule Set (GitHub)",
                    "rule_title": "Suspicious Svchost Process",
                    "rule_id": "a0daa529834b3c5230b4524da005a6b6503e7cb061e298a8f74e0dc1fee0a008",
                    "rule_author": "Florian Roth (Nextron Systems)"
                },
                {
                    "match_context": [
                        {
                            "values": {
                                "EventID": "8",
                                "TargetImage": "C:\\Windows\\SysWOW64\\mspaint.exe",
                                "TargetProcessGuid": "{C784477D-A621-6473-4106-000000004400}",
                                "NewThreadId": "7868",
                                "StartModule": "-",
                                "SourceProcessId": "7964",
                                "StartFunction": "-",
                                "UtcTime": "1685373382",
                                "SourceImage": "C:\\Users\\george\\Desktop\\Cdkpsofltr.exe",
                                "TargetProcessId": "564",
                                "RuleName": "-",
                                "SourceProcessGuid": "{C784477D-A620-6473-4006-000000004400}",
                                "StartAddress": "105077840"
                            }
                        }
                    ],
                    "rule_level": "high",
                    "rule_description": "Detects uncommon target processes for remote thread creation",
                    "rule_source": "Sigma Integrated Rule Set (GitHub)",
                    "rule_title": "Remote Thread Creation In Uncommon Target Image",
                    "rule_id": "ea7ec9e92c165a4cef023fd658ef72279f03378ab53f4481eb973ecb2171b193",
                    "rule_author": "Florian Roth (Nextron Systems)"
                },
                {
                    "match_context": [
                        {
                            "values": {
                                "EventID": "11",
                                "ProcessId": "7608",
                                "TargetFilename": "C:\\Users\\george\\AppData\\Roaming\\ScreenSaverPro.scr",
                                "ProcessGuid": "{C784477D-A620-6473-3E06-000000004400}",
                                "CreationUtcTime": "1685300768",
                                "UtcTime": "1685300768",
                                "RuleName": "-",
                                "Image": "C:\\Users\\george\\Desktop\\Cdkpsofltr.exe"
                            }
                        },
                        {
                            "values": {
                                "EventID": "11",
                                "ProcessId": "7272",
                                "TargetFilename": "C:\\Users\\george\\AppData\\Roaming\\ScreenSaverPro.scr",
                                "ProcessGuid": "{C784477D-C1D4-6474-5606-000000004400}",
                                "CreationUtcTime": "1685300768",
                                "UtcTime": "1685373396",
                                "RuleName": "-",
                                "Image": "C:\\Users\\george\\AppData\\Roaming\\Microsoft\\Ofayam.exe"
                            }
                        },
                        {
                            "values": {
                                "EventID": "11",
                                "ProcessId": "7348",
                                "TargetFilename": "C:\\Users\\george\\AppData\\Roaming\\ScreenSaverPro.scr",
                                "ProcessGuid": "{C784477D-C1DC-6474-5906-000000004400}",
                                "CreationUtcTime": "1685300768",
                                "UtcTime": "1685373404",
                                "RuleName": "-",
                                "Image": "C:\\Users\\george\\AppData\\Roaming\\Microsoft\\Ofayam.exe"
                            }
                        }
                    ],
                    "rule_level": "medium",
                    "rule_description": "Detects the creation of screensaver files (.scr) outside of system folders. Attackers may execute an application as an \".SCR\" file using \"rundll32.exe desk.cpl,InstallScreenSaver\" for example.",
                    "rule_source": "Sigma Integrated Rule Set (GitHub)",
                    "rule_title": "SCR File Write Event",
                    "rule_id": "7a463b569de43655b8e8cf5b970001d720c38abf81bce54ba71ad19765b096e7",
                    "rule_author": "Christopher Peacock @securepeacock, SCYTHE @scythe_io"
                },
                {
                    "match_context": [
                        {
                            "values": {
                                "EventID": "13",
                                "ProcessId": "7608",
                                "EventType": "SetValue",
                                "Image": "C:\\Users\\george\\Desktop\\Cdkpsofltr.exe",
                                "ProcessGuid": "{C784477D-A620-6473-3E06-000000004400}",
                                "UtcTime": "1685300768",
                                "Details": "C:\\Users\\george\\AppData\\Roaming\\ScreenSaverPro.scr",
                                "RuleName": "T1060,RunKey",
                                "TargetObject": "HKU\\S-1-5-21-1015118539-3749460369-599379286-1001\\Software\\Microsoft\\Windows\\CurrentVersion\\Run\\Screen Saver Pro 3.1"
                            }
                        },
                        {
                            "values": {
                                "EventID": "13",
                                "ProcessId": "5504",
                                "EventType": "SetValue",
                                "Image": "C:\\Users\\george\\AppData\\Roaming\\ScreenSaverPro.scr",
                                "ProcessGuid": "{C784477D-C1BE-6474-4D06-000000004400}",
                                "UtcTime": "1685373375",
                                "Details": "C:\\Users\\george\\AppData\\Roaming\\ScreenSaverPro.scr",
                                "RuleName": "T1060,RunKey",
                                "TargetObject": "HKU\\S-1-5-21-1015118539-3749460369-599379286-1001\\Software\\Microsoft\\Windows\\CurrentVersion\\Run\\Screen Saver Pro 3.1"
                            }
                        },
                        {
                            "values": {
                                "EventID": "13",
                                "ProcessId": "564",
                                "EventType": "SetValue",
                                "Image": "C:\\Windows\\SysWOW64\\mspaint.exe",
                                "ProcessGuid": "{C784477D-A621-6473-4106-000000004400}",
                                "UtcTime": "1685373383",
                                "Details": "C:\\Users\\george\\AppData\\Roaming\\Microsoft\\Ofayam.exe",
                                "RuleName": "T1060,RunKey",
                                "TargetObject": "HKU\\S-1-5-21-1015118539-3749460369-599379286-1001\\Software\\Microsoft\\Windows\\CurrentVersion\\Run\\Ofayam"
                            }
                        },
                        {
                            "values": {
                                "EventID": "13",
                                "ProcessId": "7544",
                                "EventType": "SetValue",
                                "Image": "C:\\Users\\george\\AppData\\Roaming\\ScreenSaverPro.scr",
                                "RuleName": "T1060,RunKey",
                                "UtcTime": "1685373383",
                                "Details": "C:\\Users\\george\\AppData\\Roaming\\ScreenSaverPro.scr",
                                "ProcessGuid": "{C784477D-C1C7-6474-5306-000000004400}",
                                "TargetObject": "HKU\\S-1-5-21-1015118539-3749460369-599379286-1001\\Software\\Microsoft\\Windows\\CurrentVersion\\Run\\Screen Saver Pro 3.1"
                            }
                        },
                        {
                            "values": {
                                "EventID": "13",
                                "ProcessId": "564",
                                "EventType": "SetValue",
                                "Image": "C:\\Windows\\SysWOW64\\mspaint.exe",
                                "ProcessGuid": "{C784477D-A621-6473-4106-000000004400}",
                                "UtcTime": "1685373384",
                                "Details": "C:\\Users\\george\\AppData\\Roaming\\Microsoft\\Ofayam.exe",
                                "RuleName": "T1060,RunKey",
                                "TargetObject": "HKU\\S-1-5-21-1015118539-3749460369-599379286-1001\\Software\\Microsoft\\Windows\\CurrentVersion\\Run\\Ofayam"
                            }
                        },
                        {
                            "values": {
                                "EventID": "13",
                                "ProcessId": "7272",
                                "EventType": "SetValue",
                                "Image": "C:\\Users\\george\\AppData\\Roaming\\Microsoft\\Ofayam.exe",
                                "RuleName": "T1060,RunKey",
                                "UtcTime": "1685373396",
                                "Details": "C:\\Users\\george\\AppData\\Roaming\\ScreenSaverPro.scr",
                                "ProcessGuid": "{C784477D-C1D4-6474-5606-000000004400}",
                                "TargetObject": "HKU\\S-1-5-21-1015118539-3749460369-599379286-1001\\Software\\Microsoft\\Windows\\CurrentVersion\\Run\\Screen Saver Pro 3.1"
                            }
                        },
                        {
                            "values": {
                                "EventID": "13",
                                "ProcessId": "7348",
                                "EventType": "SetValue",
                                "Image": "C:\\Users\\george\\AppData\\Roaming\\Microsoft\\Ofayam.exe",
                                "ProcessGuid": "{C784477D-C1DC-6474-5906-000000004400}",
                                "UtcTime": "1685373404",
                                "Details": "C:\\Users\\george\\AppData\\Roaming\\ScreenSaverPro.scr",
                                "RuleName": "T1060,RunKey",
                                "TargetObject": "HKU\\S-1-5-21-1015118539-3749460369-599379286-1001\\Software\\Microsoft\\Windows\\CurrentVersion\\Run\\Screen Saver Pro 3.1"
                            }
                        }
                    ],
                    "rule_level": "medium",
                    "rule_description": "Detects modification of autostart extensibility point (ASEP) in registry.",
                    "rule_source": "Sigma Integrated Rule Set (GitHub)",
                    "rule_title": "CurrentVersion Autorun Keys Modification",
                    "rule_id": "8b5db9da5732dc549b0e8b56fe5933d7c95ed760f3ac20568ab95347ef8c5bcc",
                    "rule_author": "Victor Sergeev, Daniil Yugoslavskiy, Gleb Sukhodolskiy, Timur Zinniatullin, oscd.community, Tim Shelton, frack113 (split)"
                },
                {
                    "match_context": [
                        {
                            "values": {
                                "EventID": "11",
                                "ProcessId": "7608",
                                "Image": "C:\\Users\\george\\Desktop\\Cdkpsofltr.exe",
                                "RuleName": "-",
                                "CreationUtcTime": "1685300768",
                                "UtcTime": "1685300768",
                                "ProcessGuid": "{C784477D-A620-6473-3E06-000000004400}",
                                "TargetFilename": "C:\\Users\\george\\AppData\\Roaming\\ScreenSaverPro.scr"
                            }
                        },
                        {
                            "values": {
                                "EventID": "11",
                                "ProcessId": "7272",
                                "TargetFilename": "C:\\Users\\george\\AppData\\Roaming\\ScreenSaverPro.scr",
                                "ProcessGuid": "{C784477D-C1D4-6474-5606-000000004400}",
                                "CreationUtcTime": "1685300768",
                                "UtcTime": "1685373396",
                                "RuleName": "-",
                                "Image": "C:\\Users\\george\\AppData\\Roaming\\Microsoft\\Ofayam.exe"
                            }
                        },
                        {
                            "values": {
                                "EventID": "11",
                                "ProcessId": "7348",
                                "Image": "C:\\Users\\george\\AppData\\Roaming\\Microsoft\\Ofayam.exe",
                                "ProcessGuid": "{C784477D-C1DC-6474-5906-000000004400}",
                                "CreationUtcTime": "1685300768",
                                "UtcTime": "1685373404",
                                "RuleName": "-",
                                "TargetFilename": "C:\\Users\\george\\AppData\\Roaming\\ScreenSaverPro.scr"
                            }
                        }
                    ],
                    "rule_level": "medium",
                    "rule_description": "Adversaries may establish persistence by executing malicious content triggered by user inactivity.\nScreensavers are programs that execute after a configurable time of user inactivity and consist of Portable Executable (PE) files with a .scr file extension\n",
                    "rule_source": "Sigma Integrated Rule Set (GitHub)",
                    "rule_title": "Suspicious Screensaver Binary File Creation",
                    "rule_id": "ad081ff821748a3cd86b5954ef5c3d7d2a6602fe0b6e50ed47938b98bc184122",
                    "rule_author": "frack113"
                },
