                        {
                            "values": {
                                "TerminalSessionId": "1",
                                "ProcessGuid": "{C784477D-660E-638F-BC06-000000004100}",
                                "ProcessId": "8156",
                                "Product": "Microsoft\\xae Windows\\xae Operating System",
                                "Description": "Terminates Processes",
                                "Company": "Microsoft Corporation",
                                "ParentProcessGuid": "{C784477D-65FB-638F-0306-000000004100}",
                                "User": "DESKTOP-B0T93D6\\george",
                                "Hashes": "MD5=15E2E0ACD891510C6268CB8899F2A1A1,SHA256=F328D587561BEED3C19289FBA43E284FB57BCE1A4C202C7379673964F9B8610D,IMPHASH=0D3E23DCB6BF63A9EB90D5BED57B4F89",
                                "OriginalFileName": "taskkill.exe",
                                "ParentImage": "C:\\Users\\george\\Desktop\\program.exe",
                                "FileVersion": "10.0.17134.1 (WinBuild.160101.0800)",
                                "ParentProcessId": "6804",
                                "CurrentDirectory": "C:\\Users\\george\\Desktop\\",
                                "CommandLine": "taskkill /F /IM taskmgr.exe",
                                "EventID": "1",
                                "LogonGuid": "C784477D-677D-6384-1512-040000000000",
                                "LogonId": "266773",
                                "Image": "C:\\Windows\\SysWOW64\\taskkill.exe",
                                "IntegrityLevel": "High",
                                "ParentCommandLine": "\"C:\\Users\\george\\Desktop\\program.exe\"",
                                "UtcTime": "1670342158",
                                "RuleName": "-"
                            }
                        },
                        {
                            "values": {
                                "TerminalSessionId": "1",
                                "ProcessGuid": "{C784477D-660E-638F-BE06-000000004100}",
                                "ProcessId": "7184",
                                "Product": "Microsoft\\xae Windows\\xae Operating System",
                                "Description": "Terminates Processes",
                                "Company": "Microsoft Corporation",
                                "ParentProcessGuid": "{C784477D-65FB-638F-0306-000000004100}",
                                "User": "DESKTOP-B0T93D6\\george",
                                "Hashes": "MD5=15E2E0ACD891510C6268CB8899F2A1A1,SHA256=F328D587561BEED3C19289FBA43E284FB57BCE1A4C202C7379673964F9B8610D,IMPHASH=0D3E23DCB6BF63A9EB90D5BED57B4F89",
                                "OriginalFileName": "taskkill.exe",
                                "ParentImage": "C:\\Users\\george\\Desktop\\program.exe",
                                "FileVersion": "10.0.17134.1 (WinBuild.160101.0800)",
                                "ParentProcessId": "6804",
                                "CurrentDirectory": "C:\\Users\\george\\Desktop\\",
                                "CommandLine": "taskkill /F /IM taskmgr.exe",
                                "EventID": "1",
                                "LogonGuid": "C784477D-677D-6384-1512-040000000000",
                                "LogonId": "266773",
                                "Image": "C:\\Windows\\SysWOW64\\taskkill.exe",
                                "IntegrityLevel": "High",
                                "ParentCommandLine": "\"C:\\Users\\george\\Desktop\\program.exe\"",
                                "UtcTime": "1670342158",
                                "RuleName": "-"
                            }
                        },
                        {
                            "values": {
                                "TerminalSessionId": "1",
                                "ProcessGuid": "{C784477D-660E-638F-C006-000000004100}",
                                "ProcessId": "7308",
                                "Product": "Microsoft\\xae Windows\\xae Operating System",
                                "Description": "Terminates Processes",
                                "Company": "Microsoft Corporation",
                                "ParentProcessGuid": "{C784477D-65FB-638F-0306-000000004100}",
                                "User": "DESKTOP-B0T93D6\\george",
                                "Hashes": "MD5=15E2E0ACD891510C6268CB8899F2A1A1,SHA256=F328D587561BEED3C19289FBA43E284FB57BCE1A4C202C7379673964F9B8610D,IMPHASH=0D3E23DCB6BF63A9EB90D5BED57B4F89",
                                "OriginalFileName": "taskkill.exe",
                                "ParentImage": "C:\\Users\\george\\Desktop\\program.exe",
                                "FileVersion": "10.0.17134.1 (WinBuild.160101.0800)",
                                "ParentProcessId": "6804",
                                "CurrentDirectory": "C:\\Users\\george\\Desktop\\",
                                "CommandLine": "taskkill /F /IM taskmgr.exe",
                                "EventID": "1",
                                "LogonGuid": "C784477D-677D-6384-1512-040000000000",
                                "LogonId": "266773",
                                "Image": "C:\\Windows\\SysWOW64\\taskkill.exe",
                                "IntegrityLevel": "High",
                                "ParentCommandLine": "\"C:\\Users\\george\\Desktop\\program.exe\"",
                                "UtcTime": "1670342158",
                                "RuleName": "-"
                            }
                        },
                        {
                            "values": {
                                "TerminalSessionId": "1",
                                "ProcessGuid": "{C784477D-660E-638F-C206-000000004100}",
                                "ProcessId": "7388",
                                "Product": "Microsoft\\xae Windows\\xae Operating System",
                                "Description": "Terminates Processes",
                                "Company": "Microsoft Corporation",
                                "ParentProcessGuid": "{C784477D-65FB-638F-0306-000000004100}",
                                "User": "DESKTOP-B0T93D6\\george",
                                "Hashes": "MD5=15E2E0ACD891510C6268CB8899F2A1A1,SHA256=F328D587561BEED3C19289FBA43E284FB57BCE1A4C202C7379673964F9B8610D,IMPHASH=0D3E23DCB6BF63A9EB90D5BED57B4F89",
                                "OriginalFileName": "taskkill.exe",
                                "ParentImage": "C:\\Users\\george\\Desktop\\program.exe",
                                "FileVersion": "10.0.17134.1 (WinBuild.160101.0800)",
                                "ParentProcessId": "6804",
                                "CurrentDirectory": "C:\\Users\\george\\Desktop\\",
                                "CommandLine": "taskkill /F /IM taskmgr.exe",
                                "EventID": "1",
                                "LogonGuid": "C784477D-677D-6384-1512-040000000000",
                                "LogonId": "266773",
                                "Image": "C:\\Windows\\SysWOW64\\taskkill.exe",
                                "IntegrityLevel": "High",
                                "ParentCommandLine": "\"C:\\Users\\george\\Desktop\\program.exe\"",
                                "UtcTime": "1670342158",
                                "RuleName": "-"
                            }
                        },
                        {
                            "values": {
                                "TerminalSessionId": "1",
                                "ProcessGuid": "{C784477D-660E-638F-C406-000000004100}",
                                "ProcessId": "7528",
                                "Product": "Microsoft\\xae Windows\\xae Operating System",
                                "Description": "Terminates Processes",
                                "Company": "Microsoft Corporation",
                                "ParentProcessGuid": "{C784477D-65FB-638F-0306-000000004100}",
                                "User": "DESKTOP-B0T93D6\\george",
                                "Hashes": "MD5=15E2E0ACD891510C6268CB8899F2A1A1,SHA256=F328D587561BEED3C19289FBA43E284FB57BCE1A4C202C7379673964F9B8610D,IMPHASH=0D3E23DCB6BF63A9EB90D5BED57B4F89",
                                "OriginalFileName": "taskkill.exe",
                                "ParentImage": "C:\\Users\\george\\Desktop\\program.exe",
                                "FileVersion": "10.0.17134.1 (WinBuild.160101.0800)",
                                "ParentProcessId": "6804",
                                "CurrentDirectory": "C:\\Users\\george\\Desktop\\",
                                "CommandLine": "taskkill /F /IM taskmgr.exe",
                                "EventID": "1",
                                "LogonGuid": "C784477D-677D-6384-1512-040000000000",
                                "LogonId": "266773",
                                "Image": "C:\\Windows\\SysWOW64\\taskkill.exe",
                                "IntegrityLevel": "High",
                                "ParentCommandLine": "\"C:\\Users\\george\\Desktop\\program.exe\"",
                                "UtcTime": "1670342158",
                                "RuleName": "-"
                            }
                        },
                        {
                            "values": {
                                "TerminalSessionId": "1",
                                "ProcessGuid": "{C784477D-660F-638F-C606-000000004100}",
                                "ProcessId": "7668",
                                "Product": "Microsoft\\xae Windows\\xae Operating System",
                                "Description": "Terminates Processes",
                                "Company": "Microsoft Corporation",
                                "ParentProcessGuid": "{C784477D-65FB-638F-0306-000000004100}",
                                "User": "DESKTOP-B0T93D6\\george",
                                "Hashes": "MD5=15E2E0ACD891510C6268CB8899F2A1A1,SHA256=F328D587561BEED3C19289FBA43E284FB57BCE1A4C202C7379673964F9B8610D,IMPHASH=0D3E23DCB6BF63A9EB90D5BED57B4F89",
                                "OriginalFileName": "taskkill.exe",
                                "ParentImage": "C:\\Users\\george\\Desktop\\program.exe",
                                "FileVersion": "10.0.17134.1 (WinBuild.160101.0800)",
                                "ParentProcessId": "6804",
                                "CurrentDirectory": "C:\\Users\\george\\Desktop\\",
                                "CommandLine": "taskkill /F /IM taskmgr.exe",
                                "EventID": "1",
                                "LogonGuid": "C784477D-677D-6384-1512-040000000000",
                                "LogonId": "266773",
                                "Image": "C:\\Windows\\SysWOW64\\taskkill.exe",
                                "IntegrityLevel": "High",
                                "ParentCommandLine": "\"C:\\Users\\george\\Desktop\\program.exe\"",
                                "UtcTime": "1670342159",
                                "RuleName": "-"
                            }
                        },
                        {
                            "values": {
                                "TerminalSessionId": "1",
                                "ProcessGuid": "{C784477D-660F-638F-C806-000000004100}",
                                "ProcessId": "7732",
                                "Product": "Microsoft\\xae Windows\\xae Operating System",
                                "Description": "Terminates Processes",
                                "Company": "Microsoft Corporation",
                                "ParentProcessGuid": "{C784477D-65FB-638F-0306-000000004100}",
                                "User": "DESKTOP-B0T93D6\\george",
                                "Hashes": "MD5=15E2E0ACD891510C6268CB8899F2A1A1,SHA256=F328D587561BEED3C19289FBA43E284FB57BCE1A4C202C7379673964F9B8610D,IMPHASH=0D3E23DCB6BF63A9EB90D5BED57B4F89",
                                "OriginalFileName": "taskkill.exe",
                                "ParentImage": "C:\\Users\\george\\Desktop\\program.exe",
                                "FileVersion": "10.0.17134.1 (WinBuild.160101.0800)",
                                "ParentProcessId": "6804",
                                "CurrentDirectory": "C:\\Users\\george\\Desktop\\",
                                "CommandLine": "taskkill /F /IM taskmgr.exe",
                                "EventID": "1",
                                "LogonGuid": "C784477D-677D-6384-1512-040000000000",
                                "LogonId": "266773",
                                "Image": "C:\\Windows\\SysWOW64\\taskkill.exe",
                                "IntegrityLevel": "High",
                                "ParentCommandLine": "\"C:\\Users\\george\\Desktop\\program.exe\"",
                                "UtcTime": "1670342159",
                                "RuleName": "-"
                            }
                        },
                        {
                            "values": {
                                "TerminalSessionId": "1",
                                "ProcessGuid": "{C784477D-660F-638F-CA06-000000004100}",
                                "ProcessId": "7808",
                                "Product": "Microsoft\\xae Windows\\xae Operating System",
                                "Description": "Terminates Processes",
                                "Company": "Microsoft Corporation",
                                "ParentProcessGuid": "{C784477D-65FB-638F-0306-000000004100}",
                                "User": "DESKTOP-B0T93D6\\george",
                                "Hashes": "MD5=15E2E0ACD891510C6268CB8899F2A1A1,SHA256=F328D587561BEED3C19289FBA43E284FB57BCE1A4C202C7379673964F9B8610D,IMPHASH=0D3E23DCB6BF63A9EB90D5BED57B4F89",
                                "OriginalFileName": "taskkill.exe",
                                "ParentImage": "C:\\Users\\george\\Desktop\\program.exe",
                                "FileVersion": "10.0.17134.1 (WinBuild.160101.0800)",
                                "ParentProcessId": "6804",
                                "CurrentDirectory": "C:\\Users\\george\\Desktop\\",
                                "CommandLine": "taskkill /F /IM taskmgr.exe",
                                "EventID": "1",
                                "LogonGuid": "C784477D-677D-6384-1512-040000000000",
                                "LogonId": "266773",
                                "Image": "C:\\Windows\\SysWOW64\\taskkill.exe",
                                "IntegrityLevel": "High",
                                "ParentCommandLine": "\"C:\\Users\\george\\Desktop\\program.exe\"",
                                "UtcTime": "1670342159",
                                "RuleName": "-"
                            }
                        },
                        {
                            "values": {
                                "TerminalSessionId": "1",
                                "ProcessGuid": "{C784477D-660F-638F-CC06-000000004100}",
                                "ProcessId": "7852",
                                "Product": "Microsoft\\xae Windows\\xae Operating System",
                                "Description": "Terminates Processes",
                                "Company": "Microsoft Corporation",
                                "ParentProcessGuid": "{C784477D-65FB-638F-0306-000000004100}",
                                "User": "DESKTOP-B0T93D6\\george",
                                "Hashes": "MD5=15E2E0ACD891510C6268CB8899F2A1A1,SHA256=F328D587561BEED3C19289FBA43E284FB57BCE1A4C202C7379673964F9B8610D,IMPHASH=0D3E23DCB6BF63A9EB90D5BED57B4F89",
                                "OriginalFileName": "taskkill.exe",
                                "ParentImage": "C:\\Users\\george\\Desktop\\program.exe",
                                "FileVersion": "10.0.17134.1 (WinBuild.160101.0800)",
                                "ParentProcessId": "6804",
                                "CurrentDirectory": "C:\\Users\\george\\Desktop\\",
                                "CommandLine": "taskkill /F /IM taskmgr.exe",
                                "EventID": "1",
                                "LogonGuid": "C784477D-677D-6384-1512-040000000000",
                                "LogonId": "266773",
                                "Image": "C:\\Windows\\SysWOW64\\taskkill.exe",
                                "IntegrityLevel": "High",
                                "ParentCommandLine": "\"C:\\Users\\george\\Desktop\\program.exe\"",
                                "UtcTime": "1670342159",
                                "RuleName": "-"
                            }
                        },
                        {
                            "values": {
                                "TerminalSessionId": "1",
                                "ProcessGuid": "{C784477D-660F-638F-CE06-000000004100}",
                                "ProcessId": "8024",
                                "Product": "Microsoft\\xae Windows\\xae Operating System",
                                "Description": "Terminates Processes",
                                "Company": "Microsoft Corporation",
                                "ParentProcessGuid": "{C784477D-65FB-638F-0306-000000004100}",
                                "User": "DESKTOP-B0T93D6\\george",
                                "Hashes": "MD5=15E2E0ACD891510C6268CB8899F2A1A1,SHA256=F328D587561BEED3C19289FBA43E284FB57BCE1A4C202C7379673964F9B8610D,IMPHASH=0D3E23DCB6BF63A9EB90D5BED57B4F89",
                                "OriginalFileName": "taskkill.exe",
                                "ParentImage": "C:\\Users\\george\\Desktop\\program.exe",
                                "FileVersion": "10.0.17134.1 (WinBuild.160101.0800)",
                                "ParentProcessId": "6804",
                                "CurrentDirectory": "C:\\Users\\george\\Desktop\\",
                                "CommandLine": "taskkill /F /IM taskmgr.exe",
                                "EventID": "1",
                                "LogonGuid": "C784477D-677D-6384-1512-040000000000",
                                "LogonId": "266773",
                                "Image": "C:\\Windows\\SysWOW64\\taskkill.exe",
                                "IntegrityLevel": "High",
                                "ParentCommandLine": "\"C:\\Users\\george\\Desktop\\program.exe\"",
                                "UtcTime": "1670342159",
                                "RuleName": "-"
                            }
                        }
                    ],
                    "rule_level": "low",
                    "rule_id": "cd06da2f3978bdb24b3f3c8f83c7df917a910c6b29921d0e375e418f340d8f3d",
                    "rule_source": "Sigma Integrated Rule Set (GitHub)",
                    "rule_title": "Suspicious Execution of Taskkill",
                    "rule_description": "Adversaries may stop services or processes in order to conduct Data Destruction or Data Encrypted for Impact on the data stores of services like Exchange and SQL Server.",
                    "rule_author": "frack113"
                }
            ],
            "authentihash": "d25adb941699426cd83c0437ea3162549bbecd8a84bc81201e2a3cd835f5e867",
            "vhash": "015056655d15151015zb004dbz13z1030013fz",
            "popular_threat_classification": {
                "popular_threat_name": [
                    {
                        "count": 14,
                        "value": "hmblocker"
                    },
                    {
                        "count": 8,
                        "value": "doina"
                    },
                    {
                        "count": 3,
                        "value": "lockscreen"
                    }
                ],
                "suggested_threat_label": "trojan.hmblocker/doina",
                "popular_threat_category": [
                    {
                        "count": 24,
                        "value": "trojan"
                    },
                    {
                        "count": 13,
                        "value": "ransomware"
                    }
                ]
            },
            "size": 109016,
            "names": [
                "unknown",
                "VirusShare_60e4ee96bf3d260e96056276b3370ad2",
                "HHQYju.tif",
                "aa",
                "60e4ee96bf3d260e96056276b3370ad2",
                "60e4ee96bf3d260e96056276b3370ad2.exe",
                "1wfVkwQaDR.vcf",
                "XYL2K_-_60e4ee96bf3d260e96056276b3370ad2.vxe.ViR",
                "test.txt"
            ],
            "last_analysis_date": 1742883635,
            "type_description": "Win32 EXE",
            "last_analysis_stats": {
                "malicious": 62,
                "suspicious": 0,
                "undetected": 11,
                "harmless": 0,
                "timeout": 0,
                "confirmed-timeout": 0,
                "failure": 0,
                "type-unsupported": 4
            },
            "sigma_analysis_stats": {
                "high": 0,
                "medium": 0,
                "critical": 0,
                "low": 1
            },
            "crowdsourced_yara_results": [
                {
                    "ruleset_id": "00b6c50803",
                    "ruleset_name": "UPX",
                    "rule_name": "UPX",
                    "description": "UPX dump on OEP (original entry point)",
                    "author": "kevoreilly",
                    "source": "https://github.com/kevoreilly/CAPEv2"
                }
            ],
            "sha256": "745e52a6a01ad2059564a029df28c1a2bb02d8d9fd059d9380b0436a913aef41",
            "last_modification_date": 1746301017,
            "md5": "60e4ee96bf3d260e96056276b3370ad2",
            "sigma_analysis_summary": {
                "Sigma Integrated Rule Set (GitHub)": {
                    "high": 0,
                    "medium": 0,
                    "critical": 0,
                    "low": 1
                }
            },
            "last_submission_date": 1670342080,
            "detectiteasy": {
                "filetype": "PE32",
                "values": [
                    {
                        "info": "EXE32",
                        "version": "2008-2010",
                        "type": "Compiler",
                        "name": "EP:Microsoft Visual C/C++"
                    },
                    {
                        "info": "LTCG/C++",
                        "version": "16.00.30319",
                        "type": "Compiler",
                        "name": "Microsoft Visual C/C++"
                    },
                    {
                        "version": "10.00.30319",
                        "type": "Linker",
                        "name": "Microsoft Linker"
                    },
                    {
                        "version": "2010",
                        "type": "Tool",
                        "name": "Visual Studio"
                    }
                ]
            },
            "tags": [
                "overlay",
                "calls-wmi",
                "peexe",
                "spreader",
                "long-sleeps",
                "checks-user-input",
                "detect-debug-environment"
            ],
            "unique_sources": 13,
            "magic": "PE32 executable (GUI) Intel 80386, for MS Windows",
            "meaningful_name": "unknown",
            "ssdeep": "1536:8FpwXPl1qXtYkiejqkJlFV7LOwBzlaZMOd:8FO/l1qXek5vLBLOw9g",
            "trid": [
                {
                    "file_type": "Win32 Executable MS Visual C++ (generic)",
                    "probability": 33.7
                },
                {
                    "file_type": "Win32 EXE Yoda's Crypter",
                    "probability": 28.7
                },
                {
                    "file_type": "Win64 Executable (generic)",
                    "probability": 11.3
                },
                {
                    "file_type": "Win32 Dynamic Link Library (generic)",
                    "probability": 7.1
                },
                {
                    "file_type": "Win16 NE executable (generic)",
                    "probability": 5.4
                }
            ],
            "first_seen_itw_date": 1591881119,
            "first_submission_date": 1320348553,
            "type_extension": "exe",
            "pe_info": {
                "timestamp": 1294797090,
                "imphash": "5feb01260b87590d39fb9b1e61f97079",
                "machine_type": 332,
                "entry_point": 27200,
                "resource_details": [
                    {
                        "lang": "RUSSIAN",
                        "chi2": 11127.2,
                        "filetype": "unknown",
                        "entropy": 0.9268327355384827,
                        "sha256": "2a210f3a1a4ffb683d37c5e5a9641b54232fb7e4f8d7adfcc96082b5f03db156",
                        "type": "RT_CURSOR"
                    },
                    {
                        "lang": "ENGLISH US",
                        "chi2": 6540.49,
                        "filetype": "unknown",
                        "entropy": 2.7116262912750244,
                        "sha256": "a29831e4a3fac395e2aa86df5a0906ed2beebda018745be869477d636148f7af",
                        "type": "RT_MENU"
                    },
                    {
                        "lang": "ENGLISH US",
                        "chi2": 25445.83,
                        "filetype": "unknown",
                        "entropy": 3.139955759048462,
                        "sha256": "ddee5d0261e7a9dab95d20cb888041e77856ba1542fcdccbb483b13b61f800db",
                        "type": "RT_DIALOG"
                    },
                    {
                        "lang": "ENGLISH US",
                        "chi2": 7933.23,
                        "filetype": "unknown",
                        "entropy": 1.4143410921096802,
                        "sha256": "4f28b343676234c2ab8fbbde9e8f94d09fe89cf9ef5572401b089d4e74e877f2",
                        "type": "RT_STRING"
                    },
                    {
                        "lang": "ENGLISH US",
                        "chi2": 1712.0,
                        "filetype": "unknown",
                        "entropy": 1.7987949848175049,
                        "sha256": "c2f0c188d6c493d7827bf83fb89c704815796445a0178bb2ae79658d96703a3c",
                        "type": "RT_ACCELERATOR"
                    },
                    {
                        "lang": "RUSSIAN",
                        "chi2": 2207.2,
                        "filetype": "unknown",
                        "entropy": 1.4904685020446777,
                        "sha256": "cdd6a5d129d80d2bcf094965a6d7380056a390b1022c00088da1b50ff981f37c",
                        "type": "RT_GROUP_CURSOR"
                    }
                ],
                "resource_langs": {
                    "RUSSIAN": 2,
                    "ENGLISH US": 4
                },
                "resource_types": {
                    "RT_DIALOG": 1,
                    "RT_GROUP_CURSOR": 1,
                    "RT_STRING": 1,
                    "RT_MENU": 1,
                    "RT_ACCELERATOR": 1,
                    "RT_CURSOR": 1
                },
                "overlay": {
                    "chi2": 4399324.0,
                    "filetype": "unknown",
                    "entropy": 3.775151252746582,
                    "offset": 65024,
                    "md5": "d88e5f779ec3fcbcaed80295816ea527",
                    "size": 43992
                },
                "sections": [
                    {
                        "name": ".text",
                        "chi2": 233810.78,
                        "virtual_address": 4096,
                        "entropy": 6.74,
                        "raw_size": 41472,
                        "flags": "rx",
                        "virtual_size": 41272,
                        "md5": "0c467dbc2a04650a73cfe48aafd8aed6"
                    },
                    {
                        "name": ".rdata",
                        "chi2": 461409.28,
                        "virtual_address": 49152,
                        "entropy": 5.13,
                        "raw_size": 13824,
                        "flags": "r",
                        "virtual_size": 13580,
                        "md5": "8ef7f8e034d619e949eaed261df03db4"
                    },
                    {
                        "name": ".data",
                        "chi2": 408200.88,
                        "virtual_address": 65536,
                        "entropy": 2.56,
                        "raw_size": 3072,
                        "flags": "rw",
                        "virtual_size": 7584,
                        "md5": "452461b1aac19c0eea01c23042f6047d"
                    },
                    {
                        "name": ".rsrc",
                        "chi2": 133861.5,
                        "virtual_address": 73728,
                        "entropy": 2.44,
                        "raw_size": 1024,
                        "flags": "r",
                        "virtual_size": 984,
                        "md5": "d76634796e362bded7621c537fdbd3ca"
                    },
                    {
                        "name": ".reloc",
                        "chi2": 333063.66,
                        "virtual_address": 77824,
                        "entropy": 4.1,
                        "raw_size": 4608,
                        "flags": "r",
                        "virtual_size": 4608,
                        "md5": "1f843207a280d7c200de694f3dad6a10"
                    }
                ],
                "compiler_product_versions": [
                    "[C++] VS2010 build 30319 count=21",
                    "[ASM] VS2010 build 30319 count=15",
                    "[ C ] VS2010 build 30319 count=70",
                    "[IMP] VS2008 SP1 build 30729 count=15",
                    "[---] Unmarked objects count=129",
                    "[RES] VS2010 build 30319 count=1",
                    "[LNK] VS2010 build 30319 count=1",
                    "id: 0xaf, version: 30319 count=4"
                ],
                "rich_pe_header_hash": "423a482c8ad1cb4b73fd8402bf4a5ab6",
                "import_list": [
                    {
                        "library_name": "KERNEL32.dll",
                        "imported_functions": [
                            "CloseHandle",
                            "CreateFileW",
                            "CreateMutexA",
                            "CreateProcessW",
                            "CreateThread",
                            "DecodePointer",
                            "DeleteCriticalSection",
                            "DeleteFileW",
                            "EncodePointer",
                            "EnterCriticalSection",
                            "ExitProcess",
                            "FreeEnvironmentStringsW",
                            "GetACP",
                            "GetCommandLineW",
                            "GetCPInfo",
                            "GetCurrentProcess",
                            "GetCurrentProcessId",
                            "GetCurrentThreadId",
                            "GetEnvironmentStringsW",
                            "GetExitCodeProcess",
                            "GetFileType",
                            "GetLastError",
                            "GetModuleFileNameA",
                            "GetModuleFileNameW",
                            "GetModuleHandleW",
                            "GetOEMCP",
                            "GetProcAddress",
                            "GetShortPathNameA",
                            "GetStartupInfoW",
                            "GetStdHandle",
                            "GetStringTypeW",
                            "GetSystemTime",
                            "GetSystemTimeAsFileTime",
                            "GetTickCount",
                            "GetVersionExW",
                            "HeapAlloc",
                            "HeapCreate",
                            "HeapFree",
                            "HeapReAlloc",
                            "HeapSetInformation",
                            "HeapSize",
                            "InitializeCriticalSectionAndSpinCount",
                            "InterlockedDecrement",
                            "InterlockedIncrement",
                            "IsDebuggerPresent",
                            "IsProcessorFeaturePresent",
                            "IsValidCodePage",
                            "IsWow64Process",
                            "LCMapStringW",
                            "LeaveCriticalSection",
                            "LoadLibraryA",
                            "LoadLibraryW",
                            "lstrlenW",
                            "MultiByteToWideChar",
                            "OpenFile",
                            "OpenProcess",
                            "QueryPerformanceCounter",
                            "ReadFile",
                            "ReleaseMutex",
                            "RtlUnwind",
                            "SetHandleCount",
                            "SetLastError",
                            "SetPriorityClass",
                            "SetThreadPriority",
                            "SetUnhandledExceptionFilter",
                            "Sleep",
                            "TerminateProcess",
                            "TlsAlloc",
                            "TlsFree",
                            "TlsGetValue",
                            "TlsSetValue",
                            "UnhandledExceptionFilter",
                            "VirtualAlloc",
                            "VirtualFree",
                            "VirtualProtect",
                            "WideCharToMultiByte",
                            "WriteFile"
                        ]
                    },
                    {
                        "library_name": "USER32.dll",
                        "imported_functions": [
                            "BeginPaint",
                            "CreateWindowExW",
                            "DefWindowProcW",
                            "DispatchMessageW",
                            "EndPaint",
                            "GetMessageW",
                            "GetSysColorBrush",
                            "GetSystemMetrics",
                            "GetWindowTextW",
                            "LoadAcceleratorsW",
                            "LoadCursorW",
                            "LoadIconW",
                            "RegisterClassExW",
                            "SendMessageW",
                            "SetCursor",
                            "SetWindowTextW",
                            "SystemParametersInfoW",
                            "TranslateAcceleratorW",
                            "TranslateMessage"
                        ]
                    },
                    {
                        "library_name": "GDI32.dll",
                        "imported_functions": [
                            "BitBlt",
                            "CreateFontA",
                            "CreateFontW",
                            "CreatePen",
                            "DeleteObject",
                            "LineTo",
                            "MoveToEx",
                            "SelectObject",
                            "SetBkMode",
                            "SetTextColor",
                            "TextOutW"
                        ]
                    },
                    {
                        "library_name": "ADVAPI32.dll",
                        "imported_functions": [
                            "AdjustTokenPrivileges"
                        ]
                    },
                    {
                        "library_name": "SHELL32.dll",
                        "imported_functions": [
                            "ShellExecuteExA"
                        ]
                    },
                    {
                        "library_name": "SHLWAPI.dll",
                        "imported_functions": [
                            "StrCatW",
                            "StrCmpW",
                            "StrCpyW"
                        ]
                    },
                    {
                        "library_name": "PSAPI.DLL",
                        "imported_functions": [
                            "EnumProcesses"
                        ]
                    }
                ]
            },
            "type_tags": [
                "executable",
                "windows",
                "win32",
                "pe",
                "peexe"
            ]
        }
    }
}