                {
                    "match_context": [
                        {
                            "values": {
                                "TerminalSessionId": "1",
                                "ProcessGuid": "{C784477D-B4F5-64A4-4506-000000004400}",
                                "ProcessId": "7296",
                                "Product": "Microsoft\\xae Windows\\xae Operating System",
                                "Description": "Service Control Manager Configuration Tool",
                                "Company": "Microsoft Corporation",
                                "ParentProcessGuid": "{C784477D-B4DD-64A4-4006-000000004400}",
                                "User": "DESKTOP-B0T93D6\\george",
                                "Hashes": "MD5=24A3E2603E63BCB9695A2935D3B24695,SHA256=3047D5C22A245D1E4294FCD547EC5FB0F2E5EF030B764424ACC74E7744FBE32E,IMPHASH=B037D0ADB81BF9CFC651DE01742089F1",
                                "OriginalFileName": "sc.exe",
                                "ParentImage": "C:\\Users\\george\\AppData\\Local\\Temp\\is-U0K58.tmp\\Setup.tmp",
                                "FileVersion": "10.0.17134.1 (WinBuild.160101.0800)",
                                "ParentProcessId": "7768",
                                "CurrentDirectory": "C:\\Windows\\system32\\",
                                "CommandLine": "\"sc\"  stop CyberProtService\"",
                                "EventID": "1",
                                "LogonGuid": "C784477D-B29E-648A-EEF9-030000000000",
                                "LogonId": "260590",
                                "Image": "C:\\Windows\\SysWOW64\\sc.exe",
                                "IntegrityLevel": "High",
                                "ParentCommandLine": "\"C:\\Users\\george\\AppData\\Local\\Temp\\is-U0K58.tmp\\Setup.tmp\" /SL5=\"$402CC,6207348,58880,C:\\Users\\george\\Desktop\\Setup.exe\" ",
                                "UtcTime": "1688515829",
                                "RuleName": "-"
                            }
                        }
                    ],
                    "rule_level": "low",
                    "rule_description": "Detects the stopping of a Windows service",
                    "rule_source": "Sigma Integrated Rule Set (GitHub)",
                    "rule_title": "Stop Windows Service Via Sc.EXE",
                    "rule_id": "dd1cc05e1a1d9416b75088f7ba5586374900fc625479abf320585293e9e21639",
                    "rule_author": "Jakob Weinzettl, oscd.community, Nasreddine Bencherchali (Nextron Systems)"
                },
                {
                    "match_context": [
                        {
                            "values": {
                                "TerminalSessionId": "1",
                                "ProcessGuid": "{C784477D-B4FC-64A4-5206-000000004400}",
                                "ProcessId": "6852",
                                "Product": "Microsoft\\xae Windows\\xae Operating System",
                                "Description": "Net Command",
                                "Company": "Microsoft Corporation",
                                "ParentProcessGuid": "{C784477D-B4FC-64A4-5006-000000004400}",
                                "User": "DESKTOP-B0T93D6\\george",
                                "Hashes": "MD5=15534275EDAABC58159DD0F8607A71E5,SHA256=E9739D544EE0D428696036CBD656C41DCC505B67CC43DBA7C6BEC4E3959282AC,IMPHASH=EB2C2924EA23E1A5FB0E3F53F46CB709",
                                "OriginalFileName": "net.exe",
                                "ParentImage": "C:\\Windows\\System32\\cmd.exe",
                                "FileVersion": "10.0.17134.1 (WinBuild.160101.0800)",
                                "ParentProcessId": "6696",
                                "CurrentDirectory": "C:\\Program Files (x86)\\Cyber Prot\\",
                                "CommandLine": "net  start CyberProtService",
                                "EventID": "1",
                                "LogonGuid": "C784477D-B29E-648A-EEF9-030000000000",
                                "LogonId": "260590",
                                "Image": "C:\\Windows\\System32\\net.exe",
                                "IntegrityLevel": "High",
                                "ParentCommandLine": "\"cmd\"",
                                "UtcTime": "1688515836",
                                "RuleName": "-"
                            }
                        },
                        {
                            "values": {
                                "TerminalSessionId": "1",
                                "ProcessGuid": "{C784477D-B4FD-64A4-5306-000000004400}",
                                "ProcessId": "6892",
                                "Product": "Microsoft\\xae Windows\\xae Operating System",
                                "Description": "Net Command",
                                "Company": "Microsoft Corporation",
                                "ParentProcessGuid": "{C784477D-B4FC-64A4-5206-000000004400}",
                                "User": "DESKTOP-B0T93D6\\george",
                                "Hashes": "MD5=AF569DE92AB6C1B9C681AF1E799F9983,SHA256=FFC30745BE3B6C2771FC4B2993CFF50B5226B271C412467E97B1DC1086DEA888,IMPHASH=5322AC1A3CFF9C8A2AE16A789E26231E",
                                "OriginalFileName": "net1.exe",
                                "ParentImage": "C:\\Windows\\System32\\net.exe",
                                "FileVersion": "10.0.17134.1 (WinBuild.160101.0800)",
                                "ParentProcessId": "6852",
                                "CurrentDirectory": "C:\\Program Files (x86)\\Cyber Prot\\",
                                "CommandLine": "C:\\Windows\\system32\\net1  start CyberProtService",
                                "EventID": "1",
                                "LogonGuid": "C784477D-B29E-648A-EEF9-030000000000",
                                "LogonId": "260590",
                                "Image": "C:\\Windows\\System32\\net1.exe",
                                "IntegrityLevel": "High",
                                "ParentCommandLine": "net  start CyberProtService",
                                "UtcTime": "1688515837",
                                "RuleName": "-"
                            }
                        },
                        {
                            "values": {
                                "TerminalSessionId": "1",
                                "ProcessGuid": "{C784477D-B534-64A4-6106-000000004400}",
                                "ProcessId": "8176",
                                "Product": "Microsoft\\xae Windows\\xae Operating System",
                                "Description": "Net Command",
                                "Company": "Microsoft Corporation",
                                "ParentProcessGuid": "{C784477D-B534-64A4-5F06-000000004400}",
                                "User": "DESKTOP-B0T93D6\\george",
                                "Hashes": "MD5=15534275EDAABC58159DD0F8607A71E5,SHA256=E9739D544EE0D428696036CBD656C41DCC505B67CC43DBA7C6BEC4E3959282AC,IMPHASH=EB2C2924EA23E1A5FB0E3F53F46CB709",
                                "OriginalFileName": "net.exe",
                                "ParentImage": "C:\\Windows\\System32\\cmd.exe",
                                "FileVersion": "10.0.17134.1 (WinBuild.160101.0800)",
                                "ParentProcessId": "7348",
                                "CurrentDirectory": "C:\\Program Files (x86)\\Cyber Prot\\",
                                "CommandLine": "net  start CyberProtService",
                                "EventID": "1",
                                "LogonGuid": "C784477D-B29E-648A-EEF9-030000000000",
                                "LogonId": "260590",
                                "Image": "C:\\Windows\\System32\\net.exe",
                                "IntegrityLevel": "High",
                                "ParentCommandLine": "\"cmd\"",
                                "UtcTime": "1688515892",
                                "RuleName": "-"
                            }
                        },
                        {
                            "values": {
                                "TerminalSessionId": "1",
                                "ProcessGuid": "{C784477D-B534-64A4-6206-000000004400}",
                                "ProcessId": "7788",
                                "Product": "Microsoft\\xae Windows\\xae Operating System",
                                "Description": "Net Command",
                                "Company": "Microsoft Corporation",
                                "ParentProcessGuid": "{C784477D-B534-64A4-6106-000000004400}",
                                "User": "DESKTOP-B0T93D6\\george",
                                "Hashes": "MD5=AF569DE92AB6C1B9C681AF1E799F9983,SHA256=FFC30745BE3B6C2771FC4B2993CFF50B5226B271C412467E97B1DC1086DEA888,IMPHASH=5322AC1A3CFF9C8A2AE16A789E26231E",
                                "OriginalFileName": "net1.exe",
                                "ParentImage": "C:\\Windows\\System32\\net.exe",
                                "FileVersion": "10.0.17134.1 (WinBuild.160101.0800)",
                                "ParentProcessId": "8176",
                                "CurrentDirectory": "C:\\Program Files (x86)\\Cyber Prot\\",
                                "CommandLine": "C:\\Windows\\system32\\net1  start CyberProtService",
                                "EventID": "1",
                                "LogonGuid": "C784477D-B29E-648A-EEF9-030000000000",
                                "LogonId": "260590",
                                "Image": "C:\\Windows\\System32\\net1.exe",
                                "IntegrityLevel": "High",
                                "ParentCommandLine": "net  start CyberProtService",
                                "UtcTime": "1688515892",
                                "RuleName": "-"
                            }
                        }
                    ],
                    "rule_level": "low",
                    "rule_description": "Detects execution of Net.exe, whether suspicious or benign.",
                    "rule_source": "Sigma Integrated Rule Set (GitHub)",
                    "rule_title": "Net.exe Execution",
                    "rule_id": "f1048c602439313e72f67c634350106ba7b709512529457a6f0a5eca6835bc89",
                    "rule_author": "Michael Haag, Mark Woan (improvements), James Pemberton / @4A616D6573 / oscd.community (improvements)"
                }
            ],
            "filecondis": {
                "dhash": "000000180c060302",
                "raw_md5": "0aa495e48bd92ed38f06fe927bbe149a"
            },
            "magika": "PEBIN",
            "sha1": "0db113bc7e2a2861e509c104f63a20168b60351a",
            "packers": {
                "PEiD": ".NET executable"
            },
            "last_analysis_date": 1742336920,
            "crowdsourced_ids_results": [
                {
                    "rule_category": "Potentially Bad Traffic",
                    "alert_severity": "low",
                    "rule_msg": "ET INFO Executable Retrieved With Minimal HTTP Headers - Potential Second Stage Download",
                    "rule_raw": "alert http $EXTERNAL_NET any -> $HOME_NET any (msg:\"ET INFO Executable Retrieved With Minimal HTTP Headers - Potential Second Stage Download\"; flowbits:isset,min.gethttp; flow:established,to_client; file_data; content:\"MZ\"; within:2; content:\"PE|00 00|\"; distance:0; classtype:bad-unknown; sid:2016538; rev:3; metadata:created_at 2013_03_06, updated_at 2013_03_06;)",
                    "alert_context": [
                        {
                            "src_ip": "89.42.218.148",
                            "url": "http://www.cyberland.ro/Setup.exe",
                            "hostname": "www.cyberland.ro",
                            "src_port": 80
                        }
                    ],
                    "rule_url": "https://rules.emergingthreats.net/",
                    "rule_source": "Proofpoint Emerging Threats Open",
                    "rule_id": "1:2016538"
                },
                {
                    "rule_category": "policy-violation",
                    "alert_severity": "info",
                    "rule_msg": "FILE-EXECUTABLE Portable Executable binary file magic detected",
                    "rule_raw": "alert tcp $EXTERNAL_NET $FILE_DATA_PORTS -> $HOME_NET any ( msg:\"FILE-EXECUTABLE Portable Executable binary file magic detected\"; flow:to_client,established; file_data; content:\"MZ\"; byte_jump:4,58,relative,little; content:\"PE|00 00|\",within 4,distance -64; metadata:policy max-detect-ips drop; service:ftp-data,http,imap,pop3; classtype:policy-violation; sid:15306; rev:22; )",
                    "alert_context": [
                        {
                            "src_ip": "89.42.218.148",
                            "src_port": 80
                        }
                    ],
                    "rule_url": "https://www.snort.org/downloads/#rule-downloads",
                    "rule_source": "Snort registered user ruleset",
                    "rule_id": "1:15306"
                },
                {
                    "rule_category": "Potential Corporate Privacy Violation",
                    "alert_severity": "info",
                    "rule_msg": "ET POLICY PE EXE or DLL Windows file download HTTP",
                    "rule_raw": "alert http $EXTERNAL_NET any -> $HOME_NET any (msg:\"ET POLICY PE EXE or DLL Windows file download HTTP\"; flow:established,to_client; flowbits:isnotset,ET.http.binary; flowbits:isnotset,ET.INFO.WindowsUpdate; file_data; content:\"MZ\"; within:2; byte_jump:4,58,relative,little; content:\"PE|00 00|\"; distance:-64; within:4; flowbits:set,ET.http.binary; classtype:policy-violation; sid:2018959; rev:4; metadata:created_at 2014_08_19, former_category POLICY, updated_at 2017_02_01;)",
                    "alert_context": [
                        {
                            "src_ip": "89.42.218.148",
                            "url": "http://www.cyberland.ro/Setup.exe",
                            "hostname": "www.cyberland.ro",
                            "src_port": 80
                        }
                    ],
                    "rule_url": "https://rules.emergingthreats.net/",
                    "rule_source": "Proofpoint Emerging Threats Open",
                    "rule_id": "1:2018959"
                }
            ],
            "last_analysis_stats": {
                "malicious": 49,
                "suspicious": 0,
                "undetected": 24,
                "harmless": 0,
                "timeout": 0,
                "confirmed-timeout": 0,
                "failure": 0,
                "type-unsupported": 4
            }
        }
    }
}