{
    "data": {
        "id": "7f764e6cb9e8cdef180fd14f33076fceb6f77d0f77f487f234a349a5b1f571a4",
        "type": "file",
        "links": {
            "self": "https://www.virustotal.com/api/v3/files/7f764e6cb9e8cdef180fd14f33076fceb6f77d0f77f487f234a349a5b1f571a4"
        },
        "attributes": {
            "type_extension": "exe",
            "sha256": "7f764e6cb9e8cdef180fd14f33076fceb6f77d0f77f487f234a349a5b1f571a4",
            "sigma_analysis_results": [
                {
                    "match_context": [
                        {
                            "values": {
                                "EventID": "13",
                                "ProcessId": "7992",
                                "EventType": "SetValue",
                                "Image": "C:\\Users\\george\\567627F65676\\winlogon.exe",
                                "RuleName": "T1183,IFEO",
                                "UtcTime": "1685413288",
                                "Details": "\"C:\\Users\\george\\567627F65676\\winlogon.exe\"",
                                "ProcessGuid": "{C784477D-5D8C-6475-A40A-000000004A00}",
                                "TargetObject": "HKLM\\SOFTWARE\\Microsoft\\Windows NT\\CurrentVersion\\Image File Execution Options\\HelpPane.exe\\Debugger"
                            }
                        }
                    ],
                    "rule_level": "critical",
                    "rule_id": "dd211e6e9cebdae07f1d14d61650061c791829402d134a1a9e064ae72b6c4cd9",
                    "rule_source": "Sigma Integrated Rule Set (GitHub)",
                    "rule_title": "Sticky Key Like Backdoor Usage - Registry",
                    "rule_description": "Detects the usage and installation of a backdoor that uses an option to register a malicious debugger for built-in tools that are accessible in the login screen",
                    "rule_author": "Florian Roth (Nextron Systems), @twjackomo, Jonhnathan Ribeiro, oscd.community"
                },
                {
                    "match_context": [
                        {
                            "values": {
                                "TerminalSessionId": "1",
                                "ProcessGuid": "{C784477D-5D46-6475-9A0A-000000004A00}",
                                "ProcessId": "8060",
                                "Product": "-",
                                "Description": "-",
                                "Company": "-",
                                "ParentProcessGuid": "{C784477D-5D45-6475-990A-000000004A00}",
                                "User": "DESKTOP-B0T93D6\\george",
                                "Hashes": "MD5=0183DED6A111AFF3B0399EC5D9E22B23,SHA256=7F764E6CB9E8CDEF180FD14F33076FCEB6F77D0F77F487F234A349A5B1F571A4,IMPHASH=00000000000000000000000000000000",
                                "OriginalFileName": "-",
                                "ParentImage": "C:\\Users\\george\\Desktop\\software.exe",
                                "FileVersion": "-",
                                "ParentProcessId": "7828",
                                "CurrentDirectory": "C:\\Users\\george\\567627F65676\\",
                                "CommandLine": "\"C:\\Users\\george\\567627F65676\\winlogon.exe\" ",
                                "EventID": "1",
                                "LogonGuid": "C784477D-63B6-645B-E94D-040000000000",
                                "LogonId": "282089",
                                "Image": "C:\\Users\\george\\567627F65676\\winlogon.exe",
                                "IntegrityLevel": "High",
                                "ParentCommandLine": " ",
                                "UtcTime": "1685413190",
                                "RuleName": "-"
                            }
                        },
                        {
                            "values": {
                                "TerminalSessionId": "1",
                                "ProcessGuid": "{C784477D-5D46-6475-9C0A-000000004A00}",
                                "ProcessId": "8104",
                                "Product": "-",
                                "Description": "-",
                                "Company": "-",
                                "ParentProcessGuid": "{C784477D-5D46-6475-9A0A-000000004A00}",
                                "User": "DESKTOP-B0T93D6\\george",
                                "Hashes": "MD5=0183DED6A111AFF3B0399EC5D9E22B23,SHA256=7F764E6CB9E8CDEF180FD14F33076FCEB6F77D0F77F487F234A349A5B1F571A4,IMPHASH=00000000000000000000000000000000",
                                "OriginalFileName": "-",
                                "ParentImage": "C:\\Users\\george\\567627F65676\\winlogon.exe",
                                "FileVersion": "-",
                                "ParentProcessId": "8060",
                                "CurrentDirectory": "C:\\Users\\george\\567627F65676\\",
                                "CommandLine": " ",
                                "EventID": "1",
                                "LogonGuid": "C784477D-63B6-645B-E94D-040000000000",
                                "LogonId": "282089",
                                "Image": "C:\\Users\\george\\567627F65676\\winlogon.exe",
                                "IntegrityLevel": "High",
                                "ParentCommandLine": "\"C:\\Users\\george\\567627F65676\\winlogon.exe\" ",
                                "UtcTime": "1685413190",
                                "RuleName": "-"
                            }
                        },
                        {
                            "values": {
                                "TerminalSessionId": "1",
                                "ProcessGuid": "{C784477D-5D46-6475-9D0A-000000004A00}",
                                "ProcessId": "8080",
                                "Product": "-",
                                "Description": "-",
                                "Company": "-",
                                "ParentProcessGuid": "{C784477D-5D46-6475-9C0A-000000004A00}",
                                "User": "DESKTOP-B0T93D6\\george",
                                "Hashes": "MD5=0183DED6A111AFF3B0399EC5D9E22B23,SHA256=7F764E6CB9E8CDEF180FD14F33076FCEB6F77D0F77F487F234A349A5B1F571A4,IMPHASH=00000000000000000000000000000000",
                                "OriginalFileName": "-",
                                "ParentImage": "C:\\Users\\george\\567627F65676\\winlogon.exe",
                                "FileVersion": "-",
                                "ParentProcessId": "8104",
                                "CurrentDirectory": "C:\\Users\\george\\567627F65676\\",
                                "CommandLine": "\"C:\\Users\\george\\567627F65676\\winlogon.exe\"",
                                "EventID": "1",
                                "LogonGuid": "C784477D-63B6-645B-E94D-040000000000",
                                "LogonId": "282089",
                                "Image": "C:\\Users\\george\\567627F65676\\winlogon.exe",
                                "IntegrityLevel": "High",
                                "ParentCommandLine": " ",
                                "UtcTime": "1685413190",
                                "RuleName": "-"
                            }
                        },
                        {
                            "values": {
                                "TerminalSessionId": "1",
                                "ProcessGuid": "{C784477D-5D8C-6475-A40A-000000004A00}",
                                "ProcessId": "7992",
                                "Product": "-",
                                "Description": "-",
                                "Company": "-",
                                "ParentProcessGuid": "{C784477D-5D46-6475-9C0A-000000004A00}",
                                "User": "DESKTOP-B0T93D6\\george",
                                "Hashes": "MD5=0183DED6A111AFF3B0399EC5D9E22B23,SHA256=7F764E6CB9E8CDEF180FD14F33076FCEB6F77D0F77F487F234A349A5B1F571A4,IMPHASH=00000000000000000000000000000000",
                                "OriginalFileName": "-",
                                "ParentImage": "C:\\Users\\george\\567627F65676\\winlogon.exe",
                                "FileVersion": "-",
                                "ParentProcessId": "8104",
                                "CurrentDirectory": "C:\\Users\\george\\567627F65676\\",
                                "CommandLine": "\"C:\\Users\\george\\567627F65676\\winlogon.exe\"",
                                "EventID": "1",
                                "LogonGuid": "C784477D-63B6-645B-E94D-040000000000",
                                "LogonId": "282089",
                                "Image": "C:\\Users\\george\\567627F65676\\winlogon.exe",
                                "IntegrityLevel": "High",
                                "ParentCommandLine": " ",
                                "UtcTime": "1685413260",
                                "RuleName": "-"
                            }
                        },
                        {
                            "values": {
                                "TerminalSessionId": "1",
                                "ProcessGuid": "{C784477D-5DB5-6475-AE0A-000000004A00}",
                                "ProcessId": "4032",
                                "Product": "-",
                                "Description": "-",
                                "Company": "-",
                                "ParentProcessGuid": "{C784477D-63B7-645B-7F00-000000004A00}",
                                "User": "DESKTOP-B0T93D6\\george",
                                "Hashes": "MD5=0183DED6A111AFF3B0399EC5D9E22B23,SHA256=7F764E6CB9E8CDEF180FD14F33076FCEB6F77D0F77F487F234A349A5B1F571A4,IMPHASH=00000000000000000000000000000000",
                                "OriginalFileName": "-",
                                "ParentImage": "C:\\Windows\\explorer.exe",
                                "FileVersion": "-",
                                "ParentProcessId": "4640",
                                "CurrentDirectory": "C:\\Users\\george\\567627F65676\\",
                                "CommandLine": "\"C:\\Users\\george\\567627F65676\\winlogon.exe\" ",
                                "EventID": "1",
                                "LogonGuid": "C784477D-63B6-645B-E94D-040000000000",
                                "LogonId": "282089",
                                "Image": "C:\\Users\\george\\567627F65676\\winlogon.exe",
                                "IntegrityLevel": "High",
                                "ParentCommandLine": "C:\\Windows\\Explorer.EXE",
                                "UtcTime": "1685413301",
                                "RuleName": "-"
                            }
                        },
                        {
                            "values": {
                                "TerminalSessionId": "1",
                                "ProcessGuid": "{C784477D-5DB6-6475-B00A-000000004A00}",
                                "ProcessId": "5592",
                                "Product": "-",
                                "Description": "-",
                                "Company": "-",
                                "ParentProcessGuid": "{C784477D-5DB5-6475-AE0A-000000004A00}",
                                "User": "DESKTOP-B0T93D6\\george",
                                "Hashes": "MD5=0183DED6A111AFF3B0399EC5D9E22B23,SHA256=7F764E6CB9E8CDEF180FD14F33076FCEB6F77D0F77F487F234A349A5B1F571A4,IMPHASH=00000000000000000000000000000000",
                                "OriginalFileName": "-",
                                "ParentImage": "C:\\Users\\george\\567627F65676\\winlogon.exe",
                                "FileVersion": "-",
                                "ParentProcessId": "4032",
                                "CurrentDirectory": "C:\\Users\\george\\567627F65676\\",
                                "CommandLine": " ",
                                "EventID": "1",
                                "LogonGuid": "C784477D-63B6-645B-E94D-040000000000",
                                "LogonId": "282089",
                                "Image": "C:\\Users\\george\\567627F65676\\winlogon.exe",
                                "IntegrityLevel": "High",
                                "ParentCommandLine": "\"C:\\Users\\george\\567627F65676\\winlogon.exe\" ",
                                "UtcTime": "1685413302",
                                "RuleName": "-"
                            }
                        },
                        {
                            "values": {
                                "TerminalSessionId": "1",
                                "ProcessGuid": "{C784477D-5DBE-6475-B20A-000000004A00}",
                                "ProcessId": "6492",
                                "Product": "-",
                                "Description": "-",
                                "Company": "-",
                                "ParentProcessGuid": "{C784477D-63B7-645B-7F00-000000004A00}",
                                "User": "DESKTOP-B0T93D6\\george",
                                "Hashes": "MD5=0183DED6A111AFF3B0399EC5D9E22B23,SHA256=7F764E6CB9E8CDEF180FD14F33076FCEB6F77D0F77F487F234A349A5B1F571A4,IMPHASH=00000000000000000000000000000000",
                                "OriginalFileName": "-",
                                "ParentImage": "C:\\Windows\\explorer.exe",
                                "FileVersion": "-",
                                "ParentProcessId": "4640",
                                "CurrentDirectory": "C:\\Users\\george\\567627F65676\\",
                                "CommandLine": "\"C:\\Users\\george\\567627F65676\\winlogon.exe\" ",
                                "EventID": "1",
                                "LogonGuid": "C784477D-63B6-645B-E94D-040000000000",
                                "LogonId": "282089",
                                "Image": "C:\\Users\\george\\567627F65676\\winlogon.exe",
                                "IntegrityLevel": "High",
                                "ParentCommandLine": "C:\\Windows\\Explorer.EXE",
                                "UtcTime": "1685413310",
                                "RuleName": "-"
                            }
                        },
                        {
                            "values": {
                                "TerminalSessionId": "1",
                                "ProcessGuid": "{C784477D-5DBE-6475-B40A-000000004A00}",
                                "ProcessId": "6544",
                                "Product": "-",
                                "Description": "-",
                                "Company": "-",
                                "ParentProcessGuid": "{C784477D-5DBE-6475-B20A-000000004A00}",
                                "User": "DESKTOP-B0T93D6\\george",
                                "Hashes": "MD5=0183DED6A111AFF3B0399EC5D9E22B23,SHA256=7F764E6CB9E8CDEF180FD14F33076FCEB6F77D0F77F487F234A349A5B1F571A4,IMPHASH=00000000000000000000000000000000",
                                "OriginalFileName": "-",
                                "ParentImage": "C:\\Users\\george\\567627F65676\\winlogon.exe",
                                "FileVersion": "-",
                                "ParentProcessId": "6492",
                                "CurrentDirectory": "C:\\Users\\george\\567627F65676\\",
                                "CommandLine": " ",
                                "EventID": "1",
                                "LogonGuid": "C784477D-63B6-645B-E94D-040000000000",
                                "LogonId": "282089",
                                "Image": "C:\\Users\\george\\567627F65676\\winlogon.exe",
                                "IntegrityLevel": "High",
                                "ParentCommandLine": "\"C:\\Users\\george\\567627F65676\\winlogon.exe\" ",
                                "UtcTime": "1685413310",
                                "RuleName": "-"
                            }
                        },
                        {
                            "values": {
                                "TerminalSessionId": "1",
                                "ProcessGuid": "{C784477D-5DC6-6475-B60A-000000004A00}",
                                "ProcessId": "7152",
                                "Product": "-",
                                "Description": "-",
                                "Company": "-",
                                "ParentProcessGuid": "{C784477D-63B7-645B-7F00-000000004A00}",
                                "User": "DESKTOP-B0T93D6\\george",
                                "Hashes": "MD5=0183DED6A111AFF3B0399EC5D9E22B23,SHA256=7F764E6CB9E8CDEF180FD14F33076FCEB6F77D0F77F487F234A349A5B1F571A4,IMPHASH=00000000000000000000000000000000",
                                "OriginalFileName": "-",
                                "ParentImage": "C:\\Windows\\explorer.exe",
                                "FileVersion": "-",
                                "ParentProcessId": "4640",
                                "CurrentDirectory": "C:\\Users\\george\\567627F65676\\",
                                "CommandLine": "\"C:\\Users\\george\\567627F65676\\winlogon.exe\" ",
                                "EventID": "1",
                                "LogonGuid": "C784477D-63B6-645B-E94D-040000000000",
                                "LogonId": "282089",
                                "Image": "C:\\Users\\george\\567627F65676\\winlogon.exe",
                                "IntegrityLevel": "High",
                                "ParentCommandLine": "C:\\Windows\\Explorer.EXE",
                                "UtcTime": "1685413318",
                                "RuleName": "-"
                            }
                        },
                        {
                            "values": {
                                "TerminalSessionId": "1",
                                "ProcessGuid": "{C784477D-5DC6-6475-B80A-000000004A00}",
                                "ProcessId": "1700",
                                "Product": "-",
                                "Description": "-",
                                "Company": "-",
                                "ParentProcessGuid": "{C784477D-5DC6-6475-B60A-000000004A00}",
                                "User": "DESKTOP-B0T93D6\\george",
                                "Hashes": "MD5=0183DED6A111AFF3B0399EC5D9E22B23,SHA256=7F764E6CB9E8CDEF180FD14F33076FCEB6F77D0F77F487F234A349A5B1F571A4,IMPHASH=00000000000000000000000000000000",
                                "OriginalFileName": "-",
                                "ParentImage": "C:\\Users\\george\\567627F65676\\winlogon.exe",
                                "FileVersion": "-",
                                "ParentProcessId": "7152",
                                "CurrentDirectory": "C:\\Users\\george\\567627F65676\\",
                                "CommandLine": " ",
                                "EventID": "1",
                                "LogonGuid": "C784477D-63B6-645B-E94D-040000000000",
                                "LogonId": "282089",
                                "Image": "C:\\Users\\george\\567627F65676\\winlogon.exe",
                                "IntegrityLevel": "High",
                                "ParentCommandLine": "\"C:\\Users\\george\\567627F65676\\winlogon.exe\" ",
                                "UtcTime": "1685413318",
                                "RuleName": "-"
                            }
                        },
                        {
                            "values": {
                                "TerminalSessionId": "1",
                                "ProcessGuid": "{C784477D-5DC6-6475-B90A-000000004A00}",
                                "ProcessId": "5836",
                                "Product": "-",
                                "Description": "-",
                                "Company": "-",
                                "ParentProcessGuid": "{C784477D-5DC6-6475-B60A-000000004A00}",
                                "User": "DESKTOP-B0T93D6\\george",
                                "Hashes": "MD5=0183DED6A111AFF3B0399EC5D9E22B23,SHA256=7F764E6CB9E8CDEF180FD14F33076FCEB6F77D0F77F487F234A349A5B1F571A4,IMPHASH=00000000000000000000000000000000",
                                "OriginalFileName": "-",
                                "ParentImage": "C:\\Users\\george\\567627F65676\\winlogon.exe",
                                "FileVersion": "-",
                                "ParentProcessId": "7152",
                                "CurrentDirectory": "C:\\Users\\george\\567627F65676\\",
                                "CommandLine": " ",
                                "EventID": "1",
                                "LogonGuid": "C784477D-63B6-645B-E94D-040000000000",
                                "LogonId": "282089",
                                "Image": "C:\\Users\\george\\567627F65676\\winlogon.exe",
                                "IntegrityLevel": "High",
                                "ParentCommandLine": "\"C:\\Users\\george\\567627F65676\\winlogon.exe\" ",
                                "UtcTime": "1685413318",
                                "RuleName": "-"
                            }
                        }
                    ],
                    "rule_level": "high",
                    "rule_id": "25fc56c1bee673d7ff3edcf371e4d2a36c0af83222da348961b87735c8efa61f",
                    "rule_source": "Sigma Integrated Rule Set (GitHub)",
                    "rule_title": "System File Execution Location Anomaly",
                    "rule_description": "Detects a Windows program executable started from a suspicious folder",
                    "rule_author": "Florian Roth (Nextron Systems), Patrick Bareiss, Anton Kutepov, oscd.community, Nasreddine Bencherchali"
                },
                {
                    "match_context": [
                        {
                            "values": {
                                "EventID": "11",
                                "ProcessId": "7992",
                                "TargetFilename": "C:\\Users\\george\\AppData\\Roaming\\Microsoft\\Windows\\Start Menu\\Fax y Esc\\xe1ner de Windows.exe",
                                "ProcessGuid": "{C784477D-5D8C-6475-A40A-000000004A00}",
                                "CreationUtcTime": "1685413260",
                                "UtcTime": "1685413260",
                                "RuleName": "T1023",
                                "Image": "C:\\Users\\george\\567627F65676\\winlogon.exe"
                            }
                        },
                        {
                            "values": {
                                "EventID": "11",
                                "ProcessId": "7992",
                                "Image": "C:\\Users\\george\\567627F65676\\winlogon.exe",
                                "RuleName": "T1023",
                                "CreationUtcTime": "1685413261",
                                "UtcTime": "1685413261",
                                "ProcessGuid": "{C784477D-5D8C-6475-A40A-000000004A00}",
                                "TargetFilename": "C:\\Users\\george\\AppData\\Roaming\\Microsoft\\Windows\\Start Menu\\Programs\\Internet Explorer.exe"
                            }
                        },
                        {
                            "values": {
                                "EventID": "11",
                                "ProcessId": "7992",
                                "Image": "C:\\Users\\george\\567627F65676\\winlogon.exe",
                                "RuleName": "T1023",
                                "CreationUtcTime": "1685413261",
                                "UtcTime": "1685413261",
                                "ProcessGuid": "{C784477D-5D8C-6475-A40A-000000004A00}",
                                "TargetFilename": "C:\\Users\\george\\AppData\\Roaming\\Microsoft\\Windows\\Start Menu\\Programs\\Startup\\Windows Anytime Upgrade.exe"
                            }
                        },
                        {
                            "values": {
                                "EventID": "11",
                                "ProcessId": "7992",
                                "TargetFilename": "C:\\ProgramData\\Microsoft\\Windows\\Start Menu\\Windows DVD Maker.exe",
                                "ProcessGuid": "{C784477D-5D8C-6475-A40A-000000004A00}",
                                "CreationUtcTime": "1685413261",
                                "UtcTime": "1685413261",
                                "RuleName": "T1023",
                                "Image": "C:\\Users\\george\\567627F65676\\winlogon.exe"
                            }
                        },
                        {
                            "values": {
                                "EventID": "11",
                                "ProcessId": "7992",
                                "TargetFilename": "C:\\ProgramData\\Microsoft\\Windows\\Start Menu\\Programs\\Windows Media Center.exe",
                                "RuleName": "T1023",
                                "CreationUtcTime": "1685413261",
                                "UtcTime": "1685413261",
                                "ProcessGuid": "{C784477D-5D8C-6475-A40A-000000004A00}",
                                "Image": "C:\\Users\\george\\567627F65676\\winlogon.exe"
                            }
                        },
                        {
                            "values": {
                                "EventID": "11",
                                "ProcessId": "7992",
                                "TargetFilename": "C:\\ProgramData\\Microsoft\\Windows\\Start Menu\\Programs\\StartUp\\Windows Update.exe",
                                "RuleName": "T1023",
                                "CreationUtcTime": "1685413261",
                                "UtcTime": "1685413261",
                                "ProcessGuid": "{C784477D-5D8C-6475-A40A-000000004A00}",
                                "Image": "C:\\Users\\george\\567627F65676\\winlogon.exe"
                            }
                        }
                    ],
                    "rule_level": "high",
                    "rule_id": "6676ee2bf136155325337ad27ca431e57ff815b4fbddfaf94908c8ae566aa5b6",
                    "rule_source": "Sigma Integrated Rule Set (GitHub)",
                    "rule_title": "Windows Binaries Write Suspicious Extensions",
                    "rule_description": "Detects windows executables that writes files with suspicious extensions",
                    "rule_author": "Nasreddine Bencherchali (Nextron Systems)"
                },
                {
                    "match_context": [
                        {
                            "values": {
                                "TerminalSessionId": "1",
                                "ProcessGuid": "{C784477D-5D45-6475-980A-000000004A00}",
                                "ProcessId": "7840",
                                "Product": "Microsoft\\xae Windows\\xae Operating System",
                                "Description": "Host Process for Windows Services",
                                "Company": "Microsoft Corporation",
                                "ParentProcessGuid": "{C784477D-5D45-6475-970A-000000004A00}",
                                "User": "DESKTOP-B0T93D6\\george",
                                "Hashes": "MD5=D2CBFEB7C4619A898890FEB4C4514AA9,SHA256=59F4D42056BC43960C2B052FA9D615AD6E654C8AA1DFE3703342375523BA8EA5,IMPHASH=41721E0F933696D50AB32D544D64DCD3",
                                "OriginalFileName": "svchost.exe",
                                "ParentImage": "C:\\Users\\george\\Desktop\\software.exe",
                                "FileVersion": "10.0.17134.1276 (WinBuild.160101.0800)",
                                "ParentProcessId": "7780",
                                "CurrentDirectory": "C:\\Users\\george\\Desktop\\",
                                "CommandLine": "C:\\Windows\\system32\\svchost.exe",
                                "EventID": "1",
                                "LogonGuid": "C784477D-63B6-645B-E94D-040000000000",
                                "LogonId": "282089",
                                "Image": "C:\\Windows\\SysWOW64\\svchost.exe",
                                "IntegrityLevel": "High",
                                "ParentCommandLine": "\"C:\\Users\\george\\Desktop\\software.exe\"",
                                "UtcTime": "1685413189",
                                "RuleName": "-"
                            }
                        },
                        {
                            "values": {
                                "TerminalSessionId": "1",
                                "ProcessGuid": "{C784477D-5D46-6475-9B0A-000000004A00}",
                                "ProcessId": "8072",
                                "Product": "Microsoft\\xae Windows\\xae Operating System",
                                "Description": "Host Process for Windows Services",
                                "Company": "Microsoft Corporation",
                                "ParentProcessGuid": "{C784477D-5D46-6475-9A0A-000000004A00}",
                                "User": "DESKTOP-B0T93D6\\george",
                                "Hashes": "MD5=D2CBFEB7C4619A898890FEB4C4514AA9,SHA256=59F4D42056BC43960C2B052FA9D615AD6E654C8AA1DFE3703342375523BA8EA5,IMPHASH=41721E0F933696D50AB32D544D64DCD3",
                                "OriginalFileName": "svchost.exe",
                                "ParentImage": "C:\\Users\\george\\567627F65676\\winlogon.exe",
                                "FileVersion": "10.0.17134.1276 (WinBuild.160101.0800)",
                                "ParentProcessId": "8060",
                                "CurrentDirectory": "C:\\Users\\george\\567627F65676\\",
                                "CommandLine": "C:\\Windows\\system32\\svchost.exe",
                                "EventID": "1",
                                "LogonGuid": "C784477D-63B6-645B-E94D-040000000000",
                                "LogonId": "282089",
                                "Image": "C:\\Windows\\SysWOW64\\svchost.exe",
                                "IntegrityLevel": "High",
                                "ParentCommandLine": "\"C:\\Users\\george\\567627F65676\\winlogon.exe\" ",
                                "UtcTime": "1685413190",
                                "RuleName": "-"
                            }
                        },
                        {
                            "values": {
                                "TerminalSessionId": "1",
                                "ProcessGuid": "{C784477D-5D9A-6475-A60A-000000004A00}",
                                "ProcessId": "5944",
                                "Product": "Microsoft\\xae Windows\\xae Operating System",
                                "Description": "Host Process for Windows Services",
                                "Company": "Microsoft Corporation",
                                "ParentProcessGuid": "{C784477D-5D99-6475-A50A-000000004A00}",
                                "User": "DESKTOP-B0T93D6\\george",
                                "Hashes": "MD5=D2CBFEB7C4619A898890FEB4C4514AA9,SHA256=59F4D42056BC43960C2B052FA9D615AD6E654C8AA1DFE3703342375523BA8EA5,IMPHASH=41721E0F933696D50AB32D544D64DCD3",
                                "OriginalFileName": "svchost.exe",
                                "ParentImage": "C:\\Users\\george\\AppData\\Roaming\\Microsoft\\Windows\\Start Menu\\Programs\\Startup\\Windows Anytime Upgrade.exe",
                                "FileVersion": "10.0.17134.1276 (WinBuild.160101.0800)",
                                "ParentProcessId": "6972",
                                "CurrentDirectory": "C:\\Users\\george\\AppData\\Roaming\\Microsoft\\Windows\\Start Menu\\Programs\\Startup\\",
                                "CommandLine": "C:\\Windows\\system32\\svchost.exe",
                                "EventID": "1",
                                "LogonGuid": "C784477D-63B6-645B-E94D-040000000000",
                                "LogonId": "282089",
                                "Image": "C:\\Windows\\SysWOW64\\svchost.exe",
                                "IntegrityLevel": "High",
                                "ParentCommandLine": "\"C:\\Users\\george\\AppData\\Roaming\\Microsoft\\Windows\\Start Menu\\Programs\\Startup\\Windows Anytime Upgrade.exe\" ",
                                "UtcTime": "1685413274",
                                "RuleName": "-"
                            }
                        },
                        {
                            "values": {
                                "TerminalSessionId": "1",
                                "ProcessGuid": "{C784477D-5DB6-6475-AF0A-000000004A00}",
                                "ProcessId": "3768",
                                "Product": "Microsoft\\xae Windows\\xae Operating System",
                                "Description": "Host Process for Windows Services",
                                "Company": "Microsoft Corporation",
                                "ParentProcessGuid": "{C784477D-5DB5-6475-AE0A-000000004A00}",
                                "User": "DESKTOP-B0T93D6\\george",
                                "Hashes": "MD5=D2CBFEB7C4619A898890FEB4C4514AA9,SHA256=59F4D42056BC43960C2B052FA9D615AD6E654C8AA1DFE3703342375523BA8EA5,IMPHASH=41721E0F933696D50AB32D544D64DCD3",
                                "OriginalFileName": "svchost.exe",
                                "ParentImage": "C:\\Users\\george\\567627F65676\\winlogon.exe",
                                "FileVersion": "10.0.17134.1276 (WinBuild.160101.0800)",
                                "ParentProcessId": "4032",
                                "CurrentDirectory": "C:\\Users\\george\\567627F65676\\",
                                "CommandLine": "C:\\Windows\\system32\\svchost.exe",
                                "EventID": "1",
                                "LogonGuid": "C784477D-63B6-645B-E94D-040000000000",
                                "LogonId": "282089",
                                "Image": "C:\\Windows\\SysWOW64\\svchost.exe",
                                "IntegrityLevel": "High",
                                "ParentCommandLine": "\"C:\\Users\\george\\567627F65676\\winlogon.exe\" ",
                                "UtcTime": "1685413302",
                                "RuleName": "-"
                            }
                        },
                        {
                            "values": {
                                "TerminalSessionId": "1",
                                "ProcessGuid": "{C784477D-5DBE-6475-B30A-000000004A00}",
                                "ProcessId": "6536",
                                "Product": "Microsoft\\xae Windows\\xae Operating System",
                                "Description": "Host Process for Windows Services",
                                "Company": "Microsoft Corporation",
                                "ParentProcessGuid": "{C784477D-5DBE-6475-B20A-000000004A00}",
                                "User": "DESKTOP-B0T93D6\\george",
                                "Hashes": "MD5=D2CBFEB7C4619A898890FEB4C4514AA9,SHA256=59F4D42056BC43960C2B052FA9D615AD6E654C8AA1DFE3703342375523BA8EA5,IMPHASH=41721E0F933696D50AB32D544D64DCD3",
                                "OriginalFileName": "svchost.exe",
                                "ParentImage": "C:\\Users\\george\\567627F65676\\winlogon.exe",
                                "FileVersion": "10.0.17134.1276 (WinBuild.160101.0800)",
                                "ParentProcessId": "6492",
                                "CurrentDirectory": "C:\\Users\\george\\567627F65676\\",
                                "CommandLine": "C:\\Windows\\system32\\svchost.exe",
                                "EventID": "1",
                                "LogonGuid": "C784477D-63B6-645B-E94D-040000000000",
                                "LogonId": "282089",
                                "Image": "C:\\Windows\\SysWOW64\\svchost.exe",
                                "IntegrityLevel": "High",
                                "ParentCommandLine": "\"C:\\Users\\george\\567627F65676\\winlogon.exe\" ",
                                "UtcTime": "1685413310",
                                "RuleName": "-"
                            }
                        },
                        {
                            "values": {
                                "TerminalSessionId": "1",
                                "ProcessGuid": "{C784477D-5DC6-6475-B70A-000000004A00}",
                                "ProcessId": "7160",
                                "Product": "Microsoft\\xae Windows\\xae Operating System",
                                "Description": "Host Process for Windows Services",
                                "Company": "Microsoft Corporation",
                                "ParentProcessGuid": "{C784477D-5DC6-6475-B60A-000000004A00}",
                                "User": "DESKTOP-B0T93D6\\george",
                                "Hashes": "MD5=D2CBFEB7C4619A898890FEB4C4514AA9,SHA256=59F4D42056BC43960C2B052FA9D615AD6E654C8AA1DFE3703342375523BA8EA5,IMPHASH=41721E0F933696D50AB32D544D64DCD3",
                                "OriginalFileName": "svchost.exe",
                                "ParentImage": "C:\\Users\\george\\567627F65676\\winlogon.exe",
                                "FileVersion": "10.0.17134.1276 (WinBuild.160101.0800)",
                                "ParentProcessId": "7152",
                                "CurrentDirectory": "C:\\Users\\george\\567627F65676\\",
                                "CommandLine": "C:\\Windows\\system32\\svchost.exe",
                                "EventID": "1",
                                "LogonGuid": "C784477D-63B6-645B-E94D-040000000000",
                                "LogonId": "282089",
                                "Image": "C:\\Windows\\SysWOW64\\svchost.exe",
                                "IntegrityLevel": "High",
                                "ParentCommandLine": "\"C:\\Users\\george\\567627F65676\\winlogon.exe\" ",
                                "UtcTime": "1685413318",
                                "RuleName": "-"
                            }
                        }
                    ],
                    "rule_level": "high",
                    "rule_id": "a0daa529834b3c5230b4524da005a6b6503e7cb061e298a8f74e0dc1fee0a008",
                    "rule_source": "Sigma Integrated Rule Set (GitHub)",
                    "rule_title": "Suspicious Svchost Process",
                    "rule_description": "Detects a suspicious svchost process start",
                    "rule_author": "Florian Roth (Nextron Systems)"
                },
                {
                    "match_context": [
                        {
                            "values": {
                                "TerminalSessionId": "1",
                                "ProcessGuid": "{C784477D-5D45-6475-980A-000000004A00}",
                                "ProcessId": "7840",
                                "Product": "Microsoft\\xae Windows\\xae Operating System",
                                "Description": "Host Process for Windows Services",
                                "Company": "Microsoft Corporation",
                                "ParentProcessGuid": "{C784477D-5D45-6475-970A-000000004A00}",
                                "User": "DESKTOP-B0T93D6\\george",
                                "Hashes": "MD5=D2CBFEB7C4619A898890FEB4C4514AA9,SHA256=59F4D42056BC43960C2B052FA9D615AD6E654C8AA1DFE3703342375523BA8EA5,IMPHASH=41721E0F933696D50AB32D544D64DCD3",
                                "OriginalFileName": "svchost.exe",
                                "ParentImage": "C:\\Users\\george\\Desktop\\software.exe",
                                "FileVersion": "10.0.17134.1276 (WinBuild.160101.0800)",
                                "ParentProcessId": "7780",
                                "CurrentDirectory": "C:\\Users\\george\\Desktop\\",
                                "CommandLine": "C:\\Windows\\system32\\svchost.exe",
                                "EventID": "1",
                                "LogonGuid": "C784477D-63B6-645B-E94D-040000000000",
                                "LogonId": "282089",
                                "Image": "C:\\Windows\\SysWOW64\\svchost.exe",
                                "IntegrityLevel": "High",
                                "ParentCommandLine": "\"C:\\Users\\george\\Desktop\\software.exe\"",
                                "UtcTime": "1685413189",
                                "RuleName": "-"
                            }
                        },
                        {
                            "values": {
                                "TerminalSessionId": "1",
                                "ProcessGuid": "{C784477D-5D46-6475-9B0A-000000004A00}",
                                "ProcessId": "8072",
                                "Product": "Microsoft\\xae Windows\\xae Operating System",
                                "Description": "Host Process for Windows Services",
                                "Company": "Microsoft Corporation",
                                "ParentProcessGuid": "{C784477D-5D46-6475-9A0A-000000004A00}",
                                "User": "DESKTOP-B0T93D6\\george",
                                "Hashes": "MD5=D2CBFEB7C4619A898890FEB4C4514AA9,SHA256=59F4D42056BC43960C2B052FA9D615AD6E654C8AA1DFE3703342375523BA8EA5,IMPHASH=41721E0F933696D50AB32D544D64DCD3",
                                "OriginalFileName": "svchost.exe",
                                "ParentImage": "C:\\Users\\george\\567627F65676\\winlogon.exe",
                                "FileVersion": "10.0.17134.1276 (WinBuild.160101.0800)",
                                "ParentProcessId": "8060",
                                "CurrentDirectory": "C:\\Users\\george\\567627F65676\\",
                                "CommandLine": "C:\\Windows\\system32\\svchost.exe",
                                "EventID": "1",
                                "LogonGuid": "C784477D-63B6-645B-E94D-040000000000",
                                "LogonId": "282089",
                                "Image": "C:\\Windows\\SysWOW64\\svchost.exe",
                                "IntegrityLevel": "High",
                                "ParentCommandLine": "\"C:\\Users\\george\\567627F65676\\winlogon.exe\" ",
                                "UtcTime": "1685413190",
                                "RuleName": "-"
                            }
                        },
                        {
                            "values": {
                                "TerminalSessionId": "1",
                                "ProcessGuid": "{C784477D-5D9A-6475-A60A-000000004A00}",
                                "ProcessId": "5944",
                                "Product": "Microsoft\\xae Windows\\xae Operating System",
                                "Description": "Host Process for Windows Services",
                                "Company": "Microsoft Corporation",
                                "ParentProcessGuid": "{C784477D-5D99-6475-A50A-000000004A00}",
                                "User": "DESKTOP-B0T93D6\\george",
                                "Hashes": "MD5=D2CBFEB7C4619A898890FEB4C4514AA9,SHA256=59F4D42056BC43960C2B052FA9D615AD6E654C8AA1DFE3703342375523BA8EA5,IMPHASH=41721E0F933696D50AB32D544D64DCD3",
                                "OriginalFileName": "svchost.exe",
                                "ParentImage": "C:\\Users\\george\\AppData\\Roaming\\Microsoft\\Windows\\Start Menu\\Programs\\Startup\\Windows Anytime Upgrade.exe",
                                "FileVersion": "10.0.17134.1276 (WinBuild.160101.0800)",
                                "ParentProcessId": "6972",
                                "CurrentDirectory": "C:\\Users\\george\\AppData\\Roaming\\Microsoft\\Windows\\Start Menu\\Programs\\Startup\\",
                                "CommandLine": "C:\\Windows\\system32\\svchost.exe",
                                "EventID": "1",
                                "LogonGuid": "C784477D-63B6-645B-E94D-040000000000",
                                "LogonId": "282089",
                                "Image": "C:\\Windows\\SysWOW64\\svchost.exe",
                                "IntegrityLevel": "High",
                                "ParentCommandLine": "\"C:\\Users\\george\\AppData\\Roaming\\Microsoft\\Windows\\Start Menu\\Programs\\Startup\\Windows Anytime Upgrade.exe\" ",
                                "UtcTime": "1685413274",
                                "RuleName": "-"
                            }
                        },
                        {
                            "values": {
                                "TerminalSessionId": "1",
                                "ProcessGuid": "{C784477D-5DB6-6475-AF0A-000000004A00}",
                                "ProcessId": "3768",
                                "Product": "Microsoft\\xae Windows\\xae Operating System",
                                "Description": "Host Process for Windows Services",
                                "Company": "Microsoft Corporation",
                                "ParentProcessGuid": "{C784477D-5DB5-6475-AE0A-000000004A00}",
                                "User": "DESKTOP-B0T93D6\\george",
                                "Hashes": "MD5=D2CBFEB7C4619A898890FEB4C4514AA9,SHA256=59F4D42056BC43960C2B052FA9D615AD6E654C8AA1DFE3703342375523BA8EA5,IMPHASH=41721E0F933696D50AB32D544D64DCD3",
                                "OriginalFileName": "svchost.exe",
                                "ParentImage": "C:\\Users\\george\\567627F65676\\winlogon.exe",
                                "FileVersion": "10.0.17134.1276 (WinBuild.160101.0800)",
                                "ParentProcessId": "4032",
                                "CurrentDirectory": "C:\\Users\\george\\567627F65676\\",
                                "CommandLine": "C:\\Windows\\system32\\svchost.exe",
                                "EventID": "1",
                                "LogonGuid": "C784477D-63B6-645B-E94D-040000000000",
                                "LogonId": "282089",
                                "Image": "C:\\Windows\\SysWOW64\\svchost.exe",
                                "IntegrityLevel": "High",
                                "ParentCommandLine": "\"C:\\Users\\george\\567627F65676\\winlogon.exe\" ",
                                "UtcTime": "1685413302",
                                "RuleName": "-"
                            }
                        },
                        {
                            "values": {
                                "TerminalSessionId": "1",
                                "ProcessGuid": "{C784477D-5DBE-6475-B30A-000000004A00}",
                                "ProcessId": "6536",
                                "Product": "Microsoft\\xae Windows\\xae Operating System",
                                "Description": "Host Process for Windows Services",
                                "Company": "Microsoft Corporation",
                                "ParentProcessGuid": "{C784477D-5DBE-6475-B20A-000000004A00}",
                                "User": "DESKTOP-B0T93D6\\george",
                                "Hashes": "MD5=D2CBFEB7C4619A898890FEB4C4514AA9,SHA256=59F4D42056BC43960C2B052FA9D615AD6E654C8AA1DFE3703342375523BA8EA5,IMPHASH=41721E0F933696D50AB32D544D64DCD3",
                                "OriginalFileName": "svchost.exe",
                                "ParentImage": "C:\\Users\\george\\567627F65676\\winlogon.exe",
                                "FileVersion": "10.0.17134.1276 (WinBuild.160101.0800)",
                                "ParentProcessId": "6492",
                                "CurrentDirectory": "C:\\Users\\george\\567627F65676\\",
                                "CommandLine": "C:\\Windows\\system32\\svchost.exe",
                                "EventID": "1",
                                "LogonGuid": "C784477D-63B6-645B-E94D-040000000000",
                                "LogonId": "282089",
                                "Image": "C:\\Windows\\SysWOW64\\svchost.exe",
                                "IntegrityLevel": "High",
                                "ParentCommandLine": "\"C:\\Users\\george\\567627F65676\\winlogon.exe\" ",
                                "UtcTime": "1685413310",
                                "RuleName": "-"
                            }
                        },
