                        {
                            "values": {
                                "TerminalSessionId": "1",
                                "ProcessGuid": "{C784477D-5DC6-6475-B70A-000000004A00}",
                                "ProcessId": "7160",
                                "Product": "Microsoft\\xae Windows\\xae Operating System",
                                "Description": "Host Process for Windows Services",
                                "Company": "Microsoft Corporation",
                                "ParentProcessGuid": "{C784477D-5DC6-6475-B60A-000000004A00}",
                                "User": "DESKTOP-B0T93D6\\george",
                                "Hashes": "MD5=D2CBFEB7C4619A898890FEB4C4514AA9,SHA256=59F4D42056BC43960C2B052FA9D615AD6E654C8AA1DFE3703342375523BA8EA5,IMPHASH=41721E0F933696D50AB32D544D64DCD3",
                                "OriginalFileName": "svchost.exe",
                                "ParentImage": "C:\\Users\\george\\567627F65676\\winlogon.exe",
                                "FileVersion": "10.0.17134.1276 (WinBuild.160101.0800)",
                                "ParentProcessId": "7152",
                                "CurrentDirectory": "C:\\Users\\george\\567627F65676\\",
                                "CommandLine": "C:\\Windows\\system32\\svchost.exe",
                                "EventID": "1",
                                "LogonGuid": "C784477D-63B6-645B-E94D-040000000000",
                                "LogonId": "282089",
                                "Image": "C:\\Windows\\SysWOW64\\svchost.exe",
                                "IntegrityLevel": "High",
                                "ParentCommandLine": "\"C:\\Users\\george\\567627F65676\\winlogon.exe\" ",
                                "UtcTime": "1685413318",
                                "RuleName": "-"
                            }
                        }
                    ],
                    "rule_level": "high",
                    "rule_id": "dc04e64e69f5446c2a31920ee22415626307d5f3d0fb73ad81b9d3301a41000a",
                    "rule_source": "Sigma Integrated Rule Set (GitHub)",
                    "rule_title": "Suspect Svchost Activity",
                    "rule_description": "It is extremely abnormal for svchost.exe to spawn without any CLI arguments and is normally observed when a malicious process spawns the process and injects code into the process memory space.",
                    "rule_author": "David Burkett, @signalblur"
                },
                {
                    "match_context": [
                        {
                            "values": {
                                "EventID": "3",
                                "ProcessId": "8104",
                                "DestinationPortName": "domain",
                                "SourceIsIpv6": "true",
                                "Initiated": "true",
                                "DestinationIp": "808:808:0:0:0:0:0:0",
                                "SourcePortName": "-",
                                "Image": "C:\\Users\\george\\567627F65676\\winlogon.exe",
                                "ProcessGuid": "{C784477D-5D46-6475-9C0A-000000004A00}",
                                "DestinationHostname": "-",
                                "UtcTime": "1683711278",
                                "User": "DESKTOP-B0T93D6\\george",
                                "DestinationPort": "53",
                                "RuleName": "Usermode",
                                "SourcePort": "57082",
                                "Protocol": "udp",
                                "SourceHostname": "-",
                                "SourceIp": "c0a8:20f:0:0:c8f0:6e82:3b2:ffff",
                                "DestinationIsIpv6": "true"
                            }
                        },
                        {
                            "values": {
                                "EventID": "3",
                                "ProcessId": "8104",
                                "DestinationPortName": "http",
                                "SourceIsIpv6": "false",
                                "DestinationIp": "35.205.61.67",
                                "Initiated": "true",
                                "SourcePortName": "-",
                                "Image": "C:\\Users\\george\\567627F65676\\winlogon.exe",
                                "ProcessGuid": "{C784477D-5D46-6475-9C0A-000000004A00}",
                                "DestinationHostname": "67.61.205.35.bc.googleusercontent.com",
                                "UtcTime": "1683711278",
                                "User": "DESKTOP-B0T93D6\\george",
                                "DestinationPort": "80",
                                "RuleName": "Usermode",
                                "SourcePort": "49723",
                                "Protocol": "tcp",
                                "SourceHostname": "DESKTOP-B0T93D6.local",
                                "SourceIp": "192.168.2.15",
                                "DestinationIsIpv6": "false"
                            }
                        },
                        {
                            "values": {
                                "EventID": "3",
                                "ProcessId": "8104",
                                "DestinationPortName": "http",
                                "SourceIsIpv6": "false",
                                "DestinationIp": "35.205.61.67",
                                "Initiated": "true",
                                "SourcePortName": "-",
                                "Image": "C:\\Users\\george\\567627F65676\\winlogon.exe",
                                "ProcessGuid": "{C784477D-5D46-6475-9C0A-000000004A00}",
                                "DestinationHostname": "67.61.205.35.bc.googleusercontent.com",
                                "UtcTime": "1683711278",
                                "User": "DESKTOP-B0T93D6\\george",
                                "DestinationPort": "80",
                                "RuleName": "Usermode",
                                "SourcePort": "49724",
                                "Protocol": "tcp",
                                "DestinationIsIpv6": "false",
                                "SourceIp": "192.168.2.15",
                                "SourceHostname": "DESKTOP-B0T93D6.local"
                            }
                        },
                        {
                            "values": {
                                "EventID": "3",
                                "ProcessId": "8104",
                                "DestinationPortName": "http",
                                "Protocol": "tcp",
                                "DestinationIp": "35.205.61.67",
                                "Initiated": "true",
                                "SourcePortName": "-",
                                "Image": "C:\\Users\\george\\567627F65676\\winlogon.exe",
                                "RuleName": "Usermode",
                                "DestinationHostname": "67.61.205.35.bc.googleusercontent.com",
                                "UtcTime": "1683711282",
                                "User": "DESKTOP-B0T93D6\\george",
                                "DestinationPort": "80",
                                "ProcessGuid": "{C784477D-5D46-6475-9C0A-000000004A00}",
                                "SourcePort": "49725",
                                "SourceIsIpv6": "false",
                                "DestinationIsIpv6": "false",
                                "SourceIp": "192.168.2.15",
                                "SourceHostname": "DESKTOP-B0T93D6.local"
                            }
                        },
                        {
                            "values": {
                                "EventID": "3",
                                "ProcessId": "8104",
                                "DestinationPortName": "http",
                                "SourceIsIpv6": "false",
                                "Initiated": "true",
                                "DestinationIp": "35.205.61.67",
                                "SourcePortName": "-",
                                "Image": "C:\\Users\\george\\567627F65676\\winlogon.exe",
                                "ProcessGuid": "{C784477D-5D46-6475-9C0A-000000004A00}",
                                "DestinationHostname": "67.61.205.35.bc.googleusercontent.com",
                                "UtcTime": "1683711285",
                                "User": "DESKTOP-B0T93D6\\george",
                                "DestinationPort": "80",
                                "RuleName": "Usermode",
                                "SourcePort": "49726",
                                "Protocol": "tcp",
                                "SourceHostname": "DESKTOP-B0T93D6.local",
                                "SourceIp": "192.168.2.15",
                                "DestinationIsIpv6": "false"
                            }
                        },
                        {
                            "values": {
                                "EventID": "3",
                                "ProcessId": "8104",
                                "DestinationPortName": "http",
                                "Protocol": "tcp",
                                "Initiated": "true",
                                "DestinationIp": "35.205.61.67",
                                "SourcePortName": "-",
                                "Image": "C:\\Users\\george\\567627F65676\\winlogon.exe",
                                "RuleName": "Usermode",
                                "DestinationHostname": "67.61.205.35.bc.googleusercontent.com",
                                "UtcTime": "1683711290",
                                "User": "DESKTOP-B0T93D6\\george",
                                "DestinationPort": "80",
                                "ProcessGuid": "{C784477D-5D46-6475-9C0A-000000004A00}",
                                "SourcePort": "49732",
                                "SourceIsIpv6": "false",
                                "SourceHostname": "DESKTOP-B0T93D6.local",
                                "SourceIp": "192.168.2.15",
                                "DestinationIsIpv6": "false"
                            }
                        },
                        {
                            "values": {
                                "EventID": "3",
                                "ProcessId": "8104",
                                "DestinationPortName": "http",
                                "Protocol": "tcp",
                                "Initiated": "true",
                                "DestinationIp": "35.205.61.67",
                                "SourcePortName": "-",
                                "Image": "C:\\Users\\george\\567627F65676\\winlogon.exe",
                                "ProcessGuid": "{C784477D-5D46-6475-9C0A-000000004A00}",
                                "DestinationHostname": "67.61.205.35.bc.googleusercontent.com",
                                "UtcTime": "1683711302",
                                "User": "DESKTOP-B0T93D6\\george",
                                "DestinationPort": "80",
                                "RuleName": "Usermode",
                                "SourcePort": "49735",
                                "SourceIsIpv6": "false",
                                "DestinationIsIpv6": "false",
                                "SourceIp": "192.168.2.15",
                                "SourceHostname": "DESKTOP-B0T93D6.local"
                            }
                        },
                        {
                            "values": {
                                "EventID": "3",
                                "ProcessId": "8104",
                                "DestinationPortName": "http",
                                "SourceIsIpv6": "false",
                                "DestinationIp": "35.205.61.67",
                                "Initiated": "true",
                                "SourcePortName": "-",
                                "Image": "C:\\Users\\george\\567627F65676\\winlogon.exe",
                                "RuleName": "Usermode",
                                "DestinationHostname": "67.61.205.35.bc.googleusercontent.com",
                                "UtcTime": "1683711302",
                                "User": "DESKTOP-B0T93D6\\george",
                                "DestinationPort": "80",
                                "ProcessGuid": "{C784477D-5D46-6475-9C0A-000000004A00}",
                                "SourcePort": "49736",
                                "Protocol": "tcp",
                                "DestinationIsIpv6": "false",
                                "SourceIp": "192.168.2.15",
                                "SourceHostname": "DESKTOP-B0T93D6.local"
                            }
                        },
                        {
                            "values": {
                                "EventID": "3",
                                "ProcessId": "8104",
                                "DestinationPortName": "http",
                                "SourceIsIpv6": "false",
                                "Initiated": "true",
                                "DestinationIp": "35.205.61.67",
                                "SourcePortName": "-",
                                "Image": "C:\\Users\\george\\567627F65676\\winlogon.exe",
                                "ProcessGuid": "{C784477D-5D46-6475-9C0A-000000004A00}",
                                "DestinationHostname": "67.61.205.35.bc.googleusercontent.com",
                                "UtcTime": "1683711302",
                                "User": "DESKTOP-B0T93D6\\george",
                                "DestinationPort": "80",
                                "RuleName": "Usermode",
                                "SourcePort": "49733",
                                "Protocol": "tcp",
                                "SourceHostname": "DESKTOP-B0T93D6.local",
                                "SourceIp": "192.168.2.15",
                                "DestinationIsIpv6": "false"
                            }
                        },
                        {
                            "values": {
                                "EventID": "3",
                                "ProcessId": "8104",
                                "DestinationPortName": "http",
                                "Protocol": "tcp",
                                "DestinationIp": "35.205.61.67",
                                "Initiated": "true",
                                "SourcePortName": "-",
                                "Image": "C:\\Users\\george\\567627F65676\\winlogon.exe",
                                "RuleName": "Usermode",
                                "DestinationHostname": "67.61.205.35.bc.googleusercontent.com",
                                "UtcTime": "1683711302",
                                "User": "DESKTOP-B0T93D6\\george",
                                "DestinationPort": "80",
                                "ProcessGuid": "{C784477D-5D46-6475-9C0A-000000004A00}",
                                "SourcePort": "49734",
                                "SourceIsIpv6": "false",
                                "SourceHostname": "DESKTOP-B0T93D6.local",
                                "SourceIp": "192.168.2.15",
                                "DestinationIsIpv6": "false"
                            }
                        },
                        {
                            "values": {
                                "EventID": "3",
                                "ProcessId": "8104",
                                "DestinationPortName": "http",
                                "SourceIsIpv6": "false",
                                "Initiated": "true",
                                "DestinationIp": "35.205.61.67",
                                "SourcePortName": "-",
                                "Image": "C:\\Users\\george\\567627F65676\\winlogon.exe",
                                "RuleName": "Usermode",
                                "DestinationHostname": "67.61.205.35.bc.googleusercontent.com",
                                "UtcTime": "1683711312",
                                "User": "DESKTOP-B0T93D6\\george",
                                "DestinationPort": "80",
                                "ProcessGuid": "{C784477D-5D46-6475-9C0A-000000004A00}",
                                "SourcePort": "49737",
                                "Protocol": "tcp",
                                "SourceHostname": "DESKTOP-B0T93D6.local",
                                "SourceIp": "192.168.2.15",
                                "DestinationIsIpv6": "false"
                            }
                        },
                        {
                            "values": {
                                "EventID": "3",
                                "ProcessId": "8104",
                                "DestinationPortName": "http",
                                "SourceIsIpv6": "false",
                                "Initiated": "true",
                                "DestinationIp": "35.205.61.67",
                                "SourcePortName": "-",
                                "Image": "C:\\Users\\george\\567627F65676\\winlogon.exe",
                                "ProcessGuid": "{C784477D-5D46-6475-9C0A-000000004A00}",
                                "DestinationHostname": "67.61.205.35.bc.googleusercontent.com",
                                "UtcTime": "1683711316",
                                "User": "DESKTOP-B0T93D6\\george",
                                "DestinationPort": "80",
                                "RuleName": "Usermode",
                                "SourcePort": "49738",
                                "Protocol": "tcp",
                                "SourceHostname": "DESKTOP-B0T93D6.local",
                                "SourceIp": "192.168.2.15",
                                "DestinationIsIpv6": "false"
                            }
                        },
                        {
                            "values": {
                                "EventID": "3",
                                "ProcessId": "7992",
                                "DestinationPortName": "domain",
                                "Protocol": "udp",
                                "DestinationIp": "808:808:0:0:0:0:0:0",
                                "Initiated": "true",
                                "SourcePortName": "-",
                                "Image": "C:\\Users\\george\\567627F65676\\winlogon.exe",
                                "RuleName": "Usermode",
                                "DestinationHostname": "-",
                                "UtcTime": "1683711347",
                                "User": "DESKTOP-B0T93D6\\george",
                                "DestinationPort": "53",
                                "ProcessGuid": "{C784477D-5D8C-6475-A40A-000000004A00}",
                                "SourcePort": "55905",
                                "SourceIsIpv6": "true",
                                "DestinationIsIpv6": "true",
                                "SourceIp": "c0a8:20f:0:0:c8f0:6e82:3b2:ffff",
                                "SourceHostname": "-"
                            }
                        },
                        {
                            "values": {
                                "EventID": "3",
                                "ProcessId": "7992",
                                "DestinationPortName": "http",
                                "Protocol": "tcp",
                                "Initiated": "true",
                                "DestinationIp": "104.22.75.171",
                                "SourcePortName": "-",
                                "Image": "C:\\Users\\george\\567627F65676\\winlogon.exe",
                                "RuleName": "Usermode",
                                "DestinationHostname": "-",
                                "UtcTime": "1683711347",
                                "User": "DESKTOP-B0T93D6\\george",
                                "DestinationPort": "80",
                                "ProcessGuid": "{C784477D-5D8C-6475-A40A-000000004A00}",
                                "SourcePort": "49743",
                                "SourceIsIpv6": "false",
                                "DestinationIsIpv6": "false",
                                "SourceIp": "192.168.2.15",
                                "SourceHostname": "DESKTOP-B0T93D6.local"
                            }
                        },
                        {
                            "values": {
                                "EventID": "3",
                                "ProcessId": "7992",
                                "DestinationPortName": "http",
                                "Protocol": "tcp",
                                "DestinationIp": "104.22.74.171",
                                "Initiated": "true",
                                "SourcePortName": "-",
                                "Image": "C:\\Users\\george\\567627F65676\\winlogon.exe",
                                "ProcessGuid": "{C784477D-5D8C-6475-A40A-000000004A00}",
                                "DestinationHostname": "-",
                                "UtcTime": "1683711347",
                                "User": "DESKTOP-B0T93D6\\george",
                                "DestinationPort": "80",
                                "RuleName": "Usermode",
                                "SourcePort": "49742",
                                "SourceIsIpv6": "false",
                                "SourceHostname": "DESKTOP-B0T93D6.local",
                                "SourceIp": "192.168.2.15",
                                "DestinationIsIpv6": "false"
                            }
                        },
                        {
                            "values": {
                                "EventID": "3",
                                "ProcessId": "8104",
                                "DestinationPortName": "http",
                                "SourceIsIpv6": "false",
                                "DestinationIp": "35.205.61.67",
                                "Initiated": "true",
                                "SourcePortName": "-",
                                "Image": "C:\\Users\\george\\567627F65676\\winlogon.exe",
                                "RuleName": "Usermode",
                                "DestinationHostname": "67.61.205.35.bc.googleusercontent.com",
                                "UtcTime": "1683711408",
                                "User": "DESKTOP-B0T93D6\\george",
                                "DestinationPort": "80",
                                "ProcessGuid": "{C784477D-5D46-6475-9C0A-000000004A00}",
                                "SourcePort": "49775",
                                "Protocol": "tcp",
                                "SourceHostname": "DESKTOP-B0T93D6.local",
                                "SourceIp": "192.168.2.15",
                                "DestinationIsIpv6": "false"
                            }
                        },
                        {
                            "values": {
                                "EventID": "3",
                                "ProcessId": "8104",
                                "DestinationPortName": "http",
                                "SourceIsIpv6": "false",
                                "DestinationIp": "35.205.61.67",
                                "Initiated": "true",
                                "SourcePortName": "-",
                                "Image": "C:\\Users\\george\\567627F65676\\winlogon.exe",
                                "RuleName": "Usermode",
                                "DestinationHostname": "67.61.205.35.bc.googleusercontent.com",
                                "UtcTime": "1683711429",
                                "User": "DESKTOP-B0T93D6\\george",
                                "DestinationPort": "80",
                                "ProcessGuid": "{C784477D-5D46-6475-9C0A-000000004A00}",
                                "SourcePort": "49810",
                                "Protocol": "tcp",
                                "DestinationIsIpv6": "false",
                                "SourceIp": "192.168.2.15",
                                "SourceHostname": "DESKTOP-B0T93D6.local"
                            }
                        },
                        {
                            "values": {
                                "EventID": "3",
                                "ProcessId": "8104",
                                "DestinationPortName": "http",
                                "Protocol": "tcp",
                                "Initiated": "true",
                                "DestinationIp": "35.205.61.67",
                                "SourcePortName": "-",
                                "Image": "C:\\Users\\george\\567627F65676\\winlogon.exe",
                                "ProcessGuid": "{C784477D-5D46-6475-9C0A-000000004A00}",
                                "DestinationHostname": "67.61.205.35.bc.googleusercontent.com",
                                "UtcTime": "1683711430",
                                "User": "DESKTOP-B0T93D6\\george",
                                "DestinationPort": "80",
                                "RuleName": "Usermode",
                                "SourcePort": "49811",
                                "SourceIsIpv6": "false",
                                "DestinationIsIpv6": "false",
                                "SourceIp": "192.168.2.15",
                                "SourceHostname": "DESKTOP-B0T93D6.local"
                            }
                        }
                    ],
                    "rule_level": "medium",
                    "rule_id": "030a43138df8f268a688b4d336377f9ae24dca9828eec55a36d20824b6201ae9",
                    "rule_source": "Sigma Integrated Rule Set (GitHub)",
                    "rule_title": "Outbound Network Connection To Public IP Via Winlogon",
                    "rule_description": "Detects a \"winlogon.exe\" process that initiate network communications with public IP addresses",
                    "rule_author": "Christopher Peacock @securepeacock, SCYTHE @scythe_io"
                },
                {
                    "match_context": [
                        {
                            "values": {
                                "EventID": "13",
                                "ProcessId": "7992",
                                "EventType": "SetValue",
                                "Image": "C:\\Users\\george\\567627F65676\\winlogon.exe",
                                "RuleName": "T1060,RunKey",
                                "UtcTime": "1685413291",
                                "Details": "C:\\Users\\george\\567627F65676\\winlogon.exe",
                                "ProcessGuid": "{C784477D-5D8C-6475-A40A-000000004A00}",
                                "TargetObject": "HKLM\\SOFTWARE\\WOW6432Node\\Microsoft\\Windows\\CurrentVersion\\Run\\14523399BFC72E3EAA83539A8242220D3C7A3E2C1DB8B6CE"
                            }
                        },
                        {
                            "values": {
                                "EventID": "13",
                                "ProcessId": "7992",
                                "EventType": "SetValue",
                                "Image": "C:\\Users\\george\\567627F65676\\winlogon.exe",
                                "ProcessGuid": "{C784477D-5D8C-6475-A40A-000000004A00}",
                                "UtcTime": "1685413292",
                                "Details": "C:\\Users\\george\\567627F65676\\winlogon.exe",
                                "RuleName": "T1060,RunKey",
                                "TargetObject": "HKLM\\SOFTWARE\\WOW6432Node\\Microsoft\\Windows\\CurrentVersion\\Run\\14523399BFC72E3EAA83539A8242220D3C7A3E2C1DB8B6CE"
                            }
                        },
                        {
                            "values": {
                                "EventID": "13",
                                "ProcessId": "7992",
                                "EventType": "SetValue",
                                "Image": "C:\\Users\\george\\567627F65676\\winlogon.exe",
                                "RuleName": "T1060,RunKey",
                                "UtcTime": "1685413293",
                                "Details": "C:\\Users\\george\\567627F65676\\winlogon.exe",
                                "ProcessGuid": "{C784477D-5D8C-6475-A40A-000000004A00}",
                                "TargetObject": "HKLM\\SOFTWARE\\WOW6432Node\\Microsoft\\Windows\\CurrentVersion\\Run\\14523399BFC72E3EAA83539A8242220D3C7A3E2C1DB8B6CE"
                            }
                        },
                        {
                            "values": {
                                "EventID": "13",
                                "ProcessId": "7992",
                                "EventType": "SetValue",
                                "Image": "C:\\Users\\george\\567627F65676\\winlogon.exe",
                                "RuleName": "T1060,RunKey",
                                "UtcTime": "1685413294",
                                "Details": "C:\\Users\\george\\567627F65676\\winlogon.exe",
                                "ProcessGuid": "{C784477D-5D8C-6475-A40A-000000004A00}",
                                "TargetObject": "HKLM\\SOFTWARE\\WOW6432Node\\Microsoft\\Windows\\CurrentVersion\\Run\\14523399BFC72E3EAA83539A8242220D3C7A3E2C1DB8B6CE"
                            }
                        },
                        {
                            "values": {
                                "EventID": "13",
                                "ProcessId": "7992",
                                "EventType": "SetValue",
                                "Image": "C:\\Users\\george\\567627F65676\\winlogon.exe",
                                "ProcessGuid": "{C784477D-5D8C-6475-A40A-000000004A00}",
                                "UtcTime": "1685413295",
                                "Details": "C:\\Users\\george\\567627F65676\\winlogon.exe",
                                "RuleName": "T1060,RunKey",
                                "TargetObject": "HKLM\\SOFTWARE\\WOW6432Node\\Microsoft\\Windows\\CurrentVersion\\Run\\14523399BFC72E3EAA83539A8242220D3C7A3E2C1DB8B6CE"
                            }
                        },
                        {
                            "values": {
                                "EventID": "13",
                                "ProcessId": "7992",
                                "EventType": "SetValue",
                                "Image": "C:\\Users\\george\\567627F65676\\winlogon.exe",
                                "RuleName": "T1060,RunKey",
                                "UtcTime": "1685413296",
                                "Details": "C:\\Users\\george\\567627F65676\\winlogon.exe",
                                "ProcessGuid": "{C784477D-5D8C-6475-A40A-000000004A00}",
                                "TargetObject": "HKLM\\SOFTWARE\\WOW6432Node\\Microsoft\\Windows\\CurrentVersion\\Run\\14523399BFC72E3EAA83539A8242220D3C7A3E2C1DB8B6CE"
                            }
                        },
                        {
                            "values": {
                                "EventID": "13",
                                "ProcessId": "7992",
                                "EventType": "SetValue",
                                "Image": "C:\\Users\\george\\567627F65676\\winlogon.exe",
                                "RuleName": "T1060,RunKey",
                                "UtcTime": "1685413297",
                                "Details": "C:\\Users\\george\\567627F65676\\winlogon.exe",
                                "ProcessGuid": "{C784477D-5D8C-6475-A40A-000000004A00}",
                                "TargetObject": "HKLM\\SOFTWARE\\WOW6432Node\\Microsoft\\Windows\\CurrentVersion\\Run\\14523399BFC72E3EAA83539A8242220D3C7A3E2C1DB8B6CE"
                            }
                        },
                        {
                            "values": {
                                "EventID": "13",
                                "ProcessId": "7992",
                                "EventType": "SetValue",
                                "Image": "C:\\Users\\george\\567627F65676\\winlogon.exe",
                                "ProcessGuid": "{C784477D-5D8C-6475-A40A-000000004A00}",
                                "UtcTime": "1685413298",
                                "Details": "C:\\Users\\george\\567627F65676\\winlogon.exe",
                                "RuleName": "T1060,RunKey",
                                "TargetObject": "HKLM\\SOFTWARE\\WOW6432Node\\Microsoft\\Windows\\CurrentVersion\\Run\\14523399BFC72E3EAA83539A8242220D3C7A3E2C1DB8B6CE"
                            }
                        },
                        {
                            "values": {
                                "EventID": "13",
                                "ProcessId": "7992",
                                "EventType": "SetValue",
                                "Image": "C:\\Users\\george\\567627F65676\\winlogon.exe",
                                "RuleName": "T1060,RunKey",
                                "UtcTime": "1685413299",
                                "Details": "C:\\Users\\george\\567627F65676\\winlogon.exe",
                                "ProcessGuid": "{C784477D-5D8C-6475-A40A-000000004A00}",
                                "TargetObject": "HKLM\\SOFTWARE\\WOW6432Node\\Microsoft\\Windows\\CurrentVersion\\Run\\14523399BFC72E3EAA83539A8242220D3C7A3E2C1DB8B6CE"
                            }
                        },
                        {
                            "values": {
                                "EventID": "13",
                                "ProcessId": "7992",
                                "EventType": "SetValue",
                                "Image": "C:\\Users\\george\\567627F65676\\winlogon.exe",
                                "RuleName": "T1060,RunKey",
                                "UtcTime": "1685413300",
                                "Details": "C:\\Users\\george\\567627F65676\\winlogon.exe",
                                "ProcessGuid": "{C784477D-5D8C-6475-A40A-000000004A00}",
                                "TargetObject": "HKLM\\SOFTWARE\\WOW6432Node\\Microsoft\\Windows\\CurrentVersion\\Run\\14523399BFC72E3EAA83539A8242220D3C7A3E2C1DB8B6CE"
                            }
                        },
                        {
                            "values": {
                                "EventID": "13",
                                "ProcessId": "7992",
                                "EventType": "SetValue",
                                "Image": "C:\\Users\\george\\567627F65676\\winlogon.exe",
                                "RuleName": "T1060,RunKey",
                                "UtcTime": "1685413301",
                                "Details": "C:\\Users\\george\\567627F65676\\winlogon.exe",
                                "ProcessGuid": "{C784477D-5D8C-6475-A40A-000000004A00}",
                                "TargetObject": "HKLM\\SOFTWARE\\WOW6432Node\\Microsoft\\Windows\\CurrentVersion\\Run\\14523399BFC72E3EAA83539A8242220D3C7A3E2C1DB8B6CE"
                            }
                        },
                        {
                            "values": {
                                "EventID": "13",
                                "ProcessId": "7992",
                                "EventType": "SetValue",
                                "Image": "C:\\Users\\george\\567627F65676\\winlogon.exe",
                                "ProcessGuid": "{C784477D-5D8C-6475-A40A-000000004A00}",
                                "UtcTime": "1685413303",
                                "Details": "C:\\Users\\george\\567627F65676\\winlogon.exe",
                                "RuleName": "T1060,RunKey",
                                "TargetObject": "HKLM\\SOFTWARE\\WOW6432Node\\Microsoft\\Windows\\CurrentVersion\\Run\\14523399BFC72E3EAA83539A8242220D3C7A3E2C1DB8B6CE"
                            }
                        },
                        {
                            "values": {
                                "EventID": "13",
                                "ProcessId": "7992",
                                "EventType": "SetValue",
                                "Image": "C:\\Users\\george\\567627F65676\\winlogon.exe",
                                "RuleName": "T1060,RunKey",
                                "UtcTime": "1685413304",
                                "Details": "C:\\Users\\george\\567627F65676\\winlogon.exe",
                                "ProcessGuid": "{C784477D-5D8C-6475-A40A-000000004A00}",
                                "TargetObject": "HKLM\\SOFTWARE\\WOW6432Node\\Microsoft\\Windows\\CurrentVersion\\Run\\14523399BFC72E3EAA83539A8242220D3C7A3E2C1DB8B6CE"
                            }
                        },
                        {
                            "values": {
                                "EventID": "13",
                                "ProcessId": "7992",
                                "EventType": "SetValue",
                                "Image": "C:\\Users\\george\\567627F65676\\winlogon.exe",
                                "RuleName": "T1060,RunKey",
                                "UtcTime": "1685413305",
                                "Details": "C:\\Users\\george\\567627F65676\\winlogon.exe",
                                "ProcessGuid": "{C784477D-5D8C-6475-A40A-000000004A00}",
                                "TargetObject": "HKLM\\SOFTWARE\\WOW6432Node\\Microsoft\\Windows\\CurrentVersion\\Run\\14523399BFC72E3EAA83539A8242220D3C7A3E2C1DB8B6CE"
                            }
                        },
                        {
                            "values": {
                                "EventID": "13",
                                "ProcessId": "7992",
                                "EventType": "SetValue",
                                "Image": "C:\\Users\\george\\567627F65676\\winlogon.exe",
                                "ProcessGuid": "{C784477D-5D8C-6475-A40A-000000004A00}",
                                "UtcTime": "1685413306",
                                "Details": "C:\\Users\\george\\567627F65676\\winlogon.exe",
                                "RuleName": "T1060,RunKey",
                                "TargetObject": "HKLM\\SOFTWARE\\WOW6432Node\\Microsoft\\Windows\\CurrentVersion\\Run\\14523399BFC72E3EAA83539A8242220D3C7A3E2C1DB8B6CE"
                            }
                        },
                        {
                            "values": {
                                "EventID": "13",
                                "ProcessId": "7992",
                                "EventType": "SetValue",
                                "Image": "C:\\Users\\george\\567627F65676\\winlogon.exe",
                                "ProcessGuid": "{C784477D-5D8C-6475-A40A-000000004A00}",
                                "UtcTime": "1685413307",
                                "Details": "C:\\Users\\george\\567627F65676\\winlogon.exe",
                                "RuleName": "T1060,RunKey",
                                "TargetObject": "HKLM\\SOFTWARE\\WOW6432Node\\Microsoft\\Windows\\CurrentVersion\\Run\\14523399BFC72E3EAA83539A8242220D3C7A3E2C1DB8B6CE"
                            }
                        },
                        {
                            "values": {
                                "EventID": "13",
                                "ProcessId": "7992",
                                "EventType": "SetValue",
                                "Image": "C:\\Users\\george\\567627F65676\\winlogon.exe",
                                "RuleName": "T1060,RunKey",
                                "UtcTime": "1685413308",
                                "Details": "C:\\Users\\george\\567627F65676\\winlogon.exe",
                                "ProcessGuid": "{C784477D-5D8C-6475-A40A-000000004A00}",
                                "TargetObject": "HKLM\\SOFTWARE\\WOW6432Node\\Microsoft\\Windows\\CurrentVersion\\Run\\14523399BFC72E3EAA83539A8242220D3C7A3E2C1DB8B6CE"
                            }
                        },
                        {
                            "values": {
                                "EventID": "13",
                                "ProcessId": "7992",
                                "EventType": "SetValue",
                                "Image": "C:\\Users\\george\\567627F65676\\winlogon.exe",
                                "RuleName": "T1060,RunKey",
                                "UtcTime": "1685413309",
                                "Details": "C:\\Users\\george\\567627F65676\\winlogon.exe",
                                "ProcessGuid": "{C784477D-5D8C-6475-A40A-000000004A00}",
                                "TargetObject": "HKLM\\SOFTWARE\\WOW6432Node\\Microsoft\\Windows\\CurrentVersion\\Run\\14523399BFC72E3EAA83539A8242220D3C7A3E2C1DB8B6CE"
                            }
                        },
                        {
                            "values": {
                                "EventID": "13",
                                "ProcessId": "7992",
                                "EventType": "SetValue",
                                "Image": "C:\\Users\\george\\567627F65676\\winlogon.exe",
                                "ProcessGuid": "{C784477D-5D8C-6475-A40A-000000004A00}",
                                "UtcTime": "1685413310",
                                "Details": "C:\\Users\\george\\567627F65676\\winlogon.exe",
                                "RuleName": "T1060,RunKey",
                                "TargetObject": "HKLM\\SOFTWARE\\WOW6432Node\\Microsoft\\Windows\\CurrentVersion\\Run\\14523399BFC72E3EAA83539A8242220D3C7A3E2C1DB8B6CE"
                            }
                        },
                        {
                            "values": {
                                "EventID": "13",
                                "ProcessId": "7992",
                                "EventType": "SetValue",
                                "Image": "C:\\Users\\george\\567627F65676\\winlogon.exe",
                                "ProcessGuid": "{C784477D-5D8C-6475-A40A-000000004A00}",
                                "UtcTime": "1685413311",
                                "Details": "C:\\Users\\george\\567627F65676\\winlogon.exe",
                                "RuleName": "T1060,RunKey",
                                "TargetObject": "HKLM\\SOFTWARE\\WOW6432Node\\Microsoft\\Windows\\CurrentVersion\\Run\\14523399BFC72E3EAA83539A8242220D3C7A3E2C1DB8B6CE"
                            }
                        },
                        {
                            "values": {
                                "EventID": "13",
                                "ProcessId": "7992",
                                "EventType": "SetValue",
                                "Image": "C:\\Users\\george\\567627F65676\\winlogon.exe",
                                "RuleName": "T1060,RunKey",
                                "UtcTime": "1685413312",
                                "Details": "C:\\Users\\george\\567627F65676\\winlogon.exe",
                                "ProcessGuid": "{C784477D-5D8C-6475-A40A-000000004A00}",
                                "TargetObject": "HKLM\\SOFTWARE\\WOW6432Node\\Microsoft\\Windows\\CurrentVersion\\Run\\14523399BFC72E3EAA83539A8242220D3C7A3E2C1DB8B6CE"
                            }
                        },
                        {
                            "values": {
                                "EventID": "13",
                                "ProcessId": "7992",
                                "EventType": "SetValue",
                                "Image": "C:\\Users\\george\\567627F65676\\winlogon.exe",
                                "ProcessGuid": "{C784477D-5D8C-6475-A40A-000000004A00}",
                                "UtcTime": "1685413313",
                                "Details": "C:\\Users\\george\\567627F65676\\winlogon.exe",
                                "RuleName": "T1060,RunKey",
                                "TargetObject": "HKLM\\SOFTWARE\\WOW6432Node\\Microsoft\\Windows\\CurrentVersion\\Run\\14523399BFC72E3EAA83539A8242220D3C7A3E2C1DB8B6CE"
                            }
                        },
                        {
                            "values": {
                                "EventID": "13",
                                "ProcessId": "7992",
                                "EventType": "SetValue",
                                "Image": "C:\\Users\\george\\567627F65676\\winlogon.exe",
                                "RuleName": "T1060,RunKey",
                                "UtcTime": "1685413314",
                                "Details": "C:\\Users\\george\\567627F65676\\winlogon.exe",
                                "ProcessGuid": "{C784477D-5D8C-6475-A40A-000000004A00}",
                                "TargetObject": "HKLM\\SOFTWARE\\WOW6432Node\\Microsoft\\Windows\\CurrentVersion\\Run\\14523399BFC72E3EAA83539A8242220D3C7A3E2C1DB8B6CE"
                            }
                        },
                        {
                            "values": {
                                "EventID": "13",
                                "ProcessId": "7992",
                                "EventType": "SetValue",
                                "Image": "C:\\Users\\george\\567627F65676\\winlogon.exe",
                                "ProcessGuid": "{C784477D-5D8C-6475-A40A-000000004A00}",
                                "UtcTime": "1685413316",
                                "Details": "C:\\Users\\george\\567627F65676\\winlogon.exe",
                                "RuleName": "T1060,RunKey",
                                "TargetObject": "HKLM\\SOFTWARE\\WOW6432Node\\Microsoft\\Windows\\CurrentVersion\\Run\\14523399BFC72E3EAA83539A8242220D3C7A3E2C1DB8B6CE"
                            }
                        },
                        {
                            "values": {
                                "EventID": "13",
                                "ProcessId": "7992",
                                "EventType": "SetValue",
                                "Image": "C:\\Users\\george\\567627F65676\\winlogon.exe",
                                "RuleName": "T1060,RunKey",
                                "UtcTime": "1685413317",
                                "Details": "C:\\Users\\george\\567627F65676\\winlogon.exe",
                                "ProcessGuid": "{C784477D-5D8C-6475-A40A-000000004A00}",
                                "TargetObject": "HKLM\\SOFTWARE\\WOW6432Node\\Microsoft\\Windows\\CurrentVersion\\Run\\14523399BFC72E3EAA83539A8242220D3C7A3E2C1DB8B6CE"
                            }
                        },
                        {
                            "values": {
                                "EventID": "13",
                                "ProcessId": "7992",
                                "EventType": "SetValue",
                                "Image": "C:\\Users\\george\\567627F65676\\winlogon.exe",
                                "RuleName": "T1060,RunKey",
                                "UtcTime": "1685413318",
                                "Details": "C:\\Users\\george\\567627F65676\\winlogon.exe",
                                "ProcessGuid": "{C784477D-5D8C-6475-A40A-000000004A00}",
                                "TargetObject": "HKLM\\SOFTWARE\\WOW6432Node\\Microsoft\\Windows\\CurrentVersion\\Run\\14523399BFC72E3EAA83539A8242220D3C7A3E2C1DB8B6CE"
                            }
                        },
                        {
                            "values": {
                                "EventID": "13",
                                "ProcessId": "7992",
                                "EventType": "SetValue",
                                "Image": "C:\\Users\\george\\567627F65676\\winlogon.exe",
                                "RuleName": "T1060,RunKey",
                                "UtcTime": "1685413319",
                                "Details": "C:\\Users\\george\\567627F65676\\winlogon.exe",
                                "ProcessGuid": "{C784477D-5D8C-6475-A40A-000000004A00}",
                                "TargetObject": "HKLM\\SOFTWARE\\WOW6432Node\\Microsoft\\Windows\\CurrentVersion\\Run\\14523399BFC72E3EAA83539A8242220D3C7A3E2C1DB8B6CE"
                            }
                        },
