                        {
                            "values": {
                                "EventID": "13",
                                "ProcessId": "7992",
                                "EventType": "SetValue",
                                "Image": "C:\\Users\\george\\567627F65676\\winlogon.exe",
                                "RuleName": "T1060,RunKey",
                                "UtcTime": "1685413320",
                                "Details": "C:\\Users\\george\\567627F65676\\winlogon.exe",
                                "ProcessGuid": "{C784477D-5D8C-6475-A40A-000000004A00}",
                                "TargetObject": "HKLM\\SOFTWARE\\WOW6432Node\\Microsoft\\Windows\\CurrentVersion\\Run\\14523399BFC72E3EAA83539A8242220D3C7A3E2C1DB8B6CE"
                            }
                        },
                        {
                            "values": {
                                "EventID": "13",
                                "ProcessId": "7992",
                                "EventType": "SetValue",
                                "Image": "C:\\Users\\george\\567627F65676\\winlogon.exe",
                                "RuleName": "T1060,RunKey",
                                "UtcTime": "1685413321",
                                "Details": "C:\\Users\\george\\567627F65676\\winlogon.exe",
                                "ProcessGuid": "{C784477D-5D8C-6475-A40A-000000004A00}",
                                "TargetObject": "HKLM\\SOFTWARE\\WOW6432Node\\Microsoft\\Windows\\CurrentVersion\\Run\\14523399BFC72E3EAA83539A8242220D3C7A3E2C1DB8B6CE"
                            }
                        },
                        {
                            "values": {
                                "EventID": "13",
                                "ProcessId": "7992",
                                "EventType": "SetValue",
                                "Image": "C:\\Users\\george\\567627F65676\\winlogon.exe",
                                "RuleName": "T1060,RunKey",
                                "UtcTime": "1685413322",
                                "Details": "C:\\Users\\george\\567627F65676\\winlogon.exe",
                                "ProcessGuid": "{C784477D-5D8C-6475-A40A-000000004A00}",
                                "TargetObject": "HKLM\\SOFTWARE\\WOW6432Node\\Microsoft\\Windows\\CurrentVersion\\Run\\14523399BFC72E3EAA83539A8242220D3C7A3E2C1DB8B6CE"
                            }
                        },
                        {
                            "values": {
                                "EventID": "13",
                                "ProcessId": "7992",
                                "EventType": "SetValue",
                                "Image": "C:\\Users\\george\\567627F65676\\winlogon.exe",
                                "RuleName": "T1060,RunKey",
                                "UtcTime": "1685413323",
                                "Details": "C:\\Users\\george\\567627F65676\\winlogon.exe",
                                "ProcessGuid": "{C784477D-5D8C-6475-A40A-000000004A00}",
                                "TargetObject": "HKLM\\SOFTWARE\\WOW6432Node\\Microsoft\\Windows\\CurrentVersion\\Run\\14523399BFC72E3EAA83539A8242220D3C7A3E2C1DB8B6CE"
                            }
                        },
                        {
                            "values": {
                                "EventID": "13",
                                "ProcessId": "7992",
                                "EventType": "SetValue",
                                "Image": "C:\\Users\\george\\567627F65676\\winlogon.exe",
                                "ProcessGuid": "{C784477D-5D8C-6475-A40A-000000004A00}",
                                "UtcTime": "1685413324",
                                "Details": "C:\\Users\\george\\567627F65676\\winlogon.exe",
                                "RuleName": "T1060,RunKey",
                                "TargetObject": "HKLM\\SOFTWARE\\WOW6432Node\\Microsoft\\Windows\\CurrentVersion\\Run\\14523399BFC72E3EAA83539A8242220D3C7A3E2C1DB8B6CE"
                            }
                        },
                        {
                            "values": {
                                "EventID": "13",
                                "ProcessId": "7992",
                                "EventType": "SetValue",
                                "Image": "C:\\Users\\george\\567627F65676\\winlogon.exe",
                                "RuleName": "T1060,RunKey",
                                "UtcTime": "1685413325",
                                "Details": "C:\\Users\\george\\567627F65676\\winlogon.exe",
                                "ProcessGuid": "{C784477D-5D8C-6475-A40A-000000004A00}",
                                "TargetObject": "HKLM\\SOFTWARE\\WOW6432Node\\Microsoft\\Windows\\CurrentVersion\\Run\\14523399BFC72E3EAA83539A8242220D3C7A3E2C1DB8B6CE"
                            }
                        },
                        {
                            "values": {
                                "EventID": "13",
                                "ProcessId": "7992",
                                "EventType": "SetValue",
                                "Image": "C:\\Users\\george\\567627F65676\\winlogon.exe",
                                "RuleName": "T1060,RunKey",
                                "UtcTime": "1685413326",
                                "Details": "C:\\Users\\george\\567627F65676\\winlogon.exe",
                                "ProcessGuid": "{C784477D-5D8C-6475-A40A-000000004A00}",
                                "TargetObject": "HKLM\\SOFTWARE\\WOW6432Node\\Microsoft\\Windows\\CurrentVersion\\Run\\14523399BFC72E3EAA83539A8242220D3C7A3E2C1DB8B6CE"
                            }
                        },
                        {
                            "values": {
                                "EventID": "13",
                                "ProcessId": "7992",
                                "EventType": "SetValue",
                                "Image": "C:\\Users\\george\\567627F65676\\winlogon.exe",
                                "ProcessGuid": "{C784477D-5D8C-6475-A40A-000000004A00}",
                                "UtcTime": "1685413327",
                                "Details": "C:\\Users\\george\\567627F65676\\winlogon.exe",
                                "RuleName": "T1060,RunKey",
                                "TargetObject": "HKLM\\SOFTWARE\\WOW6432Node\\Microsoft\\Windows\\CurrentVersion\\Run\\14523399BFC72E3EAA83539A8242220D3C7A3E2C1DB8B6CE"
                            }
                        },
                        {
                            "values": {
                                "EventID": "13",
                                "ProcessId": "7992",
                                "EventType": "SetValue",
                                "Image": "C:\\Users\\george\\567627F65676\\winlogon.exe",
                                "ProcessGuid": "{C784477D-5D8C-6475-A40A-000000004A00}",
                                "UtcTime": "1685413328",
                                "Details": "C:\\Users\\george\\567627F65676\\winlogon.exe",
                                "RuleName": "T1060,RunKey",
                                "TargetObject": "HKLM\\SOFTWARE\\WOW6432Node\\Microsoft\\Windows\\CurrentVersion\\Run\\14523399BFC72E3EAA83539A8242220D3C7A3E2C1DB8B6CE"
                            }
                        },
                        {
                            "values": {
                                "EventID": "13",
                                "ProcessId": "7992",
                                "EventType": "SetValue",
                                "Image": "C:\\Users\\george\\567627F65676\\winlogon.exe",
                                "ProcessGuid": "{C784477D-5D8C-6475-A40A-000000004A00}",
                                "UtcTime": "1685413329",
                                "Details": "C:\\Users\\george\\567627F65676\\winlogon.exe",
                                "RuleName": "T1060,RunKey",
                                "TargetObject": "HKLM\\SOFTWARE\\WOW6432Node\\Microsoft\\Windows\\CurrentVersion\\Run\\14523399BFC72E3EAA83539A8242220D3C7A3E2C1DB8B6CE"
                            }
                        },
                        {
                            "values": {
                                "EventID": "13",
                                "ProcessId": "7992",
                                "EventType": "SetValue",
                                "Image": "C:\\Users\\george\\567627F65676\\winlogon.exe",
                                "RuleName": "T1060,RunKey",
                                "UtcTime": "1685413330",
                                "Details": "C:\\Users\\george\\567627F65676\\winlogon.exe",
                                "ProcessGuid": "{C784477D-5D8C-6475-A40A-000000004A00}",
                                "TargetObject": "HKLM\\SOFTWARE\\WOW6432Node\\Microsoft\\Windows\\CurrentVersion\\Run\\14523399BFC72E3EAA83539A8242220D3C7A3E2C1DB8B6CE"
                            }
                        },
                        {
                            "values": {
                                "EventID": "13",
                                "ProcessId": "7992",
                                "EventType": "SetValue",
                                "Image": "C:\\Users\\george\\567627F65676\\winlogon.exe",
                                "RuleName": "T1060,RunKey",
                                "UtcTime": "1685413331",
                                "Details": "C:\\Users\\george\\567627F65676\\winlogon.exe",
                                "ProcessGuid": "{C784477D-5D8C-6475-A40A-000000004A00}",
                                "TargetObject": "HKLM\\SOFTWARE\\WOW6432Node\\Microsoft\\Windows\\CurrentVersion\\Run\\14523399BFC72E3EAA83539A8242220D3C7A3E2C1DB8B6CE"
                            }
                        },
                        {
                            "values": {
                                "EventID": "13",
                                "ProcessId": "7992",
                                "EventType": "SetValue",
                                "Image": "C:\\Users\\george\\567627F65676\\winlogon.exe",
                                "RuleName": "T1060,RunKey",
                                "UtcTime": "1685413332",
                                "Details": "C:\\Users\\george\\567627F65676\\winlogon.exe",
                                "ProcessGuid": "{C784477D-5D8C-6475-A40A-000000004A00}",
                                "TargetObject": "HKLM\\SOFTWARE\\WOW6432Node\\Microsoft\\Windows\\CurrentVersion\\Run\\14523399BFC72E3EAA83539A8242220D3C7A3E2C1DB8B6CE"
                            }
                        },
                        {
                            "values": {
                                "EventID": "13",
                                "ProcessId": "7992",
                                "EventType": "SetValue",
                                "Image": "C:\\Users\\george\\567627F65676\\winlogon.exe",
                                "RuleName": "T1060,RunKey",
                                "UtcTime": "1685413333",
                                "Details": "C:\\Users\\george\\567627F65676\\winlogon.exe",
                                "ProcessGuid": "{C784477D-5D8C-6475-A40A-000000004A00}",
                                "TargetObject": "HKLM\\SOFTWARE\\WOW6432Node\\Microsoft\\Windows\\CurrentVersion\\Run\\14523399BFC72E3EAA83539A8242220D3C7A3E2C1DB8B6CE"
                            }
                        },
                        {
                            "values": {
                                "EventID": "13",
                                "ProcessId": "7992",
                                "EventType": "SetValue",
                                "Image": "C:\\Users\\george\\567627F65676\\winlogon.exe",
                                "ProcessGuid": "{C784477D-5D8C-6475-A40A-000000004A00}",
                                "UtcTime": "1685413334",
                                "Details": "C:\\Users\\george\\567627F65676\\winlogon.exe",
                                "RuleName": "T1060,RunKey",
                                "TargetObject": "HKLM\\SOFTWARE\\WOW6432Node\\Microsoft\\Windows\\CurrentVersion\\Run\\14523399BFC72E3EAA83539A8242220D3C7A3E2C1DB8B6CE"
                            }
                        },
                        {
                            "values": {
                                "EventID": "13",
                                "ProcessId": "7992",
                                "EventType": "SetValue",
                                "Image": "C:\\Users\\george\\567627F65676\\winlogon.exe",
                                "RuleName": "T1060,RunKey",
                                "UtcTime": "1685413335",
                                "Details": "C:\\Users\\george\\567627F65676\\winlogon.exe",
                                "ProcessGuid": "{C784477D-5D8C-6475-A40A-000000004A00}",
                                "TargetObject": "HKLM\\SOFTWARE\\WOW6432Node\\Microsoft\\Windows\\CurrentVersion\\Run\\14523399BFC72E3EAA83539A8242220D3C7A3E2C1DB8B6CE"
                            }
                        },
                        {
                            "values": {
                                "EventID": "13",
                                "ProcessId": "7992",
                                "EventType": "SetValue",
                                "Image": "C:\\Users\\george\\567627F65676\\winlogon.exe",
                                "ProcessGuid": "{C784477D-5D8C-6475-A40A-000000004A00}",
                                "UtcTime": "1685413336",
                                "Details": "C:\\Users\\george\\567627F65676\\winlogon.exe",
                                "RuleName": "T1060,RunKey",
                                "TargetObject": "HKLM\\SOFTWARE\\WOW6432Node\\Microsoft\\Windows\\CurrentVersion\\Run\\14523399BFC72E3EAA83539A8242220D3C7A3E2C1DB8B6CE"
                            }
                        },
                        {
                            "values": {
                                "EventID": "13",
                                "ProcessId": "7992",
                                "EventType": "SetValue",
                                "Image": "C:\\Users\\george\\567627F65676\\winlogon.exe",
                                "ProcessGuid": "{C784477D-5D8C-6475-A40A-000000004A00}",
                                "UtcTime": "1685413338",
                                "Details": "C:\\Users\\george\\567627F65676\\winlogon.exe",
                                "RuleName": "T1060,RunKey",
                                "TargetObject": "HKLM\\SOFTWARE\\WOW6432Node\\Microsoft\\Windows\\CurrentVersion\\Run\\14523399BFC72E3EAA83539A8242220D3C7A3E2C1DB8B6CE"
                            }
                        },
                        {
                            "values": {
                                "EventID": "13",
                                "ProcessId": "7992",
                                "EventType": "SetValue",
                                "Image": "C:\\Users\\george\\567627F65676\\winlogon.exe",
                                "ProcessGuid": "{C784477D-5D8C-6475-A40A-000000004A00}",
                                "UtcTime": "1685413339",
                                "Details": "C:\\Users\\george\\567627F65676\\winlogon.exe",
                                "RuleName": "T1060,RunKey",
                                "TargetObject": "HKLM\\SOFTWARE\\WOW6432Node\\Microsoft\\Windows\\CurrentVersion\\Run\\14523399BFC72E3EAA83539A8242220D3C7A3E2C1DB8B6CE"
                            }
                        },
                        {
                            "values": {
                                "EventID": "13",
                                "ProcessId": "7992",
                                "EventType": "SetValue",
                                "Image": "C:\\Users\\george\\567627F65676\\winlogon.exe",
                                "RuleName": "T1060,RunKey",
                                "UtcTime": "1685413340",
                                "Details": "C:\\Users\\george\\567627F65676\\winlogon.exe",
                                "ProcessGuid": "{C784477D-5D8C-6475-A40A-000000004A00}",
                                "TargetObject": "HKLM\\SOFTWARE\\WOW6432Node\\Microsoft\\Windows\\CurrentVersion\\Run\\14523399BFC72E3EAA83539A8242220D3C7A3E2C1DB8B6CE"
                            }
                        },
                        {
                            "values": {
                                "EventID": "13",
                                "ProcessId": "7992",
                                "EventType": "SetValue",
                                "Image": "C:\\Users\\george\\567627F65676\\winlogon.exe",
                                "ProcessGuid": "{C784477D-5D8C-6475-A40A-000000004A00}",
                                "UtcTime": "1685413341",
                                "Details": "C:\\Users\\george\\567627F65676\\winlogon.exe",
                                "RuleName": "T1060,RunKey",
                                "TargetObject": "HKLM\\SOFTWARE\\WOW6432Node\\Microsoft\\Windows\\CurrentVersion\\Run\\14523399BFC72E3EAA83539A8242220D3C7A3E2C1DB8B6CE"
                            }
                        },
                        {
                            "values": {
                                "EventID": "13",
                                "ProcessId": "7992",
                                "EventType": "SetValue",
                                "Image": "C:\\Users\\george\\567627F65676\\winlogon.exe",
                                "RuleName": "T1060,RunKey",
                                "UtcTime": "1685413342",
                                "Details": "C:\\Users\\george\\567627F65676\\winlogon.exe",
                                "ProcessGuid": "{C784477D-5D8C-6475-A40A-000000004A00}",
                                "TargetObject": "HKLM\\SOFTWARE\\WOW6432Node\\Microsoft\\Windows\\CurrentVersion\\Run\\14523399BFC72E3EAA83539A8242220D3C7A3E2C1DB8B6CE"
                            }
                        },
                        {
                            "values": {
                                "EventID": "13",
                                "ProcessId": "7992",
                                "EventType": "SetValue",
                                "Image": "C:\\Users\\george\\567627F65676\\winlogon.exe",
                                "RuleName": "T1060,RunKey",
                                "UtcTime": "1685413343",
                                "Details": "C:\\Users\\george\\567627F65676\\winlogon.exe",
                                "ProcessGuid": "{C784477D-5D8C-6475-A40A-000000004A00}",
                                "TargetObject": "HKLM\\SOFTWARE\\WOW6432Node\\Microsoft\\Windows\\CurrentVersion\\Run\\14523399BFC72E3EAA83539A8242220D3C7A3E2C1DB8B6CE"
                            }
                        },
                        {
                            "values": {
                                "EventID": "13",
                                "ProcessId": "7992",
                                "EventType": "SetValue",
                                "Image": "C:\\Users\\george\\567627F65676\\winlogon.exe",
                                "ProcessGuid": "{C784477D-5D8C-6475-A40A-000000004A00}",
                                "UtcTime": "1685413344",
                                "Details": "C:\\Users\\george\\567627F65676\\winlogon.exe",
                                "RuleName": "T1060,RunKey",
                                "TargetObject": "HKLM\\SOFTWARE\\WOW6432Node\\Microsoft\\Windows\\CurrentVersion\\Run\\14523399BFC72E3EAA83539A8242220D3C7A3E2C1DB8B6CE"
                            }
                        },
                        {
                            "values": {
                                "EventID": "13",
                                "ProcessId": "7992",
                                "EventType": "SetValue",
                                "Image": "C:\\Users\\george\\567627F65676\\winlogon.exe",
                                "RuleName": "T1060,RunKey",
                                "UtcTime": "1685413345",
                                "Details": "C:\\Users\\george\\567627F65676\\winlogon.exe",
                                "ProcessGuid": "{C784477D-5D8C-6475-A40A-000000004A00}",
                                "TargetObject": "HKLM\\SOFTWARE\\WOW6432Node\\Microsoft\\Windows\\CurrentVersion\\Run\\14523399BFC72E3EAA83539A8242220D3C7A3E2C1DB8B6CE"
                            }
                        },
                        {
                            "values": {
                                "EventID": "13",
                                "ProcessId": "7992",
                                "EventType": "SetValue",
                                "Image": "C:\\Users\\george\\567627F65676\\winlogon.exe",
                                "ProcessGuid": "{C784477D-5D8C-6475-A40A-000000004A00}",
                                "UtcTime": "1685413346",
                                "Details": "C:\\Users\\george\\567627F65676\\winlogon.exe",
                                "RuleName": "T1060,RunKey",
                                "TargetObject": "HKLM\\SOFTWARE\\WOW6432Node\\Microsoft\\Windows\\CurrentVersion\\Run\\14523399BFC72E3EAA83539A8242220D3C7A3E2C1DB8B6CE"
                            }
                        },
                        {
                            "values": {
                                "EventID": "13",
                                "ProcessId": "7992",
                                "EventType": "SetValue",
                                "Image": "C:\\Users\\george\\567627F65676\\winlogon.exe",
                                "RuleName": "T1060,RunKey",
                                "UtcTime": "1685413347",
                                "Details": "C:\\Users\\george\\567627F65676\\winlogon.exe",
                                "ProcessGuid": "{C784477D-5D8C-6475-A40A-000000004A00}",
                                "TargetObject": "HKLM\\SOFTWARE\\WOW6432Node\\Microsoft\\Windows\\CurrentVersion\\Run\\14523399BFC72E3EAA83539A8242220D3C7A3E2C1DB8B6CE"
                            }
                        }
                    ],
                    "rule_level": "medium",
                    "rule_id": "18842e32896dd83b8aca4d5e1ac78c1f66b1d252479c0023cdd02f108c42c8cd",
                    "rule_source": "Sigma Integrated Rule Set (GitHub)",
                    "rule_title": "Wow6432Node CurrentVersion Autorun Keys Modification",
                    "rule_description": "Detects modification of autostart extensibility point (ASEP) in registry.",
                    "rule_author": "Victor Sergeev, Daniil Yugoslavskiy, Gleb Sukhodolskiy, Timur Zinniatullin, oscd.community, Tim Shelton, frack113 (split)"
                },
                {
                    "match_context": [
                        {
                            "values": {
                                "EventID": "13",
                                "ProcessId": "7992",
                                "EventType": "SetValue",
                                "Image": "C:\\Users\\george\\567627F65676\\winlogon.exe",
                                "RuleName": "T1089",
                                "UtcTime": "1685413261",
                                "Details": "DWORD (0x00000000)",
                                "ProcessGuid": "{C784477D-5D8C-6475-A40A-000000004A00}",
                                "TargetObject": "HKLM\\SOFTWARE\\Policies\\Microsoft\\WindowsFirewall\\StandardProfile\\EnableFirewall"
                            }
                        },
                        {
                            "values": {
                                "EventID": "13",
                                "ProcessId": "7992",
                                "EventType": "SetValue",
                                "Image": "C:\\Users\\george\\567627F65676\\winlogon.exe",
                                "RuleName": "T1089",
                                "UtcTime": "1685413261",
                                "Details": "DWORD (0x00000000)",
                                "ProcessGuid": "{C784477D-5D8C-6475-A40A-000000004A00}",
                                "TargetObject": "HKLM\\SOFTWARE\\Policies\\Microsoft\\WindowsFirewall\\DomainProfile\\EnableFirewall"
                            }
                        }
                    ],
                    "rule_level": "medium",
                    "rule_id": "2e9f34a4006a3d9169bfe02d2b846c4db28b03c5394e9216e6dac294db0644f8",
                    "rule_source": "Sigma Integrated Rule Set (GitHub)",
                    "rule_title": "Disable Windows Firewall by Registry",
                    "rule_description": "Detect set EnableFirewall to 0 to disable the windows firewall",
                    "rule_author": "frack113"
                },
                {
                    "match_context": [
                        {
                            "values": {
                                "EventID": "13",
                                "ProcessId": "7992",
                                "EventType": "SetValue",
                                "Image": "C:\\Users\\george\\567627F65676\\winlogon.exe",
                                "RuleName": "T1088",
                                "UtcTime": "1685413260",
                                "Details": "DWORD (0x00000000)",
                                "ProcessGuid": "{C784477D-5D8C-6475-A40A-000000004A00}",
                                "TargetObject": "HKLM\\SOFTWARE\\Microsoft\\Windows\\CurrentVersion\\Policies\\System\\EnableLUA"
                            }
                        }
                    ],
                    "rule_level": "medium",
                    "rule_id": "80708cad12d59acde6c91bdfbb0ed867ffd0538e97f962f2ffd72040a66ecb6b",
                    "rule_source": "Sigma Integrated Rule Set (GitHub)",
                    "rule_title": "Disable UAC Using Registry",
                    "rule_description": "Detects when an attacker tries to disable User Account Control (UAC) by changing its registry key HKLM\\SOFTWARE\\Microsoft\\Windows\\CurrentVersion\\Policies\\System\\EnableLUA from 1 to 0",
                    "rule_author": "frack113"
                },
                {
                    "match_context": [
                        {
                            "values": {
                                "EventID": "13",
                                "ProcessId": "7992",
                                "EventType": "SetValue",
                                "Image": "C:\\Users\\george\\567627F65676\\winlogon.exe",
                                "ProcessGuid": "{C784477D-5D8C-6475-A40A-000000004A00}",
                                "UtcTime": "1685413291",
                                "Details": "C:\\Users\\george\\567627F65676\\winlogon.exe",
                                "RuleName": "T1060,RunKey",
                                "TargetObject": "HKU\\S-1-5-21-1015118539-3749460369-599379286-1001\\Software\\Microsoft\\Windows\\CurrentVersion\\Run\\F52D67A3967D7C09A05D8EF5ADFE11A5E81683478183888B"
                            }
                        },
                        {
                            "values": {
                                "EventID": "13",
                                "ProcessId": "7992",
                                "EventType": "SetValue",
                                "Image": "C:\\Users\\george\\567627F65676\\winlogon.exe",
                                "RuleName": "T1060,RunKey",
                                "UtcTime": "1685413292",
                                "Details": "C:\\Users\\george\\567627F65676\\winlogon.exe",
                                "ProcessGuid": "{C784477D-5D8C-6475-A40A-000000004A00}",
                                "TargetObject": "HKU\\S-1-5-21-1015118539-3749460369-599379286-1001\\Software\\Microsoft\\Windows\\CurrentVersion\\Run\\F52D67A3967D7C09A05D8EF5ADFE11A5E81683478183888B"
                            }
                        },
                        {
                            "values": {
                                "EventID": "13",
                                "ProcessId": "7992",
                                "EventType": "SetValue",
                                "Image": "C:\\Users\\george\\567627F65676\\winlogon.exe",
                                "RuleName": "T1060,RunKey",
                                "UtcTime": "1685413293",
                                "Details": "C:\\Users\\george\\567627F65676\\winlogon.exe",
                                "ProcessGuid": "{C784477D-5D8C-6475-A40A-000000004A00}",
                                "TargetObject": "HKU\\S-1-5-21-1015118539-3749460369-599379286-1001\\Software\\Microsoft\\Windows\\CurrentVersion\\Run\\F52D67A3967D7C09A05D8EF5ADFE11A5E81683478183888B"
                            }
                        },
                        {
                            "values": {
                                "EventID": "13",
                                "ProcessId": "7992",
                                "EventType": "SetValue",
                                "Image": "C:\\Users\\george\\567627F65676\\winlogon.exe",
                                "ProcessGuid": "{C784477D-5D8C-6475-A40A-000000004A00}",
                                "UtcTime": "1685413294",
                                "Details": "C:\\Users\\george\\567627F65676\\winlogon.exe",
                                "RuleName": "T1060,RunKey",
                                "TargetObject": "HKU\\S-1-5-21-1015118539-3749460369-599379286-1001\\Software\\Microsoft\\Windows\\CurrentVersion\\Run\\F52D67A3967D7C09A05D8EF5ADFE11A5E81683478183888B"
                            }
                        },
                        {
                            "values": {
                                "EventID": "13",
                                "ProcessId": "7992",
                                "EventType": "SetValue",
                                "Image": "C:\\Users\\george\\567627F65676\\winlogon.exe",
                                "RuleName": "T1060,RunKey",
                                "UtcTime": "1685413295",
                                "Details": "C:\\Users\\george\\567627F65676\\winlogon.exe",
                                "ProcessGuid": "{C784477D-5D8C-6475-A40A-000000004A00}",
                                "TargetObject": "HKU\\S-1-5-21-1015118539-3749460369-599379286-1001\\Software\\Microsoft\\Windows\\CurrentVersion\\Run\\F52D67A3967D7C09A05D8EF5ADFE11A5E81683478183888B"
                            }
                        },
                        {
                            "values": {
                                "EventID": "13",
                                "ProcessId": "7992",
                                "EventType": "SetValue",
                                "Image": "C:\\Users\\george\\567627F65676\\winlogon.exe",
                                "ProcessGuid": "{C784477D-5D8C-6475-A40A-000000004A00}",
                                "UtcTime": "1685413296",
                                "Details": "C:\\Users\\george\\567627F65676\\winlogon.exe",
                                "RuleName": "T1060,RunKey",
                                "TargetObject": "HKU\\S-1-5-21-1015118539-3749460369-599379286-1001\\Software\\Microsoft\\Windows\\CurrentVersion\\Run\\F52D67A3967D7C09A05D8EF5ADFE11A5E81683478183888B"
                            }
                        },
                        {
                            "values": {
                                "EventID": "13",
                                "ProcessId": "7992",
                                "EventType": "SetValue",
                                "Image": "C:\\Users\\george\\567627F65676\\winlogon.exe",
                                "ProcessGuid": "{C784477D-5D8C-6475-A40A-000000004A00}",
                                "UtcTime": "1685413297",
                                "Details": "C:\\Users\\george\\567627F65676\\winlogon.exe",
                                "RuleName": "T1060,RunKey",
                                "TargetObject": "HKU\\S-1-5-21-1015118539-3749460369-599379286-1001\\Software\\Microsoft\\Windows\\CurrentVersion\\Run\\F52D67A3967D7C09A05D8EF5ADFE11A5E81683478183888B"
                            }
                        },
                        {
                            "values": {
                                "EventID": "13",
                                "ProcessId": "7992",
                                "EventType": "SetValue",
                                "Image": "C:\\Users\\george\\567627F65676\\winlogon.exe",
                                "RuleName": "T1060,RunKey",
                                "UtcTime": "1685413298",
                                "Details": "C:\\Users\\george\\567627F65676\\winlogon.exe",
                                "ProcessGuid": "{C784477D-5D8C-6475-A40A-000000004A00}",
                                "TargetObject": "HKU\\S-1-5-21-1015118539-3749460369-599379286-1001\\Software\\Microsoft\\Windows\\CurrentVersion\\Run\\F52D67A3967D7C09A05D8EF5ADFE11A5E81683478183888B"
                            }
                        },
                        {
                            "values": {
                                "EventID": "13",
                                "ProcessId": "7992",
                                "EventType": "SetValue",
                                "Image": "C:\\Users\\george\\567627F65676\\winlogon.exe",
                                "RuleName": "T1060,RunKey",
                                "UtcTime": "1685413299",
                                "Details": "C:\\Users\\george\\567627F65676\\winlogon.exe",
                                "ProcessGuid": "{C784477D-5D8C-6475-A40A-000000004A00}",
                                "TargetObject": "HKU\\S-1-5-21-1015118539-3749460369-599379286-1001\\Software\\Microsoft\\Windows\\CurrentVersion\\Run\\F52D67A3967D7C09A05D8EF5ADFE11A5E81683478183888B"
                            }
                        },
                        {
                            "values": {
                                "EventID": "13",
                                "ProcessId": "7992",
                                "EventType": "SetValue",
                                "Image": "C:\\Users\\george\\567627F65676\\winlogon.exe",
                                "RuleName": "T1060,RunKey",
                                "UtcTime": "1685413300",
                                "Details": "C:\\Users\\george\\567627F65676\\winlogon.exe",
                                "ProcessGuid": "{C784477D-5D8C-6475-A40A-000000004A00}",
                                "TargetObject": "HKU\\S-1-5-21-1015118539-3749460369-599379286-1001\\Software\\Microsoft\\Windows\\CurrentVersion\\Run\\F52D67A3967D7C09A05D8EF5ADFE11A5E81683478183888B"
                            }
                        },
                        {
                            "values": {
                                "EventID": "13",
                                "ProcessId": "7992",
                                "EventType": "SetValue",
                                "Image": "C:\\Users\\george\\567627F65676\\winlogon.exe",
                                "ProcessGuid": "{C784477D-5D8C-6475-A40A-000000004A00}",
                                "UtcTime": "1685413301",
                                "Details": "C:\\Users\\george\\567627F65676\\winlogon.exe",
                                "RuleName": "T1060,RunKey",
                                "TargetObject": "HKU\\S-1-5-21-1015118539-3749460369-599379286-1001\\Software\\Microsoft\\Windows\\CurrentVersion\\Run\\F52D67A3967D7C09A05D8EF5ADFE11A5E81683478183888B"
                            }
                        },
                        {
                            "values": {
                                "EventID": "13",
                                "ProcessId": "7992",
                                "EventType": "SetValue",
                                "Image": "C:\\Users\\george\\567627F65676\\winlogon.exe",
                                "ProcessGuid": "{C784477D-5D8C-6475-A40A-000000004A00}",
                                "UtcTime": "1685413303",
                                "Details": "C:\\Users\\george\\567627F65676\\winlogon.exe",
                                "RuleName": "T1060,RunKey",
                                "TargetObject": "HKU\\S-1-5-21-1015118539-3749460369-599379286-1001\\Software\\Microsoft\\Windows\\CurrentVersion\\Run\\F52D67A3967D7C09A05D8EF5ADFE11A5E81683478183888B"
                            }
                        },
                        {
                            "values": {
                                "EventID": "13",
                                "ProcessId": "7992",
                                "EventType": "SetValue",
                                "Image": "C:\\Users\\george\\567627F65676\\winlogon.exe",
                                "ProcessGuid": "{C784477D-5D8C-6475-A40A-000000004A00}",
                                "UtcTime": "1685413304",
                                "Details": "C:\\Users\\george\\567627F65676\\winlogon.exe",
                                "RuleName": "T1060,RunKey",
                                "TargetObject": "HKU\\S-1-5-21-1015118539-3749460369-599379286-1001\\Software\\Microsoft\\Windows\\CurrentVersion\\Run\\F52D67A3967D7C09A05D8EF5ADFE11A5E81683478183888B"
                            }
                        },
                        {
                            "values": {
                                "EventID": "13",
                                "ProcessId": "7992",
                                "EventType": "SetValue",
                                "Image": "C:\\Users\\george\\567627F65676\\winlogon.exe",
                                "ProcessGuid": "{C784477D-5D8C-6475-A40A-000000004A00}",
                                "UtcTime": "1685413305",
                                "Details": "C:\\Users\\george\\567627F65676\\winlogon.exe",
                                "RuleName": "T1060,RunKey",
                                "TargetObject": "HKU\\S-1-5-21-1015118539-3749460369-599379286-1001\\Software\\Microsoft\\Windows\\CurrentVersion\\Run\\F52D67A3967D7C09A05D8EF5ADFE11A5E81683478183888B"
                            }
                        },
                        {
                            "values": {
                                "EventID": "13",
                                "ProcessId": "7992",
                                "EventType": "SetValue",
                                "Image": "C:\\Users\\george\\567627F65676\\winlogon.exe",
                                "RuleName": "T1060,RunKey",
                                "UtcTime": "1685413306",
                                "Details": "C:\\Users\\george\\567627F65676\\winlogon.exe",
                                "ProcessGuid": "{C784477D-5D8C-6475-A40A-000000004A00}",
                                "TargetObject": "HKU\\S-1-5-21-1015118539-3749460369-599379286-1001\\Software\\Microsoft\\Windows\\CurrentVersion\\Run\\F52D67A3967D7C09A05D8EF5ADFE11A5E81683478183888B"
                            }
                        },
                        {
                            "values": {
                                "EventID": "13",
                                "ProcessId": "7992",
                                "EventType": "SetValue",
                                "Image": "C:\\Users\\george\\567627F65676\\winlogon.exe",
                                "RuleName": "T1060,RunKey",
                                "UtcTime": "1685413307",
                                "Details": "C:\\Users\\george\\567627F65676\\winlogon.exe",
                                "ProcessGuid": "{C784477D-5D8C-6475-A40A-000000004A00}",
                                "TargetObject": "HKU\\S-1-5-21-1015118539-3749460369-599379286-1001\\Software\\Microsoft\\Windows\\CurrentVersion\\Run\\F52D67A3967D7C09A05D8EF5ADFE11A5E81683478183888B"
                            }
                        },
                        {
                            "values": {
                                "EventID": "13",
                                "ProcessId": "7992",
                                "EventType": "SetValue",
                                "Image": "C:\\Users\\george\\567627F65676\\winlogon.exe",
                                "RuleName": "T1060,RunKey",
                                "UtcTime": "1685413308",
                                "Details": "C:\\Users\\george\\567627F65676\\winlogon.exe",
                                "ProcessGuid": "{C784477D-5D8C-6475-A40A-000000004A00}",
                                "TargetObject": "HKU\\S-1-5-21-1015118539-3749460369-599379286-1001\\Software\\Microsoft\\Windows\\CurrentVersion\\Run\\F52D67A3967D7C09A05D8EF5ADFE11A5E81683478183888B"
                            }
                        },
                        {
                            "values": {
                                "EventID": "13",
                                "ProcessId": "7992",
                                "EventType": "SetValue",
                                "Image": "C:\\Users\\george\\567627F65676\\winlogon.exe",
                                "RuleName": "T1060,RunKey",
                                "UtcTime": "1685413309",
                                "Details": "C:\\Users\\george\\567627F65676\\winlogon.exe",
                                "ProcessGuid": "{C784477D-5D8C-6475-A40A-000000004A00}",
                                "TargetObject": "HKU\\S-1-5-21-1015118539-3749460369-599379286-1001\\Software\\Microsoft\\Windows\\CurrentVersion\\Run\\F52D67A3967D7C09A05D8EF5ADFE11A5E81683478183888B"
                            }
                        },
                        {
                            "values": {
                                "EventID": "13",
                                "ProcessId": "7992",
                                "EventType": "SetValue",
                                "Image": "C:\\Users\\george\\567627F65676\\winlogon.exe",
                                "ProcessGuid": "{C784477D-5D8C-6475-A40A-000000004A00}",
                                "UtcTime": "1685413310",
                                "Details": "C:\\Users\\george\\567627F65676\\winlogon.exe",
                                "RuleName": "T1060,RunKey",
                                "TargetObject": "HKU\\S-1-5-21-1015118539-3749460369-599379286-1001\\Software\\Microsoft\\Windows\\CurrentVersion\\Run\\F52D67A3967D7C09A05D8EF5ADFE11A5E81683478183888B"
                            }
                        },
                        {
                            "values": {
                                "EventID": "13",
                                "ProcessId": "7992",
                                "EventType": "SetValue",
                                "Image": "C:\\Users\\george\\567627F65676\\winlogon.exe",
                                "RuleName": "T1060,RunKey",
                                "UtcTime": "1685413311",
                                "Details": "C:\\Users\\george\\567627F65676\\winlogon.exe",
                                "ProcessGuid": "{C784477D-5D8C-6475-A40A-000000004A00}",
                                "TargetObject": "HKU\\S-1-5-21-1015118539-3749460369-599379286-1001\\Software\\Microsoft\\Windows\\CurrentVersion\\Run\\F52D67A3967D7C09A05D8EF5ADFE11A5E81683478183888B"
                            }
                        },
                        {
                            "values": {
                                "EventID": "13",
                                "ProcessId": "7992",
                                "EventType": "SetValue",
                                "Image": "C:\\Users\\george\\567627F65676\\winlogon.exe",
                                "RuleName": "T1060,RunKey",
                                "UtcTime": "1685413312",
                                "Details": "C:\\Users\\george\\567627F65676\\winlogon.exe",
                                "ProcessGuid": "{C784477D-5D8C-6475-A40A-000000004A00}",
                                "TargetObject": "HKU\\S-1-5-21-1015118539-3749460369-599379286-1001\\Software\\Microsoft\\Windows\\CurrentVersion\\Run\\F52D67A3967D7C09A05D8EF5ADFE11A5E81683478183888B"
                            }
                        },
                        {
                            "values": {
                                "EventID": "13",
                                "ProcessId": "7992",
                                "EventType": "SetValue",
                                "Image": "C:\\Users\\george\\567627F65676\\winlogon.exe",
                                "RuleName": "T1060,RunKey",
                                "UtcTime": "1685413313",
                                "Details": "C:\\Users\\george\\567627F65676\\winlogon.exe",
                                "ProcessGuid": "{C784477D-5D8C-6475-A40A-000000004A00}",
                                "TargetObject": "HKU\\S-1-5-21-1015118539-3749460369-599379286-1001\\Software\\Microsoft\\Windows\\CurrentVersion\\Run\\F52D67A3967D7C09A05D8EF5ADFE11A5E81683478183888B"
                            }
                        },
                        {
                            "values": {
                                "EventID": "13",
                                "ProcessId": "7992",
                                "EventType": "SetValue",
                                "Image": "C:\\Users\\george\\567627F65676\\winlogon.exe",
                                "ProcessGuid": "{C784477D-5D8C-6475-A40A-000000004A00}",
                                "UtcTime": "1685413314",
                                "Details": "C:\\Users\\george\\567627F65676\\winlogon.exe",
                                "RuleName": "T1060,RunKey",
                                "TargetObject": "HKU\\S-1-5-21-1015118539-3749460369-599379286-1001\\Software\\Microsoft\\Windows\\CurrentVersion\\Run\\F52D67A3967D7C09A05D8EF5ADFE11A5E81683478183888B"
                            }
                        },
                        {
                            "values": {
                                "EventID": "13",
                                "ProcessId": "7992",
                                "EventType": "SetValue",
                                "Image": "C:\\Users\\george\\567627F65676\\winlogon.exe",
                                "RuleName": "T1060,RunKey",
                                "UtcTime": "1685413316",
                                "Details": "C:\\Users\\george\\567627F65676\\winlogon.exe",
                                "ProcessGuid": "{C784477D-5D8C-6475-A40A-000000004A00}",
                                "TargetObject": "HKU\\S-1-5-21-1015118539-3749460369-599379286-1001\\Software\\Microsoft\\Windows\\CurrentVersion\\Run\\F52D67A3967D7C09A05D8EF5ADFE11A5E81683478183888B"
                            }
                        },
                        {
                            "values": {
                                "EventID": "13",
                                "ProcessId": "7992",
                                "EventType": "SetValue",
                                "Image": "C:\\Users\\george\\567627F65676\\winlogon.exe",
                                "ProcessGuid": "{C784477D-5D8C-6475-A40A-000000004A00}",
                                "UtcTime": "1685413317",
                                "Details": "C:\\Users\\george\\567627F65676\\winlogon.exe",
                                "RuleName": "T1060,RunKey",
                                "TargetObject": "HKU\\S-1-5-21-1015118539-3749460369-599379286-1001\\Software\\Microsoft\\Windows\\CurrentVersion\\Run\\F52D67A3967D7C09A05D8EF5ADFE11A5E81683478183888B"
                            }
                        },
                        {
                            "values": {
                                "EventID": "13",
                                "ProcessId": "7992",
                                "EventType": "SetValue",
                                "Image": "C:\\Users\\george\\567627F65676\\winlogon.exe",
                                "ProcessGuid": "{C784477D-5D8C-6475-A40A-000000004A00}",
                                "UtcTime": "1685413318",
                                "Details": "C:\\Users\\george\\567627F65676\\winlogon.exe",
                                "RuleName": "T1060,RunKey",
                                "TargetObject": "HKU\\S-1-5-21-1015118539-3749460369-599379286-1001\\Software\\Microsoft\\Windows\\CurrentVersion\\Run\\F52D67A3967D7C09A05D8EF5ADFE11A5E81683478183888B"
                            }
                        },
