{
    "data": {
        "id": "801223cc0b0972c95bf5ef23745672eacb9e054bb1f0ab14da91642692a8b8ea",
        "type": "file",
        "links": {
            "self": "https://www.virustotal.com/api/v3/files/801223cc0b0972c95bf5ef23745672eacb9e054bb1f0ab14da91642692a8b8ea"
        },
        "attributes": {
            "type_tags": [
                "executable",
                "windows",
                "win32",
                "pe",
                "pedll"
            ],
            "reputation": 0,
            "pe_info": {
                "timestamp": 1042371963,
                "imphash": "91432f2dbbfc10863db4fb93d41f5563",
                "machine_type": 332,
                "entry_point": 44513,
                "resource_details": [
                    {
                        "lang": "NEUTRAL",
                        "chi2": 348.26,
                        "filetype": "unknown",
                        "entropy": 7.966659069061279,
                        "sha256": "3fa60d2034f63faac2a858029aca6d0f8f6c13d7288603cd1f6d35c693fd99bc",
                        "type": "PNG"
                    },
                    {
                        "lang": "NEUTRAL",
                        "chi2": 419.7,
                        "filetype": "unknown",
                        "entropy": 7.876045227050781,
                        "sha256": "b8b8778489ca1e3c59621e3de79bb79523948077c27e97a95abd1d990476408d",
                        "type": "PNG"
                    },
                    {
                        "lang": "NEUTRAL",
                        "chi2": 435.83,
                        "filetype": "unknown",
                        "entropy": 7.935873985290527,
                        "sha256": "1dd6cb4c3cdf0120eeb9b302b5968d9c0a838fc24a0464d73a1ede76d264865c",
                        "type": "PNG"
                    },
                    {
                        "lang": "NEUTRAL",
                        "chi2": 435.73,
                        "filetype": "unknown",
                        "entropy": 7.828553676605225,
                        "sha256": "5327695dd3eed54317e6d6576af51152233b2eb3a998a1d3ce33e3f233666a44",
                        "type": "PNG"
                    },
                    {
                        "lang": "NEUTRAL",
                        "chi2": 449.29,
                        "filetype": "unknown",
                        "entropy": 7.933975696563721,
                        "sha256": "195389fc721909c99e09b573de2dd3ac2af783a5730fe3308b797d166e781dd3",
                        "type": "PNG"
                    },
                    {
                        "lang": "NEUTRAL",
                        "chi2": 391.83,
                        "filetype": "unknown",
                        "entropy": 7.84958028793335,
                        "sha256": "ec6e697d9baf383447373b8748f67d5af317d7ca21529dd0976057ec867dce21",
                        "type": "PNG"
                    },
                    {
                        "lang": "NEUTRAL",
                        "chi2": 406.2,
                        "filetype": "unknown",
                        "entropy": 7.948930740356445,
                        "sha256": "e8730c41c9a1ba7f894995f4c9e7b5c9dc17a3acbe300fd037c870ce76875dcc",
                        "type": "PNG"
                    },
                    {
                        "lang": "NEUTRAL",
                        "chi2": 423.61,
                        "filetype": "unknown",
                        "entropy": 7.884002208709717,
                        "sha256": "d0fdad73ee4dfe21697667075756a321138751a0494943d18d231881baa71e50",
                        "type": "PNG"
                    },
                    {
                        "lang": "NEUTRAL",
                        "chi2": 383.08,
                        "filetype": "unknown",
                        "entropy": 7.9544219970703125,
                        "sha256": "360654e907d69007b9bca4580acf23419cfb6799d98960823512a2e7f53c0642",
                        "type": "PNG"
                    },
                    {
                        "lang": "NEUTRAL",
                        "chi2": 410.21,
                        "filetype": "unknown",
                        "entropy": 7.820724964141846,
                        "sha256": "72a27af73f0e8d7b55fed1208025d564ce461470e3576cf085e7b02af1e94b45",
                        "type": "PNG"
                    },
                    {
                        "lang": "NEUTRAL",
                        "chi2": 417.26,
                        "filetype": "unknown",
                        "entropy": 7.926513671875,
                        "sha256": "689473f765e7f2bcb09cabf2f1d3b605e4345737972cfcb3f6bd8ce35f9b59cc",
                        "type": "PNG"
                    },
                    {
                        "lang": "NEUTRAL",
                        "chi2": 351.54,
                        "filetype": "unknown",
                        "entropy": 7.8982038497924805,
                        "sha256": "20ddc4708fb9f274fdac5e63acbdf3c6c68ac91567289c900350bfb14c015add",
                        "type": "PNG"
                    },
                    {
                        "lang": "NEUTRAL",
                        "chi2": 625.16,
                        "filetype": "unknown",
                        "entropy": 6.9587297439575195,
                        "sha256": "b0140fec24a09e3bea5ad5a5d4ad54056c0416a14a3198442450ffae7ccbc0b8",
                        "type": "PNG"
                    },
                    {
                        "lang": "NEUTRAL",
                        "chi2": 349.47,
                        "filetype": "unknown",
                        "entropy": 7.106995105743408,
                        "sha256": "0d4d5a2de70f2d0a980e1e5e6a733d9473ac8507292177c9dce57485988bf2f3",
                        "type": "PNG"
                    },
                    {
                        "lang": "NEUTRAL",
                        "chi2": 376.91,
                        "filetype": "unknown",
                        "entropy": 7.662329196929932,
                        "sha256": "9c6d7de5cd90a9b5ce563c297d5339f1c497a75da5870912127f2f006c24225f",
                        "type": "PNG"
                    },
                    {
                        "lang": "NEUTRAL",
                        "chi2": 344.55,
                        "filetype": "unknown",
                        "entropy": 6.989828586578369,
                        "sha256": "6f1bed70af84c8344b001dcbb98a31de638947de903f11debd6f24305786fb0e",
                        "type": "PNG"
                    },
                    {
                        "lang": "NEUTRAL",
                        "chi2": 463.52,
                        "filetype": "unknown",
                        "entropy": 7.300045967102051,
                        "sha256": "69981dd52ab1d55511778b99beb02d345064d0b854fdd1e81e0c56fbfb0b989c",
                        "type": "PNG"
                    },
                    {
                        "lang": "RUSSIAN",
                        "chi2": 1556.85,
                        "filetype": "unknown",
                        "entropy": 4.528146266937256,
                        "sha256": "2e7f18cf5dd98be686aa7d67a9b27b66542886765655a52b5df60d48018b97c1",
                        "type": "REGISTRY"
                    },
                    {
                        "lang": "RUSSIAN",
                        "chi2": 13602.25,
                        "filetype": "unknown",
                        "entropy": 5.184870719909668,
                        "sha256": "3f013e618a1163f84ea40a6799af1ea36c6d003639546ce9f9b3d110c2916c3b",
                        "type": "REGISTRY"
                    },
                    {
                        "lang": "RUSSIAN",
                        "chi2": 4227.79,
                        "filetype": "unknown",
                        "entropy": 5.480210304260254,
                        "sha256": "efb85dbc66242e27105bae1a0fdf0a2ee9c761e45cff5fc27c16bc14b2169447",
                        "type": "REGISTRY"
                    },
                    {
                        "lang": "RUSSIAN",
                        "chi2": 135106.75,
                        "filetype": "unknown",
                        "entropy": 3.4156835079193115,
                        "sha256": "a31b40711be0cd0b97e1bf54cfb28e5fdec7a00bd40dd7bd75c117e0f1d60029",
                        "type": "TYPELIB"
                    },
                    {
                        "lang": "NEUTRAL",
                        "chi2": 11200.75,
                        "filetype": "unknown",
                        "entropy": 2.461864471435547,
                        "sha256": "1161ac668e63643b013f60a1cd98e2f741729d7299d6df57df9f6cdcd3195a98",
                        "type": "RT_STRING"
                    },
                    {
                        "lang": "RUSSIAN",
                        "chi2": 52751.99,
                        "filetype": "unknown",
                        "entropy": 3.361889362335205,
                        "sha256": "e233021311a49840c735a4fcfc46e4176374af2c6448e4d4f31a75bdca8a27d0",
                        "type": "RT_VERSION"
                    }
                ],
                "resource_langs": {
                    "RUSSIAN": 5,
                    "NEUTRAL": 18
                },
                "resource_types": {
                    "TYPELIB": 1,
                    "RT_STRING": 1,
                    "REGISTRY": 3,
                    "PNG": 17,
                    "RT_VERSION": 1
                },
                "sections": [
                    {
                        "name": ".text",
                        "chi2": 1440133.0,
                        "virtual_address": 4096,
                        "entropy": 6.43,
                        "raw_size": 196608,
                        "flags": "rx",
                        "virtual_size": 196180,
                        "md5": "2c0ee13e338059b9f009271b48012365"
                    },
                    {
                        "name": ".orpc",
                        "chi2": 59570.0,
                        "virtual_address": 200704,
                        "entropy": 2.58,
                        "raw_size": 512,
                        "flags": "rx",
                        "virtual_size": 177,
                        "md5": "5ec1734af8ded10f73d42588f3ebda6e"
                    },
                    {
                        "name": ".rdata",
                        "chi2": 1051211.12,
                        "virtual_address": 204800,
                        "entropy": 4.97,
                        "raw_size": 27648,
                        "flags": "r",
                        "virtual_size": 27539,
                        "md5": "e085ec6cbd2fd74f86a0d34d2325f81d"
                    },
                    {
                        "name": ".data",
                        "chi2": 605391.44,
                        "virtual_address": 233472,
                        "entropy": 5.99,
                        "raw_size": 32768,
                        "flags": "rw",
                        "virtual_size": 35876,
                        "md5": "c614380d24fec7a10a98ce79b1d76b07"
                    },
                    {
                        "name": ".shr",
                        "chi2": 130560.0,
                        "virtual_address": 270336,
                        "entropy": 0.0,
                        "raw_size": 512,
                        "flags": "rws",
                        "virtual_size": 1,
                        "md5": "bf619eac0cdf3f68d496ea9344137e8b"
                    },
                    {
                        "name": ".rsrc",
                        "chi2": 24384.96,
                        "virtual_address": 274432,
                        "entropy": 7.85,
                        "raw_size": 53248,
                        "flags": "r",
                        "virtual_size": 53084,
                        "md5": "ee071377b2727c8265ee3f5274434b09"
                    },
                    {
                        "name": ".reloc",
                        "chi2": 514096.31,
                        "virtual_address": 327680,
                        "entropy": 4.85,
                        "raw_size": 11264,
                        "flags": "r",
                        "virtual_size": 10862,
                        "md5": "a5c809a7e5995b76993f8e648da2e6d8"
                    }
                ],
                "exports": [
                    "DllCanUnloadNow",
                    "DllGetClassObject",
                    "DllRegisterServer",
                    "DllUnregisterServer"
                ],
                "compiler_product_versions": [
                    "[ASM] VS2005 build 50727 count=18",
                    "[C++] VS2005 build 50727 count=45",
                    "[ C ] VS2005 build 50727 count=79",
                    "[ C ] Windows Server 2003 SP1 DDK build 4035 count=9",
                    "[IMP] Windows Server 2003 SP1 DDK build 4035 count=13",
                    "[---] Unmarked objects count=143",
                    "[EXP] VS2005 build 50727 count=1",
                    "[RES] VS2005 build 50727 count=1",
                    "[LNK] VS2005 build 50727 count=1",
                    "id: 0x71, version: 50727 count=15"
                ],
                "rich_pe_header_hash": "2942fbd3c116c994334d9c586cb73e68",
                "import_list": [
                    {
                        "library_name": "KERNEL32.dll",
                        "imported_functions": [
                            "BeginUpdateResourceW",
                            "CloseHandle",
                            "CreateThread",
                            "DeleteCriticalSection",
                            "EndUpdateResourceW",
                            "EnterCriticalSection",
                            "ExitProcess",
                            "ExitThread",
                            "FindResourceW",
                            "FreeEnvironmentStringsA",
                            "FreeEnvironmentStringsW",
                            "FreeLibrary",
                            "GetACP",
                            "GetCommandLineA",
                            "GetCPInfo",
                            "GetCurrentProcess",
                            "GetCurrentProcessId",
                            "GetCurrentThreadId",
                            "GetEnvironmentStrings",
                            "GetEnvironmentStringsW",
                            "GetExitCodeThread",
                            "GetFileType",
                            "GetLastError",
                            "GetLocaleInfoA",
                            "GetModuleFileNameA",
                            "GetModuleFileNameW",
                            "GetModuleHandleA",
                            "GetModuleHandleW",
                            "GetOEMCP",
                            "GetProcAddress",
                            "GetProcessHeap",
                            "GetStartupInfoA",
                            "GetStdHandle",
                            "GetStringTypeA",
                            "GetStringTypeW",
                            "GetSystemTimeAsFileTime",
                            "GetThreadLocale",
                            "GetTickCount",
                            "GetVersionExA",
                            "HeapAlloc",
                            "HeapCreate",
                            "HeapDestroy",
                            "HeapFree",
                            "HeapReAlloc",
                            "HeapSize",
                            "InitializeCriticalSection",
                            "InterlockedDecrement",
                            "InterlockedExchange",
                            "InterlockedIncrement",
                            "IsDebuggerPresent",
                            "LCMapStringA",
                            "LCMapStringW",
                            "LeaveCriticalSection",
                            "LoadLibraryA",
                            "LoadLibraryExW",
                            "LoadLibraryW",
                            "LoadResource",
                            "LockResource",
                            "lstrcmpiW",
                            "lstrlenA",
                            "lstrlenW",
                            "MultiByteToWideChar",
                            "QueryPerformanceCounter",
                            "RaiseException",
                            "RtlUnwind",
                            "SetHandleCount",
                            "SetLastError",
                            "SetThreadLocale",
                            "SetUnhandledExceptionFilter",
                            "SizeofResource",
                            "Sleep",
                            "TerminateProcess",
                            "TerminateThread",
                            "TlsAlloc",
                            "TlsFree",
                            "TlsGetValue",
                            "TlsSetValue",
                            "UnhandledExceptionFilter",
                            "UpdateResourceW",
                            "VirtualAlloc",
                            "VirtualFree",
                            "WideCharToMultiByte",
                            "WriteFile"
                        ]
                    },
                    {
                        "library_name": "USER32.dll",
                        "imported_functions": [
                            "CharNextW",
                            "MessageBoxW",
                            "PostMessageW",
                            "UnregisterClassA"
                        ]
                    },
                    {
                        "library_name": "ADVAPI32.dll",
                        "imported_functions": [
                            "IsTextUnicode",
                            "RegCloseKey",
                            "RegCreateKeyExW",
                            "RegDeleteKeyW",
                            "RegDeleteValueW",
                            "RegEnumKeyExW",
                            "RegOpenKeyExW",
                            "RegQueryInfoKeyW",
                            "RegQueryValueExW",
                            "RegSetValueExW"
                        ]
                    },
                    {
                        "library_name": "ole32.dll",
                        "imported_functions": [
                            "CoCreateInstance",
                            "CoGetClassObject",
                            "CoTaskMemAlloc",
                            "CoTaskMemFree",
                            "CoTaskMemRealloc",
                            "StringFromGUID2"
                        ]
                    },
                    {
                        "library_name": "OLEAUT32.dll",
                        "imported_functions": [
                            "LoadRegTypeLib",
                            "LoadTypeLib",
                            "RegisterTypeLib",
                            "SysAllocString",
                            "SysAllocStringByteLen",
                            "SysAllocStringLen",
                            "SysFreeString",
                            "SysStringByteLen",
                            "SysStringLen",
                            "UnRegisterTypeLib",
                            "VarBstrCat",
                            "VarBstrCmp",
                            "VariantClear",
                            "VarUI4FromStr"
                        ]
                    },
                    {
                        "library_name": "RPCRT4.dll",
                        "imported_functions": [
                            "IUnknown_AddRef_Proxy",
                            "IUnknown_QueryInterface_Proxy",
                            "IUnknown_Release_Proxy",
                            "NdrCStdStubBuffer2_Release",
                            "NdrDllCanUnloadNow",
                            "NdrDllGetClassObject",
                            "NdrDllRegisterProxy",
                            "NdrDllUnregisterProxy",
                            "NdrOleAllocate",
                            "NdrOleFree",
                            "NdrStubForwardingFunction"
                        ]
                    }
                ]
            },
            "filecondis": {
                "dhash": "00383e1e1e051808",
                "raw_md5": "5f459e5e68d2b3f30bcf0b0e1ba8027d"
            },
            "last_analysis_stats": {
                "malicious": 58,
                "suspicious": 0,
                "undetected": 14,
                "harmless": 0,
                "timeout": 0,
                "confirmed-timeout": 0,
                "failure": 1,
                "type-unsupported": 4
            },
            "signature_info": {
                "description": "kkmlibP",
                "copyright": "(c) .  All rights reserved.",
                "original name": "kkmlib.dll",
                "file version": "1, 0, 0, 25",
                "internal name": "kkmlib.dll"
            },
            "last_analysis_date": 1742915756,
            "first_seen_itw_date": 1466877542,
            "tlsh": "T166648D113390A5AADDBA0B71740B75E750A02D38A6E1CD07BF841F2E66B36CCD511BAF",
            "sha1": "e08bf57f8f68e38ae4b2b49bddd8c3d7ba5982a3",
            "magika": "PEBIN",
            "popular_threat_classification": {
                "popular_threat_category": [
                    {
                        "value": "trojan",
                        "count": 26
                    },
                    {
                        "value": "adware",
                        "count": 9
                    },
                    {
                        "value": "ransomware",
                        "count": 6
                    }
                ],
                "suggested_threat_label": "trojan.hexzone/kuyxpjc",
                "popular_threat_name": [
                    {
                        "value": "hexzone",
                        "count": 16
                    },
                    {
                        "value": "kuyxpjc",
                        "count": 6
                    }
                ]
            },
            "type_description": "Win32 DLL",
            "magic": "PE32 executable (DLL) (GUI) Intel 80386, for MS Windows",
            "last_modification_date": 1746305916,
            "sigma_analysis_results": [
                {
                    "match_context": [
                        {
                            "values": {
                                "EventID": "13",
                                "ProcessId": "5124",
                                "EventType": "SetValue",
                                "Image": "C:\\Windows\\SysWOW64\\regsvr32.exe",
                                "RuleName": "T1176",
                                "UtcTime": "1670286371",
                                "Details": "kkmlibP",
                                "ProcessGuid": "{C784477D-8C0E-638E-ED05-000000003000}",
                                "TargetObject": "HKLM\\SOFTWARE\\WOW6432Node\\Microsoft\\Windows\\CurrentVersion\\Explorer\\Browser Helper Objects\\{22F63A47-6957-4CF7-BCC4-634B1A93D568}\\(Default)"
                            }
                        },
                        {
                            "values": {
                                "EventID": "13",
                                "ProcessId": "5124",
                                "EventType": "SetValue",
                                "Image": "C:\\Windows\\SysWOW64\\regsvr32.exe",
                                "ProcessGuid": "{C784477D-8C0E-638E-ED05-000000003000}",
                                "UtcTime": "1670286371",
                                "Details": "DWORD (0x00000001)",
                                "RuleName": "T1176",
                                "TargetObject": "HKLM\\SOFTWARE\\WOW6432Node\\Microsoft\\Windows\\CurrentVersion\\Explorer\\Browser Helper Objects\\{22F63A47-6957-4CF7-BCC4-634B1A93D568}\\NoExplorer"
                            }
                        },
                        {
                            "values": {
                                "EventID": "13",
                                "ProcessId": "7024",
                                "EventType": "SetValue",
                                "Image": "C:\\Windows\\SysWOW64\\rundll32.exe",
                                "ProcessGuid": "{C784477D-8C14-638E-F505-000000003000}",
                                "UtcTime": "1670286378",
                                "Details": "kkmlibP",
                                "RuleName": "T1176",
                                "TargetObject": "HKLM\\SOFTWARE\\WOW6432Node\\Microsoft\\Windows\\CurrentVersion\\Explorer\\Browser Helper Objects\\{22F63A47-6957-4CF7-BCC4-634B1A93D568}\\(Default)"
                            }
                        },
                        {
                            "values": {
                                "EventID": "13",
                                "ProcessId": "7024",
                                "EventType": "SetValue",
                                "Image": "C:\\Windows\\SysWOW64\\rundll32.exe",
                                "RuleName": "T1176",
                                "UtcTime": "1670286378",
                                "Details": "DWORD (0x00000001)",
                                "ProcessGuid": "{C784477D-8C14-638E-F505-000000003000}",
                                "TargetObject": "HKLM\\SOFTWARE\\WOW6432Node\\Microsoft\\Windows\\CurrentVersion\\Explorer\\Browser Helper Objects\\{22F63A47-6957-4CF7-BCC4-634B1A93D568}\\NoExplorer"
                            }
                        },
                        {
                            "values": {
                                "EventID": "13",
                                "ProcessId": "2652",
                                "EventType": "SetValue",
                                "Image": "C:\\Windows\\system32\\loaddll32.exe",
                                "RuleName": "T1176",
                                "UtcTime": "1670286381",
                                "Details": "kkmlibP",
                                "ProcessGuid": "{C784477D-8C0D-638E-E905-000000003000}",
                                "TargetObject": "HKLM\\SOFTWARE\\WOW6432Node\\Microsoft\\Windows\\CurrentVersion\\Explorer\\Browser Helper Objects\\{22F63A47-6957-4CF7-BCC4-634B1A93D568}\\(Default)"
                            }
                        },
