{
    "data": {
        "id": "8a2b3371af8c9ad75738bc75947cbd7e7d95c2597d8d448df10da0e1eb8052d0",
        "type": "file",
        "links": {
            "self": "https://www.virustotal.com/api/v3/files/8a2b3371af8c9ad75738bc75947cbd7e7d95c2597d8d448df10da0e1eb8052d0"
        },
        "attributes": {
            "type_description": "Win32 DLL",
            "last_submission_date": 1670244094,
            "times_submitted": 15,
            "tags": [
                "detect-debug-environment",
                "pedll"
            ],
            "meaningful_name": "sndlib.dll",
            "last_analysis_date": 1742886942,
            "type_tag": "pedll",
            "authentihash": "b957c3b807b14cd8f99cef46746c1d51a6e8dafb4e11aef0d0380b9b1a1cbba7",
            "sigma_analysis_stats": {
                "high": 0,
                "medium": 1,
                "critical": 0,
                "low": 0
            },
            "magic": "PE32 executable (DLL) (GUI) Intel 80386, for MS Windows",
            "tlsh": "T17A54F7207940513AE8FB4371D8BE4906B8287D622B64B4CF37D85F5E07B26D37A7162B",
            "creation_date": 1221620193,
            "trid": [
                {
                    "file_type": "DirectShow filter",
                    "probability": 75.3
                },
                {
                    "file_type": "Win32 Executable MS Visual C++ (generic)",
                    "probability": 11.6
                },
                {
                    "file_type": "Win64 Executable (generic)",
                    "probability": 3.9
                },
                {
                    "file_type": "Win32 Dynamic Link Library (generic)",
                    "probability": 2.4
                },
                {
                    "file_type": "Win16 NE executable (generic)",
                    "probability": 1.8
                }
            ],
            "type_extension": "dll",
            "last_analysis_stats": {
                "malicious": 57,
                "suspicious": 0,
                "undetected": 16,
                "harmless": 0,
                "timeout": 0,
                "confirmed-timeout": 0,
                "failure": 0,
                "type-unsupported": 4
            },
            "sha1": "cc9f288b1ab53df7f7134eec62a02a5a843ff17a",
            "unique_sources": 11,
            "sigma_analysis_summary": {
                "Sigma Integrated Rule Set (GitHub)": {
                    "high": 0,
                    "medium": 1,
                    "critical": 0,
                    "low": 0
                }
            },
            "first_seen_itw_date": 1279857707,
            "first_submission_date": 1296980884,
            "md5": "3a32dc063bd44e560d0d072193b3fbd4",
            "signature_info": {
                "description": "sndlibP",
                "copyright": "(c) .  All rights reserved.",
                "original name": "sndlib.dll",
                "file version": "1, 0, 0, 25",
                "internal name": "sndlib.dll"
            },
            "ssdeep": "6144:kaB4pH1s/uSNadvLgVHkUxWX2DXpmFLQtBJnm:kaUH1auSNadDgVHkLmD8JQ7Jnm",
            "sha256": "8a2b3371af8c9ad75738bc75947cbd7e7d95c2597d8d448df10da0e1eb8052d0",
            "reputation": 0,
            "filecondis": {
                "raw_md5": "d07ffe45d7fc4f7de0834f69340efc42",
                "dhash": "20383e3e3e173a08"
            },
            "size": 287744,
            "pe_info": {
                "timestamp": 1221620193,
                "imphash": "31b041705311c793ad83b148dfdbd64a",
                "machine_type": 332,
                "entry_point": 120112,
                "resource_details": [
                    {
                        "lang": "NEUTRAL",
                        "chi2": 24716.54,
                        "filetype": "GIF",
                        "entropy": 6.505490779876709,
                        "sha256": "a5581937358605faccf87208273f98dd8f9416253d871222d72cf2dbd4a0523d",
                        "type": "PNG"
                    },
                    {
                        "lang": "NEUTRAL",
                        "chi2": 657.5,
                        "filetype": "GIF",
                        "entropy": 6.786324501037598,
                        "sha256": "579e8b5e45e839e8443d7773e1512805f3d1bdbd1a3fd4fcd625c1d603488885",
                        "type": "PNG"
                    },
                    {
                        "lang": "NEUTRAL",
                        "chi2": 1996.7,
                        "filetype": "GIF",
                        "entropy": 7.035505294799805,
                        "sha256": "5e6f49f1febca8110df43883ec13ba892a6d61eef8daa69c9291bdb61541d025",
                        "type": "PNG"
                    },
                    {
                        "lang": "NEUTRAL",
                        "chi2": 1828.21,
                        "filetype": "GIF",
                        "entropy": 6.931138515472412,
                        "sha256": "c1bc775ba1c9808077d4364af92e1a998696979411273055934307f9747b883b",
                        "type": "PNG"
                    },
                    {
                        "lang": "NEUTRAL",
                        "chi2": 5514.79,
                        "filetype": "GIF",
                        "entropy": 5.1426801681518555,
                        "sha256": "9107fac4845c473f865ee0c78867ea24882662a096159f1d8a6b072c921f0dab",
                        "type": "PNG"
                    },
                    {
                        "lang": "NEUTRAL",
                        "chi2": 1013.95,
                        "filetype": "GIF",
                        "entropy": 7.508001327514648,
                        "sha256": "e54fd4b89bbf86ff4f65a3c52afd8594f218c6db8d29012c183c3e01f770a875",
                        "type": "PNG"
                    },
                    {
                        "lang": "NEUTRAL",
                        "chi2": 884.58,
                        "filetype": "GIF",
                        "entropy": 7.556328773498535,
                        "sha256": "59414455ed6bfaef67bce0ff1f4d9dd8be0af026dc77e0bb778660dfb7fa27d9",
                        "type": "PNG"
                    },
                    {
                        "lang": "NEUTRAL",
                        "chi2": 425.96,
                        "filetype": "GIF",
                        "entropy": 7.869433879852295,
                        "sha256": "bcc04a85d560e289934290346c358f2e27f3e3b324d45c4f0491c9ebfdc5773c",
                        "type": "PNG"
                    },
                    {
                        "lang": "NEUTRAL",
                        "chi2": 752.0,
                        "filetype": "GIF",
                        "entropy": 6.173816204071045,
                        "sha256": "2986d22e472eb47dc8192c5e73f38dc2e303f6e5c23c167d30652bddbebbb6c7",
                        "type": "PNG"
                    },
                    {
                        "lang": "NEUTRAL",
                        "chi2": 771.56,
                        "filetype": "JPEG",
                        "entropy": 7.9506306648254395,
                        "sha256": "364755028038c523608d91ccfac453348634600031a544b0bf00a59a9c4b38f2",
                        "type": "PNG"
                    },
                    {
                        "lang": "NEUTRAL",
                        "chi2": 735.4,
                        "filetype": "JPEG",
                        "entropy": 7.9566650390625,
                        "sha256": "4ab43ce0ecf35b5d2d2e759abf7accd526bdc3a0c5ce5ac101cce9d1fbec9b69",
                        "type": "PNG"
                    },
                    {
                        "lang": "NEUTRAL",
                        "chi2": 734.5,
                        "filetype": "JPEG",
                        "entropy": 7.954924583435059,
                        "sha256": "6e24d7f9c9357eab5ff5c5a68280cc1533231a4151fa6d2ed984aad69414ec56",
                        "type": "PNG"
                    },
                    {
                        "lang": "NEUTRAL",
                        "chi2": 669.75,
                        "filetype": "JPEG",
                        "entropy": 7.954648494720459,
                        "sha256": "9c272d9239b07e16748470fb16550d4c6b43df33ad3e42e9408faab419eed10d",
                        "type": "PNG"
                    },
                    {
                        "lang": "NEUTRAL",
                        "chi2": 6569.09,
                        "filetype": "GIF",
                        "entropy": 5.380771636962891,
                        "sha256": "e764bde0d6e721c5d7da9f68c1c5957c9d9a19e9143c507a68b9b31d780abc11",
                        "type": "PNG"
                    },
                    {
                        "lang": "RUSSIAN",
                        "chi2": 1548.09,
                        "filetype": "unknown",
                        "entropy": 4.551692962646484,
                        "sha256": "03fdc3938026794f1ec872876f242c0f87e9b42012d2161e055ebc442d1891ae",
                        "type": "REGISTRY"
                    },
                    {
                        "lang": "RUSSIAN",
                        "chi2": 13559.59,
                        "filetype": "unknown",
                        "entropy": 5.16005802154541,
                        "sha256": "24faac2162378a9c0859e66bdb365702b8f3664e1f9cc062b12e1df0fddfdaaa",
                        "type": "REGISTRY"
                    },
                    {
                        "lang": "RUSSIAN",
                        "chi2": 4452.91,
                        "filetype": "unknown",
                        "entropy": 5.437140464782715,
                        "sha256": "e0cac2c390081490b22fe78c75d24ce7559bdaa7964a02dd86cb511b0eb15807",
                        "type": "REGISTRY"
                    },
                    {
                        "lang": "RUSSIAN",
                        "chi2": 134433.56,
                        "filetype": "unknown",
                        "entropy": 3.3984835147857666,
                        "sha256": "895537009c7f60b25afdab110b385d8043e0d5b47f7bd1a9783363343f6647d6",
                        "type": "TYPELIB"
                    },
                    {
                        "lang": "RUSSIAN",
                        "chi2": 7961.82,
                        "filetype": "unknown",
                        "entropy": 1.0787549018859863,
                        "sha256": "0103c946f68267fb9b559ad25d91abf831a1d9e483ca5af7f115969bd4efb30f",
                        "type": "RT_STRING"
                    },
                    {
                        "lang": "NEUTRAL",
                        "chi2": 2176102.5,
                        "filetype": "unknown",
                        "entropy": 3.613128423690796,
                        "sha256": "7565382d4911a32b6ef374c869126ca3f76b7f7198398a2a7d0a026923030e47",
                        "type": "RT_STRING"
                    },
                    {
                        "lang": "RUSSIAN",
                        "chi2": 52790.39,
                        "filetype": "unknown",
                        "entropy": 3.3409457206726074,
                        "sha256": "03f21c634c7ca40f962fcea2428642de9e07d5a5e4656d1be7e26f85e64f4992",
                        "type": "RT_VERSION"
                    }
                ],
                "resource_langs": {
                    "RUSSIAN": 6,
                    "NEUTRAL": 15
                },
                "resource_types": {
                    "TYPELIB": 1,
                    "RT_STRING": 2,
                    "REGISTRY": 3,
                    "PNG": 14,
                    "RT_VERSION": 1
                },
                "sections": [
                    {
                        "name": ".text",
                        "chi2": 975567.25,
                        "virtual_address": 4096,
                        "entropy": 6.35,
                        "raw_size": 150528,
                        "flags": "rx",
                        "virtual_size": 150337,
                        "md5": "a3335b67339433a6a780631b5919c955"
                    },
                    {
                        "name": ".orpc",
                        "chi2": 70880.0,
                        "virtual_address": 155648,
                        "entropy": 2.2,
                        "raw_size": 512,
                        "flags": "rx",
                        "virtual_size": 148,
                        "md5": "cfbb2a54c81a8fdcff6bb58fc411a1d8"
                    },
                    {
                        "name": ".rdata",
                        "chi2": 1412752.12,
                        "virtual_address": 159744,
                        "entropy": 4.85,
                        "raw_size": 32768,
                        "flags": "r",
                        "virtual_size": 32359,
                        "md5": "047368e77b9102e840df9ccc89bae070"
                    },
                    {
                        "name": ".data",
                        "chi2": 404667.25,
                        "virtual_address": 192512,
                        "entropy": 4.05,
                        "raw_size": 6144,
                        "flags": "rw",
                        "virtual_size": 9796,
                        "md5": "38281e3f9b9725c33e69ab9b81379d3c"
                    },
                    {
                        "name": ".rsrc",
                        "chi2": 1175135.0,
                        "virtual_address": 204800,
                        "entropy": 6.71,
                        "raw_size": 86016,
                        "flags": "r",
                        "virtual_size": 85968,
                        "md5": "8d90ac72ecafa6f58241ecf6995df3c1"
                    },
                    {
                        "name": ".reloc",
                        "chi2": 350874.72,
                        "virtual_address": 290816,
                        "entropy": 5.23,
                        "raw_size": 10752,
                        "flags": "r",
                        "virtual_size": 10368,
                        "md5": "2edcc58d837301dd9910b03950ac623a"
                    }
                ],
                "exports": [
                    "DllCanUnloadNow",
                    "DllGetClassObject",
                    "DllRegisterServer",
                    "DllUnregisterServer",
                    "UnInstall"
                ],
                "compiler_product_versions": [
                    "[ASM] VS2005 build 50727 count=20",
                    "[ C ] Windows Server 2003 SP1 DDK build 4035 count=9",
                    "[IMP] Windows Server 2003 SP1 DDK build 4035 count=21",
                    "[---] Unmarked objects count=156",
                    "[ C ] VS2005 build 50727 count=87",
                    "[C++] VS2005 build 50727 count=57",
                    "[EXP] VS2005 build 50727 count=1",
                    "[RES] VS2005 build 50727 count=1",
                    "[LNK] VS2005 build 50727 count=1"
                ],
                "rich_pe_header_hash": "2187f7e5211f46259ad7728c8800f7d8",
                "import_list": [
                    {
                        "library_name": "KERNEL32.dll",
                        "imported_functions": [
                            "CloseHandle",
                            "CreateFileW",
                            "CreateThread",
                            "DeleteCriticalSection",
                            "EnterCriticalSection",
                            "ExitProcess",
                            "FindResourceW",
                            "FreeEnvironmentStringsA",
                            "FreeEnvironmentStringsW",
                            "FreeLibrary",
                            "GetACP",
                            "GetCommandLineA",
                            "GetCPInfo",
                            "GetCurrentProcess",
                            "GetCurrentProcessId",
                            "GetCurrentThreadId",
                            "GetEnvironmentStrings",
                            "GetEnvironmentStringsW",
                            "GetFileType",
                            "GetLastError",
                            "GetLocaleInfoA",
                            "GetModuleFileNameA",
                            "GetModuleFileNameW",
                            "GetModuleHandleA",
                            "GetModuleHandleW",
                            "GetOEMCP",
                            "GetProcAddress",
                            "GetProcessHeap",
                            "GetStartupInfoA",
                            "GetStdHandle",
                            "GetStringTypeA",
                            "GetStringTypeW",
                            "GetSystemTimeAsFileTime",
                            "GetThreadLocale",
                            "GetTickCount",
                            "GetVersionExA",
                            "GetVersionExW",
                            "GetWindowsDirectoryW",
                            "HeapAlloc",
                            "HeapCreate",
                            "HeapDestroy",
                            "HeapFree",
                            "HeapReAlloc",
                            "HeapSize",
                            "InitializeCriticalSection",
                            "InterlockedDecrement",
                            "InterlockedExchange",
                            "InterlockedIncrement",
                            "IsDebuggerPresent",
                            "LCMapStringA",
                            "LCMapStringW",
                            "LeaveCriticalSection",
                            "LoadLibraryA",
                            "LoadLibraryExW",
                            "LoadLibraryW",
                            "LoadResource",
                            "LockResource",
                            "lstrcmpiW",
                            "lstrlenA",
                            "lstrlenW",
                            "MultiByteToWideChar",
                            "QueryPerformanceCounter",
                            "RaiseException",
                            "RtlUnwind",
                            "SetHandleCount",
                            "SetLastError",
                            "SetThreadLocale",
                            "SetUnhandledExceptionFilter",
                            "SizeofResource",
                            "Sleep",
                            "TerminateProcess",
                            "TlsAlloc",
                            "TlsFree",
                            "TlsGetValue",
                            "TlsSetValue",
                            "UnhandledExceptionFilter",
                            "VirtualAlloc",
                            "VirtualFree",
                            "WideCharToMultiByte",
                            "WinExec",
                            "WriteFile"
                        ]
                    },
                    {
                        "library_name": "USER32.dll",
                        "imported_functions": [
                            "CharLowerA",
                            "CharLowerW",
                            "CharNextW",
                            "MessageBoxW",
                            "UnregisterClassA"
                        ]
                    },
                    {
                        "library_name": "ADVAPI32.dll",
                        "imported_functions": [
                            "IsTextUnicode",
                            "RegCloseKey",
                            "RegCreateKeyExW",
                            "RegDeleteKeyW",
                            "RegDeleteValueW",
                            "RegEnumKeyExW",
                            "RegOpenKeyExW",
                            "RegQueryInfoKeyW",
                            "RegQueryValueExW",
                            "RegSetValueExW"
                        ]
                    },
                    {
                        "library_name": "SHELL32.dll",
                        "imported_functions": [
                            "SHGetFolderPathW"
                        ]
                    },
                    {
                        "library_name": "ole32.dll",
                        "imported_functions": [
                            "CoCreateInstance",
                            "CoGetClassObject",
                            "CoTaskMemAlloc",
                            "CoTaskMemFree",
                            "CoTaskMemRealloc",
                            "StringFromGUID2"
                        ]
                    },
                    {
                        "library_name": "OLEAUT32.dll",
                        "imported_functions": [
                            "LoadRegTypeLib",
                            "LoadTypeLib",
                            "RegisterTypeLib",
                            "SysAllocString",
                            "SysAllocStringByteLen",
                            "SysAllocStringLen",
                            "SysFreeString",
                            "SysStringByteLen",
                            "SysStringLen",
                            "UnRegisterTypeLib",
                            "VarBstrCat",
                            "VarBstrCmp",
                            "VariantClear",
                            "VarUI4FromStr"
                        ]
                    },
                    {
                        "library_name": "RPCRT4.dll",
                        "imported_functions": [
                            "IUnknown_AddRef_Proxy",
                            "IUnknown_QueryInterface_Proxy",
                            "IUnknown_Release_Proxy",
                            "NdrCStdStubBuffer2_Release",
                            "NdrCStdStubBuffer_Release",
                            "NdrDllCanUnloadNow",
                            "NdrDllGetClassObject",
                            "NdrDllRegisterProxy",
                            "NdrDllUnregisterProxy",
                            "NdrOleAllocate",
                            "NdrOleFree",
                            "NdrStubForwardingFunction"
                        ]
                    },
                    {
                        "library_name": "WININET.dll",
                        "imported_functions": [
                            "HttpOpenRequestW",
                            "HttpSendRequestW",
                            "InternetCloseHandle",
                            "InternetConnectW",
                            "InternetCrackUrlW",
                            "InternetGetCookieW",
                            "InternetOpenW",
                            "InternetReadFile",
                            "InternetSetCookieW"
                        ]
                    },
                    {
                        "library_name": "urlmon.dll",
                        "imported_functions": [
                            "CoInternetGetSession"
                        ]
                    },
                    {
                        "library_name": "VERSION.dll",
                        "imported_functions": [
                            "GetFileVersionInfoSizeW",
                            "GetFileVersionInfoW",
                            "VerQueryValueW"
                        ]
                    }
                ]
            },
            "popular_threat_classification": {
                "popular_threat_name": [
                    {
                        "value": "hexzone",
                        "count": 22
                    }
                ],
                "suggested_threat_label": "trojan.hexzone",
                "popular_threat_category": [
                    {
                        "value": "trojan",
                        "count": 24
                    },
                    {
                        "value": "adware",
                        "count": 7
                    },
                    {
                        "value": "ransomware",
                        "count": 5
                    }
                ]
            },
            "vhash": "12506666155d156550a8z517z60e1zc1z11z1050309az5",
            "detectiteasy": {
                "filetype": "PE32",
                "values": [
                    {
                        "info": "DLL32",
                        "version": "2005",
                        "type": "Compiler",
                        "name": "EP:Microsoft Visual C/C++"
                    },
                    {
                        "info": "C++/book",
                        "version": "14.00.50727",
                        "type": "Compiler",
                        "name": "Microsoft Visual C/C++"
                    },
                    {
                        "version": "8.00.50727",
                        "type": "Linker",
                        "name": "Microsoft Linker"
                    },
                    {
                        "version": "2005",
                        "type": "Tool",
                        "name": "Visual Studio"
                    }
                ]
            },
            "sigma_analysis_results": [
                {
                    "match_context": [
                        {
                            "values": {
                                "EventID": "13",
                                "ProcessId": "5992",
                                "EventType": "SetValue",
                                "Image": "C:\\Windows\\SysWOW64\\regsvr32.exe",
                                "RuleName": "T1176",
                                "UtcTime": "1670244149",
                                "Details": "sndlibP",
                                "ProcessGuid": "{C784477D-E735-638D-EB05-000000003000}",
                                "TargetObject": "HKLM\\SOFTWARE\\WOW6432Node\\Microsoft\\Windows\\CurrentVersion\\Explorer\\Browser Helper Objects\\{010F3060-5C77-458F-99B3-6D9E85AA0FD3}\\(Default)"
                            }
                        },
                        {
                            "values": {
                                "EventID": "13",
                                "ProcessId": "5992",
                                "EventType": "SetValue",
                                "Image": "C:\\Windows\\SysWOW64\\regsvr32.exe",
                                "ProcessGuid": "{C784477D-E735-638D-EB05-000000003000}",
                                "UtcTime": "1670244149",
                                "Details": "DWORD (0x00000001)",
                                "RuleName": "T1176",
                                "TargetObject": "HKLM\\SOFTWARE\\WOW6432Node\\Microsoft\\Windows\\CurrentVersion\\Explorer\\Browser Helper Objects\\{010F3060-5C77-458F-99B3-6D9E85AA0FD3}\\NoExplorer"
                            }
                        },
                        {
                            "values": {
                                "EventID": "13",
                                "ProcessId": "2028",
                                "EventType": "SetValue",
                                "Image": "C:\\Windows\\SysWOW64\\rundll32.exe",
                                "ProcessGuid": "{C784477D-E73B-638D-F405-000000003000}",
                                "UtcTime": "1670244156",
                                "Details": "sndlibP",
                                "RuleName": "T1176",
                                "TargetObject": "HKLM\\SOFTWARE\\WOW6432Node\\Microsoft\\Windows\\CurrentVersion\\Explorer\\Browser Helper Objects\\{010F3060-5C77-458F-99B3-6D9E85AA0FD3}\\(Default)"
                            }
                        },
                        {
                            "values": {
                                "EventID": "13",
                                "ProcessId": "2028",
                                "EventType": "SetValue",
                                "Image": "C:\\Windows\\SysWOW64\\rundll32.exe",
                                "RuleName": "T1176",
                                "UtcTime": "1670244156",
                                "Details": "DWORD (0x00000001)",
                                "ProcessGuid": "{C784477D-E73B-638D-F405-000000003000}",
                                "TargetObject": "HKLM\\SOFTWARE\\WOW6432Node\\Microsoft\\Windows\\CurrentVersion\\Explorer\\Browser Helper Objects\\{010F3060-5C77-458F-99B3-6D9E85AA0FD3}\\NoExplorer"
                            }
                        },
                        {
                            "values": {
                                "EventID": "13",
                                "ProcessId": "4832",
                                "EventType": "SetValue",
                                "Image": "C:\\Windows\\system32\\loaddll32.exe",
                                "RuleName": "T1176",
                                "UtcTime": "1670244158",
                                "Details": "sndlibP",
                                "ProcessGuid": "{C784477D-E735-638D-E805-000000003000}",
                                "TargetObject": "HKLM\\SOFTWARE\\WOW6432Node\\Microsoft\\Windows\\CurrentVersion\\Explorer\\Browser Helper Objects\\{010F3060-5C77-458F-99B3-6D9E85AA0FD3}\\(Default)"
                            }
                        },
