{
    "data": {
        "id": "8ad44ff72e3ecd27a67df225ca580ab186f2f580553cc6ee5be562d070e0a489",
        "type": "file",
        "links": {
            "self": "https://www.virustotal.com/api/v3/files/8ad44ff72e3ecd27a67df225ca580ab186f2f580553cc6ee5be562d070e0a489"
        },
        "attributes": {
            "type_extension": "exe",
            "meaningful_name": "12a034d6e65ebb58e6407945d9bca233.virus",
            "md5": "12a034d6e65ebb58e6407945d9bca233",
            "unique_sources": 1,
            "magic": "PE32 executable (GUI) Intel 80386, for MS Windows",
            "crowdsourced_ids_stats": {
                "high": 0,
                "info": 0,
                "medium": 1,
                "low": 0
            },
            "popular_threat_classification": {
                "popular_threat_category": [
                    {
                        "count": 30,
                        "value": "ransomware"
                    },
                    {
                        "count": 18,
                        "value": "trojan"
                    }
                ],
                "suggested_threat_label": "ransomware.lockbit/wanna",
                "popular_threat_name": [
                    {
                        "count": 30,
                        "value": "lockbit"
                    },
                    {
                        "count": 3,
                        "value": "wanna"
                    },
                    {
                        "count": 2,
                        "value": "ransomx"
                    }
                ]
            },
            "last_analysis_date": 1741002379,
            "total_votes": {
                "harmless": 0,
                "malicious": 1
            },
            "first_submission_date": 1652401804,
            "trid": [
                {
                    "file_type": "Win32 Executable MS Visual C++ (generic)",
                    "probability": 37.8
                },
                {
                    "file_type": "Microsoft Visual C++ compiled executable (generic)",
                    "probability": 20.0
                },
                {
                    "file_type": "Win64 Executable (generic)",
                    "probability": 12.7
                },
                {
                    "file_type": "Win32 Dynamic Link Library (generic)",
                    "probability": 7.9
                },
                {
                    "file_type": "Win16 NE executable (generic)",
                    "probability": 6.1
                }
            ],
            "magika": "PEBIN",
            "sha256": "8ad44ff72e3ecd27a67df225ca580ab186f2f580553cc6ee5be562d070e0a489",
            "filecondis": {
                "dhash": "7a7e3e1c0e1a1108",
                "raw_md5": "bfd74eaf2a046592da740c5c391d632b"
            },
            "type_tags": [
                "executable",
                "windows",
                "win32",
                "pe",
                "peexe"
            ],
            "last_analysis_stats": {
                "malicious": 67,
                "suspicious": 0,
                "undetected": 5,
                "harmless": 0,
                "timeout": 0,
                "confirmed-timeout": 0,
                "failure": 0,
                "type-unsupported": 4
            },
            "size": 154114,
            "sha1": "2fccb7d7f19761e1303810b6b8f271a39b245af7",
            "last_submission_date": 1652401804,
            "authentihash": "fcda052ac2bf3c432ad0946465668fb61117ad1a386bb89540335c25ab167a70",
            "creation_date": 1581919122,
            "sigma_analysis_results": [
                {
                    "match_context": [
                        {
                            "values": {
                                "TerminalSessionId": "1",
                                "ProcessGuid": "{C784477D-3428-6360-D10A-000000004700}",
                                "ProcessId": "8876",
                                "Product": "Microsoft\\xae Windows\\xae Operating System",
                                "Description": "Windows Command Processor",
                                "Company": "Microsoft Corporation",
                                "ParentProcessGuid": "{C784477D-3426-6360-CE0A-000000004700}",
                                "User": "DESKTOP-B0T93D6\\george",
                                "Hashes": "MD5=4E2ACF4F8A396486AB4268C94A6A245F,SHA256=9A7C58BD98D70631AA1473F7B57B426DB367D72429A5455B433A05EE251F3236,IMPHASH=8542FB14699D84D7E8DA92F66145C7FE",
                                "OriginalFileName": "Cmd.Exe",
                                "ParentImage": "C:\\Users\\george\\Desktop\\file.exe",
                                "FileVersion": "10.0.17134.1 (WinBuild.160101.0800)",
                                "ParentProcessId": "7796",
                                "CurrentDirectory": "C:\\Users\\george\\Desktop\\",
                                "CommandLine": "\"C:\\Windows\\System32\\cmd.exe\" /c vssadmin delete shadows /all /quiet & wmic shadowcopy delete & bcdedit /set {default} bootstatuspolicy ignoreallfailures & bcdedit /set {default} recoveryenabled no & wbadmin delete catalog -quiet",
                                "EventID": "1",
                                "LogonGuid": "C784477D-0C1A-634D-1840-040000000000",
                                "LogonId": "278552",
                                "Image": "C:\\Windows\\System32\\cmd.exe",
                                "IntegrityLevel": "High",
                                "ParentCommandLine": "\"C:\\Users\\george\\Desktop\\file.exe\" ",
                                "UtcTime": "1667249192",
                                "RuleName": "-"
                            }
                        },
                        {
                            "values": {
                                "TerminalSessionId": "1",
                                "ProcessGuid": "{C784477D-342A-6360-D70A-000000004700}",
                                "ProcessId": "9616",
                                "Product": "Microsoft\\xae Windows\\xae Operating System",
                                "Description": "WMI Commandline Utility",
                                "Company": "Microsoft Corporation",
                                "ParentProcessGuid": "{C784477D-3428-6360-D10A-000000004700}",
                                "User": "DESKTOP-B0T93D6\\george",
                                "Hashes": "MD5=EC80E603E0090B3AC3C1234C2BA43A0F,SHA256=D368BCB7934DB0C53D1E7277DCB47AF2B709253CBF0EEE9869EE7E17ED226EA3,IMPHASH=59A9108CA1CECC9147C5FBAB104EBF33",
                                "OriginalFileName": "wmic.exe",
                                "ParentImage": "C:\\Windows\\System32\\cmd.exe",
                                "FileVersion": "10.0.17134.1 (WinBuild.160101.0800)",
                                "ParentProcessId": "8876",
                                "CurrentDirectory": "C:\\Users\\george\\Desktop\\",
                                "CommandLine": "wmic  shadowcopy delete ",
                                "EventID": "1",
                                "LogonGuid": "C784477D-0C1A-634D-1840-040000000000",
                                "LogonId": "278552",
                                "Image": "C:\\Windows\\System32\\wbem\\WMIC.exe",
                                "IntegrityLevel": "High",
                                "ParentCommandLine": "\"C:\\Windows\\System32\\cmd.exe\" /c vssadmin delete shadows /all /quiet & wmic shadowcopy delete & bcdedit /set {default} bootstatuspolicy ignoreallfailures & bcdedit /set {default} recoveryenabled no & wbadmin delete catalog -quiet",
                                "UtcTime": "1667249194",
                                "RuleName": "-"
                            }
                        },
                        {
                            "values": {
                                "TerminalSessionId": "1",
                                "ProcessGuid": "{C784477D-3436-6360-E00A-000000004700}",
                                "ProcessId": "12460",
                                "Product": "Microsoft\\xae Windows\\xae Operating System",
                                "Description": "Windows Command Processor",
                                "Company": "Microsoft Corporation",
                                "ParentProcessGuid": "{C784477D-3432-6360-DE0A-000000004700}",
                                "User": "DESKTOP-B0T93D6\\george",
                                "Hashes": "MD5=4E2ACF4F8A396486AB4268C94A6A245F,SHA256=9A7C58BD98D70631AA1473F7B57B426DB367D72429A5455B433A05EE251F3236,IMPHASH=8542FB14699D84D7E8DA92F66145C7FE",
                                "OriginalFileName": "Cmd.Exe",
                                "ParentImage": "C:\\Users\\george\\Desktop\\file.exe",
                                "FileVersion": "10.0.17134.1 (WinBuild.160101.0800)",
                                "ParentProcessId": "10652",
                                "CurrentDirectory": "C:\\Users\\george\\Desktop\\",
                                "CommandLine": "\"C:\\Windows\\System32\\cmd.exe\" /c vssadmin delete shadows /all /quiet & wmic shadowcopy delete & bcdedit /set {default} bootstatuspolicy ignoreallfailures & bcdedit /set {default} recoveryenabled no & wbadmin delete catalog -quiet",
                                "EventID": "1",
                                "LogonGuid": "C784477D-0C1A-634D-1840-040000000000",
                                "LogonId": "278552",
                                "Image": "C:\\Windows\\System32\\cmd.exe",
                                "IntegrityLevel": "High",
                                "ParentCommandLine": "\"C:\\Users\\george\\Desktop\\file.exe\" ",
                                "UtcTime": "1667249206",
                                "RuleName": "-"
                            }
                        },
                        {
                            "values": {
                                "TerminalSessionId": "1",
                                "ProcessGuid": "{C784477D-3439-6360-E40A-000000004700}",
                                "ProcessId": "12908",
                                "Product": "Microsoft\\xae Windows\\xae Operating System",
                                "Description": "WMI Commandline Utility",
                                "Company": "Microsoft Corporation",
                                "ParentProcessGuid": "{C784477D-3436-6360-E00A-000000004700}",
                                "User": "DESKTOP-B0T93D6\\george",
                                "Hashes": "MD5=EC80E603E0090B3AC3C1234C2BA43A0F,SHA256=D368BCB7934DB0C53D1E7277DCB47AF2B709253CBF0EEE9869EE7E17ED226EA3,IMPHASH=59A9108CA1CECC9147C5FBAB104EBF33",
                                "OriginalFileName": "wmic.exe",
                                "ParentImage": "C:\\Windows\\System32\\cmd.exe",
                                "FileVersion": "10.0.17134.1 (WinBuild.160101.0800)",
                                "ParentProcessId": "12460",
                                "CurrentDirectory": "C:\\Users\\george\\Desktop\\",
                                "CommandLine": "wmic  shadowcopy delete ",
                                "EventID": "1",
                                "LogonGuid": "C784477D-0C1A-634D-1840-040000000000",
                                "LogonId": "278552",
                                "Image": "C:\\Windows\\System32\\wbem\\WMIC.exe",
                                "IntegrityLevel": "High",
                                "ParentCommandLine": "\"C:\\Windows\\System32\\cmd.exe\" /c vssadmin delete shadows /all /quiet & wmic shadowcopy delete & bcdedit /set {default} bootstatuspolicy ignoreallfailures & bcdedit /set {default} recoveryenabled no & wbadmin delete catalog -quiet",
                                "UtcTime": "1667249209",
                                "RuleName": "-"
                            }
                        },
                        {
                            "values": {
                                "TerminalSessionId": "1",
                                "ProcessGuid": "{C784477D-343E-6360-E70A-000000004700}",
                                "ProcessId": "15588",
                                "Product": "Microsoft\\xae Windows\\xae Operating System",
                                "Description": "Windows Command Processor",
                                "Company": "Microsoft Corporation",
                                "ParentProcessGuid": "{C784477D-343A-6360-E50A-000000004700}",
                                "User": "DESKTOP-B0T93D6\\george",
                                "Hashes": "MD5=4E2ACF4F8A396486AB4268C94A6A245F,SHA256=9A7C58BD98D70631AA1473F7B57B426DB367D72429A5455B433A05EE251F3236,IMPHASH=8542FB14699D84D7E8DA92F66145C7FE",
                                "OriginalFileName": "Cmd.Exe",
                                "ParentImage": "C:\\Users\\george\\Desktop\\file.exe",
                                "FileVersion": "10.0.17134.1 (WinBuild.160101.0800)",
                                "ParentProcessId": "9552",
                                "CurrentDirectory": "C:\\Users\\george\\Desktop\\",
                                "CommandLine": "\"C:\\Windows\\System32\\cmd.exe\" /c vssadmin delete shadows /all /quiet & wmic shadowcopy delete & bcdedit /set {default} bootstatuspolicy ignoreallfailures & bcdedit /set {default} recoveryenabled no & wbadmin delete catalog -quiet",
                                "EventID": "1",
                                "LogonGuid": "C784477D-0C1A-634D-1840-040000000000",
                                "LogonId": "278552",
                                "Image": "C:\\Windows\\System32\\cmd.exe",
                                "IntegrityLevel": "High",
                                "ParentCommandLine": "\"C:\\Users\\george\\Desktop\\file.exe\" ",
                                "UtcTime": "1667249214",
                                "RuleName": "-"
                            }
                        },
                        {
                            "values": {
                                "TerminalSessionId": "1",
                                "ProcessGuid": "{C784477D-3441-6360-ED0A-000000004700}",
                                "ProcessId": "15784",
                                "Product": "Microsoft\\xae Windows\\xae Operating System",
                                "Description": "WMI Commandline Utility",
                                "Company": "Microsoft Corporation",
                                "ParentProcessGuid": "{C784477D-343E-6360-E70A-000000004700}",
                                "User": "DESKTOP-B0T93D6\\george",
                                "Hashes": "MD5=EC80E603E0090B3AC3C1234C2BA43A0F,SHA256=D368BCB7934DB0C53D1E7277DCB47AF2B709253CBF0EEE9869EE7E17ED226EA3,IMPHASH=59A9108CA1CECC9147C5FBAB104EBF33",
                                "OriginalFileName": "wmic.exe",
                                "ParentImage": "C:\\Windows\\System32\\cmd.exe",
                                "FileVersion": "10.0.17134.1 (WinBuild.160101.0800)",
                                "ParentProcessId": "15588",
                                "CurrentDirectory": "C:\\Users\\george\\Desktop\\",
                                "CommandLine": "wmic  shadowcopy delete ",
                                "EventID": "1",
                                "LogonGuid": "C784477D-0C1A-634D-1840-040000000000",
                                "LogonId": "278552",
                                "Image": "C:\\Windows\\System32\\wbem\\WMIC.exe",
                                "IntegrityLevel": "High",
                                "ParentCommandLine": "\"C:\\Windows\\System32\\cmd.exe\" /c vssadmin delete shadows /all /quiet & wmic shadowcopy delete & bcdedit /set {default} bootstatuspolicy ignoreallfailures & bcdedit /set {default} recoveryenabled no & wbadmin delete catalog -quiet",
                                "UtcTime": "1667249217",
                                "RuleName": "-"
                            }
                        }
                    ],
                    "rule_level": "critical",
                    "rule_description": "Delete shadow copy via WMIC",
                    "rule_source": "Joe Security Rule Set (GitHub)",
                    "rule_title": "Delete shadow copy via WMIC",
                    "rule_id": "be6d29855558a0e8c404486d8f1838ce35594866f126f9c1c62a9792e9c76be2",
                    "rule_author": "Joe Security"
                },
                {
                    "match_context": [
                        {
                            "values": {
                                "TerminalSessionId": "1",
                                "ProcessGuid": "{C784477D-342E-6360-D80A-000000004700}",
                                "ProcessId": "10480",
                                "Product": "Microsoft\\xae Windows\\xae Operating System",
                                "Description": "Boot Configuration Data Editor",
                                "Company": "Microsoft Corporation",
                                "ParentProcessGuid": "{C784477D-3428-6360-D10A-000000004700}",
                                "User": "DESKTOP-B0T93D6\\george",
                                "Hashes": "MD5=C46E3768DB01E7DC3B92EF42CC1B9C73,SHA256=3AD26DB8DC988EAD9E73FECF4D8D888A66F7965AC09F8AF4E3CFCD09028A5B59,IMPHASH=5590A306D0FA939852B69E8411CA102B",
                                "OriginalFileName": "bcdedit.exe",
                                "ParentImage": "C:\\Windows\\System32\\cmd.exe",
                                "FileVersion": "10.0.17134.950 (WinBuild.160101.0800)",
                                "ParentProcessId": "8876",
                                "CurrentDirectory": "C:\\Users\\george\\Desktop\\",
                                "CommandLine": "bcdedit  /set {default} bootstatuspolicy ignoreallfailures ",
                                "EventID": "1",
                                "LogonGuid": "C784477D-0C1A-634D-1840-040000000000",
                                "LogonId": "278552",
                                "Image": "C:\\Windows\\System32\\bcdedit.exe",
                                "IntegrityLevel": "High",
                                "ParentCommandLine": "\"C:\\Windows\\System32\\cmd.exe\" /c vssadmin delete shadows /all /quiet & wmic shadowcopy delete & bcdedit /set {default} bootstatuspolicy ignoreallfailures & bcdedit /set {default} recoveryenabled no & wbadmin delete catalog -quiet",
                                "UtcTime": "1667249198",
                                "RuleName": "-"
                            }
                        },
                        {
                            "values": {
                                "TerminalSessionId": "1",
                                "ProcessGuid": "{C784477D-342F-6360-D90A-000000004700}",
                                "ProcessId": "10496",
                                "Product": "Microsoft\\xae Windows\\xae Operating System",
                                "Description": "Boot Configuration Data Editor",
                                "Company": "Microsoft Corporation",
                                "ParentProcessGuid": "{C784477D-3428-6360-D10A-000000004700}",
                                "User": "DESKTOP-B0T93D6\\george",
                                "Hashes": "MD5=C46E3768DB01E7DC3B92EF42CC1B9C73,SHA256=3AD26DB8DC988EAD9E73FECF4D8D888A66F7965AC09F8AF4E3CFCD09028A5B59,IMPHASH=5590A306D0FA939852B69E8411CA102B",
                                "OriginalFileName": "bcdedit.exe",
                                "ParentImage": "C:\\Windows\\System32\\cmd.exe",
                                "FileVersion": "10.0.17134.950 (WinBuild.160101.0800)",
                                "ParentProcessId": "8876",
                                "CurrentDirectory": "C:\\Users\\george\\Desktop\\",
                                "CommandLine": "bcdedit  /set {default} recoveryenabled no ",
                                "EventID": "1",
                                "LogonGuid": "C784477D-0C1A-634D-1840-040000000000",
                                "LogonId": "278552",
                                "Image": "C:\\Windows\\System32\\bcdedit.exe",
                                "IntegrityLevel": "High",
                                "ParentCommandLine": "\"C:\\Windows\\System32\\cmd.exe\" /c vssadmin delete shadows /all /quiet & wmic shadowcopy delete & bcdedit /set {default} bootstatuspolicy ignoreallfailures & bcdedit /set {default} recoveryenabled no & wbadmin delete catalog -quiet",
                                "UtcTime": "1667249199",
                                "RuleName": "-"
                            }
                        },
                        {
                            "values": {
                                "TerminalSessionId": "1",
                                "ProcessGuid": "{C784477D-343F-6360-E90A-000000004700}",
                                "ProcessId": "15648",
                                "Product": "Microsoft\\xae Windows\\xae Operating System",
                                "Description": "Boot Configuration Data Editor",
                                "Company": "Microsoft Corporation",
                                "ParentProcessGuid": "{C784477D-3436-6360-E00A-000000004700}",
                                "User": "DESKTOP-B0T93D6\\george",
                                "Hashes": "MD5=C46E3768DB01E7DC3B92EF42CC1B9C73,SHA256=3AD26DB8DC988EAD9E73FECF4D8D888A66F7965AC09F8AF4E3CFCD09028A5B59,IMPHASH=5590A306D0FA939852B69E8411CA102B",
                                "OriginalFileName": "bcdedit.exe",
                                "ParentImage": "C:\\Windows\\System32\\cmd.exe",
                                "FileVersion": "10.0.17134.950 (WinBuild.160101.0800)",
                                "ParentProcessId": "12460",
                                "CurrentDirectory": "C:\\Users\\george\\Desktop\\",
                                "CommandLine": "bcdedit  /set {default} bootstatuspolicy ignoreallfailures ",
                                "EventID": "1",
                                "LogonGuid": "C784477D-0C1A-634D-1840-040000000000",
                                "LogonId": "278552",
                                "Image": "C:\\Windows\\System32\\bcdedit.exe",
                                "IntegrityLevel": "High",
                                "ParentCommandLine": "\"C:\\Windows\\System32\\cmd.exe\" /c vssadmin delete shadows /all /quiet & wmic shadowcopy delete & bcdedit /set {default} bootstatuspolicy ignoreallfailures & bcdedit /set {default} recoveryenabled no & wbadmin delete catalog -quiet",
                                "UtcTime": "1667249215",
                                "RuleName": "-"
                            }
                        },
                        {
                            "values": {
                                "TerminalSessionId": "1",
                                "ProcessGuid": "{C784477D-3440-6360-EC0A-000000004700}",
                                "ProcessId": "15712",
                                "Product": "Microsoft\\xae Windows\\xae Operating System",
                                "Description": "Boot Configuration Data Editor",
                                "Company": "Microsoft Corporation",
                                "ParentProcessGuid": "{C784477D-3436-6360-E00A-000000004700}",
                                "User": "DESKTOP-B0T93D6\\george",
                                "Hashes": "MD5=C46E3768DB01E7DC3B92EF42CC1B9C73,SHA256=3AD26DB8DC988EAD9E73FECF4D8D888A66F7965AC09F8AF4E3CFCD09028A5B59,IMPHASH=5590A306D0FA939852B69E8411CA102B",
                                "OriginalFileName": "bcdedit.exe",
                                "ParentImage": "C:\\Windows\\System32\\cmd.exe",
                                "FileVersion": "10.0.17134.950 (WinBuild.160101.0800)",
                                "ParentProcessId": "12460",
                                "CurrentDirectory": "C:\\Users\\george\\Desktop\\",
                                "CommandLine": "bcdedit  /set {default} recoveryenabled no ",
                                "EventID": "1",
                                "LogonGuid": "C784477D-0C1A-634D-1840-040000000000",
                                "LogonId": "278552",
                                "Image": "C:\\Windows\\System32\\bcdedit.exe",
                                "IntegrityLevel": "High",
                                "ParentCommandLine": "\"C:\\Windows\\System32\\cmd.exe\" /c vssadmin delete shadows /all /quiet & wmic shadowcopy delete & bcdedit /set {default} bootstatuspolicy ignoreallfailures & bcdedit /set {default} recoveryenabled no & wbadmin delete catalog -quiet",
                                "UtcTime": "1667249216",
                                "RuleName": "-"
                            }
                        },
                        {
                            "values": {
                                "TerminalSessionId": "1",
                                "ProcessGuid": "{C784477D-3447-6360-EF0A-000000004700}",
                                "ProcessId": "16692",
                                "Product": "Microsoft\\xae Windows\\xae Operating System",
                                "Description": "Boot Configuration Data Editor",
                                "Company": "Microsoft Corporation",
                                "ParentProcessGuid": "{C784477D-343E-6360-E70A-000000004700}",
                                "User": "DESKTOP-B0T93D6\\george",
                                "Hashes": "MD5=C46E3768DB01E7DC3B92EF42CC1B9C73,SHA256=3AD26DB8DC988EAD9E73FECF4D8D888A66F7965AC09F8AF4E3CFCD09028A5B59,IMPHASH=5590A306D0FA939852B69E8411CA102B",
                                "OriginalFileName": "bcdedit.exe",
                                "ParentImage": "C:\\Windows\\System32\\cmd.exe",
                                "FileVersion": "10.0.17134.950 (WinBuild.160101.0800)",
                                "ParentProcessId": "15588",
                                "CurrentDirectory": "C:\\Users\\george\\Desktop\\",
                                "CommandLine": "bcdedit  /set {default} bootstatuspolicy ignoreallfailures ",
                                "EventID": "1",
                                "LogonGuid": "C784477D-0C1A-634D-1840-040000000000",
                                "LogonId": "278552",
                                "Image": "C:\\Windows\\System32\\bcdedit.exe",
                                "IntegrityLevel": "High",
                                "ParentCommandLine": "\"C:\\Windows\\System32\\cmd.exe\" /c vssadmin delete shadows /all /quiet & wmic shadowcopy delete & bcdedit /set {default} bootstatuspolicy ignoreallfailures & bcdedit /set {default} recoveryenabled no & wbadmin delete catalog -quiet",
                                "UtcTime": "1667249223",
                                "RuleName": "-"
                            }
                        },
                        {
                            "values": {
                                "TerminalSessionId": "1",
                                "ProcessGuid": "{C784477D-3448-6360-F00A-000000004700}",
                                "ProcessId": "16724",
                                "Product": "Microsoft\\xae Windows\\xae Operating System",
                                "Description": "Boot Configuration Data Editor",
                                "Company": "Microsoft Corporation",
                                "ParentProcessGuid": "{C784477D-343E-6360-E70A-000000004700}",
                                "User": "DESKTOP-B0T93D6\\george",
                                "Hashes": "MD5=C46E3768DB01E7DC3B92EF42CC1B9C73,SHA256=3AD26DB8DC988EAD9E73FECF4D8D888A66F7965AC09F8AF4E3CFCD09028A5B59,IMPHASH=5590A306D0FA939852B69E8411CA102B",
                                "OriginalFileName": "bcdedit.exe",
                                "ParentImage": "C:\\Windows\\System32\\cmd.exe",
                                "FileVersion": "10.0.17134.950 (WinBuild.160101.0800)",
                                "ParentProcessId": "15588",
                                "CurrentDirectory": "C:\\Users\\george\\Desktop\\",
                                "CommandLine": "bcdedit  /set {default} recoveryenabled no ",
                                "EventID": "1",
                                "LogonGuid": "C784477D-0C1A-634D-1840-040000000000",
                                "LogonId": "278552",
                                "Image": "C:\\Windows\\System32\\bcdedit.exe",
                                "IntegrityLevel": "High",
                                "ParentCommandLine": "\"C:\\Windows\\System32\\cmd.exe\" /c vssadmin delete shadows /all /quiet & wmic shadowcopy delete & bcdedit /set {default} bootstatuspolicy ignoreallfailures & bcdedit /set {default} recoveryenabled no & wbadmin delete catalog -quiet",
                                "UtcTime": "1667249224",
                                "RuleName": "-"
                            }
                        }
                    ],
                    "rule_level": "high",
                    "rule_description": "Identifies use of the bcdedit command to delete boot configuration data. This tactic is sometimes used as by malware or an attacker as a destructive technique.",
                    "rule_source": "Sigma Integrated Rule Set (GitHub)",
                    "rule_title": "Modification of Boot Configuration",
                    "rule_id": "2da0b3cba5dc2b56e1426049598590c54a224e6d15740b9b07c108e089c84520",
                    "rule_author": "E.M. Anhaus (originally from Atomic Blue Detections, Endgame), oscd.community"
                },
                {
                    "match_context": [
                        {
                            "values": {
                                "TerminalSessionId": "1",
                                "ProcessGuid": "{C784477D-3429-6360-D40A-000000004700}",
                                "ProcessId": "9484",
                                "Product": "Microsoft\\xae Windows\\xae Operating System",
                                "Description": "Command Line Interface for Microsoft\\xae Volume Shadow Copy Service ",
                                "Company": "Microsoft Corporation",
                                "ParentProcessGuid": "{C784477D-3428-6360-D10A-000000004700}",
                                "User": "DESKTOP-B0T93D6\\george",
                                "Hashes": "MD5=47D51216EF45075B5F7EAA117CC70E40,SHA256=C946C4EDA61355A1B8E134E7A184A15C9A358B9675B6172A83E4937AE9EF4B03,IMPHASH=C1EDC431CD345F0A0F32019895D13FCE",
                                "OriginalFileName": "VSSADMIN.EXE",
                                "ParentImage": "C:\\Windows\\System32\\cmd.exe",
                                "FileVersion": "10.0.17134.1 (WinBuild.160101.0800)",
                                "ParentProcessId": "8876",
                                "CurrentDirectory": "C:\\Users\\george\\Desktop\\",
                                "CommandLine": "vssadmin  delete shadows /all /quiet ",
                                "EventID": "1",
                                "LogonGuid": "C784477D-0C1A-634D-1840-040000000000",
                                "LogonId": "278552",
                                "Image": "C:\\Windows\\System32\\vssadmin.exe",
                                "IntegrityLevel": "High",
                                "ParentCommandLine": "\"C:\\Windows\\System32\\cmd.exe\" /c vssadmin delete shadows /all /quiet & wmic shadowcopy delete & bcdedit /set {default} bootstatuspolicy ignoreallfailures & bcdedit /set {default} recoveryenabled no & wbadmin delete catalog -quiet",
                                "UtcTime": "1667249193",
                                "RuleName": "-"
                            }
                        },
                        {
                            "values": {
                                "TerminalSessionId": "1",
                                "ProcessGuid": "{C784477D-342A-6360-D70A-000000004700}",
                                "ProcessId": "9616",
                                "Product": "Microsoft\\xae Windows\\xae Operating System",
                                "Description": "WMI Commandline Utility",
                                "Company": "Microsoft Corporation",
                                "ParentProcessGuid": "{C784477D-3428-6360-D10A-000000004700}",
                                "User": "DESKTOP-B0T93D6\\george",
                                "Hashes": "MD5=EC80E603E0090B3AC3C1234C2BA43A0F,SHA256=D368BCB7934DB0C53D1E7277DCB47AF2B709253CBF0EEE9869EE7E17ED226EA3,IMPHASH=59A9108CA1CECC9147C5FBAB104EBF33",
                                "OriginalFileName": "wmic.exe",
                                "ParentImage": "C:\\Windows\\System32\\cmd.exe",
                                "FileVersion": "10.0.17134.1 (WinBuild.160101.0800)",
                                "ParentProcessId": "8876",
                                "CurrentDirectory": "C:\\Users\\george\\Desktop\\",
                                "CommandLine": "wmic  shadowcopy delete ",
                                "EventID": "1",
                                "LogonGuid": "C784477D-0C1A-634D-1840-040000000000",
                                "LogonId": "278552",
                                "Image": "C:\\Windows\\System32\\wbem\\WMIC.exe",
                                "IntegrityLevel": "High",
                                "ParentCommandLine": "\"C:\\Windows\\System32\\cmd.exe\" /c vssadmin delete shadows /all /quiet & wmic shadowcopy delete & bcdedit /set {default} bootstatuspolicy ignoreallfailures & bcdedit /set {default} recoveryenabled no & wbadmin delete catalog -quiet",
                                "UtcTime": "1667249194",
                                "RuleName": "-"
                            }
                        },
                        {
                            "values": {
                                "TerminalSessionId": "1",
                                "ProcessGuid": "{C784477D-3430-6360-DA0A-000000004700}",
                                "ProcessId": "10512",
                                "Product": "Microsoft\\xae Windows\\xae Operating System",
                                "Description": "Command Line Interface for Microsoft\\xae BLB Backup",
                                "Company": "Microsoft Corporation",
                                "ParentProcessGuid": "{C784477D-3428-6360-D10A-000000004700}",
                                "User": "DESKTOP-B0T93D6\\george",
                                "Hashes": "MD5=EE1E2C4D42579B19D765420E07589148,SHA256=5897AF142FACD58CF3C919263612D81A2D052B8769EA73343CC123650C1EC410,IMPHASH=9A00B7A0CB1FA540BC07C0F8C801306A",
                                "OriginalFileName": "WBADMIN.EXE",
                                "ParentImage": "C:\\Windows\\System32\\cmd.exe",
                                "FileVersion": "10.0.17134.1 (WinBuild.160101.0800)",
                                "ParentProcessId": "8876",
                                "CurrentDirectory": "C:\\Users\\george\\Desktop\\",
                                "CommandLine": "wbadmin  delete catalog -quiet",
                                "EventID": "1",
                                "LogonGuid": "C784477D-0C1A-634D-1840-040000000000",
                                "LogonId": "278552",
                                "Image": "C:\\Windows\\System32\\wbadmin.exe",
                                "IntegrityLevel": "High",
                                "ParentCommandLine": "\"C:\\Windows\\System32\\cmd.exe\" /c vssadmin delete shadows /all /quiet & wmic shadowcopy delete & bcdedit /set {default} bootstatuspolicy ignoreallfailures & bcdedit /set {default} recoveryenabled no & wbadmin delete catalog -quiet",
                                "UtcTime": "1667249200",
                                "RuleName": "-"
                            }
                        },
                        {
                            "values": {
                                "TerminalSessionId": "1",
                                "ProcessGuid": "{C784477D-3437-6360-E20A-000000004700}",
                                "ProcessId": "12516",
                                "Product": "Microsoft\\xae Windows\\xae Operating System",
                                "Description": "Command Line Interface for Microsoft\\xae Volume Shadow Copy Service ",
                                "Company": "Microsoft Corporation",
                                "ParentProcessGuid": "{C784477D-3436-6360-E00A-000000004700}",
                                "User": "DESKTOP-B0T93D6\\george",
                                "Hashes": "MD5=47D51216EF45075B5F7EAA117CC70E40,SHA256=C946C4EDA61355A1B8E134E7A184A15C9A358B9675B6172A83E4937AE9EF4B03,IMPHASH=C1EDC431CD345F0A0F32019895D13FCE",
                                "OriginalFileName": "VSSADMIN.EXE",
                                "ParentImage": "C:\\Windows\\System32\\cmd.exe",
                                "FileVersion": "10.0.17134.1 (WinBuild.160101.0800)",
                                "ParentProcessId": "12460",
                                "CurrentDirectory": "C:\\Users\\george\\Desktop\\",
                                "CommandLine": "vssadmin  delete shadows /all /quiet ",
                                "EventID": "1",
                                "LogonGuid": "C784477D-0C1A-634D-1840-040000000000",
                                "LogonId": "278552",
                                "Image": "C:\\Windows\\System32\\vssadmin.exe",
                                "IntegrityLevel": "High",
                                "ParentCommandLine": "\"C:\\Windows\\System32\\cmd.exe\" /c vssadmin delete shadows /all /quiet & wmic shadowcopy delete & bcdedit /set {default} bootstatuspolicy ignoreallfailures & bcdedit /set {default} recoveryenabled no & wbadmin delete catalog -quiet",
                                "UtcTime": "1667249207",
                                "RuleName": "-"
                            }
                        },
                        {
                            "values": {
                                "TerminalSessionId": "1",
                                "ProcessGuid": "{C784477D-3439-6360-E40A-000000004700}",
                                "ProcessId": "12908",
                                "Product": "Microsoft\\xae Windows\\xae Operating System",
                                "Description": "WMI Commandline Utility",
                                "Company": "Microsoft Corporation",
                                "ParentProcessGuid": "{C784477D-3436-6360-E00A-000000004700}",
                                "User": "DESKTOP-B0T93D6\\george",
                                "Hashes": "MD5=EC80E603E0090B3AC3C1234C2BA43A0F,SHA256=D368BCB7934DB0C53D1E7277DCB47AF2B709253CBF0EEE9869EE7E17ED226EA3,IMPHASH=59A9108CA1CECC9147C5FBAB104EBF33",
                                "OriginalFileName": "wmic.exe",
                                "ParentImage": "C:\\Windows\\System32\\cmd.exe",
                                "FileVersion": "10.0.17134.1 (WinBuild.160101.0800)",
                                "ParentProcessId": "12460",
                                "CurrentDirectory": "C:\\Users\\george\\Desktop\\",
                                "CommandLine": "wmic  shadowcopy delete ",
                                "EventID": "1",
                                "LogonGuid": "C784477D-0C1A-634D-1840-040000000000",
                                "LogonId": "278552",
                                "Image": "C:\\Windows\\System32\\wbem\\WMIC.exe",
                                "IntegrityLevel": "High",
                                "ParentCommandLine": "\"C:\\Windows\\System32\\cmd.exe\" /c vssadmin delete shadows /all /quiet & wmic shadowcopy delete & bcdedit /set {default} bootstatuspolicy ignoreallfailures & bcdedit /set {default} recoveryenabled no & wbadmin delete catalog -quiet",
                                "UtcTime": "1667249209",
                                "RuleName": "-"
                            }
                        },
                        {
                            "values": {
                                "TerminalSessionId": "1",
                                "ProcessGuid": "{C784477D-343F-6360-EA0A-000000004700}",
                                "ProcessId": "15660",
                                "Product": "Microsoft\\xae Windows\\xae Operating System",
                                "Description": "Command Line Interface for Microsoft\\xae Volume Shadow Copy Service ",
                                "Company": "Microsoft Corporation",
                                "ParentProcessGuid": "{C784477D-343E-6360-E70A-000000004700}",
                                "User": "DESKTOP-B0T93D6\\george",
                                "Hashes": "MD5=47D51216EF45075B5F7EAA117CC70E40,SHA256=C946C4EDA61355A1B8E134E7A184A15C9A358B9675B6172A83E4937AE9EF4B03,IMPHASH=C1EDC431CD345F0A0F32019895D13FCE",
                                "OriginalFileName": "VSSADMIN.EXE",
                                "ParentImage": "C:\\Windows\\System32\\cmd.exe",
                                "FileVersion": "10.0.17134.1 (WinBuild.160101.0800)",
                                "ParentProcessId": "15588",
                                "CurrentDirectory": "C:\\Users\\george\\Desktop\\",
                                "CommandLine": "vssadmin  delete shadows /all /quiet ",
                                "EventID": "1",
                                "LogonGuid": "C784477D-0C1A-634D-1840-040000000000",
                                "LogonId": "278552",
                                "Image": "C:\\Windows\\System32\\vssadmin.exe",
                                "IntegrityLevel": "High",
                                "ParentCommandLine": "\"C:\\Windows\\System32\\cmd.exe\" /c vssadmin delete shadows /all /quiet & wmic shadowcopy delete & bcdedit /set {default} bootstatuspolicy ignoreallfailures & bcdedit /set {default} recoveryenabled no & wbadmin delete catalog -quiet",
                                "UtcTime": "1667249215",
                                "RuleName": "-"
                            }
                        },
                        {
                            "values": {
                                "TerminalSessionId": "1",
                                "ProcessGuid": "{C784477D-3441-6360-ED0A-000000004700}",
                                "ProcessId": "15784",
                                "Product": "Microsoft\\xae Windows\\xae Operating System",
                                "Description": "WMI Commandline Utility",
                                "Company": "Microsoft Corporation",
                                "ParentProcessGuid": "{C784477D-343E-6360-E70A-000000004700}",
                                "User": "DESKTOP-B0T93D6\\george",
                                "Hashes": "MD5=EC80E603E0090B3AC3C1234C2BA43A0F,SHA256=D368BCB7934DB0C53D1E7277DCB47AF2B709253CBF0EEE9869EE7E17ED226EA3,IMPHASH=59A9108CA1CECC9147C5FBAB104EBF33",
                                "OriginalFileName": "wmic.exe",
                                "ParentImage": "C:\\Windows\\System32\\cmd.exe",
                                "FileVersion": "10.0.17134.1 (WinBuild.160101.0800)",
                                "ParentProcessId": "15588",
                                "CurrentDirectory": "C:\\Users\\george\\Desktop\\",
                                "CommandLine": "wmic  shadowcopy delete ",
                                "EventID": "1",
                                "LogonGuid": "C784477D-0C1A-634D-1840-040000000000",
                                "LogonId": "278552",
                                "Image": "C:\\Windows\\System32\\wbem\\WMIC.exe",
                                "IntegrityLevel": "High",
                                "ParentCommandLine": "\"C:\\Windows\\System32\\cmd.exe\" /c vssadmin delete shadows /all /quiet & wmic shadowcopy delete & bcdedit /set {default} bootstatuspolicy ignoreallfailures & bcdedit /set {default} recoveryenabled no & wbadmin delete catalog -quiet",
                                "UtcTime": "1667249217",
                                "RuleName": "-"
                            }
                        },
                        {
                            "values": {
                                "TerminalSessionId": "1",
                                "ProcessGuid": "{C784477D-3441-6360-EE0A-000000004700}",
                                "ProcessId": "15872",
                                "Product": "Microsoft\\xae Windows\\xae Operating System",
                                "Description": "Command Line Interface for Microsoft\\xae BLB Backup",
                                "Company": "Microsoft Corporation",
                                "ParentProcessGuid": "{C784477D-3436-6360-E00A-000000004700}",
                                "User": "DESKTOP-B0T93D6\\george",
                                "Hashes": "MD5=EE1E2C4D42579B19D765420E07589148,SHA256=5897AF142FACD58CF3C919263612D81A2D052B8769EA73343CC123650C1EC410,IMPHASH=9A00B7A0CB1FA540BC07C0F8C801306A",
                                "OriginalFileName": "WBADMIN.EXE",
                                "ParentImage": "C:\\Windows\\System32\\cmd.exe",
                                "FileVersion": "10.0.17134.1 (WinBuild.160101.0800)",
                                "ParentProcessId": "12460",
                                "CurrentDirectory": "C:\\Users\\george\\Desktop\\",
                                "CommandLine": "wbadmin  delete catalog -quiet",
                                "EventID": "1",
                                "LogonGuid": "C784477D-0C1A-634D-1840-040000000000",
                                "LogonId": "278552",
                                "Image": "C:\\Windows\\System32\\wbadmin.exe",
                                "IntegrityLevel": "High",
                                "ParentCommandLine": "\"C:\\Windows\\System32\\cmd.exe\" /c vssadmin delete shadows /all /quiet & wmic shadowcopy delete & bcdedit /set {default} bootstatuspolicy ignoreallfailures & bcdedit /set {default} recoveryenabled no & wbadmin delete catalog -quiet",
                                "UtcTime": "1667249217",
                                "RuleName": "-"
                            }
                        },
                        {
                            "values": {
                                "TerminalSessionId": "1",
                                "ProcessGuid": "{C784477D-3448-6360-F10A-000000004700}",
                                "ProcessId": "16744",
                                "Product": "Microsoft\\xae Windows\\xae Operating System",
                                "Description": "Command Line Interface for Microsoft\\xae BLB Backup",
                                "Company": "Microsoft Corporation",
                                "ParentProcessGuid": "{C784477D-343E-6360-E70A-000000004700}",
                                "User": "DESKTOP-B0T93D6\\george",
                                "Hashes": "MD5=EE1E2C4D42579B19D765420E07589148,SHA256=5897AF142FACD58CF3C919263612D81A2D052B8769EA73343CC123650C1EC410,IMPHASH=9A00B7A0CB1FA540BC07C0F8C801306A",
                                "OriginalFileName": "WBADMIN.EXE",
                                "ParentImage": "C:\\Windows\\System32\\cmd.exe",
                                "FileVersion": "10.0.17134.1 (WinBuild.160101.0800)",
                                "ParentProcessId": "15588",
                                "CurrentDirectory": "C:\\Users\\george\\Desktop\\",
                                "CommandLine": "wbadmin  delete catalog -quiet",
                                "EventID": "1",
                                "LogonGuid": "C784477D-0C1A-634D-1840-040000000000",
                                "LogonId": "278552",
                                "Image": "C:\\Windows\\System32\\wbadmin.exe",
                                "IntegrityLevel": "High",
                                "ParentCommandLine": "\"C:\\Windows\\System32\\cmd.exe\" /c vssadmin delete shadows /all /quiet & wmic shadowcopy delete & bcdedit /set {default} bootstatuspolicy ignoreallfailures & bcdedit /set {default} recoveryenabled no & wbadmin delete catalog -quiet",
                                "UtcTime": "1667249224",
                                "RuleName": "-"
                            }
                        }
                    ],
                    "rule_level": "high",
                    "rule_description": "Shadow Copies deletion using operating systems utilities",
                    "rule_source": "Sigma Integrated Rule Set (GitHub)",
                    "rule_title": "Shadow Copies Deletion Using Operating Systems Utilities",
                    "rule_id": "ad5e4d4b939797a70a9aa742d979a4742c2cfedddd663fb1a43b2795c1e6054b",
                    "rule_author": "Florian Roth, Michael Haag, Teymur Kheirkhabarov, Daniil Yugoslavskiy, oscd.community, Andreas Hunkeler (@Karneades)"
                },
