                        {
                            "values": {
                                "EventID": "13",
                                "ProcessId": "3496",
                                "EventType": "SetValue",
                                "Image": "C:\\Users\\george\\Desktop\\software.exe",
                                "RuleName": "T1060,RunKey",
                                "UtcTime": "1670051195",
                                "Details": "C:\\Users\\george\\AppData\\Roaming\\windefender.exe",
                                "ProcessGuid": "{C784477D-F562-638A-7E0A-000000004700}",
                                "TargetObject": "HKU\\S-1-5-21-1015118539-3749460369-599379286-1001\\Software\\Microsoft\\Windows\\CurrentVersion\\Run\\WindowsDefender"
                            }
                        },
                        {
                            "values": {
                                "EventID": "13",
                                "ProcessId": "3496",
                                "EventType": "SetValue",
                                "Image": "C:\\Users\\george\\Desktop\\software.exe",
                                "ProcessGuid": "{C784477D-F562-638A-7E0A-000000004700}",
                                "UtcTime": "1670051195",
                                "Details": "C:\\Users\\george\\AppData\\Roaming\\windefender.exe",
                                "RuleName": "T1060,RunPolicy",
                                "TargetObject": "HKLM\\SOFTWARE\\Microsoft\\Windows\\CurrentVersion\\Policies\\Explorer\\run\\WindowsDefender"
                            }
                        },
                        {
                            "values": {
                                "EventID": "13",
                                "ProcessId": "3496",
                                "EventType": "SetValue",
                                "Image": "C:\\Users\\george\\Desktop\\software.exe",
                                "RuleName": "T1060,RunPolicy",
                                "UtcTime": "1670051195",
                                "Details": "C:\\Users\\george\\AppData\\Roaming\\windefender.exe",
                                "ProcessGuid": "{C784477D-F562-638A-7E0A-000000004700}",
                                "TargetObject": "HKU\\S-1-5-21-1015118539-3749460369-599379286-1001\\Software\\Microsoft\\Windows\\CurrentVersion\\Policies\\Explorer\\run\\WindowsDefender"
                            }
                        },
                        {
                            "values": {
                                "EventID": "13",
                                "ProcessId": "3496",
                                "EventType": "SetValue",
                                "Image": "C:\\Users\\george\\Desktop\\software.exe",
                                "ProcessGuid": "{C784477D-F562-638A-7E0A-000000004700}",
                                "UtcTime": "1670051196",
                                "Details": "C:\\Users\\george\\AppData\\Roaming\\windefender.exe",
                                "RuleName": "T1060,RunKey",
                                "TargetObject": "HKU\\S-1-5-21-1015118539-3749460369-599379286-1001\\Software\\Microsoft\\Windows\\CurrentVersion\\Run\\WindowsDefender"
                            }
                        },
                        {
                            "values": {
                                "EventID": "13",
                                "ProcessId": "3496",
                                "EventType": "SetValue",
                                "Image": "C:\\Users\\george\\Desktop\\software.exe",
                                "RuleName": "T1060,RunPolicy",
                                "UtcTime": "1670051196",
                                "Details": "C:\\Users\\george\\AppData\\Roaming\\windefender.exe",
                                "ProcessGuid": "{C784477D-F562-638A-7E0A-000000004700}",
                                "TargetObject": "HKLM\\SOFTWARE\\Microsoft\\Windows\\CurrentVersion\\Policies\\Explorer\\run\\WindowsDefender"
                            }
                        },
                        {
                            "values": {
                                "EventID": "13",
                                "ProcessId": "3496",
                                "EventType": "SetValue",
                                "Image": "C:\\Users\\george\\Desktop\\software.exe",
                                "ProcessGuid": "{C784477D-F562-638A-7E0A-000000004700}",
                                "UtcTime": "1670051196",
                                "Details": "C:\\Users\\george\\AppData\\Roaming\\windefender.exe",
                                "RuleName": "T1060,RunPolicy",
                                "TargetObject": "HKU\\S-1-5-21-1015118539-3749460369-599379286-1001\\Software\\Microsoft\\Windows\\CurrentVersion\\Policies\\Explorer\\run\\WindowsDefender"
                            }
                        },
                        {
                            "values": {
                                "EventID": "13",
                                "ProcessId": "3496",
                                "EventType": "SetValue",
                                "Image": "C:\\Users\\george\\Desktop\\software.exe",
                                "ProcessGuid": "{C784477D-F562-638A-7E0A-000000004700}",
                                "UtcTime": "1670051197",
                                "Details": "C:\\Users\\george\\AppData\\Roaming\\windefender.exe",
                                "RuleName": "T1060,RunKey",
                                "TargetObject": "HKU\\S-1-5-21-1015118539-3749460369-599379286-1001\\Software\\Microsoft\\Windows\\CurrentVersion\\Run\\WindowsDefender"
                            }
                        },
                        {
                            "values": {
                                "EventID": "13",
                                "ProcessId": "3496",
                                "EventType": "SetValue",
                                "Image": "C:\\Users\\george\\Desktop\\software.exe",
                                "ProcessGuid": "{C784477D-F562-638A-7E0A-000000004700}",
                                "UtcTime": "1670051197",
                                "Details": "C:\\Users\\george\\AppData\\Roaming\\windefender.exe",
                                "RuleName": "T1060,RunPolicy",
                                "TargetObject": "HKLM\\SOFTWARE\\Microsoft\\Windows\\CurrentVersion\\Policies\\Explorer\\run\\WindowsDefender"
                            }
                        },
                        {
                            "values": {
                                "EventID": "13",
                                "ProcessId": "3496",
                                "EventType": "SetValue",
                                "Image": "C:\\Users\\george\\Desktop\\software.exe",
                                "RuleName": "T1060,RunPolicy",
                                "UtcTime": "1670051197",
                                "Details": "C:\\Users\\george\\AppData\\Roaming\\windefender.exe",
                                "ProcessGuid": "{C784477D-F562-638A-7E0A-000000004700}",
                                "TargetObject": "HKU\\S-1-5-21-1015118539-3749460369-599379286-1001\\Software\\Microsoft\\Windows\\CurrentVersion\\Policies\\Explorer\\run\\WindowsDefender"
                            }
                        },
                        {
                            "values": {
                                "EventID": "13",
                                "ProcessId": "3496",
                                "EventType": "SetValue",
                                "Image": "C:\\Users\\george\\Desktop\\software.exe",
                                "ProcessGuid": "{C784477D-F562-638A-7E0A-000000004700}",
                                "UtcTime": "1670051198",
                                "Details": "C:\\Users\\george\\AppData\\Roaming\\windefender.exe",
                                "RuleName": "T1060,RunKey",
                                "TargetObject": "HKU\\S-1-5-21-1015118539-3749460369-599379286-1001\\Software\\Microsoft\\Windows\\CurrentVersion\\Run\\WindowsDefender"
                            }
                        },
                        {
                            "values": {
                                "EventID": "13",
                                "ProcessId": "3496",
                                "EventType": "SetValue",
                                "Image": "C:\\Users\\george\\Desktop\\software.exe",
                                "RuleName": "T1060,RunPolicy",
                                "UtcTime": "1670051198",
                                "Details": "C:\\Users\\george\\AppData\\Roaming\\windefender.exe",
                                "ProcessGuid": "{C784477D-F562-638A-7E0A-000000004700}",
                                "TargetObject": "HKLM\\SOFTWARE\\Microsoft\\Windows\\CurrentVersion\\Policies\\Explorer\\run\\WindowsDefender"
                            }
                        },
                        {
                            "values": {
                                "EventID": "13",
                                "ProcessId": "3496",
                                "EventType": "SetValue",
                                "Image": "C:\\Users\\george\\Desktop\\software.exe",
                                "ProcessGuid": "{C784477D-F562-638A-7E0A-000000004700}",
                                "UtcTime": "1670051198",
                                "Details": "C:\\Users\\george\\AppData\\Roaming\\windefender.exe",
                                "RuleName": "T1060,RunPolicy",
                                "TargetObject": "HKU\\S-1-5-21-1015118539-3749460369-599379286-1001\\Software\\Microsoft\\Windows\\CurrentVersion\\Policies\\Explorer\\run\\WindowsDefender"
                            }
                        },
                        {
                            "values": {
                                "EventID": "13",
                                "ProcessId": "3496",
                                "EventType": "SetValue",
                                "Image": "C:\\Users\\george\\Desktop\\software.exe",
                                "ProcessGuid": "{C784477D-F562-638A-7E0A-000000004700}",
                                "UtcTime": "1670051199",
                                "Details": "C:\\Users\\george\\AppData\\Roaming\\windefender.exe",
                                "RuleName": "T1060,RunKey",
                                "TargetObject": "HKU\\S-1-5-21-1015118539-3749460369-599379286-1001\\Software\\Microsoft\\Windows\\CurrentVersion\\Run\\WindowsDefender"
                            }
                        },
                        {
                            "values": {
                                "EventID": "13",
                                "ProcessId": "3496",
                                "EventType": "SetValue",
                                "Image": "C:\\Users\\george\\Desktop\\software.exe",
                                "ProcessGuid": "{C784477D-F562-638A-7E0A-000000004700}",
                                "UtcTime": "1670051199",
                                "Details": "C:\\Users\\george\\AppData\\Roaming\\windefender.exe",
                                "RuleName": "T1060,RunPolicy",
                                "TargetObject": "HKLM\\SOFTWARE\\Microsoft\\Windows\\CurrentVersion\\Policies\\Explorer\\run\\WindowsDefender"
                            }
                        },
                        {
                            "values": {
                                "EventID": "13",
                                "ProcessId": "3496",
                                "EventType": "SetValue",
                                "Image": "C:\\Users\\george\\Desktop\\software.exe",
                                "ProcessGuid": "{C784477D-F562-638A-7E0A-000000004700}",
                                "UtcTime": "1670051199",
                                "Details": "C:\\Users\\george\\AppData\\Roaming\\windefender.exe",
                                "RuleName": "T1060,RunPolicy",
                                "TargetObject": "HKU\\S-1-5-21-1015118539-3749460369-599379286-1001\\Software\\Microsoft\\Windows\\CurrentVersion\\Policies\\Explorer\\run\\WindowsDefender"
                            }
                        },
                        {
                            "values": {
                                "EventID": "13",
                                "ProcessId": "3496",
                                "EventType": "SetValue",
                                "Image": "C:\\Users\\george\\Desktop\\software.exe",
                                "RuleName": "T1060,RunKey",
                                "UtcTime": "1670051200",
                                "Details": "C:\\Users\\george\\AppData\\Roaming\\windefender.exe",
                                "ProcessGuid": "{C784477D-F562-638A-7E0A-000000004700}",
                                "TargetObject": "HKU\\S-1-5-21-1015118539-3749460369-599379286-1001\\Software\\Microsoft\\Windows\\CurrentVersion\\Run\\WindowsDefender"
                            }
                        },
                        {
                            "values": {
                                "EventID": "13",
                                "ProcessId": "3496",
                                "EventType": "SetValue",
                                "Image": "C:\\Users\\george\\Desktop\\software.exe",
                                "ProcessGuid": "{C784477D-F562-638A-7E0A-000000004700}",
                                "UtcTime": "1670051200",
                                "Details": "C:\\Users\\george\\AppData\\Roaming\\windefender.exe",
                                "RuleName": "T1060,RunPolicy",
                                "TargetObject": "HKLM\\SOFTWARE\\Microsoft\\Windows\\CurrentVersion\\Policies\\Explorer\\run\\WindowsDefender"
                            }
                        },
                        {
                            "values": {
                                "EventID": "13",
                                "ProcessId": "3496",
                                "EventType": "SetValue",
                                "Image": "C:\\Users\\george\\Desktop\\software.exe",
                                "ProcessGuid": "{C784477D-F562-638A-7E0A-000000004700}",
                                "UtcTime": "1670051200",
                                "Details": "C:\\Users\\george\\AppData\\Roaming\\windefender.exe",
                                "RuleName": "T1060,RunPolicy",
                                "TargetObject": "HKU\\S-1-5-21-1015118539-3749460369-599379286-1001\\Software\\Microsoft\\Windows\\CurrentVersion\\Policies\\Explorer\\run\\WindowsDefender"
                            }
                        },
                        {
                            "values": {
                                "EventID": "13",
                                "ProcessId": "3496",
                                "EventType": "SetValue",
                                "Image": "C:\\Users\\george\\Desktop\\software.exe",
                                "ProcessGuid": "{C784477D-F562-638A-7E0A-000000004700}",
                                "UtcTime": "1670051201",
                                "Details": "C:\\Users\\george\\AppData\\Roaming\\windefender.exe",
                                "RuleName": "T1060,RunKey",
                                "TargetObject": "HKU\\S-1-5-21-1015118539-3749460369-599379286-1001\\Software\\Microsoft\\Windows\\CurrentVersion\\Run\\WindowsDefender"
                            }
                        },
                        {
                            "values": {
                                "EventID": "13",
                                "ProcessId": "3496",
                                "EventType": "SetValue",
                                "Image": "C:\\Users\\george\\Desktop\\software.exe",
                                "ProcessGuid": "{C784477D-F562-638A-7E0A-000000004700}",
                                "UtcTime": "1670051201",
                                "Details": "C:\\Users\\george\\AppData\\Roaming\\windefender.exe",
                                "RuleName": "T1060,RunPolicy",
                                "TargetObject": "HKLM\\SOFTWARE\\Microsoft\\Windows\\CurrentVersion\\Policies\\Explorer\\run\\WindowsDefender"
                            }
                        },
                        {
                            "values": {
                                "EventID": "13",
                                "ProcessId": "3496",
                                "EventType": "SetValue",
                                "Image": "C:\\Users\\george\\Desktop\\software.exe",
                                "ProcessGuid": "{C784477D-F562-638A-7E0A-000000004700}",
                                "UtcTime": "1670051201",
                                "Details": "C:\\Users\\george\\AppData\\Roaming\\windefender.exe",
                                "RuleName": "T1060,RunPolicy",
                                "TargetObject": "HKU\\S-1-5-21-1015118539-3749460369-599379286-1001\\Software\\Microsoft\\Windows\\CurrentVersion\\Policies\\Explorer\\run\\WindowsDefender"
                            }
                        },
                        {
                            "values": {
                                "EventID": "13",
                                "ProcessId": "3496",
                                "EventType": "SetValue",
                                "Image": "C:\\Users\\george\\Desktop\\software.exe",
                                "ProcessGuid": "{C784477D-F562-638A-7E0A-000000004700}",
                                "UtcTime": "1670051202",
                                "Details": "C:\\Users\\george\\AppData\\Roaming\\windefender.exe",
                                "RuleName": "T1060,RunKey",
                                "TargetObject": "HKU\\S-1-5-21-1015118539-3749460369-599379286-1001\\Software\\Microsoft\\Windows\\CurrentVersion\\Run\\WindowsDefender"
                            }
                        },
                        {
                            "values": {
                                "EventID": "13",
                                "ProcessId": "3496",
                                "EventType": "SetValue",
                                "Image": "C:\\Users\\george\\Desktop\\software.exe",
                                "ProcessGuid": "{C784477D-F562-638A-7E0A-000000004700}",
                                "UtcTime": "1670051202",
                                "Details": "C:\\Users\\george\\AppData\\Roaming\\windefender.exe",
                                "RuleName": "T1060,RunPolicy",
                                "TargetObject": "HKLM\\SOFTWARE\\Microsoft\\Windows\\CurrentVersion\\Policies\\Explorer\\run\\WindowsDefender"
                            }
                        },
                        {
                            "values": {
                                "EventID": "13",
                                "ProcessId": "3496",
                                "EventType": "SetValue",
                                "Image": "C:\\Users\\george\\Desktop\\software.exe",
                                "RuleName": "T1060,RunPolicy",
                                "UtcTime": "1670051202",
                                "Details": "C:\\Users\\george\\AppData\\Roaming\\windefender.exe",
                                "ProcessGuid": "{C784477D-F562-638A-7E0A-000000004700}",
                                "TargetObject": "HKU\\S-1-5-21-1015118539-3749460369-599379286-1001\\Software\\Microsoft\\Windows\\CurrentVersion\\Policies\\Explorer\\run\\WindowsDefender"
                            }
                        },
                        {
                            "values": {
                                "EventID": "13",
                                "ProcessId": "3496",
                                "EventType": "SetValue",
                                "Image": "C:\\Users\\george\\Desktop\\software.exe",
                                "ProcessGuid": "{C784477D-F562-638A-7E0A-000000004700}",
                                "UtcTime": "1670051203",
                                "Details": "C:\\Users\\george\\AppData\\Roaming\\windefender.exe",
                                "RuleName": "T1060,RunKey",
                                "TargetObject": "HKU\\S-1-5-21-1015118539-3749460369-599379286-1001\\Software\\Microsoft\\Windows\\CurrentVersion\\Run\\WindowsDefender"
                            }
                        },
                        {
                            "values": {
                                "EventID": "13",
                                "ProcessId": "3496",
                                "EventType": "SetValue",
                                "Image": "C:\\Users\\george\\Desktop\\software.exe",
                                "RuleName": "T1060,RunPolicy",
                                "UtcTime": "1670051203",
                                "Details": "C:\\Users\\george\\AppData\\Roaming\\windefender.exe",
                                "ProcessGuid": "{C784477D-F562-638A-7E0A-000000004700}",
                                "TargetObject": "HKLM\\SOFTWARE\\Microsoft\\Windows\\CurrentVersion\\Policies\\Explorer\\run\\WindowsDefender"
                            }
                        },
                        {
                            "values": {
                                "EventID": "13",
                                "ProcessId": "3496",
                                "EventType": "SetValue",
                                "Image": "C:\\Users\\george\\Desktop\\software.exe",
                                "RuleName": "T1060,RunPolicy",
                                "UtcTime": "1670051203",
                                "Details": "C:\\Users\\george\\AppData\\Roaming\\windefender.exe",
                                "ProcessGuid": "{C784477D-F562-638A-7E0A-000000004700}",
                                "TargetObject": "HKU\\S-1-5-21-1015118539-3749460369-599379286-1001\\Software\\Microsoft\\Windows\\CurrentVersion\\Policies\\Explorer\\run\\WindowsDefender"
                            }
                        },
                        {
                            "values": {
                                "EventID": "13",
                                "ProcessId": "3496",
                                "EventType": "SetValue",
                                "Image": "C:\\Users\\george\\Desktop\\software.exe",
                                "RuleName": "T1060,RunKey",
                                "UtcTime": "1670051204",
                                "Details": "C:\\Users\\george\\AppData\\Roaming\\windefender.exe",
                                "ProcessGuid": "{C784477D-F562-638A-7E0A-000000004700}",
                                "TargetObject": "HKU\\S-1-5-21-1015118539-3749460369-599379286-1001\\Software\\Microsoft\\Windows\\CurrentVersion\\Run\\WindowsDefender"
                            }
                        }
                    ],
                    "rule_level": "medium",
                    "rule_id": "8b5db9da5732dc549b0e8b56fe5933d7c95ed760f3ac20568ab95347ef8c5bcc",
                    "rule_source": "Sigma Integrated Rule Set (GitHub)",
                    "rule_title": "CurrentVersion Autorun Keys Modification",
                    "rule_description": "Detects modification of autostart extensibility point (ASEP) in registry.",
                    "rule_author": "Victor Sergeev, Daniil Yugoslavskiy, Gleb Sukhodolskiy, Timur Zinniatullin, oscd.community, Tim Shelton, frack113 (split)"
                }
            ],
            "pe_info": {
                "timestamp": 1265573418,
                "imphash": "8e949137d77343b4cecf66daaf82584d",
                "machine_type": 332,
                "entry_point": 5208,
                "resource_details": [
                    {
                        "lang": "NEUTRAL",
                        "chi2": 22468.21,
                        "filetype": "unknown",
                        "entropy": 2.5796501636505127,
                        "sha256": "2d3915cdc82e909357d44c4de1b8890bd753605c28df11b10299e3fd09d930b9",
                        "type": "RT_ICON"
                    },
                    {
                        "lang": "NEUTRAL",
                        "chi2": 87606.96,
                        "filetype": "unknown",
                        "entropy": 1.769866943359375,
                        "sha256": "a32e750bc1b0315530097434a7e1d324b843e1f5ffd95238b49d3a8aa8e6fe09",
                        "type": "RT_ICON"
                    },
                    {
                        "lang": "NEUTRAL",
                        "chi2": 33544.43,
                        "filetype": "unknown",
                        "entropy": 2.0717668533325195,
                        "sha256": "46dc088910439dad6a0d69da5e64227d04a640845fd1c31e90a7d4340c539fe0",
                        "type": "RT_ICON"
                    },
                    {
                        "lang": "NEUTRAL",
                        "chi2": 2437.33,
                        "filetype": "ICO",
                        "entropy": 2.9783577919006348,
                        "sha256": "cbdcb84268fcf2a25b844c1dca787de835c0376e82c1a2e62814a3c940a26cfb",
                        "type": "RT_GROUP_ICON"
                    }
                ],
                "resource_langs": {
                    "NEUTRAL": 4
                },
                "resource_types": {
                    "RT_ICON": 3,
                    "RT_GROUP_ICON": 1
                },
                "sections": [
                    {
                        "name": ".text",
                        "chi2": 12959811.0,
                        "virtual_address": 4096,
                        "entropy": 4.18,
                        "raw_size": 262144,
                        "flags": "rx",
                        "virtual_size": 261204,
                        "md5": "72f4efaac86a95a2588c6dd0a187eb89"
                    },
                    {
                        "name": ".data",
                        "chi2": 1044480.0,
                        "virtual_address": 266240,
                        "entropy": 0.0,
                        "raw_size": 4096,
                        "flags": "rw",
                        "virtual_size": 1568,
                        "md5": "620f0b67a91f7f74151bc5be745b7110"
                    },
                    {
                        "name": ".rsrc",
                        "chi2": 518169.38,
                        "virtual_address": 270336,
                        "entropy": 2.42,
                        "raw_size": 4096,
                        "flags": "rwx",
                        "virtual_size": 32768,
                        "md5": "26be7f3ba30dcd926ffc03b0129e2b8a"
                    }
                ],
                "compiler_product_versions": [
                    "id: 0xe, version: 7299 count=1",
                    "id: 0x9, version: 8783 count=2",
                    "id: 0xd, version: 9782 count=1"
                ],
                "rich_pe_header_hash": "8854d3ec095906a7589b343a26214183",
                "import_list": [
                    {
                        "library_name": "MSVBVM60.DLL",
                        "imported_functions": [
                            "__vbaAryDestruct",
                            "__vbaAryLock",
                            "__vbaAryUnlock",
                            "__vbaChkstk",
                            "__vbaCyAdd",
                            "__vbaCyForInit",
                            "__vbaCyForNext",
                            "__vbaCyI2",
                            "__vbaCyI4",
                            "__vbaDerefAry1",
                            "__vbaErrorOverflow",
                            "__vbaExceptHandler",
                            "__vbaFPException",
                            "__vbaFpI4",
                            "__vbaFreeStr",
                            "__vbaFreeStrList",
                            "__vbaFreeVar",
                            "__vbaFreeVarList",
                            "__vbaGenerateBoundsError",
                            "__vbaHresultCheckObj",
                            "__vbaI4Cy",
                            "__vbaI4Var",
                            "__vbaNew2",
                            "__vbaR4Var",
                            "__vbaRedim",
                            "__vbaRedimPreserve",
                            "__vbaRedimVar",
                            "__vbaRefVarAry",
                            "__vbaSetSystemError",
                            "__vbaStrCat",
                            "__vbaStrCmp",
                            "__vbaStrCopy",
                            "__vbaStrCy",
                            "__vbaStrMove",
                            "__vbaStrVarCopy",
                            "__vbaStrVarMove",
                            "__vbaUbound",
                            "__vbaUI1I2",
                            "__vbaUI1I4",
                            "__vbaVarAdd",
                            "__vbaVarDup",
                            "__vbaVarIndexLoad",
                            "__vbaVarIndexStore",
                            "__vbaVarMove",
                            "__vbaVarSub",
                            "__vbaVarVargNofree",
                            "_adj_fdiv_m16i",
                            "_adj_fdiv_m32",
                            "_adj_fdiv_m32i",
                            "_adj_fdiv_m64",
                            "_adj_fdiv_r",
                            "_adj_fdivr_m16i",
                            "_adj_fdivr_m32",
                            "_adj_fdivr_m32i",
                            "_adj_fdivr_m64",
                            "_adj_fpatan",
                            "_adj_fprem",
                            "_adj_fprem1",
                            "_adj_fptan",
                            "_allmul",
                            "_CIatan",
                            "_CIcos",
                            "_CIexp",
                            "_CIlog",
                            "_CIsin",
                            "_CIsqrt",
                            "_CItan",
                            "DllFunctionCall",
                            "EVENT_SINK_AddRef",
                            "EVENT_SINK_QueryInterface",
                            "EVENT_SINK_Release",
                            "Ord(100)",
                            "Ord(631)",
                            "Ord(644)",
                            "Ord(666)",
                            "Ord(712)"
                        ]
                    }
                ]
            },
            "type_description": "Win32 EXE",
            "type_tags": [
                "executable",
                "windows",
                "win32",
                "pe",
                "peexe"
            ]
        }
    }
}