                {
                    "match_context": [
                        {
                            "values": {
                                "TerminalSessionId": "1",
                                "ProcessGuid": "{C784477D-4B85-6389-2006-000000001F00}",
                                "ProcessId": "6344",
                                "Product": "kali",
                                "Description": "-",
                                "Company": "Kali",
                                "ParentProcessGuid": "{C784477D-4B82-6389-1B06-000000001F00}",
                                "User": "DESKTOP-B0T93D6\\george",
                                "Hashes": "MD5=BE76B73492627A943DEF91945E7F75AB,SHA256=8C7F4CE40F076809BEE626C841115BB31E87DDC730C907603756288813C6F440,IMPHASH=A3CBF91252C87918203FA3C0F2A3EA09",
                                "OriginalFileName": "fina.exe",
                                "ParentImage": "C:\\Users\\george\\Desktop\\executable.exe",
                                "FileVersion": "1.00",
                                "ParentProcessId": "980",
                                "CurrentDirectory": "C:\\Users\\george\\Desktop\\",
                                "CommandLine": "\"C:\\Users\\george\\AppData\\Roaming\\svchost.exe\" ",
                                "EventID": "1",
                                "LogonGuid": "C784477D-0D20-6386-1DDF-030000000000",
                                "LogonId": "253725",
                                "Image": "C:\\Users\\george\\AppData\\Roaming\\svchost.exe",
                                "IntegrityLevel": "High",
                                "ParentCommandLine": "\"C:\\Users\\george\\Desktop\\executable.exe\"",
                                "UtcTime": "1669942149",
                                "RuleName": "-"
                            }
                        },
                        {
                            "values": {
                                "TerminalSessionId": "1",
                                "ProcessGuid": "{C784477D-4B8E-6389-2106-000000001F00}",
                                "ProcessId": "2748",
                                "Product": "kali",
                                "Description": "-",
                                "Company": "Kali",
                                "ParentProcessGuid": "{C784477D-0D20-6386-6C00-000000001F00}",
                                "User": "DESKTOP-B0T93D6\\george",
                                "Hashes": "MD5=BE76B73492627A943DEF91945E7F75AB,SHA256=8C7F4CE40F076809BEE626C841115BB31E87DDC730C907603756288813C6F440,IMPHASH=A3CBF91252C87918203FA3C0F2A3EA09",
                                "OriginalFileName": "fina.exe",
                                "ParentImage": "C:\\Windows\\explorer.exe",
                                "FileVersion": "1.00",
                                "ParentProcessId": "5004",
                                "CurrentDirectory": "C:\\Users\\george\\AppData\\Roaming\\",
                                "CommandLine": "\"C:\\Users\\george\\AppData\\Roaming\\svchost.exe\" ",
                                "EventID": "1",
                                "LogonGuid": "C784477D-0D20-6386-6FDF-030000000000",
                                "LogonId": "253807",
                                "Image": "C:\\Users\\george\\AppData\\Roaming\\svchost.exe",
                                "IntegrityLevel": "Medium",
                                "ParentCommandLine": "C:\\Windows\\Explorer.EXE",
                                "UtcTime": "1669942158",
                                "RuleName": "-"
                            }
                        },
                        {
                            "values": {
                                "TerminalSessionId": "1",
                                "ProcessGuid": "{C784477D-4B96-6389-2806-000000001F00}",
                                "ProcessId": "3808",
                                "Product": "kali",
                                "Description": "-",
                                "Company": "Kali",
                                "ParentProcessGuid": "{C784477D-0D20-6386-6C00-000000001F00}",
                                "User": "DESKTOP-B0T93D6\\george",
                                "Hashes": "MD5=BE76B73492627A943DEF91945E7F75AB,SHA256=8C7F4CE40F076809BEE626C841115BB31E87DDC730C907603756288813C6F440,IMPHASH=A3CBF91252C87918203FA3C0F2A3EA09",
                                "OriginalFileName": "fina.exe",
                                "ParentImage": "C:\\Windows\\explorer.exe",
                                "FileVersion": "1.00",
                                "ParentProcessId": "5004",
                                "CurrentDirectory": "C:\\Users\\george\\AppData\\Roaming\\",
                                "CommandLine": "\"C:\\Users\\george\\AppData\\Roaming\\svchost.exe\" ",
                                "EventID": "1",
                                "LogonGuid": "C784477D-0D20-6386-6FDF-030000000000",
                                "LogonId": "253807",
                                "Image": "C:\\Users\\george\\AppData\\Roaming\\svchost.exe",
                                "IntegrityLevel": "Medium",
                                "ParentCommandLine": "C:\\Windows\\Explorer.EXE",
                                "UtcTime": "1669942166",
                                "RuleName": "-"
                            }
                        }
                    ],
                    "rule_level": "high",
                    "rule_description": "Detects a suspicious svchost process start",
                    "rule_source": "Sigma Integrated Rule Set (GitHub)",
                    "rule_title": "Suspicious Svchost Process",
                    "rule_id": "a0daa529834b3c5230b4524da005a6b6503e7cb061e298a8f74e0dc1fee0a008",
                    "rule_author": "Florian Roth"
                },
                {
                    "match_context": [
                        {
                            "values": {
                                "EventID": "13",
                                "ProcessId": "980",
                                "EventType": "SetValue",
                                "Image": "C:\\Users\\george\\Desktop\\executable.exe",
                                "RuleName": "T1060,RunKey",
                                "UtcTime": "1669942147",
                                "Details": "C:\\Users\\george\\AppData\\Roaming\\svchost.exe",
                                "ProcessGuid": "{C784477D-4B82-6389-1B06-000000001F00}",
                                "TargetObject": "HKU\\S-1-5-21-1015118539-3749460369-599379286-1001\\Software\\Microsoft\\Windows\\CurrentVersion\\Run\\svchost"
                            }
                        }
                    ],
                    "rule_level": "medium",
                    "rule_description": "Detects modification of autostart extensibility point (ASEP) in registry.",
                    "rule_source": "Sigma Integrated Rule Set (GitHub)",
                    "rule_title": "CurrentVersion Autorun Keys Modification",
                    "rule_id": "8b5db9da5732dc549b0e8b56fe5933d7c95ed760f3ac20568ab95347ef8c5bcc",
                    "rule_author": "Victor Sergeev, Daniil Yugoslavskiy, Gleb Sukhodolskiy, Timur Zinniatullin, oscd.community, Tim Shelton, frack113 (split)"
                },
                {
                    "match_context": [
                        {
                            "values": {
                                "TerminalSessionId": "1",
                                "ProcessGuid": "{C784477D-4B83-6389-1F06-000000001F00}",
                                "ProcessId": "5412",
                                "Product": "Microsoft\\xae Windows\\xae Operating System",
                                "Description": "Attribute Utility",
                                "Company": "Microsoft Corporation",
                                "ParentProcessGuid": "{C784477D-4B83-6389-1D06-000000001F00}",
                                "User": "DESKTOP-B0T93D6\\george",
                                "Hashes": "MD5=A5540E9F87D4CB083BDF8269DEC1CFF9,SHA256=9C0378382F4606E3709675CD9E28C43525156B174D0A5CECB68EC4398C31EF1C,IMPHASH=F0A82FEBA5B0EF2BE614622AE3E32C1C",
                                "OriginalFileName": "ATTRIB.EXE",
                                "ParentImage": "C:\\Windows\\SysWOW64\\cmd.exe",
                                "FileVersion": "10.0.17134.1 (WinBuild.160101.0800)",
                                "ParentProcessId": "1264",
                                "CurrentDirectory": "C:\\Users\\george\\Desktop\\",
                                "CommandLine": "attrib  +h +s \"C:\\Windows\\System32\\MSConfig.exe\"",
                                "EventID": "1",
                                "LogonGuid": "C784477D-0D20-6386-1DDF-030000000000",
                                "LogonId": "253725",
                                "Image": "C:\\Windows\\SysWOW64\\attrib.exe",
                                "IntegrityLevel": "High",
                                "ParentCommandLine": "cmd.exe /c attrib +h +s \"C:\\Windows\\System32\\MSConfig.exe\"",
                                "UtcTime": "1669942147",
                                "RuleName": "-"
                            }
                        },
                        {
                            "values": {
                                "TerminalSessionId": "1",
                                "ProcessGuid": "{C784477D-4B8F-6389-2406-000000001F00}",
                                "ProcessId": "3264",
                                "Product": "Microsoft\\xae Windows\\xae Operating System",
                                "Description": "Attribute Utility",
                                "Company": "Microsoft Corporation",
                                "ParentProcessGuid": "{C784477D-4B8E-6389-2206-000000001F00}",
                                "User": "DESKTOP-B0T93D6\\george",
                                "Hashes": "MD5=A5540E9F87D4CB083BDF8269DEC1CFF9,SHA256=9C0378382F4606E3709675CD9E28C43525156B174D0A5CECB68EC4398C31EF1C,IMPHASH=F0A82FEBA5B0EF2BE614622AE3E32C1C",
                                "OriginalFileName": "ATTRIB.EXE",
                                "ParentImage": "C:\\Windows\\SysWOW64\\cmd.exe",
                                "FileVersion": "10.0.17134.1 (WinBuild.160101.0800)",
                                "ParentProcessId": "68",
                                "CurrentDirectory": "C:\\Users\\george\\AppData\\Roaming\\",
                                "CommandLine": "attrib  +h +s \"C:\\Windows\\System32\\MSConfig.exe\"",
                                "EventID": "1",
                                "LogonGuid": "C784477D-0D20-6386-6FDF-030000000000",
                                "LogonId": "253807",
                                "Image": "C:\\Windows\\SysWOW64\\attrib.exe",
                                "IntegrityLevel": "Medium",
                                "ParentCommandLine": "cmd.exe /c attrib +h +s \"C:\\Windows\\System32\\MSConfig.exe\"",
                                "UtcTime": "1669942159",
                                "RuleName": "-"
                            }
                        }
                    ],
                    "rule_level": "low",
                    "rule_description": "Marks a file as a system file using the attrib.exe utility",
                    "rule_source": "Sigma Integrated Rule Set (GitHub)",
                    "rule_title": "Set Windows System File with Attrib",
                    "rule_id": "62ce96b648991749ff9b9ccc7dafa1d8da64d6490e9f469683f00fa248ef9336",
                    "rule_author": "frack113"
                },
                {
                    "match_context": [
                        {
                            "values": {
                                "TerminalSessionId": "1",
                                "ProcessGuid": "{C784477D-4B85-6389-2006-000000001F00}",
                                "ProcessId": "6344",
                                "Product": "kali",
                                "Description": "-",
                                "Company": "Kali",
                                "ParentProcessGuid": "{C784477D-4B82-6389-1B06-000000001F00}",
                                "User": "DESKTOP-B0T93D6\\george",
                                "Hashes": "MD5=BE76B73492627A943DEF91945E7F75AB,SHA256=8C7F4CE40F076809BEE626C841115BB31E87DDC730C907603756288813C6F440,IMPHASH=A3CBF91252C87918203FA3C0F2A3EA09",
                                "OriginalFileName": "fina.exe",
                                "ParentImage": "C:\\Users\\george\\Desktop\\executable.exe",
                                "FileVersion": "1.00",
                                "ParentProcessId": "980",
                                "CurrentDirectory": "C:\\Users\\george\\Desktop\\",
                                "CommandLine": "\"C:\\Users\\george\\AppData\\Roaming\\svchost.exe\" ",
                                "EventID": "1",
                                "LogonGuid": "C784477D-0D20-6386-1DDF-030000000000",
                                "LogonId": "253725",
                                "Image": "C:\\Users\\george\\AppData\\Roaming\\svchost.exe",
                                "IntegrityLevel": "High",
                                "ParentCommandLine": "\"C:\\Users\\george\\Desktop\\executable.exe\"",
                                "UtcTime": "1669942149",
                                "RuleName": "-"
                            }
                        },
                        {
                            "values": {
                                "TerminalSessionId": "1",
                                "ProcessGuid": "{C784477D-4B8E-6389-2106-000000001F00}",
                                "ProcessId": "2748",
                                "Product": "kali",
                                "Description": "-",
                                "Company": "Kali",
                                "ParentProcessGuid": "{C784477D-0D20-6386-6C00-000000001F00}",
                                "User": "DESKTOP-B0T93D6\\george",
                                "Hashes": "MD5=BE76B73492627A943DEF91945E7F75AB,SHA256=8C7F4CE40F076809BEE626C841115BB31E87DDC730C907603756288813C6F440,IMPHASH=A3CBF91252C87918203FA3C0F2A3EA09",
                                "OriginalFileName": "fina.exe",
                                "ParentImage": "C:\\Windows\\explorer.exe",
                                "FileVersion": "1.00",
                                "ParentProcessId": "5004",
                                "CurrentDirectory": "C:\\Users\\george\\AppData\\Roaming\\",
                                "CommandLine": "\"C:\\Users\\george\\AppData\\Roaming\\svchost.exe\" ",
                                "EventID": "1",
                                "LogonGuid": "C784477D-0D20-6386-6FDF-030000000000",
                                "LogonId": "253807",
                                "Image": "C:\\Users\\george\\AppData\\Roaming\\svchost.exe",
                                "IntegrityLevel": "Medium",
                                "ParentCommandLine": "C:\\Windows\\Explorer.EXE",
                                "UtcTime": "1669942158",
                                "RuleName": "-"
                            }
                        },
                        {
                            "values": {
                                "TerminalSessionId": "1",
                                "ProcessGuid": "{C784477D-4B96-6389-2806-000000001F00}",
                                "ProcessId": "3808",
                                "Product": "kali",
                                "Description": "-",
                                "Company": "Kali",
                                "ParentProcessGuid": "{C784477D-0D20-6386-6C00-000000001F00}",
                                "User": "DESKTOP-B0T93D6\\george",
                                "Hashes": "MD5=BE76B73492627A943DEF91945E7F75AB,SHA256=8C7F4CE40F076809BEE626C841115BB31E87DDC730C907603756288813C6F440,IMPHASH=A3CBF91252C87918203FA3C0F2A3EA09",
                                "OriginalFileName": "fina.exe",
                                "ParentImage": "C:\\Windows\\explorer.exe",
                                "FileVersion": "1.00",
                                "ParentProcessId": "5004",
                                "CurrentDirectory": "C:\\Users\\george\\AppData\\Roaming\\",
                                "CommandLine": "\"C:\\Users\\george\\AppData\\Roaming\\svchost.exe\" ",
                                "EventID": "1",
                                "LogonGuid": "C784477D-0D20-6386-6FDF-030000000000",
                                "LogonId": "253807",
                                "Image": "C:\\Users\\george\\AppData\\Roaming\\svchost.exe",
                                "IntegrityLevel": "Medium",
                                "ParentCommandLine": "C:\\Windows\\Explorer.EXE",
                                "UtcTime": "1669942166",
                                "RuleName": "-"
                            }
                        }
                    ],
                    "rule_level": "low",
                    "rule_description": "Detect suspicious parent processes of well-known Windows processes",
                    "rule_source": "Sigma Integrated Rule Set (GitHub)",
                    "rule_title": "Windows Processes Suspicious Parent Directory",
                    "rule_id": "afd546ea5eff265c454f77f6e7641ade6e5a791d79de155fa27d377be1581535",
                    "rule_author": "vburov"
                },
                {
                    "match_context": [
                        {
                            "values": {
                                "EventID": "11",
                                "ProcessId": "980",
                                "TargetFilename": "C:\\Users\\george\\AppData\\Roaming\\svchost.exe",
                                "ProcessGuid": "{C784477D-4B82-6389-1B06-000000001F00}",
                                "CreationUtcTime": "1669942147",
                                "UtcTime": "1669942147",
                                "RuleName": "EXE",
                                "Image": "C:\\Users\\george\\Desktop\\executable.exe"
                            }
                        }
                    ],
                    "rule_level": "low",
                    "rule_description": "Detects the creation of an executable by another executable",
                    "rule_source": "Sigma Integrated Rule Set (GitHub)",
                    "rule_title": "Creation of an Executable by an Executable",
                    "rule_id": "b5386a23355681c43cfbd2f2ccfe4b16ed45324d0d7b5583487a9f302ee1e427",
                    "rule_author": "frack113"
                }
            ],
            "ssdeep": "6144:QcsQa8h2xxwcMTE4AEBZj7XtMn/1R9YvM/DGJuQNEzIRrMfPUCyxvhPfKrDg3rY8:Q2MxwcMTdBZjhEWNQIRuPUJhqfGYxC"
        }
    }
}