                        {
                            "values": {
                                "TerminalSessionId": "1",
                                "ProcessGuid": "{C784477D-4921-638C-BC06-000000004300}",
                                "ProcessId": "7192",
                                "Product": "Microsoft\\xae Windows\\xae Operating System",
                                "Description": "Terminates Processes",
                                "Company": "Microsoft Corporation",
                                "ParentProcessGuid": "{C784477D-4908-638C-1606-000000004300}",
                                "User": "DESKTOP-B0T93D6\\george",
                                "Hashes": "MD5=15E2E0ACD891510C6268CB8899F2A1A1,SHA256=F328D587561BEED3C19289FBA43E284FB57BCE1A4C202C7379673964F9B8610D,IMPHASH=0D3E23DCB6BF63A9EB90D5BED57B4F89",
                                "OriginalFileName": "taskkill.exe",
                                "ParentImage": "C:\\Users\\george\\197885314\\197885314.EXE",
                                "FileVersion": "10.0.17134.1 (WinBuild.160101.0800)",
                                "ParentProcessId": "4144",
                                "CurrentDirectory": "C:\\Users\\george\\Desktop\\",
                                "CommandLine": "taskkill /F /IM taskmgr.exe",
                                "EventID": "1",
                                "LogonGuid": "C784477D-F2FD-6384-2ADC-030000000000",
                                "LogonId": "252970",
                                "Image": "C:\\Windows\\SysWOW64\\taskkill.exe",
                                "IntegrityLevel": "High",
                                "ParentCommandLine": "\"C:\\Users\\george\\197885314\\197885314.EXE\"",
                                "UtcTime": "1670138145",
                                "RuleName": "-"
                            }
                        },
                        {
                            "values": {
                                "TerminalSessionId": "1",
                                "ProcessGuid": "{C784477D-4921-638C-BE06-000000004300}",
                                "ProcessId": "7324",
                                "Product": "Microsoft\\xae Windows\\xae Operating System",
                                "Description": "Terminates Processes",
                                "Company": "Microsoft Corporation",
                                "ParentProcessGuid": "{C784477D-4908-638C-1606-000000004300}",
                                "User": "DESKTOP-B0T93D6\\george",
                                "Hashes": "MD5=15E2E0ACD891510C6268CB8899F2A1A1,SHA256=F328D587561BEED3C19289FBA43E284FB57BCE1A4C202C7379673964F9B8610D,IMPHASH=0D3E23DCB6BF63A9EB90D5BED57B4F89",
                                "OriginalFileName": "taskkill.exe",
                                "ParentImage": "C:\\Users\\george\\197885314\\197885314.EXE",
                                "FileVersion": "10.0.17134.1 (WinBuild.160101.0800)",
                                "ParentProcessId": "4144",
                                "CurrentDirectory": "C:\\Users\\george\\Desktop\\",
                                "CommandLine": "taskkill /F /IM taskmgr.exe",
                                "EventID": "1",
                                "LogonGuid": "C784477D-F2FD-6384-2ADC-030000000000",
                                "LogonId": "252970",
                                "Image": "C:\\Windows\\SysWOW64\\taskkill.exe",
                                "IntegrityLevel": "High",
                                "ParentCommandLine": "\"C:\\Users\\george\\197885314\\197885314.EXE\"",
                                "UtcTime": "1670138145",
                                "RuleName": "-"
                            }
                        },
                        {
                            "values": {
                                "TerminalSessionId": "1",
                                "ProcessGuid": "{C784477D-4921-638C-C006-000000004300}",
                                "ProcessId": "7512",
                                "Product": "Microsoft\\xae Windows\\xae Operating System",
                                "Description": "Terminates Processes",
                                "Company": "Microsoft Corporation",
                                "ParentProcessGuid": "{C784477D-4908-638C-1606-000000004300}",
                                "User": "DESKTOP-B0T93D6\\george",
                                "Hashes": "MD5=15E2E0ACD891510C6268CB8899F2A1A1,SHA256=F328D587561BEED3C19289FBA43E284FB57BCE1A4C202C7379673964F9B8610D,IMPHASH=0D3E23DCB6BF63A9EB90D5BED57B4F89",
                                "OriginalFileName": "taskkill.exe",
                                "ParentImage": "C:\\Users\\george\\197885314\\197885314.EXE",
                                "FileVersion": "10.0.17134.1 (WinBuild.160101.0800)",
                                "ParentProcessId": "4144",
                                "CurrentDirectory": "C:\\Users\\george\\Desktop\\",
                                "CommandLine": "taskkill /F /IM taskmgr.exe",
                                "EventID": "1",
                                "LogonGuid": "C784477D-F2FD-6384-2ADC-030000000000",
                                "LogonId": "252970",
                                "Image": "C:\\Windows\\SysWOW64\\taskkill.exe",
                                "IntegrityLevel": "High",
                                "ParentCommandLine": "\"C:\\Users\\george\\197885314\\197885314.EXE\"",
                                "UtcTime": "1670138145",
                                "RuleName": "-"
                            }
                        },
                        {
                            "values": {
                                "TerminalSessionId": "1",
                                "ProcessGuid": "{C784477D-4921-638C-C206-000000004300}",
                                "ProcessId": "7604",
                                "Product": "Microsoft\\xae Windows\\xae Operating System",
                                "Description": "Terminates Processes",
                                "Company": "Microsoft Corporation",
                                "ParentProcessGuid": "{C784477D-4908-638C-1606-000000004300}",
                                "User": "DESKTOP-B0T93D6\\george",
                                "Hashes": "MD5=15E2E0ACD891510C6268CB8899F2A1A1,SHA256=F328D587561BEED3C19289FBA43E284FB57BCE1A4C202C7379673964F9B8610D,IMPHASH=0D3E23DCB6BF63A9EB90D5BED57B4F89",
                                "OriginalFileName": "taskkill.exe",
                                "ParentImage": "C:\\Users\\george\\197885314\\197885314.EXE",
                                "FileVersion": "10.0.17134.1 (WinBuild.160101.0800)",
                                "ParentProcessId": "4144",
                                "CurrentDirectory": "C:\\Users\\george\\Desktop\\",
                                "CommandLine": "taskkill /F /IM taskmgr.exe",
                                "EventID": "1",
                                "LogonGuid": "C784477D-F2FD-6384-2ADC-030000000000",
                                "LogonId": "252970",
                                "Image": "C:\\Windows\\SysWOW64\\taskkill.exe",
                                "IntegrityLevel": "High",
                                "ParentCommandLine": "\"C:\\Users\\george\\197885314\\197885314.EXE\"",
                                "UtcTime": "1670138145",
                                "RuleName": "-"
                            }
                        },
                        {
                            "values": {
                                "TerminalSessionId": "1",
                                "ProcessGuid": "{C784477D-4922-638C-C406-000000004300}",
                                "ProcessId": "7708",
                                "Product": "Microsoft\\xae Windows\\xae Operating System",
                                "Description": "Terminates Processes",
                                "Company": "Microsoft Corporation",
                                "ParentProcessGuid": "{C784477D-4908-638C-1606-000000004300}",
                                "User": "DESKTOP-B0T93D6\\george",
                                "Hashes": "MD5=15E2E0ACD891510C6268CB8899F2A1A1,SHA256=F328D587561BEED3C19289FBA43E284FB57BCE1A4C202C7379673964F9B8610D,IMPHASH=0D3E23DCB6BF63A9EB90D5BED57B4F89",
                                "OriginalFileName": "taskkill.exe",
                                "ParentImage": "C:\\Users\\george\\197885314\\197885314.EXE",
                                "FileVersion": "10.0.17134.1 (WinBuild.160101.0800)",
                                "ParentProcessId": "4144",
                                "CurrentDirectory": "C:\\Users\\george\\Desktop\\",
                                "CommandLine": "taskkill /F /IM taskmgr.exe",
                                "EventID": "1",
                                "LogonGuid": "C784477D-F2FD-6384-2ADC-030000000000",
                                "LogonId": "252970",
                                "Image": "C:\\Windows\\SysWOW64\\taskkill.exe",
                                "IntegrityLevel": "High",
                                "ParentCommandLine": "\"C:\\Users\\george\\197885314\\197885314.EXE\"",
                                "UtcTime": "1670138146",
                                "RuleName": "-"
                            }
                        },
                        {
                            "values": {
                                "TerminalSessionId": "1",
                                "ProcessGuid": "{C784477D-4922-638C-C606-000000004300}",
                                "ProcessId": "7524",
                                "Product": "Microsoft\\xae Windows\\xae Operating System",
                                "Description": "Terminates Processes",
                                "Company": "Microsoft Corporation",
                                "ParentProcessGuid": "{C784477D-4908-638C-1606-000000004300}",
                                "User": "DESKTOP-B0T93D6\\george",
                                "Hashes": "MD5=15E2E0ACD891510C6268CB8899F2A1A1,SHA256=F328D587561BEED3C19289FBA43E284FB57BCE1A4C202C7379673964F9B8610D,IMPHASH=0D3E23DCB6BF63A9EB90D5BED57B4F89",
                                "OriginalFileName": "taskkill.exe",
                                "ParentImage": "C:\\Users\\george\\197885314\\197885314.EXE",
                                "FileVersion": "10.0.17134.1 (WinBuild.160101.0800)",
                                "ParentProcessId": "4144",
                                "CurrentDirectory": "C:\\Users\\george\\Desktop\\",
                                "CommandLine": "taskkill /F /IM taskmgr.exe",
                                "EventID": "1",
                                "LogonGuid": "C784477D-F2FD-6384-2ADC-030000000000",
                                "LogonId": "252970",
                                "Image": "C:\\Windows\\SysWOW64\\taskkill.exe",
                                "IntegrityLevel": "High",
                                "ParentCommandLine": "\"C:\\Users\\george\\197885314\\197885314.EXE\"",
                                "UtcTime": "1670138146",
                                "RuleName": "-"
                            }
                        },
                        {
                            "values": {
                                "TerminalSessionId": "1",
                                "ProcessGuid": "{C784477D-4922-638C-C806-000000004300}",
                                "ProcessId": "7900",
                                "Product": "Microsoft\\xae Windows\\xae Operating System",
                                "Description": "Terminates Processes",
                                "Company": "Microsoft Corporation",
                                "ParentProcessGuid": "{C784477D-4908-638C-1606-000000004300}",
                                "User": "DESKTOP-B0T93D6\\george",
                                "Hashes": "MD5=15E2E0ACD891510C6268CB8899F2A1A1,SHA256=F328D587561BEED3C19289FBA43E284FB57BCE1A4C202C7379673964F9B8610D,IMPHASH=0D3E23DCB6BF63A9EB90D5BED57B4F89",
                                "OriginalFileName": "taskkill.exe",
                                "ParentImage": "C:\\Users\\george\\197885314\\197885314.EXE",
                                "FileVersion": "10.0.17134.1 (WinBuild.160101.0800)",
                                "ParentProcessId": "4144",
                                "CurrentDirectory": "C:\\Users\\george\\Desktop\\",
                                "CommandLine": "taskkill /F /IM taskmgr.exe",
                                "EventID": "1",
                                "LogonGuid": "C784477D-F2FD-6384-2ADC-030000000000",
                                "LogonId": "252970",
                                "Image": "C:\\Windows\\SysWOW64\\taskkill.exe",
                                "IntegrityLevel": "High",
                                "ParentCommandLine": "\"C:\\Users\\george\\197885314\\197885314.EXE\"",
                                "UtcTime": "1670138146",
                                "RuleName": "-"
                            }
                        },
                        {
                            "values": {
                                "TerminalSessionId": "1",
                                "ProcessGuid": "{C784477D-4922-638C-CA06-000000004300}",
                                "ProcessId": "3808",
                                "Product": "Microsoft\\xae Windows\\xae Operating System",
                                "Description": "Terminates Processes",
                                "Company": "Microsoft Corporation",
                                "ParentProcessGuid": "{C784477D-4908-638C-1606-000000004300}",
                                "User": "DESKTOP-B0T93D6\\george",
                                "Hashes": "MD5=15E2E0ACD891510C6268CB8899F2A1A1,SHA256=F328D587561BEED3C19289FBA43E284FB57BCE1A4C202C7379673964F9B8610D,IMPHASH=0D3E23DCB6BF63A9EB90D5BED57B4F89",
                                "OriginalFileName": "taskkill.exe",
                                "ParentImage": "C:\\Users\\george\\197885314\\197885314.EXE",
                                "FileVersion": "10.0.17134.1 (WinBuild.160101.0800)",
                                "ParentProcessId": "4144",
                                "CurrentDirectory": "C:\\Users\\george\\Desktop\\",
                                "CommandLine": "taskkill /F /IM taskmgr.exe",
                                "EventID": "1",
                                "LogonGuid": "C784477D-F2FD-6384-2ADC-030000000000",
                                "LogonId": "252970",
                                "Image": "C:\\Windows\\SysWOW64\\taskkill.exe",
                                "IntegrityLevel": "High",
                                "ParentCommandLine": "\"C:\\Users\\george\\197885314\\197885314.EXE\"",
                                "UtcTime": "1670138146",
                                "RuleName": "-"
                            }
                        },
                        {
                            "values": {
                                "TerminalSessionId": "1",
                                "ProcessGuid": "{C784477D-4922-638C-CC06-000000004300}",
                                "ProcessId": "7960",
                                "Product": "Microsoft\\xae Windows\\xae Operating System",
                                "Description": "Terminates Processes",
                                "Company": "Microsoft Corporation",
                                "ParentProcessGuid": "{C784477D-4908-638C-1606-000000004300}",
                                "User": "DESKTOP-B0T93D6\\george",
                                "Hashes": "MD5=15E2E0ACD891510C6268CB8899F2A1A1,SHA256=F328D587561BEED3C19289FBA43E284FB57BCE1A4C202C7379673964F9B8610D,IMPHASH=0D3E23DCB6BF63A9EB90D5BED57B4F89",
                                "OriginalFileName": "taskkill.exe",
                                "ParentImage": "C:\\Users\\george\\197885314\\197885314.EXE",
                                "FileVersion": "10.0.17134.1 (WinBuild.160101.0800)",
                                "ParentProcessId": "4144",
                                "CurrentDirectory": "C:\\Users\\george\\Desktop\\",
                                "CommandLine": "taskkill /F /IM taskmgr.exe",
                                "EventID": "1",
                                "LogonGuid": "C784477D-F2FD-6384-2ADC-030000000000",
                                "LogonId": "252970",
                                "Image": "C:\\Windows\\SysWOW64\\taskkill.exe",
                                "IntegrityLevel": "High",
                                "ParentCommandLine": "\"C:\\Users\\george\\197885314\\197885314.EXE\"",
                                "UtcTime": "1670138146",
                                "RuleName": "-"
                            }
                        },
                        {
                            "values": {
                                "TerminalSessionId": "1",
                                "ProcessGuid": "{C784477D-4923-638C-CE06-000000004300}",
                                "ProcessId": "5184",
                                "Product": "Microsoft\\xae Windows\\xae Operating System",
                                "Description": "Terminates Processes",
                                "Company": "Microsoft Corporation",
                                "ParentProcessGuid": "{C784477D-4908-638C-1606-000000004300}",
                                "User": "DESKTOP-B0T93D6\\george",
                                "Hashes": "MD5=15E2E0ACD891510C6268CB8899F2A1A1,SHA256=F328D587561BEED3C19289FBA43E284FB57BCE1A4C202C7379673964F9B8610D,IMPHASH=0D3E23DCB6BF63A9EB90D5BED57B4F89",
                                "OriginalFileName": "taskkill.exe",
                                "ParentImage": "C:\\Users\\george\\197885314\\197885314.EXE",
                                "FileVersion": "10.0.17134.1 (WinBuild.160101.0800)",
                                "ParentProcessId": "4144",
                                "CurrentDirectory": "C:\\Users\\george\\Desktop\\",
                                "CommandLine": "taskkill /F /IM taskmgr.exe",
                                "EventID": "1",
                                "LogonGuid": "C784477D-F2FD-6384-2ADC-030000000000",
                                "LogonId": "252970",
                                "Image": "C:\\Windows\\SysWOW64\\taskkill.exe",
                                "IntegrityLevel": "High",
                                "ParentCommandLine": "\"C:\\Users\\george\\197885314\\197885314.EXE\"",
                                "UtcTime": "1670138147",
                                "RuleName": "-"
                            }
                        },
                        {
                            "values": {
                                "TerminalSessionId": "1",
                                "ProcessGuid": "{C784477D-4923-638C-D006-000000004300}",
                                "ProcessId": "1872",
                                "Product": "Microsoft\\xae Windows\\xae Operating System",
                                "Description": "Terminates Processes",
                                "Company": "Microsoft Corporation",
                                "ParentProcessGuid": "{C784477D-4908-638C-1606-000000004300}",
                                "User": "DESKTOP-B0T93D6\\george",
                                "Hashes": "MD5=15E2E0ACD891510C6268CB8899F2A1A1,SHA256=F328D587561BEED3C19289FBA43E284FB57BCE1A4C202C7379673964F9B8610D,IMPHASH=0D3E23DCB6BF63A9EB90D5BED57B4F89",
                                "OriginalFileName": "taskkill.exe",
                                "ParentImage": "C:\\Users\\george\\197885314\\197885314.EXE",
                                "FileVersion": "10.0.17134.1 (WinBuild.160101.0800)",
                                "ParentProcessId": "4144",
                                "CurrentDirectory": "C:\\Users\\george\\Desktop\\",
                                "CommandLine": "taskkill /F /IM taskmgr.exe",
                                "EventID": "1",
                                "LogonGuid": "C784477D-F2FD-6384-2ADC-030000000000",
                                "LogonId": "252970",
                                "Image": "C:\\Windows\\SysWOW64\\taskkill.exe",
                                "IntegrityLevel": "High",
                                "ParentCommandLine": "\"C:\\Users\\george\\197885314\\197885314.EXE\"",
                                "UtcTime": "1670138147",
                                "RuleName": "-"
                            }
                        },
                        {
                            "values": {
                                "TerminalSessionId": "1",
                                "ProcessGuid": "{C784477D-4923-638C-D206-000000004300}",
                                "ProcessId": "4100",
                                "Product": "Microsoft\\xae Windows\\xae Operating System",
                                "Description": "Terminates Processes",
                                "Company": "Microsoft Corporation",
                                "ParentProcessGuid": "{C784477D-4908-638C-1606-000000004300}",
                                "User": "DESKTOP-B0T93D6\\george",
                                "Hashes": "MD5=15E2E0ACD891510C6268CB8899F2A1A1,SHA256=F328D587561BEED3C19289FBA43E284FB57BCE1A4C202C7379673964F9B8610D,IMPHASH=0D3E23DCB6BF63A9EB90D5BED57B4F89",
                                "OriginalFileName": "taskkill.exe",
                                "ParentImage": "C:\\Users\\george\\197885314\\197885314.EXE",
                                "FileVersion": "10.0.17134.1 (WinBuild.160101.0800)",
                                "ParentProcessId": "4144",
                                "CurrentDirectory": "C:\\Users\\george\\Desktop\\",
                                "CommandLine": "taskkill /F /IM taskmgr.exe",
                                "EventID": "1",
                                "LogonGuid": "C784477D-F2FD-6384-2ADC-030000000000",
                                "LogonId": "252970",
                                "Image": "C:\\Windows\\SysWOW64\\taskkill.exe",
                                "IntegrityLevel": "High",
                                "ParentCommandLine": "\"C:\\Users\\george\\197885314\\197885314.EXE\"",
                                "UtcTime": "1670138147",
                                "RuleName": "-"
                            }
                        },
                        {
                            "values": {
                                "TerminalSessionId": "1",
                                "ProcessGuid": "{C784477D-4923-638C-D406-000000004300}",
                                "ProcessId": "7328",
                                "Product": "Microsoft\\xae Windows\\xae Operating System",
                                "Description": "Terminates Processes",
                                "Company": "Microsoft Corporation",
                                "ParentProcessGuid": "{C784477D-4908-638C-1606-000000004300}",
                                "User": "DESKTOP-B0T93D6\\george",
                                "Hashes": "MD5=15E2E0ACD891510C6268CB8899F2A1A1,SHA256=F328D587561BEED3C19289FBA43E284FB57BCE1A4C202C7379673964F9B8610D,IMPHASH=0D3E23DCB6BF63A9EB90D5BED57B4F89",
                                "OriginalFileName": "taskkill.exe",
                                "ParentImage": "C:\\Users\\george\\197885314\\197885314.EXE",
                                "FileVersion": "10.0.17134.1 (WinBuild.160101.0800)",
                                "ParentProcessId": "4144",
                                "CurrentDirectory": "C:\\Users\\george\\Desktop\\",
                                "CommandLine": "taskkill /F /IM taskmgr.exe",
                                "EventID": "1",
                                "LogonGuid": "C784477D-F2FD-6384-2ADC-030000000000",
                                "LogonId": "252970",
                                "Image": "C:\\Windows\\SysWOW64\\taskkill.exe",
                                "IntegrityLevel": "High",
                                "ParentCommandLine": "\"C:\\Users\\george\\197885314\\197885314.EXE\"",
                                "UtcTime": "1670138147",
                                "RuleName": "-"
                            }
                        },
                        {
                            "values": {
                                "TerminalSessionId": "1",
                                "ProcessGuid": "{C784477D-4923-638C-D606-000000004300}",
                                "ProcessId": "7440",
                                "Product": "Microsoft\\xae Windows\\xae Operating System",
                                "Description": "Terminates Processes",
                                "Company": "Microsoft Corporation",
                                "ParentProcessGuid": "{C784477D-4908-638C-1606-000000004300}",
                                "User": "DESKTOP-B0T93D6\\george",
                                "Hashes": "MD5=15E2E0ACD891510C6268CB8899F2A1A1,SHA256=F328D587561BEED3C19289FBA43E284FB57BCE1A4C202C7379673964F9B8610D,IMPHASH=0D3E23DCB6BF63A9EB90D5BED57B4F89",
                                "OriginalFileName": "taskkill.exe",
                                "ParentImage": "C:\\Users\\george\\197885314\\197885314.EXE",
                                "FileVersion": "10.0.17134.1 (WinBuild.160101.0800)",
                                "ParentProcessId": "4144",
                                "CurrentDirectory": "C:\\Users\\george\\Desktop\\",
                                "CommandLine": "taskkill /F /IM taskmgr.exe",
                                "EventID": "1",
                                "LogonGuid": "C784477D-F2FD-6384-2ADC-030000000000",
                                "LogonId": "252970",
                                "Image": "C:\\Windows\\SysWOW64\\taskkill.exe",
                                "IntegrityLevel": "High",
                                "ParentCommandLine": "\"C:\\Users\\george\\197885314\\197885314.EXE\"",
                                "UtcTime": "1670138147",
                                "RuleName": "-"
                            }
                        },
                        {
                            "values": {
                                "TerminalSessionId": "1",
                                "ProcessGuid": "{C784477D-4923-638C-D806-000000004300}",
                                "ProcessId": "7676",
                                "Product": "Microsoft\\xae Windows\\xae Operating System",
                                "Description": "Terminates Processes",
                                "Company": "Microsoft Corporation",
                                "ParentProcessGuid": "{C784477D-4908-638C-1606-000000004300}",
                                "User": "DESKTOP-B0T93D6\\george",
                                "Hashes": "MD5=15E2E0ACD891510C6268CB8899F2A1A1,SHA256=F328D587561BEED3C19289FBA43E284FB57BCE1A4C202C7379673964F9B8610D,IMPHASH=0D3E23DCB6BF63A9EB90D5BED57B4F89",
                                "OriginalFileName": "taskkill.exe",
                                "ParentImage": "C:\\Users\\george\\197885314\\197885314.EXE",
                                "FileVersion": "10.0.17134.1 (WinBuild.160101.0800)",
                                "ParentProcessId": "4144",
                                "CurrentDirectory": "C:\\Users\\george\\Desktop\\",
                                "CommandLine": "taskkill /F /IM taskmgr.exe",
                                "EventID": "1",
                                "LogonGuid": "C784477D-F2FD-6384-2ADC-030000000000",
                                "LogonId": "252970",
                                "Image": "C:\\Windows\\SysWOW64\\taskkill.exe",
                                "IntegrityLevel": "High",
                                "ParentCommandLine": "\"C:\\Users\\george\\197885314\\197885314.EXE\"",
                                "UtcTime": "1670138147",
                                "RuleName": "-"
                            }
                        },
                        {
                            "values": {
                                "TerminalSessionId": "1",
                                "ProcessGuid": "{C784477D-4924-638C-DA06-000000004300}",
                                "ProcessId": "4604",
                                "Product": "Microsoft\\xae Windows\\xae Operating System",
                                "Description": "Terminates Processes",
                                "Company": "Microsoft Corporation",
                                "ParentProcessGuid": "{C784477D-4908-638C-1606-000000004300}",
                                "User": "DESKTOP-B0T93D6\\george",
                                "Hashes": "MD5=15E2E0ACD891510C6268CB8899F2A1A1,SHA256=F328D587561BEED3C19289FBA43E284FB57BCE1A4C202C7379673964F9B8610D,IMPHASH=0D3E23DCB6BF63A9EB90D5BED57B4F89",
                                "OriginalFileName": "taskkill.exe",
                                "ParentImage": "C:\\Users\\george\\197885314\\197885314.EXE",
                                "FileVersion": "10.0.17134.1 (WinBuild.160101.0800)",
                                "ParentProcessId": "4144",
                                "CurrentDirectory": "C:\\Users\\george\\Desktop\\",
                                "CommandLine": "taskkill /F /IM taskmgr.exe",
                                "EventID": "1",
                                "LogonGuid": "C784477D-F2FD-6384-2ADC-030000000000",
                                "LogonId": "252970",
                                "Image": "C:\\Windows\\SysWOW64\\taskkill.exe",
                                "IntegrityLevel": "High",
                                "ParentCommandLine": "\"C:\\Users\\george\\197885314\\197885314.EXE\"",
                                "UtcTime": "1670138148",
                                "RuleName": "-"
                            }
                        },
                        {
                            "values": {
                                "TerminalSessionId": "1",
                                "ProcessGuid": "{C784477D-4924-638C-DC06-000000004300}",
                                "ProcessId": "7904",
                                "Product": "Microsoft\\xae Windows\\xae Operating System",
                                "Description": "Terminates Processes",
                                "Company": "Microsoft Corporation",
                                "ParentProcessGuid": "{C784477D-4908-638C-1606-000000004300}",
                                "User": "DESKTOP-B0T93D6\\george",
                                "Hashes": "MD5=15E2E0ACD891510C6268CB8899F2A1A1,SHA256=F328D587561BEED3C19289FBA43E284FB57BCE1A4C202C7379673964F9B8610D,IMPHASH=0D3E23DCB6BF63A9EB90D5BED57B4F89",
                                "OriginalFileName": "taskkill.exe",
                                "ParentImage": "C:\\Users\\george\\197885314\\197885314.EXE",
                                "FileVersion": "10.0.17134.1 (WinBuild.160101.0800)",
                                "ParentProcessId": "4144",
                                "CurrentDirectory": "C:\\Users\\george\\Desktop\\",
                                "CommandLine": "taskkill /F /IM taskmgr.exe",
                                "EventID": "1",
                                "LogonGuid": "C784477D-F2FD-6384-2ADC-030000000000",
                                "LogonId": "252970",
                                "Image": "C:\\Windows\\SysWOW64\\taskkill.exe",
                                "IntegrityLevel": "High",
                                "ParentCommandLine": "\"C:\\Users\\george\\197885314\\197885314.EXE\"",
                                "UtcTime": "1670138148",
                                "RuleName": "-"
                            }
                        },
                        {
                            "values": {
                                "TerminalSessionId": "1",
                                "ProcessGuid": "{C784477D-4924-638C-DE06-000000004300}",
                                "ProcessId": "7060",
                                "Product": "Microsoft\\xae Windows\\xae Operating System",
                                "Description": "Terminates Processes",
                                "Company": "Microsoft Corporation",
                                "ParentProcessGuid": "{C784477D-4908-638C-1606-000000004300}",
                                "User": "DESKTOP-B0T93D6\\george",
                                "Hashes": "MD5=15E2E0ACD891510C6268CB8899F2A1A1,SHA256=F328D587561BEED3C19289FBA43E284FB57BCE1A4C202C7379673964F9B8610D,IMPHASH=0D3E23DCB6BF63A9EB90D5BED57B4F89",
                                "OriginalFileName": "taskkill.exe",
                                "ParentImage": "C:\\Users\\george\\197885314\\197885314.EXE",
                                "FileVersion": "10.0.17134.1 (WinBuild.160101.0800)",
                                "ParentProcessId": "4144",
                                "CurrentDirectory": "C:\\Users\\george\\Desktop\\",
                                "CommandLine": "taskkill /F /IM taskmgr.exe",
                                "EventID": "1",
                                "LogonGuid": "C784477D-F2FD-6384-2ADC-030000000000",
                                "LogonId": "252970",
                                "Image": "C:\\Windows\\SysWOW64\\taskkill.exe",
                                "IntegrityLevel": "High",
                                "ParentCommandLine": "\"C:\\Users\\george\\197885314\\197885314.EXE\"",
                                "UtcTime": "1670138148",
                                "RuleName": "-"
                            }
                        },
                        {
                            "values": {
                                "TerminalSessionId": "1",
                                "ProcessGuid": "{C784477D-4924-638C-E006-000000004300}",
                                "ProcessId": "4212",
                                "Product": "Microsoft\\xae Windows\\xae Operating System",
                                "Description": "Terminates Processes",
                                "Company": "Microsoft Corporation",
                                "ParentProcessGuid": "{C784477D-4908-638C-1606-000000004300}",
                                "User": "DESKTOP-B0T93D6\\george",
                                "Hashes": "MD5=15E2E0ACD891510C6268CB8899F2A1A1,SHA256=F328D587561BEED3C19289FBA43E284FB57BCE1A4C202C7379673964F9B8610D,IMPHASH=0D3E23DCB6BF63A9EB90D5BED57B4F89",
                                "OriginalFileName": "taskkill.exe",
                                "ParentImage": "C:\\Users\\george\\197885314\\197885314.EXE",
                                "FileVersion": "10.0.17134.1 (WinBuild.160101.0800)",
                                "ParentProcessId": "4144",
                                "CurrentDirectory": "C:\\Users\\george\\Desktop\\",
                                "CommandLine": "taskkill /F /IM taskmgr.exe",
                                "EventID": "1",
                                "LogonGuid": "C784477D-F2FD-6384-2ADC-030000000000",
                                "LogonId": "252970",
                                "Image": "C:\\Windows\\SysWOW64\\taskkill.exe",
                                "IntegrityLevel": "High",
                                "ParentCommandLine": "\"C:\\Users\\george\\197885314\\197885314.EXE\"",
                                "UtcTime": "1670138148",
                                "RuleName": "-"
                            }
                        }
                    ],
                    "rule_level": "low",
                    "rule_id": "cd06da2f3978bdb24b3f3c8f83c7df917a910c6b29921d0e375e418f340d8f3d",
                    "rule_source": "Sigma Integrated Rule Set (GitHub)",
                    "rule_title": "Suspicious Execution of Taskkill",
                    "rule_description": "Adversaries may stop services or processes in order to conduct Data Destruction or Data Encrypted for Impact on the data stores of services like Exchange and SQL Server.",
                    "rule_author": "frack113"
                }
            ],
            "detectiteasy": {
                "filetype": "PE32",
                "values": [
                    {
                        "info": "NRV,brute",
                        "version": "3.04",
                        "type": "Packer",
                        "name": "UPX"
                    },
                    {
                        "version": "2010",
                        "type": "Compiler",
                        "name": "Microsoft Visual C/C++"
                    },
                    {
                        "info": "GUI32",
                        "version": "10.0",
                        "type": "Linker",
                        "name": "Microsoft Linker"
                    }
                ]
            },
            "tlsh": "T11BB36C237A94E035D06214306860D7B65A6EB9301B6E4083F7CD5BFBAF702F25B6935B",
            "magic": "PE32 executable for MS Windows (GUI) Intel 80386 32-bit",
            "reputation": 0,
            "last_submission_date": 1670078218,
            "names": [
                "unknown",
                "f6f6717552005ec78f45dc191e3a0b29",
                "aa",
                "JH8h.bz2",
                "0NGumP3xe.png"
            ],
            "size": 114176,
            "last_analysis_date": 1670143486,
            "first_seen_itw_date": 1324756977,
            "authentihash": "4272c0234f8bde14b5c19977144c1ddc2a53b5d18484f82a60776860ac1d571e"
        }
    }
}