                        {
                            "values": {
                                "EventID": "13",
                                "ProcessId": "2908",
                                "EventType": "SetValue",
                                "Image": "C:\\Windows\\SysWOW64\\regsvr32.exe",
                                "ProcessGuid": "{C784477D-423E-638F-0406-000000004100}",
                                "UtcTime": "1670333012",
                                "Details": "DWORD (0x00000001)",
                                "RuleName": "T1176",
                                "TargetObject": "HKLM\\SOFTWARE\\WOW6432Node\\Microsoft\\Windows\\CurrentVersion\\Explorer\\Browser Helper Objects\\{5C638EC3-146A-4B1C-A704-7743EEA9AFDB}\\NoExplorer"
                            }
                        },
                        {
                            "values": {
                                "EventID": "13",
                                "ProcessId": "3944",
                                "EventType": "SetValue",
                                "Image": "C:\\Windows\\SysWOW64\\rundll32.exe",
                                "ProcessGuid": "{C784477D-4245-638F-0C06-000000004100}",
                                "UtcTime": "1670333021",
                                "Details": "xgxlibP",
                                "RuleName": "T1176",
                                "TargetObject": "HKLM\\SOFTWARE\\WOW6432Node\\Microsoft\\Windows\\CurrentVersion\\Explorer\\Browser Helper Objects\\{5C638EC3-146A-4B1C-A704-7743EEA9AFDB}\\(Default)"
                            }
                        },
                        {
                            "values": {
                                "EventID": "13",
                                "ProcessId": "3944",
                                "EventType": "SetValue",
                                "Image": "C:\\Windows\\SysWOW64\\rundll32.exe",
                                "RuleName": "T1176",
                                "UtcTime": "1670333021",
                                "Details": "DWORD (0x00000001)",
                                "ProcessGuid": "{C784477D-4245-638F-0C06-000000004100}",
                                "TargetObject": "HKLM\\SOFTWARE\\WOW6432Node\\Microsoft\\Windows\\CurrentVersion\\Explorer\\Browser Helper Objects\\{5C638EC3-146A-4B1C-A704-7743EEA9AFDB}\\NoExplorer"
                            }
                        },
                        {
                            "values": {
                                "EventID": "13",
                                "ProcessId": "3164",
                                "EventType": "SetValue",
                                "Image": "C:\\Windows\\system32\\loaddll32.exe",
                                "ProcessGuid": "{C784477D-423E-638F-0006-000000004100}",
                                "UtcTime": "1670333021",
                                "Details": "xgxlibP",
                                "RuleName": "T1176",
                                "TargetObject": "HKLM\\SOFTWARE\\WOW6432Node\\Microsoft\\Windows\\CurrentVersion\\Explorer\\Browser Helper Objects\\{5C638EC3-146A-4B1C-A704-7743EEA9AFDB}\\(Default)"
                            }
                        },
                        {
                            "values": {
                                "EventID": "13",
                                "ProcessId": "3164",
                                "EventType": "SetValue",
                                "Image": "C:\\Windows\\system32\\loaddll32.exe",
                                "RuleName": "T1176",
                                "UtcTime": "1670333021",
                                "Details": "DWORD (0x00000001)",
                                "ProcessGuid": "{C784477D-423E-638F-0006-000000004100}",
                                "TargetObject": "HKLM\\SOFTWARE\\WOW6432Node\\Microsoft\\Windows\\CurrentVersion\\Explorer\\Browser Helper Objects\\{5C638EC3-146A-4B1C-A704-7743EEA9AFDB}\\NoExplorer"
                            }
                        }
                    ],
                    "rule_level": "medium",
                    "rule_id": "18842e32896dd83b8aca4d5e1ac78c1f66b1d252479c0023cdd02f108c42c8cd",
                    "rule_source": "Sigma Integrated Rule Set (GitHub)",
                    "rule_title": "Wow6432Node CurrentVersion Autorun Keys Modification",
                    "rule_description": "Detects modification of autostart extensibility point (ASEP) in registry.",
                    "rule_author": "Victor Sergeev, Daniil Yugoslavskiy, Gleb Sukhodolskiy, Timur Zinniatullin, oscd.community, Tim Shelton, frack113 (split)"
                }
            ],
            "names": [
                "xgxlib.dll",
                "unknown",
                "Trojan-Ransom.Win32.Hexzone.aff",
                "36bf98103ca6a4790a9d7a0f79362ecb4c10e78804cdaa3cdaaa9e472e562320d6d94ba6320000.dll",
                "36bf98103ca6a4790a9d7a0f79362ecb",
                "aa",
                "uRFK5M.drv"
            ],
            "last_submission_date": 1670332925,
            "first_seen_itw_date": 1232139753,
            "type_tags": [
                "executable",
                "windows",
                "win32",
                "pe",
                "pedll"
            ],
            "detectiteasy": {
                "filetype": "PE32",
                "values": [
                    {
                        "info": "DLL32",
                        "version": "2005",
                        "type": "Compiler",
                        "name": "EP:Microsoft Visual C/C++"
                    },
                    {
                        "info": "LTCG/C",
                        "version": "14.00.50727",
                        "type": "Compiler",
                        "name": "Microsoft Visual C/C++"
                    },
                    {
                        "version": "8.00.50727",
                        "type": "Linker",
                        "name": "Microsoft Linker"
                    },
                    {
                        "version": "2005",
                        "type": "Tool",
                        "name": "Visual Studio"
                    }
                ]
            },
            "trid": [
                {
                    "file_type": "DirectShow filter",
                    "probability": 75.9
                },
                {
                    "file_type": "Win32 Executable MS Visual C++ (generic)",
                    "probability": 11.7
                },
                {
                    "file_type": "Win64 Executable (generic)",
                    "probability": 3.9
                },
                {
                    "file_type": "Win32 Dynamic Link Library (generic)",
                    "probability": 2.4
                },
                {
                    "file_type": "Win16 NE executable (generic)",
                    "probability": 1.8
                }
            ],
            "vhash": "13507666155d6d057550a8z547z60e1zb7z4ez4",
            "last_modification_date": 1746309270,
            "sigma_analysis_summary": {
                "Sigma Integrated Rule Set (GitHub)": {
                    "high": 0,
                    "medium": 1,
                    "critical": 0,
                    "low": 0
                }
            },
            "type_tag": "pedll",
            "meaningful_name": "xgxlib.dll",
            "magika": "PEBIN",
            "tlsh": "T16D648D213284A57EDDBB4B71744B71D750A01C38A7A1CD03BF881F2E9AB26CD89157AF",
            "popular_threat_classification": {
                "suggested_threat_label": "trojan.hexzone",
                "popular_threat_name": [
                    {
                        "value": "hexzone",
                        "count": 19
                    }
                ],
                "popular_threat_category": [
                    {
                        "value": "trojan",
                        "count": 28
                    },
                    {
                        "value": "ransomware",
                        "count": 8
                    },
                    {
                        "value": "adware",
                        "count": 7
                    }
                ]
            },
            "type_extension": "dll"
        }
    }
}