                        {
                            "values": {
                                "TerminalSessionId": "1",
                                "ProcessGuid": "{C784477D-1CCB-638E-1B06-000000003000}",
                                "ProcessId": "6760",
                                "Product": "Microsoft\\xae Windows\\xae Operating System",
                                "Description": "Terminates Processes",
                                "Company": "Microsoft Corporation",
                                "ParentProcessGuid": "{C784477D-1CC2-638E-E405-000000003000}",
                                "User": "DESKTOP-B0T93D6\\george",
                                "Hashes": "MD5=15E2E0ACD891510C6268CB8899F2A1A1,SHA256=F328D587561BEED3C19289FBA43E284FB57BCE1A4C202C7379673964F9B8610D,IMPHASH=0D3E23DCB6BF63A9EB90D5BED57B4F89",
                                "OriginalFileName": "taskkill.exe",
                                "ParentImage": "C:\\Users\\george\\Desktop\\program.exe",
                                "FileVersion": "10.0.17134.1 (WinBuild.160101.0800)",
                                "ParentProcessId": "5788",
                                "CurrentDirectory": "C:\\Users\\george\\Desktop\\",
                                "CommandLine": "taskkill /F /IM taskmgr.exe",
                                "EventID": "1",
                                "LogonGuid": "C784477D-10DE-6386-EAFD-030000000000",
                                "LogonId": "261610",
                                "Image": "C:\\Windows\\SysWOW64\\taskkill.exe",
                                "IntegrityLevel": "High",
                                "ParentCommandLine": "\"C:\\Users\\george\\Desktop\\program.exe\"",
                                "UtcTime": "1670257867",
                                "RuleName": "-"
                            }
                        },
                        {
                            "values": {
                                "TerminalSessionId": "1",
                                "ProcessGuid": "{C784477D-1CCB-638E-1D06-000000003000}",
                                "ProcessId": "4236",
                                "Product": "Microsoft\\xae Windows\\xae Operating System",
                                "Description": "Terminates Processes",
                                "Company": "Microsoft Corporation",
                                "ParentProcessGuid": "{C784477D-1CC2-638E-E405-000000003000}",
                                "User": "DESKTOP-B0T93D6\\george",
                                "Hashes": "MD5=15E2E0ACD891510C6268CB8899F2A1A1,SHA256=F328D587561BEED3C19289FBA43E284FB57BCE1A4C202C7379673964F9B8610D,IMPHASH=0D3E23DCB6BF63A9EB90D5BED57B4F89",
                                "OriginalFileName": "taskkill.exe",
                                "ParentImage": "C:\\Users\\george\\Desktop\\program.exe",
                                "FileVersion": "10.0.17134.1 (WinBuild.160101.0800)",
                                "ParentProcessId": "5788",
                                "CurrentDirectory": "C:\\Users\\george\\Desktop\\",
                                "CommandLine": "taskkill /F /IM taskmgr.exe",
                                "EventID": "1",
                                "LogonGuid": "C784477D-10DE-6386-EAFD-030000000000",
                                "LogonId": "261610",
                                "Image": "C:\\Windows\\SysWOW64\\taskkill.exe",
                                "IntegrityLevel": "High",
                                "ParentCommandLine": "\"C:\\Users\\george\\Desktop\\program.exe\"",
                                "UtcTime": "1670257867",
                                "RuleName": "-"
                            }
                        },
                        {
                            "values": {
                                "TerminalSessionId": "1",
                                "ProcessGuid": "{C784477D-1CCC-638E-1F06-000000003000}",
                                "ProcessId": "172",
                                "Product": "Microsoft\\xae Windows\\xae Operating System",
                                "Description": "Terminates Processes",
                                "Company": "Microsoft Corporation",
                                "ParentProcessGuid": "{C784477D-1CC2-638E-E405-000000003000}",
                                "User": "DESKTOP-B0T93D6\\george",
                                "Hashes": "MD5=15E2E0ACD891510C6268CB8899F2A1A1,SHA256=F328D587561BEED3C19289FBA43E284FB57BCE1A4C202C7379673964F9B8610D,IMPHASH=0D3E23DCB6BF63A9EB90D5BED57B4F89",
                                "OriginalFileName": "taskkill.exe",
                                "ParentImage": "C:\\Users\\george\\Desktop\\program.exe",
                                "FileVersion": "10.0.17134.1 (WinBuild.160101.0800)",
                                "ParentProcessId": "5788",
                                "CurrentDirectory": "C:\\Users\\george\\Desktop\\",
                                "CommandLine": "taskkill /F /IM taskmgr.exe",
                                "EventID": "1",
                                "LogonGuid": "C784477D-10DE-6386-EAFD-030000000000",
                                "LogonId": "261610",
                                "Image": "C:\\Windows\\SysWOW64\\taskkill.exe",
                                "IntegrityLevel": "High",
                                "ParentCommandLine": "\"C:\\Users\\george\\Desktop\\program.exe\"",
                                "UtcTime": "1670257868",
                                "RuleName": "-"
                            }
                        },
                        {
                            "values": {
                                "TerminalSessionId": "1",
                                "ProcessGuid": "{C784477D-1CCC-638E-2106-000000003000}",
                                "ProcessId": "476",
                                "Product": "Microsoft\\xae Windows\\xae Operating System",
                                "Description": "Terminates Processes",
                                "Company": "Microsoft Corporation",
                                "ParentProcessGuid": "{C784477D-1CC2-638E-E405-000000003000}",
                                "User": "DESKTOP-B0T93D6\\george",
                                "Hashes": "MD5=15E2E0ACD891510C6268CB8899F2A1A1,SHA256=F328D587561BEED3C19289FBA43E284FB57BCE1A4C202C7379673964F9B8610D,IMPHASH=0D3E23DCB6BF63A9EB90D5BED57B4F89",
                                "OriginalFileName": "taskkill.exe",
                                "ParentImage": "C:\\Users\\george\\Desktop\\program.exe",
                                "FileVersion": "10.0.17134.1 (WinBuild.160101.0800)",
                                "ParentProcessId": "5788",
                                "CurrentDirectory": "C:\\Users\\george\\Desktop\\",
                                "CommandLine": "taskkill /F /IM taskmgr.exe",
                                "EventID": "1",
                                "LogonGuid": "C784477D-10DE-6386-EAFD-030000000000",
                                "LogonId": "261610",
                                "Image": "C:\\Windows\\SysWOW64\\taskkill.exe",
                                "IntegrityLevel": "High",
                                "ParentCommandLine": "\"C:\\Users\\george\\Desktop\\program.exe\"",
                                "UtcTime": "1670257868",
                                "RuleName": "-"
                            }
                        },
                        {
                            "values": {
                                "TerminalSessionId": "1",
                                "ProcessGuid": "{C784477D-1CCC-638E-2306-000000003000}",
                                "ProcessId": "7116",
                                "Product": "Microsoft\\xae Windows\\xae Operating System",
                                "Description": "Terminates Processes",
                                "Company": "Microsoft Corporation",
                                "ParentProcessGuid": "{C784477D-1CC2-638E-E405-000000003000}",
                                "User": "DESKTOP-B0T93D6\\george",
                                "Hashes": "MD5=15E2E0ACD891510C6268CB8899F2A1A1,SHA256=F328D587561BEED3C19289FBA43E284FB57BCE1A4C202C7379673964F9B8610D,IMPHASH=0D3E23DCB6BF63A9EB90D5BED57B4F89",
                                "OriginalFileName": "taskkill.exe",
                                "ParentImage": "C:\\Users\\george\\Desktop\\program.exe",
                                "FileVersion": "10.0.17134.1 (WinBuild.160101.0800)",
                                "ParentProcessId": "5788",
                                "CurrentDirectory": "C:\\Users\\george\\Desktop\\",
                                "CommandLine": "taskkill /F /IM taskmgr.exe",
                                "EventID": "1",
                                "LogonGuid": "C784477D-10DE-6386-EAFD-030000000000",
                                "LogonId": "261610",
                                "Image": "C:\\Windows\\SysWOW64\\taskkill.exe",
                                "IntegrityLevel": "High",
                                "ParentCommandLine": "\"C:\\Users\\george\\Desktop\\program.exe\"",
                                "UtcTime": "1670257868",
                                "RuleName": "-"
                            }
                        },
                        {
                            "values": {
                                "TerminalSessionId": "1",
                                "ProcessGuid": "{C784477D-1CCD-638E-2506-000000003000}",
                                "ProcessId": "3036",
                                "Product": "Microsoft\\xae Windows\\xae Operating System",
                                "Description": "Terminates Processes",
                                "Company": "Microsoft Corporation",
                                "ParentProcessGuid": "{C784477D-1CC2-638E-E405-000000003000}",
                                "User": "DESKTOP-B0T93D6\\george",
                                "Hashes": "MD5=15E2E0ACD891510C6268CB8899F2A1A1,SHA256=F328D587561BEED3C19289FBA43E284FB57BCE1A4C202C7379673964F9B8610D,IMPHASH=0D3E23DCB6BF63A9EB90D5BED57B4F89",
                                "OriginalFileName": "taskkill.exe",
                                "ParentImage": "C:\\Users\\george\\Desktop\\program.exe",
                                "FileVersion": "10.0.17134.1 (WinBuild.160101.0800)",
                                "ParentProcessId": "5788",
                                "CurrentDirectory": "C:\\Users\\george\\Desktop\\",
                                "CommandLine": "taskkill /F /IM taskmgr.exe",
                                "EventID": "1",
                                "LogonGuid": "C784477D-10DE-6386-EAFD-030000000000",
                                "LogonId": "261610",
                                "Image": "C:\\Windows\\SysWOW64\\taskkill.exe",
                                "IntegrityLevel": "High",
                                "ParentCommandLine": "\"C:\\Users\\george\\Desktop\\program.exe\"",
                                "UtcTime": "1670257869",
                                "RuleName": "-"
                            }
                        },
                        {
                            "values": {
                                "TerminalSessionId": "1",
                                "ProcessGuid": "{C784477D-1CCD-638E-2706-000000003000}",
                                "ProcessId": "3208",
                                "Product": "Microsoft\\xae Windows\\xae Operating System",
                                "Description": "Terminates Processes",
                                "Company": "Microsoft Corporation",
                                "ParentProcessGuid": "{C784477D-1CC2-638E-E405-000000003000}",
                                "User": "DESKTOP-B0T93D6\\george",
                                "Hashes": "MD5=15E2E0ACD891510C6268CB8899F2A1A1,SHA256=F328D587561BEED3C19289FBA43E284FB57BCE1A4C202C7379673964F9B8610D,IMPHASH=0D3E23DCB6BF63A9EB90D5BED57B4F89",
                                "OriginalFileName": "taskkill.exe",
                                "ParentImage": "C:\\Users\\george\\Desktop\\program.exe",
                                "FileVersion": "10.0.17134.1 (WinBuild.160101.0800)",
                                "ParentProcessId": "5788",
                                "CurrentDirectory": "C:\\Users\\george\\Desktop\\",
                                "CommandLine": "taskkill /F /IM taskmgr.exe",
                                "EventID": "1",
                                "LogonGuid": "C784477D-10DE-6386-EAFD-030000000000",
                                "LogonId": "261610",
                                "Image": "C:\\Windows\\SysWOW64\\taskkill.exe",
                                "IntegrityLevel": "High",
                                "ParentCommandLine": "\"C:\\Users\\george\\Desktop\\program.exe\"",
                                "UtcTime": "1670257869",
                                "RuleName": "-"
                            }
                        },
                        {
                            "values": {
                                "TerminalSessionId": "1",
                                "ProcessGuid": "{C784477D-1CCD-638E-2906-000000003000}",
                                "ProcessId": "6088",
                                "Product": "Microsoft\\xae Windows\\xae Operating System",
                                "Description": "Terminates Processes",
                                "Company": "Microsoft Corporation",
                                "ParentProcessGuid": "{C784477D-1CC2-638E-E405-000000003000}",
                                "User": "DESKTOP-B0T93D6\\george",
                                "Hashes": "MD5=15E2E0ACD891510C6268CB8899F2A1A1,SHA256=F328D587561BEED3C19289FBA43E284FB57BCE1A4C202C7379673964F9B8610D,IMPHASH=0D3E23DCB6BF63A9EB90D5BED57B4F89",
                                "OriginalFileName": "taskkill.exe",
                                "ParentImage": "C:\\Users\\george\\Desktop\\program.exe",
                                "FileVersion": "10.0.17134.1 (WinBuild.160101.0800)",
                                "ParentProcessId": "5788",
                                "CurrentDirectory": "C:\\Users\\george\\Desktop\\",
                                "CommandLine": "taskkill /F /IM taskmgr.exe",
                                "EventID": "1",
                                "LogonGuid": "C784477D-10DE-6386-EAFD-030000000000",
                                "LogonId": "261610",
                                "Image": "C:\\Windows\\SysWOW64\\taskkill.exe",
                                "IntegrityLevel": "High",
                                "ParentCommandLine": "\"C:\\Users\\george\\Desktop\\program.exe\"",
                                "UtcTime": "1670257869",
                                "RuleName": "-"
                            }
                        },
                        {
                            "values": {
                                "TerminalSessionId": "1",
                                "ProcessGuid": "{C784477D-1CCE-638E-2B06-000000003000}",
                                "ProcessId": "7136",
                                "Product": "Microsoft\\xae Windows\\xae Operating System",
                                "Description": "Terminates Processes",
                                "Company": "Microsoft Corporation",
                                "ParentProcessGuid": "{C784477D-1CC2-638E-E405-000000003000}",
                                "User": "DESKTOP-B0T93D6\\george",
                                "Hashes": "MD5=15E2E0ACD891510C6268CB8899F2A1A1,SHA256=F328D587561BEED3C19289FBA43E284FB57BCE1A4C202C7379673964F9B8610D,IMPHASH=0D3E23DCB6BF63A9EB90D5BED57B4F89",
                                "OriginalFileName": "taskkill.exe",
                                "ParentImage": "C:\\Users\\george\\Desktop\\program.exe",
                                "FileVersion": "10.0.17134.1 (WinBuild.160101.0800)",
                                "ParentProcessId": "5788",
                                "CurrentDirectory": "C:\\Users\\george\\Desktop\\",
                                "CommandLine": "taskkill /F /IM taskmgr.exe",
                                "EventID": "1",
                                "LogonGuid": "C784477D-10DE-6386-EAFD-030000000000",
                                "LogonId": "261610",
                                "Image": "C:\\Windows\\SysWOW64\\taskkill.exe",
                                "IntegrityLevel": "High",
                                "ParentCommandLine": "\"C:\\Users\\george\\Desktop\\program.exe\"",
                                "UtcTime": "1670257870",
                                "RuleName": "-"
                            }
                        },
                        {
                            "values": {
                                "TerminalSessionId": "1",
                                "ProcessGuid": "{C784477D-1CCE-638E-2D06-000000003000}",
                                "ProcessId": "6616",
                                "Product": "Microsoft\\xae Windows\\xae Operating System",
                                "Description": "Terminates Processes",
                                "Company": "Microsoft Corporation",
                                "ParentProcessGuid": "{C784477D-1CC2-638E-E405-000000003000}",
                                "User": "DESKTOP-B0T93D6\\george",
                                "Hashes": "MD5=15E2E0ACD891510C6268CB8899F2A1A1,SHA256=F328D587561BEED3C19289FBA43E284FB57BCE1A4C202C7379673964F9B8610D,IMPHASH=0D3E23DCB6BF63A9EB90D5BED57B4F89",
                                "OriginalFileName": "taskkill.exe",
                                "ParentImage": "C:\\Users\\george\\Desktop\\program.exe",
                                "FileVersion": "10.0.17134.1 (WinBuild.160101.0800)",
                                "ParentProcessId": "5788",
                                "CurrentDirectory": "C:\\Users\\george\\Desktop\\",
                                "CommandLine": "taskkill /F /IM taskmgr.exe",
                                "EventID": "1",
                                "LogonGuid": "C784477D-10DE-6386-EAFD-030000000000",
                                "LogonId": "261610",
                                "Image": "C:\\Windows\\SysWOW64\\taskkill.exe",
                                "IntegrityLevel": "High",
                                "ParentCommandLine": "\"C:\\Users\\george\\Desktop\\program.exe\"",
                                "UtcTime": "1670257870",
                                "RuleName": "-"
                            }
                        }
                    ],
                    "rule_level": "low",
                    "rule_id": "cd06da2f3978bdb24b3f3c8f83c7df917a910c6b29921d0e375e418f340d8f3d",
                    "rule_source": "Sigma Integrated Rule Set (GitHub)",
                    "rule_title": "Suspicious Execution of Taskkill",
                    "rule_description": "Adversaries may stop services or processes in order to conduct Data Destruction or Data Encrypted for Impact on the data stores of services like Exchange and SQL Server.",
                    "rule_author": "frack113"
                }
            ],
            "authentihash": "19a09c37f00b2afc3f983d26a4c67820705f173bf9f64d23aea32a25f07f7e98",
            "crowdsourced_ids_stats": {
                "high": 0,
                "info": 0,
                "medium": 1,
                "low": 4
            },
            "type_extension": "exe",
            "type_tags": [
                "executable",
                "windows",
                "win32",
                "pe",
                "peexe"
            ],
            "times_submitted": 3,
            "type_description": "Win32 EXE",
            "md5": "3614ef172fb969fe94d669f848aeee4f",
            "last_analysis_date": 1742761376
        }
    }
}