                        {
                            "values": {
                                "EventID": "3",
                                "ProcessId": "2692",
                                "DestinationPortName": "-",
                                "Protocol": "tcp",
                                "DestinationIp": "64.233.191.108",
                                "Initiated": "true",
                                "SourcePortName": "-",
                                "Image": "C:\\Users\\george\\AppData\\Roaming\\javaw.exe",
                                "ProcessGuid": "{C784477D-9BD7-6389-F705-000000001F00}",
                                "DestinationHostname": "ja-in-f108.1e100.net",
                                "UtcTime": "1669729910",
                                "User": "DESKTOP-B0T93D6\\george",
                                "DestinationPort": "587",
                                "RuleName": "Usermode",
                                "SourcePort": "49714",
                                "SourceIsIpv6": "false",
                                "DestinationIsIpv6": "false",
                                "SourceIp": "192.168.2.9",
                                "SourceHostname": "DESKTOP-B0T93D6.local"
                            }
                        },
                        {
                            "values": {
                                "EventID": "3",
                                "ProcessId": "2692",
                                "DestinationPortName": "-",
                                "Protocol": "tcp",
                                "DestinationIp": "64.233.191.108",
                                "Initiated": "true",
                                "SourcePortName": "-",
                                "Image": "C:\\Users\\george\\AppData\\Roaming\\javaw.exe",
                                "RuleName": "Usermode",
                                "DestinationHostname": "ja-in-f108.1e100.net",
                                "UtcTime": "1669729911",
                                "User": "DESKTOP-B0T93D6\\george",
                                "DestinationPort": "587",
                                "ProcessGuid": "{C784477D-9BD7-6389-F705-000000001F00}",
                                "SourcePort": "49715",
                                "SourceIsIpv6": "false",
                                "DestinationIsIpv6": "false",
                                "SourceIp": "192.168.2.9",
                                "SourceHostname": "DESKTOP-B0T93D6.local"
                            }
                        },
                        {
                            "values": {
                                "EventID": "3",
                                "ProcessId": "2692",
                                "DestinationPortName": "-",
                                "SourceIsIpv6": "false",
                                "DestinationIp": "64.233.191.108",
                                "Initiated": "true",
                                "SourcePortName": "-",
                                "Image": "C:\\Users\\george\\AppData\\Roaming\\javaw.exe",
                                "ProcessGuid": "{C784477D-9BD7-6389-F705-000000001F00}",
                                "DestinationHostname": "ja-in-f108.1e100.net",
                                "UtcTime": "1669729912",
                                "User": "DESKTOP-B0T93D6\\george",
                                "DestinationPort": "587",
                                "RuleName": "Usermode",
                                "SourcePort": "49716",
                                "Protocol": "tcp",
                                "DestinationIsIpv6": "false",
                                "SourceIp": "192.168.2.9",
                                "SourceHostname": "DESKTOP-B0T93D6.local"
                            }
                        }
                    ],
                    "rule_level": "medium",
                    "rule_description": "Adversaries may steal data by exfiltrating it over an un-encrypted network protocol other than that of the existing command and control channel.\nThe data may also be sent to an alternate network location from the main command and control server.\n",
                    "rule_source": "Sigma Integrated Rule Set (GitHub)",
                    "rule_title": "Suspicious Outbound SMTP Connections",
                    "rule_id": "3659f9925f327ac0ba2be9b3c8c7240f432c4b62f162b846c10410fff320b6f7",
                    "rule_author": "frack113"
                },
                {
                    "match_context": [
                        {
                            "values": {
                                "EventID": "13",
                                "ProcessId": "2692",
                                "EventType": "SetValue",
                                "Image": "C:\\Users\\george\\AppData\\Roaming\\javaw.exe",
                                "ProcessGuid": "{C784477D-9BD7-6389-F705-000000001F00}",
                                "UtcTime": "1669962713",
                                "Details": "C:\\Users\\george\\AppData\\Roaming\\",
                                "RuleName": "T1060,RunKey",
                                "TargetObject": "HKU\\S-1-5-21-1015118539-3749460369-599379286-1001\\Software\\Microsoft\\Windows\\CurrentVersion\\Run\\(Default)"
                            }
                        }
                    ],
                    "rule_level": "medium",
                    "rule_description": "Detects modification of autostart extensibility point (ASEP) in registry.",
                    "rule_source": "Sigma Integrated Rule Set (GitHub)",
                    "rule_title": "CurrentVersion Autorun Keys Modification",
                    "rule_id": "8b5db9da5732dc549b0e8b56fe5933d7c95ed760f3ac20568ab95347ef8c5bcc",
                    "rule_author": "Victor Sergeev, Daniil Yugoslavskiy, Gleb Sukhodolskiy, Timur Zinniatullin, oscd.community, Tim Shelton, frack113 (split)"
                },
                {
                    "match_context": [
                        {
                            "values": {
                                "EventID": "11",
                                "ProcessId": "5328",
                                "Image": "C:\\Users\\george\\Desktop\\program.exe",
                                "ProcessGuid": "{C784477D-9BD0-6389-F505-000000001F00}",
                                "CreationUtcTime": "1669962710",
                                "UtcTime": "1669962710",
                                "RuleName": "EXE",
                                "TargetFilename": "C:\\Users\\george\\AppData\\Roaming\\javaw.exe"
                            }
                        }
                    ],
                    "rule_level": "low",
                    "rule_description": "Detects the creation of an executable by another executable",
                    "rule_source": "Sigma Integrated Rule Set (GitHub)",
                    "rule_title": "Creation of an Executable by an Executable",
                    "rule_id": "b5386a23355681c43cfbd2f2ccfe4b16ed45324d0d7b5583487a9f302ee1e427",
                    "rule_author": "frack113"
                }
            ],
            "ssdeep": "384:QG45h/a9DuQGV85OLDLl2222208c37Mb/r/bqTLTVMR/tsYFYn:Fqa8QGVJLDvM7r/GGRiY8",
            "sha256": "946bd91302edb14aa566d74cfb3f06ba138b733c6ab99b82833422dd5379a723",
            "first_seen_itw_date": 1563944884,
            "magika": "PEBIN",
            "meaningful_name": "Crack.exe",
            "authentihash": "9574f3c87ef5f230231e220cd82ce438e2b2b255af36dd864984d0cefc740501",
            "vhash": "234036551511005416b4320",
            "type_extension": "exe",
            "tags": [
                "long-sleeps",
                "runtime-modules",
                "persistence",
                "direct-cpu-clock-access",
                "obfuscated",
                "detect-debug-environment",
                "executes-dropped-file",
                "peexe",
                "checks-network-adapters",
                "assembly",
                "checks-user-input"
            ],
            "type_tag": "peexe",
            "times_submitted": 9,
            "tlsh": "T1CBE25D0867E18335DEEE8FB01DF3760643B1E2064913FF7E0DC49B966947B864A81676",
            "reputation": 0,
            "sigma_analysis_stats": {
                "high": 0,
                "medium": 2,
                "critical": 0,
                "low": 1
            },
            "trid": [
                {
                    "file_type": "Generic CIL Executable (.NET, Mono, etc.)",
                    "probability": 69.7
                },
                {
                    "file_type": "Win64 Executable (generic)",
                    "probability": 10.0
                },
                {
                    "file_type": "Win32 Dynamic Link Library (generic)",
                    "probability": 6.2
                },
                {
                    "file_type": "Win32 Executable (generic)",
                    "probability": 4.2
                },
                {
                    "file_type": "Win16/32 Executable Delphi generic",
                    "probability": 1.9
                }
            ]
        }
    }
}