{
    "data": {
        "id": "989a9d2e08fcba4059ebc55afc049f34d2a12bfdd1e14f468ee8b5c27c9e7bda",
        "type": "file",
        "links": {
            "self": "https://www.virustotal.com/api/v3/files/989a9d2e08fcba4059ebc55afc049f34d2a12bfdd1e14f468ee8b5c27c9e7bda"
        },
        "attributes": {
            "ssdeep": "1536:cAYPkT4bLJpwBqsyCGfrIXA9j5zHRb/mDg1:r2kT4bLJuBHaXjrb/mDg1",
            "pe_info": {
                "timestamp": 1582158577,
                "imphash": "f34d5f2d4577ed6d9ceec516c1f5a744",
                "machine_type": 332,
                "entry_point": 74830,
                "resource_details": [
                    {
                        "lang": "NEUTRAL",
                        "chi2": 1530.0,
                        "filetype": "unknown",
                        "entropy": 0.0,
                        "sha256": "b0f66adc83641586656866813fd9dd0b8ebb63796075661ba45d1aa8089e1d44",
                        "type": "RT_GROUP_ICON"
                    },
                    {
                        "lang": "NEUTRAL",
                        "chi2": 68080.69,
                        "filetype": "unknown",
                        "entropy": 3.4895784854888916,
                        "sha256": "4cafbfb94e1789e1875e6875e52fe2bc50333cf522224af94e5eca58e4c54f7a",
                        "type": "RT_VERSION"
                    },
                    {
                        "lang": "NEUTRAL",
                        "chi2": 4719.86,
                        "filetype": "unknown",
                        "entropy": 5.00111722946167,
                        "sha256": "c0085eb467d2fc9c9f395047e057183b3cd1503a4087d0db565161c13527a76f",
                        "type": "RT_MANIFEST"
                    }
                ],
                "resource_langs": {
                    "NEUTRAL": 3
                },
                "resource_types": {
                    "RT_MANIFEST": 1,
                    "RT_VERSION": 1,
                    "RT_GROUP_ICON": 1
                },
                "sections": [
                    {
                        "name": ".text",
                        "chi2": 1055994.5,
                        "virtual_address": 8192,
                        "entropy": 6.19,
                        "raw_size": 67072,
                        "flags": "rx",
                        "virtual_size": 66644,
                        "md5": "ca8ecaeca4f0417ee4a225a915e88cd5"
                    },
                    {
                        "name": ".rsrc",
                        "chi2": 59793.75,
                        "virtual_address": 81920,
                        "entropy": 4.66,
                        "raw_size": 2048,
                        "flags": "r",
                        "virtual_size": 1580,
                        "md5": "3d54b49bd0c634041cad0d7e9b4d30da"
                    },
                    {
                        "name": ".reloc",
                        "chi2": 128015.0,
                        "virtual_address": 90112,
                        "entropy": 0.1,
                        "raw_size": 512,
                        "flags": "r",
                        "virtual_size": 12,
                        "md5": "635d00d829ac9ad85671345988ee8614"
                    }
                ],
                "import_list": [
                    {
                        "library_name": "mscoree.dll",
                        "imported_functions": [
                            "_CorExeMain"
                        ]
                    }
                ]
            },
            "sigma_analysis_summary": {
                "Sigma Integrated Rule Set (GitHub)": {
                    "high": 2,
                    "medium": 1,
                    "critical": 0,
                    "low": 3
                }
            },
            "crowdsourced_yara_results": [
                {
                    "ruleset_id": "00c291ca7f",
                    "rule_name": "INDICATOR_EXE_Packed_SmartAssembly",
                    "ruleset_name": "indicator_packed",
                    "description": "Detects executables packed with SmartAssembly",
                    "author": "ditekSHen",
                    "ruleset_version": "00c291ca7f|e76c93dcdedff04076380ffc60ea54e45b313635",
                    "match_date": 1742536444,
                    "source": "https://github.com/ditekshen/detection"
                },
                {
                    "ruleset_id": "00cc803bdc",
                    "rule_name": "MALWARE_Win_Thanos",
                    "ruleset_name": "malware",
                    "description": "Detects Thanos / Prometheus / Spook ransomware",
                    "author": "ditekSHen",
                    "ruleset_version": "00cc803bdc|e76c93dcdedff04076380ffc60ea54e45b313635",
                    "match_date": 1742536444,
                    "source": "https://github.com/ditekshen/detection"
                },
                {
                    "description": "Sandbox detection tricks",
                    "author": "AlienVault Labs",
                    "ruleset_name": "sandboxdetect",
                    "rule_name": "sandboxdetect_misc",
                    "ruleset_id": "009cfa8ad5",
                    "match_in_subfile": true,
                    "source": "https://github.com/AlienVault-Labs/AlienVaultLabs"
                },
                {
                    "description": "detects command variations typically used by ransomware",
                    "author": "ditekSHen",
                    "ruleset_name": "indicator_suspicious",
                    "rule_name": "INDICATOR_SUSPICIOUS_GENRansomware",
                    "ruleset_id": "00c3b8eb5d",
                    "match_in_subfile": true,
                    "source": "https://github.com/ditekshen/detection"
                },
                {
                    "description": "Detects executables containing URLs to raw contents of a Github gist",
                    "author": "ditekSHen",
                    "ruleset_name": "indicator_suspicious",
                    "rule_name": "INDICATOR_SUSPICIOUS_EXE_RawGitHub_URL",
                    "ruleset_id": "00c3b8eb5d",
                    "match_in_subfile": true,
                    "source": "https://github.com/ditekshen/detection"
                }
            ],
            "names": [
                "JGS5JaDN4",
                "dNgeE89O6",
                "virussign.com_efacfe855e74d597fb7f987a01ac2120.vir"
            ],
            "magika": "PEBIN",
            "filecondis": {
                "dhash": "f87c3c1cccad1000",
                "raw_md5": "3efde13cbd86c11264c15b2bfc1e50be"
            },
            "authentihash": "827ca3cbb94cf6d346366a547a69df4d77b2e8a48be120faaf474e1c2e2bfd87",
            "sha256": "989a9d2e08fcba4059ebc55afc049f34d2a12bfdd1e14f468ee8b5c27c9e7bda",
            "md5": "efacfe855e74d597fb7f987a01ac2120",
            "last_analysis_date": 1742536109,
            "dot_net_assembly": {
                "entry_point_rva": 69012,
                "metadata_header_rva": 37188,
                "assembly_name": "hNZNWCbwFSzJId",
                "resources_va": 5744,
                "assembly_flags": 1,
                "strongname_va": 0,
                "external_assemblies": {
                    "Microsoft.VisualBasic": {
                        "version": "10.0.0.0"
                    },
                    "mscorlib": {
                        "version": "4.0.0.0"
                    },
                    "System": {
                        "version": "4.0.0.0"
                    },
                    "System.Drawing": {
                        "version": "4.0.0.0"
                    },
                    "System.Windows.Forms": {
                        "version": "4.0.0.0"
                    },
                    "System.Core": {
                        "version": "4.0.0.0"
                    },
                    "System.Management": {
                        "version": "4.0.0.0"
                    }
                },
                "entry_point_token": 100663297,
                "tables_rows_map": "1a3a101b901e401e013e111300604100000000599f0010070000113050",
                "external_modules": [
                    "kernel32.dll",
                    "ntdll.dll",
                    "user32.dll",
                    "advapi32.dll",
                    "Shell32.dll"
                ],
                "streams": {
                    "#GUID": {
                        "chi2": 240.0,
                        "md5": "69cf028cfe5c2727eda09ba7bcd1218b",
                        "entropy": 4.0,
                        "size": 16
                    },
                    "#Blob": {
                        "chi2": 45479.82421875,
                        "md5": "2b96b301826203114878462effcb0f97",
                        "entropy": 5.17857551574707,
                        "size": 4308
                    },
                    "#US": {
                        "chi2": 11068.5673828125,
                        "md5": "18f0a5c85d79c1ea562a2aa1d1147026",
                        "entropy": 3.386708974838257,
                        "size": 168
                    },
                    "#~": {
                        "chi2": 496677.875,
                        "md5": "f95adfdcc6734cb5854c2f0927bddd75",
                        "entropy": 5.310516357421875,
                        "size": 15712
                    },
                    "#Strings": {
                        "chi2": 79726.734375,
                        "md5": "43de1340ea01a5fa8df8a66d7b5317f7",
                        "entropy": 5.709235191345215,
                        "size": 11512
                    }
                },
                "tables_present": 20,
                "assembly_flags_txt": "COMIMAGE_FLAGS_ILONLY",
                "clr_version": "v4.0.30319",
                "assembly_data": {
                    "majorversion": 0,
                    "minorversion": 0,
                    "hashalgid": 0,
                    "flags_text": "afPA_None",
                    "buildnumber": 0,
                    "flags": 0,
                    "revisionnumber": 0,
                    "name": "Client-0"
                },
                "tables_present_map": "b093c029d57",
                "manifest_resource": [
                    "{2e4c71cc-d4e5-42b9-8e7c-2cae59276729}"
                ],
                "clr_meta_version": "1.1",
                "tables_rows_map_log": "499aa796758566646475",
                "unmanaged_methods": {
                    "kernel32.dll": [
                        "GetModuleHandle",
                        "CheckRemoteDebuggerPresent",
                        "GetCurrentProcess",
                        "SetThreadExecutionState"
                    ],
                    "ntdll.dll": [
                        "RtlSetProcessIsCritical"
                    ],
                    "user32.dll": [
                        "SystemParametersInfo"
                    ],
                    "advapi32.dll": [
                        "GetKernelObjectSecurity",
                        "SetKernelObjectSecurity"
                    ],
                    "Shell32.dll": [
                        "SHEmptyRecycleBin"
                    ]
                },
                "type_definition_list": [
                    {
                        "namespace": "System",
                        "type_definitions": [
                            "Object",
                            "Enum",
                            "MulticastDelegate",
                            "Attribute",
                            "ValueType",
                            "DateTime",
                            "Func`2",
                            "ModuleHandle",
                            "String",
                            "Int32",
                            "Convert",
                            "Environment",
                            "IDisposable",
                            "Exception",
                            "BitConverter",
                            "Random",
                            "Array",
                            "RuntimeFieldHandle",
                            "StringSplitOptions",
                            "GC",
                            "IntPtr",
                            "Uri",
                            "Type",
                            "IAsyncResult",
                            "AsyncCallback",
                            "FlagsAttribute",
                            "AttributeUsageAttribute",
                            "AttributeTargets",
                            "Byte",
                            "ArgumentException",
                            "Double",
                            "UnauthorizedAccessException",
                            "RuntimeTypeHandle",
                            "Char",
                            "RuntimeMethodHandle",
                            "Delegate",
                            "FormatException",
                            "InvalidOperationException",
                            "ArgumentOutOfRangeException",
                            "Math",
                            "Int16"
                        ]
                    },
                    {
                        "namespace": "System.IO",
                        "type_definitions": [
                            "MemoryStream",
                            "Stream",
                            "TextReader",
                            "DriveInfo",
                            "Path",
                            "File",
                            "TextWriter",
                            "StreamReader",
                            "Directory",
                            "FileStream",
                            "FileMode",
                            "FileAccess",
                            "FileShare",
                            "StreamWriter",
                            "FileInfo",
                            "FileSystemInfo",
                            "DirectoryNotFoundException",
                            "PathTooLongException",
                            "FileNotFoundException"
                        ]
                    },
                    {
                        "namespace": "System.Collections.Generic",
                        "type_definitions": [
                            "List`1",
                            "Dictionary`2",
                            "Stack`1",
                            "IEnumerable`1"
                        ]
                    },
                    {
                        "namespace": "System.Collections.Specialized",
                        "type_definitions": [
                            "StringCollection"
                        ]
                    },
                    {
                        "namespace": "System.Threading",
                        "type_definitions": [
                            "Thread",
                            "ThreadPriority",
                            "WaitHandle",
                            "Monitor",
                            "ThreadStart",
                            "Mutex"
                        ]
                    },
                    {
                        "namespace": "System.Diagnostics",
                        "type_definitions": [
                            "ProcessStartInfo",
                            "Process",
                            "ProcessModule",
                            "ProcessWindowStyle"
                        ]
                    },
                    {
                        "namespace": "Microsoft.Win32",
                        "type_definitions": [
                            "RegistryKey",
                            "SystemEvents",
                            "SessionEndingEventHandler",
                            "SessionEndingEventArgs",
                            "Registry"
                        ]
                    },
                    {
                        "namespace": "System.Management",
                        "type_definitions": [
                            "ManagementObject",
                            "ManagementObjectCollection",
                            "ManagementObjectSearcher",
                            "ManagementClass",
                            "ManagementBaseObject",
                            "PropertyDataCollection",
                            "PropertyData"
                        ]
                    },
                    {
                        "namespace": "System.Security.Cryptography",
                        "type_definitions": [
                            "DeriveBytes",
                            "AsymmetricAlgorithm",
                            "RandomNumberGenerator",
                            "SymmetricAlgorithm",
                            "PaddingMode",
                            "CipherMode",
                            "ICryptoTransform",
                            "RSACryptoServiceProvider",
                            "Rfc2898DeriveBytes",
                            "RNGCryptoServiceProvider",
                            "RijndaelManaged",
                            "CryptoStream",
                            "CryptoStreamMode",
                            "AesManaged",
                            "Aes",
                            "DESCryptoServiceProvider"
                        ]
                    },
                    {
                        "namespace": "System.Reflection",
                        "type_definitions": [
                            "Assembly",
                            "AssemblyFileVersionAttribute",
                            "FieldInfo",
                            "BindingFlags",
                            "MemberInfo",
                            "MethodBase",
                            "MethodInfo",
                            "ParameterInfo",
                            "Module"
                        ]
                    },
                    {
                        "namespace": "Microsoft.VisualBasic.Devices",
                        "type_definitions": [
                            "ComputerInfo"
                        ]
                    },
                    {
                        "namespace": "uncategorized",
                        "type_definitions": [
                            "SpecialFolder",
                            "ManagementObjectEnumerator",
                            "Enumerator"
                        ]
                    },
                    {
                        "namespace": "System.Net",
                        "type_definitions": [
                            "WebRequest",
                            "WebClient",
                            "ICredentials",
                            "WebResponse",
                            "IPAddress",
                            "Dns",
                            "IPHostEntry",
                            "FtpWebRequest",
                            "NetworkCredential",
                            "FtpWebResponse"
                        ]
                    },
                    {
                        "namespace": "System.Windows.Forms",
                        "type_definitions": [
                            "MessageBox",
                            "DialogResult",
                            "MessageBoxButtons",
                            "MessageBoxIcon"
                        ]
                    },
                    {
                        "namespace": "System.Text",
                        "type_definitions": [
                            "Encoding",
                            "ASCIIEncoding"
                        ]
                    },
                    {
                        "namespace": "System.Runtime.CompilerServices",
                        "type_definitions": [
                            "RuntimeHelpers",
                            "RuntimeCompatibilityAttribute",
                            "CompilationRelaxationsAttribute",
                            "ExtensionAttribute",
                            "SuppressIldasmAttribute"
                        ]
                    },
                    {
                        "namespace": "System.Security.AccessControl",
                        "type_definitions": [
                            "GenericSecurityDescriptor",
                            "RawSecurityDescriptor",
                            "RawAcl",
                            "GenericAce",
                            "CommonAce",
                            "AceFlags",
                            "AceQualifier"
                        ]
                    },
                    {
                        "namespace": "System.Security.Principal",
                        "type_definitions": [
                            "WindowsIdentity",
                            "WindowsPrincipal",
                            "WindowsBuiltInRole",
                            "SecurityIdentifier",
                            "WellKnownSidType"
                        ]
                    },
                    {
                        "namespace": "System.Drawing",
                        "type_definitions": [
                            "Image"
                        ]
                    },
                    {
                        "namespace": "System.Drawing.Imaging",
                        "type_definitions": [
                            "ImageFormat"
                        ]
                    },
                    {
                        "namespace": "System.Text.RegularExpressions",
                        "type_definitions": [
                            "Regex"
                        ]
                    },
                    {
                        "namespace": "System.Net.Sockets",
                        "type_definitions": [
                            "UdpClient",
                            "AddressFamily"
                        ]
                    },
                    {
                        "namespace": "System.Linq",
                        "type_definitions": [
                            "Enumerable"
                        ]
                    },
                    {
                        "namespace": "System.ComponentModel",
                        "type_definitions": [
                            "Win32Exception"
                        ]
                    },
                    {
                        "namespace": "System.Net.NetworkInformation",
                        "type_definitions": [
                            "Ping",
                            "PingReply",
                            "IPStatus"
                        ]
                    },
                    {
                        "namespace": "System.Reflection.Emit",
                        "type_definitions": [
                            "DynamicMethod",
                            "ILGenerator",
                            "OpCodes",
                            "OpCode"
                        ]
                    }
                ],
                "unmanaged_method_list": [
                    {
                        "name": "kernel32.dll",
                        "methods": [
                            "GetModuleHandle",
                            "CheckRemoteDebuggerPresent",
                            "GetCurrentProcess",
                            "SetThreadExecutionState"
                        ]
                    },
                    {
                        "name": "ntdll.dll",
                        "methods": [
                            "RtlSetProcessIsCritical"
                        ]
                    },
                    {
                        "name": "user32.dll",
                        "methods": [
                            "SystemParametersInfo"
                        ]
                    },
                    {
                        "name": "advapi32.dll",
                        "methods": [
                            "GetKernelObjectSecurity",
                            "SetKernelObjectSecurity"
                        ]
                    },
                    {
                        "name": "Shell32.dll",
                        "methods": [
                            "SHEmptyRecycleBin"
                        ]
                    }
                ]
            },
            "tlsh": "T115631A59AED75F32CF8F82B820209308CE73B9D61462F72B3A5484EB3659BD550165F3",
            "detectiteasy": {
                "filetype": "PE32",
                "values": [
                    {
                        "type": "Protector",
                        "name": "Smart Assembly"
                    },
                    {
                        "type": "Compiler",
                        "name": "VB.NET"
                    },
                    {
                        "version": "v4.0.30319",
                        "type": "Library",
                        "name": ".NET"
                    },
                    {
                        "version": "8.0",
                        "type": "Linker",
                        "name": "Microsoft Linker"
                    }
                ]
            },
            "meaningful_name": "dNgeE89O6",
            "trid": [
                {
                    "file_type": "Generic CIL Executable (.NET, Mono, etc.)",
                    "probability": 67.7
                },
                {
                    "file_type": "Win64 Executable (generic)",
                    "probability": 9.7
                },
                {
                    "file_type": "Win32 Dynamic Link Library (generic)",
                    "probability": 6.0
                },
                {
                    "file_type": "Win16 NE executable (generic)",
                    "probability": 4.6
                },
                {
                    "file_type": "Win32 Executable (generic)",
                    "probability": 4.1
                }
            ],
            "sigma_analysis_stats": {
                "high": 2,
                "medium": 1,
                "critical": 0,
                "low": 3
            },
            "type_tag": "peexe",
            "vhash": "274036655511701c311610b7",
            "unique_sources": 2,
            "magic": "PE32 executable (GUI) Intel 80386 Mono/.Net assembly, for MS Windows",
            "signature_info": {
                "description": "Google Chrome",
                "file version": "4.5.0.0",
                "original name": "dNgeE89O6",
                "product": "1TagjP7MO",
                "internal name": "JGS5JaDN4",
                "copyright": "Copyright 2019 tRuAyJe8a"
            },
            "total_votes": {
                "harmless": 0,
                "malicious": 1
            },
            "sigma_analysis_results": [
                {
                    "match_context": [
                        {
                            "values": {
                                "TerminalSessionId": "1",
                                "ProcessGuid": "{C784477D-608F-6463-5C06-000000003400}",
                                "ProcessId": "3432",
                                "Product": "Microsoft\\xae Windows\\xae Operating System",
                                "Description": "Net Command",
                                "Company": "Microsoft Corporation",
                                "ParentProcessGuid": "{C784477D-6089-6463-5806-000000003400}",
                                "User": "DESKTOP-B0T93D6\\george",
                                "Hashes": "MD5=15534275EDAABC58159DD0F8607A71E5,SHA256=E9739D544EE0D428696036CBD656C41DCC505B67CC43DBA7C6BEC4E3959282AC,IMPHASH=EB2C2924EA23E1A5FB0E3F53F46CB709",
                                "OriginalFileName": "net.exe",
                                "ParentImage": "C:\\Users\\george\\Desktop\\executable.exe",
                                "FileVersion": "10.0.17134.1 (WinBuild.160101.0800)",
                                "ParentProcessId": "6528",
                                "CurrentDirectory": "C:\\Users\\george\\Desktop\\",
                                "CommandLine": "\"net.exe\" stop McAfeeDLPAgentService /y",
                                "EventID": "1",
                                "LogonGuid": "C784477D-C355-6461-95E2-030000000000",
                                "LogonId": "254613",
                                "Image": "C:\\Windows\\System32\\net.exe",
                                "IntegrityLevel": "High",
                                "ParentCommandLine": "\"C:\\Users\\george\\Desktop\\executable.exe\"",
                                "UtcTime": "1684234383",
                                "RuleName": "-"
                            }
                        },
                        {
                            "values": {
                                "TerminalSessionId": "1",
                                "ProcessGuid": "{C784477D-608F-6463-5E06-000000003400}",
                                "ProcessId": "2328",
                                "Product": "Microsoft\\xae Windows\\xae Operating System",
                                "Description": "Net Command",
                                "Company": "Microsoft Corporation",
                                "ParentProcessGuid": "{C784477D-608F-6463-5C06-000000003400}",
                                "User": "DESKTOP-B0T93D6\\george",
                                "Hashes": "MD5=AF569DE92AB6C1B9C681AF1E799F9983,SHA256=FFC30745BE3B6C2771FC4B2993CFF50B5226B271C412467E97B1DC1086DEA888,IMPHASH=5322AC1A3CFF9C8A2AE16A789E26231E",
                                "OriginalFileName": "net1.exe",
                                "ParentImage": "C:\\Windows\\System32\\net.exe",
                                "FileVersion": "10.0.17134.1 (WinBuild.160101.0800)",
                                "ParentProcessId": "3432",
                                "CurrentDirectory": "C:\\Users\\george\\Desktop\\",
                                "CommandLine": "C:\\Windows\\system32\\net1 stop McAfeeDLPAgentService /y",
                                "EventID": "1",
                                "LogonGuid": "C784477D-C355-6461-95E2-030000000000",
                                "LogonId": "254613",
                                "Image": "C:\\Windows\\System32\\net1.exe",
                                "IntegrityLevel": "High",
                                "ParentCommandLine": "\"net.exe\" stop McAfeeDLPAgentService /y",
                                "UtcTime": "1684234383",
                                "RuleName": "-"
                            }
                        },
                        {
                            "values": {
                                "TerminalSessionId": "1",
                                "ProcessGuid": "{C784477D-608F-6463-5F06-000000003400}",
                                "ProcessId": "8056",
                                "Product": "Microsoft\\xae Windows\\xae Operating System",
                                "Description": "Net Command",
                                "Company": "Microsoft Corporation",
                                "ParentProcessGuid": "{C784477D-6089-6463-5806-000000003400}",
                                "User": "DESKTOP-B0T93D6\\george",
                                "Hashes": "MD5=15534275EDAABC58159DD0F8607A71E5,SHA256=E9739D544EE0D428696036CBD656C41DCC505B67CC43DBA7C6BEC4E3959282AC,IMPHASH=EB2C2924EA23E1A5FB0E3F53F46CB709",
                                "OriginalFileName": "net.exe",
                                "ParentImage": "C:\\Users\\george\\Desktop\\executable.exe",
                                "FileVersion": "10.0.17134.1 (WinBuild.160101.0800)",
                                "ParentProcessId": "6528",
                                "CurrentDirectory": "C:\\Users\\george\\Desktop\\",
                                "CommandLine": "\"net.exe\" stop mfewc /y",
                                "EventID": "1",
                                "LogonGuid": "C784477D-C355-6461-95E2-030000000000",
                                "LogonId": "254613",
                                "Image": "C:\\Windows\\System32\\net.exe",
                                "IntegrityLevel": "High",
                                "ParentCommandLine": "\"C:\\Users\\george\\Desktop\\executable.exe\"",
                                "UtcTime": "1684234383",
                                "RuleName": "-"
                            }
                        },
                        {
                            "values": {
                                "TerminalSessionId": "1",
                                "ProcessGuid": "{C784477D-608F-6463-6106-000000003400}",
                                "ProcessId": "7740",
                                "Product": "Microsoft\\xae Windows\\xae Operating System",
                                "Description": "Net Command",
                                "Company": "Microsoft Corporation",
                                "ParentProcessGuid": "{C784477D-608F-6463-5F06-000000003400}",
                                "User": "DESKTOP-B0T93D6\\george",
                                "Hashes": "MD5=AF569DE92AB6C1B9C681AF1E799F9983,SHA256=FFC30745BE3B6C2771FC4B2993CFF50B5226B271C412467E97B1DC1086DEA888,IMPHASH=5322AC1A3CFF9C8A2AE16A789E26231E",
                                "OriginalFileName": "net1.exe",
                                "ParentImage": "C:\\Windows\\System32\\net.exe",
                                "FileVersion": "10.0.17134.1 (WinBuild.160101.0800)",
                                "ParentProcessId": "8056",
                                "CurrentDirectory": "C:\\Users\\george\\Desktop\\",
                                "CommandLine": "C:\\Windows\\system32\\net1 stop mfewc /y",
                                "EventID": "1",
                                "LogonGuid": "C784477D-C355-6461-95E2-030000000000",
                                "LogonId": "254613",
                                "Image": "C:\\Windows\\System32\\net1.exe",
                                "IntegrityLevel": "High",
                                "ParentCommandLine": "\"net.exe\" stop mfewc /y",
                                "UtcTime": "1684234383",
                                "RuleName": "-"
                            }
                        }
                    ],
                    "rule_level": "high",
                    "rule_description": "Detects the usage of binaries such as 'net', 'sc' or 'powershell' in order to stop, pause or delete critical or important Windows services such as AV, Backup, etc. As seen being used in some ransomware scripts",
                    "rule_source": "Sigma Integrated Rule Set (GitHub)",
                    "rule_title": "Suspicious Windows Service Tampering",
                    "rule_id": "941abf5111763a135c88b4f6437475eb4c99e8d4c3ebdb4b74e30321695b0fa7",
                    "rule_author": "Nasreddine Bencherchali (Nextron Systems), frack113"
                },
                {
                    "match_context": [
                        {
                            "values": {
                                "TerminalSessionId": "1",
                                "ProcessGuid": "{C784477D-6095-6463-7706-000000003400}",
                                "ProcessId": "6772",
                                "Product": "Microsoft\\xae Windows\\xae Operating System",
                                "Description": "Command Line Interface for Microsoft\\xae Volume Shadow Copy Service ",
                                "Company": "Microsoft Corporation",
                                "ParentProcessGuid": "{C784477D-6089-6463-5806-000000003400}",
                                "User": "DESKTOP-B0T93D6\\george",
                                "Hashes": "MD5=47D51216EF45075B5F7EAA117CC70E40,SHA256=C946C4EDA61355A1B8E134E7A184A15C9A358B9675B6172A83E4937AE9EF4B03,IMPHASH=C1EDC431CD345F0A0F32019895D13FCE",
                                "OriginalFileName": "VSSADMIN.EXE",
                                "ParentImage": "C:\\Users\\george\\Desktop\\executable.exe",
                                "FileVersion": "10.0.17134.1 (WinBuild.160101.0800)",
                                "ParentProcessId": "6528",
                                "CurrentDirectory": "C:\\Users\\george\\Desktop\\",
                                "CommandLine": "\"vssadmin.exe\" Delete Shadows /all /quiet",
                                "EventID": "1",
                                "LogonGuid": "C784477D-C355-6461-95E2-030000000000",
                                "LogonId": "254613",
                                "Image": "C:\\Windows\\System32\\vssadmin.exe",
                                "IntegrityLevel": "High",
                                "ParentCommandLine": "\"C:\\Users\\george\\Desktop\\executable.exe\"",
                                "UtcTime": "1684234389",
                                "RuleName": "-"
                            }
                        },
                        {
                            "values": {
                                "TerminalSessionId": "1",
                                "ProcessGuid": "{C784477D-6095-6463-7A06-000000003400}",
                                "ProcessId": "5808",
                                "Product": "Microsoft\\xae Windows\\xae Operating System",
                                "Description": "Command Line Interface for Microsoft\\xae Volume Shadow Copy Service ",
                                "Company": "Microsoft Corporation",
                                "ParentProcessGuid": "{C784477D-6089-6463-5806-000000003400}",
                                "User": "DESKTOP-B0T93D6\\george",
                                "Hashes": "MD5=47D51216EF45075B5F7EAA117CC70E40,SHA256=C946C4EDA61355A1B8E134E7A184A15C9A358B9675B6172A83E4937AE9EF4B03,IMPHASH=C1EDC431CD345F0A0F32019895D13FCE",
                                "OriginalFileName": "VSSADMIN.EXE",
                                "ParentImage": "C:\\Users\\george\\Desktop\\executable.exe",
                                "FileVersion": "10.0.17134.1 (WinBuild.160101.0800)",
                                "ParentProcessId": "6528",
                                "CurrentDirectory": "C:\\Users\\george\\Desktop\\",
                                "CommandLine": "\"vssadmin.exe\" resize shadowstorage /for=c: /on=c: /maxsize=401MB",
                                "EventID": "1",
                                "LogonGuid": "C784477D-C355-6461-95E2-030000000000",
                                "LogonId": "254613",
                                "Image": "C:\\Windows\\System32\\vssadmin.exe",
                                "IntegrityLevel": "High",
                                "ParentCommandLine": "\"C:\\Users\\george\\Desktop\\executable.exe\"",
                                "UtcTime": "1684234389",
                                "RuleName": "-"
                            }
                        },
                        {
                            "values": {
                                "TerminalSessionId": "1",
                                "ProcessGuid": "{C784477D-6096-6463-7E06-000000003400}",
                                "ProcessId": "3316",
                                "Product": "Microsoft\\xae Windows\\xae Operating System",
                                "Description": "Command Line Interface for Microsoft\\xae Volume Shadow Copy Service ",
                                "Company": "Microsoft Corporation",
                                "ParentProcessGuid": "{C784477D-6089-6463-5806-000000003400}",
                                "User": "DESKTOP-B0T93D6\\george",
                                "Hashes": "MD5=47D51216EF45075B5F7EAA117CC70E40,SHA256=C946C4EDA61355A1B8E134E7A184A15C9A358B9675B6172A83E4937AE9EF4B03,IMPHASH=C1EDC431CD345F0A0F32019895D13FCE",
                                "OriginalFileName": "VSSADMIN.EXE",
                                "ParentImage": "C:\\Users\\george\\Desktop\\executable.exe",
                                "FileVersion": "10.0.17134.1 (WinBuild.160101.0800)",
                                "ParentProcessId": "6528",
                                "CurrentDirectory": "C:\\Users\\george\\Desktop\\",
                                "CommandLine": "\"vssadmin.exe\" resize shadowstorage /for=c: /on=c: /maxsize=unbounded",
                                "EventID": "1",
                                "LogonGuid": "C784477D-C355-6461-95E2-030000000000",
                                "LogonId": "254613",
                                "Image": "C:\\Windows\\System32\\vssadmin.exe",
                                "IntegrityLevel": "High",
                                "ParentCommandLine": "\"C:\\Users\\george\\Desktop\\executable.exe\"",
                                "UtcTime": "1684234390",
                                "RuleName": "-"
                            }
                        },
                        {
                            "values": {
                                "TerminalSessionId": "1",
                                "ProcessGuid": "{C784477D-6096-6463-8006-000000003400}",
                                "ProcessId": "4292",
                                "Product": "Microsoft\\xae Windows\\xae Operating System",
                                "Description": "Command Line Interface for Microsoft\\xae Volume Shadow Copy Service ",
                                "Company": "Microsoft Corporation",
                                "ParentProcessGuid": "{C784477D-6089-6463-5806-000000003400}",
                                "User": "DESKTOP-B0T93D6\\george",
                                "Hashes": "MD5=47D51216EF45075B5F7EAA117CC70E40,SHA256=C946C4EDA61355A1B8E134E7A184A15C9A358B9675B6172A83E4937AE9EF4B03,IMPHASH=C1EDC431CD345F0A0F32019895D13FCE",
                                "OriginalFileName": "VSSADMIN.EXE",
                                "ParentImage": "C:\\Users\\george\\Desktop\\executable.exe",
                                "FileVersion": "10.0.17134.1 (WinBuild.160101.0800)",
                                "ParentProcessId": "6528",
                                "CurrentDirectory": "C:\\Users\\george\\Desktop\\",
                                "CommandLine": "\"vssadmin.exe\" resize shadowstorage /for=d: /on=d: /maxsize=401MB",
                                "EventID": "1",
                                "LogonGuid": "C784477D-C355-6461-95E2-030000000000",
                                "LogonId": "254613",
                                "Image": "C:\\Windows\\System32\\vssadmin.exe",
                                "IntegrityLevel": "High",
                                "ParentCommandLine": "\"C:\\Users\\george\\Desktop\\executable.exe\"",
                                "UtcTime": "1684234390",
                                "RuleName": "-"
                            }
                        },
                        {
                            "values": {
                                "TerminalSessionId": "1",
                                "ProcessGuid": "{C784477D-6097-6463-8206-000000003400}",
                                "ProcessId": "6660",
                                "Product": "Microsoft\\xae Windows\\xae Operating System",
                                "Description": "Command Line Interface for Microsoft\\xae Volume Shadow Copy Service ",
                                "Company": "Microsoft Corporation",
                                "ParentProcessGuid": "{C784477D-6089-6463-5806-000000003400}",
                                "User": "DESKTOP-B0T93D6\\george",
                                "Hashes": "MD5=47D51216EF45075B5F7EAA117CC70E40,SHA256=C946C4EDA61355A1B8E134E7A184A15C9A358B9675B6172A83E4937AE9EF4B03,IMPHASH=C1EDC431CD345F0A0F32019895D13FCE",
                                "OriginalFileName": "VSSADMIN.EXE",
                                "ParentImage": "C:\\Users\\george\\Desktop\\executable.exe",
                                "FileVersion": "10.0.17134.1 (WinBuild.160101.0800)",
                                "ParentProcessId": "6528",
                                "CurrentDirectory": "C:\\Users\\george\\Desktop\\",
                                "CommandLine": "\"vssadmin.exe\" resize shadowstorage /for=d: /on=d: /maxsize=unbounded",
                                "EventID": "1",
                                "LogonGuid": "C784477D-C355-6461-95E2-030000000000",
                                "LogonId": "254613",
                                "Image": "C:\\Windows\\System32\\vssadmin.exe",
                                "IntegrityLevel": "High",
                                "ParentCommandLine": "\"C:\\Users\\george\\Desktop\\executable.exe\"",
                                "UtcTime": "1684234391",
                                "RuleName": "-"
                            }
                        },
                        {
                            "values": {
                                "TerminalSessionId": "1",
                                "ProcessGuid": "{C784477D-6098-6463-8406-000000003400}",
                                "ProcessId": "7900",
                                "Product": "Microsoft\\xae Windows\\xae Operating System",
                                "Description": "Command Line Interface for Microsoft\\xae Volume Shadow Copy Service ",
                                "Company": "Microsoft Corporation",
                                "ParentProcessGuid": "{C784477D-6089-6463-5806-000000003400}",
                                "User": "DESKTOP-B0T93D6\\george",
                                "Hashes": "MD5=47D51216EF45075B5F7EAA117CC70E40,SHA256=C946C4EDA61355A1B8E134E7A184A15C9A358B9675B6172A83E4937AE9EF4B03,IMPHASH=C1EDC431CD345F0A0F32019895D13FCE",
                                "OriginalFileName": "VSSADMIN.EXE",
                                "ParentImage": "C:\\Users\\george\\Desktop\\executable.exe",
                                "FileVersion": "10.0.17134.1 (WinBuild.160101.0800)",
                                "ParentProcessId": "6528",
                                "CurrentDirectory": "C:\\Users\\george\\Desktop\\",
                                "CommandLine": "\"vssadmin.exe\" resize shadowstorage /for=e: /on=e: /maxsize=401MB",
                                "EventID": "1",
                                "LogonGuid": "C784477D-C355-6461-95E2-030000000000",
                                "LogonId": "254613",
                                "Image": "C:\\Windows\\System32\\vssadmin.exe",
                                "IntegrityLevel": "High",
                                "ParentCommandLine": "\"C:\\Users\\george\\Desktop\\executable.exe\"",
                                "UtcTime": "1684234392",
                                "RuleName": "-"
                            }
                        },
                        {
                            "values": {
                                "TerminalSessionId": "1",
                                "ProcessGuid": "{C784477D-6098-6463-8606-000000003400}",
                                "ProcessId": "8036",
                                "Product": "Microsoft\\xae Windows\\xae Operating System",
                                "Description": "Command Line Interface for Microsoft\\xae Volume Shadow Copy Service ",
                                "Company": "Microsoft Corporation",
                                "ParentProcessGuid": "{C784477D-6089-6463-5806-000000003400}",
                                "User": "DESKTOP-B0T93D6\\george",
                                "Hashes": "MD5=47D51216EF45075B5F7EAA117CC70E40,SHA256=C946C4EDA61355A1B8E134E7A184A15C9A358B9675B6172A83E4937AE9EF4B03,IMPHASH=C1EDC431CD345F0A0F32019895D13FCE",
                                "OriginalFileName": "VSSADMIN.EXE",
                                "ParentImage": "C:\\Users\\george\\Desktop\\executable.exe",
                                "FileVersion": "10.0.17134.1 (WinBuild.160101.0800)",
                                "ParentProcessId": "6528",
                                "CurrentDirectory": "C:\\Users\\george\\Desktop\\",
                                "CommandLine": "\"vssadmin.exe\" resize shadowstorage /for=e: /on=e: /maxsize=unbounded",
                                "EventID": "1",
                                "LogonGuid": "C784477D-C355-6461-95E2-030000000000",
                                "LogonId": "254613",
                                "Image": "C:\\Windows\\System32\\vssadmin.exe",
                                "IntegrityLevel": "High",
                                "ParentCommandLine": "\"C:\\Users\\george\\Desktop\\executable.exe\"",
                                "UtcTime": "1684234392",
                                "RuleName": "-"
                            }
                        },
