                        {
                            "values": {
                                "TerminalSessionId": "1",
                                "ProcessGuid": "{C784477D-6099-6463-8806-000000003400}",
                                "ProcessId": "5600",
                                "Product": "Microsoft\\xae Windows\\xae Operating System",
                                "Description": "Command Line Interface for Microsoft\\xae Volume Shadow Copy Service ",
                                "Company": "Microsoft Corporation",
                                "ParentProcessGuid": "{C784477D-6089-6463-5806-000000003400}",
                                "User": "DESKTOP-B0T93D6\\george",
                                "Hashes": "MD5=47D51216EF45075B5F7EAA117CC70E40,SHA256=C946C4EDA61355A1B8E134E7A184A15C9A358B9675B6172A83E4937AE9EF4B03,IMPHASH=C1EDC431CD345F0A0F32019895D13FCE",
                                "OriginalFileName": "VSSADMIN.EXE",
                                "ParentImage": "C:\\Users\\george\\Desktop\\executable.exe",
                                "FileVersion": "10.0.17134.1 (WinBuild.160101.0800)",
                                "ParentProcessId": "6528",
                                "CurrentDirectory": "C:\\Users\\george\\Desktop\\",
                                "CommandLine": "\"vssadmin.exe\" resize shadowstorage /for=f: /on=f: /maxsize=401MB",
                                "EventID": "1",
                                "LogonGuid": "C784477D-C355-6461-95E2-030000000000",
                                "LogonId": "254613",
                                "Image": "C:\\Windows\\System32\\vssadmin.exe",
                                "IntegrityLevel": "High",
                                "ParentCommandLine": "\"C:\\Users\\george\\Desktop\\executable.exe\"",
                                "UtcTime": "1684234393",
                                "RuleName": "-"
                            }
                        },
                        {
                            "values": {
                                "TerminalSessionId": "1",
                                "ProcessGuid": "{C784477D-6099-6463-8A06-000000003400}",
                                "ProcessId": "3836",
                                "Product": "Microsoft\\xae Windows\\xae Operating System",
                                "Description": "Command Line Interface for Microsoft\\xae Volume Shadow Copy Service ",
                                "Company": "Microsoft Corporation",
                                "ParentProcessGuid": "{C784477D-6089-6463-5806-000000003400}",
                                "User": "DESKTOP-B0T93D6\\george",
                                "Hashes": "MD5=47D51216EF45075B5F7EAA117CC70E40,SHA256=C946C4EDA61355A1B8E134E7A184A15C9A358B9675B6172A83E4937AE9EF4B03,IMPHASH=C1EDC431CD345F0A0F32019895D13FCE",
                                "OriginalFileName": "VSSADMIN.EXE",
                                "ParentImage": "C:\\Users\\george\\Desktop\\executable.exe",
                                "FileVersion": "10.0.17134.1 (WinBuild.160101.0800)",
                                "ParentProcessId": "6528",
                                "CurrentDirectory": "C:\\Users\\george\\Desktop\\",
                                "CommandLine": "\"vssadmin.exe\" resize shadowstorage /for=f: /on=f: /maxsize=unbounded",
                                "EventID": "1",
                                "LogonGuid": "C784477D-C355-6461-95E2-030000000000",
                                "LogonId": "254613",
                                "Image": "C:\\Windows\\System32\\vssadmin.exe",
                                "IntegrityLevel": "High",
                                "ParentCommandLine": "\"C:\\Users\\george\\Desktop\\executable.exe\"",
                                "UtcTime": "1684234393",
                                "RuleName": "-"
                            }
                        },
                        {
                            "values": {
                                "TerminalSessionId": "1",
                                "ProcessGuid": "{C784477D-609A-6463-8D06-000000003400}",
                                "ProcessId": "8168",
                                "Product": "Microsoft\\xae Windows\\xae Operating System",
                                "Description": "Command Line Interface for Microsoft\\xae Volume Shadow Copy Service ",
                                "Company": "Microsoft Corporation",
                                "ParentProcessGuid": "{C784477D-6089-6463-5806-000000003400}",
                                "User": "DESKTOP-B0T93D6\\george",
                                "Hashes": "MD5=47D51216EF45075B5F7EAA117CC70E40,SHA256=C946C4EDA61355A1B8E134E7A184A15C9A358B9675B6172A83E4937AE9EF4B03,IMPHASH=C1EDC431CD345F0A0F32019895D13FCE",
                                "OriginalFileName": "VSSADMIN.EXE",
                                "ParentImage": "C:\\Users\\george\\Desktop\\executable.exe",
                                "FileVersion": "10.0.17134.1 (WinBuild.160101.0800)",
                                "ParentProcessId": "6528",
                                "CurrentDirectory": "C:\\Users\\george\\Desktop\\",
                                "CommandLine": "\"vssadmin.exe\" resize shadowstorage /for=g: /on=g: /maxsize=401MB",
                                "EventID": "1",
                                "LogonGuid": "C784477D-C355-6461-95E2-030000000000",
                                "LogonId": "254613",
                                "Image": "C:\\Windows\\System32\\vssadmin.exe",
                                "IntegrityLevel": "High",
                                "ParentCommandLine": "\"C:\\Users\\george\\Desktop\\executable.exe\"",
                                "UtcTime": "1684234394",
                                "RuleName": "-"
                            }
                        },
                        {
                            "values": {
                                "TerminalSessionId": "1",
                                "ProcessGuid": "{C784477D-609A-6463-8F06-000000003400}",
                                "ProcessId": "2328",
                                "Product": "Microsoft\\xae Windows\\xae Operating System",
                                "Description": "Command Line Interface for Microsoft\\xae Volume Shadow Copy Service ",
                                "Company": "Microsoft Corporation",
                                "ParentProcessGuid": "{C784477D-6089-6463-5806-000000003400}",
                                "User": "DESKTOP-B0T93D6\\george",
                                "Hashes": "MD5=47D51216EF45075B5F7EAA117CC70E40,SHA256=C946C4EDA61355A1B8E134E7A184A15C9A358B9675B6172A83E4937AE9EF4B03,IMPHASH=C1EDC431CD345F0A0F32019895D13FCE",
                                "OriginalFileName": "VSSADMIN.EXE",
                                "ParentImage": "C:\\Users\\george\\Desktop\\executable.exe",
                                "FileVersion": "10.0.17134.1 (WinBuild.160101.0800)",
                                "ParentProcessId": "6528",
                                "CurrentDirectory": "C:\\Users\\george\\Desktop\\",
                                "CommandLine": "\"vssadmin.exe\" resize shadowstorage /for=g: /on=g: /maxsize=unbounded",
                                "EventID": "1",
                                "LogonGuid": "C784477D-C355-6461-95E2-030000000000",
                                "LogonId": "254613",
                                "Image": "C:\\Windows\\System32\\vssadmin.exe",
                                "IntegrityLevel": "High",
                                "ParentCommandLine": "\"C:\\Users\\george\\Desktop\\executable.exe\"",
                                "UtcTime": "1684234394",
                                "RuleName": "-"
                            }
                        },
                        {
                            "values": {
                                "TerminalSessionId": "1",
                                "ProcessGuid": "{C784477D-609B-6463-9206-000000003400}",
                                "ProcessId": "7512",
                                "Product": "Microsoft\\xae Windows\\xae Operating System",
                                "Description": "Command Line Interface for Microsoft\\xae Volume Shadow Copy Service ",
                                "Company": "Microsoft Corporation",
                                "ParentProcessGuid": "{C784477D-6089-6463-5806-000000003400}",
                                "User": "DESKTOP-B0T93D6\\george",
                                "Hashes": "MD5=47D51216EF45075B5F7EAA117CC70E40,SHA256=C946C4EDA61355A1B8E134E7A184A15C9A358B9675B6172A83E4937AE9EF4B03,IMPHASH=C1EDC431CD345F0A0F32019895D13FCE",
                                "OriginalFileName": "VSSADMIN.EXE",
                                "ParentImage": "C:\\Users\\george\\Desktop\\executable.exe",
                                "FileVersion": "10.0.17134.1 (WinBuild.160101.0800)",
                                "ParentProcessId": "6528",
                                "CurrentDirectory": "C:\\Users\\george\\Desktop\\",
                                "CommandLine": "\"vssadmin.exe\" resize shadowstorage /for=h: /on=h: /maxsize=401MB",
                                "EventID": "1",
                                "LogonGuid": "C784477D-C355-6461-95E2-030000000000",
                                "LogonId": "254613",
                                "Image": "C:\\Windows\\System32\\vssadmin.exe",
                                "IntegrityLevel": "High",
                                "ParentCommandLine": "\"C:\\Users\\george\\Desktop\\executable.exe\"",
                                "UtcTime": "1684234395",
                                "RuleName": "-"
                            }
                        },
                        {
                            "values": {
                                "TerminalSessionId": "1",
                                "ProcessGuid": "{C784477D-609B-6463-9406-000000003400}",
                                "ProcessId": "7436",
                                "Product": "Microsoft\\xae Windows\\xae Operating System",
                                "Description": "Command Line Interface for Microsoft\\xae Volume Shadow Copy Service ",
                                "Company": "Microsoft Corporation",
                                "ParentProcessGuid": "{C784477D-6089-6463-5806-000000003400}",
                                "User": "DESKTOP-B0T93D6\\george",
                                "Hashes": "MD5=47D51216EF45075B5F7EAA117CC70E40,SHA256=C946C4EDA61355A1B8E134E7A184A15C9A358B9675B6172A83E4937AE9EF4B03,IMPHASH=C1EDC431CD345F0A0F32019895D13FCE",
                                "OriginalFileName": "VSSADMIN.EXE",
                                "ParentImage": "C:\\Users\\george\\Desktop\\executable.exe",
                                "FileVersion": "10.0.17134.1 (WinBuild.160101.0800)",
                                "ParentProcessId": "6528",
                                "CurrentDirectory": "C:\\Users\\george\\Desktop\\",
                                "CommandLine": "\"vssadmin.exe\" resize shadowstorage /for=h: /on=h: /maxsize=unbounded",
                                "EventID": "1",
                                "LogonGuid": "C784477D-C355-6461-95E2-030000000000",
                                "LogonId": "254613",
                                "Image": "C:\\Windows\\System32\\vssadmin.exe",
                                "IntegrityLevel": "High",
                                "ParentCommandLine": "\"C:\\Users\\george\\Desktop\\executable.exe\"",
                                "UtcTime": "1684234395",
                                "RuleName": "-"
                            }
                        },
                        {
                            "values": {
                                "TerminalSessionId": "1",
                                "ProcessGuid": "{C784477D-609C-6463-9606-000000003400}",
                                "ProcessId": "8088",
                                "Product": "Microsoft\\xae Windows\\xae Operating System",
                                "Description": "Command Line Interface for Microsoft\\xae Volume Shadow Copy Service ",
                                "Company": "Microsoft Corporation",
                                "ParentProcessGuid": "{C784477D-6089-6463-5806-000000003400}",
                                "User": "DESKTOP-B0T93D6\\george",
                                "Hashes": "MD5=47D51216EF45075B5F7EAA117CC70E40,SHA256=C946C4EDA61355A1B8E134E7A184A15C9A358B9675B6172A83E4937AE9EF4B03,IMPHASH=C1EDC431CD345F0A0F32019895D13FCE",
                                "OriginalFileName": "VSSADMIN.EXE",
                                "ParentImage": "C:\\Users\\george\\Desktop\\executable.exe",
                                "FileVersion": "10.0.17134.1 (WinBuild.160101.0800)",
                                "ParentProcessId": "6528",
                                "CurrentDirectory": "C:\\Users\\george\\Desktop\\",
                                "CommandLine": "\"vssadmin.exe\" Delete Shadows /all /quiet",
                                "EventID": "1",
                                "LogonGuid": "C784477D-C355-6461-95E2-030000000000",
                                "LogonId": "254613",
                                "Image": "C:\\Windows\\System32\\vssadmin.exe",
                                "IntegrityLevel": "High",
                                "ParentCommandLine": "\"C:\\Users\\george\\Desktop\\executable.exe\"",
                                "UtcTime": "1684234396",
                                "RuleName": "-"
                            }
                        }
                    ],
                    "rule_level": "high",
                    "rule_description": "Shadow Copies deletion using operating systems utilities",
                    "rule_source": "Sigma Integrated Rule Set (GitHub)",
                    "rule_title": "Shadow Copies Deletion Using Operating Systems Utilities",
                    "rule_id": "ad5e4d4b939797a70a9aa742d979a4742c2cfedddd663fb1a43b2795c1e6054b",
                    "rule_author": "Florian Roth (Nextron Systems), Michael Haag, Teymur Kheirkhabarov, Daniil Yugoslavskiy, oscd.community, Andreas Hunkeler (@Karneades)"
                },
                {
                    "match_context": [
                        {
                            "values": {
                                "TerminalSessionId": "1",
                                "ProcessGuid": "{C784477D-6091-6463-6806-000000003400}",
                                "ProcessId": "3580",
                                "Product": "Microsoft\\xae Windows\\xae Operating System",
                                "Description": "Service Control Manager Configuration Tool",
                                "Company": "Microsoft Corporation",
                                "ParentProcessGuid": "{C784477D-6089-6463-5806-000000003400}",
                                "User": "DESKTOP-B0T93D6\\george",
                                "Hashes": "MD5=D79784553A9410D15E04766AAAB77CD6,SHA256=AEB241959F4A7B7C29F45D27FD65C5326F9592D25BADD1A7659DE0DA351BF96E,IMPHASH=7D296975925315BE8D57D0C67B133359",
                                "OriginalFileName": "sc.exe",
                                "ParentImage": "C:\\Users\\george\\Desktop\\executable.exe",
                                "FileVersion": "10.0.17134.1 (WinBuild.160101.0800)",
                                "ParentProcessId": "6528",
                                "CurrentDirectory": "C:\\Users\\george\\Desktop\\",
                                "CommandLine": "\"sc.exe\" config SQLTELEMETRY start= disabled",
                                "EventID": "1",
                                "LogonGuid": "C784477D-C355-6461-95E2-030000000000",
                                "LogonId": "254613",
                                "Image": "C:\\Windows\\System32\\sc.exe",
                                "IntegrityLevel": "High",
                                "ParentCommandLine": "\"C:\\Users\\george\\Desktop\\executable.exe\"",
                                "UtcTime": "1684234385",
                                "RuleName": "-"
                            }
                        },
                        {
                            "values": {
                                "TerminalSessionId": "1",
                                "ProcessGuid": "{C784477D-6091-6463-6A06-000000003400}",
                                "ProcessId": "1356",
                                "Product": "Microsoft\\xae Windows\\xae Operating System",
                                "Description": "Service Control Manager Configuration Tool",
                                "Company": "Microsoft Corporation",
                                "ParentProcessGuid": "{C784477D-6089-6463-5806-000000003400}",
                                "User": "DESKTOP-B0T93D6\\george",
                                "Hashes": "MD5=D79784553A9410D15E04766AAAB77CD6,SHA256=AEB241959F4A7B7C29F45D27FD65C5326F9592D25BADD1A7659DE0DA351BF96E,IMPHASH=7D296975925315BE8D57D0C67B133359",
                                "OriginalFileName": "sc.exe",
                                "ParentImage": "C:\\Users\\george\\Desktop\\executable.exe",
                                "FileVersion": "10.0.17134.1 (WinBuild.160101.0800)",
                                "ParentProcessId": "6528",
                                "CurrentDirectory": "C:\\Users\\george\\Desktop\\",
                                "CommandLine": "\"sc.exe\" config SQLTELEMETRY$ECWDB2 start= disabled",
                                "EventID": "1",
                                "LogonGuid": "C784477D-C355-6461-95E2-030000000000",
                                "LogonId": "254613",
                                "Image": "C:\\Windows\\System32\\sc.exe",
                                "IntegrityLevel": "High",
                                "ParentCommandLine": "\"C:\\Users\\george\\Desktop\\executable.exe\"",
                                "UtcTime": "1684234385",
                                "RuleName": "-"
                            }
                        },
                        {
                            "values": {
                                "TerminalSessionId": "1",
                                "ProcessGuid": "{C784477D-6091-6463-6C06-000000003400}",
                                "ProcessId": "8076",
                                "Product": "Microsoft\\xae Windows\\xae Operating System",
                                "Description": "Service Control Manager Configuration Tool",
                                "Company": "Microsoft Corporation",
                                "ParentProcessGuid": "{C784477D-6089-6463-5806-000000003400}",
                                "User": "DESKTOP-B0T93D6\\george",
                                "Hashes": "MD5=D79784553A9410D15E04766AAAB77CD6,SHA256=AEB241959F4A7B7C29F45D27FD65C5326F9592D25BADD1A7659DE0DA351BF96E,IMPHASH=7D296975925315BE8D57D0C67B133359",
                                "OriginalFileName": "sc.exe",
                                "ParentImage": "C:\\Users\\george\\Desktop\\executable.exe",
                                "FileVersion": "10.0.17134.1 (WinBuild.160101.0800)",
                                "ParentProcessId": "6528",
                                "CurrentDirectory": "C:\\Users\\george\\Desktop\\",
                                "CommandLine": "\"sc.exe\" config SQLWriter start= disabled",
                                "EventID": "1",
                                "LogonGuid": "C784477D-C355-6461-95E2-030000000000",
                                "LogonId": "254613",
                                "Image": "C:\\Windows\\System32\\sc.exe",
                                "IntegrityLevel": "High",
                                "ParentCommandLine": "\"C:\\Users\\george\\Desktop\\executable.exe\"",
                                "UtcTime": "1684234385",
                                "RuleName": "-"
                            }
                        },
                        {
                            "values": {
                                "TerminalSessionId": "1",
                                "ProcessGuid": "{C784477D-6092-6463-6E06-000000003400}",
                                "ProcessId": "6380",
                                "Product": "Microsoft\\xae Windows\\xae Operating System",
                                "Description": "Service Control Manager Configuration Tool",
                                "Company": "Microsoft Corporation",
                                "ParentProcessGuid": "{C784477D-6089-6463-5806-000000003400}",
                                "User": "DESKTOP-B0T93D6\\george",
                                "Hashes": "MD5=D79784553A9410D15E04766AAAB77CD6,SHA256=AEB241959F4A7B7C29F45D27FD65C5326F9592D25BADD1A7659DE0DA351BF96E,IMPHASH=7D296975925315BE8D57D0C67B133359",
                                "OriginalFileName": "sc.exe",
                                "ParentImage": "C:\\Users\\george\\Desktop\\executable.exe",
                                "FileVersion": "10.0.17134.1 (WinBuild.160101.0800)",
                                "ParentProcessId": "6528",
                                "CurrentDirectory": "C:\\Users\\george\\Desktop\\",
                                "CommandLine": "\"sc.exe\" config SstpSvc start= disabled",
                                "EventID": "1",
                                "LogonGuid": "C784477D-C355-6461-95E2-030000000000",
                                "LogonId": "254613",
                                "Image": "C:\\Windows\\System32\\sc.exe",
                                "IntegrityLevel": "High",
                                "ParentCommandLine": "\"C:\\Users\\george\\Desktop\\executable.exe\"",
                                "UtcTime": "1684234386",
                                "RuleName": "-"
                            }
                        }
                    ],
                    "rule_level": "medium",
                    "rule_description": "Detect the use of \"sc.exe\" to change the startup type of a service to \"disabled\" or \"demand\"",
                    "rule_source": "Sigma Integrated Rule Set (GitHub)",
                    "rule_title": "Service StartupType Change Via Sc.EXE",
                    "rule_id": "b55af83c751d2c7bca8dbba245a97017e34109bff34fd50b02f60a91111ea703",
                    "rule_author": "Nasreddine Bencherchali (Nextron Systems)"
                },
                {
                    "match_context": [
                        {
                            "values": {
                                "TerminalSessionId": "1",
                                "ProcessGuid": "{C784477D-608E-6463-5906-000000003400}",
                                "ProcessId": "7464",
                                "Product": "Microsoft\\xae Windows\\xae Operating System",
                                "Description": "Net Command",
                                "Company": "Microsoft Corporation",
                                "ParentProcessGuid": "{C784477D-6089-6463-5806-000000003400}",
                                "User": "DESKTOP-B0T93D6\\george",
                                "Hashes": "MD5=15534275EDAABC58159DD0F8607A71E5,SHA256=E9739D544EE0D428696036CBD656C41DCC505B67CC43DBA7C6BEC4E3959282AC,IMPHASH=EB2C2924EA23E1A5FB0E3F53F46CB709",
                                "OriginalFileName": "net.exe",
                                "ParentImage": "C:\\Users\\george\\Desktop\\executable.exe",
                                "FileVersion": "10.0.17134.1 (WinBuild.160101.0800)",
                                "ParentProcessId": "6528",
                                "CurrentDirectory": "C:\\Users\\george\\Desktop\\",
                                "CommandLine": "\"net.exe\" stop avpsus /y",
                                "EventID": "1",
                                "LogonGuid": "C784477D-C355-6461-95E2-030000000000",
                                "LogonId": "254613",
                                "Image": "C:\\Windows\\System32\\net.exe",
                                "IntegrityLevel": "High",
                                "ParentCommandLine": "\"C:\\Users\\george\\Desktop\\executable.exe\"",
                                "UtcTime": "1684234382",
                                "RuleName": "-"
                            }
                        },
                        {
                            "values": {
                                "TerminalSessionId": "1",
                                "ProcessGuid": "{C784477D-608E-6463-5B06-000000003400}",
                                "ProcessId": "1340",
                                "Product": "Microsoft\\xae Windows\\xae Operating System",
                                "Description": "Net Command",
                                "Company": "Microsoft Corporation",
                                "ParentProcessGuid": "{C784477D-608E-6463-5906-000000003400}",
                                "User": "DESKTOP-B0T93D6\\george",
                                "Hashes": "MD5=AF569DE92AB6C1B9C681AF1E799F9983,SHA256=FFC30745BE3B6C2771FC4B2993CFF50B5226B271C412467E97B1DC1086DEA888,IMPHASH=5322AC1A3CFF9C8A2AE16A789E26231E",
                                "OriginalFileName": "net1.exe",
                                "ParentImage": "C:\\Windows\\System32\\net.exe",
                                "FileVersion": "10.0.17134.1 (WinBuild.160101.0800)",
                                "ParentProcessId": "7464",
                                "CurrentDirectory": "C:\\Users\\george\\Desktop\\",
                                "CommandLine": "C:\\Windows\\system32\\net1 stop avpsus /y",
                                "EventID": "1",
                                "LogonGuid": "C784477D-C355-6461-95E2-030000000000",
                                "LogonId": "254613",
                                "Image": "C:\\Windows\\System32\\net1.exe",
                                "IntegrityLevel": "High",
                                "ParentCommandLine": "\"net.exe\" stop avpsus /y",
                                "UtcTime": "1684234382",
                                "RuleName": "-"
                            }
                        },
                        {
                            "values": {
                                "TerminalSessionId": "1",
                                "ProcessGuid": "{C784477D-608F-6463-5C06-000000003400}",
                                "ProcessId": "3432",
                                "Product": "Microsoft\\xae Windows\\xae Operating System",
                                "Description": "Net Command",
                                "Company": "Microsoft Corporation",
                                "ParentProcessGuid": "{C784477D-6089-6463-5806-000000003400}",
                                "User": "DESKTOP-B0T93D6\\george",
                                "Hashes": "MD5=15534275EDAABC58159DD0F8607A71E5,SHA256=E9739D544EE0D428696036CBD656C41DCC505B67CC43DBA7C6BEC4E3959282AC,IMPHASH=EB2C2924EA23E1A5FB0E3F53F46CB709",
                                "OriginalFileName": "net.exe",
                                "ParentImage": "C:\\Users\\george\\Desktop\\executable.exe",
                                "FileVersion": "10.0.17134.1 (WinBuild.160101.0800)",
                                "ParentProcessId": "6528",
                                "CurrentDirectory": "C:\\Users\\george\\Desktop\\",
                                "CommandLine": "\"net.exe\" stop McAfeeDLPAgentService /y",
                                "EventID": "1",
                                "LogonGuid": "C784477D-C355-6461-95E2-030000000000",
                                "LogonId": "254613",
                                "Image": "C:\\Windows\\System32\\net.exe",
                                "IntegrityLevel": "High",
                                "ParentCommandLine": "\"C:\\Users\\george\\Desktop\\executable.exe\"",
                                "UtcTime": "1684234383",
                                "RuleName": "-"
                            }
                        },
                        {
                            "values": {
                                "TerminalSessionId": "1",
                                "ProcessGuid": "{C784477D-608F-6463-5E06-000000003400}",
                                "ProcessId": "2328",
                                "Product": "Microsoft\\xae Windows\\xae Operating System",
                                "Description": "Net Command",
                                "Company": "Microsoft Corporation",
                                "ParentProcessGuid": "{C784477D-608F-6463-5C06-000000003400}",
                                "User": "DESKTOP-B0T93D6\\george",
                                "Hashes": "MD5=AF569DE92AB6C1B9C681AF1E799F9983,SHA256=FFC30745BE3B6C2771FC4B2993CFF50B5226B271C412467E97B1DC1086DEA888,IMPHASH=5322AC1A3CFF9C8A2AE16A789E26231E",
                                "OriginalFileName": "net1.exe",
                                "ParentImage": "C:\\Windows\\System32\\net.exe",
                                "FileVersion": "10.0.17134.1 (WinBuild.160101.0800)",
                                "ParentProcessId": "3432",
                                "CurrentDirectory": "C:\\Users\\george\\Desktop\\",
                                "CommandLine": "C:\\Windows\\system32\\net1 stop McAfeeDLPAgentService /y",
                                "EventID": "1",
                                "LogonGuid": "C784477D-C355-6461-95E2-030000000000",
                                "LogonId": "254613",
                                "Image": "C:\\Windows\\System32\\net1.exe",
                                "IntegrityLevel": "High",
                                "ParentCommandLine": "\"net.exe\" stop McAfeeDLPAgentService /y",
                                "UtcTime": "1684234383",
                                "RuleName": "-"
                            }
                        },
                        {
                            "values": {
                                "TerminalSessionId": "1",
                                "ProcessGuid": "{C784477D-608F-6463-5F06-000000003400}",
                                "ProcessId": "8056",
                                "Product": "Microsoft\\xae Windows\\xae Operating System",
                                "Description": "Net Command",
                                "Company": "Microsoft Corporation",
                                "ParentProcessGuid": "{C784477D-6089-6463-5806-000000003400}",
                                "User": "DESKTOP-B0T93D6\\george",
                                "Hashes": "MD5=15534275EDAABC58159DD0F8607A71E5,SHA256=E9739D544EE0D428696036CBD656C41DCC505B67CC43DBA7C6BEC4E3959282AC,IMPHASH=EB2C2924EA23E1A5FB0E3F53F46CB709",
                                "OriginalFileName": "net.exe",
                                "ParentImage": "C:\\Users\\george\\Desktop\\executable.exe",
                                "FileVersion": "10.0.17134.1 (WinBuild.160101.0800)",
                                "ParentProcessId": "6528",
                                "CurrentDirectory": "C:\\Users\\george\\Desktop\\",
                                "CommandLine": "\"net.exe\" stop mfewc /y",
                                "EventID": "1",
                                "LogonGuid": "C784477D-C355-6461-95E2-030000000000",
                                "LogonId": "254613",
                                "Image": "C:\\Windows\\System32\\net.exe",
                                "IntegrityLevel": "High",
                                "ParentCommandLine": "\"C:\\Users\\george\\Desktop\\executable.exe\"",
                                "UtcTime": "1684234383",
                                "RuleName": "-"
                            }
                        },
                        {
                            "values": {
                                "TerminalSessionId": "1",
                                "ProcessGuid": "{C784477D-608F-6463-6106-000000003400}",
                                "ProcessId": "7740",
                                "Product": "Microsoft\\xae Windows\\xae Operating System",
                                "Description": "Net Command",
                                "Company": "Microsoft Corporation",
                                "ParentProcessGuid": "{C784477D-608F-6463-5F06-000000003400}",
                                "User": "DESKTOP-B0T93D6\\george",
                                "Hashes": "MD5=AF569DE92AB6C1B9C681AF1E799F9983,SHA256=FFC30745BE3B6C2771FC4B2993CFF50B5226B271C412467E97B1DC1086DEA888,IMPHASH=5322AC1A3CFF9C8A2AE16A789E26231E",
                                "OriginalFileName": "net1.exe",
                                "ParentImage": "C:\\Windows\\System32\\net.exe",
                                "FileVersion": "10.0.17134.1 (WinBuild.160101.0800)",
                                "ParentProcessId": "8056",
                                "CurrentDirectory": "C:\\Users\\george\\Desktop\\",
                                "CommandLine": "C:\\Windows\\system32\\net1 stop mfewc /y",
                                "EventID": "1",
                                "LogonGuid": "C784477D-C355-6461-95E2-030000000000",
                                "LogonId": "254613",
                                "Image": "C:\\Windows\\System32\\net1.exe",
                                "IntegrityLevel": "High",
                                "ParentCommandLine": "\"net.exe\" stop mfewc /y",
                                "UtcTime": "1684234383",
                                "RuleName": "-"
                            }
                        },
                        {
                            "values": {
                                "TerminalSessionId": "1",
                                "ProcessGuid": "{C784477D-6090-6463-6206-000000003400}",
                                "ProcessId": "3512",
                                "Product": "Microsoft\\xae Windows\\xae Operating System",
                                "Description": "Net Command",
                                "Company": "Microsoft Corporation",
                                "ParentProcessGuid": "{C784477D-6089-6463-5806-000000003400}",
                                "User": "DESKTOP-B0T93D6\\george",
                                "Hashes": "MD5=15534275EDAABC58159DD0F8607A71E5,SHA256=E9739D544EE0D428696036CBD656C41DCC505B67CC43DBA7C6BEC4E3959282AC,IMPHASH=EB2C2924EA23E1A5FB0E3F53F46CB709",
                                "OriginalFileName": "net.exe",
                                "ParentImage": "C:\\Users\\george\\Desktop\\executable.exe",
                                "FileVersion": "10.0.17134.1 (WinBuild.160101.0800)",
                                "ParentProcessId": "6528",
                                "CurrentDirectory": "C:\\Users\\george\\Desktop\\",
                                "CommandLine": "\"net.exe\" stop BMR Boot Service /y",
                                "EventID": "1",
                                "LogonGuid": "C784477D-C355-6461-95E2-030000000000",
                                "LogonId": "254613",
                                "Image": "C:\\Windows\\System32\\net.exe",
                                "IntegrityLevel": "High",
                                "ParentCommandLine": "\"C:\\Users\\george\\Desktop\\executable.exe\"",
                                "UtcTime": "1684234384",
                                "RuleName": "-"
                            }
                        },
                        {
                            "values": {
                                "TerminalSessionId": "1",
                                "ProcessGuid": "{C784477D-6090-6463-6406-000000003400}",
                                "ProcessId": "6468",
                                "Product": "Microsoft\\xae Windows\\xae Operating System",
                                "Description": "Net Command",
                                "Company": "Microsoft Corporation",
                                "ParentProcessGuid": "{C784477D-6090-6463-6206-000000003400}",
                                "User": "DESKTOP-B0T93D6\\george",
                                "Hashes": "MD5=AF569DE92AB6C1B9C681AF1E799F9983,SHA256=FFC30745BE3B6C2771FC4B2993CFF50B5226B271C412467E97B1DC1086DEA888,IMPHASH=5322AC1A3CFF9C8A2AE16A789E26231E",
                                "OriginalFileName": "net1.exe",
                                "ParentImage": "C:\\Windows\\System32\\net.exe",
                                "FileVersion": "10.0.17134.1 (WinBuild.160101.0800)",
                                "ParentProcessId": "3512",
                                "CurrentDirectory": "C:\\Users\\george\\Desktop\\",
                                "CommandLine": "C:\\Windows\\system32\\net1 stop BMR Boot Service /y",
                                "EventID": "1",
                                "LogonGuid": "C784477D-C355-6461-95E2-030000000000",
                                "LogonId": "254613",
                                "Image": "C:\\Windows\\System32\\net1.exe",
                                "IntegrityLevel": "High",
                                "ParentCommandLine": "\"net.exe\" stop BMR Boot Service /y",
                                "UtcTime": "1684234384",
                                "RuleName": "-"
                            }
                        },
                        {
                            "values": {
                                "TerminalSessionId": "1",
                                "ProcessGuid": "{C784477D-6090-6463-6506-000000003400}",
                                "ProcessId": "6940",
                                "Product": "Microsoft\\xae Windows\\xae Operating System",
                                "Description": "Net Command",
                                "Company": "Microsoft Corporation",
                                "ParentProcessGuid": "{C784477D-6089-6463-5806-000000003400}",
                                "User": "DESKTOP-B0T93D6\\george",
                                "Hashes": "MD5=15534275EDAABC58159DD0F8607A71E5,SHA256=E9739D544EE0D428696036CBD656C41DCC505B67CC43DBA7C6BEC4E3959282AC,IMPHASH=EB2C2924EA23E1A5FB0E3F53F46CB709",
                                "OriginalFileName": "net.exe",
                                "ParentImage": "C:\\Users\\george\\Desktop\\executable.exe",
                                "FileVersion": "10.0.17134.1 (WinBuild.160101.0800)",
                                "ParentProcessId": "6528",
                                "CurrentDirectory": "C:\\Users\\george\\Desktop\\",
                                "CommandLine": "\"net.exe\" stop NetBackup BMR MTFTP Service /y",
                                "EventID": "1",
                                "LogonGuid": "C784477D-C355-6461-95E2-030000000000",
                                "LogonId": "254613",
                                "Image": "C:\\Windows\\System32\\net.exe",
                                "IntegrityLevel": "High",
                                "ParentCommandLine": "\"C:\\Users\\george\\Desktop\\executable.exe\"",
                                "UtcTime": "1684234384",
                                "RuleName": "-"
                            }
                        },
                        {
                            "values": {
                                "TerminalSessionId": "1",
                                "ProcessGuid": "{C784477D-6090-6463-6706-000000003400}",
                                "ProcessId": "8028",
                                "Product": "Microsoft\\xae Windows\\xae Operating System",
                                "Description": "Net Command",
                                "Company": "Microsoft Corporation",
                                "ParentProcessGuid": "{C784477D-6090-6463-6506-000000003400}",
                                "User": "DESKTOP-B0T93D6\\george",
                                "Hashes": "MD5=AF569DE92AB6C1B9C681AF1E799F9983,SHA256=FFC30745BE3B6C2771FC4B2993CFF50B5226B271C412467E97B1DC1086DEA888,IMPHASH=5322AC1A3CFF9C8A2AE16A789E26231E",
                                "OriginalFileName": "net1.exe",
                                "ParentImage": "C:\\Windows\\System32\\net.exe",
                                "FileVersion": "10.0.17134.1 (WinBuild.160101.0800)",
                                "ParentProcessId": "6940",
                                "CurrentDirectory": "C:\\Users\\george\\Desktop\\",
                                "CommandLine": "C:\\Windows\\system32\\net1 stop NetBackup BMR MTFTP Service /y",
                                "EventID": "1",
                                "LogonGuid": "C784477D-C355-6461-95E2-030000000000",
                                "LogonId": "254613",
                                "Image": "C:\\Windows\\System32\\net1.exe",
                                "IntegrityLevel": "High",
                                "ParentCommandLine": "\"net.exe\" stop NetBackup BMR MTFTP Service /y",
                                "UtcTime": "1684234384",
                                "RuleName": "-"
                            }
                        }
                    ],
                    "rule_level": "low",
                    "rule_description": "Detects the stopping of a Windows service",
                    "rule_source": "Sigma Integrated Rule Set (GitHub)",
                    "rule_title": "Stop Windows Service Via Net.EXE",
                    "rule_id": "5b84c64b930b911c8206935d6c61b2a128347a34d495da3ea3523cdf5397c3ef",
                    "rule_author": "Jakob Weinzettl, oscd.community, Nasreddine Bencherchali (Nextron Systems)"
                },
                {
                    "match_context": [
                        {
                            "values": {
                                "TerminalSessionId": "1",
                                "ProcessGuid": "{C784477D-6092-6463-7006-000000003400}",
                                "ProcessId": "4688",
                                "Product": "Microsoft\\xae Windows\\xae Operating System",
                                "Description": "Terminates Processes",
                                "Company": "Microsoft Corporation",
                                "ParentProcessGuid": "{C784477D-6089-6463-5806-000000003400}",
                                "User": "DESKTOP-B0T93D6\\george",
                                "Hashes": "MD5=530C6A6CBA137EAA7021CEF9B234E8D4,SHA256=26B9B184C2F7F60811C0C4CB25C12568D996AC1ECE0EF64AA1B9E8F39AEA74D7,IMPHASH=100938B32F577E925618EA395A8C469B",
                                "OriginalFileName": "taskkill.exe",
                                "ParentImage": "C:\\Users\\george\\Desktop\\executable.exe",
                                "FileVersion": "10.0.17134.1 (WinBuild.160101.0800)",
                                "ParentProcessId": "6528",
                                "CurrentDirectory": "C:\\Users\\george\\Desktop\\",
                                "CommandLine": "\"taskkill.exe\" /IM mspub.exe /F",
                                "EventID": "1",
                                "LogonGuid": "C784477D-C355-6461-95E2-030000000000",
                                "LogonId": "254613",
                                "Image": "C:\\Windows\\System32\\taskkill.exe",
                                "IntegrityLevel": "High",
                                "ParentCommandLine": "\"C:\\Users\\george\\Desktop\\executable.exe\"",
                                "UtcTime": "1684234386",
                                "RuleName": "-"
                            }
                        },
                        {
                            "values": {
                                "TerminalSessionId": "1",
                                "ProcessGuid": "{C784477D-6093-6463-7206-000000003400}",
                                "ProcessId": "5548",
                                "Product": "Microsoft\\xae Windows\\xae Operating System",
                                "Description": "Terminates Processes",
                                "Company": "Microsoft Corporation",
                                "ParentProcessGuid": "{C784477D-6089-6463-5806-000000003400}",
                                "User": "DESKTOP-B0T93D6\\george",
                                "Hashes": "MD5=530C6A6CBA137EAA7021CEF9B234E8D4,SHA256=26B9B184C2F7F60811C0C4CB25C12568D996AC1ECE0EF64AA1B9E8F39AEA74D7,IMPHASH=100938B32F577E925618EA395A8C469B",
                                "OriginalFileName": "taskkill.exe",
                                "ParentImage": "C:\\Users\\george\\Desktop\\executable.exe",
                                "FileVersion": "10.0.17134.1 (WinBuild.160101.0800)",
                                "ParentProcessId": "6528",
                                "CurrentDirectory": "C:\\Users\\george\\Desktop\\",
                                "CommandLine": "\"taskkill.exe\" /IM mydesktopqos.exe /F",
                                "EventID": "1",
                                "LogonGuid": "C784477D-C355-6461-95E2-030000000000",
                                "LogonId": "254613",
                                "Image": "C:\\Windows\\System32\\taskkill.exe",
                                "IntegrityLevel": "High",
                                "ParentCommandLine": "\"C:\\Users\\george\\Desktop\\executable.exe\"",
                                "UtcTime": "1684234387",
                                "RuleName": "-"
                            }
                        },
                        {
                            "values": {
                                "TerminalSessionId": "1",
                                "ProcessGuid": "{C784477D-6094-6463-7406-000000003400}",
                                "ProcessId": "3992",
                                "Product": "Microsoft\\xae Windows\\xae Operating System",
                                "Description": "Terminates Processes",
                                "Company": "Microsoft Corporation",
                                "ParentProcessGuid": "{C784477D-6089-6463-5806-000000003400}",
                                "User": "DESKTOP-B0T93D6\\george",
                                "Hashes": "MD5=530C6A6CBA137EAA7021CEF9B234E8D4,SHA256=26B9B184C2F7F60811C0C4CB25C12568D996AC1ECE0EF64AA1B9E8F39AEA74D7,IMPHASH=100938B32F577E925618EA395A8C469B",
                                "OriginalFileName": "taskkill.exe",
                                "ParentImage": "C:\\Users\\george\\Desktop\\executable.exe",
                                "FileVersion": "10.0.17134.1 (WinBuild.160101.0800)",
                                "ParentProcessId": "6528",
                                "CurrentDirectory": "C:\\Users\\george\\Desktop\\",
                                "CommandLine": "\"taskkill.exe\" /IM mydesktopservice.exe /F",
                                "EventID": "1",
                                "LogonGuid": "C784477D-C355-6461-95E2-030000000000",
                                "LogonId": "254613",
                                "Image": "C:\\Windows\\System32\\taskkill.exe",
                                "IntegrityLevel": "High",
                                "ParentCommandLine": "\"C:\\Users\\george\\Desktop\\executable.exe\"",
                                "UtcTime": "1684234388",
                                "RuleName": "-"
                            }
                        }
                    ],
                    "rule_level": "low",
                    "rule_description": "Adversaries may stop services or processes in order to conduct Data Destruction or Data Encrypted for Impact on the data stores of services like Exchange and SQL Server.",
                    "rule_source": "Sigma Integrated Rule Set (GitHub)",
                    "rule_title": "Suspicious Execution of Taskkill",
                    "rule_id": "cd06da2f3978bdb24b3f3c8f83c7df917a910c6b29921d0e375e418f340d8f3d",
                    "rule_author": "frack113"
                },
