                        {
                            "values": {
                                "EventID": "13",
                                "ProcessId": "6948",
                                "EventType": "SetValue",
                                "Image": "C:\\Users\\george\\Desktop\\program.exe",
                                "ProcessGuid": "{C784477D-7F03-638F-610A-000000004700}",
                                "UtcTime": "1670348630",
                                "Details": "C:\\Users\\george\\AppData\\Roaming\\svchost.exe",
                                "RuleName": "T1060,RunKey",
                                "TargetObject": "HKLM\\SOFTWARE\\WOW6432Node\\Microsoft\\Windows\\CurrentVersion\\Run\\svchost"
                            }
                        },
                        {
                            "values": {
                                "EventID": "13",
                                "ProcessId": "6948",
                                "EventType": "SetValue",
                                "Image": "C:\\Users\\george\\Desktop\\program.exe",
                                "RuleName": "T1060,RunKey",
                                "UtcTime": "1670348631",
                                "Details": "C:\\Users\\george\\AppData\\Roaming\\svchost.exe",
                                "ProcessGuid": "{C784477D-7F03-638F-610A-000000004700}",
                                "TargetObject": "HKLM\\SOFTWARE\\WOW6432Node\\Microsoft\\Windows\\CurrentVersion\\Run\\svchost"
                            }
                        },
                        {
                            "values": {
                                "EventID": "13",
                                "ProcessId": "6948",
                                "EventType": "SetValue",
                                "Image": "C:\\Users\\george\\Desktop\\program.exe",
                                "ProcessGuid": "{C784477D-7F03-638F-610A-000000004700}",
                                "UtcTime": "1670348632",
                                "Details": "C:\\Users\\george\\AppData\\Roaming\\svchost.exe",
                                "RuleName": "T1060,RunKey",
                                "TargetObject": "HKLM\\SOFTWARE\\WOW6432Node\\Microsoft\\Windows\\CurrentVersion\\Run\\svchost"
                            }
                        },
                        {
                            "values": {
                                "EventID": "13",
                                "ProcessId": "6948",
                                "EventType": "SetValue",
                                "Image": "C:\\Users\\george\\Desktop\\program.exe",
                                "ProcessGuid": "{C784477D-7F03-638F-610A-000000004700}",
                                "UtcTime": "1670348633",
                                "Details": "C:\\Users\\george\\AppData\\Roaming\\svchost.exe",
                                "RuleName": "T1060,RunKey",
                                "TargetObject": "HKLM\\SOFTWARE\\WOW6432Node\\Microsoft\\Windows\\CurrentVersion\\Run\\svchost"
                            }
                        },
                        {
                            "values": {
                                "EventID": "13",
                                "ProcessId": "6948",
                                "EventType": "SetValue",
                                "Image": "C:\\Users\\george\\Desktop\\program.exe",
                                "RuleName": "T1060,RunKey",
                                "UtcTime": "1670348634",
                                "Details": "C:\\Users\\george\\AppData\\Roaming\\svchost.exe",
                                "ProcessGuid": "{C784477D-7F03-638F-610A-000000004700}",
                                "TargetObject": "HKLM\\SOFTWARE\\WOW6432Node\\Microsoft\\Windows\\CurrentVersion\\Run\\svchost"
                            }
                        },
                        {
                            "values": {
                                "EventID": "13",
                                "ProcessId": "6948",
                                "EventType": "SetValue",
                                "Image": "C:\\Users\\george\\Desktop\\program.exe",
                                "RuleName": "T1060,RunKey",
                                "UtcTime": "1670348635",
                                "Details": "C:\\Users\\george\\AppData\\Roaming\\svchost.exe",
                                "ProcessGuid": "{C784477D-7F03-638F-610A-000000004700}",
                                "TargetObject": "HKLM\\SOFTWARE\\WOW6432Node\\Microsoft\\Windows\\CurrentVersion\\Run\\svchost"
                            }
                        },
                        {
                            "values": {
                                "EventID": "13",
                                "ProcessId": "6948",
                                "EventType": "SetValue",
                                "Image": "C:\\Users\\george\\Desktop\\program.exe",
                                "ProcessGuid": "{C784477D-7F03-638F-610A-000000004700}",
                                "UtcTime": "1670348636",
                                "Details": "C:\\Users\\george\\AppData\\Roaming\\svchost.exe",
                                "RuleName": "T1060,RunKey",
                                "TargetObject": "HKLM\\SOFTWARE\\WOW6432Node\\Microsoft\\Windows\\CurrentVersion\\Run\\svchost"
                            }
                        },
                        {
                            "values": {
                                "EventID": "13",
                                "ProcessId": "6948",
                                "EventType": "SetValue",
                                "Image": "C:\\Users\\george\\Desktop\\program.exe",
                                "ProcessGuid": "{C784477D-7F03-638F-610A-000000004700}",
                                "UtcTime": "1670348637",
                                "Details": "C:\\Users\\george\\AppData\\Roaming\\svchost.exe",
                                "RuleName": "T1060,RunKey",
                                "TargetObject": "HKLM\\SOFTWARE\\WOW6432Node\\Microsoft\\Windows\\CurrentVersion\\Run\\svchost"
                            }
                        },
                        {
                            "values": {
                                "EventID": "13",
                                "ProcessId": "6948",
                                "EventType": "SetValue",
                                "Image": "C:\\Users\\george\\Desktop\\program.exe",
                                "RuleName": "T1060,RunKey",
                                "UtcTime": "1670348638",
                                "Details": "C:\\Users\\george\\AppData\\Roaming\\svchost.exe",
                                "ProcessGuid": "{C784477D-7F03-638F-610A-000000004700}",
                                "TargetObject": "HKLM\\SOFTWARE\\WOW6432Node\\Microsoft\\Windows\\CurrentVersion\\Run\\svchost"
                            }
                        },
                        {
                            "values": {
                                "EventID": "13",
                                "ProcessId": "6948",
                                "EventType": "SetValue",
                                "Image": "C:\\Users\\george\\Desktop\\program.exe",
                                "ProcessGuid": "{C784477D-7F03-638F-610A-000000004700}",
                                "UtcTime": "1670348639",
                                "Details": "C:\\Users\\george\\AppData\\Roaming\\svchost.exe",
                                "RuleName": "T1060,RunKey",
                                "TargetObject": "HKLM\\SOFTWARE\\WOW6432Node\\Microsoft\\Windows\\CurrentVersion\\Run\\svchost"
                            }
                        },
                        {
                            "values": {
                                "EventID": "13",
                                "ProcessId": "6948",
                                "EventType": "SetValue",
                                "Image": "C:\\Users\\george\\Desktop\\program.exe",
                                "RuleName": "T1060,RunKey",
                                "UtcTime": "1670348640",
                                "Details": "C:\\Users\\george\\AppData\\Roaming\\svchost.exe",
                                "ProcessGuid": "{C784477D-7F03-638F-610A-000000004700}",
                                "TargetObject": "HKLM\\SOFTWARE\\WOW6432Node\\Microsoft\\Windows\\CurrentVersion\\Run\\svchost"
                            }
                        },
                        {
                            "values": {
                                "EventID": "13",
                                "ProcessId": "6948",
                                "EventType": "SetValue",
                                "Image": "C:\\Users\\george\\Desktop\\program.exe",
                                "ProcessGuid": "{C784477D-7F03-638F-610A-000000004700}",
                                "UtcTime": "1670348641",
                                "Details": "C:\\Users\\george\\AppData\\Roaming\\svchost.exe",
                                "RuleName": "T1060,RunKey",
                                "TargetObject": "HKLM\\SOFTWARE\\WOW6432Node\\Microsoft\\Windows\\CurrentVersion\\Run\\svchost"
                            }
                        },
                        {
                            "values": {
                                "EventID": "13",
                                "ProcessId": "6948",
                                "EventType": "SetValue",
                                "Image": "C:\\Users\\george\\Desktop\\program.exe",
                                "RuleName": "T1060,RunKey",
                                "UtcTime": "1670348642",
                                "Details": "C:\\Users\\george\\AppData\\Roaming\\svchost.exe",
                                "ProcessGuid": "{C784477D-7F03-638F-610A-000000004700}",
                                "TargetObject": "HKLM\\SOFTWARE\\WOW6432Node\\Microsoft\\Windows\\CurrentVersion\\Run\\svchost"
                            }
                        },
                        {
                            "values": {
                                "EventID": "13",
                                "ProcessId": "6948",
                                "EventType": "SetValue",
                                "Image": "C:\\Users\\george\\Desktop\\program.exe",
                                "ProcessGuid": "{C784477D-7F03-638F-610A-000000004700}",
                                "UtcTime": "1670348643",
                                "Details": "C:\\Users\\george\\AppData\\Roaming\\svchost.exe",
                                "RuleName": "T1060,RunKey",
                                "TargetObject": "HKLM\\SOFTWARE\\WOW6432Node\\Microsoft\\Windows\\CurrentVersion\\Run\\svchost"
                            }
                        },
                        {
                            "values": {
                                "EventID": "13",
                                "ProcessId": "6948",
                                "EventType": "SetValue",
                                "Image": "C:\\Users\\george\\Desktop\\program.exe",
                                "RuleName": "T1060,RunKey",
                                "UtcTime": "1670348644",
                                "Details": "C:\\Users\\george\\AppData\\Roaming\\svchost.exe",
                                "ProcessGuid": "{C784477D-7F03-638F-610A-000000004700}",
                                "TargetObject": "HKLM\\SOFTWARE\\WOW6432Node\\Microsoft\\Windows\\CurrentVersion\\Run\\svchost"
                            }
                        },
                        {
                            "values": {
                                "EventID": "13",
                                "ProcessId": "6948",
                                "EventType": "SetValue",
                                "Image": "C:\\Users\\george\\Desktop\\program.exe",
                                "RuleName": "T1060,RunKey",
                                "UtcTime": "1670348645",
                                "Details": "C:\\Users\\george\\AppData\\Roaming\\svchost.exe",
                                "ProcessGuid": "{C784477D-7F03-638F-610A-000000004700}",
                                "TargetObject": "HKLM\\SOFTWARE\\WOW6432Node\\Microsoft\\Windows\\CurrentVersion\\Run\\svchost"
                            }
                        }
                    ],
                    "rule_level": "medium",
                    "rule_id": "18842e32896dd83b8aca4d5e1ac78c1f66b1d252479c0023cdd02f108c42c8cd",
                    "rule_source": "Sigma Integrated Rule Set (GitHub)",
                    "rule_title": "Wow6432Node CurrentVersion Autorun Keys Modification",
                    "rule_description": "Detects modification of autostart extensibility point (ASEP) in registry.",
                    "rule_author": "Victor Sergeev, Daniil Yugoslavskiy, Gleb Sukhodolskiy, Timur Zinniatullin, oscd.community, Tim Shelton, frack113 (split)"
                },
                {
                    "match_context": [
                        {
                            "values": {
                                "TerminalSessionId": "1",
                                "ProcessGuid": "{C784477D-7F10-638F-680A-000000004700}",
                                "ProcessId": "6452",
                                "Product": "svchost",
                                "Description": "-",
                                "Company": "Microsoft",
                                "ParentProcessGuid": "{C784477D-39E4-6386-8200-000000004700}",
                                "User": "DESKTOP-B0T93D6\\george",
                                "Hashes": "MD5=F58CB44EC94CEC42EFF219A6CCD82AAB,SHA256=9D7BFC39F8D3A620EFE95F1CCB10C4CE08AAC3C57450EB1E3D21BA724264014D,IMPHASH=0F264CB14A9163C8CAC8DBC1D8DF775C",
                                "OriginalFileName": "final.exe",
                                "ParentImage": "C:\\Windows\\explorer.exe",
                                "FileVersion": "1.00",
                                "ParentProcessId": "4788",
                                "CurrentDirectory": "C:\\Users\\george\\AppData\\Roaming\\",
                                "CommandLine": "\"C:\\Users\\george\\AppData\\Roaming\\svchost.exe\" ",
                                "EventID": "1",
                                "LogonGuid": "C784477D-39E3-6386-2BA3-040000000000",
                                "LogonId": "303915",
                                "Image": "C:\\Users\\george\\AppData\\Roaming\\svchost.exe",
                                "IntegrityLevel": "High",
                                "ParentCommandLine": "C:\\Windows\\Explorer.EXE",
                                "UtcTime": "1670348560",
                                "RuleName": "-"
                            }
                        }
                    ],
                    "rule_level": "low",
                    "rule_id": "afd546ea5eff265c454f77f6e7641ade6e5a791d79de155fa27d377be1581535",
                    "rule_source": "Sigma Integrated Rule Set (GitHub)",
                    "rule_title": "Windows Processes Suspicious Parent Directory",
                    "rule_description": "Detect suspicious parent processes of well-known Windows processes",
                    "rule_author": "vburov"
                },
                {
                    "match_context": [
                        {
                            "values": {
                                "EventID": "11",
                                "ProcessId": "6948",
                                "Image": "C:\\Users\\george\\Desktop\\program.exe",
                                "RuleName": "EXE",
                                "CreationUtcTime": "1670348547",
                                "UtcTime": "1670348547",
                                "ProcessGuid": "{C784477D-7F03-638F-610A-000000004700}",
                                "TargetFilename": "C:\\Users\\george\\AppData\\Roaming\\svchost.exe"
                            }
                        }
                    ],
                    "rule_level": "low",
                    "rule_id": "b5386a23355681c43cfbd2f2ccfe4b16ed45324d0d7b5583487a9f302ee1e427",
                    "rule_source": "Sigma Integrated Rule Set (GitHub)",
                    "rule_title": "Creation of an Executable by an Executable",
                    "rule_description": "Detects the creation of an executable by another executable",
                    "rule_author": "frack113"
                }
            ],
            "total_votes": {
                "harmless": 0,
                "malicious": 0
            },
            "filecondis": {
                "dhash": "f8f8fcd848200000",
                "raw_md5": "cb69e8556bea35acab885a9a4b621f2f"
            },
            "last_submission_date": 1670348274,
            "last_analysis_date": 1742755539,
            "sandbox_verdicts": {
                "SecneurX": {
                    "category": "malicious",
                    "sandbox_name": "SecneurX",
                    "malware_classification": [
                        "MALWARE"
                    ]
                }
            },
            "sigma_analysis_summary": {
                "Sigma Integrated Rule Set (GitHub)": {
                    "high": 2,
                    "medium": 1,
                    "critical": 0,
                    "low": 2
                }
            },
            "type_tag": "peexe",
            "sha256": "9d7bfc39f8d3a620efe95f1ccb10c4ce08aac3c57450eb1e3d21ba724264014d",
            "last_analysis_stats": {
                "malicious": 55,
                "suspicious": 0,
                "undetected": 16,
                "harmless": 0,
                "timeout": 1,
                "confirmed-timeout": 0,
                "failure": 1,
                "type-unsupported": 4
            },
            "trid": [
                {
                    "file_type": "Win32 Executable Microsoft Visual Basic 6",
                    "probability": 55.4
                },
                {
                    "file_type": "Win32 Executable MS Visual C++ (generic)",
                    "probability": 21.0
                },
                {
                    "file_type": "Win64 Executable (generic)",
                    "probability": 7.1
                },
                {
                    "file_type": "Win32 Dynamic Link Library (generic)",
                    "probability": 4.4
                },
                {
                    "file_type": "Win16 NE executable (generic)",
                    "probability": 3.4
                }
            ],
            "names": [
                "final",
                "final.exe",
                "svchost.exe",
                "unknown",
                "vt-upload-uccZg",
                "file-2291986_exe",
                "aa",
                "hQ59GU3.tmp",
                "v6M0FZTfwi.xlt"
            ],
            "pe_info": {
                "timestamp": 1306379982,
                "imphash": "0f264cb14a9163c8cac8dbc1d8df775c",
                "machine_type": 332,
                "entry_point": 5720,
                "resource_details": [
                    {
                        "lang": "NEUTRAL",
                        "chi2": 22468.21,
                        "filetype": "unknown",
                        "entropy": 2.5796501636505127,
                        "sha256": "2d3915cdc82e909357d44c4de1b8890bd753605c28df11b10299e3fd09d930b9",
                        "type": "RT_ICON"
                    },
                    {
                        "lang": "NEUTRAL",
                        "chi2": 87606.96,
                        "filetype": "unknown",
                        "entropy": 1.769866943359375,
                        "sha256": "a32e750bc1b0315530097434a7e1d324b843e1f5ffd95238b49d3a8aa8e6fe09",
                        "type": "RT_ICON"
                    },
                    {
                        "lang": "NEUTRAL",
                        "chi2": 33544.43,
                        "filetype": "unknown",
                        "entropy": 2.0717668533325195,
                        "sha256": "46dc088910439dad6a0d69da5e64227d04a640845fd1c31e90a7d4340c539fe0",
                        "type": "RT_ICON"
                    },
                    {
                        "lang": "NEUTRAL",
                        "chi2": 2437.33,
                        "filetype": "ICO",
                        "entropy": 2.9783577919006348,
                        "sha256": "cbdcb84268fcf2a25b844c1dca787de835c0376e82c1a2e62814a3c940a26cfb",
                        "type": "RT_GROUP_ICON"
                    },
                    {
                        "lang": "ENGLISH US",
                        "chi2": 45262.35,
                        "filetype": "unknown",
                        "entropy": 3.141989231109619,
                        "sha256": "29bf618b7e1bb2966e665249ec001bf5115864b87c7d6fe7cd971d5fe0e5f62b",
                        "type": "RT_VERSION"
                    }
                ],
                "resource_langs": {
                    "NEUTRAL": 4,
                    "ENGLISH US": 1
                },
                "resource_types": {
                    "RT_ICON": 3,
                    "RT_VERSION": 1,
                    "RT_GROUP_ICON": 1
                },
                "sections": [
                    {
                        "name": ".text",
                        "chi2": 733355.06,
                        "virtual_address": 4096,
                        "entropy": 5.36,
                        "raw_size": 24576,
                        "flags": "rx",
                        "virtual_size": 22912,
                        "md5": "f76ec125e32b951b40537a491845614f"
                    },
                    {
                        "name": ".data",
                        "chi2": 1044480.0,
                        "virtual_address": 28672,
                        "entropy": 0.0,
                        "raw_size": 4096,
                        "flags": "rw",
                        "virtual_size": 3252,
                        "md5": "620f0b67a91f7f74151bc5be745b7110"
                    },
                    {
                        "name": ".rsrc",
                        "chi2": 610799.12,
                        "virtual_address": 32768,
                        "entropy": 1.91,
                        "raw_size": 4096,
                        "flags": "r",
                        "virtual_size": 2244,
                        "md5": "185e3706f0db78b45bda3d59bee11b00"
                    }
                ],
                "compiler_product_versions": [
                    "id: 0xe, version: 7299 count=1",
                    "id: 0x9, version: 8041 count=5",
                    "id: 0xd, version: 8169 count=1"
                ],
                "rich_pe_header_hash": "4b4293436909365b5e47e83b7c138034",
                "import_list": [
                    {
                        "library_name": "MSVBVM60.DLL",
                        "imported_functions": [
                            "__vbaAryConstruct2",
                            "__vbaAryDestruct",
                            "__vbaBoolVarNull",
                            "__vbaChkstk",
                            "__vbaEnd",
                            "__vbaErase",
                            "__vbaErrorOverflow",
                            "__vbaExceptHandler",
                            "__vbaExitProc",
                            "__vbaFileClose",
                            "__vbaFileOpen",
                            "__vbaFixstrConstruct",
                            "__vbaFPException",
                            "__vbaFreeObj",
                            "__vbaFreeObjList",
                            "__vbaFreeStr",
                            "__vbaFreeStrList",
                            "__vbaFreeVar",
                            "__vbaFreeVarList",
                            "__vbaGenerateBoundsError",
                            "__vbaGet3",
                            "__vbaHresultCheckObj",
                            "__vbaI2I4",
                            "__vbaI4Var",
                            "__vbaInStr",
                            "__vbaInStrVar",
                            "__vbaLateMemCall",
                            "__vbaLateMemCallLd",
                            "__vbaLenBstr",
                            "__vbaLsetFixstr",
                            "__vbaNew",
                            "__vbaNew2",
                            "__vbaObjSet",
                            "__vbaObjSetAddref",
                            "__vbaObjVar",
                            "__vbaOnError",
                            "__vbaPut3",
                            "__vbaR8IntI2",
                            "__vbaResume",
                            "__vbaSetSystemError",
                            "__vbaStrCat",
                            "__vbaStrCmp",
                            "__vbaStrCopy",
                            "__vbaStrI2",
                            "__vbaStrMove",
                            "__vbaStrToAnsi",
                            "__vbaStrToUnicode",
                            "__vbaStrVarCopy",
                            "__vbaStrVarMove",
                            "__vbaStrVarVal",
                            "__vbaVarAdd",
                            "__vbaVarAnd",
                            "__vbaVarCat",
                            "__vbaVarCmpGt",
                            "__vbaVarCopy",
                            "__vbaVarDup",
                            "__vbaVarIndexLoad",
                            "__vbaVarLateMemCallLd",
                            "__vbaVarMove",
                            "__vbaVarNot",
                            "__vbaVarSetVar",
                            "__vbaVarTstEq",
                            "__vbaVarTstNe",
                            "_adj_fdiv_m16i",
                            "_adj_fdiv_m32",
                            "_adj_fdiv_m32i",
                            "_adj_fdiv_m64",
                            "_adj_fdiv_r",
                            "_adj_fdivr_m16i",
                            "_adj_fdivr_m32",
                            "_adj_fdivr_m32i",
                            "_adj_fdivr_m64",
                            "_adj_fpatan",
                            "_adj_fprem",
                            "_adj_fprem1",
                            "_adj_fptan",
                            "_allmul",
                            "_CIatan",
                            "_CIcos",
                            "_CIexp",
                            "_CIlog",
                            "_CIsin",
                            "_CIsqrt",
                            "_CItan",
                            "DllFunctionCall",
                            "EVENT_SINK_AddRef",
                            "EVENT_SINK_GetIDsOfNames",
                            "EVENT_SINK_Invoke",
                            "EVENT_SINK_QueryInterface",
                            "EVENT_SINK_Release",
                            "Ord(100)",
                            "Ord(525)",
                            "Ord(537)",
                            "Ord(570)",
                            "Ord(576)",
                            "Ord(593)",
                            "Ord(594)",
                            "Ord(600)",
                            "Ord(608)",
                            "Ord(616)",
                            "Ord(617)",
                            "Ord(631)",
                            "Ord(632)",
                            "Ord(644)",
                            "Ord(666)",
                            "Ord(681)",
                            "Ord(685)",
                            "Ord(689)",
                            "Ord(690)",
                            "Ord(711)",
                            "Ord(716)",
                            "Zombie_GetTypeInfo",
                            "Zombie_GetTypeInfoCount"
                        ]
                    }
                ]
            },
            "popular_threat_classification": {
                "suggested_threat_label": "trojan.blocker/bmhg",
                "popular_threat_name": [
                    {
                        "value": "blocker",
                        "count": 7
                    },
                    {
                        "value": "bmhg",
                        "count": 2
                    },
                    {
                        "value": "dusvext",
                        "count": 2
                    }
                ],
                "popular_threat_category": [
                    {
                        "value": "trojan",
                        "count": 16
                    },
                    {
                        "value": "ransomware",
                        "count": 5
                    },
                    {
                        "value": "downloader",
                        "count": 2
                    }
                ]
            },
            "first_seen_itw_date": 1479506274,
            "first_submission_date": 1306387552,
            "signature_info": {
                "product": "svchost",
                "internal name": "final",
                "file version": "1.00",
                "original name": "final.exe"
            },
            "type_extension": "exe",
            "meaningful_name": "final.exe",
            "authentihash": "0addcc8158c12e3ecea3d1d09fe4c7c5e37a320cc4a4c8b47f3b17098f405849",
            "packers": {
                "PEiD": "Microsoft Visual Basic v5.0/v6.0"
            },
            "md5": "f58cb44ec94cec42eff219a6ccd82aab"
        }
    }
}