{
    "data": {
        "id": "9f09d25b2756d813c2e9a1f609504b729cbda76248c0a12061cc15456f56730b",
        "type": "file",
        "links": {
            "self": "https://www.virustotal.com/api/v3/files/9f09d25b2756d813c2e9a1f609504b729cbda76248c0a12061cc15456f56730b"
        },
        "attributes": {
            "type_tag": "peexe",
            "type_tags": [
                "executable",
                "windows",
                "win32",
                "pe",
                "peexe"
            ],
            "sigma_analysis_results": [
                {
                    "match_context": [
                        {
                            "values": {
                                "EventID": "8",
                                "TargetProcessGuid": "{C784477D-F7FB-6480-2B06-000000003400}",
                                "NewThreadId": "7340",
                                "StartModule": "-",
                                "StartFunction": "-",
                                "UtcTime": "1686173691",
                                "TargetImage": "C:\\Windows\\SysWOW64\\svchost.exe",
                                "SourceProcessId": "7284",
                                "SourceImage": "C:\\Windows\\SysWOW64\\explorer.exe",
                                "TargetProcessId": "7256",
                                "RuleName": "-",
                                "SourceProcessGuid": "{C784477D-F7F9-6480-2A06-000000003400}",
                                "StartAddress": "45171264"
                            }
                        },
                        {
                            "values": {
                                "EventID": "8",
                                "TargetProcessGuid": "{C784477D-F804-6480-3306-000000003400}",
                                "NewThreadId": "7764",
                                "StartModule": "-",
                                "StartFunction": "-",
                                "SourceProcessId": "4424",
                                "TargetImage": "C:\\Windows\\SysWOW64\\svchost.exe",
                                "UtcTime": "1686173700",
                                "SourceImage": "C:\\Windows\\SysWOW64\\explorer.exe",
                                "TargetProcessId": "3700",
                                "RuleName": "-",
                                "SourceProcessGuid": "{C784477D-F804-6480-3206-000000003400}",
                                "StartAddress": "47858240"
                            }
                        },
                        {
                            "values": {
                                "EventID": "8",
                                "TargetProcessGuid": "{C784477D-F80C-6480-3906-000000003400}",
                                "NewThreadId": "7920",
                                "StartModule": "-",
                                "StartFunction": "-",
                                "SourceProcessId": "8088",
                                "TargetImage": "C:\\Windows\\SysWOW64\\svchost.exe",
                                "UtcTime": "1686173708",
                                "SourceImage": "C:\\Windows\\SysWOW64\\explorer.exe",
                                "TargetProcessId": "7916",
                                "RuleName": "-",
                                "StartAddress": "45040192",
                                "SourceProcessGuid": "{C784477D-F80C-6480-3806-000000003400}"
                            }
                        },
                        {
                            "values": {
                                "EventID": "8",
                                "TargetProcessGuid": "{C784477D-F814-6480-3E06-000000003400}",
                                "NewThreadId": "3316",
                                "StartModule": "-",
                                "StartFunction": "-",
                                "SourceProcessId": "7996",
                                "TargetImage": "C:\\Windows\\SysWOW64\\svchost.exe",
                                "UtcTime": "1686173716",
                                "SourceImage": "C:\\Windows\\SysWOW64\\explorer.exe",
                                "TargetProcessId": "7988",
                                "RuleName": "-",
                                "StartAddress": "46481984",
                                "SourceProcessGuid": "{C784477D-F814-6480-3D06-000000003400}"
                            }
                        },
                        {
                            "values": {
                                "EventID": "8",
                                "TargetProcessGuid": "{C784477D-F81C-6480-4306-000000003400}",
                                "NewThreadId": "5512",
                                "StartModule": "-",
                                "StartFunction": "-",
                                "UtcTime": "1686173724",
                                "TargetImage": "C:\\Windows\\SysWOW64\\svchost.exe",
                                "SourceProcessId": "3088",
                                "SourceImage": "C:\\Windows\\SysWOW64\\explorer.exe",
                                "TargetProcessId": "6724",
                                "RuleName": "-",
                                "StartAddress": "35603008",
                                "SourceProcessGuid": "{C784477D-F81C-6480-4206-000000003400}"
                            }
                        },
                        {
                            "values": {
                                "EventID": "8",
                                "TargetProcessGuid": "{C784477D-F824-6480-4806-000000003400}",
                                "NewThreadId": "4848",
                                "StartModule": "-",
                                "StartFunction": "-",
                                "UtcTime": "1686173732",
                                "TargetImage": "C:\\Windows\\SysWOW64\\svchost.exe",
                                "SourceProcessId": "7456",
                                "SourceImage": "C:\\Windows\\SysWOW64\\explorer.exe",
                                "TargetProcessId": "1720",
                                "RuleName": "-",
                                "StartAddress": "35340864",
                                "SourceProcessGuid": "{C784477D-F824-6480-4706-000000003400}"
                            }
                        },
                        {
                            "values": {
                                "EventID": "8",
                                "TargetProcessGuid": "{C784477D-F82D-6480-4D06-000000003400}",
                                "NewThreadId": "2324",
                                "StartModule": "-",
                                "StartFunction": "-",
                                "SourceProcessId": "6212",
                                "TargetImage": "C:\\Windows\\SysWOW64\\svchost.exe",
                                "UtcTime": "1686173741",
                                "SourceImage": "C:\\Windows\\SysWOW64\\explorer.exe",
                                "TargetProcessId": "1072",
                                "RuleName": "-",
                                "SourceProcessGuid": "{C784477D-F82C-6480-4C06-000000003400}",
                                "StartAddress": "50414144"
                            }
                        },
                        {
                            "values": {
                                "EventID": "8",
                                "TargetImage": "C:\\Windows\\SysWOW64\\svchost.exe",
                                "TargetProcessGuid": "{C784477D-F835-6480-5306-000000003400}",
                                "NewThreadId": "7268",
                                "StartModule": "-",
                                "SourceProcessId": "7208",
                                "StartFunction": "-",
                                "UtcTime": "1686173749",
                                "SourceImage": "C:\\Windows\\SysWOW64\\explorer.exe",
                                "TargetProcessId": "5696",
                                "RuleName": "-",
                                "SourceProcessGuid": "{C784477D-F834-6480-5206-000000003400}",
                                "StartAddress": "35078720"
                            }
                        },
                        {
                            "values": {
                                "EventID": "8",
                                "TargetProcessGuid": "{C784477D-F83D-6480-5806-000000003400}",
                                "NewThreadId": "3680",
                                "StartModule": "-",
                                "StartFunction": "-",
                                "SourceProcessId": "6136",
                                "TargetImage": "C:\\Windows\\SysWOW64\\svchost.exe",
                                "UtcTime": "1686173757",
                                "SourceImage": "C:\\Windows\\SysWOW64\\explorer.exe",
                                "TargetProcessId": "7536",
                                "RuleName": "-",
                                "SourceProcessGuid": "{C784477D-F83C-6480-5706-000000003400}",
                                "StartAddress": "40321600"
                            }
                        },
                        {
                            "values": {
                                "EventID": "8",
                                "TargetImage": "<unknown process>",
                                "TargetProcessGuid": "{C784477D-F844-6480-5D06-000000003400}",
                                "NewThreadId": "8004",
                                "StartModule": "-",
                                "SourceProcessId": "4592",
                                "StartFunction": "-",
                                "UtcTime": "1686173764",
                                "SourceImage": "C:\\Windows\\SysWOW64\\explorer.exe",
                                "TargetProcessId": "260",
                                "RuleName": "-",
                                "StartAddress": "52576832",
                                "SourceProcessGuid": "{C784477D-F844-6480-5C06-000000003400}"
                            }
                        }
                    ],
                    "rule_level": "high",
                    "rule_id": "5242ae9a7c0bb9967f443e598ba4d27edfa69ca76b6fbb7ad0d569f7e9067668",
                    "rule_source": "Sigma Integrated Rule Set (GitHub)",
                    "rule_title": "Remote Thread Creation By Uncommon Source Image",
                    "rule_description": "Detects uncommon processes creating remote threads",
                    "rule_author": "Perez Diego (@darkquassar), oscd.community"
                },
                {
                    "match_context": [
                        {
                            "values": {
                                "TerminalSessionId": "1",
                                "ProcessGuid": "{C784477D-F7FB-6480-2B06-000000003400}",
                                "ProcessId": "7256",
                                "Product": "Microsoft\\xae Windows\\xae Operating System",
                                "Description": "Host Process for Windows Services",
                                "Company": "Microsoft Corporation",
                                "ParentProcessGuid": "{C784477D-F7F9-6480-2A06-000000003400}",
                                "User": "DESKTOP-B0T93D6\\george",
                                "Hashes": "MD5=D2CBFEB7C4619A898890FEB4C4514AA9,SHA256=59F4D42056BC43960C2B052FA9D615AD6E654C8AA1DFE3703342375523BA8EA5,IMPHASH=41721E0F933696D50AB32D544D64DCD3",
                                "OriginalFileName": "svchost.exe",
                                "ParentImage": "C:\\Windows\\SysWOW64\\explorer.exe",
                                "FileVersion": "10.0.17134.1276 (WinBuild.160101.0800)",
                                "ParentProcessId": "7284",
                                "CurrentDirectory": "C:\\Users\\george\\Desktop\\",
                                "CommandLine": "-k netsvcs",
                                "EventID": "1",
                                "LogonGuid": "C784477D-94DE-6442-5DCF-030000000000",
                                "LogonId": "249693",
                                "Image": "C:\\Windows\\SysWOW64\\svchost.exe",
                                "IntegrityLevel": "High",
                                "ParentCommandLine": "\"C:\\Windows\\syswow64\\explorer.exe\"",
                                "UtcTime": "1686173691",
                                "RuleName": "-"
                            }
                        },
                        {
                            "values": {
                                "TerminalSessionId": "1",
                                "ProcessGuid": "{C784477D-F804-6480-3306-000000003400}",
                                "ProcessId": "3700",
                                "Product": "Microsoft\\xae Windows\\xae Operating System",
                                "Description": "Host Process for Windows Services",
                                "Company": "Microsoft Corporation",
                                "ParentProcessGuid": "{C784477D-F804-6480-3206-000000003400}",
                                "User": "DESKTOP-B0T93D6\\george",
                                "Hashes": "MD5=D2CBFEB7C4619A898890FEB4C4514AA9,SHA256=59F4D42056BC43960C2B052FA9D615AD6E654C8AA1DFE3703342375523BA8EA5,IMPHASH=41721E0F933696D50AB32D544D64DCD3",
                                "OriginalFileName": "svchost.exe",
                                "ParentImage": "C:\\Windows\\SysWOW64\\explorer.exe",
                                "FileVersion": "10.0.17134.1276 (WinBuild.160101.0800)",
                                "ParentProcessId": "4424",
                                "CurrentDirectory": "C:\\1f7c1bb\\",
                                "CommandLine": "-k netsvcs",
                                "EventID": "1",
                                "LogonGuid": "C784477D-94DE-6442-C3CF-030000000000",
                                "LogonId": "249795",
                                "Image": "C:\\Windows\\SysWOW64\\svchost.exe",
                                "IntegrityLevel": "Medium",
                                "ParentCommandLine": "\"C:\\Windows\\syswow64\\explorer.exe\"",
                                "UtcTime": "1686173700",
                                "RuleName": "-"
                            }
                        },
                        {
                            "values": {
                                "TerminalSessionId": "1",
                                "ProcessGuid": "{C784477D-F80C-6480-3906-000000003400}",
                                "ProcessId": "7916",
                                "Product": "Microsoft\\xae Windows\\xae Operating System",
                                "Description": "Host Process for Windows Services",
                                "Company": "Microsoft Corporation",
                                "ParentProcessGuid": "{C784477D-F80C-6480-3806-000000003400}",
                                "User": "DESKTOP-B0T93D6\\george",
                                "Hashes": "MD5=D2CBFEB7C4619A898890FEB4C4514AA9,SHA256=59F4D42056BC43960C2B052FA9D615AD6E654C8AA1DFE3703342375523BA8EA5,IMPHASH=41721E0F933696D50AB32D544D64DCD3",
                                "OriginalFileName": "svchost.exe",
                                "ParentImage": "C:\\Windows\\SysWOW64\\explorer.exe",
                                "FileVersion": "10.0.17134.1276 (WinBuild.160101.0800)",
                                "ParentProcessId": "8088",
                                "CurrentDirectory": "C:\\Users\\george\\AppData\\Roaming\\",
                                "CommandLine": "-k netsvcs",
                                "EventID": "1",
                                "LogonGuid": "C784477D-94DE-6442-C3CF-030000000000",
                                "LogonId": "249795",
                                "Image": "C:\\Windows\\SysWOW64\\svchost.exe",
                                "IntegrityLevel": "Medium",
                                "ParentCommandLine": "\"C:\\Windows\\syswow64\\explorer.exe\"",
                                "UtcTime": "1686173708",
                                "RuleName": "-"
                            }
                        },
                        {
                            "values": {
                                "TerminalSessionId": "1",
                                "ProcessGuid": "{C784477D-F814-6480-3E06-000000003400}",
                                "ProcessId": "7988",
                                "Product": "Microsoft\\xae Windows\\xae Operating System",
                                "Description": "Host Process for Windows Services",
                                "Company": "Microsoft Corporation",
                                "ParentProcessGuid": "{C784477D-F814-6480-3D06-000000003400}",
                                "User": "DESKTOP-B0T93D6\\george",
                                "Hashes": "MD5=D2CBFEB7C4619A898890FEB4C4514AA9,SHA256=59F4D42056BC43960C2B052FA9D615AD6E654C8AA1DFE3703342375523BA8EA5,IMPHASH=41721E0F933696D50AB32D544D64DCD3",
                                "OriginalFileName": "svchost.exe",
                                "ParentImage": "C:\\Windows\\SysWOW64\\explorer.exe",
                                "FileVersion": "10.0.17134.1276 (WinBuild.160101.0800)",
                                "ParentProcessId": "7996",
                                "CurrentDirectory": "C:\\1f7c1bb\\",
                                "CommandLine": "-k netsvcs",
                                "EventID": "1",
                                "LogonGuid": "C784477D-94DE-6442-C3CF-030000000000",
                                "LogonId": "249795",
                                "Image": "C:\\Windows\\SysWOW64\\svchost.exe",
                                "IntegrityLevel": "Medium",
                                "ParentCommandLine": "\"C:\\Windows\\syswow64\\explorer.exe\"",
                                "UtcTime": "1686173716",
                                "RuleName": "-"
                            }
                        },
                        {
                            "values": {
                                "TerminalSessionId": "1",
                                "ProcessGuid": "{C784477D-F81C-6480-4306-000000003400}",
                                "ProcessId": "6724",
                                "Product": "Microsoft\\xae Windows\\xae Operating System",
                                "Description": "Host Process for Windows Services",
                                "Company": "Microsoft Corporation",
                                "ParentProcessGuid": "{C784477D-F81C-6480-4206-000000003400}",
                                "User": "DESKTOP-B0T93D6\\george",
                                "Hashes": "MD5=D2CBFEB7C4619A898890FEB4C4514AA9,SHA256=59F4D42056BC43960C2B052FA9D615AD6E654C8AA1DFE3703342375523BA8EA5,IMPHASH=41721E0F933696D50AB32D544D64DCD3",
                                "OriginalFileName": "svchost.exe",
                                "ParentImage": "C:\\Windows\\SysWOW64\\explorer.exe",
                                "FileVersion": "10.0.17134.1276 (WinBuild.160101.0800)",
                                "ParentProcessId": "3088",
                                "CurrentDirectory": "C:\\Users\\george\\AppData\\Roaming\\",
                                "CommandLine": "-k netsvcs",
                                "EventID": "1",
                                "LogonGuid": "C784477D-94DE-6442-C3CF-030000000000",
                                "LogonId": "249795",
                                "Image": "C:\\Windows\\SysWOW64\\svchost.exe",
                                "IntegrityLevel": "Medium",
                                "ParentCommandLine": "\"C:\\Windows\\syswow64\\explorer.exe\"",
                                "UtcTime": "1686173724",
                                "RuleName": "-"
                            }
                        },
                        {
                            "values": {
                                "TerminalSessionId": "1",
                                "ProcessGuid": "{C784477D-F824-6480-4806-000000003400}",
                                "ProcessId": "1720",
                                "Product": "Microsoft\\xae Windows\\xae Operating System",
                                "Description": "Host Process for Windows Services",
                                "Company": "Microsoft Corporation",
                                "ParentProcessGuid": "{C784477D-F824-6480-4706-000000003400}",
                                "User": "DESKTOP-B0T93D6\\george",
                                "Hashes": "MD5=D2CBFEB7C4619A898890FEB4C4514AA9,SHA256=59F4D42056BC43960C2B052FA9D615AD6E654C8AA1DFE3703342375523BA8EA5,IMPHASH=41721E0F933696D50AB32D544D64DCD3",
                                "OriginalFileName": "svchost.exe",
                                "ParentImage": "C:\\Windows\\SysWOW64\\explorer.exe",
                                "FileVersion": "10.0.17134.1276 (WinBuild.160101.0800)",
                                "ParentProcessId": "7456",
                                "CurrentDirectory": "C:\\1f7c1bb\\",
                                "CommandLine": "-k netsvcs",
                                "EventID": "1",
                                "LogonGuid": "C784477D-94DE-6442-C3CF-030000000000",
                                "LogonId": "249795",
                                "Image": "C:\\Windows\\SysWOW64\\svchost.exe",
                                "IntegrityLevel": "Medium",
                                "ParentCommandLine": "\"C:\\Windows\\syswow64\\explorer.exe\"",
                                "UtcTime": "1686173732",
                                "RuleName": "-"
                            }
                        },
                        {
                            "values": {
                                "TerminalSessionId": "1",
                                "ProcessGuid": "{C784477D-F82D-6480-4D06-000000003400}",
                                "ProcessId": "1072",
                                "Product": "Microsoft\\xae Windows\\xae Operating System",
                                "Description": "Host Process for Windows Services",
                                "Company": "Microsoft Corporation",
                                "ParentProcessGuid": "{C784477D-F82C-6480-4C06-000000003400}",
                                "User": "DESKTOP-B0T93D6\\george",
                                "Hashes": "MD5=D2CBFEB7C4619A898890FEB4C4514AA9,SHA256=59F4D42056BC43960C2B052FA9D615AD6E654C8AA1DFE3703342375523BA8EA5,IMPHASH=41721E0F933696D50AB32D544D64DCD3",
                                "OriginalFileName": "svchost.exe",
                                "ParentImage": "C:\\Windows\\SysWOW64\\explorer.exe",
                                "FileVersion": "10.0.17134.1276 (WinBuild.160101.0800)",
                                "ParentProcessId": "6212",
                                "CurrentDirectory": "C:\\Users\\george\\AppData\\Roaming\\",
                                "CommandLine": "-k netsvcs",
                                "EventID": "1",
                                "LogonGuid": "C784477D-94DE-6442-C3CF-030000000000",
                                "LogonId": "249795",
                                "Image": "C:\\Windows\\SysWOW64\\svchost.exe",
                                "IntegrityLevel": "Medium",
                                "ParentCommandLine": "\"C:\\Windows\\syswow64\\explorer.exe\"",
                                "UtcTime": "1686173741",
                                "RuleName": "-"
                            }
                        },
                        {
                            "values": {
                                "TerminalSessionId": "1",
                                "ProcessGuid": "{C784477D-F835-6480-5306-000000003400}",
                                "ProcessId": "5696",
                                "Product": "Microsoft\\xae Windows\\xae Operating System",
                                "Description": "Host Process for Windows Services",
                                "Company": "Microsoft Corporation",
                                "ParentProcessGuid": "{C784477D-F834-6480-5206-000000003400}",
                                "User": "DESKTOP-B0T93D6\\george",
                                "Hashes": "MD5=D2CBFEB7C4619A898890FEB4C4514AA9,SHA256=59F4D42056BC43960C2B052FA9D615AD6E654C8AA1DFE3703342375523BA8EA5,IMPHASH=41721E0F933696D50AB32D544D64DCD3",
                                "OriginalFileName": "svchost.exe",
                                "ParentImage": "C:\\Windows\\SysWOW64\\explorer.exe",
                                "FileVersion": "10.0.17134.1276 (WinBuild.160101.0800)",
                                "ParentProcessId": "7208",
                                "CurrentDirectory": "C:\\1f7c1bb\\",
                                "CommandLine": "-k netsvcs",
                                "EventID": "1",
                                "LogonGuid": "C784477D-94DE-6442-C3CF-030000000000",
                                "LogonId": "249795",
                                "Image": "C:\\Windows\\SysWOW64\\svchost.exe",
                                "IntegrityLevel": "Medium",
                                "ParentCommandLine": "\"C:\\Windows\\syswow64\\explorer.exe\"",
                                "UtcTime": "1686173749",
                                "RuleName": "-"
                            }
                        },
                        {
                            "values": {
                                "TerminalSessionId": "1",
                                "ProcessGuid": "{C784477D-F83D-6480-5806-000000003400}",
                                "ProcessId": "7536",
                                "Product": "Microsoft\\xae Windows\\xae Operating System",
                                "Description": "Host Process for Windows Services",
                                "Company": "Microsoft Corporation",
                                "ParentProcessGuid": "{C784477D-F83C-6480-5706-000000003400}",
                                "User": "DESKTOP-B0T93D6\\george",
                                "Hashes": "MD5=D2CBFEB7C4619A898890FEB4C4514AA9,SHA256=59F4D42056BC43960C2B052FA9D615AD6E654C8AA1DFE3703342375523BA8EA5,IMPHASH=41721E0F933696D50AB32D544D64DCD3",
                                "OriginalFileName": "svchost.exe",
                                "ParentImage": "C:\\Windows\\SysWOW64\\explorer.exe",
                                "FileVersion": "10.0.17134.1276 (WinBuild.160101.0800)",
                                "ParentProcessId": "6136",
                                "CurrentDirectory": "C:\\Users\\george\\AppData\\Roaming\\",
                                "CommandLine": "-k netsvcs",
                                "EventID": "1",
                                "LogonGuid": "C784477D-94DE-6442-C3CF-030000000000",
                                "LogonId": "249795",
                                "Image": "C:\\Windows\\SysWOW64\\svchost.exe",
                                "IntegrityLevel": "Medium",
                                "ParentCommandLine": "\"C:\\Windows\\syswow64\\explorer.exe\"",
                                "UtcTime": "1686173757",
                                "RuleName": "-"
                            }
                        },
                        {
                            "values": {
                                "TerminalSessionId": "1",
                                "ProcessGuid": "{C784477D-F844-6480-5D06-000000003400}",
                                "ProcessId": "260",
                                "Product": "Microsoft\\xae Windows\\xae Operating System",
                                "Description": "Host Process for Windows Services",
                                "Company": "Microsoft Corporation",
                                "ParentProcessGuid": "{C784477D-F844-6480-5C06-000000003400}",
                                "User": "DESKTOP-B0T93D6\\george",
                                "Hashes": "MD5=D2CBFEB7C4619A898890FEB4C4514AA9,SHA256=59F4D42056BC43960C2B052FA9D615AD6E654C8AA1DFE3703342375523BA8EA5,IMPHASH=41721E0F933696D50AB32D544D64DCD3",
                                "OriginalFileName": "svchost.exe",
                                "ParentImage": "C:\\Windows\\SysWOW64\\explorer.exe",
                                "FileVersion": "10.0.17134.1276 (WinBuild.160101.0800)",
                                "ParentProcessId": "4592",
                                "CurrentDirectory": "C:\\Users\\george\\AppData\\Roaming\\Microsoft\\Windows\\Start Menu\\Programs\\Startup\\",
                                "CommandLine": "-k netsvcs",
                                "EventID": "1",
                                "LogonGuid": "C784477D-94DE-6442-C3CF-030000000000",
                                "LogonId": "249795",
                                "Image": "C:\\Windows\\SysWOW64\\svchost.exe",
                                "IntegrityLevel": "Medium",
                                "ParentCommandLine": "\"C:\\Windows\\syswow64\\explorer.exe\"",
                                "UtcTime": "1686173764",
                                "RuleName": "-"
                            }
                        }
                    ],
                    "rule_level": "high",
                    "rule_id": "a0daa529834b3c5230b4524da005a6b6503e7cb061e298a8f74e0dc1fee0a008",
                    "rule_source": "Sigma Integrated Rule Set (GitHub)",
                    "rule_title": "Suspicious Svchost Process",
                    "rule_description": "Detects a suspicious svchost process start",
                    "rule_author": "Florian Roth (Nextron Systems)"
                },
                {
                    "match_context": [
                        {
                            "values": {
                                "TerminalSessionId": "1",
                                "ProcessGuid": "{C784477D-F7FB-6480-2C06-000000003400}",
                                "ProcessId": "7332",
                                "Product": "Microsoft\\xae Windows\\xae Operating System",
                                "Description": "Command Line Interface for Microsoft\\xae Volume Shadow Copy Service ",
                                "Company": "Microsoft Corporation",
                                "ParentProcessGuid": "{C784477D-F7F9-6480-2A06-000000003400}",
                                "User": "DESKTOP-B0T93D6\\george",
                                "Hashes": "MD5=7E30B94672107D3381A1D175CF18C147,SHA256=BB1D73C5104A722F228B39CCB24C6F2BB13EFCCA2EA65B013D33433550E3BCE7,IMPHASH=B8C53607A902DC54702978C63D6E8B2E",
                                "OriginalFileName": "VSSADMIN.EXE",
                                "ParentImage": "C:\\Windows\\SysWOW64\\explorer.exe",
                                "FileVersion": "10.0.17134.1 (WinBuild.160101.0800)",
                                "ParentProcessId": "7284",
                                "CurrentDirectory": "C:\\Users\\george\\Desktop\\",
                                "CommandLine": "vssadmin.exe Delete Shadows /All /Quiet",
                                "EventID": "1",
                                "LogonGuid": "C784477D-94DE-6442-5DCF-030000000000",
                                "LogonId": "249693",
                                "Image": "C:\\Windows\\SysWOW64\\vssadmin.exe",
                                "IntegrityLevel": "High",
                                "ParentCommandLine": "\"C:\\Windows\\syswow64\\explorer.exe\"",
                                "UtcTime": "1686173691",
                                "RuleName": "-"
                            }
                        },
                        {
                            "values": {
                                "TerminalSessionId": "1",
                                "ProcessGuid": "{C784477D-F804-6480-3406-000000003400}",
                                "ProcessId": "7760",
                                "Product": "Microsoft\\xae Windows\\xae Operating System",
                                "Description": "Command Line Interface for Microsoft\\xae Volume Shadow Copy Service ",
                                "Company": "Microsoft Corporation",
                                "ParentProcessGuid": "{C784477D-F804-6480-3206-000000003400}",
                                "User": "DESKTOP-B0T93D6\\george",
                                "Hashes": "MD5=7E30B94672107D3381A1D175CF18C147,SHA256=BB1D73C5104A722F228B39CCB24C6F2BB13EFCCA2EA65B013D33433550E3BCE7,IMPHASH=B8C53607A902DC54702978C63D6E8B2E",
                                "OriginalFileName": "VSSADMIN.EXE",
                                "ParentImage": "C:\\Windows\\SysWOW64\\explorer.exe",
                                "FileVersion": "10.0.17134.1 (WinBuild.160101.0800)",
                                "ParentProcessId": "4424",
                                "CurrentDirectory": "C:\\1f7c1bb\\",
                                "CommandLine": "vssadmin.exe Delete Shadows /All /Quiet",
                                "EventID": "1",
                                "LogonGuid": "C784477D-94DE-6442-C3CF-030000000000",
                                "LogonId": "249795",
                                "Image": "C:\\Windows\\SysWOW64\\vssadmin.exe",
                                "IntegrityLevel": "Medium",
                                "ParentCommandLine": "\"C:\\Windows\\syswow64\\explorer.exe\"",
                                "UtcTime": "1686173700",
                                "RuleName": "-"
                            }
                        },
                        {
                            "values": {
                                "TerminalSessionId": "1",
                                "ProcessGuid": "{C784477D-F80C-6480-3A06-000000003400}",
                                "ProcessId": "7928",
                                "Product": "Microsoft\\xae Windows\\xae Operating System",
                                "Description": "Command Line Interface for Microsoft\\xae Volume Shadow Copy Service ",
                                "Company": "Microsoft Corporation",
                                "ParentProcessGuid": "{C784477D-F80C-6480-3806-000000003400}",
                                "User": "DESKTOP-B0T93D6\\george",
                                "Hashes": "MD5=7E30B94672107D3381A1D175CF18C147,SHA256=BB1D73C5104A722F228B39CCB24C6F2BB13EFCCA2EA65B013D33433550E3BCE7,IMPHASH=B8C53607A902DC54702978C63D6E8B2E",
                                "OriginalFileName": "VSSADMIN.EXE",
                                "ParentImage": "C:\\Windows\\SysWOW64\\explorer.exe",
                                "FileVersion": "10.0.17134.1 (WinBuild.160101.0800)",
                                "ParentProcessId": "8088",
                                "CurrentDirectory": "C:\\Users\\george\\AppData\\Roaming\\",
                                "CommandLine": "vssadmin.exe Delete Shadows /All /Quiet",
                                "EventID": "1",
                                "LogonGuid": "C784477D-94DE-6442-C3CF-030000000000",
                                "LogonId": "249795",
                                "Image": "C:\\Windows\\SysWOW64\\vssadmin.exe",
                                "IntegrityLevel": "Medium",
                                "ParentCommandLine": "\"C:\\Windows\\syswow64\\explorer.exe\"",
                                "UtcTime": "1686173708",
                                "RuleName": "-"
                            }
                        },
                        {
                            "values": {
                                "TerminalSessionId": "1",
                                "ProcessGuid": "{C784477D-F814-6480-3F06-000000003400}",
                                "ProcessId": "2500",
                                "Product": "Microsoft\\xae Windows\\xae Operating System",
                                "Description": "Command Line Interface for Microsoft\\xae Volume Shadow Copy Service ",
                                "Company": "Microsoft Corporation",
                                "ParentProcessGuid": "{C784477D-F814-6480-3D06-000000003400}",
                                "User": "DESKTOP-B0T93D6\\george",
                                "Hashes": "MD5=7E30B94672107D3381A1D175CF18C147,SHA256=BB1D73C5104A722F228B39CCB24C6F2BB13EFCCA2EA65B013D33433550E3BCE7,IMPHASH=B8C53607A902DC54702978C63D6E8B2E",
                                "OriginalFileName": "VSSADMIN.EXE",
                                "ParentImage": "C:\\Windows\\SysWOW64\\explorer.exe",
                                "FileVersion": "10.0.17134.1 (WinBuild.160101.0800)",
                                "ParentProcessId": "7996",
                                "CurrentDirectory": "C:\\1f7c1bb\\",
                                "CommandLine": "vssadmin.exe Delete Shadows /All /Quiet",
                                "EventID": "1",
                                "LogonGuid": "C784477D-94DE-6442-C3CF-030000000000",
                                "LogonId": "249795",
                                "Image": "C:\\Windows\\SysWOW64\\vssadmin.exe",
                                "IntegrityLevel": "Medium",
                                "ParentCommandLine": "\"C:\\Windows\\syswow64\\explorer.exe\"",
                                "UtcTime": "1686173716",
                                "RuleName": "-"
                            }
                        },
                        {
                            "values": {
                                "TerminalSessionId": "1",
                                "ProcessGuid": "{C784477D-F81C-6480-4406-000000003400}",
                                "ProcessId": "3936",
                                "Product": "Microsoft\\xae Windows\\xae Operating System",
                                "Description": "Command Line Interface for Microsoft\\xae Volume Shadow Copy Service ",
                                "Company": "Microsoft Corporation",
                                "ParentProcessGuid": "{C784477D-F81C-6480-4206-000000003400}",
                                "User": "DESKTOP-B0T93D6\\george",
                                "Hashes": "MD5=7E30B94672107D3381A1D175CF18C147,SHA256=BB1D73C5104A722F228B39CCB24C6F2BB13EFCCA2EA65B013D33433550E3BCE7,IMPHASH=B8C53607A902DC54702978C63D6E8B2E",
                                "OriginalFileName": "VSSADMIN.EXE",
                                "ParentImage": "C:\\Windows\\SysWOW64\\explorer.exe",
                                "FileVersion": "10.0.17134.1 (WinBuild.160101.0800)",
                                "ParentProcessId": "3088",
                                "CurrentDirectory": "C:\\Users\\george\\AppData\\Roaming\\",
                                "CommandLine": "vssadmin.exe Delete Shadows /All /Quiet",
                                "EventID": "1",
                                "LogonGuid": "C784477D-94DE-6442-C3CF-030000000000",
                                "LogonId": "249795",
                                "Image": "C:\\Windows\\SysWOW64\\vssadmin.exe",
                                "IntegrityLevel": "Medium",
                                "ParentCommandLine": "\"C:\\Windows\\syswow64\\explorer.exe\"",
                                "UtcTime": "1686173724",
                                "RuleName": "-"
                            }
                        },
                        {
                            "values": {
                                "TerminalSessionId": "1",
                                "ProcessGuid": "{C784477D-F824-6480-4906-000000003400}",
                                "ProcessId": "6932",
                                "Product": "Microsoft\\xae Windows\\xae Operating System",
                                "Description": "Command Line Interface for Microsoft\\xae Volume Shadow Copy Service ",
                                "Company": "Microsoft Corporation",
                                "ParentProcessGuid": "{C784477D-F824-6480-4706-000000003400}",
                                "User": "DESKTOP-B0T93D6\\george",
                                "Hashes": "MD5=7E30B94672107D3381A1D175CF18C147,SHA256=BB1D73C5104A722F228B39CCB24C6F2BB13EFCCA2EA65B013D33433550E3BCE7,IMPHASH=B8C53607A902DC54702978C63D6E8B2E",
                                "OriginalFileName": "VSSADMIN.EXE",
                                "ParentImage": "C:\\Windows\\SysWOW64\\explorer.exe",
                                "FileVersion": "10.0.17134.1 (WinBuild.160101.0800)",
                                "ParentProcessId": "7456",
                                "CurrentDirectory": "C:\\1f7c1bb\\",
                                "CommandLine": "vssadmin.exe Delete Shadows /All /Quiet",
                                "EventID": "1",
                                "LogonGuid": "C784477D-94DE-6442-C3CF-030000000000",
                                "LogonId": "249795",
                                "Image": "C:\\Windows\\SysWOW64\\vssadmin.exe",
                                "IntegrityLevel": "Medium",
                                "ParentCommandLine": "\"C:\\Windows\\syswow64\\explorer.exe\"",
                                "UtcTime": "1686173732",
                                "RuleName": "-"
                            }
                        },
                        {
                            "values": {
                                "TerminalSessionId": "1",
                                "ProcessGuid": "{C784477D-F82D-6480-4F06-000000003400}",
                                "ProcessId": "7852",
                                "Product": "Microsoft\\xae Windows\\xae Operating System",
                                "Description": "Command Line Interface for Microsoft\\xae Volume Shadow Copy Service ",
                                "Company": "Microsoft Corporation",
                                "ParentProcessGuid": "{C784477D-F82C-6480-4C06-000000003400}",
                                "User": "DESKTOP-B0T93D6\\george",
                                "Hashes": "MD5=7E30B94672107D3381A1D175CF18C147,SHA256=BB1D73C5104A722F228B39CCB24C6F2BB13EFCCA2EA65B013D33433550E3BCE7,IMPHASH=B8C53607A902DC54702978C63D6E8B2E",
                                "OriginalFileName": "VSSADMIN.EXE",
                                "ParentImage": "C:\\Windows\\SysWOW64\\explorer.exe",
                                "FileVersion": "10.0.17134.1 (WinBuild.160101.0800)",
                                "ParentProcessId": "6212",
                                "CurrentDirectory": "C:\\Users\\george\\AppData\\Roaming\\",
                                "CommandLine": "vssadmin.exe Delete Shadows /All /Quiet",
                                "EventID": "1",
                                "LogonGuid": "C784477D-94DE-6442-C3CF-030000000000",
                                "LogonId": "249795",
                                "Image": "C:\\Windows\\SysWOW64\\vssadmin.exe",
                                "IntegrityLevel": "Medium",
                                "ParentCommandLine": "\"C:\\Windows\\syswow64\\explorer.exe\"",
                                "UtcTime": "1686173741",
                                "RuleName": "-"
                            }
                        },
                        {
                            "values": {
                                "TerminalSessionId": "1",
                                "ProcessGuid": "{C784477D-F835-6480-5406-000000003400}",
                                "ProcessId": "7248",
                                "Product": "Microsoft\\xae Windows\\xae Operating System",
                                "Description": "Command Line Interface for Microsoft\\xae Volume Shadow Copy Service ",
                                "Company": "Microsoft Corporation",
                                "ParentProcessGuid": "{C784477D-F834-6480-5206-000000003400}",
                                "User": "DESKTOP-B0T93D6\\george",
                                "Hashes": "MD5=7E30B94672107D3381A1D175CF18C147,SHA256=BB1D73C5104A722F228B39CCB24C6F2BB13EFCCA2EA65B013D33433550E3BCE7,IMPHASH=B8C53607A902DC54702978C63D6E8B2E",
                                "OriginalFileName": "VSSADMIN.EXE",
                                "ParentImage": "C:\\Windows\\SysWOW64\\explorer.exe",
                                "FileVersion": "10.0.17134.1 (WinBuild.160101.0800)",
                                "ParentProcessId": "7208",
                                "CurrentDirectory": "C:\\1f7c1bb\\",
                                "CommandLine": "vssadmin.exe Delete Shadows /All /Quiet",
                                "EventID": "1",
                                "LogonGuid": "C784477D-94DE-6442-C3CF-030000000000",
                                "LogonId": "249795",
                                "Image": "C:\\Windows\\SysWOW64\\vssadmin.exe",
                                "IntegrityLevel": "Medium",
                                "ParentCommandLine": "\"C:\\Windows\\syswow64\\explorer.exe\"",
                                "UtcTime": "1686173749",
                                "RuleName": "-"
                            }
                        },
                        {
                            "values": {
                                "TerminalSessionId": "1",
                                "ProcessGuid": "{C784477D-F83D-6480-5906-000000003400}",
                                "ProcessId": "5344",
                                "Product": "Microsoft\\xae Windows\\xae Operating System",
                                "Description": "Command Line Interface for Microsoft\\xae Volume Shadow Copy Service ",
                                "Company": "Microsoft Corporation",
                                "ParentProcessGuid": "{C784477D-F83C-6480-5706-000000003400}",
                                "User": "DESKTOP-B0T93D6\\george",
                                "Hashes": "MD5=7E30B94672107D3381A1D175CF18C147,SHA256=BB1D73C5104A722F228B39CCB24C6F2BB13EFCCA2EA65B013D33433550E3BCE7,IMPHASH=B8C53607A902DC54702978C63D6E8B2E",
                                "OriginalFileName": "VSSADMIN.EXE",
                                "ParentImage": "C:\\Windows\\SysWOW64\\explorer.exe",
                                "FileVersion": "10.0.17134.1 (WinBuild.160101.0800)",
                                "ParentProcessId": "6136",
                                "CurrentDirectory": "C:\\Users\\george\\AppData\\Roaming\\",
                                "CommandLine": "vssadmin.exe Delete Shadows /All /Quiet",
                                "EventID": "1",
                                "LogonGuid": "C784477D-94DE-6442-C3CF-030000000000",
                                "LogonId": "249795",
                                "Image": "C:\\Windows\\SysWOW64\\vssadmin.exe",
                                "IntegrityLevel": "Medium",
                                "ParentCommandLine": "\"C:\\Windows\\syswow64\\explorer.exe\"",
                                "UtcTime": "1686173757",
                                "RuleName": "-"
                            }
                        },
