                        {
                            "values": {
                                "TerminalSessionId": "1",
                                "ProcessGuid": "{C784477D-F844-6480-5E06-000000003400}",
                                "ProcessId": "8020",
                                "Product": "Microsoft\\xae Windows\\xae Operating System",
                                "Description": "Command Line Interface for Microsoft\\xae Volume Shadow Copy Service ",
                                "Company": "Microsoft Corporation",
                                "ParentProcessGuid": "{C784477D-F844-6480-5C06-000000003400}",
                                "User": "DESKTOP-B0T93D6\\george",
                                "Hashes": "MD5=7E30B94672107D3381A1D175CF18C147,SHA256=BB1D73C5104A722F228B39CCB24C6F2BB13EFCCA2EA65B013D33433550E3BCE7,IMPHASH=B8C53607A902DC54702978C63D6E8B2E",
                                "OriginalFileName": "VSSADMIN.EXE",
                                "ParentImage": "C:\\Windows\\SysWOW64\\explorer.exe",
                                "FileVersion": "10.0.17134.1 (WinBuild.160101.0800)",
                                "ParentProcessId": "4592",
                                "CurrentDirectory": "C:\\Users\\george\\AppData\\Roaming\\Microsoft\\Windows\\Start Menu\\Programs\\Startup\\",
                                "CommandLine": "vssadmin.exe Delete Shadows /All /Quiet",
                                "EventID": "1",
                                "LogonGuid": "C784477D-94DE-6442-C3CF-030000000000",
                                "LogonId": "249795",
                                "Image": "C:\\Windows\\SysWOW64\\vssadmin.exe",
                                "IntegrityLevel": "Medium",
                                "ParentCommandLine": "\"C:\\Windows\\syswow64\\explorer.exe\"",
                                "UtcTime": "1686173764",
                                "RuleName": "-"
                            }
                        }
                    ],
                    "rule_level": "high",
                    "rule_id": "ad5e4d4b939797a70a9aa742d979a4742c2cfedddd663fb1a43b2795c1e6054b",
                    "rule_source": "Sigma Integrated Rule Set (GitHub)",
                    "rule_title": "Shadow Copies Deletion Using Operating Systems Utilities",
                    "rule_description": "Shadow Copies deletion using operating systems utilities",
                    "rule_author": "Florian Roth (Nextron Systems), Michael Haag, Teymur Kheirkhabarov, Daniil Yugoslavskiy, oscd.community, Andreas Hunkeler (@Karneades)"
                },
                {
                    "match_context": [
                        {
                            "values": {
                                "EventID": "8",
                                "TargetProcessGuid": "{C784477D-F7F9-6480-2A06-000000003400}",
                                "NewThreadId": "7280",
                                "StartModule": "-",
                                "StartFunction": "-",
                                "SourceProcessId": "7260",
                                "TargetImage": "C:\\Windows\\SysWOW64\\explorer.exe",
                                "UtcTime": "1686173689",
                                "SourceImage": "C:\\Users\\george\\Desktop\\schnoz.exe",
                                "TargetProcessId": "7284",
                                "RuleName": "-",
                                "SourceProcessGuid": "{C784477D-F7F9-6480-2906-000000003400}",
                                "StartAddress": "9978720"
                            }
                        },
                        {
                            "values": {
                                "EventID": "8",
                                "TargetImage": "C:\\Windows\\SysWOW64\\explorer.exe",
                                "TargetProcessGuid": "{C784477D-F804-6480-3206-000000003400}",
                                "NewThreadId": "6688",
                                "StartModule": "-",
                                "SourceProcessId": "7568",
                                "StartFunction": "-",
                                "UtcTime": "1686173700",
                                "SourceImage": "C:\\1f7c1bb\\1f7c1bb.exe",
                                "TargetProcessId": "4424",
                                "RuleName": "-",
                                "SourceProcessGuid": "{C784477D-F804-6480-3106-000000003400}",
                                "StartAddress": "4866912"
                            }
                        },
                        {
                            "values": {
                                "EventID": "8",
                                "TargetProcessGuid": "{C784477D-F80C-6480-3806-000000003400}",
                                "NewThreadId": "7508",
                                "StartModule": "-",
                                "StartFunction": "-",
                                "UtcTime": "1686173708",
                                "TargetImage": "C:\\Windows\\SysWOW64\\explorer.exe",
                                "SourceProcessId": "3456",
                                "SourceImage": "C:\\Users\\george\\AppData\\Roaming\\1f7c1bb.exe",
                                "TargetProcessId": "8088",
                                "RuleName": "-",
                                "SourceProcessGuid": "{C784477D-F80C-6480-3706-000000003400}",
                                "StartAddress": "4014944"
                            }
                        },
                        {
                            "values": {
                                "EventID": "8",
                                "TargetProcessGuid": "{C784477D-F814-6480-3D06-000000003400}",
                                "NewThreadId": "8012",
                                "StartModule": "-",
                                "StartFunction": "-",
                                "UtcTime": "1686173716",
                                "TargetImage": "C:\\Windows\\SysWOW64\\explorer.exe",
                                "SourceProcessId": "8040",
                                "SourceImage": "C:\\1f7c1bb\\1f7c1bb.exe",
                                "TargetProcessId": "7996",
                                "RuleName": "-",
                                "StartAddress": "4014944",
                                "SourceProcessGuid": "{C784477D-F814-6480-3C06-000000003400}"
                            }
                        },
                        {
                            "values": {
                                "EventID": "8",
                                "TargetImage": "C:\\Windows\\SysWOW64\\explorer.exe",
                                "TargetProcessGuid": "{C784477D-F81C-6480-4206-000000003400}",
                                "NewThreadId": "8184",
                                "StartModule": "-",
                                "SourceProcessId": "4540",
                                "StartFunction": "-",
                                "UtcTime": "1686173724",
                                "SourceImage": "C:\\Users\\george\\AppData\\Roaming\\1f7c1bb.exe",
                                "TargetProcessId": "3088",
                                "RuleName": "-",
                                "StartAddress": "6243168",
                                "SourceProcessGuid": "{C784477D-F81C-6480-4106-000000003400}"
                            }
                        },
                        {
                            "values": {
                                "EventID": "8",
                                "TargetProcessGuid": "{C784477D-F824-6480-4706-000000003400}",
                                "NewThreadId": "5188",
                                "StartModule": "-",
                                "StartFunction": "-",
                                "SourceProcessId": "7448",
                                "TargetImage": "C:\\Windows\\SysWOW64\\explorer.exe",
                                "UtcTime": "1686173732",
                                "SourceImage": "C:\\1f7c1bb\\1f7c1bb.exe",
                                "TargetProcessId": "7456",
                                "RuleName": "-",
                                "StartAddress": "4866912",
                                "SourceProcessGuid": "{C784477D-F824-6480-4606-000000003400}"
                            }
                        },
                        {
                            "values": {
                                "EventID": "8",
                                "TargetProcessGuid": "{C784477D-F82C-6480-4C06-000000003400}",
                                "NewThreadId": "1736",
                                "StartModule": "-",
                                "StartFunction": "-",
                                "SourceProcessId": "3744",
                                "TargetImage": "C:\\Windows\\SysWOW64\\explorer.exe",
                                "UtcTime": "1686173740",
                                "SourceImage": "C:\\Users\\george\\AppData\\Roaming\\1f7c1bb.exe",
                                "TargetProcessId": "6212",
                                "RuleName": "-",
                                "SourceProcessGuid": "{C784477D-F82C-6480-4B06-000000003400}",
                                "StartAddress": "4014944"
                            }
                        },
                        {
                            "values": {
                                "EventID": "8",
                                "TargetProcessGuid": "{C784477D-F834-6480-5206-000000003400}",
                                "NewThreadId": "7212",
                                "StartModule": "-",
                                "StartFunction": "-",
                                "UtcTime": "1686173748",
                                "TargetImage": "C:\\Windows\\SysWOW64\\explorer.exe",
                                "SourceProcessId": "7612",
                                "SourceImage": "C:\\1f7c1bb\\1f7c1bb.exe",
                                "TargetProcessId": "7208",
                                "RuleName": "-",
                                "StartAddress": "53101408",
                                "SourceProcessGuid": "{C784477D-F834-6480-5106-000000003400}"
                            }
                        },
                        {
                            "values": {
                                "EventID": "8",
                                "TargetImage": "C:\\Windows\\SysWOW64\\explorer.exe",
                                "TargetProcessGuid": "{C784477D-F83C-6480-5706-000000003400}",
                                "NewThreadId": "7936",
                                "StartModule": "-",
                                "SourceProcessId": "7732",
                                "StartFunction": "-",
                                "UtcTime": "1686173756",
                                "SourceImage": "C:\\Users\\george\\AppData\\Roaming\\1f7c1bb.exe",
                                "TargetProcessId": "6136",
                                "RuleName": "-",
                                "StartAddress": "53101408",
                                "SourceProcessGuid": "{C784477D-F83C-6480-5606-000000003400}"
                            }
                        }
                    ],
                    "rule_level": "high",
                    "rule_id": "ea7ec9e92c165a4cef023fd658ef72279f03378ab53f4481eb973ecb2171b193",
                    "rule_source": "Sigma Integrated Rule Set (GitHub)",
                    "rule_title": "Remote Thread Creation In Uncommon Target Image",
                    "rule_description": "Detects uncommon target processes for remote thread creation",
                    "rule_author": "Florian Roth (Nextron Systems)"
                },
                {
                    "match_context": [
                        {
                            "values": {
                                "EventID": "13",
                                "ProcessId": "7284",
                                "EventType": "SetValue",
                                "Image": "C:\\Windows\\SysWOW64\\explorer.exe",
                                "RuleName": "T1060,RunKey",
                                "UtcTime": "1686173690",
                                "Details": "C:\\1f7c1bb\\1f7c1bb.exe",
                                "ProcessGuid": "{C784477D-F7F9-6480-2A06-000000003400}",
                                "TargetObject": "HKU\\S-1-5-21-1015118539-3749460369-599379286-1001\\Software\\Microsoft\\Windows\\CurrentVersion\\Run\\1f7c1b"
                            }
                        },
                        {
                            "values": {
                                "EventID": "13",
                                "ProcessId": "7284",
                                "EventType": "SetValue",
                                "Image": "C:\\Windows\\SysWOW64\\explorer.exe",
                                "RuleName": "T1060,RunKey",
                                "UtcTime": "1686173690",
                                "Details": "C:\\1f7c1bb\\1f7c1bb.exe",
                                "ProcessGuid": "{C784477D-F7F9-6480-2A06-000000003400}",
                                "TargetObject": "HKU\\S-1-5-21-1015118539-3749460369-599379286-1001\\Software\\Microsoft\\Windows\\CurrentVersion\\RunOnce\\*f7c1b"
                            }
                        },
                        {
                            "values": {
                                "EventID": "13",
                                "ProcessId": "7284",
                                "EventType": "SetValue",
                                "Image": "C:\\Windows\\SysWOW64\\explorer.exe",
                                "ProcessGuid": "{C784477D-F7F9-6480-2A06-000000003400}",
                                "UtcTime": "1686173690",
                                "Details": "C:\\Users\\george\\AppData\\Roaming\\1f7c1bb.exe",
                                "RuleName": "T1060,RunKey",
                                "TargetObject": "HKU\\S-1-5-21-1015118539-3749460369-599379286-1001\\Software\\Microsoft\\Windows\\CurrentVersion\\Run\\1f7c1bb"
                            }
                        },
                        {
                            "values": {
                                "EventID": "13",
                                "ProcessId": "7284",
                                "EventType": "SetValue",
                                "Image": "C:\\Windows\\SysWOW64\\explorer.exe",
                                "RuleName": "T1060,RunKey",
                                "UtcTime": "1686173690",
                                "Details": "C:\\Users\\george\\AppData\\Roaming\\1f7c1bb.exe",
                                "ProcessGuid": "{C784477D-F7F9-6480-2A06-000000003400}",
                                "TargetObject": "HKU\\S-1-5-21-1015118539-3749460369-599379286-1001\\Software\\Microsoft\\Windows\\CurrentVersion\\RunOnce\\*f7c1bb"
                            }
                        }
                    ],
                    "rule_level": "medium",
                    "rule_id": "8b5db9da5732dc549b0e8b56fe5933d7c95ed760f3ac20568ab95347ef8c5bcc",
                    "rule_source": "Sigma Integrated Rule Set (GitHub)",
                    "rule_title": "CurrentVersion Autorun Keys Modification",
                    "rule_description": "Detects modification of autostart extensibility point (ASEP) in registry.",
                    "rule_author": "Victor Sergeev, Daniil Yugoslavskiy, Gleb Sukhodolskiy, Timur Zinniatullin, oscd.community, Tim Shelton, frack113 (split)"
                },
                {
                    "match_context": [
                        {
                            "values": {
                                "TerminalSessionId": "1",
                                "ProcessGuid": "{C784477D-F7FB-6480-2C06-000000003400}",
                                "ProcessId": "7332",
                                "Product": "Microsoft\\xae Windows\\xae Operating System",
                                "Description": "Command Line Interface for Microsoft\\xae Volume Shadow Copy Service ",
                                "Company": "Microsoft Corporation",
                                "ParentProcessGuid": "{C784477D-F7F9-6480-2A06-000000003400}",
                                "User": "DESKTOP-B0T93D6\\george",
                                "Hashes": "MD5=7E30B94672107D3381A1D175CF18C147,SHA256=BB1D73C5104A722F228B39CCB24C6F2BB13EFCCA2EA65B013D33433550E3BCE7,IMPHASH=B8C53607A902DC54702978C63D6E8B2E",
                                "OriginalFileName": "VSSADMIN.EXE",
                                "ParentImage": "C:\\Windows\\SysWOW64\\explorer.exe",
                                "FileVersion": "10.0.17134.1 (WinBuild.160101.0800)",
                                "ParentProcessId": "7284",
                                "CurrentDirectory": "C:\\Users\\george\\Desktop\\",
                                "CommandLine": "vssadmin.exe Delete Shadows /All /Quiet",
                                "EventID": "1",
                                "LogonGuid": "C784477D-94DE-6442-5DCF-030000000000",
                                "LogonId": "249693",
                                "Image": "C:\\Windows\\SysWOW64\\vssadmin.exe",
                                "IntegrityLevel": "High",
                                "ParentCommandLine": "\"C:\\Windows\\syswow64\\explorer.exe\"",
                                "UtcTime": "1686173691",
                                "RuleName": "-"
                            }
                        },
                        {
                            "values": {
                                "TerminalSessionId": "1",
                                "ProcessGuid": "{C784477D-F804-6480-3406-000000003400}",
                                "ProcessId": "7760",
                                "Product": "Microsoft\\xae Windows\\xae Operating System",
                                "Description": "Command Line Interface for Microsoft\\xae Volume Shadow Copy Service ",
                                "Company": "Microsoft Corporation",
                                "ParentProcessGuid": "{C784477D-F804-6480-3206-000000003400}",
                                "User": "DESKTOP-B0T93D6\\george",
                                "Hashes": "MD5=7E30B94672107D3381A1D175CF18C147,SHA256=BB1D73C5104A722F228B39CCB24C6F2BB13EFCCA2EA65B013D33433550E3BCE7,IMPHASH=B8C53607A902DC54702978C63D6E8B2E",
                                "OriginalFileName": "VSSADMIN.EXE",
                                "ParentImage": "C:\\Windows\\SysWOW64\\explorer.exe",
                                "FileVersion": "10.0.17134.1 (WinBuild.160101.0800)",
                                "ParentProcessId": "4424",
                                "CurrentDirectory": "C:\\1f7c1bb\\",
                                "CommandLine": "vssadmin.exe Delete Shadows /All /Quiet",
                                "EventID": "1",
                                "LogonGuid": "C784477D-94DE-6442-C3CF-030000000000",
                                "LogonId": "249795",
                                "Image": "C:\\Windows\\SysWOW64\\vssadmin.exe",
                                "IntegrityLevel": "Medium",
                                "ParentCommandLine": "\"C:\\Windows\\syswow64\\explorer.exe\"",
                                "UtcTime": "1686173700",
                                "RuleName": "-"
                            }
                        },
                        {
                            "values": {
                                "TerminalSessionId": "1",
                                "ProcessGuid": "{C784477D-F80C-6480-3A06-000000003400}",
                                "ProcessId": "7928",
                                "Product": "Microsoft\\xae Windows\\xae Operating System",
                                "Description": "Command Line Interface for Microsoft\\xae Volume Shadow Copy Service ",
                                "Company": "Microsoft Corporation",
                                "ParentProcessGuid": "{C784477D-F80C-6480-3806-000000003400}",
                                "User": "DESKTOP-B0T93D6\\george",
                                "Hashes": "MD5=7E30B94672107D3381A1D175CF18C147,SHA256=BB1D73C5104A722F228B39CCB24C6F2BB13EFCCA2EA65B013D33433550E3BCE7,IMPHASH=B8C53607A902DC54702978C63D6E8B2E",
                                "OriginalFileName": "VSSADMIN.EXE",
                                "ParentImage": "C:\\Windows\\SysWOW64\\explorer.exe",
                                "FileVersion": "10.0.17134.1 (WinBuild.160101.0800)",
                                "ParentProcessId": "8088",
                                "CurrentDirectory": "C:\\Users\\george\\AppData\\Roaming\\",
                                "CommandLine": "vssadmin.exe Delete Shadows /All /Quiet",
                                "EventID": "1",
                                "LogonGuid": "C784477D-94DE-6442-C3CF-030000000000",
                                "LogonId": "249795",
                                "Image": "C:\\Windows\\SysWOW64\\vssadmin.exe",
                                "IntegrityLevel": "Medium",
                                "ParentCommandLine": "\"C:\\Windows\\syswow64\\explorer.exe\"",
                                "UtcTime": "1686173708",
                                "RuleName": "-"
                            }
                        },
                        {
                            "values": {
                                "TerminalSessionId": "1",
                                "ProcessGuid": "{C784477D-F814-6480-3F06-000000003400}",
                                "ProcessId": "2500",
                                "Product": "Microsoft\\xae Windows\\xae Operating System",
                                "Description": "Command Line Interface for Microsoft\\xae Volume Shadow Copy Service ",
                                "Company": "Microsoft Corporation",
                                "ParentProcessGuid": "{C784477D-F814-6480-3D06-000000003400}",
                                "User": "DESKTOP-B0T93D6\\george",
                                "Hashes": "MD5=7E30B94672107D3381A1D175CF18C147,SHA256=BB1D73C5104A722F228B39CCB24C6F2BB13EFCCA2EA65B013D33433550E3BCE7,IMPHASH=B8C53607A902DC54702978C63D6E8B2E",
                                "OriginalFileName": "VSSADMIN.EXE",
                                "ParentImage": "C:\\Windows\\SysWOW64\\explorer.exe",
                                "FileVersion": "10.0.17134.1 (WinBuild.160101.0800)",
                                "ParentProcessId": "7996",
                                "CurrentDirectory": "C:\\1f7c1bb\\",
                                "CommandLine": "vssadmin.exe Delete Shadows /All /Quiet",
                                "EventID": "1",
                                "LogonGuid": "C784477D-94DE-6442-C3CF-030000000000",
                                "LogonId": "249795",
                                "Image": "C:\\Windows\\SysWOW64\\vssadmin.exe",
                                "IntegrityLevel": "Medium",
                                "ParentCommandLine": "\"C:\\Windows\\syswow64\\explorer.exe\"",
                                "UtcTime": "1686173716",
                                "RuleName": "-"
                            }
                        },
                        {
                            "values": {
                                "TerminalSessionId": "1",
                                "ProcessGuid": "{C784477D-F81C-6480-4406-000000003400}",
                                "ProcessId": "3936",
                                "Product": "Microsoft\\xae Windows\\xae Operating System",
                                "Description": "Command Line Interface for Microsoft\\xae Volume Shadow Copy Service ",
                                "Company": "Microsoft Corporation",
                                "ParentProcessGuid": "{C784477D-F81C-6480-4206-000000003400}",
                                "User": "DESKTOP-B0T93D6\\george",
                                "Hashes": "MD5=7E30B94672107D3381A1D175CF18C147,SHA256=BB1D73C5104A722F228B39CCB24C6F2BB13EFCCA2EA65B013D33433550E3BCE7,IMPHASH=B8C53607A902DC54702978C63D6E8B2E",
                                "OriginalFileName": "VSSADMIN.EXE",
                                "ParentImage": "C:\\Windows\\SysWOW64\\explorer.exe",
                                "FileVersion": "10.0.17134.1 (WinBuild.160101.0800)",
                                "ParentProcessId": "3088",
                                "CurrentDirectory": "C:\\Users\\george\\AppData\\Roaming\\",
                                "CommandLine": "vssadmin.exe Delete Shadows /All /Quiet",
                                "EventID": "1",
                                "LogonGuid": "C784477D-94DE-6442-C3CF-030000000000",
                                "LogonId": "249795",
                                "Image": "C:\\Windows\\SysWOW64\\vssadmin.exe",
                                "IntegrityLevel": "Medium",
                                "ParentCommandLine": "\"C:\\Windows\\syswow64\\explorer.exe\"",
                                "UtcTime": "1686173724",
                                "RuleName": "-"
                            }
                        },
                        {
                            "values": {
                                "TerminalSessionId": "1",
                                "ProcessGuid": "{C784477D-F824-6480-4906-000000003400}",
                                "ProcessId": "6932",
                                "Product": "Microsoft\\xae Windows\\xae Operating System",
                                "Description": "Command Line Interface for Microsoft\\xae Volume Shadow Copy Service ",
                                "Company": "Microsoft Corporation",
                                "ParentProcessGuid": "{C784477D-F824-6480-4706-000000003400}",
                                "User": "DESKTOP-B0T93D6\\george",
                                "Hashes": "MD5=7E30B94672107D3381A1D175CF18C147,SHA256=BB1D73C5104A722F228B39CCB24C6F2BB13EFCCA2EA65B013D33433550E3BCE7,IMPHASH=B8C53607A902DC54702978C63D6E8B2E",
                                "OriginalFileName": "VSSADMIN.EXE",
                                "ParentImage": "C:\\Windows\\SysWOW64\\explorer.exe",
                                "FileVersion": "10.0.17134.1 (WinBuild.160101.0800)",
                                "ParentProcessId": "7456",
                                "CurrentDirectory": "C:\\1f7c1bb\\",
                                "CommandLine": "vssadmin.exe Delete Shadows /All /Quiet",
                                "EventID": "1",
                                "LogonGuid": "C784477D-94DE-6442-C3CF-030000000000",
                                "LogonId": "249795",
                                "Image": "C:\\Windows\\SysWOW64\\vssadmin.exe",
                                "IntegrityLevel": "Medium",
                                "ParentCommandLine": "\"C:\\Windows\\syswow64\\explorer.exe\"",
                                "UtcTime": "1686173732",
                                "RuleName": "-"
                            }
                        },
                        {
                            "values": {
                                "TerminalSessionId": "1",
                                "ProcessGuid": "{C784477D-F82D-6480-4F06-000000003400}",
                                "ProcessId": "7852",
                                "Product": "Microsoft\\xae Windows\\xae Operating System",
                                "Description": "Command Line Interface for Microsoft\\xae Volume Shadow Copy Service ",
                                "Company": "Microsoft Corporation",
                                "ParentProcessGuid": "{C784477D-F82C-6480-4C06-000000003400}",
                                "User": "DESKTOP-B0T93D6\\george",
                                "Hashes": "MD5=7E30B94672107D3381A1D175CF18C147,SHA256=BB1D73C5104A722F228B39CCB24C6F2BB13EFCCA2EA65B013D33433550E3BCE7,IMPHASH=B8C53607A902DC54702978C63D6E8B2E",
                                "OriginalFileName": "VSSADMIN.EXE",
                                "ParentImage": "C:\\Windows\\SysWOW64\\explorer.exe",
                                "FileVersion": "10.0.17134.1 (WinBuild.160101.0800)",
                                "ParentProcessId": "6212",
                                "CurrentDirectory": "C:\\Users\\george\\AppData\\Roaming\\",
                                "CommandLine": "vssadmin.exe Delete Shadows /All /Quiet",
                                "EventID": "1",
                                "LogonGuid": "C784477D-94DE-6442-C3CF-030000000000",
                                "LogonId": "249795",
                                "Image": "C:\\Windows\\SysWOW64\\vssadmin.exe",
                                "IntegrityLevel": "Medium",
                                "ParentCommandLine": "\"C:\\Windows\\syswow64\\explorer.exe\"",
                                "UtcTime": "1686173741",
                                "RuleName": "-"
                            }
                        },
                        {
                            "values": {
                                "TerminalSessionId": "1",
                                "ProcessGuid": "{C784477D-F835-6480-5406-000000003400}",
                                "ProcessId": "7248",
                                "Product": "Microsoft\\xae Windows\\xae Operating System",
                                "Description": "Command Line Interface for Microsoft\\xae Volume Shadow Copy Service ",
                                "Company": "Microsoft Corporation",
                                "ParentProcessGuid": "{C784477D-F834-6480-5206-000000003400}",
                                "User": "DESKTOP-B0T93D6\\george",
                                "Hashes": "MD5=7E30B94672107D3381A1D175CF18C147,SHA256=BB1D73C5104A722F228B39CCB24C6F2BB13EFCCA2EA65B013D33433550E3BCE7,IMPHASH=B8C53607A902DC54702978C63D6E8B2E",
                                "OriginalFileName": "VSSADMIN.EXE",
                                "ParentImage": "C:\\Windows\\SysWOW64\\explorer.exe",
                                "FileVersion": "10.0.17134.1 (WinBuild.160101.0800)",
                                "ParentProcessId": "7208",
                                "CurrentDirectory": "C:\\1f7c1bb\\",
                                "CommandLine": "vssadmin.exe Delete Shadows /All /Quiet",
                                "EventID": "1",
                                "LogonGuid": "C784477D-94DE-6442-C3CF-030000000000",
                                "LogonId": "249795",
                                "Image": "C:\\Windows\\SysWOW64\\vssadmin.exe",
                                "IntegrityLevel": "Medium",
                                "ParentCommandLine": "\"C:\\Windows\\syswow64\\explorer.exe\"",
                                "UtcTime": "1686173749",
                                "RuleName": "-"
                            }
                        },
                        {
                            "values": {
                                "TerminalSessionId": "1",
                                "ProcessGuid": "{C784477D-F83D-6480-5906-000000003400}",
                                "ProcessId": "5344",
                                "Product": "Microsoft\\xae Windows\\xae Operating System",
                                "Description": "Command Line Interface for Microsoft\\xae Volume Shadow Copy Service ",
                                "Company": "Microsoft Corporation",
                                "ParentProcessGuid": "{C784477D-F83C-6480-5706-000000003400}",
                                "User": "DESKTOP-B0T93D6\\george",
                                "Hashes": "MD5=7E30B94672107D3381A1D175CF18C147,SHA256=BB1D73C5104A722F228B39CCB24C6F2BB13EFCCA2EA65B013D33433550E3BCE7,IMPHASH=B8C53607A902DC54702978C63D6E8B2E",
                                "OriginalFileName": "VSSADMIN.EXE",
                                "ParentImage": "C:\\Windows\\SysWOW64\\explorer.exe",
                                "FileVersion": "10.0.17134.1 (WinBuild.160101.0800)",
                                "ParentProcessId": "6136",
                                "CurrentDirectory": "C:\\Users\\george\\AppData\\Roaming\\",
                                "CommandLine": "vssadmin.exe Delete Shadows /All /Quiet",
                                "EventID": "1",
                                "LogonGuid": "C784477D-94DE-6442-C3CF-030000000000",
                                "LogonId": "249795",
                                "Image": "C:\\Windows\\SysWOW64\\vssadmin.exe",
                                "IntegrityLevel": "Medium",
                                "ParentCommandLine": "\"C:\\Windows\\syswow64\\explorer.exe\"",
                                "UtcTime": "1686173757",
                                "RuleName": "-"
                            }
                        },
                        {
                            "values": {
                                "TerminalSessionId": "1",
                                "ProcessGuid": "{C784477D-F844-6480-5E06-000000003400}",
                                "ProcessId": "8020",
                                "Product": "Microsoft\\xae Windows\\xae Operating System",
                                "Description": "Command Line Interface for Microsoft\\xae Volume Shadow Copy Service ",
                                "Company": "Microsoft Corporation",
                                "ParentProcessGuid": "{C784477D-F844-6480-5C06-000000003400}",
                                "User": "DESKTOP-B0T93D6\\george",
                                "Hashes": "MD5=7E30B94672107D3381A1D175CF18C147,SHA256=BB1D73C5104A722F228B39CCB24C6F2BB13EFCCA2EA65B013D33433550E3BCE7,IMPHASH=B8C53607A902DC54702978C63D6E8B2E",
                                "OriginalFileName": "VSSADMIN.EXE",
                                "ParentImage": "C:\\Windows\\SysWOW64\\explorer.exe",
                                "FileVersion": "10.0.17134.1 (WinBuild.160101.0800)",
                                "ParentProcessId": "4592",
                                "CurrentDirectory": "C:\\Users\\george\\AppData\\Roaming\\Microsoft\\Windows\\Start Menu\\Programs\\Startup\\",
                                "CommandLine": "vssadmin.exe Delete Shadows /All /Quiet",
                                "EventID": "1",
                                "LogonGuid": "C784477D-94DE-6442-C3CF-030000000000",
                                "LogonId": "249795",
                                "Image": "C:\\Windows\\SysWOW64\\vssadmin.exe",
                                "IntegrityLevel": "Medium",
                                "ParentCommandLine": "\"C:\\Windows\\syswow64\\explorer.exe\"",
                                "UtcTime": "1686173764",
                                "RuleName": "-"
                            }
                        }
                    ],
                    "rule_level": "medium",
                    "rule_id": "f09d5248ed8fc1a93251158bfda71f8144ccaf37fa922416ccd897498bff7c55",
                    "rule_source": "SOC Prime Threat Detection Marketplace",
                    "rule_title": "Suspicious Process Creation",
                    "rule_description": "Detects suspicious process starts on Windows systems based on keywords",
                    "rule_author": "Florian Roth"
                },
                {
                    "match_context": [
                        {
                            "values": {
                                "EventID": "11",
                                "ProcessId": "7284",
                                "Image": "C:\\Windows\\SysWOW64\\explorer.exe",
                                "RuleName": "EXE",
                                "CreationUtcTime": "1686173690",
                                "UtcTime": "1686173690",
                                "ProcessGuid": "{C784477D-F7F9-6480-2A06-000000003400}",
                                "TargetFilename": "C:\\1f7c1bb\\1f7c1bb.exe"
                            }
                        },
                        {
                            "values": {
                                "EventID": "11",
                                "ProcessId": "7284",
                                "TargetFilename": "C:\\Users\\george\\AppData\\Roaming\\1f7c1bb.exe",
                                "ProcessGuid": "{C784477D-F7F9-6480-2A06-000000003400}",
                                "CreationUtcTime": "1686173690",
                                "UtcTime": "1686173690",
                                "RuleName": "EXE",
                                "Image": "C:\\Windows\\SysWOW64\\explorer.exe"
                            }
                        },
                        {
                            "values": {
                                "EventID": "11",
                                "ProcessId": "7284",
                                "Image": "C:\\Windows\\SysWOW64\\explorer.exe",
                                "RuleName": "T1023",
                                "CreationUtcTime": "1686173690",
                                "UtcTime": "1686173690",
                                "ProcessGuid": "{C784477D-F7F9-6480-2A06-000000003400}",
                                "TargetFilename": "C:\\Users\\george\\AppData\\Roaming\\Microsoft\\Windows\\Start Menu\\Programs\\Startup\\1f7c1bb.exe"
                            }
                        },
                        {
                            "values": {
                                "EventID": "11",
                                "ProcessId": "4424",
                                "Image": "C:\\Windows\\SysWOW64\\explorer.exe",
                                "RuleName": "T1023",
                                "CreationUtcTime": "1686173690",
                                "UtcTime": "1686173700",
                                "ProcessGuid": "{C784477D-F804-6480-3206-000000003400}",
                                "TargetFilename": "C:\\Users\\george\\AppData\\Roaming\\Microsoft\\Windows\\Start Menu\\Programs\\Startup\\1f7c1bb.exe"
                            }
                        },
                        {
                            "values": {
                                "EventID": "11",
                                "ProcessId": "8088",
                                "TargetFilename": "C:\\Users\\george\\AppData\\Roaming\\Microsoft\\Windows\\Start Menu\\Programs\\Startup\\1f7c1bb.exe",
                                "ProcessGuid": "{C784477D-F80C-6480-3806-000000003400}",
                                "CreationUtcTime": "1686173690",
                                "UtcTime": "1686173708",
                                "RuleName": "T1023",
                                "Image": "C:\\Windows\\SysWOW64\\explorer.exe"
                            }
                        },
                        {
                            "values": {
                                "EventID": "11",
                                "ProcessId": "7996",
                                "TargetFilename": "C:\\Users\\george\\AppData\\Roaming\\Microsoft\\Windows\\Start Menu\\Programs\\Startup\\1f7c1bb.exe",
                                "RuleName": "T1023",
                                "CreationUtcTime": "1686173690",
                                "UtcTime": "1686173716",
                                "ProcessGuid": "{C784477D-F814-6480-3D06-000000003400}",
                                "Image": "C:\\Windows\\SysWOW64\\explorer.exe"
                            }
                        },
                        {
                            "values": {
                                "EventID": "11",
                                "ProcessId": "3088",
                                "TargetFilename": "C:\\Users\\george\\AppData\\Roaming\\Microsoft\\Windows\\Start Menu\\Programs\\Startup\\1f7c1bb.exe",
                                "RuleName": "T1023",
                                "CreationUtcTime": "1686173690",
                                "UtcTime": "1686173724",
                                "ProcessGuid": "{C784477D-F81C-6480-4206-000000003400}",
                                "Image": "C:\\Windows\\SysWOW64\\explorer.exe"
                            }
                        },
                        {
                            "values": {
                                "EventID": "11",
                                "ProcessId": "7456",
                                "TargetFilename": "C:\\Users\\george\\AppData\\Roaming\\Microsoft\\Windows\\Start Menu\\Programs\\Startup\\1f7c1bb.exe",
                                "RuleName": "T1023",
                                "CreationUtcTime": "1686173690",
                                "UtcTime": "1686173732",
                                "ProcessGuid": "{C784477D-F824-6480-4706-000000003400}",
                                "Image": "C:\\Windows\\SysWOW64\\explorer.exe"
                            }
                        },
                        {
                            "values": {
                                "EventID": "11",
                                "ProcessId": "6212",
                                "TargetFilename": "C:\\Users\\george\\AppData\\Roaming\\Microsoft\\Windows\\Start Menu\\Programs\\Startup\\1f7c1bb.exe",
                                "RuleName": "T1023",
                                "CreationUtcTime": "1686173690",
                                "UtcTime": "1686173741",
                                "ProcessGuid": "{C784477D-F82C-6480-4C06-000000003400}",
                                "Image": "C:\\Windows\\SysWOW64\\explorer.exe"
                            }
                        },
                        {
                            "values": {
                                "EventID": "11",
                                "ProcessId": "7208",
                                "TargetFilename": "C:\\Users\\george\\AppData\\Roaming\\Microsoft\\Windows\\Start Menu\\Programs\\Startup\\1f7c1bb.exe",
                                "RuleName": "T1023",
                                "CreationUtcTime": "1686173690",
                                "UtcTime": "1686173749",
                                "ProcessGuid": "{C784477D-F834-6480-5206-000000003400}",
                                "Image": "C:\\Windows\\SysWOW64\\explorer.exe"
                            }
                        },
                        {
                            "values": {
                                "EventID": "11",
                                "ProcessId": "6136",
                                "TargetFilename": "C:\\Users\\george\\AppData\\Roaming\\Microsoft\\Windows\\Start Menu\\Programs\\Startup\\1f7c1bb.exe",
                                "ProcessGuid": "{C784477D-F83C-6480-5706-000000003400}",
                                "CreationUtcTime": "1686173690",
                                "UtcTime": "1686173757",
                                "RuleName": "T1023",
                                "Image": "C:\\Windows\\SysWOW64\\explorer.exe"
                            }
                        },
