                        {
                            "values": {
                                "TerminalSessionId": "1",
                                "ProcessGuid": "{C784477D-7F23-638C-F805-000000003000}",
                                "ProcessId": "6588",
                                "Product": "Microsoft\\xae Windows\\xae Operating System",
                                "Description": "Host Process for Windows Services",
                                "Company": "Microsoft Corporation",
                                "ParentProcessGuid": "{C784477D-7F15-638C-F505-000000003000}",
                                "User": "DESKTOP-B0T93D6\\george",
                                "Hashes": "MD5=D2CBFEB7C4619A898890FEB4C4514AA9,SHA256=59F4D42056BC43960C2B052FA9D615AD6E654C8AA1DFE3703342375523BA8EA5,IMPHASH=41721E0F933696D50AB32D544D64DCD3",
                                "OriginalFileName": "svchost.exe",
                                "ParentImage": "C:\\Users\\george\\Desktop\\Pintes Rhetorical.exe",
                                "FileVersion": "10.0.17134.1276 (WinBuild.160101.0800)",
                                "ParentProcessId": "3736",
                                "CurrentDirectory": "C:\\Users\\george\\Desktop\\",
                                "CommandLine": "C:\\Windows\\SysWOW64\\svchost.exe -k netsvcs",
                                "EventID": "1",
                                "LogonGuid": "C784477D-17E3-6386-91FC-030000000000",
                                "LogonId": "261265",
                                "Image": "C:\\Windows\\SysWOW64\\svchost.exe",
                                "IntegrityLevel": "High",
                                "ParentCommandLine": "\"C:\\Users\\george\\Desktop\\Pintes Rhetorical.exe\"",
                                "UtcTime": "1670151971",
                                "RuleName": "-"
                            }
                        },
                        {
                            "values": {
                                "TerminalSessionId": "1",
                                "ProcessGuid": "{C784477D-7F23-638C-F905-000000003000}",
                                "ProcessId": "6788",
                                "Product": "Microsoft\\xae Windows\\xae Operating System",
                                "Description": "Host Process for Windows Services",
                                "Company": "Microsoft Corporation",
                                "ParentProcessGuid": "{C784477D-7F15-638C-F505-000000003000}",
                                "User": "DESKTOP-B0T93D6\\george",
                                "Hashes": "MD5=D2CBFEB7C4619A898890FEB4C4514AA9,SHA256=59F4D42056BC43960C2B052FA9D615AD6E654C8AA1DFE3703342375523BA8EA5,IMPHASH=41721E0F933696D50AB32D544D64DCD3",
                                "OriginalFileName": "svchost.exe",
                                "ParentImage": "C:\\Users\\george\\Desktop\\Pintes Rhetorical.exe",
                                "FileVersion": "10.0.17134.1276 (WinBuild.160101.0800)",
                                "ParentProcessId": "3736",
                                "CurrentDirectory": "C:\\Users\\george\\Desktop\\",
                                "CommandLine": "C:\\Windows\\SysWOW64\\svchost.exe -k netsvcs",
                                "EventID": "1",
                                "LogonGuid": "C784477D-17E3-6386-91FC-030000000000",
                                "LogonId": "261265",
                                "Image": "C:\\Windows\\SysWOW64\\svchost.exe",
                                "IntegrityLevel": "High",
                                "ParentCommandLine": "\"C:\\Users\\george\\Desktop\\Pintes Rhetorical.exe\"",
                                "UtcTime": "1670151971",
                                "RuleName": "-"
                            }
                        },
                        {
                            "values": {
                                "TerminalSessionId": "1",
                                "ProcessGuid": "{C784477D-7F33-638C-0206-000000003000}",
                                "ProcessId": "4420",
                                "Product": "Microsoft\\xae Windows\\xae Operating System",
                                "Description": "Host Process for Windows Services",
                                "Company": "Microsoft Corporation",
                                "ParentProcessGuid": "{C784477D-7F25-638C-FC05-000000003000}",
                                "User": "DESKTOP-B0T93D6\\george",
                                "Hashes": "MD5=D2CBFEB7C4619A898890FEB4C4514AA9,SHA256=59F4D42056BC43960C2B052FA9D615AD6E654C8AA1DFE3703342375523BA8EA5,IMPHASH=41721E0F933696D50AB32D544D64DCD3",
                                "OriginalFileName": "svchost.exe",
                                "ParentImage": "C:\\Users\\george\\AppData\\Roaming\\Microsoft\\Windows\\dllcache\\ieUnatt.exe",
                                "FileVersion": "10.0.17134.1276 (WinBuild.160101.0800)",
                                "ParentProcessId": "6704",
                                "CurrentDirectory": "C:\\Users\\george\\AppData\\Roaming\\Microsoft\\Windows\\dllcache\\",
                                "CommandLine": "C:\\Windows\\SysWOW64\\svchost.exe -k netsvcs",
                                "EventID": "1",
                                "LogonGuid": "C784477D-17E3-6386-91FC-030000000000",
                                "LogonId": "261265",
                                "Image": "C:\\Windows\\SysWOW64\\svchost.exe",
                                "IntegrityLevel": "High",
                                "ParentCommandLine": "\"C:\\Users\\george\\AppData\\Roaming\\Microsoft\\Windows\\dllcache\\ieUnatt.exe\"",
                                "UtcTime": "1670151987",
                                "RuleName": "-"
                            }
                        }
                    ],
                    "rule_level": "low",
                    "rule_description": "Detect suspicious parent processes of well-known Windows processes",
                    "rule_source": "Sigma Integrated Rule Set (GitHub)",
                    "rule_title": "Windows Processes Suspicious Parent Directory",
                    "rule_id": "afd546ea5eff265c454f77f6e7641ade6e5a791d79de155fa27d377be1581535",
                    "rule_author": "vburov"
                },
                {
                    "match_context": [
                        {
                            "values": {
                                "EventID": "11",
                                "ProcessId": "3736",
                                "TargetFilename": "C:\\Users\\george\\AppData\\Roaming\\Microsoft\\Windows\\dllcache\\ieUnatt.exe",
                                "ProcessGuid": "{C784477D-7F15-638C-F505-000000003000}",
                                "CreationUtcTime": "1670151972",
                                "UtcTime": "1670151972",
                                "RuleName": "EXE",
                                "Image": "C:\\Users\\george\\Desktop\\Pintes Rhetorical.exe"
                            }
                        },
                        {
                            "values": {
                                "EventID": "11",
                                "ProcessId": "4420",
                                "TargetFilename": "C:\\Users\\george\\AppData\\Roaming\\Microsoft\\Windows\\dllcache\\tasklist.exe",
                                "RuleName": "EXE",
                                "CreationUtcTime": "1670151991",
                                "UtcTime": "1670151991",
                                "ProcessGuid": "{C784477D-7F33-638C-0206-000000003000}",
                                "Image": "C:\\Windows\\SysWOW64\\svchost.exe"
                            }
                        },
                        {
                            "values": {
                                "EventID": "11",
                                "ProcessId": "4420",
                                "TargetFilename": "C:\\Users\\george\\AppData\\Roaming\\Microsoft\\Windows\\dllcache\\verclsid.exe",
                                "ProcessGuid": "{C784477D-7F33-638C-0206-000000003000}",
                                "CreationUtcTime": "1670151991",
                                "UtcTime": "1670151991",
                                "RuleName": "EXE",
                                "Image": "C:\\Windows\\SysWOW64\\svchost.exe"
                            }
                        },
                        {
                            "values": {
                                "EventID": "11",
                                "ProcessId": "4420",
                                "Image": "C:\\Windows\\SysWOW64\\svchost.exe",
                                "ProcessGuid": "{C784477D-7F33-638C-0206-000000003000}",
                                "CreationUtcTime": "1670151991",
                                "UtcTime": "1670151991",
                                "RuleName": "EXE",
                                "TargetFilename": "C:\\Users\\george\\AppData\\Roaming\\Microsoft\\Windows\\dllcache\\mfpmp.exe"
                            }
                        },
                        {
                            "values": {
                                "EventID": "11",
                                "ProcessId": "4420",
                                "TargetFilename": "C:\\Users\\george\\AppData\\Roaming\\Microsoft\\Windows\\dllcache\\OpenWith.exe",
                                "ProcessGuid": "{C784477D-7F33-638C-0206-000000003000}",
                                "CreationUtcTime": "1670152047",
                                "UtcTime": "1670152047",
                                "RuleName": "EXE",
                                "Image": "C:\\Windows\\SysWOW64\\svchost.exe"
                            }
                        },
                        {
                            "values": {
                                "EventID": "11",
                                "ProcessId": "4420",
                                "Image": "C:\\Windows\\SysWOW64\\svchost.exe",
                                "RuleName": "EXE",
                                "CreationUtcTime": "1670152048",
                                "UtcTime": "1670152048",
                                "ProcessGuid": "{C784477D-7F33-638C-0206-000000003000}",
                                "TargetFilename": "C:\\Users\\george\\AppData\\Roaming\\Microsoft\\Windows\\dllcache\\sc.exe"
                            }
                        },
                        {
                            "values": {
                                "EventID": "11",
                                "ProcessId": "4420",
                                "Image": "C:\\Windows\\SysWOW64\\svchost.exe",
                                "ProcessGuid": "{C784477D-7F33-638C-0206-000000003000}",
                                "CreationUtcTime": "1670152054",
                                "UtcTime": "1670152054",
                                "RuleName": "EXE",
                                "TargetFilename": "C:\\Users\\george\\AppData\\Roaming\\Microsoft\\Windows\\dllcache\\RdpSaProxy.exe"
                            }
                        },
                        {
                            "values": {
                                "EventID": "11",
                                "ProcessId": "4420",
                                "TargetFilename": "C:\\Users\\george\\AppData\\Roaming\\Microsoft\\Windows\\dllcache\\takeown.exe",
                                "RuleName": "EXE",
                                "CreationUtcTime": "1670152054",
                                "UtcTime": "1670152054",
                                "ProcessGuid": "{C784477D-7F33-638C-0206-000000003000}",
                                "Image": "C:\\Windows\\SysWOW64\\svchost.exe"
                            }
                        },
                        {
                            "values": {
                                "EventID": "11",
                                "ProcessId": "4420",
                                "TargetFilename": "C:\\Users\\george\\AppData\\Roaming\\Microsoft\\Windows\\dllcache\\fontview.exe",
                                "ProcessGuid": "{C784477D-7F33-638C-0206-000000003000}",
                                "CreationUtcTime": "1670152054",
                                "UtcTime": "1670152054",
                                "RuleName": "EXE",
                                "Image": "C:\\Windows\\SysWOW64\\svchost.exe"
                            }
                        },
                        {
                            "values": {
                                "EventID": "11",
                                "ProcessId": "4420",
                                "TargetFilename": "C:\\Users\\george\\AppData\\Roaming\\Microsoft\\Windows\\dllcache\\fc.exe",
                                "ProcessGuid": "{C784477D-7F33-638C-0206-000000003000}",
                                "CreationUtcTime": "1670152054",
                                "UtcTime": "1670152054",
                                "RuleName": "EXE",
                                "Image": "C:\\Windows\\SysWOW64\\svchost.exe"
                            }
                        },
                        {
                            "values": {
                                "EventID": "11",
                                "ProcessId": "4420",
                                "TargetFilename": "C:\\Users\\george\\AppData\\Roaming\\Microsoft\\Windows\\dllcache\\GameBarPresenceWriter.exe",
                                "ProcessGuid": "{C784477D-7F33-638C-0206-000000003000}",
                                "CreationUtcTime": "1670152054",
                                "UtcTime": "1670152054",
                                "RuleName": "EXE",
                                "Image": "C:\\Windows\\SysWOW64\\svchost.exe"
                            }
                        },
                        {
                            "values": {
                                "EventID": "11",
                                "ProcessId": "4420",
                                "Image": "C:\\Windows\\SysWOW64\\svchost.exe",
                                "ProcessGuid": "{C784477D-7F33-638C-0206-000000003000}",
                                "CreationUtcTime": "1670152054",
                                "UtcTime": "1670152054",
                                "RuleName": "EXE",
                                "TargetFilename": "C:\\Users\\george\\AppData\\Roaming\\Microsoft\\Windows\\dllcache\\PackagedCWALauncher.exe"
                            }
                        },
                        {
                            "values": {
                                "EventID": "11",
                                "ProcessId": "4420",
                                "Image": "C:\\Windows\\SysWOW64\\svchost.exe",
                                "ProcessGuid": "{C784477D-7F33-638C-0206-000000003000}",
                                "CreationUtcTime": "1670152054",
                                "UtcTime": "1670152054",
                                "RuleName": "EXE",
                                "TargetFilename": "C:\\Users\\george\\AppData\\Roaming\\Microsoft\\Windows\\dllcache\\mavinject.exe"
                            }
                        },
                        {
                            "values": {
                                "EventID": "11",
                                "ProcessId": "4420",
                                "TargetFilename": "C:\\Users\\george\\AppData\\Roaming\\Microsoft\\Windows\\dllcache\\backgroundTaskHost.exe",
                                "ProcessGuid": "{C784477D-7F33-638C-0206-000000003000}",
                                "CreationUtcTime": "1670152054",
                                "UtcTime": "1670152054",
                                "RuleName": "EXE",
                                "Image": "C:\\Windows\\SysWOW64\\svchost.exe"
                            }
                        },
                        {
                            "values": {
                                "EventID": "11",
                                "ProcessId": "4420",
                                "Image": "C:\\Windows\\SysWOW64\\svchost.exe",
                                "ProcessGuid": "{C784477D-7F33-638C-0206-000000003000}",
                                "CreationUtcTime": "1670152054",
                                "UtcTime": "1670152054",
                                "RuleName": "EXE",
                                "TargetFilename": "C:\\Users\\george\\AppData\\Roaming\\Microsoft\\Windows\\dllcache\\EaseOfAccessDialog.exe"
                            }
                        },
                        {
                            "values": {
                                "EventID": "11",
                                "ProcessId": "4420",
                                "Image": "C:\\Windows\\SysWOW64\\svchost.exe",
                                "ProcessGuid": "{C784477D-7F33-638C-0206-000000003000}",
                                "CreationUtcTime": "1670152054",
                                "UtcTime": "1670152054",
                                "RuleName": "EXE",
                                "TargetFilename": "C:\\Users\\george\\AppData\\Roaming\\Microsoft\\Windows\\dllcache\\xcopy.exe"
                            }
                        }
                    ],
                    "rule_level": "low",
                    "rule_description": "Detects the creation of an executable by another executable",
                    "rule_source": "Sigma Integrated Rule Set (GitHub)",
                    "rule_title": "Creation of an Executable by an Executable",
                    "rule_id": "b5386a23355681c43cfbd2f2ccfe4b16ed45324d0d7b5583487a9f302ee1e427",
                    "rule_author": "frack113"
                }
            ]
        }
    }
}