                {
                    "match_context": [
                        {
                            "values": {
                                "EventID": "8",
                                "TargetImage": "C:\\Windows\\explorer.exe",
                                "TargetProcessGuid": "{C784477D-B90F-6442-6C00-000000003400}",
                                "NewThreadId": "3736",
                                "StartModule": "-",
                                "UtcTime": "1684198393",
                                "StartFunction": "-",
                                "SourceProcessId": "5684",
                                "SourceImage": "C:\\Users\\george\\Desktop\\executable.exe",
                                "TargetProcessId": "4956",
                                "RuleName": "-",
                                "StartAddress": "108003797",
                                "SourceProcessGuid": "{C784477D-D3D0-6462-3306-000000003400}"
                            }
                        }
                    ],
                    "rule_level": "high",
                    "rule_id": "ea7ec9e92c165a4cef023fd658ef72279f03378ab53f4481eb973ecb2171b193",
                    "rule_source": "Sigma Integrated Rule Set (GitHub)",
                    "rule_title": "Remote Thread Creation In Uncommon Target Image",
                    "rule_description": "Detects uncommon target processes for remote thread creation",
                    "rule_author": "Florian Roth (Nextron Systems)"
                },
                {
                    "match_context": [
                        {
                            "values": {
                                "EventID": "13",
                                "ProcessId": "5684",
                                "EventType": "SetValue",
                                "Image": "C:\\Users\\george\\Desktop\\executable.exe",
                                "ProcessGuid": "{C784477D-D3D0-6462-3306-000000003400}",
                                "UtcTime": "1684198378",
                                "Details": "\"C:\\Users\\george\\AppData\\Roaming\\Ooneg\\LogzOntec.exe\"",
                                "RuleName": "T1060,RunKey",
                                "TargetObject": "HKU\\S-1-5-21-1015118539-3749460369-599379286-1001\\Software\\Microsoft\\Windows\\CurrentVersion\\Run\\MeqEzja"
                            }
                        }
                    ],
                    "rule_level": "medium",
                    "rule_id": "8b5db9da5732dc549b0e8b56fe5933d7c95ed760f3ac20568ab95347ef8c5bcc",
                    "rule_source": "Sigma Integrated Rule Set (GitHub)",
                    "rule_title": "CurrentVersion Autorun Keys Modification",
                    "rule_description": "Detects modification of autostart extensibility point (ASEP) in registry.",
                    "rule_author": "Victor Sergeev, Daniil Yugoslavskiy, Gleb Sukhodolskiy, Timur Zinniatullin, oscd.community, Tim Shelton, frack113 (split)"
                },
                {
                    "match_context": [
                        {
                            "values": {
                                "EventID": "11",
                                "ProcessId": "5684",
                                "TargetFilename": "C:\\Users\\george\\AppData\\Roaming\\Ooneg\\LogzOntec.exe",
                                "RuleName": "EXE",
                                "CreationUtcTime": "1684198378",
                                "UtcTime": "1684198378",
                                "ProcessGuid": "{C784477D-D3D0-6462-3306-000000003400}",
                                "Image": "C:\\Users\\george\\Desktop\\executable.exe"
                            }
                        }
                    ],
                    "rule_level": "low",
                    "rule_id": "b5386a23355681c43cfbd2f2ccfe4b16ed45324d0d7b5583487a9f302ee1e427",
                    "rule_source": "Sigma Integrated Rule Set (GitHub)",
                    "rule_title": "Creation of an Executable by an Executable",
                    "rule_description": "Detects the creation of an executable by another executable",
                    "rule_author": "frack113"
                }
            ],
            "type_tags": [
                "executable",
                "windows",
                "win32",
                "pe",
                "peexe"
            ],
            "sha256": "a32468ee49dad05def0fabc79b44b053490d8ff663ee95007d61bb47a7024bc7",
            "total_votes": {
                "harmless": 0,
                "malicious": 10
            },
            "popular_threat_classification": {
                "popular_threat_category": [
                    {
                        "count": 19,
                        "value": "trojan"
                    },
                    {
                        "count": 7,
                        "value": "ransomware"
                    }
                ],
                "popular_threat_name": [
                    {
                        "count": 7,
                        "value": "barys"
                    },
                    {
                        "count": 2,
                        "value": "packed2"
                    },
                    {
                        "count": 2,
                        "value": "papras"
                    }
                ],
                "suggested_threat_label": "trojan.barys/packed2"
            },
            "type_tag": "peexe",
            "crowdsourced_yara_results": [
                {
                    "description": "Heaven's Gate: Switch from 32-bit to 64-mode",
                    "author": "kevoreilly",
                    "ruleset_name": "HeavensGate",
                    "rule_name": "HeavensGate",
                    "ruleset_id": "00b99a8c22",
                    "match_in_subfile": true,
                    "source": "https://github.com/kevoreilly/CAPEv2"
                },
                {
                    "description": "Detects win.vawtrak.",
                    "author": "Felix Bilstein - yara-signator at cocacoding dot com",
                    "ruleset_name": "win.vawtrak_auto",
                    "rule_name": "win_vawtrak_auto",
                    "ruleset_id": "008f6ea2fe",
                    "match_in_subfile": true,
                    "source": "https://malpedia.caad.fkie.fraunhofer.de/"
                }
            ],
            "detectiteasy": {
                "filetype": "PE32",
                "values": [
                    {
                        "info": "EXE32",
                        "version": "2008-2010",
                        "type": "Compiler",
                        "name": "EP:Microsoft Visual C/C++"
                    },
                    {
                        "info": "LTCG/C++",
                        "version": "15.00.30729",
                        "type": "Compiler",
                        "name": "Microsoft Visual C/C++"
                    },
                    {
                        "version": "9.00.30729",
                        "type": "Linker",
                        "name": "Microsoft Linker"
                    },
                    {
                        "version": "2008",
                        "type": "Tool",
                        "name": "Visual Studio"
                    }
                ]
            },
            "ssdeep": "6144:o2vqw/qjqQJTY3bpdXVPbfa2OfyQYmg0I4CsUUld3qB:lijqQxYLFPG2OfyQTxl3qB",
            "size": 285184,
            "creation_date": 1471264975,
            "type_extension": "exe",
            "last_modification_date": 1766477902,
            "reputation": -422,
            "trid": [
                {
                    "file_type": "Win32 Executable MS Visual C++ (generic)",
                    "probability": 47.3
                },
                {
                    "file_type": "Win64 Executable (generic)",
                    "probability": 15.9
                },
                {
                    "file_type": "Win32 Dynamic Link Library (generic)",
                    "probability": 9.9
                },
                {
                    "file_type": "Win16 NE executable (generic)",
                    "probability": 7.6
                },
                {
                    "file_type": "Win32 Executable (generic)",
                    "probability": 6.8
                }
            ],
            "magika": "PEBIN",
            "sha1": "b05fe3053fe4e98055a060793c0fd6fd7f7b5f59",
            "sigma_analysis_stats": {
                "high": 2,
                "medium": 1,
                "critical": 0,
                "low": 1
            },
            "tags": [
                "peexe",
                "checks-disk-space",
                "spreader",
                "long-sleeps",
                "persistence",
                "detect-debug-environment",
                "checks-user-input"
            ],
            "unique_sources": 27,
            "filecondis": {
                "raw_md5": "fbbf01855a9398575c5054d1f819eec3",
                "dhash": "00203c1c1c150800"
            },
            "signature_info": {
                "description": "Preconceptions Sharepoint Ext2 Ceiling Foreach",
                "file version": "4.8.21.4",
                "product": "Tennessee",
                "copyright": "Copyright 2014 - . All rights reserved. WiseCleaner.com",
                "internal name": "Tennessee"
            },
            "magic": "PE32 executable (GUI) Intel 80386, for MS Windows",
            "names": [
                "Tennessee",
                "LogzOntec.exe",
                "9597fc80f793bbeceed69be9b1344fdb_black",
                "inst1.exe",
                "9597fc80f793bbeceed69be9b1344fdb",
                "9ba70ba613c0ee0a7d7be895c131cf6a24a27336",
                "RuzkOxra.exe",
                "inst1(2).exe",
                "Luyji.exe",
                "reksayge.exe"
            ],
            "tlsh": "T13A54DF15BA60C132C49319B094B55762E9BCBC30A7708187FFE60F6E6AB4F91E963317",
            "type_description": "Win32 EXE",
            "last_analysis_stats": {
                "malicious": 60,
                "suspicious": 0,
                "undetected": 11,
                "harmless": 0,
                "timeout": 0,
                "confirmed-timeout": 0,
                "failure": 1,
                "type-unsupported": 4
            },
            "md5": "9597fc80f793bbeceed69be9b1344fdb",
            "last_analysis_date": 1766470554,
            "meaningful_name": "Tennessee",
            "sandbox_verdicts": {
                "Tencent HABO": {
                    "category": "malicious",
                    "sandbox_name": "Tencent HABO",
                    "malware_classification": [
                        "MALWARE"
                    ]
                },
                "Lastline": {
                    "category": "malicious",
                    "sandbox_name": "Lastline",
                    "malware_classification": [
                        "MALWARE",
                        "TROJAN"
                    ]
                }
            },
            "times_submitted": 30,
            "authentihash": "225d0b11dc83efffecae5ad0bfeb0174a04dc58b0ef1cd9e46d78df58d811d83"
        }
    }
}