{
    "data": {
        "id": "a4246a90efcc6255a4ec9841b3a73eb98e06f5eb579955517c046a966e744e01",
        "type": "file",
        "links": {
            "self": "https://www.virustotal.com/api/v3/files/a4246a90efcc6255a4ec9841b3a73eb98e06f5eb579955517c046a966e744e01"
        },
        "attributes": {
            "type_description": "Win32 EXE",
            "last_submission_date": 1685243912,
            "times_submitted": 10,
            "tags": [
                "peexe",
                "spreader",
                "upx",
                "calls-wmi",
                "checks-user-input",
                "persistence",
                "detect-debug-environment",
                "long-sleeps"
            ],
            "meaningful_name": "a4246a90efcc6255a4ec9841b3a73eb98e06f5eb579955517c046a966e744e01.exe",
            "packers": {
                "PEiD": "UPX v0.89.6 - v1.02 / v1.05 -v1.24 -> Markus & Laszlo [overlay]",
                "F-PROT": "UPX",
                "Command": "UPX"
            },
            "last_analysis_date": 1685243912,
            "type_tag": "peexe",
            "authentihash": "455dec36e4ca59154be22e9c68ed60d7aeee53146e14ea0fbe7d925a17c2ee75",
            "sigma_analysis_stats": {
                "high": 0,
                "medium": 1,
                "critical": 0,
                "low": 3
            },
            "magic": "PE32 executable (GUI) Intel 80386, for MS Windows, UPX compressed",
            "tlsh": "T13513F12D6468C122DD9D7931837BD653B2D8F94983CFDBA823E008D61DE2698458F71B",
            "creation_date": 1298062834,
            "trid": [
                {
                    "file_type": "UPX compressed Win32 Executable",
                    "probability": 30.6
                },
                {
                    "file_type": "Win32 EXE Yoda's Crypter",
                    "probability": 30.0
                },
                {
                    "file_type": "Win64 Executable (generic)",
                    "probability": 11.9
                },
                {
                    "file_type": "Win32 Dynamic Link Library (generic)",
                    "probability": 7.4
                },
                {
                    "file_type": "Win16 NE executable (generic)",
                    "probability": 5.7
                }
            ],
            "type_extension": "exe",
            "last_analysis_stats": {
                "malicious": 62,
                "suspicious": 0,
                "undetected": 9,
                "harmless": 0,
                "timeout": 0,
                "confirmed-timeout": 0,
                "failure": 0,
                "type-unsupported": 4
            },
            "sha1": "cc453e1d35fc585234d16cb5d8c0076b22926577",
            "unique_sources": 9,
            "sigma_analysis_summary": {
                "Sigma Integrated Rule Set (GitHub)": {
                    "high": 0,
                    "medium": 1,
                    "critical": 0,
                    "low": 3
                }
            },
            "first_submission_date": 1298091977,
            "md5": "d46d87b6215a2ade0b4508f7dc0b0bfb",
            "sandbox_verdicts": {
                "Zenbox": {
                    "category": "malicious",
                    "confidence": 64,
                    "sandbox_name": "Zenbox",
                    "malware_classification": [
                        "MALWARE",
                        "TROJAN",
                        "EVADER"
                    ]
                }
            },
            "ssdeep": "768:1sZ1QtJZ6h2oZ4LZ2wt0MY1l1sfuDX0bq683RYbKGeajDawGJQ5+yBddy0S0:1sZ1QtL6hsLxtHbqBRuJlDawGJQNo0D",
            "sha256": "a4246a90efcc6255a4ec9841b3a73eb98e06f5eb579955517c046a966e744e01",
            "reputation": 0,
            "size": 44032,
            "pe_info": {
                "timestamp": 1298062834,
                "imphash": "b4fe8ab5a583b2b59144c644a86633eb",
                "machine_type": 332,
                "entry_point": 115120,
                "resource_details": [
                    {
                        "lang": "RUSSIAN",
                        "chi2": -1.0,
                        "filetype": "unknown",
                        "entropy": 0.0,
                        "sha256": "e3b0c44298fc1c149afbf4c8996fb92427ae41e4649b934ca495991b7852b855",
                        "type": "BIN"
                    },
                    {
                        "lang": "ENGLISH US",
                        "chi2": 3958.65,
                        "filetype": "unknown",
                        "entropy": 4.795973777770996,
                        "sha256": "49a60be4b95b6d30da355a0c124af82b35000bce8f24f957d1c09ead47544a1e",
                        "type": "RT_MANIFEST"
                    }
                ],
                "resource_langs": {
                    "RUSSIAN": 1,
                    "ENGLISH US": 1
                },
                "resource_types": {
                    "BIN": 1,
                    "RT_MANIFEST": 1
                },
                "sections": [
                    {
                        "name": "UPX0",
                        "chi2": -1.0,
                        "virtual_address": 4096,
                        "flags": "rwx",
                        "raw_size": 0,
                        "entropy": 0.0,
                        "virtual_size": 69632,
                        "md5": "d41d8cd98f00b204e9800998ecf8427e"
                    },
                    {
                        "name": "UPX1",
                        "chi2": 5607.87,
                        "virtual_address": 73728,
                        "flags": "rwx",
                        "raw_size": 41984,
                        "entropy": 7.92,
                        "virtual_size": 45056,
                        "md5": "dbd84950fe7a111348c49a9de78856ef"
                    },
                    {
                        "name": ".rsrc",
                        "chi2": 53306.0,
                        "virtual_address": 118784,
                        "flags": "rw",
                        "raw_size": 1024,
                        "entropy": 4.05,
                        "virtual_size": 4096,
                        "md5": "45c308174347da8ab7a1e4df7cfb5a56"
                    }
                ],
                "compiler_product_versions": [
                    "[ASM] VS2010 build 30319 count=3",
                    "[ C ] VS2010 build 30319 count=7",
                    "[IMP] VS2008 SP1 build 30729 count=7",
                    "[---] Unmarked objects count=34",
                    "id: 175, version: 30319 count=3",
                    "[RES] VS2010 build 30319 count=1",
                    "[LNK] VS2010 build 30319 count=1"
                ],
                "rich_pe_header_hash": "42a98e5e6ea4f93760facc48c6af39d2",
                "import_list": [
                    {
                        "library_name": "SHELL32.dll",
                        "imported_functions": [
                            "ShellExecuteA"
                        ]
                    },
                    {
                        "library_name": "KERNEL32.DLL",
                        "imported_functions": [
                            "ExitProcess",
                            "GetProcAddress",
                            "LoadLibraryA",
                            "VirtualAlloc",
                            "VirtualFree",
                            "VirtualProtect"
                        ]
                    },
                    {
                        "library_name": "USER32.dll",
                        "imported_functions": [
                            "ShowWindow"
                        ]
                    }
                ]
            },
            "vhash": "04403e0f7d1bz6hz13z1fz",
            "detectiteasy": {
                "filetype": "PE32",
                "values": [
                    {
                        "info": "NRV,brute",
                        "version": "3.04",
                        "type": "Packer",
                        "name": "UPX"
                    },
                    {
                        "version": "2010",
                        "type": "Compiler",
                        "name": "Microsoft Visual C/C++"
                    },
                    {
                        "info": "GUI32",
                        "version": "10.0",
                        "type": "Linker",
                        "name": "Microsoft Linker"
                    }
                ]
            },
            "sigma_analysis_results": [
                {
                    "match_context": [
                        {
                            "values": {
                                "EventID": "13",
                                "ProcessId": "7372",
                                "EventType": "SetValue",
                                "Image": "C:\\Windows\\SysWOW64\\reg.exe",
                                "RuleName": "T1060,RunKey",
                                "UtcTime": "1685269207",
                                "Details": "C:\\Users\\george\\258027914\\258027914.EXE",
                                "ProcessGuid": "{C784477D-2AD7-6473-C10A-000000004A00}",
                                "TargetObject": "HKU\\S-1-5-21-1015118539-3749460369-599379286-1001\\Software\\Microsoft\\Windows\\CurrentVersion\\Run\\2580279142"
                            }
                        },
                        {
                            "values": {
                                "EventID": "13",
                                "ProcessId": "2184",
                                "EventType": "SetValue",
                                "Image": "C:\\Windows\\SysWOW64\\reg.exe",
                                "RuleName": "T1060,RunKey",
                                "UtcTime": "1685269207",
                                "Details": "cmd.exe /c dEl \"C:\\Users\\george\\Desktop\\file.exe\"",
                                "ProcessGuid": "{C784477D-2AD7-6473-C60A-000000004A00}",
                                "TargetObject": "HKU\\S-1-5-21-1015118539-3749460369-599379286-1001\\Software\\Microsoft\\Windows\\CurrentVersion\\RunOnce\\258027914WW258027914_del"
                            }
                        }
                    ],
                    "rule_level": "medium",
                    "rule_description": "Detects modification of autostart extensibility point (ASEP) in registry.",
                    "rule_source": "Sigma Integrated Rule Set (GitHub)",
                    "rule_title": "CurrentVersion Autorun Keys Modification",
                    "rule_id": "8b5db9da5732dc549b0e8b56fe5933d7c95ed760f3ac20568ab95347ef8c5bcc",
                    "rule_author": "Victor Sergeev, Daniil Yugoslavskiy, Gleb Sukhodolskiy, Timur Zinniatullin, oscd.community, Tim Shelton, frack113 (split)"
                },
                {
                    "match_context": [
                        {
                            "values": {
                                "TerminalSessionId": "1",
                                "ProcessGuid": "{C784477D-2AD7-6473-C20A-000000004A00}",
                                "ProcessId": "7772",
                                "Product": "Microsoft\\xae Windows\\xae Operating System",
                                "Description": "Windows Command Processor",
                                "Company": "Microsoft Corporation",
                                "ParentProcessGuid": "{C784477D-2AD5-6473-BE0A-000000004A00}",
                                "User": "DESKTOP-B0T93D6\\george",
                                "Hashes": "MD5=F3BDBE3BB6F734E357235F4D5898582D,SHA256=3685495D051137B1C4EFDE22C26DF0883614B6453B762FA84588DA55ED2E7744,IMPHASH=0AF8419BE362159398343D7B31721726",
                                "OriginalFileName": "Cmd.Exe",
                                "ParentImage": "C:\\Users\\george\\Desktop\\file.exe",
                                "FileVersion": "10.0.17134.1 (WinBuild.160101.0800)",
                                "ParentProcessId": "7740",
                                "CurrentDirectory": "C:\\Users\\george\\Desktop\\",
                                "CommandLine": "\"C:\\Windows\\System32\\cmd.exe\" /C reg add HKEY_CURRENT_USER\\SOFTWARE\\Microsoft\\Windows\\CurrentVersion\\RunOnce /v 258027914WW258027914_del    /D \"cmd.exe /c dEl \\\"C:\\Users\\george\\Desktop\\file.exe\\\"\" /f",
                                "EventID": "1",
                                "LogonGuid": "C784477D-63B6-645B-A64E-040000000000",
                                "LogonId": "282278",
                                "Image": "C:\\Windows\\SysWOW64\\cmd.exe",
                                "IntegrityLevel": "High",
                                "ParentCommandLine": "\"C:\\Users\\george\\Desktop\\file.exe\"",
                                "UtcTime": "1685269207",
                                "RuleName": "-"
                            }
                        }
                    ],
                    "rule_level": "low",
                    "rule_description": "Detects execution of the builtin \"del\"/\"erase\" commands in order to delete files.\nAdversaries may delete files left behind by the actions of their intrusion activity.\nMalware, tools, or other non-native files dropped or created on a system by an adversary may leave traces to indicate to what was done within a network and how.\nRemoval of these files can occur during an intrusion, or as part of a post-intrusion process to minimize the adversary's footprint.\n",
                    "rule_source": "Sigma Integrated Rule Set (GitHub)",
                    "rule_title": "File Deletion Via Del",
                    "rule_id": "77ed185ff979a8d9206b5eed07bf6d5823529f713ed0ea19f2ef7a4a355568bc",
                    "rule_author": "frack113"
                },
                {
                    "match_context": [
                        {
                            "values": {
                                "EventID": "11",
                                "ProcessId": "7740",
                                "TargetFilename": "C:\\Users\\george\\258027914\\258027914.EXE",
                                "ProcessGuid": "{C784477D-2AD5-6473-BE0A-000000004A00}",
                                "CreationUtcTime": "1685269206",
                                "UtcTime": "1685269206",
                                "RuleName": "EXE",
                                "Image": "C:\\Users\\george\\Desktop\\file.exe"
                            }
                        }
                    ],
                    "rule_level": "low",
                    "rule_description": "Detects the creation of an executable by another executable",
                    "rule_source": "Sigma Integrated Rule Set (GitHub)",
                    "rule_title": "Creation of an Executable by an Executable",
                    "rule_id": "b5386a23355681c43cfbd2f2ccfe4b16ed45324d0d7b5583487a9f302ee1e427",
                    "rule_author": "frack113"
                },
                {
                    "match_context": [
                        {
                            "values": {
                                "TerminalSessionId": "1",
                                "ProcessGuid": "{C784477D-2AD7-6473-C50A-000000004A00}",
                                "ProcessId": "3428",
                                "Product": "Microsoft\\xae Windows\\xae Operating System",
                                "Description": "Terminates Processes",
                                "Company": "Microsoft Corporation",
                                "ParentProcessGuid": "{C784477D-2AD7-6473-C30A-000000004A00}",
                                "User": "DESKTOP-B0T93D6\\george",
                                "Hashes": "MD5=15E2E0ACD891510C6268CB8899F2A1A1,SHA256=F328D587561BEED3C19289FBA43E284FB57BCE1A4C202C7379673964F9B8610D,IMPHASH=0D3E23DCB6BF63A9EB90D5BED57B4F89",
                                "OriginalFileName": "taskkill.exe",
                                "ParentImage": "C:\\Users\\george\\258027914\\258027914.EXE",
                                "FileVersion": "10.0.17134.1 (WinBuild.160101.0800)",
                                "ParentProcessId": "3268",
                                "CurrentDirectory": "C:\\Users\\george\\Desktop\\",
                                "CommandLine": "taskkill /F /IM taskmgr.exe",
                                "EventID": "1",
                                "LogonGuid": "C784477D-63B6-645B-A64E-040000000000",
                                "LogonId": "282278",
                                "Image": "C:\\Windows\\SysWOW64\\taskkill.exe",
                                "IntegrityLevel": "High",
                                "ParentCommandLine": "\"C:\\Users\\george\\258027914\\258027914.EXE\"",
                                "UtcTime": "1685269207",
                                "RuleName": "-"
                            }
                        },
                        {
                            "values": {
                                "TerminalSessionId": "1",
                                "ProcessGuid": "{C784477D-2AD7-6473-C80A-000000004A00}",
                                "ProcessId": "252",
                                "Product": "Microsoft\\xae Windows\\xae Operating System",
                                "Description": "Terminates Processes",
                                "Company": "Microsoft Corporation",
                                "ParentProcessGuid": "{C784477D-2AD7-6473-C30A-000000004A00}",
                                "User": "DESKTOP-B0T93D6\\george",
                                "Hashes": "MD5=15E2E0ACD891510C6268CB8899F2A1A1,SHA256=F328D587561BEED3C19289FBA43E284FB57BCE1A4C202C7379673964F9B8610D,IMPHASH=0D3E23DCB6BF63A9EB90D5BED57B4F89",
                                "OriginalFileName": "taskkill.exe",
                                "ParentImage": "C:\\Users\\george\\258027914\\258027914.EXE",
                                "FileVersion": "10.0.17134.1 (WinBuild.160101.0800)",
                                "ParentProcessId": "3268",
                                "CurrentDirectory": "C:\\Users\\george\\Desktop\\",
                                "CommandLine": "taskkill /F /IM taskmgr.exe",
                                "EventID": "1",
                                "LogonGuid": "C784477D-63B6-645B-A64E-040000000000",
                                "LogonId": "282278",
                                "Image": "C:\\Windows\\SysWOW64\\taskkill.exe",
                                "IntegrityLevel": "High",
                                "ParentCommandLine": "\"C:\\Users\\george\\258027914\\258027914.EXE\"",
                                "UtcTime": "1685269207",
                                "RuleName": "-"
                            }
                        },
                        {
                            "values": {
                                "TerminalSessionId": "1",
                                "ProcessGuid": "{C784477D-2AD7-6473-CA0A-000000004A00}",
                                "ProcessId": "4708",
                                "Product": "Microsoft\\xae Windows\\xae Operating System",
                                "Description": "Terminates Processes",
                                "Company": "Microsoft Corporation",
                                "ParentProcessGuid": "{C784477D-2AD7-6473-C30A-000000004A00}",
                                "User": "DESKTOP-B0T93D6\\george",
                                "Hashes": "MD5=15E2E0ACD891510C6268CB8899F2A1A1,SHA256=F328D587561BEED3C19289FBA43E284FB57BCE1A4C202C7379673964F9B8610D,IMPHASH=0D3E23DCB6BF63A9EB90D5BED57B4F89",
                                "OriginalFileName": "taskkill.exe",
                                "ParentImage": "C:\\Users\\george\\258027914\\258027914.EXE",
                                "FileVersion": "10.0.17134.1 (WinBuild.160101.0800)",
                                "ParentProcessId": "3268",
                                "CurrentDirectory": "C:\\Users\\george\\Desktop\\",
                                "CommandLine": "taskkill /F /IM taskmgr.exe",
                                "EventID": "1",
                                "LogonGuid": "C784477D-63B6-645B-A64E-040000000000",
                                "LogonId": "282278",
                                "Image": "C:\\Windows\\SysWOW64\\taskkill.exe",
                                "IntegrityLevel": "High",
                                "ParentCommandLine": "\"C:\\Users\\george\\258027914\\258027914.EXE\"",
                                "UtcTime": "1685269207",
                                "RuleName": "-"
                            }
                        },
                        {
                            "values": {
                                "TerminalSessionId": "1",
                                "ProcessGuid": "{C784477D-2AD8-6473-CC0A-000000004A00}",
                                "ProcessId": "8088",
                                "Product": "Microsoft\\xae Windows\\xae Operating System",
                                "Description": "Terminates Processes",
                                "Company": "Microsoft Corporation",
                                "ParentProcessGuid": "{C784477D-2AD7-6473-C30A-000000004A00}",
                                "User": "DESKTOP-B0T93D6\\george",
                                "Hashes": "MD5=15E2E0ACD891510C6268CB8899F2A1A1,SHA256=F328D587561BEED3C19289FBA43E284FB57BCE1A4C202C7379673964F9B8610D,IMPHASH=0D3E23DCB6BF63A9EB90D5BED57B4F89",
                                "OriginalFileName": "taskkill.exe",
                                "ParentImage": "C:\\Users\\george\\258027914\\258027914.EXE",
                                "FileVersion": "10.0.17134.1 (WinBuild.160101.0800)",
                                "ParentProcessId": "3268",
                                "CurrentDirectory": "C:\\Users\\george\\Desktop\\",
                                "CommandLine": "taskkill /F /IM taskmgr.exe",
                                "EventID": "1",
                                "LogonGuid": "C784477D-63B6-645B-A64E-040000000000",
                                "LogonId": "282278",
                                "Image": "C:\\Windows\\SysWOW64\\taskkill.exe",
                                "IntegrityLevel": "High",
                                "ParentCommandLine": "\"C:\\Users\\george\\258027914\\258027914.EXE\"",
                                "UtcTime": "1685269208",
                                "RuleName": "-"
                            }
                        },
                        {
                            "values": {
                                "TerminalSessionId": "1",
                                "ProcessGuid": "{C784477D-2AD8-6473-CE0A-000000004A00}",
                                "ProcessId": "8072",
                                "Product": "Microsoft\\xae Windows\\xae Operating System",
                                "Description": "Terminates Processes",
                                "Company": "Microsoft Corporation",
                                "ParentProcessGuid": "{C784477D-2AD7-6473-C30A-000000004A00}",
                                "User": "DESKTOP-B0T93D6\\george",
                                "Hashes": "MD5=15E2E0ACD891510C6268CB8899F2A1A1,SHA256=F328D587561BEED3C19289FBA43E284FB57BCE1A4C202C7379673964F9B8610D,IMPHASH=0D3E23DCB6BF63A9EB90D5BED57B4F89",
                                "OriginalFileName": "taskkill.exe",
                                "ParentImage": "C:\\Users\\george\\258027914\\258027914.EXE",
                                "FileVersion": "10.0.17134.1 (WinBuild.160101.0800)",
                                "ParentProcessId": "3268",
                                "CurrentDirectory": "C:\\Users\\george\\Desktop\\",
                                "CommandLine": "taskkill /F /IM taskmgr.exe",
                                "EventID": "1",
                                "LogonGuid": "C784477D-63B6-645B-A64E-040000000000",
                                "LogonId": "282278",
                                "Image": "C:\\Windows\\SysWOW64\\taskkill.exe",
                                "IntegrityLevel": "High",
                                "ParentCommandLine": "\"C:\\Users\\george\\258027914\\258027914.EXE\"",
                                "UtcTime": "1685269208",
                                "RuleName": "-"
                            }
                        },
                        {
                            "values": {
                                "TerminalSessionId": "1",
                                "ProcessGuid": "{C784477D-2AD8-6473-D00A-000000004A00}",
                                "ProcessId": "8120",
                                "Product": "Microsoft\\xae Windows\\xae Operating System",
                                "Description": "Terminates Processes",
                                "Company": "Microsoft Corporation",
                                "ParentProcessGuid": "{C784477D-2AD7-6473-C30A-000000004A00}",
                                "User": "DESKTOP-B0T93D6\\george",
                                "Hashes": "MD5=15E2E0ACD891510C6268CB8899F2A1A1,SHA256=F328D587561BEED3C19289FBA43E284FB57BCE1A4C202C7379673964F9B8610D,IMPHASH=0D3E23DCB6BF63A9EB90D5BED57B4F89",
                                "OriginalFileName": "taskkill.exe",
                                "ParentImage": "C:\\Users\\george\\258027914\\258027914.EXE",
                                "FileVersion": "10.0.17134.1 (WinBuild.160101.0800)",
                                "ParentProcessId": "3268",
                                "CurrentDirectory": "C:\\Users\\george\\Desktop\\",
                                "CommandLine": "taskkill /F /IM taskmgr.exe",
                                "EventID": "1",
                                "LogonGuid": "C784477D-63B6-645B-A64E-040000000000",
                                "LogonId": "282278",
                                "Image": "C:\\Windows\\SysWOW64\\taskkill.exe",
                                "IntegrityLevel": "High",
                                "ParentCommandLine": "\"C:\\Users\\george\\258027914\\258027914.EXE\"",
                                "UtcTime": "1685269208",
                                "RuleName": "-"
                            }
                        },
                        {
                            "values": {
                                "TerminalSessionId": "1",
                                "ProcessGuid": "{C784477D-2AD8-6473-D20A-000000004A00}",
                                "ProcessId": "940",
                                "Product": "Microsoft\\xae Windows\\xae Operating System",
                                "Description": "Terminates Processes",
                                "Company": "Microsoft Corporation",
                                "ParentProcessGuid": "{C784477D-2AD7-6473-C30A-000000004A00}",
                                "User": "DESKTOP-B0T93D6\\george",
                                "Hashes": "MD5=15E2E0ACD891510C6268CB8899F2A1A1,SHA256=F328D587561BEED3C19289FBA43E284FB57BCE1A4C202C7379673964F9B8610D,IMPHASH=0D3E23DCB6BF63A9EB90D5BED57B4F89",
                                "OriginalFileName": "taskkill.exe",
                                "ParentImage": "C:\\Users\\george\\258027914\\258027914.EXE",
                                "FileVersion": "10.0.17134.1 (WinBuild.160101.0800)",
                                "ParentProcessId": "3268",
                                "CurrentDirectory": "C:\\Users\\george\\Desktop\\",
                                "CommandLine": "taskkill /F /IM taskmgr.exe",
                                "EventID": "1",
                                "LogonGuid": "C784477D-63B6-645B-A64E-040000000000",
                                "LogonId": "282278",
                                "Image": "C:\\Windows\\SysWOW64\\taskkill.exe",
                                "IntegrityLevel": "High",
                                "ParentCommandLine": "\"C:\\Users\\george\\258027914\\258027914.EXE\"",
                                "UtcTime": "1685269208",
                                "RuleName": "-"
                            }
                        },
                        {
                            "values": {
                                "TerminalSessionId": "1",
                                "ProcessGuid": "{C784477D-2AD8-6473-D40A-000000004A00}",
                                "ProcessId": "6272",
                                "Product": "Microsoft\\xae Windows\\xae Operating System",
                                "Description": "Terminates Processes",
                                "Company": "Microsoft Corporation",
                                "ParentProcessGuid": "{C784477D-2AD7-6473-C30A-000000004A00}",
                                "User": "DESKTOP-B0T93D6\\george",
                                "Hashes": "MD5=15E2E0ACD891510C6268CB8899F2A1A1,SHA256=F328D587561BEED3C19289FBA43E284FB57BCE1A4C202C7379673964F9B8610D,IMPHASH=0D3E23DCB6BF63A9EB90D5BED57B4F89",
                                "OriginalFileName": "taskkill.exe",
                                "ParentImage": "C:\\Users\\george\\258027914\\258027914.EXE",
                                "FileVersion": "10.0.17134.1 (WinBuild.160101.0800)",
                                "ParentProcessId": "3268",
                                "CurrentDirectory": "C:\\Users\\george\\Desktop\\",
                                "CommandLine": "taskkill /F /IM taskmgr.exe",
                                "EventID": "1",
                                "LogonGuid": "C784477D-63B6-645B-A64E-040000000000",
                                "LogonId": "282278",
                                "Image": "C:\\Windows\\SysWOW64\\taskkill.exe",
                                "IntegrityLevel": "High",
                                "ParentCommandLine": "\"C:\\Users\\george\\258027914\\258027914.EXE\"",
                                "UtcTime": "1685269208",
                                "RuleName": "-"
                            }
                        },
                        {
                            "values": {
                                "TerminalSessionId": "1",
                                "ProcessGuid": "{C784477D-2AD8-6473-D60A-000000004A00}",
                                "ProcessId": "7328",
                                "Product": "Microsoft\\xae Windows\\xae Operating System",
                                "Description": "Terminates Processes",
                                "Company": "Microsoft Corporation",
                                "ParentProcessGuid": "{C784477D-2AD7-6473-C30A-000000004A00}",
                                "User": "DESKTOP-B0T93D6\\george",
                                "Hashes": "MD5=15E2E0ACD891510C6268CB8899F2A1A1,SHA256=F328D587561BEED3C19289FBA43E284FB57BCE1A4C202C7379673964F9B8610D,IMPHASH=0D3E23DCB6BF63A9EB90D5BED57B4F89",
                                "OriginalFileName": "taskkill.exe",
                                "ParentImage": "C:\\Users\\george\\258027914\\258027914.EXE",
                                "FileVersion": "10.0.17134.1 (WinBuild.160101.0800)",
                                "ParentProcessId": "3268",
                                "CurrentDirectory": "C:\\Users\\george\\Desktop\\",
                                "CommandLine": "taskkill /F /IM taskmgr.exe",
                                "EventID": "1",
                                "LogonGuid": "C784477D-63B6-645B-A64E-040000000000",
                                "LogonId": "282278",
                                "Image": "C:\\Windows\\SysWOW64\\taskkill.exe",
                                "IntegrityLevel": "High",
                                "ParentCommandLine": "\"C:\\Users\\george\\258027914\\258027914.EXE\"",
                                "UtcTime": "1685269208",
                                "RuleName": "-"
                            }
                        },
                        {
                            "values": {
                                "TerminalSessionId": "1",
                                "ProcessGuid": "{C784477D-2AD9-6473-D90A-000000004A00}",
                                "ProcessId": "7392",
                                "Product": "Microsoft\\xae Windows\\xae Operating System",
                                "Description": "Terminates Processes",
                                "Company": "Microsoft Corporation",
                                "ParentProcessGuid": "{C784477D-2AD7-6473-C30A-000000004A00}",
                                "User": "DESKTOP-B0T93D6\\george",
                                "Hashes": "MD5=15E2E0ACD891510C6268CB8899F2A1A1,SHA256=F328D587561BEED3C19289FBA43E284FB57BCE1A4C202C7379673964F9B8610D,IMPHASH=0D3E23DCB6BF63A9EB90D5BED57B4F89",
                                "OriginalFileName": "taskkill.exe",
                                "ParentImage": "C:\\Users\\george\\258027914\\258027914.EXE",
                                "FileVersion": "10.0.17134.1 (WinBuild.160101.0800)",
                                "ParentProcessId": "3268",
                                "CurrentDirectory": "C:\\Users\\george\\Desktop\\",
                                "CommandLine": "taskkill /F /IM taskmgr.exe",
                                "EventID": "1",
                                "LogonGuid": "C784477D-63B6-645B-A64E-040000000000",
                                "LogonId": "282278",
                                "Image": "C:\\Windows\\SysWOW64\\taskkill.exe",
                                "IntegrityLevel": "High",
                                "ParentCommandLine": "\"C:\\Users\\george\\258027914\\258027914.EXE\"",
                                "UtcTime": "1685269209",
                                "RuleName": "-"
                            }
                        },
                        {
                            "values": {
                                "TerminalSessionId": "1",
                                "ProcessGuid": "{C784477D-2AD9-6473-DB0A-000000004A00}",
                                "ProcessId": "8008",
                                "Product": "Microsoft\\xae Windows\\xae Operating System",
                                "Description": "Terminates Processes",
                                "Company": "Microsoft Corporation",
                                "ParentProcessGuid": "{C784477D-2AD7-6473-C30A-000000004A00}",
                                "User": "DESKTOP-B0T93D6\\george",
                                "Hashes": "MD5=15E2E0ACD891510C6268CB8899F2A1A1,SHA256=F328D587561BEED3C19289FBA43E284FB57BCE1A4C202C7379673964F9B8610D,IMPHASH=0D3E23DCB6BF63A9EB90D5BED57B4F89",
                                "OriginalFileName": "taskkill.exe",
                                "ParentImage": "C:\\Users\\george\\258027914\\258027914.EXE",
                                "FileVersion": "10.0.17134.1 (WinBuild.160101.0800)",
                                "ParentProcessId": "3268",
                                "CurrentDirectory": "C:\\Users\\george\\Desktop\\",
                                "CommandLine": "taskkill /F /IM taskmgr.exe",
                                "EventID": "1",
                                "LogonGuid": "C784477D-63B6-645B-A64E-040000000000",
                                "LogonId": "282278",
                                "Image": "C:\\Windows\\SysWOW64\\taskkill.exe",
                                "IntegrityLevel": "High",
                                "ParentCommandLine": "\"C:\\Users\\george\\258027914\\258027914.EXE\"",
                                "UtcTime": "1685269209",
                                "RuleName": "-"
                            }
                        },
                        {
                            "values": {
                                "TerminalSessionId": "1",
                                "ProcessGuid": "{C784477D-2AD9-6473-DD0A-000000004A00}",
                                "ProcessId": "268",
                                "Product": "Microsoft\\xae Windows\\xae Operating System",
                                "Description": "Terminates Processes",
                                "Company": "Microsoft Corporation",
                                "ParentProcessGuid": "{C784477D-2AD7-6473-C30A-000000004A00}",
                                "User": "DESKTOP-B0T93D6\\george",
                                "Hashes": "MD5=15E2E0ACD891510C6268CB8899F2A1A1,SHA256=F328D587561BEED3C19289FBA43E284FB57BCE1A4C202C7379673964F9B8610D,IMPHASH=0D3E23DCB6BF63A9EB90D5BED57B4F89",
                                "OriginalFileName": "taskkill.exe",
                                "ParentImage": "C:\\Users\\george\\258027914\\258027914.EXE",
                                "FileVersion": "10.0.17134.1 (WinBuild.160101.0800)",
                                "ParentProcessId": "3268",
                                "CurrentDirectory": "C:\\Users\\george\\Desktop\\",
                                "CommandLine": "taskkill /F /IM taskmgr.exe",
                                "EventID": "1",
                                "LogonGuid": "C784477D-63B6-645B-A64E-040000000000",
                                "LogonId": "282278",
                                "Image": "C:\\Windows\\SysWOW64\\taskkill.exe",
                                "IntegrityLevel": "High",
                                "ParentCommandLine": "\"C:\\Users\\george\\258027914\\258027914.EXE\"",
                                "UtcTime": "1685269209",
                                "RuleName": "-"
                            }
                        },
                        {
                            "values": {
                                "TerminalSessionId": "1",
                                "ProcessGuid": "{C784477D-2AD9-6473-DF0A-000000004A00}",
                                "ProcessId": "3884",
                                "Product": "Microsoft\\xae Windows\\xae Operating System",
                                "Description": "Terminates Processes",
                                "Company": "Microsoft Corporation",
                                "ParentProcessGuid": "{C784477D-2AD7-6473-C30A-000000004A00}",
                                "User": "DESKTOP-B0T93D6\\george",
                                "Hashes": "MD5=15E2E0ACD891510C6268CB8899F2A1A1,SHA256=F328D587561BEED3C19289FBA43E284FB57BCE1A4C202C7379673964F9B8610D,IMPHASH=0D3E23DCB6BF63A9EB90D5BED57B4F89",
                                "OriginalFileName": "taskkill.exe",
                                "ParentImage": "C:\\Users\\george\\258027914\\258027914.EXE",
                                "FileVersion": "10.0.17134.1 (WinBuild.160101.0800)",
                                "ParentProcessId": "3268",
                                "CurrentDirectory": "C:\\Users\\george\\Desktop\\",
                                "CommandLine": "taskkill /F /IM taskmgr.exe",
                                "EventID": "1",
                                "LogonGuid": "C784477D-63B6-645B-A64E-040000000000",
                                "LogonId": "282278",
                                "Image": "C:\\Windows\\SysWOW64\\taskkill.exe",
                                "IntegrityLevel": "High",
                                "ParentCommandLine": "\"C:\\Users\\george\\258027914\\258027914.EXE\"",
                                "UtcTime": "1685269209",
                                "RuleName": "-"
                            }
                        },
                        {
                            "values": {
                                "TerminalSessionId": "1",
                                "ProcessGuid": "{C784477D-2AD9-6473-E10A-000000004A00}",
                                "ProcessId": "3676",
                                "Product": "Microsoft\\xae Windows\\xae Operating System",
                                "Description": "Terminates Processes",
                                "Company": "Microsoft Corporation",
                                "ParentProcessGuid": "{C784477D-2AD7-6473-C30A-000000004A00}",
                                "User": "DESKTOP-B0T93D6\\george",
                                "Hashes": "MD5=15E2E0ACD891510C6268CB8899F2A1A1,SHA256=F328D587561BEED3C19289FBA43E284FB57BCE1A4C202C7379673964F9B8610D,IMPHASH=0D3E23DCB6BF63A9EB90D5BED57B4F89",
                                "OriginalFileName": "taskkill.exe",
                                "ParentImage": "C:\\Users\\george\\258027914\\258027914.EXE",
                                "FileVersion": "10.0.17134.1 (WinBuild.160101.0800)",
                                "ParentProcessId": "3268",
                                "CurrentDirectory": "C:\\Users\\george\\Desktop\\",
                                "CommandLine": "taskkill /F /IM taskmgr.exe",
                                "EventID": "1",
                                "LogonGuid": "C784477D-63B6-645B-A64E-040000000000",
                                "LogonId": "282278",
                                "Image": "C:\\Windows\\SysWOW64\\taskkill.exe",
                                "IntegrityLevel": "High",
                                "ParentCommandLine": "\"C:\\Users\\george\\258027914\\258027914.EXE\"",
                                "UtcTime": "1685269209",
                                "RuleName": "-"
                            }
                        },
                        {
                            "values": {
                                "TerminalSessionId": "1",
                                "ProcessGuid": "{C784477D-2ADA-6473-E30A-000000004A00}",
                                "ProcessId": "768",
                                "Product": "Microsoft\\xae Windows\\xae Operating System",
                                "Description": "Terminates Processes",
                                "Company": "Microsoft Corporation",
                                "ParentProcessGuid": "{C784477D-2AD7-6473-C30A-000000004A00}",
                                "User": "DESKTOP-B0T93D6\\george",
                                "Hashes": "MD5=15E2E0ACD891510C6268CB8899F2A1A1,SHA256=F328D587561BEED3C19289FBA43E284FB57BCE1A4C202C7379673964F9B8610D,IMPHASH=0D3E23DCB6BF63A9EB90D5BED57B4F89",
                                "OriginalFileName": "taskkill.exe",
                                "ParentImage": "C:\\Users\\george\\258027914\\258027914.EXE",
                                "FileVersion": "10.0.17134.1 (WinBuild.160101.0800)",
                                "ParentProcessId": "3268",
                                "CurrentDirectory": "C:\\Users\\george\\Desktop\\",
                                "CommandLine": "taskkill /F /IM taskmgr.exe",
                                "EventID": "1",
                                "LogonGuid": "C784477D-63B6-645B-A64E-040000000000",
                                "LogonId": "282278",
                                "Image": "C:\\Windows\\SysWOW64\\taskkill.exe",
                                "IntegrityLevel": "High",
                                "ParentCommandLine": "\"C:\\Users\\george\\258027914\\258027914.EXE\"",
                                "UtcTime": "1685269210",
                                "RuleName": "-"
                            }
                        },
                        {
                            "values": {
                                "TerminalSessionId": "1",
                                "ProcessGuid": "{C784477D-2ADA-6473-E50A-000000004A00}",
                                "ProcessId": "6164",
                                "Product": "Microsoft\\xae Windows\\xae Operating System",
                                "Description": "Terminates Processes",
                                "Company": "Microsoft Corporation",
                                "ParentProcessGuid": "{C784477D-2AD7-6473-C30A-000000004A00}",
                                "User": "DESKTOP-B0T93D6\\george",
                                "Hashes": "MD5=15E2E0ACD891510C6268CB8899F2A1A1,SHA256=F328D587561BEED3C19289FBA43E284FB57BCE1A4C202C7379673964F9B8610D,IMPHASH=0D3E23DCB6BF63A9EB90D5BED57B4F89",
                                "OriginalFileName": "taskkill.exe",
                                "ParentImage": "C:\\Users\\george\\258027914\\258027914.EXE",
                                "FileVersion": "10.0.17134.1 (WinBuild.160101.0800)",
                                "ParentProcessId": "3268",
                                "CurrentDirectory": "C:\\Users\\george\\Desktop\\",
                                "CommandLine": "taskkill /F /IM taskmgr.exe",
                                "EventID": "1",
                                "LogonGuid": "C784477D-63B6-645B-A64E-040000000000",
                                "LogonId": "282278",
                                "Image": "C:\\Windows\\SysWOW64\\taskkill.exe",
                                "IntegrityLevel": "High",
                                "ParentCommandLine": "\"C:\\Users\\george\\258027914\\258027914.EXE\"",
                                "UtcTime": "1685269210",
                                "RuleName": "-"
                            }
                        },
                        {
                            "values": {
                                "TerminalSessionId": "1",
                                "ProcessGuid": "{C784477D-2ADA-6473-E70A-000000004A00}",
                                "ProcessId": "5248",
                                "Product": "Microsoft\\xae Windows\\xae Operating System",
                                "Description": "Terminates Processes",
                                "Company": "Microsoft Corporation",
                                "ParentProcessGuid": "{C784477D-2AD7-6473-C30A-000000004A00}",
                                "User": "DESKTOP-B0T93D6\\george",
                                "Hashes": "MD5=15E2E0ACD891510C6268CB8899F2A1A1,SHA256=F328D587561BEED3C19289FBA43E284FB57BCE1A4C202C7379673964F9B8610D,IMPHASH=0D3E23DCB6BF63A9EB90D5BED57B4F89",
                                "OriginalFileName": "taskkill.exe",
                                "ParentImage": "C:\\Users\\george\\258027914\\258027914.EXE",
                                "FileVersion": "10.0.17134.1 (WinBuild.160101.0800)",
                                "ParentProcessId": "3268",
                                "CurrentDirectory": "C:\\Users\\george\\Desktop\\",
                                "CommandLine": "taskkill /F /IM taskmgr.exe",
                                "EventID": "1",
                                "LogonGuid": "C784477D-63B6-645B-A64E-040000000000",
                                "LogonId": "282278",
                                "Image": "C:\\Windows\\SysWOW64\\taskkill.exe",
                                "IntegrityLevel": "High",
                                "ParentCommandLine": "\"C:\\Users\\george\\258027914\\258027914.EXE\"",
                                "UtcTime": "1685269210",
                                "RuleName": "-"
                            }
                        },
                        {
                            "values": {
                                "TerminalSessionId": "1",
                                "ProcessGuid": "{C784477D-2ADA-6473-E90A-000000004A00}",
                                "ProcessId": "7816",
                                "Product": "Microsoft\\xae Windows\\xae Operating System",
                                "Description": "Terminates Processes",
                                "Company": "Microsoft Corporation",
                                "ParentProcessGuid": "{C784477D-2AD7-6473-C30A-000000004A00}",
                                "User": "DESKTOP-B0T93D6\\george",
                                "Hashes": "MD5=15E2E0ACD891510C6268CB8899F2A1A1,SHA256=F328D587561BEED3C19289FBA43E284FB57BCE1A4C202C7379673964F9B8610D,IMPHASH=0D3E23DCB6BF63A9EB90D5BED57B4F89",
                                "OriginalFileName": "taskkill.exe",
                                "ParentImage": "C:\\Users\\george\\258027914\\258027914.EXE",
                                "FileVersion": "10.0.17134.1 (WinBuild.160101.0800)",
                                "ParentProcessId": "3268",
                                "CurrentDirectory": "C:\\Users\\george\\Desktop\\",
                                "CommandLine": "taskkill /F /IM taskmgr.exe",
                                "EventID": "1",
                                "LogonGuid": "C784477D-63B6-645B-A64E-040000000000",
                                "LogonId": "282278",
                                "Image": "C:\\Windows\\SysWOW64\\taskkill.exe",
                                "IntegrityLevel": "High",
                                "ParentCommandLine": "\"C:\\Users\\george\\258027914\\258027914.EXE\"",
                                "UtcTime": "1685269210",
                                "RuleName": "-"
                            }
                        },
