{
    "data": {
        "id": "a45c422b12ea6c5f2a7587ce6c9e5f0c8def327fbc0193794d7d9981e52ea63a",
        "type": "file",
        "links": {
            "self": "https://www.virustotal.com/api/v3/files/a45c422b12ea6c5f2a7587ce6c9e5f0c8def327fbc0193794d7d9981e52ea63a"
        },
        "attributes": {
            "tags": [
                "calls-wmi",
                "spreader",
                "peexe",
                "detect-debug-environment",
                "upx",
                "persistence",
                "long-sleeps"
            ],
            "pe_info": {
                "timestamp": 1298887233,
                "imphash": "16468fb6717303b4ab0fb20450d17d00",
                "machine_type": 332,
                "entry_point": 4096,
                "resource_details": [
                    {
                        "lang": "RUSSIAN",
                        "chi2": 425633.72,
                        "filetype": "DOS EXE",
                        "entropy": 6.684016227722168,
                        "sha256": "ccee816133153c8a88d65eb2f303995a74c2e0cb2c7e42fea6be8ddae9d1a03b",
                        "type": "BIN"
                    },
                    {
                        "lang": "RUSSIAN",
                        "chi2": 137340.7,
                        "filetype": "unknown",
                        "entropy": 4.601036548614502,
                        "sha256": "155175b04b5b3c759b741c190e51f239e20177fb91953df02bebbd281c01b3d7",
                        "type": "RT_ICON"
                    },
                    {
                        "lang": "RUSSIAN",
                        "chi2": 93091.39,
                        "filetype": "unknown",
                        "entropy": 4.926626205444336,
                        "sha256": "78b1e2778a8762d666584447393c40796b7f761854edc6a9d9be43a7e2b9d77c",
                        "type": "RT_ICON"
                    },
                    {
                        "lang": "RUSSIAN",
                        "chi2": 170111.69,
                        "filetype": "unknown",
                        "entropy": 2.8091211318969727,
                        "sha256": "51d1b782f325b1bbd2313461b39b18d37f4c5ad9c3edb427c4bd58ba4318b88f",
                        "type": "RT_ICON"
                    },
                    {
                        "lang": "RUSSIAN",
                        "chi2": 154740.91,
                        "filetype": "unknown",
                        "entropy": 5.22144889831543,
                        "sha256": "83d7b203761cb3c7653c34e0c44cbd55cdc8d139fbde824fac68fd1f2f2923cf",
                        "type": "RT_ICON"
                    },
                    {
                        "lang": "RUSSIAN",
                        "chi2": 28330.57,
                        "filetype": "unknown",
                        "entropy": 6.369582176208496,
                        "sha256": "e33a93074e9b2d5340380af52d18787c01cd018acbdd22f26185c77e32c86a60",
                        "type": "RT_ICON"
                    },
                    {
                        "lang": "RUSSIAN",
                        "chi2": 31505.65,
                        "filetype": "unknown",
                        "entropy": 4.8940534591674805,
                        "sha256": "f3845de9360a025e12dacf3847593a30a16752cf3c573d6086761c8ba05b7d89",
                        "type": "RT_ICON"
                    },
                    {
                        "lang": "RUSSIAN",
                        "chi2": 6497.73,
                        "filetype": "ICO",
                        "entropy": 2.7351880073547363,
                        "sha256": "58f6497fe4f45586f148f91ae1909a71702fcc1daa264574c64a09041aec2de7",
                        "type": "RT_GROUP_ICON"
                    },
                    {
                        "lang": "ENGLISH US",
                        "chi2": 3958.65,
                        "filetype": "unknown",
                        "entropy": 4.795973777770996,
                        "sha256": "49a60be4b95b6d30da355a0c124af82b35000bce8f24f957d1c09ead47544a1e",
                        "type": "RT_MANIFEST"
                    }
                ],
                "resource_langs": {
                    "RUSSIAN": 8,
                    "ENGLISH US": 1
                },
                "resource_types": {
                    "BIN": 1,
                    "RT_ICON": 6,
                    "RT_MANIFEST": 1,
                    "RT_GROUP_ICON": 1
                },
                "sections": [
                    {
                        "name": "UPX0",
                        "chi2": 1614589.75,
                        "virtual_address": 4096,
                        "entropy": 5.97,
                        "raw_size": 77824,
                        "flags": "rwx",
                        "virtual_size": 77824,
                        "md5": "068c480780f72026a8cbb83dae007819"
                    },
                    {
                        "name": "UPX1",
                        "chi2": 4829001.0,
                        "virtual_address": 81920,
                        "entropy": 3.3,
                        "raw_size": 40960,
                        "flags": "rwx",
                        "virtual_size": 40960,
                        "md5": "9251b24df229330993b2b0cf55cf5f54"
                    },
                    {
                        "name": ".rsrc",
                        "chi2": 670084.56,
                        "virtual_address": 122880,
                        "entropy": 5.25,
                        "raw_size": 15360,
                        "flags": "rw",
                        "virtual_size": 16384,
                        "md5": "24ce1fa8736ac956d067c81c68e09a91"
                    }
                ],
                "compiler_product_versions": [
                    "[ASM] VS2010 build 30319 count=1",
                    "[ C ] VS2010 build 30319 count=6",
                    "[IMP] VS2008 SP1 build 30729 count=5",
                    "[---] Unmarked objects count=26",
                    "[RES] VS2010 build 30319 count=1",
                    "[LNK] VS2010 build 30319 count=1",
                    "id: 0xaf, version: 30319 count=3"
                ],
                "rich_pe_header_hash": "ff44486e64aa8fac8d104555c42a18ae",
                "import_list": [
                    {
                        "library_name": "KERNEL32.DLL",
                        "imported_functions": [
                            "CloseHandle",
                            "CreateFileA",
                            "CreateFileW",
                            "CreateMutexA",
                            "CreateProcessW",
                            "ExpandEnvironmentStringsA",
                            "FindResourceW",
                            "GetCurrentProcess",
                            "GetLastError",
                            "GetProcAddress",
                            "GetTickCount",
                            "IsDebuggerPresent",
                            "IsProcessorFeaturePresent",
                            "LoadLibraryW",
                            "LoadResource",
                            "LockResource",
                            "lstrcatA",
                            "lstrcpyA",
                            "MultiByteToWideChar",
                            "SetUnhandledExceptionFilter",
                            "SizeofResource",
                            "TerminateProcess",
                            "UnhandledExceptionFilter",
                            "WriteFile"
                        ]
                    },
                    {
                        "library_name": "SHELL32.dll",
                        "imported_functions": [
                            "ShellExecuteA",
                            "ShellExecuteW"
                        ]
                    }
                ]
            },
            "authentihash": "4eb18f47cf18a51707607cf145c927954b7abb4b60af96e2bb4fd9f9b88ee515",
            "meaningful_name": "unknown",
            "md5": "51a04d0cb915213c6bf85ac871ff8e04",
            "size": 135168,
            "sigma_analysis_results": [
                {
                    "match_context": [
                        {
                            "values": {
                                "TerminalSessionId": "1",
                                "ProcessGuid": "{C784477D-D0B7-638F-8C0A-000000004700}",
                                "ProcessId": "7988",
                                "Product": "Microsoft\\xae Windows\\xae Operating System",
                                "Description": "Windows Shutdown and Annotation Tool",
                                "Company": "Microsoft Corporation",
                                "ParentProcessGuid": "{C784477D-D0B7-638F-890A-000000004700}",
                                "User": "DESKTOP-B0T93D6\\george",
                                "Hashes": "MD5=E2EB9CC0FE26E28406FB6F82F8E81B26,SHA256=14AABEA6ECA15D7D94522EBBA4347F2BC0559D309FA07CC77BFEDA5496649EAE,IMPHASH=8B92347E56758D2E293224C162867097",
                                "OriginalFileName": "SHUTDOWN.EXE",
                                "ParentImage": "C:\\Windows\\SysWOW64\\cmd.exe",
                                "FileVersion": "10.0.17134.1 (WinBuild.160101.0800)",
                                "ParentProcessId": "7920",
                                "CurrentDirectory": "C:\\Users\\george\\Desktop\\",
                                "CommandLine": "shutdown  /r /f /t 5",
                                "EventID": "1",
                                "LogonGuid": "C784477D-01DA-6386-427E-040000000000",
                                "LogonId": "294466",
                                "Image": "C:\\Windows\\SysWOW64\\shutdown.exe",
                                "IntegrityLevel": "High",
                                "ParentCommandLine": "C:\\Windows\\system32\\cmd.exe /c \"\"C:\\Users\\george\\Desktop\\y.bat\" \"",
                                "UtcTime": "1670369463",
                                "RuleName": "-"
                            }
                        }
                    ],
                    "rule_level": "medium",
                    "rule_id": "157ee4e95270f64481c50464c0e4766830e1e2b38b214a98f9e3f977857c6c69",
                    "rule_source": "Sigma Integrated Rule Set (GitHub)",
                    "rule_title": "Suspicious Execution of Shutdown",
                    "rule_description": "Use of the commandline to shutdown or reboot windows",
                    "rule_author": "frack113"
                },
                {
                    "match_context": [
                        {
                            "values": {
                                "EventID": "13",
                                "ProcessId": "8056",
                                "EventType": "SetValue",
                                "Image": "C:\\Windows\\SysWOW64\\reg.exe",
                                "ProcessGuid": "{C784477D-D0B7-638F-8E0A-000000004700}",
                                "UtcTime": "1670369463",
                                "Details": "C:\\Users\\george\\3096624671\\3096624671.EXE",
                                "RuleName": "T1060,RunKey",
                                "TargetObject": "HKU\\S-1-5-21-1015118539-3749460369-599379286-1001\\Software\\Microsoft\\Windows\\CurrentVersion\\Run\\6AA6630966246715dD47"
                            }
                        }
                    ],
                    "rule_level": "medium",
                    "rule_id": "8b5db9da5732dc549b0e8b56fe5933d7c95ed760f3ac20568ab95347ef8c5bcc",
                    "rule_source": "Sigma Integrated Rule Set (GitHub)",
                    "rule_title": "CurrentVersion Autorun Keys Modification",
                    "rule_description": "Detects modification of autostart extensibility point (ASEP) in registry.",
                    "rule_author": "Victor Sergeev, Daniil Yugoslavskiy, Gleb Sukhodolskiy, Timur Zinniatullin, oscd.community, Tim Shelton, frack113 (split)"
                },
                {
                    "match_context": [
                        {
                            "values": {
                                "EventID": "11",
                                "ProcessId": "7284",
                                "Image": "C:\\Users\\george\\Desktop\\program.exe",
                                "RuleName": "EXE",
                                "CreationUtcTime": "1670369463",
                                "UtcTime": "1670369463",
                                "ProcessGuid": "{C784477D-D052-638F-860A-000000004700}",
                                "TargetFilename": "C:\\Users\\george\\3096624671\\3096624671.EXE"
                            }
                        }
                    ],
                    "rule_level": "low",
                    "rule_id": "b5386a23355681c43cfbd2f2ccfe4b16ed45324d0d7b5583487a9f302ee1e427",
                    "rule_source": "Sigma Integrated Rule Set (GitHub)",
                    "rule_title": "Creation of an Executable by an Executable",
                    "rule_description": "Detects the creation of an executable by another executable",
                    "rule_author": "frack113"
                },
                {
                    "match_context": [
                        {
                            "values": {
                                "TerminalSessionId": "1",
                                "ProcessGuid": "{C784477D-D0C1-638F-900A-000000004700}",
                                "ProcessId": "868",
                                "Product": "Microsoft\\xae Windows\\xae Operating System",
                                "Description": "Terminates Processes",
                                "Company": "Microsoft Corporation",
                                "ParentProcessGuid": "{C784477D-D0C1-638F-8F0A-000000004700}",
                                "User": "DESKTOP-B0T93D6\\george",
                                "Hashes": "MD5=15E2E0ACD891510C6268CB8899F2A1A1,SHA256=F328D587561BEED3C19289FBA43E284FB57BCE1A4C202C7379673964F9B8610D,IMPHASH=0D3E23DCB6BF63A9EB90D5BED57B4F89",
                                "OriginalFileName": "taskkill.exe",
                                "ParentImage": "C:\\Users\\george\\3096624671\\3096624671.EXE",
                                "FileVersion": "10.0.17134.1 (WinBuild.160101.0800)",
                                "ParentProcessId": "8188",
                                "CurrentDirectory": "C:\\Users\\george\\3096624671\\",
                                "CommandLine": "taskkill /F /IM taskmgr.exe",
                                "EventID": "1",
                                "LogonGuid": "C784477D-01DA-6386-427E-040000000000",
                                "LogonId": "294466",
                                "Image": "C:\\Windows\\SysWOW64\\taskkill.exe",
                                "IntegrityLevel": "High",
                                "ParentCommandLine": "\"C:\\Users\\george\\3096624671\\3096624671.EXE\" ",
                                "UtcTime": "1670369473",
                                "RuleName": "-"
                            }
                        },
                        {
                            "values": {
                                "TerminalSessionId": "1",
                                "ProcessGuid": "{C784477D-D0C1-638F-920A-000000004700}",
                                "ProcessId": "6708",
                                "Product": "Microsoft\\xae Windows\\xae Operating System",
                                "Description": "Terminates Processes",
                                "Company": "Microsoft Corporation",
                                "ParentProcessGuid": "{C784477D-D0C1-638F-8F0A-000000004700}",
                                "User": "DESKTOP-B0T93D6\\george",
                                "Hashes": "MD5=15E2E0ACD891510C6268CB8899F2A1A1,SHA256=F328D587561BEED3C19289FBA43E284FB57BCE1A4C202C7379673964F9B8610D,IMPHASH=0D3E23DCB6BF63A9EB90D5BED57B4F89",
                                "OriginalFileName": "taskkill.exe",
                                "ParentImage": "C:\\Users\\george\\3096624671\\3096624671.EXE",
                                "FileVersion": "10.0.17134.1 (WinBuild.160101.0800)",
                                "ParentProcessId": "8188",
                                "CurrentDirectory": "C:\\Users\\george\\3096624671\\",
                                "CommandLine": "taskkill /F /IM taskmgr.exe",
                                "EventID": "1",
                                "LogonGuid": "C784477D-01DA-6386-427E-040000000000",
                                "LogonId": "294466",
                                "Image": "C:\\Windows\\SysWOW64\\taskkill.exe",
                                "IntegrityLevel": "High",
                                "ParentCommandLine": "\"C:\\Users\\george\\3096624671\\3096624671.EXE\" ",
                                "UtcTime": "1670369473",
                                "RuleName": "-"
                            }
                        },
                        {
                            "values": {
                                "TerminalSessionId": "1",
                                "ProcessGuid": "{C784477D-D0C2-638F-950A-000000004700}",
                                "ProcessId": "5892",
                                "Product": "Microsoft\\xae Windows\\xae Operating System",
                                "Description": "Terminates Processes",
                                "Company": "Microsoft Corporation",
                                "ParentProcessGuid": "{C784477D-D0C1-638F-8F0A-000000004700}",
                                "User": "DESKTOP-B0T93D6\\george",
                                "Hashes": "MD5=15E2E0ACD891510C6268CB8899F2A1A1,SHA256=F328D587561BEED3C19289FBA43E284FB57BCE1A4C202C7379673964F9B8610D,IMPHASH=0D3E23DCB6BF63A9EB90D5BED57B4F89",
                                "OriginalFileName": "taskkill.exe",
                                "ParentImage": "C:\\Users\\george\\3096624671\\3096624671.EXE",
                                "FileVersion": "10.0.17134.1 (WinBuild.160101.0800)",
                                "ParentProcessId": "8188",
                                "CurrentDirectory": "C:\\Users\\george\\3096624671\\",
                                "CommandLine": "taskkill /F /IM taskmgr.exe",
                                "EventID": "1",
                                "LogonGuid": "C784477D-01DA-6386-427E-040000000000",
                                "LogonId": "294466",
                                "Image": "C:\\Windows\\SysWOW64\\taskkill.exe",
                                "IntegrityLevel": "High",
                                "ParentCommandLine": "\"C:\\Users\\george\\3096624671\\3096624671.EXE\" ",
                                "UtcTime": "1670369474",
                                "RuleName": "-"
                            }
                        },
                        {
                            "values": {
                                "TerminalSessionId": "1",
                                "ProcessGuid": "{C784477D-D0C2-638F-970A-000000004700}",
                                "ProcessId": "3092",
                                "Product": "Microsoft\\xae Windows\\xae Operating System",
                                "Description": "Terminates Processes",
                                "Company": "Microsoft Corporation",
                                "ParentProcessGuid": "{C784477D-D0C1-638F-8F0A-000000004700}",
                                "User": "DESKTOP-B0T93D6\\george",
                                "Hashes": "MD5=15E2E0ACD891510C6268CB8899F2A1A1,SHA256=F328D587561BEED3C19289FBA43E284FB57BCE1A4C202C7379673964F9B8610D,IMPHASH=0D3E23DCB6BF63A9EB90D5BED57B4F89",
                                "OriginalFileName": "taskkill.exe",
                                "ParentImage": "C:\\Users\\george\\3096624671\\3096624671.EXE",
                                "FileVersion": "10.0.17134.1 (WinBuild.160101.0800)",
                                "ParentProcessId": "8188",
                                "CurrentDirectory": "C:\\Users\\george\\3096624671\\",
                                "CommandLine": "taskkill /F /IM taskmgr.exe",
                                "EventID": "1",
                                "LogonGuid": "C784477D-01DA-6386-427E-040000000000",
                                "LogonId": "294466",
                                "Image": "C:\\Windows\\SysWOW64\\taskkill.exe",
                                "IntegrityLevel": "High",
                                "ParentCommandLine": "\"C:\\Users\\george\\3096624671\\3096624671.EXE\" ",
                                "UtcTime": "1670369474",
                                "RuleName": "-"
                            }
                        },
                        {
                            "values": {
                                "TerminalSessionId": "1",
                                "ProcessGuid": "{C784477D-D0C2-638F-990A-000000004700}",
                                "ProcessId": "1168",
                                "Product": "Microsoft\\xae Windows\\xae Operating System",
                                "Description": "Terminates Processes",
                                "Company": "Microsoft Corporation",
                                "ParentProcessGuid": "{C784477D-D0C1-638F-8F0A-000000004700}",
                                "User": "DESKTOP-B0T93D6\\george",
                                "Hashes": "MD5=15E2E0ACD891510C6268CB8899F2A1A1,SHA256=F328D587561BEED3C19289FBA43E284FB57BCE1A4C202C7379673964F9B8610D,IMPHASH=0D3E23DCB6BF63A9EB90D5BED57B4F89",
                                "OriginalFileName": "taskkill.exe",
                                "ParentImage": "C:\\Users\\george\\3096624671\\3096624671.EXE",
                                "FileVersion": "10.0.17134.1 (WinBuild.160101.0800)",
                                "ParentProcessId": "8188",
                                "CurrentDirectory": "C:\\Users\\george\\3096624671\\",
                                "CommandLine": "taskkill /F /IM taskmgr.exe",
                                "EventID": "1",
                                "LogonGuid": "C784477D-01DA-6386-427E-040000000000",
                                "LogonId": "294466",
                                "Image": "C:\\Windows\\SysWOW64\\taskkill.exe",
                                "IntegrityLevel": "High",
                                "ParentCommandLine": "\"C:\\Users\\george\\3096624671\\3096624671.EXE\" ",
                                "UtcTime": "1670369474",
                                "RuleName": "-"
                            }
                        },
                        {
                            "values": {
                                "TerminalSessionId": "1",
                                "ProcessGuid": "{C784477D-D0C2-638F-9B0A-000000004700}",
                                "ProcessId": "7396",
                                "Product": "Microsoft\\xae Windows\\xae Operating System",
                                "Description": "Terminates Processes",
                                "Company": "Microsoft Corporation",
                                "ParentProcessGuid": "{C784477D-D0C1-638F-8F0A-000000004700}",
                                "User": "DESKTOP-B0T93D6\\george",
                                "Hashes": "MD5=15E2E0ACD891510C6268CB8899F2A1A1,SHA256=F328D587561BEED3C19289FBA43E284FB57BCE1A4C202C7379673964F9B8610D,IMPHASH=0D3E23DCB6BF63A9EB90D5BED57B4F89",
                                "OriginalFileName": "taskkill.exe",
                                "ParentImage": "C:\\Users\\george\\3096624671\\3096624671.EXE",
                                "FileVersion": "10.0.17134.1 (WinBuild.160101.0800)",
                                "ParentProcessId": "8188",
                                "CurrentDirectory": "C:\\Users\\george\\3096624671\\",
                                "CommandLine": "taskkill /F /IM taskmgr.exe",
                                "EventID": "1",
                                "LogonGuid": "C784477D-01DA-6386-427E-040000000000",
                                "LogonId": "294466",
                                "Image": "C:\\Windows\\SysWOW64\\taskkill.exe",
                                "IntegrityLevel": "High",
                                "ParentCommandLine": "\"C:\\Users\\george\\3096624671\\3096624671.EXE\" ",
                                "UtcTime": "1670369474",
                                "RuleName": "-"
                            }
                        },
                        {
                            "values": {
                                "TerminalSessionId": "1",
                                "ProcessGuid": "{C784477D-D0C2-638F-9D0A-000000004700}",
                                "ProcessId": "7464",
                                "Product": "Microsoft\\xae Windows\\xae Operating System",
                                "Description": "Terminates Processes",
                                "Company": "Microsoft Corporation",
                                "ParentProcessGuid": "{C784477D-D0C1-638F-8F0A-000000004700}",
                                "User": "DESKTOP-B0T93D6\\george",
                                "Hashes": "MD5=15E2E0ACD891510C6268CB8899F2A1A1,SHA256=F328D587561BEED3C19289FBA43E284FB57BCE1A4C202C7379673964F9B8610D,IMPHASH=0D3E23DCB6BF63A9EB90D5BED57B4F89",
                                "OriginalFileName": "taskkill.exe",
                                "ParentImage": "C:\\Users\\george\\3096624671\\3096624671.EXE",
                                "FileVersion": "10.0.17134.1 (WinBuild.160101.0800)",
                                "ParentProcessId": "8188",
                                "CurrentDirectory": "C:\\Users\\george\\3096624671\\",
                                "CommandLine": "taskkill /F /IM taskmgr.exe",
                                "EventID": "1",
                                "LogonGuid": "C784477D-01DA-6386-427E-040000000000",
                                "LogonId": "294466",
                                "Image": "C:\\Windows\\SysWOW64\\taskkill.exe",
                                "IntegrityLevel": "High",
                                "ParentCommandLine": "\"C:\\Users\\george\\3096624671\\3096624671.EXE\" ",
                                "UtcTime": "1670369474",
                                "RuleName": "-"
                            }
                        },
                        {
                            "values": {
                                "TerminalSessionId": "1",
                                "ProcessGuid": "{C784477D-D0C3-638F-9F0A-000000004700}",
                                "ProcessId": "2440",
                                "Product": "Microsoft\\xae Windows\\xae Operating System",
                                "Description": "Terminates Processes",
                                "Company": "Microsoft Corporation",
                                "ParentProcessGuid": "{C784477D-D0C1-638F-8F0A-000000004700}",
                                "User": "DESKTOP-B0T93D6\\george",
                                "Hashes": "MD5=15E2E0ACD891510C6268CB8899F2A1A1,SHA256=F328D587561BEED3C19289FBA43E284FB57BCE1A4C202C7379673964F9B8610D,IMPHASH=0D3E23DCB6BF63A9EB90D5BED57B4F89",
                                "OriginalFileName": "taskkill.exe",
                                "ParentImage": "C:\\Users\\george\\3096624671\\3096624671.EXE",
                                "FileVersion": "10.0.17134.1 (WinBuild.160101.0800)",
                                "ParentProcessId": "8188",
                                "CurrentDirectory": "C:\\Users\\george\\3096624671\\",
                                "CommandLine": "taskkill /F /IM taskmgr.exe",
                                "EventID": "1",
                                "LogonGuid": "C784477D-01DA-6386-427E-040000000000",
                                "LogonId": "294466",
                                "Image": "C:\\Windows\\SysWOW64\\taskkill.exe",
                                "IntegrityLevel": "High",
                                "ParentCommandLine": "\"C:\\Users\\george\\3096624671\\3096624671.EXE\" ",
                                "UtcTime": "1670369475",
                                "RuleName": "-"
                            }
                        },
                        {
                            "values": {
                                "TerminalSessionId": "1",
                                "ProcessGuid": "{C784477D-D0C3-638F-A10A-000000004700}",
                                "ProcessId": "6280",
                                "Product": "Microsoft\\xae Windows\\xae Operating System",
                                "Description": "Terminates Processes",
                                "Company": "Microsoft Corporation",
                                "ParentProcessGuid": "{C784477D-D0C1-638F-8F0A-000000004700}",
                                "User": "DESKTOP-B0T93D6\\george",
                                "Hashes": "MD5=15E2E0ACD891510C6268CB8899F2A1A1,SHA256=F328D587561BEED3C19289FBA43E284FB57BCE1A4C202C7379673964F9B8610D,IMPHASH=0D3E23DCB6BF63A9EB90D5BED57B4F89",
                                "OriginalFileName": "taskkill.exe",
                                "ParentImage": "C:\\Users\\george\\3096624671\\3096624671.EXE",
                                "FileVersion": "10.0.17134.1 (WinBuild.160101.0800)",
                                "ParentProcessId": "8188",
                                "CurrentDirectory": "C:\\Users\\george\\3096624671\\",
                                "CommandLine": "taskkill /F /IM taskmgr.exe",
                                "EventID": "1",
                                "LogonGuid": "C784477D-01DA-6386-427E-040000000000",
                                "LogonId": "294466",
                                "Image": "C:\\Windows\\SysWOW64\\taskkill.exe",
                                "IntegrityLevel": "High",
                                "ParentCommandLine": "\"C:\\Users\\george\\3096624671\\3096624671.EXE\" ",
                                "UtcTime": "1670369475",
                                "RuleName": "-"
                            }
                        },
                        {
                            "values": {
                                "TerminalSessionId": "1",
                                "ProcessGuid": "{C784477D-D0C3-638F-A30A-000000004700}",
                                "ProcessId": "5912",
                                "Product": "Microsoft\\xae Windows\\xae Operating System",
                                "Description": "Terminates Processes",
                                "Company": "Microsoft Corporation",
                                "ParentProcessGuid": "{C784477D-D0C1-638F-8F0A-000000004700}",
                                "User": "DESKTOP-B0T93D6\\george",
                                "Hashes": "MD5=15E2E0ACD891510C6268CB8899F2A1A1,SHA256=F328D587561BEED3C19289FBA43E284FB57BCE1A4C202C7379673964F9B8610D,IMPHASH=0D3E23DCB6BF63A9EB90D5BED57B4F89",
                                "OriginalFileName": "taskkill.exe",
                                "ParentImage": "C:\\Users\\george\\3096624671\\3096624671.EXE",
                                "FileVersion": "10.0.17134.1 (WinBuild.160101.0800)",
                                "ParentProcessId": "8188",
                                "CurrentDirectory": "C:\\Users\\george\\3096624671\\",
                                "CommandLine": "taskkill /F /IM taskmgr.exe",
                                "EventID": "1",
                                "LogonGuid": "C784477D-01DA-6386-427E-040000000000",
                                "LogonId": "294466",
                                "Image": "C:\\Windows\\SysWOW64\\taskkill.exe",
                                "IntegrityLevel": "High",
                                "ParentCommandLine": "\"C:\\Users\\george\\3096624671\\3096624671.EXE\" ",
                                "UtcTime": "1670369475",
                                "RuleName": "-"
                            }
                        },
                        {
                            "values": {
                                "TerminalSessionId": "1",
                                "ProcessGuid": "{C784477D-D0C3-638F-A50A-000000004700}",
                                "ProcessId": "7476",
                                "Product": "Microsoft\\xae Windows\\xae Operating System",
                                "Description": "Terminates Processes",
                                "Company": "Microsoft Corporation",
                                "ParentProcessGuid": "{C784477D-D0C1-638F-8F0A-000000004700}",
                                "User": "DESKTOP-B0T93D6\\george",
                                "Hashes": "MD5=15E2E0ACD891510C6268CB8899F2A1A1,SHA256=F328D587561BEED3C19289FBA43E284FB57BCE1A4C202C7379673964F9B8610D,IMPHASH=0D3E23DCB6BF63A9EB90D5BED57B4F89",
                                "OriginalFileName": "taskkill.exe",
                                "ParentImage": "C:\\Users\\george\\3096624671\\3096624671.EXE",
                                "FileVersion": "10.0.17134.1 (WinBuild.160101.0800)",
                                "ParentProcessId": "8188",
                                "CurrentDirectory": "C:\\Users\\george\\3096624671\\",
                                "CommandLine": "taskkill /F /IM taskmgr.exe",
                                "EventID": "1",
                                "LogonGuid": "C784477D-01DA-6386-427E-040000000000",
                                "LogonId": "294466",
                                "Image": "C:\\Windows\\SysWOW64\\taskkill.exe",
                                "IntegrityLevel": "High",
                                "ParentCommandLine": "\"C:\\Users\\george\\3096624671\\3096624671.EXE\" ",
                                "UtcTime": "1670369475",
                                "RuleName": "-"
                            }
                        },
                        {
                            "values": {
                                "TerminalSessionId": "1",
                                "ProcessGuid": "{C784477D-D0C4-638F-A70A-000000004700}",
                                "ProcessId": "1864",
                                "Product": "Microsoft\\xae Windows\\xae Operating System",
                                "Description": "Terminates Processes",
                                "Company": "Microsoft Corporation",
                                "ParentProcessGuid": "{C784477D-D0C1-638F-8F0A-000000004700}",
                                "User": "DESKTOP-B0T93D6\\george",
                                "Hashes": "MD5=15E2E0ACD891510C6268CB8899F2A1A1,SHA256=F328D587561BEED3C19289FBA43E284FB57BCE1A4C202C7379673964F9B8610D,IMPHASH=0D3E23DCB6BF63A9EB90D5BED57B4F89",
                                "OriginalFileName": "taskkill.exe",
                                "ParentImage": "C:\\Users\\george\\3096624671\\3096624671.EXE",
                                "FileVersion": "10.0.17134.1 (WinBuild.160101.0800)",
                                "ParentProcessId": "8188",
                                "CurrentDirectory": "C:\\Users\\george\\3096624671\\",
                                "CommandLine": "taskkill /F /IM taskmgr.exe",
                                "EventID": "1",
                                "LogonGuid": "C784477D-01DA-6386-427E-040000000000",
                                "LogonId": "294466",
                                "Image": "C:\\Windows\\SysWOW64\\taskkill.exe",
                                "IntegrityLevel": "High",
                                "ParentCommandLine": "\"C:\\Users\\george\\3096624671\\3096624671.EXE\" ",
                                "UtcTime": "1670369476",
                                "RuleName": "-"
                            }
                        },
                        {
                            "values": {
                                "TerminalSessionId": "1",
                                "ProcessGuid": "{C784477D-D0C4-638F-A90A-000000004700}",
                                "ProcessId": "7576",
                                "Product": "Microsoft\\xae Windows\\xae Operating System",
                                "Description": "Terminates Processes",
                                "Company": "Microsoft Corporation",
                                "ParentProcessGuid": "{C784477D-D0C1-638F-8F0A-000000004700}",
                                "User": "DESKTOP-B0T93D6\\george",
                                "Hashes": "MD5=15E2E0ACD891510C6268CB8899F2A1A1,SHA256=F328D587561BEED3C19289FBA43E284FB57BCE1A4C202C7379673964F9B8610D,IMPHASH=0D3E23DCB6BF63A9EB90D5BED57B4F89",
                                "OriginalFileName": "taskkill.exe",
                                "ParentImage": "C:\\Users\\george\\3096624671\\3096624671.EXE",
                                "FileVersion": "10.0.17134.1 (WinBuild.160101.0800)",
                                "ParentProcessId": "8188",
                                "CurrentDirectory": "C:\\Users\\george\\3096624671\\",
                                "CommandLine": "taskkill /F /IM taskmgr.exe",
                                "EventID": "1",
                                "LogonGuid": "C784477D-01DA-6386-427E-040000000000",
                                "LogonId": "294466",
                                "Image": "C:\\Windows\\SysWOW64\\taskkill.exe",
                                "IntegrityLevel": "High",
                                "ParentCommandLine": "\"C:\\Users\\george\\3096624671\\3096624671.EXE\" ",
                                "UtcTime": "1670369476",
                                "RuleName": "-"
                            }
                        },
                        {
                            "values": {
                                "TerminalSessionId": "1",
                                "ProcessGuid": "{C784477D-D0C4-638F-AB0A-000000004700}",
                                "ProcessId": "5408",
                                "Product": "Microsoft\\xae Windows\\xae Operating System",
                                "Description": "Terminates Processes",
                                "Company": "Microsoft Corporation",
                                "ParentProcessGuid": "{C784477D-D0C1-638F-8F0A-000000004700}",
                                "User": "DESKTOP-B0T93D6\\george",
                                "Hashes": "MD5=15E2E0ACD891510C6268CB8899F2A1A1,SHA256=F328D587561BEED3C19289FBA43E284FB57BCE1A4C202C7379673964F9B8610D,IMPHASH=0D3E23DCB6BF63A9EB90D5BED57B4F89",
                                "OriginalFileName": "taskkill.exe",
                                "ParentImage": "C:\\Users\\george\\3096624671\\3096624671.EXE",
                                "FileVersion": "10.0.17134.1 (WinBuild.160101.0800)",
                                "ParentProcessId": "8188",
                                "CurrentDirectory": "C:\\Users\\george\\3096624671\\",
                                "CommandLine": "taskkill /F /IM taskmgr.exe",
                                "EventID": "1",
                                "LogonGuid": "C784477D-01DA-6386-427E-040000000000",
                                "LogonId": "294466",
                                "Image": "C:\\Windows\\SysWOW64\\taskkill.exe",
                                "IntegrityLevel": "High",
                                "ParentCommandLine": "\"C:\\Users\\george\\3096624671\\3096624671.EXE\" ",
                                "UtcTime": "1670369476",
                                "RuleName": "-"
                            }
                        },
                        {
                            "values": {
                                "TerminalSessionId": "1",
                                "ProcessGuid": "{C784477D-D0C4-638F-AD0A-000000004700}",
                                "ProcessId": "1872",
                                "Product": "Microsoft\\xae Windows\\xae Operating System",
                                "Description": "Terminates Processes",
                                "Company": "Microsoft Corporation",
                                "ParentProcessGuid": "{C784477D-D0C1-638F-8F0A-000000004700}",
                                "User": "DESKTOP-B0T93D6\\george",
                                "Hashes": "MD5=15E2E0ACD891510C6268CB8899F2A1A1,SHA256=F328D587561BEED3C19289FBA43E284FB57BCE1A4C202C7379673964F9B8610D,IMPHASH=0D3E23DCB6BF63A9EB90D5BED57B4F89",
                                "OriginalFileName": "taskkill.exe",
                                "ParentImage": "C:\\Users\\george\\3096624671\\3096624671.EXE",
                                "FileVersion": "10.0.17134.1 (WinBuild.160101.0800)",
                                "ParentProcessId": "8188",
                                "CurrentDirectory": "C:\\Users\\george\\3096624671\\",
                                "CommandLine": "taskkill /F /IM taskmgr.exe",
                                "EventID": "1",
                                "LogonGuid": "C784477D-01DA-6386-427E-040000000000",
                                "LogonId": "294466",
                                "Image": "C:\\Windows\\SysWOW64\\taskkill.exe",
                                "IntegrityLevel": "High",
                                "ParentCommandLine": "\"C:\\Users\\george\\3096624671\\3096624671.EXE\" ",
                                "UtcTime": "1670369476",
                                "RuleName": "-"
                            }
                        },
                        {
                            "values": {
                                "TerminalSessionId": "1",
                                "ProcessGuid": "{C784477D-D0C5-638F-AF0A-000000004700}",
                                "ProcessId": "2344",
                                "Product": "Microsoft\\xae Windows\\xae Operating System",
                                "Description": "Terminates Processes",
                                "Company": "Microsoft Corporation",
                                "ParentProcessGuid": "{C784477D-D0C1-638F-8F0A-000000004700}",
                                "User": "DESKTOP-B0T93D6\\george",
                                "Hashes": "MD5=15E2E0ACD891510C6268CB8899F2A1A1,SHA256=F328D587561BEED3C19289FBA43E284FB57BCE1A4C202C7379673964F9B8610D,IMPHASH=0D3E23DCB6BF63A9EB90D5BED57B4F89",
                                "OriginalFileName": "taskkill.exe",
                                "ParentImage": "C:\\Users\\george\\3096624671\\3096624671.EXE",
                                "FileVersion": "10.0.17134.1 (WinBuild.160101.0800)",
                                "ParentProcessId": "8188",
                                "CurrentDirectory": "C:\\Users\\george\\3096624671\\",
                                "CommandLine": "taskkill /F /IM taskmgr.exe",
                                "EventID": "1",
                                "LogonGuid": "C784477D-01DA-6386-427E-040000000000",
                                "LogonId": "294466",
                                "Image": "C:\\Windows\\SysWOW64\\taskkill.exe",
                                "IntegrityLevel": "High",
                                "ParentCommandLine": "\"C:\\Users\\george\\3096624671\\3096624671.EXE\" ",
                                "UtcTime": "1670369477",
                                "RuleName": "-"
                            }
                        },
                        {
                            "values": {
                                "TerminalSessionId": "1",
                                "ProcessGuid": "{C784477D-D0C5-638F-B10A-000000004700}",
                                "ProcessId": "6328",
                                "Product": "Microsoft\\xae Windows\\xae Operating System",
                                "Description": "Terminates Processes",
                                "Company": "Microsoft Corporation",
                                "ParentProcessGuid": "{C784477D-D0C1-638F-8F0A-000000004700}",
                                "User": "DESKTOP-B0T93D6\\george",
                                "Hashes": "MD5=15E2E0ACD891510C6268CB8899F2A1A1,SHA256=F328D587561BEED3C19289FBA43E284FB57BCE1A4C202C7379673964F9B8610D,IMPHASH=0D3E23DCB6BF63A9EB90D5BED57B4F89",
                                "OriginalFileName": "taskkill.exe",
                                "ParentImage": "C:\\Users\\george\\3096624671\\3096624671.EXE",
                                "FileVersion": "10.0.17134.1 (WinBuild.160101.0800)",
                                "ParentProcessId": "8188",
                                "CurrentDirectory": "C:\\Users\\george\\3096624671\\",
                                "CommandLine": "taskkill /F /IM taskmgr.exe",
                                "EventID": "1",
                                "LogonGuid": "C784477D-01DA-6386-427E-040000000000",
                                "LogonId": "294466",
                                "Image": "C:\\Windows\\SysWOW64\\taskkill.exe",
                                "IntegrityLevel": "High",
                                "ParentCommandLine": "\"C:\\Users\\george\\3096624671\\3096624671.EXE\" ",
                                "UtcTime": "1670369477",
                                "RuleName": "-"
                            }
                        },
                        {
                            "values": {
                                "TerminalSessionId": "1",
                                "ProcessGuid": "{C784477D-D0C5-638F-B30A-000000004700}",
                                "ProcessId": "6636",
                                "Product": "Microsoft\\xae Windows\\xae Operating System",
                                "Description": "Terminates Processes",
                                "Company": "Microsoft Corporation",
                                "ParentProcessGuid": "{C784477D-D0C1-638F-8F0A-000000004700}",
                                "User": "DESKTOP-B0T93D6\\george",
                                "Hashes": "MD5=15E2E0ACD891510C6268CB8899F2A1A1,SHA256=F328D587561BEED3C19289FBA43E284FB57BCE1A4C202C7379673964F9B8610D,IMPHASH=0D3E23DCB6BF63A9EB90D5BED57B4F89",
                                "OriginalFileName": "taskkill.exe",
                                "ParentImage": "C:\\Users\\george\\3096624671\\3096624671.EXE",
                                "FileVersion": "10.0.17134.1 (WinBuild.160101.0800)",
                                "ParentProcessId": "8188",
                                "CurrentDirectory": "C:\\Users\\george\\3096624671\\",
                                "CommandLine": "taskkill /F /IM taskmgr.exe",
                                "EventID": "1",
                                "LogonGuid": "C784477D-01DA-6386-427E-040000000000",
                                "LogonId": "294466",
                                "Image": "C:\\Windows\\SysWOW64\\taskkill.exe",
                                "IntegrityLevel": "High",
                                "ParentCommandLine": "\"C:\\Users\\george\\3096624671\\3096624671.EXE\" ",
                                "UtcTime": "1670369477",
                                "RuleName": "-"
                            }
                        },
                        {
                            "values": {
                                "TerminalSessionId": "1",
                                "ProcessGuid": "{C784477D-D0C5-638F-B50A-000000004700}",
                                "ProcessId": "6848",
                                "Product": "Microsoft\\xae Windows\\xae Operating System",
                                "Description": "Terminates Processes",
                                "Company": "Microsoft Corporation",
                                "ParentProcessGuid": "{C784477D-D0C1-638F-8F0A-000000004700}",
                                "User": "DESKTOP-B0T93D6\\george",
                                "Hashes": "MD5=15E2E0ACD891510C6268CB8899F2A1A1,SHA256=F328D587561BEED3C19289FBA43E284FB57BCE1A4C202C7379673964F9B8610D,IMPHASH=0D3E23DCB6BF63A9EB90D5BED57B4F89",
                                "OriginalFileName": "taskkill.exe",
                                "ParentImage": "C:\\Users\\george\\3096624671\\3096624671.EXE",
                                "FileVersion": "10.0.17134.1 (WinBuild.160101.0800)",
                                "ParentProcessId": "8188",
                                "CurrentDirectory": "C:\\Users\\george\\3096624671\\",
                                "CommandLine": "taskkill /F /IM taskmgr.exe",
                                "EventID": "1",
                                "LogonGuid": "C784477D-01DA-6386-427E-040000000000",
                                "LogonId": "294466",
                                "Image": "C:\\Windows\\SysWOW64\\taskkill.exe",
                                "IntegrityLevel": "High",
                                "ParentCommandLine": "\"C:\\Users\\george\\3096624671\\3096624671.EXE\" ",
                                "UtcTime": "1670369477",
                                "RuleName": "-"
                            }
                        },
