                        {
                            "values": {
                                "EventID": "3",
                                "ProcessId": "612",
                                "DestinationPortName": "-",
                                "Protocol": "tcp",
                                "Initiated": "true",
                                "DestinationIp": "172.217.204.153",
                                "SourcePortName": "-",
                                "Image": "C:\\Users\\admin\\AppData\\Local\\Programs\\Python\\Python37\\pythonw.exe",
                                "RuleName": "Usermode",
                                "DestinationHostname": "-",
                                "UtcTime": "2022-07-04 16:44:10.201",
                                "User": "work\\admin",
                                "DestinationPort": "443",
                                "ProcessGuid": "5240FBE6-18BC-62C3-3B00-000000002400",
                                "SourcePort": "49170",
                                "SourceIsIpv6": "false",
                                "SourceHostname": "-",
                                "SourceIp": "192.168.122.10",
                                "DestinationIsIpv6": "false"
                            }
                        },
                        {
                            "values": {
                                "EventID": "3",
                                "ProcessId": "612",
                                "DestinationPortName": "-",
                                "Protocol": "tcp",
                                "DestinationIp": "172.217.204.153",
                                "Initiated": "true",
                                "SourcePortName": "-",
                                "Image": "C:\\Users\\admin\\AppData\\Local\\Programs\\Python\\Python37\\pythonw.exe",
                                "RuleName": "Usermode",
                                "DestinationHostname": "-",
                                "UtcTime": "2022-07-04 16:44:15.377",
                                "User": "work\\admin",
                                "DestinationPort": "443",
                                "ProcessGuid": "5240FBE6-18BC-62C3-3B00-000000002400",
                                "SourcePort": "49171",
                                "SourceIsIpv6": "false",
                                "SourceHostname": "-",
                                "SourceIp": "192.168.122.10",
                                "DestinationIsIpv6": "false"
                            }
                        }
                    ]
                },
                {
                    "rule_level": "low",
                    "rule_id": "16b459cba08f0827ee9607be238b1582dfd3717c30b129b5f215736d5a3c3e1b",
                    "rule_source": "Sigma Integrated Rule Set (GitHub)",
                    "rule_title": "DNS Server Discovery Via LDAP Query",
                    "rule_description": "Detects DNS server discovery via LDAP query requests from uncommon applications",
                    "rule_author": "frack113",
                    "match_context": [
                        {
                            "values": {
                                "QueryStatus": "9003",
                                "QueryName": "_ldap._tcp.dc._msdcs.DESKTOP-B0T93D6",
                                "Image": "C:\\Users\\george\\Desktop\\file.exe",
                                "EventID": "22"
                            }
                        },
                        {
                            "values": {
                                "QueryStatus": "9003",
                                "QueryName": "_ldap._tcp.dc._msdcs.DESKTOP-ET51AJO",
                                "Image": "C:\\Users\\Bruno\\Desktop\\software.exe",
                                "EventID": "22"
                            }
                        }
                    ]
                },
                {
                    "rule_level": "low",
                    "rule_id": "b5386a23355681c43cfbd2f2ccfe4b16ed45324d0d7b5583487a9f302ee1e427",
                    "rule_source": "Sigma Integrated Rule Set (GitHub)",
                    "rule_title": "Creation of an Executable by an Executable",
                    "rule_description": "Detects the creation of an executable by another executable",
                    "rule_author": "frack113",
                    "match_context": [
                        {
                            "values": {
                                "EventID": "11",
                                "ProcessId": "612",
                                "Image": "C:\\Users\\admin\\AppData\\Local\\Programs\\Python\\Python37\\pythonw.exe",
                                "ProcessGuid": "5240FBE6-18BC-62C3-3B00-000000002400",
                                "CreationUtcTime": "2022-07-04 16:43:56.328",
                                "UtcTime": "2022-07-04 16:43:56.328",
                                "RuleName": "EXE",
                                "TargetFilename": "C:\\Users\\admin\\AppData\\Local\\Temp\\frida-bc4386925551067312c747401449bfa4\\frida-winjector-helper-32.exe"
                            }
                        },
                        {
                            "values": {
                                "EventID": "11",
                                "ProcessId": "612",
                                "Image": "C:\\Users\\admin\\AppData\\Local\\Programs\\Python\\Python37\\pythonw.exe",
                                "RuleName": "EXE",
                                "CreationUtcTime": "2022-07-04 16:43:58.000",
                                "UtcTime": "2022-07-04 16:43:58.000",
                                "ProcessGuid": "5240FBE6-18BC-62C3-3B00-000000002400",
                                "TargetFilename": "C:\\Users\\admin\\AppData\\Local\\Temp\\frida-bc4386925551067312c747401449bfa4\\frida-winjector-helper-64.exe"
                            }
                        }
                    ]
                }
            ],
            "last_modification_date": 1768514492,
            "times_submitted": 10,
            "sigma_analysis_summary": {
                "Sigma Integrated Rule Set (GitHub)": {
                    "critical": 0,
                    "high": 5,
                    "medium": 0,
                    "low": 2
                }
            },
            "last_analysis_date": 1768507153,
            "size": 165888,
            "reputation": -84,
            "creation_date": 1656341754,
            "total_votes": {
                "harmless": 0,
                "malicious": 4
            },
            "type_tags": [
                "executable",
                "windows",
                "win32",
                "pe",
                "peexe"
            ],
            "trid": [
                {
                    "file_type": "Win32 Dynamic Link Library (generic)",
                    "probability": 25.0
                },
                {
                    "file_type": "Win16 NE executable (generic)",
                    "probability": 19.1
                },
                {
                    "file_type": "Win32 Executable (generic)",
                    "probability": 17.1
                },
                {
                    "file_type": "Win16/32 Executable Delphi generic",
                    "probability": 7.8
                },
                {
                    "file_type": "Windows Icons Library (generic)",
                    "probability": 7.8
                }
            ],
            "detectiteasy": {
                "filetype": "PE32",
                "values": [
                    {
                        "info": "GUI32",
                        "version": "14.12",
                        "type": "Linker",
                        "name": "Microsoft Linker"
                    }
                ]
            },
            "tlsh": "T165F36C227112D177C4A239F1B32A76A1B39D8E2C16A8A453FAF8DF0538778237F15947",
            "tags": [
                "detect-debug-environment",
                "long-sleeps",
                "checks-user-input",
                "calls-wmi",
                "peexe"
            ],
            "unique_sources": 9
        }
    }
}