                {
                    "rule_level": "high",
                    "rule_id": "25fc56c1bee673d7ff3edcf371e4d2a36c0af83222da348961b87735c8efa61f",
                    "rule_source": "Sigma Integrated Rule Set (GitHub)",
                    "rule_title": "System File Execution Location Anomaly",
                    "rule_description": "Detects the execution of a Windows system binary that is usually located in the system folder from an uncommon location.\n",
                    "rule_author": "Florian Roth (Nextron Systems), Patrick Bareiss, Anton Kutepov, oscd.community, Nasreddine Bencherchali (Nextron Systems)",
                    "match_context": [
                        {
                            "values": {
                                "Product": "Clut Hold",
                                "CurrentDirectory": "C:\\ProgramData\\Windows\\",
                                "OriginalFileName": "Clut Hold.exe",
                                "Hashes": "MD5=F6402C5DCCD957C6231E4902DF7C2865,SHA256=A6471B8EA3B85C148A224157126C0EA3DB8E803AF5F93DAA7DEB4D63AFC38D90,IMPHASH=20762095DD639467A5F1D330FADD467D",
                                "Description": "Deleted Osmod",
                                "EventID": "1",
                                "ParentCommandLine": "C:\\Windows\\Explorer.EXE",
                                "CommandLine": "\"C:\\ProgramData\\Windows\\csrss.exe\" ",
                                "FileVersion": "4.7.5.4",
                                "ParentImage": "C:\\Windows\\explorer.exe",
                                "IntegrityLevel": "Medium",
                                "Image": "C:\\ProgramData\\Windows\\csrss.exe",
                                "Company": "SolarWinds"
                            }
                        }
                    ]
                },
                {
                    "rule_level": "high",
                    "rule_id": "ea7ec9e92c165a4cef023fd658ef72279f03378ab53f4481eb973ecb2171b193",
                    "rule_source": "Sigma Integrated Rule Set (GitHub)",
                    "rule_title": "Remote Thread Creation in Suspicious Targets",
                    "rule_description": "Detects a remote thread creation in suspicious taregt images",
                    "rule_author": "Florian Roth",
                    "match_context": [
                        {
                            "values": {
                                "EventID": "8",
                                "TargetImage": "C:\\Program Files (x86)\\Windows NT\\Accessories\\wordpad.exe",
                                "TargetProcessGuid": "5240FBE6-A66F-62A3-A200-000000002400",
                                "NewThreadId": "2720",
                                "StartModule": "-",
                                "SourceProcessId": "2200",
                                "StartFunction": "-",
                                "UtcTime": "2022-06-10 20:15:43.953",
                                "SourceImage": "C:\\Users\\admin\\AppData\\Local\\Temp\\frida-c56940a6da2b334d9a5c3a8d119c67e2\\frida-winjector-helper-32.exe",
                                "TargetProcessId": "2712",
                                "RuleName": "-",
                                "SourceProcessGuid": "5240FBE6-A669-62A3-9A00-000000002400",
                                "StartAddress": "0x00000000000C0000"
                            }
                        }
                    ]
                },
                {
                    "rule_level": "medium",
                    "rule_id": "8b5db9da5732dc549b0e8b56fe5933d7c95ed760f3ac20568ab95347ef8c5bcc",
                    "rule_source": "Sigma Integrated Rule Set (GitHub)",
                    "rule_title": "CurrentVersion Autorun Keys Modification",
                    "rule_description": "Detects modification of autostart extensibility point (ASEP) in registry.",
                    "rule_author": "Victor Sergeev, Daniil Yugoslavskiy, Gleb Sukhodolskiy, Timur Zinniatullin, oscd.community, Tim Shelton, frack113 (split)",
                    "match_context": [
                        {
                            "values": {
                                "RuleName": "T1060,RunKey",
                                "EventID": "13",
                                "Details": "\"C:\\ProgramData\\Windows\\csrss.exe\"",
                                "Image": "C:\\Users\\george\\Desktop\\Clut Hold.exe",
                                "EventType": "SetValue",
                                "TargetObject": "HKU\\S-1-5-21-1015118539-3749460369-599379286-1001\\Software\\Microsoft\\Windows\\CurrentVersion\\Run\\Client Server Runtime Subsystem"
                            }
                        },
                        {
                            "values": {
                                "EventID": "13",
                                "ProcessId": "2060",
                                "EventType": "SetValue",
                                "Image": "C:\\Users\\admin\\Downloads\\Clut Hold.exe",
                                "ProcessGuid": "5240FBE6-A666-62A3-9400-000000002400",
                                "UtcTime": "2022-06-10 20:15:42.062",
                                "Details": "\"C:\\ProgramData\\Windows\\csrss.exe\"",
                                "RuleName": "T1060,RunKey",
                                "TargetObject": "HKU\\S-1-5-21-3711686801-687107597-1149503783-1001\\Software\\Microsoft\\Windows\\CurrentVersion\\Run\\Client Server Runtime Subsystem"
                            }
                        }
                    ]
                },
                {
                    "rule_level": "medium",
                    "rule_id": "e13498937de9343f50c1e8f315ce602aa238e37e21f3dbb15d3403c25afafe3e",
                    "rule_source": "Sigma Integrated Rule Set (GitHub)",
                    "rule_title": "Files With System Process Name In Unsuspected Locations",
                    "rule_description": "Detects the creation of an executable with a system process name in folders other than the system ones (System32, SysWOW64, etc.).\nIt is highly recommended to perform an initial baseline before using this rule in production.\n",
                    "rule_author": "Sander Wiebing, Tim Shelton, Nasreddine Bencherchali (Nextron Systems)",
                    "match_context": [
                        {
                            "values": {
                                "RuleName": "EXE",
                                "Image": "C:\\Users\\george\\Desktop\\Clut Hold.exe",
                                "EventID": "11",
                                "TargetFilename": "C:\\ProgramData\\Windows\\csrss.exe"
                            }
                        }
                    ]
                },
                {
                    "rule_level": "low",
                    "rule_id": "afd546ea5eff265c454f77f6e7641ade6e5a791d79de155fa27d377be1581535",
                    "rule_source": "Sigma Integrated Rule Set (GitHub)",
                    "rule_title": "Windows Processes Suspicious Parent Directory",
                    "rule_description": "Detect suspicious parent processes of well-known Windows processes",
                    "rule_author": "vburov",
                    "match_context": [
                        {
                            "values": {
                                "Product": "Clut Hold",
                                "CurrentDirectory": "C:\\ProgramData\\Windows\\",
                                "OriginalFileName": "Clut Hold.exe",
                                "Hashes": "MD5=F6402C5DCCD957C6231E4902DF7C2865,SHA256=A6471B8EA3B85C148A224157126C0EA3DB8E803AF5F93DAA7DEB4D63AFC38D90,IMPHASH=20762095DD639467A5F1D330FADD467D",
                                "Description": "Deleted Osmod",
                                "EventID": "1",
                                "ParentCommandLine": "C:\\Windows\\Explorer.EXE",
                                "CommandLine": "\"C:\\ProgramData\\Windows\\csrss.exe\" ",
                                "FileVersion": "4.7.5.4",
                                "ParentImage": "C:\\Windows\\explorer.exe",
                                "IntegrityLevel": "Medium",
                                "Image": "C:\\ProgramData\\Windows\\csrss.exe",
                                "Company": "SolarWinds"
                            }
                        }
                    ]
                },
                {
                    "rule_level": "low",
                    "rule_id": "b5386a23355681c43cfbd2f2ccfe4b16ed45324d0d7b5583487a9f302ee1e427",
                    "rule_source": "Sigma Integrated Rule Set (GitHub)",
                    "rule_title": "Creation of an Executable by an Executable",
                    "rule_description": "Detects the creation of an executable by another executable",
                    "rule_author": "frack113",
                    "match_context": [
                        {
                            "values": {
                                "EventID": "11",
                                "ProcessId": "268",
                                "Image": "C:\\Users\\admin\\AppData\\Local\\Programs\\Python\\Python37\\pythonw.exe",
                                "ProcessGuid": "5240FBE6-A656-62A3-3A00-000000002400",
                                "CreationUtcTime": "2022-06-10 20:15:34.968",
                                "UtcTime": "2022-06-10 20:15:34.968",
                                "RuleName": "EXE",
                                "TargetFilename": "C:\\Users\\admin\\AppData\\Local\\Temp\\frida-c56940a6da2b334d9a5c3a8d119c67e2\\frida-winjector-helper-32.exe"
                            }
                        },
                        {
                            "values": {
                                "EventID": "11",
                                "ProcessId": "268",
                                "TargetFilename": "C:\\Users\\admin\\AppData\\Local\\Temp\\frida-c56940a6da2b334d9a5c3a8d119c67e2\\frida-winjector-helper-64.exe",
                                "RuleName": "EXE",
                                "CreationUtcTime": "2022-06-10 20:15:36.421",
                                "UtcTime": "2022-06-10 20:15:36.421",
                                "ProcessGuid": "5240FBE6-A656-62A3-3A00-000000002400",
                                "Image": "C:\\Users\\admin\\AppData\\Local\\Programs\\Python\\Python37\\pythonw.exe"
                            }
                        },
                        {
                            "values": {
                                "EventID": "11",
                                "ProcessId": "2060",
                                "TargetFilename": "C:\\ProgramData\\Windows\\csrss.exe",
                                "ProcessGuid": "5240FBE6-A666-62A3-9400-000000002400",
                                "CreationUtcTime": "2022-06-10 20:15:42.062",
                                "UtcTime": "2022-06-10 20:15:42.062",
                                "RuleName": "EXE",
                                "Image": "C:\\Users\\admin\\Downloads\\Clut Hold.exe"
                            }
                        },
                        {
                            "values": {
                                "EventID": "11",
                                "ProcessId": "268",
                                "Image": "C:\\Users\\admin\\AppData\\Local\\Programs\\Python\\Python37\\pythonw.exe",
                                "RuleName": "Downloads",
                                "CreationUtcTime": "2022-06-10 20:15:42.921",
                                "UtcTime": "2022-06-10 20:15:42.921",
                                "ProcessGuid": "5240FBE6-A656-62A3-3A00-000000002400",
                                "TargetFilename": "C:\\Users\\admin\\Downloads\\files\\csrss.exe"
                            }
                        }
                    ]
                }
            ],
            "meaningful_name": "Clut Hold.exe",
            "unique_sources": 11,
            "magika": "PEBIN",
            "type_tags": [
                "executable",
                "windows",
                "win32",
                "pe",
                "peexe"
            ],
            "names": [
                "Clut Hold",
                "Clut Hold.exe",
                "csrss.exe",
                "unknown",
                "schet_8197.exe",
                "a6471b8ea3b85c148a224157126c0ea3db8e803af5f93daa7deb4d63afc38d90.bin",
                "output.112596761.txt",
                "VirusShare_f6402c5dccd957c6231e4902df7c2865",
                "aa",
                "DsRev.xltm",
                "a6471b8ea3b85c148a224157126c0ea3db8e803af5f93daa7deb4d63afc38d90"
            ],
            "sigma_analysis_stats": {
                "critical": 1,
                "high": 2,
                "medium": 2,
                "low": 2
            },
            "last_submission_date": 1669925651,
            "pe_info": {
                "timestamp": 1495088786,
                "imphash": "20762095dd639467a5f1d330fadd467d",
                "machine_type": 332,
                "entry_point": 18452,
                "resource_details": [
                    {
                        "lang": "ENGLISH US",
                        "chi2": 380.13,
                        "filetype": "unknown",
                        "entropy": 7.999504089355469,
                        "sha256": "c9f6b2c7864b91c438618eee1d7ae276c74c1ee5fc2ea39fbe14fc788aad55d4",
                        "type": "RCDATA"
                    },
                    {
                        "lang": "ENGLISH US",
                        "chi2": 274.68,
                        "filetype": "unknown",
                        "entropy": 7.998378276824951,
                        "sha256": "04e5915ec24ecb62d0264560c09561c917d08731b4fea65396d66c17b6977e76",
                        "type": "RCDATA"
                    },
                    {
                        "lang": "ENGLISH US",
                        "chi2": 271.7,
                        "filetype": "unknown",
                        "entropy": 7.999191761016846,
                        "sha256": "d311e6ca91e57a434aa98777772eb96cf9f20683f5fad2bd6d292096117a0b8f",
                        "type": "RCDATA"
                    },
                    {
                        "lang": "ENGLISH US",
                        "chi2": 28032.56,
                        "filetype": "unknown",
                        "entropy": 2.9207894802093506,
                        "sha256": "c0ede68a98bd2bc58c78564dfb42f1640dc29766d3ab2782ab8b5ed28c6fd414",
                        "type": "RT_BITMAP"
                    },
                    {
                        "lang": "ENGLISH US",
                        "chi2": 56226.14,
                        "filetype": "unknown",
                        "entropy": 1.9410003423690796,
                        "sha256": "b6be0da0861ef223dc51cbe193d2f8e602233baa25d6cd782e683e5ad234d194",
                        "type": "RT_BITMAP"
                    },
                    {
                        "lang": "ENGLISH US",
                        "chi2": 12488.0,
                        "filetype": "unknown",
                        "entropy": 2.7345664501190186,
                        "sha256": "caf10784d936136cddde6b4489d7ffdc6098f8050a81c7e02d1ebdd9878cff15",
                        "type": "RT_BITMAP"
                    },
                    {
                        "lang": "ENGLISH US",
                        "chi2": 11186.29,
                        "filetype": "unknown",
                        "entropy": 3.0518975257873535,
                        "sha256": "e086586402b8c51192766a01a37dd2f2b4b657bbd4d5b721f1eed692678f6ef6",
                        "type": "RT_BITMAP"
                    },
                    {
                        "lang": "ENGLISH US",
                        "chi2": 6584.91,
                        "filetype": "unknown",
                        "entropy": 4.568039894104004,
                        "sha256": "3c4d93d3b9e13af9d3ebf6bd2c779ffde01e603ac6355756bbae27771fd1c68f",
                        "type": "RT_BITMAP"
                    },
                    {
                        "lang": "ENGLISH US",
                        "chi2": 5018.61,
                        "filetype": "unknown",
                        "entropy": 4.994907855987549,
                        "sha256": "39275822b519dfe80e62306442490a068f4ae7daa0fe1d82b1d30b8062772bb5",
                        "type": "RT_BITMAP"
                    },
                    {
                        "lang": "ENGLISH US",
                        "chi2": 35313.16,
                        "filetype": "unknown",
                        "entropy": 4.8398966789245605,
                        "sha256": "aa40e70bb61fb3486a0e436e05c92a8d838b8ec2dc9f59143b36012b2be2da6c",
                        "type": "RT_BITMAP"
                    },
                    {
                        "lang": "ENGLISH US",
                        "chi2": 15870.37,
                        "filetype": "unknown",
                        "entropy": 2.876206636428833,
                        "sha256": "abdf36bde89a26349f5741c17c235dacea88d441d8662ba16a598dc50c3c4864",
                        "type": "RT_BITMAP"
                    },
                    {
                        "lang": "ENGLISH US",
                        "chi2": 14583.39,
                        "filetype": "unknown",
                        "entropy": 4.237955570220947,
                        "sha256": "76ea1c1af43dac74dc3dc3cd141b1125e89e53bc160959c39d0fc27dd3458d80",
                        "type": "RT_BITMAP"
                    },
                    {
                        "lang": "ENGLISH US",
                        "chi2": 13373.03,
                        "filetype": "PNG",
                        "entropy": 7.522025108337402,
                        "sha256": "93458d8e24194dfd6119f32e0aa861842b4bd636ea26456a3f16ff987850fa63",
                        "type": "RT_ICON"
                    },
                    {
                        "lang": "ENGLISH US",
                        "chi2": 1650833.62,
                        "filetype": "unknown",
                        "entropy": 3.797640562057495,
                        "sha256": "232b021f5691a12c474318724e9716fda4aa98417ef4ad324c230c335c7b5b6c",
                        "type": "RT_ICON"
                    },
                    {
                        "lang": "ENGLISH US",
                        "chi2": 1265012.25,
                        "filetype": "unknown",
                        "entropy": 3.797729969024658,
                        "sha256": "0a4efb681bcd8f621099e582a75f0194284882cec08ead6c3512680f92c3460d",
                        "type": "RT_ICON"
                    },
                    {
                        "lang": "ENGLISH US",
                        "chi2": 686567.31,
                        "filetype": "unknown",
                        "entropy": 4.008449554443359,
                        "sha256": "098ec78a1ded5870b569bb6781570e0e3cc67a410892b3131b9df7e99ef61a4f",
                        "type": "RT_ICON"
                    },
                    {
                        "lang": "ENGLISH US",
                        "chi2": 290825.22,
                        "filetype": "unknown",
                        "entropy": 4.026604175567627,
                        "sha256": "49101f479aff219a02dd0471595f1ad426bcab12619da6045355aefe73694a62",
                        "type": "RT_ICON"
                    },
                    {
                        "lang": "ENGLISH US",
                        "chi2": 149725.09,
                        "filetype": "unknown",
                        "entropy": 4.404186248779297,
                        "sha256": "7f1237487d560eb5d8c3f3dc5a8524265339f5cbe8b9bfb21241541dfa3b5b91",
                        "type": "RT_ICON"
                    },
                    {
                        "lang": "ENGLISH US",
                        "chi2": 72012.98,
                        "filetype": "unknown",
                        "entropy": 4.260732650756836,
                        "sha256": "f1cc1f65ca5493a8dfd2c9a6bc4681dddcc50ce0a5af5838c556c97c9d26d10f",
                        "type": "RT_ICON"
                    },
                    {
                        "lang": "ENGLISH US",
                        "chi2": 30916.31,
                        "filetype": "unknown",
                        "entropy": 3.4208922386169434,
                        "sha256": "adf58942f0907adb74c8bc98f53209e1a1c24296d3ac109cf36f59fb11c105ac",
                        "type": "RT_DIALOG"
                    },
                    {
                        "lang": "ENGLISH US",
                        "chi2": 8872.0,
                        "filetype": "unknown",
                        "entropy": 2.624380111694336,
                        "sha256": "1b9a906728cdc7beca4e3bfebca29b7b06d897e941c01a050f192bdab2218d23",
                        "type": "RT_DIALOG"
                    },
                    {
                        "lang": "ENGLISH US",
                        "chi2": 49231.19,
                        "filetype": "unknown",
                        "entropy": 3.4275929927825928,
                        "sha256": "77a3ac39a6998f7631bc114ac4d16913f4bd5017ee701a556ce537b53735c1f1",
                        "type": "RT_DIALOG"
                    },
                    {
                        "lang": "ENGLISH US",
                        "chi2": 235881.94,
                        "filetype": "unknown",
                        "entropy": 3.5223336219787598,
                        "sha256": "011a58e610e45547b0c428a350e0f8d169c9b7aa02106d8662a2ee120f7feb14",
                        "type": "RT_DIALOG"
                    },
                    {
                        "lang": "ENGLISH US",
                        "chi2": 7590.77,
                        "filetype": "ICO",
                        "entropy": 2.949977397918701,
                        "sha256": "38e29a7b26e1e165449b84270f5c81c8e30045b85113fd6a672e052a4c52a95b",
                        "type": "RT_GROUP_ICON"
                    },
                    {
                        "lang": "ENGLISH US",
                        "chi2": 66009.05,
                        "filetype": "unknown",
                        "entropy": 3.4737696647644043,
                        "sha256": "f1325c030d5a5ecc919c087f877abb8ecbbfdfe4207224089b02b5e98f6f688d",
                        "type": "RT_VERSION"
                    },
                    {
                        "lang": "ENGLISH US",
                        "chi2": 1033.26,
                        "filetype": "unknown",
                        "entropy": 4.655420780181885,
                        "sha256": "388f75e900f0c15fd66249d7b2e7edf6e14eeefb859e6f766b75058e44f27af6",
                        "type": "RT_MANIFEST"
                    }
                ],
                "resource_langs": {
                    "ENGLISH US": 26
                },
                "resource_types": {
                    "RT_DIALOG": 4,
                    "RT_ICON": 7,
                    "RCDATA": 3,
                    "RT_MANIFEST": 1,
                    "RT_BITMAP": 9,
                    "RT_VERSION": 1,
                    "RT_GROUP_ICON": 1
                },
                "sections": [
                    {
                        "name": ".text",
                        "chi2": 339112.94,
                        "virtual_address": 4096,
                        "entropy": 6.85,
                        "raw_size": 73728,
                        "flags": "rx",
                        "virtual_size": 72663,
                        "md5": "536256aae694dd6086ef2ec2f79e9dfc"
                    },
                    {
                        "name": ".rdata",
                        "chi2": 743627.44,
                        "virtual_address": 77824,
                        "entropy": 5.25,
                        "raw_size": 20480,
                        "flags": "r",
                        "virtual_size": 18560,
                        "md5": "720cf597354aa3a690c1d56b80457eaa"
                    },
                    {
                        "name": ".data",
                        "chi2": 1106501.0,
                        "virtual_address": 98304,
                        "entropy": 2.78,
                        "raw_size": 8192,
                        "flags": "rw",
                        "virtual_size": 8388,
                        "md5": "3fe7b56f7e6969402dc1b0c2086ed748"
                    },
                    {
                        "name": ".rsrc",
                        "chi2": 324969.19,
                        "virtual_address": 110592,
                        "entropy": 7.91,
                        "raw_size": 987136,
                        "flags": "r",
                        "virtual_size": 1847944,
                        "md5": "34817da87dee5cca9dcf4413606fabe6"
                    }
                ],
                "exports": [
                    "Go"
                ],
                "import_list": [
                    {
                        "library_name": "KERNEL32.dll",
                        "imported_functions": [
                            "DeleteCriticalSection",
                            "EnterCriticalSection",
                            "ExitProcess",
                            "FormatMessageA",
                            "FreeEnvironmentStringsA",
                            "FreeEnvironmentStringsW",
                            "GetACP",
                            "GetCommandLineA",
                            "GetCPInfo",
                            "GetCurrentProcess",
                            "GetCurrentProcessId",
                            "GetCurrentThreadId",
                            "GetEnvironmentStrings",
                            "GetEnvironmentStringsW",
                            "GetFileType",
                            "GetLastError",
                            "GetLocaleInfoA",
                            "GetLocalTime",
                            "GetModuleFileNameA",
                            "GetModuleHandleA",
                            "GetOEMCP",
                            "GetProcAddress",
                            "GetProcessHeap",
                            "GetStartupInfoA",
                            "GetStdHandle",
                            "GetStringTypeA",
                            "GetStringTypeW",
                            "GetSystemTimeAsFileTime",
                            "GetTickCount",
                            "GetVersionExA",
                            "HeapAlloc",
                            "HeapCreate",
                            "HeapDestroy",
                            "HeapFree",
                            "HeapReAlloc",
                            "HeapSize",
                            "InitializeCriticalSection",
                            "InterlockedDecrement",
                            "InterlockedIncrement",
                            "IsDebuggerPresent",
                            "LCMapStringA",
                            "LCMapStringW",
                            "LeaveCriticalSection",
                            "LoadLibraryA",
                            "LocalFree",
                            "lstrcpyA",
                            "lstrlenA",
                            "lstrlenW",
                            "MultiByteToWideChar",
                            "QueryPerformanceCounter",
                            "RaiseException",
                            "RtlUnwind",
                            "SetHandleCount",
                            "SetLastError",
                            "SetUnhandledExceptionFilter",
                            "Sleep",
                            "SystemTimeToFileTime",
                            "TerminateProcess",
                            "TlsAlloc",
                            "TlsFree",
                            "TlsGetValue",
                            "TlsSetValue",
                            "UnhandledExceptionFilter",
                            "VirtualAlloc",
                            "VirtualFree",
                            "WideCharToMultiByte",
                            "WriteFile"
                        ]
                    },
                    {
                        "library_name": "USER32.dll",
                        "imported_functions": [
                            "CreateWindowExA",
                            "DialogBoxParamA",
                            "DispatchMessageA",
                            "FillRect",
                            "GetCursorPos",
                            "GetDC",
                            "GetMessageA",
                            "GetSystemMetrics",
                            "GetWindowLongA",
                            "GetWindowRect",
                            "HideCaret",
                            "InsertMenuItemA",
                            "IsWindowEnabled",
                            "LoadCursorA",
                            "LoadIconA",
                            "MessageBoxW",
                            "MonitorFromPoint",
                            "ReleaseDC",
                            "SendDlgItemMessageA",
                            "SendMessageA",
                            "SetCapture",
                            "SetCaretPos",
                            "SetScrollInfo",
                            "ShowCaret",
                            "TrackPopupMenuEx",
                            "TranslateMessage"
                        ]
                    },
                    {
                        "library_name": "GDI32.dll",
                        "imported_functions": [
                            "BitBlt",
                            "CreateCompatibleBitmap",
                            "CreateCompatibleDC",
                            "CreateDIBSection",
                            "CreateSolidBrush",
                            "DeleteDC",
                            "DeleteObject",
                            "DPtoLP",
                            "GetBkColor",
                            "GetMapMode",
                            "GetObjectA",
                            "GetPixel",
                            "GetPolyFillMode",
                            "GetROP2",
                            "GetStockObject",
                            "SelectObject",
                            "SetMapMode",
                            "TextOutA"
                        ]
                    },
                    {
                        "library_name": "ADVAPI32.dll",
                        "imported_functions": [
                            "AccessCheck",
                            "ImpersonateLoggedOnUser"
                        ]
                    },
                    {
                        "library_name": "SHELL32.dll",
                        "imported_functions": [
                            "SHBrowseForFolderA",
                            "SHGetFolderPathW"
                        ]
                    },
                    {
                        "library_name": "OLEAUT32.dll",
                        "imported_functions": [
                            "OleSavePictureFile"
                        ]
                    },
                    {
                        "library_name": "ODBC32.dll",
                        "imported_functions": [
                            "Ord(234)",
                            "Ord(235)",
                            "Ord(236)"
                        ]
                    },
                    {
                        "library_name": "msi.dll",
                        "imported_functions": [
                            "Ord(278)",
                            "Ord(281)"
                        ]
                    },
                    {
                        "library_name": "WinSCard.dll",
                        "imported_functions": [
                            "SCardGetStatusChangeA"
                        ]
                    },
                    {
                        "library_name": "pdh.dll",
                        "imported_functions": [
                            "PdhAddCounterW",
                            "PdhCloseQuery",
                            "PdhCollectQueryData",
                            "PdhOpenQueryA"
                        ]
                    },
                    {
                        "library_name": "gdiplus.dll",
                        "imported_functions": [
                            "GdipAlloc",
                            "GdipCloneImage",
                            "GdipDisposeImage",
                            "GdipFree",
                            "GdipLoadImageFromFile"
                        ]
                    },
                    {
                        "library_name": "TAPI32.dll",
                        "imported_functions": [
                            "phoneGetDevCapsW",
                            "phoneGetDisplay"
                        ]
                    }
                ]
            },
            "size": 1093632,
            "type_description": "Win32 EXE"
        }
    }
}