                        {
                            "values": {
                                "TerminalSessionId": "1",
                                "ProcessGuid": "{C784477D-C8CF-64DD-A006-000000003400}",
                                "ProcessId": "7792",
                                "Product": "Microsoft\\xae Windows\\xae Operating System",
                                "Description": "Windows Command Processor",
                                "Company": "Microsoft Corporation",
                                "ParentProcessGuid": "{C784477D-C8CE-64DD-9C06-000000003400}",
                                "User": "DESKTOP-B0T93D6\\george",
                                "Hashes": "MD5=F3BDBE3BB6F734E357235F4D5898582D,SHA256=3685495D051137B1C4EFDE22C26DF0883614B6453B762FA84588DA55ED2E7744,IMPHASH=0AF8419BE362159398343D7B31721726",
                                "OriginalFileName": "Cmd.Exe",
                                "ParentImage": "C:\\Windows\\SysWOW64\\cmd.exe",
                                "FileVersion": "10.0.17134.1 (WinBuild.160101.0800)",
                                "ParentProcessId": "7084",
                                "CurrentDirectory": "C:\\Users\\george\\Desktop\\",
                                "CommandLine": "C:\\Windows\\system32\\cmd.exe /c WmFT8btx.exe -accepteula \"EventStore.db\" -nobanner",
                                "EventID": "1",
                                "LogonGuid": "C784477D-F8CE-6481-3ED3-030000000000",
                                "LogonId": "250686",
                                "Image": "C:\\Windows\\SysWOW64\\cmd.exe",
                                "IntegrityLevel": "High",
                                "ParentCommandLine": "C:\\Windows\\system32\\cmd.exe /c \"\"C:\\Users\\george\\Desktop\\78UkyIBf.bat\" \"C:\\Documents and Settings\\All Users\\Application Data\\Microsoft\\Diagnosis\\TenantStorage\\P-ARIA\\EventStore.db\"\"",
                                "UtcTime": "1692256463",
                                "RuleName": "-"
                            }
                        },
                        {
                            "values": {
                                "TerminalSessionId": "1",
                                "ProcessGuid": "{C784477D-C8CF-64DD-A206-000000003400}",
                                "ProcessId": "5060",
                                "Product": "Sysinternals Handle",
                                "Description": "Handle viewer",
                                "Company": "Sysinternals - www.sysinternals.com",
                                "ParentProcessGuid": "{C784477D-C8CF-64DD-A006-000000003400}",
                                "User": "DESKTOP-B0T93D6\\george",
                                "Hashes": "MD5=2F5B509929165FC13CEAB9393C3B911D,SHA256=0CFDBFB9C4A2A80794462F06CF0DA43C5977AA61BD3BBE834002703FE44EF0B4,IMPHASH=00000000000000000000000000000000",
                                "OriginalFileName": "Nthandle.exe",
                                "ParentImage": "C:\\Windows\\SysWOW64\\cmd.exe",
                                "FileVersion": "4.11",
                                "ParentProcessId": "7792",
                                "CurrentDirectory": "C:\\Users\\george\\Desktop\\",
                                "CommandLine": "WmFT8btx.exe  -accepteula \"EventStore.db\" -nobanner",
                                "EventID": "1",
                                "LogonGuid": "C784477D-F8CE-6481-3ED3-030000000000",
                                "LogonId": "250686",
                                "Image": "C:\\Users\\george\\Desktop\\WmFT8btx.exe",
                                "IntegrityLevel": "High",
                                "ParentCommandLine": "C:\\Windows\\system32\\cmd.exe /c WmFT8btx.exe -accepteula \"EventStore.db\" -nobanner",
                                "UtcTime": "1692256463",
                                "RuleName": "-"
                            }
                        },
                        {
                            "values": {
                                "TerminalSessionId": "1",
                                "ProcessGuid": "{C784477D-C8D0-64DD-A306-000000003400}",
                                "ProcessId": "5712",
                                "Product": "Sysinternals Handle",
                                "Description": "Handle viewer",
                                "Company": "Sysinternals - www.sysinternals.com",
                                "ParentProcessGuid": "{C784477D-C8CE-64DD-9C06-000000003400}",
                                "User": "DESKTOP-B0T93D6\\george",
                                "Hashes": "MD5=2F5B509929165FC13CEAB9393C3B911D,SHA256=0CFDBFB9C4A2A80794462F06CF0DA43C5977AA61BD3BBE834002703FE44EF0B4,IMPHASH=00000000000000000000000000000000",
                                "OriginalFileName": "Nthandle.exe",
                                "ParentImage": "C:\\Windows\\SysWOW64\\cmd.exe",
                                "FileVersion": "4.11",
                                "ParentProcessId": "7084",
                                "CurrentDirectory": "C:\\Users\\george\\Desktop\\",
                                "CommandLine": "WmFT8btx.exe  -accepteula -c Run -y -p extract -nobanner",
                                "EventID": "1",
                                "LogonGuid": "C784477D-F8CE-6481-3ED3-030000000000",
                                "LogonId": "250686",
                                "Image": "C:\\Users\\george\\Desktop\\WmFT8btx.exe",
                                "IntegrityLevel": "High",
                                "ParentCommandLine": "C:\\Windows\\system32\\cmd.exe /c \"\"C:\\Users\\george\\Desktop\\78UkyIBf.bat\" \"C:\\Documents and Settings\\All Users\\Application Data\\Microsoft\\Diagnosis\\TenantStorage\\P-ARIA\\EventStore.db\"\"",
                                "UtcTime": "1692256464",
                                "RuleName": "-"
                            }
                        },
                        {
                            "values": {
                                "TerminalSessionId": "1",
                                "ProcessGuid": "{C784477D-C8D2-64DD-A806-000000003400}",
                                "ProcessId": "5172",
                                "Product": "Sysinternals Handle",
                                "Description": "Handle viewer",
                                "Company": "Sysinternals - www.sysinternals.com",
                                "ParentProcessGuid": "{C784477D-C8B9-64DD-7806-000000003400}",
                                "User": "DESKTOP-B0T93D6\\george",
                                "Hashes": "MD5=2F5B509929165FC13CEAB9393C3B911D,SHA256=0CFDBFB9C4A2A80794462F06CF0DA43C5977AA61BD3BBE834002703FE44EF0B4,IMPHASH=00000000000000000000000000000000",
                                "OriginalFileName": "Nthandle.exe",
                                "ParentImage": "C:\\Windows\\SysWOW64\\cmd.exe",
                                "FileVersion": "4.11",
                                "ParentProcessId": "2444",
                                "CurrentDirectory": "C:\\Users\\george\\Desktop\\",
                                "CommandLine": "WmFT8btx.exe  -accepteula -c  -y -p handles -nobanner",
                                "EventID": "1",
                                "LogonGuid": "C784477D-F8CE-6481-3ED3-030000000000",
                                "LogonId": "250686",
                                "Image": "C:\\Users\\george\\Desktop\\WmFT8btx.exe",
                                "IntegrityLevel": "High",
                                "ParentCommandLine": "C:\\Windows\\system32\\cmd.exe /c \"\"C:\\Users\\george\\Desktop\\78UkyIBf.bat\" \"C:\\Documents and Settings\\All Users\\Application Data\\Application Data\\Application Data\\Application Data\\Application Data\\Application Data\\Application Data\\Application Data\\Application Data\\Microsoft\\Diagnosis\\TenantStorage\\P-ARIA\\EventStore.db\"\"",
                                "UtcTime": "1692256466",
                                "RuleName": "-"
                            }
                        },
                        {
                            "values": {
                                "TerminalSessionId": "1",
                                "ProcessGuid": "{C784477D-C8D2-64DD-AA06-000000003400}",
                                "ProcessId": "6524",
                                "Product": "Sysinternals Handle",
                                "Description": "Handle viewer",
                                "Company": "Sysinternals - www.sysinternals.com",
                                "ParentProcessGuid": "{C784477D-C8D2-64DD-A806-000000003400}",
                                "User": "DESKTOP-B0T93D6\\george",
                                "Hashes": "MD5=3026BC2448763D5A9862D864B97288FF,SHA256=7ADB21C00D3CC9A1EF081484B58B68F218D7C84A720E16E113943B9F4694D8EC,IMPHASH=7DED07BBFE7163A55B86B84674F8A179",
                                "OriginalFileName": "Nthandle.exe",
                                "ParentImage": "C:\\Users\\george\\Desktop\\WmFT8btx.exe",
                                "FileVersion": "4.11",
                                "ParentProcessId": "5172",
                                "CurrentDirectory": "C:\\Users\\george\\Desktop\\",
                                "CommandLine": "WmFT8btx.exe  -accepteula -c  -y -p handles -nobanner",
                                "EventID": "1",
                                "LogonGuid": "C784477D-F8CE-6481-3ED3-030000000000",
                                "LogonId": "250686",
                                "Image": "C:\\Users\\george\\AppData\\Local\\Temp\\WmFT8btx64.exe",
                                "IntegrityLevel": "High",
                                "ParentCommandLine": "WmFT8btx.exe  -accepteula -c  -y -p handles -nobanner",
                                "UtcTime": "1692256466",
                                "RuleName": "-"
                            }
                        },
                        {
                            "values": {
                                "TerminalSessionId": "1",
                                "ProcessGuid": "{C784477D-C8D3-64DD-AB06-000000003400}",
                                "ProcessId": "6968",
                                "Product": "Microsoft\\xae Windows\\xae Operating System",
                                "Description": "Windows Command Processor",
                                "Company": "Microsoft Corporation",
                                "ParentProcessGuid": "{C784477D-C8D0-64DD-A406-000000003400}",
                                "User": "DESKTOP-B0T93D6\\george",
                                "Hashes": "MD5=F3BDBE3BB6F734E357235F4D5898582D,SHA256=3685495D051137B1C4EFDE22C26DF0883614B6453B762FA84588DA55ED2E7744,IMPHASH=0AF8419BE362159398343D7B31721726",
                                "OriginalFileName": "Cmd.Exe",
                                "ParentImage": "C:\\Windows\\SysWOW64\\cmd.exe",
                                "FileVersion": "10.0.17134.1 (WinBuild.160101.0800)",
                                "ParentProcessId": "7064",
                                "CurrentDirectory": "C:\\Users\\george\\Desktop\\",
                                "CommandLine": "C:\\Windows\\system32\\cmd.exe /c WmFT8btx.exe -accepteula \"Databases.db\" -nobanner",
                                "EventID": "1",
                                "LogonGuid": "C784477D-F8CE-6481-3ED3-030000000000",
                                "LogonId": "250686",
                                "Image": "C:\\Windows\\SysWOW64\\cmd.exe",
                                "IntegrityLevel": "High",
                                "ParentCommandLine": "C:\\Windows\\system32\\cmd.exe /c \"\"C:\\Users\\george\\Desktop\\78UkyIBf.bat\" \"C:\\Documents and Settings\\george\\AppData\\Local\\Application Data\\Application Data\\Application Data\\Application Data\\Application Data\\Application Data\\Application Data\\Application Data\\Google\\Chrome\\User Data\\Default\\databases\\Databases.db\"\"",
                                "UtcTime": "1692256467",
                                "RuleName": "-"
                            }
                        },
                        {
                            "values": {
                                "TerminalSessionId": "1",
                                "ProcessGuid": "{C784477D-C8D3-64DD-AC06-000000003400}",
                                "ProcessId": "3804",
                                "Product": "Sysinternals Handle",
                                "Description": "Handle viewer",
                                "Company": "Sysinternals - www.sysinternals.com",
                                "ParentProcessGuid": "{C784477D-C8D3-64DD-AB06-000000003400}",
                                "User": "DESKTOP-B0T93D6\\george",
                                "Hashes": "MD5=2F5B509929165FC13CEAB9393C3B911D,SHA256=0CFDBFB9C4A2A80794462F06CF0DA43C5977AA61BD3BBE834002703FE44EF0B4,IMPHASH=00000000000000000000000000000000",
                                "OriginalFileName": "Nthandle.exe",
                                "ParentImage": "C:\\Windows\\SysWOW64\\cmd.exe",
                                "FileVersion": "4.11",
                                "ParentProcessId": "6968",
                                "CurrentDirectory": "C:\\Users\\george\\Desktop\\",
                                "CommandLine": "WmFT8btx.exe  -accepteula \"Databases.db\" -nobanner",
                                "EventID": "1",
                                "LogonGuid": "C784477D-F8CE-6481-3ED3-030000000000",
                                "LogonId": "250686",
                                "Image": "C:\\Users\\george\\Desktop\\WmFT8btx.exe",
                                "IntegrityLevel": "High",
                                "ParentCommandLine": "C:\\Windows\\system32\\cmd.exe /c WmFT8btx.exe -accepteula \"Databases.db\" -nobanner",
                                "UtcTime": "1692256467",
                                "RuleName": "-"
                            }
                        },
                        {
                            "values": {
                                "TerminalSessionId": "1",
                                "ProcessGuid": "{C784477D-C8D3-64DD-AD06-000000003400}",
                                "ProcessId": "6592",
                                "Product": "Sysinternals Handle",
                                "Description": "Handle viewer",
                                "Company": "Sysinternals - www.sysinternals.com",
                                "ParentProcessGuid": "{C784477D-C8D3-64DD-AC06-000000003400}",
                                "User": "DESKTOP-B0T93D6\\george",
                                "Hashes": "MD5=3026BC2448763D5A9862D864B97288FF,SHA256=7ADB21C00D3CC9A1EF081484B58B68F218D7C84A720E16E113943B9F4694D8EC,IMPHASH=7DED07BBFE7163A55B86B84674F8A179",
                                "OriginalFileName": "Nthandle.exe",
                                "ParentImage": "C:\\Users\\george\\Desktop\\WmFT8btx.exe",
                                "FileVersion": "4.11",
                                "ParentProcessId": "3804",
                                "CurrentDirectory": "C:\\Users\\george\\Desktop\\",
                                "CommandLine": "WmFT8btx.exe  -accepteula \"Databases.db\" -nobanner",
                                "EventID": "1",
                                "LogonGuid": "C784477D-F8CE-6481-3ED3-030000000000",
                                "LogonId": "250686",
                                "Image": "C:\\Users\\george\\AppData\\Local\\Temp\\WmFT8btx64.exe",
                                "IntegrityLevel": "High",
                                "ParentCommandLine": "WmFT8btx.exe  -accepteula \"Databases.db\" -nobanner",
                                "UtcTime": "1692256467",
                                "RuleName": "-"
                            }
                        },
                        {
                            "values": {
                                "TerminalSessionId": "1",
                                "ProcessGuid": "{C784477D-C8D6-64DD-B206-000000003400}",
                                "ProcessId": "1020",
                                "Product": "Sysinternals Handle",
                                "Description": "Handle viewer",
                                "Company": "Sysinternals - www.sysinternals.com",
                                "ParentProcessGuid": "{C784477D-C8D0-64DD-A406-000000003400}",
                                "User": "DESKTOP-B0T93D6\\george",
                                "Hashes": "MD5=2F5B509929165FC13CEAB9393C3B911D,SHA256=0CFDBFB9C4A2A80794462F06CF0DA43C5977AA61BD3BBE834002703FE44EF0B4,IMPHASH=00000000000000000000000000000000",
                                "OriginalFileName": "Nthandle.exe",
                                "ParentImage": "C:\\Windows\\SysWOW64\\cmd.exe",
                                "FileVersion": "4.11",
                                "ParentProcessId": "7064",
                                "CurrentDirectory": "C:\\Users\\george\\Desktop\\",
                                "CommandLine": "WmFT8btx.exe  -accepteula -c  -y -p handles -nobanner",
                                "EventID": "1",
                                "LogonGuid": "C784477D-F8CE-6481-3ED3-030000000000",
                                "LogonId": "250686",
                                "Image": "C:\\Users\\george\\Desktop\\WmFT8btx.exe",
                                "IntegrityLevel": "High",
                                "ParentCommandLine": "C:\\Windows\\system32\\cmd.exe /c \"\"C:\\Users\\george\\Desktop\\78UkyIBf.bat\" \"C:\\Documents and Settings\\george\\AppData\\Local\\Application Data\\Application Data\\Application Data\\Application Data\\Application Data\\Application Data\\Application Data\\Application Data\\Google\\Chrome\\User Data\\Default\\databases\\Databases.db\"\"",
                                "UtcTime": "1692256470",
                                "RuleName": "-"
                            }
                        },
                        {
                            "values": {
                                "TerminalSessionId": "1",
                                "ProcessGuid": "{C784477D-C8D6-64DD-B406-000000003400}",
                                "ProcessId": "6512",
                                "Product": "Sysinternals Handle",
                                "Description": "Handle viewer",
                                "Company": "Sysinternals - www.sysinternals.com",
                                "ParentProcessGuid": "{C784477D-C8D6-64DD-B206-000000003400}",
                                "User": "DESKTOP-B0T93D6\\george",
                                "Hashes": "MD5=3026BC2448763D5A9862D864B97288FF,SHA256=7ADB21C00D3CC9A1EF081484B58B68F218D7C84A720E16E113943B9F4694D8EC,IMPHASH=7DED07BBFE7163A55B86B84674F8A179",
                                "OriginalFileName": "Nthandle.exe",
                                "ParentImage": "C:\\Users\\george\\Desktop\\WmFT8btx.exe",
                                "FileVersion": "4.11",
                                "ParentProcessId": "1020",
                                "CurrentDirectory": "C:\\Users\\george\\Desktop\\",
                                "CommandLine": "WmFT8btx.exe  -accepteula -c  -y -p handles -nobanner",
                                "EventID": "1",
                                "LogonGuid": "C784477D-F8CE-6481-3ED3-030000000000",
                                "LogonId": "250686",
                                "Image": "C:\\Users\\george\\AppData\\Local\\Temp\\WmFT8btx64.exe",
                                "IntegrityLevel": "High",
                                "ParentCommandLine": "WmFT8btx.exe  -accepteula -c  -y -p handles -nobanner",
                                "UtcTime": "1692256470",
                                "RuleName": "-"
                            }
                        },
                        {
                            "values": {
                                "TerminalSessionId": "1",
                                "ProcessGuid": "{C784477D-C8D8-64DD-B906-000000003400}",
                                "ProcessId": "8012",
                                "Product": "Microsoft\\xae Windows\\xae Operating System",
                                "Description": "Windows Command Processor",
                                "Company": "Microsoft Corporation",
                                "ParentProcessGuid": "{C784477D-C8D5-64DD-B106-000000003400}",
                                "User": "DESKTOP-B0T93D6\\george",
                                "Hashes": "MD5=F3BDBE3BB6F734E357235F4D5898582D,SHA256=3685495D051137B1C4EFDE22C26DF0883614B6453B762FA84588DA55ED2E7744,IMPHASH=0AF8419BE362159398343D7B31721726",
                                "OriginalFileName": "Cmd.Exe",
                                "ParentImage": "C:\\Windows\\SysWOW64\\cmd.exe",
                                "FileVersion": "10.0.17134.1 (WinBuild.160101.0800)",
                                "ParentProcessId": "5728",
                                "CurrentDirectory": "C:\\Users\\george\\Desktop\\",
                                "CommandLine": "C:\\Windows\\system32\\cmd.exe /c WmFT8btx.exe -accepteula \"EventStore.db\" -nobanner",
                                "EventID": "1",
                                "LogonGuid": "C784477D-F8CE-6481-3ED3-030000000000",
                                "LogonId": "250686",
                                "Image": "C:\\Windows\\SysWOW64\\cmd.exe",
                                "IntegrityLevel": "High",
                                "ParentCommandLine": "C:\\Windows\\system32\\cmd.exe /c \"\"C:\\Users\\george\\Desktop\\78UkyIBf.bat\" \"C:\\Documents and Settings\\All Users\\Application Data\\Application Data\\Application Data\\Application Data\\Application Data\\Application Data\\Application Data\\Application Data\\Application Data\\Application Data\\Microsoft\\Diagnosis\\EventStore.db\"\"",
                                "UtcTime": "1692256472",
                                "RuleName": "-"
                            }
                        },
                        {
                            "values": {
                                "TerminalSessionId": "1",
                                "ProcessGuid": "{C784477D-C8D8-64DD-BA06-000000003400}",
                                "ProcessId": "7808",
                                "Product": "Sysinternals Handle",
                                "Description": "Handle viewer",
                                "Company": "Sysinternals - www.sysinternals.com",
                                "ParentProcessGuid": "{C784477D-C8D8-64DD-B906-000000003400}",
                                "User": "DESKTOP-B0T93D6\\george",
                                "Hashes": "MD5=2F5B509929165FC13CEAB9393C3B911D,SHA256=0CFDBFB9C4A2A80794462F06CF0DA43C5977AA61BD3BBE834002703FE44EF0B4,IMPHASH=00000000000000000000000000000000",
                                "OriginalFileName": "Nthandle.exe",
                                "ParentImage": "C:\\Windows\\SysWOW64\\cmd.exe",
                                "FileVersion": "4.11",
                                "ParentProcessId": "8012",
                                "CurrentDirectory": "C:\\Users\\george\\Desktop\\",
                                "CommandLine": "WmFT8btx.exe  -accepteula \"EventStore.db\" -nobanner",
                                "EventID": "1",
                                "LogonGuid": "C784477D-F8CE-6481-3ED3-030000000000",
                                "LogonId": "250686",
                                "Image": "C:\\Users\\george\\Desktop\\WmFT8btx.exe",
                                "IntegrityLevel": "High",
                                "ParentCommandLine": "C:\\Windows\\system32\\cmd.exe /c WmFT8btx.exe -accepteula \"EventStore.db\" -nobanner",
                                "UtcTime": "1692256472",
                                "RuleName": "-"
                            }
                        },
                        {
                            "values": {
                                "TerminalSessionId": "1",
                                "ProcessGuid": "{C784477D-C8D8-64DD-BB06-000000003400}",
                                "ProcessId": "6432",
                                "Product": "Sysinternals Handle",
                                "Description": "Handle viewer",
                                "Company": "Sysinternals - www.sysinternals.com",
                                "ParentProcessGuid": "{C784477D-C8D8-64DD-BA06-000000003400}",
                                "User": "DESKTOP-B0T93D6\\george",
                                "Hashes": "MD5=3026BC2448763D5A9862D864B97288FF,SHA256=7ADB21C00D3CC9A1EF081484B58B68F218D7C84A720E16E113943B9F4694D8EC,IMPHASH=7DED07BBFE7163A55B86B84674F8A179",
                                "OriginalFileName": "Nthandle.exe",
                                "ParentImage": "C:\\Users\\george\\Desktop\\WmFT8btx.exe",
                                "FileVersion": "4.11",
                                "ParentProcessId": "7808",
                                "CurrentDirectory": "C:\\Users\\george\\Desktop\\",
                                "CommandLine": "WmFT8btx.exe  -accepteula \"EventStore.db\" -nobanner",
                                "EventID": "1",
                                "LogonGuid": "C784477D-F8CE-6481-3ED3-030000000000",
                                "LogonId": "250686",
                                "Image": "C:\\Users\\george\\AppData\\Local\\Temp\\WmFT8btx64.exe",
                                "IntegrityLevel": "High",
                                "ParentCommandLine": "WmFT8btx.exe  -accepteula \"EventStore.db\" -nobanner",
                                "UtcTime": "1692256472",
                                "RuleName": "-"
                            }
                        },
                        {
                            "values": {
                                "TerminalSessionId": "1",
                                "ProcessGuid": "{C784477D-C8DB-64DD-C006-000000003400}",
                                "ProcessId": "5528",
                                "Product": "Sysinternals Handle",
                                "Description": "Handle viewer",
                                "Company": "Sysinternals - www.sysinternals.com",
                                "ParentProcessGuid": "{C784477D-C8D5-64DD-B106-000000003400}",
                                "User": "DESKTOP-B0T93D6\\george",
                                "Hashes": "MD5=2F5B509929165FC13CEAB9393C3B911D,SHA256=0CFDBFB9C4A2A80794462F06CF0DA43C5977AA61BD3BBE834002703FE44EF0B4,IMPHASH=00000000000000000000000000000000",
                                "OriginalFileName": "Nthandle.exe",
                                "ParentImage": "C:\\Windows\\SysWOW64\\cmd.exe",
                                "FileVersion": "4.11",
                                "ParentProcessId": "5728",
                                "CurrentDirectory": "C:\\Users\\george\\Desktop\\",
                                "CommandLine": "WmFT8btx.exe  -accepteula -c  -y -p handles -nobanner",
                                "EventID": "1",
                                "LogonGuid": "C784477D-F8CE-6481-3ED3-030000000000",
                                "LogonId": "250686",
                                "Image": "C:\\Users\\george\\Desktop\\WmFT8btx.exe",
                                "IntegrityLevel": "High",
                                "ParentCommandLine": "C:\\Windows\\system32\\cmd.exe /c \"\"C:\\Users\\george\\Desktop\\78UkyIBf.bat\" \"C:\\Documents and Settings\\All Users\\Application Data\\Application Data\\Application Data\\Application Data\\Application Data\\Application Data\\Application Data\\Application Data\\Application Data\\Application Data\\Microsoft\\Diagnosis\\EventStore.db\"\"",
                                "UtcTime": "1692256475",
                                "RuleName": "-"
                            }
                        },
                        {
                            "values": {
                                "TerminalSessionId": "1",
                                "ProcessGuid": "{C784477D-C8DB-64DD-C106-000000003400}",
                                "ProcessId": "7548",
                                "Product": "Sysinternals Handle",
                                "Description": "Handle viewer",
                                "Company": "Sysinternals - www.sysinternals.com",
                                "ParentProcessGuid": "{C784477D-C8DB-64DD-C006-000000003400}",
                                "User": "DESKTOP-B0T93D6\\george",
                                "Hashes": "MD5=3026BC2448763D5A9862D864B97288FF,SHA256=7ADB21C00D3CC9A1EF081484B58B68F218D7C84A720E16E113943B9F4694D8EC,IMPHASH=7DED07BBFE7163A55B86B84674F8A179",
                                "OriginalFileName": "Nthandle.exe",
                                "ParentImage": "C:\\Users\\george\\Desktop\\WmFT8btx.exe",
                                "FileVersion": "4.11",
                                "ParentProcessId": "5528",
                                "CurrentDirectory": "C:\\Users\\george\\Desktop\\",
                                "CommandLine": "WmFT8btx.exe  -accepteula -c  -y -p handles -nobanner",
                                "EventID": "1",
                                "LogonGuid": "C784477D-F8CE-6481-3ED3-030000000000",
                                "LogonId": "250686",
                                "Image": "C:\\Users\\george\\AppData\\Local\\Temp\\WmFT8btx64.exe",
                                "IntegrityLevel": "High",
                                "ParentCommandLine": "WmFT8btx.exe  -accepteula -c  -y -p handles -nobanner",
                                "UtcTime": "1692256475",
                                "RuleName": "-"
                            }
                        },
                        {
                            "values": {
                                "TerminalSessionId": "1",
                                "ProcessGuid": "{C784477D-C8DC-64DD-C406-000000003400}",
                                "ProcessId": "4640",
                                "Product": "Microsoft\\xae Windows\\xae Operating System",
                                "Description": "Windows Command Processor",
                                "Company": "Microsoft Corporation",
                                "ParentProcessGuid": "{C784477D-C8DB-64DD-BE06-000000003400}",
                                "User": "DESKTOP-B0T93D6\\george",
                                "Hashes": "MD5=F3BDBE3BB6F734E357235F4D5898582D,SHA256=3685495D051137B1C4EFDE22C26DF0883614B6453B762FA84588DA55ED2E7744,IMPHASH=0AF8419BE362159398343D7B31721726",
                                "OriginalFileName": "Cmd.Exe",
                                "ParentImage": "C:\\Windows\\SysWOW64\\cmd.exe",
                                "FileVersion": "10.0.17134.1 (WinBuild.160101.0800)",
                                "ParentProcessId": "4628",
                                "CurrentDirectory": "C:\\Users\\george\\Desktop\\",
                                "CommandLine": "C:\\Windows\\system32\\cmd.exe /c WmFT8btx.exe -accepteula \"EventStore.db\" -nobanner",
                                "EventID": "1",
                                "LogonGuid": "C784477D-F8CE-6481-3ED3-030000000000",
                                "LogonId": "250686",
                                "Image": "C:\\Windows\\SysWOW64\\cmd.exe",
                                "IntegrityLevel": "High",
                                "ParentCommandLine": "C:\\Windows\\system32\\cmd.exe /c \"\"C:\\Users\\george\\Desktop\\78UkyIBf.bat\" \"C:\\Documents and Settings\\All Users\\Application Data\\Application Data\\Application Data\\Application Data\\Application Data\\Application Data\\Application Data\\Application Data\\Microsoft\\Diagnosis\\EventStore.db\"\"",
                                "UtcTime": "1692256476",
                                "RuleName": "-"
                            }
                        },
                        {
                            "values": {
                                "TerminalSessionId": "1",
                                "ProcessGuid": "{C784477D-C8DC-64DD-C506-000000003400}",
                                "ProcessId": "7900",
                                "Product": "Sysinternals Handle",
                                "Description": "Handle viewer",
                                "Company": "Sysinternals - www.sysinternals.com",
                                "ParentProcessGuid": "{C784477D-C8DC-64DD-C406-000000003400}",
                                "User": "DESKTOP-B0T93D6\\george",
                                "Hashes": "MD5=2F5B509929165FC13CEAB9393C3B911D,SHA256=0CFDBFB9C4A2A80794462F06CF0DA43C5977AA61BD3BBE834002703FE44EF0B4,IMPHASH=00000000000000000000000000000000",
                                "OriginalFileName": "Nthandle.exe",
                                "ParentImage": "C:\\Windows\\SysWOW64\\cmd.exe",
                                "FileVersion": "4.11",
                                "ParentProcessId": "4640",
                                "CurrentDirectory": "C:\\Users\\george\\Desktop\\",
                                "CommandLine": "WmFT8btx.exe  -accepteula \"EventStore.db\" -nobanner",
                                "EventID": "1",
                                "LogonGuid": "C784477D-F8CE-6481-3ED3-030000000000",
                                "LogonId": "250686",
                                "Image": "C:\\Users\\george\\Desktop\\WmFT8btx.exe",
                                "IntegrityLevel": "High",
                                "ParentCommandLine": "C:\\Windows\\system32\\cmd.exe /c WmFT8btx.exe -accepteula \"EventStore.db\" -nobanner",
                                "UtcTime": "1692256476",
                                "RuleName": "-"
                            }
                        },
                        {
                            "values": {
                                "TerminalSessionId": "1",
                                "ProcessGuid": "{C784477D-C8DC-64DD-C606-000000003400}",
                                "ProcessId": "3216",
                                "Product": "Sysinternals Handle",
                                "Description": "Handle viewer",
                                "Company": "Sysinternals - www.sysinternals.com",
                                "ParentProcessGuid": "{C784477D-C8DC-64DD-C506-000000003400}",
                                "User": "DESKTOP-B0T93D6\\george",
                                "Hashes": "MD5=3026BC2448763D5A9862D864B97288FF,SHA256=7ADB21C00D3CC9A1EF081484B58B68F218D7C84A720E16E113943B9F4694D8EC,IMPHASH=7DED07BBFE7163A55B86B84674F8A179",
                                "OriginalFileName": "Nthandle.exe",
                                "ParentImage": "C:\\Users\\george\\Desktop\\WmFT8btx.exe",
                                "FileVersion": "4.11",
                                "ParentProcessId": "7900",
                                "CurrentDirectory": "C:\\Users\\george\\Desktop\\",
                                "CommandLine": "WmFT8btx.exe  -accepteula \"EventStore.db\" -nobanner",
                                "EventID": "1",
                                "LogonGuid": "C784477D-F8CE-6481-3ED3-030000000000",
                                "LogonId": "250686",
                                "Image": "C:\\Users\\george\\AppData\\Local\\Temp\\WmFT8btx64.exe",
                                "IntegrityLevel": "High",
                                "ParentCommandLine": "WmFT8btx.exe  -accepteula \"EventStore.db\" -nobanner",
                                "UtcTime": "1692256476",
                                "RuleName": "-"
                            }
                        },
                        {
                            "values": {
                                "TerminalSessionId": "1",
                                "ProcessGuid": "{C784477D-C8DF-64DD-C706-000000003400}",
                                "ProcessId": "5440",
                                "Product": "Sysinternals Handle",
                                "Description": "Handle viewer",
                                "Company": "Sysinternals - www.sysinternals.com",
                                "ParentProcessGuid": "{C784477D-C8DB-64DD-BE06-000000003400}",
                                "User": "DESKTOP-B0T93D6\\george",
                                "Hashes": "MD5=2F5B509929165FC13CEAB9393C3B911D,SHA256=0CFDBFB9C4A2A80794462F06CF0DA43C5977AA61BD3BBE834002703FE44EF0B4,IMPHASH=00000000000000000000000000000000",
                                "OriginalFileName": "Nthandle.exe",
                                "ParentImage": "C:\\Windows\\SysWOW64\\cmd.exe",
                                "FileVersion": "4.11",
                                "ParentProcessId": "4628",
                                "CurrentDirectory": "C:\\Users\\george\\Desktop\\",
                                "CommandLine": "WmFT8btx.exe  -accepteula -c  -y -p handles -nobanner",
                                "EventID": "1",
                                "LogonGuid": "C784477D-F8CE-6481-3ED3-030000000000",
                                "LogonId": "250686",
                                "Image": "C:\\Users\\george\\Desktop\\WmFT8btx.exe",
                                "IntegrityLevel": "High",
                                "ParentCommandLine": "C:\\Windows\\system32\\cmd.exe /c \"\"C:\\Users\\george\\Desktop\\78UkyIBf.bat\" \"C:\\Documents and Settings\\All Users\\Application Data\\Application Data\\Application Data\\Application Data\\Application Data\\Application Data\\Application Data\\Application Data\\Microsoft\\Diagnosis\\EventStore.db\"\"",
                                "UtcTime": "1692256479",
                                "RuleName": "-"
                            }
                        },
                        {
                            "values": {
                                "TerminalSessionId": "1",
                                "ProcessGuid": "{C784477D-C8DF-64DD-C806-000000003400}",
                                "ProcessId": "1244",
                                "Product": "Sysinternals Handle",
                                "Description": "Handle viewer",
                                "Company": "Sysinternals - www.sysinternals.com",
                                "ParentProcessGuid": "{C784477D-C8DF-64DD-C706-000000003400}",
                                "User": "DESKTOP-B0T93D6\\george",
                                "Hashes": "MD5=3026BC2448763D5A9862D864B97288FF,SHA256=7ADB21C00D3CC9A1EF081484B58B68F218D7C84A720E16E113943B9F4694D8EC,IMPHASH=7DED07BBFE7163A55B86B84674F8A179",
                                "OriginalFileName": "Nthandle.exe",
                                "ParentImage": "C:\\Users\\george\\Desktop\\WmFT8btx.exe",
                                "FileVersion": "4.11",
                                "ParentProcessId": "5440",
                                "CurrentDirectory": "C:\\Users\\george\\Desktop\\",
                                "CommandLine": "WmFT8btx.exe  -accepteula -c  -y -p handles -nobanner",
                                "EventID": "1",
                                "LogonGuid": "C784477D-F8CE-6481-3ED3-030000000000",
                                "LogonId": "250686",
                                "Image": "C:\\Users\\george\\AppData\\Local\\Temp\\WmFT8btx64.exe",
                                "IntegrityLevel": "High",
                                "ParentCommandLine": "WmFT8btx.exe  -accepteula -c  -y -p handles -nobanner",
                                "UtcTime": "1692256479",
                                "RuleName": "-"
                            }
                        },
                        {
                            "values": {
                                "TerminalSessionId": "1",
                                "ProcessGuid": "{C784477D-C8E0-64DD-CD06-000000003400}",
                                "ProcessId": "4672",
                                "Product": "Microsoft\\xae Windows\\xae Operating System",
                                "Description": "Windows Command Processor",
                                "Company": "Microsoft Corporation",
                                "ParentProcessGuid": "{C784477D-C8E0-64DD-C906-000000003400}",
                                "User": "DESKTOP-B0T93D6\\george",
                                "Hashes": "MD5=F3BDBE3BB6F734E357235F4D5898582D,SHA256=3685495D051137B1C4EFDE22C26DF0883614B6453B762FA84588DA55ED2E7744,IMPHASH=0AF8419BE362159398343D7B31721726",
                                "OriginalFileName": "Cmd.Exe",
                                "ParentImage": "C:\\Windows\\SysWOW64\\cmd.exe",
                                "FileVersion": "10.0.17134.1 (WinBuild.160101.0800)",
                                "ParentProcessId": "6884",
                                "CurrentDirectory": "C:\\Users\\george\\Desktop\\",
                                "CommandLine": "C:\\Windows\\system32\\cmd.exe /c WmFT8btx.exe -accepteula \"EventStore.db\" -nobanner",
                                "EventID": "1",
                                "LogonGuid": "C784477D-F8CE-6481-3ED3-030000000000",
                                "LogonId": "250686",
                                "Image": "C:\\Windows\\SysWOW64\\cmd.exe",
                                "IntegrityLevel": "High",
                                "ParentCommandLine": "C:\\Windows\\system32\\cmd.exe /c \"\"C:\\Users\\george\\Desktop\\78UkyIBf.bat\" \"C:\\Documents and Settings\\All Users\\Application Data\\Application Data\\Application Data\\Application Data\\Application Data\\Application Data\\Microsoft\\Diagnosis\\EventStore.db\"\"",
                                "UtcTime": "1692256480",
                                "RuleName": "-"
                            }
                        },
                        {
                            "values": {
                                "TerminalSessionId": "1",
                                "ProcessGuid": "{C784477D-C8E0-64DD-CE06-000000003400}",
                                "ProcessId": "6152",
                                "Product": "Sysinternals Handle",
                                "Description": "Handle viewer",
                                "Company": "Sysinternals - www.sysinternals.com",
                                "ParentProcessGuid": "{C784477D-C8E0-64DD-CD06-000000003400}",
                                "User": "DESKTOP-B0T93D6\\george",
                                "Hashes": "MD5=2F5B509929165FC13CEAB9393C3B911D,SHA256=0CFDBFB9C4A2A80794462F06CF0DA43C5977AA61BD3BBE834002703FE44EF0B4,IMPHASH=00000000000000000000000000000000",
                                "OriginalFileName": "Nthandle.exe",
                                "ParentImage": "C:\\Windows\\SysWOW64\\cmd.exe",
                                "FileVersion": "4.11",
                                "ParentProcessId": "4672",
                                "CurrentDirectory": "C:\\Users\\george\\Desktop\\",
                                "CommandLine": "WmFT8btx.exe  -accepteula \"EventStore.db\" -nobanner",
                                "EventID": "1",
                                "LogonGuid": "C784477D-F8CE-6481-3ED3-030000000000",
                                "LogonId": "250686",
                                "Image": "C:\\Users\\george\\Desktop\\WmFT8btx.exe",
                                "IntegrityLevel": "High",
                                "ParentCommandLine": "C:\\Windows\\system32\\cmd.exe /c WmFT8btx.exe -accepteula \"EventStore.db\" -nobanner",
                                "UtcTime": "1692256480",
                                "RuleName": "-"
                            }
                        },
                        {
                            "values": {
                                "TerminalSessionId": "1",
                                "ProcessGuid": "{C784477D-C8E1-64DD-CF06-000000003400}",
                                "ProcessId": "556",
                                "Product": "Sysinternals Handle",
                                "Description": "Handle viewer",
                                "Company": "Sysinternals - www.sysinternals.com",
                                "ParentProcessGuid": "{C784477D-C8E0-64DD-CE06-000000003400}",
                                "User": "DESKTOP-B0T93D6\\george",
                                "Hashes": "MD5=3026BC2448763D5A9862D864B97288FF,SHA256=7ADB21C00D3CC9A1EF081484B58B68F218D7C84A720E16E113943B9F4694D8EC,IMPHASH=7DED07BBFE7163A55B86B84674F8A179",
                                "OriginalFileName": "Nthandle.exe",
                                "ParentImage": "C:\\Users\\george\\Desktop\\WmFT8btx.exe",
                                "FileVersion": "4.11",
                                "ParentProcessId": "6152",
                                "CurrentDirectory": "C:\\Users\\george\\Desktop\\",
                                "CommandLine": "WmFT8btx.exe  -accepteula \"EventStore.db\" -nobanner",
                                "EventID": "1",
                                "LogonGuid": "C784477D-F8CE-6481-3ED3-030000000000",
                                "LogonId": "250686",
                                "Image": "C:\\Users\\george\\AppData\\Local\\Temp\\WmFT8btx64.exe",
                                "IntegrityLevel": "High",
                                "ParentCommandLine": "WmFT8btx.exe  -accepteula \"EventStore.db\" -nobanner",
                                "UtcTime": "1692256481",
                                "RuleName": "-"
                            }
                        },
                        {
                            "values": {
                                "TerminalSessionId": "1",
                                "ProcessGuid": "{C784477D-C8E3-64DD-D006-000000003400}",
                                "ProcessId": "3784",
                                "Product": "Sysinternals Handle",
                                "Description": "Handle viewer",
                                "Company": "Sysinternals - www.sysinternals.com",
                                "ParentProcessGuid": "{C784477D-C8E0-64DD-C906-000000003400}",
                                "User": "DESKTOP-B0T93D6\\george",
                                "Hashes": "MD5=2F5B509929165FC13CEAB9393C3B911D,SHA256=0CFDBFB9C4A2A80794462F06CF0DA43C5977AA61BD3BBE834002703FE44EF0B4,IMPHASH=00000000000000000000000000000000",
                                "OriginalFileName": "Nthandle.exe",
                                "ParentImage": "C:\\Windows\\SysWOW64\\cmd.exe",
                                "FileVersion": "4.11",
                                "ParentProcessId": "6884",
                                "CurrentDirectory": "C:\\Users\\george\\Desktop\\",
                                "CommandLine": "WmFT8btx.exe  -accepteula -c  -y -p handles -nobanner",
                                "EventID": "1",
                                "LogonGuid": "C784477D-F8CE-6481-3ED3-030000000000",
                                "LogonId": "250686",
                                "Image": "C:\\Users\\george\\Desktop\\WmFT8btx.exe",
                                "IntegrityLevel": "High",
                                "ParentCommandLine": "C:\\Windows\\system32\\cmd.exe /c \"\"C:\\Users\\george\\Desktop\\78UkyIBf.bat\" \"C:\\Documents and Settings\\All Users\\Application Data\\Application Data\\Application Data\\Application Data\\Application Data\\Application Data\\Microsoft\\Diagnosis\\EventStore.db\"\"",
                                "UtcTime": "1692256483",
                                "RuleName": "-"
                            }
                        },
