                        {
                            "values": {
                                "EventID": "11",
                                "ProcessId": "1020",
                                "Image": "C:\\Users\\george\\Desktop\\WmFT8btx.exe",
                                "RuleName": "EXE",
                                "CreationUtcTime": "1692256439",
                                "UtcTime": "1692256470",
                                "ProcessGuid": "{C784477D-C8D6-64DD-B206-000000003400}",
                                "TargetFilename": "C:\\Users\\george\\AppData\\Local\\Temp\\WmFT8btx64.exe"
                            }
                        },
                        {
                            "values": {
                                "EventID": "11",
                                "ProcessId": "7808",
                                "TargetFilename": "C:\\Users\\george\\AppData\\Local\\Temp\\WmFT8btx64.exe",
                                "ProcessGuid": "{C784477D-C8D8-64DD-BA06-000000003400}",
                                "CreationUtcTime": "1692256439",
                                "UtcTime": "1692256472",
                                "RuleName": "EXE",
                                "Image": "C:\\Users\\george\\Desktop\\WmFT8btx.exe"
                            }
                        },
                        {
                            "values": {
                                "EventID": "11",
                                "ProcessId": "5528",
                                "Image": "C:\\Users\\george\\Desktop\\WmFT8btx.exe",
                                "ProcessGuid": "{C784477D-C8DB-64DD-C006-000000003400}",
                                "CreationUtcTime": "1692256439",
                                "UtcTime": "1692256475",
                                "RuleName": "EXE",
                                "TargetFilename": "C:\\Users\\george\\AppData\\Local\\Temp\\WmFT8btx64.exe"
                            }
                        },
                        {
                            "values": {
                                "EventID": "11",
                                "ProcessId": "7900",
                                "TargetFilename": "C:\\Users\\george\\AppData\\Local\\Temp\\WmFT8btx64.exe",
                                "ProcessGuid": "{C784477D-C8DC-64DD-C506-000000003400}",
                                "CreationUtcTime": "1692256439",
                                "UtcTime": "1692256476",
                                "RuleName": "EXE",
                                "Image": "C:\\Users\\george\\Desktop\\WmFT8btx.exe"
                            }
                        },
                        {
                            "values": {
                                "EventID": "11",
                                "ProcessId": "5440",
                                "TargetFilename": "C:\\Users\\george\\AppData\\Local\\Temp\\WmFT8btx64.exe",
                                "ProcessGuid": "{C784477D-C8DF-64DD-C706-000000003400}",
                                "CreationUtcTime": "1692256439",
                                "UtcTime": "1692256479",
                                "RuleName": "EXE",
                                "Image": "C:\\Users\\george\\Desktop\\WmFT8btx.exe"
                            }
                        },
                        {
                            "values": {
                                "EventID": "11",
                                "ProcessId": "6152",
                                "Image": "C:\\Users\\george\\Desktop\\WmFT8btx.exe",
                                "ProcessGuid": "{C784477D-C8E0-64DD-CE06-000000003400}",
                                "CreationUtcTime": "1692256439",
                                "UtcTime": "1692256480",
                                "RuleName": "EXE",
                                "TargetFilename": "C:\\Users\\george\\AppData\\Local\\Temp\\WmFT8btx64.exe"
                            }
                        },
                        {
                            "values": {
                                "EventID": "11",
                                "ProcessId": "3784",
                                "TargetFilename": "C:\\Users\\george\\AppData\\Local\\Temp\\WmFT8btx64.exe",
                                "ProcessGuid": "{C784477D-C8E3-64DD-D006-000000003400}",
                                "CreationUtcTime": "1692256439",
                                "UtcTime": "1692256483",
                                "RuleName": "EXE",
                                "Image": "C:\\Users\\george\\Desktop\\WmFT8btx.exe"
                            }
                        },
                        {
                            "values": {
                                "EventID": "11",
                                "ProcessId": "3804",
                                "TargetFilename": "C:\\Users\\george\\AppData\\Local\\Temp\\WmFT8btx64.exe",
                                "ProcessGuid": "{C784477D-C8E6-64DD-D906-000000003400}",
                                "CreationUtcTime": "1692256439",
                                "UtcTime": "1692256486",
                                "RuleName": "EXE",
                                "Image": "C:\\Users\\george\\Desktop\\WmFT8btx.exe"
                            }
                        },
                        {
                            "values": {
                                "EventID": "11",
                                "ProcessId": "1272",
                                "TargetFilename": "C:\\Users\\george\\AppData\\Local\\Temp\\WmFT8btx64.exe",
                                "ProcessGuid": "{C784477D-C8EB-64DD-E206-000000003400}",
                                "CreationUtcTime": "1692256488",
                                "UtcTime": "1692256491",
                                "RuleName": "EXE",
                                "Image": "C:\\Users\\george\\Desktop\\WmFT8btx.exe"
                            }
                        },
                        {
                            "values": {
                                "EventID": "11",
                                "ProcessId": "4292",
                                "TargetFilename": "C:\\Users\\george\\AppData\\Local\\Temp\\WmFT8btx64.exe",
                                "RuleName": "EXE",
                                "CreationUtcTime": "1692256493",
                                "UtcTime": "1692256493",
                                "ProcessGuid": "{C784477D-C8ED-64DD-E906-000000003400}",
                                "Image": "C:\\Users\\george\\Desktop\\WmFT8btx.exe"
                            }
                        },
                        {
                            "values": {
                                "EventID": "11",
                                "ProcessId": "2496",
                                "TargetFilename": "C:\\Users\\george\\AppData\\Local\\Temp\\WmFT8btx64.exe",
                                "RuleName": "EXE",
                                "CreationUtcTime": "1692256493",
                                "UtcTime": "1692256495",
                                "ProcessGuid": "{C784477D-C8EF-64DD-EB06-000000003400}",
                                "Image": "C:\\Users\\george\\Desktop\\WmFT8btx.exe"
                            }
                        },
                        {
                            "values": {
                                "EventID": "11",
                                "ProcessId": "6732",
                                "TargetFilename": "C:\\Users\\george\\AppData\\Local\\Temp\\WmFT8btx64.exe",
                                "ProcessGuid": "{C784477D-C8F1-64DD-F206-000000003400}",
                                "CreationUtcTime": "1692256497",
                                "UtcTime": "1692256497",
                                "RuleName": "EXE",
                                "Image": "C:\\Users\\george\\Desktop\\WmFT8btx.exe"
                            }
                        },
                        {
                            "values": {
                                "EventID": "11",
                                "ProcessId": "1032",
                                "Image": "C:\\Users\\george\\Desktop\\WmFT8btx.exe",
                                "ProcessGuid": "{C784477D-C8F4-64DD-F406-000000003400}",
                                "CreationUtcTime": "1692256497",
                                "UtcTime": "1692256500",
                                "RuleName": "EXE",
                                "TargetFilename": "C:\\Users\\george\\AppData\\Local\\Temp\\WmFT8btx64.exe"
                            }
                        },
                        {
                            "values": {
                                "EventID": "11",
                                "ProcessId": "7916",
                                "Image": "C:\\Users\\george\\Desktop\\WmFT8btx.exe",
                                "ProcessGuid": "{C784477D-C8F5-64DD-FB06-000000003400}",
                                "CreationUtcTime": "1692256501",
                                "UtcTime": "1692256501",
                                "RuleName": "EXE",
                                "TargetFilename": "C:\\Users\\george\\AppData\\Local\\Temp\\WmFT8btx64.exe"
                            }
                        },
                        {
                            "values": {
                                "EventID": "11",
                                "ProcessId": "1120",
                                "Image": "C:\\Users\\george\\Desktop\\WmFT8btx.exe",
                                "RuleName": "EXE",
                                "CreationUtcTime": "1692256501",
                                "UtcTime": "1692256504",
                                "ProcessGuid": "{C784477D-C8F8-64DD-FD06-000000003400}",
                                "TargetFilename": "C:\\Users\\george\\AppData\\Local\\Temp\\WmFT8btx64.exe"
                            }
                        },
                        {
                            "values": {
                                "EventID": "11",
                                "ProcessId": "3784",
                                "Image": "C:\\Users\\george\\Desktop\\WmFT8btx.exe",
                                "ProcessGuid": "{C784477D-C8F9-64DD-0407-000000003400}",
                                "CreationUtcTime": "1692256505",
                                "UtcTime": "1692256505",
                                "RuleName": "EXE",
                                "TargetFilename": "C:\\Users\\george\\AppData\\Local\\Temp\\WmFT8btx64.exe"
                            }
                        },
                        {
                            "values": {
                                "EventID": "11",
                                "ProcessId": "3804",
                                "TargetFilename": "C:\\Users\\george\\AppData\\Local\\Temp\\WmFT8btx64.exe",
                                "ProcessGuid": "{C784477D-C8FD-64DD-0D07-000000003400}",
                                "CreationUtcTime": "1692256509",
                                "UtcTime": "1692256509",
                                "RuleName": "EXE",
                                "Image": "C:\\Users\\george\\Desktop\\WmFT8btx.exe"
                            }
                        },
                        {
                            "values": {
                                "EventID": "11",
                                "ProcessId": "5808",
                                "TargetFilename": "C:\\Users\\george\\AppData\\Local\\Temp\\WmFT8btx64.exe",
                                "ProcessGuid": "{C784477D-C8FF-64DD-0F07-000000003400}",
                                "CreationUtcTime": "1692256509",
                                "UtcTime": "1692256512",
                                "RuleName": "EXE",
                                "Image": "C:\\Users\\george\\Desktop\\WmFT8btx.exe"
                            }
                        },
                        {
                            "values": {
                                "EventID": "11",
                                "ProcessId": "6344",
                                "TargetFilename": "C:\\Users\\george\\AppData\\Local\\Temp\\WmFT8btx64.exe",
                                "RuleName": "EXE",
                                "CreationUtcTime": "1692256509",
                                "UtcTime": "1692256517",
                                "ProcessGuid": "{C784477D-C905-64DD-1F07-000000003400}",
                                "Image": "C:\\Users\\george\\Desktop\\WmFT8btx.exe"
                            }
                        },
                        {
                            "values": {
                                "EventID": "11",
                                "ProcessId": "884",
                                "TargetFilename": "C:\\Users\\george\\AppData\\Local\\Temp\\WmFT8btx64.exe",
                                "RuleName": "EXE",
                                "CreationUtcTime": "1692256509",
                                "UtcTime": "1692256519",
                                "ProcessGuid": "{C784477D-C907-64DD-2107-000000003400}",
                                "Image": "C:\\Users\\george\\Desktop\\WmFT8btx.exe"
                            }
                        },
                        {
                            "values": {
                                "EventID": "11",
                                "ProcessId": "6036",
                                "Image": "C:\\Users\\george\\Desktop\\WmFT8btx.exe",
                                "ProcessGuid": "{C784477D-C908-64DD-2807-000000003400}",
                                "CreationUtcTime": "1692256509",
                                "UtcTime": "1692256520",
                                "RuleName": "EXE",
                                "TargetFilename": "C:\\Users\\george\\AppData\\Local\\Temp\\WmFT8btx64.exe"
                            }
                        },
                        {
                            "values": {
                                "EventID": "11",
                                "ProcessId": "3048",
                                "TargetFilename": "C:\\Users\\george\\AppData\\Local\\Temp\\WmFT8btx64.exe",
                                "RuleName": "EXE",
                                "CreationUtcTime": "1692256509",
                                "UtcTime": "1692256522",
                                "ProcessGuid": "{C784477D-C90A-64DD-2A07-000000003400}",
                                "Image": "C:\\Users\\george\\Desktop\\WmFT8btx.exe"
                            }
                        },
                        {
                            "values": {
                                "EventID": "11",
                                "ProcessId": "6752",
                                "Image": "C:\\Users\\george\\Desktop\\WmFT8btx.exe",
                                "ProcessGuid": "{C784477D-C90A-64DD-3107-000000003400}",
                                "CreationUtcTime": "1692256509",
                                "UtcTime": "1692256522",
                                "RuleName": "EXE",
                                "TargetFilename": "C:\\Users\\george\\AppData\\Local\\Temp\\WmFT8btx64.exe"
                            }
                        }
                    ],
                    "rule_level": "low",
                    "rule_description": "Detects the creation of an executable by another executable",
                    "rule_source": "Sigma Integrated Rule Set (GitHub)",
                    "rule_title": "Creation of an Executable by an Executable",
                    "rule_id": "b5386a23355681c43cfbd2f2ccfe4b16ed45324d0d7b5583487a9f302ee1e427",
                    "rule_author": "frack113"
                },
                {
                    "match_context": [
                        {
                            "values": {
                                "TerminalSessionId": "1",
                                "ProcessGuid": "{C784477D-C8B6-64DD-6F06-000000003400}",
                                "ProcessId": "5056",
                                "Product": "Microsoft\\xae Windows\\xae Operating System",
                                "Description": "Windows Command Processor",
                                "Company": "Microsoft Corporation",
                                "ParentProcessGuid": "{C784477D-C8B4-64DD-6906-000000003400}",
                                "User": "DESKTOP-B0T93D6\\george",
                                "Hashes": "MD5=F3BDBE3BB6F734E357235F4D5898582D,SHA256=3685495D051137B1C4EFDE22C26DF0883614B6453B762FA84588DA55ED2E7744,IMPHASH=0AF8419BE362159398343D7B31721726",
                                "OriginalFileName": "Cmd.Exe",
                                "ParentImage": "C:\\Windows\\SysWOW64\\cmd.exe",
                                "FileVersion": "10.0.17134.1 (WinBuild.160101.0800)",
                                "ParentProcessId": "6384",
                                "CurrentDirectory": "C:\\Users\\george\\Desktop\\",
                                "CommandLine": "C:\\Windows\\system32\\cmd.exe /c WmFT8btx.exe -accepteula \"EventStore.db\" -nobanner",
                                "EventID": "1",
                                "LogonGuid": "C784477D-F8CE-6481-3ED3-030000000000",
                                "LogonId": "250686",
                                "Image": "C:\\Windows\\SysWOW64\\cmd.exe",
                                "IntegrityLevel": "High",
                                "ParentCommandLine": "C:\\Windows\\system32\\cmd.exe /c \"\"C:\\Users\\george\\Desktop\\78UkyIBf.bat\" \"C:\\Documents and Settings\\All Users\\Application Data\\Application Data\\Application Data\\Application Data\\Application Data\\Application Data\\Application Data\\Application Data\\Application Data\\Application Data\\Application Data\\Microsoft\\Diagnosis\\EventStore.db\"\"",
                                "UtcTime": "1692256438",
                                "RuleName": "-"
                            }
                        },
                        {
                            "values": {
                                "TerminalSessionId": "1",
                                "ProcessGuid": "{C784477D-C8B6-64DD-7006-000000003400}",
                                "ProcessId": "2480",
                                "Product": "Sysinternals Handle",
                                "Description": "Handle viewer",
                                "Company": "Sysinternals - www.sysinternals.com",
                                "ParentProcessGuid": "{C784477D-C8B6-64DD-6F06-000000003400}",
                                "User": "DESKTOP-B0T93D6\\george",
                                "Hashes": "MD5=2F5B509929165FC13CEAB9393C3B911D,SHA256=0CFDBFB9C4A2A80794462F06CF0DA43C5977AA61BD3BBE834002703FE44EF0B4,IMPHASH=00000000000000000000000000000000",
                                "OriginalFileName": "Nthandle.exe",
                                "ParentImage": "C:\\Windows\\SysWOW64\\cmd.exe",
                                "FileVersion": "4.11",
                                "ParentProcessId": "5056",
                                "CurrentDirectory": "C:\\Users\\george\\Desktop\\",
                                "CommandLine": "WmFT8btx.exe  -accepteula \"EventStore.db\" -nobanner",
                                "EventID": "1",
                                "LogonGuid": "C784477D-F8CE-6481-3ED3-030000000000",
                                "LogonId": "250686",
                                "Image": "C:\\Users\\george\\Desktop\\WmFT8btx.exe",
                                "IntegrityLevel": "High",
                                "ParentCommandLine": "C:\\Windows\\system32\\cmd.exe /c WmFT8btx.exe -accepteula \"EventStore.db\" -nobanner",
                                "UtcTime": "1692256438",
                                "RuleName": "-"
                            }
                        },
                        {
                            "values": {
                                "TerminalSessionId": "1",
                                "ProcessGuid": "{C784477D-C8B7-64DD-7206-000000003400}",
                                "ProcessId": "6764",
                                "Product": "Sysinternals Handle",
                                "Description": "Handle viewer",
                                "Company": "Sysinternals - www.sysinternals.com",
                                "ParentProcessGuid": "{C784477D-C8B6-64DD-7006-000000003400}",
                                "User": "DESKTOP-B0T93D6\\george",
                                "Hashes": "MD5=3026BC2448763D5A9862D864B97288FF,SHA256=7ADB21C00D3CC9A1EF081484B58B68F218D7C84A720E16E113943B9F4694D8EC,IMPHASH=7DED07BBFE7163A55B86B84674F8A179",
                                "OriginalFileName": "Nthandle.exe",
                                "ParentImage": "C:\\Users\\george\\Desktop\\WmFT8btx.exe",
                                "FileVersion": "4.11",
                                "ParentProcessId": "2480",
                                "CurrentDirectory": "C:\\Users\\george\\Desktop\\",
                                "CommandLine": "WmFT8btx.exe  -accepteula \"EventStore.db\" -nobanner",
                                "EventID": "1",
                                "LogonGuid": "C784477D-F8CE-6481-3ED3-030000000000",
                                "LogonId": "250686",
                                "Image": "C:\\Users\\george\\AppData\\Local\\Temp\\WmFT8btx64.exe",
                                "IntegrityLevel": "High",
                                "ParentCommandLine": "WmFT8btx.exe  -accepteula \"EventStore.db\" -nobanner",
                                "UtcTime": "1692256439",
                                "RuleName": "-"
                            }
                        },
                        {
                            "values": {
                                "TerminalSessionId": "1",
                                "ProcessGuid": "{C784477D-C8C7-64DD-8406-000000003400}",
                                "ProcessId": "4020",
                                "Product": "Microsoft\\xae Windows\\xae Operating System",
                                "Description": "Windows Command Processor",
                                "Company": "Microsoft Corporation",
                                "ParentProcessGuid": "{C784477D-C8B9-64DD-7806-000000003400}",
                                "User": "DESKTOP-B0T93D6\\george",
                                "Hashes": "MD5=F3BDBE3BB6F734E357235F4D5898582D,SHA256=3685495D051137B1C4EFDE22C26DF0883614B6453B762FA84588DA55ED2E7744,IMPHASH=0AF8419BE362159398343D7B31721726",
                                "OriginalFileName": "Cmd.Exe",
                                "ParentImage": "C:\\Windows\\SysWOW64\\cmd.exe",
                                "FileVersion": "10.0.17134.1 (WinBuild.160101.0800)",
                                "ParentProcessId": "2444",
                                "CurrentDirectory": "C:\\Users\\george\\Desktop\\",
                                "CommandLine": "C:\\Windows\\system32\\cmd.exe /c WmFT8btx.exe -accepteula \"EventStore.db\" -nobanner",
                                "EventID": "1",
                                "LogonGuid": "C784477D-F8CE-6481-3ED3-030000000000",
                                "LogonId": "250686",
                                "Image": "C:\\Windows\\SysWOW64\\cmd.exe",
                                "IntegrityLevel": "High",
                                "ParentCommandLine": "C:\\Windows\\system32\\cmd.exe /c \"\"C:\\Users\\george\\Desktop\\78UkyIBf.bat\" \"C:\\Documents and Settings\\All Users\\Application Data\\Application Data\\Application Data\\Application Data\\Application Data\\Application Data\\Application Data\\Application Data\\Application Data\\Microsoft\\Diagnosis\\TenantStorage\\P-ARIA\\EventStore.db\"\"",
                                "UtcTime": "1692256455",
                                "RuleName": "-"
                            }
                        },
                        {
                            "values": {
                                "TerminalSessionId": "1",
                                "ProcessGuid": "{C784477D-C8C7-64DD-8506-000000003400}",
                                "ProcessId": "6560",
                                "Product": "Sysinternals Handle",
                                "Description": "Handle viewer",
                                "Company": "Sysinternals - www.sysinternals.com",
                                "ParentProcessGuid": "{C784477D-C8C7-64DD-8406-000000003400}",
                                "User": "DESKTOP-B0T93D6\\george",
                                "Hashes": "MD5=2F5B509929165FC13CEAB9393C3B911D,SHA256=0CFDBFB9C4A2A80794462F06CF0DA43C5977AA61BD3BBE834002703FE44EF0B4,IMPHASH=00000000000000000000000000000000",
                                "OriginalFileName": "Nthandle.exe",
                                "ParentImage": "C:\\Windows\\SysWOW64\\cmd.exe",
                                "FileVersion": "4.11",
                                "ParentProcessId": "4020",
                                "CurrentDirectory": "C:\\Users\\george\\Desktop\\",
                                "CommandLine": "WmFT8btx.exe  -accepteula \"EventStore.db\" -nobanner",
                                "EventID": "1",
                                "LogonGuid": "C784477D-F8CE-6481-3ED3-030000000000",
                                "LogonId": "250686",
                                "Image": "C:\\Users\\george\\Desktop\\WmFT8btx.exe",
                                "IntegrityLevel": "High",
                                "ParentCommandLine": "C:\\Windows\\system32\\cmd.exe /c WmFT8btx.exe -accepteula \"EventStore.db\" -nobanner",
                                "UtcTime": "1692256455",
                                "RuleName": "-"
                            }
                        },
                        {
                            "values": {
                                "TerminalSessionId": "1",
                                "ProcessGuid": "{C784477D-C8C8-64DD-8806-000000003400}",
                                "ProcessId": "1012",
                                "Product": "Sysinternals Handle",
                                "Description": "Handle viewer",
                                "Company": "Sysinternals - www.sysinternals.com",
                                "ParentProcessGuid": "{C784477D-C8C7-64DD-8506-000000003400}",
                                "User": "DESKTOP-B0T93D6\\george",
                                "Hashes": "MD5=3026BC2448763D5A9862D864B97288FF,SHA256=7ADB21C00D3CC9A1EF081484B58B68F218D7C84A720E16E113943B9F4694D8EC,IMPHASH=7DED07BBFE7163A55B86B84674F8A179",
                                "OriginalFileName": "Nthandle.exe",
                                "ParentImage": "C:\\Users\\george\\Desktop\\WmFT8btx.exe",
                                "FileVersion": "4.11",
                                "ParentProcessId": "6560",
                                "CurrentDirectory": "C:\\Users\\george\\Desktop\\",
                                "CommandLine": "WmFT8btx.exe  -accepteula \"EventStore.db\" -nobanner",
                                "EventID": "1",
                                "LogonGuid": "C784477D-F8CE-6481-3ED3-030000000000",
                                "LogonId": "250686",
                                "Image": "C:\\Users\\george\\AppData\\Local\\Temp\\WmFT8btx64.exe",
                                "IntegrityLevel": "High",
                                "ParentCommandLine": "WmFT8btx.exe  -accepteula \"EventStore.db\" -nobanner",
                                "UtcTime": "1692256456",
                                "RuleName": "-"
                            }
                        },
                        {
                            "values": {
                                "TerminalSessionId": "1",
                                "ProcessGuid": "{C784477D-C8C9-64DD-8906-000000003400}",
                                "ProcessId": "3360",
                                "Product": "Sysinternals Handle",
                                "Description": "Handle viewer",
                                "Company": "Sysinternals - www.sysinternals.com",
                                "ParentProcessGuid": "{C784477D-C8B4-64DD-6906-000000003400}",
                                "User": "DESKTOP-B0T93D6\\george",
                                "Hashes": "MD5=2F5B509929165FC13CEAB9393C3B911D,SHA256=0CFDBFB9C4A2A80794462F06CF0DA43C5977AA61BD3BBE834002703FE44EF0B4,IMPHASH=00000000000000000000000000000000",
                                "OriginalFileName": "Nthandle.exe",
                                "ParentImage": "C:\\Windows\\SysWOW64\\cmd.exe",
                                "FileVersion": "4.11",
                                "ParentProcessId": "6384",
                                "CurrentDirectory": "C:\\Users\\george\\Desktop\\",
                                "CommandLine": "WmFT8btx.exe  -accepteula -c  -y -p handles -nobanner",
                                "EventID": "1",
                                "LogonGuid": "C784477D-F8CE-6481-3ED3-030000000000",
                                "LogonId": "250686",
                                "Image": "C:\\Users\\george\\Desktop\\WmFT8btx.exe",
                                "IntegrityLevel": "High",
                                "ParentCommandLine": "C:\\Windows\\system32\\cmd.exe /c \"\"C:\\Users\\george\\Desktop\\78UkyIBf.bat\" \"C:\\Documents and Settings\\All Users\\Application Data\\Application Data\\Application Data\\Application Data\\Application Data\\Application Data\\Application Data\\Application Data\\Application Data\\Application Data\\Application Data\\Microsoft\\Diagnosis\\EventStore.db\"\"",
                                "UtcTime": "1692256457",
                                "RuleName": "-"
                            }
                        },
                        {
                            "values": {
                                "TerminalSessionId": "1",
                                "ProcessGuid": "{C784477D-C8C9-64DD-8A06-000000003400}",
                                "ProcessId": "6852",
                                "Product": "Microsoft\\xae Windows\\xae Operating System",
                                "Description": "Windows Command Processor",
                                "Company": "Microsoft Corporation",
                                "ParentProcessGuid": "{C784477D-C8BF-64DD-8006-000000003400}",
                                "User": "DESKTOP-B0T93D6\\george",
                                "Hashes": "MD5=F3BDBE3BB6F734E357235F4D5898582D,SHA256=3685495D051137B1C4EFDE22C26DF0883614B6453B762FA84588DA55ED2E7744,IMPHASH=0AF8419BE362159398343D7B31721726",
                                "OriginalFileName": "Cmd.Exe",
                                "ParentImage": "C:\\Windows\\SysWOW64\\cmd.exe",
                                "FileVersion": "10.0.17134.1 (WinBuild.160101.0800)",
                                "ParentProcessId": "1892",
                                "CurrentDirectory": "C:\\Users\\george\\Desktop\\",
                                "CommandLine": "C:\\Windows\\system32\\cmd.exe /c WmFT8btx.exe -accepteula \"EventStore.db\" -nobanner",
                                "EventID": "1",
                                "LogonGuid": "C784477D-F8CE-6481-3ED3-030000000000",
                                "LogonId": "250686",
                                "Image": "C:\\Windows\\SysWOW64\\cmd.exe",
                                "IntegrityLevel": "High",
                                "ParentCommandLine": "C:\\Windows\\system32\\cmd.exe /c \"\"C:\\Users\\george\\Desktop\\78UkyIBf.bat\" \"C:\\Documents and Settings\\All Users\\Application Data\\Application Data\\Application Data\\Application Data\\Application Data\\Application Data\\Application Data\\Microsoft\\Diagnosis\\TenantStorage\\P-ARIA\\EventStore.db\"\"",
                                "UtcTime": "1692256457",
                                "RuleName": "-"
                            }
                        },
                        {
                            "values": {
                                "TerminalSessionId": "1",
                                "ProcessGuid": "{C784477D-C8CA-64DD-8B06-000000003400}",
                                "ProcessId": "3804",
                                "Product": "Sysinternals Handle",
                                "Description": "Handle viewer",
                                "Company": "Sysinternals - www.sysinternals.com",
                                "ParentProcessGuid": "{C784477D-C8C9-64DD-8A06-000000003400}",
                                "User": "DESKTOP-B0T93D6\\george",
                                "Hashes": "MD5=2F5B509929165FC13CEAB9393C3B911D,SHA256=0CFDBFB9C4A2A80794462F06CF0DA43C5977AA61BD3BBE834002703FE44EF0B4,IMPHASH=00000000000000000000000000000000",
                                "OriginalFileName": "Nthandle.exe",
                                "ParentImage": "C:\\Windows\\SysWOW64\\cmd.exe",
                                "FileVersion": "4.11",
                                "ParentProcessId": "6852",
                                "CurrentDirectory": "C:\\Users\\george\\Desktop\\",
                                "CommandLine": "WmFT8btx.exe  -accepteula \"EventStore.db\" -nobanner",
                                "EventID": "1",
                                "LogonGuid": "C784477D-F8CE-6481-3ED3-030000000000",
                                "LogonId": "250686",
                                "Image": "C:\\Users\\george\\Desktop\\WmFT8btx.exe",
                                "IntegrityLevel": "High",
                                "ParentCommandLine": "C:\\Windows\\system32\\cmd.exe /c WmFT8btx.exe -accepteula \"EventStore.db\" -nobanner",
                                "UtcTime": "1692256458",
                                "RuleName": "-"
                            }
                        },
                        {
                            "values": {
                                "TerminalSessionId": "1",
                                "ProcessGuid": "{C784477D-C8CB-64DD-8F06-000000003400}",
                                "ProcessId": "6592",
                                "Product": "Sysinternals Handle",
                                "Description": "Handle viewer",
                                "Company": "Sysinternals - www.sysinternals.com",
                                "ParentProcessGuid": "{C784477D-C8BF-64DD-8006-000000003400}",
                                "User": "DESKTOP-B0T93D6\\george",
                                "Hashes": "MD5=2F5B509929165FC13CEAB9393C3B911D,SHA256=0CFDBFB9C4A2A80794462F06CF0DA43C5977AA61BD3BBE834002703FE44EF0B4,IMPHASH=00000000000000000000000000000000",
                                "OriginalFileName": "Nthandle.exe",
                                "ParentImage": "C:\\Windows\\SysWOW64\\cmd.exe",
                                "FileVersion": "4.11",
                                "ParentProcessId": "1892",
                                "CurrentDirectory": "C:\\Users\\george\\Desktop\\",
                                "CommandLine": "WmFT8btx.exe  -accepteula -c Run -y -p extract -nobanner",
                                "EventID": "1",
                                "LogonGuid": "C784477D-F8CE-6481-3ED3-030000000000",
                                "LogonId": "250686",
                                "Image": "C:\\Users\\george\\Desktop\\WmFT8btx.exe",
                                "IntegrityLevel": "High",
                                "ParentCommandLine": "C:\\Windows\\system32\\cmd.exe /c \"\"C:\\Users\\george\\Desktop\\78UkyIBf.bat\" \"C:\\Documents and Settings\\All Users\\Application Data\\Application Data\\Application Data\\Application Data\\Application Data\\Application Data\\Application Data\\Microsoft\\Diagnosis\\TenantStorage\\P-ARIA\\EventStore.db\"\"",
                                "UtcTime": "1692256459",
                                "RuleName": "-"
                            }
                        },
                        {
                            "values": {
                                "TerminalSessionId": "1",
                                "ProcessGuid": "{C784477D-C8CC-64DD-9206-000000003400}",
                                "ProcessId": "3736",
                                "Product": "Microsoft\\xae Windows\\xae Operating System",
                                "Description": "Windows Command Processor",
                                "Company": "Microsoft Corporation",
                                "ParentProcessGuid": "{C784477D-C8CA-64DD-8C06-000000003400}",
                                "User": "DESKTOP-B0T93D6\\george",
                                "Hashes": "MD5=F3BDBE3BB6F734E357235F4D5898582D,SHA256=3685495D051137B1C4EFDE22C26DF0883614B6453B762FA84588DA55ED2E7744,IMPHASH=0AF8419BE362159398343D7B31721726",
                                "OriginalFileName": "Cmd.Exe",
                                "ParentImage": "C:\\Windows\\SysWOW64\\cmd.exe",
                                "FileVersion": "10.0.17134.1 (WinBuild.160101.0800)",
                                "ParentProcessId": "4288",
                                "CurrentDirectory": "C:\\Users\\george\\Desktop\\",
                                "CommandLine": "C:\\Windows\\system32\\cmd.exe /c WmFT8btx.exe -accepteula \"EventStore.db\" -nobanner",
                                "EventID": "1",
                                "LogonGuid": "C784477D-F8CE-6481-3ED3-030000000000",
                                "LogonId": "250686",
                                "Image": "C:\\Windows\\SysWOW64\\cmd.exe",
                                "IntegrityLevel": "High",
                                "ParentCommandLine": "C:\\Windows\\system32\\cmd.exe /c \"\"C:\\Users\\george\\Desktop\\78UkyIBf.bat\" \"C:\\Documents and Settings\\All Users\\Application Data\\Application Data\\Application Data\\Application Data\\Application Data\\Microsoft\\Diagnosis\\TenantStorage\\P-ARIA\\EventStore.db\"\"",
                                "UtcTime": "1692256460",
                                "RuleName": "-"
                            }
                        },
                        {
                            "values": {
                                "TerminalSessionId": "1",
                                "ProcessGuid": "{C784477D-C8CC-64DD-9306-000000003400}",
                                "ProcessId": "7112",
                                "Product": "Sysinternals Handle",
                                "Description": "Handle viewer",
                                "Company": "Sysinternals - www.sysinternals.com",
                                "ParentProcessGuid": "{C784477D-C8CC-64DD-9206-000000003400}",
                                "User": "DESKTOP-B0T93D6\\george",
                                "Hashes": "MD5=2F5B509929165FC13CEAB9393C3B911D,SHA256=0CFDBFB9C4A2A80794462F06CF0DA43C5977AA61BD3BBE834002703FE44EF0B4,IMPHASH=00000000000000000000000000000000",
                                "OriginalFileName": "Nthandle.exe",
                                "ParentImage": "C:\\Windows\\SysWOW64\\cmd.exe",
                                "FileVersion": "4.11",
                                "ParentProcessId": "3736",
                                "CurrentDirectory": "C:\\Users\\george\\Desktop\\",
                                "CommandLine": "WmFT8btx.exe  -accepteula \"EventStore.db\" -nobanner",
                                "EventID": "1",
                                "LogonGuid": "C784477D-F8CE-6481-3ED3-030000000000",
                                "LogonId": "250686",
                                "Image": "C:\\Users\\george\\Desktop\\WmFT8btx.exe",
                                "IntegrityLevel": "High",
                                "ParentCommandLine": "C:\\Windows\\system32\\cmd.exe /c WmFT8btx.exe -accepteula \"EventStore.db\" -nobanner",
                                "UtcTime": "1692256460",
                                "RuleName": "-"
                            }
                        },
                        {
                            "values": {
                                "TerminalSessionId": "1",
                                "ProcessGuid": "{C784477D-C8CC-64DD-9406-000000003400}",
                                "ProcessId": "1020",
                                "Product": "Sysinternals Handle",
                                "Description": "Handle viewer",
                                "Company": "Sysinternals - www.sysinternals.com",
                                "ParentProcessGuid": "{C784477D-C8CA-64DD-8C06-000000003400}",
                                "User": "DESKTOP-B0T93D6\\george",
                                "Hashes": "MD5=2F5B509929165FC13CEAB9393C3B911D,SHA256=0CFDBFB9C4A2A80794462F06CF0DA43C5977AA61BD3BBE834002703FE44EF0B4,IMPHASH=00000000000000000000000000000000",
                                "OriginalFileName": "Nthandle.exe",
                                "ParentImage": "C:\\Windows\\SysWOW64\\cmd.exe",
                                "FileVersion": "4.11",
                                "ParentProcessId": "4288",
                                "CurrentDirectory": "C:\\Users\\george\\Desktop\\",
                                "CommandLine": "WmFT8btx.exe  -accepteula -c Run -y -p extract -nobanner",
                                "EventID": "1",
                                "LogonGuid": "C784477D-F8CE-6481-3ED3-030000000000",
                                "LogonId": "250686",
                                "Image": "C:\\Users\\george\\Desktop\\WmFT8btx.exe",
                                "IntegrityLevel": "High",
                                "ParentCommandLine": "C:\\Windows\\system32\\cmd.exe /c \"\"C:\\Users\\george\\Desktop\\78UkyIBf.bat\" \"C:\\Documents and Settings\\All Users\\Application Data\\Application Data\\Application Data\\Application Data\\Application Data\\Microsoft\\Diagnosis\\TenantStorage\\P-ARIA\\EventStore.db\"\"",
                                "UtcTime": "1692256460",
                                "RuleName": "-"
                            }
                        },
                        {
                            "values": {
                                "TerminalSessionId": "1",
                                "ProcessGuid": "{C784477D-C8CD-64DD-9906-000000003400}",
                                "ProcessId": "7964",
                                "Product": "Microsoft\\xae Windows\\xae Operating System",
                                "Description": "Windows Command Processor",
                                "Company": "Microsoft Corporation",
                                "ParentProcessGuid": "{C784477D-C8CC-64DD-9506-000000003400}",
                                "User": "DESKTOP-B0T93D6\\george",
                                "Hashes": "MD5=F3BDBE3BB6F734E357235F4D5898582D,SHA256=3685495D051137B1C4EFDE22C26DF0883614B6453B762FA84588DA55ED2E7744,IMPHASH=0AF8419BE362159398343D7B31721726",
                                "OriginalFileName": "Cmd.Exe",
                                "ParentImage": "C:\\Windows\\SysWOW64\\cmd.exe",
                                "FileVersion": "10.0.17134.1 (WinBuild.160101.0800)",
                                "ParentProcessId": "964",
                                "CurrentDirectory": "C:\\Users\\george\\Desktop\\",
                                "CommandLine": "C:\\Windows\\system32\\cmd.exe /c WmFT8btx.exe -accepteula \"EventStore.db\" -nobanner",
                                "EventID": "1",
                                "LogonGuid": "C784477D-F8CE-6481-3ED3-030000000000",
                                "LogonId": "250686",
                                "Image": "C:\\Windows\\SysWOW64\\cmd.exe",
                                "IntegrityLevel": "High",
                                "ParentCommandLine": "C:\\Windows\\system32\\cmd.exe /c \"\"C:\\Users\\george\\Desktop\\78UkyIBf.bat\" \"C:\\Documents and Settings\\All Users\\Application Data\\Application Data\\Application Data\\Microsoft\\Diagnosis\\TenantStorage\\P-ARIA\\EventStore.db\"\"",
                                "UtcTime": "1692256461",
                                "RuleName": "-"
                            }
                        },
                        {
                            "values": {
                                "TerminalSessionId": "1",
                                "ProcessGuid": "{C784477D-C8CD-64DD-9A06-000000003400}",
                                "ProcessId": "7968",
                                "Product": "Sysinternals Handle",
                                "Description": "Handle viewer",
                                "Company": "Sysinternals - www.sysinternals.com",
                                "ParentProcessGuid": "{C784477D-C8CD-64DD-9906-000000003400}",
                                "User": "DESKTOP-B0T93D6\\george",
                                "Hashes": "MD5=2F5B509929165FC13CEAB9393C3B911D,SHA256=0CFDBFB9C4A2A80794462F06CF0DA43C5977AA61BD3BBE834002703FE44EF0B4,IMPHASH=00000000000000000000000000000000",
                                "OriginalFileName": "Nthandle.exe",
                                "ParentImage": "C:\\Windows\\SysWOW64\\cmd.exe",
                                "FileVersion": "4.11",
                                "ParentProcessId": "7964",
                                "CurrentDirectory": "C:\\Users\\george\\Desktop\\",
                                "CommandLine": "WmFT8btx.exe  -accepteula \"EventStore.db\" -nobanner",
                                "EventID": "1",
                                "LogonGuid": "C784477D-F8CE-6481-3ED3-030000000000",
                                "LogonId": "250686",
                                "Image": "C:\\Users\\george\\Desktop\\WmFT8btx.exe",
                                "IntegrityLevel": "High",
                                "ParentCommandLine": "C:\\Windows\\system32\\cmd.exe /c WmFT8btx.exe -accepteula \"EventStore.db\" -nobanner",
                                "UtcTime": "1692256461",
                                "RuleName": "-"
                            }
                        },
                        {
                            "values": {
                                "TerminalSessionId": "1",
                                "ProcessGuid": "{C784477D-C8CD-64DD-9B06-000000003400}",
                                "ProcessId": "1272",
                                "Product": "Sysinternals Handle",
                                "Description": "Handle viewer",
                                "Company": "Sysinternals - www.sysinternals.com",
                                "ParentProcessGuid": "{C784477D-C8CC-64DD-9506-000000003400}",
                                "User": "DESKTOP-B0T93D6\\george",
                                "Hashes": "MD5=2F5B509929165FC13CEAB9393C3B911D,SHA256=0CFDBFB9C4A2A80794462F06CF0DA43C5977AA61BD3BBE834002703FE44EF0B4,IMPHASH=00000000000000000000000000000000",
                                "OriginalFileName": "Nthandle.exe",
                                "ParentImage": "C:\\Windows\\SysWOW64\\cmd.exe",
                                "FileVersion": "4.11",
                                "ParentProcessId": "964",
                                "CurrentDirectory": "C:\\Users\\george\\Desktop\\",
                                "CommandLine": "WmFT8btx.exe  -accepteula -c Run -y -p extract -nobanner",
                                "EventID": "1",
                                "LogonGuid": "C784477D-F8CE-6481-3ED3-030000000000",
                                "LogonId": "250686",
                                "Image": "C:\\Users\\george\\Desktop\\WmFT8btx.exe",
                                "IntegrityLevel": "High",
                                "ParentCommandLine": "C:\\Windows\\system32\\cmd.exe /c \"\"C:\\Users\\george\\Desktop\\78UkyIBf.bat\" \"C:\\Documents and Settings\\All Users\\Application Data\\Application Data\\Application Data\\Microsoft\\Diagnosis\\TenantStorage\\P-ARIA\\EventStore.db\"\"",
                                "UtcTime": "1692256461",
                                "RuleName": "-"
                            }
                        },
