                        {
                            "values": {
                                "TerminalSessionId": "1",
                                "ProcessGuid": "{C784477D-C8FD-64DD-0D07-000000003400}",
                                "ProcessId": "3804",
                                "Product": "Sysinternals Handle",
                                "Description": "Handle viewer",
                                "Company": "Sysinternals - www.sysinternals.com",
                                "ParentProcessGuid": "{C784477D-C8FD-64DD-0C07-000000003400}",
                                "User": "DESKTOP-B0T93D6\\george",
                                "Hashes": "MD5=2F5B509929165FC13CEAB9393C3B911D,SHA256=0CFDBFB9C4A2A80794462F06CF0DA43C5977AA61BD3BBE834002703FE44EF0B4,IMPHASH=00000000000000000000000000000000",
                                "OriginalFileName": "Nthandle.exe",
                                "ParentImage": "C:\\Windows\\SysWOW64\\cmd.exe",
                                "FileVersion": "4.11",
                                "ParentProcessId": "972",
                                "CurrentDirectory": "C:\\Users\\george\\Desktop\\",
                                "CommandLine": "WmFT8btx.exe  -accepteula \"EventStore.db\" -nobanner",
                                "EventID": "1",
                                "LogonGuid": "C784477D-F8CE-6481-3ED3-030000000000",
                                "LogonId": "250686",
                                "Image": "C:\\Users\\george\\Desktop\\WmFT8btx.exe",
                                "IntegrityLevel": "High",
                                "ParentCommandLine": "C:\\Windows\\system32\\cmd.exe /c WmFT8btx.exe -accepteula \"EventStore.db\" -nobanner",
                                "UtcTime": "1692256509",
                                "RuleName": "-"
                            }
                        },
                        {
                            "values": {
                                "TerminalSessionId": "1",
                                "ProcessGuid": "{C784477D-C8FD-64DD-0E07-000000003400}",
                                "ProcessId": "3976",
                                "Product": "Sysinternals Handle",
                                "Description": "Handle viewer",
                                "Company": "Sysinternals - www.sysinternals.com",
                                "ParentProcessGuid": "{C784477D-C8FD-64DD-0D07-000000003400}",
                                "User": "DESKTOP-B0T93D6\\george",
                                "Hashes": "MD5=3026BC2448763D5A9862D864B97288FF,SHA256=7ADB21C00D3CC9A1EF081484B58B68F218D7C84A720E16E113943B9F4694D8EC,IMPHASH=7DED07BBFE7163A55B86B84674F8A179",
                                "OriginalFileName": "Nthandle.exe",
                                "ParentImage": "C:\\Users\\george\\Desktop\\WmFT8btx.exe",
                                "FileVersion": "4.11",
                                "ParentProcessId": "3804",
                                "CurrentDirectory": "C:\\Users\\george\\Desktop\\",
                                "CommandLine": "WmFT8btx.exe  -accepteula \"EventStore.db\" -nobanner",
                                "EventID": "1",
                                "LogonGuid": "C784477D-F8CE-6481-3ED3-030000000000",
                                "LogonId": "250686",
                                "Image": "C:\\Users\\george\\AppData\\Local\\Temp\\WmFT8btx64.exe",
                                "IntegrityLevel": "High",
                                "ParentCommandLine": "WmFT8btx.exe  -accepteula \"EventStore.db\" -nobanner",
                                "UtcTime": "1692256509",
                                "RuleName": "-"
                            }
                        },
                        {
                            "values": {
                                "TerminalSessionId": "1",
                                "ProcessGuid": "{C784477D-C8FF-64DD-0F07-000000003400}",
                                "ProcessId": "5808",
                                "Product": "Sysinternals Handle",
                                "Description": "Handle viewer",
                                "Company": "Sysinternals - www.sysinternals.com",
                                "ParentProcessGuid": "{C784477D-C8FC-64DD-0807-000000003400}",
                                "User": "DESKTOP-B0T93D6\\george",
                                "Hashes": "MD5=2F5B509929165FC13CEAB9393C3B911D,SHA256=0CFDBFB9C4A2A80794462F06CF0DA43C5977AA61BD3BBE834002703FE44EF0B4,IMPHASH=00000000000000000000000000000000",
                                "OriginalFileName": "Nthandle.exe",
                                "ParentImage": "C:\\Windows\\SysWOW64\\cmd.exe",
                                "FileVersion": "4.11",
                                "ParentProcessId": "4652",
                                "CurrentDirectory": "C:\\Users\\george\\Desktop\\",
                                "CommandLine": "WmFT8btx.exe  -accepteula -c  -y -p handles -nobanner",
                                "EventID": "1",
                                "LogonGuid": "C784477D-F8CE-6481-3ED3-030000000000",
                                "LogonId": "250686",
                                "Image": "C:\\Users\\george\\Desktop\\WmFT8btx.exe",
                                "IntegrityLevel": "High",
                                "ParentCommandLine": "C:\\Windows\\system32\\cmd.exe /c \"\"C:\\Users\\george\\Desktop\\78UkyIBf.bat\" \"C:\\Documents and Settings\\All Users\\Application Data\\Application Data\\Application Data\\Application Data\\Application Data\\Application Data\\Application Data\\Application Data\\Microsoft\\Diagnosis\\TenantStorage\\P-ARIA\\EventStore.db\"\"",
                                "UtcTime": "1692256511",
                                "RuleName": "-"
                            }
                        },
                        {
                            "values": {
                                "TerminalSessionId": "1",
                                "ProcessGuid": "{C784477D-C900-64DD-1007-000000003400}",
                                "ProcessId": "6572",
                                "Product": "Sysinternals Handle",
                                "Description": "Handle viewer",
                                "Company": "Sysinternals - www.sysinternals.com",
                                "ParentProcessGuid": "{C784477D-C8FF-64DD-0F07-000000003400}",
                                "User": "DESKTOP-B0T93D6\\george",
                                "Hashes": "MD5=3026BC2448763D5A9862D864B97288FF,SHA256=7ADB21C00D3CC9A1EF081484B58B68F218D7C84A720E16E113943B9F4694D8EC,IMPHASH=7DED07BBFE7163A55B86B84674F8A179",
                                "OriginalFileName": "Nthandle.exe",
                                "ParentImage": "C:\\Users\\george\\Desktop\\WmFT8btx.exe",
                                "FileVersion": "4.11",
                                "ParentProcessId": "5808",
                                "CurrentDirectory": "C:\\Users\\george\\Desktop\\",
                                "CommandLine": "WmFT8btx.exe  -accepteula -c  -y -p handles -nobanner",
                                "EventID": "1",
                                "LogonGuid": "C784477D-F8CE-6481-3ED3-030000000000",
                                "LogonId": "250686",
                                "Image": "C:\\Users\\george\\AppData\\Local\\Temp\\WmFT8btx64.exe",
                                "IntegrityLevel": "High",
                                "ParentCommandLine": "WmFT8btx.exe  -accepteula -c  -y -p handles -nobanner",
                                "UtcTime": "1692256512",
                                "RuleName": "-"
                            }
                        },
                        {
                            "values": {
                                "TerminalSessionId": "1",
                                "ProcessGuid": "{C784477D-C905-64DD-1E07-000000003400}",
                                "ProcessId": "5012",
                                "Product": "Microsoft\\xae Windows\\xae Operating System",
                                "Description": "Windows Command Processor",
                                "Company": "Microsoft Corporation",
                                "ParentProcessGuid": "{C784477D-C903-64DD-1A07-000000003400}",
                                "User": "DESKTOP-B0T93D6\\george",
                                "Hashes": "MD5=F3BDBE3BB6F734E357235F4D5898582D,SHA256=3685495D051137B1C4EFDE22C26DF0883614B6453B762FA84588DA55ED2E7744,IMPHASH=0AF8419BE362159398343D7B31721726",
                                "OriginalFileName": "Cmd.Exe",
                                "ParentImage": "C:\\Windows\\SysWOW64\\cmd.exe",
                                "FileVersion": "10.0.17134.1 (WinBuild.160101.0800)",
                                "ParentProcessId": "6432",
                                "CurrentDirectory": "C:\\Users\\george\\Desktop\\",
                                "CommandLine": "C:\\Windows\\system32\\cmd.exe /c WmFT8btx.exe -accepteula \"EventStore.db\" -nobanner",
                                "EventID": "1",
                                "LogonGuid": "C784477D-F8CE-6481-3ED3-030000000000",
                                "LogonId": "250686",
                                "Image": "C:\\Windows\\SysWOW64\\cmd.exe",
                                "IntegrityLevel": "High",
                                "ParentCommandLine": "C:\\Windows\\system32\\cmd.exe /c \"\"C:\\Users\\george\\Desktop\\78UkyIBf.bat\" \"C:\\Documents and Settings\\All Users\\Application Data\\Application Data\\Application Data\\Application Data\\Microsoft\\Diagnosis\\TenantStorage\\P-ARIA\\EventStore.db\"\"",
                                "UtcTime": "1692256517",
                                "RuleName": "-"
                            }
                        },
                        {
                            "values": {
                                "TerminalSessionId": "1",
                                "ProcessGuid": "{C784477D-C905-64DD-1F07-000000003400}",
                                "ProcessId": "6344",
                                "Product": "Sysinternals Handle",
                                "Description": "Handle viewer",
                                "Company": "Sysinternals - www.sysinternals.com",
                                "ParentProcessGuid": "{C784477D-C905-64DD-1E07-000000003400}",
                                "User": "DESKTOP-B0T93D6\\george",
                                "Hashes": "MD5=2F5B509929165FC13CEAB9393C3B911D,SHA256=0CFDBFB9C4A2A80794462F06CF0DA43C5977AA61BD3BBE834002703FE44EF0B4,IMPHASH=00000000000000000000000000000000",
                                "OriginalFileName": "Nthandle.exe",
                                "ParentImage": "C:\\Windows\\SysWOW64\\cmd.exe",
                                "FileVersion": "4.11",
                                "ParentProcessId": "5012",
                                "CurrentDirectory": "C:\\Users\\george\\Desktop\\",
                                "CommandLine": "WmFT8btx.exe  -accepteula \"EventStore.db\" -nobanner",
                                "EventID": "1",
                                "LogonGuid": "C784477D-F8CE-6481-3ED3-030000000000",
                                "LogonId": "250686",
                                "Image": "C:\\Users\\george\\Desktop\\WmFT8btx.exe",
                                "IntegrityLevel": "High",
                                "ParentCommandLine": "C:\\Windows\\system32\\cmd.exe /c WmFT8btx.exe -accepteula \"EventStore.db\" -nobanner",
                                "UtcTime": "1692256517",
                                "RuleName": "-"
                            }
                        },
                        {
                            "values": {
                                "TerminalSessionId": "1",
                                "ProcessGuid": "{C784477D-C905-64DD-2007-000000003400}",
                                "ProcessId": "7056",
                                "Product": "Sysinternals Handle",
                                "Description": "Handle viewer",
                                "Company": "Sysinternals - www.sysinternals.com",
                                "ParentProcessGuid": "{C784477D-C905-64DD-1F07-000000003400}",
                                "User": "DESKTOP-B0T93D6\\george",
                                "Hashes": "MD5=3026BC2448763D5A9862D864B97288FF,SHA256=7ADB21C00D3CC9A1EF081484B58B68F218D7C84A720E16E113943B9F4694D8EC,IMPHASH=7DED07BBFE7163A55B86B84674F8A179",
                                "OriginalFileName": "Nthandle.exe",
                                "ParentImage": "C:\\Users\\george\\Desktop\\WmFT8btx.exe",
                                "FileVersion": "4.11",
                                "ParentProcessId": "6344",
                                "CurrentDirectory": "C:\\Users\\george\\Desktop\\",
                                "CommandLine": "WmFT8btx.exe  -accepteula \"EventStore.db\" -nobanner",
                                "EventID": "1",
                                "LogonGuid": "C784477D-F8CE-6481-3ED3-030000000000",
                                "LogonId": "250686",
                                "Image": "C:\\Users\\george\\AppData\\Local\\Temp\\WmFT8btx64.exe",
                                "IntegrityLevel": "High",
                                "ParentCommandLine": "WmFT8btx.exe  -accepteula \"EventStore.db\" -nobanner",
                                "UtcTime": "1692256517",
                                "RuleName": "-"
                            }
                        },
                        {
                            "values": {
                                "TerminalSessionId": "1",
                                "ProcessGuid": "{C784477D-C907-64DD-2107-000000003400}",
                                "ProcessId": "884",
                                "Product": "Sysinternals Handle",
                                "Description": "Handle viewer",
                                "Company": "Sysinternals - www.sysinternals.com",
                                "ParentProcessGuid": "{C784477D-C903-64DD-1A07-000000003400}",
                                "User": "DESKTOP-B0T93D6\\george",
                                "Hashes": "MD5=2F5B509929165FC13CEAB9393C3B911D,SHA256=0CFDBFB9C4A2A80794462F06CF0DA43C5977AA61BD3BBE834002703FE44EF0B4,IMPHASH=00000000000000000000000000000000",
                                "OriginalFileName": "Nthandle.exe",
                                "ParentImage": "C:\\Windows\\SysWOW64\\cmd.exe",
                                "FileVersion": "4.11",
                                "ParentProcessId": "6432",
                                "CurrentDirectory": "C:\\Users\\george\\Desktop\\",
                                "CommandLine": "WmFT8btx.exe  -accepteula -c  -y -p handles -nobanner",
                                "EventID": "1",
                                "LogonGuid": "C784477D-F8CE-6481-3ED3-030000000000",
                                "LogonId": "250686",
                                "Image": "C:\\Users\\george\\Desktop\\WmFT8btx.exe",
                                "IntegrityLevel": "High",
                                "ParentCommandLine": "C:\\Windows\\system32\\cmd.exe /c \"\"C:\\Users\\george\\Desktop\\78UkyIBf.bat\" \"C:\\Documents and Settings\\All Users\\Application Data\\Application Data\\Application Data\\Application Data\\Microsoft\\Diagnosis\\TenantStorage\\P-ARIA\\EventStore.db\"\"",
                                "UtcTime": "1692256519",
                                "RuleName": "-"
                            }
                        },
                        {
                            "values": {
                                "TerminalSessionId": "1",
                                "ProcessGuid": "{C784477D-C907-64DD-2207-000000003400}",
                                "ProcessId": "1700",
                                "Product": "Sysinternals Handle",
                                "Description": "Handle viewer",
                                "Company": "Sysinternals - www.sysinternals.com",
                                "ParentProcessGuid": "{C784477D-C907-64DD-2107-000000003400}",
                                "User": "DESKTOP-B0T93D6\\george",
                                "Hashes": "MD5=3026BC2448763D5A9862D864B97288FF,SHA256=7ADB21C00D3CC9A1EF081484B58B68F218D7C84A720E16E113943B9F4694D8EC,IMPHASH=7DED07BBFE7163A55B86B84674F8A179",
                                "OriginalFileName": "Nthandle.exe",
                                "ParentImage": "C:\\Users\\george\\Desktop\\WmFT8btx.exe",
                                "FileVersion": "4.11",
                                "ParentProcessId": "884",
                                "CurrentDirectory": "C:\\Users\\george\\Desktop\\",
                                "CommandLine": "WmFT8btx.exe  -accepteula -c  -y -p handles -nobanner",
                                "EventID": "1",
                                "LogonGuid": "C784477D-F8CE-6481-3ED3-030000000000",
                                "LogonId": "250686",
                                "Image": "C:\\Users\\george\\AppData\\Local\\Temp\\WmFT8btx64.exe",
                                "IntegrityLevel": "High",
                                "ParentCommandLine": "WmFT8btx.exe  -accepteula -c  -y -p handles -nobanner",
                                "UtcTime": "1692256519",
                                "RuleName": "-"
                            }
                        },
                        {
                            "values": {
                                "TerminalSessionId": "1",
                                "ProcessGuid": "{C784477D-C908-64DD-2707-000000003400}",
                                "ProcessId": "5440",
                                "Product": "Microsoft\\xae Windows\\xae Operating System",
                                "Description": "Windows Command Processor",
                                "Company": "Microsoft Corporation",
                                "ParentProcessGuid": "{C784477D-C907-64DD-2307-000000003400}",
                                "User": "DESKTOP-B0T93D6\\george",
                                "Hashes": "MD5=F3BDBE3BB6F734E357235F4D5898582D,SHA256=3685495D051137B1C4EFDE22C26DF0883614B6453B762FA84588DA55ED2E7744,IMPHASH=0AF8419BE362159398343D7B31721726",
                                "OriginalFileName": "Cmd.Exe",
                                "ParentImage": "C:\\Windows\\SysWOW64\\cmd.exe",
                                "FileVersion": "10.0.17134.1 (WinBuild.160101.0800)",
                                "ParentProcessId": "7900",
                                "CurrentDirectory": "C:\\Users\\george\\Desktop\\",
                                "CommandLine": "C:\\Windows\\system32\\cmd.exe /c WmFT8btx.exe -accepteula \"EventStore.db\" -nobanner",
                                "EventID": "1",
                                "LogonGuid": "C784477D-F8CE-6481-3ED3-030000000000",
                                "LogonId": "250686",
                                "Image": "C:\\Windows\\SysWOW64\\cmd.exe",
                                "IntegrityLevel": "High",
                                "ParentCommandLine": "C:\\Windows\\system32\\cmd.exe /c \"\"C:\\Users\\george\\Desktop\\78UkyIBf.bat\" \"C:\\Documents and Settings\\All Users\\Application Data\\Application Data\\Microsoft\\Diagnosis\\TenantStorage\\P-ARIA\\EventStore.db\"\"",
                                "UtcTime": "1692256520",
                                "RuleName": "-"
                            }
                        },
                        {
                            "values": {
                                "TerminalSessionId": "1",
                                "ProcessGuid": "{C784477D-C908-64DD-2807-000000003400}",
                                "ProcessId": "6036",
                                "Product": "Sysinternals Handle",
                                "Description": "Handle viewer",
                                "Company": "Sysinternals - www.sysinternals.com",
                                "ParentProcessGuid": "{C784477D-C908-64DD-2707-000000003400}",
                                "User": "DESKTOP-B0T93D6\\george",
                                "Hashes": "MD5=2F5B509929165FC13CEAB9393C3B911D,SHA256=0CFDBFB9C4A2A80794462F06CF0DA43C5977AA61BD3BBE834002703FE44EF0B4,IMPHASH=00000000000000000000000000000000",
                                "OriginalFileName": "Nthandle.exe",
                                "ParentImage": "C:\\Windows\\SysWOW64\\cmd.exe",
                                "FileVersion": "4.11",
                                "ParentProcessId": "5440",
                                "CurrentDirectory": "C:\\Users\\george\\Desktop\\",
                                "CommandLine": "WmFT8btx.exe  -accepteula \"EventStore.db\" -nobanner",
                                "EventID": "1",
                                "LogonGuid": "C784477D-F8CE-6481-3ED3-030000000000",
                                "LogonId": "250686",
                                "Image": "C:\\Users\\george\\Desktop\\WmFT8btx.exe",
                                "IntegrityLevel": "High",
                                "ParentCommandLine": "C:\\Windows\\system32\\cmd.exe /c WmFT8btx.exe -accepteula \"EventStore.db\" -nobanner",
                                "UtcTime": "1692256520",
                                "RuleName": "-"
                            }
                        },
                        {
                            "values": {
                                "TerminalSessionId": "1",
                                "ProcessGuid": "{C784477D-C908-64DD-2907-000000003400}",
                                "ProcessId": "4628",
                                "Product": "Sysinternals Handle",
                                "Description": "Handle viewer",
                                "Company": "Sysinternals - www.sysinternals.com",
                                "ParentProcessGuid": "{C784477D-C908-64DD-2807-000000003400}",
                                "User": "DESKTOP-B0T93D6\\george",
                                "Hashes": "MD5=3026BC2448763D5A9862D864B97288FF,SHA256=7ADB21C00D3CC9A1EF081484B58B68F218D7C84A720E16E113943B9F4694D8EC,IMPHASH=7DED07BBFE7163A55B86B84674F8A179",
                                "OriginalFileName": "Nthandle.exe",
                                "ParentImage": "C:\\Users\\george\\Desktop\\WmFT8btx.exe",
                                "FileVersion": "4.11",
                                "ParentProcessId": "6036",
                                "CurrentDirectory": "C:\\Users\\george\\Desktop\\",
                                "CommandLine": "WmFT8btx.exe  -accepteula \"EventStore.db\" -nobanner",
                                "EventID": "1",
                                "LogonGuid": "C784477D-F8CE-6481-3ED3-030000000000",
                                "LogonId": "250686",
                                "Image": "C:\\Users\\george\\AppData\\Local\\Temp\\WmFT8btx64.exe",
                                "IntegrityLevel": "High",
                                "ParentCommandLine": "WmFT8btx.exe  -accepteula \"EventStore.db\" -nobanner",
                                "UtcTime": "1692256520",
                                "RuleName": "-"
                            }
                        },
                        {
                            "values": {
                                "TerminalSessionId": "1",
                                "ProcessGuid": "{C784477D-C90A-64DD-2A07-000000003400}",
                                "ProcessId": "3048",
                                "Product": "Sysinternals Handle",
                                "Description": "Handle viewer",
                                "Company": "Sysinternals - www.sysinternals.com",
                                "ParentProcessGuid": "{C784477D-C907-64DD-2307-000000003400}",
                                "User": "DESKTOP-B0T93D6\\george",
                                "Hashes": "MD5=2F5B509929165FC13CEAB9393C3B911D,SHA256=0CFDBFB9C4A2A80794462F06CF0DA43C5977AA61BD3BBE834002703FE44EF0B4,IMPHASH=00000000000000000000000000000000",
                                "OriginalFileName": "Nthandle.exe",
                                "ParentImage": "C:\\Windows\\SysWOW64\\cmd.exe",
                                "FileVersion": "4.11",
                                "ParentProcessId": "7900",
                                "CurrentDirectory": "C:\\Users\\george\\Desktop\\",
                                "CommandLine": "WmFT8btx.exe  -accepteula -c  -y -p handles -nobanner",
                                "EventID": "1",
                                "LogonGuid": "C784477D-F8CE-6481-3ED3-030000000000",
                                "LogonId": "250686",
                                "Image": "C:\\Users\\george\\Desktop\\WmFT8btx.exe",
                                "IntegrityLevel": "High",
                                "ParentCommandLine": "C:\\Windows\\system32\\cmd.exe /c \"\"C:\\Users\\george\\Desktop\\78UkyIBf.bat\" \"C:\\Documents and Settings\\All Users\\Application Data\\Application Data\\Microsoft\\Diagnosis\\TenantStorage\\P-ARIA\\EventStore.db\"\"",
                                "UtcTime": "1692256522",
                                "RuleName": "-"
                            }
                        },
                        {
                            "values": {
                                "TerminalSessionId": "1",
                                "ProcessGuid": "{C784477D-C90A-64DD-2B07-000000003400}",
                                "ProcessId": "8024",
                                "Product": "Sysinternals Handle",
                                "Description": "Handle viewer",
                                "Company": "Sysinternals - www.sysinternals.com",
                                "ParentProcessGuid": "{C784477D-C90A-64DD-2A07-000000003400}",
                                "User": "DESKTOP-B0T93D6\\george",
                                "Hashes": "MD5=3026BC2448763D5A9862D864B97288FF,SHA256=7ADB21C00D3CC9A1EF081484B58B68F218D7C84A720E16E113943B9F4694D8EC,IMPHASH=7DED07BBFE7163A55B86B84674F8A179",
                                "OriginalFileName": "Nthandle.exe",
                                "ParentImage": "C:\\Users\\george\\Desktop\\WmFT8btx.exe",
                                "FileVersion": "4.11",
                                "ParentProcessId": "3048",
                                "CurrentDirectory": "C:\\Users\\george\\Desktop\\",
                                "CommandLine": "WmFT8btx.exe  -accepteula -c  -y -p handles -nobanner",
                                "EventID": "1",
                                "LogonGuid": "C784477D-F8CE-6481-3ED3-030000000000",
                                "LogonId": "250686",
                                "Image": "C:\\Users\\george\\AppData\\Local\\Temp\\WmFT8btx64.exe",
                                "IntegrityLevel": "High",
                                "ParentCommandLine": "WmFT8btx.exe  -accepteula -c  -y -p handles -nobanner",
                                "UtcTime": "1692256522",
                                "RuleName": "-"
                            }
                        },
                        {
                            "values": {
                                "TerminalSessionId": "1",
                                "ProcessGuid": "{C784477D-C90A-64DD-3007-000000003400}",
                                "ProcessId": "5708",
                                "Product": "Microsoft\\xae Windows\\xae Operating System",
                                "Description": "Windows Command Processor",
                                "Company": "Microsoft Corporation",
                                "ParentProcessGuid": "{C784477D-C90A-64DD-2C07-000000003400}",
                                "User": "DESKTOP-B0T93D6\\george",
                                "Hashes": "MD5=F3BDBE3BB6F734E357235F4D5898582D,SHA256=3685495D051137B1C4EFDE22C26DF0883614B6453B762FA84588DA55ED2E7744,IMPHASH=0AF8419BE362159398343D7B31721726",
                                "OriginalFileName": "Cmd.Exe",
                                "ParentImage": "C:\\Windows\\SysWOW64\\cmd.exe",
                                "FileVersion": "10.0.17134.1 (WinBuild.160101.0800)",
                                "ParentProcessId": "8100",
                                "CurrentDirectory": "C:\\Users\\george\\Desktop\\",
                                "CommandLine": "C:\\Windows\\system32\\cmd.exe /c WmFT8btx.exe -accepteula \"ActivitiesCache.db\" -nobanner",
                                "EventID": "1",
                                "LogonGuid": "C784477D-F8CE-6481-3ED3-030000000000",
                                "LogonId": "250686",
                                "Image": "C:\\Windows\\SysWOW64\\cmd.exe",
                                "IntegrityLevel": "High",
                                "ParentCommandLine": "C:\\Windows\\system32\\cmd.exe /c \"\"C:\\Users\\george\\Desktop\\78UkyIBf.bat\" \"C:\\Documents and Settings\\george\\AppData\\Local\\Application Data\\Application Data\\Application Data\\Application Data\\Application Data\\Application Data\\Application Data\\Application Data\\ConnectedDevicesPlatform\\L.george\\ActivitiesCache.db\"\"",
                                "UtcTime": "1692256522",
                                "RuleName": "-"
                            }
                        },
                        {
                            "values": {
                                "TerminalSessionId": "1",
                                "ProcessGuid": "{C784477D-C90A-64DD-3107-000000003400}",
                                "ProcessId": "6752",
                                "Product": "Sysinternals Handle",
                                "Description": "Handle viewer",
                                "Company": "Sysinternals - www.sysinternals.com",
                                "ParentProcessGuid": "{C784477D-C90A-64DD-3007-000000003400}",
                                "User": "DESKTOP-B0T93D6\\george",
                                "Hashes": "MD5=2F5B509929165FC13CEAB9393C3B911D,SHA256=0CFDBFB9C4A2A80794462F06CF0DA43C5977AA61BD3BBE834002703FE44EF0B4,IMPHASH=00000000000000000000000000000000",
                                "OriginalFileName": "Nthandle.exe",
                                "ParentImage": "C:\\Windows\\SysWOW64\\cmd.exe",
                                "FileVersion": "4.11",
                                "ParentProcessId": "5708",
                                "CurrentDirectory": "C:\\Users\\george\\Desktop\\",
                                "CommandLine": "WmFT8btx.exe  -accepteula \"ActivitiesCache.db\" -nobanner",
                                "EventID": "1",
                                "LogonGuid": "C784477D-F8CE-6481-3ED3-030000000000",
                                "LogonId": "250686",
                                "Image": "C:\\Users\\george\\Desktop\\WmFT8btx.exe",
                                "IntegrityLevel": "High",
                                "ParentCommandLine": "C:\\Windows\\system32\\cmd.exe /c WmFT8btx.exe -accepteula \"ActivitiesCache.db\" -nobanner",
                                "UtcTime": "1692256522",
                                "RuleName": "-"
                            }
                        },
                        {
                            "values": {
                                "TerminalSessionId": "1",
                                "ProcessGuid": "{C784477D-C90A-64DD-3207-000000003400}",
                                "ProcessId": "3784",
                                "Product": "Sysinternals Handle",
                                "Description": "Handle viewer",
                                "Company": "Sysinternals - www.sysinternals.com",
                                "ParentProcessGuid": "{C784477D-C90A-64DD-3107-000000003400}",
                                "User": "DESKTOP-B0T93D6\\george",
                                "Hashes": "MD5=3026BC2448763D5A9862D864B97288FF,SHA256=7ADB21C00D3CC9A1EF081484B58B68F218D7C84A720E16E113943B9F4694D8EC,IMPHASH=7DED07BBFE7163A55B86B84674F8A179",
                                "OriginalFileName": "Nthandle.exe",
                                "ParentImage": "C:\\Users\\george\\Desktop\\WmFT8btx.exe",
                                "FileVersion": "4.11",
                                "ParentProcessId": "6752",
                                "CurrentDirectory": "C:\\Users\\george\\Desktop\\",
                                "CommandLine": "WmFT8btx.exe  -accepteula \"ActivitiesCache.db\" -nobanner",
                                "EventID": "1",
                                "LogonGuid": "C784477D-F8CE-6481-3ED3-030000000000",
                                "LogonId": "250686",
                                "Image": "C:\\Users\\george\\AppData\\Local\\Temp\\WmFT8btx64.exe",
                                "IntegrityLevel": "High",
                                "ParentCommandLine": "WmFT8btx.exe  -accepteula \"ActivitiesCache.db\" -nobanner",
                                "UtcTime": "1692256522",
                                "RuleName": "-"
                            }
                        }
                    ],
                    "rule_level": "low",
                    "rule_description": "Detects command lines that contain the 'accepteula' flag which could be a sign of execution of one of the Sysinternals tools",
                    "rule_source": "Sigma Integrated Rule Set (GitHub)",
                    "rule_title": "Potential Execution of Sysinternals Tools",
                    "rule_id": "c718a898b26d6c8f64602f1b33c49df17864599a9ba4a879a1ac22848dbda174",
                    "rule_author": "Markus Neis"
                }
            ],
            "last_modification_date": 1765023968
        }
    }
}