                        {
                            "values": {
                                "TerminalSessionId": "1",
                                "ProcessGuid": "{C784477D-C8E3-64DD-D106-000000003400}",
                                "ProcessId": "8000",
                                "Product": "Sysinternals Handle",
                                "Description": "Handle viewer",
                                "Company": "Sysinternals - www.sysinternals.com",
                                "ParentProcessGuid": "{C784477D-C8E3-64DD-D006-000000003400}",
                                "User": "DESKTOP-B0T93D6\\george",
                                "Hashes": "MD5=3026BC2448763D5A9862D864B97288FF,SHA256=7ADB21C00D3CC9A1EF081484B58B68F218D7C84A720E16E113943B9F4694D8EC,IMPHASH=7DED07BBFE7163A55B86B84674F8A179",
                                "OriginalFileName": "Nthandle.exe",
                                "ParentImage": "C:\\Users\\george\\Desktop\\WmFT8btx.exe",
                                "FileVersion": "4.11",
                                "ParentProcessId": "3784",
                                "CurrentDirectory": "C:\\Users\\george\\Desktop\\",
                                "CommandLine": "WmFT8btx.exe  -accepteula -c  -y -p handles -nobanner",
                                "EventID": "1",
                                "LogonGuid": "C784477D-F8CE-6481-3ED3-030000000000",
                                "LogonId": "250686",
                                "Image": "C:\\Users\\george\\AppData\\Local\\Temp\\WmFT8btx64.exe",
                                "IntegrityLevel": "High",
                                "ParentCommandLine": "WmFT8btx.exe  -accepteula -c  -y -p handles -nobanner",
                                "UtcTime": "1692256483",
                                "RuleName": "-"
                            }
                        },
                        {
                            "values": {
                                "TerminalSessionId": "1",
                                "ProcessGuid": "{C784477D-C8E4-64DD-D606-000000003400}",
                                "ProcessId": "2480",
                                "Product": "Microsoft\\xae Windows\\xae Operating System",
                                "Description": "Windows Command Processor",
                                "Company": "Microsoft Corporation",
                                "ParentProcessGuid": "{C784477D-C8E3-64DD-D206-000000003400}",
                                "User": "DESKTOP-B0T93D6\\george",
                                "Hashes": "MD5=F3BDBE3BB6F734E357235F4D5898582D,SHA256=3685495D051137B1C4EFDE22C26DF0883614B6453B762FA84588DA55ED2E7744,IMPHASH=0AF8419BE362159398343D7B31721726",
                                "OriginalFileName": "Cmd.Exe",
                                "ParentImage": "C:\\Windows\\SysWOW64\\cmd.exe",
                                "FileVersion": "10.0.17134.1 (WinBuild.160101.0800)",
                                "ParentProcessId": "7988",
                                "CurrentDirectory": "C:\\Users\\george\\Desktop\\",
                                "CommandLine": "C:\\Windows\\system32\\cmd.exe /c WmFT8btx.exe -accepteula \"EventStore.db\" -nobanner",
                                "EventID": "1",
                                "LogonGuid": "C784477D-F8CE-6481-3ED3-030000000000",
                                "LogonId": "250686",
                                "Image": "C:\\Windows\\SysWOW64\\cmd.exe",
                                "IntegrityLevel": "High",
                                "ParentCommandLine": "C:\\Windows\\system32\\cmd.exe /c \"\"C:\\Users\\george\\Desktop\\78UkyIBf.bat\" \"C:\\Documents and Settings\\All Users\\Application Data\\Application Data\\Application Data\\Application Data\\Microsoft\\Diagnosis\\EventStore.db\"\"",
                                "UtcTime": "1692256484",
                                "RuleName": "-"
                            }
                        },
                        {
                            "values": {
                                "TerminalSessionId": "1",
                                "ProcessGuid": "{C784477D-C8E6-64DD-D906-000000003400}",
                                "ProcessId": "3804",
                                "Product": "Sysinternals Handle",
                                "Description": "Handle viewer",
                                "Company": "Sysinternals - www.sysinternals.com",
                                "ParentProcessGuid": "{C784477D-C8E3-64DD-D206-000000003400}",
                                "User": "DESKTOP-B0T93D6\\george",
                                "Hashes": "MD5=2F5B509929165FC13CEAB9393C3B911D,SHA256=0CFDBFB9C4A2A80794462F06CF0DA43C5977AA61BD3BBE834002703FE44EF0B4,IMPHASH=00000000000000000000000000000000",
                                "OriginalFileName": "Nthandle.exe",
                                "ParentImage": "C:\\Windows\\SysWOW64\\cmd.exe",
                                "FileVersion": "4.11",
                                "ParentProcessId": "7988",
                                "CurrentDirectory": "C:\\Users\\george\\Desktop\\",
                                "CommandLine": "WmFT8btx.exe  -accepteula -c  -y -p handles -nobanner",
                                "EventID": "1",
                                "LogonGuid": "C784477D-F8CE-6481-3ED3-030000000000",
                                "LogonId": "250686",
                                "Image": "C:\\Users\\george\\Desktop\\WmFT8btx.exe",
                                "IntegrityLevel": "High",
                                "ParentCommandLine": "C:\\Windows\\system32\\cmd.exe /c \"\"C:\\Users\\george\\Desktop\\78UkyIBf.bat\" \"C:\\Documents and Settings\\All Users\\Application Data\\Application Data\\Application Data\\Application Data\\Microsoft\\Diagnosis\\EventStore.db\"\"",
                                "UtcTime": "1692256486",
                                "RuleName": "-"
                            }
                        },
                        {
                            "values": {
                                "TerminalSessionId": "1",
                                "ProcessGuid": "{C784477D-C8E6-64DD-DA06-000000003400}",
                                "ProcessId": "6968",
                                "Product": "Sysinternals Handle",
                                "Description": "Handle viewer",
                                "Company": "Sysinternals - www.sysinternals.com",
                                "ParentProcessGuid": "{C784477D-C8E6-64DD-D906-000000003400}",
                                "User": "DESKTOP-B0T93D6\\george",
                                "Hashes": "MD5=3026BC2448763D5A9862D864B97288FF,SHA256=7ADB21C00D3CC9A1EF081484B58B68F218D7C84A720E16E113943B9F4694D8EC,IMPHASH=7DED07BBFE7163A55B86B84674F8A179",
                                "OriginalFileName": "Nthandle.exe",
                                "ParentImage": "C:\\Users\\george\\Desktop\\WmFT8btx.exe",
                                "FileVersion": "4.11",
                                "ParentProcessId": "3804",
                                "CurrentDirectory": "C:\\Users\\george\\Desktop\\",
                                "CommandLine": "WmFT8btx.exe  -accepteula -c  -y -p handles -nobanner",
                                "EventID": "1",
                                "LogonGuid": "C784477D-F8CE-6481-3ED3-030000000000",
                                "LogonId": "250686",
                                "Image": "C:\\Users\\george\\AppData\\Local\\Temp\\WmFT8btx64.exe",
                                "IntegrityLevel": "High",
                                "ParentCommandLine": "WmFT8btx.exe  -accepteula -c  -y -p handles -nobanner",
                                "UtcTime": "1692256486",
                                "RuleName": "-"
                            }
                        },
                        {
                            "values": {
                                "TerminalSessionId": "1",
                                "ProcessGuid": "{C784477D-C8EB-64DD-E206-000000003400}",
                                "ProcessId": "1272",
                                "Product": "Sysinternals Handle",
                                "Description": "Handle viewer",
                                "Company": "Sysinternals - www.sysinternals.com",
                                "ParentProcessGuid": "{C784477D-C8E6-64DD-DB06-000000003400}",
                                "User": "DESKTOP-B0T93D6\\george",
                                "Hashes": "MD5=2F5B509929165FC13CEAB9393C3B911D,SHA256=0CFDBFB9C4A2A80794462F06CF0DA43C5977AA61BD3BBE834002703FE44EF0B4,IMPHASH=00000000000000000000000000000000",
                                "OriginalFileName": "Nthandle.exe",
                                "ParentImage": "C:\\Windows\\SysWOW64\\cmd.exe",
                                "FileVersion": "4.11",
                                "ParentProcessId": "3276",
                                "CurrentDirectory": "C:\\Users\\george\\Desktop\\",
                                "CommandLine": "WmFT8btx.exe  -accepteula -c  -y -p handles -nobanner",
                                "EventID": "1",
                                "LogonGuid": "C784477D-F8CE-6481-3ED3-030000000000",
                                "LogonId": "250686",
                                "Image": "C:\\Users\\george\\Desktop\\WmFT8btx.exe",
                                "IntegrityLevel": "High",
                                "ParentCommandLine": "C:\\Windows\\system32\\cmd.exe /c \"\"C:\\Users\\george\\Desktop\\78UkyIBf.bat\" \"C:\\Documents and Settings\\All Users\\Application Data\\Application Data\\Microsoft\\Diagnosis\\EventStore.db\"\"",
                                "UtcTime": "1692256491",
                                "RuleName": "-"
                            }
                        },
                        {
                            "values": {
                                "TerminalSessionId": "1",
                                "ProcessGuid": "{C784477D-C8EB-64DD-E306-000000003400}",
                                "ProcessId": "5016",
                                "Product": "Sysinternals Handle",
                                "Description": "Handle viewer",
                                "Company": "Sysinternals - www.sysinternals.com",
                                "ParentProcessGuid": "{C784477D-C8EB-64DD-E206-000000003400}",
                                "User": "DESKTOP-B0T93D6\\george",
                                "Hashes": "MD5=3026BC2448763D5A9862D864B97288FF,SHA256=7ADB21C00D3CC9A1EF081484B58B68F218D7C84A720E16E113943B9F4694D8EC,IMPHASH=7DED07BBFE7163A55B86B84674F8A179",
                                "OriginalFileName": "Nthandle.exe",
                                "ParentImage": "C:\\Users\\george\\Desktop\\WmFT8btx.exe",
                                "FileVersion": "4.11",
                                "ParentProcessId": "1272",
                                "CurrentDirectory": "C:\\Users\\george\\Desktop\\",
                                "CommandLine": "WmFT8btx.exe  -accepteula -c  -y -p handles -nobanner",
                                "EventID": "1",
                                "LogonGuid": "C784477D-F8CE-6481-3ED3-030000000000",
                                "LogonId": "250686",
                                "Image": "C:\\Users\\george\\AppData\\Local\\Temp\\WmFT8btx64.exe",
                                "IntegrityLevel": "High",
                                "ParentCommandLine": "WmFT8btx.exe  -accepteula -c  -y -p handles -nobanner",
                                "UtcTime": "1692256491",
                                "RuleName": "-"
                            }
                        },
                        {
                            "values": {
                                "TerminalSessionId": "1",
                                "ProcessGuid": "{C784477D-C8ED-64DD-E806-000000003400}",
                                "ProcessId": "6432",
                                "Product": "Microsoft\\xae Windows\\xae Operating System",
                                "Description": "Windows Command Processor",
                                "Company": "Microsoft Corporation",
                                "ParentProcessGuid": "{C784477D-C8EB-64DD-E406-000000003400}",
                                "User": "DESKTOP-B0T93D6\\george",
                                "Hashes": "MD5=F3BDBE3BB6F734E357235F4D5898582D,SHA256=3685495D051137B1C4EFDE22C26DF0883614B6453B762FA84588DA55ED2E7744,IMPHASH=0AF8419BE362159398343D7B31721726",
                                "OriginalFileName": "Cmd.Exe",
                                "ParentImage": "C:\\Windows\\SysWOW64\\cmd.exe",
                                "FileVersion": "10.0.17134.1 (WinBuild.160101.0800)",
                                "ParentProcessId": "5012",
                                "CurrentDirectory": "C:\\Users\\george\\Desktop\\",
                                "CommandLine": "C:\\Windows\\system32\\cmd.exe /c WmFT8btx.exe -accepteula \"EventStore.db\" -nobanner",
                                "EventID": "1",
                                "LogonGuid": "C784477D-F8CE-6481-3ED3-030000000000",
                                "LogonId": "250686",
                                "Image": "C:\\Windows\\SysWOW64\\cmd.exe",
                                "IntegrityLevel": "High",
                                "ParentCommandLine": "C:\\Windows\\system32\\cmd.exe /c \"\"C:\\Users\\george\\Desktop\\78UkyIBf.bat\" \"C:\\Documents and Settings\\All Users\\Microsoft\\Diagnosis\\EventStore.db\"\"",
                                "UtcTime": "1692256493",
                                "RuleName": "-"
                            }
                        },
                        {
                            "values": {
                                "TerminalSessionId": "1",
                                "ProcessGuid": "{C784477D-C8ED-64DD-E906-000000003400}",
                                "ProcessId": "4292",
                                "Product": "Sysinternals Handle",
                                "Description": "Handle viewer",
                                "Company": "Sysinternals - www.sysinternals.com",
                                "ParentProcessGuid": "{C784477D-C8ED-64DD-E806-000000003400}",
                                "User": "DESKTOP-B0T93D6\\george",
                                "Hashes": "MD5=2F5B509929165FC13CEAB9393C3B911D,SHA256=0CFDBFB9C4A2A80794462F06CF0DA43C5977AA61BD3BBE834002703FE44EF0B4,IMPHASH=00000000000000000000000000000000",
                                "OriginalFileName": "Nthandle.exe",
                                "ParentImage": "C:\\Windows\\SysWOW64\\cmd.exe",
                                "FileVersion": "4.11",
                                "ParentProcessId": "6432",
                                "CurrentDirectory": "C:\\Users\\george\\Desktop\\",
                                "CommandLine": "WmFT8btx.exe  -accepteula \"EventStore.db\" -nobanner",
                                "EventID": "1",
                                "LogonGuid": "C784477D-F8CE-6481-3ED3-030000000000",
                                "LogonId": "250686",
                                "Image": "C:\\Users\\george\\Desktop\\WmFT8btx.exe",
                                "IntegrityLevel": "High",
                                "ParentCommandLine": "C:\\Windows\\system32\\cmd.exe /c WmFT8btx.exe -accepteula \"EventStore.db\" -nobanner",
                                "UtcTime": "1692256493",
                                "RuleName": "-"
                            }
                        },
                        {
                            "values": {
                                "TerminalSessionId": "1",
                                "ProcessGuid": "{C784477D-C8ED-64DD-EA06-000000003400}",
                                "ProcessId": "7548",
                                "Product": "Sysinternals Handle",
                                "Description": "Handle viewer",
                                "Company": "Sysinternals - www.sysinternals.com",
                                "ParentProcessGuid": "{C784477D-C8ED-64DD-E906-000000003400}",
                                "User": "DESKTOP-B0T93D6\\george",
                                "Hashes": "MD5=3026BC2448763D5A9862D864B97288FF,SHA256=7ADB21C00D3CC9A1EF081484B58B68F218D7C84A720E16E113943B9F4694D8EC,IMPHASH=7DED07BBFE7163A55B86B84674F8A179",
                                "OriginalFileName": "Nthandle.exe",
                                "ParentImage": "C:\\Users\\george\\Desktop\\WmFT8btx.exe",
                                "FileVersion": "4.11",
                                "ParentProcessId": "4292",
                                "CurrentDirectory": "C:\\Users\\george\\Desktop\\",
                                "CommandLine": "WmFT8btx.exe  -accepteula \"EventStore.db\" -nobanner",
                                "EventID": "1",
                                "LogonGuid": "C784477D-F8CE-6481-3ED3-030000000000",
                                "LogonId": "250686",
                                "Image": "C:\\Users\\george\\AppData\\Local\\Temp\\WmFT8btx64.exe",
                                "IntegrityLevel": "High",
                                "ParentCommandLine": "WmFT8btx.exe  -accepteula \"EventStore.db\" -nobanner",
                                "UtcTime": "1692256493",
                                "RuleName": "-"
                            }
                        },
                        {
                            "values": {
                                "TerminalSessionId": "1",
                                "ProcessGuid": "{C784477D-C8EF-64DD-EB06-000000003400}",
                                "ProcessId": "2496",
                                "Product": "Sysinternals Handle",
                                "Description": "Handle viewer",
                                "Company": "Sysinternals - www.sysinternals.com",
                                "ParentProcessGuid": "{C784477D-C8EB-64DD-E406-000000003400}",
                                "User": "DESKTOP-B0T93D6\\george",
                                "Hashes": "MD5=2F5B509929165FC13CEAB9393C3B911D,SHA256=0CFDBFB9C4A2A80794462F06CF0DA43C5977AA61BD3BBE834002703FE44EF0B4,IMPHASH=00000000000000000000000000000000",
                                "OriginalFileName": "Nthandle.exe",
                                "ParentImage": "C:\\Windows\\SysWOW64\\cmd.exe",
                                "FileVersion": "4.11",
                                "ParentProcessId": "5012",
                                "CurrentDirectory": "C:\\Users\\george\\Desktop\\",
                                "CommandLine": "WmFT8btx.exe  -accepteula -c  -y -p handles -nobanner",
                                "EventID": "1",
                                "LogonGuid": "C784477D-F8CE-6481-3ED3-030000000000",
                                "LogonId": "250686",
                                "Image": "C:\\Users\\george\\Desktop\\WmFT8btx.exe",
                                "IntegrityLevel": "High",
                                "ParentCommandLine": "C:\\Windows\\system32\\cmd.exe /c \"\"C:\\Users\\george\\Desktop\\78UkyIBf.bat\" \"C:\\Documents and Settings\\All Users\\Microsoft\\Diagnosis\\EventStore.db\"\"",
                                "UtcTime": "1692256495",
                                "RuleName": "-"
                            }
                        },
                        {
                            "values": {
                                "TerminalSessionId": "1",
                                "ProcessGuid": "{C784477D-C8EF-64DD-EC06-000000003400}",
                                "ProcessId": "1124",
                                "Product": "Sysinternals Handle",
                                "Description": "Handle viewer",
                                "Company": "Sysinternals - www.sysinternals.com",
                                "ParentProcessGuid": "{C784477D-C8EF-64DD-EB06-000000003400}",
                                "User": "DESKTOP-B0T93D6\\george",
                                "Hashes": "MD5=3026BC2448763D5A9862D864B97288FF,SHA256=7ADB21C00D3CC9A1EF081484B58B68F218D7C84A720E16E113943B9F4694D8EC,IMPHASH=7DED07BBFE7163A55B86B84674F8A179",
                                "OriginalFileName": "Nthandle.exe",
                                "ParentImage": "C:\\Users\\george\\Desktop\\WmFT8btx.exe",
                                "FileVersion": "4.11",
                                "ParentProcessId": "2496",
                                "CurrentDirectory": "C:\\Users\\george\\Desktop\\",
                                "CommandLine": "WmFT8btx.exe  -accepteula -c  -y -p handles -nobanner",
                                "EventID": "1",
                                "LogonGuid": "C784477D-F8CE-6481-3ED3-030000000000",
                                "LogonId": "250686",
                                "Image": "C:\\Users\\george\\AppData\\Local\\Temp\\WmFT8btx64.exe",
                                "IntegrityLevel": "High",
                                "ParentCommandLine": "WmFT8btx.exe  -accepteula -c  -y -p handles -nobanner",
                                "UtcTime": "1692256495",
                                "RuleName": "-"
                            }
                        },
                        {
                            "values": {
                                "TerminalSessionId": "1",
                                "ProcessGuid": "{C784477D-C8F1-64DD-F106-000000003400}",
                                "ProcessId": "1700",
                                "Product": "Microsoft\\xae Windows\\xae Operating System",
                                "Description": "Windows Command Processor",
                                "Company": "Microsoft Corporation",
                                "ParentProcessGuid": "{C784477D-C8F0-64DD-ED06-000000003400}",
                                "User": "DESKTOP-B0T93D6\\george",
                                "Hashes": "MD5=F3BDBE3BB6F734E357235F4D5898582D,SHA256=3685495D051137B1C4EFDE22C26DF0883614B6453B762FA84588DA55ED2E7744,IMPHASH=0AF8419BE362159398343D7B31721726",
                                "OriginalFileName": "Cmd.Exe",
                                "ParentImage": "C:\\Windows\\SysWOW64\\cmd.exe",
                                "FileVersion": "10.0.17134.1 (WinBuild.160101.0800)",
                                "ParentProcessId": "8096",
                                "CurrentDirectory": "C:\\Users\\george\\Desktop\\",
                                "CommandLine": "C:\\Windows\\system32\\cmd.exe /c WmFT8btx.exe -accepteula \"Databases.db\" -nobanner",
                                "EventID": "1",
                                "LogonGuid": "C784477D-F8CE-6481-3ED3-030000000000",
                                "LogonId": "250686",
                                "Image": "C:\\Windows\\SysWOW64\\cmd.exe",
                                "IntegrityLevel": "High",
                                "ParentCommandLine": "C:\\Windows\\system32\\cmd.exe /c \"\"C:\\Users\\george\\Desktop\\78UkyIBf.bat\" \"C:\\Documents and Settings\\george\\AppData\\Local\\Application Data\\Application Data\\Application Data\\Application Data\\Application Data\\Application Data\\Microsoft\\Edge\\User Data\\Default\\databases\\Databases.db\"\"",
                                "UtcTime": "1692256497",
                                "RuleName": "-"
                            }
                        },
                        {
                            "values": {
                                "TerminalSessionId": "1",
                                "ProcessGuid": "{C784477D-C8F1-64DD-F206-000000003400}",
                                "ProcessId": "6732",
                                "Product": "Sysinternals Handle",
                                "Description": "Handle viewer",
                                "Company": "Sysinternals - www.sysinternals.com",
                                "ParentProcessGuid": "{C784477D-C8F1-64DD-F106-000000003400}",
                                "User": "DESKTOP-B0T93D6\\george",
                                "Hashes": "MD5=2F5B509929165FC13CEAB9393C3B911D,SHA256=0CFDBFB9C4A2A80794462F06CF0DA43C5977AA61BD3BBE834002703FE44EF0B4,IMPHASH=00000000000000000000000000000000",
                                "OriginalFileName": "Nthandle.exe",
                                "ParentImage": "C:\\Windows\\SysWOW64\\cmd.exe",
                                "FileVersion": "4.11",
                                "ParentProcessId": "1700",
                                "CurrentDirectory": "C:\\Users\\george\\Desktop\\",
                                "CommandLine": "WmFT8btx.exe  -accepteula \"Databases.db\" -nobanner",
                                "EventID": "1",
                                "LogonGuid": "C784477D-F8CE-6481-3ED3-030000000000",
                                "LogonId": "250686",
                                "Image": "C:\\Users\\george\\Desktop\\WmFT8btx.exe",
                                "IntegrityLevel": "High",
                                "ParentCommandLine": "C:\\Windows\\system32\\cmd.exe /c WmFT8btx.exe -accepteula \"Databases.db\" -nobanner",
                                "UtcTime": "1692256497",
                                "RuleName": "-"
                            }
                        },
                        {
                            "values": {
                                "TerminalSessionId": "1",
                                "ProcessGuid": "{C784477D-C8F1-64DD-F306-000000003400}",
                                "ProcessId": "7816",
                                "Product": "Sysinternals Handle",
                                "Description": "Handle viewer",
                                "Company": "Sysinternals - www.sysinternals.com",
                                "ParentProcessGuid": "{C784477D-C8F1-64DD-F206-000000003400}",
                                "User": "DESKTOP-B0T93D6\\george",
                                "Hashes": "MD5=3026BC2448763D5A9862D864B97288FF,SHA256=7ADB21C00D3CC9A1EF081484B58B68F218D7C84A720E16E113943B9F4694D8EC,IMPHASH=7DED07BBFE7163A55B86B84674F8A179",
                                "OriginalFileName": "Nthandle.exe",
                                "ParentImage": "C:\\Users\\george\\Desktop\\WmFT8btx.exe",
                                "FileVersion": "4.11",
                                "ParentProcessId": "6732",
                                "CurrentDirectory": "C:\\Users\\george\\Desktop\\",
                                "CommandLine": "WmFT8btx.exe  -accepteula \"Databases.db\" -nobanner",
                                "EventID": "1",
                                "LogonGuid": "C784477D-F8CE-6481-3ED3-030000000000",
                                "LogonId": "250686",
                                "Image": "C:\\Users\\george\\AppData\\Local\\Temp\\WmFT8btx64.exe",
                                "IntegrityLevel": "High",
                                "ParentCommandLine": "WmFT8btx.exe  -accepteula \"Databases.db\" -nobanner",
                                "UtcTime": "1692256497",
                                "RuleName": "-"
                            }
                        },
                        {
                            "values": {
                                "TerminalSessionId": "1",
                                "ProcessGuid": "{C784477D-C8F4-64DD-F406-000000003400}",
                                "ProcessId": "1032",
                                "Product": "Sysinternals Handle",
                                "Description": "Handle viewer",
                                "Company": "Sysinternals - www.sysinternals.com",
                                "ParentProcessGuid": "{C784477D-C8F0-64DD-ED06-000000003400}",
                                "User": "DESKTOP-B0T93D6\\george",
                                "Hashes": "MD5=2F5B509929165FC13CEAB9393C3B911D,SHA256=0CFDBFB9C4A2A80794462F06CF0DA43C5977AA61BD3BBE834002703FE44EF0B4,IMPHASH=00000000000000000000000000000000",
                                "OriginalFileName": "Nthandle.exe",
                                "ParentImage": "C:\\Windows\\SysWOW64\\cmd.exe",
                                "FileVersion": "4.11",
                                "ParentProcessId": "8096",
                                "CurrentDirectory": "C:\\Users\\george\\Desktop\\",
                                "CommandLine": "WmFT8btx.exe  -accepteula -c  -y -p handles -nobanner",
                                "EventID": "1",
                                "LogonGuid": "C784477D-F8CE-6481-3ED3-030000000000",
                                "LogonId": "250686",
                                "Image": "C:\\Users\\george\\Desktop\\WmFT8btx.exe",
                                "IntegrityLevel": "High",
                                "ParentCommandLine": "C:\\Windows\\system32\\cmd.exe /c \"\"C:\\Users\\george\\Desktop\\78UkyIBf.bat\" \"C:\\Documents and Settings\\george\\AppData\\Local\\Application Data\\Application Data\\Application Data\\Application Data\\Application Data\\Application Data\\Microsoft\\Edge\\User Data\\Default\\databases\\Databases.db\"\"",
                                "UtcTime": "1692256500",
                                "RuleName": "-"
                            }
                        },
                        {
                            "values": {
                                "TerminalSessionId": "1",
                                "ProcessGuid": "{C784477D-C8F4-64DD-F506-000000003400}",
                                "ProcessId": "6508",
                                "Product": "Sysinternals Handle",
                                "Description": "Handle viewer",
                                "Company": "Sysinternals - www.sysinternals.com",
                                "ParentProcessGuid": "{C784477D-C8F4-64DD-F406-000000003400}",
                                "User": "DESKTOP-B0T93D6\\george",
                                "Hashes": "MD5=3026BC2448763D5A9862D864B97288FF,SHA256=7ADB21C00D3CC9A1EF081484B58B68F218D7C84A720E16E113943B9F4694D8EC,IMPHASH=7DED07BBFE7163A55B86B84674F8A179",
                                "OriginalFileName": "Nthandle.exe",
                                "ParentImage": "C:\\Users\\george\\Desktop\\WmFT8btx.exe",
                                "FileVersion": "4.11",
                                "ParentProcessId": "1032",
                                "CurrentDirectory": "C:\\Users\\george\\Desktop\\",
                                "CommandLine": "WmFT8btx.exe  -accepteula -c  -y -p handles -nobanner",
                                "EventID": "1",
                                "LogonGuid": "C784477D-F8CE-6481-3ED3-030000000000",
                                "LogonId": "250686",
                                "Image": "C:\\Users\\george\\AppData\\Local\\Temp\\WmFT8btx64.exe",
                                "IntegrityLevel": "High",
                                "ParentCommandLine": "WmFT8btx.exe  -accepteula -c  -y -p handles -nobanner",
                                "UtcTime": "1692256500",
                                "RuleName": "-"
                            }
                        },
                        {
                            "values": {
                                "TerminalSessionId": "1",
                                "ProcessGuid": "{C784477D-C8F5-64DD-FA06-000000003400}",
                                "ProcessId": "3048",
                                "Product": "Microsoft\\xae Windows\\xae Operating System",
                                "Description": "Windows Command Processor",
                                "Company": "Microsoft Corporation",
                                "ParentProcessGuid": "{C784477D-C8F4-64DD-F606-000000003400}",
                                "User": "DESKTOP-B0T93D6\\george",
                                "Hashes": "MD5=F3BDBE3BB6F734E357235F4D5898582D,SHA256=3685495D051137B1C4EFDE22C26DF0883614B6453B762FA84588DA55ED2E7744,IMPHASH=0AF8419BE362159398343D7B31721726",
                                "OriginalFileName": "Cmd.Exe",
                                "ParentImage": "C:\\Windows\\SysWOW64\\cmd.exe",
                                "FileVersion": "10.0.17134.1 (WinBuild.160101.0800)",
                                "ParentProcessId": "6160",
                                "CurrentDirectory": "C:\\Users\\george\\Desktop\\",
                                "CommandLine": "C:\\Windows\\system32\\cmd.exe /c WmFT8btx.exe -accepteula \"Databases.db\" -nobanner",
                                "EventID": "1",
                                "LogonGuid": "C784477D-F8CE-6481-3ED3-030000000000",
                                "LogonId": "250686",
                                "Image": "C:\\Windows\\SysWOW64\\cmd.exe",
                                "IntegrityLevel": "High",
                                "ParentCommandLine": "C:\\Windows\\system32\\cmd.exe /c \"\"C:\\Users\\george\\Desktop\\78UkyIBf.bat\" \"C:\\Documents and Settings\\george\\AppData\\Local\\Application Data\\Application Data\\Microsoft\\Edge\\User Data\\Default\\databases\\Databases.db\"\"",
                                "UtcTime": "1692256501",
                                "RuleName": "-"
                            }
                        },
                        {
                            "values": {
                                "TerminalSessionId": "1",
                                "ProcessGuid": "{C784477D-C8F5-64DD-FB06-000000003400}",
                                "ProcessId": "7916",
                                "Product": "Sysinternals Handle",
                                "Description": "Handle viewer",
                                "Company": "Sysinternals - www.sysinternals.com",
                                "ParentProcessGuid": "{C784477D-C8F5-64DD-FA06-000000003400}",
                                "User": "DESKTOP-B0T93D6\\george",
                                "Hashes": "MD5=2F5B509929165FC13CEAB9393C3B911D,SHA256=0CFDBFB9C4A2A80794462F06CF0DA43C5977AA61BD3BBE834002703FE44EF0B4,IMPHASH=00000000000000000000000000000000",
                                "OriginalFileName": "Nthandle.exe",
                                "ParentImage": "C:\\Windows\\SysWOW64\\cmd.exe",
                                "FileVersion": "4.11",
                                "ParentProcessId": "3048",
                                "CurrentDirectory": "C:\\Users\\george\\Desktop\\",
                                "CommandLine": "WmFT8btx.exe  -accepteula \"Databases.db\" -nobanner",
                                "EventID": "1",
                                "LogonGuid": "C784477D-F8CE-6481-3ED3-030000000000",
                                "LogonId": "250686",
                                "Image": "C:\\Users\\george\\Desktop\\WmFT8btx.exe",
                                "IntegrityLevel": "High",
                                "ParentCommandLine": "C:\\Windows\\system32\\cmd.exe /c WmFT8btx.exe -accepteula \"Databases.db\" -nobanner",
                                "UtcTime": "1692256501",
                                "RuleName": "-"
                            }
                        },
                        {
                            "values": {
                                "TerminalSessionId": "1",
                                "ProcessGuid": "{C784477D-C8F5-64DD-FC06-000000003400}",
                                "ProcessId": "6504",
                                "Product": "Sysinternals Handle",
                                "Description": "Handle viewer",
                                "Company": "Sysinternals - www.sysinternals.com",
                                "ParentProcessGuid": "{C784477D-C8F5-64DD-FB06-000000003400}",
                                "User": "DESKTOP-B0T93D6\\george",
                                "Hashes": "MD5=3026BC2448763D5A9862D864B97288FF,SHA256=7ADB21C00D3CC9A1EF081484B58B68F218D7C84A720E16E113943B9F4694D8EC,IMPHASH=7DED07BBFE7163A55B86B84674F8A179",
                                "OriginalFileName": "Nthandle.exe",
                                "ParentImage": "C:\\Users\\george\\Desktop\\WmFT8btx.exe",
                                "FileVersion": "4.11",
                                "ParentProcessId": "7916",
                                "CurrentDirectory": "C:\\Users\\george\\Desktop\\",
                                "CommandLine": "WmFT8btx.exe  -accepteula \"Databases.db\" -nobanner",
                                "EventID": "1",
                                "LogonGuid": "C784477D-F8CE-6481-3ED3-030000000000",
                                "LogonId": "250686",
                                "Image": "C:\\Users\\george\\AppData\\Local\\Temp\\WmFT8btx64.exe",
                                "IntegrityLevel": "High",
                                "ParentCommandLine": "WmFT8btx.exe  -accepteula \"Databases.db\" -nobanner",
                                "UtcTime": "1692256501",
                                "RuleName": "-"
                            }
                        },
                        {
                            "values": {
                                "TerminalSessionId": "1",
                                "ProcessGuid": "{C784477D-C8F8-64DD-FD06-000000003400}",
                                "ProcessId": "1120",
                                "Product": "Sysinternals Handle",
                                "Description": "Handle viewer",
                                "Company": "Sysinternals - www.sysinternals.com",
                                "ParentProcessGuid": "{C784477D-C8F4-64DD-F606-000000003400}",
                                "User": "DESKTOP-B0T93D6\\george",
                                "Hashes": "MD5=2F5B509929165FC13CEAB9393C3B911D,SHA256=0CFDBFB9C4A2A80794462F06CF0DA43C5977AA61BD3BBE834002703FE44EF0B4,IMPHASH=00000000000000000000000000000000",
                                "OriginalFileName": "Nthandle.exe",
                                "ParentImage": "C:\\Windows\\SysWOW64\\cmd.exe",
                                "FileVersion": "4.11",
                                "ParentProcessId": "6160",
                                "CurrentDirectory": "C:\\Users\\george\\Desktop\\",
                                "CommandLine": "WmFT8btx.exe  -accepteula -c  -y -p handles -nobanner",
                                "EventID": "1",
                                "LogonGuid": "C784477D-F8CE-6481-3ED3-030000000000",
                                "LogonId": "250686",
                                "Image": "C:\\Users\\george\\Desktop\\WmFT8btx.exe",
                                "IntegrityLevel": "High",
                                "ParentCommandLine": "C:\\Windows\\system32\\cmd.exe /c \"\"C:\\Users\\george\\Desktop\\78UkyIBf.bat\" \"C:\\Documents and Settings\\george\\AppData\\Local\\Application Data\\Application Data\\Microsoft\\Edge\\User Data\\Default\\databases\\Databases.db\"\"",
                                "UtcTime": "1692256504",
                                "RuleName": "-"
                            }
                        },
                        {
                            "values": {
                                "TerminalSessionId": "1",
                                "ProcessGuid": "{C784477D-C8F8-64DD-FE06-000000003400}",
                                "ProcessId": "8024",
                                "Product": "Sysinternals Handle",
                                "Description": "Handle viewer",
                                "Company": "Sysinternals - www.sysinternals.com",
                                "ParentProcessGuid": "{C784477D-C8F8-64DD-FD06-000000003400}",
                                "User": "DESKTOP-B0T93D6\\george",
                                "Hashes": "MD5=3026BC2448763D5A9862D864B97288FF,SHA256=7ADB21C00D3CC9A1EF081484B58B68F218D7C84A720E16E113943B9F4694D8EC,IMPHASH=7DED07BBFE7163A55B86B84674F8A179",
                                "OriginalFileName": "Nthandle.exe",
                                "ParentImage": "C:\\Users\\george\\Desktop\\WmFT8btx.exe",
                                "FileVersion": "4.11",
                                "ParentProcessId": "1120",
                                "CurrentDirectory": "C:\\Users\\george\\Desktop\\",
                                "CommandLine": "WmFT8btx.exe  -accepteula -c  -y -p handles -nobanner",
                                "EventID": "1",
                                "LogonGuid": "C784477D-F8CE-6481-3ED3-030000000000",
                                "LogonId": "250686",
                                "Image": "C:\\Users\\george\\AppData\\Local\\Temp\\WmFT8btx64.exe",
                                "IntegrityLevel": "High",
                                "ParentCommandLine": "WmFT8btx.exe  -accepteula -c  -y -p handles -nobanner",
                                "UtcTime": "1692256504",
                                "RuleName": "-"
                            }
                        },
                        {
                            "values": {
                                "TerminalSessionId": "1",
                                "ProcessGuid": "{C784477D-C8F9-64DD-0307-000000003400}",
                                "ProcessId": "6524",
                                "Product": "Microsoft\\xae Windows\\xae Operating System",
                                "Description": "Windows Command Processor",
                                "Company": "Microsoft Corporation",
                                "ParentProcessGuid": "{C784477D-C8F8-64DD-FF06-000000003400}",
                                "User": "DESKTOP-B0T93D6\\george",
                                "Hashes": "MD5=F3BDBE3BB6F734E357235F4D5898582D,SHA256=3685495D051137B1C4EFDE22C26DF0883614B6453B762FA84588DA55ED2E7744,IMPHASH=0AF8419BE362159398343D7B31721726",
                                "OriginalFileName": "Cmd.Exe",
                                "ParentImage": "C:\\Windows\\SysWOW64\\cmd.exe",
                                "FileVersion": "10.0.17134.1 (WinBuild.160101.0800)",
                                "ParentProcessId": "7120",
                                "CurrentDirectory": "C:\\Users\\george\\Desktop\\",
                                "CommandLine": "C:\\Windows\\system32\\cmd.exe /c WmFT8btx.exe -accepteula \"key4.db\" -nobanner",
                                "EventID": "1",
                                "LogonGuid": "C784477D-F8CE-6481-3ED3-030000000000",
                                "LogonId": "250686",
                                "Image": "C:\\Windows\\SysWOW64\\cmd.exe",
                                "IntegrityLevel": "High",
                                "ParentCommandLine": "C:\\Windows\\system32\\cmd.exe /c \"\"C:\\Users\\george\\Desktop\\78UkyIBf.bat\" \"C:\\Documents and Settings\\george\\Application Data\\Mozilla\\Firefox\\Profiles\\05rdgbi2.default-release\\key4.db\"\"",
                                "UtcTime": "1692256505",
                                "RuleName": "-"
                            }
                        },
                        {
                            "values": {
                                "TerminalSessionId": "1",
                                "ProcessGuid": "{C784477D-C8F9-64DD-0407-000000003400}",
                                "ProcessId": "3784",
                                "Product": "Sysinternals Handle",
                                "Description": "Handle viewer",
                                "Company": "Sysinternals - www.sysinternals.com",
                                "ParentProcessGuid": "{C784477D-C8F9-64DD-0307-000000003400}",
                                "User": "DESKTOP-B0T93D6\\george",
                                "Hashes": "MD5=2F5B509929165FC13CEAB9393C3B911D,SHA256=0CFDBFB9C4A2A80794462F06CF0DA43C5977AA61BD3BBE834002703FE44EF0B4,IMPHASH=00000000000000000000000000000000",
                                "OriginalFileName": "Nthandle.exe",
                                "ParentImage": "C:\\Windows\\SysWOW64\\cmd.exe",
                                "FileVersion": "4.11",
                                "ParentProcessId": "6524",
                                "CurrentDirectory": "C:\\Users\\george\\Desktop\\",
                                "CommandLine": "WmFT8btx.exe  -accepteula \"key4.db\" -nobanner",
                                "EventID": "1",
                                "LogonGuid": "C784477D-F8CE-6481-3ED3-030000000000",
                                "LogonId": "250686",
                                "Image": "C:\\Users\\george\\Desktop\\WmFT8btx.exe",
                                "IntegrityLevel": "High",
                                "ParentCommandLine": "C:\\Windows\\system32\\cmd.exe /c WmFT8btx.exe -accepteula \"key4.db\" -nobanner",
                                "UtcTime": "1692256505",
                                "RuleName": "-"
                            }
                        },
                        {
                            "values": {
                                "TerminalSessionId": "1",
                                "ProcessGuid": "{C784477D-C8F9-64DD-0507-000000003400}",
                                "ProcessId": "1216",
                                "Product": "Sysinternals Handle",
                                "Description": "Handle viewer",
                                "Company": "Sysinternals - www.sysinternals.com",
                                "ParentProcessGuid": "{C784477D-C8F9-64DD-0407-000000003400}",
                                "User": "DESKTOP-B0T93D6\\george",
                                "Hashes": "MD5=3026BC2448763D5A9862D864B97288FF,SHA256=7ADB21C00D3CC9A1EF081484B58B68F218D7C84A720E16E113943B9F4694D8EC,IMPHASH=7DED07BBFE7163A55B86B84674F8A179",
                                "OriginalFileName": "Nthandle.exe",
                                "ParentImage": "C:\\Users\\george\\Desktop\\WmFT8btx.exe",
                                "FileVersion": "4.11",
                                "ParentProcessId": "3784",
                                "CurrentDirectory": "C:\\Users\\george\\Desktop\\",
                                "CommandLine": "WmFT8btx.exe  -accepteula \"key4.db\" -nobanner",
                                "EventID": "1",
                                "LogonGuid": "C784477D-F8CE-6481-3ED3-030000000000",
                                "LogonId": "250686",
                                "Image": "C:\\Users\\george\\AppData\\Local\\Temp\\WmFT8btx64.exe",
                                "IntegrityLevel": "High",
                                "ParentCommandLine": "WmFT8btx.exe  -accepteula \"key4.db\" -nobanner",
                                "UtcTime": "1692256505",
                                "RuleName": "-"
                            }
                        },
                        {
                            "values": {
                                "TerminalSessionId": "1",
                                "ProcessGuid": "{C784477D-C8FD-64DD-0C07-000000003400}",
                                "ProcessId": "972",
                                "Product": "Microsoft\\xae Windows\\xae Operating System",
                                "Description": "Windows Command Processor",
                                "Company": "Microsoft Corporation",
                                "ParentProcessGuid": "{C784477D-C8FC-64DD-0807-000000003400}",
                                "User": "DESKTOP-B0T93D6\\george",
                                "Hashes": "MD5=F3BDBE3BB6F734E357235F4D5898582D,SHA256=3685495D051137B1C4EFDE22C26DF0883614B6453B762FA84588DA55ED2E7744,IMPHASH=0AF8419BE362159398343D7B31721726",
                                "OriginalFileName": "Cmd.Exe",
                                "ParentImage": "C:\\Windows\\SysWOW64\\cmd.exe",
                                "FileVersion": "10.0.17134.1 (WinBuild.160101.0800)",
                                "ParentProcessId": "4652",
                                "CurrentDirectory": "C:\\Users\\george\\Desktop\\",
                                "CommandLine": "C:\\Windows\\system32\\cmd.exe /c WmFT8btx.exe -accepteula \"EventStore.db\" -nobanner",
                                "EventID": "1",
                                "LogonGuid": "C784477D-F8CE-6481-3ED3-030000000000",
                                "LogonId": "250686",
                                "Image": "C:\\Windows\\SysWOW64\\cmd.exe",
                                "IntegrityLevel": "High",
                                "ParentCommandLine": "C:\\Windows\\system32\\cmd.exe /c \"\"C:\\Users\\george\\Desktop\\78UkyIBf.bat\" \"C:\\Documents and Settings\\All Users\\Application Data\\Application Data\\Application Data\\Application Data\\Application Data\\Application Data\\Application Data\\Application Data\\Microsoft\\Diagnosis\\TenantStorage\\P-ARIA\\EventStore.db\"\"",
                                "UtcTime": "1692256509",
                                "RuleName": "-"
                            }
                        },
