                        {
                            "values": {
                                "TerminalSessionId": "1",
                                "ProcessGuid": "{C784477D-554E-6475-1607-000000003400}",
                                "ProcessId": "7820",
                                "Product": "Microsoft\\xae Windows\\xae Operating System",
                                "Description": "Terminates Processes",
                                "Company": "Microsoft Corporation",
                                "ParentProcessGuid": "{C784477D-553B-6475-6006-000000003400}",
                                "User": "DESKTOP-B0T93D6\\george",
                                "Hashes": "MD5=15E2E0ACD891510C6268CB8899F2A1A1,SHA256=F328D587561BEED3C19289FBA43E284FB57BCE1A4C202C7379673964F9B8610D,IMPHASH=0D3E23DCB6BF63A9EB90D5BED57B4F89",
                                "OriginalFileName": "taskkill.exe",
                                "ParentImage": "C:\\Users\\george\\2103023788.exe",
                                "FileVersion": "10.0.17134.1 (WinBuild.160101.0800)",
                                "ParentProcessId": "7952",
                                "CurrentDirectory": "C:\\Users\\george\\",
                                "CommandLine": "taskkill /F /IM taskmgr.exe",
                                "EventID": "1",
                                "LogonGuid": "C784477D-94D7-6442-28DE-030000000000",
                                "LogonId": "253480",
                                "Image": "C:\\Windows\\SysWOW64\\taskkill.exe",
                                "IntegrityLevel": "Medium",
                                "ParentCommandLine": "\"C:\\Users\\george\\2103023788.exe\" ",
                                "UtcTime": "1685411150",
                                "RuleName": "-"
                            }
                        },
                        {
                            "values": {
                                "TerminalSessionId": "1",
                                "ProcessGuid": "{C784477D-554E-6475-1807-000000003400}",
                                "ProcessId": "68",
                                "Product": "Microsoft\\xae Windows\\xae Operating System",
                                "Description": "Terminates Processes",
                                "Company": "Microsoft Corporation",
                                "ParentProcessGuid": "{C784477D-553B-6475-6006-000000003400}",
                                "User": "DESKTOP-B0T93D6\\george",
                                "Hashes": "MD5=15E2E0ACD891510C6268CB8899F2A1A1,SHA256=F328D587561BEED3C19289FBA43E284FB57BCE1A4C202C7379673964F9B8610D,IMPHASH=0D3E23DCB6BF63A9EB90D5BED57B4F89",
                                "OriginalFileName": "taskkill.exe",
                                "ParentImage": "C:\\Users\\george\\2103023788.exe",
                                "FileVersion": "10.0.17134.1 (WinBuild.160101.0800)",
                                "ParentProcessId": "7952",
                                "CurrentDirectory": "C:\\Users\\george\\",
                                "CommandLine": "taskkill /F /IM taskmgr.exe",
                                "EventID": "1",
                                "LogonGuid": "C784477D-94D7-6442-28DE-030000000000",
                                "LogonId": "253480",
                                "Image": "C:\\Windows\\SysWOW64\\taskkill.exe",
                                "IntegrityLevel": "Medium",
                                "ParentCommandLine": "\"C:\\Users\\george\\2103023788.exe\" ",
                                "UtcTime": "1685411150",
                                "RuleName": "-"
                            }
                        },
                        {
                            "values": {
                                "TerminalSessionId": "1",
                                "ProcessGuid": "{C784477D-554E-6475-1A07-000000003400}",
                                "ProcessId": "7712",
                                "Product": "Microsoft\\xae Windows\\xae Operating System",
                                "Description": "Terminates Processes",
                                "Company": "Microsoft Corporation",
                                "ParentProcessGuid": "{C784477D-553B-6475-6006-000000003400}",
                                "User": "DESKTOP-B0T93D6\\george",
                                "Hashes": "MD5=15E2E0ACD891510C6268CB8899F2A1A1,SHA256=F328D587561BEED3C19289FBA43E284FB57BCE1A4C202C7379673964F9B8610D,IMPHASH=0D3E23DCB6BF63A9EB90D5BED57B4F89",
                                "OriginalFileName": "taskkill.exe",
                                "ParentImage": "C:\\Users\\george\\2103023788.exe",
                                "FileVersion": "10.0.17134.1 (WinBuild.160101.0800)",
                                "ParentProcessId": "7952",
                                "CurrentDirectory": "C:\\Users\\george\\",
                                "CommandLine": "taskkill /F /IM taskmgr.exe",
                                "EventID": "1",
                                "LogonGuid": "C784477D-94D7-6442-28DE-030000000000",
                                "LogonId": "253480",
                                "Image": "C:\\Windows\\SysWOW64\\taskkill.exe",
                                "IntegrityLevel": "Medium",
                                "ParentCommandLine": "\"C:\\Users\\george\\2103023788.exe\" ",
                                "UtcTime": "1685411150",
                                "RuleName": "-"
                            }
                        },
                        {
                            "values": {
                                "TerminalSessionId": "1",
                                "ProcessGuid": "{C784477D-554E-6475-1C07-000000003400}",
                                "ProcessId": "6848",
                                "Product": "Microsoft\\xae Windows\\xae Operating System",
                                "Description": "Terminates Processes",
                                "Company": "Microsoft Corporation",
                                "ParentProcessGuid": "{C784477D-553B-6475-6006-000000003400}",
                                "User": "DESKTOP-B0T93D6\\george",
                                "Hashes": "MD5=15E2E0ACD891510C6268CB8899F2A1A1,SHA256=F328D587561BEED3C19289FBA43E284FB57BCE1A4C202C7379673964F9B8610D,IMPHASH=0D3E23DCB6BF63A9EB90D5BED57B4F89",
                                "OriginalFileName": "taskkill.exe",
                                "ParentImage": "C:\\Users\\george\\2103023788.exe",
                                "FileVersion": "10.0.17134.1 (WinBuild.160101.0800)",
                                "ParentProcessId": "7952",
                                "CurrentDirectory": "C:\\Users\\george\\",
                                "CommandLine": "taskkill /F /IM taskmgr.exe",
                                "EventID": "1",
                                "LogonGuid": "C784477D-94D7-6442-28DE-030000000000",
                                "LogonId": "253480",
                                "Image": "C:\\Windows\\SysWOW64\\taskkill.exe",
                                "IntegrityLevel": "Medium",
                                "ParentCommandLine": "\"C:\\Users\\george\\2103023788.exe\" ",
                                "UtcTime": "1685411150",
                                "RuleName": "-"
                            }
                        },
                        {
                            "values": {
                                "TerminalSessionId": "1",
                                "ProcessGuid": "{C784477D-554E-6475-1E07-000000003400}",
                                "ProcessId": "7128",
                                "Product": "Microsoft\\xae Windows\\xae Operating System",
                                "Description": "Terminates Processes",
                                "Company": "Microsoft Corporation",
                                "ParentProcessGuid": "{C784477D-553B-6475-6006-000000003400}",
                                "User": "DESKTOP-B0T93D6\\george",
                                "Hashes": "MD5=15E2E0ACD891510C6268CB8899F2A1A1,SHA256=F328D587561BEED3C19289FBA43E284FB57BCE1A4C202C7379673964F9B8610D,IMPHASH=0D3E23DCB6BF63A9EB90D5BED57B4F89",
                                "OriginalFileName": "taskkill.exe",
                                "ParentImage": "C:\\Users\\george\\2103023788.exe",
                                "FileVersion": "10.0.17134.1 (WinBuild.160101.0800)",
                                "ParentProcessId": "7952",
                                "CurrentDirectory": "C:\\Users\\george\\",
                                "CommandLine": "taskkill /F /IM taskmgr.exe",
                                "EventID": "1",
                                "LogonGuid": "C784477D-94D7-6442-28DE-030000000000",
                                "LogonId": "253480",
                                "Image": "C:\\Windows\\SysWOW64\\taskkill.exe",
                                "IntegrityLevel": "Medium",
                                "ParentCommandLine": "\"C:\\Users\\george\\2103023788.exe\" ",
                                "UtcTime": "1685411150",
                                "RuleName": "-"
                            }
                        },
                        {
                            "values": {
                                "TerminalSessionId": "1",
                                "ProcessGuid": "{C784477D-554E-6475-2007-000000003400}",
                                "ProcessId": "7608",
                                "Product": "Microsoft\\xae Windows\\xae Operating System",
                                "Description": "Terminates Processes",
                                "Company": "Microsoft Corporation",
                                "ParentProcessGuid": "{C784477D-553B-6475-6006-000000003400}",
                                "User": "DESKTOP-B0T93D6\\george",
                                "Hashes": "MD5=15E2E0ACD891510C6268CB8899F2A1A1,SHA256=F328D587561BEED3C19289FBA43E284FB57BCE1A4C202C7379673964F9B8610D,IMPHASH=0D3E23DCB6BF63A9EB90D5BED57B4F89",
                                "OriginalFileName": "taskkill.exe",
                                "ParentImage": "C:\\Users\\george\\2103023788.exe",
                                "FileVersion": "10.0.17134.1 (WinBuild.160101.0800)",
                                "ParentProcessId": "7952",
                                "CurrentDirectory": "C:\\Users\\george\\",
                                "CommandLine": "taskkill /F /IM taskmgr.exe",
                                "EventID": "1",
                                "LogonGuid": "C784477D-94D7-6442-28DE-030000000000",
                                "LogonId": "253480",
                                "Image": "C:\\Windows\\SysWOW64\\taskkill.exe",
                                "IntegrityLevel": "Medium",
                                "ParentCommandLine": "\"C:\\Users\\george\\2103023788.exe\" ",
                                "UtcTime": "1685411150",
                                "RuleName": "-"
                            }
                        },
                        {
                            "values": {
                                "TerminalSessionId": "1",
                                "ProcessGuid": "{C784477D-554E-6475-2207-000000003400}",
                                "ProcessId": "7792",
                                "Product": "Microsoft\\xae Windows\\xae Operating System",
                                "Description": "Terminates Processes",
                                "Company": "Microsoft Corporation",
                                "ParentProcessGuid": "{C784477D-553B-6475-6006-000000003400}",
                                "User": "DESKTOP-B0T93D6\\george",
                                "Hashes": "MD5=15E2E0ACD891510C6268CB8899F2A1A1,SHA256=F328D587561BEED3C19289FBA43E284FB57BCE1A4C202C7379673964F9B8610D,IMPHASH=0D3E23DCB6BF63A9EB90D5BED57B4F89",
                                "OriginalFileName": "taskkill.exe",
                                "ParentImage": "C:\\Users\\george\\2103023788.exe",
                                "FileVersion": "10.0.17134.1 (WinBuild.160101.0800)",
                                "ParentProcessId": "7952",
                                "CurrentDirectory": "C:\\Users\\george\\",
                                "CommandLine": "taskkill /F /IM taskmgr.exe",
                                "EventID": "1",
                                "LogonGuid": "C784477D-94D7-6442-28DE-030000000000",
                                "LogonId": "253480",
                                "Image": "C:\\Windows\\SysWOW64\\taskkill.exe",
                                "IntegrityLevel": "Medium",
                                "ParentCommandLine": "\"C:\\Users\\george\\2103023788.exe\" ",
                                "UtcTime": "1685411150",
                                "RuleName": "-"
                            }
                        },
                        {
                            "values": {
                                "TerminalSessionId": "1",
                                "ProcessGuid": "{C784477D-554E-6475-2407-000000003400}",
                                "ProcessId": "8136",
                                "Product": "Microsoft\\xae Windows\\xae Operating System",
                                "Description": "Terminates Processes",
                                "Company": "Microsoft Corporation",
                                "ParentProcessGuid": "{C784477D-553B-6475-6006-000000003400}",
                                "User": "DESKTOP-B0T93D6\\george",
                                "Hashes": "MD5=15E2E0ACD891510C6268CB8899F2A1A1,SHA256=F328D587561BEED3C19289FBA43E284FB57BCE1A4C202C7379673964F9B8610D,IMPHASH=0D3E23DCB6BF63A9EB90D5BED57B4F89",
                                "OriginalFileName": "taskkill.exe",
                                "ParentImage": "C:\\Users\\george\\2103023788.exe",
                                "FileVersion": "10.0.17134.1 (WinBuild.160101.0800)",
                                "ParentProcessId": "7952",
                                "CurrentDirectory": "C:\\Users\\george\\",
                                "CommandLine": "taskkill /F /IM taskmgr.exe",
                                "EventID": "1",
                                "LogonGuid": "C784477D-94D7-6442-28DE-030000000000",
                                "LogonId": "253480",
                                "Image": "C:\\Windows\\SysWOW64\\taskkill.exe",
                                "IntegrityLevel": "Medium",
                                "ParentCommandLine": "\"C:\\Users\\george\\2103023788.exe\" ",
                                "UtcTime": "1685411150",
                                "RuleName": "-"
                            }
                        },
                        {
                            "values": {
                                "TerminalSessionId": "1",
                                "ProcessGuid": "{C784477D-554F-6475-2607-000000003400}",
                                "ProcessId": "3496",
                                "Product": "Microsoft\\xae Windows\\xae Operating System",
                                "Description": "Terminates Processes",
                                "Company": "Microsoft Corporation",
                                "ParentProcessGuid": "{C784477D-553B-6475-6006-000000003400}",
                                "User": "DESKTOP-B0T93D6\\george",
                                "Hashes": "MD5=15E2E0ACD891510C6268CB8899F2A1A1,SHA256=F328D587561BEED3C19289FBA43E284FB57BCE1A4C202C7379673964F9B8610D,IMPHASH=0D3E23DCB6BF63A9EB90D5BED57B4F89",
                                "OriginalFileName": "taskkill.exe",
                                "ParentImage": "C:\\Users\\george\\2103023788.exe",
                                "FileVersion": "10.0.17134.1 (WinBuild.160101.0800)",
                                "ParentProcessId": "7952",
                                "CurrentDirectory": "C:\\Users\\george\\",
                                "CommandLine": "taskkill /F /IM taskmgr.exe",
                                "EventID": "1",
                                "LogonGuid": "C784477D-94D7-6442-28DE-030000000000",
                                "LogonId": "253480",
                                "Image": "C:\\Windows\\SysWOW64\\taskkill.exe",
                                "IntegrityLevel": "Medium",
                                "ParentCommandLine": "\"C:\\Users\\george\\2103023788.exe\" ",
                                "UtcTime": "1685411151",
                                "RuleName": "-"
                            }
                        },
                        {
                            "values": {
                                "TerminalSessionId": "1",
                                "ProcessGuid": "{C784477D-554F-6475-2807-000000003400}",
                                "ProcessId": "3520",
                                "Product": "Microsoft\\xae Windows\\xae Operating System",
                                "Description": "Terminates Processes",
                                "Company": "Microsoft Corporation",
                                "ParentProcessGuid": "{C784477D-553B-6475-6006-000000003400}",
                                "User": "DESKTOP-B0T93D6\\george",
                                "Hashes": "MD5=15E2E0ACD891510C6268CB8899F2A1A1,SHA256=F328D587561BEED3C19289FBA43E284FB57BCE1A4C202C7379673964F9B8610D,IMPHASH=0D3E23DCB6BF63A9EB90D5BED57B4F89",
                                "OriginalFileName": "taskkill.exe",
                                "ParentImage": "C:\\Users\\george\\2103023788.exe",
                                "FileVersion": "10.0.17134.1 (WinBuild.160101.0800)",
                                "ParentProcessId": "7952",
                                "CurrentDirectory": "C:\\Users\\george\\",
                                "CommandLine": "taskkill /F /IM taskmgr.exe",
                                "EventID": "1",
                                "LogonGuid": "C784477D-94D7-6442-28DE-030000000000",
                                "LogonId": "253480",
                                "Image": "C:\\Windows\\SysWOW64\\taskkill.exe",
                                "IntegrityLevel": "Medium",
                                "ParentCommandLine": "\"C:\\Users\\george\\2103023788.exe\" ",
                                "UtcTime": "1685411151",
                                "RuleName": "-"
                            }
                        },
                        {
                            "values": {
                                "TerminalSessionId": "1",
                                "ProcessGuid": "{C784477D-554F-6475-2A07-000000003400}",
                                "ProcessId": "7844",
                                "Product": "Microsoft\\xae Windows\\xae Operating System",
                                "Description": "Terminates Processes",
                                "Company": "Microsoft Corporation",
                                "ParentProcessGuid": "{C784477D-553B-6475-6006-000000003400}",
                                "User": "DESKTOP-B0T93D6\\george",
                                "Hashes": "MD5=15E2E0ACD891510C6268CB8899F2A1A1,SHA256=F328D587561BEED3C19289FBA43E284FB57BCE1A4C202C7379673964F9B8610D,IMPHASH=0D3E23DCB6BF63A9EB90D5BED57B4F89",
                                "OriginalFileName": "taskkill.exe",
                                "ParentImage": "C:\\Users\\george\\2103023788.exe",
                                "FileVersion": "10.0.17134.1 (WinBuild.160101.0800)",
                                "ParentProcessId": "7952",
                                "CurrentDirectory": "C:\\Users\\george\\",
                                "CommandLine": "taskkill /F /IM taskmgr.exe",
                                "EventID": "1",
                                "LogonGuid": "C784477D-94D7-6442-28DE-030000000000",
                                "LogonId": "253480",
                                "Image": "C:\\Windows\\SysWOW64\\taskkill.exe",
                                "IntegrityLevel": "Medium",
                                "ParentCommandLine": "\"C:\\Users\\george\\2103023788.exe\" ",
                                "UtcTime": "1685411151",
                                "RuleName": "-"
                            }
                        }
                    ],
                    "rule_level": "low",
                    "rule_id": "cd06da2f3978bdb24b3f3c8f83c7df917a910c6b29921d0e375e418f340d8f3d",
                    "rule_source": "Sigma Integrated Rule Set (GitHub)",
                    "rule_title": "Suspicious Execution of Taskkill",
                    "rule_description": "Adversaries may stop services or processes in order to conduct Data Destruction or Data Encrypted for Impact on the data stores of services like Exchange and SQL Server.",
                    "rule_author": "frack113"
                },
                {
                    "match_context": [
                        {
                            "values": {
                                "TerminalSessionId": "1",
                                "ProcessGuid": "{C784477D-552E-6475-5D06-000000003400}",
                                "ProcessId": "7816",
                                "Product": "Microsoft\\xae Windows\\xae Operating System",
                                "Description": "Windows Command Processor",
                                "Company": "Microsoft Corporation",
                                "ParentProcessGuid": "{C784477D-552D-6475-5706-000000003400}",
                                "User": "DESKTOP-B0T93D6\\george",
                                "Hashes": "MD5=F3BDBE3BB6F734E357235F4D5898582D,SHA256=3685495D051137B1C4EFDE22C26DF0883614B6453B762FA84588DA55ED2E7744,IMPHASH=0AF8419BE362159398343D7B31721726",
                                "OriginalFileName": "Cmd.Exe",
                                "ParentImage": "C:\\Users\\george\\Desktop\\program.exe",
                                "FileVersion": "10.0.17134.1 (WinBuild.160101.0800)",
                                "ParentProcessId": "7760",
                                "CurrentDirectory": "C:\\Users\\george\\Desktop\\",
                                "CommandLine": "\"C:\\Windows\\system32\\cmd.exe\" /c del C:\\Users\\george\\Desktop\\program.exe > nul",
                                "EventID": "1",
                                "LogonGuid": "C784477D-94D7-6442-C9DD-030000000000",
                                "LogonId": "253385",
                                "Image": "C:\\Windows\\SysWOW64\\cmd.exe",
                                "IntegrityLevel": "High",
                                "ParentCommandLine": "\"C:\\Users\\george\\Desktop\\program.exe\"",
                                "UtcTime": "1685411118",
                                "RuleName": "-"
                            }
                        }
                    ],
                    "rule_level": "low",
                    "rule_id": "e77646c39db7fa011a5223aeb73c738046787fc7f62a99394e883d76a54341f7",
                    "rule_source": "Sigma Integrated Rule Set (GitHub)",
                    "rule_title": "CMD Shell Output Redirect",
                    "rule_description": "Detects the use of the redirection character \">\" to redicrect information in commandline",
                    "rule_author": "frack113"
                }
            ],
            "last_analysis_stats": {
                "malicious": 58,
                "suspicious": 0,
                "undetected": 13,
                "harmless": 0,
                "timeout": 0,
                "confirmed-timeout": 0,
                "failure": 0,
                "type-unsupported": 4
            },
            "sha256": "b1d01e3f49b699e3d8eb9533081ad3b365972ea461bad3839a5a0ddd84a5517b",
            "unique_sources": 6,
            "last_modification_date": 1746322214,
            "trid": [
                {
                    "file_type": "Win64 Executable (generic)",
                    "probability": 30.2
                },
                {
                    "file_type": "Win32 Dynamic Link Library (generic)",
                    "probability": 18.9
                },
                {
                    "file_type": "Win16 NE executable (generic)",
                    "probability": 14.5
                },
                {
                    "file_type": "Win32 Executable (generic)",
                    "probability": 12.9
                },
                {
                    "file_type": "Windows Icons Library (generic)",
                    "probability": 5.9
                }
            ],
            "filecondis": {
                "dhash": "7070783d180c0400",
                "raw_md5": "01123fd04599069b7453246244eeb74f"
            },
            "sandbox_verdicts": {
                "Zenbox": {
                    "category": "malicious",
                    "confidence": 68,
                    "sandbox_name": "Zenbox",
                    "malware_classification": [
                        "MALWARE",
                        "RANSOM",
                        "TROJAN",
                        "EVADER"
                    ]
                }
            },
            "size": 58368,
            "sigma_analysis_stats": {
                "high": 0,
                "medium": 1,
                "critical": 0,
                "low": 3
            },
            "pe_info": {
                "timestamp": 1106872882,
                "imphash": "299ed7c9fd0ed3ba58adfa1f1e2a1e54",
                "machine_type": 332,
                "entry_point": 4476,
                "resource_details": [
                    {
                        "lang": "RUSSIAN",
                        "chi2": 174585.91,
                        "filetype": "unknown",
                        "entropy": 5.159193992614746,
                        "sha256": "a768a15a3f3eaf7c82bfbcc4c023d3174a48f8190d02cfb48d555d66c15e5c65",
                        "type": "RT_ICON"
                    },
                    {
                        "lang": "RUSSIAN",
                        "chi2": 78621.96,
                        "filetype": "unknown",
                        "entropy": 5.031312465667725,
                        "sha256": "a4f86d345ffad3688328e2b378ecd6e5a8536397cf994b8b13e35b8414bef904",
                        "type": "RT_ICON"
                    },
                    {
                        "lang": "RUSSIAN",
                        "chi2": 41347.96,
                        "filetype": "unknown",
                        "entropy": 5.1566643714904785,
                        "sha256": "f16dfa962c4f85be5d6e16fce9b175e5b88e0d9d76bc8e3ffb0fb0ed5346f23a",
                        "type": "RT_ICON"
                    },
                    {
                        "lang": "RUSSIAN",
                        "chi2": 10780.09,
                        "filetype": "unknown",
                        "entropy": 5.724143981933594,
                        "sha256": "fbb18fe7abe6a692c9f8ab785f7e59398a25f4e9e25682bedb4306a249781fd1",
                        "type": "RT_ICON"
                    },
                    {
                        "lang": "RUSSIAN",
                        "chi2": 4570.77,
                        "filetype": "ICO",
                        "entropy": 2.685983657836914,
                        "sha256": "99e222853c95957d4e8af20500231dfb884884edbcc1ad69e3c80259997cf285",
                        "type": "RT_GROUP_ICON"
                    },
                    {
                        "lang": "NEUTRAL DEFAULT",
                        "chi2": 53739.36,
                        "filetype": "unknown",
                        "entropy": 3.613656997680664,
                        "sha256": "87db9eea41da2688ee0af4235504a0ff26e56af0cc7768b6656080405ea12c06",
                        "type": "RT_VERSION"
                    },
                    {
                        "lang": "NEUTRAL",
                        "chi2": 3958.65,
                        "filetype": "unknown",
                        "entropy": 4.795973777770996,
                        "sha256": "49a60be4b95b6d30da355a0c124af82b35000bce8f24f957d1c09ead47544a1e",
                        "type": "RT_MANIFEST"
                    }
                ],
                "resource_langs": {
                    "RUSSIAN": 5,
                    "NEUTRAL": 1,
                    "NEUTRAL DEFAULT": 1
                },
                "resource_types": {
                    "RT_ICON": 4,
                    "RT_MANIFEST": 1,
                    "RT_VERSION": 1,
                    "RT_GROUP_ICON": 1
                },
                "sections": [
                    {
                        "name": ".text",
                        "chi2": 51155.84,
                        "virtual_address": 4096,
                        "entropy": 6.03,
                        "raw_size": 4608,
                        "flags": "rx",
                        "virtual_size": 4370,
                        "md5": "7a23d52a3e0af3d0bc059162edf7a7c3"
                    },
                    {
                        "name": ".rdata",
                        "chi2": 30107.81,
                        "virtual_address": 12288,
                        "entropy": 7.5,
                        "raw_size": 13312,
                        "flags": "r",
                        "virtual_size": 13220,
                        "md5": "eec3d7844890786be207d92b3dce22d7"
                    },
                    {
                        "name": ".data",
                        "chi2": 4569.58,
                        "virtual_address": 28672,
                        "entropy": 7.9,
                        "raw_size": 19456,
                        "flags": "rw",
                        "virtual_size": 72882,
                        "md5": "4cae32a7b87d86cae6492178942350d6"
                    },
                    {
                        "name": ".rsrc",
                        "chi2": 361278.47,
                        "virtual_address": 102400,
                        "entropy": 5.31,
                        "raw_size": 19456,
                        "flags": "r",
                        "virtual_size": 19014,
                        "md5": "b18991366a75cde868f62938a02c1c1d"
                    },
                    {
                        "name": ".reloc",
                        "chi2": 47401.0,
                        "virtual_address": 122880,
                        "entropy": 3.39,
                        "raw_size": 512,
                        "flags": "r",
                        "virtual_size": 228,
                        "md5": "8b94dd29ec4b6f12d21e39463e928232"
                    }
                ],
                "compiler_product_versions": [
                    "id: 0xb4, version: 1887 count=29",
                    "id: 0x4a, version: 440 count=14",
                    "id: 0x1c, version: 4453 count=19",
                    "id: 0xf9, version: 2004 count=27",
                    "id: 0xc6, version: 2109 count=11",
                    "id: 0x12, version: 537 count=21"
                ],
                "rich_pe_header_hash": "4ee5ed1e4e51daa37aef5bd29cc1dc99",
                "import_list": [
                    {
                        "library_name": "KERNEL32.DLL",
                        "imported_functions": [
                            "AddAtomA",
                            "AddAtomW",
                            "AddConsoleAliasW",
                            "AddRefActCtx",
                            "DeleteTimerQueue",
                            "DeviceIoControl",
                            "EndUpdateResourceW",
                            "EnumDateFormatsExA",
                            "EnumTimeFormatsW",
                            "EraseTape",
                            "FindFirstVolumeMountPointA",
                            "FreeEnvironmentStringsW",
                            "FreeLibrary",
                            "GetAtomNameA",
                            "GetCommConfig",
                            "GetConsoleAliasesLengthA",
                            "GetConsoleAliasExesLengthA",
                            "GetConsoleKeyboardLayoutNameW",
                            "GetConsoleOutputCP",
                            "GetConsoleWindow",
                            "GetCurrentThreadId",
                            "GetLocalTime",
                            "GetModuleHandleExW",
                            "GetProcessIoCounters",
                            "GetProcessShutdownParameters",
                            "GetSystemDefaultLCID",
                            "GetThreadPriority",
                            "GetTickCount",
                            "GetVolumeNameForVolumeMountPointW",
                            "GlobalCompact",
                            "HeapCreate",
                            "LeaveCriticalSection",
                            "LoadLibraryA",
                            "lstrcmpA",
                            "LZOpenFileA",
                            "MoveFileExA",
                            "MoveFileExW",
                            "OpenMutexA",
                            "OpenMutexW",
                            "ReleaseSemaphore",
                            "SetCalendarInfoA",
                            "SetComputerNameExA",
                            "SetConsoleScreenBufferSize",
                            "SetEnvironmentVariableW",
                            "SetErrorMode",
                            "SetFileApisToOEM",
                            "UnhandledExceptionFilter",
                            "UnmapViewOfFile",
                            "UnregisterWait",
                            "VirtualAlloc",
                            "WaitForSingleObject"
                        ]
                    },
                    {
                        "library_name": "MSVCRT40.DLL",
                        "imported_functions": [
                            "??5istream@@QAEAAV0@AAF@Z",
                            "??5istream@@QAEAAV0@PAE@Z",
                            "??_7filebuf@@6B@",
                            "??_Eexception@@UAEPAXI@Z",
                            "??_Estdiostream@@UAEPAXI@Z",
                            "??_Gostream@@UAEPAXI@Z",
                            "?unbuffered@streambuf@@IBEHXZ",
                            "?what@exception@@UBEPBDXZ",
                            "_abnormal_termination",
                            "_adj_fdivr_m16i",
                            "_beginthreadex",
                            "_filelengthi64",
                            "_flushall",
                            "_ismbckata",
                            "_mkdir",
                            "_stricmp",
                            "_tempnam",
                            "_wexecl",
                            "atoi",
                            "calloc",
                            "fsetpos",
                            "localtime",
                            "time",
                            "wcslen"
                        ]
                    },
                    {
                        "library_name": "OLEAUT32.DLL",
                        "imported_functions": [
                            "BSTR_UserUnmarshal",
                            "GetActiveObject",
                            "SafeArrayGetElement",
                            "SysStringLen",
                            "VarBoolFromI1",
                            "VarBoolFromStr",
                            "VarBstrFromI1",
                            "VarCyCmp",
                            "VarCyFromR4",
                            "VarDateFromI4",
                            "VarDateFromUI1",
                            "VarDecFromDate",
                            "VarDecFromUI4",
                            "VarDiv",
                            "VarI2FromI1",
                            "VarI4FromR4",
                            "VarI8FromDate",
                            "VarI8FromUI1",
                            "VarI8FromUI4",
                            "VARIANT_UserSize",
                            "VarInt",
                            "VarUI1FromI2",
                            "VarUI8FromUI1"
                        ]
                    },
                    {
                        "library_name": "DNSAPI.DLL",
                        "imported_functions": [
                            "Dns_CreateSocketEx",
                            "Dns_InitializeMsgRemoteSockaddr",
                            "Dns_ParsePacketRecord",
                            "Dns_RecvTcp",
                            "Dns_SetRecordDatalength",
                            "Dns_WriteRecordStructureToPacketEx",
                            "DnsAsyncRegisterInit",
                            "DnsCreateStandardDnsNameCopy",
                            "DnsCreateStringCopy",
                            "DnsDhcpSrvRegisterHostName",
                            "DnsDhcpSrvRegisterInitialize",
                            "DnsDowncaseDnsNameLabel",
                            "DnsGetPrimaryDomainName_A",
                            "DnsIpv6AddressToString",
                            "DnsIpv6StringToAddress",
                            "DnsNotifyResolverEx",
                            "DnsQuery_A",
                            "DnsQuery_W",
                            "DnsQueryConfigAllocEx",
                            "DnsQueryConfigDword",
                            "DnsQueryExA",
                            "DnsRecordBuild_UTF8",
                            "DnsRemoveRegistrations",
                            "DnsSetConfigDword",
                            "DnsStringCopyAllocateEx",
                            "Query_Main",
                            "Reg_ReadGlobalsEx"
                        ]
                    },
                    {
                        "library_name": "NTDLL.DLL",
                        "imported_functions": [
                            "_ltow",
                            "iswdigit",
                            "NtDuplicateObject",
                            "NtLoadKey",
                            "NtMakeTemporaryObject",
                            "NtReadFileScatter",
                            "NtRemoveIoCompletion",
                            "NtRemoveProcessDebug",
                            "NtSetDefaultUILanguage",
                            "NtSetInformationObject",
                            "NtSetThreadExecutionState",
                            "RtlAbortRXact",
                            "RtlCaptureStackContext",
                            "RtlConvertSidToUnicodeString",
                            "RtlFindClearRuns",
                            "RtlFreeThreadActivationContextStack",
                            "RtlGetNtVersionNumbers",
                            "RtlProtectHeap",
                            "RtlSelfRelativeToAbsoluteSD",
                            "RtlValidRelativeSecurityDescriptor",
                            "ZwAccessCheck",
                            "ZwAssignProcessToJobObject",
                            "ZwCreateMailslotFile",
                            "ZwOpenThreadToken",
                            "ZwQueryTimer",
                            "ZwReadFile",
                            "ZwReplaceKey",
                            "ZwSetSystemTime",
                            "ZwSuspendThread",
                            "ZwWaitForKeyedEvent"
                        ]
                    }
                ]
            },
            "magika": "PEBIN",
            "type_description": "Win32 EXE",
            "detectiteasy": {
                "filetype": "PE32",
                "values": [
                    {
                        "info": "POGO_I_C",
                        "version": "18.10.2004",
                        "type": "Compiler",
                        "name": "Microsoft Visual C/C++"
                    },
                    {
                        "version": "6.0",
                        "type": "Linker",
                        "name": "Microsoft Linker"
                    },
                    {
                        "type": "Tool",
                        "name": "Visual Studio"
                    }
                ]
            },
            "meaningful_name": "2103023788.exe",
            "md5": "4ad385db732bb38f69b434bf2e43c2a7",
            "magic": "PE32 executable (GUI) Intel 80386, for MS Windows",
            "vhash": "054056657d75551az332z1e2z17tz",
            "reputation": 0,
            "last_analysis_date": 1738629511,
            "ssdeep": "1536:iMbfbGQ6HAumFNh9BMgUnjejQ24x7k+YJ:iMD60PB2mRkkHJ",
            "type_tag": "peexe",
            "names": [
                "2103023788.exe",
                "b1d01e3f49b699e3d8eb9533081ad3b365972ea461bad3839a5a0ddd84a5517b.exe",
                "4ad385db732bb38f69b434bf2e43c2a7",
                "4AD385DB732BB38F69B434BF2E43C2A7_porno-rolik2.avi.exe.ViR",
                "DluP.xlt"
            ],
            "tlsh": "T1CA431953EB5C1283D82F0F3100B94B19F32296793F5E539B156CBA3DF9A57D22A12398",
            "tags": [
                "calls-wmi",
                "persistence",
                "peexe",
                "self-delete",
                "long-sleeps",
                "spreader",
                "detect-debug-environment"
            ],
            "popular_threat_classification": {
                "popular_threat_category": [
                    {
                        "count": 22,
                        "value": "trojan"
                    },
                    {
                        "count": 8,
                        "value": "ransomware"
                    }
                ],
                "popular_threat_name": [
                    {
                        "count": 11,
                        "value": "timer"
                    },
                    {
                        "count": 8,
                        "value": "tdss"
                    },
                    {
                        "count": 2,
                        "value": "mystic"
                    }
                ],
                "suggested_threat_label": "trojan.timer/tdss"
            }
        }
    }
}