                        {
                            "values": {
                                "EventID": "3",
                                "ProcessId": "1104",
                                "DestinationPortName": "-",
                                "SourceIsIpv6": "false",
                                "Initiated": "true",
                                "DestinationIp": "142.251.33.212",
                                "SourcePortName": "-",
                                "Image": "C:\\Users\\admin\\AppData\\Local\\Programs\\Python\\Python37\\pythonw.exe",
                                "RuleName": "Usermode",
                                "DestinationHostname": "-",
                                "UtcTime": "2022-08-01 19:43:53.455",
                                "User": "work\\admin",
                                "DestinationPort": "443",
                                "ProcessGuid": "5240FBE6-2CDB-62E8-3C00-000000002400",
                                "SourcePort": "49171",
                                "Protocol": "tcp",
                                "SourceHostname": "-",
                                "SourceIp": "192.168.122.101",
                                "DestinationIsIpv6": "false"
                            }
                        }
                    ]
                },
                {
                    "rule_level": "medium",
                    "rule_id": "3a2766a08d32a855b604a786cddc0f76fee13e6ccd22e01d4878150f0ef1eebc",
                    "rule_source": "Sigma Integrated Rule Set (GitHub)",
                    "rule_title": "Suspicious DNS Query for IP Lookup Service APIs",
                    "rule_description": "Detects DNS queries for IP lookup services such as \"api.ipify.org\" originating from a non browser process.",
                    "rule_author": "Brandon George (blog post), Thomas Patzke",
                    "match_context": [
                        {
                            "values": {
                                "QueryResults": "::ffff:34.160.111.145;",
                                "QueryStatus": "0",
                                "QueryName": "www.myexternalip.com",
                                "Image": "C:\\Users\\Bruno\\Desktop\\file.exe",
                                "EventID": "22"
                            }
                        }
                    ]
                },
                {
                    "rule_level": "medium",
                    "rule_id": "cdd5a8ff564f3632d9613d1f4925baca8be40a01fe14c7ba3e30f51bf1ff3829",
                    "rule_source": "Sigma Integrated Rule Set (GitHub)",
                    "rule_title": "Suspicious desktop.ini Action",
                    "rule_description": "Detects unusual processes accessing desktop.ini, which can be leveraged to alter how Explorer displays a folder's content (i.e. renaming files) without changing them on disk.",
                    "rule_author": "Maxime Thiebaut (@0xThiebaut), Tim Shelton (HAWK.IO)",
                    "match_context": [
                        {
                            "values": {
                                "RuleName": "DefaultUserModified",
                                "Image": "C:\\Users\\george\\Desktop\\program.exe",
                                "EventID": "11",
                                "TargetFilename": "C:\\Users\\Default\\AppData\\Roaming\\Microsoft\\Internet Explorer\\Quick Launch\\desktop.ini"
                            }
                        },
                        {
                            "values": {
                                "RuleName": "DefaultUserModified",
                                "Image": "C:\\Users\\george\\Desktop\\program.exe",
                                "EventID": "11",
                                "TargetFilename": "C:\\Users\\Default\\AppData\\Roaming\\Microsoft\\Windows\\SendTo\\Desktop.ini"
                            }
                        },
                        {
                            "values": {
                                "RuleName": "T1023",
                                "Image": "C:\\Users\\george\\Desktop\\program.exe",
                                "EventID": "11",
                                "TargetFilename": "C:\\Users\\Default\\AppData\\Roaming\\Microsoft\\Windows\\Start Menu\\Programs\\Accessibility\\desktop.ini"
                            }
                        },
                        {
                            "values": {
                                "RuleName": "T1023",
                                "Image": "C:\\Users\\george\\Desktop\\program.exe",
                                "TargetFilename": "C:\\Users\\Default\\AppData\\Roaming\\Microsoft\\Windows\\Start Menu\\Programs\\Accessories\\Desktop.ini",
                                "EventID": "11"
                            }
                        },
                        {
                            "values": {
                                "RuleName": "T1023",
                                "Image": "C:\\Users\\george\\Desktop\\program.exe",
                                "EventID": "11",
                                "TargetFilename": "C:\\Users\\Default\\AppData\\Roaming\\Microsoft\\Windows\\Start Menu\\Programs\\desktop.ini"
                            }
                        }
                    ]
                },
                {
                    "rule_level": "low",
                    "rule_id": "b5386a23355681c43cfbd2f2ccfe4b16ed45324d0d7b5583487a9f302ee1e427",
                    "rule_source": "Sigma Integrated Rule Set (GitHub)",
                    "rule_title": "Creation of an Executable by an Executable",
                    "rule_description": "Detects the creation of an executable by another executable",
                    "rule_author": "frack113",
                    "match_context": [
                        {
                            "values": {
                                "EventID": "11",
                                "ProcessId": "1104",
                                "Image": "C:\\Users\\admin\\AppData\\Local\\Programs\\Python\\Python37\\pythonw.exe",
                                "ProcessGuid": "5240FBE6-2CDB-62E8-3C00-000000002400",
                                "CreationUtcTime": "2022-08-01 19:43:39.093",
                                "UtcTime": "2022-08-01 19:43:39.093",
                                "RuleName": "EXE",
                                "TargetFilename": "C:\\Users\\admin\\AppData\\Local\\Temp\\frida-41bb080e4fea8139282fdd90fc0f784b\\frida-winjector-helper-32.exe"
                            }
                        },
                        {
                            "values": {
                                "EventID": "11",
                                "ProcessId": "1104",
                                "TargetFilename": "C:\\Users\\admin\\AppData\\Local\\Temp\\frida-41bb080e4fea8139282fdd90fc0f784b\\frida-winjector-helper-64.exe",
                                "RuleName": "EXE",
                                "CreationUtcTime": "2022-08-01 19:43:40.203",
                                "UtcTime": "2022-08-01 19:43:40.218",
                                "ProcessGuid": "5240FBE6-2CDB-62E8-3C00-000000002400",
                                "Image": "C:\\Users\\admin\\AppData\\Local\\Programs\\Python\\Python37\\pythonw.exe"
                            }
                        }
                    ]
                }
            ],
            "last_analysis_date": 1757198687,
            "times_submitted": 12,
            "sha256": "b8949ae0d1a481af1cae9df5e01d508d1319b6d47fb329e9b42627e4e2a72a3d",
            "type_extension": "exe"
        }
    }
}