                        {
                            "values": {
                                "TerminalSessionId": "1",
                                "ProcessGuid": "{C784477D-58A7-643F-0306-000000003400}",
                                "ProcessId": "11140",
                                "Product": "Microsoft\\xae Windows\\xae Operating System",
                                "Description": "Windows Command Processor",
                                "Company": "Microsoft Corporation",
                                "ParentProcessGuid": "{C784477D-58A4-643F-0006-000000003400}",
                                "User": "DESKTOP-B0T93D6\\george",
                                "Hashes": "MD5=4E2ACF4F8A396486AB4268C94A6A245F,SHA256=9A7C58BD98D70631AA1473F7B57B426DB367D72429A5455B433A05EE251F3236,IMPHASH=8542FB14699D84D7E8DA92F66145C7FE",
                                "OriginalFileName": "Cmd.Exe",
                                "ParentImage": "C:\\Users\\george\\Desktop\\software.exe",
                                "FileVersion": "10.0.17134.1 (WinBuild.160101.0800)",
                                "ParentProcessId": "10076",
                                "CurrentDirectory": "C:\\Windows\\system32\\",
                                "CommandLine": "\"C:\\Windows\\System32\\cmd.exe\" /c vssadmin delete shadows /all /quiet & wmic shadowcopy delete & bcdedit /set {default} bootstatuspolicy ignoreallfailures & bcdedit /set {default} recoveryenabled no & wbadmin delete catalog -quiet",
                                "EventID": "1",
                                "LogonGuid": "C784477D-80E3-6407-B8AC-030000000000",
                                "LogonId": "240824",
                                "Image": "C:\\Windows\\System32\\cmd.exe",
                                "IntegrityLevel": "High",
                                "ParentCommandLine": "\"C:\\Users\\george\\Desktop\\software.exe\" ",
                                "UtcTime": "1681873063",
                                "RuleName": "-"
                            }
                        },
                        {
                            "values": {
                                "TerminalSessionId": "1",
                                "ProcessGuid": "{C784477D-58A9-643F-1306-000000003400}",
                                "ProcessId": "11716",
                                "Product": "Microsoft\\xae Windows\\xae Operating System",
                                "Description": "WMI Commandline Utility",
                                "Company": "Microsoft Corporation",
                                "ParentProcessGuid": "{C784477D-58A7-643F-0306-000000003400}",
                                "User": "DESKTOP-B0T93D6\\george",
                                "Hashes": "MD5=EC80E603E0090B3AC3C1234C2BA43A0F,SHA256=D368BCB7934DB0C53D1E7277DCB47AF2B709253CBF0EEE9869EE7E17ED226EA3,IMPHASH=59A9108CA1CECC9147C5FBAB104EBF33",
                                "OriginalFileName": "wmic.exe",
                                "ParentImage": "C:\\Windows\\System32\\cmd.exe",
                                "FileVersion": "10.0.17134.1 (WinBuild.160101.0800)",
                                "ParentProcessId": "11140",
                                "CurrentDirectory": "C:\\Windows\\system32\\",
                                "CommandLine": "wmic  shadowcopy delete ",
                                "EventID": "1",
                                "LogonGuid": "C784477D-80E3-6407-B8AC-030000000000",
                                "LogonId": "240824",
                                "Image": "C:\\Windows\\System32\\wbem\\WMIC.exe",
                                "IntegrityLevel": "High",
                                "ParentCommandLine": "\"C:\\Windows\\System32\\cmd.exe\" /c vssadmin delete shadows /all /quiet & wmic shadowcopy delete & bcdedit /set {default} bootstatuspolicy ignoreallfailures & bcdedit /set {default} recoveryenabled no & wbadmin delete catalog -quiet",
                                "UtcTime": "1681873065",
                                "RuleName": "-"
                            }
                        },
                        {
                            "values": {
                                "TerminalSessionId": "1",
                                "ProcessGuid": "{C784477D-58B1-643F-4D06-000000003400}",
                                "ProcessId": "14684",
                                "Product": "Microsoft\\xae Windows\\xae Operating System",
                                "Description": "Windows Command Processor",
                                "Company": "Microsoft Corporation",
                                "ParentProcessGuid": "{C784477D-58AC-643F-2606-000000003400}",
                                "User": "DESKTOP-B0T93D6\\george",
                                "Hashes": "MD5=4E2ACF4F8A396486AB4268C94A6A245F,SHA256=9A7C58BD98D70631AA1473F7B57B426DB367D72429A5455B433A05EE251F3236,IMPHASH=8542FB14699D84D7E8DA92F66145C7FE",
                                "OriginalFileName": "Cmd.Exe",
                                "ParentImage": "C:\\Users\\george\\Desktop\\software.exe",
                                "FileVersion": "10.0.17134.1 (WinBuild.160101.0800)",
                                "ParentProcessId": "12656",
                                "CurrentDirectory": "C:\\Windows\\system32\\",
                                "CommandLine": "\"C:\\Windows\\System32\\cmd.exe\" /c vssadmin delete shadows /all /quiet & wmic shadowcopy delete & bcdedit /set {default} bootstatuspolicy ignoreallfailures & bcdedit /set {default} recoveryenabled no & wbadmin delete catalog -quiet",
                                "EventID": "1",
                                "LogonGuid": "C784477D-80E3-6407-B8AC-030000000000",
                                "LogonId": "240824",
                                "Image": "C:\\Windows\\System32\\cmd.exe",
                                "IntegrityLevel": "High",
                                "ParentCommandLine": "\"C:\\Users\\george\\Desktop\\software.exe\" ",
                                "UtcTime": "1681873073",
                                "RuleName": "-"
                            }
                        },
                        {
                            "values": {
                                "TerminalSessionId": "1",
                                "ProcessGuid": "{C784477D-58B1-643F-5006-000000003400}",
                                "ProcessId": "14796",
                                "Product": "Microsoft\\xae Windows\\xae Operating System",
                                "Description": "WMI Commandline Utility",
                                "Company": "Microsoft Corporation",
                                "ParentProcessGuid": "{C784477D-58B1-643F-4D06-000000003400}",
                                "User": "DESKTOP-B0T93D6\\george",
                                "Hashes": "MD5=EC80E603E0090B3AC3C1234C2BA43A0F,SHA256=D368BCB7934DB0C53D1E7277DCB47AF2B709253CBF0EEE9869EE7E17ED226EA3,IMPHASH=59A9108CA1CECC9147C5FBAB104EBF33",
                                "OriginalFileName": "wmic.exe",
                                "ParentImage": "C:\\Windows\\System32\\cmd.exe",
                                "FileVersion": "10.0.17134.1 (WinBuild.160101.0800)",
                                "ParentProcessId": "14684",
                                "CurrentDirectory": "C:\\Windows\\system32\\",
                                "CommandLine": "wmic  shadowcopy delete ",
                                "EventID": "1",
                                "LogonGuid": "C784477D-80E3-6407-B8AC-030000000000",
                                "LogonId": "240824",
                                "Image": "C:\\Windows\\System32\\wbem\\WMIC.exe",
                                "IntegrityLevel": "High",
                                "ParentCommandLine": "\"C:\\Windows\\System32\\cmd.exe\" /c vssadmin delete shadows /all /quiet & wmic shadowcopy delete & bcdedit /set {default} bootstatuspolicy ignoreallfailures & bcdedit /set {default} recoveryenabled no & wbadmin delete catalog -quiet",
                                "UtcTime": "1681873073",
                                "RuleName": "-"
                            }
                        }
                    ],
                    "rule_level": "critical",
                    "rule_id": "be6d29855558a0e8c404486d8f1838ce35594866f126f9c1c62a9792e9c76be2",
                    "rule_source": "Joe Security Rule Set (GitHub)",
                    "rule_title": "Delete shadow copy via WMIC",
                    "rule_description": "Delete shadow copy via WMIC",
                    "rule_author": "Joe Security"
                },
                {
                    "match_context": [
                        {
                            "values": {
                                "TerminalSessionId": "1",
                                "ProcessGuid": "{C784477D-58A4-643F-0006-000000003400}",
                                "ProcessId": "10076",
                                "Product": "-",
                                "Description": "-",
                                "Company": "-",
                                "ParentProcessGuid": "{C784477D-58A4-643F-FF05-000000003400}",
                                "User": "DESKTOP-B0T93D6\\george",
                                "Hashes": "MD5=9FEE3D386C5B4743C97A7D2AD5A36B1A,SHA256=BB9E5239C6823718B3BCBF5ABAC70447EF6F320744BB7A55C9B675B9F9ABADF2,IMPHASH=E9F710B579880D1B6FF748176EB620F1",
                                "OriginalFileName": "-",
                                "ParentImage": "C:\\Windows\\SysWOW64\\dllhost.exe",
                                "FileVersion": "-",
                                "ParentProcessId": "10008",
                                "CurrentDirectory": "C:\\Windows\\system32\\",
                                "CommandLine": "\"C:\\Users\\george\\Desktop\\software.exe\" ",
                                "EventID": "1",
                                "LogonGuid": "C784477D-80E3-6407-B8AC-030000000000",
                                "LogonId": "240824",
                                "Image": "C:\\Users\\george\\Desktop\\software.exe",
                                "IntegrityLevel": "High",
                                "ParentCommandLine": "C:\\Windows\\SysWOW64\\DllHost.exe /Processid:{D2E7041B-2927-42FB-8E9F-7CE93B6DC937}",
                                "UtcTime": "1681873060",
                                "RuleName": "-"
                            }
                        },
                        {
                            "values": {
                                "TerminalSessionId": "1",
                                "ProcessGuid": "{C784477D-58AC-643F-2606-000000003400}",
                                "ProcessId": "12656",
                                "Product": "-",
                                "Description": "-",
                                "Company": "-",
                                "ParentProcessGuid": "{C784477D-58AB-643F-1F06-000000003400}",
                                "User": "DESKTOP-B0T93D6\\george",
                                "Hashes": "MD5=9FEE3D386C5B4743C97A7D2AD5A36B1A,SHA256=BB9E5239C6823718B3BCBF5ABAC70447EF6F320744BB7A55C9B675B9F9ABADF2,IMPHASH=E9F710B579880D1B6FF748176EB620F1",
                                "OriginalFileName": "-",
                                "ParentImage": "C:\\Windows\\SysWOW64\\dllhost.exe",
                                "FileVersion": "-",
                                "ParentProcessId": "11308",
                                "CurrentDirectory": "C:\\Windows\\system32\\",
                                "CommandLine": "\"C:\\Users\\george\\Desktop\\software.exe\" ",
                                "EventID": "1",
                                "LogonGuid": "C784477D-80E3-6407-B8AC-030000000000",
                                "LogonId": "240824",
                                "Image": "C:\\Users\\george\\Desktop\\software.exe",
                                "IntegrityLevel": "High",
                                "ParentCommandLine": "C:\\Windows\\SysWOW64\\DllHost.exe /Processid:{D2E7041B-2927-42FB-8E9F-7CE93B6DC937}",
                                "UtcTime": "1681873068",
                                "RuleName": "-"
                            }
                        }
                    ],
                    "rule_level": "high",
                    "rule_id": "2219766fcc5e77936dbd9b7310a20b2ba3f5b4aac858c6ac312c81fcc2838d4a",
                    "rule_source": "Sigma Integrated Rule Set (GitHub)",
                    "rule_title": "UAC Bypass via ICMLuaUtil",
                    "rule_description": "Detects the pattern of UAC Bypass using ICMLuaUtil Elevated COM interface",
                    "rule_author": "Florian Roth (Nextron Systems)"
                },
                {
                    "match_context": [
                        {
                            "values": {
                                "TerminalSessionId": "1",
                                "ProcessGuid": "{C784477D-5898-643F-F205-000000003400}",
                                "ProcessId": "8540",
                                "Product": "Microsoft\\xae Windows\\xae Operating System",
                                "Description": "Boot Configuration Data Editor",
                                "Company": "Microsoft Corporation",
                                "ParentProcessGuid": "{C784477D-5894-643F-EB05-000000003400}",
                                "User": "DESKTOP-B0T93D6\\george",
                                "Hashes": "MD5=C46E3768DB01E7DC3B92EF42CC1B9C73,SHA256=3AD26DB8DC988EAD9E73FECF4D8D888A66F7965AC09F8AF4E3CFCD09028A5B59,IMPHASH=5590A306D0FA939852B69E8411CA102B",
                                "OriginalFileName": "bcdedit.exe",
                                "ParentImage": "C:\\Windows\\System32\\cmd.exe",
                                "FileVersion": "10.0.17134.950 (WinBuild.160101.0800)",
                                "ParentProcessId": "5924",
                                "CurrentDirectory": "C:\\Users\\george\\Desktop\\",
                                "CommandLine": "bcdedit  /set {default} bootstatuspolicy ignoreallfailures ",
                                "EventID": "1",
                                "LogonGuid": "C784477D-80E3-6407-B8AC-030000000000",
                                "LogonId": "240824",
                                "Image": "C:\\Windows\\System32\\bcdedit.exe",
                                "IntegrityLevel": "High",
                                "ParentCommandLine": "\"C:\\Windows\\System32\\cmd.exe\" /c vssadmin delete shadows /all /quiet & wmic shadowcopy delete & bcdedit /set {default} bootstatuspolicy ignoreallfailures & bcdedit /set {default} recoveryenabled no & wbadmin delete catalog -quiet",
                                "UtcTime": "1681873048",
                                "RuleName": "-"
                            }
                        },
                        {
                            "values": {
                                "TerminalSessionId": "1",
                                "ProcessGuid": "{C784477D-5899-643F-F405-000000003400}",
                                "ProcessId": "8568",
                                "Product": "Microsoft\\xae Windows\\xae Operating System",
                                "Description": "Boot Configuration Data Editor",
                                "Company": "Microsoft Corporation",
                                "ParentProcessGuid": "{C784477D-5894-643F-EB05-000000003400}",
                                "User": "DESKTOP-B0T93D6\\george",
                                "Hashes": "MD5=C46E3768DB01E7DC3B92EF42CC1B9C73,SHA256=3AD26DB8DC988EAD9E73FECF4D8D888A66F7965AC09F8AF4E3CFCD09028A5B59,IMPHASH=5590A306D0FA939852B69E8411CA102B",
                                "OriginalFileName": "bcdedit.exe",
                                "ParentImage": "C:\\Windows\\System32\\cmd.exe",
                                "FileVersion": "10.0.17134.950 (WinBuild.160101.0800)",
                                "ParentProcessId": "5924",
                                "CurrentDirectory": "C:\\Users\\george\\Desktop\\",
                                "CommandLine": "bcdedit  /set {default} recoveryenabled no ",
                                "EventID": "1",
                                "LogonGuid": "C784477D-80E3-6407-B8AC-030000000000",
                                "LogonId": "240824",
                                "Image": "C:\\Windows\\System32\\bcdedit.exe",
                                "IntegrityLevel": "High",
                                "ParentCommandLine": "\"C:\\Windows\\System32\\cmd.exe\" /c vssadmin delete shadows /all /quiet & wmic shadowcopy delete & bcdedit /set {default} bootstatuspolicy ignoreallfailures & bcdedit /set {default} recoveryenabled no & wbadmin delete catalog -quiet",
                                "UtcTime": "1681873049",
                                "RuleName": "-"
                            }
                        },
                        {
                            "values": {
                                "TerminalSessionId": "1",
                                "ProcessGuid": "{C784477D-58AA-643F-1406-000000003400}",
                                "ProcessId": "11792",
                                "Product": "Microsoft\\xae Windows\\xae Operating System",
                                "Description": "Boot Configuration Data Editor",
                                "Company": "Microsoft Corporation",
                                "ParentProcessGuid": "{C784477D-58A9-643F-0D06-000000003400}",
                                "User": "DESKTOP-B0T93D6\\george",
                                "Hashes": "MD5=C46E3768DB01E7DC3B92EF42CC1B9C73,SHA256=3AD26DB8DC988EAD9E73FECF4D8D888A66F7965AC09F8AF4E3CFCD09028A5B59,IMPHASH=5590A306D0FA939852B69E8411CA102B",
                                "OriginalFileName": "bcdedit.exe",
                                "ParentImage": "C:\\Windows\\System32\\cmd.exe",
                                "FileVersion": "10.0.17134.950 (WinBuild.160101.0800)",
                                "ParentProcessId": "11580",
                                "CurrentDirectory": "C:\\Windows\\system32\\",
                                "CommandLine": "bcdedit  /set {default} recoveryenabled No",
                                "EventID": "1",
                                "LogonGuid": "C784477D-80E3-6407-B8AC-030000000000",
                                "LogonId": "240824",
                                "Image": "C:\\Windows\\System32\\bcdedit.exe",
                                "IntegrityLevel": "High",
                                "ParentCommandLine": "/c bcdedit /set {default} recoveryenabled No",
                                "UtcTime": "1681873066",
                                "RuleName": "-"
                            }
                        },
                        {
                            "values": {
                                "TerminalSessionId": "1",
                                "ProcessGuid": "{C784477D-58AA-643F-1806-000000003400}",
                                "ProcessId": "11936",
                                "Product": "Microsoft\\xae Windows\\xae Operating System",
                                "Description": "Boot Configuration Data Editor",
                                "Company": "Microsoft Corporation",
                                "ParentProcessGuid": "{C784477D-58A9-643F-1206-000000003400}",
                                "User": "DESKTOP-B0T93D6\\george",
                                "Hashes": "MD5=C46E3768DB01E7DC3B92EF42CC1B9C73,SHA256=3AD26DB8DC988EAD9E73FECF4D8D888A66F7965AC09F8AF4E3CFCD09028A5B59,IMPHASH=5590A306D0FA939852B69E8411CA102B",
                                "OriginalFileName": "bcdedit.exe",
                                "ParentImage": "C:\\Windows\\System32\\cmd.exe",
                                "FileVersion": "10.0.17134.950 (WinBuild.160101.0800)",
                                "ParentProcessId": "11708",
                                "CurrentDirectory": "C:\\Windows\\system32\\",
                                "CommandLine": "bcdedit  /set {default} bootstatuspolicy ignoreallfailures",
                                "EventID": "1",
                                "LogonGuid": "C784477D-80E3-6407-B8AC-030000000000",
                                "LogonId": "240824",
                                "Image": "C:\\Windows\\System32\\bcdedit.exe",
                                "IntegrityLevel": "High",
                                "ParentCommandLine": "/c bcdedit /set {default} bootstatuspolicy ignoreallfailures",
                                "UtcTime": "1681873066",
                                "RuleName": "-"
                            }
                        },
                        {
                            "values": {
                                "TerminalSessionId": "1",
                                "ProcessGuid": "{C784477D-58AD-643F-2E06-000000003400}",
                                "ProcessId": "12920",
                                "Product": "Microsoft\\xae Windows\\xae Operating System",
                                "Description": "Boot Configuration Data Editor",
                                "Company": "Microsoft Corporation",
                                "ParentProcessGuid": "{C784477D-58A7-643F-0306-000000003400}",
                                "User": "DESKTOP-B0T93D6\\george",
                                "Hashes": "MD5=C46E3768DB01E7DC3B92EF42CC1B9C73,SHA256=3AD26DB8DC988EAD9E73FECF4D8D888A66F7965AC09F8AF4E3CFCD09028A5B59,IMPHASH=5590A306D0FA939852B69E8411CA102B",
                                "OriginalFileName": "bcdedit.exe",
                                "ParentImage": "C:\\Windows\\System32\\cmd.exe",
                                "FileVersion": "10.0.17134.950 (WinBuild.160101.0800)",
                                "ParentProcessId": "11140",
                                "CurrentDirectory": "C:\\Windows\\system32\\",
                                "CommandLine": "bcdedit  /set {default} bootstatuspolicy ignoreallfailures ",
                                "EventID": "1",
                                "LogonGuid": "C784477D-80E3-6407-B8AC-030000000000",
                                "LogonId": "240824",
                                "Image": "C:\\Windows\\System32\\bcdedit.exe",
                                "IntegrityLevel": "High",
                                "ParentCommandLine": "\"C:\\Windows\\System32\\cmd.exe\" /c vssadmin delete shadows /all /quiet & wmic shadowcopy delete & bcdedit /set {default} bootstatuspolicy ignoreallfailures & bcdedit /set {default} recoveryenabled no & wbadmin delete catalog -quiet",
                                "UtcTime": "1681873069",
                                "RuleName": "-"
                            }
                        },
                        {
                            "values": {
                                "TerminalSessionId": "1",
                                "ProcessGuid": "{C784477D-58AE-643F-3406-000000003400}",
                                "ProcessId": "13120",
                                "Product": "Microsoft\\xae Windows\\xae Operating System",
                                "Description": "Boot Configuration Data Editor",
                                "Company": "Microsoft Corporation",
                                "ParentProcessGuid": "{C784477D-58A7-643F-0306-000000003400}",
                                "User": "DESKTOP-B0T93D6\\george",
                                "Hashes": "MD5=C46E3768DB01E7DC3B92EF42CC1B9C73,SHA256=3AD26DB8DC988EAD9E73FECF4D8D888A66F7965AC09F8AF4E3CFCD09028A5B59,IMPHASH=5590A306D0FA939852B69E8411CA102B",
                                "OriginalFileName": "bcdedit.exe",
                                "ParentImage": "C:\\Windows\\System32\\cmd.exe",
                                "FileVersion": "10.0.17134.950 (WinBuild.160101.0800)",
                                "ParentProcessId": "11140",
                                "CurrentDirectory": "C:\\Windows\\system32\\",
                                "CommandLine": "bcdedit  /set {default} recoveryenabled no ",
                                "EventID": "1",
                                "LogonGuid": "C784477D-80E3-6407-B8AC-030000000000",
                                "LogonId": "240824",
                                "Image": "C:\\Windows\\System32\\bcdedit.exe",
                                "IntegrityLevel": "High",
                                "ParentCommandLine": "\"C:\\Windows\\System32\\cmd.exe\" /c vssadmin delete shadows /all /quiet & wmic shadowcopy delete & bcdedit /set {default} bootstatuspolicy ignoreallfailures & bcdedit /set {default} recoveryenabled no & wbadmin delete catalog -quiet",
                                "UtcTime": "1681873070",
                                "RuleName": "-"
                            }
                        },
                        {
                            "values": {
                                "TerminalSessionId": "1",
                                "ProcessGuid": "{C784477D-58AE-643F-3906-000000003400}",
                                "ProcessId": "11956",
                                "Product": "Microsoft\\xae Windows\\xae Operating System",
                                "Description": "Boot Configuration Data Editor",
                                "Company": "Microsoft Corporation",
                                "ParentProcessGuid": "{C784477D-58AD-643F-3106-000000003400}",
                                "User": "DESKTOP-B0T93D6\\george",
                                "Hashes": "MD5=C46E3768DB01E7DC3B92EF42CC1B9C73,SHA256=3AD26DB8DC988EAD9E73FECF4D8D888A66F7965AC09F8AF4E3CFCD09028A5B59,IMPHASH=5590A306D0FA939852B69E8411CA102B",
                                "OriginalFileName": "bcdedit.exe",
                                "ParentImage": "C:\\Windows\\System32\\cmd.exe",
                                "FileVersion": "10.0.17134.950 (WinBuild.160101.0800)",
                                "ParentProcessId": "13020",
                                "CurrentDirectory": "C:\\Windows\\system32\\",
                                "CommandLine": "bcdedit  /set {default} recoveryenabled No",
                                "EventID": "1",
                                "LogonGuid": "C784477D-80E3-6407-B8AC-030000000000",
                                "LogonId": "240824",
                                "Image": "C:\\Windows\\System32\\bcdedit.exe",
                                "IntegrityLevel": "High",
                                "ParentCommandLine": "/c bcdedit /set {default} recoveryenabled No",
                                "UtcTime": "1681873070",
                                "RuleName": "-"
                            }
                        },
                        {
                            "values": {
                                "TerminalSessionId": "1",
                                "ProcessGuid": "{C784477D-58AE-643F-3A06-000000003400}",
                                "ProcessId": "11152",
                                "Product": "Microsoft\\xae Windows\\xae Operating System",
                                "Description": "Boot Configuration Data Editor",
                                "Company": "Microsoft Corporation",
                                "ParentProcessGuid": "{C784477D-58AE-643F-3506-000000003400}",
                                "User": "DESKTOP-B0T93D6\\george",
                                "Hashes": "MD5=C46E3768DB01E7DC3B92EF42CC1B9C73,SHA256=3AD26DB8DC988EAD9E73FECF4D8D888A66F7965AC09F8AF4E3CFCD09028A5B59,IMPHASH=5590A306D0FA939852B69E8411CA102B",
                                "OriginalFileName": "bcdedit.exe",
                                "ParentImage": "C:\\Windows\\System32\\cmd.exe",
                                "FileVersion": "10.0.17134.950 (WinBuild.160101.0800)",
                                "ParentProcessId": "13132",
                                "CurrentDirectory": "C:\\Windows\\system32\\",
                                "CommandLine": "bcdedit  /set {default} bootstatuspolicy ignoreallfailures",
                                "EventID": "1",
                                "LogonGuid": "C784477D-80E3-6407-B8AC-030000000000",
                                "LogonId": "240824",
                                "Image": "C:\\Windows\\System32\\bcdedit.exe",
                                "IntegrityLevel": "High",
                                "ParentCommandLine": "/c bcdedit /set {default} bootstatuspolicy ignoreallfailures",
                                "UtcTime": "1681873070",
                                "RuleName": "-"
                            }
                        },
                        {
                            "values": {
                                "TerminalSessionId": "1",
                                "ProcessGuid": "{C784477D-58B2-643F-5106-000000003400}",
                                "ProcessId": "14828",
                                "Product": "Microsoft\\xae Windows\\xae Operating System",
                                "Description": "Boot Configuration Data Editor",
                                "Company": "Microsoft Corporation",
                                "ParentProcessGuid": "{C784477D-58B1-643F-4D06-000000003400}",
                                "User": "DESKTOP-B0T93D6\\george",
                                "Hashes": "MD5=C46E3768DB01E7DC3B92EF42CC1B9C73,SHA256=3AD26DB8DC988EAD9E73FECF4D8D888A66F7965AC09F8AF4E3CFCD09028A5B59,IMPHASH=5590A306D0FA939852B69E8411CA102B",
                                "OriginalFileName": "bcdedit.exe",
                                "ParentImage": "C:\\Windows\\System32\\cmd.exe",
                                "FileVersion": "10.0.17134.950 (WinBuild.160101.0800)",
                                "ParentProcessId": "14684",
                                "CurrentDirectory": "C:\\Windows\\system32\\",
                                "CommandLine": "bcdedit  /set {default} bootstatuspolicy ignoreallfailures ",
                                "EventID": "1",
                                "LogonGuid": "C784477D-80E3-6407-B8AC-030000000000",
                                "LogonId": "240824",
                                "Image": "C:\\Windows\\System32\\bcdedit.exe",
                                "IntegrityLevel": "High",
                                "ParentCommandLine": "\"C:\\Windows\\System32\\cmd.exe\" /c vssadmin delete shadows /all /quiet & wmic shadowcopy delete & bcdedit /set {default} bootstatuspolicy ignoreallfailures & bcdedit /set {default} recoveryenabled no & wbadmin delete catalog -quiet",
                                "UtcTime": "1681873074",
                                "RuleName": "-"
                            }
                        },
                        {
                            "values": {
                                "TerminalSessionId": "1",
                                "ProcessGuid": "{C784477D-58B2-643F-5206-000000003400}",
                                "ProcessId": "14860",
                                "Product": "Microsoft\\xae Windows\\xae Operating System",
                                "Description": "Boot Configuration Data Editor",
                                "Company": "Microsoft Corporation",
                                "ParentProcessGuid": "{C784477D-58B1-643F-4D06-000000003400}",
                                "User": "DESKTOP-B0T93D6\\george",
                                "Hashes": "MD5=C46E3768DB01E7DC3B92EF42CC1B9C73,SHA256=3AD26DB8DC988EAD9E73FECF4D8D888A66F7965AC09F8AF4E3CFCD09028A5B59,IMPHASH=5590A306D0FA939852B69E8411CA102B",
                                "OriginalFileName": "bcdedit.exe",
                                "ParentImage": "C:\\Windows\\System32\\cmd.exe",
                                "FileVersion": "10.0.17134.950 (WinBuild.160101.0800)",
                                "ParentProcessId": "14684",
                                "CurrentDirectory": "C:\\Windows\\system32\\",
                                "CommandLine": "bcdedit  /set {default} recoveryenabled no ",
                                "EventID": "1",
                                "LogonGuid": "C784477D-80E3-6407-B8AC-030000000000",
                                "LogonId": "240824",
                                "Image": "C:\\Windows\\System32\\bcdedit.exe",
                                "IntegrityLevel": "High",
                                "ParentCommandLine": "\"C:\\Windows\\System32\\cmd.exe\" /c vssadmin delete shadows /all /quiet & wmic shadowcopy delete & bcdedit /set {default} bootstatuspolicy ignoreallfailures & bcdedit /set {default} recoveryenabled no & wbadmin delete catalog -quiet",
                                "UtcTime": "1681873074",
                                "RuleName": "-"
                            }
                        },
                        {
                            "values": {
                                "TerminalSessionId": "1",
                                "ProcessGuid": "{C784477D-58B3-643F-5B06-000000003400}",
                                "ProcessId": "15120",
                                "Product": "Microsoft\\xae Windows\\xae Operating System",
                                "Description": "Boot Configuration Data Editor",
                                "Company": "Microsoft Corporation",
                                "ParentProcessGuid": "{C784477D-58B2-643F-5606-000000003400}",
                                "User": "DESKTOP-B0T93D6\\george",
                                "Hashes": "MD5=C46E3768DB01E7DC3B92EF42CC1B9C73,SHA256=3AD26DB8DC988EAD9E73FECF4D8D888A66F7965AC09F8AF4E3CFCD09028A5B59,IMPHASH=5590A306D0FA939852B69E8411CA102B",
                                "OriginalFileName": "bcdedit.exe",
                                "ParentImage": "C:\\Windows\\System32\\cmd.exe",
                                "FileVersion": "10.0.17134.950 (WinBuild.160101.0800)",
                                "ParentProcessId": "14992",
                                "CurrentDirectory": "C:\\Windows\\system32\\",
                                "CommandLine": "bcdedit  /set {default} recoveryenabled No",
                                "EventID": "1",
                                "LogonGuid": "C784477D-80E3-6407-B8AC-030000000000",
                                "LogonId": "240824",
                                "Image": "C:\\Windows\\System32\\bcdedit.exe",
                                "IntegrityLevel": "High",
                                "ParentCommandLine": "/c bcdedit /set {default} recoveryenabled No",
                                "UtcTime": "1681873075",
                                "RuleName": "-"
                            }
                        },
                        {
                            "values": {
                                "TerminalSessionId": "1",
                                "ProcessGuid": "{C784477D-58B3-643F-5E06-000000003400}",
                                "ProcessId": "15192",
                                "Product": "Microsoft\\xae Windows\\xae Operating System",
                                "Description": "Boot Configuration Data Editor",
                                "Company": "Microsoft Corporation",
                                "ParentProcessGuid": "{C784477D-58B2-643F-5906-000000003400}",
                                "User": "DESKTOP-B0T93D6\\george",
                                "Hashes": "MD5=C46E3768DB01E7DC3B92EF42CC1B9C73,SHA256=3AD26DB8DC988EAD9E73FECF4D8D888A66F7965AC09F8AF4E3CFCD09028A5B59,IMPHASH=5590A306D0FA939852B69E8411CA102B",
                                "OriginalFileName": "bcdedit.exe",
                                "ParentImage": "C:\\Windows\\System32\\cmd.exe",
                                "FileVersion": "10.0.17134.950 (WinBuild.160101.0800)",
                                "ParentProcessId": "15072",
                                "CurrentDirectory": "C:\\Windows\\system32\\",
                                "CommandLine": "bcdedit  /set {default} bootstatuspolicy ignoreallfailures",
                                "EventID": "1",
                                "LogonGuid": "C784477D-80E3-6407-B8AC-030000000000",
                                "LogonId": "240824",
                                "Image": "C:\\Windows\\System32\\bcdedit.exe",
                                "IntegrityLevel": "High",
                                "ParentCommandLine": "/c bcdedit /set {default} bootstatuspolicy ignoreallfailures",
                                "UtcTime": "1681873075",
                                "RuleName": "-"
                            }
                        },
                        {
                            "values": {
                                "TerminalSessionId": "1",
                                "ProcessGuid": "{C784477D-58B4-643F-7506-000000003400}",
                                "ProcessId": "15208",
                                "Product": "Microsoft\\xae Windows\\xae Operating System",
                                "Description": "Boot Configuration Data Editor",
                                "Company": "Microsoft Corporation",
                                "ParentProcessGuid": "{C784477D-58B4-643F-7106-000000003400}",
                                "User": "DESKTOP-B0T93D6\\george",
                                "Hashes": "MD5=C46E3768DB01E7DC3B92EF42CC1B9C73,SHA256=3AD26DB8DC988EAD9E73FECF4D8D888A66F7965AC09F8AF4E3CFCD09028A5B59,IMPHASH=5590A306D0FA939852B69E8411CA102B",
                                "OriginalFileName": "bcdedit.exe",
                                "ParentImage": "C:\\Windows\\System32\\cmd.exe",
                                "FileVersion": "10.0.17134.950 (WinBuild.160101.0800)",
                                "ParentProcessId": "14860",
                                "CurrentDirectory": "C:\\Windows\\system32\\",
                                "CommandLine": "bcdedit  /set {default} recoveryenabled No",
                                "EventID": "1",
                                "LogonGuid": "C784477D-80E3-6407-B8AC-030000000000",
                                "LogonId": "240824",
                                "Image": "C:\\Windows\\System32\\bcdedit.exe",
                                "IntegrityLevel": "High",
                                "ParentCommandLine": "/c bcdedit /set {default} recoveryenabled No",
                                "UtcTime": "1681873076",
                                "RuleName": "-"
                            }
                        },
                        {
                            "values": {
                                "TerminalSessionId": "1",
                                "ProcessGuid": "{C784477D-58B4-643F-7806-000000003400}",
                                "ProcessId": "14220",
                                "Product": "Microsoft\\xae Windows\\xae Operating System",
                                "Description": "Boot Configuration Data Editor",
                                "Company": "Microsoft Corporation",
                                "ParentProcessGuid": "{C784477D-58B4-643F-7406-000000003400}",
                                "User": "DESKTOP-B0T93D6\\george",
                                "Hashes": "MD5=C46E3768DB01E7DC3B92EF42CC1B9C73,SHA256=3AD26DB8DC988EAD9E73FECF4D8D888A66F7965AC09F8AF4E3CFCD09028A5B59,IMPHASH=5590A306D0FA939852B69E8411CA102B",
                                "OriginalFileName": "bcdedit.exe",
                                "ParentImage": "C:\\Windows\\System32\\cmd.exe",
                                "FileVersion": "10.0.17134.950 (WinBuild.160101.0800)",
                                "ParentProcessId": "15080",
                                "CurrentDirectory": "C:\\Windows\\system32\\",
                                "CommandLine": "bcdedit  /set {default} bootstatuspolicy ignoreallfailures",
                                "EventID": "1",
                                "LogonGuid": "C784477D-80E3-6407-B8AC-030000000000",
                                "LogonId": "240824",
                                "Image": "C:\\Windows\\System32\\bcdedit.exe",
                                "IntegrityLevel": "High",
                                "ParentCommandLine": "/c bcdedit /set {default} bootstatuspolicy ignoreallfailures",
                                "UtcTime": "1681873076",
                                "RuleName": "-"
                            }
                        }
                    ],
                    "rule_level": "high",
                    "rule_id": "2da0b3cba5dc2b56e1426049598590c54a224e6d15740b9b07c108e089c84520",
                    "rule_source": "Sigma Integrated Rule Set (GitHub)",
                    "rule_title": "Boot Configuration Tampering Via Bcdedit.EXE",
                    "rule_description": "Detects the use of the bcdedit command to tamper with the boot configuration data. This technique is often times used by malware or attackers as a destructive way before launching ransomware.",
                    "rule_author": "E.M. Anhaus (originally from Atomic Blue Detections, Endgame), oscd.community"
                },
                {
                    "match_context": [
                        {
                            "values": {
                                "TerminalSessionId": "1",
                                "ProcessGuid": "{C784477D-58A4-643F-0006-000000003400}",
                                "ProcessId": "10076",
                                "Product": "-",
                                "Description": "-",
                                "Company": "-",
                                "ParentProcessGuid": "{C784477D-58A4-643F-FF05-000000003400}",
                                "User": "DESKTOP-B0T93D6\\george",
                                "Hashes": "MD5=9FEE3D386C5B4743C97A7D2AD5A36B1A,SHA256=BB9E5239C6823718B3BCBF5ABAC70447EF6F320744BB7A55C9B675B9F9ABADF2,IMPHASH=E9F710B579880D1B6FF748176EB620F1",
                                "OriginalFileName": "-",
                                "ParentImage": "C:\\Windows\\SysWOW64\\dllhost.exe",
                                "FileVersion": "-",
                                "ParentProcessId": "10008",
                                "CurrentDirectory": "C:\\Windows\\system32\\",
                                "CommandLine": "\"C:\\Users\\george\\Desktop\\software.exe\" ",
                                "EventID": "1",
                                "LogonGuid": "C784477D-80E3-6407-B8AC-030000000000",
                                "LogonId": "240824",
                                "Image": "C:\\Users\\george\\Desktop\\software.exe",
                                "IntegrityLevel": "High",
                                "ParentCommandLine": "C:\\Windows\\SysWOW64\\DllHost.exe /Processid:{D2E7041B-2927-42FB-8E9F-7CE93B6DC937}",
                                "UtcTime": "1681873060",
                                "RuleName": "-"
                            }
                        },
                        {
                            "values": {
                                "TerminalSessionId": "1",
                                "ProcessGuid": "{C784477D-58AC-643F-2606-000000003400}",
                                "ProcessId": "12656",
                                "Product": "-",
                                "Description": "-",
                                "Company": "-",
                                "ParentProcessGuid": "{C784477D-58AB-643F-1F06-000000003400}",
                                "User": "DESKTOP-B0T93D6\\george",
                                "Hashes": "MD5=9FEE3D386C5B4743C97A7D2AD5A36B1A,SHA256=BB9E5239C6823718B3BCBF5ABAC70447EF6F320744BB7A55C9B675B9F9ABADF2,IMPHASH=E9F710B579880D1B6FF748176EB620F1",
                                "OriginalFileName": "-",
                                "ParentImage": "C:\\Windows\\SysWOW64\\dllhost.exe",
                                "FileVersion": "-",
                                "ParentProcessId": "11308",
                                "CurrentDirectory": "C:\\Windows\\system32\\",
                                "CommandLine": "\"C:\\Users\\george\\Desktop\\software.exe\" ",
                                "EventID": "1",
                                "LogonGuid": "C784477D-80E3-6407-B8AC-030000000000",
                                "LogonId": "240824",
                                "Image": "C:\\Users\\george\\Desktop\\software.exe",
                                "IntegrityLevel": "High",
                                "ParentCommandLine": "C:\\Windows\\SysWOW64\\DllHost.exe /Processid:{D2E7041B-2927-42FB-8E9F-7CE93B6DC937}",
                                "UtcTime": "1681873068",
                                "RuleName": "-"
                            }
                        }
                    ],
                    "rule_level": "high",
                    "rule_id": "a30845acd045e920f165087e59ac6d9461f6c4bfadfa52e4c518e3bcb9d8cb0c",
                    "rule_source": "Sigma Integrated Rule Set (GitHub)",
                    "rule_title": "CMSTP UAC Bypass via COM Object Access",
                    "rule_description": "Detects UAC Bypass Attempt Using Microsoft Connection Manager Profile Installer Autoelevate-capable COM Objects (e.g. UACMe ID of 41, 43, 58 or 65)",
                    "rule_author": "Nik Seetharaman, Christian Burkard (Nextron Systems)"
                },
                {
                    "match_context": [
                        {
                            "values": {
                                "TerminalSessionId": "1",
                                "ProcessGuid": "{C784477D-5894-643F-ED05-000000003400}",
                                "ProcessId": "7180",
                                "Product": "Microsoft\\xae Windows\\xae Operating System",
                                "Description": "Command Line Interface for Microsoft\\xae Volume Shadow Copy Service ",
                                "Company": "Microsoft Corporation",
                                "ParentProcessGuid": "{C784477D-5894-643F-EB05-000000003400}",
                                "User": "DESKTOP-B0T93D6\\george",
                                "Hashes": "MD5=47D51216EF45075B5F7EAA117CC70E40,SHA256=C946C4EDA61355A1B8E134E7A184A15C9A358B9675B6172A83E4937AE9EF4B03,IMPHASH=C1EDC431CD345F0A0F32019895D13FCE",
                                "OriginalFileName": "VSSADMIN.EXE",
                                "ParentImage": "C:\\Windows\\System32\\cmd.exe",
                                "FileVersion": "10.0.17134.1 (WinBuild.160101.0800)",
                                "ParentProcessId": "5924",
                                "CurrentDirectory": "C:\\Users\\george\\Desktop\\",
                                "CommandLine": "vssadmin  delete shadows /all /quiet ",
                                "EventID": "1",
                                "LogonGuid": "C784477D-80E3-6407-B8AC-030000000000",
                                "LogonId": "240824",
                                "Image": "C:\\Windows\\System32\\vssadmin.exe",
                                "IntegrityLevel": "High",
                                "ParentCommandLine": "\"C:\\Windows\\System32\\cmd.exe\" /c vssadmin delete shadows /all /quiet & wmic shadowcopy delete & bcdedit /set {default} bootstatuspolicy ignoreallfailures & bcdedit /set {default} recoveryenabled no & wbadmin delete catalog -quiet",
                                "UtcTime": "1681873044",
                                "RuleName": "-"
                            }
                        },
