{
    "data": {
        "id": "bba288819f375cbdd1a274609924aeba786e1d1b43065846a85e30bc998d9015",
        "type": "file",
        "links": {
            "self": "https://www.virustotal.com/api/v3/files/bba288819f375cbdd1a274609924aeba786e1d1b43065846a85e30bc998d9015"
        },
        "attributes": {
            "vhash": "035036655d7143z305004e1z23z3023z1020200151z81ze7z",
            "authentihash": "5980e581e574cfb7036c08d6a7506d5d235dc22fd1f6f7b9780aa1d86a18d9a5",
            "trid": [
                {
                    "file_type": "Win32 Executable MS Visual C++ (generic)",
                    "probability": 43.3
                },
                {
                    "file_type": "Microsoft Visual C++ compiled executable (generic)",
                    "probability": 22.9
                },
                {
                    "file_type": "Win32 Dynamic Link Library (generic)",
                    "probability": 9.1
                },
                {
                    "file_type": "Win16 NE executable (generic)",
                    "probability": 7.0
                },
                {
                    "file_type": "Win32 Executable (generic)",
                    "probability": 6.2
                }
            ],
            "total_votes": {
                "harmless": 0,
                "malicious": 2
            },
            "first_seen_itw_date": 1587404813,
            "size": 371712,
            "magic": "PE32 executable (GUI) Intel 80386, for MS Windows",
            "ssdeep": "6144:22qyYhcJsdFrLrLrLye+syZxCgEvRCaUYPdWanL7V50DErXNg/ydlb4fQ6wFMvgY:9hIQvDaNg6dNoQl+v",
            "creation_date": 1579898445,
            "names": [
                "localfile~",
                "partmgr.sys",
                "TzVk2acw9M8gGjvYin9qe7h.exe",
                "Um01PQrKt5BZitJea8sojG7rX.exe",
                "ayhwOvnnDVm5U6WKvu3YEA8IuCV.exe",
                "cGFURajg2xhRF9NDOC.exe",
                "aHFCZrxD4jwBCXk7kbojnx1ZU.exe",
                "OS10UeL5fMlNjMNWudA.exe",
                "gibFMDknz4uJ9C9y3nCzF.exe",
                "sNNLLcWfTKWnGkgPNbPBT5tffZSo.exe",
                "sAQh7iMNLrVIHZnFECHDHACjnjcqJ.exe",
                "O31yjKK6DIZH0R27Y1jM110ftzqPC5.exe",
                "oGHgvUKHOsRTcgwqEHqHVSxgAEzg5A.exe",
                "npoUYz2onR7fW9dEAn5NxyyN.exe",
                "dxFVkifuiy1ZmTsLsuUOi0vtxn9I.exe",
                "SRw3S2395McEjYegPofNI.exe",
                "dttcodexgigas.12133b783cef924cbc2911deb11cba148d97dad4"
            ],
            "pe_info": {
                "timestamp": 1579898445,
                "imphash": "a1e5819f98603c5f4f94b2f1eb413ec1",
                "machine_type": 332,
                "entry_point": 135920,
                "sections": [
                    {
                        "name": ".text",
                        "chi2": 3609353.75,
                        "virtual_address": 4096,
                        "flags": "rx",
                        "raw_size": 237056,
                        "entropy": 6.2,
                        "virtual_size": 236740,
                        "md5": "27a417b17ccdba96fdeb37043da609ee"
                    },
                    {
                        "name": ".rdata",
                        "chi2": 3309955.5,
                        "virtual_address": 241664,
                        "flags": "r",
                        "raw_size": 65536,
                        "entropy": 5.16,
                        "virtual_size": 65372,
                        "md5": "135f70b18acf32979ceadb8fc5d3dcd9"
                    },
                    {
                        "name": ".data",
                        "chi2": 5104.39,
                        "virtual_address": 307200,
                        "flags": "rw",
                        "raw_size": 68096,
                        "entropy": 7.96,
                        "virtual_size": 67644,
                        "md5": "a40f737a16976f6156c1fd3239a5c412"
                    }
                ],
                "compiler_product_versions": [
                    "[---] Unmarked objects count=165",
                    "[---] Unmarked objects (old) count=49",
                    "[LNK] VS2013 build 21005 count=1",
                    "id: 0xd0, version: 65501 count=2",
                    "id: 0xe1, version: 20806 count=2",
                    "id: 0xdf, version: 20806 count=5",
                    "id: 0xe0, version: 20806 count=2",
                    "id: 0xcb, version: 65501 count=29"
                ],
                "rich_pe_header_hash": "175d86cd670873ecd5ac6928d5e591a6",
                "import_list": [
                    {
                        "library_name": "KERNEL32.DLL",
                        "imported_functions": [
                            "AllocConsole",
                            "Beep",
                            "CloseHandle",
                            "CreateDirectoryW",
                            "CreateFileMappingW",
                            "CreateFileW",
                            "CreateMutexW",
                            "CreateProcessW",
                            "CreateThread",
                            "CreateToolhelp32Snapshot",
                            "DeleteCriticalSection",
                            "EnterCriticalSection",
                            "ExitProcess",
                            "ExitThread",
                            "ExpandEnvironmentStringsW",
                            "FindClose",
                            "FindFirstFileW",
                            "FindNextFileW",
                            "FreeLibrary",
                            "GetCommandLineW",
                            "GetCurrentProcess",
                            "GetCurrentProcessId",
                            "GetDriveTypeW",
                            "GetFileSizeEx",
                            "GetLastError",
                            "GetModuleHandleA",
                            "GetModuleHandleW",
                            "GetProcAddress",
                            "GetShortPathNameW",
                            "GetStdHandle",
                            "GetSystemDirectoryW",
                            "GetTickCount",
                            "GetTickCount64",
                            "GetUserDefaultUILanguage",
                            "GetVersionExA",
                            "GlobalAlloc",
                            "GlobalFree",
                            "HeapAlloc",
                            "InitializeCriticalSection",
                            "IsBadReadPtr",
                            "IsProcessorFeaturePresent",
                            "LeaveCriticalSection",
                            "LoadLibraryA",
                            "LocalAlloc",
                            "LocalFree",
                            "lstrcatA",
                            "lstrcatW",
                            "lstrcmpA",
                            "lstrcmpiW",
                            "lstrcmpW",
                            "lstrcpyA",
                            "lstrcpynW",
                            "lstrcpyW",
                            "lstrlenA",
                            "lstrlenW",
                            "MapViewOfFile",
                            "MoveFileExW",
                            "OutputDebugStringW",
                            "Process32FirstW",
                            "Process32NextW",
                            "ReadFile",
                            "SetFileAttributesW",
                            "SetFilePointerEx",
                            "SetLastError",
                            "SetThreadExecutionState",
                            "Sleep",
                            "TerminateThread",
                            "TlsGetValue",
                            "TlsSetValue",
                            "UnmapViewOfFile",
                            "VirtualAlloc",
                            "VirtualFree",
                            "VirtualProtect",
                            "VirtualQuery",
                            "WaitForMultipleObjects",
                            "WaitForSingleObject",
                            "WriteConsoleW",
                            "WriteFile"
                        ]
                    },
                    {
                        "library_name": "ADVAPI32.dll",
                        "imported_functions": [
                            "AreAllAccessesGranted",
                            "CryptAcquireContextW",
                            "CryptDecrypt",
                            "CryptDestroyKey",
                            "CryptEncrypt",
                            "CryptExportKey",
                            "CryptGenKey",
                            "CryptGenRandom",
                            "CryptImportKey",
                            "CryptReleaseContext",
                            "EncryptionDisable",
                            "EqualDomainSid",
                            "GetSidSubAuthority",
                            "GetSidSubAuthorityCount",
                            "LookupAccountSidW",
                            "LsaAddAccountRights",
                            "LsaClose",
                            "LsaCreateTrustedDomainEx",
                            "LsaFreeMemory",
                            "LsaQueryTrustedDomainInfo"
                        ]
                    },
                    {
                        "library_name": "CRYPT32.dll",
                        "imported_functions": [
                            "CryptBinaryToStringA",
                            "CryptBinaryToStringW",
                            "CryptStringToBinaryA"
                        ]
                    },
                    {
                        "library_name": "GDI32.dll",
                        "imported_functions": [
                            "DeleteObject",
                            "GetDeviceCaps",
                            "SelectPalette",
                            "SetPaletteEntries",
                            "SetPixel"
                        ]
                    },
                    {
                        "library_name": "MPR.dll",
                        "imported_functions": [
                            "WNetAddConnection2W",
                            "WNetCloseEnum",
                            "WNetEnumResourceW",
                            "WNetOpenEnumW"
                        ]
                    },
                    {
                        "library_name": "NETAPI32.dll",
                        "imported_functions": [
                            "DsRoleFreeMemory",
                            "DsRoleGetPrimaryDomainInformation"
                        ]
                    },
                    {
                        "library_name": "ole32.dll",
                        "imported_functions": [
                            "CoCreateInstance",
                            "CoInitializeEx",
                            "CoUninitialize"
                        ]
                    },
                    {
                        "library_name": "OLEAUT32.dll",
                        "imported_functions": [
                            "VariantClear",
                            "VariantInit"
                        ]
                    },
                    {
                        "library_name": "Secur32.dll",
                        "imported_functions": [
                            "LsaConnectUntrusted"
                        ]
                    },
                    {
                        "library_name": "SHELL32.dll",
                        "imported_functions": [
                            "ShellExecuteExW",
                            "SHGetFolderPathW"
                        ]
                    },
                    {
                        "library_name": "SHLWAPI.dll",
                        "imported_functions": [
                            "StrStrW",
                            "StrToIntA"
                        ]
                    },
                    {
                        "library_name": "USER32.dll",
                        "imported_functions": [
                            "AdjustWindowRect",
                            "AnimateWindow",
                            "CloseWindow",
                            "CreateWindowExW",
                            "DeferWindowPos",
                            "DefWindowProcA",
                            "DestroyWindow",
                            "DispatchMessageA",
                            "EnumChildWindows",
                            "GetForegroundWindow",
                            "GetMessageA",
                            "MessageBoxA",
                            "MessageBoxW",
                            "PostQuitMessage",
                            "RegisterClassExW",
                            "ReleaseDC",
                            "ShutdownBlockReasonCreate",
                            "ShutdownBlockReasonDestroy",
                            "TranslateMessage",
                            "wsprintfA",
                            "wsprintfW"
                        ]
                    },
                    {
                        "library_name": "WININET.dll",
                        "imported_functions": [
                            "HttpOpenRequestA",
                            "HttpQueryInfoA",
                            "HttpSendRequestA",
                            "InternetCloseHandle",
                            "InternetConnectA",
                            "InternetCrackUrlA",
                            "InternetOpenA",
                            "InternetReadFile"
                        ]
                    },
                    {
                        "library_name": "WS2_32.dll",
                        "imported_functions": [
                            "closesocket",
                            "connect",
                            "gethostbyname",
                            "htons",
                            "inet_addr",
                            "inet_ntoa",
                            "inet_pton",
                            "recv",
                            "send",
                            "shutdown",
                            "socket",
                            "WSACleanup",
                            "WSAGetLastError",
                            "WSAStartup"
                        ]
                    }
                ]
            },
            "sigma_analysis_summary": {
                "Sigma Integrated Rule Set (GitHub)": {
                    "high": 1,
                    "medium": 2,
                    "critical": 0,
                    "low": 0
                },
                "Joe Security Rule Set (GitHub)": {
                    "high": 0,
                    "medium": 0,
                    "critical": 1,
                    "low": 0
                }
            },
            "popular_threat_classification": {
                "suggested_threat_label": "ransomware.maze/chacha",
                "popular_threat_category": [
                    {
                        "value": "ransomware",
                        "count": 29
                    },
                    {
                        "value": "trojan",
                        "count": 20
                    }
                ],
                "popular_threat_name": [
                    {
                        "value": "maze",
                        "count": 22
                    },
                    {
                        "value": "chacha",
                        "count": 2
                    },
                    {
                        "value": "encoder",
                        "count": 2
                    }
                ]
            },
            "reputation": -43,
            "detectiteasy": {
                "filetype": "PE32",
                "values": [
                    {
                        "info": "C",
                        "version": "18.00.20806",
                        "type": "Compiler",
                        "name": "Microsoft Visual C/C++"
                    },
                    {
                        "version": "12.00.21005",
                        "type": "Linker",
                        "name": "Microsoft Linker"
                    },
                    {
                        "version": "2013",
                        "type": "Tool",
                        "name": "Visual Studio"
                    }
                ]
            },
            "tlsh": "T149848E22E9D3D7FDDD0B8972809E633E4D7759142E114EB7E3D42524E0A2A437BA3329",
            "crowdsourced_ids_results": [
                {
                    "rule_category": "A Network Trojan was detected",
                    "alert_severity": "high",
                    "rule_msg": "ET MALWARE Maze/ID Ransomware Activity",
                    "rule_raw": "alert http $HOME_NET any -> [92.63.0.0/16,91.218.114.0/24,149.56.245.196] any (msg:\"ET MALWARE Maze/ID Ransomware Activity\"; flow:established,to_server; urilen:>1; http.method; content:\"POST\"; http.user_agent; content:\"Mozilla/5.0 (Windows NT 6.1|3b 20|WOW64|3b 20|Trident/7.0|3b 20|AS|3b 20|rv|3a|11.0) like Gecko\"; depth:72; endswith; fast_pattern; http.request_body; pcre:\"/^[\\x20-\\x7e\\r\\n]{0,20}[^\\x20-\\x7e\\r\\n]/\"; reference:md5,f83fb9ce6a83da58b20685c1d7e1e546; reference:md5,9823800f063a1d4ee7a749961db7540f; classtype:trojan-activity; sid:2027392; rev:6; metadata:affected_product Windows_XP_Vista_7_8_10_Server_32_64_Bit, attack_target Client_Endpoint, created_at 2019_05_29, deployment Perimeter, former_category MALWARE, malware_family Maze_Ransomware, signature_severity Major, tag Ransomware, tag Maze, updated_at 2020_11_17, mitre_tactic_id TA0040, mitre_tactic_name Impact, mitre_technique_id T1486, mitre_technique_name Data_Encrypted_for_Impact;)",
                    "rule_url": "https://rules.emergingthreats.net/",
                    "alert_context": [
                        {
                            "url": "http://91.218.114.4/view/forum/pravipueg.cgi?s=1px8w&wjcc=hj0l70bo1&p=st475r8n&iq=02v3155",
                            "hostname": "91.218.114.4",
                            "dest_ip": "91.218.114.4",
                            "dest_port": 80
                        }
                    ],
                    "rule_references": [
                        "https://www.virustotal.com/gui/search/f83fb9ce6a83da58b20685c1d7e1e546",
                        "https://www.virustotal.com/gui/search/9823800f063a1d4ee7a749961db7540f"
                    ],
                    "rule_source": "Proofpoint Emerging Threats Open",
                    "rule_id": "1:2027392"
                }
            ],
            "meaningful_name": "localfile~",
            "type_tags": [
                "executable",
                "windows",
                "win32",
                "pe",
                "peexe"
            ],
            "filecondis": {
                "dhash": "00383c3e1e151800",
                "raw_md5": "51b4e0a4a01e3664488c5ebb2406dc25"
            },
            "sigma_analysis_results": [
                {
                    "match_context": [
                        {
                            "values": {
                                "TerminalSessionId": "1",
                                "ProcessGuid": "{C784477D-9622-6440-FB05-000000003400}",
                                "ProcessId": "2716",
                                "Product": "Microsoft\\xae Windows\\xae Operating System",
                                "Description": "WMI Commandline Utility",
                                "Company": "Microsoft Corporation",
                                "ParentProcessGuid": "{C784477D-95C2-6440-ED05-000000003400}",
                                "User": "DESKTOP-B0T93D6\\george",
                                "Hashes": "MD5=EC80E603E0090B3AC3C1234C2BA43A0F,SHA256=D368BCB7934DB0C53D1E7277DCB47AF2B709253CBF0EEE9869EE7E17ED226EA3,IMPHASH=59A9108CA1CECC9147C5FBAB104EBF33",
                                "OriginalFileName": "wmic.exe",
                                "ParentImage": "C:\\Users\\george\\Desktop\\file.exe",
                                "FileVersion": "10.0.17134.1 (WinBuild.160101.0800)",
                                "ParentProcessId": "6540",
                                "CurrentDirectory": "C:\\Users\\george\\Desktop\\",
                                "CommandLine": "\"C:\\b\\..\\Windows\\lqtar\\eumh\\dx\\..\\..\\..\\system32\\gsydq\\..\\wbem\\s\\fdh\\a\\..\\..\\..\\wmic.exe\" shadowcopy delete",
                                "EventID": "1",
                                "LogonGuid": "C784477D-BB9C-641A-CBB7-030000000000",
                                "LogonId": "243659",
                                "Image": "C:\\Windows\\System32\\wbem\\WMIC.exe",
                                "IntegrityLevel": "High",
                                "ParentCommandLine": "\"C:\\Users\\george\\Desktop\\file.exe\"",
                                "UtcTime": "1681954338",
                                "RuleName": "-"
                            }
                        }
                    ],
                    "rule_level": "critical",
                    "rule_id": "be6d29855558a0e8c404486d8f1838ce35594866f126f9c1c62a9792e9c76be2",
                    "rule_source": "Joe Security Rule Set (GitHub)",
                    "rule_title": "Delete shadow copy via WMIC",
                    "rule_description": "Delete shadow copy via WMIC",
                    "rule_author": "Joe Security"
                },
                {
                    "match_context": [
                        {
                            "values": {
                                "TerminalSessionId": "1",
                                "ProcessGuid": "{C784477D-9622-6440-FB05-000000003400}",
                                "ProcessId": "2716",
                                "Product": "Microsoft\\xae Windows\\xae Operating System",
                                "Description": "WMI Commandline Utility",
                                "Company": "Microsoft Corporation",
                                "ParentProcessGuid": "{C784477D-95C2-6440-ED05-000000003400}",
                                "User": "DESKTOP-B0T93D6\\george",
                                "Hashes": "MD5=EC80E603E0090B3AC3C1234C2BA43A0F,SHA256=D368BCB7934DB0C53D1E7277DCB47AF2B709253CBF0EEE9869EE7E17ED226EA3,IMPHASH=59A9108CA1CECC9147C5FBAB104EBF33",
                                "OriginalFileName": "wmic.exe",
                                "ParentImage": "C:\\Users\\george\\Desktop\\file.exe",
                                "FileVersion": "10.0.17134.1 (WinBuild.160101.0800)",
                                "ParentProcessId": "6540",
                                "CurrentDirectory": "C:\\Users\\george\\Desktop\\",
                                "CommandLine": "\"C:\\b\\..\\Windows\\lqtar\\eumh\\dx\\..\\..\\..\\system32\\gsydq\\..\\wbem\\s\\fdh\\a\\..\\..\\..\\wmic.exe\" shadowcopy delete",
                                "EventID": "1",
                                "LogonGuid": "C784477D-BB9C-641A-CBB7-030000000000",
                                "LogonId": "243659",
                                "Image": "C:\\Windows\\System32\\wbem\\WMIC.exe",
                                "IntegrityLevel": "High",
                                "ParentCommandLine": "\"C:\\Users\\george\\Desktop\\file.exe\"",
                                "UtcTime": "1681954338",
                                "RuleName": "-"
                            }
                        }
                    ],
                    "rule_level": "high",
                    "rule_id": "ad5e4d4b939797a70a9aa742d979a4742c2cfedddd663fb1a43b2795c1e6054b",
                    "rule_source": "Sigma Integrated Rule Set (GitHub)",
                    "rule_title": "Shadow Copies Deletion Using Operating Systems Utilities",
                    "rule_description": "Shadow Copies deletion using operating systems utilities",
                    "rule_author": "Florian Roth (Nextron Systems), Michael Haag, Teymur Kheirkhabarov, Daniil Yugoslavskiy, oscd.community, Andreas Hunkeler (@Karneades)"
                },
                {
                    "match_context": [
                        {
                            "values": {
                                "TerminalSessionId": "1",
                                "ProcessGuid": "{C784477D-9622-6440-FB05-000000003400}",
                                "ProcessId": "2716",
                                "Product": "Microsoft\\xae Windows\\xae Operating System",
                                "Description": "WMI Commandline Utility",
                                "Company": "Microsoft Corporation",
                                "ParentProcessGuid": "{C784477D-95C2-6440-ED05-000000003400}",
                                "User": "DESKTOP-B0T93D6\\george",
                                "Hashes": "MD5=EC80E603E0090B3AC3C1234C2BA43A0F,SHA256=D368BCB7934DB0C53D1E7277DCB47AF2B709253CBF0EEE9869EE7E17ED226EA3,IMPHASH=59A9108CA1CECC9147C5FBAB104EBF33",
                                "OriginalFileName": "wmic.exe",
                                "ParentImage": "C:\\Users\\george\\Desktop\\file.exe",
                                "FileVersion": "10.0.17134.1 (WinBuild.160101.0800)",
                                "ParentProcessId": "6540",
                                "CurrentDirectory": "C:\\Users\\george\\Desktop\\",
                                "CommandLine": "\"C:\\b\\..\\Windows\\lqtar\\eumh\\dx\\..\\..\\..\\system32\\gsydq\\..\\wbem\\s\\fdh\\a\\..\\..\\..\\wmic.exe\" shadowcopy delete",
                                "EventID": "1",
                                "LogonGuid": "C784477D-BB9C-641A-CBB7-030000000000",
                                "LogonId": "243659",
                                "Image": "C:\\Windows\\System32\\wbem\\WMIC.exe",
                                "IntegrityLevel": "High",
                                "ParentCommandLine": "\"C:\\Users\\george\\Desktop\\file.exe\"",
                                "UtcTime": "1681954338",
                                "RuleName": "-"
                            }
                        }
                    ],
                    "rule_level": "medium",
                    "rule_id": "2a64ca949e5ce433b70a21b4be0e71e5ad0cd2465395fd093410ce2d33177cdc",
                    "rule_source": "Sigma Integrated Rule Set (GitHub)",
                    "rule_title": "Potential Command Line Path Traversal Evasion Attempt",
                    "rule_description": "Detects potential evasion or obfuscation attempts using bogus path traversal via the commandline",
                    "rule_author": "Christian Burkard (Nextron Systems)"
                },
                {
                    "match_context": [
                        {
                            "values": {
                                "EventID": "11",
                                "ProcessId": "6540",
                                "TargetFilename": "C:\\Users\\george\\AppData\\Roaming\\Microsoft\\Word\\STARTUP\\35d30b8e7112d0f3.tmp",
                                "RuleName": "T1165",
                                "CreationUtcTime": "1681954281",
                                "UtcTime": "1681954281",
                                "ProcessGuid": "{C784477D-95C2-6440-ED05-000000003400}",
                                "Image": "C:\\Users\\george\\Desktop\\file.exe"
                            }
                        },
                        {
                            "values": {
                                "EventID": "11",
                                "ProcessId": "6540",
                                "Image": "C:\\Users\\george\\Desktop\\file.exe",
                                "RuleName": "T1165",
                                "CreationUtcTime": "1681954281",
                                "UtcTime": "1681954281",
                                "ProcessGuid": "{C784477D-95C2-6440-ED05-000000003400}",
                                "TargetFilename": "C:\\Users\\george\\AppData\\Roaming\\Microsoft\\Word\\STARTUP\\DECRYPT-FILES.txt"
                            }
                        },
                        {
                            "values": {
                                "EventID": "11",
                                "ProcessId": "6540",
                                "TargetFilename": "C:\\Users\\george\\AppData\\Roaming\\Microsoft\\Word\\STARTUP\\35d30b8e7112d0f3.tmp",
                                "RuleName": "T1165",
                                "CreationUtcTime": "1681954307",
                                "UtcTime": "1681954307",
                                "ProcessGuid": "{C784477D-95C2-6440-ED05-000000003400}",
                                "Image": "C:\\Users\\george\\Desktop\\file.exe"
                            }
                        },
