                {
                    "match_context": [
                        {
                            "values": {
                                "TerminalSessionId": "1",
                                "ProcessGuid": "{C784477D-FE2C-643C-F005-000000004700}",
                                "ProcessId": "3996",
                                "Product": "Microsoft\\xae Windows\\xae Operating System",
                                "Description": "WMI Commandline Utility",
                                "Company": "Microsoft Corporation",
                                "ParentProcessGuid": "{C784477D-FDD0-643C-E605-000000004700}",
                                "User": "DESKTOP-B0T93D6\\george",
                                "Hashes": "MD5=EC80E603E0090B3AC3C1234C2BA43A0F,SHA256=D368BCB7934DB0C53D1E7277DCB47AF2B709253CBF0EEE9869EE7E17ED226EA3,IMPHASH=59A9108CA1CECC9147C5FBAB104EBF33",
                                "OriginalFileName": "wmic.exe",
                                "ParentImage": "C:\\Users\\george\\Desktop\\SQLBackupService.exe",
                                "FileVersion": "10.0.17134.1 (WinBuild.160101.0800)",
                                "ParentProcessId": "6952",
                                "CurrentDirectory": "C:\\Users\\george\\Desktop\\",
                                "CommandLine": "\"C:\\twv\\eepke\\msdc\\..\\..\\..\\Windows\\o\\..\\system32\\uskea\\xvrqr\\l\\..\\..\\..\\wbem\\yekti\\ynisj\\oqnb\\..\\..\\..\\wmic.exe\" shadowcopy delete",
                                "EventID": "1",
                                "LogonGuid": "C784477D-17E1-6407-4611-030000000000",
                                "LogonId": "201030",
                                "Image": "C:\\Windows\\System32\\wbem\\WMIC.exe",
                                "IntegrityLevel": "High",
                                "ParentCommandLine": "\"C:\\Users\\george\\Desktop\\SQLBackupService.exe\"",
                                "UtcTime": "1681718828",
                                "RuleName": "-"
                            }
                        }
                    ],
                    "rule_level": "medium",
                    "rule_id": "2a64ca949e5ce433b70a21b4be0e71e5ad0cd2465395fd093410ce2d33177cdc",
                    "rule_source": "Sigma Integrated Rule Set (GitHub)",
                    "rule_title": "Potential Command Line Path Traversal Evasion Attempt",
                    "rule_description": "Detects potential evasion or obfuscation attempts using bogus path traversal via the commandline",
                    "rule_author": "Christian Burkard (Nextron Systems)"
                },
                {
                    "match_context": [
                        {
                            "values": {
                                "EventID": "11",
                                "ProcessId": "6952",
                                "TargetFilename": "C:\\Users\\george\\AppData\\Roaming\\Microsoft\\Word\\STARTUP\\357f0b7f9d8a2d21.tmp",
                                "RuleName": "T1165",
                                "CreationUtcTime": "1681718768",
                                "UtcTime": "1681718768",
                                "ProcessGuid": "{C784477D-FDD0-643C-E605-000000004700}",
                                "Image": "C:\\Users\\george\\Desktop\\SQLBackupService.exe"
                            }
                        },
                        {
                            "values": {
                                "EventID": "11",
                                "ProcessId": "6952",
                                "Image": "C:\\Users\\george\\Desktop\\SQLBackupService.exe",
                                "ProcessGuid": "{C784477D-FDD0-643C-E605-000000004700}",
                                "CreationUtcTime": "1681718768",
                                "UtcTime": "1681718768",
                                "RuleName": "T1165",
                                "TargetFilename": "C:\\Users\\george\\AppData\\Roaming\\Microsoft\\Word\\STARTUP\\DECRYPT-FILES.txt"
                            }
                        },
                        {
                            "values": {
                                "EventID": "11",
                                "ProcessId": "6952",
                                "Image": "C:\\Users\\george\\Desktop\\SQLBackupService.exe",
                                "RuleName": "T1165",
                                "CreationUtcTime": "1681718792",
                                "UtcTime": "1681718792",
                                "ProcessGuid": "{C784477D-FDD0-643C-E605-000000004700}",
                                "TargetFilename": "C:\\Users\\george\\AppData\\Roaming\\Microsoft\\Word\\STARTUP\\357f0b7f9d8a2d21.tmp"
                            }
                        },
                        {
                            "values": {
                                "EventID": "11",
                                "ProcessId": "6952",
                                "TargetFilename": "C:\\Users\\george\\AppData\\Roaming\\Microsoft\\Word\\STARTUP\\357f0b7f9d8a2d21.tmp",
                                "ProcessGuid": "{C784477D-FDD0-643C-E605-000000004700}",
                                "CreationUtcTime": "1681718825",
                                "UtcTime": "1681718825",
                                "RuleName": "T1165",
                                "Image": "C:\\Users\\george\\Desktop\\SQLBackupService.exe"
                            }
                        },
                        {
                            "values": {
                                "EventID": "11",
                                "ProcessId": "6952",
                                "Image": "C:\\Users\\george\\Desktop\\SQLBackupService.exe",
                                "ProcessGuid": "{C784477D-FDD0-643C-E605-000000004700}",
                                "CreationUtcTime": "1681718825",
                                "UtcTime": "1681718826",
                                "RuleName": "T1165",
                                "TargetFilename": "C:\\Users\\george\\AppData\\Roaming\\Microsoft\\Word\\STARTUP\\357f0b7f9d8a2d21.tmp"
                            }
                        }
                    ],
                    "rule_level": "medium",
                    "rule_id": "f441bf0f20310d2f8fb4c38b047725cf9bafb59c2a7634f73d2d38745157b248",
                    "rule_source": "Sigma Integrated Rule Set (GitHub)",
                    "rule_title": "Creation In User Word Startup Folder",
                    "rule_description": "Detects the creation of an file in user Word Startup",
                    "rule_author": "frack113"
                }
            ],
            "first_submission_date": 1580634698,
            "size": 721408,
            "unique_sources": 2,
            "sha1": "62eb42aa419ff51412f2260482a7803542fe5390",
            "signature_info": {
                "file version": "1.0.0.1",
                "description": "File serves as a driver of North Korea Power",
                "original name": "SQLBackupService.exe",
                "product": "SQL Backuper",
                "copyright": "Copyright (C) 2019",
                "internal name": "dnthcity"
            },
            "times_submitted": 5,
            "filecondis": {
                "dhash": "647435356c640410",
                "raw_md5": "800dbefe2a022e86de9378ae8eb346f1"
            },
            "type_tag": "peexe",
            "md5": "19b4618578d7c17d52737dd99218e670",
            "type_description": "Win32 EXE"
        }
    }
}