                        {
                            "values": {
                                "TerminalSessionId": "1",
                                "ProcessGuid": "{C784477D-EFBC-63DE-2906-000000001F00}",
                                "ProcessId": "3328",
                                "Product": "Microsoft\\xae Visual Studio\\xae 2005",
                                "Description": "Visual Basic Command Line Compiler",
                                "Company": "Microsoft Corporation",
                                "ParentProcessGuid": "{C784477D-EFAB-63DE-2506-000000001F00}",
                                "User": "DESKTOP-B0T93D6\\george",
                                "Hashes": "MD5=C63ED21D5706A527419C9FBD730FFB2E,SHA256=EDC4DE60FDC6757EC01BFC86B1E3B54398F5E01D31E881AEBDFB5CC945629E80,IMPHASH=5B989C7F24F9B07840E9A2A654544C93",
                                "OriginalFileName": "vbc.exe",
                                "ParentImage": "C:\\Users\\george\\AppData\\Roaming\\Windows Update.exe",
                                "FileVersion": "8.0.50727.8922",
                                "ParentProcessId": "7220",
                                "CurrentDirectory": "C:\\Users\\george\\Desktop\\",
                                "CommandLine": "C:\\Windows\\Microsoft.NET\\Framework\\v2.0.50727\\vbc.exe /stext \"C:\\Users\\george\\AppData\\Local\\Temp\\holderwb.txt\"",
                                "EventID": "1",
                                "LogonGuid": "C784477D-F5B2-63A5-B96C-030000000000",
                                "LogonId": "224441",
                                "Image": "C:\\Windows\\Microsoft.NET\\Framework\\v2.0.50727\\vbc.exe",
                                "IntegrityLevel": "High",
                                "ParentCommandLine": "C:\\Users\\george\\AppData\\Roaming\\Windows Update.exe\" ",
                                "UtcTime": "1675554748",
                                "RuleName": "-"
                            }
                        }
                    ],
                    "rule_level": "medium",
                    "rule_description": "Detects use of vbc.exe as a living off the land technique.",
                    "rule_source": "SOC Prime Threat Detection Marketplace",
                    "rule_title": "vbc.exe execution.",
                    "rule_id": "7f5e752d29abb27ef7222f5171fe6719092aa64cb1a11187e75e3efd277216b3",
                    "rule_author": "Den iuzvyk"
                },
                {
                    "match_context": [
                        {
                            "values": {
                                "TerminalSessionId": "1",
                                "ProcessGuid": "{C784477D-EFBC-63DE-2806-000000001F00}",
                                "ProcessId": "2688",
                                "Product": "Microsoft\\xae Visual Studio\\xae 2005",
                                "Description": "Visual Basic Command Line Compiler",
                                "Company": "Microsoft Corporation",
                                "ParentProcessGuid": "{C784477D-EFAB-63DE-2506-000000001F00}",
                                "User": "DESKTOP-B0T93D6\\george",
                                "Hashes": "MD5=C63ED21D5706A527419C9FBD730FFB2E,SHA256=EDC4DE60FDC6757EC01BFC86B1E3B54398F5E01D31E881AEBDFB5CC945629E80,IMPHASH=5B989C7F24F9B07840E9A2A654544C93",
                                "OriginalFileName": "vbc.exe",
                                "ParentImage": "C:\\Users\\george\\AppData\\Roaming\\Windows Update.exe",
                                "FileVersion": "8.0.50727.8922",
                                "ParentProcessId": "7220",
                                "CurrentDirectory": "C:\\Users\\george\\Desktop\\",
                                "CommandLine": "C:\\Windows\\Microsoft.NET\\Framework\\v2.0.50727\\vbc.exe /stext \"C:\\Users\\george\\AppData\\Local\\Temp\\holdermail.txt\"",
                                "EventID": "1",
                                "LogonGuid": "C784477D-F5B2-63A5-B96C-030000000000",
                                "LogonId": "224441",
                                "Image": "C:\\Windows\\Microsoft.NET\\Framework\\v2.0.50727\\vbc.exe",
                                "IntegrityLevel": "High",
                                "ParentCommandLine": "C:\\Users\\george\\AppData\\Roaming\\Windows Update.exe\" ",
                                "UtcTime": "1675554748",
                                "RuleName": "-"
                            }
                        },
                        {
                            "values": {
                                "TerminalSessionId": "1",
                                "ProcessGuid": "{C784477D-EFBC-63DE-2906-000000001F00}",
                                "ProcessId": "3328",
                                "Product": "Microsoft\\xae Visual Studio\\xae 2005",
                                "Description": "Visual Basic Command Line Compiler",
                                "Company": "Microsoft Corporation",
                                "ParentProcessGuid": "{C784477D-EFAB-63DE-2506-000000001F00}",
                                "User": "DESKTOP-B0T93D6\\george",
                                "Hashes": "MD5=C63ED21D5706A527419C9FBD730FFB2E,SHA256=EDC4DE60FDC6757EC01BFC86B1E3B54398F5E01D31E881AEBDFB5CC945629E80,IMPHASH=5B989C7F24F9B07840E9A2A654544C93",
                                "OriginalFileName": "vbc.exe",
                                "ParentImage": "C:\\Users\\george\\AppData\\Roaming\\Windows Update.exe",
                                "FileVersion": "8.0.50727.8922",
                                "ParentProcessId": "7220",
                                "CurrentDirectory": "C:\\Users\\george\\Desktop\\",
                                "CommandLine": "C:\\Windows\\Microsoft.NET\\Framework\\v2.0.50727\\vbc.exe /stext \"C:\\Users\\george\\AppData\\Local\\Temp\\holderwb.txt\"",
                                "EventID": "1",
                                "LogonGuid": "C784477D-F5B2-63A5-B96C-030000000000",
                                "LogonId": "224441",
                                "Image": "C:\\Windows\\Microsoft.NET\\Framework\\v2.0.50727\\vbc.exe",
                                "IntegrityLevel": "High",
                                "ParentCommandLine": "C:\\Users\\george\\AppData\\Roaming\\Windows Update.exe\" ",
                                "UtcTime": "1675554748",
                                "RuleName": "-"
                            }
                        }
                    ],
                    "rule_level": "medium",
                    "rule_description": "Detects suspicious process starts on Windows systems based on keywords",
                    "rule_source": "SOC Prime Threat Detection Marketplace",
                    "rule_title": "Suspicious Process Creation",
                    "rule_id": "f09d5248ed8fc1a93251158bfda71f8144ccaf37fa922416ccd897498bff7c55",
                    "rule_author": "Florian Roth"
                },
                {
                    "match_context": [
                        {
                            "values": {
                                "EventID": "11",
                                "ProcessId": "7436",
                                "Image": "C:\\Users\\george\\Desktop\\program.exe",
                                "ProcessGuid": "{C784477D-EF7A-63DE-1B06-000000001F00}",
                                "CreationUtcTime": "1675554701",
                                "UtcTime": "1675554701",
                                "RuleName": "EXE",
                                "TargetFilename": "C:\\Users\\george\\AppData\\Roaming\\Windows Update.exe"
                            }
                        }
                    ],
                    "rule_level": "low",
                    "rule_description": "Detects the creation of an executable by another executable",
                    "rule_source": "Sigma Integrated Rule Set (GitHub)",
                    "rule_title": "Creation of an Executable by an Executable",
                    "rule_id": "b5386a23355681c43cfbd2f2ccfe4b16ed45324d0d7b5583487a9f302ee1e427",
                    "rule_author": "frack113"
                }
            ]
        }
    }
}