{
    "data": {
        "id": "c6b5b4d2926aeaa59a53e78a09449db1b0090e894ee576d572f0029fe3e969d5",
        "type": "file",
        "links": {
            "self": "https://www.virustotal.com/api/v3/files/c6b5b4d2926aeaa59a53e78a09449db1b0090e894ee576d572f0029fe3e969d5"
        },
        "attributes": {
            "crowdsourced_ids_stats": {
                "high": 2,
                "info": 0,
                "medium": 0,
                "low": 0
            },
            "sigma_analysis_results": [
                {
                    "match_context": [
                        {
                            "values": {
                                "EventID": "8",
                                "TargetImage": "C:\\Windows\\SysWOW64\\svchost.exe",
                                "TargetProcessGuid": "{C784477D-27B2-649F-5606-000000003400}",
                                "NewThreadId": "7752",
                                "StartModule": "-",
                                "SourceProcessId": "7412",
                                "StartFunction": "-",
                                "UtcTime": "1688151986",
                                "SourceImage": "C:\\Windows\\SysWOW64\\explorer.exe",
                                "TargetProcessId": "4184",
                                "RuleName": "-",
                                "SourceProcessGuid": "{C784477D-27B1-649F-5406-000000003400}",
                                "StartAddress": "41894480"
                            }
                        },
                        {
                            "values": {
                                "EventID": "8",
                                "TargetProcessGuid": "{C784477D-27BE-649F-5C06-000000003400}",
                                "NewThreadId": "5996",
                                "StartModule": "-",
                                "StartFunction": "-",
                                "UtcTime": "1688151998",
                                "TargetImage": "C:\\Windows\\SysWOW64\\svchost.exe",
                                "SourceProcessId": "7960",
                                "SourceImage": "C:\\Windows\\SysWOW64\\explorer.exe",
                                "TargetProcessId": "6400",
                                "RuleName": "-",
                                "SourceProcessGuid": "{C784477D-27BE-649F-5B06-000000003400}",
                                "StartAddress": "39928400"
                            }
                        },
                        {
                            "values": {
                                "EventID": "8",
                                "TargetImage": "C:\\Windows\\SysWOW64\\svchost.exe",
                                "TargetProcessGuid": "{C784477D-27C6-649F-6406-000000003400}",
                                "NewThreadId": "3376",
                                "StartModule": "-",
                                "UtcTime": "1688152006",
                                "StartFunction": "-",
                                "SourceProcessId": "5848",
                                "SourceImage": "C:\\Windows\\SysWOW64\\explorer.exe",
                                "TargetProcessId": "3372",
                                "RuleName": "-",
                                "StartAddress": "45957712",
                                "SourceProcessGuid": "{C784477D-27C6-649F-6306-000000003400}"
                            }
                        },
                        {
                            "values": {
                                "EventID": "8",
                                "TargetImage": "C:\\Windows\\SysWOW64\\svchost.exe",
                                "TargetProcessGuid": "{C784477D-27CE-649F-6906-000000003400}",
                                "NewThreadId": "4820",
                                "StartModule": "-",
                                "SourceProcessId": "5500",
                                "StartFunction": "-",
                                "UtcTime": "1688152014",
                                "SourceImage": "C:\\Windows\\SysWOW64\\explorer.exe",
                                "TargetProcessId": "2424",
                                "RuleName": "-",
                                "SourceProcessGuid": "{C784477D-27CE-649F-6806-000000003400}",
                                "StartAddress": "52511312"
                            }
                        },
                        {
                            "values": {
                                "EventID": "8",
                                "TargetImage": "C:\\Windows\\SysWOW64\\svchost.exe",
                                "TargetProcessGuid": "{C784477D-27D6-649F-6E06-000000003400}",
                                "NewThreadId": "6556",
                                "StartModule": "-",
                                "SourceProcessId": "1584",
                                "StartFunction": "-",
                                "UtcTime": "1688152022",
                                "SourceImage": "C:\\Windows\\SysWOW64\\explorer.exe",
                                "TargetProcessId": "2460",
                                "RuleName": "-",
                                "SourceProcessGuid": "{C784477D-27D6-649F-6D06-000000003400}",
                                "StartAddress": "45695568"
                            }
                        },
                        {
                            "values": {
                                "EventID": "8",
                                "TargetImage": "C:\\Windows\\SysWOW64\\svchost.exe",
                                "TargetProcessGuid": "{C784477D-27DE-649F-7306-000000003400}",
                                "NewThreadId": "7268",
                                "StartModule": "-",
                                "SourceProcessId": "1272",
                                "StartFunction": "-",
                                "UtcTime": "1688152030",
                                "SourceImage": "C:\\Windows\\SysWOW64\\explorer.exe",
                                "TargetProcessId": "2656",
                                "RuleName": "-",
                                "SourceProcessGuid": "{C784477D-27DE-649F-7206-000000003400}",
                                "StartAddress": "39469648"
                            }
                        },
                        {
                            "values": {
                                "EventID": "8",
                                "TargetImage": "C:\\Windows\\SysWOW64\\svchost.exe",
                                "TargetProcessGuid": "{C784477D-27E6-649F-7806-000000003400}",
                                "NewThreadId": "7036",
                                "StartModule": "-",
                                "SourceProcessId": "3484",
                                "StartFunction": "-",
                                "UtcTime": "1688152039",
                                "SourceImage": "C:\\Windows\\SysWOW64\\explorer.exe",
                                "TargetProcessId": "4436",
                                "RuleName": "-",
                                "StartAddress": "52970064",
                                "SourceProcessGuid": "{C784477D-27E6-649F-7706-000000003400}"
                            }
                        },
                        {
                            "values": {
                                "EventID": "8",
                                "TargetImage": "C:\\Windows\\SysWOW64\\svchost.exe",
                                "TargetProcessGuid": "{C784477D-27EF-649F-8106-000000003400}",
                                "NewThreadId": "572",
                                "StartModule": "-",
                                "UtcTime": "1688152047",
                                "StartFunction": "-",
                                "SourceProcessId": "3280",
                                "SourceImage": "C:\\Windows\\SysWOW64\\explorer.exe",
                                "TargetProcessId": "4028",
                                "RuleName": "-",
                                "StartAddress": "47465040",
                                "SourceProcessGuid": "{C784477D-27EE-649F-8006-000000003400}"
                            }
                        },
                        {
                            "values": {
                                "EventID": "8",
                                "TargetProcessGuid": "{C784477D-27F6-649F-8606-000000003400}",
                                "NewThreadId": "4080",
                                "StartModule": "-",
                                "StartFunction": "-",
                                "UtcTime": "1688152054",
                                "TargetImage": "<unknown process>",
                                "SourceProcessId": "7020",
                                "SourceImage": "C:\\Windows\\SysWOW64\\explorer.exe",
                                "TargetProcessId": "3716",
                                "RuleName": "-",
                                "StartAddress": "45367888",
                                "SourceProcessGuid": "{C784477D-27F6-649F-8506-000000003400}"
                            }
                        },
                        {
                            "values": {
                                "EventID": "8",
                                "TargetImage": "C:\\Windows\\SysWOW64\\svchost.exe",
                                "TargetProcessGuid": "{C784477D-27FE-649F-8B06-000000003400}",
                                "NewThreadId": "5488",
                                "StartModule": "-",
                                "UtcTime": "1688152062",
                                "StartFunction": "-",
                                "SourceProcessId": "6192",
                                "SourceImage": "C:\\Windows\\SysWOW64\\explorer.exe",
                                "TargetProcessId": "3852",
                                "RuleName": "-",
                                "SourceProcessGuid": "{C784477D-27FE-649F-8A06-000000003400}",
                                "StartAddress": "39600720"
                            }
                        }
                    ],
                    "rule_level": "high",
                    "rule_description": "Detects uncommon processes creating remote threads",
                    "rule_source": "Sigma Integrated Rule Set (GitHub)",
                    "rule_title": "Remote Thread Creation By Uncommon Source Image",
                    "rule_id": "5242ae9a7c0bb9967f443e598ba4d27edfa69ca76b6fbb7ad0d569f7e9067668",
                    "rule_author": "Perez Diego (@darkquassar), oscd.community"
                },
                {
                    "match_context": [
                        {
                            "values": {
                                "TerminalSessionId": "1",
                                "ProcessGuid": "{C784477D-27B2-649F-5606-000000003400}",
                                "ProcessId": "4184",
                                "Product": "Microsoft\\xae Windows\\xae Operating System",
                                "Description": "Host Process for Windows Services",
                                "Company": "Microsoft Corporation",
                                "ParentProcessGuid": "{C784477D-27B1-649F-5406-000000003400}",
                                "User": "DESKTOP-B0T93D6\\george",
                                "Hashes": "MD5=D2CBFEB7C4619A898890FEB4C4514AA9,SHA256=59F4D42056BC43960C2B052FA9D615AD6E654C8AA1DFE3703342375523BA8EA5,IMPHASH=41721E0F933696D50AB32D544D64DCD3",
                                "OriginalFileName": "svchost.exe",
                                "ParentImage": "C:\\Windows\\SysWOW64\\explorer.exe",
                                "FileVersion": "10.0.17134.1276 (WinBuild.160101.0800)",
                                "ParentProcessId": "7412",
                                "CurrentDirectory": "C:\\Users\\george\\Desktop\\",
                                "CommandLine": "-k netsvcs",
                                "EventID": "1",
                                "LogonGuid": "C784477D-F8C7-6481-C0BC-030000000000",
                                "LogonId": "244928",
                                "Image": "C:\\Windows\\SysWOW64\\svchost.exe",
                                "IntegrityLevel": "High",
                                "ParentCommandLine": "\"C:\\Windows\\syswow64\\explorer.exe\"",
                                "UtcTime": "1688151986",
                                "RuleName": "-"
                            }
                        },
                        {
                            "values": {
                                "TerminalSessionId": "1",
                                "ProcessGuid": "{C784477D-27BE-649F-5C06-000000003400}",
                                "ProcessId": "6400",
                                "Product": "Microsoft\\xae Windows\\xae Operating System",
                                "Description": "Host Process for Windows Services",
                                "Company": "Microsoft Corporation",
                                "ParentProcessGuid": "{C784477D-27BE-649F-5B06-000000003400}",
                                "User": "DESKTOP-B0T93D6\\george",
                                "Hashes": "MD5=D2CBFEB7C4619A898890FEB4C4514AA9,SHA256=59F4D42056BC43960C2B052FA9D615AD6E654C8AA1DFE3703342375523BA8EA5,IMPHASH=41721E0F933696D50AB32D544D64DCD3",
                                "OriginalFileName": "svchost.exe",
                                "ParentImage": "C:\\Windows\\SysWOW64\\explorer.exe",
                                "FileVersion": "10.0.17134.1276 (WinBuild.160101.0800)",
                                "ParentProcessId": "7960",
                                "CurrentDirectory": "C:\\63c89cd\\",
                                "CommandLine": "-k netsvcs",
                                "EventID": "1",
                                "LogonGuid": "C784477D-F8C7-6481-1ABD-030000000000",
                                "LogonId": "245018",
                                "Image": "C:\\Windows\\SysWOW64\\svchost.exe",
                                "IntegrityLevel": "Medium",
                                "ParentCommandLine": "\"C:\\Windows\\syswow64\\explorer.exe\"",
                                "UtcTime": "1688151998",
                                "RuleName": "-"
                            }
                        },
                        {
                            "values": {
                                "TerminalSessionId": "1",
                                "ProcessGuid": "{C784477D-27C6-649F-6406-000000003400}",
                                "ProcessId": "3372",
                                "Product": "Microsoft\\xae Windows\\xae Operating System",
                                "Description": "Host Process for Windows Services",
                                "Company": "Microsoft Corporation",
                                "ParentProcessGuid": "{C784477D-27C6-649F-6306-000000003400}",
                                "User": "DESKTOP-B0T93D6\\george",
                                "Hashes": "MD5=D2CBFEB7C4619A898890FEB4C4514AA9,SHA256=59F4D42056BC43960C2B052FA9D615AD6E654C8AA1DFE3703342375523BA8EA5,IMPHASH=41721E0F933696D50AB32D544D64DCD3",
                                "OriginalFileName": "svchost.exe",
                                "ParentImage": "C:\\Windows\\SysWOW64\\explorer.exe",
                                "FileVersion": "10.0.17134.1276 (WinBuild.160101.0800)",
                                "ParentProcessId": "5848",
                                "CurrentDirectory": "C:\\Users\\george\\AppData\\Roaming\\",
                                "CommandLine": "-k netsvcs",
                                "EventID": "1",
                                "LogonGuid": "C784477D-F8C7-6481-1ABD-030000000000",
                                "LogonId": "245018",
                                "Image": "C:\\Windows\\SysWOW64\\svchost.exe",
                                "IntegrityLevel": "Medium",
                                "ParentCommandLine": "\"C:\\Windows\\syswow64\\explorer.exe\"",
                                "UtcTime": "1688152006",
                                "RuleName": "-"
                            }
                        },
                        {
                            "values": {
                                "TerminalSessionId": "1",
                                "ProcessGuid": "{C784477D-27CE-649F-6906-000000003400}",
                                "ProcessId": "2424",
                                "Product": "Microsoft\\xae Windows\\xae Operating System",
                                "Description": "Host Process for Windows Services",
                                "Company": "Microsoft Corporation",
                                "ParentProcessGuid": "{C784477D-27CE-649F-6806-000000003400}",
                                "User": "DESKTOP-B0T93D6\\george",
                                "Hashes": "MD5=D2CBFEB7C4619A898890FEB4C4514AA9,SHA256=59F4D42056BC43960C2B052FA9D615AD6E654C8AA1DFE3703342375523BA8EA5,IMPHASH=41721E0F933696D50AB32D544D64DCD3",
                                "OriginalFileName": "svchost.exe",
                                "ParentImage": "C:\\Windows\\SysWOW64\\explorer.exe",
                                "FileVersion": "10.0.17134.1276 (WinBuild.160101.0800)",
                                "ParentProcessId": "5500",
                                "CurrentDirectory": "C:\\63c89cd\\",
                                "CommandLine": "-k netsvcs",
                                "EventID": "1",
                                "LogonGuid": "C784477D-F8C7-6481-1ABD-030000000000",
                                "LogonId": "245018",
                                "Image": "C:\\Windows\\SysWOW64\\svchost.exe",
                                "IntegrityLevel": "Medium",
                                "ParentCommandLine": "\"C:\\Windows\\syswow64\\explorer.exe\"",
                                "UtcTime": "1688152014",
                                "RuleName": "-"
                            }
                        },
                        {
                            "values": {
                                "TerminalSessionId": "1",
                                "ProcessGuid": "{C784477D-27D6-649F-6E06-000000003400}",
                                "ProcessId": "2460",
                                "Product": "Microsoft\\xae Windows\\xae Operating System",
                                "Description": "Host Process for Windows Services",
                                "Company": "Microsoft Corporation",
                                "ParentProcessGuid": "{C784477D-27D6-649F-6D06-000000003400}",
                                "User": "DESKTOP-B0T93D6\\george",
                                "Hashes": "MD5=D2CBFEB7C4619A898890FEB4C4514AA9,SHA256=59F4D42056BC43960C2B052FA9D615AD6E654C8AA1DFE3703342375523BA8EA5,IMPHASH=41721E0F933696D50AB32D544D64DCD3",
                                "OriginalFileName": "svchost.exe",
                                "ParentImage": "C:\\Windows\\SysWOW64\\explorer.exe",
                                "FileVersion": "10.0.17134.1276 (WinBuild.160101.0800)",
                                "ParentProcessId": "1584",
                                "CurrentDirectory": "C:\\Users\\george\\AppData\\Roaming\\",
                                "CommandLine": "-k netsvcs",
                                "EventID": "1",
                                "LogonGuid": "C784477D-F8C7-6481-1ABD-030000000000",
                                "LogonId": "245018",
                                "Image": "C:\\Windows\\SysWOW64\\svchost.exe",
                                "IntegrityLevel": "Medium",
                                "ParentCommandLine": "\"C:\\Windows\\syswow64\\explorer.exe\"",
                                "UtcTime": "1688152022",
                                "RuleName": "-"
                            }
                        },
                        {
                            "values": {
                                "TerminalSessionId": "1",
                                "ProcessGuid": "{C784477D-27DE-649F-7306-000000003400}",
                                "ProcessId": "2656",
                                "Product": "Microsoft\\xae Windows\\xae Operating System",
                                "Description": "Host Process for Windows Services",
                                "Company": "Microsoft Corporation",
                                "ParentProcessGuid": "{C784477D-27DE-649F-7206-000000003400}",
                                "User": "DESKTOP-B0T93D6\\george",
                                "Hashes": "MD5=D2CBFEB7C4619A898890FEB4C4514AA9,SHA256=59F4D42056BC43960C2B052FA9D615AD6E654C8AA1DFE3703342375523BA8EA5,IMPHASH=41721E0F933696D50AB32D544D64DCD3",
                                "OriginalFileName": "svchost.exe",
                                "ParentImage": "C:\\Windows\\SysWOW64\\explorer.exe",
                                "FileVersion": "10.0.17134.1276 (WinBuild.160101.0800)",
                                "ParentProcessId": "1272",
                                "CurrentDirectory": "C:\\63c89cd\\",
                                "CommandLine": "-k netsvcs",
                                "EventID": "1",
                                "LogonGuid": "C784477D-F8C7-6481-1ABD-030000000000",
                                "LogonId": "245018",
                                "Image": "C:\\Windows\\SysWOW64\\svchost.exe",
                                "IntegrityLevel": "Medium",
                                "ParentCommandLine": "\"C:\\Windows\\syswow64\\explorer.exe\"",
                                "UtcTime": "1688152030",
                                "RuleName": "-"
                            }
                        },
                        {
                            "values": {
                                "TerminalSessionId": "1",
                                "ProcessGuid": "{C784477D-27E6-649F-7806-000000003400}",
                                "ProcessId": "4436",
                                "Product": "Microsoft\\xae Windows\\xae Operating System",
                                "Description": "Host Process for Windows Services",
                                "Company": "Microsoft Corporation",
                                "ParentProcessGuid": "{C784477D-27E6-649F-7706-000000003400}",
                                "User": "DESKTOP-B0T93D6\\george",
                                "Hashes": "MD5=D2CBFEB7C4619A898890FEB4C4514AA9,SHA256=59F4D42056BC43960C2B052FA9D615AD6E654C8AA1DFE3703342375523BA8EA5,IMPHASH=41721E0F933696D50AB32D544D64DCD3",
                                "OriginalFileName": "svchost.exe",
                                "ParentImage": "C:\\Windows\\SysWOW64\\explorer.exe",
                                "FileVersion": "10.0.17134.1276 (WinBuild.160101.0800)",
                                "ParentProcessId": "3484",
                                "CurrentDirectory": "C:\\Users\\george\\AppData\\Roaming\\",
                                "CommandLine": "-k netsvcs",
                                "EventID": "1",
                                "LogonGuid": "C784477D-F8C7-6481-1ABD-030000000000",
                                "LogonId": "245018",
                                "Image": "C:\\Windows\\SysWOW64\\svchost.exe",
                                "IntegrityLevel": "Medium",
                                "ParentCommandLine": "\"C:\\Windows\\syswow64\\explorer.exe\"",
                                "UtcTime": "1688152038",
                                "RuleName": "-"
                            }
                        },
                        {
                            "values": {
                                "TerminalSessionId": "1",
                                "ProcessGuid": "{C784477D-27EF-649F-8106-000000003400}",
                                "ProcessId": "4028",
                                "Product": "Microsoft\\xae Windows\\xae Operating System",
                                "Description": "Host Process for Windows Services",
                                "Company": "Microsoft Corporation",
                                "ParentProcessGuid": "{C784477D-27EE-649F-8006-000000003400}",
                                "User": "DESKTOP-B0T93D6\\george",
                                "Hashes": "MD5=D2CBFEB7C4619A898890FEB4C4514AA9,SHA256=59F4D42056BC43960C2B052FA9D615AD6E654C8AA1DFE3703342375523BA8EA5,IMPHASH=41721E0F933696D50AB32D544D64DCD3",
                                "OriginalFileName": "svchost.exe",
                                "ParentImage": "C:\\Windows\\SysWOW64\\explorer.exe",
                                "FileVersion": "10.0.17134.1276 (WinBuild.160101.0800)",
                                "ParentProcessId": "3280",
                                "CurrentDirectory": "C:\\63c89cd\\",
                                "CommandLine": "-k netsvcs",
                                "EventID": "1",
                                "LogonGuid": "C784477D-F8C7-6481-1ABD-030000000000",
                                "LogonId": "245018",
                                "Image": "C:\\Windows\\SysWOW64\\svchost.exe",
                                "IntegrityLevel": "Medium",
                                "ParentCommandLine": "\"C:\\Windows\\syswow64\\explorer.exe\"",
                                "UtcTime": "1688152047",
                                "RuleName": "-"
                            }
                        },
                        {
                            "values": {
                                "TerminalSessionId": "1",
                                "ProcessGuid": "{C784477D-27F6-649F-8606-000000003400}",
                                "ProcessId": "3716",
                                "Product": "Microsoft\\xae Windows\\xae Operating System",
                                "Description": "Host Process for Windows Services",
                                "Company": "Microsoft Corporation",
                                "ParentProcessGuid": "{C784477D-27F6-649F-8506-000000003400}",
                                "User": "DESKTOP-B0T93D6\\george",
                                "Hashes": "MD5=D2CBFEB7C4619A898890FEB4C4514AA9,SHA256=59F4D42056BC43960C2B052FA9D615AD6E654C8AA1DFE3703342375523BA8EA5,IMPHASH=41721E0F933696D50AB32D544D64DCD3",
                                "OriginalFileName": "svchost.exe",
                                "ParentImage": "C:\\Windows\\SysWOW64\\explorer.exe",
                                "FileVersion": "10.0.17134.1276 (WinBuild.160101.0800)",
                                "ParentProcessId": "7020",
                                "CurrentDirectory": "C:\\Users\\george\\AppData\\Roaming\\",
                                "CommandLine": "-k netsvcs",
                                "EventID": "1",
                                "LogonGuid": "C784477D-F8C7-6481-1ABD-030000000000",
                                "LogonId": "245018",
                                "Image": "C:\\Windows\\SysWOW64\\svchost.exe",
                                "IntegrityLevel": "Medium",
                                "ParentCommandLine": "\"C:\\Windows\\syswow64\\explorer.exe\"",
                                "UtcTime": "1688152054",
                                "RuleName": "-"
                            }
                        },
                        {
                            "values": {
                                "TerminalSessionId": "1",
                                "ProcessGuid": "{C784477D-27FE-649F-8B06-000000003400}",
                                "ProcessId": "3852",
                                "Product": "Microsoft\\xae Windows\\xae Operating System",
                                "Description": "Host Process for Windows Services",
                                "Company": "Microsoft Corporation",
                                "ParentProcessGuid": "{C784477D-27FE-649F-8A06-000000003400}",
                                "User": "DESKTOP-B0T93D6\\george",
                                "Hashes": "MD5=D2CBFEB7C4619A898890FEB4C4514AA9,SHA256=59F4D42056BC43960C2B052FA9D615AD6E654C8AA1DFE3703342375523BA8EA5,IMPHASH=41721E0F933696D50AB32D544D64DCD3",
                                "OriginalFileName": "svchost.exe",
                                "ParentImage": "C:\\Windows\\SysWOW64\\explorer.exe",
                                "FileVersion": "10.0.17134.1276 (WinBuild.160101.0800)",
                                "ParentProcessId": "6192",
                                "CurrentDirectory": "C:\\Users\\george\\AppData\\Roaming\\Microsoft\\Windows\\Start Menu\\Programs\\Startup\\",
                                "CommandLine": "-k netsvcs",
                                "EventID": "1",
                                "LogonGuid": "C784477D-F8C7-6481-1ABD-030000000000",
                                "LogonId": "245018",
                                "Image": "C:\\Windows\\SysWOW64\\svchost.exe",
                                "IntegrityLevel": "Medium",
                                "ParentCommandLine": "\"C:\\Windows\\syswow64\\explorer.exe\"",
                                "UtcTime": "1688152062",
                                "RuleName": "-"
                            }
                        }
                    ],
                    "rule_level": "high",
                    "rule_description": "Detects a suspicious svchost process start",
                    "rule_source": "Sigma Integrated Rule Set (GitHub)",
                    "rule_title": "Suspicious Svchost Process",
                    "rule_id": "a0daa529834b3c5230b4524da005a6b6503e7cb061e298a8f74e0dc1fee0a008",
                    "rule_author": "Florian Roth (Nextron Systems)"
                },
                {
                    "match_context": [
                        {
                            "values": {
                                "TerminalSessionId": "1",
                                "ProcessGuid": "{C784477D-27B2-649F-5706-000000003400}",
                                "ProcessId": "7684",
                                "Product": "Microsoft\\xae Windows\\xae Operating System",
                                "Description": "Command Line Interface for Microsoft\\xae Volume Shadow Copy Service ",
                                "Company": "Microsoft Corporation",
                                "ParentProcessGuid": "{C784477D-27B1-649F-5406-000000003400}",
                                "User": "DESKTOP-B0T93D6\\george",
                                "Hashes": "MD5=7E30B94672107D3381A1D175CF18C147,SHA256=BB1D73C5104A722F228B39CCB24C6F2BB13EFCCA2EA65B013D33433550E3BCE7,IMPHASH=B8C53607A902DC54702978C63D6E8B2E",
                                "OriginalFileName": "VSSADMIN.EXE",
                                "ParentImage": "C:\\Windows\\SysWOW64\\explorer.exe",
                                "FileVersion": "10.0.17134.1 (WinBuild.160101.0800)",
                                "ParentProcessId": "7412",
                                "CurrentDirectory": "C:\\Users\\george\\Desktop\\",
                                "CommandLine": "vssadmin.exe Delete Shadows /All /Quiet",
                                "EventID": "1",
                                "LogonGuid": "C784477D-F8C7-6481-C0BC-030000000000",
                                "LogonId": "244928",
                                "Image": "C:\\Windows\\SysWOW64\\vssadmin.exe",
                                "IntegrityLevel": "High",
                                "ParentCommandLine": "\"C:\\Windows\\syswow64\\explorer.exe\"",
                                "UtcTime": "1688151986",
                                "RuleName": "-"
                            }
                        },
                        {
                            "values": {
                                "TerminalSessionId": "1",
                                "ProcessGuid": "{C784477D-27C6-649F-6506-000000003400}",
                                "ProcessId": "7932",
                                "Product": "Microsoft\\xae Windows\\xae Operating System",
                                "Description": "Command Line Interface for Microsoft\\xae Volume Shadow Copy Service ",
                                "Company": "Microsoft Corporation",
                                "ParentProcessGuid": "{C784477D-27C6-649F-6306-000000003400}",
                                "User": "DESKTOP-B0T93D6\\george",
                                "Hashes": "MD5=7E30B94672107D3381A1D175CF18C147,SHA256=BB1D73C5104A722F228B39CCB24C6F2BB13EFCCA2EA65B013D33433550E3BCE7,IMPHASH=B8C53607A902DC54702978C63D6E8B2E",
                                "OriginalFileName": "VSSADMIN.EXE",
                                "ParentImage": "C:\\Windows\\SysWOW64\\explorer.exe",
                                "FileVersion": "10.0.17134.1 (WinBuild.160101.0800)",
                                "ParentProcessId": "5848",
                                "CurrentDirectory": "C:\\Users\\george\\AppData\\Roaming\\",
                                "CommandLine": "vssadmin.exe Delete Shadows /All /Quiet",
                                "EventID": "1",
                                "LogonGuid": "C784477D-F8C7-6481-1ABD-030000000000",
                                "LogonId": "245018",
                                "Image": "C:\\Windows\\SysWOW64\\vssadmin.exe",
                                "IntegrityLevel": "Medium",
                                "ParentCommandLine": "\"C:\\Windows\\syswow64\\explorer.exe\"",
                                "UtcTime": "1688152006",
                                "RuleName": "-"
                            }
                        },
                        {
                            "values": {
                                "TerminalSessionId": "1",
                                "ProcessGuid": "{C784477D-27CE-649F-6A06-000000003400}",
                                "ProcessId": "7980",
                                "Product": "Microsoft\\xae Windows\\xae Operating System",
                                "Description": "Command Line Interface for Microsoft\\xae Volume Shadow Copy Service ",
                                "Company": "Microsoft Corporation",
                                "ParentProcessGuid": "{C784477D-27CE-649F-6806-000000003400}",
                                "User": "DESKTOP-B0T93D6\\george",
                                "Hashes": "MD5=7E30B94672107D3381A1D175CF18C147,SHA256=BB1D73C5104A722F228B39CCB24C6F2BB13EFCCA2EA65B013D33433550E3BCE7,IMPHASH=B8C53607A902DC54702978C63D6E8B2E",
                                "OriginalFileName": "VSSADMIN.EXE",
                                "ParentImage": "C:\\Windows\\SysWOW64\\explorer.exe",
                                "FileVersion": "10.0.17134.1 (WinBuild.160101.0800)",
                                "ParentProcessId": "5500",
                                "CurrentDirectory": "C:\\63c89cd\\",
                                "CommandLine": "vssadmin.exe Delete Shadows /All /Quiet",
                                "EventID": "1",
                                "LogonGuid": "C784477D-F8C7-6481-1ABD-030000000000",
                                "LogonId": "245018",
                                "Image": "C:\\Windows\\SysWOW64\\vssadmin.exe",
                                "IntegrityLevel": "Medium",
                                "ParentCommandLine": "\"C:\\Windows\\syswow64\\explorer.exe\"",
                                "UtcTime": "1688152014",
                                "RuleName": "-"
                            }
                        },
                        {
                            "values": {
                                "TerminalSessionId": "1",
                                "ProcessGuid": "{C784477D-27D6-649F-6F06-000000003400}",
                                "ProcessId": "2724",
                                "Product": "Microsoft\\xae Windows\\xae Operating System",
                                "Description": "Command Line Interface for Microsoft\\xae Volume Shadow Copy Service ",
                                "Company": "Microsoft Corporation",
                                "ParentProcessGuid": "{C784477D-27D6-649F-6D06-000000003400}",
                                "User": "DESKTOP-B0T93D6\\george",
                                "Hashes": "MD5=7E30B94672107D3381A1D175CF18C147,SHA256=BB1D73C5104A722F228B39CCB24C6F2BB13EFCCA2EA65B013D33433550E3BCE7,IMPHASH=B8C53607A902DC54702978C63D6E8B2E",
                                "OriginalFileName": "VSSADMIN.EXE",
                                "ParentImage": "C:\\Windows\\SysWOW64\\explorer.exe",
                                "FileVersion": "10.0.17134.1 (WinBuild.160101.0800)",
                                "ParentProcessId": "1584",
                                "CurrentDirectory": "C:\\Users\\george\\AppData\\Roaming\\",
                                "CommandLine": "vssadmin.exe Delete Shadows /All /Quiet",
                                "EventID": "1",
                                "LogonGuid": "C784477D-F8C7-6481-1ABD-030000000000",
                                "LogonId": "245018",
                                "Image": "C:\\Windows\\SysWOW64\\vssadmin.exe",
                                "IntegrityLevel": "Medium",
                                "ParentCommandLine": "\"C:\\Windows\\syswow64\\explorer.exe\"",
                                "UtcTime": "1688152022",
                                "RuleName": "-"
                            }
                        },
                        {
                            "values": {
                                "TerminalSessionId": "1",
                                "ProcessGuid": "{C784477D-27DE-649F-7406-000000003400}",
                                "ProcessId": "7276",
                                "Product": "Microsoft\\xae Windows\\xae Operating System",
                                "Description": "Command Line Interface for Microsoft\\xae Volume Shadow Copy Service ",
                                "Company": "Microsoft Corporation",
                                "ParentProcessGuid": "{C784477D-27DE-649F-7206-000000003400}",
                                "User": "DESKTOP-B0T93D6\\george",
                                "Hashes": "MD5=7E30B94672107D3381A1D175CF18C147,SHA256=BB1D73C5104A722F228B39CCB24C6F2BB13EFCCA2EA65B013D33433550E3BCE7,IMPHASH=B8C53607A902DC54702978C63D6E8B2E",
                                "OriginalFileName": "VSSADMIN.EXE",
                                "ParentImage": "C:\\Windows\\SysWOW64\\explorer.exe",
                                "FileVersion": "10.0.17134.1 (WinBuild.160101.0800)",
                                "ParentProcessId": "1272",
                                "CurrentDirectory": "C:\\63c89cd\\",
                                "CommandLine": "vssadmin.exe Delete Shadows /All /Quiet",
                                "EventID": "1",
                                "LogonGuid": "C784477D-F8C7-6481-1ABD-030000000000",
                                "LogonId": "245018",
                                "Image": "C:\\Windows\\SysWOW64\\vssadmin.exe",
                                "IntegrityLevel": "Medium",
                                "ParentCommandLine": "\"C:\\Windows\\syswow64\\explorer.exe\"",
                                "UtcTime": "1688152030",
                                "RuleName": "-"
                            }
                        },
                        {
                            "values": {
                                "TerminalSessionId": "1",
                                "ProcessGuid": "{C784477D-27E7-649F-7906-000000003400}",
                                "ProcessId": "7440",
                                "Product": "Microsoft\\xae Windows\\xae Operating System",
                                "Description": "Command Line Interface for Microsoft\\xae Volume Shadow Copy Service ",
                                "Company": "Microsoft Corporation",
                                "ParentProcessGuid": "{C784477D-27E6-649F-7706-000000003400}",
                                "User": "DESKTOP-B0T93D6\\george",
                                "Hashes": "MD5=7E30B94672107D3381A1D175CF18C147,SHA256=BB1D73C5104A722F228B39CCB24C6F2BB13EFCCA2EA65B013D33433550E3BCE7,IMPHASH=B8C53607A902DC54702978C63D6E8B2E",
                                "OriginalFileName": "VSSADMIN.EXE",
                                "ParentImage": "C:\\Windows\\SysWOW64\\explorer.exe",
                                "FileVersion": "10.0.17134.1 (WinBuild.160101.0800)",
                                "ParentProcessId": "3484",
                                "CurrentDirectory": "C:\\Users\\george\\AppData\\Roaming\\",
                                "CommandLine": "vssadmin.exe Delete Shadows /All /Quiet",
                                "EventID": "1",
                                "LogonGuid": "C784477D-F8C7-6481-1ABD-030000000000",
                                "LogonId": "245018",
                                "Image": "C:\\Windows\\SysWOW64\\vssadmin.exe",
                                "IntegrityLevel": "Medium",
                                "ParentCommandLine": "\"C:\\Windows\\syswow64\\explorer.exe\"",
                                "UtcTime": "1688152039",
                                "RuleName": "-"
                            }
                        },
                        {
                            "values": {
                                "TerminalSessionId": "1",
                                "ProcessGuid": "{C784477D-27EF-649F-8206-000000003400}",
                                "ProcessId": "800",
                                "Product": "Microsoft\\xae Windows\\xae Operating System",
                                "Description": "Command Line Interface for Microsoft\\xae Volume Shadow Copy Service ",
                                "Company": "Microsoft Corporation",
                                "ParentProcessGuid": "{C784477D-27EE-649F-8006-000000003400}",
                                "User": "DESKTOP-B0T93D6\\george",
                                "Hashes": "MD5=7E30B94672107D3381A1D175CF18C147,SHA256=BB1D73C5104A722F228B39CCB24C6F2BB13EFCCA2EA65B013D33433550E3BCE7,IMPHASH=B8C53607A902DC54702978C63D6E8B2E",
                                "OriginalFileName": "VSSADMIN.EXE",
                                "ParentImage": "C:\\Windows\\SysWOW64\\explorer.exe",
                                "FileVersion": "10.0.17134.1 (WinBuild.160101.0800)",
                                "ParentProcessId": "3280",
                                "CurrentDirectory": "C:\\63c89cd\\",
                                "CommandLine": "vssadmin.exe Delete Shadows /All /Quiet",
                                "EventID": "1",
                                "LogonGuid": "C784477D-F8C7-6481-1ABD-030000000000",
                                "LogonId": "245018",
                                "Image": "C:\\Windows\\SysWOW64\\vssadmin.exe",
                                "IntegrityLevel": "Medium",
                                "ParentCommandLine": "\"C:\\Windows\\syswow64\\explorer.exe\"",
                                "UtcTime": "1688152047",
                                "RuleName": "-"
                            }
                        },
                        {
                            "values": {
                                "TerminalSessionId": "1",
                                "ProcessGuid": "{C784477D-27F6-649F-8706-000000003400}",
                                "ProcessId": "6556",
                                "Product": "Microsoft\\xae Windows\\xae Operating System",
                                "Description": "Command Line Interface for Microsoft\\xae Volume Shadow Copy Service ",
                                "Company": "Microsoft Corporation",
                                "ParentProcessGuid": "{C784477D-27F6-649F-8506-000000003400}",
                                "User": "DESKTOP-B0T93D6\\george",
                                "Hashes": "MD5=7E30B94672107D3381A1D175CF18C147,SHA256=BB1D73C5104A722F228B39CCB24C6F2BB13EFCCA2EA65B013D33433550E3BCE7,IMPHASH=B8C53607A902DC54702978C63D6E8B2E",
                                "OriginalFileName": "VSSADMIN.EXE",
                                "ParentImage": "C:\\Windows\\SysWOW64\\explorer.exe",
                                "FileVersion": "10.0.17134.1 (WinBuild.160101.0800)",
                                "ParentProcessId": "7020",
                                "CurrentDirectory": "C:\\Users\\george\\AppData\\Roaming\\",
                                "CommandLine": "vssadmin.exe Delete Shadows /All /Quiet",
                                "EventID": "1",
                                "LogonGuid": "C784477D-F8C7-6481-1ABD-030000000000",
                                "LogonId": "245018",
                                "Image": "C:\\Windows\\SysWOW64\\vssadmin.exe",
                                "IntegrityLevel": "Medium",
                                "ParentCommandLine": "\"C:\\Windows\\syswow64\\explorer.exe\"",
                                "UtcTime": "1688152054",
                                "RuleName": "-"
                            }
                        },
                        {
                            "values": {
                                "TerminalSessionId": "1",
                                "ProcessGuid": "{C784477D-27FE-649F-8C06-000000003400}",
                                "ProcessId": "6512",
                                "Product": "Microsoft\\xae Windows\\xae Operating System",
                                "Description": "Command Line Interface for Microsoft\\xae Volume Shadow Copy Service ",
                                "Company": "Microsoft Corporation",
                                "ParentProcessGuid": "{C784477D-27FE-649F-8A06-000000003400}",
                                "User": "DESKTOP-B0T93D6\\george",
                                "Hashes": "MD5=7E30B94672107D3381A1D175CF18C147,SHA256=BB1D73C5104A722F228B39CCB24C6F2BB13EFCCA2EA65B013D33433550E3BCE7,IMPHASH=B8C53607A902DC54702978C63D6E8B2E",
                                "OriginalFileName": "VSSADMIN.EXE",
                                "ParentImage": "C:\\Windows\\SysWOW64\\explorer.exe",
                                "FileVersion": "10.0.17134.1 (WinBuild.160101.0800)",
                                "ParentProcessId": "6192",
                                "CurrentDirectory": "C:\\Users\\george\\AppData\\Roaming\\Microsoft\\Windows\\Start Menu\\Programs\\Startup\\",
                                "CommandLine": "vssadmin.exe Delete Shadows /All /Quiet",
                                "EventID": "1",
                                "LogonGuid": "C784477D-F8C7-6481-1ABD-030000000000",
                                "LogonId": "245018",
                                "Image": "C:\\Windows\\SysWOW64\\vssadmin.exe",
                                "IntegrityLevel": "Medium",
                                "ParentCommandLine": "\"C:\\Windows\\syswow64\\explorer.exe\"",
                                "UtcTime": "1688152062",
                                "RuleName": "-"
                            }
                        }
                    ],
                    "rule_level": "high",
                    "rule_description": "Shadow Copies deletion using operating systems utilities",
                    "rule_source": "Sigma Integrated Rule Set (GitHub)",
                    "rule_title": "Shadow Copies Deletion Using Operating Systems Utilities",
                    "rule_id": "ad5e4d4b939797a70a9aa742d979a4742c2cfedddd663fb1a43b2795c1e6054b",
                    "rule_author": "Florian Roth (Nextron Systems), Michael Haag, Teymur Kheirkhabarov, Daniil Yugoslavskiy, oscd.community, Andreas Hunkeler (@Karneades)"
                },
                {
                    "match_context": [
                        {
                            "values": {
                                "EventID": "8",
                                "TargetProcessGuid": "{C784477D-27B1-649F-5406-000000003400}",
                                "NewThreadId": "7596",
                                "StartModule": "-",
                                "StartFunction": "-",
                                "UtcTime": "1688151985",
                                "TargetImage": "C:\\Windows\\SysWOW64\\explorer.exe",
                                "SourceProcessId": "6868",
                                "SourceImage": "C:\\Users\\george\\Desktop\\executable.exe",
                                "TargetProcessId": "7412",
                                "RuleName": "-",
                                "SourceProcessGuid": "{C784477D-27B1-649F-5306-000000003400}",
                                "StartAddress": "10240880"
                            }
                        },
