                        {
                            "values": {
                                "EventID": "8",
                                "TargetImage": "C:\\Windows\\SysWOW64\\explorer.exe",
                                "TargetProcessGuid": "{C784477D-27BE-649F-5B06-000000003400}",
                                "NewThreadId": "7956",
                                "StartModule": "-",
                                "UtcTime": "1688151998",
                                "StartFunction": "-",
                                "SourceProcessId": "7648",
                                "SourceImage": "C:\\63c89cd\\63c89cd.exe",
                                "TargetProcessId": "7960",
                                "RuleName": "-",
                                "SourceProcessGuid": "{C784477D-27BE-649F-5A06-000000003400}",
                                "StartAddress": "50611056"
                            }
                        },
                        {
                            "values": {
                                "EventID": "8",
                                "TargetImage": "C:\\Windows\\SysWOW64\\explorer.exe",
                                "TargetProcessGuid": "{C784477D-27C6-649F-6306-000000003400}",
                                "NewThreadId": "4148",
                                "StartModule": "-",
                                "UtcTime": "1688152006",
                                "StartFunction": "-",
                                "SourceProcessId": "7424",
                                "SourceImage": "C:\\Users\\george\\AppData\\Roaming\\63c89cd.exe",
                                "TargetProcessId": "5848",
                                "RuleName": "-",
                                "StartAddress": "1393520",
                                "SourceProcessGuid": "{C784477D-27C6-649F-6206-000000003400}"
                            }
                        },
                        {
                            "values": {
                                "EventID": "8",
                                "TargetProcessGuid": "{C784477D-27CE-649F-6806-000000003400}",
                                "NewThreadId": "3132",
                                "StartModule": "-",
                                "StartFunction": "-",
                                "UtcTime": "1688152014",
                                "TargetImage": "C:\\Windows\\SysWOW64\\explorer.exe",
                                "SourceProcessId": "3556",
                                "SourceImage": "C:\\63c89cd\\63c89cd.exe",
                                "TargetProcessId": "5500",
                                "RuleName": "-",
                                "SourceProcessGuid": "{C784477D-27CE-649F-6706-000000003400}",
                                "StartAddress": "5522288"
                            }
                        },
                        {
                            "values": {
                                "EventID": "8",
                                "TargetProcessGuid": "{C784477D-27D6-649F-6D06-000000003400}",
                                "NewThreadId": "4220",
                                "StartModule": "-",
                                "StartFunction": "-",
                                "UtcTime": "1688152022",
                                "TargetImage": "C:\\Windows\\SysWOW64\\explorer.exe",
                                "SourceProcessId": "4776",
                                "SourceImage": "C:\\Users\\george\\AppData\\Roaming\\63c89cd.exe",
                                "TargetProcessId": "1584",
                                "RuleName": "-",
                                "StartAddress": "51659632",
                                "SourceProcessGuid": "{C784477D-27D6-649F-6C06-000000003400}"
                            }
                        },
                        {
                            "values": {
                                "EventID": "8",
                                "TargetImage": "C:\\Windows\\SysWOW64\\explorer.exe",
                                "TargetProcessGuid": "{C784477D-27DE-649F-7206-000000003400}",
                                "NewThreadId": "908",
                                "StartModule": "-",
                                "SourceProcessId": "5408",
                                "StartFunction": "-",
                                "UtcTime": "1688152030",
                                "SourceImage": "C:\\63c89cd\\63c89cd.exe",
                                "TargetProcessId": "1272",
                                "RuleName": "-",
                                "SourceProcessGuid": "{C784477D-27DE-649F-7106-000000003400}",
                                "StartAddress": "6046576"
                            }
                        },
                        {
                            "values": {
                                "EventID": "8",
                                "TargetImage": "C:\\Windows\\SysWOW64\\explorer.exe",
                                "TargetProcessGuid": "{C784477D-27E6-649F-7706-000000003400}",
                                "NewThreadId": "3500",
                                "StartModule": "-",
                                "UtcTime": "1688152038",
                                "StartFunction": "-",
                                "SourceProcessId": "336",
                                "SourceImage": "C:\\Users\\george\\AppData\\Roaming\\63c89cd.exe",
                                "TargetProcessId": "3484",
                                "RuleName": "-",
                                "SourceProcessGuid": "{C784477D-27E6-649F-7606-000000003400}",
                                "StartAddress": "3621744"
                            }
                        },
                        {
                            "values": {
                                "EventID": "8",
                                "TargetProcessGuid": "{C784477D-27EE-649F-8006-000000003400}",
                                "NewThreadId": "828",
                                "StartModule": "-",
                                "StartFunction": "-",
                                "UtcTime": "1688152046",
                                "TargetImage": "C:\\Windows\\SysWOW64\\explorer.exe",
                                "SourceProcessId": "6620",
                                "SourceImage": "C:\\63c89cd\\63c89cd.exe",
                                "TargetProcessId": "3280",
                                "RuleName": "-",
                                "SourceProcessGuid": "{C784477D-27EE-649F-7F06-000000003400}",
                                "StartAddress": "5325680"
                            }
                        },
                        {
                            "values": {
                                "EventID": "8",
                                "TargetProcessGuid": "{C784477D-27F6-649F-8506-000000003400}",
                                "NewThreadId": "3596",
                                "StartModule": "-",
                                "StartFunction": "-",
                                "SourceProcessId": "2232",
                                "TargetImage": "C:\\Windows\\SysWOW64\\explorer.exe",
                                "UtcTime": "1688152054",
                                "SourceImage": "C:\\Users\\george\\AppData\\Roaming\\63c89cd.exe",
                                "TargetProcessId": "7020",
                                "RuleName": "-",
                                "SourceProcessGuid": "{C784477D-27F6-649F-8406-000000003400}",
                                "StartAddress": "11682672"
                            }
                        }
                    ],
                    "rule_level": "high",
                    "rule_description": "Detects uncommon target processes for remote thread creation",
                    "rule_source": "Sigma Integrated Rule Set (GitHub)",
                    "rule_title": "Remote Thread Creation In Uncommon Target Image",
                    "rule_id": "ea7ec9e92c165a4cef023fd658ef72279f03378ab53f4481eb973ecb2171b193",
                    "rule_author": "Florian Roth (Nextron Systems)"
                },
                {
                    "match_context": [
                        {
                            "values": {
                                "EventID": "13",
                                "ProcessId": "7412",
                                "EventType": "SetValue",
                                "Image": "C:\\Windows\\SysWOW64\\explorer.exe",
                                "RuleName": "T1060,RunKey",
                                "UtcTime": "1688151985",
                                "Details": "C:\\63c89cd\\63c89cd.exe",
                                "ProcessGuid": "{C784477D-27B1-649F-5406-000000003400}",
                                "TargetObject": "HKU\\S-1-5-21-1015118539-3749460369-599379286-1001\\Software\\Microsoft\\Windows\\CurrentVersion\\Run\\63c89c"
                            }
                        },
                        {
                            "values": {
                                "EventID": "13",
                                "ProcessId": "7412",
                                "EventType": "SetValue",
                                "Image": "C:\\Windows\\SysWOW64\\explorer.exe",
                                "RuleName": "T1060,RunKey",
                                "UtcTime": "1688151985",
                                "Details": "C:\\63c89cd\\63c89cd.exe",
                                "ProcessGuid": "{C784477D-27B1-649F-5406-000000003400}",
                                "TargetObject": "HKU\\S-1-5-21-1015118539-3749460369-599379286-1001\\Software\\Microsoft\\Windows\\CurrentVersion\\RunOnce\\*3c89c"
                            }
                        },
                        {
                            "values": {
                                "EventID": "13",
                                "ProcessId": "7412",
                                "EventType": "SetValue",
                                "Image": "C:\\Windows\\SysWOW64\\explorer.exe",
                                "RuleName": "T1060,RunKey",
                                "UtcTime": "1688151985",
                                "Details": "C:\\Users\\george\\AppData\\Roaming\\63c89cd.exe",
                                "ProcessGuid": "{C784477D-27B1-649F-5406-000000003400}",
                                "TargetObject": "HKU\\S-1-5-21-1015118539-3749460369-599379286-1001\\Software\\Microsoft\\Windows\\CurrentVersion\\Run\\63c89cd"
                            }
                        },
                        {
                            "values": {
                                "EventID": "13",
                                "ProcessId": "7412",
                                "EventType": "SetValue",
                                "Image": "C:\\Windows\\SysWOW64\\explorer.exe",
                                "ProcessGuid": "{C784477D-27B1-649F-5406-000000003400}",
                                "UtcTime": "1688151985",
                                "Details": "C:\\Users\\george\\AppData\\Roaming\\63c89cd.exe",
                                "RuleName": "T1060,RunKey",
                                "TargetObject": "HKU\\S-1-5-21-1015118539-3749460369-599379286-1001\\Software\\Microsoft\\Windows\\CurrentVersion\\RunOnce\\*3c89cd"
                            }
                        }
                    ],
                    "rule_level": "medium",
                    "rule_description": "Detects modification of autostart extensibility point (ASEP) in registry.",
                    "rule_source": "Sigma Integrated Rule Set (GitHub)",
                    "rule_title": "CurrentVersion Autorun Keys Modification",
                    "rule_id": "8b5db9da5732dc549b0e8b56fe5933d7c95ed760f3ac20568ab95347ef8c5bcc",
                    "rule_author": "Victor Sergeev, Daniil Yugoslavskiy, Gleb Sukhodolskiy, Timur Zinniatullin, oscd.community, Tim Shelton, frack113 (split)"
                },
                {
                    "match_context": [
                        {
                            "values": {
                                "TerminalSessionId": "1",
                                "ProcessGuid": "{C784477D-27B2-649F-5706-000000003400}",
                                "ProcessId": "7684",
                                "Product": "Microsoft\\xae Windows\\xae Operating System",
                                "Description": "Command Line Interface for Microsoft\\xae Volume Shadow Copy Service ",
                                "Company": "Microsoft Corporation",
                                "ParentProcessGuid": "{C784477D-27B1-649F-5406-000000003400}",
                                "User": "DESKTOP-B0T93D6\\george",
                                "Hashes": "MD5=7E30B94672107D3381A1D175CF18C147,SHA256=BB1D73C5104A722F228B39CCB24C6F2BB13EFCCA2EA65B013D33433550E3BCE7,IMPHASH=B8C53607A902DC54702978C63D6E8B2E",
                                "OriginalFileName": "VSSADMIN.EXE",
                                "ParentImage": "C:\\Windows\\SysWOW64\\explorer.exe",
                                "FileVersion": "10.0.17134.1 (WinBuild.160101.0800)",
                                "ParentProcessId": "7412",
                                "CurrentDirectory": "C:\\Users\\george\\Desktop\\",
                                "CommandLine": "vssadmin.exe Delete Shadows /All /Quiet",
                                "EventID": "1",
                                "LogonGuid": "C784477D-F8C7-6481-C0BC-030000000000",
                                "LogonId": "244928",
                                "Image": "C:\\Windows\\SysWOW64\\vssadmin.exe",
                                "IntegrityLevel": "High",
                                "ParentCommandLine": "\"C:\\Windows\\syswow64\\explorer.exe\"",
                                "UtcTime": "1688151986",
                                "RuleName": "-"
                            }
                        },
                        {
                            "values": {
                                "TerminalSessionId": "1",
                                "ProcessGuid": "{C784477D-27C6-649F-6506-000000003400}",
                                "ProcessId": "7932",
                                "Product": "Microsoft\\xae Windows\\xae Operating System",
                                "Description": "Command Line Interface for Microsoft\\xae Volume Shadow Copy Service ",
                                "Company": "Microsoft Corporation",
                                "ParentProcessGuid": "{C784477D-27C6-649F-6306-000000003400}",
                                "User": "DESKTOP-B0T93D6\\george",
                                "Hashes": "MD5=7E30B94672107D3381A1D175CF18C147,SHA256=BB1D73C5104A722F228B39CCB24C6F2BB13EFCCA2EA65B013D33433550E3BCE7,IMPHASH=B8C53607A902DC54702978C63D6E8B2E",
                                "OriginalFileName": "VSSADMIN.EXE",
                                "ParentImage": "C:\\Windows\\SysWOW64\\explorer.exe",
                                "FileVersion": "10.0.17134.1 (WinBuild.160101.0800)",
                                "ParentProcessId": "5848",
                                "CurrentDirectory": "C:\\Users\\george\\AppData\\Roaming\\",
                                "CommandLine": "vssadmin.exe Delete Shadows /All /Quiet",
                                "EventID": "1",
                                "LogonGuid": "C784477D-F8C7-6481-1ABD-030000000000",
                                "LogonId": "245018",
                                "Image": "C:\\Windows\\SysWOW64\\vssadmin.exe",
                                "IntegrityLevel": "Medium",
                                "ParentCommandLine": "\"C:\\Windows\\syswow64\\explorer.exe\"",
                                "UtcTime": "1688152006",
                                "RuleName": "-"
                            }
                        },
                        {
                            "values": {
                                "TerminalSessionId": "1",
                                "ProcessGuid": "{C784477D-27CE-649F-6A06-000000003400}",
                                "ProcessId": "7980",
                                "Product": "Microsoft\\xae Windows\\xae Operating System",
                                "Description": "Command Line Interface for Microsoft\\xae Volume Shadow Copy Service ",
                                "Company": "Microsoft Corporation",
                                "ParentProcessGuid": "{C784477D-27CE-649F-6806-000000003400}",
                                "User": "DESKTOP-B0T93D6\\george",
                                "Hashes": "MD5=7E30B94672107D3381A1D175CF18C147,SHA256=BB1D73C5104A722F228B39CCB24C6F2BB13EFCCA2EA65B013D33433550E3BCE7,IMPHASH=B8C53607A902DC54702978C63D6E8B2E",
                                "OriginalFileName": "VSSADMIN.EXE",
                                "ParentImage": "C:\\Windows\\SysWOW64\\explorer.exe",
                                "FileVersion": "10.0.17134.1 (WinBuild.160101.0800)",
                                "ParentProcessId": "5500",
                                "CurrentDirectory": "C:\\63c89cd\\",
                                "CommandLine": "vssadmin.exe Delete Shadows /All /Quiet",
                                "EventID": "1",
                                "LogonGuid": "C784477D-F8C7-6481-1ABD-030000000000",
                                "LogonId": "245018",
                                "Image": "C:\\Windows\\SysWOW64\\vssadmin.exe",
                                "IntegrityLevel": "Medium",
                                "ParentCommandLine": "\"C:\\Windows\\syswow64\\explorer.exe\"",
                                "UtcTime": "1688152014",
                                "RuleName": "-"
                            }
                        },
                        {
                            "values": {
                                "TerminalSessionId": "1",
                                "ProcessGuid": "{C784477D-27D6-649F-6F06-000000003400}",
                                "ProcessId": "2724",
                                "Product": "Microsoft\\xae Windows\\xae Operating System",
                                "Description": "Command Line Interface for Microsoft\\xae Volume Shadow Copy Service ",
                                "Company": "Microsoft Corporation",
                                "ParentProcessGuid": "{C784477D-27D6-649F-6D06-000000003400}",
                                "User": "DESKTOP-B0T93D6\\george",
                                "Hashes": "MD5=7E30B94672107D3381A1D175CF18C147,SHA256=BB1D73C5104A722F228B39CCB24C6F2BB13EFCCA2EA65B013D33433550E3BCE7,IMPHASH=B8C53607A902DC54702978C63D6E8B2E",
                                "OriginalFileName": "VSSADMIN.EXE",
                                "ParentImage": "C:\\Windows\\SysWOW64\\explorer.exe",
                                "FileVersion": "10.0.17134.1 (WinBuild.160101.0800)",
                                "ParentProcessId": "1584",
                                "CurrentDirectory": "C:\\Users\\george\\AppData\\Roaming\\",
                                "CommandLine": "vssadmin.exe Delete Shadows /All /Quiet",
                                "EventID": "1",
                                "LogonGuid": "C784477D-F8C7-6481-1ABD-030000000000",
                                "LogonId": "245018",
                                "Image": "C:\\Windows\\SysWOW64\\vssadmin.exe",
                                "IntegrityLevel": "Medium",
                                "ParentCommandLine": "\"C:\\Windows\\syswow64\\explorer.exe\"",
                                "UtcTime": "1688152022",
                                "RuleName": "-"
                            }
                        },
                        {
                            "values": {
                                "TerminalSessionId": "1",
                                "ProcessGuid": "{C784477D-27DE-649F-7406-000000003400}",
                                "ProcessId": "7276",
                                "Product": "Microsoft\\xae Windows\\xae Operating System",
                                "Description": "Command Line Interface for Microsoft\\xae Volume Shadow Copy Service ",
                                "Company": "Microsoft Corporation",
                                "ParentProcessGuid": "{C784477D-27DE-649F-7206-000000003400}",
                                "User": "DESKTOP-B0T93D6\\george",
                                "Hashes": "MD5=7E30B94672107D3381A1D175CF18C147,SHA256=BB1D73C5104A722F228B39CCB24C6F2BB13EFCCA2EA65B013D33433550E3BCE7,IMPHASH=B8C53607A902DC54702978C63D6E8B2E",
                                "OriginalFileName": "VSSADMIN.EXE",
                                "ParentImage": "C:\\Windows\\SysWOW64\\explorer.exe",
                                "FileVersion": "10.0.17134.1 (WinBuild.160101.0800)",
                                "ParentProcessId": "1272",
                                "CurrentDirectory": "C:\\63c89cd\\",
                                "CommandLine": "vssadmin.exe Delete Shadows /All /Quiet",
                                "EventID": "1",
                                "LogonGuid": "C784477D-F8C7-6481-1ABD-030000000000",
                                "LogonId": "245018",
                                "Image": "C:\\Windows\\SysWOW64\\vssadmin.exe",
                                "IntegrityLevel": "Medium",
                                "ParentCommandLine": "\"C:\\Windows\\syswow64\\explorer.exe\"",
                                "UtcTime": "1688152030",
                                "RuleName": "-"
                            }
                        },
                        {
                            "values": {
                                "TerminalSessionId": "1",
                                "ProcessGuid": "{C784477D-27E7-649F-7906-000000003400}",
                                "ProcessId": "7440",
                                "Product": "Microsoft\\xae Windows\\xae Operating System",
                                "Description": "Command Line Interface for Microsoft\\xae Volume Shadow Copy Service ",
                                "Company": "Microsoft Corporation",
                                "ParentProcessGuid": "{C784477D-27E6-649F-7706-000000003400}",
                                "User": "DESKTOP-B0T93D6\\george",
                                "Hashes": "MD5=7E30B94672107D3381A1D175CF18C147,SHA256=BB1D73C5104A722F228B39CCB24C6F2BB13EFCCA2EA65B013D33433550E3BCE7,IMPHASH=B8C53607A902DC54702978C63D6E8B2E",
                                "OriginalFileName": "VSSADMIN.EXE",
                                "ParentImage": "C:\\Windows\\SysWOW64\\explorer.exe",
                                "FileVersion": "10.0.17134.1 (WinBuild.160101.0800)",
                                "ParentProcessId": "3484",
                                "CurrentDirectory": "C:\\Users\\george\\AppData\\Roaming\\",
                                "CommandLine": "vssadmin.exe Delete Shadows /All /Quiet",
                                "EventID": "1",
                                "LogonGuid": "C784477D-F8C7-6481-1ABD-030000000000",
                                "LogonId": "245018",
                                "Image": "C:\\Windows\\SysWOW64\\vssadmin.exe",
                                "IntegrityLevel": "Medium",
                                "ParentCommandLine": "\"C:\\Windows\\syswow64\\explorer.exe\"",
                                "UtcTime": "1688152039",
                                "RuleName": "-"
                            }
                        },
                        {
                            "values": {
                                "TerminalSessionId": "1",
                                "ProcessGuid": "{C784477D-27EF-649F-8206-000000003400}",
                                "ProcessId": "800",
                                "Product": "Microsoft\\xae Windows\\xae Operating System",
                                "Description": "Command Line Interface for Microsoft\\xae Volume Shadow Copy Service ",
                                "Company": "Microsoft Corporation",
                                "ParentProcessGuid": "{C784477D-27EE-649F-8006-000000003400}",
                                "User": "DESKTOP-B0T93D6\\george",
                                "Hashes": "MD5=7E30B94672107D3381A1D175CF18C147,SHA256=BB1D73C5104A722F228B39CCB24C6F2BB13EFCCA2EA65B013D33433550E3BCE7,IMPHASH=B8C53607A902DC54702978C63D6E8B2E",
                                "OriginalFileName": "VSSADMIN.EXE",
                                "ParentImage": "C:\\Windows\\SysWOW64\\explorer.exe",
                                "FileVersion": "10.0.17134.1 (WinBuild.160101.0800)",
                                "ParentProcessId": "3280",
                                "CurrentDirectory": "C:\\63c89cd\\",
                                "CommandLine": "vssadmin.exe Delete Shadows /All /Quiet",
                                "EventID": "1",
                                "LogonGuid": "C784477D-F8C7-6481-1ABD-030000000000",
                                "LogonId": "245018",
                                "Image": "C:\\Windows\\SysWOW64\\vssadmin.exe",
                                "IntegrityLevel": "Medium",
                                "ParentCommandLine": "\"C:\\Windows\\syswow64\\explorer.exe\"",
                                "UtcTime": "1688152047",
                                "RuleName": "-"
                            }
                        },
                        {
                            "values": {
                                "TerminalSessionId": "1",
                                "ProcessGuid": "{C784477D-27F6-649F-8706-000000003400}",
                                "ProcessId": "6556",
                                "Product": "Microsoft\\xae Windows\\xae Operating System",
                                "Description": "Command Line Interface for Microsoft\\xae Volume Shadow Copy Service ",
                                "Company": "Microsoft Corporation",
                                "ParentProcessGuid": "{C784477D-27F6-649F-8506-000000003400}",
                                "User": "DESKTOP-B0T93D6\\george",
                                "Hashes": "MD5=7E30B94672107D3381A1D175CF18C147,SHA256=BB1D73C5104A722F228B39CCB24C6F2BB13EFCCA2EA65B013D33433550E3BCE7,IMPHASH=B8C53607A902DC54702978C63D6E8B2E",
                                "OriginalFileName": "VSSADMIN.EXE",
                                "ParentImage": "C:\\Windows\\SysWOW64\\explorer.exe",
                                "FileVersion": "10.0.17134.1 (WinBuild.160101.0800)",
                                "ParentProcessId": "7020",
                                "CurrentDirectory": "C:\\Users\\george\\AppData\\Roaming\\",
                                "CommandLine": "vssadmin.exe Delete Shadows /All /Quiet",
                                "EventID": "1",
                                "LogonGuid": "C784477D-F8C7-6481-1ABD-030000000000",
                                "LogonId": "245018",
                                "Image": "C:\\Windows\\SysWOW64\\vssadmin.exe",
                                "IntegrityLevel": "Medium",
                                "ParentCommandLine": "\"C:\\Windows\\syswow64\\explorer.exe\"",
                                "UtcTime": "1688152054",
                                "RuleName": "-"
                            }
                        },
                        {
                            "values": {
                                "TerminalSessionId": "1",
                                "ProcessGuid": "{C784477D-27FE-649F-8C06-000000003400}",
                                "ProcessId": "6512",
                                "Product": "Microsoft\\xae Windows\\xae Operating System",
                                "Description": "Command Line Interface for Microsoft\\xae Volume Shadow Copy Service ",
                                "Company": "Microsoft Corporation",
                                "ParentProcessGuid": "{C784477D-27FE-649F-8A06-000000003400}",
                                "User": "DESKTOP-B0T93D6\\george",
                                "Hashes": "MD5=7E30B94672107D3381A1D175CF18C147,SHA256=BB1D73C5104A722F228B39CCB24C6F2BB13EFCCA2EA65B013D33433550E3BCE7,IMPHASH=B8C53607A902DC54702978C63D6E8B2E",
                                "OriginalFileName": "VSSADMIN.EXE",
                                "ParentImage": "C:\\Windows\\SysWOW64\\explorer.exe",
                                "FileVersion": "10.0.17134.1 (WinBuild.160101.0800)",
                                "ParentProcessId": "6192",
                                "CurrentDirectory": "C:\\Users\\george\\AppData\\Roaming\\Microsoft\\Windows\\Start Menu\\Programs\\Startup\\",
                                "CommandLine": "vssadmin.exe Delete Shadows /All /Quiet",
                                "EventID": "1",
                                "LogonGuid": "C784477D-F8C7-6481-1ABD-030000000000",
                                "LogonId": "245018",
                                "Image": "C:\\Windows\\SysWOW64\\vssadmin.exe",
                                "IntegrityLevel": "Medium",
                                "ParentCommandLine": "\"C:\\Windows\\syswow64\\explorer.exe\"",
                                "UtcTime": "1688152062",
                                "RuleName": "-"
                            }
                        }
                    ],
                    "rule_level": "medium",
                    "rule_description": "Detects suspicious process starts on Windows systems based on keywords",
                    "rule_source": "SOC Prime Threat Detection Marketplace",
                    "rule_title": "Suspicious Process Creation",
                    "rule_id": "f09d5248ed8fc1a93251158bfda71f8144ccaf37fa922416ccd897498bff7c55",
                    "rule_author": "Florian Roth"
                },
                {
                    "match_context": [
                        {
                            "values": {
                                "EventID": "11",
                                "ProcessId": "7412",
                                "Image": "C:\\Windows\\SysWOW64\\explorer.exe",
                                "ProcessGuid": "{C784477D-27B1-649F-5406-000000003400}",
                                "CreationUtcTime": "1688151985",
                                "UtcTime": "1688151985",
                                "RuleName": "EXE",
                                "TargetFilename": "C:\\63c89cd\\63c89cd.exe"
                            }
                        },
                        {
                            "values": {
                                "EventID": "11",
                                "ProcessId": "7412",
                                "TargetFilename": "C:\\Users\\george\\AppData\\Roaming\\63c89cd.exe",
                                "ProcessGuid": "{C784477D-27B1-649F-5406-000000003400}",
                                "CreationUtcTime": "1688151985",
                                "UtcTime": "1688151985",
                                "RuleName": "EXE",
                                "Image": "C:\\Windows\\SysWOW64\\explorer.exe"
                            }
                        },
                        {
                            "values": {
                                "EventID": "11",
                                "ProcessId": "7412",
                                "Image": "C:\\Windows\\SysWOW64\\explorer.exe",
                                "ProcessGuid": "{C784477D-27B1-649F-5406-000000003400}",
                                "CreationUtcTime": "1688151985",
                                "UtcTime": "1688151985",
                                "RuleName": "T1023",
                                "TargetFilename": "C:\\Users\\george\\AppData\\Roaming\\Microsoft\\Windows\\Start Menu\\Programs\\Startup\\63c89cd.exe"
                            }
                        },
                        {
                            "values": {
                                "EventID": "11",
                                "ProcessId": "7960",
                                "TargetFilename": "C:\\Users\\george\\AppData\\Roaming\\Microsoft\\Windows\\Start Menu\\Programs\\Startup\\63c89cd.exe",
                                "ProcessGuid": "{C784477D-27BE-649F-5B06-000000003400}",
                                "CreationUtcTime": "1688151985",
                                "UtcTime": "1688151998",
                                "RuleName": "T1023",
                                "Image": "C:\\Windows\\SysWOW64\\explorer.exe"
                            }
                        },
                        {
                            "values": {
                                "EventID": "11",
                                "ProcessId": "5848",
                                "TargetFilename": "C:\\Users\\george\\AppData\\Roaming\\Microsoft\\Windows\\Start Menu\\Programs\\Startup\\63c89cd.exe",
                                "ProcessGuid": "{C784477D-27C6-649F-6306-000000003400}",
                                "CreationUtcTime": "1688151985",
                                "UtcTime": "1688152006",
                                "RuleName": "T1023",
                                "Image": "C:\\Windows\\SysWOW64\\explorer.exe"
                            }
                        },
                        {
                            "values": {
                                "EventID": "11",
                                "ProcessId": "5500",
                                "TargetFilename": "C:\\Users\\george\\AppData\\Roaming\\Microsoft\\Windows\\Start Menu\\Programs\\Startup\\63c89cd.exe",
                                "RuleName": "T1023",
                                "CreationUtcTime": "1688151985",
                                "UtcTime": "1688152014",
                                "ProcessGuid": "{C784477D-27CE-649F-6806-000000003400}",
                                "Image": "C:\\Windows\\SysWOW64\\explorer.exe"
                            }
                        },
                        {
                            "values": {
                                "EventID": "11",
                                "ProcessId": "1584",
                                "Image": "C:\\Windows\\SysWOW64\\explorer.exe",
                                "ProcessGuid": "{C784477D-27D6-649F-6D06-000000003400}",
                                "CreationUtcTime": "1688151985",
                                "UtcTime": "1688152022",
                                "RuleName": "T1023",
                                "TargetFilename": "C:\\Users\\george\\AppData\\Roaming\\Microsoft\\Windows\\Start Menu\\Programs\\Startup\\63c89cd.exe"
                            }
                        },
                        {
                            "values": {
                                "EventID": "11",
                                "ProcessId": "1272",
                                "Image": "C:\\Windows\\SysWOW64\\explorer.exe",
                                "ProcessGuid": "{C784477D-27DE-649F-7206-000000003400}",
                                "CreationUtcTime": "1688151985",
                                "UtcTime": "1688152030",
                                "RuleName": "T1023",
                                "TargetFilename": "C:\\Users\\george\\AppData\\Roaming\\Microsoft\\Windows\\Start Menu\\Programs\\Startup\\63c89cd.exe"
                            }
                        },
                        {
                            "values": {
                                "EventID": "11",
                                "ProcessId": "3484",
                                "Image": "C:\\Windows\\SysWOW64\\explorer.exe",
                                "RuleName": "T1023",
                                "CreationUtcTime": "1688151985",
                                "UtcTime": "1688152038",
                                "ProcessGuid": "{C784477D-27E6-649F-7706-000000003400}",
                                "TargetFilename": "C:\\Users\\george\\AppData\\Roaming\\Microsoft\\Windows\\Start Menu\\Programs\\Startup\\63c89cd.exe"
                            }
                        },
                        {
                            "values": {
                                "EventID": "11",
                                "ProcessId": "3280",
                                "TargetFilename": "C:\\Users\\george\\AppData\\Roaming\\Microsoft\\Windows\\Start Menu\\Programs\\Startup\\63c89cd.exe",
                                "RuleName": "T1023",
                                "CreationUtcTime": "1688151985",
                                "UtcTime": "1688152047",
                                "ProcessGuid": "{C784477D-27EE-649F-8006-000000003400}",
                                "Image": "C:\\Windows\\SysWOW64\\explorer.exe"
                            }
                        },
                        {
                            "values": {
                                "EventID": "11",
                                "ProcessId": "7020",
                                "TargetFilename": "C:\\Users\\george\\AppData\\Roaming\\Microsoft\\Windows\\Start Menu\\Programs\\Startup\\63c89cd.exe",
                                "ProcessGuid": "{C784477D-27F6-649F-8506-000000003400}",
                                "CreationUtcTime": "1688151985",
                                "UtcTime": "1688152054",
                                "RuleName": "T1023",
                                "Image": "C:\\Windows\\SysWOW64\\explorer.exe"
                            }
                        },
