                        {
                            "values": {
                                "TerminalSessionId": "1",
                                "ProcessGuid": "{C784477D-D255-638B-6D0A-000000004700}",
                                "ProcessId": "3356",
                                "Product": "Project1",
                                "Description": "goods",
                                "Company": "nmsz",
                                "ParentProcessGuid": "{C784477D-D254-638B-6C0A-000000004700}",
                                "User": "DESKTOP-B0T93D6\\george",
                                "Hashes": "MD5=2443E7B9426FE1446E268F459354280C,SHA256=C953D0204AB13E5D458752EDE0A736F6B0CB061FEEDEF549DA36E993A41D7208,IMPHASH=00000000000000000000000000000000",
                                "OriginalFileName": "Hustab.exe",
                                "ParentImage": "C:\\Users\\george\\AppData\\Roaming\\Microsoft\\svchost.exe",
                                "FileVersion": "1.00",
                                "ParentProcessId": "7152",
                                "CurrentDirectory": "C:\\Users\\george\\AppData\\Roaming\\Microsoft\\",
                                "CommandLine": "C:\\Users\\george\\AppData\\Roaming\\Microsoft\\svchost.exe",
                                "EventID": "1",
                                "LogonGuid": "C784477D-4968-6386-9A38-040000000000",
                                "LogonId": "276634",
                                "Image": "C:\\Users\\george\\AppData\\Roaming\\Microsoft\\svchost.exe",
                                "IntegrityLevel": "High",
                                "ParentCommandLine": "\"C:\\Users\\george\\AppData\\Roaming\\Microsoft\\svchost.exe\" ",
                                "UtcTime": "1670107733",
                                "RuleName": "-"
                            }
                        }
                    ],
                    "rule_level": "high",
                    "rule_description": "Detects a Windows program executable started from a suspicious folder",
                    "rule_source": "Sigma Integrated Rule Set (GitHub)",
                    "rule_title": "System File Execution Location Anomaly",
                    "rule_id": "25fc56c1bee673d7ff3edcf371e4d2a36c0af83222da348961b87735c8efa61f",
                    "rule_author": "Florian Roth, Patrick Bareiss, Anton Kutepov, oscd.community, Nasreddine Bencherchali"
                },
                {
                    "match_context": [
                        {
                            "values": {
                                "TerminalSessionId": "1",
                                "ProcessGuid": "{C784477D-D243-638B-640A-000000004700}",
                                "ProcessId": "6588",
                                "Product": "Project1",
                                "Description": "goods",
                                "Company": "nmsz",
                                "ParentProcessGuid": "{C784477D-D242-638B-630A-000000004700}",
                                "User": "DESKTOP-B0T93D6\\george",
                                "Hashes": "MD5=2443E7B9426FE1446E268F459354280C,SHA256=C953D0204AB13E5D458752EDE0A736F6B0CB061FEEDEF549DA36E993A41D7208,IMPHASH=00000000000000000000000000000000",
                                "OriginalFileName": "Hustab.exe",
                                "ParentImage": "C:\\Users\\george\\Desktop\\program.exe",
                                "FileVersion": "1.00",
                                "ParentProcessId": "6196",
                                "CurrentDirectory": "C:\\Users\\george\\Desktop\\",
                                "CommandLine": "\"C:\\Users\\george\\AppData\\Roaming\\Microsoft\\svchost.exe\"",
                                "EventID": "1",
                                "LogonGuid": "C784477D-4968-6386-9A38-040000000000",
                                "LogonId": "276634",
                                "Image": "C:\\Users\\george\\AppData\\Roaming\\Microsoft\\svchost.exe",
                                "IntegrityLevel": "High",
                                "ParentCommandLine": "C:\\Users\\george\\Desktop\\program.exe",
                                "UtcTime": "1670107715",
                                "RuleName": "-"
                            }
                        },
                        {
                            "values": {
                                "TerminalSessionId": "1",
                                "ProcessGuid": "{C784477D-D243-638B-660A-000000004700}",
                                "ProcessId": "3096",
                                "Product": "Project1",
                                "Description": "goods",
                                "Company": "nmsz",
                                "ParentProcessGuid": "{C784477D-D243-638B-640A-000000004700}",
                                "User": "DESKTOP-B0T93D6\\george",
                                "Hashes": "MD5=2443E7B9426FE1446E268F459354280C,SHA256=C953D0204AB13E5D458752EDE0A736F6B0CB061FEEDEF549DA36E993A41D7208,IMPHASH=00000000000000000000000000000000",
                                "OriginalFileName": "Hustab.exe",
                                "ParentImage": "C:\\Users\\george\\AppData\\Roaming\\Microsoft\\svchost.exe",
                                "FileVersion": "1.00",
                                "ParentProcessId": "6588",
                                "CurrentDirectory": "C:\\Users\\george\\Desktop\\",
                                "CommandLine": "C:\\Users\\george\\AppData\\Roaming\\Microsoft\\svchost.exe",
                                "EventID": "1",
                                "LogonGuid": "C784477D-4968-6386-9A38-040000000000",
                                "LogonId": "276634",
                                "Image": "C:\\Users\\george\\AppData\\Roaming\\Microsoft\\svchost.exe",
                                "IntegrityLevel": "High",
                                "ParentCommandLine": "\"C:\\Users\\george\\AppData\\Roaming\\Microsoft\\svchost.exe\"",
                                "UtcTime": "1670107715",
                                "RuleName": "-"
                            }
                        },
                        {
                            "values": {
                                "TerminalSessionId": "1",
                                "ProcessGuid": "{C784477D-D24C-638B-6A0A-000000004700}",
                                "ProcessId": "6468",
                                "Product": "Project1",
                                "Description": "goods",
                                "Company": "nmsz",
                                "ParentProcessGuid": "{C784477D-4969-6386-8000-000000004700}",
                                "User": "DESKTOP-B0T93D6\\george",
                                "Hashes": "MD5=2443E7B9426FE1446E268F459354280C,SHA256=C953D0204AB13E5D458752EDE0A736F6B0CB061FEEDEF549DA36E993A41D7208,IMPHASH=00000000000000000000000000000000",
                                "OriginalFileName": "Hustab.exe",
                                "ParentImage": "C:\\Windows\\explorer.exe",
                                "FileVersion": "1.00",
                                "ParentProcessId": "4688",
                                "CurrentDirectory": "C:\\Users\\george\\AppData\\Roaming\\Microsoft\\",
                                "CommandLine": "\"C:\\Users\\george\\AppData\\Roaming\\Microsoft\\svchost.exe\" ",
                                "EventID": "1",
                                "LogonGuid": "C784477D-4968-6386-9A38-040000000000",
                                "LogonId": "276634",
                                "Image": "C:\\Users\\george\\AppData\\Roaming\\Microsoft\\svchost.exe",
                                "IntegrityLevel": "High",
                                "ParentCommandLine": "C:\\Windows\\Explorer.EXE",
                                "UtcTime": "1670107724",
                                "RuleName": "-"
                            }
                        },
                        {
                            "values": {
                                "TerminalSessionId": "1",
                                "ProcessGuid": "{C784477D-D24D-638B-6B0A-000000004700}",
                                "ProcessId": "6620",
                                "Product": "Project1",
                                "Description": "goods",
                                "Company": "nmsz",
                                "ParentProcessGuid": "{C784477D-D24C-638B-6A0A-000000004700}",
                                "User": "DESKTOP-B0T93D6\\george",
                                "Hashes": "MD5=2443E7B9426FE1446E268F459354280C,SHA256=C953D0204AB13E5D458752EDE0A736F6B0CB061FEEDEF549DA36E993A41D7208,IMPHASH=00000000000000000000000000000000",
                                "OriginalFileName": "Hustab.exe",
                                "ParentImage": "C:\\Users\\george\\AppData\\Roaming\\Microsoft\\svchost.exe",
                                "FileVersion": "1.00",
                                "ParentProcessId": "6468",
                                "CurrentDirectory": "C:\\Users\\george\\AppData\\Roaming\\Microsoft\\",
                                "CommandLine": "C:\\Users\\george\\AppData\\Roaming\\Microsoft\\svchost.exe",
                                "EventID": "1",
                                "LogonGuid": "C784477D-4968-6386-9A38-040000000000",
                                "LogonId": "276634",
                                "Image": "C:\\Users\\george\\AppData\\Roaming\\Microsoft\\svchost.exe",
                                "IntegrityLevel": "High",
                                "ParentCommandLine": "\"C:\\Users\\george\\AppData\\Roaming\\Microsoft\\svchost.exe\" ",
                                "UtcTime": "1670107725",
                                "RuleName": "-"
                            }
                        },
                        {
                            "values": {
                                "TerminalSessionId": "1",
                                "ProcessGuid": "{C784477D-D254-638B-6C0A-000000004700}",
                                "ProcessId": "7152",
                                "Product": "Project1",
                                "Description": "goods",
                                "Company": "nmsz",
                                "ParentProcessGuid": "{C784477D-4969-6386-8000-000000004700}",
                                "User": "DESKTOP-B0T93D6\\george",
                                "Hashes": "MD5=2443E7B9426FE1446E268F459354280C,SHA256=C953D0204AB13E5D458752EDE0A736F6B0CB061FEEDEF549DA36E993A41D7208,IMPHASH=00000000000000000000000000000000",
                                "OriginalFileName": "Hustab.exe",
                                "ParentImage": "C:\\Windows\\explorer.exe",
                                "FileVersion": "1.00",
                                "ParentProcessId": "4688",
                                "CurrentDirectory": "C:\\Users\\george\\AppData\\Roaming\\Microsoft\\",
                                "CommandLine": "\"C:\\Users\\george\\AppData\\Roaming\\Microsoft\\svchost.exe\" ",
                                "EventID": "1",
                                "LogonGuid": "C784477D-4968-6386-9A38-040000000000",
                                "LogonId": "276634",
                                "Image": "C:\\Users\\george\\AppData\\Roaming\\Microsoft\\svchost.exe",
                                "IntegrityLevel": "High",
                                "ParentCommandLine": "C:\\Windows\\Explorer.EXE",
                                "UtcTime": "1670107732",
                                "RuleName": "-"
                            }
                        },
                        {
                            "values": {
                                "TerminalSessionId": "1",
                                "ProcessGuid": "{C784477D-D255-638B-6D0A-000000004700}",
                                "ProcessId": "3356",
                                "Product": "Project1",
                                "Description": "goods",
                                "Company": "nmsz",
                                "ParentProcessGuid": "{C784477D-D254-638B-6C0A-000000004700}",
                                "User": "DESKTOP-B0T93D6\\george",
                                "Hashes": "MD5=2443E7B9426FE1446E268F459354280C,SHA256=C953D0204AB13E5D458752EDE0A736F6B0CB061FEEDEF549DA36E993A41D7208,IMPHASH=00000000000000000000000000000000",
                                "OriginalFileName": "Hustab.exe",
                                "ParentImage": "C:\\Users\\george\\AppData\\Roaming\\Microsoft\\svchost.exe",
                                "FileVersion": "1.00",
                                "ParentProcessId": "7152",
                                "CurrentDirectory": "C:\\Users\\george\\AppData\\Roaming\\Microsoft\\",
                                "CommandLine": "C:\\Users\\george\\AppData\\Roaming\\Microsoft\\svchost.exe",
                                "EventID": "1",
                                "LogonGuid": "C784477D-4968-6386-9A38-040000000000",
                                "LogonId": "276634",
                                "Image": "C:\\Users\\george\\AppData\\Roaming\\Microsoft\\svchost.exe",
                                "IntegrityLevel": "High",
                                "ParentCommandLine": "\"C:\\Users\\george\\AppData\\Roaming\\Microsoft\\svchost.exe\" ",
                                "UtcTime": "1670107733",
                                "RuleName": "-"
                            }
                        }
                    ],
                    "rule_level": "high",
                    "rule_description": "Detects a suspicious svchost process start",
                    "rule_source": "Sigma Integrated Rule Set (GitHub)",
                    "rule_title": "Suspicious Svchost Process",
                    "rule_id": "a0daa529834b3c5230b4524da005a6b6503e7cb061e298a8f74e0dc1fee0a008",
                    "rule_author": "Florian Roth"
                },
                {
                    "match_context": [
                        {
                            "values": {
                                "TerminalSessionId": "1",
                                "ProcessGuid": "{C784477D-D243-638B-660A-000000004700}",
                                "ProcessId": "3096",
                                "Product": "Project1",
                                "Description": "goods",
                                "Company": "nmsz",
                                "ParentProcessGuid": "{C784477D-D243-638B-640A-000000004700}",
                                "User": "DESKTOP-B0T93D6\\george",
                                "Hashes": "MD5=2443E7B9426FE1446E268F459354280C,SHA256=C953D0204AB13E5D458752EDE0A736F6B0CB061FEEDEF549DA36E993A41D7208,IMPHASH=00000000000000000000000000000000",
                                "OriginalFileName": "Hustab.exe",
                                "ParentImage": "C:\\Users\\george\\AppData\\Roaming\\Microsoft\\svchost.exe",
                                "FileVersion": "1.00",
                                "ParentProcessId": "6588",
                                "CurrentDirectory": "C:\\Users\\george\\Desktop\\",
                                "CommandLine": "C:\\Users\\george\\AppData\\Roaming\\Microsoft\\svchost.exe",
                                "EventID": "1",
                                "LogonGuid": "C784477D-4968-6386-9A38-040000000000",
                                "LogonId": "276634",
                                "Image": "C:\\Users\\george\\AppData\\Roaming\\Microsoft\\svchost.exe",
                                "IntegrityLevel": "High",
                                "ParentCommandLine": "\"C:\\Users\\george\\AppData\\Roaming\\Microsoft\\svchost.exe\"",
                                "UtcTime": "1670107715",
                                "RuleName": "-"
                            }
                        },
                        {
                            "values": {
                                "TerminalSessionId": "1",
                                "ProcessGuid": "{C784477D-D24D-638B-6B0A-000000004700}",
                                "ProcessId": "6620",
                                "Product": "Project1",
                                "Description": "goods",
                                "Company": "nmsz",
                                "ParentProcessGuid": "{C784477D-D24C-638B-6A0A-000000004700}",
                                "User": "DESKTOP-B0T93D6\\george",
                                "Hashes": "MD5=2443E7B9426FE1446E268F459354280C,SHA256=C953D0204AB13E5D458752EDE0A736F6B0CB061FEEDEF549DA36E993A41D7208,IMPHASH=00000000000000000000000000000000",
                                "OriginalFileName": "Hustab.exe",
                                "ParentImage": "C:\\Users\\george\\AppData\\Roaming\\Microsoft\\svchost.exe",
                                "FileVersion": "1.00",
                                "ParentProcessId": "6468",
                                "CurrentDirectory": "C:\\Users\\george\\AppData\\Roaming\\Microsoft\\",
                                "CommandLine": "C:\\Users\\george\\AppData\\Roaming\\Microsoft\\svchost.exe",
                                "EventID": "1",
                                "LogonGuid": "C784477D-4968-6386-9A38-040000000000",
                                "LogonId": "276634",
                                "Image": "C:\\Users\\george\\AppData\\Roaming\\Microsoft\\svchost.exe",
                                "IntegrityLevel": "High",
                                "ParentCommandLine": "\"C:\\Users\\george\\AppData\\Roaming\\Microsoft\\svchost.exe\" ",
                                "UtcTime": "1670107725",
                                "RuleName": "-"
                            }
                        },
                        {
                            "values": {
                                "TerminalSessionId": "1",
                                "ProcessGuid": "{C784477D-D255-638B-6D0A-000000004700}",
                                "ProcessId": "3356",
                                "Product": "Project1",
                                "Description": "goods",
                                "Company": "nmsz",
                                "ParentProcessGuid": "{C784477D-D254-638B-6C0A-000000004700}",
                                "User": "DESKTOP-B0T93D6\\george",
                                "Hashes": "MD5=2443E7B9426FE1446E268F459354280C,SHA256=C953D0204AB13E5D458752EDE0A736F6B0CB061FEEDEF549DA36E993A41D7208,IMPHASH=00000000000000000000000000000000",
                                "OriginalFileName": "Hustab.exe",
                                "ParentImage": "C:\\Users\\george\\AppData\\Roaming\\Microsoft\\svchost.exe",
                                "FileVersion": "1.00",
                                "ParentProcessId": "7152",
                                "CurrentDirectory": "C:\\Users\\george\\AppData\\Roaming\\Microsoft\\",
                                "CommandLine": "C:\\Users\\george\\AppData\\Roaming\\Microsoft\\svchost.exe",
                                "EventID": "1",
                                "LogonGuid": "C784477D-4968-6386-9A38-040000000000",
                                "LogonId": "276634",
                                "Image": "C:\\Users\\george\\AppData\\Roaming\\Microsoft\\svchost.exe",
                                "IntegrityLevel": "High",
                                "ParentCommandLine": "\"C:\\Users\\george\\AppData\\Roaming\\Microsoft\\svchost.exe\" ",
                                "UtcTime": "1670107733",
                                "RuleName": "-"
                            }
                        }
                    ],
                    "rule_level": "high",
                    "rule_description": "It is extremely abnormal for svchost.exe to spawn without any CLI arguments and is normally observed when a malicious process spawns the process and injects code into the process memory space.",
                    "rule_source": "Sigma Integrated Rule Set (GitHub)",
                    "rule_title": "Suspect Svchost Activity",
                    "rule_id": "dc04e64e69f5446c2a31920ee22415626307d5f3d0fb73ad81b9d3301a41000a",
                    "rule_author": "David Burkett"
                },
                {
                    "match_context": [
                        {
                            "values": {
                                "EventID": "13",
                                "ProcessId": "6196",
                                "EventType": "SetValue",
                                "Image": "C:\\Users\\george\\Desktop\\program.exe",
                                "RuleName": "T1060,RunKey",
                                "UtcTime": "1670107715",
                                "Details": "C:\\Users\\george\\AppData\\Roaming\\Microsoft\\svchost.exe",
                                "ProcessGuid": "{C784477D-D242-638B-630A-000000004700}",
                                "TargetObject": "HKU\\S-1-5-21-1015118539-3749460369-599379286-1001\\Software\\Microsoft\\Windows\\CurrentVersion\\Run\\svchost"
                            }
                        }
                    ],
                    "rule_level": "medium",
                    "rule_description": "Detects modification of autostart extensibility point (ASEP) in registry.",
                    "rule_source": "Sigma Integrated Rule Set (GitHub)",
                    "rule_title": "CurrentVersion Autorun Keys Modification",
                    "rule_id": "8b5db9da5732dc549b0e8b56fe5933d7c95ed760f3ac20568ab95347ef8c5bcc",
                    "rule_author": "Victor Sergeev, Daniil Yugoslavskiy, Gleb Sukhodolskiy, Timur Zinniatullin, oscd.community, Tim Shelton, frack113 (split)"
                },
                {
                    "match_context": [
                        {
                            "values": {
                                "TerminalSessionId": "1",
                                "ProcessGuid": "{C784477D-D243-638B-640A-000000004700}",
                                "ProcessId": "6588",
                                "Product": "Project1",
                                "Description": "goods",
                                "Company": "nmsz",
                                "ParentProcessGuid": "{C784477D-D242-638B-630A-000000004700}",
                                "User": "DESKTOP-B0T93D6\\george",
                                "Hashes": "MD5=2443E7B9426FE1446E268F459354280C,SHA256=C953D0204AB13E5D458752EDE0A736F6B0CB061FEEDEF549DA36E993A41D7208,IMPHASH=00000000000000000000000000000000",
                                "OriginalFileName": "Hustab.exe",
                                "ParentImage": "C:\\Users\\george\\Desktop\\program.exe",
                                "FileVersion": "1.00",
                                "ParentProcessId": "6196",
                                "CurrentDirectory": "C:\\Users\\george\\Desktop\\",
                                "CommandLine": "\"C:\\Users\\george\\AppData\\Roaming\\Microsoft\\svchost.exe\"",
                                "EventID": "1",
                                "LogonGuid": "C784477D-4968-6386-9A38-040000000000",
                                "LogonId": "276634",
                                "Image": "C:\\Users\\george\\AppData\\Roaming\\Microsoft\\svchost.exe",
                                "IntegrityLevel": "High",
                                "ParentCommandLine": "C:\\Users\\george\\Desktop\\program.exe",
                                "UtcTime": "1670107715",
                                "RuleName": "-"
                            }
                        },
                        {
                            "values": {
                                "TerminalSessionId": "1",
                                "ProcessGuid": "{C784477D-D243-638B-660A-000000004700}",
                                "ProcessId": "3096",
                                "Product": "Project1",
                                "Description": "goods",
                                "Company": "nmsz",
                                "ParentProcessGuid": "{C784477D-D243-638B-640A-000000004700}",
                                "User": "DESKTOP-B0T93D6\\george",
                                "Hashes": "MD5=2443E7B9426FE1446E268F459354280C,SHA256=C953D0204AB13E5D458752EDE0A736F6B0CB061FEEDEF549DA36E993A41D7208,IMPHASH=00000000000000000000000000000000",
                                "OriginalFileName": "Hustab.exe",
                                "ParentImage": "C:\\Users\\george\\AppData\\Roaming\\Microsoft\\svchost.exe",
                                "FileVersion": "1.00",
                                "ParentProcessId": "6588",
                                "CurrentDirectory": "C:\\Users\\george\\Desktop\\",
                                "CommandLine": "C:\\Users\\george\\AppData\\Roaming\\Microsoft\\svchost.exe",
                                "EventID": "1",
                                "LogonGuid": "C784477D-4968-6386-9A38-040000000000",
                                "LogonId": "276634",
                                "Image": "C:\\Users\\george\\AppData\\Roaming\\Microsoft\\svchost.exe",
                                "IntegrityLevel": "High",
                                "ParentCommandLine": "\"C:\\Users\\george\\AppData\\Roaming\\Microsoft\\svchost.exe\"",
                                "UtcTime": "1670107715",
                                "RuleName": "-"
                            }
                        },
                        {
                            "values": {
                                "TerminalSessionId": "1",
                                "ProcessGuid": "{C784477D-D24C-638B-6A0A-000000004700}",
                                "ProcessId": "6468",
                                "Product": "Project1",
                                "Description": "goods",
                                "Company": "nmsz",
                                "ParentProcessGuid": "{C784477D-4969-6386-8000-000000004700}",
                                "User": "DESKTOP-B0T93D6\\george",
                                "Hashes": "MD5=2443E7B9426FE1446E268F459354280C,SHA256=C953D0204AB13E5D458752EDE0A736F6B0CB061FEEDEF549DA36E993A41D7208,IMPHASH=00000000000000000000000000000000",
                                "OriginalFileName": "Hustab.exe",
                                "ParentImage": "C:\\Windows\\explorer.exe",
                                "FileVersion": "1.00",
                                "ParentProcessId": "4688",
                                "CurrentDirectory": "C:\\Users\\george\\AppData\\Roaming\\Microsoft\\",
                                "CommandLine": "\"C:\\Users\\george\\AppData\\Roaming\\Microsoft\\svchost.exe\" ",
                                "EventID": "1",
                                "LogonGuid": "C784477D-4968-6386-9A38-040000000000",
                                "LogonId": "276634",
                                "Image": "C:\\Users\\george\\AppData\\Roaming\\Microsoft\\svchost.exe",
                                "IntegrityLevel": "High",
                                "ParentCommandLine": "C:\\Windows\\Explorer.EXE",
                                "UtcTime": "1670107724",
                                "RuleName": "-"
                            }
                        },
                        {
                            "values": {
                                "TerminalSessionId": "1",
                                "ProcessGuid": "{C784477D-D24D-638B-6B0A-000000004700}",
                                "ProcessId": "6620",
                                "Product": "Project1",
                                "Description": "goods",
                                "Company": "nmsz",
                                "ParentProcessGuid": "{C784477D-D24C-638B-6A0A-000000004700}",
                                "User": "DESKTOP-B0T93D6\\george",
                                "Hashes": "MD5=2443E7B9426FE1446E268F459354280C,SHA256=C953D0204AB13E5D458752EDE0A736F6B0CB061FEEDEF549DA36E993A41D7208,IMPHASH=00000000000000000000000000000000",
                                "OriginalFileName": "Hustab.exe",
                                "ParentImage": "C:\\Users\\george\\AppData\\Roaming\\Microsoft\\svchost.exe",
                                "FileVersion": "1.00",
                                "ParentProcessId": "6468",
                                "CurrentDirectory": "C:\\Users\\george\\AppData\\Roaming\\Microsoft\\",
                                "CommandLine": "C:\\Users\\george\\AppData\\Roaming\\Microsoft\\svchost.exe",
                                "EventID": "1",
                                "LogonGuid": "C784477D-4968-6386-9A38-040000000000",
                                "LogonId": "276634",
                                "Image": "C:\\Users\\george\\AppData\\Roaming\\Microsoft\\svchost.exe",
                                "IntegrityLevel": "High",
                                "ParentCommandLine": "\"C:\\Users\\george\\AppData\\Roaming\\Microsoft\\svchost.exe\" ",
                                "UtcTime": "1670107725",
                                "RuleName": "-"
                            }
                        },
                        {
                            "values": {
                                "TerminalSessionId": "1",
                                "ProcessGuid": "{C784477D-D254-638B-6C0A-000000004700}",
                                "ProcessId": "7152",
                                "Product": "Project1",
                                "Description": "goods",
                                "Company": "nmsz",
                                "ParentProcessGuid": "{C784477D-4969-6386-8000-000000004700}",
                                "User": "DESKTOP-B0T93D6\\george",
                                "Hashes": "MD5=2443E7B9426FE1446E268F459354280C,SHA256=C953D0204AB13E5D458752EDE0A736F6B0CB061FEEDEF549DA36E993A41D7208,IMPHASH=00000000000000000000000000000000",
                                "OriginalFileName": "Hustab.exe",
                                "ParentImage": "C:\\Windows\\explorer.exe",
                                "FileVersion": "1.00",
                                "ParentProcessId": "4688",
                                "CurrentDirectory": "C:\\Users\\george\\AppData\\Roaming\\Microsoft\\",
                                "CommandLine": "\"C:\\Users\\george\\AppData\\Roaming\\Microsoft\\svchost.exe\" ",
                                "EventID": "1",
                                "LogonGuid": "C784477D-4968-6386-9A38-040000000000",
                                "LogonId": "276634",
                                "Image": "C:\\Users\\george\\AppData\\Roaming\\Microsoft\\svchost.exe",
                                "IntegrityLevel": "High",
                                "ParentCommandLine": "C:\\Windows\\Explorer.EXE",
                                "UtcTime": "1670107732",
                                "RuleName": "-"
                            }
                        },
                        {
                            "values": {
                                "TerminalSessionId": "1",
                                "ProcessGuid": "{C784477D-D255-638B-6D0A-000000004700}",
                                "ProcessId": "3356",
                                "Product": "Project1",
                                "Description": "goods",
                                "Company": "nmsz",
                                "ParentProcessGuid": "{C784477D-D254-638B-6C0A-000000004700}",
                                "User": "DESKTOP-B0T93D6\\george",
                                "Hashes": "MD5=2443E7B9426FE1446E268F459354280C,SHA256=C953D0204AB13E5D458752EDE0A736F6B0CB061FEEDEF549DA36E993A41D7208,IMPHASH=00000000000000000000000000000000",
                                "OriginalFileName": "Hustab.exe",
                                "ParentImage": "C:\\Users\\george\\AppData\\Roaming\\Microsoft\\svchost.exe",
                                "FileVersion": "1.00",
                                "ParentProcessId": "7152",
                                "CurrentDirectory": "C:\\Users\\george\\AppData\\Roaming\\Microsoft\\",
                                "CommandLine": "C:\\Users\\george\\AppData\\Roaming\\Microsoft\\svchost.exe",
                                "EventID": "1",
                                "LogonGuid": "C784477D-4968-6386-9A38-040000000000",
                                "LogonId": "276634",
                                "Image": "C:\\Users\\george\\AppData\\Roaming\\Microsoft\\svchost.exe",
                                "IntegrityLevel": "High",
                                "ParentCommandLine": "\"C:\\Users\\george\\AppData\\Roaming\\Microsoft\\svchost.exe\" ",
                                "UtcTime": "1670107733",
                                "RuleName": "-"
                            }
                        }
                    ],
                    "rule_level": "low",
                    "rule_description": "Detect suspicious parent processes of well-known Windows processes",
                    "rule_source": "Sigma Integrated Rule Set (GitHub)",
                    "rule_title": "Windows Processes Suspicious Parent Directory",
                    "rule_id": "afd546ea5eff265c454f77f6e7641ade6e5a791d79de155fa27d377be1581535",
                    "rule_author": "vburov"
                },
                {
                    "match_context": [
                        {
                            "values": {
                                "EventID": "11",
                                "ProcessId": "6196",
                                "TargetFilename": "C:\\Users\\george\\AppData\\Roaming\\Microsoft\\svchost.exe",
                                "ProcessGuid": "{C784477D-D242-638B-630A-000000004700}",
                                "CreationUtcTime": "1670107715",
                                "UtcTime": "1670107715",
                                "RuleName": "EXE",
                                "Image": "C:\\Users\\george\\Desktop\\program.exe"
                            }
                        }
                    ],
                    "rule_level": "low",
                    "rule_description": "Detects the creation of an executable by another executable",
                    "rule_source": "Sigma Integrated Rule Set (GitHub)",
                    "rule_title": "Creation of an Executable by an Executable",
                    "rule_id": "b5386a23355681c43cfbd2f2ccfe4b16ed45324d0d7b5583487a9f302ee1e427",
                    "rule_author": "frack113"
                }
            ],
            "signature_info": {
                "description": "goods",
                "file version": "1.00",
                "original name": "Hustab.exe",
                "product": "Project1",
                "comments": "common",
                "internal name": "Hustab"
            },
            "tags": [
                "long-sleeps",
                "upx",
                "persistence",
                "peexe",
                "checks-user-input",
                "self-delete",
                "detect-debug-environment",
                "checks-disk-space"
            ],
            "vhash": "01503e5f1d7)z683z",
            "last_modification_date": 1746316770,
            "packers": {
                "PEiD": "Microsoft Visual Basic v5.0/v6.0"
            },
            "type_tags": [
                "executable",
                "windows",
                "win32",
                "pe",
                "peexe"
            ],
            "sigma_analysis_summary": {
                "Sigma Integrated Rule Set (GitHub)": {
                    "high": 3,
                    "medium": 1,
                    "critical": 0,
                    "low": 2
                }
            },
            "magika": "PEBIN",
            "first_seen_itw_date": 1295967136,
            "size": 143360,
            "sha256": "c953d0204ab13e5d458752ede0a736f6b0cb061feedef549da36e993a41d7208",
            "reputation": 0
        }
    }
}