                        {
                            "values": {
                                "TerminalSessionId": "1",
                                "ProcessGuid": "{C784477D-66BC-638F-2806-000000004300}",
                                "ProcessId": "4432",
                                "Product": "AOL Instant Messenger",
                                "Description": "AOL Instant Messenger",
                                "Company": "AOL Inc.",
                                "ParentProcessGuid": "{C784477D-66B5-638F-2606-000000004300}",
                                "User": "DESKTOP-B0T93D6\\george",
                                "Hashes": "MD5=EE4BD22E12274E3CFF1C63C66FA04839,SHA256=99CB1414C14487B3120A5EACA15EED078EA6C529E5A62727C0199FA1074BF6F2,IMPHASH=00000000000000000000000000000000",
                                "OriginalFileName": "aim.exe",
                                "ParentImage": "C:\\Users\\george\\AppData\\Roaming\\services.exe",
                                "FileVersion": "7.5.8.2",
                                "ParentProcessId": "4208",
                                "CurrentDirectory": "C:\\Users\\george\\AppData\\Roaming\\service.exe\\",
                                "CommandLine": "C:\\Users\\george\\AppData\\Roaming\\services.exe",
                                "EventID": "1",
                                "LogonGuid": "C784477D-AA65-6384-F2E8-030000000000",
                                "LogonId": "256242",
                                "Image": "C:\\Users\\george\\AppData\\Roaming\\services.exe",
                                "IntegrityLevel": "Medium",
                                "ParentCommandLine": "  /d C:\\Users\\george\\AppData\\Roaming\\service.exe\\service.exe",
                                "UtcTime": "1670342332",
                                "RuleName": "-"
                            }
                        }
                    ],
                    "rule_level": "low",
                    "rule_id": "afd546ea5eff265c454f77f6e7641ade6e5a791d79de155fa27d377be1581535",
                    "rule_source": "Sigma Integrated Rule Set (GitHub)",
                    "rule_title": "Windows Processes Suspicious Parent Directory",
                    "rule_description": "Detect suspicious parent processes of well-known Windows processes",
                    "rule_author": "vburov"
                },
                {
                    "match_context": [
                        {
                            "values": {
                                "EventID": "11",
                                "ProcessId": "6848",
                                "TargetFilename": "C:\\Users\\george\\AppData\\Roaming\\service.exe",
                                "RuleName": "EXE",
                                "CreationUtcTime": "1670342251",
                                "UtcTime": "1670342251",
                                "ProcessGuid": "{C784477D-6653-638F-0406-000000004300}",
                                "Image": "C:\\Users\\george\\Desktop\\aim.exe"
                            }
                        },
                        {
                            "values": {
                                "EventID": "11",
                                "ProcessId": "6848",
                                "Image": "C:\\Users\\george\\Desktop\\aim.exe",
                                "RuleName": "EXE",
                                "CreationUtcTime": "1670342251",
                                "UtcTime": "1670342251",
                                "ProcessGuid": "{C784477D-6653-638F-0406-000000004300}",
                                "TargetFilename": "C:\\Users\\george\\AppData\\Roaming\\service.exe\\service.exe"
                            }
                        },
                        {
                            "values": {
                                "EventID": "11",
                                "ProcessId": "5544",
                                "TargetFilename": "C:\\Users\\george\\AppData\\Roaming\\services.exe",
                                "RuleName": "EXE",
                                "CreationUtcTime": "1670342284",
                                "UtcTime": "1670342284",
                                "ProcessGuid": "{C784477D-6684-638F-0F06-000000004300}",
                                "Image": "C:\\Users\\george\\AppData\\Roaming\\service.exe\\service.exe"
                            }
                        }
                    ],
                    "rule_level": "low",
                    "rule_id": "b5386a23355681c43cfbd2f2ccfe4b16ed45324d0d7b5583487a9f302ee1e427",
                    "rule_source": "Sigma Integrated Rule Set (GitHub)",
                    "rule_title": "Creation of an Executable by an Executable",
                    "rule_description": "Detects the creation of an executable by another executable",
                    "rule_author": "frack113"
                }
            ],
            "sha1": "92df1f423505fd8f264cae447d2f00b1521e2077",
            "times_submitted": 8,
            "authentihash": "18fad2c1838aa9fb9ad1d5daccb82485ce8ba72e242fc5d587a85a9fd9f183a4",
            "sandbox_verdicts": {
                "Zenbox": {
                    "category": "malicious",
                    "confidence": 72,
                    "sandbox_name": "Zenbox",
                    "malware_classification": [
                        "MALWARE",
                        "TROJAN",
                        "EVADER"
                    ]
                },
                "SecneurX": {
                    "category": "malicious",
                    "sandbox_name": "SecneurX",
                    "malware_classification": [
                        "MALWARE"
                    ]
                }
            },
            "first_seen_itw_date": 1535350615,
            "type_extension": "exe",
            "vhash": "01503e0f7d1bz6@z13z",
            "sha256": "ca4fcb49c3968bda54bec6ee6cec21c84fa72293dfc55dd8ffd936505756abb7",
            "last_modification_date": 1746318330,
            "ssdeep": "3072:Od69xvD5dsZznqmROMiqoDMHmKdP5k0j9P18cWE/Rf+qvtv/QFbMGwout/m:OSb7sZliqoDVKP5kct3WEAqVGwoS+",
            "sigma_analysis_summary": {
                "Sigma Integrated Rule Set (GitHub)": {
                    "high": 1,
                    "medium": 2,
                    "critical": 0,
                    "low": 2
                }
            },
            "unique_sources": 8,
            "last_submission_date": 1670342027,
            "creation_date": 1312991991,
            "reputation": -11,
            "trid": [
                {
                    "file_type": "UPX compressed Win32 Executable",
                    "probability": 34.7
                },
                {
                    "file_type": "Win32 EXE Yoda's Crypter",
                    "probability": 34.1
                },
                {
                    "file_type": "Win32 Dynamic Link Library (generic)",
                    "probability": 8.4
                },
                {
                    "file_type": "Win16 NE executable (generic)",
                    "probability": 6.4
                },
                {
                    "file_type": "Win32 Executable (generic)",
                    "probability": 5.7
                }
            ],
            "tags": [
                "peexe",
                "overlay",
                "runtime-modules",
                "checks-network-adapters",
                "long-sleeps",
                "direct-cpu-clock-access",
                "upx",
                "checks-user-input",
                "persistence",
                "checks-usb-bus",
                "detect-debug-environment"
            ],
            "first_submission_date": 1340336995,
            "magic": "PE32 executable for MS Windows (GUI) Intel 80386 32-bit",
            "last_analysis_stats": {
                "malicious": 57,
                "suspicious": 0,
                "undetected": 15,
                "harmless": 0,
                "timeout": 0,
                "confirmed-timeout": 0,
                "failure": 0,
                "type-unsupported": 4
            },
            "last_analysis_date": 1670342027,
            "crowdsourced_ids_stats": {
                "high": 0,
                "info": 0,
                "medium": 1,
                "low": 2
            },
            "size": 163332
        }
    }
}