                        {
                            "values": {
                                "TerminalSessionId": "1",
                                "ProcessGuid": "{C784477D-66B3-638F-2206-000000004300}",
                                "ProcessId": "1516",
                                "Product": "AOL Instant Messenger",
                                "Description": "AOL Instant Messenger",
                                "Company": "AOL Inc.",
                                "ParentProcessGuid": "{C784477D-668C-638F-1306-000000004300}",
                                "User": "DESKTOP-B0T93D6\\george",
                                "Hashes": "MD5=EE4BD22E12274E3CFF1C63C66FA04839,SHA256=99CB1414C14487B3120A5EACA15EED078EA6C529E5A62727C0199FA1074BF6F2,IMPHASH=00000000000000000000000000000000",
                                "OriginalFileName": "aim.exe",
                                "ParentImage": "C:\\Users\\george\\AppData\\Roaming\\services.exe",
                                "FileVersion": "7.5.8.2",
                                "ParentProcessId": "6348",
                                "CurrentDirectory": "C:\\Users\\george\\Desktop\\",
                                "CommandLine": "C:\\Users\\george\\AppData\\Roaming\\services.exe",
                                "EventID": "1",
                                "LogonGuid": "C784477D-AA65-6384-87E8-030000000000",
                                "LogonId": "256135",
                                "Image": "C:\\Users\\george\\AppData\\Roaming\\services.exe",
                                "IntegrityLevel": "High",
                                "ParentCommandLine": "  /d C:\\Users\\george\\AppData\\Roaming\\service.exe\\service.exe",
                                "UtcTime": "1670342323",
                                "RuleName": "-"
                            }
                        },
                        {
                            "values": {
                                "TerminalSessionId": "1",
                                "ProcessGuid": "{C784477D-66B3-638F-2306-000000004300}",
                                "ProcessId": "3860",
                                "Product": "AOL Instant Messenger",
                                "Description": "AOL Instant Messenger",
                                "Company": "AOL Inc.",
                                "ParentProcessGuid": "{C784477D-66A9-638F-1E06-000000004300}",
                                "User": "DESKTOP-B0T93D6\\george",
                                "Hashes": "MD5=EE4BD22E12274E3CFF1C63C66FA04839,SHA256=99CB1414C14487B3120A5EACA15EED078EA6C529E5A62727C0199FA1074BF6F2,IMPHASH=00000000000000000000000000000000",
                                "OriginalFileName": "aim.exe",
                                "ParentImage": "C:\\Users\\george\\AppData\\Roaming\\services.exe",
                                "FileVersion": "7.5.8.2",
                                "ParentProcessId": "5164",
                                "CurrentDirectory": "C:\\Users\\george\\AppData\\Roaming\\",
                                "CommandLine": "C:\\Users\\george\\AppData\\Roaming\\services.exe",
                                "EventID": "1",
                                "LogonGuid": "C784477D-AA65-6384-F2E8-030000000000",
                                "LogonId": "256242",
                                "Image": "C:\\Users\\george\\AppData\\Roaming\\services.exe",
                                "IntegrityLevel": "Medium",
                                "ParentCommandLine": "\"C:\\Users\\george\\AppData\\Roaming\\services.exe\" ",
                                "UtcTime": "1670342323",
                                "RuleName": "-"
                            }
                        },
                        {
                            "values": {
                                "TerminalSessionId": "1",
                                "ProcessGuid": "{C784477D-66B3-638F-2406-000000004300}",
                                "ProcessId": "1520",
                                "Product": "AOL Instant Messenger",
                                "Description": "AOL Instant Messenger",
                                "Company": "AOL Inc.",
                                "ParentProcessGuid": "{C784477D-66A1-638F-1A06-000000004300}",
                                "User": "DESKTOP-B0T93D6\\george",
                                "Hashes": "MD5=EE4BD22E12274E3CFF1C63C66FA04839,SHA256=99CB1414C14487B3120A5EACA15EED078EA6C529E5A62727C0199FA1074BF6F2,IMPHASH=00000000000000000000000000000000",
                                "OriginalFileName": "aim.exe",
                                "ParentImage": "C:\\Users\\george\\AppData\\Roaming\\services.exe",
                                "FileVersion": "7.5.8.2",
                                "ParentProcessId": "3152",
                                "CurrentDirectory": "C:\\Users\\george\\AppData\\Roaming\\",
                                "CommandLine": "C:\\Users\\george\\AppData\\Roaming\\services.exe",
                                "EventID": "1",
                                "LogonGuid": "C784477D-AA65-6384-F2E8-030000000000",
                                "LogonId": "256242",
                                "Image": "C:\\Users\\george\\AppData\\Roaming\\services.exe",
                                "IntegrityLevel": "Medium",
                                "ParentCommandLine": "\"C:\\Users\\george\\AppData\\Roaming\\services.exe\" ",
                                "UtcTime": "1670342323",
                                "RuleName": "-"
                            }
                        },
                        {
                            "values": {
                                "TerminalSessionId": "1",
                                "ProcessGuid": "{C784477D-66B5-638F-2606-000000004300}",
                                "ProcessId": "4208",
                                "Product": "AOL Instant Messenger",
                                "Description": "AOL Instant Messenger",
                                "Company": "AOL Inc.",
                                "ParentProcessGuid": "{C784477D-66AD-638F-1F06-000000004300}",
                                "User": "DESKTOP-B0T93D6\\george",
                                "Hashes": "MD5=EE4BD22E12274E3CFF1C63C66FA04839,SHA256=99CB1414C14487B3120A5EACA15EED078EA6C529E5A62727C0199FA1074BF6F2,IMPHASH=00000000000000000000000000000000",
                                "OriginalFileName": "aim.exe",
                                "ParentImage": "C:\\Users\\george\\AppData\\Roaming\\service.exe\\service.exe",
                                "FileVersion": "7.5.8.2",
                                "ParentProcessId": "6596",
                                "CurrentDirectory": "C:\\Users\\george\\AppData\\Roaming\\service.exe\\",
                                "CommandLine": "  /d C:\\Users\\george\\AppData\\Roaming\\service.exe\\service.exe",
                                "EventID": "1",
                                "LogonGuid": "C784477D-AA65-6384-F2E8-030000000000",
                                "LogonId": "256242",
                                "Image": "C:\\Users\\george\\AppData\\Roaming\\services.exe",
                                "IntegrityLevel": "Medium",
                                "ParentCommandLine": "C:\\Users\\george\\AppData\\Roaming\\service.exe\\service.exe",
                                "UtcTime": "1670342325",
                                "RuleName": "-"
                            }
                        },
                        {
                            "values": {
                                "TerminalSessionId": "1",
                                "ProcessGuid": "{C784477D-66BC-638F-2806-000000004300}",
                                "ProcessId": "4432",
                                "Product": "AOL Instant Messenger",
                                "Description": "AOL Instant Messenger",
                                "Company": "AOL Inc.",
                                "ParentProcessGuid": "{C784477D-66B5-638F-2606-000000004300}",
                                "User": "DESKTOP-B0T93D6\\george",
                                "Hashes": "MD5=EE4BD22E12274E3CFF1C63C66FA04839,SHA256=99CB1414C14487B3120A5EACA15EED078EA6C529E5A62727C0199FA1074BF6F2,IMPHASH=00000000000000000000000000000000",
                                "OriginalFileName": "aim.exe",
                                "ParentImage": "C:\\Users\\george\\AppData\\Roaming\\services.exe",
                                "FileVersion": "7.5.8.2",
                                "ParentProcessId": "4208",
                                "CurrentDirectory": "C:\\Users\\george\\AppData\\Roaming\\service.exe\\",
                                "CommandLine": "C:\\Users\\george\\AppData\\Roaming\\services.exe",
                                "EventID": "1",
                                "LogonGuid": "C784477D-AA65-6384-F2E8-030000000000",
                                "LogonId": "256242",
                                "Image": "C:\\Users\\george\\AppData\\Roaming\\services.exe",
                                "IntegrityLevel": "Medium",
                                "ParentCommandLine": "  /d C:\\Users\\george\\AppData\\Roaming\\service.exe\\service.exe",
                                "UtcTime": "1670342332",
                                "RuleName": "-"
                            }
                        }
                    ],
                    "rule_level": "high",
                    "rule_id": "25fc56c1bee673d7ff3edcf371e4d2a36c0af83222da348961b87735c8efa61f",
                    "rule_source": "Sigma Integrated Rule Set (GitHub)",
                    "rule_title": "System File Execution Location Anomaly",
                    "rule_description": "Detects a Windows program executable started from a suspicious folder",
                    "rule_author": "Florian Roth, Patrick Bareiss, Anton Kutepov, oscd.community, Nasreddine Bencherchali"
                },
                {
                    "match_context": [
                        {
                            "values": {
                                "EventID": "13",
                                "ProcessId": "5544",
                                "EventType": "SetValue",
                                "Image": "C:\\Users\\george\\AppData\\Roaming\\service.exe\\service.exe",
                                "ProcessGuid": "{C784477D-6684-638F-0F06-000000004300}",
                                "UtcTime": "1670342284",
                                "Details": "\"C:\\Users\\george\\AppData\\Roaming\\services.exe\"",
                                "RuleName": "T1060,RunKey",
                                "TargetObject": "HKLM\\SOFTWARE\\WOW6432Node\\Microsoft\\Windows\\CurrentVersion\\Run\\MSWUpdate"
                            }
                        },
                        {
                            "values": {
                                "EventID": "13",
                                "ProcessId": "1516",
                                "EventType": "SetValue",
                                "Image": "C:\\Users\\george\\AppData\\Roaming\\services.exe",
                                "RuleName": "T1060,RunKey",
                                "UtcTime": "1670342326",
                                "Details": "\"C:\\Users\\george\\AppData\\Roaming\\services.exe\"",
                                "ProcessGuid": "{C784477D-66B3-638F-2206-000000004300}",
                                "TargetObject": "HKLM\\SOFTWARE\\WOW6432Node\\Microsoft\\Windows\\CurrentVersion\\Run\\MSWUpdate"
                            }
                        },
                        {
                            "values": {
                                "EventID": "13",
                                "ProcessId": "1516",
                                "EventType": "SetValue",
                                "Image": "C:\\Users\\george\\AppData\\Roaming\\services.exe",
                                "ProcessGuid": "{C784477D-66B3-638F-2206-000000004300}",
                                "UtcTime": "1670342356",
                                "Details": "\"C:\\Users\\george\\AppData\\Roaming\\services.exe\"",
                                "RuleName": "T1060,RunKey",
                                "TargetObject": "HKLM\\SOFTWARE\\WOW6432Node\\Microsoft\\Windows\\CurrentVersion\\Run\\MSWUpdate"
                            }
                        }
                    ],
                    "rule_level": "medium",
                    "rule_id": "18842e32896dd83b8aca4d5e1ac78c1f66b1d252479c0023cdd02f108c42c8cd",
                    "rule_source": "Sigma Integrated Rule Set (GitHub)",
                    "rule_title": "Wow6432Node CurrentVersion Autorun Keys Modification",
                    "rule_description": "Detects modification of autostart extensibility point (ASEP) in registry.",
                    "rule_author": "Victor Sergeev, Daniil Yugoslavskiy, Gleb Sukhodolskiy, Timur Zinniatullin, oscd.community, Tim Shelton, frack113 (split)"
                },
                {
                    "match_context": [
                        {
                            "values": {
                                "EventID": "13",
                                "ProcessId": "6348",
                                "EventType": "SetValue",
                                "Image": "C:\\Windows\\SysWOW64\\reg.exe",
                                "RuleName": "T1060,RunKey",
                                "UtcTime": "1670342250",
                                "Details": "C:\\Users\\george\\AppData\\Roaming\\service.exe\\service.exe",
                                "ProcessGuid": "{C784477D-666A-638F-0B06-000000004300}",
                                "TargetObject": "HKU\\S-1-5-21-1015118539-3749460369-599379286-1001\\Software\\Microsoft\\Windows\\CurrentVersion\\Run\\Windows Update"
                            }
                        },
                        {
                            "values": {
                                "EventID": "13",
                                "ProcessId": "5544",
                                "EventType": "SetValue",
                                "Image": "C:\\Users\\george\\AppData\\Roaming\\service.exe\\service.exe",
                                "RuleName": "T1060,RunKey",
                                "UtcTime": "1670342284",
                                "Details": "\"C:\\Users\\george\\AppData\\Roaming\\services.exe\"",
                                "ProcessGuid": "{C784477D-6684-638F-0F06-000000004300}",
                                "TargetObject": "HKU\\S-1-5-21-1015118539-3749460369-599379286-1001\\Software\\Microsoft\\Windows\\CurrentVersion\\Run\\MSWUpdate"
                            }
                        },
                        {
                            "values": {
                                "EventID": "13",
                                "ProcessId": "6568",
                                "EventType": "SetValue",
                                "Image": "C:\\Users\\george\\AppData\\Roaming\\service.exe\\service.exe",
                                "ProcessGuid": "{C784477D-6698-638F-1706-000000004300}",
                                "UtcTime": "1670342305",
                                "Details": "\"C:\\Users\\george\\AppData\\Roaming\\services.exe\"",
                                "RuleName": "T1060,RunKey",
                                "TargetObject": "HKU\\S-1-5-21-1015118539-3749460369-599379286-1001\\Software\\Microsoft\\Windows\\CurrentVersion\\Run\\MSWUpdate"
                            }
                        },
                        {
                            "values": {
                                "EventID": "13",
                                "ProcessId": "6596",
                                "EventType": "SetValue",
                                "Image": "C:\\Users\\george\\AppData\\Roaming\\service.exe\\service.exe",
                                "RuleName": "T1060,RunKey",
                                "UtcTime": "1670342325",
                                "Details": "\"C:\\Users\\george\\AppData\\Roaming\\services.exe\"",
                                "ProcessGuid": "{C784477D-66AD-638F-1F06-000000004300}",
                                "TargetObject": "HKU\\S-1-5-21-1015118539-3749460369-599379286-1001\\Software\\Microsoft\\Windows\\CurrentVersion\\Run\\MSWUpdate"
                            }
                        },
                        {
                            "values": {
                                "EventID": "13",
                                "ProcessId": "1376",
                                "EventType": "SetValue",
                                "Image": "C:\\Users\\george\\AppData\\Roaming\\services.exe",
                                "ProcessGuid": "{C784477D-66B3-638F-2006-000000004300}",
                                "UtcTime": "1670342326",
                                "Details": "\"C:\\Users\\george\\AppData\\Roaming\\services.exe\"",
                                "RuleName": "T1060,RunKey",
                                "TargetObject": "HKU\\S-1-5-21-1015118539-3749460369-599379286-1001\\Software\\Microsoft\\Windows\\CurrentVersion\\Run\\MSWUpdate"
                            }
                        },
                        {
                            "values": {
                                "EventID": "13",
                                "ProcessId": "72",
                                "EventType": "SetValue",
                                "Image": "C:\\Users\\george\\AppData\\Roaming\\services.exe",
                                "ProcessGuid": "{C784477D-66B3-638F-2106-000000004300}",
                                "UtcTime": "1670342326",
                                "Details": "\"C:\\Users\\george\\AppData\\Roaming\\services.exe\"",
                                "RuleName": "T1060,RunKey",
                                "TargetObject": "HKU\\S-1-5-21-1015118539-3749460369-599379286-1001\\Software\\Microsoft\\Windows\\CurrentVersion\\Run\\MSWUpdate"
                            }
                        },
                        {
                            "values": {
                                "EventID": "13",
                                "ProcessId": "1516",
                                "EventType": "SetValue",
                                "Image": "C:\\Users\\george\\AppData\\Roaming\\services.exe",
                                "RuleName": "T1060,RunKey",
                                "UtcTime": "1670342326",
                                "Details": "\"C:\\Users\\george\\AppData\\Roaming\\services.exe\"",
                                "ProcessGuid": "{C784477D-66B3-638F-2206-000000004300}",
                                "TargetObject": "HKU\\S-1-5-21-1015118539-3749460369-599379286-1001\\Software\\Microsoft\\Windows\\CurrentVersion\\Run\\MSWUpdate"
                            }
                        },
                        {
                            "values": {
                                "EventID": "13",
                                "ProcessId": "1520",
                                "EventType": "SetValue",
                                "Image": "C:\\Users\\george\\AppData\\Roaming\\services.exe",
                                "RuleName": "T1060,RunKey",
                                "UtcTime": "1670342326",
                                "Details": "\"C:\\Users\\george\\AppData\\Roaming\\services.exe\"",
                                "ProcessGuid": "{C784477D-66B3-638F-2406-000000004300}",
                                "TargetObject": "HKU\\S-1-5-21-1015118539-3749460369-599379286-1001\\Software\\Microsoft\\Windows\\CurrentVersion\\Run\\MSWUpdate"
                            }
                        },
                        {
                            "values": {
                                "EventID": "13",
                                "ProcessId": "3860",
                                "EventType": "SetValue",
                                "Image": "C:\\Users\\george\\AppData\\Roaming\\services.exe",
                                "RuleName": "T1060,RunKey",
                                "UtcTime": "1670342326",
                                "Details": "\"C:\\Users\\george\\AppData\\Roaming\\services.exe\"",
                                "ProcessGuid": "{C784477D-66B3-638F-2306-000000004300}",
                                "TargetObject": "HKU\\S-1-5-21-1015118539-3749460369-599379286-1001\\Software\\Microsoft\\Windows\\CurrentVersion\\Run\\MSWUpdate"
                            }
                        },
                        {
                            "values": {
                                "EventID": "13",
                                "ProcessId": "4432",
                                "EventType": "SetValue",
                                "Image": "C:\\Users\\george\\AppData\\Roaming\\services.exe",
                                "RuleName": "T1060,RunKey",
                                "UtcTime": "1670342333",
                                "Details": "\"C:\\Users\\george\\AppData\\Roaming\\services.exe\"",
                                "ProcessGuid": "{C784477D-66BC-638F-2806-000000004300}",
                                "TargetObject": "HKU\\S-1-5-21-1015118539-3749460369-599379286-1001\\Software\\Microsoft\\Windows\\CurrentVersion\\Run\\MSWUpdate"
                            }
                        },
                        {
                            "values": {
                                "EventID": "13",
                                "ProcessId": "1376",
                                "EventType": "SetValue",
                                "Image": "C:\\Users\\george\\AppData\\Roaming\\services.exe",
                                "RuleName": "T1060,RunKey",
                                "UtcTime": "1670342356",
                                "Details": "\"C:\\Users\\george\\AppData\\Roaming\\services.exe\"",
                                "ProcessGuid": "{C784477D-66B3-638F-2006-000000004300}",
                                "TargetObject": "HKU\\S-1-5-21-1015118539-3749460369-599379286-1001\\Software\\Microsoft\\Windows\\CurrentVersion\\Run\\MSWUpdate"
                            }
                        },
                        {
                            "values": {
                                "EventID": "13",
                                "ProcessId": "72",
                                "EventType": "SetValue",
                                "Image": "C:\\Users\\george\\AppData\\Roaming\\services.exe",
                                "RuleName": "T1060,RunKey",
                                "UtcTime": "1670342356",
                                "Details": "\"C:\\Users\\george\\AppData\\Roaming\\services.exe\"",
                                "ProcessGuid": "{C784477D-66B3-638F-2106-000000004300}",
                                "TargetObject": "HKU\\S-1-5-21-1015118539-3749460369-599379286-1001\\Software\\Microsoft\\Windows\\CurrentVersion\\Run\\MSWUpdate"
                            }
                        },
                        {
                            "values": {
                                "EventID": "13",
                                "ProcessId": "1516",
                                "EventType": "SetValue",
                                "Image": "C:\\Users\\george\\AppData\\Roaming\\services.exe",
                                "RuleName": "T1060,RunKey",
                                "UtcTime": "1670342356",
                                "Details": "\"C:\\Users\\george\\AppData\\Roaming\\services.exe\"",
                                "ProcessGuid": "{C784477D-66B3-638F-2206-000000004300}",
                                "TargetObject": "HKU\\S-1-5-21-1015118539-3749460369-599379286-1001\\Software\\Microsoft\\Windows\\CurrentVersion\\Run\\MSWUpdate"
                            }
                        },
                        {
                            "values": {
                                "EventID": "13",
                                "ProcessId": "1520",
                                "EventType": "SetValue",
                                "Image": "C:\\Users\\george\\AppData\\Roaming\\services.exe",
                                "RuleName": "T1060,RunKey",
                                "UtcTime": "1670342356",
                                "Details": "\"C:\\Users\\george\\AppData\\Roaming\\services.exe\"",
                                "ProcessGuid": "{C784477D-66B3-638F-2406-000000004300}",
                                "TargetObject": "HKU\\S-1-5-21-1015118539-3749460369-599379286-1001\\Software\\Microsoft\\Windows\\CurrentVersion\\Run\\MSWUpdate"
                            }
                        },
                        {
                            "values": {
                                "EventID": "13",
                                "ProcessId": "3860",
                                "EventType": "SetValue",
                                "Image": "C:\\Users\\george\\AppData\\Roaming\\services.exe",
                                "ProcessGuid": "{C784477D-66B3-638F-2306-000000004300}",
                                "UtcTime": "1670342356",
                                "Details": "\"C:\\Users\\george\\AppData\\Roaming\\services.exe\"",
                                "RuleName": "T1060,RunKey",
                                "TargetObject": "HKU\\S-1-5-21-1015118539-3749460369-599379286-1001\\Software\\Microsoft\\Windows\\CurrentVersion\\Run\\MSWUpdate"
                            }
                        },
                        {
                            "values": {
                                "EventID": "13",
                                "ProcessId": "4432",
                                "EventType": "SetValue",
                                "Image": "C:\\Users\\george\\AppData\\Roaming\\services.exe",
                                "ProcessGuid": "{C784477D-66BC-638F-2806-000000004300}",
                                "UtcTime": "1670342363",
                                "Details": "\"C:\\Users\\george\\AppData\\Roaming\\services.exe\"",
                                "RuleName": "T1060,RunKey",
                                "TargetObject": "HKU\\S-1-5-21-1015118539-3749460369-599379286-1001\\Software\\Microsoft\\Windows\\CurrentVersion\\Run\\MSWUpdate"
                            }
                        }
                    ],
                    "rule_level": "medium",
                    "rule_id": "8b5db9da5732dc549b0e8b56fe5933d7c95ed760f3ac20568ab95347ef8c5bcc",
                    "rule_source": "Sigma Integrated Rule Set (GitHub)",
                    "rule_title": "CurrentVersion Autorun Keys Modification",
                    "rule_description": "Detects modification of autostart extensibility point (ASEP) in registry.",
                    "rule_author": "Victor Sergeev, Daniil Yugoslavskiy, Gleb Sukhodolskiy, Timur Zinniatullin, oscd.community, Tim Shelton, frack113 (split)"
                },
                {
                    "match_context": [
                        {
                            "values": {
                                "TerminalSessionId": "1",
                                "ProcessGuid": "{C784477D-668C-638F-1306-000000004300}",
                                "ProcessId": "6348",
                                "Product": "AOL Instant Messenger",
                                "Description": "AOL Instant Messenger",
                                "Company": "AOL Inc.",
                                "ParentProcessGuid": "{C784477D-6684-638F-0F06-000000004300}",
                                "User": "DESKTOP-B0T93D6\\george",
                                "Hashes": "MD5=EE4BD22E12274E3CFF1C63C66FA04839,SHA256=99CB1414C14487B3120A5EACA15EED078EA6C529E5A62727C0199FA1074BF6F2,IMPHASH=00000000000000000000000000000000",
                                "OriginalFileName": "aim.exe",
                                "ParentImage": "C:\\Users\\george\\AppData\\Roaming\\service.exe\\service.exe",
                                "FileVersion": "7.5.8.2",
                                "ParentProcessId": "5544",
                                "CurrentDirectory": "C:\\Users\\george\\Desktop\\",
                                "CommandLine": "  /d C:\\Users\\george\\AppData\\Roaming\\service.exe\\service.exe",
                                "EventID": "1",
                                "LogonGuid": "C784477D-AA65-6384-87E8-030000000000",
                                "LogonId": "256135",
                                "Image": "C:\\Users\\george\\AppData\\Roaming\\services.exe",
                                "IntegrityLevel": "High",
                                "ParentCommandLine": "C:\\Users\\george\\AppData\\Roaming\\service.exe\\service.exe",
                                "UtcTime": "1670342284",
                                "RuleName": "-"
                            }
                        },
                        {
                            "values": {
                                "TerminalSessionId": "1",
                                "ProcessGuid": "{C784477D-6699-638F-1806-000000004300}",
                                "ProcessId": "3712",
                                "Product": "AOL Instant Messenger",
                                "Description": "AOL Instant Messenger",
                                "Company": "AOL Inc.",
                                "ParentProcessGuid": "{C784477D-AA65-6384-6B00-000000004300}",
                                "User": "DESKTOP-B0T93D6\\george",
                                "Hashes": "MD5=EE4BD22E12274E3CFF1C63C66FA04839,SHA256=99CB1414C14487B3120A5EACA15EED078EA6C529E5A62727C0199FA1074BF6F2,IMPHASH=00000000000000000000000000000000",
                                "OriginalFileName": "aim.exe",
                                "ParentImage": "C:\\Windows\\explorer.exe",
                                "FileVersion": "7.5.8.2",
                                "ParentProcessId": "4920",
                                "CurrentDirectory": "C:\\Users\\george\\AppData\\Roaming\\",
                                "CommandLine": "\"C:\\Users\\george\\AppData\\Roaming\\services.exe\" ",
                                "EventID": "1",
                                "LogonGuid": "C784477D-AA65-6384-F2E8-030000000000",
                                "LogonId": "256242",
                                "Image": "C:\\Users\\george\\AppData\\Roaming\\services.exe",
                                "IntegrityLevel": "Medium",
                                "ParentCommandLine": "C:\\Windows\\Explorer.EXE",
                                "UtcTime": "1670342297",
                                "RuleName": "-"
                            }
                        },
                        {
                            "values": {
                                "TerminalSessionId": "1",
                                "ProcessGuid": "{C784477D-66A1-638F-1A06-000000004300}",
                                "ProcessId": "3152",
                                "Product": "AOL Instant Messenger",
                                "Description": "AOL Instant Messenger",
                                "Company": "AOL Inc.",
                                "ParentProcessGuid": "{C784477D-AA65-6384-6B00-000000004300}",
                                "User": "DESKTOP-B0T93D6\\george",
                                "Hashes": "MD5=EE4BD22E12274E3CFF1C63C66FA04839,SHA256=99CB1414C14487B3120A5EACA15EED078EA6C529E5A62727C0199FA1074BF6F2,IMPHASH=00000000000000000000000000000000",
                                "OriginalFileName": "aim.exe",
                                "ParentImage": "C:\\Windows\\explorer.exe",
                                "FileVersion": "7.5.8.2",
                                "ParentProcessId": "4920",
                                "CurrentDirectory": "C:\\Users\\george\\AppData\\Roaming\\",
                                "CommandLine": "\"C:\\Users\\george\\AppData\\Roaming\\services.exe\" ",
                                "EventID": "1",
                                "LogonGuid": "C784477D-AA65-6384-F2E8-030000000000",
                                "LogonId": "256242",
                                "Image": "C:\\Users\\george\\AppData\\Roaming\\services.exe",
                                "IntegrityLevel": "Medium",
                                "ParentCommandLine": "C:\\Windows\\Explorer.EXE",
                                "UtcTime": "1670342305",
                                "RuleName": "-"
                            }
                        },
                        {
                            "values": {
                                "TerminalSessionId": "1",
                                "ProcessGuid": "{C784477D-66A1-638F-1C06-000000004300}",
                                "ProcessId": "5628",
                                "Product": "AOL Instant Messenger",
                                "Description": "AOL Instant Messenger",
                                "Company": "AOL Inc.",
                                "ParentProcessGuid": "{C784477D-6698-638F-1706-000000004300}",
                                "User": "DESKTOP-B0T93D6\\george",
                                "Hashes": "MD5=EE4BD22E12274E3CFF1C63C66FA04839,SHA256=99CB1414C14487B3120A5EACA15EED078EA6C529E5A62727C0199FA1074BF6F2,IMPHASH=00000000000000000000000000000000",
                                "OriginalFileName": "aim.exe",
                                "ParentImage": "C:\\Users\\george\\AppData\\Roaming\\service.exe\\service.exe",
                                "FileVersion": "7.5.8.2",
                                "ParentProcessId": "6568",
                                "CurrentDirectory": "C:\\Users\\george\\AppData\\Roaming\\service.exe\\",
                                "CommandLine": "  /d C:\\Users\\george\\AppData\\Roaming\\service.exe\\service.exe",
                                "EventID": "1",
                                "LogonGuid": "C784477D-AA65-6384-F2E8-030000000000",
                                "LogonId": "256242",
                                "Image": "C:\\Users\\george\\AppData\\Roaming\\services.exe",
                                "IntegrityLevel": "Medium",
                                "ParentCommandLine": "C:\\Users\\george\\AppData\\Roaming\\service.exe\\service.exe",
                                "UtcTime": "1670342305",
                                "RuleName": "-"
                            }
                        },
                        {
                            "values": {
                                "TerminalSessionId": "1",
                                "ProcessGuid": "{C784477D-66A9-638F-1E06-000000004300}",
                                "ProcessId": "5164",
                                "Product": "AOL Instant Messenger",
                                "Description": "AOL Instant Messenger",
                                "Company": "AOL Inc.",
                                "ParentProcessGuid": "{C784477D-AA65-6384-6B00-000000004300}",
                                "User": "DESKTOP-B0T93D6\\george",
                                "Hashes": "MD5=EE4BD22E12274E3CFF1C63C66FA04839,SHA256=99CB1414C14487B3120A5EACA15EED078EA6C529E5A62727C0199FA1074BF6F2,IMPHASH=00000000000000000000000000000000",
                                "OriginalFileName": "aim.exe",
                                "ParentImage": "C:\\Windows\\explorer.exe",
                                "FileVersion": "7.5.8.2",
                                "ParentProcessId": "4920",
                                "CurrentDirectory": "C:\\Users\\george\\AppData\\Roaming\\",
                                "CommandLine": "\"C:\\Users\\george\\AppData\\Roaming\\services.exe\" ",
                                "EventID": "1",
                                "LogonGuid": "C784477D-AA65-6384-F2E8-030000000000",
                                "LogonId": "256242",
                                "Image": "C:\\Users\\george\\AppData\\Roaming\\services.exe",
                                "IntegrityLevel": "Medium",
                                "ParentCommandLine": "C:\\Windows\\Explorer.EXE",
                                "UtcTime": "1670342313",
                                "RuleName": "-"
                            }
                        },
                        {
                            "values": {
                                "TerminalSessionId": "1",
                                "ProcessGuid": "{C784477D-66B3-638F-2006-000000004300}",
                                "ProcessId": "1376",
                                "Product": "AOL Instant Messenger",
                                "Description": "AOL Instant Messenger",
                                "Company": "AOL Inc.",
                                "ParentProcessGuid": "{C784477D-6699-638F-1806-000000004300}",
                                "User": "DESKTOP-B0T93D6\\george",
                                "Hashes": "MD5=EE4BD22E12274E3CFF1C63C66FA04839,SHA256=99CB1414C14487B3120A5EACA15EED078EA6C529E5A62727C0199FA1074BF6F2,IMPHASH=00000000000000000000000000000000",
                                "OriginalFileName": "aim.exe",
                                "ParentImage": "C:\\Users\\george\\AppData\\Roaming\\services.exe",
                                "FileVersion": "7.5.8.2",
                                "ParentProcessId": "3712",
                                "CurrentDirectory": "C:\\Users\\george\\AppData\\Roaming\\",
                                "CommandLine": "C:\\Users\\george\\AppData\\Roaming\\services.exe",
                                "EventID": "1",
                                "LogonGuid": "C784477D-AA65-6384-F2E8-030000000000",
                                "LogonId": "256242",
                                "Image": "C:\\Users\\george\\AppData\\Roaming\\services.exe",
                                "IntegrityLevel": "Medium",
                                "ParentCommandLine": "\"C:\\Users\\george\\AppData\\Roaming\\services.exe\" ",
                                "UtcTime": "1670342323",
                                "RuleName": "-"
                            }
                        },
                        {
                            "values": {
                                "TerminalSessionId": "1",
                                "ProcessGuid": "{C784477D-66B3-638F-2106-000000004300}",
                                "ProcessId": "72",
                                "Product": "AOL Instant Messenger",
                                "Description": "AOL Instant Messenger",
                                "Company": "AOL Inc.",
                                "ParentProcessGuid": "{C784477D-66A1-638F-1C06-000000004300}",
                                "User": "DESKTOP-B0T93D6\\george",
                                "Hashes": "MD5=EE4BD22E12274E3CFF1C63C66FA04839,SHA256=99CB1414C14487B3120A5EACA15EED078EA6C529E5A62727C0199FA1074BF6F2,IMPHASH=00000000000000000000000000000000",
                                "OriginalFileName": "aim.exe",
                                "ParentImage": "C:\\Users\\george\\AppData\\Roaming\\services.exe",
                                "FileVersion": "7.5.8.2",
                                "ParentProcessId": "5628",
                                "CurrentDirectory": "C:\\Users\\george\\AppData\\Roaming\\service.exe\\",
                                "CommandLine": "C:\\Users\\george\\AppData\\Roaming\\services.exe",
                                "EventID": "1",
                                "LogonGuid": "C784477D-AA65-6384-F2E8-030000000000",
                                "LogonId": "256242",
                                "Image": "C:\\Users\\george\\AppData\\Roaming\\services.exe",
                                "IntegrityLevel": "Medium",
                                "ParentCommandLine": "  /d C:\\Users\\george\\AppData\\Roaming\\service.exe\\service.exe",
                                "UtcTime": "1670342323",
                                "RuleName": "-"
                            }
                        },
                        {
                            "values": {
                                "TerminalSessionId": "1",
                                "ProcessGuid": "{C784477D-66B3-638F-2206-000000004300}",
                                "ProcessId": "1516",
                                "Product": "AOL Instant Messenger",
                                "Description": "AOL Instant Messenger",
                                "Company": "AOL Inc.",
                                "ParentProcessGuid": "{C784477D-668C-638F-1306-000000004300}",
                                "User": "DESKTOP-B0T93D6\\george",
                                "Hashes": "MD5=EE4BD22E12274E3CFF1C63C66FA04839,SHA256=99CB1414C14487B3120A5EACA15EED078EA6C529E5A62727C0199FA1074BF6F2,IMPHASH=00000000000000000000000000000000",
                                "OriginalFileName": "aim.exe",
                                "ParentImage": "C:\\Users\\george\\AppData\\Roaming\\services.exe",
                                "FileVersion": "7.5.8.2",
                                "ParentProcessId": "6348",
                                "CurrentDirectory": "C:\\Users\\george\\Desktop\\",
                                "CommandLine": "C:\\Users\\george\\AppData\\Roaming\\services.exe",
                                "EventID": "1",
                                "LogonGuid": "C784477D-AA65-6384-87E8-030000000000",
                                "LogonId": "256135",
                                "Image": "C:\\Users\\george\\AppData\\Roaming\\services.exe",
                                "IntegrityLevel": "High",
                                "ParentCommandLine": "  /d C:\\Users\\george\\AppData\\Roaming\\service.exe\\service.exe",
                                "UtcTime": "1670342323",
                                "RuleName": "-"
                            }
                        },
                        {
                            "values": {
                                "TerminalSessionId": "1",
                                "ProcessGuid": "{C784477D-66B3-638F-2306-000000004300}",
                                "ProcessId": "3860",
                                "Product": "AOL Instant Messenger",
                                "Description": "AOL Instant Messenger",
                                "Company": "AOL Inc.",
                                "ParentProcessGuid": "{C784477D-66A9-638F-1E06-000000004300}",
                                "User": "DESKTOP-B0T93D6\\george",
                                "Hashes": "MD5=EE4BD22E12274E3CFF1C63C66FA04839,SHA256=99CB1414C14487B3120A5EACA15EED078EA6C529E5A62727C0199FA1074BF6F2,IMPHASH=00000000000000000000000000000000",
                                "OriginalFileName": "aim.exe",
                                "ParentImage": "C:\\Users\\george\\AppData\\Roaming\\services.exe",
                                "FileVersion": "7.5.8.2",
                                "ParentProcessId": "5164",
                                "CurrentDirectory": "C:\\Users\\george\\AppData\\Roaming\\",
                                "CommandLine": "C:\\Users\\george\\AppData\\Roaming\\services.exe",
                                "EventID": "1",
                                "LogonGuid": "C784477D-AA65-6384-F2E8-030000000000",
                                "LogonId": "256242",
                                "Image": "C:\\Users\\george\\AppData\\Roaming\\services.exe",
                                "IntegrityLevel": "Medium",
                                "ParentCommandLine": "\"C:\\Users\\george\\AppData\\Roaming\\services.exe\" ",
                                "UtcTime": "1670342323",
                                "RuleName": "-"
                            }
                        },
                        {
                            "values": {
                                "TerminalSessionId": "1",
                                "ProcessGuid": "{C784477D-66B3-638F-2406-000000004300}",
                                "ProcessId": "1520",
                                "Product": "AOL Instant Messenger",
                                "Description": "AOL Instant Messenger",
                                "Company": "AOL Inc.",
                                "ParentProcessGuid": "{C784477D-66A1-638F-1A06-000000004300}",
                                "User": "DESKTOP-B0T93D6\\george",
                                "Hashes": "MD5=EE4BD22E12274E3CFF1C63C66FA04839,SHA256=99CB1414C14487B3120A5EACA15EED078EA6C529E5A62727C0199FA1074BF6F2,IMPHASH=00000000000000000000000000000000",
                                "OriginalFileName": "aim.exe",
                                "ParentImage": "C:\\Users\\george\\AppData\\Roaming\\services.exe",
                                "FileVersion": "7.5.8.2",
                                "ParentProcessId": "3152",
                                "CurrentDirectory": "C:\\Users\\george\\AppData\\Roaming\\",
                                "CommandLine": "C:\\Users\\george\\AppData\\Roaming\\services.exe",
                                "EventID": "1",
                                "LogonGuid": "C784477D-AA65-6384-F2E8-030000000000",
                                "LogonId": "256242",
                                "Image": "C:\\Users\\george\\AppData\\Roaming\\services.exe",
                                "IntegrityLevel": "Medium",
                                "ParentCommandLine": "\"C:\\Users\\george\\AppData\\Roaming\\services.exe\" ",
                                "UtcTime": "1670342323",
                                "RuleName": "-"
                            }
                        },
                        {
                            "values": {
                                "TerminalSessionId": "1",
                                "ProcessGuid": "{C784477D-66B5-638F-2606-000000004300}",
                                "ProcessId": "4208",
                                "Product": "AOL Instant Messenger",
                                "Description": "AOL Instant Messenger",
                                "Company": "AOL Inc.",
                                "ParentProcessGuid": "{C784477D-66AD-638F-1F06-000000004300}",
                                "User": "DESKTOP-B0T93D6\\george",
                                "Hashes": "MD5=EE4BD22E12274E3CFF1C63C66FA04839,SHA256=99CB1414C14487B3120A5EACA15EED078EA6C529E5A62727C0199FA1074BF6F2,IMPHASH=00000000000000000000000000000000",
                                "OriginalFileName": "aim.exe",
                                "ParentImage": "C:\\Users\\george\\AppData\\Roaming\\service.exe\\service.exe",
                                "FileVersion": "7.5.8.2",
                                "ParentProcessId": "6596",
                                "CurrentDirectory": "C:\\Users\\george\\AppData\\Roaming\\service.exe\\",
                                "CommandLine": "  /d C:\\Users\\george\\AppData\\Roaming\\service.exe\\service.exe",
                                "EventID": "1",
                                "LogonGuid": "C784477D-AA65-6384-F2E8-030000000000",
                                "LogonId": "256242",
                                "Image": "C:\\Users\\george\\AppData\\Roaming\\services.exe",
                                "IntegrityLevel": "Medium",
                                "ParentCommandLine": "C:\\Users\\george\\AppData\\Roaming\\service.exe\\service.exe",
                                "UtcTime": "1670342325",
                                "RuleName": "-"
                            }
                        },
