{
    "data": {
        "id": "cab7f285ced9a400903dec7eddc293582027ac48b6bee8a5845ed83df9004be9",
        "type": "file",
        "links": {
            "self": "https://www.virustotal.com/api/v3/files/cab7f285ced9a400903dec7eddc293582027ac48b6bee8a5845ed83df9004be9"
        },
        "attributes": {
            "last_analysis_stats": {
                "malicious": 56,
                "suspicious": 0,
                "undetected": 14,
                "harmless": 0,
                "timeout": 1,
                "confirmed-timeout": 0,
                "failure": 0,
                "type-unsupported": 4
            },
            "authentihash": "ba1b8804c02abb227b6e4eb49b84a0fb6679e4e044ae7ffaf34a3ed78c7e5f16",
            "names": [
                "cv_lock.exe",
                "file-7858494_exe",
                "944966345cf3e8f935ad635346597cfe4a069b9b",
                "51532005",
                "output.51532005.txt",
                "cv_lock.exe_bad",
                "cab7f285ced9a400903dec7eddc293582027ac48b6bee8a5845ed83df9004be9.exe",
                "d42878q5n.bin"
            ],
            "sigma_analysis_results": [
                {
                    "match_context": [
                        {
                            "values": {
                                "TerminalSessionId": "1",
                                "ProcessGuid": "{C784477D-462A-6463-3F06-000000004700}",
                                "ProcessId": "8640",
                                "Product": "Microsoft\\xae Visual Studio\\xae 2005",
                                "Description": "Visual C# Command Line Compiler",
                                "Company": "Microsoft Corporation",
                                "ParentProcessGuid": "{C784477D-4629-6463-3E06-000000004700}",
                                "User": "DESKTOP-B0T93D6\\george",
                                "Hashes": "MD5=732F50A1ED63FDD807C7D1288E23AE6A,SHA256=D28DE2EB3DC4C835890170682485D7BFAEDEE0DDCA7F4199050CB4056EB1849C,IMPHASH=5EE340AECA42C605AFB4E1B2F350E215",
                                "OriginalFileName": "csc.exe",
                                "ParentImage": "C:\\Users\\george\\Desktop\\file.exe",
                                "FileVersion": "8.0.50727.8922 (WinRelRS4.050727-8900)",
                                "ParentProcessId": "8588",
                                "CurrentDirectory": "C:\\Users\\george\\Desktop\\",
                                "CommandLine": "\"C:\\Windows\\Microsoft.NET\\Framework\\v2.0.50727\\csc.exe\" /noconfig /fullpaths @\"C:\\Users\\george\\AppData\\Local\\Temp\\jcxcd2iy.cmdline\"",
                                "EventID": "1",
                                "LogonGuid": "C784477D-C377-643F-1A9A-030000000000",
                                "LogonId": "236058",
                                "Image": "C:\\Windows\\Microsoft.NET\\Framework\\v2.0.50727\\csc.exe",
                                "IntegrityLevel": "High",
                                "ParentCommandLine": "\"C:\\Users\\george\\Desktop\\file.exe\"",
                                "UtcTime": "1684227626",
                                "RuleName": "-"
                            }
                        },
                        {
                            "values": {
                                "TerminalSessionId": "1",
                                "ProcessGuid": "{C784477D-4636-6463-4D06-000000004700}",
                                "ProcessId": "7768",
                                "Product": "Microsoft\\xae Visual Studio\\xae 2005",
                                "Description": "Visual C# Command Line Compiler",
                                "Company": "Microsoft Corporation",
                                "ParentProcessGuid": "{C784477D-4636-6463-4C06-000000004700}",
                                "User": "DESKTOP-B0T93D6\\george",
                                "Hashes": "MD5=732F50A1ED63FDD807C7D1288E23AE6A,SHA256=D28DE2EB3DC4C835890170682485D7BFAEDEE0DDCA7F4199050CB4056EB1849C,IMPHASH=5EE340AECA42C605AFB4E1B2F350E215",
                                "OriginalFileName": "csc.exe",
                                "ParentImage": "C:\\Users\\george\\Desktop\\file.exe",
                                "FileVersion": "8.0.50727.8922 (WinRelRS4.050727-8900)",
                                "ParentProcessId": "8196",
                                "CurrentDirectory": "C:\\Users\\george\\Desktop\\",
                                "CommandLine": "\"C:\\Windows\\Microsoft.NET\\Framework\\v2.0.50727\\csc.exe\" /noconfig /fullpaths @\"C:\\Users\\george\\AppData\\Local\\Temp\\lm0alupc.cmdline\"",
                                "EventID": "1",
                                "LogonGuid": "C784477D-C377-643F-559A-030000000000",
                                "LogonId": "236117",
                                "Image": "C:\\Windows\\Microsoft.NET\\Framework\\v2.0.50727\\csc.exe",
                                "IntegrityLevel": "Medium",
                                "ParentCommandLine": "\"C:\\Users\\george\\Desktop\\file.exe\" ",
                                "UtcTime": "1684227638",
                                "RuleName": "-"
                            }
                        },
                        {
                            "values": {
                                "TerminalSessionId": "1",
                                "ProcessGuid": "{C784477D-463E-6463-5B06-000000004700}",
                                "ProcessId": "8676",
                                "Product": "Microsoft\\xae Visual Studio\\xae 2005",
                                "Description": "Visual C# Command Line Compiler",
                                "Company": "Microsoft Corporation",
                                "ParentProcessGuid": "{C784477D-463E-6463-5A06-000000004700}",
                                "User": "DESKTOP-B0T93D6\\george",
                                "Hashes": "MD5=732F50A1ED63FDD807C7D1288E23AE6A,SHA256=D28DE2EB3DC4C835890170682485D7BFAEDEE0DDCA7F4199050CB4056EB1849C,IMPHASH=5EE340AECA42C605AFB4E1B2F350E215",
                                "OriginalFileName": "csc.exe",
                                "ParentImage": "C:\\Users\\george\\Desktop\\file.exe",
                                "FileVersion": "8.0.50727.8922 (WinRelRS4.050727-8900)",
                                "ParentProcessId": "8712",
                                "CurrentDirectory": "C:\\Users\\george\\Desktop\\",
                                "CommandLine": "\"C:\\Windows\\Microsoft.NET\\Framework\\v2.0.50727\\csc.exe\" /noconfig /fullpaths @\"C:\\Users\\george\\AppData\\Local\\Temp\\pjq6zvyz.cmdline\"",
                                "EventID": "1",
                                "LogonGuid": "C784477D-C377-643F-559A-030000000000",
                                "LogonId": "236117",
                                "Image": "C:\\Windows\\Microsoft.NET\\Framework\\v2.0.50727\\csc.exe",
                                "IntegrityLevel": "Medium",
                                "ParentCommandLine": "\"C:\\Users\\george\\Desktop\\file.exe\" ",
                                "UtcTime": "1684227646",
                                "RuleName": "-"
                            }
                        },
                        {
                            "values": {
                                "TerminalSessionId": "1",
                                "ProcessGuid": "{C784477D-4646-6463-6906-000000004700}",
                                "ProcessId": "9156",
                                "Product": "Microsoft\\xae Visual Studio\\xae 2005",
                                "Description": "Visual C# Command Line Compiler",
                                "Company": "Microsoft Corporation",
                                "ParentProcessGuid": "{C784477D-4646-6463-6806-000000004700}",
                                "User": "DESKTOP-B0T93D6\\george",
                                "Hashes": "MD5=732F50A1ED63FDD807C7D1288E23AE6A,SHA256=D28DE2EB3DC4C835890170682485D7BFAEDEE0DDCA7F4199050CB4056EB1849C,IMPHASH=5EE340AECA42C605AFB4E1B2F350E215",
                                "OriginalFileName": "csc.exe",
                                "ParentImage": "C:\\Users\\george\\Desktop\\file.exe",
                                "FileVersion": "8.0.50727.8922 (WinRelRS4.050727-8900)",
                                "ParentProcessId": "7696",
                                "CurrentDirectory": "C:\\Users\\george\\Desktop\\",
                                "CommandLine": "\"C:\\Windows\\Microsoft.NET\\Framework\\v2.0.50727\\csc.exe\" /noconfig /fullpaths @\"C:\\Users\\george\\AppData\\Local\\Temp\\922ky7hy.cmdline\"",
                                "EventID": "1",
                                "LogonGuid": "C784477D-C377-643F-559A-030000000000",
                                "LogonId": "236117",
                                "Image": "C:\\Windows\\Microsoft.NET\\Framework\\v2.0.50727\\csc.exe",
                                "IntegrityLevel": "Medium",
                                "ParentCommandLine": "\"C:\\Users\\george\\Desktop\\file.exe\" ",
                                "UtcTime": "1684227654",
                                "RuleName": "-"
                            }
                        },
                        {
                            "values": {
                                "TerminalSessionId": "1",
                                "ProcessGuid": "{C784477D-464F-6463-7706-000000004700}",
                                "ProcessId": "6160",
                                "Product": "Microsoft\\xae Visual Studio\\xae 2005",
                                "Description": "Visual C# Command Line Compiler",
                                "Company": "Microsoft Corporation",
                                "ParentProcessGuid": "{C784477D-464E-6463-7606-000000004700}",
                                "User": "DESKTOP-B0T93D6\\george",
                                "Hashes": "MD5=732F50A1ED63FDD807C7D1288E23AE6A,SHA256=D28DE2EB3DC4C835890170682485D7BFAEDEE0DDCA7F4199050CB4056EB1849C,IMPHASH=5EE340AECA42C605AFB4E1B2F350E215",
                                "OriginalFileName": "csc.exe",
                                "ParentImage": "C:\\Users\\george\\Desktop\\file.exe",
                                "FileVersion": "8.0.50727.8922 (WinRelRS4.050727-8900)",
                                "ParentProcessId": "6268",
                                "CurrentDirectory": "C:\\Users\\george\\Desktop\\",
                                "CommandLine": "\"C:\\Windows\\Microsoft.NET\\Framework\\v2.0.50727\\csc.exe\" /noconfig /fullpaths @\"C:\\Users\\george\\AppData\\Local\\Temp\\ktsa_iyc.cmdline\"",
                                "EventID": "1",
                                "LogonGuid": "C784477D-C377-643F-559A-030000000000",
                                "LogonId": "236117",
                                "Image": "C:\\Windows\\Microsoft.NET\\Framework\\v2.0.50727\\csc.exe",
                                "IntegrityLevel": "Medium",
                                "ParentCommandLine": "\"C:\\Users\\george\\Desktop\\file.exe\" ",
                                "UtcTime": "1684227663",
                                "RuleName": "-"
                            }
                        }
                    ],
                    "rule_level": "critical",
                    "rule_id": "76e8bb8877ab40bd84b14fc93daffe9ff7ebe9440ce09916b5c63a302d62c918",
                    "rule_source": "Joe Security Rule Set (GitHub)",
                    "rule_title": "Dot net compiler compiles file from suspicious location",
                    "rule_description": "Dot net compiler compiles file from suspicious location",
                    "rule_author": "Joe Security"
                },
                {
                    "match_context": [
                        {
                            "values": {
                                "TerminalSessionId": "1",
                                "ProcessGuid": "{C784477D-462D-6463-4506-000000004700}",
                                "ProcessId": "8832",
                                "Product": "Microsoft\\xae Windows\\xae Operating System",
                                "Description": "WMI Commandline Utility",
                                "Company": "Microsoft Corporation",
                                "ParentProcessGuid": "{C784477D-4629-6463-3E06-000000004700}",
                                "User": "DESKTOP-B0T93D6\\george",
                                "Hashes": "MD5=EC80E603E0090B3AC3C1234C2BA43A0F,SHA256=D368BCB7934DB0C53D1E7277DCB47AF2B709253CBF0EEE9869EE7E17ED226EA3,IMPHASH=59A9108CA1CECC9147C5FBAB104EBF33",
                                "OriginalFileName": "wmic.exe",
                                "ParentImage": "C:\\Users\\george\\Desktop\\file.exe",
                                "FileVersion": "10.0.17134.1 (WinBuild.160101.0800)",
                                "ParentProcessId": "8588",
                                "CurrentDirectory": "C:\\Users\\george\\Desktop\\",
                                "CommandLine": "\"C:\\Windows\\sysnative\\wbem\\wmic.exe\" shadowcopy delete",
                                "EventID": "1",
                                "LogonGuid": "C784477D-C377-643F-1A9A-030000000000",
                                "LogonId": "236058",
                                "Image": "C:\\Windows\\System32\\wbem\\WMIC.exe",
                                "IntegrityLevel": "High",
                                "ParentCommandLine": "\"C:\\Users\\george\\Desktop\\file.exe\"",
                                "UtcTime": "1684227629",
                                "RuleName": "-"
                            }
                        },
                        {
                            "values": {
                                "TerminalSessionId": "1",
                                "ProcessGuid": "{C784477D-4638-6463-5206-000000004700}",
                                "ProcessId": "3348",
                                "Product": "Microsoft\\xae Windows\\xae Operating System",
                                "Description": "WMI Commandline Utility",
                                "Company": "Microsoft Corporation",
                                "ParentProcessGuid": "{C784477D-4636-6463-4C06-000000004700}",
                                "User": "DESKTOP-B0T93D6\\george",
                                "Hashes": "MD5=EC80E603E0090B3AC3C1234C2BA43A0F,SHA256=D368BCB7934DB0C53D1E7277DCB47AF2B709253CBF0EEE9869EE7E17ED226EA3,IMPHASH=59A9108CA1CECC9147C5FBAB104EBF33",
                                "OriginalFileName": "wmic.exe",
                                "ParentImage": "C:\\Users\\george\\Desktop\\file.exe",
                                "FileVersion": "10.0.17134.1 (WinBuild.160101.0800)",
                                "ParentProcessId": "8196",
                                "CurrentDirectory": "C:\\Users\\george\\Desktop\\",
                                "CommandLine": "\"C:\\Windows\\sysnative\\wbem\\wmic.exe\" shadowcopy delete",
                                "EventID": "1",
                                "LogonGuid": "C784477D-C377-643F-559A-030000000000",
                                "LogonId": "236117",
                                "Image": "C:\\Windows\\System32\\wbem\\WMIC.exe",
                                "IntegrityLevel": "Medium",
                                "ParentCommandLine": "\"C:\\Users\\george\\Desktop\\file.exe\" ",
                                "UtcTime": "1684227640",
                                "RuleName": "-"
                            }
                        },
                        {
                            "values": {
                                "TerminalSessionId": "1",
                                "ProcessGuid": "{C784477D-4641-6463-6006-000000004700}",
                                "ProcessId": "8936",
                                "Product": "Microsoft\\xae Windows\\xae Operating System",
                                "Description": "WMI Commandline Utility",
                                "Company": "Microsoft Corporation",
                                "ParentProcessGuid": "{C784477D-463E-6463-5A06-000000004700}",
                                "User": "DESKTOP-B0T93D6\\george",
                                "Hashes": "MD5=EC80E603E0090B3AC3C1234C2BA43A0F,SHA256=D368BCB7934DB0C53D1E7277DCB47AF2B709253CBF0EEE9869EE7E17ED226EA3,IMPHASH=59A9108CA1CECC9147C5FBAB104EBF33",
                                "OriginalFileName": "wmic.exe",
                                "ParentImage": "C:\\Users\\george\\Desktop\\file.exe",
                                "FileVersion": "10.0.17134.1 (WinBuild.160101.0800)",
                                "ParentProcessId": "8712",
                                "CurrentDirectory": "C:\\Users\\george\\Desktop\\",
                                "CommandLine": "\"C:\\Windows\\sysnative\\wbem\\wmic.exe\" shadowcopy delete",
                                "EventID": "1",
                                "LogonGuid": "C784477D-C377-643F-559A-030000000000",
                                "LogonId": "236117",
                                "Image": "C:\\Windows\\System32\\wbem\\WMIC.exe",
                                "IntegrityLevel": "Medium",
                                "ParentCommandLine": "\"C:\\Users\\george\\Desktop\\file.exe\" ",
                                "UtcTime": "1684227649",
                                "RuleName": "-"
                            }
                        },
                        {
                            "values": {
                                "TerminalSessionId": "1",
                                "ProcessGuid": "{C784477D-464A-6463-6E06-000000004700}",
                                "ProcessId": "9180",
                                "Product": "Microsoft\\xae Windows\\xae Operating System",
                                "Description": "WMI Commandline Utility",
                                "Company": "Microsoft Corporation",
                                "ParentProcessGuid": "{C784477D-4646-6463-6806-000000004700}",
                                "User": "DESKTOP-B0T93D6\\george",
                                "Hashes": "MD5=EC80E603E0090B3AC3C1234C2BA43A0F,SHA256=D368BCB7934DB0C53D1E7277DCB47AF2B709253CBF0EEE9869EE7E17ED226EA3,IMPHASH=59A9108CA1CECC9147C5FBAB104EBF33",
                                "OriginalFileName": "wmic.exe",
                                "ParentImage": "C:\\Users\\george\\Desktop\\file.exe",
                                "FileVersion": "10.0.17134.1 (WinBuild.160101.0800)",
                                "ParentProcessId": "7696",
                                "CurrentDirectory": "C:\\Users\\george\\Desktop\\",
                                "CommandLine": "\"C:\\Windows\\sysnative\\wbem\\wmic.exe\" shadowcopy delete",
                                "EventID": "1",
                                "LogonGuid": "C784477D-C377-643F-559A-030000000000",
                                "LogonId": "236117",
                                "Image": "C:\\Windows\\System32\\wbem\\WMIC.exe",
                                "IntegrityLevel": "Medium",
                                "ParentCommandLine": "\"C:\\Users\\george\\Desktop\\file.exe\" ",
                                "UtcTime": "1684227658",
                                "RuleName": "-"
                            }
                        },
                        {
                            "values": {
                                "TerminalSessionId": "1",
                                "ProcessGuid": "{C784477D-4653-6463-7C06-000000004700}",
                                "ProcessId": "8592",
                                "Product": "Microsoft\\xae Windows\\xae Operating System",
                                "Description": "WMI Commandline Utility",
                                "Company": "Microsoft Corporation",
                                "ParentProcessGuid": "{C784477D-464E-6463-7606-000000004700}",
                                "User": "DESKTOP-B0T93D6\\george",
                                "Hashes": "MD5=EC80E603E0090B3AC3C1234C2BA43A0F,SHA256=D368BCB7934DB0C53D1E7277DCB47AF2B709253CBF0EEE9869EE7E17ED226EA3,IMPHASH=59A9108CA1CECC9147C5FBAB104EBF33",
                                "OriginalFileName": "wmic.exe",
                                "ParentImage": "C:\\Users\\george\\Desktop\\file.exe",
                                "FileVersion": "10.0.17134.1 (WinBuild.160101.0800)",
                                "ParentProcessId": "6268",
                                "CurrentDirectory": "C:\\Users\\george\\Desktop\\",
                                "CommandLine": "\"C:\\Windows\\sysnative\\wbem\\wmic.exe\" shadowcopy delete",
                                "EventID": "1",
                                "LogonGuid": "C784477D-C377-643F-559A-030000000000",
                                "LogonId": "236117",
                                "Image": "C:\\Windows\\System32\\wbem\\WMIC.exe",
                                "IntegrityLevel": "Medium",
                                "ParentCommandLine": "\"C:\\Users\\george\\Desktop\\file.exe\" ",
                                "UtcTime": "1684227667",
                                "RuleName": "-"
                            }
                        }
                    ],
                    "rule_level": "critical",
                    "rule_id": "be6d29855558a0e8c404486d8f1838ce35594866f126f9c1c62a9792e9c76be2",
                    "rule_source": "Joe Security Rule Set (GitHub)",
                    "rule_title": "Delete shadow copy via WMIC",
                    "rule_description": "Delete shadow copy via WMIC",
                    "rule_author": "Joe Security"
                },
                {
                    "match_context": [
                        {
                            "values": {
                                "TerminalSessionId": "1",
                                "ProcessGuid": "{C784477D-462D-6463-4306-000000004700}",
                                "ProcessId": "8780",
                                "Product": "Microsoft\\xae Windows\\xae Operating System",
                                "Description": "Command Line Interface for Microsoft\\xae Volume Shadow Copy Service ",
                                "Company": "Microsoft Corporation",
                                "ParentProcessGuid": "{C784477D-4629-6463-3E06-000000004700}",
                                "User": "DESKTOP-B0T93D6\\george",
                                "Hashes": "MD5=47D51216EF45075B5F7EAA117CC70E40,SHA256=C946C4EDA61355A1B8E134E7A184A15C9A358B9675B6172A83E4937AE9EF4B03,IMPHASH=C1EDC431CD345F0A0F32019895D13FCE",
                                "OriginalFileName": "VSSADMIN.EXE",
                                "ParentImage": "C:\\Users\\george\\Desktop\\file.exe",
                                "FileVersion": "10.0.17134.1 (WinBuild.160101.0800)",
                                "ParentProcessId": "8588",
                                "CurrentDirectory": "C:\\Users\\george\\Desktop\\",
                                "CommandLine": "\"C:\\Windows\\sysnative\\vssadmin.exe\" Delete Shadows /All /Quiet",
                                "EventID": "1",
                                "LogonGuid": "C784477D-C377-643F-1A9A-030000000000",
                                "LogonId": "236058",
                                "Image": "C:\\Windows\\System32\\vssadmin.exe",
                                "IntegrityLevel": "High",
                                "ParentCommandLine": "\"C:\\Users\\george\\Desktop\\file.exe\"",
                                "UtcTime": "1684227629",
                                "RuleName": "-"
                            }
                        },
                        {
                            "values": {
                                "TerminalSessionId": "1",
                                "ProcessGuid": "{C784477D-462D-6463-4506-000000004700}",
                                "ProcessId": "8832",
                                "Product": "Microsoft\\xae Windows\\xae Operating System",
                                "Description": "WMI Commandline Utility",
                                "Company": "Microsoft Corporation",
                                "ParentProcessGuid": "{C784477D-4629-6463-3E06-000000004700}",
                                "User": "DESKTOP-B0T93D6\\george",
                                "Hashes": "MD5=EC80E603E0090B3AC3C1234C2BA43A0F,SHA256=D368BCB7934DB0C53D1E7277DCB47AF2B709253CBF0EEE9869EE7E17ED226EA3,IMPHASH=59A9108CA1CECC9147C5FBAB104EBF33",
                                "OriginalFileName": "wmic.exe",
                                "ParentImage": "C:\\Users\\george\\Desktop\\file.exe",
                                "FileVersion": "10.0.17134.1 (WinBuild.160101.0800)",
                                "ParentProcessId": "8588",
                                "CurrentDirectory": "C:\\Users\\george\\Desktop\\",
                                "CommandLine": "\"C:\\Windows\\sysnative\\wbem\\wmic.exe\" shadowcopy delete",
                                "EventID": "1",
                                "LogonGuid": "C784477D-C377-643F-1A9A-030000000000",
                                "LogonId": "236058",
                                "Image": "C:\\Windows\\System32\\wbem\\WMIC.exe",
                                "IntegrityLevel": "High",
                                "ParentCommandLine": "\"C:\\Users\\george\\Desktop\\file.exe\"",
                                "UtcTime": "1684227629",
                                "RuleName": "-"
                            }
                        },
                        {
                            "values": {
                                "TerminalSessionId": "1",
                                "ProcessGuid": "{C784477D-4630-6463-4B06-000000004700}",
                                "ProcessId": "9112",
                                "Product": "Microsoft\\xae Windows\\xae Operating System",
                                "Description": "Command Line Interface for Microsoft\\xae Volume Shadow Copy Service ",
                                "Company": "Microsoft Corporation",
                                "ParentProcessGuid": "{C784477D-462F-6463-4906-000000004700}",
                                "User": "DESKTOP-B0T93D6\\george",
                                "Hashes": "MD5=47D51216EF45075B5F7EAA117CC70E40,SHA256=C946C4EDA61355A1B8E134E7A184A15C9A358B9675B6172A83E4937AE9EF4B03,IMPHASH=C1EDC431CD345F0A0F32019895D13FCE",
                                "OriginalFileName": "VSSADMIN.EXE",
                                "ParentImage": "C:\\Windows\\SysWOW64\\cmd.exe",
                                "FileVersion": "10.0.17134.1 (WinBuild.160101.0800)",
                                "ParentProcessId": "9056",
                                "CurrentDirectory": "C:\\Users\\george\\Desktop\\",
                                "CommandLine": "C:\\Windows\\sysnative\\vssadmin.exe  Delete Shadows /All /Quiet",
                                "EventID": "1",
                                "LogonGuid": "C784477D-C377-643F-1A9A-030000000000",
                                "LogonId": "236058",
                                "Image": "C:\\Windows\\System32\\vssadmin.exe",
                                "IntegrityLevel": "High",
                                "ParentCommandLine": "\"C:\\Windows\\System32\\cmd.exe\" /C \"C:\\Windows\\sysnative\\vssadmin.exe\" Delete Shadows /All /Quiet",
                                "UtcTime": "1684227632",
                                "RuleName": "-"
                            }
                        },
                        {
                            "values": {
                                "TerminalSessionId": "1",
                                "ProcessGuid": "{C784477D-4638-6463-5006-000000004700}",
                                "ProcessId": "3328",
                                "Product": "Microsoft\\xae Windows\\xae Operating System",
                                "Description": "Command Line Interface for Microsoft\\xae Volume Shadow Copy Service ",
                                "Company": "Microsoft Corporation",
                                "ParentProcessGuid": "{C784477D-4636-6463-4C06-000000004700}",
                                "User": "DESKTOP-B0T93D6\\george",
                                "Hashes": "MD5=47D51216EF45075B5F7EAA117CC70E40,SHA256=C946C4EDA61355A1B8E134E7A184A15C9A358B9675B6172A83E4937AE9EF4B03,IMPHASH=C1EDC431CD345F0A0F32019895D13FCE",
                                "OriginalFileName": "VSSADMIN.EXE",
                                "ParentImage": "C:\\Users\\george\\Desktop\\file.exe",
                                "FileVersion": "10.0.17134.1 (WinBuild.160101.0800)",
                                "ParentProcessId": "8196",
                                "CurrentDirectory": "C:\\Users\\george\\Desktop\\",
                                "CommandLine": "\"C:\\Windows\\sysnative\\vssadmin.exe\" Delete Shadows /All /Quiet",
                                "EventID": "1",
                                "LogonGuid": "C784477D-C377-643F-559A-030000000000",
                                "LogonId": "236117",
                                "Image": "C:\\Windows\\System32\\vssadmin.exe",
                                "IntegrityLevel": "Medium",
                                "ParentCommandLine": "\"C:\\Users\\george\\Desktop\\file.exe\" ",
                                "UtcTime": "1684227640",
                                "RuleName": "-"
                            }
                        },
                        {
                            "values": {
                                "TerminalSessionId": "1",
                                "ProcessGuid": "{C784477D-4638-6463-5206-000000004700}",
                                "ProcessId": "3348",
                                "Product": "Microsoft\\xae Windows\\xae Operating System",
                                "Description": "WMI Commandline Utility",
                                "Company": "Microsoft Corporation",
                                "ParentProcessGuid": "{C784477D-4636-6463-4C06-000000004700}",
                                "User": "DESKTOP-B0T93D6\\george",
                                "Hashes": "MD5=EC80E603E0090B3AC3C1234C2BA43A0F,SHA256=D368BCB7934DB0C53D1E7277DCB47AF2B709253CBF0EEE9869EE7E17ED226EA3,IMPHASH=59A9108CA1CECC9147C5FBAB104EBF33",
                                "OriginalFileName": "wmic.exe",
                                "ParentImage": "C:\\Users\\george\\Desktop\\file.exe",
                                "FileVersion": "10.0.17134.1 (WinBuild.160101.0800)",
                                "ParentProcessId": "8196",
                                "CurrentDirectory": "C:\\Users\\george\\Desktop\\",
                                "CommandLine": "\"C:\\Windows\\sysnative\\wbem\\wmic.exe\" shadowcopy delete",
                                "EventID": "1",
                                "LogonGuid": "C784477D-C377-643F-559A-030000000000",
                                "LogonId": "236117",
                                "Image": "C:\\Windows\\System32\\wbem\\WMIC.exe",
                                "IntegrityLevel": "Medium",
                                "ParentCommandLine": "\"C:\\Users\\george\\Desktop\\file.exe\" ",
                                "UtcTime": "1684227640",
                                "RuleName": "-"
                            }
                        },
                        {
                            "values": {
                                "TerminalSessionId": "1",
                                "ProcessGuid": "{C784477D-463A-6463-5906-000000004700}",
                                "ProcessId": "8708",
                                "Product": "Microsoft\\xae Windows\\xae Operating System",
                                "Description": "Command Line Interface for Microsoft\\xae Volume Shadow Copy Service ",
                                "Company": "Microsoft Corporation",
                                "ParentProcessGuid": "{C784477D-463A-6463-5706-000000004700}",
                                "User": "DESKTOP-B0T93D6\\george",
                                "Hashes": "MD5=47D51216EF45075B5F7EAA117CC70E40,SHA256=C946C4EDA61355A1B8E134E7A184A15C9A358B9675B6172A83E4937AE9EF4B03,IMPHASH=C1EDC431CD345F0A0F32019895D13FCE",
                                "OriginalFileName": "VSSADMIN.EXE",
                                "ParentImage": "C:\\Windows\\SysWOW64\\cmd.exe",
                                "FileVersion": "10.0.17134.1 (WinBuild.160101.0800)",
                                "ParentProcessId": "8344",
                                "CurrentDirectory": "C:\\Windows\\system32\\",
                                "CommandLine": "C:\\Windows\\sysnative\\vssadmin.exe  Delete Shadows /All /Quiet",
                                "EventID": "1",
                                "LogonGuid": "C784477D-C377-643F-1A9A-030000000000",
                                "LogonId": "236058",
                                "Image": "C:\\Windows\\System32\\vssadmin.exe",
                                "IntegrityLevel": "High",
                                "ParentCommandLine": "\"C:\\Windows\\SysWOW64\\cmd.exe\" /C \"C:\\Windows\\sysnative\\vssadmin.exe\" Delete Shadows /All /Quiet",
                                "UtcTime": "1684227642",
                                "RuleName": "-"
                            }
                        },
                        {
                            "values": {
                                "TerminalSessionId": "1",
                                "ProcessGuid": "{C784477D-4641-6463-5E06-000000004700}",
                                "ProcessId": "8960",
                                "Product": "Microsoft\\xae Windows\\xae Operating System",
                                "Description": "Command Line Interface for Microsoft\\xae Volume Shadow Copy Service ",
                                "Company": "Microsoft Corporation",
                                "ParentProcessGuid": "{C784477D-463E-6463-5A06-000000004700}",
                                "User": "DESKTOP-B0T93D6\\george",
                                "Hashes": "MD5=47D51216EF45075B5F7EAA117CC70E40,SHA256=C946C4EDA61355A1B8E134E7A184A15C9A358B9675B6172A83E4937AE9EF4B03,IMPHASH=C1EDC431CD345F0A0F32019895D13FCE",
                                "OriginalFileName": "VSSADMIN.EXE",
                                "ParentImage": "C:\\Users\\george\\Desktop\\file.exe",
                                "FileVersion": "10.0.17134.1 (WinBuild.160101.0800)",
                                "ParentProcessId": "8712",
                                "CurrentDirectory": "C:\\Users\\george\\Desktop\\",
                                "CommandLine": "\"C:\\Windows\\sysnative\\vssadmin.exe\" Delete Shadows /All /Quiet",
                                "EventID": "1",
                                "LogonGuid": "C784477D-C377-643F-559A-030000000000",
                                "LogonId": "236117",
                                "Image": "C:\\Windows\\System32\\vssadmin.exe",
                                "IntegrityLevel": "Medium",
                                "ParentCommandLine": "\"C:\\Users\\george\\Desktop\\file.exe\" ",
                                "UtcTime": "1684227649",
                                "RuleName": "-"
                            }
                        },
                        {
                            "values": {
                                "TerminalSessionId": "1",
                                "ProcessGuid": "{C784477D-4641-6463-6006-000000004700}",
                                "ProcessId": "8936",
                                "Product": "Microsoft\\xae Windows\\xae Operating System",
                                "Description": "WMI Commandline Utility",
                                "Company": "Microsoft Corporation",
                                "ParentProcessGuid": "{C784477D-463E-6463-5A06-000000004700}",
                                "User": "DESKTOP-B0T93D6\\george",
                                "Hashes": "MD5=EC80E603E0090B3AC3C1234C2BA43A0F,SHA256=D368BCB7934DB0C53D1E7277DCB47AF2B709253CBF0EEE9869EE7E17ED226EA3,IMPHASH=59A9108CA1CECC9147C5FBAB104EBF33",
                                "OriginalFileName": "wmic.exe",
                                "ParentImage": "C:\\Users\\george\\Desktop\\file.exe",
                                "FileVersion": "10.0.17134.1 (WinBuild.160101.0800)",
                                "ParentProcessId": "8712",
                                "CurrentDirectory": "C:\\Users\\george\\Desktop\\",
                                "CommandLine": "\"C:\\Windows\\sysnative\\wbem\\wmic.exe\" shadowcopy delete",
                                "EventID": "1",
                                "LogonGuid": "C784477D-C377-643F-559A-030000000000",
                                "LogonId": "236117",
                                "Image": "C:\\Windows\\System32\\wbem\\WMIC.exe",
                                "IntegrityLevel": "Medium",
                                "ParentCommandLine": "\"C:\\Users\\george\\Desktop\\file.exe\" ",
                                "UtcTime": "1684227649",
                                "RuleName": "-"
                            }
                        },
                        {
                            "values": {
                                "TerminalSessionId": "1",
                                "ProcessGuid": "{C784477D-4643-6463-6706-000000004700}",
                                "ProcessId": "7432",
                                "Product": "Microsoft\\xae Windows\\xae Operating System",
                                "Description": "Command Line Interface for Microsoft\\xae Volume Shadow Copy Service ",
                                "Company": "Microsoft Corporation",
                                "ParentProcessGuid": "{C784477D-4643-6463-6506-000000004700}",
                                "User": "DESKTOP-B0T93D6\\george",
                                "Hashes": "MD5=47D51216EF45075B5F7EAA117CC70E40,SHA256=C946C4EDA61355A1B8E134E7A184A15C9A358B9675B6172A83E4937AE9EF4B03,IMPHASH=C1EDC431CD345F0A0F32019895D13FCE",
                                "OriginalFileName": "VSSADMIN.EXE",
                                "ParentImage": "C:\\Windows\\SysWOW64\\cmd.exe",
                                "FileVersion": "10.0.17134.1 (WinBuild.160101.0800)",
                                "ParentProcessId": "1528",
                                "CurrentDirectory": "C:\\Windows\\system32\\",
                                "CommandLine": "C:\\Windows\\sysnative\\vssadmin.exe  Delete Shadows /All /Quiet",
                                "EventID": "1",
                                "LogonGuid": "C784477D-C377-643F-1A9A-030000000000",
                                "LogonId": "236058",
                                "Image": "C:\\Windows\\System32\\vssadmin.exe",
                                "IntegrityLevel": "High",
                                "ParentCommandLine": "\"C:\\Windows\\SysWOW64\\cmd.exe\" /C \"C:\\Windows\\sysnative\\vssadmin.exe\" Delete Shadows /All /Quiet",
                                "UtcTime": "1684227651",
                                "RuleName": "-"
                            }
                        },
                        {
                            "values": {
                                "TerminalSessionId": "1",
                                "ProcessGuid": "{C784477D-464A-6463-6C06-000000004700}",
                                "ProcessId": "8280",
                                "Product": "Microsoft\\xae Windows\\xae Operating System",
                                "Description": "Command Line Interface for Microsoft\\xae Volume Shadow Copy Service ",
                                "Company": "Microsoft Corporation",
                                "ParentProcessGuid": "{C784477D-4646-6463-6806-000000004700}",
                                "User": "DESKTOP-B0T93D6\\george",
                                "Hashes": "MD5=47D51216EF45075B5F7EAA117CC70E40,SHA256=C946C4EDA61355A1B8E134E7A184A15C9A358B9675B6172A83E4937AE9EF4B03,IMPHASH=C1EDC431CD345F0A0F32019895D13FCE",
                                "OriginalFileName": "VSSADMIN.EXE",
                                "ParentImage": "C:\\Users\\george\\Desktop\\file.exe",
                                "FileVersion": "10.0.17134.1 (WinBuild.160101.0800)",
                                "ParentProcessId": "7696",
                                "CurrentDirectory": "C:\\Users\\george\\Desktop\\",
                                "CommandLine": "\"C:\\Windows\\sysnative\\vssadmin.exe\" Delete Shadows /All /Quiet",
                                "EventID": "1",
                                "LogonGuid": "C784477D-C377-643F-559A-030000000000",
                                "LogonId": "236117",
                                "Image": "C:\\Windows\\System32\\vssadmin.exe",
                                "IntegrityLevel": "Medium",
                                "ParentCommandLine": "\"C:\\Users\\george\\Desktop\\file.exe\" ",
                                "UtcTime": "1684227658",
                                "RuleName": "-"
                            }
                        },
                        {
                            "values": {
                                "TerminalSessionId": "1",
                                "ProcessGuid": "{C784477D-464A-6463-6E06-000000004700}",
                                "ProcessId": "9180",
                                "Product": "Microsoft\\xae Windows\\xae Operating System",
                                "Description": "WMI Commandline Utility",
                                "Company": "Microsoft Corporation",
                                "ParentProcessGuid": "{C784477D-4646-6463-6806-000000004700}",
                                "User": "DESKTOP-B0T93D6\\george",
                                "Hashes": "MD5=EC80E603E0090B3AC3C1234C2BA43A0F,SHA256=D368BCB7934DB0C53D1E7277DCB47AF2B709253CBF0EEE9869EE7E17ED226EA3,IMPHASH=59A9108CA1CECC9147C5FBAB104EBF33",
                                "OriginalFileName": "wmic.exe",
                                "ParentImage": "C:\\Users\\george\\Desktop\\file.exe",
                                "FileVersion": "10.0.17134.1 (WinBuild.160101.0800)",
                                "ParentProcessId": "7696",
                                "CurrentDirectory": "C:\\Users\\george\\Desktop\\",
                                "CommandLine": "\"C:\\Windows\\sysnative\\wbem\\wmic.exe\" shadowcopy delete",
                                "EventID": "1",
                                "LogonGuid": "C784477D-C377-643F-559A-030000000000",
                                "LogonId": "236117",
                                "Image": "C:\\Windows\\System32\\wbem\\WMIC.exe",
                                "IntegrityLevel": "Medium",
                                "ParentCommandLine": "\"C:\\Users\\george\\Desktop\\file.exe\" ",
                                "UtcTime": "1684227658",
                                "RuleName": "-"
                            }
                        },
                        {
                            "values": {
                                "TerminalSessionId": "1",
                                "ProcessGuid": "{C784477D-464D-6463-7506-000000004700}",
                                "ProcessId": "8404",
                                "Product": "Microsoft\\xae Windows\\xae Operating System",
                                "Description": "Command Line Interface for Microsoft\\xae Volume Shadow Copy Service ",
                                "Company": "Microsoft Corporation",
                                "ParentProcessGuid": "{C784477D-464C-6463-7306-000000004700}",
                                "User": "DESKTOP-B0T93D6\\george",
                                "Hashes": "MD5=47D51216EF45075B5F7EAA117CC70E40,SHA256=C946C4EDA61355A1B8E134E7A184A15C9A358B9675B6172A83E4937AE9EF4B03,IMPHASH=C1EDC431CD345F0A0F32019895D13FCE",
                                "OriginalFileName": "VSSADMIN.EXE",
                                "ParentImage": "C:\\Windows\\SysWOW64\\cmd.exe",
                                "FileVersion": "10.0.17134.1 (WinBuild.160101.0800)",
                                "ParentProcessId": "7712",
                                "CurrentDirectory": "C:\\Windows\\system32\\",
                                "CommandLine": "C:\\Windows\\sysnative\\vssadmin.exe  Delete Shadows /All /Quiet",
                                "EventID": "1",
                                "LogonGuid": "C784477D-C377-643F-1A9A-030000000000",
                                "LogonId": "236058",
                                "Image": "C:\\Windows\\System32\\vssadmin.exe",
                                "IntegrityLevel": "High",
                                "ParentCommandLine": "\"C:\\Windows\\SysWOW64\\cmd.exe\" /C \"C:\\Windows\\sysnative\\vssadmin.exe\" Delete Shadows /All /Quiet",
                                "UtcTime": "1684227661",
                                "RuleName": "-"
                            }
                        },
                        {
                            "values": {
                                "TerminalSessionId": "1",
                                "ProcessGuid": "{C784477D-4653-6463-7A06-000000004700}",
                                "ProcessId": "9060",
                                "Product": "Microsoft\\xae Windows\\xae Operating System",
                                "Description": "Command Line Interface for Microsoft\\xae Volume Shadow Copy Service ",
                                "Company": "Microsoft Corporation",
                                "ParentProcessGuid": "{C784477D-464E-6463-7606-000000004700}",
                                "User": "DESKTOP-B0T93D6\\george",
                                "Hashes": "MD5=47D51216EF45075B5F7EAA117CC70E40,SHA256=C946C4EDA61355A1B8E134E7A184A15C9A358B9675B6172A83E4937AE9EF4B03,IMPHASH=C1EDC431CD345F0A0F32019895D13FCE",
                                "OriginalFileName": "VSSADMIN.EXE",
                                "ParentImage": "C:\\Users\\george\\Desktop\\file.exe",
                                "FileVersion": "10.0.17134.1 (WinBuild.160101.0800)",
                                "ParentProcessId": "6268",
                                "CurrentDirectory": "C:\\Users\\george\\Desktop\\",
                                "CommandLine": "\"C:\\Windows\\sysnative\\vssadmin.exe\" Delete Shadows /All /Quiet",
                                "EventID": "1",
                                "LogonGuid": "C784477D-C377-643F-559A-030000000000",
                                "LogonId": "236117",
                                "Image": "C:\\Windows\\System32\\vssadmin.exe",
                                "IntegrityLevel": "Medium",
                                "ParentCommandLine": "\"C:\\Users\\george\\Desktop\\file.exe\" ",
                                "UtcTime": "1684227667",
                                "RuleName": "-"
                            }
                        },
                        {
                            "values": {
                                "TerminalSessionId": "1",
                                "ProcessGuid": "{C784477D-4653-6463-7C06-000000004700}",
                                "ProcessId": "8592",
                                "Product": "Microsoft\\xae Windows\\xae Operating System",
                                "Description": "WMI Commandline Utility",
                                "Company": "Microsoft Corporation",
                                "ParentProcessGuid": "{C784477D-464E-6463-7606-000000004700}",
                                "User": "DESKTOP-B0T93D6\\george",
                                "Hashes": "MD5=EC80E603E0090B3AC3C1234C2BA43A0F,SHA256=D368BCB7934DB0C53D1E7277DCB47AF2B709253CBF0EEE9869EE7E17ED226EA3,IMPHASH=59A9108CA1CECC9147C5FBAB104EBF33",
                                "OriginalFileName": "wmic.exe",
                                "ParentImage": "C:\\Users\\george\\Desktop\\file.exe",
                                "FileVersion": "10.0.17134.1 (WinBuild.160101.0800)",
                                "ParentProcessId": "6268",
                                "CurrentDirectory": "C:\\Users\\george\\Desktop\\",
                                "CommandLine": "\"C:\\Windows\\sysnative\\wbem\\wmic.exe\" shadowcopy delete",
                                "EventID": "1",
                                "LogonGuid": "C784477D-C377-643F-559A-030000000000",
                                "LogonId": "236117",
                                "Image": "C:\\Windows\\System32\\wbem\\WMIC.exe",
                                "IntegrityLevel": "Medium",
                                "ParentCommandLine": "\"C:\\Users\\george\\Desktop\\file.exe\" ",
                                "UtcTime": "1684227667",
                                "RuleName": "-"
                            }
                        },
