{
    "data": {
        "id": "d7e876a714e2632fa42e6636177962516736074c76f486dc34de020ec13af0c9",
        "type": "file",
        "links": {
            "self": "https://www.virustotal.com/api/v3/files/d7e876a714e2632fa42e6636177962516736074c76f486dc34de020ec13af0c9"
        },
        "attributes": {
            "md5": "70e94f2ed65211ee0b4ee143fa6d300b",
            "pe_info": {
                "timestamp": 1446545311,
                "imphash": "75e120c0b3ae2cd5fd452b1b18eb4bde",
                "machine_type": 332,
                "entry_point": 26182,
                "resource_details": [
                    {
                        "lang": "ENGLISH US",
                        "chi2": 10843.43,
                        "filetype": "unknown",
                        "entropy": 3.0147716999053955,
                        "sha256": "d20c1e7cdff419e1efe08e1b91b4c0d772f7436de618045f7e0fdb3afb662849",
                        "type": "RT_BITMAP"
                    },
                    {
                        "lang": "ENGLISH US",
                        "chi2": 12340.57,
                        "filetype": "unknown",
                        "entropy": 2.979858160018921,
                        "sha256": "0f5248f16fe2b1e73aa9be760a6f0bef933dc09e3cc6d8a8958eae1ce0bd0f97",
                        "type": "RT_BITMAP"
                    },
                    {
                        "lang": "ENGLISH US",
                        "chi2": 16860.41,
                        "filetype": "unknown",
                        "entropy": 2.6739590167999268,
                        "sha256": "82528c7cfd3586299d34b877a97c4e587f24b26b28ed7479a041ae08dfa36caf",
                        "type": "RT_BITMAP"
                    },
                    {
                        "lang": "ENGLISH US",
                        "chi2": 12116.57,
                        "filetype": "unknown",
                        "entropy": 2.9639294147491455,
                        "sha256": "4a217ca811d9c29363ead1d67b7ffa0f6e8b8e1d1a068730f4f7d557c3710b44",
                        "type": "RT_BITMAP"
                    },
                    {
                        "lang": "ENGLISH US",
                        "chi2": 13541.33,
                        "filetype": "unknown",
                        "entropy": 2.638123035430908,
                        "sha256": "2cb60d7d674640457497f54b82b42afaa8a2cbd7c28a1aae35f128b4471cfaaa",
                        "type": "RT_BITMAP"
                    },
                    {
                        "lang": "ENGLISH US",
                        "chi2": 13578.66,
                        "filetype": "unknown",
                        "entropy": 2.620432138442993,
                        "sha256": "a36fee3ac0a24b86169997e112d55de38ae2080815d2104c73bc90ad4eff5cbe",
                        "type": "RT_BITMAP"
                    },
                    {
                        "lang": "ENGLISH US",
                        "chi2": 46628.43,
                        "filetype": "unknown",
                        "entropy": 3.5411925315856934,
                        "sha256": "b3d808315764d76c092096fd70526a3534164752bcf07f9523522ff7a73f1be5",
                        "type": "RT_BITMAP"
                    },
                    {
                        "lang": "ENGLISH US",
                        "chi2": 47024.85,
                        "filetype": "unknown",
                        "entropy": 3.4921865463256836,
                        "sha256": "a6c9949314ef321f3556fd5d16ae18118363f0aeacea2fd4da614017af6d2437",
                        "type": "RT_BITMAP"
                    },
                    {
                        "lang": "ENGLISH US",
                        "chi2": 10976.83,
                        "filetype": "unknown",
                        "entropy": 3.076275587081909,
                        "sha256": "3f82c4cc8665dbb5d25bb931a1ecf8ba02cef5376f24b99db355868a7048c6ab",
                        "type": "RT_BITMAP"
                    },
                    {
                        "lang": "ENGLISH US",
                        "chi2": 11922.29,
                        "filetype": "unknown",
                        "entropy": 2.8321659564971924,
                        "sha256": "d8444a0e4c91df51a151d4c64256e5d5f62a3e4a5b17ccb9778422f0e01223c3",
                        "type": "RT_BITMAP"
                    },
                    {
                        "lang": "ENGLISH US",
                        "chi2": 4415.65,
                        "filetype": "unknown",
                        "entropy": 7.2045135498046875,
                        "sha256": "e5aba431a82d7f8bd638d71419268cdedc359789eba1ace124d05aecd7777ed9",
                        "type": "RT_BITMAP"
                    },
                    {
                        "lang": "ENGLISH US",
                        "chi2": 96860.44,
                        "filetype": "unknown",
                        "entropy": 1.4268245697021484,
                        "sha256": "fc1428df18b078f14738c8064d4705f530414919f5ac7b513f1abd4f39a8e891",
                        "type": "RT_BITMAP"
                    },
                    {
                        "lang": "ENGLISH US",
                        "chi2": 27412.62,
                        "filetype": "unknown",
                        "entropy": 6.6547064781188965,
                        "sha256": "33aff486e5033a301efa4ee2b8c75d6a7eaccd9efa19992fbe0fd2bc6841fbb5",
                        "type": "RT_BITMAP"
                    },
                    {
                        "lang": "ENGLISH US",
                        "chi2": 12488.0,
                        "filetype": "unknown",
                        "entropy": 2.7345664501190186,
                        "sha256": "caf10784d936136cddde6b4489d7ffdc6098f8050a81c7e02d1ebdd9878cff15",
                        "type": "RT_BITMAP"
                    },
                    {
                        "lang": "ENGLISH US",
                        "chi2": 233366.95,
                        "filetype": "unknown",
                        "entropy": 3.490419387817383,
                        "sha256": "e0bded97b6664f2c60daa8426d42fbba7c7342e91adb9a6866812f6b8f24a4e0",
                        "type": "RT_ICON"
                    },
                    {
                        "lang": "ENGLISH US",
                        "chi2": 145398.34,
                        "filetype": "unknown",
                        "entropy": 3.5155832767486572,
                        "sha256": "87a339bccda228c5320d542573c6ddeb179625e0aaaab275a9ee5a8b3ec0e9b7",
                        "type": "RT_ICON"
                    },
                    {
                        "lang": "ENGLISH US",
                        "chi2": 609136.5,
                        "filetype": "unknown",
                        "entropy": 4.368026256561279,
                        "sha256": "0c62fb63b4975154398a9c1d8da4cab6f81361f3124f1214852578d9091215e6",
                        "type": "RT_ICON"
                    },
                    {
                        "lang": "ENGLISH US",
                        "chi2": 286881.5,
                        "filetype": "unknown",
                        "entropy": 4.802389144897461,
                        "sha256": "281feca70103e5a8b7b9f37c02f0cb6fa1e2036d42161c20b1f1e9a43e5d4aba",
                        "type": "RT_ICON"
                    },
                    {
                        "lang": "ENGLISH US",
                        "chi2": 127357.84,
                        "filetype": "unknown",
                        "entropy": 4.844152450561523,
                        "sha256": "441f62806c92d997762fff92dcb528ef3c4bc9e7851c9c708ea10a537d503369",
                        "type": "RT_ICON"
                    },
                    {
                        "lang": "ENGLISH US",
                        "chi2": 55918.59,
                        "filetype": "unknown",
                        "entropy": 5.298838138580322,
                        "sha256": "e4597618ae0c8021b96ad7cfd845915badad6147c0b3ff61e6c31eb46a880dd0",
                        "type": "RT_ICON"
                    },
                    {
                        "lang": "ENGLISH US",
                        "chi2": 29652.38,
                        "filetype": "unknown",
                        "entropy": 5.1794915199279785,
                        "sha256": "6984c048efab7115f69a1593f5ccca5b83b4254645df589a2be46e0969a3f484",
                        "type": "RT_ICON"
                    },
                    {
                        "lang": "ENGLISH US",
                        "chi2": 6057.22,
                        "filetype": "unknown",
                        "entropy": 2.552083730697632,
                        "sha256": "aa9c5bff6c4c2be2e70276e21caa2c0499b9c17c662676eaa70e5297bc288bb4",
                        "type": "RT_DIALOG"
                    },
                    {
                        "lang": "ENGLISH US",
                        "chi2": 9091.2,
                        "filetype": "unknown",
                        "entropy": 2.2488722801208496,
                        "sha256": "daa235cf75eb49013da4da07adc680035f8468deabdd62f15a73a865e88b614e",
                        "type": "RT_DIALOG"
                    },
                    {
                        "lang": "ENGLISH US",
                        "chi2": 24216.31,
                        "filetype": "unknown",
                        "entropy": 3.150529384613037,
                        "sha256": "23eba50c04faa762e84e7aa073427e9b5f62c97d85a9e0f94512da174bc9263b",
                        "type": "RT_DIALOG"
                    },
                    {
                        "lang": "ENGLISH US",
                        "chi2": 19364.97,
                        "filetype": "unknown",
                        "entropy": 3.0022084712982178,
                        "sha256": "e2af5bb16e2292ab1d42bb61d73efd145aeee4323b8bc73f66b520a64bd66375",
                        "type": "RT_DIALOG"
                    },
                    {
                        "lang": "ENGLISH US",
                        "chi2": 90977.32,
                        "filetype": "unknown",
                        "entropy": 3.1428043842315674,
                        "sha256": "6a1df3ee44fb5bae5562e99f7a2b266343c779d3b7379645287191a0c069f00e",
                        "type": "RT_STRING"
                    },
                    {
                        "lang": "ENGLISH US",
                        "chi2": 97621.92,
                        "filetype": "unknown",
                        "entropy": 3.0552244186401367,
                        "sha256": "5d15d34106eff19b0cf94b8f9372b1b4b60ca55cbe17571705c153642e1edc4a",
                        "type": "RT_STRING"
                    },
                    {
                        "lang": "ENGLISH US",
                        "chi2": 105290.91,
                        "filetype": "unknown",
                        "entropy": 3.087597608566284,
                        "sha256": "ac29d3e00fc7fc3db6f7160d4febc4ec7ffce691b9aa7092cb66c78577a285d5",
                        "type": "RT_STRING"
                    },
                    {
                        "lang": "ENGLISH US",
                        "chi2": 93907.7,
                        "filetype": "unknown",
                        "entropy": 3.1499814987182617,
                        "sha256": "55606760ed767db7dc88990c0fcc659245ada4e1b9bab15c513281cae485b90e",
                        "type": "RT_STRING"
                    },
                    {
                        "lang": "ENGLISH US",
                        "chi2": 91420.23,
                        "filetype": "unknown",
                        "entropy": 3.1358978748321533,
                        "sha256": "85c6c26375a2c362645c3cd01068ecb69eb07c6a6e8fb960f49c831e92eab947",
                        "type": "RT_STRING"
                    },
                    {
                        "lang": "ENGLISH US",
                        "chi2": 6827.69,
                        "filetype": "ICO",
                        "entropy": 3.1130926609039307,
                        "sha256": "1500bc8ed11fef9841c6035c930dce7bff0901c449b6de22257f869ff362b495",
                        "type": "RT_GROUP_ICON"
                    },
                    {
                        "lang": "ENGLISH US",
                        "chi2": 68582.18,
                        "filetype": "unknown",
                        "entropy": 3.435973882675171,
                        "sha256": "1af50277877d4093b00bafa8d9d47dfbd3fb696ccdfe5fab4d80997bee04534b",
                        "type": "RT_VERSION"
                    },
                    {
                        "lang": "ENGLISH US",
                        "chi2": 3958.65,
                        "filetype": "unknown",
                        "entropy": 4.795973777770996,
                        "sha256": "49a60be4b95b6d30da355a0c124af82b35000bce8f24f957d1c09ead47544a1e",
                        "type": "RT_MANIFEST"
                    }
                ],
                "resource_langs": {
                    "ENGLISH US": 33
                },
                "resource_types": {
                    "RT_DIALOG": 4,
                    "RT_ICON": 7,
                    "RT_MANIFEST": 1,
                    "RT_STRING": 5,
                    "RT_BITMAP": 14,
                    "RT_VERSION": 1,
                    "RT_GROUP_ICON": 1
                },
                "sections": [
                    {
                        "name": ".text",
                        "chi2": 345686.69,
                        "virtual_address": 4096,
                        "entropy": 6.89,
                        "raw_size": 72192,
                        "flags": "rx",
                        "virtual_size": 72023,
                        "md5": "7ffa95add59ff573c27a2f61dcd53797"
                    },
                    {
                        "name": ".rdata",
                        "chi2": 71852.88,
                        "virtual_address": 77824,
                        "entropy": 7.82,
                        "raw_size": 106496,
                        "flags": "r",
                        "virtual_size": 106464,
                        "md5": "a47fb3cebb51e7533c3b2e9a795e447f"
                    },
                    {
                        "name": ".data",
                        "chi2": 613457.0,
                        "virtual_address": 184320,
                        "entropy": 2.75,
                        "raw_size": 4608,
                        "flags": "rw",
                        "virtual_size": 11776,
                        "md5": "53fa7ac96eb5beef4b6995ba2084bc00"
                    },
                    {
                        "name": ".reda",
                        "chi2": 2114.37,
                        "virtual_address": 196608,
                        "entropy": 7.98,
                        "raw_size": 51200,
                        "flags": "rw",
                        "virtual_size": 50783,
                        "md5": "eccf9e55973f5877ae54632d638e1fb8"
                    },
                    {
                        "name": ".texa",
                        "chi2": 288.25,
                        "virtual_address": 249856,
                        "entropy": 7.95,
                        "raw_size": 4096,
                        "flags": "rw",
                        "virtual_size": 4076,
                        "md5": "56cda008b1addccf91cb9072214a24d1"
                    },
                    {
                        "name": "mern",
                        "chi2": 775.3,
                        "virtual_address": 253952,
                        "entropy": 7.93,
                        "raw_size": 5120,
                        "flags": "rw",
                        "virtual_size": 5045,
                        "md5": "4c187f593d940aa3b7413b31d319d7ee"
                    },
                    {
                        "name": ".rsrc",
                        "chi2": 1983499.25,
                        "virtual_address": 262144,
                        "entropy": 5.29,
                        "raw_size": 65536,
                        "flags": "r",
                        "virtual_size": 65392,
                        "md5": "19013a5f47e49ecdf7ed199b353006df"
                    }
                ],
                "compiler_product_versions": [
                    "[ASM] VS2008 SP1 build 30729 count=18",
                    "[ C ] VS2008 SP1 build 30729 count=103",
                    "[C++] VS2008 SP1 build 30729 count=43",
                    "[ C ] VS2005 build 50727 count=1",
                    "[IMP] VS2005 build 50727 count=23",
                    "[---] Unmarked objects count=215",
                    "[RES] VS2008 build 21022 count=1",
                    "[LNK] VS2008 SP1 build 30729 count=1",
                    "id: 0x96, version: 20413 count=1",
                    "id: 0x8a, version: 30729 count=1"
                ],
                "rich_pe_header_hash": "4e11dc91dcf4ef7e19a86eb63ceed967",
                "import_list": [
                    {
                        "library_name": "KERNEL32.dll",
                        "imported_functions": [
                            "CloseHandle",
                            "CreateFileA",
                            "DeleteCriticalSection",
                            "EnterCriticalSection",
                            "ExitProcess",
                            "FillConsoleOutputAttribute",
                            "FillConsoleOutputCharacterA",
                            "FlushFileBuffers",
                            "FormatMessageA",
                            "FreeEnvironmentStringsA",
                            "FreeEnvironmentStringsW",
                            "GetACP",
                            "GetCommandLineA",
                            "GetConsoleCP",
                            "GetConsoleMode",
                            "GetConsoleOutputCP",
                            "GetConsoleScreenBufferInfo",
                            "GetConsoleWindow",
                            "GetCPInfo",
                            "GetCurrentProcess",
                            "GetCurrentProcessId",
                            "GetCurrentThreadId",
                            "GetEnvironmentStrings",
                            "GetEnvironmentStringsW",
                            "GetFileType",
                            "GetLastError",
                            "GetLocaleInfoA",
                            "GetLocalTime",
                            "GetModuleFileNameA",
                            "GetModuleHandleA",
                            "GetModuleHandleW",
                            "GetOEMCP",
                            "GetProcAddress",
                            "GetProfileStringA",
                            "GetStartupInfoA",
                            "GetStdHandle",
                            "GetStringTypeA",
                            "GetStringTypeW",
                            "GetSystemTimeAsFileTime",
                            "GetTickCount",
                            "HeapAlloc",
                            "HeapCreate",
                            "HeapFree",
                            "HeapReAlloc",
                            "HeapSize",
                            "InitializeCriticalSectionAndSpinCount",
                            "InterlockedDecrement",
                            "InterlockedIncrement",
                            "IsDebuggerPresent",
                            "IsValidCodePage",
                            "LCMapStringA",
                            "LCMapStringW",
                            "LeaveCriticalSection",
                            "LoadLibraryA",
                            "LoadLibraryExA",
                            "LocalAlloc",
                            "LocalFree",
                            "LocalLock",
                            "LocalUnlock",
                            "lstrcatA",
                            "lstrcpyA",
                            "lstrcpynA",
                            "lstrlenA",
                            "MoveFileExA",
                            "MulDiv",
                            "MultiByteToWideChar",
                            "QueryPerformanceCounter",
                            "RaiseException",
                            "RtlUnwind",
                            "SetConsoleCursorPosition",
                            "SetConsoleScreenBufferSize",
                            "SetConsoleWindowInfo",
                            "SetFilePointer",
                            "SetHandleCount",
                            "SetLastError",
                            "SetStdHandle",
                            "SetUnhandledExceptionFilter",
                            "Sleep",
                            "SystemTimeToFileTime",
                            "TerminateProcess",
                            "TlsAlloc",
                            "TlsFree",
                            "TlsGetValue",
                            "TlsSetValue",
                            "UnhandledExceptionFilter",
                            "VirtualAlloc",
                            "VirtualFree",
                            "WideCharToMultiByte",
                            "WriteConsoleA",
                            "WriteConsoleW",
                            "WriteFile"
                        ]
                    },
                    {
                        "library_name": "USER32.dll",
                        "imported_functions": [
                            "AppendMenuA",
                            "BeginPaint",
                            "CheckMenuItem",
                            "CopyRect",
                            "CreateMenu",
                            "CreatePopupMenu",
                            "CreateWindowExA",
                            "DefMDIChildProcA",
                            "DefWindowProcA",
                            "DeleteMenu",
                            "DestroyWindow",
                            "DispatchMessageA",
                            "DrawMenuBar",
                            "DrawTextA",
                            "EnableMenuItem",
                            "EndPaint",
                            "GetClientRect",
                            "GetDC",
                            "GetDialogBaseUnits",
                            "GetDlgItem",
                            "GetDlgItemTextA",
                            "GetMenuItemID",
                            "GetParent",
                            "GetPropA",
                            "GetSubMenu",
                            "GetSysColor",
                            "GetSystemMenu",
                            "GetSystemMetrics",
                            "GetWindowLongA",
                            "GetWindowRect",
                            "GetWindowTextA",
                            "GetWindowWord",
                            "InsertMenuItemA",
                            "InvalidateRect",
                            "KillTimer",
                            "MessageBoxA",
                            "MoveWindow",
                            "PostQuitMessage",
                            "ReleaseDC",
                            "SendDlgItemMessageW",
                            "SendMessageA",
                            "SetFocus",
                            "SetMenu",
                            "SetRect",
                            "SetScrollPos",
                            "SetScrollRange",
                            "SetTimer",
                            "SetWindowLongA",
                            "SetWindowWord",
                            "ShowWindow",
                            "wsprintfA"
                        ]
                    },
                    {
                        "library_name": "GDI32.dll",
                        "imported_functions": [
                            "BitBlt",
                            "CreateBitmapIndirect",
                            "CreateCompatibleBitmap",
                            "CreateCompatibleDC",
                            "CreateFontA",
                            "CreateFontIndirectA",
                            "CreateRectRgn",
                            "CreateSolidBrush",
                            "DeleteDC",
                            "DeleteObject",
                            "DPtoLP",
                            "ExtTextOutA",
                            "GdiSetBatchLimit",
                            "GetDeviceCaps",
                            "GetMapMode",
                            "GetObjectA",
                            "GetStockObject",
                            "GetTextExtentPoint32A",
                            "GetTextExtentPointA",
                            "GetTextMetricsA",
                            "Rectangle",
                            "SelectObject",
                            "SetBkColor",
                            "SetBkMode",
                            "SetMapMode",
                            "SetTextColor",
                            "StartDocA",
                            "TextOutA",
                            "TextOutW"
                        ]
                    },
                    {
                        "library_name": "COMDLG32.dll",
                        "imported_functions": [
                            "ChooseFontA",
                            "FindTextA"
                        ]
                    },
                    {
                        "library_name": "ADVAPI32.dll",
                        "imported_functions": [
                            "CloseServiceHandle",
                            "ControlService",
                            "OpenSCManagerA",
                            "OpenServiceA",
                            "QueryAllTracesA"
                        ]
                    },
                    {
                        "library_name": "PSAPI.DLL",
                        "imported_functions": [
                            "GetModuleInformation"
                        ]
                    },
                    {
                        "library_name": "VERSION.dll",
                        "imported_functions": [
                            "GetFileVersionInfoA",
                            "GetFileVersionInfoSizeA",
                            "VerQueryValueA"
                        ]
                    },
                    {
                        "library_name": "SHLWAPI.dll",
                        "imported_functions": [
                            "PathFindFileNameA",
                            "StrToIntExA",
                            "wnsprintfA"
                        ]
                    },
                    {
                        "library_name": "IMM32.dll",
                        "imported_functions": [
                            "ImmGetCompositionStringA"
                        ]
                    },
                    {
                        "library_name": "WTSAPI32.dll",
                        "imported_functions": [
                            "WTSEnumerateSessionsA",
                            "WTSFreeMemory"
                        ]
                    }
                ]
            },
            "sigma_analysis_stats": {
                "critical": 0,
                "high": 4,
                "medium": 5,
                "low": 1
            },
            "size": 310272,
            "total_votes": {
                "harmless": 0,
                "malicious": 9
            },
            "sandbox_verdicts": {
                "Zenbox": {
                    "category": "malicious",
                    "confidence": 100,
                    "sandbox_name": "Zenbox",
                    "malware_classification": [
                        "MALWARE",
                        "RANSOM",
                        "TROJAN",
                        "ADWARE",
                        "EVADER"
                    ],
                    "malware_names": [
                        "CryptoWall"
                    ]
                },
                "Tencent HABO": {
                    "category": "malicious",
                    "sandbox_name": "Tencent HABO",
                    "malware_classification": [
                        "MALWARE"
                    ]
                }
            },
            "signature_info": {
                "product": "Properties Awareness",
                "file version": "5.8.3.4",
                "original name": "Properties Awareness",
                "comments": "Transitioned P Enter Aggregated Operators Hearing",
                "copyright": "2006-2014 \ufffd IBE Software",
                "description": "Transitioned P Enter Aggregated Operators Hearing"
            },
            "creation_date": 1446545311,
            "last_analysis_date": 1747289267,
            "type_tags": [
                "executable",
                "windows",
                "win32",
                "pe",
                "peexe"
            ],
            "filecondis": {
                "raw_md5": "2853340586d7f4d82fb9976722fec509",
                "dhash": "00003c1e1d1c1800"
            },
            "sigma_analysis_results": [
                {
                    "rule_level": "high",
                    "rule_id": "5242ae9a7c0bb9967f443e598ba4d27edfa69ca76b6fbb7ad0d569f7e9067668",
                    "rule_source": "Sigma Integrated Rule Set (GitHub)",
                    "rule_title": "Suspicious Remote Thread Source",
                    "rule_description": "Offensive tradecraft is switching away from using APIs like \"CreateRemoteThread\", however, this is still largely observed in the wild.\nThis rule aims to detect suspicious processes (those we would not expect to behave in this way like winword.exe or outlook.exe) creating remote threads on other processes.\nIt is a generalistic rule, but it should have a low FP ratio due to the selected range of processes.\n",
                    "rule_author": "Perez Diego (@darkquassar), oscd.community",
                    "match_context": [
                        {
                            "values": {
                                "EventID": "8",
                                "TargetProcessGuid": "{C784477D-F267-643A-0C06-000000003400}",
                                "NewThreadId": "6572",
                                "StartModule": "-",
                                "StartFunction": "-",
                                "SourceProcessId": "4296",
                                "TargetImage": "C:\\Windows\\SysWOW64\\svchost.exe",
                                "UtcTime": "1681584744",
                                "SourceImage": "C:\\Windows\\SysWOW64\\explorer.exe",
                                "TargetProcessId": "6944",
                                "RuleName": "-",
                                "StartAddress": "4024928",
                                "SourceProcessGuid": "{C784477D-F265-643A-0B06-000000003400}"
                            }
                        }
                    ]
                },
                {
                    "rule_level": "high",
                    "rule_id": "a0daa529834b3c5230b4524da005a6b6503e7cb061e298a8f74e0dc1fee0a008",
                    "rule_source": "Sigma Integrated Rule Set (GitHub)",
                    "rule_title": "Suspicious Svchost Process",
                    "rule_description": "Detects a suspicious svchost process start",
                    "rule_author": "Florian Roth (Nextron Systems)",
                    "match_context": [
                        {
                            "values": {
                                "TerminalSessionId": "1",
                                "ProcessGuid": "{C784477D-F267-643A-0C06-000000003400}",
                                "ProcessId": "6944",
                                "Product": "Microsoft\\xae Windows\\xae Operating System",
                                "Description": "Host Process for Windows Services",
                                "Company": "Microsoft Corporation",
                                "ParentProcessGuid": "{C784477D-F265-643A-0B06-000000003400}",
                                "User": "DESKTOP-B0T93D6\\george",
                                "Hashes": "MD5=D2CBFEB7C4619A898890FEB4C4514AA9,SHA256=59F4D42056BC43960C2B052FA9D615AD6E654C8AA1DFE3703342375523BA8EA5,IMPHASH=41721E0F933696D50AB32D544D64DCD3",
                                "OriginalFileName": "svchost.exe",
                                "ParentImage": "C:\\Windows\\SysWOW64\\explorer.exe",
                                "FileVersion": "10.0.17134.1276 (WinBuild.160101.0800)",
                                "ParentProcessId": "4296",
                                "CurrentDirectory": "C:\\Users\\george\\Desktop\\",
                                "CommandLine": "-k netsvcs",
                                "EventID": "1",
                                "LogonGuid": "C784477D-5C25-6407-80A6-030000000000",
                                "LogonId": "239232",
                                "Image": "C:\\Windows\\SysWOW64\\svchost.exe",
                                "IntegrityLevel": "High",
                                "ParentCommandLine": "\"C:\\Windows\\syswow64\\explorer.exe\"",
                                "UtcTime": "1681584743",
                                "RuleName": "-"
                            }
                        }
                    ]
                },
                {
                    "rule_level": "high",
                    "rule_id": "ad5e4d4b939797a70a9aa742d979a4742c2cfedddd663fb1a43b2795c1e6054b",
                    "rule_source": "Sigma Integrated Rule Set (GitHub)",
                    "rule_title": "Shadow Copies Deletion Using Operating Systems Utilities",
                    "rule_description": "Shadow Copies deletion using operating systems utilities",
                    "rule_author": "Florian Roth (Nextron Systems), Michael Haag, Teymur Kheirkhabarov, Daniil Yugoslavskiy, oscd.community, Andreas Hunkeler (@Karneades)",
                    "match_context": [
                        {
                            "values": {
                                "TerminalSessionId": "1",
                                "ProcessGuid": "{C784477D-F268-643A-0D06-000000003400}",
                                "ProcessId": "6324",
                                "Product": "Microsoft\\xae Windows\\xae Operating System",
                                "Description": "Command Line Interface for Microsoft\\xae Volume Shadow Copy Service ",
                                "Company": "Microsoft Corporation",
                                "ParentProcessGuid": "{C784477D-F265-643A-0B06-000000003400}",
                                "User": "DESKTOP-B0T93D6\\george",
                                "Hashes": "MD5=7E30B94672107D3381A1D175CF18C147,SHA256=BB1D73C5104A722F228B39CCB24C6F2BB13EFCCA2EA65B013D33433550E3BCE7,IMPHASH=B8C53607A902DC54702978C63D6E8B2E",
                                "OriginalFileName": "VSSADMIN.EXE",
                                "ParentImage": "C:\\Windows\\SysWOW64\\explorer.exe",
                                "FileVersion": "10.0.17134.1 (WinBuild.160101.0800)",
                                "ParentProcessId": "4296",
                                "CurrentDirectory": "C:\\Users\\george\\Desktop\\",
                                "CommandLine": "vssadmin.exe Delete Shadows /All /Quiet",
                                "EventID": "1",
                                "LogonGuid": "C784477D-5C25-6407-80A6-030000000000",
                                "LogonId": "239232",
                                "Image": "C:\\Windows\\SysWOW64\\vssadmin.exe",
                                "IntegrityLevel": "High",
                                "ParentCommandLine": "\"C:\\Windows\\syswow64\\explorer.exe\"",
                                "UtcTime": "1681584744",
                                "RuleName": "-"
                            }
                        }
                    ]
                },
                {
                    "rule_level": "high",
                    "rule_id": "ea7ec9e92c165a4cef023fd658ef72279f03378ab53f4481eb973ecb2171b193",
                    "rule_source": "Sigma Integrated Rule Set (GitHub)",
                    "rule_title": "Remote Thread Creation in Suspicious Targets",
                    "rule_description": "Detects a remote thread creation in suspicious target images",
                    "rule_author": "Florian Roth (Nextron Systems)",
                    "match_context": [
                        {
                            "values": {
                                "EventID": "8",
                                "TargetProcessGuid": "{C784477D-F265-643A-0B06-000000003400}",
                                "NewThreadId": "412",
                                "StartModule": "-",
                                "StartFunction": "-",
                                "SourceProcessId": "6296",
                                "TargetImage": "C:\\Windows\\SysWOW64\\explorer.exe",
                                "UtcTime": "1681584742",
                                "SourceImage": "C:\\Users\\george\\Desktop\\file.exe",
                                "TargetProcessId": "4296",
                                "RuleName": "-",
                                "SourceProcessGuid": "{C784477D-F257-643A-0906-000000003400}",
                                "StartAddress": "9923456"
                            }
                        }
                    ]
                },
                {
                    "rule_level": "medium",
                    "rule_id": "5242ae9a7c0bb9967f443e598ba4d27edfa69ca76b6fbb7ad0d569f7e9067668",
                    "rule_source": "Sigma Integrated Rule Set (GitHub)",
                    "rule_title": "Remote Thread Creation By Uncommon Source Image",
                    "rule_description": "Detects uncommon processes creating remote threads.",
                    "rule_author": "Perez Diego (@darkquassar), oscd.community",
                    "match_context": [
                        {
                            "values": {
                                "SourceProcessId": "3952",
                                "SourceProcessGuid": "{70c10724-e0a9-666d-3501-000000004600}",
                                "TargetProcessId": "4052",
                                "EventID": "8",
                                "SourceImage": "C:\\Windows\\SysWOW64\\explorer.exe",
                                "TargetProcessGuid": "{70c10724-e0ab-666d-3a01-000000004600}",
                                "TargetImage": "C:\\Windows\\SysWOW64\\svchost.exe",
                                "NewThreadId": "5132",
                                "StartAddress": "40725088"
                            }
                        }
                    ]
                },
                {
                    "rule_level": "medium",
                    "rule_id": "56b8c79acb8e444c2b00be5c9d3cb8e33e863ccb3506d635f907a49cd053c84f",
                    "rule_source": "Sigma Integrated Rule Set (GitHub)",
                    "rule_title": "Startup Folder File Write",
                    "rule_description": "A General detection for files being created in the Windows startup directory. This could be an indicator of persistence.",
                    "rule_author": "Roberto Rodriguez (Cyb3rWard0g), OTR (Open Threat Research)",
                    "match_context": [
                        {
                            "values": {
                                "RuleName": "T1023",
                                "Image": "C:\\Windows\\SysWOW64\\explorer.exe",
                                "TargetFilename": "C:\\Users\\Bruno\\AppData\\Roaming\\Microsoft\\Windows\\Start Menu\\Programs\\Startup\\a1831166.exe",
                                "EventID": "11"
                            }
                        },
                        {
                            "values": {
                                "TargetFilename": "%USERPROFILE%\\AppData\\Roaming\\Microsoft\\Windows\\Start Menu\\Programs\\Startup\\2f13a3a2.exe"
                            }
                        }
                    ]
                },
                {
                    "rule_level": "medium",
                    "rule_id": "8b5db9da5732dc549b0e8b56fe5933d7c95ed760f3ac20568ab95347ef8c5bcc",
                    "rule_source": "Sigma Integrated Rule Set (GitHub)",
                    "rule_title": "CurrentVersion Autorun Keys Modification",
                    "rule_description": "Detects modification of autostart extensibility point (ASEP) in registry.",
                    "rule_author": "Victor Sergeev, Daniil Yugoslavskiy, Gleb Sukhodolskiy, Timur Zinniatullin, oscd.community, Tim Shelton, frack113 (split)",
                    "match_context": [
                        {
                            "values": {
                                "EventID": "13",
                                "ProcessId": "4296",
                                "EventType": "SetValue",
                                "Image": "C:\\Windows\\SysWOW64\\explorer.exe",
                                "RuleName": "T1060,RunKey",
                                "UtcTime": "1681584742",
                                "Details": "C:\\51210ad6\\51210ad6.exe",
                                "ProcessGuid": "{C784477D-F265-643A-0B06-000000003400}",
                                "TargetObject": "HKU\\S-1-5-21-1015118539-3749460369-599379286-1001\\Software\\Microsoft\\Windows\\CurrentVersion\\Run\\51210ad"
                            }
                        },
                        {
                            "values": {
                                "EventID": "13",
                                "ProcessId": "4296",
                                "EventType": "SetValue",
                                "Image": "C:\\Windows\\SysWOW64\\explorer.exe",
                                "ProcessGuid": "{C784477D-F265-643A-0B06-000000003400}",
                                "UtcTime": "1681584742",
                                "Details": "C:\\51210ad6\\51210ad6.exe",
                                "RuleName": "T1060,RunKey",
                                "TargetObject": "HKU\\S-1-5-21-1015118539-3749460369-599379286-1001\\Software\\Microsoft\\Windows\\CurrentVersion\\RunOnce\\*1210ad"
                            }
                        },
                        {
                            "values": {
                                "EventID": "13",
                                "ProcessId": "4296",
                                "EventType": "SetValue",
                                "Image": "C:\\Windows\\SysWOW64\\explorer.exe",
                                "ProcessGuid": "{C784477D-F265-643A-0B06-000000003400}",
                                "UtcTime": "1681584742",
                                "Details": "C:\\Users\\george\\AppData\\Roaming\\51210ad6.exe",
                                "RuleName": "T1060,RunKey",
                                "TargetObject": "HKU\\S-1-5-21-1015118539-3749460369-599379286-1001\\Software\\Microsoft\\Windows\\CurrentVersion\\Run\\51210ad6"
                            }
                        },
                        {
                            "values": {
                                "EventID": "13",
                                "ProcessId": "4296",
                                "EventType": "SetValue",
                                "Image": "C:\\Windows\\SysWOW64\\explorer.exe",
                                "ProcessGuid": "{C784477D-F265-643A-0B06-000000003400}",
                                "UtcTime": "1681584742",
                                "Details": "C:\\Users\\george\\AppData\\Roaming\\51210ad6.exe",
                                "RuleName": "T1060,RunKey",
                                "TargetObject": "HKU\\S-1-5-21-1015118539-3749460369-599379286-1001\\Software\\Microsoft\\Windows\\CurrentVersion\\RunOnce\\*1210ad6"
                            }
                        },
                        {
                            "values": {
                                "RuleName": "T1060,RunKey",
                                "EventType": "SetValue",
                                "Details": "C:\\a1831166\\a1831166.exe",
                                "Image": "C:\\Windows\\SysWOW64\\explorer.exe",
                                "EventID": "13",
                                "TargetObject": "HKU\\S-1-5-21-4005801669-2598574594-602355426-1001\\SOFTWARE\\Microsoft\\Windows\\CurrentVersion\\Run\\a183116"
                            }
                        }
                    ]
                },
                {
                    "rule_level": "medium",
                    "rule_id": "a0daa529834b3c5230b4524da005a6b6503e7cb061e298a8f74e0dc1fee0a008",
                    "rule_source": "Sigma Integrated Rule Set (GitHub)",
                    "rule_title": "Uncommon Svchost Parent Process",
                    "rule_description": "Detects an uncommon svchost parent process",
                    "rule_author": "Florian Roth (Nextron Systems)",
                    "match_context": [
                        {
                            "values": {
                                "Hashes": "MD5=B7C999040D80E5BF87886D70D992C51E,SHA256=5C3257B277F160109071E7E716040E67657341D8C42AA68D9AFAFE1630FCC53E,IMPHASH=31245021771B01BCA0BE49250BDAA032",
                                "CurrentDirectory": "C:\\Users\\Bruno\\AppData\\Local\\Temp\\",
                                "OriginalFileName": "svchost.exe",
                                "Product": "Microsoft\\xae Windows\\xae Operating System",
                                "Description": "Host Process for Windows Services",
                                "EventID": "1",
                                "ParentCommandLine": "\"C:\\Windows\\syswow64\\explorer.exe\"",
                                "CommandLine": "-k netsvcs",
                                "FileVersion": "10.0.19041.546 (WinBuild.160101.0800)",
                                "ParentImage": "C:\\Windows\\SysWOW64\\explorer.exe",
                                "IntegrityLevel": "High",
                                "Image": "C:\\Windows\\SysWOW64\\svchost.exe",
                                "Company": "Microsoft Corporation"
                            }
                        }
                    ]
                },
                {
                    "rule_level": "medium",
                    "rule_id": "f09d5248ed8fc1a93251158bfda71f8144ccaf37fa922416ccd897498bff7c55",
                    "rule_source": "SOC Prime Threat Detection Marketplace",
                    "rule_title": "Suspicious Process Creation",
                    "rule_description": "Detects suspicious process starts on Windows systems based on keywords",
                    "rule_author": "Florian Roth",
                    "match_context": [
                        {
                            "values": {
                                "TerminalSessionId": "1",
                                "ProcessGuid": "{C784477D-F268-643A-0D06-000000003400}",
                                "ProcessId": "6324",
                                "Product": "Microsoft\\xae Windows\\xae Operating System",
                                "Description": "Command Line Interface for Microsoft\\xae Volume Shadow Copy Service ",
                                "Company": "Microsoft Corporation",
                                "ParentProcessGuid": "{C784477D-F265-643A-0B06-000000003400}",
                                "User": "DESKTOP-B0T93D6\\george",
                                "Hashes": "MD5=7E30B94672107D3381A1D175CF18C147,SHA256=BB1D73C5104A722F228B39CCB24C6F2BB13EFCCA2EA65B013D33433550E3BCE7,IMPHASH=B8C53607A902DC54702978C63D6E8B2E",
                                "OriginalFileName": "VSSADMIN.EXE",
                                "ParentImage": "C:\\Windows\\SysWOW64\\explorer.exe",
                                "FileVersion": "10.0.17134.1 (WinBuild.160101.0800)",
                                "ParentProcessId": "4296",
                                "CurrentDirectory": "C:\\Users\\george\\Desktop\\",
                                "CommandLine": "vssadmin.exe Delete Shadows /All /Quiet",
                                "EventID": "1",
                                "LogonGuid": "C784477D-5C25-6407-80A6-030000000000",
                                "LogonId": "239232",
                                "Image": "C:\\Windows\\SysWOW64\\vssadmin.exe",
                                "IntegrityLevel": "High",
                                "ParentCommandLine": "\"C:\\Windows\\syswow64\\explorer.exe\"",
                                "UtcTime": "1681584744",
                                "RuleName": "-"
                            }
                        }
                    ]
                },
