{
    "data": {
        "id": "e12cd5cde76d1d6456228f85cd469f2f580781ee719e07ddd198b6459776f666",
        "type": "file",
        "links": {
            "self": "https://www.virustotal.com/api/v3/files/e12cd5cde76d1d6456228f85cd469f2f580781ee719e07ddd198b6459776f666"
        },
        "attributes": {
            "last_submission_date": 1755281177,
            "filecondis": {
                "dhash": "fcfc7abc9d580800",
                "raw_md5": "ebd6713413e81e89bdbc6b33722b44f9"
            },
            "sha256": "e12cd5cde76d1d6456228f85cd469f2f580781ee719e07ddd198b6459776f666",
            "unique_sources": 5,
            "pe_info": {
                "timestamp": 1230979424,
                "imphash": "8310f2bedfbadb2be6a64535b152b1b2",
                "machine_type": 332,
                "entry_point": 4723,
                "resource_details": [
                    {
                        "lang": "NEUTRAL",
                        "chi2": 509035.09,
                        "filetype": "DOS EXE",
                        "entropy": 6.278733253479004,
                        "sha256": "a3fac4006f642eacf8985f3641029f520ef09804a746a200259c88f6c84ace2f",
                        "type": "NJ"
                    }
                ],
                "resource_langs": {
                    "NEUTRAL": 1
                },
                "resource_types": {
                    "NJ": 1
                },
                "sections": [
                    {
                        "name": ".text",
                        "chi2": 150292.39,
                        "virtual_address": 4096,
                        "entropy": 4.69,
                        "raw_size": 6144,
                        "flags": "rx",
                        "virtual_size": 5830,
                        "md5": "c7bb856ac3d685a680a81a620c2d2931"
                    },
                    {
                        "name": ".rdata",
                        "chi2": 22334.0,
                        "virtual_address": 12288,
                        "entropy": 4.18,
                        "raw_size": 512,
                        "flags": "r",
                        "virtual_size": 490,
                        "md5": "0080c6898e047bdac04b7b4cb66c79d5"
                    },
                    {
                        "name": ".data",
                        "chi2": 202805.0,
                        "virtual_address": 16384,
                        "entropy": 0.88,
                        "raw_size": 1024,
                        "flags": "rw",
                        "virtual_size": 908,
                        "md5": "4bc3da7e7419cdb9c2e2209826f71395"
                    },
                    {
                        "name": ".rsrc",
                        "chi2": 510877.56,
                        "virtual_address": 20480,
                        "entropy": 6.29,
                        "raw_size": 38912,
                        "flags": "rw",
                        "virtual_size": 38512,
                        "md5": "627e4f3bc8fb34c094ec288c7cb4cff3"
                    }
                ],
                "compiler_product_versions": [
                    "[RES] VS98 (6.0) SP6 cvtres build 1736 count=1",
                    "id: 0x13, version: 8078 count=25",
                    "id: 0x12, version: 8444 count=1"
                ],
                "rich_pe_header_hash": "aa00ee7c2f076749ce692736a124b61e",
                "import_list": [
                    {
                        "library_name": "kernel32.dll",
                        "imported_functions": [
                            "CloseHandle",
                            "CreateFileA",
                            "EnumResourceNamesA",
                            "ExitProcess",
                            "FindResourceA",
                            "GetTempPathA",
                            "LoadResource",
                            "LockResource",
                            "lstrcatA",
                            "lstrcpyA",
                            "lstrlenA",
                            "SizeofResource",
                            "WriteFile"
                        ]
                    },
                    {
                        "library_name": "shell32.dll",
                        "imported_functions": [
                            "ShellExecuteA"
                        ]
                    },
                    {
                        "library_name": "user32.dll",
                        "imported_functions": [
                            "CharLowerBuffA"
                        ]
                    }
                ]
            },
            "times_submitted": 6,
            "trid": [
                {
                    "file_type": "Win32 Executable MS Visual C++ (generic)",
                    "probability": 50.6
                },
                {
                    "file_type": "Win64 Executable (generic)",
                    "probability": 17.0
                },
                {
                    "file_type": "Win16 NE executable (generic)",
                    "probability": 8.1
                },
                {
                    "file_type": "Win32 Executable (generic)",
                    "probability": 7.3
                },
                {
                    "file_type": "Win32 Executable MS Visual FoxPro 7",
                    "probability": 3.6
                }
            ],
            "authentihash": "2643d814cc461e3fe48c0860fd99664e9250349c25dd7c4842ce77dd2cf093c3",
            "meaningful_name": "55_19_e12cd5cde76d1d6456228f85cd469f2f580781ee719e07ddd198b6459776f666",
            "sigma_analysis_stats": {
                "high": 0,
                "medium": 1,
                "critical": 0,
                "low": 1
            },
            "names": [
                "55_19_e12cd5cde76d1d6456228f85cd469f2f580781ee719e07ddd198b6459776f666",
                "unknown",
                "test.txt",
                "aa",
                "JWdmV.mht",
                "0u2adk6cf.tar.bz2"
            ],
            "last_modification_date": 1755288428,
            "type_description": "Win32 EXE",
            "type_extension": "exe",
            "type_tag": "peexe",
            "reputation": 0,
            "type_tags": [
                "executable",
                "windows",
                "win32",
                "pe",
                "peexe"
            ],
            "first_seen_itw_date": 1384533521,
            "detectiteasy": {
                "filetype": "PE32",
                "values": [
                    {
                        "info": "MMX2 support",
                        "version": "6.14.8444",
                        "type": "Compiler",
                        "name": "MASM"
                    },
                    {
                        "version": "5.12.8078",
                        "type": "Linker",
                        "name": "Microsoft Linker"
                    },
                    {
                        "version": "8-11",
                        "type": "Tool",
                        "name": "masm32"
                    }
                ]
            },
            "sigma_analysis_results": [
                {
                    "match_context": [
                        {
                            "values": {
                                "EventID": "13",
                                "ProcessId": "4876",
                                "EventType": "SetValue",
                                "Image": "C:\\Users\\george\\AppData\\Local\\Temp\\info.exe",
                                "RuleName": "T1060,RunKey",
                                "UtcTime": "1670437048",
                                "Details": "C:\\Windows\\Media\\sound.exe",
                                "ProcessGuid": "{C784477D-D8B8-6390-0706-000000003000}",
                                "TargetObject": "HKLM\\SOFTWARE\\WOW6432Node\\Microsoft\\Windows\\CurrentVersion\\RunOnce\\Sound"
                            }
                        },
                        {
                            "values": {
                                "EventID": "13",
                                "ProcessId": "4876",
                                "EventType": "SetValue",
                                "Image": "C:\\Users\\george\\AppData\\Local\\Temp\\info.exe",
                                "ProcessGuid": "{C784477D-D8B8-6390-0706-000000003000}",
                                "UtcTime": "1670437049",
                                "Details": "C:\\Windows\\Media\\sound.exe",
                                "RuleName": "T1060,RunKey",
                                "TargetObject": "HKLM\\SOFTWARE\\WOW6432Node\\Microsoft\\Windows\\CurrentVersion\\RunOnce\\Sound"
                            }
                        },
                        {
                            "values": {
                                "EventID": "13",
                                "ProcessId": "4876",
                                "EventType": "SetValue",
                                "Image": "C:\\Users\\george\\AppData\\Local\\Temp\\info.exe",
                                "ProcessGuid": "{C784477D-D8B8-6390-0706-000000003000}",
                                "UtcTime": "1670437050",
                                "Details": "C:\\Windows\\Media\\sound.exe",
                                "RuleName": "T1060,RunKey",
                                "TargetObject": "HKLM\\SOFTWARE\\WOW6432Node\\Microsoft\\Windows\\CurrentVersion\\RunOnce\\Sound"
                            }
                        },
                        {
                            "values": {
                                "EventID": "13",
                                "ProcessId": "4876",
                                "EventType": "SetValue",
                                "Image": "C:\\Users\\george\\AppData\\Local\\Temp\\info.exe",
                                "ProcessGuid": "{C784477D-D8B8-6390-0706-000000003000}",
                                "UtcTime": "1670437051",
                                "Details": "C:\\Windows\\Media\\sound.exe",
                                "RuleName": "T1060,RunKey",
                                "TargetObject": "HKLM\\SOFTWARE\\WOW6432Node\\Microsoft\\Windows\\CurrentVersion\\RunOnce\\Sound"
                            }
                        },
                        {
                            "values": {
                                "EventID": "13",
                                "ProcessId": "4876",
                                "EventType": "SetValue",
                                "Image": "C:\\Users\\george\\AppData\\Local\\Temp\\info.exe",
                                "RuleName": "T1060,RunKey",
                                "UtcTime": "1670437052",
                                "Details": "C:\\Windows\\Media\\sound.exe",
                                "ProcessGuid": "{C784477D-D8B8-6390-0706-000000003000}",
                                "TargetObject": "HKLM\\SOFTWARE\\WOW6432Node\\Microsoft\\Windows\\CurrentVersion\\RunOnce\\Sound"
                            }
                        },
                        {
                            "values": {
                                "EventID": "13",
                                "ProcessId": "4876",
                                "EventType": "SetValue",
                                "Image": "C:\\Users\\george\\AppData\\Local\\Temp\\info.exe",
                                "ProcessGuid": "{C784477D-D8B8-6390-0706-000000003000}",
                                "UtcTime": "1670437053",
                                "Details": "C:\\Windows\\Media\\sound.exe",
                                "RuleName": "T1060,RunKey",
                                "TargetObject": "HKLM\\SOFTWARE\\WOW6432Node\\Microsoft\\Windows\\CurrentVersion\\RunOnce\\Sound"
                            }
                        },
                        {
                            "values": {
                                "EventID": "13",
                                "ProcessId": "4876",
                                "EventType": "SetValue",
                                "Image": "C:\\Users\\george\\AppData\\Local\\Temp\\info.exe",
                                "RuleName": "T1060,RunKey",
                                "UtcTime": "1670437054",
                                "Details": "C:\\Windows\\Media\\sound.exe",
                                "ProcessGuid": "{C784477D-D8B8-6390-0706-000000003000}",
                                "TargetObject": "HKLM\\SOFTWARE\\WOW6432Node\\Microsoft\\Windows\\CurrentVersion\\RunOnce\\Sound"
                            }
                        },
                        {
                            "values": {
                                "EventID": "13",
                                "ProcessId": "4876",
                                "EventType": "SetValue",
                                "Image": "C:\\Users\\george\\AppData\\Local\\Temp\\info.exe",
                                "RuleName": "T1060,RunKey",
                                "UtcTime": "1670437055",
                                "Details": "C:\\Windows\\Media\\sound.exe",
                                "ProcessGuid": "{C784477D-D8B8-6390-0706-000000003000}",
                                "TargetObject": "HKLM\\SOFTWARE\\WOW6432Node\\Microsoft\\Windows\\CurrentVersion\\RunOnce\\Sound"
                            }
                        },
                        {
                            "values": {
                                "EventID": "13",
                                "ProcessId": "4876",
                                "EventType": "SetValue",
                                "Image": "C:\\Users\\george\\AppData\\Local\\Temp\\info.exe",
                                "RuleName": "T1060,RunKey",
                                "UtcTime": "1670437056",
                                "Details": "C:\\Windows\\Media\\sound.exe",
                                "ProcessGuid": "{C784477D-D8B8-6390-0706-000000003000}",
                                "TargetObject": "HKLM\\SOFTWARE\\WOW6432Node\\Microsoft\\Windows\\CurrentVersion\\RunOnce\\Sound"
                            }
                        },
                        {
                            "values": {
                                "EventID": "13",
                                "ProcessId": "4876",
                                "EventType": "SetValue",
                                "Image": "C:\\Users\\george\\AppData\\Local\\Temp\\info.exe",
                                "ProcessGuid": "{C784477D-D8B8-6390-0706-000000003000}",
                                "UtcTime": "1670437057",
                                "Details": "C:\\Windows\\Media\\sound.exe",
                                "RuleName": "T1060,RunKey",
                                "TargetObject": "HKLM\\SOFTWARE\\WOW6432Node\\Microsoft\\Windows\\CurrentVersion\\RunOnce\\Sound"
                            }
                        },
                        {
                            "values": {
                                "EventID": "13",
                                "ProcessId": "4876",
                                "EventType": "SetValue",
                                "Image": "C:\\Users\\george\\AppData\\Local\\Temp\\info.exe",
                                "RuleName": "T1060,RunKey",
                                "UtcTime": "1670437058",
                                "Details": "C:\\Windows\\Media\\sound.exe",
                                "ProcessGuid": "{C784477D-D8B8-6390-0706-000000003000}",
                                "TargetObject": "HKLM\\SOFTWARE\\WOW6432Node\\Microsoft\\Windows\\CurrentVersion\\RunOnce\\Sound"
                            }
                        },
                        {
                            "values": {
                                "EventID": "13",
                                "ProcessId": "4876",
                                "EventType": "SetValue",
                                "Image": "C:\\Users\\george\\AppData\\Local\\Temp\\info.exe",
                                "RuleName": "T1060,RunKey",
                                "UtcTime": "1670437059",
                                "Details": "C:\\Windows\\Media\\sound.exe",
                                "ProcessGuid": "{C784477D-D8B8-6390-0706-000000003000}",
                                "TargetObject": "HKLM\\SOFTWARE\\WOW6432Node\\Microsoft\\Windows\\CurrentVersion\\RunOnce\\Sound"
                            }
                        },
                        {
                            "values": {
                                "EventID": "13",
                                "ProcessId": "4876",
                                "EventType": "SetValue",
                                "Image": "C:\\Users\\george\\AppData\\Local\\Temp\\info.exe",
                                "RuleName": "T1060,RunKey",
                                "UtcTime": "1670437060",
                                "Details": "C:\\Windows\\Media\\sound.exe",
                                "ProcessGuid": "{C784477D-D8B8-6390-0706-000000003000}",
                                "TargetObject": "HKLM\\SOFTWARE\\WOW6432Node\\Microsoft\\Windows\\CurrentVersion\\RunOnce\\Sound"
                            }
                        },
                        {
                            "values": {
                                "EventID": "13",
                                "ProcessId": "4876",
                                "EventType": "SetValue",
                                "Image": "C:\\Users\\george\\AppData\\Local\\Temp\\info.exe",
                                "ProcessGuid": "{C784477D-D8B8-6390-0706-000000003000}",
                                "UtcTime": "1670437061",
                                "Details": "C:\\Windows\\Media\\sound.exe",
                                "RuleName": "T1060,RunKey",
                                "TargetObject": "HKLM\\SOFTWARE\\WOW6432Node\\Microsoft\\Windows\\CurrentVersion\\RunOnce\\Sound"
                            }
                        },
                        {
                            "values": {
                                "EventID": "13",
                                "ProcessId": "4876",
                                "EventType": "SetValue",
                                "Image": "C:\\Users\\george\\AppData\\Local\\Temp\\info.exe",
                                "ProcessGuid": "{C784477D-D8B8-6390-0706-000000003000}",
                                "UtcTime": "1670437062",
                                "Details": "C:\\Windows\\Media\\sound.exe",
                                "RuleName": "T1060,RunKey",
                                "TargetObject": "HKLM\\SOFTWARE\\WOW6432Node\\Microsoft\\Windows\\CurrentVersion\\RunOnce\\Sound"
                            }
                        },
                        {
                            "values": {
                                "EventID": "13",
                                "ProcessId": "4876",
                                "EventType": "SetValue",
                                "Image": "C:\\Users\\george\\AppData\\Local\\Temp\\info.exe",
                                "ProcessGuid": "{C784477D-D8B8-6390-0706-000000003000}",
                                "UtcTime": "1670437063",
                                "Details": "C:\\Windows\\Media\\sound.exe",
                                "RuleName": "T1060,RunKey",
                                "TargetObject": "HKLM\\SOFTWARE\\WOW6432Node\\Microsoft\\Windows\\CurrentVersion\\RunOnce\\Sound"
                            }
                        },
                        {
                            "values": {
                                "EventID": "13",
                                "ProcessId": "4876",
                                "EventType": "SetValue",
                                "Image": "C:\\Users\\george\\AppData\\Local\\Temp\\info.exe",
                                "RuleName": "T1060,RunKey",
                                "UtcTime": "1670437064",
                                "Details": "C:\\Windows\\Media\\sound.exe",
                                "ProcessGuid": "{C784477D-D8B8-6390-0706-000000003000}",
                                "TargetObject": "HKLM\\SOFTWARE\\WOW6432Node\\Microsoft\\Windows\\CurrentVersion\\RunOnce\\Sound"
                            }
                        },
                        {
                            "values": {
                                "EventID": "13",
                                "ProcessId": "4876",
                                "EventType": "SetValue",
                                "Image": "C:\\Users\\george\\AppData\\Local\\Temp\\info.exe",
                                "ProcessGuid": "{C784477D-D8B8-6390-0706-000000003000}",
                                "UtcTime": "1670437065",
                                "Details": "C:\\Windows\\Media\\sound.exe",
                                "RuleName": "T1060,RunKey",
                                "TargetObject": "HKLM\\SOFTWARE\\WOW6432Node\\Microsoft\\Windows\\CurrentVersion\\RunOnce\\Sound"
                            }
                        },
                        {
                            "values": {
                                "EventID": "13",
                                "ProcessId": "4876",
                                "EventType": "SetValue",
                                "Image": "C:\\Users\\george\\AppData\\Local\\Temp\\info.exe",
                                "ProcessGuid": "{C784477D-D8B8-6390-0706-000000003000}",
                                "UtcTime": "1670437066",
                                "Details": "C:\\Windows\\Media\\sound.exe",
                                "RuleName": "T1060,RunKey",
                                "TargetObject": "HKLM\\SOFTWARE\\WOW6432Node\\Microsoft\\Windows\\CurrentVersion\\RunOnce\\Sound"
                            }
                        },
                        {
                            "values": {
                                "EventID": "13",
                                "ProcessId": "4876",
                                "EventType": "SetValue",
                                "Image": "C:\\Users\\george\\AppData\\Local\\Temp\\info.exe",
                                "RuleName": "T1060,RunKey",
                                "UtcTime": "1670437067",
                                "Details": "C:\\Windows\\Media\\sound.exe",
                                "ProcessGuid": "{C784477D-D8B8-6390-0706-000000003000}",
                                "TargetObject": "HKLM\\SOFTWARE\\WOW6432Node\\Microsoft\\Windows\\CurrentVersion\\RunOnce\\Sound"
                            }
                        },
                        {
                            "values": {
                                "EventID": "13",
                                "ProcessId": "4876",
                                "EventType": "SetValue",
                                "Image": "C:\\Users\\george\\AppData\\Local\\Temp\\info.exe",
                                "RuleName": "T1060,RunKey",
                                "UtcTime": "1670437068",
                                "Details": "C:\\Windows\\Media\\sound.exe",
                                "ProcessGuid": "{C784477D-D8B8-6390-0706-000000003000}",
                                "TargetObject": "HKLM\\SOFTWARE\\WOW6432Node\\Microsoft\\Windows\\CurrentVersion\\RunOnce\\Sound"
                            }
                        },
                        {
                            "values": {
                                "EventID": "13",
                                "ProcessId": "4876",
                                "EventType": "SetValue",
                                "Image": "C:\\Users\\george\\AppData\\Local\\Temp\\info.exe",
                                "RuleName": "T1060,RunKey",
                                "UtcTime": "1670437069",
                                "Details": "C:\\Windows\\Media\\sound.exe",
                                "ProcessGuid": "{C784477D-D8B8-6390-0706-000000003000}",
                                "TargetObject": "HKLM\\SOFTWARE\\WOW6432Node\\Microsoft\\Windows\\CurrentVersion\\RunOnce\\Sound"
                            }
                        },
                        {
                            "values": {
                                "EventID": "13",
                                "ProcessId": "4876",
                                "EventType": "SetValue",
                                "Image": "C:\\Users\\george\\AppData\\Local\\Temp\\info.exe",
                                "RuleName": "T1060,RunKey",
                                "UtcTime": "1670437070",
                                "Details": "C:\\Windows\\Media\\sound.exe",
                                "ProcessGuid": "{C784477D-D8B8-6390-0706-000000003000}",
                                "TargetObject": "HKLM\\SOFTWARE\\WOW6432Node\\Microsoft\\Windows\\CurrentVersion\\RunOnce\\Sound"
                            }
                        },
                        {
                            "values": {
                                "EventID": "13",
                                "ProcessId": "4876",
                                "EventType": "SetValue",
                                "Image": "C:\\Users\\george\\AppData\\Local\\Temp\\info.exe",
                                "ProcessGuid": "{C784477D-D8B8-6390-0706-000000003000}",
                                "UtcTime": "1670437071",
                                "Details": "C:\\Windows\\Media\\sound.exe",
                                "RuleName": "T1060,RunKey",
                                "TargetObject": "HKLM\\SOFTWARE\\WOW6432Node\\Microsoft\\Windows\\CurrentVersion\\RunOnce\\Sound"
                            }
                        },
                        {
                            "values": {
                                "EventID": "13",
                                "ProcessId": "4876",
                                "EventType": "SetValue",
                                "Image": "C:\\Users\\george\\AppData\\Local\\Temp\\info.exe",
                                "ProcessGuid": "{C784477D-D8B8-6390-0706-000000003000}",
                                "UtcTime": "1670437072",
                                "Details": "C:\\Windows\\Media\\sound.exe",
                                "RuleName": "T1060,RunKey",
                                "TargetObject": "HKLM\\SOFTWARE\\WOW6432Node\\Microsoft\\Windows\\CurrentVersion\\RunOnce\\Sound"
                            }
                        },
                        {
                            "values": {
                                "EventID": "13",
                                "ProcessId": "4876",
                                "EventType": "SetValue",
                                "Image": "C:\\Users\\george\\AppData\\Local\\Temp\\info.exe",
                                "ProcessGuid": "{C784477D-D8B8-6390-0706-000000003000}",
                                "UtcTime": "1670437073",
                                "Details": "C:\\Windows\\Media\\sound.exe",
                                "RuleName": "T1060,RunKey",
                                "TargetObject": "HKLM\\SOFTWARE\\WOW6432Node\\Microsoft\\Windows\\CurrentVersion\\RunOnce\\Sound"
                            }
                        },
                        {
                            "values": {
                                "EventID": "13",
                                "ProcessId": "4876",
                                "EventType": "SetValue",
                                "Image": "C:\\Users\\george\\AppData\\Local\\Temp\\info.exe",
                                "ProcessGuid": "{C784477D-D8B8-6390-0706-000000003000}",
                                "UtcTime": "1670437074",
                                "Details": "C:\\Windows\\Media\\sound.exe",
                                "RuleName": "T1060,RunKey",
                                "TargetObject": "HKLM\\SOFTWARE\\WOW6432Node\\Microsoft\\Windows\\CurrentVersion\\RunOnce\\Sound"
                            }
                        },
                        {
                            "values": {
                                "EventID": "13",
                                "ProcessId": "4876",
                                "EventType": "SetValue",
                                "Image": "C:\\Users\\george\\AppData\\Local\\Temp\\info.exe",
                                "RuleName": "T1060,RunKey",
                                "UtcTime": "1670437075",
                                "Details": "C:\\Windows\\Media\\sound.exe",
                                "ProcessGuid": "{C784477D-D8B8-6390-0706-000000003000}",
                                "TargetObject": "HKLM\\SOFTWARE\\WOW6432Node\\Microsoft\\Windows\\CurrentVersion\\RunOnce\\Sound"
                            }
                        },
                        {
                            "values": {
                                "EventID": "13",
                                "ProcessId": "4876",
                                "EventType": "SetValue",
                                "Image": "C:\\Users\\george\\AppData\\Local\\Temp\\info.exe",
                                "RuleName": "T1060,RunKey",
                                "UtcTime": "1670437076",
                                "Details": "C:\\Windows\\Media\\sound.exe",
                                "ProcessGuid": "{C784477D-D8B8-6390-0706-000000003000}",
                                "TargetObject": "HKLM\\SOFTWARE\\WOW6432Node\\Microsoft\\Windows\\CurrentVersion\\RunOnce\\Sound"
                            }
                        },
                        {
                            "values": {
                                "EventID": "13",
                                "ProcessId": "4876",
                                "EventType": "SetValue",
                                "Image": "C:\\Users\\george\\AppData\\Local\\Temp\\info.exe",
                                "ProcessGuid": "{C784477D-D8B8-6390-0706-000000003000}",
                                "UtcTime": "1670437077",
                                "Details": "C:\\Windows\\Media\\sound.exe",
                                "RuleName": "T1060,RunKey",
                                "TargetObject": "HKLM\\SOFTWARE\\WOW6432Node\\Microsoft\\Windows\\CurrentVersion\\RunOnce\\Sound"
                            }
                        },
                        {
                            "values": {
                                "EventID": "13",
                                "ProcessId": "4876",
                                "EventType": "SetValue",
                                "Image": "C:\\Users\\george\\AppData\\Local\\Temp\\info.exe",
                                "ProcessGuid": "{C784477D-D8B8-6390-0706-000000003000}",
                                "UtcTime": "1670437078",
                                "Details": "C:\\Windows\\Media\\sound.exe",
                                "RuleName": "T1060,RunKey",
                                "TargetObject": "HKLM\\SOFTWARE\\WOW6432Node\\Microsoft\\Windows\\CurrentVersion\\RunOnce\\Sound"
                            }
                        },
                        {
                            "values": {
                                "EventID": "13",
                                "ProcessId": "4876",
                                "EventType": "SetValue",
                                "Image": "C:\\Users\\george\\AppData\\Local\\Temp\\info.exe",
                                "RuleName": "T1060,RunKey",
                                "UtcTime": "1670437079",
                                "Details": "C:\\Windows\\Media\\sound.exe",
                                "ProcessGuid": "{C784477D-D8B8-6390-0706-000000003000}",
                                "TargetObject": "HKLM\\SOFTWARE\\WOW6432Node\\Microsoft\\Windows\\CurrentVersion\\RunOnce\\Sound"
                            }
                        },
                        {
                            "values": {
                                "EventID": "13",
                                "ProcessId": "4876",
                                "EventType": "SetValue",
                                "Image": "C:\\Users\\george\\AppData\\Local\\Temp\\info.exe",
                                "ProcessGuid": "{C784477D-D8B8-6390-0706-000000003000}",
                                "UtcTime": "1670437080",
                                "Details": "C:\\Windows\\Media\\sound.exe",
                                "RuleName": "T1060,RunKey",
                                "TargetObject": "HKLM\\SOFTWARE\\WOW6432Node\\Microsoft\\Windows\\CurrentVersion\\RunOnce\\Sound"
                            }
                        },
                        {
                            "values": {
                                "EventID": "13",
                                "ProcessId": "4876",
                                "EventType": "SetValue",
                                "Image": "C:\\Users\\george\\AppData\\Local\\Temp\\info.exe",
                                "RuleName": "T1060,RunKey",
                                "UtcTime": "1670437081",
                                "Details": "C:\\Windows\\Media\\sound.exe",
                                "ProcessGuid": "{C784477D-D8B8-6390-0706-000000003000}",
                                "TargetObject": "HKLM\\SOFTWARE\\WOW6432Node\\Microsoft\\Windows\\CurrentVersion\\RunOnce\\Sound"
                            }
                        },
                        {
                            "values": {
                                "EventID": "13",
                                "ProcessId": "4876",
                                "EventType": "SetValue",
                                "Image": "C:\\Users\\george\\AppData\\Local\\Temp\\info.exe",
                                "RuleName": "T1060,RunKey",
                                "UtcTime": "1670437082",
                                "Details": "C:\\Windows\\Media\\sound.exe",
                                "ProcessGuid": "{C784477D-D8B8-6390-0706-000000003000}",
                                "TargetObject": "HKLM\\SOFTWARE\\WOW6432Node\\Microsoft\\Windows\\CurrentVersion\\RunOnce\\Sound"
                            }
                        },
                        {
                            "values": {
                                "EventID": "13",
                                "ProcessId": "4876",
                                "EventType": "SetValue",
                                "Image": "C:\\Users\\george\\AppData\\Local\\Temp\\info.exe",
                                "RuleName": "T1060,RunKey",
                                "UtcTime": "1670437083",
                                "Details": "C:\\Windows\\Media\\sound.exe",
                                "ProcessGuid": "{C784477D-D8B8-6390-0706-000000003000}",
                                "TargetObject": "HKLM\\SOFTWARE\\WOW6432Node\\Microsoft\\Windows\\CurrentVersion\\RunOnce\\Sound"
                            }
                        },
                        {
                            "values": {
                                "EventID": "13",
                                "ProcessId": "4876",
                                "EventType": "SetValue",
                                "Image": "C:\\Users\\george\\AppData\\Local\\Temp\\info.exe",
                                "ProcessGuid": "{C784477D-D8B8-6390-0706-000000003000}",
                                "UtcTime": "1670437084",
                                "Details": "C:\\Windows\\Media\\sound.exe",
                                "RuleName": "T1060,RunKey",
                                "TargetObject": "HKLM\\SOFTWARE\\WOW6432Node\\Microsoft\\Windows\\CurrentVersion\\RunOnce\\Sound"
                            }
                        },
                        {
                            "values": {
                                "EventID": "13",
                                "ProcessId": "4876",
                                "EventType": "SetValue",
                                "Image": "C:\\Users\\george\\AppData\\Local\\Temp\\info.exe",
                                "RuleName": "T1060,RunKey",
                                "UtcTime": "1670437085",
                                "Details": "C:\\Windows\\Media\\sound.exe",
                                "ProcessGuid": "{C784477D-D8B8-6390-0706-000000003000}",
                                "TargetObject": "HKLM\\SOFTWARE\\WOW6432Node\\Microsoft\\Windows\\CurrentVersion\\RunOnce\\Sound"
                            }
                        },
                        {
                            "values": {
                                "EventID": "13",
                                "ProcessId": "4876",
                                "EventType": "SetValue",
                                "Image": "C:\\Users\\george\\AppData\\Local\\Temp\\info.exe",
                                "ProcessGuid": "{C784477D-D8B8-6390-0706-000000003000}",
                                "UtcTime": "1670437086",
                                "Details": "C:\\Windows\\Media\\sound.exe",
                                "RuleName": "T1060,RunKey",
                                "TargetObject": "HKLM\\SOFTWARE\\WOW6432Node\\Microsoft\\Windows\\CurrentVersion\\RunOnce\\Sound"
                            }
                        },
                        {
                            "values": {
                                "EventID": "13",
                                "ProcessId": "4876",
                                "EventType": "SetValue",
                                "Image": "C:\\Users\\george\\AppData\\Local\\Temp\\info.exe",
                                "RuleName": "T1060,RunKey",
                                "UtcTime": "1670437087",
                                "Details": "C:\\Windows\\Media\\sound.exe",
                                "ProcessGuid": "{C784477D-D8B8-6390-0706-000000003000}",
                                "TargetObject": "HKLM\\SOFTWARE\\WOW6432Node\\Microsoft\\Windows\\CurrentVersion\\RunOnce\\Sound"
                            }
                        },
                        {
                            "values": {
                                "EventID": "13",
                                "ProcessId": "4876",
                                "EventType": "SetValue",
                                "Image": "C:\\Users\\george\\AppData\\Local\\Temp\\info.exe",
                                "ProcessGuid": "{C784477D-D8B8-6390-0706-000000003000}",
                                "UtcTime": "1670437088",
                                "Details": "C:\\Windows\\Media\\sound.exe",
                                "RuleName": "T1060,RunKey",
                                "TargetObject": "HKLM\\SOFTWARE\\WOW6432Node\\Microsoft\\Windows\\CurrentVersion\\RunOnce\\Sound"
                            }
                        },
                        {
                            "values": {
                                "EventID": "13",
                                "ProcessId": "4876",
                                "EventType": "SetValue",
                                "Image": "C:\\Users\\george\\AppData\\Local\\Temp\\info.exe",
                                "ProcessGuid": "{C784477D-D8B8-6390-0706-000000003000}",
                                "UtcTime": "1670437089",
                                "Details": "C:\\Windows\\Media\\sound.exe",
                                "RuleName": "T1060,RunKey",
                                "TargetObject": "HKLM\\SOFTWARE\\WOW6432Node\\Microsoft\\Windows\\CurrentVersion\\RunOnce\\Sound"
                            }
                        },
                        {
                            "values": {
                                "EventID": "13",
                                "ProcessId": "4876",
                                "EventType": "SetValue",
                                "Image": "C:\\Users\\george\\AppData\\Local\\Temp\\info.exe",
                                "ProcessGuid": "{C784477D-D8B8-6390-0706-000000003000}",
                                "UtcTime": "1670437090",
                                "Details": "C:\\Windows\\Media\\sound.exe",
                                "RuleName": "T1060,RunKey",
                                "TargetObject": "HKLM\\SOFTWARE\\WOW6432Node\\Microsoft\\Windows\\CurrentVersion\\RunOnce\\Sound"
                            }
                        },
                        {
                            "values": {
                                "EventID": "13",
                                "ProcessId": "4876",
                                "EventType": "SetValue",
                                "Image": "C:\\Users\\george\\AppData\\Local\\Temp\\info.exe",
                                "RuleName": "T1060,RunKey",
                                "UtcTime": "1670437091",
                                "Details": "C:\\Windows\\Media\\sound.exe",
                                "ProcessGuid": "{C784477D-D8B8-6390-0706-000000003000}",
                                "TargetObject": "HKLM\\SOFTWARE\\WOW6432Node\\Microsoft\\Windows\\CurrentVersion\\RunOnce\\Sound"
                            }
                        },
                        {
                            "values": {
                                "EventID": "13",
                                "ProcessId": "4876",
                                "EventType": "SetValue",
                                "Image": "C:\\Users\\george\\AppData\\Local\\Temp\\info.exe",
                                "ProcessGuid": "{C784477D-D8B8-6390-0706-000000003000}",
                                "UtcTime": "1670437092",
                                "Details": "C:\\Windows\\Media\\sound.exe",
                                "RuleName": "T1060,RunKey",
                                "TargetObject": "HKLM\\SOFTWARE\\WOW6432Node\\Microsoft\\Windows\\CurrentVersion\\RunOnce\\Sound"
                            }
                        },
                        {
                            "values": {
                                "EventID": "13",
                                "ProcessId": "4876",
                                "EventType": "SetValue",
                                "Image": "C:\\Users\\george\\AppData\\Local\\Temp\\info.exe",
                                "ProcessGuid": "{C784477D-D8B8-6390-0706-000000003000}",
                                "UtcTime": "1670437093",
                                "Details": "C:\\Windows\\Media\\sound.exe",
                                "RuleName": "T1060,RunKey",
                                "TargetObject": "HKLM\\SOFTWARE\\WOW6432Node\\Microsoft\\Windows\\CurrentVersion\\RunOnce\\Sound"
                            }
                        },
                        {
                            "values": {
                                "EventID": "13",
                                "ProcessId": "4876",
                                "EventType": "SetValue",
                                "Image": "C:\\Users\\george\\AppData\\Local\\Temp\\info.exe",
                                "RuleName": "T1060,RunKey",
                                "UtcTime": "1670437094",
                                "Details": "C:\\Windows\\Media\\sound.exe",
                                "ProcessGuid": "{C784477D-D8B8-6390-0706-000000003000}",
                                "TargetObject": "HKLM\\SOFTWARE\\WOW6432Node\\Microsoft\\Windows\\CurrentVersion\\RunOnce\\Sound"
                            }
                        },
                        {
                            "values": {
                                "EventID": "13",
                                "ProcessId": "4876",
                                "EventType": "SetValue",
                                "Image": "C:\\Users\\george\\AppData\\Local\\Temp\\info.exe",
                                "RuleName": "T1060,RunKey",
                                "UtcTime": "1670437095",
                                "Details": "C:\\Windows\\Media\\sound.exe",
                                "ProcessGuid": "{C784477D-D8B8-6390-0706-000000003000}",
                                "TargetObject": "HKLM\\SOFTWARE\\WOW6432Node\\Microsoft\\Windows\\CurrentVersion\\RunOnce\\Sound"
                            }
                        },
                        {
                            "values": {
                                "EventID": "13",
                                "ProcessId": "4876",
                                "EventType": "SetValue",
                                "Image": "C:\\Users\\george\\AppData\\Local\\Temp\\info.exe",
                                "RuleName": "T1060,RunKey",
                                "UtcTime": "1670437096",
                                "Details": "C:\\Windows\\Media\\sound.exe",
                                "ProcessGuid": "{C784477D-D8B8-6390-0706-000000003000}",
                                "TargetObject": "HKLM\\SOFTWARE\\WOW6432Node\\Microsoft\\Windows\\CurrentVersion\\RunOnce\\Sound"
                            }
                        },
                        {
                            "values": {
                                "EventID": "13",
                                "ProcessId": "4876",
                                "EventType": "SetValue",
                                "Image": "C:\\Users\\george\\AppData\\Local\\Temp\\info.exe",
                                "ProcessGuid": "{C784477D-D8B8-6390-0706-000000003000}",
                                "UtcTime": "1670437097",
                                "Details": "C:\\Windows\\Media\\sound.exe",
                                "RuleName": "T1060,RunKey",
                                "TargetObject": "HKLM\\SOFTWARE\\WOW6432Node\\Microsoft\\Windows\\CurrentVersion\\RunOnce\\Sound"
                            }
                        },
                        {
                            "values": {
                                "EventID": "13",
                                "ProcessId": "4876",
                                "EventType": "SetValue",
                                "Image": "C:\\Users\\george\\AppData\\Local\\Temp\\info.exe",
                                "RuleName": "T1060,RunKey",
                                "UtcTime": "1670437098",
                                "Details": "C:\\Windows\\Media\\sound.exe",
                                "ProcessGuid": "{C784477D-D8B8-6390-0706-000000003000}",
                                "TargetObject": "HKLM\\SOFTWARE\\WOW6432Node\\Microsoft\\Windows\\CurrentVersion\\RunOnce\\Sound"
                            }
                        },
                        {
                            "values": {
                                "EventID": "13",
                                "ProcessId": "4876",
                                "EventType": "SetValue",
                                "Image": "C:\\Users\\george\\AppData\\Local\\Temp\\info.exe",
                                "ProcessGuid": "{C784477D-D8B8-6390-0706-000000003000}",
                                "UtcTime": "1670437099",
                                "Details": "C:\\Windows\\Media\\sound.exe",
                                "RuleName": "T1060,RunKey",
                                "TargetObject": "HKLM\\SOFTWARE\\WOW6432Node\\Microsoft\\Windows\\CurrentVersion\\RunOnce\\Sound"
                            }
                        },
                        {
                            "values": {
                                "EventID": "13",
                                "ProcessId": "4876",
                                "EventType": "SetValue",
                                "Image": "C:\\Users\\george\\AppData\\Local\\Temp\\info.exe",
                                "ProcessGuid": "{C784477D-D8B8-6390-0706-000000003000}",
                                "UtcTime": "1670437100",
                                "Details": "C:\\Windows\\Media\\sound.exe",
                                "RuleName": "T1060,RunKey",
                                "TargetObject": "HKLM\\SOFTWARE\\WOW6432Node\\Microsoft\\Windows\\CurrentVersion\\RunOnce\\Sound"
                            }
                        },
                        {
                            "values": {
                                "EventID": "13",
                                "ProcessId": "4876",
                                "EventType": "SetValue",
                                "Image": "C:\\Users\\george\\AppData\\Local\\Temp\\info.exe",
                                "RuleName": "T1060,RunKey",
                                "UtcTime": "1670437101",
                                "Details": "C:\\Windows\\Media\\sound.exe",
                                "ProcessGuid": "{C784477D-D8B8-6390-0706-000000003000}",
                                "TargetObject": "HKLM\\SOFTWARE\\WOW6432Node\\Microsoft\\Windows\\CurrentVersion\\RunOnce\\Sound"
                            }
                        },
