{
    "data": {
        "id": "e133aa73d59cc0a11766f2c75e04404b0db41c5de1b855bcfb2eef22d762117b",
        "type": "file",
        "links": {
            "self": "https://www.virustotal.com/api/v3/files/e133aa73d59cc0a11766f2c75e04404b0db41c5de1b855bcfb2eef22d762117b"
        },
        "attributes": {
            "crowdsourced_ids_stats": {
                "high": 0,
                "info": 0,
                "medium": 0,
                "low": 1
            },
            "tags": [
                "upx",
                "persistence",
                "direct-cpu-clock-access",
                "long-sleeps",
                "peexe",
                "checks-user-input",
                "runtime-modules"
            ],
            "names": [
                "haha1",
                "haha1.exe",
                "kwg2harh.exe",
                "e133aa73d59cc0a11766f2c75e04404b0db41c5de1b855bcfb2eef22d762117b-dropped.bin",
                "unknown",
                "Trojan-Dropper.Win32.VB.hgl",
                "742b5fba76cdbff0bac49e61f1f5fb67",
                "287d53bb478f3f04b2db1359c60e96667719858e",
                "aa",
                "W8xlmIsp.xlsb",
                "IdEfuX.rar"
            ],
            "sha1": "287d53bb478f3f04b2db1359c60e96667719858e",
            "tlsh": "T1E2931286928C0437C0814E7D1714579BE34BBA3722759B332C5C72CAEFB02599F9BB96",
            "sigma_analysis_stats": {
                "high": 1,
                "medium": 3,
                "critical": 0,
                "low": 3
            },
            "magic": "PE32 executable (GUI) Intel 80386, for MS Windows, UPX compressed",
            "detectiteasy": {
                "filetype": "PE32",
                "values": [
                    {
                        "info": "NRV,brute",
                        "version": "2.00",
                        "type": "Packer",
                        "name": "UPX"
                    },
                    {
                        "version": "6.0",
                        "type": "Compiler",
                        "name": "Microsoft Visual Basic"
                    },
                    {
                        "version": "6.0",
                        "type": "Linker",
                        "name": "Microsoft Linker"
                    }
                ]
            },
            "meaningful_name": "haha1.exe",
            "last_modification_date": 1746307680,
            "size": 93184,
            "sigma_analysis_summary": {
                "Sigma Integrated Rule Set (GitHub)": {
                    "high": 0,
                    "medium": 1,
                    "critical": 0,
                    "low": 3
                },
                "SOC Prime Threat Detection Marketplace": {
                    "high": 0,
                    "medium": 1,
                    "critical": 0,
                    "low": 0
                }
            },
            "packers": {
                "PEiD": "UPX 2.90 [LZMA] -> Markus Oberhumer, Laszlo Molnar & John Reiser",
                "F-PROT": "UPX",
                "Command": "UPX",
                "Cyren": "UPX",
                "Varist": "UPX"
            },
            "type_tags": [
                "executable",
                "windows",
                "win32",
                "pe",
                "peexe"
            ],
            "md5": "742b5fba76cdbff0bac49e61f1f5fb67",
            "popular_threat_classification": {
                "popular_threat_name": [
                    {
                        "count": 7,
                        "value": "blocker"
                    },
                    {
                        "count": 2,
                        "value": "bobes"
                    },
                    {
                        "count": 2,
                        "value": "hgcd"
                    }
                ],
                "suggested_threat_label": "trojan.blocker/bobes",
                "popular_threat_category": [
                    {
                        "count": 31,
                        "value": "trojan"
                    },
                    {
                        "count": 4,
                        "value": "ransomware"
                    },
                    {
                        "count": 3,
                        "value": "dropper"
                    }
                ]
            },
            "vhash": "09403e0f7d1bz4@z13z",
            "sigma_analysis_results": [
                {
                    "match_context": [
                        {
                            "values": {
                                "TerminalSessionId": "1",
                                "ProcessGuid": "{C784477D-811A-638C-CD05-000000004100}",
                                "ProcessId": "4896",
                                "Product": "Microsoft\\xae Windows\\xae Operating System",
                                "Description": "Windows host process (Rundll32)",
                                "Company": "Microsoft Corporation",
                                "ParentProcessGuid": "{C784477D-8118-638C-C905-000000004100}",
                                "User": "DESKTOP-B0T93D6\\george",
                                "Hashes": "MD5=D7CA562B0DB4F4DD0F03A89A1FDAD63D,SHA256=4E15AA13A02798E924C63537E458A09415C48DAE0E7AFD5A3D25532A2AA935EE,IMPHASH=BB17B2FBBFF4BBF5EBDCA7D0BB9E4A5B",
                                "OriginalFileName": "RUNDLL32.EXE",
                                "ParentImage": "C:\\Users\\george\\Desktop\\file.exe",
                                "FileVersion": "10.0.17134.1 (WinBuild.160101.0800)",
                                "ParentProcessId": "3140",
                                "CurrentDirectory": "C:\\Users\\george\\Desktop\\",
                                "CommandLine": "Rundll32.exe setupapi,InstallHinfSection DefaultInstall 128 C:\\Windows\\driver.inf",
                                "EventID": "1",
                                "LogonGuid": "C784477D-679F-6384-6CC5-020000000000",
                                "LogonId": "181612",
                                "Image": "C:\\Windows\\SysWOW64\\rundll32.exe",
                                "IntegrityLevel": "High",
                                "ParentCommandLine": "\"C:\\Users\\george\\Desktop\\file.exe\"",
                                "UtcTime": "1670152474",
                                "RuleName": "-"
                            }
                        }
                    ],
                    "rule_level": "high",
                    "rule_description": "Detects the execution of rundll32 with a command line that doesn't contain a .dll file",
                    "rule_source": "Sigma Integrated Rule Set (GitHub)",
                    "rule_title": "Rundll32 Execution Without DLL File",
                    "rule_id": "e7856bac967038b016efab8e4f315a2f16ccd6ba62f20d73df0ad3826fe654a3",
                    "rule_author": "Tim Shelton, Florian Roth, Yassine Oukessou (fix + fp)"
                },
                {
                    "match_context": [
                        {
                            "values": {
                                "EventID": "13",
                                "ProcessId": "3140",
                                "EventType": "SetValue",
                                "Image": "C:\\Users\\george\\Desktop\\file.exe",
                                "RuleName": "T1060,RunKey",
                                "UtcTime": "1670152475",
                                "Details": "C:\\Windows\\sxfdwe4h.exe",
                                "ProcessGuid": "{C784477D-8118-638C-C905-000000004100}",
                                "TargetObject": "HKLM\\SOFTWARE\\WOW6432Node\\Microsoft\\Windows\\CurrentVersion\\Run\\sdfdh234j"
                            }
                        }
                    ],
                    "rule_level": "medium",
                    "rule_description": "Detects modification of autostart extensibility point (ASEP) in registry.",
                    "rule_source": "Sigma Integrated Rule Set (GitHub)",
                    "rule_title": "Wow6432Node CurrentVersion Autorun Keys Modification",
                    "rule_id": "18842e32896dd83b8aca4d5e1ac78c1f66b1d252479c0023cdd02f108c42c8cd",
                    "rule_author": "Victor Sergeev, Daniil Yugoslavskiy, Gleb Sukhodolskiy, Timur Zinniatullin, oscd.community, Tim Shelton, frack113 (split)"
                },
                {
                    "match_context": [
                        {
                            "values": {
                                "TerminalSessionId": "1",
                                "ProcessGuid": "{C784477D-811A-638C-CD05-000000004100}",
                                "ProcessId": "4896",
                                "Product": "Microsoft\\xae Windows\\xae Operating System",
                                "Description": "Windows host process (Rundll32)",
                                "Company": "Microsoft Corporation",
                                "ParentProcessGuid": "{C784477D-8118-638C-C905-000000004100}",
                                "User": "DESKTOP-B0T93D6\\george",
                                "Hashes": "MD5=D7CA562B0DB4F4DD0F03A89A1FDAD63D,SHA256=4E15AA13A02798E924C63537E458A09415C48DAE0E7AFD5A3D25532A2AA935EE,IMPHASH=BB17B2FBBFF4BBF5EBDCA7D0BB9E4A5B",
                                "OriginalFileName": "RUNDLL32.EXE",
                                "ParentImage": "C:\\Users\\george\\Desktop\\file.exe",
                                "FileVersion": "10.0.17134.1 (WinBuild.160101.0800)",
                                "ParentProcessId": "3140",
                                "CurrentDirectory": "C:\\Users\\george\\Desktop\\",
                                "CommandLine": "Rundll32.exe setupapi,InstallHinfSection DefaultInstall 128 C:\\Windows\\driver.inf",
                                "EventID": "1",
                                "LogonGuid": "C784477D-679F-6384-6CC5-020000000000",
                                "LogonId": "181612",
                                "Image": "C:\\Windows\\SysWOW64\\rundll32.exe",
                                "IntegrityLevel": "High",
                                "ParentCommandLine": "\"C:\\Users\\george\\Desktop\\file.exe\"",
                                "UtcTime": "1670152474",
                                "RuleName": "-"
                            }
                        }
                    ],
                    "rule_level": "medium",
                    "rule_description": "Detects use of rundll32 as a LOLBAS binary where rundll32 is passed unexpected arguments such as a .iso instead of .dll (i.e. rundll32.exe test.iso, evilexport).",
                    "rule_source": "SOC Prime Threat Detection Marketplace",
                    "rule_title": "LOLBAS rundll32 without expected arguments (via cmdline)",
                    "rule_id": "2fd6d2b16365ba7157eee4934b406ac7d530b4ec62cc1b45c69ee4f07989f139",
                    "rule_author": "SOC Prime Team"
                },
                {
                    "match_context": [
                        {
                            "values": {
                                "TerminalSessionId": "1",
                                "ProcessGuid": "{C784477D-811B-638C-D005-000000004100}",
                                "ProcessId": "2616",
                                "Product": "Microsoft\\xae Windows\\xae Operating System",
                                "Description": "Service Control Manager Configuration Tool",
                                "Company": "Microsoft Corporation",
                                "ParentProcessGuid": "{C784477D-8118-638C-C905-000000004100}",
                                "User": "DESKTOP-B0T93D6\\george",
                                "Hashes": "MD5=24A3E2603E63BCB9695A2935D3B24695,SHA256=3047D5C22A245D1E4294FCD547EC5FB0F2E5EF030B764424ACC74E7744FBE32E,IMPHASH=B037D0ADB81BF9CFC651DE01742089F1",
                                "OriginalFileName": "sc.exe",
                                "ParentImage": "C:\\Users\\george\\Desktop\\file.exe",
                                "FileVersion": "10.0.17134.1 (WinBuild.160101.0800)",
                                "ParentProcessId": "3140",
                                "CurrentDirectory": "C:\\Users\\george\\Desktop\\",
                                "CommandLine": "sc config   \"Windows Firewall/Internet Connection Sharing (ICS)\" start= DISABLED",
                                "EventID": "1",
                                "LogonGuid": "C784477D-679F-6384-6CC5-020000000000",
                                "LogonId": "181612",
                                "Image": "C:\\Windows\\SysWOW64\\sc.exe",
                                "IntegrityLevel": "High",
                                "ParentCommandLine": "\"C:\\Users\\george\\Desktop\\file.exe\"",
                                "UtcTime": "1670152475",
                                "RuleName": "-"
                            }
                        },
                        {
                            "values": {
                                "TerminalSessionId": "1",
                                "ProcessGuid": "{C784477D-811B-638C-D405-000000004100}",
                                "ProcessId": "6972",
                                "Product": "Microsoft\\xae Windows\\xae Operating System",
                                "Description": "Service Control Manager Configuration Tool",
                                "Company": "Microsoft Corporation",
                                "ParentProcessGuid": "{C784477D-8118-638C-C905-000000004100}",
                                "User": "DESKTOP-B0T93D6\\george",
                                "Hashes": "MD5=24A3E2603E63BCB9695A2935D3B24695,SHA256=3047D5C22A245D1E4294FCD547EC5FB0F2E5EF030B764424ACC74E7744FBE32E,IMPHASH=B037D0ADB81BF9CFC651DE01742089F1",
                                "OriginalFileName": "sc.exe",
                                "ParentImage": "C:\\Users\\george\\Desktop\\file.exe",
                                "FileVersion": "10.0.17134.1 (WinBuild.160101.0800)",
                                "ParentProcessId": "3140",
                                "CurrentDirectory": "C:\\Users\\george\\Desktop\\",
                                "CommandLine": "sc config   sharedaccess start= DISABLED",
                                "EventID": "1",
                                "LogonGuid": "C784477D-679F-6384-6CC5-020000000000",
                                "LogonId": "181612",
                                "Image": "C:\\Windows\\SysWOW64\\sc.exe",
                                "IntegrityLevel": "High",
                                "ParentCommandLine": "\"C:\\Users\\george\\Desktop\\file.exe\"",
                                "UtcTime": "1670152475",
                                "RuleName": "-"
                            }
                        },
                        {
                            "values": {
                                "TerminalSessionId": "1",
                                "ProcessGuid": "{C784477D-811B-638C-D905-000000004100}",
                                "ProcessId": "80",
                                "Product": "Microsoft\\xae Windows\\xae Operating System",
                                "Description": "Service Control Manager Configuration Tool",
                                "Company": "Microsoft Corporation",
                                "ParentProcessGuid": "{C784477D-8118-638C-C905-000000004100}",
                                "User": "DESKTOP-B0T93D6\\george",
                                "Hashes": "MD5=24A3E2603E63BCB9695A2935D3B24695,SHA256=3047D5C22A245D1E4294FCD547EC5FB0F2E5EF030B764424ACC74E7744FBE32E,IMPHASH=B037D0ADB81BF9CFC651DE01742089F1",
                                "OriginalFileName": "sc.exe",
                                "ParentImage": "C:\\Users\\george\\Desktop\\file.exe",
                                "FileVersion": "10.0.17134.1 (WinBuild.160101.0800)",
                                "ParentProcessId": "3140",
                                "CurrentDirectory": "C:\\Users\\george\\Desktop\\",
                                "CommandLine": "sc config   \"System Restore Service\" start= DISABLED",
                                "EventID": "1",
                                "LogonGuid": "C784477D-679F-6384-6CC5-020000000000",
                                "LogonId": "181612",
                                "Image": "C:\\Windows\\SysWOW64\\sc.exe",
                                "IntegrityLevel": "High",
                                "ParentCommandLine": "\"C:\\Users\\george\\Desktop\\file.exe\"",
                                "UtcTime": "1670152475",
                                "RuleName": "-"
                            }
                        },
                        {
                            "values": {
                                "TerminalSessionId": "1",
                                "ProcessGuid": "{C784477D-811B-638C-DF05-000000004100}",
                                "ProcessId": "3648",
                                "Product": "Microsoft\\xae Windows\\xae Operating System",
                                "Description": "Service Control Manager Configuration Tool",
                                "Company": "Microsoft Corporation",
                                "ParentProcessGuid": "{C784477D-8118-638C-C905-000000004100}",
                                "User": "DESKTOP-B0T93D6\\george",
                                "Hashes": "MD5=24A3E2603E63BCB9695A2935D3B24695,SHA256=3047D5C22A245D1E4294FCD547EC5FB0F2E5EF030B764424ACC74E7744FBE32E,IMPHASH=B037D0ADB81BF9CFC651DE01742089F1",
                                "OriginalFileName": "sc.exe",
                                "ParentImage": "C:\\Users\\george\\Desktop\\file.exe",
                                "FileVersion": "10.0.17134.1 (WinBuild.160101.0800)",
                                "ParentProcessId": "3140",
                                "CurrentDirectory": "C:\\Users\\george\\Desktop\\",
                                "CommandLine": "sc config   \"TCP/IP NetBIOS Helper\" start= DISABLED",
                                "EventID": "1",
                                "LogonGuid": "C784477D-679F-6384-6CC5-020000000000",
                                "LogonId": "181612",
                                "Image": "C:\\Windows\\SysWOW64\\sc.exe",
                                "IntegrityLevel": "High",
                                "ParentCommandLine": "\"C:\\Users\\george\\Desktop\\file.exe\"",
                                "UtcTime": "1670152475",
                                "RuleName": "-"
                            }
                        },
                        {
                            "values": {
                                "TerminalSessionId": "1",
                                "ProcessGuid": "{C784477D-811C-638C-E505-000000004100}",
                                "ProcessId": "6624",
                                "Product": "Microsoft\\xae Windows\\xae Operating System",
                                "Description": "Service Control Manager Configuration Tool",
                                "Company": "Microsoft Corporation",
                                "ParentProcessGuid": "{C784477D-8118-638C-C905-000000004100}",
                                "User": "DESKTOP-B0T93D6\\george",
                                "Hashes": "MD5=24A3E2603E63BCB9695A2935D3B24695,SHA256=3047D5C22A245D1E4294FCD547EC5FB0F2E5EF030B764424ACC74E7744FBE32E,IMPHASH=B037D0ADB81BF9CFC651DE01742089F1",
                                "OriginalFileName": "sc.exe",
                                "ParentImage": "C:\\Users\\george\\Desktop\\file.exe",
                                "FileVersion": "10.0.17134.1 (WinBuild.160101.0800)",
                                "ParentProcessId": "3140",
                                "CurrentDirectory": "C:\\Users\\george\\Desktop\\",
                                "CommandLine": "sc config   \"Automatic Updates\" start= DISABLED",
                                "EventID": "1",
                                "LogonGuid": "C784477D-679F-6384-6CC5-020000000000",
                                "LogonId": "181612",
                                "Image": "C:\\Windows\\SysWOW64\\sc.exe",
                                "IntegrityLevel": "High",
                                "ParentCommandLine": "\"C:\\Users\\george\\Desktop\\file.exe\"",
                                "UtcTime": "1670152476",
                                "RuleName": "-"
                            }
                        }
                    ],
                    "rule_level": "medium",
                    "rule_description": "Detects when attackers use \"sc.exe\" or the powershell \"Set-Service\" cmdlet to change the startup type of a service to \"disabled\"",
                    "rule_source": "Sigma Integrated Rule Set (GitHub)",
                    "rule_title": "Sc Or Set-Service Cmdlet Execution to Disable Services",
                    "rule_id": "b55af83c751d2c7bca8dbba245a97017e34109bff34fd50b02f60a91111ea703",
                    "rule_author": "Nasreddine Bencherchali"
                },
                {
                    "match_context": [
                        {
                            "values": {
                                "TerminalSessionId": "1",
                                "ProcessGuid": "{C784477D-811B-638C-CF05-000000004100}",
                                "ProcessId": "2920",
                                "Product": "Microsoft\\xae Windows\\xae Operating System",
                                "Description": "Net Command",
                                "Company": "Microsoft Corporation",
                                "ParentProcessGuid": "{C784477D-8118-638C-C905-000000004100}",
                                "User": "DESKTOP-B0T93D6\\george",
                                "Hashes": "MD5=DD0561156F62BC1958CE0E370B23711B,SHA256=FD41D0261C6D22572DA448BCB5CBBB98F78A2922D1F1074D25237CC82C8CE432,IMPHASH=86350518EAE83E4A09BBF6317BA1C570",
                                "OriginalFileName": "net.exe",
                                "ParentImage": "C:\\Users\\george\\Desktop\\file.exe",
                                "FileVersion": "10.0.17134.1 (WinBuild.160101.0800)",
                                "ParentProcessId": "3140",
                                "CurrentDirectory": "C:\\Users\\george\\Desktop\\",
                                "CommandLine": "net.exe stop \"Windows Firewall/Internet Connection Sharing (ICS)\"",
                                "EventID": "1",
                                "LogonGuid": "C784477D-679F-6384-6CC5-020000000000",
                                "LogonId": "181612",
                                "Image": "C:\\Windows\\SysWOW64\\net.exe",
                                "IntegrityLevel": "High",
                                "ParentCommandLine": "\"C:\\Users\\george\\Desktop\\file.exe\"",
                                "UtcTime": "1670152475",
                                "RuleName": "-"
                            }
                        },
                        {
                            "values": {
                                "TerminalSessionId": "1",
                                "ProcessGuid": "{C784477D-811B-638C-D205-000000004100}",
                                "ProcessId": "6596",
                                "Product": "Microsoft\\xae Windows\\xae Operating System",
                                "Description": "Net Command",
                                "Company": "Microsoft Corporation",
                                "ParentProcessGuid": "{C784477D-8118-638C-C905-000000004100}",
                                "User": "DESKTOP-B0T93D6\\george",
                                "Hashes": "MD5=DD0561156F62BC1958CE0E370B23711B,SHA256=FD41D0261C6D22572DA448BCB5CBBB98F78A2922D1F1074D25237CC82C8CE432,IMPHASH=86350518EAE83E4A09BBF6317BA1C570",
                                "OriginalFileName": "net.exe",
                                "ParentImage": "C:\\Users\\george\\Desktop\\file.exe",
                                "FileVersion": "10.0.17134.1 (WinBuild.160101.0800)",
                                "ParentProcessId": "3140",
                                "CurrentDirectory": "C:\\Users\\george\\Desktop\\",
                                "CommandLine": "net.exe stop sharedaccess",
                                "EventID": "1",
                                "LogonGuid": "C784477D-679F-6384-6CC5-020000000000",
                                "LogonId": "181612",
                                "Image": "C:\\Windows\\SysWOW64\\net.exe",
                                "IntegrityLevel": "High",
                                "ParentCommandLine": "\"C:\\Users\\george\\Desktop\\file.exe\"",
                                "UtcTime": "1670152475",
                                "RuleName": "-"
                            }
                        },
                        {
                            "values": {
                                "TerminalSessionId": "1",
                                "ProcessGuid": "{C784477D-811B-638C-D605-000000004100}",
                                "ProcessId": "6488",
                                "Product": "Microsoft\\xae Windows\\xae Operating System",
                                "Description": "Net Command",
                                "Company": "Microsoft Corporation",
                                "ParentProcessGuid": "{C784477D-811B-638C-CF05-000000004100}",
                                "User": "DESKTOP-B0T93D6\\george",
                                "Hashes": "MD5=B5A26C2BF17222E86B91D26F1247AF3E,SHA256=14CC5BE4C833ACC652195DEAD113E1C3B4AC0B98EA1AEAD11957836F9AE721CF,IMPHASH=3D3E7537BD3BA07738DC5CA8AD01B073",
                                "OriginalFileName": "net1.exe",
                                "ParentImage": "C:\\Windows\\SysWOW64\\net.exe",
                                "FileVersion": "10.0.17134.1 (WinBuild.160101.0800)",
                                "ParentProcessId": "2920",
                                "CurrentDirectory": "C:\\Users\\george\\Desktop\\",
                                "CommandLine": "C:\\Windows\\system32\\net1 stop \"Windows Firewall/Internet Connection Sharing (ICS)\"",
                                "EventID": "1",
                                "LogonGuid": "C784477D-679F-6384-6CC5-020000000000",
                                "LogonId": "181612",
                                "Image": "C:\\Windows\\SysWOW64\\net1.exe",
                                "IntegrityLevel": "High",
                                "ParentCommandLine": "net.exe stop \"Windows Firewall/Internet Connection Sharing (ICS)\"",
                                "UtcTime": "1670152475",
                                "RuleName": "-"
                            }
                        },
                        {
                            "values": {
                                "TerminalSessionId": "1",
                                "ProcessGuid": "{C784477D-811B-638C-D705-000000004100}",
                                "ProcessId": "2180",
                                "Product": "Microsoft\\xae Windows\\xae Operating System",
                                "Description": "Net Command",
                                "Company": "Microsoft Corporation",
                                "ParentProcessGuid": "{C784477D-8118-638C-C905-000000004100}",
                                "User": "DESKTOP-B0T93D6\\george",
                                "Hashes": "MD5=DD0561156F62BC1958CE0E370B23711B,SHA256=FD41D0261C6D22572DA448BCB5CBBB98F78A2922D1F1074D25237CC82C8CE432,IMPHASH=86350518EAE83E4A09BBF6317BA1C570",
                                "OriginalFileName": "net.exe",
                                "ParentImage": "C:\\Users\\george\\Desktop\\file.exe",
                                "FileVersion": "10.0.17134.1 (WinBuild.160101.0800)",
                                "ParentProcessId": "3140",
                                "CurrentDirectory": "C:\\Users\\george\\Desktop\\",
                                "CommandLine": "net.exe stop \"System Restore Service\"",
                                "EventID": "1",
                                "LogonGuid": "C784477D-679F-6384-6CC5-020000000000",
                                "LogonId": "181612",
                                "Image": "C:\\Windows\\SysWOW64\\net.exe",
                                "IntegrityLevel": "High",
                                "ParentCommandLine": "\"C:\\Users\\george\\Desktop\\file.exe\"",
                                "UtcTime": "1670152475",
                                "RuleName": "-"
                            }
                        },
                        {
                            "values": {
                                "TerminalSessionId": "1",
                                "ProcessGuid": "{C784477D-811B-638C-DA05-000000004100}",
                                "ProcessId": "4200",
                                "Product": "Microsoft\\xae Windows\\xae Operating System",
                                "Description": "Net Command",
                                "Company": "Microsoft Corporation",
                                "ParentProcessGuid": "{C784477D-811B-638C-D205-000000004100}",
                                "User": "DESKTOP-B0T93D6\\george",
                                "Hashes": "MD5=B5A26C2BF17222E86B91D26F1247AF3E,SHA256=14CC5BE4C833ACC652195DEAD113E1C3B4AC0B98EA1AEAD11957836F9AE721CF,IMPHASH=3D3E7537BD3BA07738DC5CA8AD01B073",
                                "OriginalFileName": "net1.exe",
                                "ParentImage": "C:\\Windows\\SysWOW64\\net.exe",
                                "FileVersion": "10.0.17134.1 (WinBuild.160101.0800)",
                                "ParentProcessId": "6596",
                                "CurrentDirectory": "C:\\Users\\george\\Desktop\\",
                                "CommandLine": "C:\\Windows\\system32\\net1 stop sharedaccess",
                                "EventID": "1",
                                "LogonGuid": "C784477D-679F-6384-6CC5-020000000000",
                                "LogonId": "181612",
                                "Image": "C:\\Windows\\SysWOW64\\net1.exe",
                                "IntegrityLevel": "High",
                                "ParentCommandLine": "net.exe stop sharedaccess",
                                "UtcTime": "1670152475",
                                "RuleName": "-"
                            }
                        },
                        {
                            "values": {
                                "TerminalSessionId": "1",
                                "ProcessGuid": "{C784477D-811B-638C-DC05-000000004100}",
                                "ProcessId": "7140",
                                "Product": "Microsoft\\xae Windows\\xae Operating System",
                                "Description": "Net Command",
                                "Company": "Microsoft Corporation",
                                "ParentProcessGuid": "{C784477D-8118-638C-C905-000000004100}",
                                "User": "DESKTOP-B0T93D6\\george",
                                "Hashes": "MD5=DD0561156F62BC1958CE0E370B23711B,SHA256=FD41D0261C6D22572DA448BCB5CBBB98F78A2922D1F1074D25237CC82C8CE432,IMPHASH=86350518EAE83E4A09BBF6317BA1C570",
                                "OriginalFileName": "net.exe",
                                "ParentImage": "C:\\Users\\george\\Desktop\\file.exe",
                                "FileVersion": "10.0.17134.1 (WinBuild.160101.0800)",
                                "ParentProcessId": "3140",
                                "CurrentDirectory": "C:\\Users\\george\\Desktop\\",
                                "CommandLine": "net.exe stop \"TCP/IP NetBIOS Helper\"",
                                "EventID": "1",
                                "LogonGuid": "C784477D-679F-6384-6CC5-020000000000",
                                "LogonId": "181612",
                                "Image": "C:\\Windows\\SysWOW64\\net.exe",
                                "IntegrityLevel": "High",
                                "ParentCommandLine": "\"C:\\Users\\george\\Desktop\\file.exe\"",
                                "UtcTime": "1670152475",
                                "RuleName": "-"
                            }
                        },
                        {
                            "values": {
                                "TerminalSessionId": "1",
                                "ProcessGuid": "{C784477D-811C-638C-E105-000000004100}",
                                "ProcessId": "256",
                                "Product": "Microsoft\\xae Windows\\xae Operating System",
                                "Description": "Net Command",
                                "Company": "Microsoft Corporation",
                                "ParentProcessGuid": "{C784477D-811B-638C-D705-000000004100}",
                                "User": "DESKTOP-B0T93D6\\george",
                                "Hashes": "MD5=B5A26C2BF17222E86B91D26F1247AF3E,SHA256=14CC5BE4C833ACC652195DEAD113E1C3B4AC0B98EA1AEAD11957836F9AE721CF,IMPHASH=3D3E7537BD3BA07738DC5CA8AD01B073",
                                "OriginalFileName": "net1.exe",
                                "ParentImage": "C:\\Windows\\SysWOW64\\net.exe",
                                "FileVersion": "10.0.17134.1 (WinBuild.160101.0800)",
                                "ParentProcessId": "2180",
                                "CurrentDirectory": "C:\\Users\\george\\Desktop\\",
                                "CommandLine": "C:\\Windows\\system32\\net1 stop \"System Restore Service\"",
                                "EventID": "1",
                                "LogonGuid": "C784477D-679F-6384-6CC5-020000000000",
                                "LogonId": "181612",
                                "Image": "C:\\Windows\\SysWOW64\\net1.exe",
                                "IntegrityLevel": "High",
                                "ParentCommandLine": "net.exe stop \"System Restore Service\"",
                                "UtcTime": "1670152476",
                                "RuleName": "-"
                            }
                        },
                        {
                            "values": {
                                "TerminalSessionId": "1",
                                "ProcessGuid": "{C784477D-811C-638C-E205-000000004100}",
                                "ProcessId": "2696",
                                "Product": "Microsoft\\xae Windows\\xae Operating System",
                                "Description": "Net Command",
                                "Company": "Microsoft Corporation",
                                "ParentProcessGuid": "{C784477D-8118-638C-C905-000000004100}",
                                "User": "DESKTOP-B0T93D6\\george",
                                "Hashes": "MD5=DD0561156F62BC1958CE0E370B23711B,SHA256=FD41D0261C6D22572DA448BCB5CBBB98F78A2922D1F1074D25237CC82C8CE432,IMPHASH=86350518EAE83E4A09BBF6317BA1C570",
                                "OriginalFileName": "net.exe",
                                "ParentImage": "C:\\Users\\george\\Desktop\\file.exe",
                                "FileVersion": "10.0.17134.1 (WinBuild.160101.0800)",
                                "ParentProcessId": "3140",
                                "CurrentDirectory": "C:\\Users\\george\\Desktop\\",
                                "CommandLine": "net.exe stop \"Automatic Updates\"",
                                "EventID": "1",
                                "LogonGuid": "C784477D-679F-6384-6CC5-020000000000",
                                "LogonId": "181612",
                                "Image": "C:\\Windows\\SysWOW64\\net.exe",
                                "IntegrityLevel": "High",
                                "ParentCommandLine": "\"C:\\Users\\george\\Desktop\\file.exe\"",
                                "UtcTime": "1670152476",
                                "RuleName": "-"
                            }
                        },
                        {
                            "values": {
                                "TerminalSessionId": "1",
                                "ProcessGuid": "{C784477D-811C-638C-E705-000000004100}",
                                "ProcessId": "6024",
                                "Product": "Microsoft\\xae Windows\\xae Operating System",
                                "Description": "Net Command",
                                "Company": "Microsoft Corporation",
                                "ParentProcessGuid": "{C784477D-811B-638C-DC05-000000004100}",
                                "User": "DESKTOP-B0T93D6\\george",
                                "Hashes": "MD5=B5A26C2BF17222E86B91D26F1247AF3E,SHA256=14CC5BE4C833ACC652195DEAD113E1C3B4AC0B98EA1AEAD11957836F9AE721CF,IMPHASH=3D3E7537BD3BA07738DC5CA8AD01B073",
                                "OriginalFileName": "net1.exe",
                                "ParentImage": "C:\\Windows\\SysWOW64\\net.exe",
                                "FileVersion": "10.0.17134.1 (WinBuild.160101.0800)",
                                "ParentProcessId": "7140",
                                "CurrentDirectory": "C:\\Users\\george\\Desktop\\",
                                "CommandLine": "C:\\Windows\\system32\\net1 stop \"TCP/IP NetBIOS Helper\"",
                                "EventID": "1",
                                "LogonGuid": "C784477D-679F-6384-6CC5-020000000000",
                                "LogonId": "181612",
                                "Image": "C:\\Windows\\SysWOW64\\net1.exe",
                                "IntegrityLevel": "High",
                                "ParentCommandLine": "net.exe stop \"TCP/IP NetBIOS Helper\"",
                                "UtcTime": "1670152476",
                                "RuleName": "-"
                            }
                        },
                        {
                            "values": {
                                "TerminalSessionId": "1",
                                "ProcessGuid": "{C784477D-811C-638C-E905-000000004100}",
                                "ProcessId": "3160",
                                "Product": "Microsoft\\xae Windows\\xae Operating System",
                                "Description": "Net Command",
                                "Company": "Microsoft Corporation",
                                "ParentProcessGuid": "{C784477D-811C-638C-E205-000000004100}",
                                "User": "DESKTOP-B0T93D6\\george",
                                "Hashes": "MD5=B5A26C2BF17222E86B91D26F1247AF3E,SHA256=14CC5BE4C833ACC652195DEAD113E1C3B4AC0B98EA1AEAD11957836F9AE721CF,IMPHASH=3D3E7537BD3BA07738DC5CA8AD01B073",
                                "OriginalFileName": "net1.exe",
                                "ParentImage": "C:\\Windows\\SysWOW64\\net.exe",
                                "FileVersion": "10.0.17134.1 (WinBuild.160101.0800)",
                                "ParentProcessId": "2696",
                                "CurrentDirectory": "C:\\Users\\george\\Desktop\\",
                                "CommandLine": "C:\\Windows\\system32\\net1 stop \"Automatic Updates\"",
                                "EventID": "1",
                                "LogonGuid": "C784477D-679F-6384-6CC5-020000000000",
                                "LogonId": "181612",
                                "Image": "C:\\Windows\\SysWOW64\\net1.exe",
                                "IntegrityLevel": "High",
                                "ParentCommandLine": "net.exe stop \"Automatic Updates\"",
                                "UtcTime": "1670152476",
                                "RuleName": "-"
                            }
                        }
                    ],
                    "rule_level": "low",
                    "rule_description": "Detects a windows service to be stopped",
                    "rule_source": "Sigma Integrated Rule Set (GitHub)",
                    "rule_title": "Stop Windows Service",
                    "rule_id": "9afc79c8a56e6e5c4cbd55d203a7dce8efc4ed28aa315b736c842a88b1d3dd0e",
                    "rule_author": "Jakob Weinzettl, oscd.community, Nasreddine Bencherchali"
                },
                {
                    "match_context": [
                        {
                            "values": {
                                "EventID": "11",
                                "ProcessId": "3140",
                                "Image": "C:\\Users\\george\\Desktop\\file.exe",
                                "ProcessGuid": "{C784477D-8118-638C-C905-000000004100}",
                                "CreationUtcTime": "1670152473",
                                "UtcTime": "1670152473",
                                "RuleName": "EXE",
                                "TargetFilename": "C:\\Windows\\sxfdwe4h.exe"
                            }
                        },
                        {
                            "values": {
                                "EventID": "11",
                                "ProcessId": "3140",
                                "Image": "C:\\Users\\george\\Desktop\\file.exe",
                                "RuleName": "EXE",
                                "CreationUtcTime": "1670152473",
                                "UtcTime": "1670152473",
                                "ProcessGuid": "{C784477D-8118-638C-C905-000000004100}",
                                "TargetFilename": "C:\\Windows\\kwg2harh.exe"
                            }
                        }
                    ],
                    "rule_level": "low",
                    "rule_description": "Detects the creation of an executable by another executable",
                    "rule_source": "Sigma Integrated Rule Set (GitHub)",
                    "rule_title": "Creation of an Executable by an Executable",
                    "rule_id": "b5386a23355681c43cfbd2f2ccfe4b16ed45324d0d7b5583487a9f302ee1e427",
                    "rule_author": "frack113"
                },
                {
                    "match_context": [
                        {
                            "values": {
                                "TerminalSessionId": "1",
                                "ProcessGuid": "{C784477D-811B-638C-CF05-000000004100}",
                                "ProcessId": "2920",
                                "Product": "Microsoft\\xae Windows\\xae Operating System",
                                "Description": "Net Command",
                                "Company": "Microsoft Corporation",
                                "ParentProcessGuid": "{C784477D-8118-638C-C905-000000004100}",
                                "User": "DESKTOP-B0T93D6\\george",
                                "Hashes": "MD5=DD0561156F62BC1958CE0E370B23711B,SHA256=FD41D0261C6D22572DA448BCB5CBBB98F78A2922D1F1074D25237CC82C8CE432,IMPHASH=86350518EAE83E4A09BBF6317BA1C570",
                                "OriginalFileName": "net.exe",
                                "ParentImage": "C:\\Users\\george\\Desktop\\file.exe",
                                "FileVersion": "10.0.17134.1 (WinBuild.160101.0800)",
                                "ParentProcessId": "3140",
                                "CurrentDirectory": "C:\\Users\\george\\Desktop\\",
                                "CommandLine": "net.exe stop \"Windows Firewall/Internet Connection Sharing (ICS)\"",
                                "EventID": "1",
                                "LogonGuid": "C784477D-679F-6384-6CC5-020000000000",
                                "LogonId": "181612",
                                "Image": "C:\\Windows\\SysWOW64\\net.exe",
                                "IntegrityLevel": "High",
                                "ParentCommandLine": "\"C:\\Users\\george\\Desktop\\file.exe\"",
                                "UtcTime": "1670152475",
                                "RuleName": "-"
                            }
                        },
                        {
                            "values": {
                                "TerminalSessionId": "1",
                                "ProcessGuid": "{C784477D-811B-638C-D205-000000004100}",
                                "ProcessId": "6596",
                                "Product": "Microsoft\\xae Windows\\xae Operating System",
                                "Description": "Net Command",
                                "Company": "Microsoft Corporation",
                                "ParentProcessGuid": "{C784477D-8118-638C-C905-000000004100}",
                                "User": "DESKTOP-B0T93D6\\george",
                                "Hashes": "MD5=DD0561156F62BC1958CE0E370B23711B,SHA256=FD41D0261C6D22572DA448BCB5CBBB98F78A2922D1F1074D25237CC82C8CE432,IMPHASH=86350518EAE83E4A09BBF6317BA1C570",
                                "OriginalFileName": "net.exe",
                                "ParentImage": "C:\\Users\\george\\Desktop\\file.exe",
                                "FileVersion": "10.0.17134.1 (WinBuild.160101.0800)",
                                "ParentProcessId": "3140",
                                "CurrentDirectory": "C:\\Users\\george\\Desktop\\",
                                "CommandLine": "net.exe stop sharedaccess",
                                "EventID": "1",
                                "LogonGuid": "C784477D-679F-6384-6CC5-020000000000",
                                "LogonId": "181612",
                                "Image": "C:\\Windows\\SysWOW64\\net.exe",
                                "IntegrityLevel": "High",
                                "ParentCommandLine": "\"C:\\Users\\george\\Desktop\\file.exe\"",
                                "UtcTime": "1670152475",
                                "RuleName": "-"
                            }
                        },
                        {
                            "values": {
                                "TerminalSessionId": "1",
                                "ProcessGuid": "{C784477D-811B-638C-D605-000000004100}",
                                "ProcessId": "6488",
                                "Product": "Microsoft\\xae Windows\\xae Operating System",
                                "Description": "Net Command",
                                "Company": "Microsoft Corporation",
                                "ParentProcessGuid": "{C784477D-811B-638C-CF05-000000004100}",
                                "User": "DESKTOP-B0T93D6\\george",
                                "Hashes": "MD5=B5A26C2BF17222E86B91D26F1247AF3E,SHA256=14CC5BE4C833ACC652195DEAD113E1C3B4AC0B98EA1AEAD11957836F9AE721CF,IMPHASH=3D3E7537BD3BA07738DC5CA8AD01B073",
                                "OriginalFileName": "net1.exe",
                                "ParentImage": "C:\\Windows\\SysWOW64\\net.exe",
                                "FileVersion": "10.0.17134.1 (WinBuild.160101.0800)",
                                "ParentProcessId": "2920",
                                "CurrentDirectory": "C:\\Users\\george\\Desktop\\",
                                "CommandLine": "C:\\Windows\\system32\\net1 stop \"Windows Firewall/Internet Connection Sharing (ICS)\"",
                                "EventID": "1",
                                "LogonGuid": "C784477D-679F-6384-6CC5-020000000000",
                                "LogonId": "181612",
                                "Image": "C:\\Windows\\SysWOW64\\net1.exe",
                                "IntegrityLevel": "High",
                                "ParentCommandLine": "net.exe stop \"Windows Firewall/Internet Connection Sharing (ICS)\"",
                                "UtcTime": "1670152475",
                                "RuleName": "-"
                            }
                        },
