                        {
                            "values": {
                                "EventID": "13",
                                "ProcessId": "6168",
                                "EventType": "SetValue",
                                "Image": "C:\\Program Files (x86)\\YBzRpDAgdDNahLXyYVsXdblxPbyazKyzvanSTHZEyqxFQQHPzYh\\lfmdhIxGAPVPdDN.exe",
                                "ProcessGuid": "{C784477D-0CC3-638D-D205-000000004100}",
                                "UtcTime": "1670188323",
                                "Details": "\"C:\\ProgramData\\Firefox\\59k1q9qy313s.exe\"",
                                "RuleName": "T1060,RunKey",
                                "TargetObject": "HKU\\S-1-5-21-1015118539-3749460369-599379286-1001\\Software\\Microsoft\\Windows\\CurrentVersion\\Run\\Firefox"
                            }
                        },
                        {
                            "values": {
                                "EventID": "13",
                                "ProcessId": "6168",
                                "EventType": "SetValue",
                                "Image": "C:\\Program Files (x86)\\YBzRpDAgdDNahLXyYVsXdblxPbyazKyzvanSTHZEyqxFQQHPzYh\\lfmdhIxGAPVPdDN.exe",
                                "ProcessGuid": "{C784477D-0CC3-638D-D205-000000004100}",
                                "UtcTime": "1670188326",
                                "Details": "\"C:\\ProgramData\\Firefox\\59k1q9qy313s.exe\"",
                                "RuleName": "T1060,RunKey",
                                "TargetObject": "HKU\\S-1-5-21-1015118539-3749460369-599379286-1001\\Software\\Microsoft\\Windows\\CurrentVersion\\Run\\Firefox"
                            }
                        },
                        {
                            "values": {
                                "EventID": "13",
                                "ProcessId": "4820",
                                "EventType": "SetValue",
                                "Image": "C:\\Windows\\SysWOW64\\msiexec.exe",
                                "RuleName": "T1060,RunKey",
                                "UtcTime": "1670188327",
                                "Details": "\"C:\\ProgramData\\Firefox\\59k1q9qy313s.exe\"",
                                "ProcessGuid": "{C784477D-0CF7-638D-0506-000000004100}",
                                "TargetObject": "HKU\\S-1-5-21-1015118539-3749460369-599379286-1001\\Software\\Microsoft\\Windows\\CurrentVersion\\Run\\Firefox"
                            }
                        },
                        {
                            "values": {
                                "EventID": "13",
                                "ProcessId": "6168",
                                "EventType": "SetValue",
                                "Image": "C:\\Program Files (x86)\\YBzRpDAgdDNahLXyYVsXdblxPbyazKyzvanSTHZEyqxFQQHPzYh\\lfmdhIxGAPVPdDN.exe",
                                "RuleName": "T1060,RunKey",
                                "UtcTime": "1670188330",
                                "Details": "\"C:\\ProgramData\\Firefox\\59k1q9qy313s.exe\"",
                                "ProcessGuid": "{C784477D-0CC3-638D-D205-000000004100}",
                                "TargetObject": "HKU\\S-1-5-21-1015118539-3749460369-599379286-1001\\Software\\Microsoft\\Windows\\CurrentVersion\\Run\\Firefox"
                            }
                        },
                        {
                            "values": {
                                "EventID": "13",
                                "ProcessId": "4820",
                                "EventType": "SetValue",
                                "Image": "C:\\Windows\\SysWOW64\\msiexec.exe",
                                "ProcessGuid": "{C784477D-0CF7-638D-0506-000000004100}",
                                "UtcTime": "1670188330",
                                "Details": "\"C:\\ProgramData\\Firefox\\59k1q9qy313s.exe\"",
                                "RuleName": "T1060,RunKey",
                                "TargetObject": "HKU\\S-1-5-21-1015118539-3749460369-599379286-1001\\Software\\Microsoft\\Windows\\CurrentVersion\\Run\\Firefox"
                            }
                        },
                        {
                            "values": {
                                "EventID": "13",
                                "ProcessId": "4820",
                                "EventType": "SetValue",
                                "Image": "C:\\Windows\\SysWOW64\\msiexec.exe",
                                "ProcessGuid": "{C784477D-0CF7-638D-0506-000000004100}",
                                "UtcTime": "1670188334",
                                "Details": "\"C:\\ProgramData\\Firefox\\59k1q9qy313s.exe\"",
                                "RuleName": "T1060,RunKey",
                                "TargetObject": "HKU\\S-1-5-21-1015118539-3749460369-599379286-1001\\Software\\Microsoft\\Windows\\CurrentVersion\\Run\\Firefox"
                            }
                        },
                        {
                            "values": {
                                "EventID": "13",
                                "ProcessId": "6168",
                                "EventType": "SetValue",
                                "Image": "C:\\Program Files (x86)\\YBzRpDAgdDNahLXyYVsXdblxPbyazKyzvanSTHZEyqxFQQHPzYh\\lfmdhIxGAPVPdDN.exe",
                                "RuleName": "T1060,RunKey",
                                "UtcTime": "1670188334",
                                "Details": "\"C:\\ProgramData\\Firefox\\59k1q9qy313s.exe\"",
                                "ProcessGuid": "{C784477D-0CC3-638D-D205-000000004100}",
                                "TargetObject": "HKU\\S-1-5-21-1015118539-3749460369-599379286-1001\\Software\\Microsoft\\Windows\\CurrentVersion\\Run\\Firefox"
                            }
                        },
                        {
                            "values": {
                                "EventID": "13",
                                "ProcessId": "6168",
                                "EventType": "SetValue",
                                "Image": "C:\\Program Files (x86)\\YBzRpDAgdDNahLXyYVsXdblxPbyazKyzvanSTHZEyqxFQQHPzYh\\lfmdhIxGAPVPdDN.exe",
                                "ProcessGuid": "{C784477D-0CC3-638D-D205-000000004100}",
                                "UtcTime": "1670188337",
                                "Details": "\"C:\\ProgramData\\Firefox\\59k1q9qy313s.exe\"",
                                "RuleName": "T1060,RunKey",
                                "TargetObject": "HKU\\S-1-5-21-1015118539-3749460369-599379286-1001\\Software\\Microsoft\\Windows\\CurrentVersion\\Run\\Firefox"
                            }
                        },
                        {
                            "values": {
                                "EventID": "13",
                                "ProcessId": "4820",
                                "EventType": "SetValue",
                                "Image": "C:\\Windows\\SysWOW64\\msiexec.exe",
                                "ProcessGuid": "{C784477D-0CF7-638D-0506-000000004100}",
                                "UtcTime": "1670188337",
                                "Details": "\"C:\\ProgramData\\Firefox\\59k1q9qy313s.exe\"",
                                "RuleName": "T1060,RunKey",
                                "TargetObject": "HKU\\S-1-5-21-1015118539-3749460369-599379286-1001\\Software\\Microsoft\\Windows\\CurrentVersion\\Run\\Firefox"
                            }
                        }
                    ],
                    "rule_level": "medium",
                    "rule_description": "Detects modification of autostart extensibility point (ASEP) in registry.",
                    "rule_source": "Sigma Integrated Rule Set (GitHub)",
                    "rule_title": "CurrentVersion Autorun Keys Modification",
                    "rule_id": "8b5db9da5732dc549b0e8b56fe5933d7c95ed760f3ac20568ab95347ef8c5bcc",
                    "rule_author": "Victor Sergeev, Daniil Yugoslavskiy, Gleb Sukhodolskiy, Timur Zinniatullin, oscd.community, Tim Shelton, frack113 (split)"
                }
            ],
            "last_submission_date": 1670188186,
            "sha256": "e2783463e8f7cb96909e10704b9267e283213a457a3ad248e239e3b3de4ebe0f",
            "times_submitted": 18,
            "magic": "PE32 executable (GUI) Intel 80386, for MS Windows",
            "sha1": "c544c88de43d1bdc1c84b9388c17a001b26aa9b7",
            "type_tags": [
                "executable",
                "windows",
                "win32",
                "pe",
                "peexe"
            ],
            "sandbox_verdicts": {
                "Zenbox": {
                    "category": "malicious",
                    "confidence": 100,
                    "sandbox_name": "Zenbox",
                    "malware_classification": [
                        "MALWARE",
                        "PHISHING",
                        "TROJAN",
                        "EVADER"
                    ],
                    "malware_names": [
                        "Betabot"
                    ]
                }
            },
            "pe_info": {
                "timestamp": 1493701185,
                "imphash": "bf94232a37dad2784452de873a535711",
                "machine_type": 332,
                "entry_point": 71377,
                "resource_details": [
                    {
                        "lang": "NEUTRAL",
                        "chi2": 2643.43,
                        "filetype": "unknown",
                        "entropy": 7.9905619621276855,
                        "sha256": "df380622c2f9256178e158aecfb8446cde60161bf93e5cf689dcad68421b8d71",
                        "type": "BIN"
                    },
                    {
                        "lang": "ENGLISH US",
                        "chi2": 48765.54,
                        "filetype": "unknown",
                        "entropy": 3.2981557846069336,
                        "sha256": "dc48270379b64c2ca1a770f8607a9d69da27c29408f94bd7ba9bc4eb720f8f4f",
                        "type": "RT_BITMAP"
                    },
                    {
                        "lang": "ENGLISH US",
                        "chi2": 207149.48,
                        "filetype": "unknown",
                        "entropy": 5.023919582366943,
                        "sha256": "07a2652a2f608e903fc67412771927aabfa1ef5c3ab22dc96f7a60d42e4b06e8",
                        "type": "RT_BITMAP"
                    },
                    {
                        "lang": "ENGLISH US",
                        "chi2": 10158.07,
                        "filetype": "unknown",
                        "entropy": 2.955402374267578,
                        "sha256": "dc4dc8f213e21d2985bb377b61035490ba1cae83f15bc40e30f50e8140109f6a",
                        "type": "RT_BITMAP"
                    },
                    {
                        "lang": "ENGLISH US",
                        "chi2": 13233.98,
                        "filetype": "unknown",
                        "entropy": 5.127056121826172,
                        "sha256": "dfde3089b7459c26de4649d31d9dc385ccde63775cdc08ee5e3e972165b3f2d8",
                        "type": "RT_BITMAP"
                    },
                    {
                        "lang": "ENGLISH US",
                        "chi2": 17968.18,
                        "filetype": "unknown",
                        "entropy": 3.08512020111084,
                        "sha256": "243b55b06507d1c7b5b2fe5975023d6fc32f1daa5eaa48c71692d829e022b6f8",
                        "type": "RT_BITMAP"
                    },
                    {
                        "lang": "ENGLISH US",
                        "chi2": 74456.91,
                        "filetype": "unknown",
                        "entropy": 3.409438133239746,
                        "sha256": "2fb23a4428d820b185b29404581c9ba4014ca20566349e71c36e283a55340b65",
                        "type": "RT_BITMAP"
                    },
                    {
                        "lang": "ENGLISH US",
                        "chi2": 15222.62,
                        "filetype": "unknown",
                        "entropy": 3.575702667236328,
                        "sha256": "4cca353db109c6dfdf93888e56a9dafcd14e5c9f1eb47af72ae2658832ff7b73",
                        "type": "RT_BITMAP"
                    },
                    {
                        "lang": "ENGLISH US",
                        "chi2": 54763.69,
                        "filetype": "unknown",
                        "entropy": 5.554186820983887,
                        "sha256": "50ba82e8ef70f4399bf05d26e1492138acdc293e1f687ae6be2b861d35ba1a83",
                        "type": "RT_BITMAP"
                    },
                    {
                        "lang": "ENGLISH US",
                        "chi2": 44000.27,
                        "filetype": "unknown",
                        "entropy": 3.831666946411133,
                        "sha256": "ed38d61b27419e4c1341aff0fbd5cf131006c272b9504ef2ddf9961b0d8ea9f2",
                        "type": "RT_BITMAP"
                    },
                    {
                        "lang": "ENGLISH US",
                        "chi2": 235830.62,
                        "filetype": "unknown",
                        "entropy": 4.63870906829834,
                        "sha256": "b457b78934fa849da894313c6084b065d50f5dbd64cbb902deec0970931c6379",
                        "type": "RT_BITMAP"
                    },
                    {
                        "lang": "ENGLISH US",
                        "chi2": 126067.36,
                        "filetype": "unknown",
                        "entropy": 4.226160049438477,
                        "sha256": "d780e5f7078b56b481a7991e077dae744a987133598ee6bcd2ee7744a37bf5fc",
                        "type": "RT_BITMAP"
                    },
                    {
                        "lang": "ENGLISH US",
                        "chi2": 708129.69,
                        "filetype": "unknown",
                        "entropy": 5.437727451324463,
                        "sha256": "f98d4a8f4966a5921e8b7799ee1fa6353ac6e9a7874aaa0f52bf876309220793",
                        "type": "RT_BITMAP"
                    },
                    {
                        "lang": "ENGLISH US",
                        "chi2": 43036.98,
                        "filetype": "unknown",
                        "entropy": 2.676076650619507,
                        "sha256": "78d3b86d81eb6ac505ed7c1dc19c68558be0800268de9a1531b678ad823db9e9",
                        "type": "RT_BITMAP"
                    },
                    {
                        "lang": "ENGLISH US",
                        "chi2": 270446.03,
                        "filetype": "unknown",
                        "entropy": 3.4625415802001953,
                        "sha256": "1bb565e67857fcb12a7cd3f2affb30c4337e8928b624c023b3c844fc20aa9c71",
                        "type": "RT_BITMAP"
                    },
                    {
                        "lang": "NEUTRAL",
                        "chi2": 98091.49,
                        "filetype": "unknown",
                        "entropy": 4.443283557891846,
                        "sha256": "4122fb27af54a71409321668716a0dfd2101a2f4e0cf822c86e734de2170919c",
                        "type": "RT_ICON"
                    },
                    {
                        "lang": "ENGLISH US",
                        "chi2": 8366.15,
                        "filetype": "unknown",
                        "entropy": 2.9608278274536133,
                        "sha256": "f438356ccdb69bdadd0391f3d7cb628f14fc8c42359f39ad6fd2f4a8890fa476",
                        "type": "RT_MENU"
                    },
                    {
                        "lang": "ENGLISH US",
                        "chi2": 63023.85,
                        "filetype": "unknown",
                        "entropy": 3.4319522380828857,
                        "sha256": "b6a9fcf2dded96259dfc213ba0e2692d165d5078877599417378c39f72ec8ba2",
                        "type": "RT_MENU"
                    },
                    {
                        "lang": "ENGLISH US",
                        "chi2": 86595.52,
                        "filetype": "unknown",
                        "entropy": 3.472538948059082,
                        "sha256": "f707151834feb70006a12d56ac4c4a33bd55e6181820837bf5f97313759e19f4",
                        "type": "RT_MENU"
                    },
                    {
                        "lang": "ENGLISH US",
                        "chi2": 13741.33,
                        "filetype": "unknown",
                        "entropy": 2.959123134613037,
                        "sha256": "56806155183f079b594258b2db7d7e668759384ad71630a518bd2e590887f731",
                        "type": "RT_MENU"
                    },
                    {
                        "lang": "ENGLISH US",
                        "chi2": 20867.95,
                        "filetype": "unknown",
                        "entropy": 2.87358021736145,
                        "sha256": "4e91db6f1d9fe640ed3016aa6002a127b0565f2bb8c98437e57b4e3c398fe8db",
                        "type": "RT_MENU"
                    },
                    {
                        "lang": "ENGLISH US",
                        "chi2": 7412.27,
                        "filetype": "unknown",
                        "entropy": 2.539268732070923,
                        "sha256": "1a9c4db19c8979c1600fc58a24d680c9872446db8ef6cdb3baffa02e63d73c09",
                        "type": "RT_MENU"
                    },
                    {
                        "lang": "ENGLISH US",
                        "chi2": 20011.25,
                        "filetype": "unknown",
                        "entropy": 3.131591558456421,
                        "sha256": "accd9487abe9096da43c52e619a11877205b8498110dc449c5dc9223155fab8a",
                        "type": "RT_MENU"
                    },
                    {
                        "lang": "ENGLISH US",
                        "chi2": 28464.92,
                        "filetype": "unknown",
                        "entropy": 3.2087011337280273,
                        "sha256": "b48cac4aa9769e0af5eb34ebc9d042254c525d9c3ca0da3a5c82934913e63810",
                        "type": "RT_DIALOG"
                    },
                    {
                        "lang": "ENGLISH US",
                        "chi2": 17550.71,
                        "filetype": "unknown",
                        "entropy": 2.740294933319092,
                        "sha256": "3856f393ba317a34b02313c28b73b72d37056f19962903934c63d3d3bae83f3d",
                        "type": "RT_STRING"
                    },
                    {
                        "lang": "ENGLISH US",
                        "chi2": 9706.67,
                        "filetype": "unknown",
                        "entropy": 2.55706524848938,
                        "sha256": "7711d15c821b2e1503674ce00201e2b37cf0f798a91b39059607b4a0b8dc9c2f",
                        "type": "RT_STRING"
                    },
                    {
                        "lang": "ENGLISH US",
                        "chi2": 20775.67,
                        "filetype": "unknown",
                        "entropy": 2.8490030765533447,
                        "sha256": "b8c68ccd44a1e6d7c6ad14ec613be41eeaa7c67a1e35e7a8ac104d09b1ee14c3",
                        "type": "RT_STRING"
                    },
                    {
                        "lang": "ENGLISH US",
                        "chi2": 10107.88,
                        "filetype": "unknown",
                        "entropy": 2.538228750228882,
                        "sha256": "4df611244f068707b4b6582e202338c69ae7b939139f5e8bffaec12661feb96b",
                        "type": "RT_STRING"
                    },
                    {
                        "lang": "ENGLISH US",
                        "chi2": 7935.73,
                        "filetype": "unknown",
                        "entropy": 1.884734034538269,
                        "sha256": "bbeedfa01ba29e19dd9aaf72fe71e45e0462e0530c14fc181947afc4cc9f681a",
                        "type": "RT_STRING"
                    },
                    {
                        "lang": "ENGLISH US",
                        "chi2": 8090.28,
                        "filetype": "unknown",
                        "entropy": 1.6916884183883667,
                        "sha256": "974600cd69d54f485ced007bb6bc31f1007d52a7e54e96018d4e166c2d7331a9",
                        "type": "RT_STRING"
                    },
                    {
                        "lang": "ENGLISH US",
                        "chi2": 9193.89,
                        "filetype": "unknown",
                        "entropy": 2.117234945297241,
                        "sha256": "de7f95923cf08466ecbcdbbc0a6b933eca1f7b083c9b3d872d06f1d39eef42a3",
                        "type": "RT_STRING"
                    },
                    {
                        "lang": "ENGLISH US",
                        "chi2": 53683.02,
                        "filetype": "unknown",
                        "entropy": 3.190573215484619,
                        "sha256": "b312cefe74a9950c4bd5b092024279a843f7aace962bc8776ab36c14234974e9",
                        "type": "RT_STRING"
                    },
                    {
                        "lang": "ENGLISH US",
                        "chi2": 41214.3,
                        "filetype": "unknown",
                        "entropy": 2.9134371280670166,
                        "sha256": "3205d9d8683ecd9998428a442a3b721cc7d7ce8d4e4c31063f02d99791dc28d0",
                        "type": "RT_STRING"
                    },
                    {
                        "lang": "ENGLISH US",
                        "chi2": 55396.03,
                        "filetype": "unknown",
                        "entropy": 3.199612617492676,
                        "sha256": "fc3f6f769e88ce894bba9f4078aaea4a47db8284f3fafb6ff844f8a5406feaba",
                        "type": "RT_STRING"
                    },
                    {
                        "lang": "ENGLISH US",
                        "chi2": 44932.01,
                        "filetype": "unknown",
                        "entropy": 3.1480188369750977,
                        "sha256": "037d278a2fd218fdc53acb609b840b64c1512caef97e6dba2c809ac931539826",
                        "type": "RT_STRING"
                    },
                    {
                        "lang": "ENGLISH US",
                        "chi2": 21027.03,
                        "filetype": "unknown",
                        "entropy": 2.9904301166534424,
                        "sha256": "5b8e0bfb7c789c6bfdc4be2af9f36346c0e41e7ad22c8edcc661af0e8b53dbd2",
                        "type": "RT_STRING"
                    },
                    {
                        "lang": "ENGLISH US",
                        "chi2": 18246.88,
                        "filetype": "unknown",
                        "entropy": 2.8355727195739746,
                        "sha256": "f4d2054bad5a30d07ffde08fafdf7a0deed4e343526816a67ecbbd068b84ad81",
                        "type": "RT_STRING"
                    },
                    {
                        "lang": "ENGLISH US",
                        "chi2": 7551.49,
                        "filetype": "unknown",
                        "entropy": 2.2685282230377197,
                        "sha256": "6d40d478a6995ce29a9efc17d38ec7fc52fd4ed780839cad672b6ba16030540d",
                        "type": "RT_STRING"
                    },
                    {
                        "lang": "ENGLISH US",
                        "chi2": 12325.48,
                        "filetype": "unknown",
                        "entropy": 2.4727206230163574,
                        "sha256": "ec629625cc485da12c496b28b8c03363dd6a88808e29b58fd9c4078fc60b00a6",
                        "type": "RT_STRING"
                    },
                    {
                        "lang": "ENGLISH US",
                        "chi2": 36189.33,
                        "filetype": "unknown",
                        "entropy": 3.0477657318115234,
                        "sha256": "0cce65df387f67147c75ac921bc6512fb5fc8dc86d3a60a2e0c2ba2d4845539b",
                        "type": "RT_STRING"
                    },
                    {
                        "lang": "ENGLISH US",
                        "chi2": 15085.96,
                        "filetype": "unknown",
                        "entropy": 2.7729454040527344,
                        "sha256": "1981ad13f198af2761bff700f4efe7ec35f717041f9290b5005a22a07c6b45d9",
                        "type": "RT_STRING"
                    },
                    {
                        "lang": "ENGLISH US",
                        "chi2": 11572.91,
                        "filetype": "unknown",
                        "entropy": 2.415804386138916,
                        "sha256": "d58fea393ada33c30f54d3247427f89677bb0793708600807e47132fc3972059",
                        "type": "RT_STRING"
                    },
                    {
                        "lang": "ENGLISH US",
                        "chi2": 8061.72,
                        "filetype": "unknown",
                        "entropy": 2.9474713802337646,
                        "sha256": "6913343cd8c147d53027bf3e8693e6553c4eab0e623a65e0b96e7c2179558f9a",
                        "type": "RT_ACCELERATOR"
                    },
                    {
                        "lang": "NEUTRAL",
                        "chi2": 1797.6,
                        "filetype": "ICO",
                        "entropy": 2.0192408561706543,
                        "sha256": "b0ee9e42ec70639b887b2d26eddbf152418a8f750c39bf626a5a9c1732cfd128",
                        "type": "RT_GROUP_ICON"
                    },
                    {
                        "lang": "ENGLISH US",
                        "chi2": 65470.68,
                        "filetype": "unknown",
                        "entropy": 3.4727885723114014,
                        "sha256": "ba8d54bc3ddb29e35523e1ec4771509277b62fc879ad568fa25f89fb28faaa0f",
                        "type": "RT_VERSION"
                    },
                    {
                        "lang": "ENGLISH US",
                        "chi2": 6304.11,
                        "filetype": "unknown",
                        "entropy": 5.049326419830322,
                        "sha256": "707a2e45d9f38fa15b86f604f9bb8cb32ae863dabdd2bb1547a144969c9a9522",
                        "type": "RT_MANIFEST"
                    },
                    {
                        "lang": "ENGLISH US",
                        "chi2": 1416.57,
                        "filetype": "unknown",
                        "entropy": 2.8598792552948,
                        "sha256": "4a9ddd567a13d9d147d000cc776815a583857849927d8fd91b8a4d73c9a5433d",
                        "type": "Struct(241)"
                    },
                    {
                        "lang": "ENGLISH US",
                        "chi2": 809.2,
                        "filetype": "unknown",
                        "entropy": 1.9609639644622803,
                        "sha256": "16a29c38182b89dea99c1596950bd360e4ee808a060e210577a0e0bc0b045078",
                        "type": "Struct(241)"
                    },
                    {
                        "lang": "ENGLISH US",
                        "chi2": 884.0,
                        "filetype": "unknown",
                        "entropy": 2.2924811840057373,
                        "sha256": "fd86765d040257a9a906b571a19b804b0d9b95f0427470a295e4074e68062832",
                        "type": "Struct(241)"
                    },
                    {
                        "lang": "ENGLISH US",
                        "chi2": 1549.39,
                        "filetype": "unknown",
                        "entropy": 2.968918561935425,
                        "sha256": "7abd55169cf301846b88a44381f54ff529cc9be1bbd1d5d1abe81f147d9ee7c6",
                        "type": "Struct(241)"
                    },
                    {
                        "lang": "ENGLISH US",
                        "chi2": 1136.0,
                        "filetype": "unknown",
                        "entropy": 2.5,
                        "sha256": "e2327e56c9f7873432dc8ccc123cd291fd471e06058630fef1e44d1a8e1bc9f1",
                        "type": "Struct(241)"
                    }
                ],
                "resource_langs": {
                    "NEUTRAL": 3,
                    "ENGLISH US": 49
                },
                "resource_types": {
                    "BIN": 1,
                    "RT_DIALOG": 1,
                    "RT_ICON": 1,
                    "Struct(241)": 6,
                    "RT_MANIFEST": 1,
                    "RT_STRING": 18,
                    "RT_MENU": 7,
                    "RT_ACCELERATOR": 1,
                    "RT_BITMAP": 14,
                    "RT_VERSION": 1,
                    "RT_GROUP_ICON": 1
                },
                "sections": [
                    {
                        "name": ".textbss",
                        "chi2": -1.0,
                        "virtual_address": 4096,
                        "entropy": 0.0,
                        "raw_size": 0,
                        "flags": "rwx",
                        "virtual_size": 65536,
                        "md5": "d41d8cd98f00b204e9800998ecf8427e"
                    },
                    {
                        "name": ".text",
                        "chi2": 1726093.12,
                        "virtual_address": 69632,
                        "entropy": 5.79,
                        "raw_size": 99328,
                        "flags": "rx",
                        "virtual_size": 99288,
                        "md5": "7b88abe733120928efba953020d039a1"
                    },
                    {
                        "name": ".rdata",
                        "chi2": 2060606.0,
                        "virtual_address": 172032,
                        "entropy": 3.41,
                        "raw_size": 20992,
                        "flags": "r",
                        "virtual_size": 20735,
                        "md5": "b1862e89fee102d89420187e67ec961b"
                    },
                    {
                        "name": ".data",
                        "chi2": 839140.75,
                        "virtual_address": 196608,
                        "entropy": 1.98,
                        "raw_size": 5120,
                        "flags": "rw",
                        "virtual_size": 14008,
                        "md5": "4571c519e17a9715b05d5875df4d1b66"
                    },
                    {
                        "name": ".idata",
                        "chi2": 111652.33,
                        "virtual_address": 212992,
                        "entropy": 4.49,
                        "raw_size": 3072,
                        "flags": "rw",
                        "virtual_size": 2948,
                        "md5": "93f30399b5db65039e9d4e0345b0ecd3"
                    },
                    {
                        "name": ".rsrc",
                        "chi2": 301701.69,
                        "virtual_address": 217088,
                        "entropy": 7.71,
                        "raw_size": 265216,
                        "flags": "r",
                        "virtual_size": 264832,
                        "md5": "f078373c92c041f9bafce43c9ea01974"
                    },
                    {
                        "name": ".reloc",
                        "chi2": 182853.53,
                        "virtual_address": 483328,
                        "entropy": 5.17,
                        "raw_size": 5120,
                        "flags": "r",
                        "virtual_size": 4636,
                        "md5": "6a4ab89a891f6388a9d98c9a645ccae3"
                    }
                ],
                "compiler_product_versions": [
                    "[IMP] VS2008 SP1 build 30729 count=3",
                    "[---] Unmarked objects count=86",
                    "[ASM] VS2010 SP1 build 40219 count=14",
                    "[ C ] VS2010 SP1 build 40219 count=85",
                    "[C++] VS2010 SP1 build 40219 count=30",
                    "[RES] VS2010 SP1 build 40219 count=1",
                    "[---] Resource count=1",
                    "[LNK] VS2010 SP1 build 40219 count=1"
                ],
                "rich_pe_header_hash": "e6dfaead2270f59eda23e1fa2c7dffe2",
                "import_list": [
                    {
                        "library_name": "KERNEL32.dll",
                        "imported_functions": [
                            "CloseHandle",
                            "CreateFileW",
                            "DecodePointer",
                            "DeleteCriticalSection",
                            "EncodePointer",
                            "EnterCriticalSection",
                            "EnumSystemLocalesA",
                            "ExitProcess",
                            "FatalAppExitA",
                            "FindResourceA",
                            "FlushFileBuffers",
                            "FreeEnvironmentStringsW",
                            "FreeLibrary",
                            "GetACP",
                            "GetCommandLineA",
                            "GetConsoleCP",
                            "GetConsoleMode",
                            "GetCPInfo",
                            "GetCurrentProcess",
                            "GetCurrentProcessId",
                            "GetCurrentThread",
                            "GetCurrentThreadId",
                            "GetEnvironmentStringsW",
                            "GetFileType",
                            "GetLastError",
                            "GetLocaleInfoA",
                            "GetLocaleInfoW",
                            "GetModuleFileNameA",
                            "GetModuleFileNameW",
                            "GetModuleHandleA",
                            "GetModuleHandleW",
                            "GetOEMCP",
                            "GetProcAddress",
                            "GetProcessHeap",
                            "GetStartupInfoW",
                            "GetStdHandle",
                            "GetStringTypeW",
                            "GetSystemTimeAsFileTime",
                            "GetTickCount",
                            "GetUserDefaultLCID",
                            "HeapAlloc",
                            "HeapCreate",
                            "HeapDestroy",
                            "HeapFree",
                            "HeapReAlloc",
                            "HeapSetInformation",
                            "HeapSize",
                            "InitializeCriticalSectionAndSpinCount",
                            "InterlockedDecrement",
                            "InterlockedExchange",
                            "InterlockedIncrement",
                            "IsDebuggerPresent",
                            "IsProcessorFeaturePresent",
                            "IsValidCodePage",
                            "IsValidLocale",
                            "LCMapStringW",
                            "LeaveCriticalSection",
                            "LoadLibraryW",
                            "LoadResource",
                            "LockResource",
                            "lstrlenA",
                            "MultiByteToWideChar",
                            "QueryPerformanceCounter",
                            "RaiseException",
                            "ResumeThread",
                            "RtlUnwind",
                            "SetConsoleCtrlHandler",
                            "SetFilePointer",
                            "SetHandleCount",
                            "SetLastError",
                            "SetStdHandle",
                            "SetThreadContext",
                            "SetUnhandledExceptionFilter",
                            "SizeofResource",
                            "Sleep",
                            "TerminateProcess",
                            "TlsAlloc",
                            "TlsFree",
                            "TlsGetValue",
                            "TlsSetValue",
                            "UnhandledExceptionFilter",
                            "VirtualAlloc",
                            "VirtualQuery",
                            "WideCharToMultiByte",
                            "WriteConsoleW",
                            "WriteFile"
                        ]
                    }
                ]
            },
            "sigma_analysis_stats": {
                "high": 0,
                "medium": 2,
                "critical": 0,
                "low": 0
            },
            "ssdeep": "6144:DofYeJkT2yc3CK+T256ghw1Hn/4wyZ6TbGMG9wr5d+8W:DreJkT2yc3Cnu6ghy/4wmybG4re8W",
            "size": 399872,
            "tlsh": "T1F884C0112E9D4431E85E3178CDDA87AD053A7C64BB22D9EB5AD632EFC9347C19A3031E",
            "detectiteasy": {
                "filetype": "PE32",
                "values": [
                    {
                        "info": "C++",
                        "version": "16.00.40219",
                        "type": "Compiler",
                        "name": "Microsoft Visual C/C++"
                    },
                    {
                        "version": "10.00.40219",
                        "type": "Linker",
                        "name": "Microsoft Linker"
                    },
                    {
                        "version": "2010",
                        "type": "Tool",
                        "name": "Visual Studio"
                    }
                ]
            }
        }
    }
}