{
    "data": {
        "id": "e4c2e0af462ebf12b716b52c681648d465f6245ec0ac12d92d909ca59662477b",
        "type": "file",
        "links": {
            "self": "https://www.virustotal.com/api/v3/files/e4c2e0af462ebf12b716b52c681648d465f6245ec0ac12d92d909ca59662477b"
        },
        "attributes": {
            "tlsh": "T130D68C546670A31CFB8D77F005DFEE3D47E06E7226748E8389E2B270297E9356E05226",
            "dot_net_assembly": {
                "entry_point_token": 100663305,
                "metadata_header_rva": 9919040,
                "assembly_name": "Windows 10 Update Registration Program.exe",
                "resources_va": 0,
                "assembly_flags": 9,
                "strongname_va": 128,
                "external_assemblies": {
                    "mscorlib": {
                        "version": "4.0.0.0"
                    },
                    "System": {
                        "version": "4.0.0.0"
                    },
                    "System.ServiceProcess": {
                        "version": "4.0.0.0"
                    },
                    "System.Windows.Forms": {
                        "version": "4.0.0.0"
                    }
                },
                "clr_meta_version": "1.1",
                "tables_present": 23,
                "entry_point_rva": 0,
                "tables_rows_map": "153e03404202309f1b101020000101101332001004000008010",
                "assembly_flags_txt": "COMIMAGE_FLAGS_ILONLY, COMIMAGE_FLAGS_STRONGNAMESIGNED",
                "external_modules": [
                    "user32.dll"
                ],
                "streams": {
                    "#~": {
                        "chi2": 105220.046875,
                        "size": 3568,
                        "entropy": 5.3740644454956055,
                        "md5": "7557fd3d8f6468695c3ac9c7d8c4fe93"
                    },
                    "#Strings": {
                        "chi2": 72164.3203125,
                        "size": 6644,
                        "entropy": 4.961363792419434,
                        "md5": "e7f649ec0b546d87c4715efc0f6b8347"
                    },
                    "#GUID": {
                        "chi2": 240.0,
                        "size": 16,
                        "entropy": 4.0,
                        "md5": "938ee3c831ecdc031147daeacee725fb"
                    },
                    "#Blob": {
                        "chi2": 13127.513671875,
                        "size": 1328,
                        "entropy": 5.385837554931641,
                        "md5": "962686b6d9e2b66ba30c8fbe0965d685"
                    }
                },
                "tables_present_map": "a093da2bd57",
                "clr_version": "v4.0.30319",
                "assembly_data": {
                    "majorversion": 0,
                    "minorversion": 0,
                    "hashalgid": 32772,
                    "flags_text": "afPublicKey ",
                    "buildnumber": 0,
                    "flags": 1,
                    "revisionnumber": 0,
                    "name": "Windows 10 Update Registration Program"
                },
                "tables_rows_map_log": "48688794644744445544564",
                "unmanaged_methods": {
                    "user32.dll": [
                        "SystemParametersInfo",
                        "AddClipboardFormatListener",
                        "SetParent"
                    ]
                },
                "type_definition_list": [
                    {
                        "namespace": "System",
                        "type_definitions": [
                            "DateTime",
                            "Exception",
                            "Object",
                            "Random",
                            "ValueType",
                            "String",
                            "Environment",
                            "IntPtr",
                            "Char",
                            "IDisposable",
                            "Convert",
                            "Action`1",
                            "Byte",
                            "Array",
                            "RuntimeFieldHandle",
                            "Predicate`1",
                            "AppDomain"
                        ]
                    },
                    {
                        "namespace": "System.Text.RegularExpressions",
                        "type_definitions": [
                            "Regex",
                            "Match",
                            "Group"
                        ]
                    },
                    {
                        "namespace": "System.Collections.Generic",
                        "type_definitions": [
                            "List`1",
                            "IEnumerable`1"
                        ]
                    },
                    {
                        "namespace": "System.Threading",
                        "type_definitions": [
                            "ThreadStart",
                            "Thread",
                            "ApartmentState"
                        ]
                    },
                    {
                        "namespace": "System.Windows.Forms",
                        "type_definitions": [
                            "Form",
                            "Message",
                            "CreateParams",
                            "MessageBox",
                            "DialogResult",
                            "Application",
                            "InputLanguage",
                            "Control",
                            "Clipboard"
                        ]
                    },
                    {
                        "namespace": "System.Runtime.CompilerServices",
                        "type_definitions": [
                            "CompilationRelaxationsAttribute",
                            "RuntimeCompatibilityAttribute",
                            "CompilerGeneratedAttribute",
                            "RuntimeHelpers"
                        ]
                    },
                    {
                        "namespace": "System.Diagnostics",
                        "type_definitions": [
                            "DebuggableAttribute",
                            "Process",
                            "ProcessModuleCollection",
                            "ProcessModule",
                            "ProcessStartInfo",
                            "ProcessWindowStyle"
                        ]
                    },
                    {
                        "namespace": "System.Globalization",
                        "type_definitions": [
                            "CultureInfo"
                        ]
                    },
                    {
                        "namespace": "System.Reflection",
                        "type_definitions": [
                            "Assembly"
                        ]
                    },
                    {
                        "namespace": "System.IO",
                        "type_definitions": [
                            "Path",
                            "Directory",
                            "FileStream",
                            "StreamWriter",
                            "FileMode",
                            "Stream",
                            "FileAccess",
                            "TextWriter",
                            "File",
                            "FileShare",
                            "DriveInfo",
                            "DirectoryInfo",
                            "FileSystemInfo",
                            "FileInfo",
                            "FileAttributes"
                        ]
                    },
                    {
                        "namespace": "uncategorized",
                        "type_definitions": [
                            "SpecialFolder"
                        ]
                    },
                    {
                        "namespace": "Microsoft.Win32",
                        "type_definitions": [
                            "RegistryKey",
                            "Registry"
                        ]
                    },
                    {
                        "namespace": "System.Text",
                        "type_definitions": [
                            "StringBuilder",
                            "Encoding"
                        ]
                    },
                    {
                        "namespace": "System.Threading.Tasks",
                        "type_definitions": [
                            "Parallel",
                            "ParallelLoopResult"
                        ]
                    },
                    {
                        "namespace": "System.Security.Cryptography",
                        "type_definitions": [
                            "RijndaelManaged",
                            "Rfc2898DeriveBytes",
                            "CryptoStream",
                            "SymmetricAlgorithm",
                            "PaddingMode",
                            "DeriveBytes",
                            "CipherMode",
                            "ICryptoTransform",
                            "CryptoStreamMode",
                            "RNGCryptoServiceProvider",
                            "RandomNumberGenerator",
                            "RSACryptoServiceProvider",
                            "AsymmetricAlgorithm"
                        ]
                    },
                    {
                        "namespace": "System.ComponentModel",
                        "type_definitions": [
                            "Win32Exception"
                        ]
                    },
                    {
                        "namespace": "System.ServiceProcess",
                        "type_definitions": [
                            "ServiceController"
                        ]
                    }
                ],
                "unmanaged_method_list": [
                    {
                        "name": "user32.dll",
                        "methods": [
                            "SystemParametersInfo",
                            "AddClipboardFormatListener",
                            "SetParent"
                        ]
                    }
                ]
            },
            "type_tag": "peexe",
            "first_seen_itw_date": 1678392000,
            "type_description": "Win32 EXE",
            "ssdeep": "98304:fJ9Zmv/ZqkoVzxO0ubAlVDZgh9okQ472cltn82+AxS4Q:fJ9ZAxqNVM0NVlACkQQO2j",
            "reputation": -135,
            "md5": "afa9d7c88c28e9b8cca140413cfb32e4",
            "total_votes": {
                "harmless": 0,
                "malicious": 6
            },
            "signature_info": {
                "file version": "10.0.19041.1023 (WinBuild.160101.0800)",
                "description": "Windows Assistive Technology Manager",
                "original name": "ATBroker.exe",
                "product": "Microsoft\u00ae Windows\u00ae Operating System",
                "copyright": "\u00a9 Microsoft Corporation. All rights reserved.",
                "internal name": "ATBroker.exe"
            },
            "sigma_analysis_results": [
                {
                    "rule_level": "high",
                    "rule_id": "25fc56c1bee673d7ff3edcf371e4d2a36c0af83222da348961b87735c8efa61f",
                    "rule_source": "Sigma Integrated Rule Set (GitHub)",
                    "rule_title": "System File Execution Location Anomaly",
                    "rule_description": "Detects a Windows program executable started from a suspicious folder",
                    "rule_author": "Florian Roth (Nextron Systems), Patrick Bareiss, Anton Kutepov, oscd.community, Nasreddine Bencherchali",
                    "match_context": [
                        {
                            "values": {
                                "TerminalSessionId": "1",
                                "ProcessGuid": "{C784477D-D890-63FD-780A-000000004A00}",
                                "ProcessId": "3512",
                                "Product": "Microsoft\\xae Windows\\xae Operating System",
                                "Description": "Windows Assistive Technology Manager",
                                "Company": "Microsoft Corporation",
                                "ParentProcessGuid": "{C784477D-A79F-63FC-8000-000000004A00}",
                                "User": "DESKTOP-B0T93D6\\george",
                                "Hashes": "MD5=AFA9D7C88C28E9B8CCA140413CFB32E4,SHA256=E4C2E0AF462EBF12B716B52C681648D465F6245EC0AC12D92D909CA59662477B,IMPHASH=F34D5F2D4577ED6D9CEEC516C1F5A744",
                                "OriginalFileName": "ATBroker.exe",
                                "ParentImage": "C:\\Windows\\explorer.exe",
                                "FileVersion": "10.0.19041.1023 (WinBuild.160101.0800)",
                                "ParentProcessId": "4728",
                                "CurrentDirectory": "C:\\Users\\george\\Desktop\\",
                                "CommandLine": "\"C:\\Users\\george\\Desktop\\ATBroker.exe\"",
                                "EventID": "1",
                                "LogonGuid": "C784477D-A79E-63FC-082E-040000000000",
                                "LogonId": "273928",
                                "Image": "C:\\Users\\george\\Desktop\\ATBroker.exe",
                                "IntegrityLevel": "High",
                                "ParentCommandLine": "C:\\Windows\\Explorer.EXE",
                                "UtcTime": "1677580432",
                                "RuleName": "-"
                            }
                        },
                        {
                            "values": {
                                "TerminalSessionId": "1",
                                "ProcessGuid": "{C784477D-D8CC-63FD-7E0A-000000004A00}",
                                "ProcessId": "4468",
                                "Product": "Microsoft\\xae Windows\\xae Operating System",
                                "Description": "Windows Assistive Technology Manager",
                                "Company": "Microsoft Corporation",
                                "ParentProcessGuid": "{C784477D-D890-63FD-780A-000000004A00}",
                                "User": "DESKTOP-B0T93D6\\george",
                                "Hashes": "MD5=AFA9D7C88C28E9B8CCA140413CFB32E4,SHA256=E4C2E0AF462EBF12B716B52C681648D465F6245EC0AC12D92D909CA59662477B,IMPHASH=F34D5F2D4577ED6D9CEEC516C1F5A744",
                                "OriginalFileName": "ATBroker.exe",
                                "ParentImage": "C:\\Users\\george\\Desktop\\ATBroker.exe",
                                "FileVersion": "10.0.19041.1023 (WinBuild.160101.0800)",
                                "ParentProcessId": "3512",
                                "CurrentDirectory": "C:\\Users\\george\\AppData\\Roaming\\",
                                "CommandLine": "\"C:\\Users\\george\\AppData\\Roaming\\svchost.exe\" ",
                                "EventID": "1",
                                "LogonGuid": "C784477D-A79E-63FC-082E-040000000000",
                                "LogonId": "273928",
                                "Image": "C:\\Users\\george\\AppData\\Roaming\\svchost.exe",
                                "IntegrityLevel": "High",
                                "ParentCommandLine": "\"C:\\Users\\george\\Desktop\\ATBroker.exe\"",
                                "UtcTime": "1677580492",
                                "RuleName": "-"
                            }
                        },
                        {
                            "values": {
                                "TerminalSessionId": "1",
                                "ProcessGuid": "{C784477D-D900-63FD-830A-000000004A00}",
                                "ProcessId": "5892",
                                "Product": "Microsoft\\xae Windows\\xae Operating System",
                                "Description": "Windows Assistive Technology Manager",
                                "Company": "Microsoft Corporation",
                                "ParentProcessGuid": "{C784477D-A79F-63FC-8000-000000004A00}",
                                "User": "DESKTOP-B0T93D6\\george",
                                "Hashes": "MD5=AFA9D7C88C28E9B8CCA140413CFB32E4,SHA256=E4C2E0AF462EBF12B716B52C681648D465F6245EC0AC12D92D909CA59662477B,IMPHASH=F34D5F2D4577ED6D9CEEC516C1F5A744",
                                "OriginalFileName": "ATBroker.exe",
                                "ParentImage": "C:\\Windows\\explorer.exe",
                                "FileVersion": "10.0.19041.1023 (WinBuild.160101.0800)",
                                "ParentProcessId": "4728",
                                "CurrentDirectory": "C:\\Users\\george\\AppData\\Roaming\\",
                                "CommandLine": "\"C:\\Users\\george\\AppData\\Roaming\\svchost.exe\" ",
                                "EventID": "1",
                                "LogonGuid": "C784477D-A79E-63FC-082E-040000000000",
                                "LogonId": "273928",
                                "Image": "C:\\Users\\george\\AppData\\Roaming\\svchost.exe",
                                "IntegrityLevel": "High",
                                "ParentCommandLine": "C:\\Windows\\Explorer.EXE",
                                "UtcTime": "1677580544",
                                "RuleName": "-"
                            }
                        },
                        {
                            "values": {
                                "TerminalSessionId": "1",
                                "ProcessGuid": "{C784477D-D908-63FD-840A-000000004A00}",
                                "ProcessId": "6680",
                                "Product": "Microsoft\\xae Windows\\xae Operating System",
                                "Description": "Windows Assistive Technology Manager",
                                "Company": "Microsoft Corporation",
                                "ParentProcessGuid": "{C784477D-A79F-63FC-8000-000000004A00}",
                                "User": "DESKTOP-B0T93D6\\george",
                                "Hashes": "MD5=AFA9D7C88C28E9B8CCA140413CFB32E4,SHA256=E4C2E0AF462EBF12B716B52C681648D465F6245EC0AC12D92D909CA59662477B,IMPHASH=F34D5F2D4577ED6D9CEEC516C1F5A744",
                                "OriginalFileName": "ATBroker.exe",
                                "ParentImage": "C:\\Windows\\explorer.exe",
                                "FileVersion": "10.0.19041.1023 (WinBuild.160101.0800)",
                                "ParentProcessId": "4728",
                                "CurrentDirectory": "C:\\Users\\george\\AppData\\Roaming\\",
                                "CommandLine": "\"C:\\Users\\george\\AppData\\Roaming\\svchost.exe\" ",
                                "EventID": "1",
                                "LogonGuid": "C784477D-A79E-63FC-082E-040000000000",
                                "LogonId": "273928",
                                "Image": "C:\\Users\\george\\AppData\\Roaming\\svchost.exe",
                                "IntegrityLevel": "High",
                                "ParentCommandLine": "C:\\Windows\\Explorer.EXE",
                                "UtcTime": "1677580552",
                                "RuleName": "-"
                            }
                        },
                        {
                            "values": {
                                "Hashes": "MD5=AFA9D7C88C28E9B8CCA140413CFB32E4,SHA256=E4C2E0AF462EBF12B716B52C681648D465F6245EC0AC12D92D909CA59662477B,IMPHASH=F34D5F2D4577ED6D9CEEC516C1F5A744",
                                "CurrentDirectory": "C:\\Users\\Bruno\\AppData\\Roaming\\",
                                "OriginalFileName": "ATBroker.exe",
                                "Product": "Microsoft\\xae Windows\\xae Operating System",
                                "Description": "Windows Assistive Technology Manager",
                                "EventID": "1",
                                "ParentCommandLine": "\"C:\\Users\\Bruno\\AppData\\Local\\Temp\\ATBroker.exe\" ",
                                "CommandLine": "\"C:\\Users\\Bruno\\AppData\\Roaming\\svchost.exe\" ",
                                "FileVersion": "10.0.19041.1023 (WinBuild.160101.0800)",
                                "ParentImage": "C:\\Users\\Bruno\\AppData\\Local\\Temp\\ATBroker.exe",
                                "IntegrityLevel": "High",
                                "Image": "C:\\Users\\Bruno\\AppData\\Roaming\\svchost.exe",
                                "Company": "Microsoft Corporation"
                            }
                        }
                    ]
                },
                {
                    "rule_level": "high",
                    "rule_id": "a0daa529834b3c5230b4524da005a6b6503e7cb061e298a8f74e0dc1fee0a008",
                    "rule_source": "Sigma Integrated Rule Set (GitHub)",
                    "rule_title": "Suspicious Svchost Process",
                    "rule_description": "Detects a suspicious svchost process start",
                    "rule_author": "Florian Roth (Nextron Systems)",
                    "match_context": [
                        {
                            "values": {
                                "TerminalSessionId": "1",
                                "ProcessGuid": "{C784477D-D8CC-63FD-7E0A-000000004A00}",
                                "ProcessId": "4468",
                                "Product": "Microsoft\\xae Windows\\xae Operating System",
                                "Description": "Windows Assistive Technology Manager",
                                "Company": "Microsoft Corporation",
                                "ParentProcessGuid": "{C784477D-D890-63FD-780A-000000004A00}",
                                "User": "DESKTOP-B0T93D6\\george",
                                "Hashes": "MD5=AFA9D7C88C28E9B8CCA140413CFB32E4,SHA256=E4C2E0AF462EBF12B716B52C681648D465F6245EC0AC12D92D909CA59662477B,IMPHASH=F34D5F2D4577ED6D9CEEC516C1F5A744",
                                "OriginalFileName": "ATBroker.exe",
                                "ParentImage": "C:\\Users\\george\\Desktop\\ATBroker.exe",
                                "FileVersion": "10.0.19041.1023 (WinBuild.160101.0800)",
                                "ParentProcessId": "3512",
                                "CurrentDirectory": "C:\\Users\\george\\AppData\\Roaming\\",
                                "CommandLine": "\"C:\\Users\\george\\AppData\\Roaming\\svchost.exe\" ",
                                "EventID": "1",
                                "LogonGuid": "C784477D-A79E-63FC-082E-040000000000",
                                "LogonId": "273928",
                                "Image": "C:\\Users\\george\\AppData\\Roaming\\svchost.exe",
                                "IntegrityLevel": "High",
                                "ParentCommandLine": "\"C:\\Users\\george\\Desktop\\ATBroker.exe\"",
                                "UtcTime": "1677580492",
                                "RuleName": "-"
                            }
                        },
                        {
                            "values": {
                                "TerminalSessionId": "1",
                                "ProcessGuid": "{C784477D-D900-63FD-830A-000000004A00}",
                                "ProcessId": "5892",
                                "Product": "Microsoft\\xae Windows\\xae Operating System",
                                "Description": "Windows Assistive Technology Manager",
                                "Company": "Microsoft Corporation",
                                "ParentProcessGuid": "{C784477D-A79F-63FC-8000-000000004A00}",
                                "User": "DESKTOP-B0T93D6\\george",
                                "Hashes": "MD5=AFA9D7C88C28E9B8CCA140413CFB32E4,SHA256=E4C2E0AF462EBF12B716B52C681648D465F6245EC0AC12D92D909CA59662477B,IMPHASH=F34D5F2D4577ED6D9CEEC516C1F5A744",
                                "OriginalFileName": "ATBroker.exe",
                                "ParentImage": "C:\\Windows\\explorer.exe",
                                "FileVersion": "10.0.19041.1023 (WinBuild.160101.0800)",
                                "ParentProcessId": "4728",
                                "CurrentDirectory": "C:\\Users\\george\\AppData\\Roaming\\",
                                "CommandLine": "\"C:\\Users\\george\\AppData\\Roaming\\svchost.exe\" ",
                                "EventID": "1",
                                "LogonGuid": "C784477D-A79E-63FC-082E-040000000000",
                                "LogonId": "273928",
                                "Image": "C:\\Users\\george\\AppData\\Roaming\\svchost.exe",
                                "IntegrityLevel": "High",
                                "ParentCommandLine": "C:\\Windows\\Explorer.EXE",
                                "UtcTime": "1677580544",
                                "RuleName": "-"
                            }
                        },
                        {
                            "values": {
                                "TerminalSessionId": "1",
                                "ProcessGuid": "{C784477D-D908-63FD-840A-000000004A00}",
                                "ProcessId": "6680",
                                "Product": "Microsoft\\xae Windows\\xae Operating System",
                                "Description": "Windows Assistive Technology Manager",
                                "Company": "Microsoft Corporation",
                                "ParentProcessGuid": "{C784477D-A79F-63FC-8000-000000004A00}",
                                "User": "DESKTOP-B0T93D6\\george",
                                "Hashes": "MD5=AFA9D7C88C28E9B8CCA140413CFB32E4,SHA256=E4C2E0AF462EBF12B716B52C681648D465F6245EC0AC12D92D909CA59662477B,IMPHASH=F34D5F2D4577ED6D9CEEC516C1F5A744",
                                "OriginalFileName": "ATBroker.exe",
                                "ParentImage": "C:\\Windows\\explorer.exe",
                                "FileVersion": "10.0.19041.1023 (WinBuild.160101.0800)",
                                "ParentProcessId": "4728",
                                "CurrentDirectory": "C:\\Users\\george\\AppData\\Roaming\\",
                                "CommandLine": "\"C:\\Users\\george\\AppData\\Roaming\\svchost.exe\" ",
                                "EventID": "1",
                                "LogonGuid": "C784477D-A79E-63FC-082E-040000000000",
                                "LogonId": "273928",
                                "Image": "C:\\Users\\george\\AppData\\Roaming\\svchost.exe",
                                "IntegrityLevel": "High",
                                "ParentCommandLine": "C:\\Windows\\Explorer.EXE",
                                "UtcTime": "1677580552",
                                "RuleName": "-"
                            }
                        }
                    ]
                },
                {
                    "rule_level": "medium",
                    "rule_id": "56b8c79acb8e444c2b00be5c9d3cb8e33e863ccb3506d635f907a49cd053c84f",
                    "rule_source": "Sigma Integrated Rule Set (GitHub)",
                    "rule_title": "Startup Folder File Write",
                    "rule_description": "A General detection for files being created in the Windows startup directory. This could be an indicator of persistence.",
                    "rule_author": "Roberto Rodriguez (Cyb3rWard0g), OTR (Open Threat Research)",
                    "match_context": [
                        {
                            "values": {
                                "RuleName": "T1023",
                                "Image": "C:\\Users\\Bruno\\AppData\\Roaming\\svchost.exe",
                                "TargetFilename": "C:\\ProgramData\\Microsoft\\Windows\\Start Menu\\Programs\\StartUp\\UNLOCK_MY_FILES.txt",
                                "EventID": "11"
                            }
                        },
                        {
                            "values": {
                                "RuleName": "T1023",
                                "Image": "C:\\Users\\Bruno\\AppData\\Roaming\\svchost.exe",
                                "TargetFilename": "C:\\Users\\Bruno\\AppData\\Roaming\\Microsoft\\Windows\\Start Menu\\Programs\\Startup\\UNLOCK_MY_FILES.txt",
                                "EventID": "11"
                            }
                        }
                    ]
                },
                {
                    "rule_level": "medium",
                    "rule_id": "8b5db9da5732dc549b0e8b56fe5933d7c95ed760f3ac20568ab95347ef8c5bcc",
                    "rule_source": "Sigma Integrated Rule Set (GitHub)",
                    "rule_title": "CurrentVersion Autorun Keys Modification",
                    "rule_description": "Detects modification of autostart extensibility point (ASEP) in registry.",
                    "rule_author": "Victor Sergeev, Daniil Yugoslavskiy, Gleb Sukhodolskiy, Timur Zinniatullin, oscd.community, Tim Shelton, frack113 (split)",
                    "match_context": [
                        {
                            "values": {
                                "EventID": "13",
                                "ProcessId": "4468",
                                "EventType": "SetValue",
                                "Image": "C:\\Users\\george\\AppData\\Roaming\\svchost.exe",
                                "RuleName": "T1060,RunKey",
                                "UtcTime": "1677580531",
                                "Details": "C:\\Users\\george\\AppData\\Roaming\\svchost.exe",
                                "ProcessGuid": "{C784477D-D8CC-63FD-7E0A-000000004A00}",
                                "TargetObject": "HKU\\S-1-5-21-1015118539-3749460369-599379286-1001\\Software\\Microsoft\\Windows\\CurrentVersion\\Run\\UpdateTask"
                            }
                        },
                        {
                            "values": {
                                "RuleName": "T1060,RunKey",
                                "EventType": "SetValue",
                                "EventID": "13",
                                "Image": "C:\\Users\\Bruno\\AppData\\Roaming\\svchost.exe",
                                "Details": "C:\\Users\\Bruno\\AppData\\Roaming\\svchost.exe",
                                "TargetObject": "HKU\\S-1-5-21-4005801669-2598574594-602355426-1001\\SOFTWARE\\Microsoft\\Windows\\CurrentVersion\\Run\\UpdateTask"
                            }
                        }
                    ]
                },
