                        {
                            "values": {
                                "TerminalSessionId": "1",
                                "ProcessGuid": "{C784477D-04FA-638D-F905-000000004300}",
                                "ProcessId": "5968",
                                "Product": "Microsoft\\xae Windows\\xae Operating System",
                                "Description": "Host Process for Windows Services",
                                "Company": "Microsoft Corporation",
                                "ParentProcessGuid": "{C784477D-04F7-638D-F805-000000004300}",
                                "User": "DESKTOP-B0T93D6\\george",
                                "Hashes": "MD5=38B2442AC21C90615AB39A52ADA3576F,SHA256=9BE0F20BB5F3EAC2D58DC03D48E5F315C0056EA89DF595164573B6061C5D6568,IMPHASH=3A8297483C1777054C7BAFEA5E6A8853",
                                "OriginalFileName": "svchost.exe",
                                "ParentImage": "C:\\Users\\george\\AppData\\Roaming\\Microsoft\\Authedui\\atltap32.exe",
                                "FileVersion": "10.0.17134.1276 (WinBuild.160101.0800)",
                                "ParentProcessId": "4752",
                                "CurrentDirectory": "C:\\Users\\george\\AppData\\Local\\Temp\\",
                                "CommandLine": "C:\\Windows\\system32\\svchost.exe",
                                "EventID": "1",
                                "LogonGuid": "C784477D-BE14-6384-F8D6-030000000000",
                                "LogonId": "251640",
                                "Image": "C:\\Windows\\System32\\svchost.exe",
                                "IntegrityLevel": "Medium",
                                "ParentCommandLine": "\"C:\\Users\\george\\AppData\\Roaming\\Microsoft\\Authedui\\atltap32.exe\" ",
                                "UtcTime": "1670186234",
                                "RuleName": "-"
                            }
                        },
                        {
                            "values": {
                                "TerminalSessionId": "1",
                                "ProcessGuid": "{C784477D-0503-638D-FC05-000000004300}",
                                "ProcessId": "3556",
                                "Product": "Microsoft\\xae Windows\\xae Operating System",
                                "Description": "Host Process for Windows Services",
                                "Company": "Microsoft Corporation",
                                "ParentProcessGuid": "{C784477D-04FE-638D-FB05-000000004300}",
                                "User": "DESKTOP-B0T93D6\\george",
                                "Hashes": "MD5=38B2442AC21C90615AB39A52ADA3576F,SHA256=9BE0F20BB5F3EAC2D58DC03D48E5F315C0056EA89DF595164573B6061C5D6568,IMPHASH=3A8297483C1777054C7BAFEA5E6A8853",
                                "OriginalFileName": "svchost.exe",
                                "ParentImage": "C:\\Users\\george\\AppData\\Roaming\\Microsoft\\Authedui\\atltap32.exe",
                                "FileVersion": "10.0.17134.1276 (WinBuild.160101.0800)",
                                "ParentProcessId": "856",
                                "CurrentDirectory": "C:\\Users\\george\\AppData\\Local\\Temp\\",
                                "CommandLine": "C:\\Windows\\system32\\svchost.exe",
                                "EventID": "1",
                                "LogonGuid": "C784477D-BE14-6384-F8D6-030000000000",
                                "LogonId": "251640",
                                "Image": "C:\\Windows\\System32\\svchost.exe",
                                "IntegrityLevel": "Medium",
                                "ParentCommandLine": "\"C:\\Users\\george\\AppData\\Roaming\\Microsoft\\Authedui\\atltap32.exe\" ",
                                "UtcTime": "1670186243",
                                "RuleName": "-"
                            }
                        }
                    ],
                    "rule_level": "high",
                    "rule_id": "a0daa529834b3c5230b4524da005a6b6503e7cb061e298a8f74e0dc1fee0a008",
                    "rule_source": "Sigma Integrated Rule Set (GitHub)",
                    "rule_title": "Suspicious Svchost Process",
                    "rule_description": "Detects a suspicious svchost process start",
                    "rule_author": "Florian Roth"
                },
                {
                    "match_context": [
                        {
                            "values": {
                                "TerminalSessionId": "1",
                                "ProcessGuid": "{C784477D-04EC-638D-F205-000000004300}",
                                "ProcessId": "1948",
                                "Product": "-",
                                "Description": "-",
                                "Company": "-",
                                "ParentProcessGuid": "{C784477D-04EC-638D-F105-000000004300}",
                                "User": "DESKTOP-B0T93D6\\george",
                                "Hashes": "MD5=7168523B8E0A72E147E6F443ED98B1F9,SHA256=E6CEF31D573EB1D167A53CA06D6542D4F5257B83931C2EBD3DE13F2FDA526B3E,IMPHASH=E160EF8E55BB9D162DA4E266AFD9EEF3",
                                "OriginalFileName": "-",
                                "ParentImage": "C:\\Windows\\SysWOW64\\cmd.exe",
                                "FileVersion": "-",
                                "ParentProcessId": "6896",
                                "CurrentDirectory": "C:\\Users\\george\\AppData\\Local\\Temp\\",
                                "CommandLine": "\"C:\\Users\\george\\AppData\\Roaming\\MICROS~1\\Authedui\\atltap32.exe\"  \"C:\\Users\\george\\Desktop\\file.exe\"",
                                "EventID": "1",
                                "LogonGuid": "C784477D-BE14-6384-ADD6-030000000000",
                                "LogonId": "251565",
                                "Image": "C:\\Users\\george\\AppData\\Roaming\\MICROS~1\\Authedui\\atltap32.exe",
                                "IntegrityLevel": "High",
                                "ParentCommandLine": "cmd  /C \"\"C:\\Users\\george\\AppData\\Roaming\\MICROS~1\\Authedui\\atltap32.exe\" \"C:\\Users\\george\\Desktop\\file.exe\"\"",
                                "UtcTime": "1670186220",
                                "RuleName": "-"
                            }
                        },
                        {
                            "values": {
                                "TerminalSessionId": "1",
                                "ProcessGuid": "{C784477D-04EF-638D-F405-000000004300}",
                                "ProcessId": "3544",
                                "Product": "-",
                                "Description": "-",
                                "Company": "-",
                                "ParentProcessGuid": "{C784477D-04EC-638D-F205-000000004300}",
                                "User": "DESKTOP-B0T93D6\\george",
                                "Hashes": "MD5=7168523B8E0A72E147E6F443ED98B1F9,SHA256=E6CEF31D573EB1D167A53CA06D6542D4F5257B83931C2EBD3DE13F2FDA526B3E,IMPHASH=E160EF8E55BB9D162DA4E266AFD9EEF3",
                                "OriginalFileName": "-",
                                "ParentImage": "C:\\Users\\george\\AppData\\Roaming\\MICROS~1\\Authedui\\atltap32.exe",
                                "FileVersion": "-",
                                "ParentProcessId": "1948",
                                "CurrentDirectory": "C:\\Users\\george\\AppData\\Local\\Temp\\",
                                "CommandLine": "\"C:\\Users\\george\\AppData\\Roaming\\MICROS~1\\Authedui\\atltap32.exe\"  \"C:\\Users\\george\\Desktop\\file.exe\"",
                                "EventID": "1",
                                "LogonGuid": "C784477D-BE14-6384-ADD6-030000000000",
                                "LogonId": "251565",
                                "Image": "C:\\Users\\george\\AppData\\Roaming\\MICROS~1\\Authedui\\atltap32.exe",
                                "IntegrityLevel": "High",
                                "ParentCommandLine": "\"C:\\Users\\george\\AppData\\Roaming\\MICROS~1\\Authedui\\atltap32.exe\"  \"C:\\Users\\george\\Desktop\\file.exe\"",
                                "UtcTime": "1670186223",
                                "RuleName": "-"
                            }
                        }
                    ],
                    "rule_level": "high",
                    "rule_id": "a913250de417b0235e4fbff14e07a25585d216d2000ee8ef314227987aef7eb0",
                    "rule_source": "Sigma Integrated Rule Set (GitHub)",
                    "rule_title": "Use Short Name Path in Image",
                    "rule_description": "Detect use of the Windows 8.3 short name. Which could be used as a method to avoid Image detection",
                    "rule_author": "frack113, Nasreddine Bencherchali"
                },
                {
                    "match_context": [
                        {
                            "values": {
                                "TerminalSessionId": "1",
                                "ProcessGuid": "{C784477D-04F4-638D-F705-000000004300}",
                                "ProcessId": "6596",
                                "Product": "Microsoft\\xae Windows\\xae Operating System",
                                "Description": "Host Process for Windows Services",
                                "Company": "Microsoft Corporation",
                                "ParentProcessGuid": "{C784477D-04EF-638D-F405-000000004300}",
                                "User": "DESKTOP-B0T93D6\\george",
                                "Hashes": "MD5=38B2442AC21C90615AB39A52ADA3576F,SHA256=9BE0F20BB5F3EAC2D58DC03D48E5F315C0056EA89DF595164573B6061C5D6568,IMPHASH=3A8297483C1777054C7BAFEA5E6A8853",
                                "OriginalFileName": "svchost.exe",
                                "ParentImage": "C:\\Users\\george\\AppData\\Roaming\\MICROS~1\\Authedui\\atltap32.exe",
                                "FileVersion": "10.0.17134.1276 (WinBuild.160101.0800)",
                                "ParentProcessId": "3544",
                                "CurrentDirectory": "C:\\Users\\george\\AppData\\Local\\Temp\\",
                                "CommandLine": "C:\\Windows\\system32\\svchost.exe",
                                "EventID": "1",
                                "LogonGuid": "C784477D-BE14-6384-ADD6-030000000000",
                                "LogonId": "251565",
                                "Image": "C:\\Windows\\System32\\svchost.exe",
                                "IntegrityLevel": "High",
                                "ParentCommandLine": "\"C:\\Users\\george\\AppData\\Roaming\\MICROS~1\\Authedui\\atltap32.exe\"  \"C:\\Users\\george\\Desktop\\file.exe\"",
                                "UtcTime": "1670186228",
                                "RuleName": "-"
                            }
                        },
                        {
                            "values": {
                                "TerminalSessionId": "1",
                                "ProcessGuid": "{C784477D-04FA-638D-F905-000000004300}",
                                "ProcessId": "5968",
                                "Product": "Microsoft\\xae Windows\\xae Operating System",
                                "Description": "Host Process for Windows Services",
                                "Company": "Microsoft Corporation",
                                "ParentProcessGuid": "{C784477D-04F7-638D-F805-000000004300}",
                                "User": "DESKTOP-B0T93D6\\george",
                                "Hashes": "MD5=38B2442AC21C90615AB39A52ADA3576F,SHA256=9BE0F20BB5F3EAC2D58DC03D48E5F315C0056EA89DF595164573B6061C5D6568,IMPHASH=3A8297483C1777054C7BAFEA5E6A8853",
                                "OriginalFileName": "svchost.exe",
                                "ParentImage": "C:\\Users\\george\\AppData\\Roaming\\Microsoft\\Authedui\\atltap32.exe",
                                "FileVersion": "10.0.17134.1276 (WinBuild.160101.0800)",
                                "ParentProcessId": "4752",
                                "CurrentDirectory": "C:\\Users\\george\\AppData\\Local\\Temp\\",
                                "CommandLine": "C:\\Windows\\system32\\svchost.exe",
                                "EventID": "1",
                                "LogonGuid": "C784477D-BE14-6384-F8D6-030000000000",
                                "LogonId": "251640",
                                "Image": "C:\\Windows\\System32\\svchost.exe",
                                "IntegrityLevel": "Medium",
                                "ParentCommandLine": "\"C:\\Users\\george\\AppData\\Roaming\\Microsoft\\Authedui\\atltap32.exe\" ",
                                "UtcTime": "1670186234",
                                "RuleName": "-"
                            }
                        },
                        {
                            "values": {
                                "TerminalSessionId": "1",
                                "ProcessGuid": "{C784477D-0503-638D-FC05-000000004300}",
                                "ProcessId": "3556",
                                "Product": "Microsoft\\xae Windows\\xae Operating System",
                                "Description": "Host Process for Windows Services",
                                "Company": "Microsoft Corporation",
                                "ParentProcessGuid": "{C784477D-04FE-638D-FB05-000000004300}",
                                "User": "DESKTOP-B0T93D6\\george",
                                "Hashes": "MD5=38B2442AC21C90615AB39A52ADA3576F,SHA256=9BE0F20BB5F3EAC2D58DC03D48E5F315C0056EA89DF595164573B6061C5D6568,IMPHASH=3A8297483C1777054C7BAFEA5E6A8853",
                                "OriginalFileName": "svchost.exe",
                                "ParentImage": "C:\\Users\\george\\AppData\\Roaming\\Microsoft\\Authedui\\atltap32.exe",
                                "FileVersion": "10.0.17134.1276 (WinBuild.160101.0800)",
                                "ParentProcessId": "856",
                                "CurrentDirectory": "C:\\Users\\george\\AppData\\Local\\Temp\\",
                                "CommandLine": "C:\\Windows\\system32\\svchost.exe",
                                "EventID": "1",
                                "LogonGuid": "C784477D-BE14-6384-F8D6-030000000000",
                                "LogonId": "251640",
                                "Image": "C:\\Windows\\System32\\svchost.exe",
                                "IntegrityLevel": "Medium",
                                "ParentCommandLine": "\"C:\\Users\\george\\AppData\\Roaming\\Microsoft\\Authedui\\atltap32.exe\" ",
                                "UtcTime": "1670186243",
                                "RuleName": "-"
                            }
                        }
                    ],
                    "rule_level": "high",
                    "rule_id": "dc04e64e69f5446c2a31920ee22415626307d5f3d0fb73ad81b9d3301a41000a",
                    "rule_source": "Sigma Integrated Rule Set (GitHub)",
                    "rule_title": "Suspect Svchost Activity",
                    "rule_description": "It is extremely abnormal for svchost.exe to spawn without any CLI arguments and is normally observed when a malicious process spawns the process and injects code into the process memory space.",
                    "rule_author": "David Burkett"
                },
                {
                    "match_context": [
                        {
                            "values": {
                                "TerminalSessionId": "1",
                                "ProcessGuid": "{C784477D-04EB-638D-EF05-000000004300}",
                                "ProcessId": "3480",
                                "Product": "Microsoft\\xae Windows\\xae Operating System",
                                "Description": "Windows Command Processor",
                                "Company": "Microsoft Corporation",
                                "ParentProcessGuid": "{C784477D-04E8-638D-ED05-000000004300}",
                                "User": "DESKTOP-B0T93D6\\george",
                                "Hashes": "MD5=F3BDBE3BB6F734E357235F4D5898582D,SHA256=3685495D051137B1C4EFDE22C26DF0883614B6453B762FA84588DA55ED2E7744,IMPHASH=0AF8419BE362159398343D7B31721726",
                                "OriginalFileName": "Cmd.Exe",
                                "ParentImage": "C:\\Users\\george\\Desktop\\file.exe",
                                "FileVersion": "10.0.17134.1 (WinBuild.160101.0800)",
                                "ParentProcessId": "3900",
                                "CurrentDirectory": "C:\\Users\\george\\AppData\\Local\\Temp\\",
                                "CommandLine": "C:\\Windows\\system32\\cmd.exe /c \"\"C:\\Users\\george\\AppData\\Local\\Temp\\98E\\84C7.bat\" \"C:\\Users\\george\\AppData\\Roaming\\MICROS~1\\Authedui\\atltap32.exe\" \"C:\\Users\\george\\Desktop\\file.exe\"\"",
                                "EventID": "1",
                                "LogonGuid": "C784477D-BE14-6384-ADD6-030000000000",
                                "LogonId": "251565",
                                "Image": "C:\\Windows\\SysWOW64\\cmd.exe",
                                "IntegrityLevel": "High",
                                "ParentCommandLine": "\"C:\\Users\\george\\Desktop\\file.exe\"",
                                "UtcTime": "1670186219",
                                "RuleName": "-"
                            }
                        },
                        {
                            "values": {
                                "TerminalSessionId": "1",
                                "ProcessGuid": "{C784477D-04EC-638D-F105-000000004300}",
                                "ProcessId": "6896",
                                "Product": "Microsoft\\xae Windows\\xae Operating System",
                                "Description": "Windows Command Processor",
                                "Company": "Microsoft Corporation",
                                "ParentProcessGuid": "{C784477D-04EB-638D-EF05-000000004300}",
                                "User": "DESKTOP-B0T93D6\\george",
                                "Hashes": "MD5=F3BDBE3BB6F734E357235F4D5898582D,SHA256=3685495D051137B1C4EFDE22C26DF0883614B6453B762FA84588DA55ED2E7744,IMPHASH=0AF8419BE362159398343D7B31721726",
                                "OriginalFileName": "Cmd.Exe",
                                "ParentImage": "C:\\Windows\\SysWOW64\\cmd.exe",
                                "FileVersion": "10.0.17134.1 (WinBuild.160101.0800)",
                                "ParentProcessId": "3480",
                                "CurrentDirectory": "C:\\Users\\george\\AppData\\Local\\Temp\\",
                                "CommandLine": "cmd  /C \"\"C:\\Users\\george\\AppData\\Roaming\\MICROS~1\\Authedui\\atltap32.exe\" \"C:\\Users\\george\\Desktop\\file.exe\"\"",
                                "EventID": "1",
                                "LogonGuid": "C784477D-BE14-6384-ADD6-030000000000",
                                "LogonId": "251565",
                                "Image": "C:\\Windows\\SysWOW64\\cmd.exe",
                                "IntegrityLevel": "High",
                                "ParentCommandLine": "C:\\Windows\\system32\\cmd.exe /c \"\"C:\\Users\\george\\AppData\\Local\\Temp\\98E\\84C7.bat\" \"C:\\Users\\george\\AppData\\Roaming\\MICROS~1\\Authedui\\atltap32.exe\" \"C:\\Users\\george\\Desktop\\file.exe\"\"",
                                "UtcTime": "1670186220",
                                "RuleName": "-"
                            }
                        },
                        {
                            "values": {
                                "TerminalSessionId": "1",
                                "ProcessGuid": "{C784477D-04EC-638D-F205-000000004300}",
                                "ProcessId": "1948",
                                "Product": "-",
                                "Description": "-",
                                "Company": "-",
                                "ParentProcessGuid": "{C784477D-04EC-638D-F105-000000004300}",
                                "User": "DESKTOP-B0T93D6\\george",
                                "Hashes": "MD5=7168523B8E0A72E147E6F443ED98B1F9,SHA256=E6CEF31D573EB1D167A53CA06D6542D4F5257B83931C2EBD3DE13F2FDA526B3E,IMPHASH=E160EF8E55BB9D162DA4E266AFD9EEF3",
                                "OriginalFileName": "-",
                                "ParentImage": "C:\\Windows\\SysWOW64\\cmd.exe",
                                "FileVersion": "-",
                                "ParentProcessId": "6896",
                                "CurrentDirectory": "C:\\Users\\george\\AppData\\Local\\Temp\\",
                                "CommandLine": "\"C:\\Users\\george\\AppData\\Roaming\\MICROS~1\\Authedui\\atltap32.exe\"  \"C:\\Users\\george\\Desktop\\file.exe\"",
                                "EventID": "1",
                                "LogonGuid": "C784477D-BE14-6384-ADD6-030000000000",
                                "LogonId": "251565",
                                "Image": "C:\\Users\\george\\AppData\\Roaming\\MICROS~1\\Authedui\\atltap32.exe",
                                "IntegrityLevel": "High",
                                "ParentCommandLine": "cmd  /C \"\"C:\\Users\\george\\AppData\\Roaming\\MICROS~1\\Authedui\\atltap32.exe\" \"C:\\Users\\george\\Desktop\\file.exe\"\"",
                                "UtcTime": "1670186220",
                                "RuleName": "-"
                            }
                        },
                        {
                            "values": {
                                "TerminalSessionId": "1",
                                "ProcessGuid": "{C784477D-04EF-638D-F405-000000004300}",
                                "ProcessId": "3544",
                                "Product": "-",
                                "Description": "-",
                                "Company": "-",
                                "ParentProcessGuid": "{C784477D-04EC-638D-F205-000000004300}",
                                "User": "DESKTOP-B0T93D6\\george",
                                "Hashes": "MD5=7168523B8E0A72E147E6F443ED98B1F9,SHA256=E6CEF31D573EB1D167A53CA06D6542D4F5257B83931C2EBD3DE13F2FDA526B3E,IMPHASH=E160EF8E55BB9D162DA4E266AFD9EEF3",
                                "OriginalFileName": "-",
                                "ParentImage": "C:\\Users\\george\\AppData\\Roaming\\MICROS~1\\Authedui\\atltap32.exe",
                                "FileVersion": "-",
                                "ParentProcessId": "1948",
                                "CurrentDirectory": "C:\\Users\\george\\AppData\\Local\\Temp\\",
                                "CommandLine": "\"C:\\Users\\george\\AppData\\Roaming\\MICROS~1\\Authedui\\atltap32.exe\"  \"C:\\Users\\george\\Desktop\\file.exe\"",
                                "EventID": "1",
                                "LogonGuid": "C784477D-BE14-6384-ADD6-030000000000",
                                "LogonId": "251565",
                                "Image": "C:\\Users\\george\\AppData\\Roaming\\MICROS~1\\Authedui\\atltap32.exe",
                                "IntegrityLevel": "High",
                                "ParentCommandLine": "\"C:\\Users\\george\\AppData\\Roaming\\MICROS~1\\Authedui\\atltap32.exe\"  \"C:\\Users\\george\\Desktop\\file.exe\"",
                                "UtcTime": "1670186223",
                                "RuleName": "-"
                            }
                        }
                    ],
                    "rule_level": "medium",
                    "rule_id": "3c0434c2b9b483a1c7879404c2a80556dc54436bf222a970ca7131b1f30079f1",
                    "rule_source": "Sigma Integrated Rule Set (GitHub)",
                    "rule_title": "Use Short Name Path in Command Line",
                    "rule_description": "Detect use of the Windows 8.3 short name. Which could be used as a method to avoid command-line detection",
                    "rule_author": "frack113, Nasreddine Bencherchali"
                },
                {
                    "match_context": [
                        {
                            "values": {
                                "EventID": "13",
                                "ProcessId": "3900",
                                "EventType": "SetValue",
                                "Image": "C:\\Users\\george\\Desktop\\file.exe",
                                "RuleName": "T1060,RunKey",
                                "UtcTime": "1670186218",
                                "Details": "C:\\Users\\george\\AppData\\Roaming\\Microsoft\\Authedui\\atltap32.exe",
                                "ProcessGuid": "{C784477D-04E8-638D-ED05-000000004300}",
                                "TargetObject": "HKU\\S-1-5-21-1015118539-3749460369-599379286-1001\\Software\\Microsoft\\Windows\\CurrentVersion\\Run\\AudilEng"
                            }
                        }
                    ],
                    "rule_level": "medium",
                    "rule_id": "8b5db9da5732dc549b0e8b56fe5933d7c95ed760f3ac20568ab95347ef8c5bcc",
                    "rule_source": "Sigma Integrated Rule Set (GitHub)",
                    "rule_title": "CurrentVersion Autorun Keys Modification",
                    "rule_description": "Detects modification of autostart extensibility point (ASEP) in registry.",
                    "rule_author": "Victor Sergeev, Daniil Yugoslavskiy, Gleb Sukhodolskiy, Timur Zinniatullin, oscd.community, Tim Shelton, frack113 (split)"
                },
                {
                    "match_context": [
                        {
                            "values": {
                                "TerminalSessionId": "1",
                                "ProcessGuid": "{C784477D-04F4-638D-F705-000000004300}",
                                "ProcessId": "6596",
                                "Product": "Microsoft\\xae Windows\\xae Operating System",
                                "Description": "Host Process for Windows Services",
                                "Company": "Microsoft Corporation",
                                "ParentProcessGuid": "{C784477D-04EF-638D-F405-000000004300}",
                                "User": "DESKTOP-B0T93D6\\george",
                                "Hashes": "MD5=38B2442AC21C90615AB39A52ADA3576F,SHA256=9BE0F20BB5F3EAC2D58DC03D48E5F315C0056EA89DF595164573B6061C5D6568,IMPHASH=3A8297483C1777054C7BAFEA5E6A8853",
                                "OriginalFileName": "svchost.exe",
                                "ParentImage": "C:\\Users\\george\\AppData\\Roaming\\MICROS~1\\Authedui\\atltap32.exe",
                                "FileVersion": "10.0.17134.1276 (WinBuild.160101.0800)",
                                "ParentProcessId": "3544",
                                "CurrentDirectory": "C:\\Users\\george\\AppData\\Local\\Temp\\",
                                "CommandLine": "C:\\Windows\\system32\\svchost.exe",
                                "EventID": "1",
                                "LogonGuid": "C784477D-BE14-6384-ADD6-030000000000",
                                "LogonId": "251565",
                                "Image": "C:\\Windows\\System32\\svchost.exe",
                                "IntegrityLevel": "High",
                                "ParentCommandLine": "\"C:\\Users\\george\\AppData\\Roaming\\MICROS~1\\Authedui\\atltap32.exe\"  \"C:\\Users\\george\\Desktop\\file.exe\"",
                                "UtcTime": "1670186228",
                                "RuleName": "-"
                            }
                        },
                        {
                            "values": {
                                "TerminalSessionId": "1",
                                "ProcessGuid": "{C784477D-04FA-638D-F905-000000004300}",
                                "ProcessId": "5968",
                                "Product": "Microsoft\\xae Windows\\xae Operating System",
                                "Description": "Host Process for Windows Services",
                                "Company": "Microsoft Corporation",
                                "ParentProcessGuid": "{C784477D-04F7-638D-F805-000000004300}",
                                "User": "DESKTOP-B0T93D6\\george",
                                "Hashes": "MD5=38B2442AC21C90615AB39A52ADA3576F,SHA256=9BE0F20BB5F3EAC2D58DC03D48E5F315C0056EA89DF595164573B6061C5D6568,IMPHASH=3A8297483C1777054C7BAFEA5E6A8853",
                                "OriginalFileName": "svchost.exe",
                                "ParentImage": "C:\\Users\\george\\AppData\\Roaming\\Microsoft\\Authedui\\atltap32.exe",
                                "FileVersion": "10.0.17134.1276 (WinBuild.160101.0800)",
                                "ParentProcessId": "4752",
                                "CurrentDirectory": "C:\\Users\\george\\AppData\\Local\\Temp\\",
                                "CommandLine": "C:\\Windows\\system32\\svchost.exe",
                                "EventID": "1",
                                "LogonGuid": "C784477D-BE14-6384-F8D6-030000000000",
                                "LogonId": "251640",
                                "Image": "C:\\Windows\\System32\\svchost.exe",
                                "IntegrityLevel": "Medium",
                                "ParentCommandLine": "\"C:\\Users\\george\\AppData\\Roaming\\Microsoft\\Authedui\\atltap32.exe\" ",
                                "UtcTime": "1670186234",
                                "RuleName": "-"
                            }
                        },
                        {
                            "values": {
                                "TerminalSessionId": "1",
                                "ProcessGuid": "{C784477D-0503-638D-FC05-000000004300}",
                                "ProcessId": "3556",
                                "Product": "Microsoft\\xae Windows\\xae Operating System",
                                "Description": "Host Process for Windows Services",
                                "Company": "Microsoft Corporation",
                                "ParentProcessGuid": "{C784477D-04FE-638D-FB05-000000004300}",
                                "User": "DESKTOP-B0T93D6\\george",
                                "Hashes": "MD5=38B2442AC21C90615AB39A52ADA3576F,SHA256=9BE0F20BB5F3EAC2D58DC03D48E5F315C0056EA89DF595164573B6061C5D6568,IMPHASH=3A8297483C1777054C7BAFEA5E6A8853",
                                "OriginalFileName": "svchost.exe",
                                "ParentImage": "C:\\Users\\george\\AppData\\Roaming\\Microsoft\\Authedui\\atltap32.exe",
                                "FileVersion": "10.0.17134.1276 (WinBuild.160101.0800)",
                                "ParentProcessId": "856",
                                "CurrentDirectory": "C:\\Users\\george\\AppData\\Local\\Temp\\",
                                "CommandLine": "C:\\Windows\\system32\\svchost.exe",
                                "EventID": "1",
                                "LogonGuid": "C784477D-BE14-6384-F8D6-030000000000",
                                "LogonId": "251640",
                                "Image": "C:\\Windows\\System32\\svchost.exe",
                                "IntegrityLevel": "Medium",
                                "ParentCommandLine": "\"C:\\Users\\george\\AppData\\Roaming\\Microsoft\\Authedui\\atltap32.exe\" ",
                                "UtcTime": "1670186243",
                                "RuleName": "-"
                            }
                        }
                    ],
                    "rule_level": "low",
                    "rule_id": "afd546ea5eff265c454f77f6e7641ade6e5a791d79de155fa27d377be1581535",
                    "rule_source": "Sigma Integrated Rule Set (GitHub)",
                    "rule_title": "Windows Processes Suspicious Parent Directory",
                    "rule_description": "Detect suspicious parent processes of well-known Windows processes",
                    "rule_author": "vburov"
                },
                {
                    "match_context": [
                        {
                            "values": {
                                "EventID": "11",
                                "ProcessId": "3900",
                                "Image": "C:\\Users\\george\\Desktop\\file.exe",
                                "RuleName": "EXE",
                                "CreationUtcTime": "1670186218",
                                "UtcTime": "1670186218",
                                "ProcessGuid": "{C784477D-04E8-638D-ED05-000000004300}",
                                "TargetFilename": "C:\\Users\\george\\AppData\\Roaming\\Microsoft\\Authedui\\atltap32.exe"
                            }
                        }
                    ],
                    "rule_level": "low",
                    "rule_id": "b5386a23355681c43cfbd2f2ccfe4b16ed45324d0d7b5583487a9f302ee1e427",
                    "rule_source": "Sigma Integrated Rule Set (GitHub)",
                    "rule_title": "Creation of an Executable by an Executable",
                    "rule_description": "Detects the creation of an executable by another executable",
                    "rule_author": "frack113"
                }
            ],
            "packers": {
                "F-PROT": "NSIS",
                "Cyren": "NSIS"
            },
            "sha256": "e6cef31d573eb1d167a53ca06d6542d4f5257b83931c2ebd3de13f2fda526b3e",
            "magic": "PE32 executable for MS Windows (GUI) Intel 80386 32-bit",
            "times_submitted": 11,
            "type_tags": [
                "executable",
                "windows",
                "win32",
                "pe",
                "peexe"
            ],
            "names": [
                "unknown",
                "flash.exe",
                "af79fddef39413e001ddb37aa797485404899b15",
                "flash.bin",
                "localfile~",
                "6a267bc830cf3a75b6e250321119e18a3ef4f92c",
                "aa",
                "if_xjxrJ.caj",
                "VirusShare_7168523b8e0a72e147e6f443ed98b1f9"
            ],
            "total_votes": {
                "harmless": 0,
                "malicious": 1
            }
        }
    }
}