{
    "data": {
        "id": "f2622c7cc52d920ee339b4a33e5ac16ebc973fcaef0dd6a8eb0cc23bc685c7e7",
        "type": "file",
        "links": {
            "self": "https://www.virustotal.com/api/v3/files/f2622c7cc52d920ee339b4a33e5ac16ebc973fcaef0dd6a8eb0cc23bc685c7e7"
        },
        "attributes": {
            "trid": [
                {
                    "file_type": "UPX compressed Win32 Executable",
                    "probability": 37.9
                },
                {
                    "file_type": "Win32 EXE Yoda's Crypter",
                    "probability": 37.2
                },
                {
                    "file_type": "Win16 NE executable (generic)",
                    "probability": 7.0
                },
                {
                    "file_type": "Win32 Executable (generic)",
                    "probability": 6.3
                },
                {
                    "file_type": "Windows Icons Library (generic)",
                    "probability": 2.8
                }
            ],
            "ssdeep": "6144:wDCIng1eGly/oV4c0cnriQziKqywxaoS:w+Ig1ed/oV8mrX5qywUoS",
            "md5": "a1d96bdf86768679f095641f841bb5bb",
            "type_tag": "peexe",
            "packers": {
                "PEiD": "UPX 2.90 [LZMA] -> Markus Oberhumer, Laszlo Molnar & John Reiser",
                "F-PROT": "UPX",
                "Command": "UPX",
                "Cyren": "UPX",
                "Varist": "UPX"
            },
            "sha256": "f2622c7cc52d920ee339b4a33e5ac16ebc973fcaef0dd6a8eb0cc23bc685c7e7",
            "vhash": "01504e0f7d71cz6nz19z13z",
            "tlsh": "T162140298FB6ADDD0FC6736F10A31DB261017BC0989EB045766B8354A2832793DC7A91F",
            "meaningful_name": "NToT7Zl.exe",
            "last_modification_date": 1746307592,
            "total_votes": {
                "harmless": 0,
                "malicious": 1
            },
            "type_extension": "exe",
            "type_tags": [
                "executable",
                "windows",
                "win32",
                "pe",
                "peexe"
            ],
            "type_description": "Win32 EXE",
            "creation_date": 1332997609,
            "sigma_analysis_results": [
                {
                    "match_context": [
                        {
                            "values": {
                                "EventID": "13",
                                "ProcessId": "2964",
                                "EventType": "SetValue",
                                "Image": "C:\\Users\\george\\Desktop\\software.exe",
                                "RuleName": "T1060,RunKey",
                                "UtcTime": "1670016908",
                                "Details": "C:\\Users\\george\\Desktop\\software.exe",
                                "ProcessGuid": "{C784477D-6F8B-638A-EA05-000000003000}",
                                "TargetObject": "HKU\\S-1-5-21-1015118539-3749460369-599379286-1001\\Software\\Microsoft\\Windows\\CurrentVersion\\Run\\vasja"
                            }
                        },
                        {
                            "values": {
                                "EventID": "13",
                                "ProcessId": "2964",
                                "EventType": "SetValue",
                                "Image": "C:\\Users\\george\\Desktop\\software.exe",
                                "RuleName": "T1060,RunKey",
                                "UtcTime": "1670016909",
                                "Details": "C:\\Users\\george\\Desktop\\software.exe",
                                "ProcessGuid": "{C784477D-6F8B-638A-EA05-000000003000}",
                                "TargetObject": "HKU\\S-1-5-21-1015118539-3749460369-599379286-1001\\Software\\Microsoft\\Windows\\CurrentVersion\\Run\\vasja"
                            }
                        },
                        {
                            "values": {
                                "EventID": "13",
                                "ProcessId": "2964",
                                "EventType": "SetValue",
                                "Image": "C:\\Users\\george\\Desktop\\software.exe",
                                "ProcessGuid": "{C784477D-6F8B-638A-EA05-000000003000}",
                                "UtcTime": "1670016910",
                                "Details": "C:\\Users\\george\\Desktop\\software.exe",
                                "RuleName": "T1060,RunKey",
                                "TargetObject": "HKU\\S-1-5-21-1015118539-3749460369-599379286-1001\\Software\\Microsoft\\Windows\\CurrentVersion\\Run\\vasja"
                            }
                        },
                        {
                            "values": {
                                "EventID": "13",
                                "ProcessId": "2964",
                                "EventType": "SetValue",
                                "Image": "C:\\Users\\george\\Desktop\\software.exe",
                                "ProcessGuid": "{C784477D-6F8B-638A-EA05-000000003000}",
                                "UtcTime": "1670016911",
                                "Details": "C:\\Users\\george\\Desktop\\software.exe",
                                "RuleName": "T1060,RunKey",
                                "TargetObject": "HKU\\S-1-5-21-1015118539-3749460369-599379286-1001\\Software\\Microsoft\\Windows\\CurrentVersion\\Run\\vasja"
                            }
                        },
                        {
                            "values": {
                                "EventID": "13",
                                "ProcessId": "2964",
                                "EventType": "SetValue",
                                "Image": "C:\\Users\\george\\Desktop\\software.exe",
                                "ProcessGuid": "{C784477D-6F8B-638A-EA05-000000003000}",
                                "UtcTime": "1670016912",
                                "Details": "C:\\Users\\george\\Desktop\\software.exe",
                                "RuleName": "T1060,RunKey",
                                "TargetObject": "HKU\\S-1-5-21-1015118539-3749460369-599379286-1001\\Software\\Microsoft\\Windows\\CurrentVersion\\Run\\vasja"
                            }
                        },
                        {
                            "values": {
                                "EventID": "13",
                                "ProcessId": "2964",
                                "EventType": "SetValue",
                                "Image": "C:\\Users\\george\\Desktop\\software.exe",
                                "ProcessGuid": "{C784477D-6F8B-638A-EA05-000000003000}",
                                "UtcTime": "1670016913",
                                "Details": "C:\\Users\\george\\Desktop\\software.exe",
                                "RuleName": "T1060,RunKey",
                                "TargetObject": "HKU\\S-1-5-21-1015118539-3749460369-599379286-1001\\Software\\Microsoft\\Windows\\CurrentVersion\\Run\\vasja"
                            }
                        },
                        {
                            "values": {
                                "EventID": "13",
                                "ProcessId": "2964",
                                "EventType": "SetValue",
                                "Image": "C:\\Users\\george\\Desktop\\software.exe",
                                "RuleName": "T1060,RunKey",
                                "UtcTime": "1670016914",
                                "Details": "C:\\Users\\george\\Desktop\\software.exe",
                                "ProcessGuid": "{C784477D-6F8B-638A-EA05-000000003000}",
                                "TargetObject": "HKU\\S-1-5-21-1015118539-3749460369-599379286-1001\\Software\\Microsoft\\Windows\\CurrentVersion\\Run\\vasja"
                            }
                        },
                        {
                            "values": {
                                "EventID": "13",
                                "ProcessId": "2964",
                                "EventType": "SetValue",
                                "Image": "C:\\Users\\george\\Desktop\\software.exe",
                                "RuleName": "T1060,RunKey",
                                "UtcTime": "1670016915",
                                "Details": "C:\\Users\\george\\Desktop\\software.exe",
                                "ProcessGuid": "{C784477D-6F8B-638A-EA05-000000003000}",
                                "TargetObject": "HKU\\S-1-5-21-1015118539-3749460369-599379286-1001\\Software\\Microsoft\\Windows\\CurrentVersion\\Run\\vasja"
                            }
                        },
                        {
                            "values": {
                                "EventID": "13",
                                "ProcessId": "2964",
                                "EventType": "SetValue",
                                "Image": "C:\\Users\\george\\Desktop\\software.exe",
                                "ProcessGuid": "{C784477D-6F8B-638A-EA05-000000003000}",
                                "UtcTime": "1670016916",
                                "Details": "C:\\Users\\george\\Desktop\\software.exe",
                                "RuleName": "T1060,RunKey",
                                "TargetObject": "HKU\\S-1-5-21-1015118539-3749460369-599379286-1001\\Software\\Microsoft\\Windows\\CurrentVersion\\Run\\vasja"
                            }
                        },
                        {
                            "values": {
                                "EventID": "13",
                                "ProcessId": "2964",
                                "EventType": "SetValue",
                                "Image": "C:\\Users\\george\\Desktop\\software.exe",
                                "ProcessGuid": "{C784477D-6F8B-638A-EA05-000000003000}",
                                "UtcTime": "1670016917",
                                "Details": "C:\\Users\\george\\Desktop\\software.exe",
                                "RuleName": "T1060,RunKey",
                                "TargetObject": "HKU\\S-1-5-21-1015118539-3749460369-599379286-1001\\Software\\Microsoft\\Windows\\CurrentVersion\\Run\\vasja"
                            }
                        },
                        {
                            "values": {
                                "EventID": "13",
                                "ProcessId": "2964",
                                "EventType": "SetValue",
                                "Image": "C:\\Users\\george\\Desktop\\software.exe",
                                "ProcessGuid": "{C784477D-6F8B-638A-EA05-000000003000}",
                                "UtcTime": "1670016918",
                                "Details": "C:\\Users\\george\\Desktop\\software.exe",
                                "RuleName": "T1060,RunKey",
                                "TargetObject": "HKU\\S-1-5-21-1015118539-3749460369-599379286-1001\\Software\\Microsoft\\Windows\\CurrentVersion\\Run\\vasja"
                            }
                        },
                        {
                            "values": {
                                "EventID": "13",
                                "ProcessId": "2964",
                                "EventType": "SetValue",
                                "Image": "C:\\Users\\george\\Desktop\\software.exe",
                                "RuleName": "T1060,RunKey",
                                "UtcTime": "1670016919",
                                "Details": "C:\\Users\\george\\Desktop\\software.exe",
                                "ProcessGuid": "{C784477D-6F8B-638A-EA05-000000003000}",
                                "TargetObject": "HKU\\S-1-5-21-1015118539-3749460369-599379286-1001\\Software\\Microsoft\\Windows\\CurrentVersion\\Run\\vasja"
                            }
                        },
                        {
                            "values": {
                                "EventID": "13",
                                "ProcessId": "2964",
                                "EventType": "SetValue",
                                "Image": "C:\\Users\\george\\Desktop\\software.exe",
                                "RuleName": "T1060,RunKey",
                                "UtcTime": "1670016920",
                                "Details": "C:\\Users\\george\\Desktop\\software.exe",
                                "ProcessGuid": "{C784477D-6F8B-638A-EA05-000000003000}",
                                "TargetObject": "HKU\\S-1-5-21-1015118539-3749460369-599379286-1001\\Software\\Microsoft\\Windows\\CurrentVersion\\Run\\vasja"
                            }
                        },
                        {
                            "values": {
                                "EventID": "13",
                                "ProcessId": "2964",
                                "EventType": "SetValue",
                                "Image": "C:\\Users\\george\\Desktop\\software.exe",
                                "RuleName": "T1060,RunKey",
                                "UtcTime": "1670016921",
                                "Details": "C:\\Users\\george\\Desktop\\software.exe",
                                "ProcessGuid": "{C784477D-6F8B-638A-EA05-000000003000}",
                                "TargetObject": "HKU\\S-1-5-21-1015118539-3749460369-599379286-1001\\Software\\Microsoft\\Windows\\CurrentVersion\\Run\\vasja"
                            }
                        },
                        {
                            "values": {
                                "EventID": "13",
                                "ProcessId": "2964",
                                "EventType": "SetValue",
                                "Image": "C:\\Users\\george\\Desktop\\software.exe",
                                "ProcessGuid": "{C784477D-6F8B-638A-EA05-000000003000}",
                                "UtcTime": "1670016922",
                                "Details": "C:\\Users\\george\\Desktop\\software.exe",
                                "RuleName": "T1060,RunKey",
                                "TargetObject": "HKU\\S-1-5-21-1015118539-3749460369-599379286-1001\\Software\\Microsoft\\Windows\\CurrentVersion\\Run\\vasja"
                            }
                        },
                        {
                            "values": {
                                "EventID": "13",
                                "ProcessId": "2964",
                                "EventType": "SetValue",
                                "Image": "C:\\Users\\george\\Desktop\\software.exe",
                                "ProcessGuid": "{C784477D-6F8B-638A-EA05-000000003000}",
                                "UtcTime": "1670016923",
                                "Details": "C:\\Users\\george\\Desktop\\software.exe",
                                "RuleName": "T1060,RunKey",
                                "TargetObject": "HKU\\S-1-5-21-1015118539-3749460369-599379286-1001\\Software\\Microsoft\\Windows\\CurrentVersion\\Run\\vasja"
                            }
                        },
                        {
                            "values": {
                                "EventID": "13",
                                "ProcessId": "2964",
                                "EventType": "SetValue",
                                "Image": "C:\\Users\\george\\Desktop\\software.exe",
                                "RuleName": "T1060,RunKey",
                                "UtcTime": "1670016924",
                                "Details": "C:\\Users\\george\\Desktop\\software.exe",
                                "ProcessGuid": "{C784477D-6F8B-638A-EA05-000000003000}",
                                "TargetObject": "HKU\\S-1-5-21-1015118539-3749460369-599379286-1001\\Software\\Microsoft\\Windows\\CurrentVersion\\Run\\vasja"
                            }
                        },
                        {
                            "values": {
                                "EventID": "13",
                                "ProcessId": "2964",
                                "EventType": "SetValue",
                                "Image": "C:\\Users\\george\\Desktop\\software.exe",
                                "RuleName": "T1060,RunKey",
                                "UtcTime": "1670016925",
                                "Details": "C:\\Users\\george\\Desktop\\software.exe",
                                "ProcessGuid": "{C784477D-6F8B-638A-EA05-000000003000}",
                                "TargetObject": "HKU\\S-1-5-21-1015118539-3749460369-599379286-1001\\Software\\Microsoft\\Windows\\CurrentVersion\\Run\\vasja"
                            }
                        },
                        {
                            "values": {
                                "EventID": "13",
                                "ProcessId": "2964",
                                "EventType": "SetValue",
                                "Image": "C:\\Users\\george\\Desktop\\software.exe",
                                "ProcessGuid": "{C784477D-6F8B-638A-EA05-000000003000}",
                                "UtcTime": "1670016926",
                                "Details": "C:\\Users\\george\\Desktop\\software.exe",
                                "RuleName": "T1060,RunKey",
                                "TargetObject": "HKU\\S-1-5-21-1015118539-3749460369-599379286-1001\\Software\\Microsoft\\Windows\\CurrentVersion\\Run\\vasja"
                            }
                        },
                        {
                            "values": {
                                "EventID": "13",
                                "ProcessId": "2964",
                                "EventType": "SetValue",
                                "Image": "C:\\Users\\george\\Desktop\\software.exe",
                                "ProcessGuid": "{C784477D-6F8B-638A-EA05-000000003000}",
                                "UtcTime": "1670016927",
                                "Details": "C:\\Users\\george\\Desktop\\software.exe",
                                "RuleName": "T1060,RunKey",
                                "TargetObject": "HKU\\S-1-5-21-1015118539-3749460369-599379286-1001\\Software\\Microsoft\\Windows\\CurrentVersion\\Run\\vasja"
                            }
                        },
                        {
                            "values": {
                                "EventID": "13",
                                "ProcessId": "2964",
                                "EventType": "SetValue",
                                "Image": "C:\\Users\\george\\Desktop\\software.exe",
                                "RuleName": "T1060,RunKey",
                                "UtcTime": "1670016928",
                                "Details": "C:\\Users\\george\\Desktop\\software.exe",
                                "ProcessGuid": "{C784477D-6F8B-638A-EA05-000000003000}",
                                "TargetObject": "HKU\\S-1-5-21-1015118539-3749460369-599379286-1001\\Software\\Microsoft\\Windows\\CurrentVersion\\Run\\vasja"
                            }
                        },
                        {
                            "values": {
                                "EventID": "13",
                                "ProcessId": "2964",
                                "EventType": "SetValue",
                                "Image": "C:\\Users\\george\\Desktop\\software.exe",
                                "RuleName": "T1060,RunKey",
                                "UtcTime": "1670016929",
                                "Details": "C:\\Users\\george\\Desktop\\software.exe",
                                "ProcessGuid": "{C784477D-6F8B-638A-EA05-000000003000}",
                                "TargetObject": "HKU\\S-1-5-21-1015118539-3749460369-599379286-1001\\Software\\Microsoft\\Windows\\CurrentVersion\\Run\\vasja"
                            }
                        },
                        {
                            "values": {
                                "EventID": "13",
                                "ProcessId": "2964",
                                "EventType": "SetValue",
                                "Image": "C:\\Users\\george\\Desktop\\software.exe",
                                "RuleName": "T1060,RunKey",
                                "UtcTime": "1670016930",
                                "Details": "C:\\Users\\george\\Desktop\\software.exe",
                                "ProcessGuid": "{C784477D-6F8B-638A-EA05-000000003000}",
                                "TargetObject": "HKU\\S-1-5-21-1015118539-3749460369-599379286-1001\\Software\\Microsoft\\Windows\\CurrentVersion\\Run\\vasja"
                            }
                        },
                        {
                            "values": {
                                "EventID": "13",
                                "ProcessId": "2964",
                                "EventType": "SetValue",
                                "Image": "C:\\Users\\george\\Desktop\\software.exe",
                                "ProcessGuid": "{C784477D-6F8B-638A-EA05-000000003000}",
                                "UtcTime": "1670016931",
                                "Details": "C:\\Users\\george\\Desktop\\software.exe",
                                "RuleName": "T1060,RunKey",
                                "TargetObject": "HKU\\S-1-5-21-1015118539-3749460369-599379286-1001\\Software\\Microsoft\\Windows\\CurrentVersion\\Run\\vasja"
                            }
                        },
                        {
                            "values": {
                                "EventID": "13",
                                "ProcessId": "2964",
                                "EventType": "SetValue",
                                "Image": "C:\\Users\\george\\Desktop\\software.exe",
                                "RuleName": "T1060,RunKey",
                                "UtcTime": "1670016932",
                                "Details": "C:\\Users\\george\\Desktop\\software.exe",
                                "ProcessGuid": "{C784477D-6F8B-638A-EA05-000000003000}",
                                "TargetObject": "HKU\\S-1-5-21-1015118539-3749460369-599379286-1001\\Software\\Microsoft\\Windows\\CurrentVersion\\Run\\vasja"
                            }
                        },
                        {
                            "values": {
                                "EventID": "13",
                                "ProcessId": "2964",
                                "EventType": "SetValue",
                                "Image": "C:\\Users\\george\\Desktop\\software.exe",
                                "RuleName": "T1060,RunKey",
                                "UtcTime": "1670016933",
                                "Details": "C:\\Users\\george\\Desktop\\software.exe",
                                "ProcessGuid": "{C784477D-6F8B-638A-EA05-000000003000}",
                                "TargetObject": "HKU\\S-1-5-21-1015118539-3749460369-599379286-1001\\Software\\Microsoft\\Windows\\CurrentVersion\\Run\\vasja"
                            }
                        },
                        {
                            "values": {
                                "EventID": "13",
                                "ProcessId": "2964",
                                "EventType": "SetValue",
                                "Image": "C:\\Users\\george\\Desktop\\software.exe",
                                "RuleName": "T1060,RunKey",
                                "UtcTime": "1670016934",
                                "Details": "C:\\Users\\george\\Desktop\\software.exe",
                                "ProcessGuid": "{C784477D-6F8B-638A-EA05-000000003000}",
                                "TargetObject": "HKU\\S-1-5-21-1015118539-3749460369-599379286-1001\\Software\\Microsoft\\Windows\\CurrentVersion\\Run\\vasja"
                            }
                        },
                        {
                            "values": {
                                "EventID": "13",
                                "ProcessId": "2964",
                                "EventType": "SetValue",
                                "Image": "C:\\Users\\george\\Desktop\\software.exe",
                                "RuleName": "T1060,RunKey",
                                "UtcTime": "1670016935",
                                "Details": "C:\\Users\\george\\Desktop\\software.exe",
                                "ProcessGuid": "{C784477D-6F8B-638A-EA05-000000003000}",
                                "TargetObject": "HKU\\S-1-5-21-1015118539-3749460369-599379286-1001\\Software\\Microsoft\\Windows\\CurrentVersion\\Run\\vasja"
                            }
                        },
                        {
                            "values": {
                                "EventID": "13",
                                "ProcessId": "2964",
                                "EventType": "SetValue",
                                "Image": "C:\\Users\\george\\Desktop\\software.exe",
                                "RuleName": "T1060,RunKey",
                                "UtcTime": "1670016936",
                                "Details": "C:\\Users\\george\\Desktop\\software.exe",
                                "ProcessGuid": "{C784477D-6F8B-638A-EA05-000000003000}",
                                "TargetObject": "HKU\\S-1-5-21-1015118539-3749460369-599379286-1001\\Software\\Microsoft\\Windows\\CurrentVersion\\Run\\vasja"
                            }
                        },
                        {
                            "values": {
                                "EventID": "13",
                                "ProcessId": "2964",
                                "EventType": "SetValue",
                                "Image": "C:\\Users\\george\\Desktop\\software.exe",
                                "RuleName": "T1060,RunKey",
                                "UtcTime": "1670016937",
                                "Details": "C:\\Users\\george\\Desktop\\software.exe",
                                "ProcessGuid": "{C784477D-6F8B-638A-EA05-000000003000}",
                                "TargetObject": "HKU\\S-1-5-21-1015118539-3749460369-599379286-1001\\Software\\Microsoft\\Windows\\CurrentVersion\\Run\\vasja"
                            }
                        },
                        {
                            "values": {
                                "EventID": "13",
                                "ProcessId": "2964",
                                "EventType": "SetValue",
                                "Image": "C:\\Users\\george\\Desktop\\software.exe",
                                "RuleName": "T1060,RunKey",
                                "UtcTime": "1670016938",
                                "Details": "C:\\Users\\george\\Desktop\\software.exe",
                                "ProcessGuid": "{C784477D-6F8B-638A-EA05-000000003000}",
                                "TargetObject": "HKU\\S-1-5-21-1015118539-3749460369-599379286-1001\\Software\\Microsoft\\Windows\\CurrentVersion\\Run\\vasja"
                            }
                        },
                        {
                            "values": {
                                "EventID": "13",
                                "ProcessId": "2964",
                                "EventType": "SetValue",
                                "Image": "C:\\Users\\george\\Desktop\\software.exe",
                                "ProcessGuid": "{C784477D-6F8B-638A-EA05-000000003000}",
                                "UtcTime": "1670016939",
                                "Details": "C:\\Users\\george\\Desktop\\software.exe",
                                "RuleName": "T1060,RunKey",
                                "TargetObject": "HKU\\S-1-5-21-1015118539-3749460369-599379286-1001\\Software\\Microsoft\\Windows\\CurrentVersion\\Run\\vasja"
                            }
                        },
                        {
                            "values": {
                                "EventID": "13",
                                "ProcessId": "2964",
                                "EventType": "SetValue",
                                "Image": "C:\\Users\\george\\Desktop\\software.exe",
                                "RuleName": "T1060,RunKey",
                                "UtcTime": "1670016940",
                                "Details": "C:\\Users\\george\\Desktop\\software.exe",
                                "ProcessGuid": "{C784477D-6F8B-638A-EA05-000000003000}",
                                "TargetObject": "HKU\\S-1-5-21-1015118539-3749460369-599379286-1001\\Software\\Microsoft\\Windows\\CurrentVersion\\Run\\vasja"
                            }
                        },
                        {
                            "values": {
                                "EventID": "13",
                                "ProcessId": "2964",
                                "EventType": "SetValue",
                                "Image": "C:\\Users\\george\\Desktop\\software.exe",
                                "ProcessGuid": "{C784477D-6F8B-638A-EA05-000000003000}",
                                "UtcTime": "1670016941",
                                "Details": "C:\\Users\\george\\Desktop\\software.exe",
                                "RuleName": "T1060,RunKey",
                                "TargetObject": "HKU\\S-1-5-21-1015118539-3749460369-599379286-1001\\Software\\Microsoft\\Windows\\CurrentVersion\\Run\\vasja"
                            }
                        },
                        {
                            "values": {
                                "EventID": "13",
                                "ProcessId": "2964",
                                "EventType": "SetValue",
                                "Image": "C:\\Users\\george\\Desktop\\software.exe",
                                "ProcessGuid": "{C784477D-6F8B-638A-EA05-000000003000}",
                                "UtcTime": "1670016942",
                                "Details": "C:\\Users\\george\\Desktop\\software.exe",
                                "RuleName": "T1060,RunKey",
                                "TargetObject": "HKU\\S-1-5-21-1015118539-3749460369-599379286-1001\\Software\\Microsoft\\Windows\\CurrentVersion\\Run\\vasja"
                            }
                        },
                        {
                            "values": {
                                "EventID": "13",
                                "ProcessId": "2964",
                                "EventType": "SetValue",
                                "Image": "C:\\Users\\george\\Desktop\\software.exe",
                                "RuleName": "T1060,RunKey",
                                "UtcTime": "1670016943",
                                "Details": "C:\\Users\\george\\Desktop\\software.exe",
                                "ProcessGuid": "{C784477D-6F8B-638A-EA05-000000003000}",
                                "TargetObject": "HKU\\S-1-5-21-1015118539-3749460369-599379286-1001\\Software\\Microsoft\\Windows\\CurrentVersion\\Run\\vasja"
                            }
                        },
                        {
                            "values": {
                                "EventID": "13",
                                "ProcessId": "2964",
                                "EventType": "SetValue",
                                "Image": "C:\\Users\\george\\Desktop\\software.exe",
                                "ProcessGuid": "{C784477D-6F8B-638A-EA05-000000003000}",
                                "UtcTime": "1670016944",
                                "Details": "C:\\Users\\george\\Desktop\\software.exe",
                                "RuleName": "T1060,RunKey",
                                "TargetObject": "HKU\\S-1-5-21-1015118539-3749460369-599379286-1001\\Software\\Microsoft\\Windows\\CurrentVersion\\Run\\vasja"
                            }
                        },
                        {
                            "values": {
                                "EventID": "13",
                                "ProcessId": "2964",
                                "EventType": "SetValue",
                                "Image": "C:\\Users\\george\\Desktop\\software.exe",
                                "ProcessGuid": "{C784477D-6F8B-638A-EA05-000000003000}",
                                "UtcTime": "1670016945",
                                "Details": "C:\\Users\\george\\Desktop\\software.exe",
                                "RuleName": "T1060,RunKey",
                                "TargetObject": "HKU\\S-1-5-21-1015118539-3749460369-599379286-1001\\Software\\Microsoft\\Windows\\CurrentVersion\\Run\\vasja"
                            }
                        },
                        {
                            "values": {
                                "EventID": "13",
                                "ProcessId": "2964",
                                "EventType": "SetValue",
                                "Image": "C:\\Users\\george\\Desktop\\software.exe",
                                "RuleName": "T1060,RunKey",
                                "UtcTime": "1670016946",
                                "Details": "C:\\Users\\george\\Desktop\\software.exe",
                                "ProcessGuid": "{C784477D-6F8B-638A-EA05-000000003000}",
                                "TargetObject": "HKU\\S-1-5-21-1015118539-3749460369-599379286-1001\\Software\\Microsoft\\Windows\\CurrentVersion\\Run\\vasja"
                            }
                        },
                        {
                            "values": {
                                "EventID": "13",
                                "ProcessId": "2964",
                                "EventType": "SetValue",
                                "Image": "C:\\Users\\george\\Desktop\\software.exe",
                                "ProcessGuid": "{C784477D-6F8B-638A-EA05-000000003000}",
                                "UtcTime": "1670016947",
                                "Details": "C:\\Users\\george\\Desktop\\software.exe",
                                "RuleName": "T1060,RunKey",
                                "TargetObject": "HKU\\S-1-5-21-1015118539-3749460369-599379286-1001\\Software\\Microsoft\\Windows\\CurrentVersion\\Run\\vasja"
                            }
                        },
                        {
                            "values": {
                                "EventID": "13",
                                "ProcessId": "2964",
                                "EventType": "SetValue",
                                "Image": "C:\\Users\\george\\Desktop\\software.exe",
                                "ProcessGuid": "{C784477D-6F8B-638A-EA05-000000003000}",
                                "UtcTime": "1670016948",
                                "Details": "C:\\Users\\george\\Desktop\\software.exe",
                                "RuleName": "T1060,RunKey",
                                "TargetObject": "HKU\\S-1-5-21-1015118539-3749460369-599379286-1001\\Software\\Microsoft\\Windows\\CurrentVersion\\Run\\vasja"
                            }
                        },
                        {
                            "values": {
                                "EventID": "13",
                                "ProcessId": "2964",
                                "EventType": "SetValue",
                                "Image": "C:\\Users\\george\\Desktop\\software.exe",
                                "ProcessGuid": "{C784477D-6F8B-638A-EA05-000000003000}",
                                "UtcTime": "1670016949",
                                "Details": "C:\\Users\\george\\Desktop\\software.exe",
                                "RuleName": "T1060,RunKey",
                                "TargetObject": "HKU\\S-1-5-21-1015118539-3749460369-599379286-1001\\Software\\Microsoft\\Windows\\CurrentVersion\\Run\\vasja"
                            }
                        },
                        {
                            "values": {
                                "EventID": "13",
                                "ProcessId": "2964",
                                "EventType": "SetValue",
                                "Image": "C:\\Users\\george\\Desktop\\software.exe",
                                "ProcessGuid": "{C784477D-6F8B-638A-EA05-000000003000}",
                                "UtcTime": "1670016950",
                                "Details": "C:\\Users\\george\\Desktop\\software.exe",
                                "RuleName": "T1060,RunKey",
                                "TargetObject": "HKU\\S-1-5-21-1015118539-3749460369-599379286-1001\\Software\\Microsoft\\Windows\\CurrentVersion\\Run\\vasja"
                            }
                        },
                        {
                            "values": {
                                "EventID": "13",
                                "ProcessId": "2964",
                                "EventType": "SetValue",
                                "Image": "C:\\Users\\george\\Desktop\\software.exe",
                                "RuleName": "T1060,RunKey",
                                "UtcTime": "1670016951",
                                "Details": "C:\\Users\\george\\Desktop\\software.exe",
                                "ProcessGuid": "{C784477D-6F8B-638A-EA05-000000003000}",
                                "TargetObject": "HKU\\S-1-5-21-1015118539-3749460369-599379286-1001\\Software\\Microsoft\\Windows\\CurrentVersion\\Run\\vasja"
                            }
                        },
                        {
                            "values": {
                                "EventID": "13",
                                "ProcessId": "2964",
                                "EventType": "SetValue",
                                "Image": "C:\\Users\\george\\Desktop\\software.exe",
                                "ProcessGuid": "{C784477D-6F8B-638A-EA05-000000003000}",
                                "UtcTime": "1670016952",
                                "Details": "C:\\Users\\george\\Desktop\\software.exe",
                                "RuleName": "T1060,RunKey",
                                "TargetObject": "HKU\\S-1-5-21-1015118539-3749460369-599379286-1001\\Software\\Microsoft\\Windows\\CurrentVersion\\Run\\vasja"
                            }
                        },
                        {
                            "values": {
                                "EventID": "13",
                                "ProcessId": "2964",
                                "EventType": "SetValue",
                                "Image": "C:\\Users\\george\\Desktop\\software.exe",
                                "RuleName": "T1060,RunKey",
                                "UtcTime": "1670016953",
                                "Details": "C:\\Users\\george\\Desktop\\software.exe",
                                "ProcessGuid": "{C784477D-6F8B-638A-EA05-000000003000}",
                                "TargetObject": "HKU\\S-1-5-21-1015118539-3749460369-599379286-1001\\Software\\Microsoft\\Windows\\CurrentVersion\\Run\\vasja"
                            }
                        },
                        {
                            "values": {
                                "EventID": "13",
                                "ProcessId": "2964",
                                "EventType": "SetValue",
                                "Image": "C:\\Users\\george\\Desktop\\software.exe",
                                "RuleName": "T1060,RunKey",
                                "UtcTime": "1670016954",
                                "Details": "C:\\Users\\george\\Desktop\\software.exe",
                                "ProcessGuid": "{C784477D-6F8B-638A-EA05-000000003000}",
                                "TargetObject": "HKU\\S-1-5-21-1015118539-3749460369-599379286-1001\\Software\\Microsoft\\Windows\\CurrentVersion\\Run\\vasja"
                            }
                        },
                        {
                            "values": {
                                "EventID": "13",
                                "ProcessId": "2964",
                                "EventType": "SetValue",
                                "Image": "C:\\Users\\george\\Desktop\\software.exe",
                                "RuleName": "T1060,RunKey",
                                "UtcTime": "1670016955",
                                "Details": "C:\\Users\\george\\Desktop\\software.exe",
                                "ProcessGuid": "{C784477D-6F8B-638A-EA05-000000003000}",
                                "TargetObject": "HKU\\S-1-5-21-1015118539-3749460369-599379286-1001\\Software\\Microsoft\\Windows\\CurrentVersion\\Run\\vasja"
                            }
                        },
                        {
                            "values": {
                                "EventID": "13",
                                "ProcessId": "2964",
                                "EventType": "SetValue",
                                "Image": "C:\\Users\\george\\Desktop\\software.exe",
                                "RuleName": "T1060,RunKey",
                                "UtcTime": "1670016956",
                                "Details": "C:\\Users\\george\\Desktop\\software.exe",
                                "ProcessGuid": "{C784477D-6F8B-638A-EA05-000000003000}",
                                "TargetObject": "HKU\\S-1-5-21-1015118539-3749460369-599379286-1001\\Software\\Microsoft\\Windows\\CurrentVersion\\Run\\vasja"
                            }
                        },
                        {
                            "values": {
                                "EventID": "13",
                                "ProcessId": "2964",
                                "EventType": "SetValue",
                                "Image": "C:\\Users\\george\\Desktop\\software.exe",
                                "ProcessGuid": "{C784477D-6F8B-638A-EA05-000000003000}",
                                "UtcTime": "1670016957",
                                "Details": "C:\\Users\\george\\Desktop\\software.exe",
                                "RuleName": "T1060,RunKey",
                                "TargetObject": "HKU\\S-1-5-21-1015118539-3749460369-599379286-1001\\Software\\Microsoft\\Windows\\CurrentVersion\\Run\\vasja"
                            }
                        },
                        {
                            "values": {
                                "EventID": "13",
                                "ProcessId": "2964",
                                "EventType": "SetValue",
                                "Image": "C:\\Users\\george\\Desktop\\software.exe",
                                "ProcessGuid": "{C784477D-6F8B-638A-EA05-000000003000}",
                                "UtcTime": "1670016958",
                                "Details": "C:\\Users\\george\\Desktop\\software.exe",
                                "RuleName": "T1060,RunKey",
                                "TargetObject": "HKU\\S-1-5-21-1015118539-3749460369-599379286-1001\\Software\\Microsoft\\Windows\\CurrentVersion\\Run\\vasja"
                            }
                        },
                        {
                            "values": {
                                "EventID": "13",
                                "ProcessId": "2964",
                                "EventType": "SetValue",
                                "Image": "C:\\Users\\george\\Desktop\\software.exe",
                                "RuleName": "T1060,RunKey",
                                "UtcTime": "1670016959",
                                "Details": "C:\\Users\\george\\Desktop\\software.exe",
                                "ProcessGuid": "{C784477D-6F8B-638A-EA05-000000003000}",
                                "TargetObject": "HKU\\S-1-5-21-1015118539-3749460369-599379286-1001\\Software\\Microsoft\\Windows\\CurrentVersion\\Run\\vasja"
                            }
                        },
                        {
                            "values": {
                                "EventID": "13",
                                "ProcessId": "2964",
                                "EventType": "SetValue",
                                "Image": "C:\\Users\\george\\Desktop\\software.exe",
                                "ProcessGuid": "{C784477D-6F8B-638A-EA05-000000003000}",
                                "UtcTime": "1670016960",
                                "Details": "C:\\Users\\george\\Desktop\\software.exe",
                                "RuleName": "T1060,RunKey",
                                "TargetObject": "HKU\\S-1-5-21-1015118539-3749460369-599379286-1001\\Software\\Microsoft\\Windows\\CurrentVersion\\Run\\vasja"
                            }
                        },
                        {
                            "values": {
                                "EventID": "13",
                                "ProcessId": "2964",
                                "EventType": "SetValue",
                                "Image": "C:\\Users\\george\\Desktop\\software.exe",
                                "RuleName": "T1060,RunKey",
                                "UtcTime": "1670016961",
                                "Details": "C:\\Users\\george\\Desktop\\software.exe",
                                "ProcessGuid": "{C784477D-6F8B-638A-EA05-000000003000}",
                                "TargetObject": "HKU\\S-1-5-21-1015118539-3749460369-599379286-1001\\Software\\Microsoft\\Windows\\CurrentVersion\\Run\\vasja"
                            }
                        },
                        {
                            "values": {
                                "EventID": "13",
                                "ProcessId": "2964",
                                "EventType": "SetValue",
                                "Image": "C:\\Users\\george\\Desktop\\software.exe",
                                "RuleName": "T1060,RunKey",
                                "UtcTime": "1670016962",
                                "Details": "C:\\Users\\george\\Desktop\\software.exe",
                                "ProcessGuid": "{C784477D-6F8B-638A-EA05-000000003000}",
                                "TargetObject": "HKU\\S-1-5-21-1015118539-3749460369-599379286-1001\\Software\\Microsoft\\Windows\\CurrentVersion\\Run\\vasja"
                            }
                        },
                        {
                            "values": {
                                "EventID": "13",
                                "ProcessId": "2964",
                                "EventType": "SetValue",
                                "Image": "C:\\Users\\george\\Desktop\\software.exe",
                                "ProcessGuid": "{C784477D-6F8B-638A-EA05-000000003000}",
                                "UtcTime": "1670016963",
                                "Details": "C:\\Users\\george\\Desktop\\software.exe",
                                "RuleName": "T1060,RunKey",
                                "TargetObject": "HKU\\S-1-5-21-1015118539-3749460369-599379286-1001\\Software\\Microsoft\\Windows\\CurrentVersion\\Run\\vasja"
                            }
                        },
                        {
                            "values": {
                                "EventID": "13",
                                "ProcessId": "2964",
                                "EventType": "SetValue",
                                "Image": "C:\\Users\\george\\Desktop\\software.exe",
                                "ProcessGuid": "{C784477D-6F8B-638A-EA05-000000003000}",
                                "UtcTime": "1670016964",
                                "Details": "C:\\Users\\george\\Desktop\\software.exe",
                                "RuleName": "T1060,RunKey",
                                "TargetObject": "HKU\\S-1-5-21-1015118539-3749460369-599379286-1001\\Software\\Microsoft\\Windows\\CurrentVersion\\Run\\vasja"
                            }
                        },
                        {
                            "values": {
                                "EventID": "13",
                                "ProcessId": "2964",
                                "EventType": "SetValue",
                                "Image": "C:\\Users\\george\\Desktop\\software.exe",
                                "ProcessGuid": "{C784477D-6F8B-638A-EA05-000000003000}",
                                "UtcTime": "1670016965",
                                "Details": "C:\\Users\\george\\Desktop\\software.exe",
                                "RuleName": "T1060,RunKey",
                                "TargetObject": "HKU\\S-1-5-21-1015118539-3749460369-599379286-1001\\Software\\Microsoft\\Windows\\CurrentVersion\\Run\\vasja"
                            }
                        },
