                        {
                            "values": {
                                "EventID": "13",
                                "ProcessId": "7396",
                                "EventType": "SetValue",
                                "Image": "C:\\Users\\george\\Desktop\\software.exe",
                                "RuleName": "T1060,RunKey",
                                "UtcTime": "1670019387",
                                "Details": "C:\\Windows\\Media\\sound.exe",
                                "ProcessGuid": "{C784477D-78FF-638A-800A-000000004700}",
                                "TargetObject": "HKLM\\SOFTWARE\\WOW6432Node\\Microsoft\\Windows\\CurrentVersion\\RunOnce\\sound"
                            }
                        },
                        {
                            "values": {
                                "EventID": "13",
                                "ProcessId": "7396",
                                "EventType": "SetValue",
                                "Image": "C:\\Users\\george\\Desktop\\software.exe",
                                "RuleName": "T1060,RunKey",
                                "UtcTime": "1670019389",
                                "Details": "C:\\Windows\\Media\\sound.exe",
                                "ProcessGuid": "{C784477D-78FF-638A-800A-000000004700}",
                                "TargetObject": "HKLM\\SOFTWARE\\WOW6432Node\\Microsoft\\Windows\\CurrentVersion\\RunOnce\\sound"
                            }
                        },
                        {
                            "values": {
                                "EventID": "13",
                                "ProcessId": "7396",
                                "EventType": "SetValue",
                                "Image": "C:\\Users\\george\\Desktop\\software.exe",
                                "RuleName": "T1060,RunKey",
                                "UtcTime": "1670019390",
                                "Details": "C:\\Windows\\Media\\sound.exe",
                                "ProcessGuid": "{C784477D-78FF-638A-800A-000000004700}",
                                "TargetObject": "HKLM\\SOFTWARE\\WOW6432Node\\Microsoft\\Windows\\CurrentVersion\\RunOnce\\sound"
                            }
                        },
                        {
                            "values": {
                                "EventID": "13",
                                "ProcessId": "7396",
                                "EventType": "SetValue",
                                "Image": "C:\\Users\\george\\Desktop\\software.exe",
                                "RuleName": "T1060,RunKey",
                                "UtcTime": "1670019391",
                                "Details": "C:\\Windows\\Media\\sound.exe",
                                "ProcessGuid": "{C784477D-78FF-638A-800A-000000004700}",
                                "TargetObject": "HKLM\\SOFTWARE\\WOW6432Node\\Microsoft\\Windows\\CurrentVersion\\RunOnce\\sound"
                            }
                        },
                        {
                            "values": {
                                "EventID": "13",
                                "ProcessId": "7396",
                                "EventType": "SetValue",
                                "Image": "C:\\Users\\george\\Desktop\\software.exe",
                                "ProcessGuid": "{C784477D-78FF-638A-800A-000000004700}",
                                "UtcTime": "1670019392",
                                "Details": "C:\\Windows\\Media\\sound.exe",
                                "RuleName": "T1060,RunKey",
                                "TargetObject": "HKLM\\SOFTWARE\\WOW6432Node\\Microsoft\\Windows\\CurrentVersion\\RunOnce\\sound"
                            }
                        },
                        {
                            "values": {
                                "EventID": "13",
                                "ProcessId": "7396",
                                "EventType": "SetValue",
                                "Image": "C:\\Users\\george\\Desktop\\software.exe",
                                "RuleName": "T1060,RunKey",
                                "UtcTime": "1670019393",
                                "Details": "C:\\Windows\\Media\\sound.exe",
                                "ProcessGuid": "{C784477D-78FF-638A-800A-000000004700}",
                                "TargetObject": "HKLM\\SOFTWARE\\WOW6432Node\\Microsoft\\Windows\\CurrentVersion\\RunOnce\\sound"
                            }
                        },
                        {
                            "values": {
                                "EventID": "13",
                                "ProcessId": "7396",
                                "EventType": "SetValue",
                                "Image": "C:\\Users\\george\\Desktop\\software.exe",
                                "RuleName": "T1060,RunKey",
                                "UtcTime": "1670019394",
                                "Details": "C:\\Windows\\Media\\sound.exe",
                                "ProcessGuid": "{C784477D-78FF-638A-800A-000000004700}",
                                "TargetObject": "HKLM\\SOFTWARE\\WOW6432Node\\Microsoft\\Windows\\CurrentVersion\\RunOnce\\sound"
                            }
                        },
                        {
                            "values": {
                                "EventID": "13",
                                "ProcessId": "7396",
                                "EventType": "SetValue",
                                "Image": "C:\\Users\\george\\Desktop\\software.exe",
                                "ProcessGuid": "{C784477D-78FF-638A-800A-000000004700}",
                                "UtcTime": "1670019395",
                                "Details": "C:\\Windows\\Media\\sound.exe",
                                "RuleName": "T1060,RunKey",
                                "TargetObject": "HKLM\\SOFTWARE\\WOW6432Node\\Microsoft\\Windows\\CurrentVersion\\RunOnce\\sound"
                            }
                        },
                        {
                            "values": {
                                "EventID": "13",
                                "ProcessId": "7396",
                                "EventType": "SetValue",
                                "Image": "C:\\Users\\george\\Desktop\\software.exe",
                                "ProcessGuid": "{C784477D-78FF-638A-800A-000000004700}",
                                "UtcTime": "1670019396",
                                "Details": "C:\\Windows\\Media\\sound.exe",
                                "RuleName": "T1060,RunKey",
                                "TargetObject": "HKLM\\SOFTWARE\\WOW6432Node\\Microsoft\\Windows\\CurrentVersion\\RunOnce\\sound"
                            }
                        },
                        {
                            "values": {
                                "EventID": "13",
                                "ProcessId": "7396",
                                "EventType": "SetValue",
                                "Image": "C:\\Users\\george\\Desktop\\software.exe",
                                "RuleName": "T1060,RunKey",
                                "UtcTime": "1670019398",
                                "Details": "C:\\Windows\\Media\\sound.exe",
                                "ProcessGuid": "{C784477D-78FF-638A-800A-000000004700}",
                                "TargetObject": "HKLM\\SOFTWARE\\WOW6432Node\\Microsoft\\Windows\\CurrentVersion\\RunOnce\\sound"
                            }
                        },
                        {
                            "values": {
                                "EventID": "13",
                                "ProcessId": "7396",
                                "EventType": "SetValue",
                                "Image": "C:\\Users\\george\\Desktop\\software.exe",
                                "ProcessGuid": "{C784477D-78FF-638A-800A-000000004700}",
                                "UtcTime": "1670019399",
                                "Details": "C:\\Windows\\Media\\sound.exe",
                                "RuleName": "T1060,RunKey",
                                "TargetObject": "HKLM\\SOFTWARE\\WOW6432Node\\Microsoft\\Windows\\CurrentVersion\\RunOnce\\sound"
                            }
                        },
                        {
                            "values": {
                                "EventID": "13",
                                "ProcessId": "7396",
                                "EventType": "SetValue",
                                "Image": "C:\\Users\\george\\Desktop\\software.exe",
                                "RuleName": "T1060,RunKey",
                                "UtcTime": "1670019400",
                                "Details": "C:\\Windows\\Media\\sound.exe",
                                "ProcessGuid": "{C784477D-78FF-638A-800A-000000004700}",
                                "TargetObject": "HKLM\\SOFTWARE\\WOW6432Node\\Microsoft\\Windows\\CurrentVersion\\RunOnce\\sound"
                            }
                        },
                        {
                            "values": {
                                "EventID": "13",
                                "ProcessId": "7396",
                                "EventType": "SetValue",
                                "Image": "C:\\Users\\george\\Desktop\\software.exe",
                                "ProcessGuid": "{C784477D-78FF-638A-800A-000000004700}",
                                "UtcTime": "1670019401",
                                "Details": "C:\\Windows\\Media\\sound.exe",
                                "RuleName": "T1060,RunKey",
                                "TargetObject": "HKLM\\SOFTWARE\\WOW6432Node\\Microsoft\\Windows\\CurrentVersion\\RunOnce\\sound"
                            }
                        },
                        {
                            "values": {
                                "EventID": "13",
                                "ProcessId": "7396",
                                "EventType": "SetValue",
                                "Image": "C:\\Users\\george\\Desktop\\software.exe",
                                "ProcessGuid": "{C784477D-78FF-638A-800A-000000004700}",
                                "UtcTime": "1670019402",
                                "Details": "C:\\Windows\\Media\\sound.exe",
                                "RuleName": "T1060,RunKey",
                                "TargetObject": "HKLM\\SOFTWARE\\WOW6432Node\\Microsoft\\Windows\\CurrentVersion\\RunOnce\\sound"
                            }
                        },
                        {
                            "values": {
                                "EventID": "13",
                                "ProcessId": "7396",
                                "EventType": "SetValue",
                                "Image": "C:\\Users\\george\\Desktop\\software.exe",
                                "RuleName": "T1060,RunKey",
                                "UtcTime": "1670019404",
                                "Details": "C:\\Windows\\Media\\sound.exe",
                                "ProcessGuid": "{C784477D-78FF-638A-800A-000000004700}",
                                "TargetObject": "HKLM\\SOFTWARE\\WOW6432Node\\Microsoft\\Windows\\CurrentVersion\\RunOnce\\sound"
                            }
                        },
                        {
                            "values": {
                                "EventID": "13",
                                "ProcessId": "7396",
                                "EventType": "SetValue",
                                "Image": "C:\\Users\\george\\Desktop\\software.exe",
                                "ProcessGuid": "{C784477D-78FF-638A-800A-000000004700}",
                                "UtcTime": "1670019407",
                                "Details": "C:\\Windows\\Media\\sound.exe",
                                "RuleName": "T1060,RunKey",
                                "TargetObject": "HKLM\\SOFTWARE\\WOW6432Node\\Microsoft\\Windows\\CurrentVersion\\RunOnce\\sound"
                            }
                        },
                        {
                            "values": {
                                "EventID": "13",
                                "ProcessId": "7396",
                                "EventType": "SetValue",
                                "Image": "C:\\Users\\george\\Desktop\\software.exe",
                                "ProcessGuid": "{C784477D-78FF-638A-800A-000000004700}",
                                "UtcTime": "1670019408",
                                "Details": "C:\\Windows\\Media\\sound.exe",
                                "RuleName": "T1060,RunKey",
                                "TargetObject": "HKLM\\SOFTWARE\\WOW6432Node\\Microsoft\\Windows\\CurrentVersion\\RunOnce\\sound"
                            }
                        },
                        {
                            "values": {
                                "EventID": "13",
                                "ProcessId": "7396",
                                "EventType": "SetValue",
                                "Image": "C:\\Users\\george\\Desktop\\software.exe",
                                "ProcessGuid": "{C784477D-78FF-638A-800A-000000004700}",
                                "UtcTime": "1670019409",
                                "Details": "C:\\Windows\\Media\\sound.exe",
                                "RuleName": "T1060,RunKey",
                                "TargetObject": "HKLM\\SOFTWARE\\WOW6432Node\\Microsoft\\Windows\\CurrentVersion\\RunOnce\\sound"
                            }
                        },
                        {
                            "values": {
                                "EventID": "13",
                                "ProcessId": "7396",
                                "EventType": "SetValue",
                                "Image": "C:\\Users\\george\\Desktop\\software.exe",
                                "ProcessGuid": "{C784477D-78FF-638A-800A-000000004700}",
                                "UtcTime": "1670019411",
                                "Details": "C:\\Windows\\Media\\sound.exe",
                                "RuleName": "T1060,RunKey",
                                "TargetObject": "HKLM\\SOFTWARE\\WOW6432Node\\Microsoft\\Windows\\CurrentVersion\\RunOnce\\sound"
                            }
                        },
                        {
                            "values": {
                                "EventID": "13",
                                "ProcessId": "7396",
                                "EventType": "SetValue",
                                "Image": "C:\\Users\\george\\Desktop\\software.exe",
                                "RuleName": "T1060,RunKey",
                                "UtcTime": "1670019412",
                                "Details": "C:\\Windows\\Media\\sound.exe",
                                "ProcessGuid": "{C784477D-78FF-638A-800A-000000004700}",
                                "TargetObject": "HKLM\\SOFTWARE\\WOW6432Node\\Microsoft\\Windows\\CurrentVersion\\RunOnce\\sound"
                            }
                        },
                        {
                            "values": {
                                "EventID": "13",
                                "ProcessId": "7396",
                                "EventType": "SetValue",
                                "Image": "C:\\Users\\george\\Desktop\\software.exe",
                                "ProcessGuid": "{C784477D-78FF-638A-800A-000000004700}",
                                "UtcTime": "1670019413",
                                "Details": "C:\\Windows\\Media\\sound.exe",
                                "RuleName": "T1060,RunKey",
                                "TargetObject": "HKLM\\SOFTWARE\\WOW6432Node\\Microsoft\\Windows\\CurrentVersion\\RunOnce\\sound"
                            }
                        },
                        {
                            "values": {
                                "EventID": "13",
                                "ProcessId": "7396",
                                "EventType": "SetValue",
                                "Image": "C:\\Users\\george\\Desktop\\software.exe",
                                "ProcessGuid": "{C784477D-78FF-638A-800A-000000004700}",
                                "UtcTime": "1670019415",
                                "Details": "C:\\Windows\\Media\\sound.exe",
                                "RuleName": "T1060,RunKey",
                                "TargetObject": "HKLM\\SOFTWARE\\WOW6432Node\\Microsoft\\Windows\\CurrentVersion\\RunOnce\\sound"
                            }
                        },
                        {
                            "values": {
                                "EventID": "13",
                                "ProcessId": "7396",
                                "EventType": "SetValue",
                                "Image": "C:\\Users\\george\\Desktop\\software.exe",
                                "ProcessGuid": "{C784477D-78FF-638A-800A-000000004700}",
                                "UtcTime": "1670019417",
                                "Details": "C:\\Windows\\Media\\sound.exe",
                                "RuleName": "T1060,RunKey",
                                "TargetObject": "HKLM\\SOFTWARE\\WOW6432Node\\Microsoft\\Windows\\CurrentVersion\\RunOnce\\sound"
                            }
                        },
                        {
                            "values": {
                                "EventID": "13",
                                "ProcessId": "7396",
                                "EventType": "SetValue",
                                "Image": "C:\\Users\\george\\Desktop\\software.exe",
                                "ProcessGuid": "{C784477D-78FF-638A-800A-000000004700}",
                                "UtcTime": "1670019418",
                                "Details": "C:\\Windows\\Media\\sound.exe",
                                "RuleName": "T1060,RunKey",
                                "TargetObject": "HKLM\\SOFTWARE\\WOW6432Node\\Microsoft\\Windows\\CurrentVersion\\RunOnce\\sound"
                            }
                        },
                        {
                            "values": {
                                "EventID": "13",
                                "ProcessId": "7396",
                                "EventType": "SetValue",
                                "Image": "C:\\Users\\george\\Desktop\\software.exe",
                                "RuleName": "T1060,RunKey",
                                "UtcTime": "1670019419",
                                "Details": "C:\\Windows\\Media\\sound.exe",
                                "ProcessGuid": "{C784477D-78FF-638A-800A-000000004700}",
                                "TargetObject": "HKLM\\SOFTWARE\\WOW6432Node\\Microsoft\\Windows\\CurrentVersion\\RunOnce\\sound"
                            }
                        },
                        {
                            "values": {
                                "EventID": "13",
                                "ProcessId": "7396",
                                "EventType": "SetValue",
                                "Image": "C:\\Users\\george\\Desktop\\software.exe",
                                "ProcessGuid": "{C784477D-78FF-638A-800A-000000004700}",
                                "UtcTime": "1670019421",
                                "Details": "C:\\Windows\\Media\\sound.exe",
                                "RuleName": "T1060,RunKey",
                                "TargetObject": "HKLM\\SOFTWARE\\WOW6432Node\\Microsoft\\Windows\\CurrentVersion\\RunOnce\\sound"
                            }
                        }
                    ],
                    "rule_level": "medium",
                    "rule_description": "Detects modification of autostart extensibility point (ASEP) in registry.",
                    "rule_source": "Sigma Integrated Rule Set (GitHub)",
                    "rule_title": "Wow6432Node CurrentVersion Autorun Keys Modification",
                    "rule_id": "18842e32896dd83b8aca4d5e1ac78c1f66b1d252479c0023cdd02f108c42c8cd",
                    "rule_author": "Victor Sergeev, Daniil Yugoslavskiy, Gleb Sukhodolskiy, Timur Zinniatullin, oscd.community, Tim Shelton, frack113 (split)"
                },
                {
                    "match_context": [
                        {
                            "values": {
                                "EventID": "11",
                                "ProcessId": "7396",
                                "TargetFilename": "C:\\Windows\\media\\sound.exe",
                                "ProcessGuid": "{C784477D-78FF-638A-800A-000000004700}",
                                "CreationUtcTime": "1670019327",
                                "UtcTime": "1670019327",
                                "RuleName": "EXE",
                                "Image": "C:\\Users\\george\\Desktop\\software.exe"
                            }
                        }
                    ],
                    "rule_level": "low",
                    "rule_description": "Detects the creation of an executable by another executable",
                    "rule_source": "Sigma Integrated Rule Set (GitHub)",
                    "rule_title": "Creation of an Executable by an Executable",
                    "rule_id": "b5386a23355681c43cfbd2f2ccfe4b16ed45324d0d7b5583487a9f302ee1e427",
                    "rule_author": "frack113"
                }
            ],
            "sigma_analysis_stats": {
                "high": 0,
                "medium": 1,
                "critical": 0,
                "low": 1
            },
            "type_description": "Win32 EXE",
            "sigma_analysis_summary": {
                "Sigma Integrated Rule Set (GitHub)": {
                    "high": 0,
                    "medium": 1,
                    "critical": 0,
                    "low": 1
                }
            },
            "meaningful_name": "sound.exe",
            "detectiteasy": {
                "filetype": "PE32",
                "values": [
                    {
                        "version": "7",
                        "type": "Compiler",
                        "name": "Borland Delphi"
                    },
                    {
                        "info": "GUI32",
                        "version": "2.25*,Delphi",
                        "type": "Linker",
                        "name": "Turbo Linker"
                    }
                ]
            },
            "size": 386048,
            "type_tags": [
                "executable",
                "windows",
                "win32",
                "pe",
                "peexe"
            ]
        }
    }
}