                        {
                            "values": {
                                "TerminalSessionId": "1",
                                "ProcessGuid": "{C784477D-2DCB-6389-0007-000000003000}",
                                "ProcessId": "4840",
                                "Product": "Microsoft\\xae Windows\\xae Operating System",
                                "Description": "Attribute Utility",
                                "Company": "Microsoft Corporation",
                                "ParentProcessGuid": "{C784477D-2D6E-6389-0A06-000000003000}",
                                "User": "DESKTOP-B0T93D6\\george",
                                "Hashes": "MD5=A5540E9F87D4CB083BDF8269DEC1CFF9,SHA256=9C0378382F4606E3709675CD9E28C43525156B174D0A5CECB68EC4398C31EF1C,IMPHASH=F0A82FEBA5B0EF2BE614622AE3E32C1C",
                                "OriginalFileName": "ATTRIB.EXE",
                                "ParentImage": "C:\\Users\\george\\Desktop\\executable.exe",
                                "FileVersion": "10.0.17134.1 (WinBuild.160101.0800)",
                                "ParentProcessId": "1492",
                                "CurrentDirectory": "C:\\Users\\george\\Desktop\\",
                                "CommandLine": "attrib +r +s +h /d /s Label15*.*",
                                "EventID": "1",
                                "LogonGuid": "C784477D-2106-6386-650E-040000000000",
                                "LogonId": "265829",
                                "Image": "C:\\Windows\\SysWOW64\\attrib.exe",
                                "IntegrityLevel": "High",
                                "ParentCommandLine": "\"C:\\Users\\george\\Desktop\\executable.exe\"",
                                "UtcTime": "1669934539",
                                "RuleName": "-"
                            }
                        },
                        {
                            "values": {
                                "TerminalSessionId": "1",
                                "ProcessGuid": "{C784477D-2DCB-6389-0607-000000003000}",
                                "ProcessId": "6256",
                                "Product": "Microsoft\\xae Windows\\xae Operating System",
                                "Description": "Attribute Utility",
                                "Company": "Microsoft Corporation",
                                "ParentProcessGuid": "{C784477D-2D6E-6389-0A06-000000003000}",
                                "User": "DESKTOP-B0T93D6\\george",
                                "Hashes": "MD5=A5540E9F87D4CB083BDF8269DEC1CFF9,SHA256=9C0378382F4606E3709675CD9E28C43525156B174D0A5CECB68EC4398C31EF1C,IMPHASH=F0A82FEBA5B0EF2BE614622AE3E32C1C",
                                "OriginalFileName": "ATTRIB.EXE",
                                "ParentImage": "C:\\Users\\george\\Desktop\\executable.exe",
                                "FileVersion": "10.0.17134.1 (WinBuild.160101.0800)",
                                "ParentProcessId": "1492",
                                "CurrentDirectory": "C:\\Users\\george\\Desktop\\",
                                "CommandLine": "attrib +r +s +h /d /s Label16*.*",
                                "EventID": "1",
                                "LogonGuid": "C784477D-2106-6386-650E-040000000000",
                                "LogonId": "265829",
                                "Image": "C:\\Windows\\SysWOW64\\attrib.exe",
                                "IntegrityLevel": "High",
                                "ParentCommandLine": "\"C:\\Users\\george\\Desktop\\executable.exe\"",
                                "UtcTime": "1669934539",
                                "RuleName": "-"
                            }
                        },
                        {
                            "values": {
                                "TerminalSessionId": "1",
                                "ProcessGuid": "{C784477D-2DCB-6389-0C07-000000003000}",
                                "ProcessId": "6972",
                                "Product": "Microsoft\\xae Windows\\xae Operating System",
                                "Description": "Attribute Utility",
                                "Company": "Microsoft Corporation",
                                "ParentProcessGuid": "{C784477D-2D6E-6389-0A06-000000003000}",
                                "User": "DESKTOP-B0T93D6\\george",
                                "Hashes": "MD5=A5540E9F87D4CB083BDF8269DEC1CFF9,SHA256=9C0378382F4606E3709675CD9E28C43525156B174D0A5CECB68EC4398C31EF1C,IMPHASH=F0A82FEBA5B0EF2BE614622AE3E32C1C",
                                "OriginalFileName": "ATTRIB.EXE",
                                "ParentImage": "C:\\Users\\george\\Desktop\\executable.exe",
                                "FileVersion": "10.0.17134.1 (WinBuild.160101.0800)",
                                "ParentProcessId": "1492",
                                "CurrentDirectory": "C:\\Users\\george\\Desktop\\",
                                "CommandLine": "attrib +r +s +h /d /s Label17*.*",
                                "EventID": "1",
                                "LogonGuid": "C784477D-2106-6386-650E-040000000000",
                                "LogonId": "265829",
                                "Image": "C:\\Windows\\SysWOW64\\attrib.exe",
                                "IntegrityLevel": "High",
                                "ParentCommandLine": "\"C:\\Users\\george\\Desktop\\executable.exe\"",
                                "UtcTime": "1669934539",
                                "RuleName": "-"
                            }
                        },
                        {
                            "values": {
                                "TerminalSessionId": "1",
                                "ProcessGuid": "{C784477D-2DCC-6389-1207-000000003000}",
                                "ProcessId": "6636",
                                "Product": "Microsoft\\xae Windows\\xae Operating System",
                                "Description": "Attribute Utility",
                                "Company": "Microsoft Corporation",
                                "ParentProcessGuid": "{C784477D-2D6E-6389-0A06-000000003000}",
                                "User": "DESKTOP-B0T93D6\\george",
                                "Hashes": "MD5=A5540E9F87D4CB083BDF8269DEC1CFF9,SHA256=9C0378382F4606E3709675CD9E28C43525156B174D0A5CECB68EC4398C31EF1C,IMPHASH=F0A82FEBA5B0EF2BE614622AE3E32C1C",
                                "OriginalFileName": "ATTRIB.EXE",
                                "ParentImage": "C:\\Users\\george\\Desktop\\executable.exe",
                                "FileVersion": "10.0.17134.1 (WinBuild.160101.0800)",
                                "ParentProcessId": "1492",
                                "CurrentDirectory": "C:\\Users\\george\\Desktop\\",
                                "CommandLine": "attrib +r +s +h /d /s Label18*.*",
                                "EventID": "1",
                                "LogonGuid": "C784477D-2106-6386-650E-040000000000",
                                "LogonId": "265829",
                                "Image": "C:\\Windows\\SysWOW64\\attrib.exe",
                                "IntegrityLevel": "High",
                                "ParentCommandLine": "\"C:\\Users\\george\\Desktop\\executable.exe\"",
                                "UtcTime": "1669934540",
                                "RuleName": "-"
                            }
                        },
                        {
                            "values": {
                                "TerminalSessionId": "1",
                                "ProcessGuid": "{C784477D-2DCC-6389-1807-000000003000}",
                                "ProcessId": "6244",
                                "Product": "Microsoft\\xae Windows\\xae Operating System",
                                "Description": "Attribute Utility",
                                "Company": "Microsoft Corporation",
                                "ParentProcessGuid": "{C784477D-2D6E-6389-0A06-000000003000}",
                                "User": "DESKTOP-B0T93D6\\george",
                                "Hashes": "MD5=A5540E9F87D4CB083BDF8269DEC1CFF9,SHA256=9C0378382F4606E3709675CD9E28C43525156B174D0A5CECB68EC4398C31EF1C,IMPHASH=F0A82FEBA5B0EF2BE614622AE3E32C1C",
                                "OriginalFileName": "ATTRIB.EXE",
                                "ParentImage": "C:\\Users\\george\\Desktop\\executable.exe",
                                "FileVersion": "10.0.17134.1 (WinBuild.160101.0800)",
                                "ParentProcessId": "1492",
                                "CurrentDirectory": "C:\\Users\\george\\Desktop\\",
                                "CommandLine": "attrib +r +s +h /d /s Label19*.*",
                                "EventID": "1",
                                "LogonGuid": "C784477D-2106-6386-650E-040000000000",
                                "LogonId": "265829",
                                "Image": "C:\\Windows\\SysWOW64\\attrib.exe",
                                "IntegrityLevel": "High",
                                "ParentCommandLine": "\"C:\\Users\\george\\Desktop\\executable.exe\"",
                                "UtcTime": "1669934540",
                                "RuleName": "-"
                            }
                        },
                        {
                            "values": {
                                "TerminalSessionId": "1",
                                "ProcessGuid": "{C784477D-2DCC-6389-1E07-000000003000}",
                                "ProcessId": "1304",
                                "Product": "Microsoft\\xae Windows\\xae Operating System",
                                "Description": "Attribute Utility",
                                "Company": "Microsoft Corporation",
                                "ParentProcessGuid": "{C784477D-2D6E-6389-0A06-000000003000}",
                                "User": "DESKTOP-B0T93D6\\george",
                                "Hashes": "MD5=A5540E9F87D4CB083BDF8269DEC1CFF9,SHA256=9C0378382F4606E3709675CD9E28C43525156B174D0A5CECB68EC4398C31EF1C,IMPHASH=F0A82FEBA5B0EF2BE614622AE3E32C1C",
                                "OriginalFileName": "ATTRIB.EXE",
                                "ParentImage": "C:\\Users\\george\\Desktop\\executable.exe",
                                "FileVersion": "10.0.17134.1 (WinBuild.160101.0800)",
                                "ParentProcessId": "1492",
                                "CurrentDirectory": "C:\\Users\\george\\Desktop\\",
                                "CommandLine": "attrib +r +s +h /d /s Label20*.*",
                                "EventID": "1",
                                "LogonGuid": "C784477D-2106-6386-650E-040000000000",
                                "LogonId": "265829",
                                "Image": "C:\\Windows\\SysWOW64\\attrib.exe",
                                "IntegrityLevel": "High",
                                "ParentCommandLine": "\"C:\\Users\\george\\Desktop\\executable.exe\"",
                                "UtcTime": "1669934540",
                                "RuleName": "-"
                            }
                        },
                        {
                            "values": {
                                "TerminalSessionId": "1",
                                "ProcessGuid": "{C784477D-2DCC-6389-2407-000000003000}",
                                "ProcessId": "3864",
                                "Product": "Microsoft\\xae Windows\\xae Operating System",
                                "Description": "Attribute Utility",
                                "Company": "Microsoft Corporation",
                                "ParentProcessGuid": "{C784477D-2D6E-6389-0A06-000000003000}",
                                "User": "DESKTOP-B0T93D6\\george",
                                "Hashes": "MD5=A5540E9F87D4CB083BDF8269DEC1CFF9,SHA256=9C0378382F4606E3709675CD9E28C43525156B174D0A5CECB68EC4398C31EF1C,IMPHASH=F0A82FEBA5B0EF2BE614622AE3E32C1C",
                                "OriginalFileName": "ATTRIB.EXE",
                                "ParentImage": "C:\\Users\\george\\Desktop\\executable.exe",
                                "FileVersion": "10.0.17134.1 (WinBuild.160101.0800)",
                                "ParentProcessId": "1492",
                                "CurrentDirectory": "C:\\Users\\george\\Desktop\\",
                                "CommandLine": "attrib +r +s +h /d /s Label21*.*",
                                "EventID": "1",
                                "LogonGuid": "C784477D-2106-6386-650E-040000000000",
                                "LogonId": "265829",
                                "Image": "C:\\Windows\\SysWOW64\\attrib.exe",
                                "IntegrityLevel": "High",
                                "ParentCommandLine": "\"C:\\Users\\george\\Desktop\\executable.exe\"",
                                "UtcTime": "1669934540",
                                "RuleName": "-"
                            }
                        },
                        {
                            "values": {
                                "TerminalSessionId": "1",
                                "ProcessGuid": "{C784477D-2DCC-6389-2A07-000000003000}",
                                "ProcessId": "5168",
                                "Product": "Microsoft\\xae Windows\\xae Operating System",
                                "Description": "Attribute Utility",
                                "Company": "Microsoft Corporation",
                                "ParentProcessGuid": "{C784477D-2D6E-6389-0A06-000000003000}",
                                "User": "DESKTOP-B0T93D6\\george",
                                "Hashes": "MD5=A5540E9F87D4CB083BDF8269DEC1CFF9,SHA256=9C0378382F4606E3709675CD9E28C43525156B174D0A5CECB68EC4398C31EF1C,IMPHASH=F0A82FEBA5B0EF2BE614622AE3E32C1C",
                                "OriginalFileName": "ATTRIB.EXE",
                                "ParentImage": "C:\\Users\\george\\Desktop\\executable.exe",
                                "FileVersion": "10.0.17134.1 (WinBuild.160101.0800)",
                                "ParentProcessId": "1492",
                                "CurrentDirectory": "C:\\Users\\george\\Desktop\\",
                                "CommandLine": "attrib +r +s +h /d /s Label22*.*",
                                "EventID": "1",
                                "LogonGuid": "C784477D-2106-6386-650E-040000000000",
                                "LogonId": "265829",
                                "Image": "C:\\Windows\\SysWOW64\\attrib.exe",
                                "IntegrityLevel": "High",
                                "ParentCommandLine": "\"C:\\Users\\george\\Desktop\\executable.exe\"",
                                "UtcTime": "1669934540",
                                "RuleName": "-"
                            }
                        },
                        {
                            "values": {
                                "TerminalSessionId": "1",
                                "ProcessGuid": "{C784477D-2DCC-6389-3007-000000003000}",
                                "ProcessId": "3784",
                                "Product": "Microsoft\\xae Windows\\xae Operating System",
                                "Description": "Attribute Utility",
                                "Company": "Microsoft Corporation",
                                "ParentProcessGuid": "{C784477D-2D6E-6389-0A06-000000003000}",
                                "User": "DESKTOP-B0T93D6\\george",
                                "Hashes": "MD5=A5540E9F87D4CB083BDF8269DEC1CFF9,SHA256=9C0378382F4606E3709675CD9E28C43525156B174D0A5CECB68EC4398C31EF1C,IMPHASH=F0A82FEBA5B0EF2BE614622AE3E32C1C",
                                "OriginalFileName": "ATTRIB.EXE",
                                "ParentImage": "C:\\Users\\george\\Desktop\\executable.exe",
                                "FileVersion": "10.0.17134.1 (WinBuild.160101.0800)",
                                "ParentProcessId": "1492",
                                "CurrentDirectory": "C:\\Users\\george\\Desktop\\",
                                "CommandLine": "attrib +r +s +h /d /s Label23*.*",
                                "EventID": "1",
                                "LogonGuid": "C784477D-2106-6386-650E-040000000000",
                                "LogonId": "265829",
                                "Image": "C:\\Windows\\SysWOW64\\attrib.exe",
                                "IntegrityLevel": "High",
                                "ParentCommandLine": "\"C:\\Users\\george\\Desktop\\executable.exe\"",
                                "UtcTime": "1669934540",
                                "RuleName": "-"
                            }
                        },
                        {
                            "values": {
                                "TerminalSessionId": "1",
                                "ProcessGuid": "{C784477D-2DCC-6389-3607-000000003000}",
                                "ProcessId": "5432",
                                "Product": "Microsoft\\xae Windows\\xae Operating System",
                                "Description": "Attribute Utility",
                                "Company": "Microsoft Corporation",
                                "ParentProcessGuid": "{C784477D-2D6E-6389-0A06-000000003000}",
                                "User": "DESKTOP-B0T93D6\\george",
                                "Hashes": "MD5=A5540E9F87D4CB083BDF8269DEC1CFF9,SHA256=9C0378382F4606E3709675CD9E28C43525156B174D0A5CECB68EC4398C31EF1C,IMPHASH=F0A82FEBA5B0EF2BE614622AE3E32C1C",
                                "OriginalFileName": "ATTRIB.EXE",
                                "ParentImage": "C:\\Users\\george\\Desktop\\executable.exe",
                                "FileVersion": "10.0.17134.1 (WinBuild.160101.0800)",
                                "ParentProcessId": "1492",
                                "CurrentDirectory": "C:\\Users\\george\\Desktop\\",
                                "CommandLine": "attrib +r +s +h /d /s Label24*.*",
                                "EventID": "1",
                                "LogonGuid": "C784477D-2106-6386-650E-040000000000",
                                "LogonId": "265829",
                                "Image": "C:\\Windows\\SysWOW64\\attrib.exe",
                                "IntegrityLevel": "High",
                                "ParentCommandLine": "\"C:\\Users\\george\\Desktop\\executable.exe\"",
                                "UtcTime": "1669934540",
                                "RuleName": "-"
                            }
                        },
                        {
                            "values": {
                                "TerminalSessionId": "1",
                                "ProcessGuid": "{C784477D-2DCC-6389-3C07-000000003000}",
                                "ProcessId": "1620",
                                "Product": "Microsoft\\xae Windows\\xae Operating System",
                                "Description": "Attribute Utility",
                                "Company": "Microsoft Corporation",
                                "ParentProcessGuid": "{C784477D-2D6E-6389-0A06-000000003000}",
                                "User": "DESKTOP-B0T93D6\\george",
                                "Hashes": "MD5=A5540E9F87D4CB083BDF8269DEC1CFF9,SHA256=9C0378382F4606E3709675CD9E28C43525156B174D0A5CECB68EC4398C31EF1C,IMPHASH=F0A82FEBA5B0EF2BE614622AE3E32C1C",
                                "OriginalFileName": "ATTRIB.EXE",
                                "ParentImage": "C:\\Users\\george\\Desktop\\executable.exe",
                                "FileVersion": "10.0.17134.1 (WinBuild.160101.0800)",
                                "ParentProcessId": "1492",
                                "CurrentDirectory": "C:\\Users\\george\\Desktop\\",
                                "CommandLine": "attrib +r +s +h /d /s Label25*.*",
                                "EventID": "1",
                                "LogonGuid": "C784477D-2106-6386-650E-040000000000",
                                "LogonId": "265829",
                                "Image": "C:\\Windows\\SysWOW64\\attrib.exe",
                                "IntegrityLevel": "High",
                                "ParentCommandLine": "\"C:\\Users\\george\\Desktop\\executable.exe\"",
                                "UtcTime": "1669934540",
                                "RuleName": "-"
                            }
                        }
                    ],
                    "rule_level": "low",
                    "rule_description": "Marks a file as a system file using the attrib.exe utility",
                    "rule_source": "Sigma Integrated Rule Set (GitHub)",
                    "rule_title": "Set Windows System File with Attrib",
                    "rule_id": "62ce96b648991749ff9b9ccc7dafa1d8da64d6490e9f469683f00fa248ef9336",
                    "rule_author": "frack113"
                }
            ],
            "type_extension": "exe"
        }
    }
}