                        {
                            "values": {
                                "EventID": "13",
                                "ProcessId": "1492",
                                "EventType": "SetValue",
                                "Image": "C:\\Users\\george\\Desktop\\executable.exe",
                                "RuleName": "T1158",
                                "UtcTime": "1669934453",
                                "Details": "DWORD (0x00000001)",
                                "ProcessGuid": "{C784477D-2D6E-6389-0A06-000000003000}",
                                "TargetObject": "HKU\\S-1-5-21-1015118539-3749460369-599379286-1001\\Software\\Microsoft\\Windows\\CurrentVersion\\Explorer\\Advanced\\HideFileExt"
                            }
                        },
                        {
                            "values": {
                                "EventID": "13",
                                "ProcessId": "1492",
                                "EventType": "SetValue",
                                "Image": "C:\\Users\\george\\Desktop\\executable.exe",
                                "RuleName": "T1158",
                                "UtcTime": "1669934455",
                                "Details": "DWORD (0x00000002)",
                                "ProcessGuid": "{C784477D-2D6E-6389-0A06-000000003000}",
                                "TargetObject": "HKU\\S-1-5-21-1015118539-3749460369-599379286-1001\\Software\\Microsoft\\Windows\\CurrentVersion\\Explorer\\Advanced\\Hidden"
                            }
                        },
                        {
                            "values": {
                                "EventID": "13",
                                "ProcessId": "1492",
                                "EventType": "SetValue",
                                "Image": "C:\\Users\\george\\Desktop\\executable.exe",
                                "RuleName": "T1158",
                                "UtcTime": "1669934455",
                                "Details": "DWORD (0x00000001)",
                                "ProcessGuid": "{C784477D-2D6E-6389-0A06-000000003000}",
                                "TargetObject": "HKU\\S-1-5-21-1015118539-3749460369-599379286-1001\\Software\\Microsoft\\Windows\\CurrentVersion\\Explorer\\Advanced\\HideFileExt"
                            }
                        },
                        {
                            "values": {
                                "EventID": "13",
                                "ProcessId": "1492",
                                "EventType": "SetValue",
                                "Image": "C:\\Users\\george\\Desktop\\executable.exe",
                                "ProcessGuid": "{C784477D-2D6E-6389-0A06-000000003000}",
                                "UtcTime": "1669934489",
                                "Details": "DWORD (0x00000002)",
                                "RuleName": "T1158",
                                "TargetObject": "HKU\\S-1-5-21-1015118539-3749460369-599379286-1001\\Software\\Microsoft\\Windows\\CurrentVersion\\Explorer\\Advanced\\Hidden"
                            }
                        },
                        {
                            "values": {
                                "EventID": "13",
                                "ProcessId": "1492",
                                "EventType": "SetValue",
                                "Image": "C:\\Users\\george\\Desktop\\executable.exe",
                                "ProcessGuid": "{C784477D-2D6E-6389-0A06-000000003000}",
                                "UtcTime": "1669934489",
                                "Details": "DWORD (0x00000001)",
                                "RuleName": "T1158",
                                "TargetObject": "HKU\\S-1-5-21-1015118539-3749460369-599379286-1001\\Software\\Microsoft\\Windows\\CurrentVersion\\Explorer\\Advanced\\HideFileExt"
                            }
                        },
                        {
                            "values": {
                                "EventID": "13",
                                "ProcessId": "1492",
                                "EventType": "SetValue",
                                "Image": "C:\\Users\\george\\Desktop\\executable.exe",
                                "ProcessGuid": "{C784477D-2D6E-6389-0A06-000000003000}",
                                "UtcTime": "1669934493",
                                "Details": "DWORD (0x00000002)",
                                "RuleName": "T1158",
                                "TargetObject": "HKU\\S-1-5-21-1015118539-3749460369-599379286-1001\\Software\\Microsoft\\Windows\\CurrentVersion\\Explorer\\Advanced\\Hidden"
                            }
                        },
                        {
                            "values": {
                                "EventID": "13",
                                "ProcessId": "1492",
                                "EventType": "SetValue",
                                "Image": "C:\\Users\\george\\Desktop\\executable.exe",
                                "ProcessGuid": "{C784477D-2D6E-6389-0A06-000000003000}",
                                "UtcTime": "1669934493",
                                "Details": "DWORD (0x00000001)",
                                "RuleName": "T1158",
                                "TargetObject": "HKU\\S-1-5-21-1015118539-3749460369-599379286-1001\\Software\\Microsoft\\Windows\\CurrentVersion\\Explorer\\Advanced\\HideFileExt"
                            }
                        },
                        {
                            "values": {
                                "EventID": "13",
                                "ProcessId": "1492",
                                "EventType": "SetValue",
                                "Image": "C:\\Users\\george\\Desktop\\executable.exe",
                                "RuleName": "T1158",
                                "UtcTime": "1669934511",
                                "Details": "DWORD (0x00000002)",
                                "ProcessGuid": "{C784477D-2D6E-6389-0A06-000000003000}",
                                "TargetObject": "HKU\\S-1-5-21-1015118539-3749460369-599379286-1001\\Software\\Microsoft\\Windows\\CurrentVersion\\Explorer\\Advanced\\Hidden"
                            }
                        },
                        {
                            "values": {
                                "EventID": "13",
                                "ProcessId": "1492",
                                "EventType": "SetValue",
                                "Image": "C:\\Users\\george\\Desktop\\executable.exe",
                                "RuleName": "T1158",
                                "UtcTime": "1669934511",
                                "Details": "DWORD (0x00000001)",
                                "ProcessGuid": "{C784477D-2D6E-6389-0A06-000000003000}",
                                "TargetObject": "HKU\\S-1-5-21-1015118539-3749460369-599379286-1001\\Software\\Microsoft\\Windows\\CurrentVersion\\Explorer\\Advanced\\HideFileExt"
                            }
                        },
                        {
                            "values": {
                                "EventID": "13",
                                "ProcessId": "1492",
                                "EventType": "SetValue",
                                "Image": "C:\\Users\\george\\Desktop\\executable.exe",
                                "ProcessGuid": "{C784477D-2D6E-6389-0A06-000000003000}",
                                "UtcTime": "1669934513",
                                "Details": "DWORD (0x00000002)",
                                "RuleName": "T1158",
                                "TargetObject": "HKU\\S-1-5-21-1015118539-3749460369-599379286-1001\\Software\\Microsoft\\Windows\\CurrentVersion\\Explorer\\Advanced\\Hidden"
                            }
                        },
                        {
                            "values": {
                                "EventID": "13",
                                "ProcessId": "1492",
                                "EventType": "SetValue",
                                "Image": "C:\\Users\\george\\Desktop\\executable.exe",
                                "RuleName": "T1158",
                                "UtcTime": "1669934513",
                                "Details": "DWORD (0x00000001)",
                                "ProcessGuid": "{C784477D-2D6E-6389-0A06-000000003000}",
                                "TargetObject": "HKU\\S-1-5-21-1015118539-3749460369-599379286-1001\\Software\\Microsoft\\Windows\\CurrentVersion\\Explorer\\Advanced\\HideFileExt"
                            }
                        },
                        {
                            "values": {
                                "EventID": "13",
                                "ProcessId": "1492",
                                "EventType": "SetValue",
                                "Image": "C:\\Users\\george\\Desktop\\executable.exe",
                                "RuleName": "T1158",
                                "UtcTime": "1669934516",
                                "Details": "DWORD (0x00000002)",
                                "ProcessGuid": "{C784477D-2D6E-6389-0A06-000000003000}",
                                "TargetObject": "HKU\\S-1-5-21-1015118539-3749460369-599379286-1001\\Software\\Microsoft\\Windows\\CurrentVersion\\Explorer\\Advanced\\Hidden"
                            }
                        },
                        {
                            "values": {
                                "EventID": "13",
                                "ProcessId": "1492",
                                "EventType": "SetValue",
                                "Image": "C:\\Users\\george\\Desktop\\executable.exe",
                                "RuleName": "T1158",
                                "UtcTime": "1669934516",
                                "Details": "DWORD (0x00000001)",
                                "ProcessGuid": "{C784477D-2D6E-6389-0A06-000000003000}",
                                "TargetObject": "HKU\\S-1-5-21-1015118539-3749460369-599379286-1001\\Software\\Microsoft\\Windows\\CurrentVersion\\Explorer\\Advanced\\HideFileExt"
                            }
                        },
                        {
                            "values": {
                                "EventID": "13",
                                "ProcessId": "1492",
                                "EventType": "SetValue",
                                "Image": "C:\\Users\\george\\Desktop\\executable.exe",
                                "RuleName": "T1158",
                                "UtcTime": "1669934518",
                                "Details": "DWORD (0x00000002)",
                                "ProcessGuid": "{C784477D-2D6E-6389-0A06-000000003000}",
                                "TargetObject": "HKU\\S-1-5-21-1015118539-3749460369-599379286-1001\\Software\\Microsoft\\Windows\\CurrentVersion\\Explorer\\Advanced\\Hidden"
                            }
                        },
                        {
                            "values": {
                                "EventID": "13",
                                "ProcessId": "1492",
                                "EventType": "SetValue",
                                "Image": "C:\\Users\\george\\Desktop\\executable.exe",
                                "ProcessGuid": "{C784477D-2D6E-6389-0A06-000000003000}",
                                "UtcTime": "1669934518",
                                "Details": "DWORD (0x00000001)",
                                "RuleName": "T1158",
                                "TargetObject": "HKU\\S-1-5-21-1015118539-3749460369-599379286-1001\\Software\\Microsoft\\Windows\\CurrentVersion\\Explorer\\Advanced\\HideFileExt"
                            }
                        },
                        {
                            "values": {
                                "EventID": "13",
                                "ProcessId": "1492",
                                "EventType": "SetValue",
                                "Image": "C:\\Users\\george\\Desktop\\executable.exe",
                                "ProcessGuid": "{C784477D-2D6E-6389-0A06-000000003000}",
                                "UtcTime": "1669934520",
                                "Details": "DWORD (0x00000002)",
                                "RuleName": "T1158",
                                "TargetObject": "HKU\\S-1-5-21-1015118539-3749460369-599379286-1001\\Software\\Microsoft\\Windows\\CurrentVersion\\Explorer\\Advanced\\Hidden"
                            }
                        },
                        {
                            "values": {
                                "EventID": "13",
                                "ProcessId": "1492",
                                "EventType": "SetValue",
                                "Image": "C:\\Users\\george\\Desktop\\executable.exe",
                                "RuleName": "T1158",
                                "UtcTime": "1669934520",
                                "Details": "DWORD (0x00000001)",
                                "ProcessGuid": "{C784477D-2D6E-6389-0A06-000000003000}",
                                "TargetObject": "HKU\\S-1-5-21-1015118539-3749460369-599379286-1001\\Software\\Microsoft\\Windows\\CurrentVersion\\Explorer\\Advanced\\HideFileExt"
                            }
                        },
                        {
                            "values": {
                                "EventID": "13",
                                "ProcessId": "1492",
                                "EventType": "SetValue",
                                "Image": "C:\\Users\\george\\Desktop\\executable.exe",
                                "RuleName": "T1158",
                                "UtcTime": "1669934522",
                                "Details": "DWORD (0x00000002)",
                                "ProcessGuid": "{C784477D-2D6E-6389-0A06-000000003000}",
                                "TargetObject": "HKU\\S-1-5-21-1015118539-3749460369-599379286-1001\\Software\\Microsoft\\Windows\\CurrentVersion\\Explorer\\Advanced\\Hidden"
                            }
                        },
                        {
                            "values": {
                                "EventID": "13",
                                "ProcessId": "1492",
                                "EventType": "SetValue",
                                "Image": "C:\\Users\\george\\Desktop\\executable.exe",
                                "RuleName": "T1158",
                                "UtcTime": "1669934522",
                                "Details": "DWORD (0x00000001)",
                                "ProcessGuid": "{C784477D-2D6E-6389-0A06-000000003000}",
                                "TargetObject": "HKU\\S-1-5-21-1015118539-3749460369-599379286-1001\\Software\\Microsoft\\Windows\\CurrentVersion\\Explorer\\Advanced\\HideFileExt"
                            }
                        },
                        {
                            "values": {
                                "EventID": "13",
                                "ProcessId": "1492",
                                "EventType": "SetValue",
                                "Image": "C:\\Users\\george\\Desktop\\executable.exe",
                                "ProcessGuid": "{C784477D-2D6E-6389-0A06-000000003000}",
                                "UtcTime": "1669934524",
                                "Details": "DWORD (0x00000002)",
                                "RuleName": "T1158",
                                "TargetObject": "HKU\\S-1-5-21-1015118539-3749460369-599379286-1001\\Software\\Microsoft\\Windows\\CurrentVersion\\Explorer\\Advanced\\Hidden"
                            }
                        },
                        {
                            "values": {
                                "EventID": "13",
                                "ProcessId": "1492",
                                "EventType": "SetValue",
                                "Image": "C:\\Users\\george\\Desktop\\executable.exe",
                                "RuleName": "T1158",
                                "UtcTime": "1669934524",
                                "Details": "DWORD (0x00000001)",
                                "ProcessGuid": "{C784477D-2D6E-6389-0A06-000000003000}",
                                "TargetObject": "HKU\\S-1-5-21-1015118539-3749460369-599379286-1001\\Software\\Microsoft\\Windows\\CurrentVersion\\Explorer\\Advanced\\HideFileExt"
                            }
                        },
                        {
                            "values": {
                                "EventID": "13",
                                "ProcessId": "1492",
                                "EventType": "SetValue",
                                "Image": "C:\\Users\\george\\Desktop\\executable.exe",
                                "ProcessGuid": "{C784477D-2D6E-6389-0A06-000000003000}",
                                "UtcTime": "1669934526",
                                "Details": "DWORD (0x00000002)",
                                "RuleName": "T1158",
                                "TargetObject": "HKU\\S-1-5-21-1015118539-3749460369-599379286-1001\\Software\\Microsoft\\Windows\\CurrentVersion\\Explorer\\Advanced\\Hidden"
                            }
                        },
                        {
                            "values": {
                                "EventID": "13",
                                "ProcessId": "1492",
                                "EventType": "SetValue",
                                "Image": "C:\\Users\\george\\Desktop\\executable.exe",
                                "RuleName": "T1158",
                                "UtcTime": "1669934526",
                                "Details": "DWORD (0x00000001)",
                                "ProcessGuid": "{C784477D-2D6E-6389-0A06-000000003000}",
                                "TargetObject": "HKU\\S-1-5-21-1015118539-3749460369-599379286-1001\\Software\\Microsoft\\Windows\\CurrentVersion\\Explorer\\Advanced\\HideFileExt"
                            }
                        },
                        {
                            "values": {
                                "EventID": "13",
                                "ProcessId": "1492",
                                "EventType": "SetValue",
                                "Image": "C:\\Users\\george\\Desktop\\executable.exe",
                                "RuleName": "T1158",
                                "UtcTime": "1669934529",
                                "Details": "DWORD (0x00000002)",
                                "ProcessGuid": "{C784477D-2D6E-6389-0A06-000000003000}",
                                "TargetObject": "HKU\\S-1-5-21-1015118539-3749460369-599379286-1001\\Software\\Microsoft\\Windows\\CurrentVersion\\Explorer\\Advanced\\Hidden"
                            }
                        },
                        {
                            "values": {
                                "EventID": "13",
                                "ProcessId": "1492",
                                "EventType": "SetValue",
                                "Image": "C:\\Users\\george\\Desktop\\executable.exe",
                                "ProcessGuid": "{C784477D-2D6E-6389-0A06-000000003000}",
                                "UtcTime": "1669934529",
                                "Details": "DWORD (0x00000001)",
                                "RuleName": "T1158",
                                "TargetObject": "HKU\\S-1-5-21-1015118539-3749460369-599379286-1001\\Software\\Microsoft\\Windows\\CurrentVersion\\Explorer\\Advanced\\HideFileExt"
                            }
                        },
                        {
                            "values": {
                                "EventID": "13",
                                "ProcessId": "1492",
                                "EventType": "SetValue",
                                "Image": "C:\\Users\\george\\Desktop\\executable.exe",
                                "ProcessGuid": "{C784477D-2D6E-6389-0A06-000000003000}",
                                "UtcTime": "1669934531",
                                "Details": "DWORD (0x00000002)",
                                "RuleName": "T1158",
                                "TargetObject": "HKU\\S-1-5-21-1015118539-3749460369-599379286-1001\\Software\\Microsoft\\Windows\\CurrentVersion\\Explorer\\Advanced\\Hidden"
                            }
                        },
                        {
                            "values": {
                                "EventID": "13",
                                "ProcessId": "1492",
                                "EventType": "SetValue",
                                "Image": "C:\\Users\\george\\Desktop\\executable.exe",
                                "RuleName": "T1158",
                                "UtcTime": "1669934531",
                                "Details": "DWORD (0x00000001)",
                                "ProcessGuid": "{C784477D-2D6E-6389-0A06-000000003000}",
                                "TargetObject": "HKU\\S-1-5-21-1015118539-3749460369-599379286-1001\\Software\\Microsoft\\Windows\\CurrentVersion\\Explorer\\Advanced\\HideFileExt"
                            }
                        },
                        {
                            "values": {
                                "EventID": "13",
                                "ProcessId": "1492",
                                "EventType": "SetValue",
                                "Image": "C:\\Users\\george\\Desktop\\executable.exe",
                                "ProcessGuid": "{C784477D-2D6E-6389-0A06-000000003000}",
                                "UtcTime": "1669934533",
                                "Details": "DWORD (0x00000002)",
                                "RuleName": "T1158",
                                "TargetObject": "HKU\\S-1-5-21-1015118539-3749460369-599379286-1001\\Software\\Microsoft\\Windows\\CurrentVersion\\Explorer\\Advanced\\Hidden"
                            }
                        },
                        {
                            "values": {
                                "EventID": "13",
                                "ProcessId": "1492",
                                "EventType": "SetValue",
                                "Image": "C:\\Users\\george\\Desktop\\executable.exe",
                                "ProcessGuid": "{C784477D-2D6E-6389-0A06-000000003000}",
                                "UtcTime": "1669934533",
                                "Details": "DWORD (0x00000001)",
                                "RuleName": "T1158",
                                "TargetObject": "HKU\\S-1-5-21-1015118539-3749460369-599379286-1001\\Software\\Microsoft\\Windows\\CurrentVersion\\Explorer\\Advanced\\HideFileExt"
                            }
                        }
                    ],
                    "rule_level": "medium",
                    "rule_description": "Hides the file extension through modification of the registry",
                    "rule_source": "Sigma Integrated Rule Set (GitHub)",
                    "rule_title": "Registry Modification to Hidden File Extension",
                    "rule_id": "e6d175111f1e8dfecb77e2bbe404bdaad31873a97477136b427187abb5d09a89",
                    "rule_author": "frack113"
                },
                {
                    "match_context": [
                        {
                            "values": {
                                "TerminalSessionId": "1",
                                "ProcessGuid": "{C784477D-2D78-6389-0D06-000000003000}",
                                "ProcessId": "1448",
                                "Product": "Microsoft\\xae Windows\\xae Operating System",
                                "Description": "Attribute Utility",
                                "Company": "Microsoft Corporation",
                                "ParentProcessGuid": "{C784477D-2D6E-6389-0A06-000000003000}",
                                "User": "DESKTOP-B0T93D6\\george",
                                "Hashes": "MD5=A5540E9F87D4CB083BDF8269DEC1CFF9,SHA256=9C0378382F4606E3709675CD9E28C43525156B174D0A5CECB68EC4398C31EF1C,IMPHASH=F0A82FEBA5B0EF2BE614622AE3E32C1C",
                                "OriginalFileName": "ATTRIB.EXE",
                                "ParentImage": "C:\\Users\\george\\Desktop\\executable.exe",
                                "FileVersion": "10.0.17134.1 (WinBuild.160101.0800)",
                                "ParentProcessId": "1492",
                                "CurrentDirectory": "C:\\Users\\george\\Desktop\\",
                                "CommandLine": "attrib +r +s +h /d /s Label1*.*",
                                "EventID": "1",
                                "LogonGuid": "C784477D-2106-6386-650E-040000000000",
                                "LogonId": "265829",
                                "Image": "C:\\Windows\\SysWOW64\\attrib.exe",
                                "IntegrityLevel": "High",
                                "ParentCommandLine": "\"C:\\Users\\george\\Desktop\\executable.exe\"",
                                "UtcTime": "1669934456",
                                "RuleName": "-"
                            }
                        },
                        {
                            "values": {
                                "TerminalSessionId": "1",
                                "ProcessGuid": "{C784477D-2D79-6389-1306-000000003000}",
                                "ProcessId": "5256",
                                "Product": "Microsoft\\xae Windows\\xae Operating System",
                                "Description": "Attribute Utility",
                                "Company": "Microsoft Corporation",
                                "ParentProcessGuid": "{C784477D-2D6E-6389-0A06-000000003000}",
                                "User": "DESKTOP-B0T93D6\\george",
                                "Hashes": "MD5=A5540E9F87D4CB083BDF8269DEC1CFF9,SHA256=9C0378382F4606E3709675CD9E28C43525156B174D0A5CECB68EC4398C31EF1C,IMPHASH=F0A82FEBA5B0EF2BE614622AE3E32C1C",
                                "OriginalFileName": "ATTRIB.EXE",
                                "ParentImage": "C:\\Users\\george\\Desktop\\executable.exe",
                                "FileVersion": "10.0.17134.1 (WinBuild.160101.0800)",
                                "ParentProcessId": "1492",
                                "CurrentDirectory": "C:\\Users\\george\\Desktop\\",
                                "CommandLine": "attrib +r +s +h /d /s Label2*.*",
                                "EventID": "1",
                                "LogonGuid": "C784477D-2106-6386-650E-040000000000",
                                "LogonId": "265829",
                                "Image": "C:\\Windows\\SysWOW64\\attrib.exe",
                                "IntegrityLevel": "High",
                                "ParentCommandLine": "\"C:\\Users\\george\\Desktop\\executable.exe\"",
                                "UtcTime": "1669934457",
                                "RuleName": "-"
                            }
                        },
                        {
                            "values": {
                                "TerminalSessionId": "1",
                                "ProcessGuid": "{C784477D-2D7A-6389-1906-000000003000}",
                                "ProcessId": "6200",
                                "Product": "Microsoft\\xae Windows\\xae Operating System",
                                "Description": "Attribute Utility",
                                "Company": "Microsoft Corporation",
                                "ParentProcessGuid": "{C784477D-2D6E-6389-0A06-000000003000}",
                                "User": "DESKTOP-B0T93D6\\george",
                                "Hashes": "MD5=A5540E9F87D4CB083BDF8269DEC1CFF9,SHA256=9C0378382F4606E3709675CD9E28C43525156B174D0A5CECB68EC4398C31EF1C,IMPHASH=F0A82FEBA5B0EF2BE614622AE3E32C1C",
                                "OriginalFileName": "ATTRIB.EXE",
                                "ParentImage": "C:\\Users\\george\\Desktop\\executable.exe",
                                "FileVersion": "10.0.17134.1 (WinBuild.160101.0800)",
                                "ParentProcessId": "1492",
                                "CurrentDirectory": "C:\\Users\\george\\Desktop\\",
                                "CommandLine": "attrib +r +s +h /d /s Label3*.*",
                                "EventID": "1",
                                "LogonGuid": "C784477D-2106-6386-650E-040000000000",
                                "LogonId": "265829",
                                "Image": "C:\\Windows\\SysWOW64\\attrib.exe",
                                "IntegrityLevel": "High",
                                "ParentCommandLine": "\"C:\\Users\\george\\Desktop\\executable.exe\"",
                                "UtcTime": "1669934458",
                                "RuleName": "-"
                            }
                        },
                        {
                            "values": {
                                "TerminalSessionId": "1",
                                "ProcessGuid": "{C784477D-2D7B-6389-1F06-000000003000}",
                                "ProcessId": "3564",
                                "Product": "Microsoft\\xae Windows\\xae Operating System",
                                "Description": "Attribute Utility",
                                "Company": "Microsoft Corporation",
                                "ParentProcessGuid": "{C784477D-2D6E-6389-0A06-000000003000}",
                                "User": "DESKTOP-B0T93D6\\george",
                                "Hashes": "MD5=A5540E9F87D4CB083BDF8269DEC1CFF9,SHA256=9C0378382F4606E3709675CD9E28C43525156B174D0A5CECB68EC4398C31EF1C,IMPHASH=F0A82FEBA5B0EF2BE614622AE3E32C1C",
                                "OriginalFileName": "ATTRIB.EXE",
                                "ParentImage": "C:\\Users\\george\\Desktop\\executable.exe",
                                "FileVersion": "10.0.17134.1 (WinBuild.160101.0800)",
                                "ParentProcessId": "1492",
                                "CurrentDirectory": "C:\\Users\\george\\Desktop\\",
                                "CommandLine": "attrib +r +s +h /d /s Label4*.*",
                                "EventID": "1",
                                "LogonGuid": "C784477D-2106-6386-650E-040000000000",
                                "LogonId": "265829",
                                "Image": "C:\\Windows\\SysWOW64\\attrib.exe",
                                "IntegrityLevel": "High",
                                "ParentCommandLine": "\"C:\\Users\\george\\Desktop\\executable.exe\"",
                                "UtcTime": "1669934459",
                                "RuleName": "-"
                            }
                        },
                        {
                            "values": {
                                "TerminalSessionId": "1",
                                "ProcessGuid": "{C784477D-2D7C-6389-2506-000000003000}",
                                "ProcessId": "2404",
                                "Product": "Microsoft\\xae Windows\\xae Operating System",
                                "Description": "Attribute Utility",
                                "Company": "Microsoft Corporation",
                                "ParentProcessGuid": "{C784477D-2D6E-6389-0A06-000000003000}",
                                "User": "DESKTOP-B0T93D6\\george",
                                "Hashes": "MD5=A5540E9F87D4CB083BDF8269DEC1CFF9,SHA256=9C0378382F4606E3709675CD9E28C43525156B174D0A5CECB68EC4398C31EF1C,IMPHASH=F0A82FEBA5B0EF2BE614622AE3E32C1C",
                                "OriginalFileName": "ATTRIB.EXE",
                                "ParentImage": "C:\\Users\\george\\Desktop\\executable.exe",
                                "FileVersion": "10.0.17134.1 (WinBuild.160101.0800)",
                                "ParentProcessId": "1492",
                                "CurrentDirectory": "C:\\Users\\george\\Desktop\\",
                                "CommandLine": "attrib +r +s +h /d /s Label5*.*",
                                "EventID": "1",
                                "LogonGuid": "C784477D-2106-6386-650E-040000000000",
                                "LogonId": "265829",
                                "Image": "C:\\Windows\\SysWOW64\\attrib.exe",
                                "IntegrityLevel": "High",
                                "ParentCommandLine": "\"C:\\Users\\george\\Desktop\\executable.exe\"",
                                "UtcTime": "1669934460",
                                "RuleName": "-"
                            }
                        },
                        {
                            "values": {
                                "TerminalSessionId": "1",
                                "ProcessGuid": "{C784477D-2D7E-6389-2C06-000000003000}",
                                "ProcessId": "7108",
                                "Product": "Microsoft\\xae Windows\\xae Operating System",
                                "Description": "Attribute Utility",
                                "Company": "Microsoft Corporation",
                                "ParentProcessGuid": "{C784477D-2D6E-6389-0A06-000000003000}",
                                "User": "DESKTOP-B0T93D6\\george",
                                "Hashes": "MD5=A5540E9F87D4CB083BDF8269DEC1CFF9,SHA256=9C0378382F4606E3709675CD9E28C43525156B174D0A5CECB68EC4398C31EF1C,IMPHASH=F0A82FEBA5B0EF2BE614622AE3E32C1C",
                                "OriginalFileName": "ATTRIB.EXE",
                                "ParentImage": "C:\\Users\\george\\Desktop\\executable.exe",
                                "FileVersion": "10.0.17134.1 (WinBuild.160101.0800)",
                                "ParentProcessId": "1492",
                                "CurrentDirectory": "C:\\Users\\george\\Desktop\\",
                                "CommandLine": "attrib +r +s +h /d /s Label6*.*",
                                "EventID": "1",
                                "LogonGuid": "C784477D-2106-6386-650E-040000000000",
                                "LogonId": "265829",
                                "Image": "C:\\Windows\\SysWOW64\\attrib.exe",
                                "IntegrityLevel": "High",
                                "ParentCommandLine": "\"C:\\Users\\george\\Desktop\\executable.exe\"",
                                "UtcTime": "1669934462",
                                "RuleName": "-"
                            }
                        },
                        {
                            "values": {
                                "TerminalSessionId": "1",
                                "ProcessGuid": "{C784477D-2D7F-6389-3206-000000003000}",
                                "ProcessId": "2500",
                                "Product": "Microsoft\\xae Windows\\xae Operating System",
                                "Description": "Attribute Utility",
                                "Company": "Microsoft Corporation",
                                "ParentProcessGuid": "{C784477D-2D6E-6389-0A06-000000003000}",
                                "User": "DESKTOP-B0T93D6\\george",
                                "Hashes": "MD5=A5540E9F87D4CB083BDF8269DEC1CFF9,SHA256=9C0378382F4606E3709675CD9E28C43525156B174D0A5CECB68EC4398C31EF1C,IMPHASH=F0A82FEBA5B0EF2BE614622AE3E32C1C",
                                "OriginalFileName": "ATTRIB.EXE",
                                "ParentImage": "C:\\Users\\george\\Desktop\\executable.exe",
                                "FileVersion": "10.0.17134.1 (WinBuild.160101.0800)",
                                "ParentProcessId": "1492",
                                "CurrentDirectory": "C:\\Users\\george\\Desktop\\",
                                "CommandLine": "attrib +r +s +h /d /s Label7*.*",
                                "EventID": "1",
                                "LogonGuid": "C784477D-2106-6386-650E-040000000000",
                                "LogonId": "265829",
                                "Image": "C:\\Windows\\SysWOW64\\attrib.exe",
                                "IntegrityLevel": "High",
                                "ParentCommandLine": "\"C:\\Users\\george\\Desktop\\executable.exe\"",
                                "UtcTime": "1669934463",
                                "RuleName": "-"
                            }
                        },
                        {
                            "values": {
                                "TerminalSessionId": "1",
                                "ProcessGuid": "{C784477D-2D80-6389-3806-000000003000}",
                                "ProcessId": "5388",
                                "Product": "Microsoft\\xae Windows\\xae Operating System",
                                "Description": "Attribute Utility",
                                "Company": "Microsoft Corporation",
                                "ParentProcessGuid": "{C784477D-2D6E-6389-0A06-000000003000}",
                                "User": "DESKTOP-B0T93D6\\george",
                                "Hashes": "MD5=A5540E9F87D4CB083BDF8269DEC1CFF9,SHA256=9C0378382F4606E3709675CD9E28C43525156B174D0A5CECB68EC4398C31EF1C,IMPHASH=F0A82FEBA5B0EF2BE614622AE3E32C1C",
                                "OriginalFileName": "ATTRIB.EXE",
                                "ParentImage": "C:\\Users\\george\\Desktop\\executable.exe",
                                "FileVersion": "10.0.17134.1 (WinBuild.160101.0800)",
                                "ParentProcessId": "1492",
                                "CurrentDirectory": "C:\\Users\\george\\Desktop\\",
                                "CommandLine": "attrib +r +s +h /d /s Label8*.*",
                                "EventID": "1",
                                "LogonGuid": "C784477D-2106-6386-650E-040000000000",
                                "LogonId": "265829",
                                "Image": "C:\\Windows\\SysWOW64\\attrib.exe",
                                "IntegrityLevel": "High",
                                "ParentCommandLine": "\"C:\\Users\\george\\Desktop\\executable.exe\"",
                                "UtcTime": "1669934464",
                                "RuleName": "-"
                            }
                        },
                        {
                            "values": {
                                "TerminalSessionId": "1",
                                "ProcessGuid": "{C784477D-2D81-6389-3E06-000000003000}",
                                "ProcessId": "2756",
                                "Product": "Microsoft\\xae Windows\\xae Operating System",
                                "Description": "Attribute Utility",
                                "Company": "Microsoft Corporation",
                                "ParentProcessGuid": "{C784477D-2D6E-6389-0A06-000000003000}",
                                "User": "DESKTOP-B0T93D6\\george",
                                "Hashes": "MD5=A5540E9F87D4CB083BDF8269DEC1CFF9,SHA256=9C0378382F4606E3709675CD9E28C43525156B174D0A5CECB68EC4398C31EF1C,IMPHASH=F0A82FEBA5B0EF2BE614622AE3E32C1C",
                                "OriginalFileName": "ATTRIB.EXE",
                                "ParentImage": "C:\\Users\\george\\Desktop\\executable.exe",
                                "FileVersion": "10.0.17134.1 (WinBuild.160101.0800)",
                                "ParentProcessId": "1492",
                                "CurrentDirectory": "C:\\Users\\george\\Desktop\\",
                                "CommandLine": "attrib +r +s +h /d /s Label9*.*",
                                "EventID": "1",
                                "LogonGuid": "C784477D-2106-6386-650E-040000000000",
                                "LogonId": "265829",
                                "Image": "C:\\Windows\\SysWOW64\\attrib.exe",
                                "IntegrityLevel": "High",
                                "ParentCommandLine": "\"C:\\Users\\george\\Desktop\\executable.exe\"",
                                "UtcTime": "1669934465",
                                "RuleName": "-"
                            }
                        },
                        {
                            "values": {
                                "TerminalSessionId": "1",
                                "ProcessGuid": "{C784477D-2D83-6389-4606-000000003000}",
                                "ProcessId": "1776",
                                "Product": "Microsoft\\xae Windows\\xae Operating System",
                                "Description": "Attribute Utility",
                                "Company": "Microsoft Corporation",
                                "ParentProcessGuid": "{C784477D-2D6E-6389-0A06-000000003000}",
                                "User": "DESKTOP-B0T93D6\\george",
                                "Hashes": "MD5=A5540E9F87D4CB083BDF8269DEC1CFF9,SHA256=9C0378382F4606E3709675CD9E28C43525156B174D0A5CECB68EC4398C31EF1C,IMPHASH=F0A82FEBA5B0EF2BE614622AE3E32C1C",
                                "OriginalFileName": "ATTRIB.EXE",
                                "ParentImage": "C:\\Users\\george\\Desktop\\executable.exe",
                                "FileVersion": "10.0.17134.1 (WinBuild.160101.0800)",
                                "ParentProcessId": "1492",
                                "CurrentDirectory": "C:\\Users\\george\\Desktop\\",
                                "CommandLine": "attrib +r +s +h /d /s Label10*.*",
                                "EventID": "1",
                                "LogonGuid": "C784477D-2106-6386-650E-040000000000",
                                "LogonId": "265829",
                                "Image": "C:\\Windows\\SysWOW64\\attrib.exe",
                                "IntegrityLevel": "High",
                                "ParentCommandLine": "\"C:\\Users\\george\\Desktop\\executable.exe\"",
                                "UtcTime": "1669934467",
                                "RuleName": "-"
                            }
                        },
                        {
                            "values": {
                                "TerminalSessionId": "1",
                                "ProcessGuid": "{C784477D-2D84-6389-4D06-000000003000}",
                                "ProcessId": "4556",
                                "Product": "Microsoft\\xae Windows\\xae Operating System",
                                "Description": "Attribute Utility",
                                "Company": "Microsoft Corporation",
                                "ParentProcessGuid": "{C784477D-2D6E-6389-0A06-000000003000}",
                                "User": "DESKTOP-B0T93D6\\george",
                                "Hashes": "MD5=A5540E9F87D4CB083BDF8269DEC1CFF9,SHA256=9C0378382F4606E3709675CD9E28C43525156B174D0A5CECB68EC4398C31EF1C,IMPHASH=F0A82FEBA5B0EF2BE614622AE3E32C1C",
                                "OriginalFileName": "ATTRIB.EXE",
                                "ParentImage": "C:\\Users\\george\\Desktop\\executable.exe",
                                "FileVersion": "10.0.17134.1 (WinBuild.160101.0800)",
                                "ParentProcessId": "1492",
                                "CurrentDirectory": "C:\\Users\\george\\Desktop\\",
                                "CommandLine": "attrib +r +s +h /d /s Label11*.*",
                                "EventID": "1",
                                "LogonGuid": "C784477D-2106-6386-650E-040000000000",
                                "LogonId": "265829",
                                "Image": "C:\\Windows\\SysWOW64\\attrib.exe",
                                "IntegrityLevel": "High",
                                "ParentCommandLine": "\"C:\\Users\\george\\Desktop\\executable.exe\"",
                                "UtcTime": "1669934468",
                                "RuleName": "-"
                            }
                        },
                        {
                            "values": {
                                "TerminalSessionId": "1",
                                "ProcessGuid": "{C784477D-2D85-6389-5306-000000003000}",
                                "ProcessId": "6960",
                                "Product": "Microsoft\\xae Windows\\xae Operating System",
                                "Description": "Attribute Utility",
                                "Company": "Microsoft Corporation",
                                "ParentProcessGuid": "{C784477D-2D6E-6389-0A06-000000003000}",
                                "User": "DESKTOP-B0T93D6\\george",
                                "Hashes": "MD5=A5540E9F87D4CB083BDF8269DEC1CFF9,SHA256=9C0378382F4606E3709675CD9E28C43525156B174D0A5CECB68EC4398C31EF1C,IMPHASH=F0A82FEBA5B0EF2BE614622AE3E32C1C",
                                "OriginalFileName": "ATTRIB.EXE",
                                "ParentImage": "C:\\Users\\george\\Desktop\\executable.exe",
                                "FileVersion": "10.0.17134.1 (WinBuild.160101.0800)",
                                "ParentProcessId": "1492",
                                "CurrentDirectory": "C:\\Users\\george\\Desktop\\",
                                "CommandLine": "attrib +r +s +h /d /s Label12*.*",
                                "EventID": "1",
                                "LogonGuid": "C784477D-2106-6386-650E-040000000000",
                                "LogonId": "265829",
                                "Image": "C:\\Windows\\SysWOW64\\attrib.exe",
                                "IntegrityLevel": "High",
                                "ParentCommandLine": "\"C:\\Users\\george\\Desktop\\executable.exe\"",
                                "UtcTime": "1669934469",
                                "RuleName": "-"
                            }
                        },
                        {
                            "values": {
                                "TerminalSessionId": "1",
                                "ProcessGuid": "{C784477D-2D86-6389-5906-000000003000}",
                                "ProcessId": "3208",
                                "Product": "Microsoft\\xae Windows\\xae Operating System",
                                "Description": "Attribute Utility",
                                "Company": "Microsoft Corporation",
                                "ParentProcessGuid": "{C784477D-2D6E-6389-0A06-000000003000}",
                                "User": "DESKTOP-B0T93D6\\george",
                                "Hashes": "MD5=A5540E9F87D4CB083BDF8269DEC1CFF9,SHA256=9C0378382F4606E3709675CD9E28C43525156B174D0A5CECB68EC4398C31EF1C,IMPHASH=F0A82FEBA5B0EF2BE614622AE3E32C1C",
                                "OriginalFileName": "ATTRIB.EXE",
                                "ParentImage": "C:\\Users\\george\\Desktop\\executable.exe",
                                "FileVersion": "10.0.17134.1 (WinBuild.160101.0800)",
                                "ParentProcessId": "1492",
                                "CurrentDirectory": "C:\\Users\\george\\Desktop\\",
                                "CommandLine": "attrib +r +s +h /d /s Label13*.*",
                                "EventID": "1",
                                "LogonGuid": "C784477D-2106-6386-650E-040000000000",
                                "LogonId": "265829",
                                "Image": "C:\\Windows\\SysWOW64\\attrib.exe",
                                "IntegrityLevel": "High",
                                "ParentCommandLine": "\"C:\\Users\\george\\Desktop\\executable.exe\"",
                                "UtcTime": "1669934470",
                                "RuleName": "-"
                            }
                        },
