                        {
                            "values": {
                                "TerminalSessionId": "1",
                                "ProcessGuid": "{C784477D-807A-653C-5706-000000003B00}",
                                "ProcessId": "3484",
                                "Product": "Microsoft\\xae Windows\\xae Operating System",
                                "Description": "Command Line Interface for Microsoft\\xae Volume Shadow Copy Service ",
                                "Company": "Microsoft Corporation",
                                "ParentProcessGuid": "{C784477D-8079-653C-5506-000000003B00}",
                                "User": "DESKTOP-B0T93D6\\george",
                                "Hashes": "MD5=7E30B94672107D3381A1D175CF18C147,SHA256=BB1D73C5104A722F228B39CCB24C6F2BB13EFCCA2EA65B013D33433550E3BCE7,IMPHASH=B8C53607A902DC54702978C63D6E8B2E",
                                "OriginalFileName": "VSSADMIN.EXE",
                                "ParentImage": "C:\\Windows\\SysWOW64\\explorer.exe",
                                "FileVersion": "10.0.17134.1 (WinBuild.160101.0800)",
                                "ParentProcessId": "3636",
                                "CurrentDirectory": "C:\\cf3fbf4\\",
                                "CommandLine": "vssadmin.exe Delete Shadows /All /Quiet",
                                "EventID": "1",
                                "LogonGuid": "C784477D-740F-6539-39D3-030000000000",
                                "LogonId": "250681",
                                "Image": "C:\\Windows\\SysWOW64\\vssadmin.exe",
                                "IntegrityLevel": "Medium",
                                "ParentCommandLine": "\"C:\\Windows\\syswow64\\explorer.exe\"",
                                "UtcTime": "1698463866",
                                "RuleName": "-"
                            }
                        },
                        {
                            "values": {
                                "TerminalSessionId": "1",
                                "ProcessGuid": "{C784477D-8082-653C-5E06-000000003B00}",
                                "ProcessId": "1832",
                                "Product": "Microsoft\\xae Windows\\xae Operating System",
                                "Description": "Command Line Interface for Microsoft\\xae Volume Shadow Copy Service ",
                                "Company": "Microsoft Corporation",
                                "ParentProcessGuid": "{C784477D-8081-653C-5C06-000000003B00}",
                                "User": "DESKTOP-B0T93D6\\george",
                                "Hashes": "MD5=7E30B94672107D3381A1D175CF18C147,SHA256=BB1D73C5104A722F228B39CCB24C6F2BB13EFCCA2EA65B013D33433550E3BCE7,IMPHASH=B8C53607A902DC54702978C63D6E8B2E",
                                "OriginalFileName": "VSSADMIN.EXE",
                                "ParentImage": "C:\\Windows\\SysWOW64\\explorer.exe",
                                "FileVersion": "10.0.17134.1 (WinBuild.160101.0800)",
                                "ParentProcessId": "6236",
                                "CurrentDirectory": "C:\\Users\\george\\AppData\\Roaming\\",
                                "CommandLine": "vssadmin.exe Delete Shadows /All /Quiet",
                                "EventID": "1",
                                "LogonGuid": "C784477D-740F-6539-39D3-030000000000",
                                "LogonId": "250681",
                                "Image": "C:\\Windows\\SysWOW64\\vssadmin.exe",
                                "IntegrityLevel": "Medium",
                                "ParentCommandLine": "\"C:\\Windows\\syswow64\\explorer.exe\"",
                                "UtcTime": "1698463874",
                                "RuleName": "-"
                            }
                        },
                        {
                            "values": {
                                "TerminalSessionId": "1",
                                "ProcessGuid": "{C784477D-808A-653C-6306-000000003B00}",
                                "ProcessId": "6012",
                                "Product": "Microsoft\\xae Windows\\xae Operating System",
                                "Description": "Command Line Interface for Microsoft\\xae Volume Shadow Copy Service ",
                                "Company": "Microsoft Corporation",
                                "ParentProcessGuid": "{C784477D-8089-653C-6106-000000003B00}",
                                "User": "DESKTOP-B0T93D6\\george",
                                "Hashes": "MD5=7E30B94672107D3381A1D175CF18C147,SHA256=BB1D73C5104A722F228B39CCB24C6F2BB13EFCCA2EA65B013D33433550E3BCE7,IMPHASH=B8C53607A902DC54702978C63D6E8B2E",
                                "OriginalFileName": "VSSADMIN.EXE",
                                "ParentImage": "C:\\Windows\\SysWOW64\\explorer.exe",
                                "FileVersion": "10.0.17134.1 (WinBuild.160101.0800)",
                                "ParentProcessId": "1556",
                                "CurrentDirectory": "C:\\cf3fbf4\\",
                                "CommandLine": "vssadmin.exe Delete Shadows /All /Quiet",
                                "EventID": "1",
                                "LogonGuid": "C784477D-740F-6539-39D3-030000000000",
                                "LogonId": "250681",
                                "Image": "C:\\Windows\\SysWOW64\\vssadmin.exe",
                                "IntegrityLevel": "Medium",
                                "ParentCommandLine": "\"C:\\Windows\\syswow64\\explorer.exe\"",
                                "UtcTime": "1698463882",
                                "RuleName": "-"
                            }
                        },
                        {
                            "values": {
                                "TerminalSessionId": "1",
                                "ProcessGuid": "{C784477D-8093-653C-6806-000000003B00}",
                                "ProcessId": "7584",
                                "Product": "Microsoft\\xae Windows\\xae Operating System",
                                "Description": "Command Line Interface for Microsoft\\xae Volume Shadow Copy Service ",
                                "Company": "Microsoft Corporation",
                                "ParentProcessGuid": "{C784477D-8092-653C-6606-000000003B00}",
                                "User": "DESKTOP-B0T93D6\\george",
                                "Hashes": "MD5=7E30B94672107D3381A1D175CF18C147,SHA256=BB1D73C5104A722F228B39CCB24C6F2BB13EFCCA2EA65B013D33433550E3BCE7,IMPHASH=B8C53607A902DC54702978C63D6E8B2E",
                                "OriginalFileName": "VSSADMIN.EXE",
                                "ParentImage": "C:\\Windows\\SysWOW64\\explorer.exe",
                                "FileVersion": "10.0.17134.1 (WinBuild.160101.0800)",
                                "ParentProcessId": "7440",
                                "CurrentDirectory": "C:\\Users\\george\\AppData\\Roaming\\",
                                "CommandLine": "vssadmin.exe Delete Shadows /All /Quiet",
                                "EventID": "1",
                                "LogonGuid": "C784477D-740F-6539-39D3-030000000000",
                                "LogonId": "250681",
                                "Image": "C:\\Windows\\SysWOW64\\vssadmin.exe",
                                "IntegrityLevel": "Medium",
                                "ParentCommandLine": "\"C:\\Windows\\syswow64\\explorer.exe\"",
                                "UtcTime": "1698463891",
                                "RuleName": "-"
                            }
                        },
                        {
                            "values": {
                                "TerminalSessionId": "1",
                                "ProcessGuid": "{C784477D-809A-653C-6D06-000000003B00}",
                                "ProcessId": "4708",
                                "Product": "Microsoft\\xae Windows\\xae Operating System",
                                "Description": "Command Line Interface for Microsoft\\xae Volume Shadow Copy Service ",
                                "Company": "Microsoft Corporation",
                                "ParentProcessGuid": "{C784477D-809A-653C-6B06-000000003B00}",
                                "User": "DESKTOP-B0T93D6\\george",
                                "Hashes": "MD5=7E30B94672107D3381A1D175CF18C147,SHA256=BB1D73C5104A722F228B39CCB24C6F2BB13EFCCA2EA65B013D33433550E3BCE7,IMPHASH=B8C53607A902DC54702978C63D6E8B2E",
                                "OriginalFileName": "VSSADMIN.EXE",
                                "ParentImage": "C:\\Windows\\SysWOW64\\explorer.exe",
                                "FileVersion": "10.0.17134.1 (WinBuild.160101.0800)",
                                "ParentProcessId": "1216",
                                "CurrentDirectory": "C:\\Users\\george\\AppData\\Roaming\\Microsoft\\Windows\\Start Menu\\Programs\\Startup\\",
                                "CommandLine": "vssadmin.exe Delete Shadows /All /Quiet",
                                "EventID": "1",
                                "LogonGuid": "C784477D-740F-6539-39D3-030000000000",
                                "LogonId": "250681",
                                "Image": "C:\\Windows\\SysWOW64\\vssadmin.exe",
                                "IntegrityLevel": "Medium",
                                "ParentCommandLine": "\"C:\\Windows\\syswow64\\explorer.exe\"",
                                "UtcTime": "1698463898",
                                "RuleName": "-"
                            }
                        }
                    ],
                    "rule_level": "high",
                    "rule_id": "ad5e4d4b939797a70a9aa742d979a4742c2cfedddd663fb1a43b2795c1e6054b",
                    "rule_source": "Sigma Integrated Rule Set (GitHub)",
                    "rule_title": "Shadow Copies Deletion Using Operating Systems Utilities",
                    "rule_description": "Shadow Copies deletion using operating systems utilities",
                    "rule_author": "Florian Roth (Nextron Systems), Michael Haag, Teymur Kheirkhabarov, Daniil Yugoslavskiy, oscd.community, Andreas Hunkeler (@Karneades)"
                },
                {
                    "match_context": [
                        {
                            "values": {
                                "EventID": "8",
                                "TargetProcessGuid": "{C784477D-804E-653C-3906-000000003B00}",
                                "NewThreadId": "8028",
                                "StartModule": "-",
                                "StartFunction": "-",
                                "UtcTime": "1698463822",
                                "TargetImage": "C:\\Windows\\SysWOW64\\explorer.exe",
                                "SourceProcessId": "7968",
                                "SourceImage": "C:\\Users\\george\\Desktop\\LTitle.exe",
                                "TargetProcessId": "8020",
                                "RuleName": "-",
                                "SourceProcessGuid": "{C784477D-804E-653C-3806-000000003B00}",
                                "StartAddress": "6583136"
                            }
                        },
                        {
                            "values": {
                                "EventID": "8",
                                "TargetImage": "C:\\Windows\\SysWOW64\\explorer.exe",
                                "TargetProcessGuid": "{C784477D-8059-653C-4106-000000003B00}",
                                "NewThreadId": "7736",
                                "StartModule": "-",
                                "UtcTime": "1698463833",
                                "StartFunction": "-",
                                "SourceProcessId": "1444",
                                "SourceImage": "C:\\cf3fbf4\\cf3fbf4.exe",
                                "TargetProcessId": "7732",
                                "RuleName": "-",
                                "StartAddress": "5337952",
                                "SourceProcessGuid": "{C784477D-8059-653C-4006-000000003B00}"
                            }
                        },
                        {
                            "values": {
                                "EventID": "8",
                                "TargetImage": "C:\\Windows\\SysWOW64\\explorer.exe",
                                "TargetProcessGuid": "{C784477D-8061-653C-4606-000000003B00}",
                                "NewThreadId": "7332",
                                "StartModule": "-",
                                "SourceProcessId": "4692",
                                "StartFunction": "-",
                                "UtcTime": "1698463841",
                                "SourceImage": "C:\\Users\\george\\AppData\\Roaming\\cf3fbf4.exe",
                                "TargetProcessId": "3400",
                                "RuleName": "-",
                                "SourceProcessGuid": "{C784477D-8061-653C-4506-000000003B00}",
                                "StartAddress": "49902432"
                            }
                        },
                        {
                            "values": {
                                "EventID": "8",
                                "TargetProcessGuid": "{C784477D-8069-653C-4B06-000000003B00}",
                                "NewThreadId": "7492",
                                "StartModule": "-",
                                "StartFunction": "-",
                                "UtcTime": "1698463849",
                                "TargetImage": "C:\\Windows\\SysWOW64\\explorer.exe",
                                "SourceProcessId": "7596",
                                "SourceImage": "C:\\cf3fbf4\\cf3fbf4.exe",
                                "TargetProcessId": "7576",
                                "RuleName": "-",
                                "SourceProcessGuid": "{C784477D-8069-653C-4A06-000000003B00}",
                                "StartAddress": "1274720"
                            }
                        },
                        {
                            "values": {
                                "EventID": "8",
                                "TargetProcessGuid": "{C784477D-8071-653C-5006-000000003B00}",
                                "NewThreadId": "1748",
                                "StartModule": "-",
                                "StartFunction": "-",
                                "UtcTime": "1698463857",
                                "TargetImage": "C:\\Windows\\SysWOW64\\explorer.exe",
                                "SourceProcessId": "3468",
                                "SourceImage": "C:\\Users\\george\\AppData\\Roaming\\cf3fbf4.exe",
                                "TargetProcessId": "1560",
                                "RuleName": "-",
                                "StartAddress": "10187616",
                                "SourceProcessGuid": "{C784477D-8071-653C-4F06-000000003B00}"
                            }
                        },
                        {
                            "values": {
                                "EventID": "8",
                                "TargetImage": "C:\\Windows\\SysWOW64\\explorer.exe",
                                "TargetProcessGuid": "{C784477D-8079-653C-5506-000000003B00}",
                                "NewThreadId": "8152",
                                "StartModule": "-",
                                "UtcTime": "1698463865",
                                "StartFunction": "-",
                                "SourceProcessId": "5080",
                                "SourceImage": "C:\\cf3fbf4\\cf3fbf4.exe",
                                "TargetProcessId": "3636",
                                "RuleName": "-",
                                "StartAddress": "49902432",
                                "SourceProcessGuid": "{C784477D-8079-653C-5406-000000003B00}"
                            }
                        },
                        {
                            "values": {
                                "EventID": "8",
                                "TargetProcessGuid": "{C784477D-8081-653C-5C06-000000003B00}",
                                "NewThreadId": "3244",
                                "StartModule": "-",
                                "StartFunction": "-",
                                "UtcTime": "1698463873",
                                "TargetImage": "C:\\Windows\\SysWOW64\\explorer.exe",
                                "SourceProcessId": "4384",
                                "SourceImage": "C:\\Users\\george\\AppData\\Roaming\\cf3fbf4.exe",
                                "TargetProcessId": "6236",
                                "RuleName": "-",
                                "StartAddress": "52982624",
                                "SourceProcessGuid": "{C784477D-8081-653C-5B06-000000003B00}"
                            }
                        },
                        {
                            "values": {
                                "EventID": "8",
                                "TargetImage": "C:\\Windows\\SysWOW64\\explorer.exe",
                                "TargetProcessGuid": "{C784477D-8089-653C-6106-000000003B00}",
                                "NewThreadId": "2612",
                                "StartModule": "-",
                                "UtcTime": "1698463881",
                                "StartFunction": "-",
                                "SourceProcessId": "7328",
                                "SourceImage": "C:\\cf3fbf4\\cf3fbf4.exe",
                                "TargetProcessId": "1556",
                                "RuleName": "-",
                                "SourceProcessGuid": "{C784477D-8089-653C-6006-000000003B00}",
                                "StartAddress": "9073504"
                            }
                        },
                        {
                            "values": {
                                "EventID": "8",
                                "TargetProcessGuid": "{C784477D-8092-653C-6606-000000003B00}",
                                "NewThreadId": "7476",
                                "StartModule": "-",
                                "StartFunction": "-",
                                "SourceProcessId": "7388",
                                "TargetImage": "C:\\Windows\\SysWOW64\\explorer.exe",
                                "UtcTime": "1698463890",
                                "SourceImage": "C:\\Users\\george\\AppData\\Roaming\\cf3fbf4.exe",
                                "TargetProcessId": "7440",
                                "RuleName": "-",
                                "SourceProcessGuid": "{C784477D-8091-653C-6506-000000003B00}",
                                "StartAddress": "4420448"
                            }
                        },
                        {
                            "values": {
                                "EventID": "8",
                                "TargetProcessGuid": "{C784477D-809A-653C-6B06-000000003B00}",
                                "NewThreadId": "5652",
                                "StartModule": "-",
                                "StartFunction": "-",
                                "SourceProcessId": "7576",
                                "TargetImage": "C:\\Windows\\SysWOW64\\explorer.exe",
                                "UtcTime": "1698463898",
                                "SourceImage": "C:\\Users\\george\\AppData\\Roaming\\Microsoft\\Windows\\Start Menu\\Programs\\Startup\\cf3fbf4.exe",
                                "TargetProcessId": "1216",
                                "RuleName": "-",
                                "SourceProcessGuid": "{C784477D-8099-653C-6A06-000000003B00}",
                                "StartAddress": "5469024"
                            }
                        }
                    ],
                    "rule_level": "high",
                    "rule_id": "ea7ec9e92c165a4cef023fd658ef72279f03378ab53f4481eb973ecb2171b193",
                    "rule_source": "Sigma Integrated Rule Set (GitHub)",
                    "rule_title": "Remote Thread Creation In Uncommon Target Image",
                    "rule_description": "Detects uncommon target processes for remote thread creation",
                    "rule_author": "Florian Roth (Nextron Systems)"
                },
                {
                    "match_context": [
                        {
                            "values": {
                                "EventID": "11",
                                "ProcessId": "8020",
                                "Image": "C:\\Windows\\SysWOW64\\explorer.exe",
                                "ProcessGuid": "{C784477D-804E-653C-3906-000000003B00}",
                                "CreationUtcTime": "1698463822",
                                "UtcTime": "1698463822",
                                "RuleName": "T1023",
                                "TargetFilename": "C:\\Users\\george\\AppData\\Roaming\\Microsoft\\Windows\\Start Menu\\Programs\\Startup\\cf3fbf4.exe"
                            }
                        },
                        {
                            "values": {
                                "EventID": "11",
                                "ProcessId": "7732",
                                "TargetFilename": "C:\\Users\\george\\AppData\\Roaming\\Microsoft\\Windows\\Start Menu\\Programs\\Startup\\cf3fbf4.exe",
                                "RuleName": "T1023",
                                "CreationUtcTime": "1698463822",
                                "UtcTime": "1698463833",
                                "ProcessGuid": "{C784477D-8059-653C-4106-000000003B00}",
                                "Image": "C:\\Windows\\SysWOW64\\explorer.exe"
                            }
                        },
                        {
                            "values": {
                                "EventID": "11",
                                "ProcessId": "3400",
                                "TargetFilename": "C:\\Users\\george\\AppData\\Roaming\\Microsoft\\Windows\\Start Menu\\Programs\\Startup\\cf3fbf4.exe",
                                "RuleName": "T1023",
                                "CreationUtcTime": "1698463822",
                                "UtcTime": "1698463841",
                                "ProcessGuid": "{C784477D-8061-653C-4606-000000003B00}",
                                "Image": "C:\\Windows\\SysWOW64\\explorer.exe"
                            }
                        },
                        {
                            "values": {
                                "EventID": "11",
                                "ProcessId": "7576",
                                "TargetFilename": "C:\\Users\\george\\AppData\\Roaming\\Microsoft\\Windows\\Start Menu\\Programs\\Startup\\cf3fbf4.exe",
                                "RuleName": "T1023",
                                "CreationUtcTime": "1698463822",
                                "UtcTime": "1698463849",
                                "ProcessGuid": "{C784477D-8069-653C-4B06-000000003B00}",
                                "Image": "C:\\Windows\\SysWOW64\\explorer.exe"
                            }
                        },
                        {
                            "values": {
                                "EventID": "11",
                                "ProcessId": "1560",
                                "Image": "C:\\Windows\\SysWOW64\\explorer.exe",
                                "RuleName": "T1023",
                                "CreationUtcTime": "1698463822",
                                "UtcTime": "1698463857",
                                "ProcessGuid": "{C784477D-8071-653C-5006-000000003B00}",
                                "TargetFilename": "C:\\Users\\george\\AppData\\Roaming\\Microsoft\\Windows\\Start Menu\\Programs\\Startup\\cf3fbf4.exe"
                            }
                        },
                        {
                            "values": {
                                "EventID": "11",
                                "ProcessId": "3636",
                                "Image": "C:\\Windows\\SysWOW64\\explorer.exe",
                                "RuleName": "T1023",
                                "CreationUtcTime": "1698463822",
                                "UtcTime": "1698463866",
                                "ProcessGuid": "{C784477D-8079-653C-5506-000000003B00}",
                                "TargetFilename": "C:\\Users\\george\\AppData\\Roaming\\Microsoft\\Windows\\Start Menu\\Programs\\Startup\\cf3fbf4.exe"
                            }
                        },
                        {
                            "values": {
                                "EventID": "11",
                                "ProcessId": "6236",
                                "Image": "C:\\Windows\\SysWOW64\\explorer.exe",
                                "RuleName": "T1023",
                                "CreationUtcTime": "1698463822",
                                "UtcTime": "1698463874",
                                "ProcessGuid": "{C784477D-8081-653C-5C06-000000003B00}",
                                "TargetFilename": "C:\\Users\\george\\AppData\\Roaming\\Microsoft\\Windows\\Start Menu\\Programs\\Startup\\cf3fbf4.exe"
                            }
                        },
                        {
                            "values": {
                                "EventID": "11",
                                "ProcessId": "1556",
                                "TargetFilename": "C:\\Users\\george\\AppData\\Roaming\\Microsoft\\Windows\\Start Menu\\Programs\\Startup\\cf3fbf4.exe",
                                "RuleName": "T1023",
                                "CreationUtcTime": "1698463822",
                                "UtcTime": "1698463882",
                                "ProcessGuid": "{C784477D-8089-653C-6106-000000003B00}",
                                "Image": "C:\\Windows\\SysWOW64\\explorer.exe"
                            }
                        },
                        {
                            "values": {
                                "EventID": "11",
                                "ProcessId": "7440",
                                "Image": "C:\\Windows\\SysWOW64\\explorer.exe",
                                "ProcessGuid": "{C784477D-8092-653C-6606-000000003B00}",
                                "CreationUtcTime": "1698463822",
                                "UtcTime": "1698463890",
                                "RuleName": "T1023",
                                "TargetFilename": "C:\\Users\\george\\AppData\\Roaming\\Microsoft\\Windows\\Start Menu\\Programs\\Startup\\cf3fbf4.exe"
                            }
                        },
                        {
                            "values": {
                                "EventID": "11",
                                "ProcessId": "1216",
                                "Image": "C:\\Windows\\SysWOW64\\explorer.exe",
                                "RuleName": "T1023",
                                "CreationUtcTime": "1698463822",
                                "UtcTime": "1698463898",
                                "ProcessGuid": "{C784477D-809A-653C-6B06-000000003B00}",
                                "TargetFilename": "C:\\Users\\george\\AppData\\Roaming\\Microsoft\\Windows\\Start Menu\\Programs\\Startup\\cf3fbf4.exe"
                            }
                        }
                    ],
                    "rule_level": "medium",
                    "rule_id": "56b8c79acb8e444c2b00be5c9d3cb8e33e863ccb3506d635f907a49cd053c84f",
                    "rule_source": "Sigma Integrated Rule Set (GitHub)",
                    "rule_title": "Startup Folder File Write",
                    "rule_description": "A General detection for files being created in the Windows startup directory. This could be an indicator of persistence.",
                    "rule_author": "Roberto Rodriguez (Cyb3rWard0g), OTR (Open Threat Research)"
                },
                {
                    "match_context": [
                        {
                            "values": {
                                "EventID": "13",
                                "ProcessId": "8020",
                                "EventType": "SetValue",
                                "Image": "C:\\Windows\\SysWOW64\\explorer.exe",
                                "ProcessGuid": "{C784477D-804E-653C-3906-000000003B00}",
                                "UtcTime": "1698463822",
                                "Details": "C:\\cf3fbf4\\cf3fbf4.exe",
                                "RuleName": "T1060,RunKey",
                                "TargetObject": "HKU\\S-1-5-21-1015118539-3749460369-599379286-1001\\Software\\Microsoft\\Windows\\CurrentVersion\\Run\\cf3fbf"
                            }
                        },
                        {
                            "values": {
                                "EventID": "13",
                                "ProcessId": "8020",
                                "EventType": "SetValue",
                                "Image": "C:\\Windows\\SysWOW64\\explorer.exe",
                                "RuleName": "T1060,RunKey",
                                "UtcTime": "1698463822",
                                "Details": "C:\\cf3fbf4\\cf3fbf4.exe",
                                "ProcessGuid": "{C784477D-804E-653C-3906-000000003B00}",
                                "TargetObject": "HKU\\S-1-5-21-1015118539-3749460369-599379286-1001\\Software\\Microsoft\\Windows\\CurrentVersion\\RunOnce\\*f3fbf"
                            }
                        },
                        {
                            "values": {
                                "EventID": "13",
                                "ProcessId": "8020",
                                "EventType": "SetValue",
                                "Image": "C:\\Windows\\SysWOW64\\explorer.exe",
                                "RuleName": "T1060,RunKey",
                                "UtcTime": "1698463822",
                                "Details": "C:\\Users\\george\\AppData\\Roaming\\cf3fbf4.exe",
                                "ProcessGuid": "{C784477D-804E-653C-3906-000000003B00}",
                                "TargetObject": "HKU\\S-1-5-21-1015118539-3749460369-599379286-1001\\Software\\Microsoft\\Windows\\CurrentVersion\\Run\\cf3fbf4"
                            }
                        },
                        {
                            "values": {
                                "EventID": "13",
                                "ProcessId": "8020",
                                "EventType": "SetValue",
                                "Image": "C:\\Windows\\SysWOW64\\explorer.exe",
                                "RuleName": "T1060,RunKey",
                                "UtcTime": "1698463822",
                                "Details": "C:\\Users\\george\\AppData\\Roaming\\cf3fbf4.exe",
                                "ProcessGuid": "{C784477D-804E-653C-3906-000000003B00}",
                                "TargetObject": "HKU\\S-1-5-21-1015118539-3749460369-599379286-1001\\Software\\Microsoft\\Windows\\CurrentVersion\\RunOnce\\*f3fbf4"
                            }
                        }
                    ],
                    "rule_level": "medium",
                    "rule_id": "8b5db9da5732dc549b0e8b56fe5933d7c95ed760f3ac20568ab95347ef8c5bcc",
                    "rule_source": "Sigma Integrated Rule Set (GitHub)",
                    "rule_title": "CurrentVersion Autorun Keys Modification",
                    "rule_description": "Detects modification of autostart extensibility point (ASEP) in registry.",
                    "rule_author": "Victor Sergeev, Daniil Yugoslavskiy, Gleb Sukhodolskiy, Timur Zinniatullin, oscd.community, Tim Shelton, frack113 (split)"
                },
                {
                    "match_context": [
                        {
                            "values": {
                                "TerminalSessionId": "1",
                                "ProcessGuid": "{C784477D-804F-653C-3B06-000000003B00}",
                                "ProcessId": "8100",
                                "Product": "Microsoft\\xae Windows\\xae Operating System",
                                "Description": "Command Line Interface for Microsoft\\xae Volume Shadow Copy Service ",
                                "Company": "Microsoft Corporation",
                                "ParentProcessGuid": "{C784477D-804E-653C-3906-000000003B00}",
                                "User": "DESKTOP-B0T93D6\\george",
                                "Hashes": "MD5=7E30B94672107D3381A1D175CF18C147,SHA256=BB1D73C5104A722F228B39CCB24C6F2BB13EFCCA2EA65B013D33433550E3BCE7,IMPHASH=B8C53607A902DC54702978C63D6E8B2E",
                                "OriginalFileName": "VSSADMIN.EXE",
                                "ParentImage": "C:\\Windows\\SysWOW64\\explorer.exe",
                                "FileVersion": "10.0.17134.1 (WinBuild.160101.0800)",
                                "ParentProcessId": "8020",
                                "CurrentDirectory": "C:\\Users\\george\\Desktop\\",
                                "CommandLine": "vssadmin.exe Delete Shadows /All /Quiet",
                                "EventID": "1",
                                "LogonGuid": "C784477D-740F-6539-FBD2-030000000000",
                                "LogonId": "250619",
                                "Image": "C:\\Windows\\SysWOW64\\vssadmin.exe",
                                "IntegrityLevel": "High",
                                "ParentCommandLine": "\"C:\\Windows\\syswow64\\explorer.exe\"",
                                "UtcTime": "1698463823",
                                "RuleName": "-"
                            }
                        },
                        {
                            "values": {
                                "TerminalSessionId": "1",
                                "ProcessGuid": "{C784477D-8059-653C-4306-000000003B00}",
                                "ProcessId": "4072",
                                "Product": "Microsoft\\xae Windows\\xae Operating System",
                                "Description": "Command Line Interface for Microsoft\\xae Volume Shadow Copy Service ",
                                "Company": "Microsoft Corporation",
                                "ParentProcessGuid": "{C784477D-8059-653C-4106-000000003B00}",
                                "User": "DESKTOP-B0T93D6\\george",
                                "Hashes": "MD5=7E30B94672107D3381A1D175CF18C147,SHA256=BB1D73C5104A722F228B39CCB24C6F2BB13EFCCA2EA65B013D33433550E3BCE7,IMPHASH=B8C53607A902DC54702978C63D6E8B2E",
                                "OriginalFileName": "VSSADMIN.EXE",
                                "ParentImage": "C:\\Windows\\SysWOW64\\explorer.exe",
                                "FileVersion": "10.0.17134.1 (WinBuild.160101.0800)",
                                "ParentProcessId": "7732",
                                "CurrentDirectory": "C:\\cf3fbf4\\",
                                "CommandLine": "vssadmin.exe Delete Shadows /All /Quiet",
                                "EventID": "1",
                                "LogonGuid": "C784477D-740F-6539-39D3-030000000000",
                                "LogonId": "250681",
                                "Image": "C:\\Windows\\SysWOW64\\vssadmin.exe",
                                "IntegrityLevel": "Medium",
                                "ParentCommandLine": "\"C:\\Windows\\syswow64\\explorer.exe\"",
                                "UtcTime": "1698463833",
                                "RuleName": "-"
                            }
                        },
                        {
                            "values": {
                                "TerminalSessionId": "1",
                                "ProcessGuid": "{C784477D-8062-653C-4806-000000003B00}",
                                "ProcessId": "7952",
                                "Product": "Microsoft\\xae Windows\\xae Operating System",
                                "Description": "Command Line Interface for Microsoft\\xae Volume Shadow Copy Service ",
                                "Company": "Microsoft Corporation",
                                "ParentProcessGuid": "{C784477D-8061-653C-4606-000000003B00}",
                                "User": "DESKTOP-B0T93D6\\george",
                                "Hashes": "MD5=7E30B94672107D3381A1D175CF18C147,SHA256=BB1D73C5104A722F228B39CCB24C6F2BB13EFCCA2EA65B013D33433550E3BCE7,IMPHASH=B8C53607A902DC54702978C63D6E8B2E",
                                "OriginalFileName": "VSSADMIN.EXE",
                                "ParentImage": "C:\\Windows\\SysWOW64\\explorer.exe",
                                "FileVersion": "10.0.17134.1 (WinBuild.160101.0800)",
                                "ParentProcessId": "3400",
                                "CurrentDirectory": "C:\\Users\\george\\AppData\\Roaming\\",
                                "CommandLine": "vssadmin.exe Delete Shadows /All /Quiet",
                                "EventID": "1",
                                "LogonGuid": "C784477D-740F-6539-39D3-030000000000",
                                "LogonId": "250681",
                                "Image": "C:\\Windows\\SysWOW64\\vssadmin.exe",
                                "IntegrityLevel": "Medium",
                                "ParentCommandLine": "\"C:\\Windows\\syswow64\\explorer.exe\"",
                                "UtcTime": "1698463842",
                                "RuleName": "-"
                            }
                        },
                        {
                            "values": {
                                "TerminalSessionId": "1",
                                "ProcessGuid": "{C784477D-8069-653C-4D06-000000003B00}",
                                "ProcessId": "7752",
                                "Product": "Microsoft\\xae Windows\\xae Operating System",
                                "Description": "Command Line Interface for Microsoft\\xae Volume Shadow Copy Service ",
                                "Company": "Microsoft Corporation",
                                "ParentProcessGuid": "{C784477D-8069-653C-4B06-000000003B00}",
                                "User": "DESKTOP-B0T93D6\\george",
                                "Hashes": "MD5=7E30B94672107D3381A1D175CF18C147,SHA256=BB1D73C5104A722F228B39CCB24C6F2BB13EFCCA2EA65B013D33433550E3BCE7,IMPHASH=B8C53607A902DC54702978C63D6E8B2E",
                                "OriginalFileName": "VSSADMIN.EXE",
                                "ParentImage": "C:\\Windows\\SysWOW64\\explorer.exe",
                                "FileVersion": "10.0.17134.1 (WinBuild.160101.0800)",
                                "ParentProcessId": "7576",
                                "CurrentDirectory": "C:\\cf3fbf4\\",
                                "CommandLine": "vssadmin.exe Delete Shadows /All /Quiet",
                                "EventID": "1",
                                "LogonGuid": "C784477D-740F-6539-39D3-030000000000",
                                "LogonId": "250681",
                                "Image": "C:\\Windows\\SysWOW64\\vssadmin.exe",
                                "IntegrityLevel": "Medium",
                                "ParentCommandLine": "\"C:\\Windows\\syswow64\\explorer.exe\"",
                                "UtcTime": "1698463849",
                                "RuleName": "-"
                            }
                        },
                        {
                            "values": {
                                "TerminalSessionId": "1",
                                "ProcessGuid": "{C784477D-8071-653C-5206-000000003B00}",
                                "ProcessId": "8140",
                                "Product": "Microsoft\\xae Windows\\xae Operating System",
                                "Description": "Command Line Interface for Microsoft\\xae Volume Shadow Copy Service ",
                                "Company": "Microsoft Corporation",
                                "ParentProcessGuid": "{C784477D-8071-653C-5006-000000003B00}",
                                "User": "DESKTOP-B0T93D6\\george",
                                "Hashes": "MD5=7E30B94672107D3381A1D175CF18C147,SHA256=BB1D73C5104A722F228B39CCB24C6F2BB13EFCCA2EA65B013D33433550E3BCE7,IMPHASH=B8C53607A902DC54702978C63D6E8B2E",
                                "OriginalFileName": "VSSADMIN.EXE",
                                "ParentImage": "C:\\Windows\\SysWOW64\\explorer.exe",
                                "FileVersion": "10.0.17134.1 (WinBuild.160101.0800)",
                                "ParentProcessId": "1560",
                                "CurrentDirectory": "C:\\Users\\george\\AppData\\Roaming\\",
                                "CommandLine": "vssadmin.exe Delete Shadows /All /Quiet",
                                "EventID": "1",
                                "LogonGuid": "C784477D-740F-6539-39D3-030000000000",
                                "LogonId": "250681",
                                "Image": "C:\\Windows\\SysWOW64\\vssadmin.exe",
                                "IntegrityLevel": "Medium",
                                "ParentCommandLine": "\"C:\\Windows\\syswow64\\explorer.exe\"",
                                "UtcTime": "1698463857",
                                "RuleName": "-"
                            }
                        },
                        {
                            "values": {
                                "TerminalSessionId": "1",
                                "ProcessGuid": "{C784477D-807A-653C-5706-000000003B00}",
                                "ProcessId": "3484",
                                "Product": "Microsoft\\xae Windows\\xae Operating System",
                                "Description": "Command Line Interface for Microsoft\\xae Volume Shadow Copy Service ",
                                "Company": "Microsoft Corporation",
                                "ParentProcessGuid": "{C784477D-8079-653C-5506-000000003B00}",
                                "User": "DESKTOP-B0T93D6\\george",
                                "Hashes": "MD5=7E30B94672107D3381A1D175CF18C147,SHA256=BB1D73C5104A722F228B39CCB24C6F2BB13EFCCA2EA65B013D33433550E3BCE7,IMPHASH=B8C53607A902DC54702978C63D6E8B2E",
                                "OriginalFileName": "VSSADMIN.EXE",
                                "ParentImage": "C:\\Windows\\SysWOW64\\explorer.exe",
                                "FileVersion": "10.0.17134.1 (WinBuild.160101.0800)",
                                "ParentProcessId": "3636",
                                "CurrentDirectory": "C:\\cf3fbf4\\",
                                "CommandLine": "vssadmin.exe Delete Shadows /All /Quiet",
                                "EventID": "1",
                                "LogonGuid": "C784477D-740F-6539-39D3-030000000000",
                                "LogonId": "250681",
                                "Image": "C:\\Windows\\SysWOW64\\vssadmin.exe",
                                "IntegrityLevel": "Medium",
                                "ParentCommandLine": "\"C:\\Windows\\syswow64\\explorer.exe\"",
                                "UtcTime": "1698463866",
                                "RuleName": "-"
                            }
                        },
                        {
                            "values": {
                                "TerminalSessionId": "1",
                                "ProcessGuid": "{C784477D-8082-653C-5E06-000000003B00}",
                                "ProcessId": "1832",
                                "Product": "Microsoft\\xae Windows\\xae Operating System",
                                "Description": "Command Line Interface for Microsoft\\xae Volume Shadow Copy Service ",
                                "Company": "Microsoft Corporation",
                                "ParentProcessGuid": "{C784477D-8081-653C-5C06-000000003B00}",
                                "User": "DESKTOP-B0T93D6\\george",
                                "Hashes": "MD5=7E30B94672107D3381A1D175CF18C147,SHA256=BB1D73C5104A722F228B39CCB24C6F2BB13EFCCA2EA65B013D33433550E3BCE7,IMPHASH=B8C53607A902DC54702978C63D6E8B2E",
                                "OriginalFileName": "VSSADMIN.EXE",
                                "ParentImage": "C:\\Windows\\SysWOW64\\explorer.exe",
                                "FileVersion": "10.0.17134.1 (WinBuild.160101.0800)",
                                "ParentProcessId": "6236",
                                "CurrentDirectory": "C:\\Users\\george\\AppData\\Roaming\\",
                                "CommandLine": "vssadmin.exe Delete Shadows /All /Quiet",
                                "EventID": "1",
                                "LogonGuid": "C784477D-740F-6539-39D3-030000000000",
                                "LogonId": "250681",
                                "Image": "C:\\Windows\\SysWOW64\\vssadmin.exe",
                                "IntegrityLevel": "Medium",
                                "ParentCommandLine": "\"C:\\Windows\\syswow64\\explorer.exe\"",
                                "UtcTime": "1698463874",
                                "RuleName": "-"
                            }
                        },
                        {
                            "values": {
                                "TerminalSessionId": "1",
                                "ProcessGuid": "{C784477D-808A-653C-6306-000000003B00}",
                                "ProcessId": "6012",
                                "Product": "Microsoft\\xae Windows\\xae Operating System",
                                "Description": "Command Line Interface for Microsoft\\xae Volume Shadow Copy Service ",
                                "Company": "Microsoft Corporation",
                                "ParentProcessGuid": "{C784477D-8089-653C-6106-000000003B00}",
                                "User": "DESKTOP-B0T93D6\\george",
                                "Hashes": "MD5=7E30B94672107D3381A1D175CF18C147,SHA256=BB1D73C5104A722F228B39CCB24C6F2BB13EFCCA2EA65B013D33433550E3BCE7,IMPHASH=B8C53607A902DC54702978C63D6E8B2E",
                                "OriginalFileName": "VSSADMIN.EXE",
                                "ParentImage": "C:\\Windows\\SysWOW64\\explorer.exe",
                                "FileVersion": "10.0.17134.1 (WinBuild.160101.0800)",
                                "ParentProcessId": "1556",
                                "CurrentDirectory": "C:\\cf3fbf4\\",
                                "CommandLine": "vssadmin.exe Delete Shadows /All /Quiet",
                                "EventID": "1",
                                "LogonGuid": "C784477D-740F-6539-39D3-030000000000",
                                "LogonId": "250681",
                                "Image": "C:\\Windows\\SysWOW64\\vssadmin.exe",
                                "IntegrityLevel": "Medium",
                                "ParentCommandLine": "\"C:\\Windows\\syswow64\\explorer.exe\"",
                                "UtcTime": "1698463882",
                                "RuleName": "-"
                            }
                        },
