{
    "data": {
        "id": "fa706ed93469c257ee1531ddcf57bbab8734f3d092712158faf4e27656ab832e",
        "type": "file",
        "links": {
            "self": "https://www.virustotal.com/api/v3/files/fa706ed93469c257ee1531ddcf57bbab8734f3d092712158faf4e27656ab832e"
        },
        "attributes": {
            "detectiteasy": {
                "filetype": "PE32",
                "values": [
                    {
                        "info": "EXE32",
                        "version": "6.0 (1720-9782)",
                        "type": "Compiler",
                        "name": "EP:Microsoft Visual C/C++"
                    },
                    {
                        "info": "C",
                        "version": "13.00.9178",
                        "type": "Compiler",
                        "name": "Microsoft Visual C/C++"
                    },
                    {
                        "version": "4.2",
                        "type": "Library",
                        "name": "MFC"
                    },
                    {
                        "version": "6.20.8755",
                        "type": "Linker",
                        "name": "Microsoft Linker"
                    },
                    {
                        "type": "Tool",
                        "name": "Visual Studio"
                    }
                ]
            },
            "sigma_analysis_summary": {
                "Sigma Integrated Rule Set (GitHub)": {
                    "high": 4,
                    "medium": 2,
                    "critical": 0,
                    "low": 0
                },
                "SOC Prime Threat Detection Marketplace": {
                    "high": 0,
                    "medium": 1,
                    "critical": 0,
                    "low": 0
                }
            },
            "crowdsourced_ids_results": [
                {
                    "rule_category": "A Network Trojan was detected",
                    "alert_severity": "high",
                    "rule_msg": "ET MALWARE Possible Zeus GameOver/FluBot Related DGA NXDOMAIN Responses",
                    "rule_raw": "alert udp any 53 -> $HOME_NET any (msg:\"ET MALWARE Possible Zeus GameOver/FluBot Related DGA NXDOMAIN Responses\"; byte_test:1,&,128,2; byte_test:1,&,1,3; byte_test:1,&,2,3; content:\"|00 01 00 00 00 01|\"; offset:4; depth:6; pcre:\"/^..[\\x0d-\\x20][a-z]{13,32}(?:\\x03(?:biz|com|net|org)|\\x04info|\\x02ru)\\x00\\x00\\x01\\x00\\x01/Rs\"; threshold: type both, track by_dst, count 12, seconds 120; reference:url,vrt-blog.snort.org/2014/03/decoding-domain-generation-algorithms.html; classtype:trojan-activity; sid:2018316; rev:4; metadata:created_at 2014_03_25, former_category MALWARE, updated_at 2014_03_25;)",
                    "rule_url": "https://rules.emergingthreats.net/",
                    "alert_context": [
                        {
                            "src_ip": "8.8.8.8",
                            "src_port": 53
                        }
                    ],
                    "rule_references": [
                        "https://vrt-blog.snort.org/2014/03/decoding-domain-generation-algorithms.html"
                    ],
                    "rule_source": "Proofpoint Emerging Threats Open",
                    "rule_id": "1:2018316"
                }
            ],
            "first_seen_itw_date": 1389395704,
            "zemana_behaviour": [
                "dll-injection"
            ],
            "popular_threat_classification": {
                "suggested_threat_label": "trojan.cryptodef/zbot",
                "popular_threat_name": [
                    {
                        "count": 11,
                        "value": "cryptodef"
                    },
                    {
                        "count": 4,
                        "value": "zbot"
                    },
                    {
                        "count": 3,
                        "value": "cryptowall"
                    }
                ],
                "popular_threat_category": [
                    {
                        "count": 31,
                        "value": "trojan"
                    },
                    {
                        "count": 6,
                        "value": "downloader"
                    },
                    {
                        "count": 5,
                        "value": "ransomware"
                    }
                ]
            },
            "last_submission_date": 1600869531,
            "total_votes": {
                "harmless": 0,
                "malicious": 8
            },
            "tlsh": "T117E3C133E7FE08DBE559D7BC6CA4F5A2202B10855638C8EA893218E865D47B41CF67CD",
            "sha1": "fae7be0c64f4046953e0e93e571a2a5d56f91837",
            "tags": [
                "detect-debug-environment",
                "runtime-modules",
                "self-delete",
                "peexe",
                "checks-network-adapters",
                "malware",
                "persistence",
                "long-sleeps",
                "checks-user-input",
                "direct-cpu-clock-access",
                "spreader"
            ],
            "type_tags": [
                "executable",
                "windows",
                "win32",
                "pe",
                "peexe"
            ],
            "filecondis": {
                "dhash": "707c3e1c3d192418",
                "raw_md5": "184a9427da1a1ef6c12cf2b13b416874"
            },
            "reputation": -279,
            "creation_date": 422311516,
            "crowdsourced_yara_results": [
                {
                    "description": "Detects win.cryptowall.",
                    "author": "Felix Bilstein - yara-signator at cocacoding dot com",
                    "ruleset_name": "win.cryptowall_auto",
                    "rule_name": "win_cryptowall_auto",
                    "ruleset_id": "0089b383c7",
                    "match_in_subfile": true,
                    "source": "https://malpedia.caad.fkie.fraunhofer.de/"
                },
                {
                    "description": "Detects ransomware indicator",
                    "author": "Florian Roth (Nextron Systems)",
                    "ruleset_name": "crime_ransom_generic",
                    "rule_name": "SUSP_RANSOMWARE_Indicator_Jul20",
                    "ruleset_id": "000a7d3924",
                    "match_in_subfile": true,
                    "source": "https://github.com/Neo23x0/signature-base"
                },
                {
                    "description": "Yara rule that detects CryptoWall ransomware.",
                    "author": "ReversingLabs",
                    "ruleset_name": "Win32.Ransomware.CryptoWall",
                    "rule_name": "Win32_Ransomware_CryptoWall",
                    "ruleset_id": "0055498983",
                    "match_in_subfile": true,
                    "source": "https://github.com/reversinglabs/reversinglabs-yara-rules"
                }
            ],
            "authentihash": "677435d55e2ce7d3d26b6e25b43b233e4ddd450a04127c44502013fa0f05e351",
            "sandbox_verdicts": {
                "Zenbox": {
                    "category": "malicious",
                    "confidence": 88,
                    "sandbox_name": "Zenbox",
                    "malware_classification": [
                        "MALWARE",
                        "RANSOM",
                        "ADWARE",
                        "EVADER"
                    ],
                    "malware_names": [
                        "CryptoWall"
                    ]
                },
                "Tencent HABO": {
                    "category": "malicious",
                    "sandbox_name": "Tencent HABO",
                    "malware_classification": [
                        "MALWARE"
                    ]
                }
            },
            "magic": "PE32 executable (GUI) Intel 80386, for MS Windows",
            "last_analysis_date": 1737541540,
            "unique_sources": 28,
            "crowdsourced_ids_stats": {
                "high": 1,
                "info": 0,
                "medium": 0,
                "low": 0
            },
            "last_analysis_stats": {
                "malicious": 64,
                "suspicious": 0,
                "undetected": 8,
                "harmless": 0,
                "timeout": 0,
                "confirmed-timeout": 0,
                "failure": 0,
                "type-unsupported": 4
            },
            "type_description": "Win32 EXE",
            "sigma_analysis_stats": {
                "high": 4,
                "medium": 3,
                "critical": 0,
                "low": 0
            },
            "sigma_analysis_results": [
                {
                    "match_context": [
                        {
                            "values": {
                                "EventID": "8",
                                "TargetProcessGuid": "{C784477D-804F-653C-3A06-000000003B00}",
                                "NewThreadId": "8084",
                                "StartModule": "-",
                                "StartFunction": "-",
                                "SourceProcessId": "8020",
                                "TargetImage": "C:\\Windows\\SysWOW64\\svchost.exe",
                                "UtcTime": "1698463823",
                                "SourceImage": "C:\\Windows\\SysWOW64\\explorer.exe",
                                "TargetProcessId": "8076",
                                "RuleName": "-",
                                "StartAddress": "39350848",
                                "SourceProcessGuid": "{C784477D-804E-653C-3906-000000003B00}"
                            }
                        },
                        {
                            "values": {
                                "EventID": "8",
                                "TargetImage": "C:\\Windows\\SysWOW64\\svchost.exe",
                                "TargetProcessGuid": "{C784477D-8059-653C-4206-000000003B00}",
                                "NewThreadId": "3184",
                                "StartModule": "-",
                                "SourceProcessId": "7732",
                                "StartFunction": "-",
                                "UtcTime": "1698463833",
                                "SourceImage": "C:\\Windows\\SysWOW64\\explorer.exe",
                                "TargetProcessId": "3608",
                                "RuleName": "-",
                                "SourceProcessGuid": "{C784477D-8059-653C-4106-000000003B00}",
                                "StartAddress": "39416384"
                            }
                        },
                        {
                            "values": {
                                "EventID": "8",
                                "TargetProcessGuid": "{C784477D-8061-653C-4706-000000003B00}",
                                "NewThreadId": "7984",
                                "StartModule": "-",
                                "StartFunction": "-",
                                "SourceProcessId": "3400",
                                "TargetImage": "C:\\Windows\\SysWOW64\\svchost.exe",
                                "UtcTime": "1698463842",
                                "SourceImage": "C:\\Windows\\SysWOW64\\explorer.exe",
                                "TargetProcessId": "7980",
                                "RuleName": "-",
                                "SourceProcessGuid": "{C784477D-8061-653C-4606-000000003B00}",
                                "StartAddress": "51475008"
                            }
                        },
                        {
                            "values": {
                                "EventID": "8",
                                "TargetProcessGuid": "{C784477D-8069-653C-4C06-000000003B00}",
                                "NewThreadId": "7360",
                                "StartModule": "-",
                                "StartFunction": "-",
                                "SourceProcessId": "7576",
                                "TargetImage": "C:\\Windows\\SysWOW64\\svchost.exe",
                                "UtcTime": "1698463849",
                                "SourceImage": "C:\\Windows\\SysWOW64\\explorer.exe",
                                "TargetProcessId": "3548",
                                "RuleName": "-",
                                "StartAddress": "1274432",
                                "SourceProcessGuid": "{C784477D-8069-653C-4B06-000000003B00}"
                            }
                        },
                        {
                            "values": {
                                "EventID": "8",
                                "TargetImage": "C:\\Windows\\SysWOW64\\svchost.exe",
                                "TargetProcessGuid": "{C784477D-8071-653C-5106-000000003B00}",
                                "NewThreadId": "7960",
                                "StartModule": "-",
                                "SourceProcessId": "1560",
                                "StartFunction": "-",
                                "UtcTime": "1698463857",
                                "SourceImage": "C:\\Windows\\SysWOW64\\explorer.exe",
                                "TargetProcessId": "8008",
                                "RuleName": "-",
                                "StartAddress": "41382464",
                                "SourceProcessGuid": "{C784477D-8071-653C-5006-000000003B00}"
                            }
                        },
                        {
                            "values": {
                                "EventID": "8",
                                "TargetImage": "C:\\Windows\\SysWOW64\\svchost.exe",
                                "TargetProcessGuid": "{C784477D-807A-653C-5606-000000003B00}",
                                "NewThreadId": "2140",
                                "StartModule": "-",
                                "SourceProcessId": "3636",
                                "StartFunction": "-",
                                "UtcTime": "1698463866",
                                "SourceImage": "C:\\Windows\\SysWOW64\\explorer.exe",
                                "TargetProcessId": "4356",
                                "RuleName": "-",
                                "SourceProcessGuid": "{C784477D-8079-653C-5506-000000003B00}",
                                "StartAddress": "46494272"
                            }
                        },
                        {
                            "values": {
                                "EventID": "8",
                                "TargetProcessGuid": "{C784477D-8082-653C-5D06-000000003B00}",
                                "NewThreadId": "3324",
                                "StartModule": "-",
                                "StartFunction": "-",
                                "SourceProcessId": "6236",
                                "TargetImage": "C:\\Windows\\SysWOW64\\svchost.exe",
                                "UtcTime": "1698463874",
                                "SourceImage": "C:\\Windows\\SysWOW64\\explorer.exe",
                                "TargetProcessId": "3832",
                                "RuleName": "-",
                                "StartAddress": "50557504",
                                "SourceProcessGuid": "{C784477D-8081-653C-5C06-000000003B00}"
                            }
                        },
                        {
                            "values": {
                                "EventID": "8",
                                "TargetProcessGuid": "{C784477D-808A-653C-6206-000000003B00}",
                                "NewThreadId": "6680",
                                "StartModule": "-",
                                "StartFunction": "-",
                                "UtcTime": "1698463882",
                                "TargetImage": "C:\\Windows\\SysWOW64\\svchost.exe",
                                "SourceProcessId": "1556",
                                "SourceImage": "C:\\Windows\\SysWOW64\\explorer.exe",
                                "TargetProcessId": "6944",
                                "RuleName": "-",
                                "StartAddress": "53441088",
                                "SourceProcessGuid": "{C784477D-8089-653C-6106-000000003B00}"
                            }
                        },
                        {
                            "values": {
                                "EventID": "8",
                                "TargetProcessGuid": "{C784477D-8092-653C-6706-000000003B00}",
                                "NewThreadId": "7552",
                                "StartModule": "-",
                                "StartFunction": "-",
                                "SourceProcessId": "7440",
                                "TargetImage": "C:\\Windows\\SysWOW64\\svchost.exe",
                                "UtcTime": "1698463891",
                                "SourceImage": "C:\\Windows\\SysWOW64\\explorer.exe",
                                "TargetProcessId": "7524",
                                "RuleName": "-",
                                "StartAddress": "43020864",
                                "SourceProcessGuid": "{C784477D-8092-653C-6606-000000003B00}"
                            }
                        },
                        {
                            "values": {
                                "EventID": "8",
                                "TargetProcessGuid": "{C784477D-809A-653C-6C06-000000003B00}",
                                "NewThreadId": "7816",
                                "StartModule": "-",
                                "StartFunction": "-",
                                "SourceProcessId": "1216",
                                "TargetImage": "C:\\Windows\\SysWOW64\\svchost.exe",
                                "UtcTime": "1698463898",
                                "SourceImage": "C:\\Windows\\SysWOW64\\explorer.exe",
                                "TargetProcessId": "4772",
                                "RuleName": "-",
                                "SourceProcessGuid": "{C784477D-809A-653C-6B06-000000003B00}",
                                "StartAddress": "44462656"
                            }
                        }
                    ],
                    "rule_level": "high",
                    "rule_id": "5242ae9a7c0bb9967f443e598ba4d27edfa69ca76b6fbb7ad0d569f7e9067668",
                    "rule_source": "Sigma Integrated Rule Set (GitHub)",
                    "rule_title": "Remote Thread Creation By Uncommon Source Image",
                    "rule_description": "Detects uncommon processes creating remote threads",
                    "rule_author": "Perez Diego (@darkquassar), oscd.community"
                },
                {
                    "match_context": [
                        {
                            "values": {
                                "TerminalSessionId": "1",
                                "ProcessGuid": "{C784477D-804F-653C-3A06-000000003B00}",
                                "ProcessId": "8076",
                                "Product": "Microsoft\\xae Windows\\xae Operating System",
                                "Description": "Host Process for Windows Services",
                                "Company": "Microsoft Corporation",
                                "ParentProcessGuid": "{C784477D-804E-653C-3906-000000003B00}",
                                "User": "DESKTOP-B0T93D6\\george",
                                "Hashes": "MD5=D2CBFEB7C4619A898890FEB4C4514AA9,SHA256=59F4D42056BC43960C2B052FA9D615AD6E654C8AA1DFE3703342375523BA8EA5,IMPHASH=41721E0F933696D50AB32D544D64DCD3",
                                "OriginalFileName": "svchost.exe",
                                "ParentImage": "C:\\Windows\\SysWOW64\\explorer.exe",
                                "FileVersion": "10.0.17134.1276 (WinBuild.160101.0800)",
                                "ParentProcessId": "8020",
                                "CurrentDirectory": "C:\\Users\\george\\Desktop\\",
                                "CommandLine": "-k netsvcs",
                                "EventID": "1",
                                "LogonGuid": "C784477D-740F-6539-FBD2-030000000000",
                                "LogonId": "250619",
                                "Image": "C:\\Windows\\SysWOW64\\svchost.exe",
                                "IntegrityLevel": "High",
                                "ParentCommandLine": "\"C:\\Windows\\syswow64\\explorer.exe\"",
                                "UtcTime": "1698463823",
                                "RuleName": "-"
                            }
                        },
                        {
                            "values": {
                                "TerminalSessionId": "1",
                                "ProcessGuid": "{C784477D-8059-653C-4206-000000003B00}",
                                "ProcessId": "3608",
                                "Product": "Microsoft\\xae Windows\\xae Operating System",
                                "Description": "Host Process for Windows Services",
                                "Company": "Microsoft Corporation",
                                "ParentProcessGuid": "{C784477D-8059-653C-4106-000000003B00}",
                                "User": "DESKTOP-B0T93D6\\george",
                                "Hashes": "MD5=D2CBFEB7C4619A898890FEB4C4514AA9,SHA256=59F4D42056BC43960C2B052FA9D615AD6E654C8AA1DFE3703342375523BA8EA5,IMPHASH=41721E0F933696D50AB32D544D64DCD3",
                                "OriginalFileName": "svchost.exe",
                                "ParentImage": "C:\\Windows\\SysWOW64\\explorer.exe",
                                "FileVersion": "10.0.17134.1276 (WinBuild.160101.0800)",
                                "ParentProcessId": "7732",
                                "CurrentDirectory": "C:\\cf3fbf4\\",
                                "CommandLine": "-k netsvcs",
                                "EventID": "1",
                                "LogonGuid": "C784477D-740F-6539-39D3-030000000000",
                                "LogonId": "250681",
                                "Image": "C:\\Windows\\SysWOW64\\svchost.exe",
                                "IntegrityLevel": "Medium",
                                "ParentCommandLine": "\"C:\\Windows\\syswow64\\explorer.exe\"",
                                "UtcTime": "1698463833",
                                "RuleName": "-"
                            }
                        },
                        {
                            "values": {
                                "TerminalSessionId": "1",
                                "ProcessGuid": "{C784477D-8061-653C-4706-000000003B00}",
                                "ProcessId": "7980",
                                "Product": "Microsoft\\xae Windows\\xae Operating System",
                                "Description": "Host Process for Windows Services",
                                "Company": "Microsoft Corporation",
                                "ParentProcessGuid": "{C784477D-8061-653C-4606-000000003B00}",
                                "User": "DESKTOP-B0T93D6\\george",
                                "Hashes": "MD5=D2CBFEB7C4619A898890FEB4C4514AA9,SHA256=59F4D42056BC43960C2B052FA9D615AD6E654C8AA1DFE3703342375523BA8EA5,IMPHASH=41721E0F933696D50AB32D544D64DCD3",
                                "OriginalFileName": "svchost.exe",
                                "ParentImage": "C:\\Windows\\SysWOW64\\explorer.exe",
                                "FileVersion": "10.0.17134.1276 (WinBuild.160101.0800)",
                                "ParentProcessId": "3400",
                                "CurrentDirectory": "C:\\Users\\george\\AppData\\Roaming\\",
                                "CommandLine": "-k netsvcs",
                                "EventID": "1",
                                "LogonGuid": "C784477D-740F-6539-39D3-030000000000",
                                "LogonId": "250681",
                                "Image": "C:\\Windows\\SysWOW64\\svchost.exe",
                                "IntegrityLevel": "Medium",
                                "ParentCommandLine": "\"C:\\Windows\\syswow64\\explorer.exe\"",
                                "UtcTime": "1698463841",
                                "RuleName": "-"
                            }
                        },
                        {
                            "values": {
                                "TerminalSessionId": "1",
                                "ProcessGuid": "{C784477D-8069-653C-4C06-000000003B00}",
                                "ProcessId": "3548",
                                "Product": "Microsoft\\xae Windows\\xae Operating System",
                                "Description": "Host Process for Windows Services",
                                "Company": "Microsoft Corporation",
                                "ParentProcessGuid": "{C784477D-8069-653C-4B06-000000003B00}",
                                "User": "DESKTOP-B0T93D6\\george",
                                "Hashes": "MD5=D2CBFEB7C4619A898890FEB4C4514AA9,SHA256=59F4D42056BC43960C2B052FA9D615AD6E654C8AA1DFE3703342375523BA8EA5,IMPHASH=41721E0F933696D50AB32D544D64DCD3",
                                "OriginalFileName": "svchost.exe",
                                "ParentImage": "C:\\Windows\\SysWOW64\\explorer.exe",
                                "FileVersion": "10.0.17134.1276 (WinBuild.160101.0800)",
                                "ParentProcessId": "7576",
                                "CurrentDirectory": "C:\\cf3fbf4\\",
                                "CommandLine": "-k netsvcs",
                                "EventID": "1",
                                "LogonGuid": "C784477D-740F-6539-39D3-030000000000",
                                "LogonId": "250681",
                                "Image": "C:\\Windows\\SysWOW64\\svchost.exe",
                                "IntegrityLevel": "Medium",
                                "ParentCommandLine": "\"C:\\Windows\\syswow64\\explorer.exe\"",
                                "UtcTime": "1698463849",
                                "RuleName": "-"
                            }
                        },
                        {
                            "values": {
                                "TerminalSessionId": "1",
                                "ProcessGuid": "{C784477D-8071-653C-5106-000000003B00}",
                                "ProcessId": "8008",
                                "Product": "Microsoft\\xae Windows\\xae Operating System",
                                "Description": "Host Process for Windows Services",
                                "Company": "Microsoft Corporation",
                                "ParentProcessGuid": "{C784477D-8071-653C-5006-000000003B00}",
                                "User": "DESKTOP-B0T93D6\\george",
                                "Hashes": "MD5=D2CBFEB7C4619A898890FEB4C4514AA9,SHA256=59F4D42056BC43960C2B052FA9D615AD6E654C8AA1DFE3703342375523BA8EA5,IMPHASH=41721E0F933696D50AB32D544D64DCD3",
                                "OriginalFileName": "svchost.exe",
                                "ParentImage": "C:\\Windows\\SysWOW64\\explorer.exe",
                                "FileVersion": "10.0.17134.1276 (WinBuild.160101.0800)",
                                "ParentProcessId": "1560",
                                "CurrentDirectory": "C:\\Users\\george\\AppData\\Roaming\\",
                                "CommandLine": "-k netsvcs",
                                "EventID": "1",
                                "LogonGuid": "C784477D-740F-6539-39D3-030000000000",
                                "LogonId": "250681",
                                "Image": "C:\\Windows\\SysWOW64\\svchost.exe",
                                "IntegrityLevel": "Medium",
                                "ParentCommandLine": "\"C:\\Windows\\syswow64\\explorer.exe\"",
                                "UtcTime": "1698463857",
                                "RuleName": "-"
                            }
                        },
                        {
                            "values": {
                                "TerminalSessionId": "1",
                                "ProcessGuid": "{C784477D-807A-653C-5606-000000003B00}",
                                "ProcessId": "4356",
                                "Product": "Microsoft\\xae Windows\\xae Operating System",
                                "Description": "Host Process for Windows Services",
                                "Company": "Microsoft Corporation",
                                "ParentProcessGuid": "{C784477D-8079-653C-5506-000000003B00}",
                                "User": "DESKTOP-B0T93D6\\george",
                                "Hashes": "MD5=D2CBFEB7C4619A898890FEB4C4514AA9,SHA256=59F4D42056BC43960C2B052FA9D615AD6E654C8AA1DFE3703342375523BA8EA5,IMPHASH=41721E0F933696D50AB32D544D64DCD3",
                                "OriginalFileName": "svchost.exe",
                                "ParentImage": "C:\\Windows\\SysWOW64\\explorer.exe",
                                "FileVersion": "10.0.17134.1276 (WinBuild.160101.0800)",
                                "ParentProcessId": "3636",
                                "CurrentDirectory": "C:\\cf3fbf4\\",
                                "CommandLine": "-k netsvcs",
                                "EventID": "1",
                                "LogonGuid": "C784477D-740F-6539-39D3-030000000000",
                                "LogonId": "250681",
                                "Image": "C:\\Windows\\SysWOW64\\svchost.exe",
                                "IntegrityLevel": "Medium",
                                "ParentCommandLine": "\"C:\\Windows\\syswow64\\explorer.exe\"",
                                "UtcTime": "1698463866",
                                "RuleName": "-"
                            }
                        },
                        {
                            "values": {
                                "TerminalSessionId": "1",
                                "ProcessGuid": "{C784477D-8082-653C-5D06-000000003B00}",
                                "ProcessId": "3832",
                                "Product": "Microsoft\\xae Windows\\xae Operating System",
                                "Description": "Host Process for Windows Services",
                                "Company": "Microsoft Corporation",
                                "ParentProcessGuid": "{C784477D-8081-653C-5C06-000000003B00}",
                                "User": "DESKTOP-B0T93D6\\george",
                                "Hashes": "MD5=D2CBFEB7C4619A898890FEB4C4514AA9,SHA256=59F4D42056BC43960C2B052FA9D615AD6E654C8AA1DFE3703342375523BA8EA5,IMPHASH=41721E0F933696D50AB32D544D64DCD3",
                                "OriginalFileName": "svchost.exe",
                                "ParentImage": "C:\\Windows\\SysWOW64\\explorer.exe",
                                "FileVersion": "10.0.17134.1276 (WinBuild.160101.0800)",
                                "ParentProcessId": "6236",
                                "CurrentDirectory": "C:\\Users\\george\\AppData\\Roaming\\",
                                "CommandLine": "-k netsvcs",
                                "EventID": "1",
                                "LogonGuid": "C784477D-740F-6539-39D3-030000000000",
                                "LogonId": "250681",
                                "Image": "C:\\Windows\\SysWOW64\\svchost.exe",
                                "IntegrityLevel": "Medium",
                                "ParentCommandLine": "\"C:\\Windows\\syswow64\\explorer.exe\"",
                                "UtcTime": "1698463874",
                                "RuleName": "-"
                            }
                        },
                        {
                            "values": {
                                "TerminalSessionId": "1",
                                "ProcessGuid": "{C784477D-808A-653C-6206-000000003B00}",
                                "ProcessId": "6944",
                                "Product": "Microsoft\\xae Windows\\xae Operating System",
                                "Description": "Host Process for Windows Services",
                                "Company": "Microsoft Corporation",
                                "ParentProcessGuid": "{C784477D-8089-653C-6106-000000003B00}",
                                "User": "DESKTOP-B0T93D6\\george",
                                "Hashes": "MD5=D2CBFEB7C4619A898890FEB4C4514AA9,SHA256=59F4D42056BC43960C2B052FA9D615AD6E654C8AA1DFE3703342375523BA8EA5,IMPHASH=41721E0F933696D50AB32D544D64DCD3",
                                "OriginalFileName": "svchost.exe",
                                "ParentImage": "C:\\Windows\\SysWOW64\\explorer.exe",
                                "FileVersion": "10.0.17134.1276 (WinBuild.160101.0800)",
                                "ParentProcessId": "1556",
                                "CurrentDirectory": "C:\\cf3fbf4\\",
                                "CommandLine": "-k netsvcs",
                                "EventID": "1",
                                "LogonGuid": "C784477D-740F-6539-39D3-030000000000",
                                "LogonId": "250681",
                                "Image": "C:\\Windows\\SysWOW64\\svchost.exe",
                                "IntegrityLevel": "Medium",
                                "ParentCommandLine": "\"C:\\Windows\\syswow64\\explorer.exe\"",
                                "UtcTime": "1698463882",
                                "RuleName": "-"
                            }
                        },
                        {
                            "values": {
                                "TerminalSessionId": "1",
                                "ProcessGuid": "{C784477D-8092-653C-6706-000000003B00}",
                                "ProcessId": "7524",
                                "Product": "Microsoft\\xae Windows\\xae Operating System",
                                "Description": "Host Process for Windows Services",
                                "Company": "Microsoft Corporation",
                                "ParentProcessGuid": "{C784477D-8092-653C-6606-000000003B00}",
                                "User": "DESKTOP-B0T93D6\\george",
                                "Hashes": "MD5=D2CBFEB7C4619A898890FEB4C4514AA9,SHA256=59F4D42056BC43960C2B052FA9D615AD6E654C8AA1DFE3703342375523BA8EA5,IMPHASH=41721E0F933696D50AB32D544D64DCD3",
                                "OriginalFileName": "svchost.exe",
                                "ParentImage": "C:\\Windows\\SysWOW64\\explorer.exe",
                                "FileVersion": "10.0.17134.1276 (WinBuild.160101.0800)",
                                "ParentProcessId": "7440",
                                "CurrentDirectory": "C:\\Users\\george\\AppData\\Roaming\\",
                                "CommandLine": "-k netsvcs",
                                "EventID": "1",
                                "LogonGuid": "C784477D-740F-6539-39D3-030000000000",
                                "LogonId": "250681",
                                "Image": "C:\\Windows\\SysWOW64\\svchost.exe",
                                "IntegrityLevel": "Medium",
                                "ParentCommandLine": "\"C:\\Windows\\syswow64\\explorer.exe\"",
                                "UtcTime": "1698463890",
                                "RuleName": "-"
                            }
                        },
                        {
                            "values": {
                                "TerminalSessionId": "1",
                                "ProcessGuid": "{C784477D-809A-653C-6C06-000000003B00}",
                                "ProcessId": "4772",
                                "Product": "Microsoft\\xae Windows\\xae Operating System",
                                "Description": "Host Process for Windows Services",
                                "Company": "Microsoft Corporation",
                                "ParentProcessGuid": "{C784477D-809A-653C-6B06-000000003B00}",
                                "User": "DESKTOP-B0T93D6\\george",
                                "Hashes": "MD5=D2CBFEB7C4619A898890FEB4C4514AA9,SHA256=59F4D42056BC43960C2B052FA9D615AD6E654C8AA1DFE3703342375523BA8EA5,IMPHASH=41721E0F933696D50AB32D544D64DCD3",
                                "OriginalFileName": "svchost.exe",
                                "ParentImage": "C:\\Windows\\SysWOW64\\explorer.exe",
                                "FileVersion": "10.0.17134.1276 (WinBuild.160101.0800)",
                                "ParentProcessId": "1216",
                                "CurrentDirectory": "C:\\Users\\george\\AppData\\Roaming\\Microsoft\\Windows\\Start Menu\\Programs\\Startup\\",
                                "CommandLine": "-k netsvcs",
                                "EventID": "1",
                                "LogonGuid": "C784477D-740F-6539-39D3-030000000000",
                                "LogonId": "250681",
                                "Image": "C:\\Windows\\SysWOW64\\svchost.exe",
                                "IntegrityLevel": "Medium",
                                "ParentCommandLine": "\"C:\\Windows\\syswow64\\explorer.exe\"",
                                "UtcTime": "1698463898",
                                "RuleName": "-"
                            }
                        }
                    ],
                    "rule_level": "high",
                    "rule_id": "a0daa529834b3c5230b4524da005a6b6503e7cb061e298a8f74e0dc1fee0a008",
                    "rule_source": "Sigma Integrated Rule Set (GitHub)",
                    "rule_title": "Suspicious Svchost Process",
                    "rule_description": "Detects a suspicious svchost process start",
                    "rule_author": "Florian Roth (Nextron Systems)"
                },
                {
                    "match_context": [
                        {
                            "values": {
                                "TerminalSessionId": "1",
                                "ProcessGuid": "{C784477D-804F-653C-3B06-000000003B00}",
                                "ProcessId": "8100",
                                "Product": "Microsoft\\xae Windows\\xae Operating System",
                                "Description": "Command Line Interface for Microsoft\\xae Volume Shadow Copy Service ",
                                "Company": "Microsoft Corporation",
                                "ParentProcessGuid": "{C784477D-804E-653C-3906-000000003B00}",
                                "User": "DESKTOP-B0T93D6\\george",
                                "Hashes": "MD5=7E30B94672107D3381A1D175CF18C147,SHA256=BB1D73C5104A722F228B39CCB24C6F2BB13EFCCA2EA65B013D33433550E3BCE7,IMPHASH=B8C53607A902DC54702978C63D6E8B2E",
                                "OriginalFileName": "VSSADMIN.EXE",
                                "ParentImage": "C:\\Windows\\SysWOW64\\explorer.exe",
                                "FileVersion": "10.0.17134.1 (WinBuild.160101.0800)",
                                "ParentProcessId": "8020",
                                "CurrentDirectory": "C:\\Users\\george\\Desktop\\",
                                "CommandLine": "vssadmin.exe Delete Shadows /All /Quiet",
                                "EventID": "1",
                                "LogonGuid": "C784477D-740F-6539-FBD2-030000000000",
                                "LogonId": "250619",
                                "Image": "C:\\Windows\\SysWOW64\\vssadmin.exe",
                                "IntegrityLevel": "High",
                                "ParentCommandLine": "\"C:\\Windows\\syswow64\\explorer.exe\"",
                                "UtcTime": "1698463823",
                                "RuleName": "-"
                            }
                        },
                        {
                            "values": {
                                "TerminalSessionId": "1",
                                "ProcessGuid": "{C784477D-8059-653C-4306-000000003B00}",
                                "ProcessId": "4072",
                                "Product": "Microsoft\\xae Windows\\xae Operating System",
                                "Description": "Command Line Interface for Microsoft\\xae Volume Shadow Copy Service ",
                                "Company": "Microsoft Corporation",
                                "ParentProcessGuid": "{C784477D-8059-653C-4106-000000003B00}",
                                "User": "DESKTOP-B0T93D6\\george",
                                "Hashes": "MD5=7E30B94672107D3381A1D175CF18C147,SHA256=BB1D73C5104A722F228B39CCB24C6F2BB13EFCCA2EA65B013D33433550E3BCE7,IMPHASH=B8C53607A902DC54702978C63D6E8B2E",
                                "OriginalFileName": "VSSADMIN.EXE",
                                "ParentImage": "C:\\Windows\\SysWOW64\\explorer.exe",
                                "FileVersion": "10.0.17134.1 (WinBuild.160101.0800)",
                                "ParentProcessId": "7732",
                                "CurrentDirectory": "C:\\cf3fbf4\\",
                                "CommandLine": "vssadmin.exe Delete Shadows /All /Quiet",
                                "EventID": "1",
                                "LogonGuid": "C784477D-740F-6539-39D3-030000000000",
                                "LogonId": "250681",
                                "Image": "C:\\Windows\\SysWOW64\\vssadmin.exe",
                                "IntegrityLevel": "Medium",
                                "ParentCommandLine": "\"C:\\Windows\\syswow64\\explorer.exe\"",
                                "UtcTime": "1698463833",
                                "RuleName": "-"
                            }
                        },
                        {
                            "values": {
                                "TerminalSessionId": "1",
                                "ProcessGuid": "{C784477D-8062-653C-4806-000000003B00}",
                                "ProcessId": "7952",
                                "Product": "Microsoft\\xae Windows\\xae Operating System",
                                "Description": "Command Line Interface for Microsoft\\xae Volume Shadow Copy Service ",
                                "Company": "Microsoft Corporation",
                                "ParentProcessGuid": "{C784477D-8061-653C-4606-000000003B00}",
                                "User": "DESKTOP-B0T93D6\\george",
                                "Hashes": "MD5=7E30B94672107D3381A1D175CF18C147,SHA256=BB1D73C5104A722F228B39CCB24C6F2BB13EFCCA2EA65B013D33433550E3BCE7,IMPHASH=B8C53607A902DC54702978C63D6E8B2E",
                                "OriginalFileName": "VSSADMIN.EXE",
                                "ParentImage": "C:\\Windows\\SysWOW64\\explorer.exe",
                                "FileVersion": "10.0.17134.1 (WinBuild.160101.0800)",
                                "ParentProcessId": "3400",
                                "CurrentDirectory": "C:\\Users\\george\\AppData\\Roaming\\",
                                "CommandLine": "vssadmin.exe Delete Shadows /All /Quiet",
                                "EventID": "1",
                                "LogonGuid": "C784477D-740F-6539-39D3-030000000000",
                                "LogonId": "250681",
                                "Image": "C:\\Windows\\SysWOW64\\vssadmin.exe",
                                "IntegrityLevel": "Medium",
                                "ParentCommandLine": "\"C:\\Windows\\syswow64\\explorer.exe\"",
                                "UtcTime": "1698463842",
                                "RuleName": "-"
                            }
                        },
                        {
                            "values": {
                                "TerminalSessionId": "1",
                                "ProcessGuid": "{C784477D-8069-653C-4D06-000000003B00}",
                                "ProcessId": "7752",
                                "Product": "Microsoft\\xae Windows\\xae Operating System",
                                "Description": "Command Line Interface for Microsoft\\xae Volume Shadow Copy Service ",
                                "Company": "Microsoft Corporation",
                                "ParentProcessGuid": "{C784477D-8069-653C-4B06-000000003B00}",
                                "User": "DESKTOP-B0T93D6\\george",
                                "Hashes": "MD5=7E30B94672107D3381A1D175CF18C147,SHA256=BB1D73C5104A722F228B39CCB24C6F2BB13EFCCA2EA65B013D33433550E3BCE7,IMPHASH=B8C53607A902DC54702978C63D6E8B2E",
                                "OriginalFileName": "VSSADMIN.EXE",
                                "ParentImage": "C:\\Windows\\SysWOW64\\explorer.exe",
                                "FileVersion": "10.0.17134.1 (WinBuild.160101.0800)",
                                "ParentProcessId": "7576",
                                "CurrentDirectory": "C:\\cf3fbf4\\",
                                "CommandLine": "vssadmin.exe Delete Shadows /All /Quiet",
                                "EventID": "1",
                                "LogonGuid": "C784477D-740F-6539-39D3-030000000000",
                                "LogonId": "250681",
                                "Image": "C:\\Windows\\SysWOW64\\vssadmin.exe",
                                "IntegrityLevel": "Medium",
                                "ParentCommandLine": "\"C:\\Windows\\syswow64\\explorer.exe\"",
                                "UtcTime": "1698463849",
                                "RuleName": "-"
                            }
                        },
                        {
                            "values": {
                                "TerminalSessionId": "1",
                                "ProcessGuid": "{C784477D-8071-653C-5206-000000003B00}",
                                "ProcessId": "8140",
                                "Product": "Microsoft\\xae Windows\\xae Operating System",
                                "Description": "Command Line Interface for Microsoft\\xae Volume Shadow Copy Service ",
                                "Company": "Microsoft Corporation",
                                "ParentProcessGuid": "{C784477D-8071-653C-5006-000000003B00}",
                                "User": "DESKTOP-B0T93D6\\george",
                                "Hashes": "MD5=7E30B94672107D3381A1D175CF18C147,SHA256=BB1D73C5104A722F228B39CCB24C6F2BB13EFCCA2EA65B013D33433550E3BCE7,IMPHASH=B8C53607A902DC54702978C63D6E8B2E",
                                "OriginalFileName": "VSSADMIN.EXE",
                                "ParentImage": "C:\\Windows\\SysWOW64\\explorer.exe",
                                "FileVersion": "10.0.17134.1 (WinBuild.160101.0800)",
                                "ParentProcessId": "1560",
                                "CurrentDirectory": "C:\\Users\\george\\AppData\\Roaming\\",
                                "CommandLine": "vssadmin.exe Delete Shadows /All /Quiet",
                                "EventID": "1",
                                "LogonGuid": "C784477D-740F-6539-39D3-030000000000",
                                "LogonId": "250681",
                                "Image": "C:\\Windows\\SysWOW64\\vssadmin.exe",
                                "IntegrityLevel": "Medium",
                                "ParentCommandLine": "\"C:\\Windows\\syswow64\\explorer.exe\"",
                                "UtcTime": "1698463857",
                                "RuleName": "-"
                            }
                        },
