                        {
                            "values": {
                                "TerminalSessionId": "1",
                                "ProcessGuid": "{C784477D-C3D6-638F-9A06-000000004100}",
                                "ProcessId": "3648",
                                "Product": "Microsoft\\xae Windows\\xae Operating System",
                                "Description": "Terminates Processes",
                                "Company": "Microsoft Corporation",
                                "ParentProcessGuid": "{C784477D-C3C5-638F-EA05-000000004100}",
                                "User": "DESKTOP-B0T93D6\\george",
                                "Hashes": "MD5=15E2E0ACD891510C6268CB8899F2A1A1,SHA256=F328D587561BEED3C19289FBA43E284FB57BCE1A4C202C7379673964F9B8610D,IMPHASH=0D3E23DCB6BF63A9EB90D5BED57B4F89",
                                "OriginalFileName": "taskkill.exe",
                                "ParentImage": "C:\\Users\\george\\Desktop\\executable.exe",
                                "FileVersion": "10.0.17134.1 (WinBuild.160101.0800)",
                                "ParentProcessId": "6120",
                                "CurrentDirectory": "C:\\Users\\george\\Desktop\\",
                                "CommandLine": "taskkill /F /IM taskmgr.exe",
                                "EventID": "1",
                                "LogonGuid": "C784477D-6A69-6384-D52A-030000000000",
                                "LogonId": "207573",
                                "Image": "C:\\Windows\\SysWOW64\\taskkill.exe",
                                "IntegrityLevel": "High",
                                "ParentCommandLine": "\"C:\\Users\\george\\Desktop\\executable.exe\"",
                                "UtcTime": "1670366166",
                                "RuleName": "-"
                            }
                        },
                        {
                            "values": {
                                "TerminalSessionId": "1",
                                "ProcessGuid": "{C784477D-C3D6-638F-9C06-000000004100}",
                                "ProcessId": "4280",
                                "Product": "Microsoft\\xae Windows\\xae Operating System",
                                "Description": "Terminates Processes",
                                "Company": "Microsoft Corporation",
                                "ParentProcessGuid": "{C784477D-C3C5-638F-EA05-000000004100}",
                                "User": "DESKTOP-B0T93D6\\george",
                                "Hashes": "MD5=15E2E0ACD891510C6268CB8899F2A1A1,SHA256=F328D587561BEED3C19289FBA43E284FB57BCE1A4C202C7379673964F9B8610D,IMPHASH=0D3E23DCB6BF63A9EB90D5BED57B4F89",
                                "OriginalFileName": "taskkill.exe",
                                "ParentImage": "C:\\Users\\george\\Desktop\\executable.exe",
                                "FileVersion": "10.0.17134.1 (WinBuild.160101.0800)",
                                "ParentProcessId": "6120",
                                "CurrentDirectory": "C:\\Users\\george\\Desktop\\",
                                "CommandLine": "taskkill /F /IM taskmgr.exe",
                                "EventID": "1",
                                "LogonGuid": "C784477D-6A69-6384-D52A-030000000000",
                                "LogonId": "207573",
                                "Image": "C:\\Windows\\SysWOW64\\taskkill.exe",
                                "IntegrityLevel": "High",
                                "ParentCommandLine": "\"C:\\Users\\george\\Desktop\\executable.exe\"",
                                "UtcTime": "1670366166",
                                "RuleName": "-"
                            }
                        },
                        {
                            "values": {
                                "TerminalSessionId": "1",
                                "ProcessGuid": "{C784477D-C3D6-638F-9E06-000000004100}",
                                "ProcessId": "1844",
                                "Product": "Microsoft\\xae Windows\\xae Operating System",
                                "Description": "Terminates Processes",
                                "Company": "Microsoft Corporation",
                                "ParentProcessGuid": "{C784477D-C3C5-638F-EA05-000000004100}",
                                "User": "DESKTOP-B0T93D6\\george",
                                "Hashes": "MD5=15E2E0ACD891510C6268CB8899F2A1A1,SHA256=F328D587561BEED3C19289FBA43E284FB57BCE1A4C202C7379673964F9B8610D,IMPHASH=0D3E23DCB6BF63A9EB90D5BED57B4F89",
                                "OriginalFileName": "taskkill.exe",
                                "ParentImage": "C:\\Users\\george\\Desktop\\executable.exe",
                                "FileVersion": "10.0.17134.1 (WinBuild.160101.0800)",
                                "ParentProcessId": "6120",
                                "CurrentDirectory": "C:\\Users\\george\\Desktop\\",
                                "CommandLine": "taskkill /F /IM taskmgr.exe",
                                "EventID": "1",
                                "LogonGuid": "C784477D-6A69-6384-D52A-030000000000",
                                "LogonId": "207573",
                                "Image": "C:\\Windows\\SysWOW64\\taskkill.exe",
                                "IntegrityLevel": "High",
                                "ParentCommandLine": "\"C:\\Users\\george\\Desktop\\executable.exe\"",
                                "UtcTime": "1670366166",
                                "RuleName": "-"
                            }
                        },
                        {
                            "values": {
                                "TerminalSessionId": "1",
                                "ProcessGuid": "{C784477D-C3D6-638F-A006-000000004100}",
                                "ProcessId": "3484",
                                "Product": "Microsoft\\xae Windows\\xae Operating System",
                                "Description": "Terminates Processes",
                                "Company": "Microsoft Corporation",
                                "ParentProcessGuid": "{C784477D-C3C5-638F-EA05-000000004100}",
                                "User": "DESKTOP-B0T93D6\\george",
                                "Hashes": "MD5=15E2E0ACD891510C6268CB8899F2A1A1,SHA256=F328D587561BEED3C19289FBA43E284FB57BCE1A4C202C7379673964F9B8610D,IMPHASH=0D3E23DCB6BF63A9EB90D5BED57B4F89",
                                "OriginalFileName": "taskkill.exe",
                                "ParentImage": "C:\\Users\\george\\Desktop\\executable.exe",
                                "FileVersion": "10.0.17134.1 (WinBuild.160101.0800)",
                                "ParentProcessId": "6120",
                                "CurrentDirectory": "C:\\Users\\george\\Desktop\\",
                                "CommandLine": "taskkill /F /IM taskmgr.exe",
                                "EventID": "1",
                                "LogonGuid": "C784477D-6A69-6384-D52A-030000000000",
                                "LogonId": "207573",
                                "Image": "C:\\Windows\\SysWOW64\\taskkill.exe",
                                "IntegrityLevel": "High",
                                "ParentCommandLine": "\"C:\\Users\\george\\Desktop\\executable.exe\"",
                                "UtcTime": "1670366166",
                                "RuleName": "-"
                            }
                        },
                        {
                            "values": {
                                "TerminalSessionId": "1",
                                "ProcessGuid": "{C784477D-C3D6-638F-A206-000000004100}",
                                "ProcessId": "1420",
                                "Product": "Microsoft\\xae Windows\\xae Operating System",
                                "Description": "Terminates Processes",
                                "Company": "Microsoft Corporation",
                                "ParentProcessGuid": "{C784477D-C3C5-638F-EA05-000000004100}",
                                "User": "DESKTOP-B0T93D6\\george",
                                "Hashes": "MD5=15E2E0ACD891510C6268CB8899F2A1A1,SHA256=F328D587561BEED3C19289FBA43E284FB57BCE1A4C202C7379673964F9B8610D,IMPHASH=0D3E23DCB6BF63A9EB90D5BED57B4F89",
                                "OriginalFileName": "taskkill.exe",
                                "ParentImage": "C:\\Users\\george\\Desktop\\executable.exe",
                                "FileVersion": "10.0.17134.1 (WinBuild.160101.0800)",
                                "ParentProcessId": "6120",
                                "CurrentDirectory": "C:\\Users\\george\\Desktop\\",
                                "CommandLine": "taskkill /F /IM taskmgr.exe",
                                "EventID": "1",
                                "LogonGuid": "C784477D-6A69-6384-D52A-030000000000",
                                "LogonId": "207573",
                                "Image": "C:\\Windows\\SysWOW64\\taskkill.exe",
                                "IntegrityLevel": "High",
                                "ParentCommandLine": "\"C:\\Users\\george\\Desktop\\executable.exe\"",
                                "UtcTime": "1670366166",
                                "RuleName": "-"
                            }
                        },
                        {
                            "values": {
                                "TerminalSessionId": "1",
                                "ProcessGuid": "{C784477D-C3D7-638F-A406-000000004100}",
                                "ProcessId": "4420",
                                "Product": "Microsoft\\xae Windows\\xae Operating System",
                                "Description": "Terminates Processes",
                                "Company": "Microsoft Corporation",
                                "ParentProcessGuid": "{C784477D-C3C5-638F-EA05-000000004100}",
                                "User": "DESKTOP-B0T93D6\\george",
                                "Hashes": "MD5=15E2E0ACD891510C6268CB8899F2A1A1,SHA256=F328D587561BEED3C19289FBA43E284FB57BCE1A4C202C7379673964F9B8610D,IMPHASH=0D3E23DCB6BF63A9EB90D5BED57B4F89",
                                "OriginalFileName": "taskkill.exe",
                                "ParentImage": "C:\\Users\\george\\Desktop\\executable.exe",
                                "FileVersion": "10.0.17134.1 (WinBuild.160101.0800)",
                                "ParentProcessId": "6120",
                                "CurrentDirectory": "C:\\Users\\george\\Desktop\\",
                                "CommandLine": "taskkill /F /IM taskmgr.exe",
                                "EventID": "1",
                                "LogonGuid": "C784477D-6A69-6384-D52A-030000000000",
                                "LogonId": "207573",
                                "Image": "C:\\Windows\\SysWOW64\\taskkill.exe",
                                "IntegrityLevel": "High",
                                "ParentCommandLine": "\"C:\\Users\\george\\Desktop\\executable.exe\"",
                                "UtcTime": "1670366167",
                                "RuleName": "-"
                            }
                        },
                        {
                            "values": {
                                "TerminalSessionId": "1",
                                "ProcessGuid": "{C784477D-C3D7-638F-A606-000000004100}",
                                "ProcessId": "7080",
                                "Product": "Microsoft\\xae Windows\\xae Operating System",
                                "Description": "Terminates Processes",
                                "Company": "Microsoft Corporation",
                                "ParentProcessGuid": "{C784477D-C3C5-638F-EA05-000000004100}",
                                "User": "DESKTOP-B0T93D6\\george",
                                "Hashes": "MD5=15E2E0ACD891510C6268CB8899F2A1A1,SHA256=F328D587561BEED3C19289FBA43E284FB57BCE1A4C202C7379673964F9B8610D,IMPHASH=0D3E23DCB6BF63A9EB90D5BED57B4F89",
                                "OriginalFileName": "taskkill.exe",
                                "ParentImage": "C:\\Users\\george\\Desktop\\executable.exe",
                                "FileVersion": "10.0.17134.1 (WinBuild.160101.0800)",
                                "ParentProcessId": "6120",
                                "CurrentDirectory": "C:\\Users\\george\\Desktop\\",
                                "CommandLine": "taskkill /F /IM taskmgr.exe",
                                "EventID": "1",
                                "LogonGuid": "C784477D-6A69-6384-D52A-030000000000",
                                "LogonId": "207573",
                                "Image": "C:\\Windows\\SysWOW64\\taskkill.exe",
                                "IntegrityLevel": "High",
                                "ParentCommandLine": "\"C:\\Users\\george\\Desktop\\executable.exe\"",
                                "UtcTime": "1670366167",
                                "RuleName": "-"
                            }
                        },
                        {
                            "values": {
                                "TerminalSessionId": "1",
                                "ProcessGuid": "{C784477D-C3D7-638F-A806-000000004100}",
                                "ProcessId": "2792",
                                "Product": "Microsoft\\xae Windows\\xae Operating System",
                                "Description": "Terminates Processes",
                                "Company": "Microsoft Corporation",
                                "ParentProcessGuid": "{C784477D-C3C5-638F-EA05-000000004100}",
                                "User": "DESKTOP-B0T93D6\\george",
                                "Hashes": "MD5=15E2E0ACD891510C6268CB8899F2A1A1,SHA256=F328D587561BEED3C19289FBA43E284FB57BCE1A4C202C7379673964F9B8610D,IMPHASH=0D3E23DCB6BF63A9EB90D5BED57B4F89",
                                "OriginalFileName": "taskkill.exe",
                                "ParentImage": "C:\\Users\\george\\Desktop\\executable.exe",
                                "FileVersion": "10.0.17134.1 (WinBuild.160101.0800)",
                                "ParentProcessId": "6120",
                                "CurrentDirectory": "C:\\Users\\george\\Desktop\\",
                                "CommandLine": "taskkill /F /IM taskmgr.exe",
                                "EventID": "1",
                                "LogonGuid": "C784477D-6A69-6384-D52A-030000000000",
                                "LogonId": "207573",
                                "Image": "C:\\Windows\\SysWOW64\\taskkill.exe",
                                "IntegrityLevel": "High",
                                "ParentCommandLine": "\"C:\\Users\\george\\Desktop\\executable.exe\"",
                                "UtcTime": "1670366167",
                                "RuleName": "-"
                            }
                        },
                        {
                            "values": {
                                "TerminalSessionId": "1",
                                "ProcessGuid": "{C784477D-C3D7-638F-AA06-000000004100}",
                                "ProcessId": "4308",
                                "Product": "Microsoft\\xae Windows\\xae Operating System",
                                "Description": "Terminates Processes",
                                "Company": "Microsoft Corporation",
                                "ParentProcessGuid": "{C784477D-C3C5-638F-EA05-000000004100}",
                                "User": "DESKTOP-B0T93D6\\george",
                                "Hashes": "MD5=15E2E0ACD891510C6268CB8899F2A1A1,SHA256=F328D587561BEED3C19289FBA43E284FB57BCE1A4C202C7379673964F9B8610D,IMPHASH=0D3E23DCB6BF63A9EB90D5BED57B4F89",
                                "OriginalFileName": "taskkill.exe",
                                "ParentImage": "C:\\Users\\george\\Desktop\\executable.exe",
                                "FileVersion": "10.0.17134.1 (WinBuild.160101.0800)",
                                "ParentProcessId": "6120",
                                "CurrentDirectory": "C:\\Users\\george\\Desktop\\",
                                "CommandLine": "taskkill /F /IM taskmgr.exe",
                                "EventID": "1",
                                "LogonGuid": "C784477D-6A69-6384-D52A-030000000000",
                                "LogonId": "207573",
                                "Image": "C:\\Windows\\SysWOW64\\taskkill.exe",
                                "IntegrityLevel": "High",
                                "ParentCommandLine": "\"C:\\Users\\george\\Desktop\\executable.exe\"",
                                "UtcTime": "1670366167",
                                "RuleName": "-"
                            }
                        },
                        {
                            "values": {
                                "TerminalSessionId": "1",
                                "ProcessGuid": "{C784477D-C3D7-638F-AC06-000000004100}",
                                "ProcessId": "3516",
                                "Product": "Microsoft\\xae Windows\\xae Operating System",
                                "Description": "Terminates Processes",
                                "Company": "Microsoft Corporation",
                                "ParentProcessGuid": "{C784477D-C3C5-638F-EA05-000000004100}",
                                "User": "DESKTOP-B0T93D6\\george",
                                "Hashes": "MD5=15E2E0ACD891510C6268CB8899F2A1A1,SHA256=F328D587561BEED3C19289FBA43E284FB57BCE1A4C202C7379673964F9B8610D,IMPHASH=0D3E23DCB6BF63A9EB90D5BED57B4F89",
                                "OriginalFileName": "taskkill.exe",
                                "ParentImage": "C:\\Users\\george\\Desktop\\executable.exe",
                                "FileVersion": "10.0.17134.1 (WinBuild.160101.0800)",
                                "ParentProcessId": "6120",
                                "CurrentDirectory": "C:\\Users\\george\\Desktop\\",
                                "CommandLine": "taskkill /F /IM taskmgr.exe",
                                "EventID": "1",
                                "LogonGuid": "C784477D-6A69-6384-D52A-030000000000",
                                "LogonId": "207573",
                                "Image": "C:\\Windows\\SysWOW64\\taskkill.exe",
                                "IntegrityLevel": "High",
                                "ParentCommandLine": "\"C:\\Users\\george\\Desktop\\executable.exe\"",
                                "UtcTime": "1670366167",
                                "RuleName": "-"
                            }
                        },
                        {
                            "values": {
                                "TerminalSessionId": "1",
                                "ProcessGuid": "{C784477D-C3D7-638F-AE06-000000004100}",
                                "ProcessId": "6408",
                                "Product": "Microsoft\\xae Windows\\xae Operating System",
                                "Description": "Terminates Processes",
                                "Company": "Microsoft Corporation",
                                "ParentProcessGuid": "{C784477D-C3C5-638F-EA05-000000004100}",
                                "User": "DESKTOP-B0T93D6\\george",
                                "Hashes": "MD5=15E2E0ACD891510C6268CB8899F2A1A1,SHA256=F328D587561BEED3C19289FBA43E284FB57BCE1A4C202C7379673964F9B8610D,IMPHASH=0D3E23DCB6BF63A9EB90D5BED57B4F89",
                                "OriginalFileName": "taskkill.exe",
                                "ParentImage": "C:\\Users\\george\\Desktop\\executable.exe",
                                "FileVersion": "10.0.17134.1 (WinBuild.160101.0800)",
                                "ParentProcessId": "6120",
                                "CurrentDirectory": "C:\\Users\\george\\Desktop\\",
                                "CommandLine": "taskkill /F /IM taskmgr.exe",
                                "EventID": "1",
                                "LogonGuid": "C784477D-6A69-6384-D52A-030000000000",
                                "LogonId": "207573",
                                "Image": "C:\\Windows\\SysWOW64\\taskkill.exe",
                                "IntegrityLevel": "High",
                                "ParentCommandLine": "\"C:\\Users\\george\\Desktop\\executable.exe\"",
                                "UtcTime": "1670366167",
                                "RuleName": "-"
                            }
                        },
                        {
                            "values": {
                                "TerminalSessionId": "1",
                                "ProcessGuid": "{C784477D-C3D7-638F-B006-000000004100}",
                                "ProcessId": "2220",
                                "Product": "Microsoft\\xae Windows\\xae Operating System",
                                "Description": "Terminates Processes",
                                "Company": "Microsoft Corporation",
                                "ParentProcessGuid": "{C784477D-C3C5-638F-EA05-000000004100}",
                                "User": "DESKTOP-B0T93D6\\george",
                                "Hashes": "MD5=15E2E0ACD891510C6268CB8899F2A1A1,SHA256=F328D587561BEED3C19289FBA43E284FB57BCE1A4C202C7379673964F9B8610D,IMPHASH=0D3E23DCB6BF63A9EB90D5BED57B4F89",
                                "OriginalFileName": "taskkill.exe",
                                "ParentImage": "C:\\Users\\george\\Desktop\\executable.exe",
                                "FileVersion": "10.0.17134.1 (WinBuild.160101.0800)",
                                "ParentProcessId": "6120",
                                "CurrentDirectory": "C:\\Users\\george\\Desktop\\",
                                "CommandLine": "taskkill /F /IM taskmgr.exe",
                                "EventID": "1",
                                "LogonGuid": "C784477D-6A69-6384-D52A-030000000000",
                                "LogonId": "207573",
                                "Image": "C:\\Windows\\SysWOW64\\taskkill.exe",
                                "IntegrityLevel": "High",
                                "ParentCommandLine": "\"C:\\Users\\george\\Desktop\\executable.exe\"",
                                "UtcTime": "1670366167",
                                "RuleName": "-"
                            }
                        },
                        {
                            "values": {
                                "TerminalSessionId": "1",
                                "ProcessGuid": "{C784477D-C3D8-638F-B206-000000004100}",
                                "ProcessId": "3364",
                                "Product": "Microsoft\\xae Windows\\xae Operating System",
                                "Description": "Terminates Processes",
                                "Company": "Microsoft Corporation",
                                "ParentProcessGuid": "{C784477D-C3C5-638F-EA05-000000004100}",
                                "User": "DESKTOP-B0T93D6\\george",
                                "Hashes": "MD5=15E2E0ACD891510C6268CB8899F2A1A1,SHA256=F328D587561BEED3C19289FBA43E284FB57BCE1A4C202C7379673964F9B8610D,IMPHASH=0D3E23DCB6BF63A9EB90D5BED57B4F89",
                                "OriginalFileName": "taskkill.exe",
                                "ParentImage": "C:\\Users\\george\\Desktop\\executable.exe",
                                "FileVersion": "10.0.17134.1 (WinBuild.160101.0800)",
                                "ParentProcessId": "6120",
                                "CurrentDirectory": "C:\\Users\\george\\Desktop\\",
                                "CommandLine": "taskkill /F /IM taskmgr.exe",
                                "EventID": "1",
                                "LogonGuid": "C784477D-6A69-6384-D52A-030000000000",
                                "LogonId": "207573",
                                "Image": "C:\\Windows\\SysWOW64\\taskkill.exe",
                                "IntegrityLevel": "High",
                                "ParentCommandLine": "\"C:\\Users\\george\\Desktop\\executable.exe\"",
                                "UtcTime": "1670366168",
                                "RuleName": "-"
                            }
                        }
                    ],
                    "rule_level": "low",
                    "rule_id": "cd06da2f3978bdb24b3f3c8f83c7df917a910c6b29921d0e375e418f340d8f3d",
                    "rule_source": "Sigma Integrated Rule Set (GitHub)",
                    "rule_title": "Suspicious Execution of Taskkill",
                    "rule_description": "Adversaries may stop services or processes in order to conduct Data Destruction or Data Encrypted for Impact on the data stores of services like Exchange and SQL Server.",
                    "rule_author": "frack113"
                }
            ],
            "pe_info": {
                "timestamp": 1298627246,
                "imphash": "f953fffbed587926b1024b171e8fff49",
                "machine_type": 332,
                "entry_point": 34746,
                "resource_details": [
                    {
                        "lang": "RUSSIAN",
                        "chi2": 1313.61,
                        "filetype": "JPEG",
                        "entropy": 7.898789882659912,
                        "sha256": "b481e6fbdf61aca8f5b6e13d2793c4c2f68f8e8430b12140e6d99a9b36a85605",
                        "type": "JPEG"
                    },
                    {
                        "lang": "RUSSIAN",
                        "chi2": 11127.2,
                        "filetype": "unknown",
                        "entropy": 0.9268327355384827,
                        "sha256": "2a210f3a1a4ffb683d37c5e5a9641b54232fb7e4f8d7adfcc96082b5f03db156",
                        "type": "RT_CURSOR"
                    },
                    {
                        "lang": "ENGLISH US",
                        "chi2": 6540.49,
                        "filetype": "unknown",
                        "entropy": 2.7116262912750244,
                        "sha256": "a29831e4a3fac395e2aa86df5a0906ed2beebda018745be869477d636148f7af",
                        "type": "RT_MENU"
                    },
                    {
                        "lang": "ENGLISH US",
                        "chi2": 25445.83,
                        "filetype": "unknown",
                        "entropy": 3.139955759048462,
                        "sha256": "ddee5d0261e7a9dab95d20cb888041e77856ba1542fcdccbb483b13b61f800db",
                        "type": "RT_DIALOG"
                    },
                    {
                        "lang": "ENGLISH US",
                        "chi2": 7933.23,
                        "filetype": "unknown",
                        "entropy": 1.4143410921096802,
                        "sha256": "4f28b343676234c2ab8fbbde9e8f94d09fe89cf9ef5572401b089d4e74e877f2",
                        "type": "RT_STRING"
                    },
                    {
                        "lang": "ENGLISH US",
                        "chi2": 1712.0,
                        "filetype": "unknown",
                        "entropy": 1.7987949848175049,
                        "sha256": "c2f0c188d6c493d7827bf83fb89c704815796445a0178bb2ae79658d96703a3c",
                        "type": "RT_ACCELERATOR"
                    },
                    {
                        "lang": "RUSSIAN",
                        "chi2": 2207.2,
                        "filetype": "unknown",
                        "entropy": 1.4904685020446777,
                        "sha256": "cdd6a5d129d80d2bcf094965a6d7380056a390b1022c00088da1b50ff981f37c",
                        "type": "RT_GROUP_CURSOR"
                    }
                ],
                "resource_langs": {
                    "RUSSIAN": 3,
                    "ENGLISH US": 4
                },
                "resource_types": {
                    "RT_DIALOG": 1,
                    "RT_GROUP_CURSOR": 1,
                    "RT_STRING": 1,
                    "JPEG": 1,
                    "RT_MENU": 1,
                    "RT_ACCELERATOR": 1,
                    "RT_CURSOR": 1
                },
                "sections": [
                    {
                        "name": ".text",
                        "chi2": 379185.25,
                        "virtual_address": 4096,
                        "entropy": 6.63,
                        "raw_size": 59904,
                        "flags": "rx",
                        "virtual_size": 59624,
                        "md5": "a2f8b5ce4a17757591ca9711b4ddeed1"
                    },
                    {
                        "name": ".rdata",
                        "chi2": 301062.09,
                        "virtual_address": 65536,
                        "entropy": 5.48,
                        "raw_size": 13312,
                        "flags": "r",
                        "virtual_size": 13084,
                        "md5": "daebcc0bf44d95055020f810f6bd95d5"
                    },
                    {
                        "name": ".data",
                        "chi2": 450923.22,
                        "virtual_address": 81920,
                        "entropy": 2.75,
                        "raw_size": 3584,
                        "flags": "rw",
                        "virtual_size": 7672,
                        "md5": "389a7c111105d13839428bcaab1b9443"
                    },
                    {
                        "name": ".rsrc",
                        "chi2": 37894.4,
                        "virtual_address": 90112,
                        "entropy": 7.41,
                        "raw_size": 8704,
                        "flags": "r",
                        "virtual_size": 8448,
                        "md5": "3aa421bf7ae9c4ad7e1eb855897a3a50"
                    },
                    {
                        "name": ".reloc",
                        "chi2": 410644.88,
                        "virtual_address": 102400,
                        "entropy": 4.28,
                        "raw_size": 6144,
                        "flags": "r",
                        "virtual_size": 6092,
                        "md5": "e2f4508249cd179b2379b22ad268495f"
                    }
                ],
                "compiler_product_versions": [
                    "[ASM] VS2008 build 21022 count=17",
                    "[ C ] VS2008 build 21022 count=82",
                    "[C++] VS2008 build 21022 count=36",
                    "[IMP] VS2005 build 50727 count=17",
                    "[---] Unmarked objects count=167",
                    "id: 138, version: 21022 count=4",
                    "[RES] VS2008 build 21022 count=1",
                    "[LNK] VS2008 build 21022 count=1"
                ],
                "rich_pe_header_hash": "61d561930bb2c7d0525ceb889ac7653b",
                "import_list": [
                    {
                        "library_name": "gdiplus.dll",
                        "imported_functions": [
                            "GdipAlloc",
                            "GdipBitmapLockBits",
                            "GdipBitmapUnlockBits",
                            "GdipCloneImage",
                            "GdipCreateBitmapFromScan0",
                            "GdipCreateBitmapFromStream",
                            "GdipDeleteGraphics",
                            "GdipDisposeImage",
                            "GdipDrawImageI",
                            "GdipFree",
                            "GdipGetImageGraphicsContext",
                            "GdipGetImageHeight",
                            "GdipGetImagePalette",
                            "GdipGetImagePaletteSize",
                            "GdipGetImagePixelFormat",
                            "GdipGetImageWidth",
                            "GdiplusShutdown",
                            "GdiplusStartup"
                        ]
                    },
                    {
                        "library_name": "GDI32.dll",
                        "imported_functions": [
                            "BitBlt",
                            "CreateCompatibleDC",
                            "CreateDIBSection",
                            "CreateFontA",
                            "CreateFontW",
                            "CreatePen",
                            "DeleteDC",
                            "DeleteObject",
                            "GetObjectW",
                            "LineTo",
                            "MoveToEx",
                            "SelectObject",
                            "SetBkMode",
                            "SetDIBColorTable",
                            "SetTextColor",
                            "TextOutW"
                        ]
                    },
                    {
                        "library_name": "SHELL32.dll",
                        "imported_functions": [
                            "ShellExecuteExA"
                        ]
                    },
                    {
                        "library_name": "KERNEL32.dll",
                        "imported_functions": [
                            "CloseHandle",
                            "CreateFileW",
                            "CreateMutexA",
                            "CreateProcessW",
                            "CreateThread",
                            "DeleteCriticalSection",
                            "DeleteFileW",
                            "EnterCriticalSection",
                            "ExitProcess",
                            "FindResourceW",
                            "FreeEnvironmentStringsW",
                            "GetACP",
                            "GetCommandLineW",
                            "GetCPInfo",
                            "GetCurrentProcess",
                            "GetCurrentProcessId",
                            "GetCurrentThreadId",
                            "GetEnvironmentStringsW",
                            "GetExitCodeProcess",
                            "GetFileType",
                            "GetLastError",
                            "GetLocaleInfoA",
                            "GetModuleFileNameA",
                            "GetModuleFileNameW",
                            "GetModuleHandleW",
                            "GetOEMCP",
                            "GetProcAddress",
                            "GetShortPathNameA",
                            "GetStartupInfoA",
                            "GetStartupInfoW",
                            "GetStdHandle",
                            "GetStringTypeA",
                            "GetStringTypeW",
                            "GetSystemInfo",
                            "GetSystemTime",
                            "GetSystemTimeAsFileTime",
                            "GetTickCount",
                            "GetVersionExW",
                            "GlobalAlloc",
                            "GlobalLock",
                            "HeapAlloc",
                            "HeapCreate",
                            "HeapFree",
                            "HeapReAlloc",
                            "HeapSize",
                            "InitializeCriticalSection",
                            "InitializeCriticalSectionAndSpinCount",
                            "InterlockedDecrement",
                            "InterlockedExchange",
                            "InterlockedIncrement",
                            "IsDebuggerPresent",
                            "IsValidCodePage",
                            "IsWow64Process",
                            "LCMapStringA",
                            "LCMapStringW",
                            "LeaveCriticalSection",
                            "LoadLibraryA",
                            "LoadLibraryW",
                            "LoadResource",
                            "LockResource",
                            "lstrlenW",
                            "MultiByteToWideChar",
                            "OpenFile",
                            "OpenProcess",
                            "QueryPerformanceCounter",
                            "RaiseException",
                            "ReadFile",
                            "ReleaseMutex",
                            "RtlUnwind",
                            "SetHandleCount",
                            "SetLastError",
                            "SetPriorityClass",
                            "SetThreadPriority",
                            "SetUnhandledExceptionFilter",
                            "SizeofResource",
                            "Sleep",
                            "TerminateProcess",
                            "TlsAlloc",
                            "TlsFree",
                            "TlsGetValue",
                            "TlsSetValue",
                            "UnhandledExceptionFilter",
                            "VirtualAlloc",
                            "VirtualFree",
                            "VirtualProtect",
                            "VirtualQuery",
                            "WaitForSingleObject",
                            "WideCharToMultiByte",
                            "WriteFile"
                        ]
                    },
                    {
                        "library_name": "ADVAPI32.dll",
                        "imported_functions": [
                            "AdjustTokenPrivileges",
                            "OpenProcessToken"
                        ]
                    },
                    {
                        "library_name": "ole32.dll",
                        "imported_functions": [
                            "CreateStreamOnHGlobal"
                        ]
                    },
                    {
                        "library_name": "SHLWAPI.dll",
                        "imported_functions": [
                            "StrCatW",
                            "StrCmpW",
                            "StrCpyW"
                        ]
                    },
                    {
                        "library_name": "USER32.dll",
                        "imported_functions": [
                            "BeginPaint",
                            "CreateWindowExW",
                            "DefWindowProcW",
                            "DispatchMessageW",
                            "EndPaint",
                            "GetMessageW",
                            "GetSysColorBrush",
                            "GetSystemMetrics",
                            "GetWindowTextW",
                            "LoadAcceleratorsW",
                            "LoadCursorW",
                            "LoadIconW",
                            "RegisterClassExW",
                            "SetCursor",
                            "SetWindowTextW",
                            "SystemParametersInfoW",
                            "TranslateAcceleratorW",
                            "TranslateMessage"
                        ]
                    }
                ]
            },
            "type_extension": "exe",
            "reputation": 0,
            "ssdeep": "1536:2vAIU3GtiIlQBUv1hy+qpatLQ1y2F8gtZxa+/5220ujcF:2g3GtiyQBAhruiLQ1y8fF/52BzF"
        }
    }
}