                {
                    "match_context": [
                        {
                            "values": {
                                "TerminalSessionId": "1",
                                "ProcessGuid": "{C784477D-7889-6410-F105-000000004400}",
                                "ProcessId": "264",
                                "Product": "-",
                                "Description": "-",
                                "Company": "-",
                                "ParentProcessGuid": "{C784477D-2B73-6407-6C00-000000004400}",
                                "User": "DESKTOP-B0T93D6\\george",
                                "Hashes": "MD5=3A7CF1131FB5D7B200D76884A27D17E2,SHA256=FE5D565B1F7B0A5B25EDF491DAFB826AB4270D99E574BA716BAA99FD224AA504,IMPHASH=ABC167E74F4DA8BC1115FA92F78EF068",
                                "OriginalFileName": "-",
                                "ParentImage": "C:\\Windows\\explorer.exe",
                                "FileVersion": "-",
                                "ParentProcessId": "5040",
                                "CurrentDirectory": "C:\\Users\\Public\\",
                                "CommandLine": "\"C:\\Users\\Public\\1f7b0a5b25edf491dafb826ab4270d99e574ba716baa99fd224aa504.exe\" ",
                                "EventID": "1",
                                "LogonGuid": "C784477D-2B72-6407-8FA8-030000000000",
                                "LogonId": "239759",
                                "Image": "C:\\Users\\Public\\1f7b0a5b25edf491dafb826ab4270d99e574ba716baa99fd224aa504.exe",
                                "IntegrityLevel": "Medium",
                                "ParentCommandLine": "C:\\Windows\\Explorer.EXE",
                                "UtcTime": "1678801033",
                                "RuleName": "-"
                            }
                        },
                        {
                            "values": {
                                "TerminalSessionId": "1",
                                "ProcessGuid": "{C784477D-7891-6410-F205-000000004400}",
                                "ProcessId": "2668",
                                "Product": "-",
                                "Description": "-",
                                "Company": "-",
                                "ParentProcessGuid": "{C784477D-2B73-6407-6C00-000000004400}",
                                "User": "DESKTOP-B0T93D6\\george",
                                "Hashes": "MD5=3A7CF1131FB5D7B200D76884A27D17E2,SHA256=FE5D565B1F7B0A5B25EDF491DAFB826AB4270D99E574BA716BAA99FD224AA504,IMPHASH=ABC167E74F4DA8BC1115FA92F78EF068",
                                "OriginalFileName": "-",
                                "ParentImage": "C:\\Windows\\explorer.exe",
                                "FileVersion": "-",
                                "ParentProcessId": "5040",
                                "CurrentDirectory": "C:\\Users\\Public\\",
                                "CommandLine": "\"C:\\Users\\Public\\1f7b0a5b25edf491dafb826ab4270d99e574ba716baa99fd224aa504.exe\" ",
                                "EventID": "1",
                                "LogonGuid": "C784477D-2B72-6407-8FA8-030000000000",
                                "LogonId": "239759",
                                "Image": "C:\\Users\\Public\\1f7b0a5b25edf491dafb826ab4270d99e574ba716baa99fd224aa504.exe",
                                "IntegrityLevel": "Medium",
                                "ParentCommandLine": "C:\\Windows\\Explorer.EXE",
                                "UtcTime": "1678801041",
                                "RuleName": "-"
                            }
                        }
                    ],
                    "rule_level": "high",
                    "rule_id": "f8d48ec1128b00975e61e06393f6bb04a1d033a94c556d213b3bcb78a80589d8",
                    "rule_source": "Sigma Integrated Rule Set (GitHub)",
                    "rule_title": "Execution from Suspicious Folder",
                    "rule_description": "Detects a suspicious execution from an uncommon folder",
                    "rule_author": "Florian Roth (Nextron Systems), Tim Shelton"
                },
                {
                    "match_context": [
                        {
                            "values": {
                                "EventID": "13",
                                "ProcessId": "7092",
                                "EventType": "SetValue",
                                "Image": "C:\\Users\\george\\Desktop\\1f7b0a5b25edf491dafb826ab4270d99e574ba716baa99fd224aa504.exe",
                                "RuleName": "T1060,RunKey",
                                "UtcTime": "1678801021",
                                "Details": "C:\\Users\\Public\\1f7b0a5b25edf491dafb826ab4270d99e574ba716baa99fd224aa504.exe",
                                "ProcessGuid": "{C784477D-787A-6410-E805-000000004400}",
                                "TargetObject": "HKU\\S-1-5-21-1015118539-3749460369-599379286-1001\\Software\\Microsoft\\Windows\\CurrentVersion\\RunOnce\\CertificatesCheck"
                            }
                        }
                    ],
                    "rule_level": "medium",
                    "rule_id": "8b5db9da5732dc549b0e8b56fe5933d7c95ed760f3ac20568ab95347ef8c5bcc",
                    "rule_source": "Sigma Integrated Rule Set (GitHub)",
                    "rule_title": "CurrentVersion Autorun Keys Modification",
                    "rule_description": "Detects modification of autostart extensibility point (ASEP) in registry.",
                    "rule_author": "Victor Sergeev, Daniil Yugoslavskiy, Gleb Sukhodolskiy, Timur Zinniatullin, oscd.community, Tim Shelton, frack113 (split)"
                },
                {
                    "match_context": [
                        {
                            "values": {
                                "EventID": "11",
                                "ProcessId": "7092",
                                "TargetFilename": "C:\\Users\\Public\\1f7b0a5b25edf491dafb826ab4270d99e574ba716baa99fd224aa504.exe",
                                "RuleName": "EXE",
                                "CreationUtcTime": "1678801020",
                                "UtcTime": "1678801020",
                                "ProcessGuid": "{C784477D-787A-6410-E805-000000004400}",
                                "Image": "C:\\Users\\george\\Desktop\\1f7b0a5b25edf491dafb826ab4270d99e574ba716baa99fd224aa504.exe"
                            }
                        }
                    ],
                    "rule_level": "low",
                    "rule_id": "b5386a23355681c43cfbd2f2ccfe4b16ed45324d0d7b5583487a9f302ee1e427",
                    "rule_source": "Sigma Integrated Rule Set (GitHub)",
                    "rule_title": "Creation of an Executable by an Executable",
                    "rule_description": "Detects the creation of an executable by another executable",
                    "rule_author": "frack113"
                }
            ],
            "type_description": "Win32 EXE",
            "md5": "3a7cf1131fb5d7b200d76884a27d17e2",
            "filecondis": {
                "raw_md5": "201c81d165aed87b084f7b324a431deb",
                "dhash": "fcfe7c5ccc665468"
            },
            "last_analysis_date": 1738064511,
            "crowdsourced_ids_results": [
                {
                    "rule_category": "attempted-recon",
                    "alert_severity": "medium",
                    "rule_msg": "(icmp4) ICMP destination unreachable communication with destination host is administratively prohibited",
                    "rule_raw": "alert ( gid:116; sid:442; rev:2; msg:\"(icmp4) ICMP destination unreachable communication with destination host is administratively prohibited\"; metadata: rule-type decode; classtype:attempted-recon;)",
                    "alert_context": [
                        {
                            "src_ip": "172.105.103.207"
                        }
                    ],
                    "rule_url": "https://www.snort.org/downloads/#rule-downloads",
                    "rule_source": "Snort registered user ruleset",
                    "rule_id": "116:442"
                }
            ],
            "authentihash": "f56119c1675ca086bedb1264304372eecb8a232e132ee410cc13da0b76332ec1",
            "detectiteasy": {
                "filetype": "PE32",
                "values": [
                    {
                        "info": "EXE32",
                        "version": "2008-2010",
                        "type": "Compiler",
                        "name": "EP:Microsoft Visual C/C++"
                    },
                    {
                        "info": "C++",
                        "version": "15.00.21022",
                        "type": "Compiler",
                        "name": "Microsoft Visual C/C++"
                    },
                    {
                        "version": "9.00.21022",
                        "type": "Linker",
                        "name": "Microsoft Linker"
                    },
                    {
                        "version": "2008",
                        "type": "Tool",
                        "name": "Visual Studio"
                    }
                ]
            },
            "ssdeep": "6144:aXYiLH2NgKazaQO/3lsJYlUwKhzL9e99GsMeu:aXxKe2QwuJYlUwuzWqeu",
            "times_submitted": 75,
            "last_modification_date": 1751347141,
            "vhash": "025046655d156az4oz3fz",
            "tags": [
                "detect-debug-environment",
                "spreader",
                "peexe",
                "persistence"
            ],
            "sha256": "fe5d565b1f7b0a5b25edf491dafb826ab4270d99e574ba716baa99fd224aa504",
            "size": 293888,
            "total_votes": {
                "harmless": 0,
                "malicious": 11
            }
        }
    }
}