{"data": {"id": "047017bcd3aa54ed0c737b98494efc4f1496fa57bdc9f8392a4112c811bf0a09", "type": "file", "links": {"self": "https://www.virustotal.com/api/v3/files/047017bcd3aa54ed0c737b98494efc4f1496fa57bdc9f8392a4112c811bf0a09"}, "attributes": {"magic": "PE32 executable (GUI) Intel 80386, for MS Windows, PECompact2 compressed", "last_analysis_date": 1696277523, "type_tag": "peexe", "type_tags": ["executable", "windows", "win32", "pe", "peexe"], "detectiteasy": {"filetype": "PE32", "values": [{"version": "3.03.19b", "type": "Packer", "name": "PECompact"}, {"version": "6.0", "type": "Compiler", "name": "Microsoft Visual Basic"}, {"info": "Native", "version": "6.00.8041", "type": "Compiler", "name": "Visual Basic"}, {"version": "6.0", "type": "Linker", "name": "Microsoft Linker"}]}, "authentihash": "bcebae4a856d6a50ccfe4e72746da122a96f50b734c676e49cb5ef4ebfaf5dcb", "reputation": 0, "sigma_analysis_results": [{"match_context": [{"values": {"EventID": "13", "ProcessId": "5400", "EventType": "SetValue", "Image": "C:\\Users\\george\\Desktop\\program.exe", "ProcessGuid": "{C784477D-5A74-638E-810A-000000004700}", "UtcTime": "1670273653", "Details": "C:\\Users\\george\\AppData\\Roaming\\sndmgr.exe", "RuleName": "T1060,RunKey", "TargetObject": "HKU\\S-1-5-21-1015118539-3749460369-599379286-1001\\Software\\Microsoft\\Windows\\CurrentVersion\\Run\\sndmgr.exe"}}, {"values": {"EventID": "13", "ProcessId": "5400", "EventType": "SetValue", "Image": "C:\\Users\\george\\Desktop\\program.exe", "ProcessGuid": "{C784477D-5A74-638E-810A-000000004700}", "UtcTime": "1670273654", "Details": "C:\\Users\\george\\AppData\\Roaming\\sndmgr.exe", "RuleName": "T1060,RunKey", "TargetObject": "HKU\\S-1-5-21-1015118539-3749460369-599379286-1001\\Software\\Microsoft\\Windows\\CurrentVersion\\Run\\sndmgr.exe"}}, {"values": {"EventID": "13", "ProcessId": "5400", "EventType": "SetValue", "Image": "C:\\Users\\george\\Desktop\\program.exe", "RuleName": "T1060,RunKey", "UtcTime": "1670273655", "Details": "C:\\Users\\george\\AppData\\Roaming\\sndmgr.exe", "ProcessGuid": "{C784477D-5A74-638E-810A-000000004700}", "TargetObject": "HKU\\S-1-5-21-1015118539-3749460369-599379286-1001\\Software\\Microsoft\\Windows\\CurrentVersion\\Run\\sndmgr.exe"}}, {"values": {"EventID": "13", "ProcessId": "5400", "EventType": "SetValue", "Image": "C:\\Users\\george\\Desktop\\program.exe", "RuleName": "T1060,RunKey", "UtcTime": "1670273656", "Details": "C:\\Users\\george\\AppData\\Roaming\\sndmgr.exe", "ProcessGuid": "{C784477D-5A74-638E-810A-000000004700}", "TargetObject": "HKU\\S-1-5-21-1015118539-3749460369-599379286-1001\\Software\\Microsoft\\Windows\\CurrentVersion\\Run\\sndmgr.exe"}}, {"values": {"EventID": "13", "ProcessId": "5400", "EventType": "SetValue", "Image": "C:\\Users\\george\\Desktop\\program.exe", "RuleName": "T1060,RunKey", "UtcTime": "1670273657", "Details": "C:\\Users\\george\\AppData\\Roaming\\sndmgr.exe", "ProcessGuid": "{C784477D-5A74-638E-810A-000000004700}", "TargetObject": "HKU\\S-1-5-21-1015118539-3749460369-599379286-1001\\Software\\Microsoft\\Windows\\CurrentVersion\\Run\\sndmgr.exe"}}, {"values": {"EventID": "13", "ProcessId": "5400", "EventType": "SetValue", "Image": "C:\\Users\\george\\Desktop\\program.exe", "RuleName": "T1060,RunKey", "UtcTime": "1670273658", "Details": "C:\\Users\\george\\AppData\\Roaming\\sndmgr.exe", "ProcessGuid": "{C784477D-5A74-638E-810A-000000004700}", "TargetObject": "HKU\\S-1-5-21-1015118539-3749460369-599379286-1001\\Software\\Microsoft\\Windows\\CurrentVersion\\Run\\sndmgr.exe"}}, {"values": {"EventID": "13", "ProcessId": "5400", "EventType": "SetValue", "Image": "C:\\Users\\george\\Desktop\\program.exe", "RuleName": "T1060,RunKey", "UtcTime": "1670273659", "Details": "C:\\Users\\george\\AppData\\Roaming\\sndmgr.exe", "ProcessGuid": "{C784477D-5A74-638E-810A-000000004700}", "TargetObject": "HKU\\S-1-5-21-1015118539-3749460369-599379286-1001\\Software\\Microsoft\\Windows\\CurrentVersion\\Run\\sndmgr.exe"}}, {"values": {"EventID": "13", "ProcessId": "5400", "EventType": "SetValue", "Image": "C:\\Users\\george\\Desktop\\program.exe", "ProcessGuid": "{C784477D-5A74-638E-810A-000000004700}", "UtcTime": "1670273660", "Details": "C:\\Users\\george\\AppData\\Roaming\\sndmgr.exe", "RuleName": "T1060,RunKey", "TargetObject": "HKU\\S-1-5-21-1015118539-3749460369-599379286-1001\\Software\\Microsoft\\Windows\\CurrentVersion\\Run\\sndmgr.exe"}}, {"values": {"EventID": "13", "ProcessId": "5400", "EventType": "SetValue", "Image": "C:\\Users\\george\\Desktop\\program.exe", "RuleName": "T1060,RunKey", "UtcTime": "1670273661", "Details": "C:\\Users\\george\\AppData\\Roaming\\sndmgr.exe", "ProcessGuid": "{C784477D-5A74-638E-810A-000000004700}", "TargetObject": "HKU\\S-1-5-21-1015118539-3749460369-599379286-1001\\Software\\Microsoft\\Windows\\CurrentVersion\\Run\\sndmgr.exe"}}, {"values": {"EventID": "13", "ProcessId": "5400", "EventType": "SetValue", "Image": "C:\\Users\\george\\Desktop\\program.exe", "RuleName": "T1060,RunKey", "UtcTime": "1670273662", "Details": "C:\\Users\\george\\AppData\\Roaming\\sndmgr.exe", "ProcessGuid": "{C784477D-5A74-638E-810A-000000004700}", "TargetObject": "HKU\\S-1-5-21-1015118539-3749460369-599379286-1001\\Software\\Microsoft\\Windows\\CurrentVersion\\Run\\sndmgr.exe"}}, {"values": {"EventID": "13", "ProcessId": "5400", "EventType": "SetValue", "Image": "C:\\Users\\george\\Desktop\\program.exe", "RuleName": "T1060,RunKey", "UtcTime": "1670273663", "Details": "C:\\Users\\george\\AppData\\Roaming\\sndmgr.exe", "ProcessGuid": "{C784477D-5A74-638E-810A-000000004700}", "TargetObject": "HKU\\S-1-5-21-1015118539-3749460369-599379286-1001\\Software\\Microsoft\\Windows\\CurrentVersion\\Run\\sndmgr.exe"}}, {"values": {"EventID": "13", "ProcessId": "5400", "EventType": "SetValue", "Image": "C:\\Users\\george\\Desktop\\program.exe", "RuleName": "T1060,RunKey", "UtcTime": "1670273664", "Details": "C:\\Users\\george\\AppData\\Roaming\\sndmgr.exe", "ProcessGuid": "{C784477D-5A74-638E-810A-000000004700}", "TargetObject": "HKU\\S-1-5-21-1015118539-3749460369-599379286-1001\\Software\\Microsoft\\Windows\\CurrentVersion\\Run\\sndmgr.exe"}}, {"values": {"EventID": "13", "ProcessId": "5400", "EventType": "SetValue", "Image": "C:\\Users\\george\\Desktop\\program.exe", "RuleName": "T1060,RunKey", "UtcTime": "1670273665", "Details": "C:\\Users\\george\\AppData\\Roaming\\sndmgr.exe", "ProcessGuid": "{C784477D-5A74-638E-810A-000000004700}", "TargetObject": "HKU\\S-1-5-21-1015118539-3749460369-599379286-1001\\Software\\Microsoft\\Windows\\CurrentVersion\\Run\\sndmgr.exe"}}, {"values": {"EventID": "13", "ProcessId": "5400", "EventType": "SetValue", "Image": "C:\\Users\\george\\Desktop\\program.exe", "ProcessGuid": "{C784477D-5A74-638E-810A-000000004700}", "UtcTime": "1670273666", "Details": "C:\\Users\\george\\AppData\\Roaming\\sndmgr.exe", "RuleName": "T1060,RunKey", "TargetObject": "HKU\\S-1-5-21-1015118539-3749460369-599379286-1001\\Software\\Microsoft\\Windows\\CurrentVersion\\Run\\sndmgr.exe"}}, {"values": {"EventID": "13", "ProcessId": "5400", "EventType": "SetValue", "Image": "C:\\Users\\george\\Desktop\\program.exe", "ProcessGuid": "{C784477D-5A74-638E-810A-000000004700}", "UtcTime": "1670273667", "Details": "C:\\Users\\george\\AppData\\Roaming\\sndmgr.exe", "RuleName": "T1060,RunKey", "TargetObject": "HKU\\S-1-5-21-1015118539-3749460369-599379286-1001\\Software\\Microsoft\\Windows\\CurrentVersion\\Run\\sndmgr.exe"}}, {"values": {"EventID": "13", "ProcessId": "5400", "EventType": "SetValue", "Image": "C:\\Users\\george\\Desktop\\program.exe", "RuleName": "T1060,RunKey", "UtcTime": "1670273668", "Details": "C:\\Users\\george\\AppData\\Roaming\\sndmgr.exe", "ProcessGuid": "{C784477D-5A74-638E-810A-000000004700}", "TargetObject": "HKU\\S-1-5-21-1015118539-3749460369-599379286-1001\\Software\\Microsoft\\Windows\\CurrentVersion\\Run\\sndmgr.exe"}}, {"values": {"EventID": "13", "ProcessId": "5400", "EventType": "SetValue", "Image": "C:\\Users\\george\\Desktop\\program.exe", "RuleName": "T1060,RunKey", "UtcTime": "1670273669", "Details": "C:\\Users\\george\\AppData\\Roaming\\sndmgr.exe", "ProcessGuid": "{C784477D-5A74-638E-810A-000000004700}", "TargetObject": "HKU\\S-1-5-21-1015118539-3749460369-599379286-1001\\Software\\Microsoft\\Windows\\CurrentVersion\\Run\\sndmgr.exe"}}, {"values": {"EventID": "13", "ProcessId": "5664", "EventType": "SetValue", "Image": "C:\\Users\\george\\AppData\\Roaming\\sndmgr.exe", "RuleName": "T1060,RunKey", "UtcTime": "1670273669", "Details": "C:\\Users\\george\\AppData\\Roaming\\sndmgr.exe", "ProcessGuid": "{C784477D-5A83-638E-D00A-000000004700}", "TargetObject": "HKU\\S-1-5-21-1015118539-3749460369-599379286-1001\\Software\\Microsoft\\Windows\\CurrentVersion\\Run\\sndmgr.exe"}}, {"values": {"EventID": "13", "ProcessId": "5664", "EventType": "SetValue", "Image": "C:\\Users\\george\\AppData\\Roaming\\sndmgr.exe", "RuleName": "T1060,RunKey", "UtcTime": "1670273670", "Details": "C:\\Users\\george\\AppData\\Roaming\\sndmgr.exe", "ProcessGuid": "{C784477D-5A83-638E-D00A-000000004700}", "TargetObject": "HKU\\S-1-5-21-1015118539-3749460369-599379286-1001\\Software\\Microsoft\\Windows\\CurrentVersion\\Run\\sndmgr.exe"}}, {"values": {"EventID": "13", "ProcessId": "5400", "EventType": "SetValue", "Image": "C:\\Users\\george\\Desktop\\program.exe", "ProcessGuid": "{C784477D-5A74-638E-810A-000000004700}", "UtcTime": "1670273670", "Details": "C:\\Users\\george\\AppData\\Roaming\\sndmgr.exe", "RuleName": "T1060,RunKey", "TargetObject": "HKU\\S-1-5-21-1015118539-3749460369-599379286-1001\\Software\\Microsoft\\Windows\\CurrentVersion\\Run\\sndmgr.exe"}}, {"values": {"EventID": "13", "ProcessId": "5664", "EventType": "SetValue", "Image": "C:\\Users\\george\\AppData\\Roaming\\sndmgr.exe", "ProcessGuid": "{C784477D-5A83-638E-D00A-000000004700}", "UtcTime": "1670273671", "Details": "C:\\Users\\george\\AppData\\Roaming\\sndmgr.exe", "RuleName": "T1060,RunKey", "TargetObject": "HKU\\S-1-5-21-1015118539-3749460369-599379286-1001\\Software\\Microsoft\\Windows\\CurrentVersion\\Run\\sndmgr.exe"}}, {"values": {"EventID": "13", "ProcessId": "5400", "EventType": "SetValue", "Image": "C:\\Users\\george\\Desktop\\program.exe", "ProcessGuid": "{C784477D-5A74-638E-810A-000000004700}", "UtcTime": "1670273671", "Details": "C:\\Users\\george\\AppData\\Roaming\\sndmgr.exe", "RuleName": "T1060,RunKey", "TargetObject": "HKU\\S-1-5-21-1015118539-3749460369-599379286-1001\\Software\\Microsoft\\Windows\\CurrentVersion\\Run\\sndmgr.exe"}}, {"values": {"EventID": "13", "ProcessId": "5664", "EventType": "SetValue", "Image": "C:\\Users\\george\\AppData\\Roaming\\sndmgr.exe", "ProcessGuid": "{C784477D-5A83-638E-D00A-000000004700}", "UtcTime": "1670273672", "Details": "C:\\Users\\george\\AppData\\Roaming\\sndmgr.exe", "RuleName": "T1060,RunKey", "TargetObject": "HKU\\S-1-5-21-1015118539-3749460369-599379286-1001\\Software\\Microsoft\\Windows\\CurrentVersion\\Run\\sndmgr.exe"}}, {"values": {"EventID": "13", "ProcessId": "5400", "EventType": "SetValue", "Image": "C:\\Users\\george\\Desktop\\program.exe", "RuleName": "T1060,RunKey", "UtcTime": "1670273672", "Details": "C:\\Users\\george\\AppData\\Roaming\\sndmgr.exe", "ProcessGuid": "{C784477D-5A74-638E-810A-000000004700}", "TargetObject": "HKU\\S-1-5-21-1015118539-3749460369-599379286-1001\\Software\\Microsoft\\Windows\\CurrentVersion\\Run\\sndmgr.exe"}}, {"values": {"EventID": "13", "ProcessId": "5400", "EventType": "SetValue", "Image": "C:\\Users\\george\\Desktop\\program.exe", "RuleName": "T1060,RunKey", "UtcTime": "1670273673", "Details": "C:\\Users\\george\\AppData\\Roaming\\sndmgr.exe", "ProcessGuid": "{C784477D-5A74-638E-810A-000000004700}", "TargetObject": "HKU\\S-1-5-21-1015118539-3749460369-599379286-1001\\Software\\Microsoft\\Windows\\CurrentVersion\\Run\\sndmgr.exe"}}, {"values": {"EventID": "13", "ProcessId": "5664", "EventType": "SetValue", "Image": "C:\\Users\\george\\AppData\\Roaming\\sndmgr.exe", "ProcessGuid": "{C784477D-5A83-638E-D00A-000000004700}", "UtcTime": "1670273673", "Details": "C:\\Users\\george\\AppData\\Roaming\\sndmgr.exe", "RuleName": "T1060,RunKey", "TargetObject": "HKU\\S-1-5-21-1015118539-3749460369-599379286-1001\\Software\\Microsoft\\Windows\\CurrentVersion\\Run\\sndmgr.exe"}}, {"values": {"EventID": "13", "ProcessId": "5400", "EventType": "SetValue", "Image": "C:\\Users\\george\\Desktop\\program.exe", "RuleName": "T1060,RunKey", "UtcTime": "1670273674", "Details": "C:\\Users\\george\\AppData\\Roaming\\sndmgr.exe", "ProcessGuid": "{C784477D-5A74-638E-810A-000000004700}", "TargetObject": "HKU\\S-1-5-21-1015118539-3749460369-599379286-1001\\Software\\Microsoft\\Windows\\CurrentVersion\\Run\\sndmgr.exe"}}, {"values": {"EventID": "13", "ProcessId": "5664", "EventType": "SetValue", "Image": "C:\\Users\\george\\AppData\\Roaming\\sndmgr.exe", "RuleName": "T1060,RunKey", "UtcTime": "1670273674", "Details": "C:\\Users\\george\\AppData\\Roaming\\sndmgr.exe", "ProcessGuid": "{C784477D-5A83-638E-D00A-000000004700}", "TargetObject": "HKU\\S-1-5-21-1015118539-3749460369-599379286-1001\\Software\\Microsoft\\Windows\\CurrentVersion\\Run\\sndmgr.exe"}}, {"values": {"EventID": "13", "ProcessId": "5664", "EventType": "SetValue", "Image": "C:\\Users\\george\\AppData\\Roaming\\sndmgr.exe", "ProcessGuid": "{C784477D-5A83-638E-D00A-000000004700}", "UtcTime": "1670273675", "Details": "C:\\Users\\george\\AppData\\Roaming\\sndmgr.exe", "RuleName": "T1060,RunKey", "TargetObject": "HKU\\S-1-5-21-1015118539-3749460369-599379286-1001\\Software\\Microsoft\\Windows\\CurrentVersion\\Run\\sndmgr.exe"}}, {"values": {"EventID": "13", "ProcessId": "5400", "EventType": "SetValue", "Image": "C:\\Users\\george\\Desktop\\program.exe", "ProcessGuid": "{C784477D-5A74-638E-810A-000000004700}", "UtcTime": "1670273675", "Details": "C:\\Users\\george\\AppData\\Roaming\\sndmgr.exe", "RuleName": "T1060,RunKey", "TargetObject": "HKU\\S-1-5-21-1015118539-3749460369-599379286-1001\\Software\\Microsoft\\Windows\\CurrentVersion\\Run\\sndmgr.exe"}}, {"values": {"EventID": "13", "ProcessId": "5664", "EventType": "SetValue", "Image": "C:\\Users\\george\\AppData\\Roaming\\sndmgr.exe", "RuleName": "T1060,RunKey", "UtcTime": "1670273676", "Details": "C:\\Users\\george\\AppData\\Roaming\\sndmgr.exe", "ProcessGuid": "{C784477D-5A83-638E-D00A-000000004700}", "TargetObject": "HKU\\S-1-5-21-1015118539-3749460369-599379286-1001\\Software\\Microsoft\\Windows\\CurrentVersion\\Run\\sndmgr.exe"}}, {"values": {"EventID": "13", "ProcessId": "5400", "EventType": "SetValue", "Image": "C:\\Users\\george\\Desktop\\program.exe", "RuleName": "T1060,RunKey", "UtcTime": "1670273676", "Details": "C:\\Users\\george\\AppData\\Roaming\\sndmgr.exe", "ProcessGuid": "{C784477D-5A74-638E-810A-000000004700}", "TargetObject": "HKU\\S-1-5-21-1015118539-3749460369-599379286-1001\\Software\\Microsoft\\Windows\\CurrentVersion\\Run\\sndmgr.exe"}}, {"values": {"EventID": "13", "ProcessId": "5664", "EventType": "SetValue", "Image": "C:\\Users\\george\\AppData\\Roaming\\sndmgr.exe", "RuleName": "T1060,RunKey", "UtcTime": "1670273677", "Details": "C:\\Users\\george\\AppData\\Roaming\\sndmgr.exe", "ProcessGuid": "{C784477D-5A83-638E-D00A-000000004700}", "TargetObject": "HKU\\S-1-5-21-1015118539-3749460369-599379286-1001\\Software\\Microsoft\\Windows\\CurrentVersion\\Run\\sndmgr.exe"}}, {"values": {"EventID": "13", "ProcessId": "5400", "EventType": "SetValue", "Image": "C:\\Users\\george\\Desktop\\program.exe", "ProcessGuid": "{C784477D-5A74-638E-810A-000000004700}", "UtcTime": "1670273677", "Details": "C:\\Users\\george\\AppData\\Roaming\\sndmgr.exe", "RuleName": "T1060,RunKey", "TargetObject": "HKU\\S-1-5-21-1015118539-3749460369-599379286-1001\\Software\\Microsoft\\Windows\\CurrentVersion\\Run\\sndmgr.exe"}}, {"values": {"EventID": "13", "ProcessId": "3408", "EventType": "SetValue", "Image": "C:\\Users\\george\\AppData\\Roaming\\sndmgr.exe", "ProcessGuid": "{C784477D-5A8C-638E-270B-000000004700}", "UtcTime": "1670273677", "Details": "C:\\Users\\george\\AppData\\Roaming\\sndmgr.exe", "RuleName": "T1060,RunKey", "TargetObject": "HKU\\S-1-5-21-1015118539-3749460369-599379286-1001\\Software\\Microsoft\\Windows\\CurrentVersion\\Run\\sndmgr.exe"}}, {"values": {"EventID": "13", "ProcessId": "5664", "EventType": "SetValue", "Image": "C:\\Users\\george\\AppData\\Roaming\\sndmgr.exe", "ProcessGuid": "{C784477D-5A83-638E-D00A-000000004700}", "UtcTime": "1670273678", "Details": "C:\\Users\\george\\AppData\\Roaming\\sndmgr.exe", "RuleName": "T1060,RunKey", "TargetObject": "HKU\\S-1-5-21-1015118539-3749460369-599379286-1001\\Software\\Microsoft\\Windows\\CurrentVersion\\Run\\sndmgr.exe"}}, {"values": {"EventID": "13", "ProcessId": "5400", "EventType": "SetValue", "Image": "C:\\Users\\george\\Desktop\\program.exe", "ProcessGuid": "{C784477D-5A74-638E-810A-000000004700}", "UtcTime": "1670273678", "Details": "C:\\Users\\george\\AppData\\Roaming\\sndmgr.exe", "RuleName": "T1060,RunKey", "TargetObject": "HKU\\S-1-5-21-1015118539-3749460369-599379286-1001\\Software\\Microsoft\\Windows\\CurrentVersion\\Run\\sndmgr.exe"}}, {"values": {"EventID": "13", "ProcessId": "3408", "EventType": "SetValue", "Image": "C:\\Users\\george\\AppData\\Roaming\\sndmgr.exe", "ProcessGuid": "{C784477D-5A8C-638E-270B-000000004700}", "UtcTime": "1670273678", "Details": "C:\\Users\\george\\AppData\\Roaming\\sndmgr.exe", "RuleName": "T1060,RunKey", "TargetObject": "HKU\\S-1-5-21-1015118539-3749460369-599379286-1001\\Software\\Microsoft\\Windows\\CurrentVersion\\Run\\sndmgr.exe"}}, {"values": {"EventID": "13", "ProcessId": "5664", "EventType": "SetValue", "Image": "C:\\Users\\george\\AppData\\Roaming\\sndmgr.exe", "RuleName": "T1060,RunKey", "UtcTime": "1670273679", "Details": "C:\\Users\\george\\AppData\\Roaming\\sndmgr.exe", "ProcessGuid": "{C784477D-5A83-638E-D00A-000000004700}", "TargetObject": "HKU\\S-1-5-21-1015118539-3749460369-599379286-1001\\Software\\Microsoft\\Windows\\CurrentVersion\\Run\\sndmgr.exe"}}, {"values": {"EventID": "13", "ProcessId": "3408", "EventType": "SetValue", "Image": "C:\\Users\\george\\AppData\\Roaming\\sndmgr.exe", "ProcessGuid": "{C784477D-5A8C-638E-270B-000000004700}", "UtcTime": "1670273679", "Details": "C:\\Users\\george\\AppData\\Roaming\\sndmgr.exe", "RuleName": "T1060,RunKey", "TargetObject": "HKU\\S-1-5-21-1015118539-3749460369-599379286-1001\\Software\\Microsoft\\Windows\\CurrentVersion\\Run\\sndmgr.exe"}}, {"values": {"EventID": "13", "ProcessId": "5400", "EventType": "SetValue", "Image": "C:\\Users\\george\\Desktop\\program.exe", "ProcessGuid": "{C784477D-5A74-638E-810A-000000004700}", "UtcTime": "1670273679", "Details": "C:\\Users\\george\\AppData\\Roaming\\sndmgr.exe", "RuleName": "T1060,RunKey", "TargetObject": "HKU\\S-1-5-21-1015118539-3749460369-599379286-1001\\Software\\Microsoft\\Windows\\CurrentVersion\\Run\\sndmgr.exe"}}, {"values": {"EventID": "13", "ProcessId": "5400", "EventType": "SetValue", "Image": "C:\\Users\\george\\Desktop\\program.exe", "ProcessGuid": "{C784477D-5A74-638E-810A-000000004700}", "UtcTime": "1670273680", "Details": "C:\\Users\\george\\AppData\\Roaming\\sndmgr.exe", "RuleName": "T1060,RunKey", "TargetObject": "HKU\\S-1-5-21-1015118539-3749460369-599379286-1001\\Software\\Microsoft\\Windows\\CurrentVersion\\Run\\sndmgr.exe"}}, {"values": {"EventID": "13", "ProcessId": "5664", "EventType": "SetValue", "Image": "C:\\Users\\george\\AppData\\Roaming\\sndmgr.exe", "ProcessGuid": "{C784477D-5A83-638E-D00A-000000004700}", "UtcTime": "1670273680", "Details": "C:\\Users\\george\\AppData\\Roaming\\sndmgr.exe", "RuleName": "T1060,RunKey", "TargetObject": "HKU\\S-1-5-21-1015118539-3749460369-599379286-1001\\Software\\Microsoft\\Windows\\CurrentVersion\\Run\\sndmgr.exe"}}, {"values": {"EventID": "13", "ProcessId": "3408", "EventType": "SetValue", "Image": "C:\\Users\\george\\AppData\\Roaming\\sndmgr.exe", "ProcessGuid": "{C784477D-5A8C-638E-270B-000000004700}", "UtcTime": "1670273680", "Details": "C:\\Users\\george\\AppData\\Roaming\\sndmgr.exe", "RuleName": "T1060,RunKey", "TargetObject": "HKU\\S-1-5-21-1015118539-3749460369-599379286-1001\\Software\\Microsoft\\Windows\\CurrentVersion\\Run\\sndmgr.exe"}}, {"values": {"EventID": "13", "ProcessId": "3408", "EventType": "SetValue", "Image": "C:\\Users\\george\\AppData\\Roaming\\sndmgr.exe", "RuleName": "T1060,RunKey", "UtcTime": "1670273681", "Details": "C:\\Users\\george\\AppData\\Roaming\\sndmgr.exe", "ProcessGuid": "{C784477D-5A8C-638E-270B-000000004700}", "TargetObject": "HKU\\S-1-5-21-1015118539-3749460369-599379286-1001\\Software\\Microsoft\\Windows\\CurrentVersion\\Run\\sndmgr.exe"}}, {"values": {"EventID": "13", "ProcessId": "5400", "EventType": "SetValue", "Image": "C:\\Users\\george\\Desktop\\program.exe", "RuleName": "T1060,RunKey", "UtcTime": "1670273681", "Details": "C:\\Users\\george\\AppData\\Roaming\\sndmgr.exe", "ProcessGuid": "{C784477D-5A74-638E-810A-000000004700}", "TargetObject": "HKU\\S-1-5-21-1015118539-3749460369-599379286-1001\\Software\\Microsoft\\Windows\\CurrentVersion\\Run\\sndmgr.exe"}}, {"values": {"EventID": "13", "ProcessId": "5664", "EventType": "SetValue", "Image": "C:\\Users\\george\\AppData\\Roaming\\sndmgr.exe", "ProcessGuid": "{C784477D-5A83-638E-D00A-000000004700}", "UtcTime": "1670273681", "Details": "C:\\Users\\george\\AppData\\Roaming\\sndmgr.exe", "RuleName": "T1060,RunKey", "TargetObject": "HKU\\S-1-5-21-1015118539-3749460369-599379286-1001\\Software\\Microsoft\\Windows\\CurrentVersion\\Run\\sndmgr.exe"}}, {"values": {"EventID": "13", "ProcessId": "5400", "EventType": "SetValue", "Image": "C:\\Users\\george\\Desktop\\program.exe", "RuleName": "T1060,RunKey", "UtcTime": "1670273682", "Details": "C:\\Users\\george\\AppData\\Roaming\\sndmgr.exe", "ProcessGuid": "{C784477D-5A74-638E-810A-000000004700}", "TargetObject": "HKU\\S-1-5-21-1015118539-3749460369-599379286-1001\\Software\\Microsoft\\Windows\\CurrentVersion\\Run\\sndmgr.exe"}}, {"values": {"EventID": "13", "ProcessId": "3408", "EventType": "SetValue", "Image": "C:\\Users\\george\\AppData\\Roaming\\sndmgr.exe", "ProcessGuid": "{C784477D-5A8C-638E-270B-000000004700}", "UtcTime": "1670273682", "Details": "C:\\Users\\george\\AppData\\Roaming\\sndmgr.exe", "RuleName": "T1060,RunKey", "TargetObject": "HKU\\S-1-5-21-1015118539-3749460369-599379286-1001\\Software\\Microsoft\\Windows\\CurrentVersion\\Run\\sndmgr.exe"}}, {"values": {"EventID": "13", "ProcessId": "5664", "EventType": "SetValue", "Image": "C:\\Users\\george\\AppData\\Roaming\\sndmgr.exe", "RuleName": "T1060,RunKey", "UtcTime": "1670273682", "Details": "C:\\Users\\george\\AppData\\Roaming\\sndmgr.exe", "ProcessGuid": "{C784477D-5A83-638E-D00A-000000004700}", "TargetObject": "HKU\\S-1-5-21-1015118539-3749460369-599379286-1001\\Software\\Microsoft\\Windows\\CurrentVersion\\Run\\sndmgr.exe"}}, {"values": {"EventID": "13", "ProcessId": "3408", "EventType": "SetValue", "Image": "C:\\Users\\george\\AppData\\Roaming\\sndmgr.exe", "ProcessGuid": "{C784477D-5A8C-638E-270B-000000004700}", "UtcTime": "1670273683", "Details": "C:\\Users\\george\\AppData\\Roaming\\sndmgr.exe", "RuleName": "T1060,RunKey", "TargetObject": "HKU\\S-1-5-21-1015118539-3749460369-599379286-1001\\Software\\Microsoft\\Windows\\CurrentVersion\\Run\\sndmgr.exe"}}, {"values": {"EventID": "13", "ProcessId": "5400", "EventType": "SetValue", "Image": "C:\\Users\\george\\Desktop\\program.exe", "ProcessGuid": "{C784477D-5A74-638E-810A-000000004700}", "UtcTime": "1670273683", "Details": "C:\\Users\\george\\AppData\\Roaming\\sndmgr.exe", "RuleName": "T1060,RunKey", "TargetObject": "HKU\\S-1-5-21-1015118539-3749460369-599379286-1001\\Software\\Microsoft\\Windows\\CurrentVersion\\Run\\sndmgr.exe"}}, {"values": {"EventID": "13", "ProcessId": "5664", "EventType": "SetValue", "Image": "C:\\Users\\george\\AppData\\Roaming\\sndmgr.exe", "ProcessGuid": "{C784477D-5A83-638E-D00A-000000004700}", "UtcTime": "1670273683", "Details": "C:\\Users\\george\\AppData\\Roaming\\sndmgr.exe", "RuleName": "T1060,RunKey", "TargetObject": "HKU\\S-1-5-21-1015118539-3749460369-599379286-1001\\Software\\Microsoft\\Windows\\CurrentVersion\\Run\\sndmgr.exe"}}, {"values": {"EventID": "13", "ProcessId": "3408", "EventType": "SetValue", "Image": "C:\\Users\\george\\AppData\\Roaming\\sndmgr.exe", "RuleName": "T1060,RunKey", "UtcTime": "1670273684", "Details": "C:\\Users\\george\\AppData\\Roaming\\sndmgr.exe", "ProcessGuid": "{C784477D-5A8C-638E-270B-000000004700}", "TargetObject": "HKU\\S-1-5-21-1015118539-3749460369-599379286-1001\\Software\\Microsoft\\Windows\\CurrentVersion\\Run\\sndmgr.exe"}}, {"values": {"EventID": "13", "ProcessId": "5664", "EventType": "SetValue", "Image": "C:\\Users\\george\\AppData\\Roaming\\sndmgr.exe", "ProcessGuid": "{C784477D-5A83-638E-D00A-000000004700}", "UtcTime": "1670273684", "Details": "C:\\Users\\george\\AppData\\Roaming\\sndmgr.exe", "RuleName": "T1060,RunKey", "TargetObject": "HKU\\S-1-5-21-1015118539-3749460369-599379286-1001\\Software\\Microsoft\\Windows\\CurrentVersion\\Run\\sndmgr.exe"}}, {"values": {"EventID": "13", "ProcessId": "5400", "EventType": "SetValue", "Image": "C:\\Users\\george\\Desktop\\program.exe", "ProcessGuid": "{C784477D-5A74-638E-810A-000000004700}", "UtcTime": "1670273684", "Details": "C:\\Users\\george\\AppData\\Roaming\\sndmgr.exe", "RuleName": "T1060,RunKey", "TargetObject": "HKU\\S-1-5-21-1015118539-3749460369-599379286-1001\\Software\\Microsoft\\Windows\\CurrentVersion\\Run\\sndmgr.exe"}}, {"values": {"EventID": "13", "ProcessId": "5400", "EventType": "SetValue", "Image": "C:\\Users\\george\\Desktop\\program.exe", "ProcessGuid": "{C784477D-5A74-638E-810A-000000004700}", "UtcTime": "1670273685", "Details": "C:\\Users\\george\\AppData\\Roaming\\sndmgr.exe", "RuleName": "T1060,RunKey", "TargetObject": "HKU\\S-1-5-21-1015118539-3749460369-599379286-1001\\Software\\Microsoft\\Windows\\CurrentVersion\\Run\\sndmgr.exe"}}, {"values": {"EventID": "13", "ProcessId": "5664", "EventType": "SetValue", "Image": "C:\\Users\\george\\AppData\\Roaming\\sndmgr.exe", "ProcessGuid": "{C784477D-5A83-638E-D00A-000000004700}", "UtcTime": "1670273685", "Details": "C:\\Users\\george\\AppData\\Roaming\\sndmgr.exe", "RuleName": "T1060,RunKey", "TargetObject": "HKU\\S-1-5-21-1015118539-3749460369-599379286-1001\\Software\\Microsoft\\Windows\\CurrentVersion\\Run\\sndmgr.exe"}}, {"values": {"EventID": "13", "ProcessId": "3408", "EventType": "SetValue", "Image": "C:\\Users\\george\\AppData\\Roaming\\sndmgr.exe", "RuleName": "T1060,RunKey", "UtcTime": "1670273685", "Details": "C:\\Users\\george\\AppData\\Roaming\\sndmgr.exe", "ProcessGuid": "{C784477D-5A8C-638E-270B-000000004700}", "TargetObject": "HKU\\S-1-5-21-1015118539-3749460369-599379286-1001\\Software\\Microsoft\\Windows\\CurrentVersion\\Run\\sndmgr.exe"}}, {"values": {"EventID": "13", "ProcessId": "5400", "EventType": "SetValue", "Image": "C:\\Users\\george\\Desktop\\program.exe", "ProcessGuid": "{C784477D-5A74-638E-810A-000000004700}", "UtcTime": "1670273686", "Details": "C:\\Users\\george\\AppData\\Roaming\\sndmgr.exe", "RuleName": "T1060,RunKey", "TargetObject": "HKU\\S-1-5-21-1015118539-3749460369-599379286-1001\\Software\\Microsoft\\Windows\\CurrentVersion\\Run\\sndmgr.exe"}}, {"values": {"EventID": "13", "ProcessId": "5664", "EventType": "SetValue", "Image": "C:\\Users\\george\\AppData\\Roaming\\sndmgr.exe", "RuleName": "T1060,RunKey", "UtcTime": "1670273686", "Details": "C:\\Users\\george\\AppData\\Roaming\\sndmgr.exe", "ProcessGuid": "{C784477D-5A83-638E-D00A-000000004700}", "TargetObject": "HKU\\S-1-5-21-1015118539-3749460369-599379286-1001\\Software\\Microsoft\\Windows\\CurrentVersion\\Run\\sndmgr.exe"}}, {"values": {"EventID": "13", "ProcessId": "3408", "EventType": "SetValue", "Image": "C:\\Users\\george\\AppData\\Roaming\\sndmgr.exe", "RuleName": "T1060,RunKey", "UtcTime": "1670273686", "Details": "C:\\Users\\george\\AppData\\Roaming\\sndmgr.exe", "ProcessGuid": "{C784477D-5A8C-638E-270B-000000004700}", "TargetObject": "HKU\\S-1-5-21-1015118539-3749460369-599379286-1001\\Software\\Microsoft\\Windows\\CurrentVersion\\Run\\sndmgr.exe"}}, {"values": {"EventID": "13", "ProcessId": "5664", "EventType": "SetValue", "Image": "C:\\Users\\george\\AppData\\Roaming\\sndmgr.exe", "ProcessGuid": "{C784477D-5A83-638E-D00A-000000004700}", "UtcTime": "1670273687", "Details": "C:\\Users\\george\\AppData\\Roaming\\sndmgr.exe", "RuleName": "T1060,RunKey", "TargetObject": "HKU\\S-1-5-21-1015118539-3749460369-599379286-1001\\Software\\Microsoft\\Windows\\CurrentVersion\\Run\\sndmgr.exe"}}, {"values": {"EventID": "13", "ProcessId": "3408", "EventType": "SetValue", "Image": "C:\\Users\\george\\AppData\\Roaming\\sndmgr.exe", "ProcessGuid": "{C784477D-5A8C-638E-270B-000000004700}", "UtcTime": "1670273687", "Details": "C:\\Users\\george\\AppData\\Roaming\\sndmgr.exe", "RuleName": "T1060,RunKey", "TargetObject": "HKU\\S-1-5-21-1015118539-3749460369-599379286-1001\\Software\\Microsoft\\Windows\\CurrentVersion\\Run\\sndmgr.exe"}}, {"values": {"EventID": "13", "ProcessId": "5400", "EventType": "SetValue", "Image": "C:\\Users\\george\\Desktop\\program.exe", "ProcessGuid": "{C784477D-5A74-638E-810A-000000004700}", "UtcTime": "1670273687", "Details": "C:\\Users\\george\\AppData\\Roaming\\sndmgr.exe", "RuleName": "T1060,RunKey", "TargetObject": "HKU\\S-1-5-21-1015118539-3749460369-599379286-1001\\Software\\Microsoft\\Windows\\CurrentVersion\\Run\\sndmgr.exe"}}, {"values": {"EventID": "13", "ProcessId": "5664", "EventType": "SetValue", "Image": "C:\\Users\\george\\AppData\\Roaming\\sndmgr.exe", "ProcessGuid": "{C784477D-5A83-638E-D00A-000000004700}", "UtcTime": "1670273688", "Details": "C:\\Users\\george\\AppData\\Roaming\\sndmgr.exe", "RuleName": "T1060,RunKey", "TargetObject": "HKU\\S-1-5-21-1015118539-3749460369-599379286-1001\\Software\\Microsoft\\Windows\\CurrentVersion\\Run\\sndmgr.exe"}}, {"values": {"EventID": "13", "ProcessId": "3408", "EventType": "SetValue", "Image": "C:\\Users\\george\\AppData\\Roaming\\sndmgr.exe", "ProcessGuid": "{C784477D-5A8C-638E-270B-000000004700}", "UtcTime": "1670273688", "Details": "C:\\Users\\george\\AppData\\Roaming\\sndmgr.exe", "RuleName": "T1060,RunKey", "TargetObject": "HKU\\S-1-5-21-1015118539-3749460369-599379286-1001\\Software\\Microsoft\\Windows\\CurrentVersion\\Run\\sndmgr.exe"}}, {"values": {"EventID": "13", "ProcessId": "5400", "EventType": "SetValue", "Image": "C:\\Users\\george\\Desktop\\program.exe", "RuleName": "T1060,RunKey", "UtcTime": "1670273688", "Details": "C:\\Users\\george\\AppData\\Roaming\\sndmgr.exe", "ProcessGuid": "{C784477D-5A74-638E-810A-000000004700}", "TargetObject": "HKU\\S-1-5-21-1015118539-3749460369-599379286-1001\\Software\\Microsoft\\Windows\\CurrentVersion\\Run\\sndmgr.exe"}}, {"values": {"EventID": "13", "ProcessId": "5664", "EventType": "SetValue", "Image": "C:\\Users\\george\\AppData\\Roaming\\sndmgr.exe", "RuleName": "T1060,RunKey", "UtcTime": "1670273689", "Details": "C:\\Users\\george\\AppData\\Roaming\\sndmgr.exe", "ProcessGuid": "{C784477D-5A83-638E-D00A-000000004700}", "TargetObject": "HKU\\S-1-5-21-1015118539-3749460369-599379286-1001\\Software\\Microsoft\\Windows\\CurrentVersion\\Run\\sndmgr.exe"}}, {"values": {"EventID": "13", "ProcessId": "3408", "EventType": "SetValue", "Image": "C:\\Users\\george\\AppData\\Roaming\\sndmgr.exe", "RuleName": "T1060,RunKey", "UtcTime": "1670273689", "Details": "C:\\Users\\george\\AppData\\Roaming\\sndmgr.exe", "ProcessGuid": "{C784477D-5A8C-638E-270B-000000004700}", "TargetObject": "HKU\\S-1-5-21-1015118539-3749460369-599379286-1001\\Software\\Microsoft\\Windows\\CurrentVersion\\Run\\sndmgr.exe"}}, {"values": {"EventID": "13", "ProcessId": "5400", "EventType": "SetValue", "Image": "C:\\Users\\george\\Desktop\\program.exe", "ProcessGuid": "{C784477D-5A74-638E-810A-000000004700}", "UtcTime": "1670273689", "Details": "C:\\Users\\george\\AppData\\Roaming\\sndmgr.exe", "RuleName": "T1060,RunKey", "TargetObject": "HKU\\S-1-5-21-1015118539-3749460369-599379286-1001\\Software\\Microsoft\\Windows\\CurrentVersion\\Run\\sndmgr.exe"}}, {"values": {"EventID": "13", "ProcessId": "5400", "EventType": "SetValue", "Image": "C:\\Users\\george\\Desktop\\program.exe", "ProcessGuid": "{C784477D-5A74-638E-810A-000000004700}", "UtcTime": "1670273690", "Details": "C:\\Users\\george\\AppData\\Roaming\\sndmgr.exe", "RuleName": "T1060,RunKey", "TargetObject": "HKU\\S-1-5-21-1015118539-3749460369-599379286-1001\\Software\\Microsoft\\Windows\\CurrentVersion\\Run\\sndmgr.exe"}}, {"values": {"EventID": "13", "ProcessId": "3408", "EventType": "SetValue", "Image": "C:\\Users\\george\\AppData\\Roaming\\sndmgr.exe", "ProcessGuid": "{C784477D-5A8C-638E-270B-000000004700}", "UtcTime": "1670273690", "Details": "C:\\Users\\george\\AppData\\Roaming\\sndmgr.exe", "RuleName": "T1060,RunKey", "TargetObject": "HKU\\S-1-5-21-1015118539-3749460369-599379286-1001\\Software\\Microsoft\\Windows\\CurrentVersion\\Run\\sndmgr.exe"}}, {"values": {"EventID": "13", "ProcessId": "5664", "EventType": "SetValue", "Image": "C:\\Users\\george\\AppData\\Roaming\\sndmgr.exe", "RuleName": "T1060,RunKey", "UtcTime": "1670273690", "Details": "C:\\Users\\george\\AppData\\Roaming\\sndmgr.exe", "ProcessGuid": "{C784477D-5A83-638E-D00A-000000004700}", "TargetObject": "HKU\\S-1-5-21-1015118539-3749460369-599379286-1001\\Software\\Microsoft\\Windows\\CurrentVersion\\Run\\sndmgr.exe"}}, {"values": {"EventID": "13", "ProcessId": "5400", "EventType": "SetValue", "Image": "C:\\Users\\george\\Desktop\\program.exe", "ProcessGuid": "{C784477D-5A74-638E-810A-000000004700}", "UtcTime": "1670273691", "Details": "C:\\Users\\george\\AppData\\Roaming\\sndmgr.exe", "RuleName": "T1060,RunKey", "TargetObject": "HKU\\S-1-5-21-1015118539-3749460369-599379286-1001\\Software\\Microsoft\\Windows\\CurrentVersion\\Run\\sndmgr.exe"}}, {"values": {"EventID": "13", "ProcessId": "3408", "EventType": "SetValue", "Image": "C:\\Users\\george\\AppData\\Roaming\\sndmgr.exe", "ProcessGuid": "{C784477D-5A8C-638E-270B-000000004700}", "UtcTime": "1670273691", "Details": "C:\\Users\\george\\AppData\\Roaming\\sndmgr.exe", "RuleName": "T1060,RunKey", "TargetObject": "HKU\\S-1-5-21-1015118539-3749460369-599379286-1001\\Software\\Microsoft\\Windows\\CurrentVersion\\Run\\sndmgr.exe"}}, {"values": {"EventID": "13", "ProcessId": "5664", "EventType": "SetValue", "Image": "C:\\Users\\george\\AppData\\Roaming\\sndmgr.exe", "ProcessGuid": "{C784477D-5A83-638E-D00A-000000004700}", "UtcTime": "1670273691", "Details": "C:\\Users\\george\\AppData\\Roaming\\sndmgr.exe", "RuleName": "T1060,RunKey", "TargetObject": "HKU\\S-1-5-21-1015118539-3749460369-599379286-1001\\Software\\Microsoft\\Windows\\CurrentVersion\\Run\\sndmgr.exe"}}, {"values": {"EventID": "13", "ProcessId": "5664", "EventType": "SetValue", "Image": "C:\\Users\\george\\AppData\\Roaming\\sndmgr.exe", "RuleName": "T1060,RunKey", "UtcTime": "1670273692", "Details": "C:\\Users\\george\\AppData\\Roaming\\sndmgr.exe", "ProcessGuid": "{C784477D-5A83-638E-D00A-000000004700}", "TargetObject": "HKU\\S-1-5-21-1015118539-3749460369-599379286-1001\\Software\\Microsoft\\Windows\\CurrentVersion\\Run\\sndmgr.exe"}}, {"values": {"EventID": "13", "ProcessId": "5400", "EventType": "SetValue", "Image": "C:\\Users\\george\\Desktop\\program.exe", "RuleName": "T1060,RunKey", "UtcTime": "1670273692", "Details": "C:\\Users\\george\\AppData\\Roaming\\sndmgr.exe", "ProcessGuid": "{C784477D-5A74-638E-810A-000000004700}", "TargetObject": "HKU\\S-1-5-21-1015118539-3749460369-599379286-1001\\Software\\Microsoft\\Windows\\CurrentVersion\\Run\\sndmgr.exe"}}, {"values": {"EventID": "13", "ProcessId": "3408", "EventType": "SetValue", "Image": "C:\\Users\\george\\AppData\\Roaming\\sndmgr.exe", "ProcessGuid": "{C784477D-5A8C-638E-270B-000000004700}", "UtcTime": "1670273692", "Details": "C:\\Users\\george\\AppData\\Roaming\\sndmgr.exe", "RuleName": "T1060,RunKey", "TargetObject": "HKU\\S-1-5-21-1015118539-3749460369-599379286-1001\\Software\\Microsoft\\Windows\\CurrentVersion\\Run\\sndmgr.exe"}}, {"values": {"EventID": "13", "ProcessId": "5664", "EventType": "SetValue", "Image": "C:\\Users\\george\\AppData\\Roaming\\sndmgr.exe", "ProcessGuid": "{C784477D-5A83-638E-D00A-000000004700}", "UtcTime": "1670273693", "Details": "C:\\Users\\george\\AppData\\Roaming\\sndmgr.exe", "RuleName": "T1060,RunKey", "TargetObject": "HKU\\S-1-5-21-1015118539-3749460369-599379286-1001\\Software\\Microsoft\\Windows\\CurrentVersion\\Run\\sndmgr.exe"}}, {"values": {"EventID": "13", "ProcessId": "5400", "EventType": "SetValue", "Image": "C:\\Users\\george\\Desktop\\program.exe", "RuleName": "T1060,RunKey", "UtcTime": "1670273693", "Details": "C:\\Users\\george\\AppData\\Roaming\\sndmgr.exe", "ProcessGuid": "{C784477D-5A74-638E-810A-000000004700}", "TargetObject": "HKU\\S-1-5-21-1015118539-3749460369-599379286-1001\\Software\\Microsoft\\Windows\\CurrentVersion\\Run\\sndmgr.exe"}}, {"values": {"EventID": "13", "ProcessId": "3408", "EventType": "SetValue", "Image": "C:\\Users\\george\\AppData\\Roaming\\sndmgr.exe", "RuleName": "T1060,RunKey", "UtcTime": "1670273693", "Details": "C:\\Users\\george\\AppData\\Roaming\\sndmgr.exe", "ProcessGuid": "{C784477D-5A8C-638E-270B-000000004700}", "TargetObject": "HKU\\S-1-5-21-1015118539-3749460369-599379286-1001\\Software\\Microsoft\\Windows\\CurrentVersion\\Run\\sndmgr.exe"}}, {"values": {"EventID": "13", "ProcessId": "3408", "EventType": "SetValue", "Image": "C:\\Users\\george\\AppData\\Roaming\\sndmgr.exe", "RuleName": "T1060,RunKey", "UtcTime": "1670273694", "Details": "C:\\Users\\george\\AppData\\Roaming\\sndmgr.exe", "ProcessGuid": "{C784477D-5A8C-638E-270B-000000004700}", "TargetObject": "HKU\\S-1-5-21-1015118539-3749460369-599379286-1001\\Software\\Microsoft\\Windows\\CurrentVersion\\Run\\sndmgr.exe"}}, {"values": {"EventID": "13", "ProcessId": "5400", "EventType": "SetValue", "Image": "C:\\Users\\george\\Desktop\\program.exe", "ProcessGuid": "{C784477D-5A74-638E-810A-000000004700}", "UtcTime": "1670273694", "Details": "C:\\Users\\george\\AppData\\Roaming\\sndmgr.exe", "RuleName": "T1060,RunKey", "TargetObject": "HKU\\S-1-5-21-1015118539-3749460369-599379286-1001\\Software\\Microsoft\\Windows\\CurrentVersion\\Run\\sndmgr.exe"}}, {"values": {"EventID": "13", "ProcessId": "5664", "EventType": "SetValue", "Image": "C:\\Users\\george\\AppData\\Roaming\\sndmgr.exe", "RuleName": "T1060,RunKey", "UtcTime": "1670273694", "Details": "C:\\Users\\george\\AppData\\Roaming\\sndmgr.exe", "ProcessGuid": "{C784477D-5A83-638E-D00A-000000004700}", "TargetObject": "HKU\\S-1-5-21-1015118539-3749460369-599379286-1001\\Software\\Microsoft\\Windows\\CurrentVersion\\Run\\sndmgr.exe"}}, {"values": {"EventID": "13", "ProcessId": "5400", "EventType": "SetValue", "Image": "C:\\Users\\george\\Desktop\\program.exe", "ProcessGuid": "{C784477D-5A74-638E-810A-000000004700}", "UtcTime": "1670273695", "Details": "C:\\Users\\george\\AppData\\Roaming\\sndmgr.exe", "RuleName": "T1060,RunKey", "TargetObject": "HKU\\S-1-5-21-1015118539-3749460369-599379286-1001\\Software\\Microsoft\\Windows\\CurrentVersion\\Run\\sndmgr.exe"}}, {"values": {"EventID": "13", "ProcessId": "3408", "EventType": "SetValue", "Image": "C:\\Users\\george\\AppData\\Roaming\\sndmgr.exe", "ProcessGuid": "{C784477D-5A8C-638E-270B-000000004700}", "UtcTime": "1670273695", "Details": "C:\\Users\\george\\AppData\\Roaming\\sndmgr.exe", "RuleName": "T1060,RunKey", "TargetObject": "HKU\\S-1-5-21-1015118539-3749460369-599379286-1001\\Software\\Microsoft\\Windows\\CurrentVersion\\Run\\sndmgr.exe"}}, {"values": {"EventID": "13", "ProcessId": "5664", "EventType": "SetValue", "Image": "C:\\Users\\george\\AppData\\Roaming\\sndmgr.exe", "RuleName": "T1060,RunKey", "UtcTime": "1670273695", "Details": "C:\\Users\\george\\AppData\\Roaming\\sndmgr.exe", "ProcessGuid": "{C784477D-5A83-638E-D00A-000000004700}", "TargetObject": "HKU\\S-1-5-21-1015118539-3749460369-599379286-1001\\Software\\Microsoft\\Windows\\CurrentVersion\\Run\\sndmgr.exe"}}, {"values": {"EventID": "13", "ProcessId": "5664", "EventType": "SetValue", "Image": "C:\\Users\\george\\AppData\\Roaming\\sndmgr.exe", "RuleName": "T1060,RunKey", "UtcTime": "1670273696", "Details": "C:\\Users\\george\\AppData\\Roaming\\sndmgr.exe", "ProcessGuid": "{C784477D-5A83-638E-D00A-000000004700}", "TargetObject": "HKU\\S-1-5-21-1015118539-3749460369-599379286-1001\\Software\\Microsoft\\Windows\\CurrentVersion\\Run\\sndmgr.exe"}}, {"values": {"EventID": "13", "ProcessId": "5400", "EventType": "SetValue", "Image": "C:\\Users\\george\\Desktop\\program.exe", "RuleName": "T1060,RunKey", "UtcTime": "1670273696", "Details": "C:\\Users\\george\\AppData\\Roaming\\sndmgr.exe", "ProcessGuid": "{C784477D-5A74-638E-810A-000000004700}", "TargetObject": "HKU\\S-1-5-21-1015118539-3749460369-599379286-1001\\Software\\Microsoft\\Windows\\CurrentVersion\\Run\\sndmgr.exe"}}, {"values": {"EventID": "13", "ProcessId": "3408", "EventType": "SetValue", "Image": "C:\\Users\\george\\AppData\\Roaming\\sndmgr.exe", "RuleName": "T1060,RunKey", "UtcTime": "1670273696", "Details": "C:\\Users\\george\\AppData\\Roaming\\sndmgr.exe", "ProcessGuid": "{C784477D-5A8C-638E-270B-000000004700}", "TargetObject": "HKU\\S-1-5-21-1015118539-3749460369-599379286-1001\\Software\\Microsoft\\Windows\\CurrentVersion\\Run\\sndmgr.exe"}}, {"values": {"EventID": "13", "ProcessId": "3408", "EventType": "SetValue", "Image": "C:\\Users\\george\\AppData\\Roaming\\sndmgr.exe", "ProcessGuid": "{C784477D-5A8C-638E-270B-000000004700}", "UtcTime": "1670273697", "Details": "C:\\Users\\george\\AppData\\Roaming\\sndmgr.exe", "RuleName": "T1060,RunKey", "TargetObject": "HKU\\S-1-5-21-1015118539-3749460369-599379286-1001\\Software\\Microsoft\\Windows\\CurrentVersion\\Run\\sndmgr.exe"}}, {"values": {"EventID": "13", "ProcessId": "5400", "EventType": "SetValue", "Image": "C:\\Users\\george\\Desktop\\program.exe", "ProcessGuid": "{C784477D-5A74-638E-810A-000000004700}", "UtcTime": "1670273697", "Details": "C:\\Users\\george\\AppData\\Roaming\\sndmgr.exe", "RuleName": "T1060,RunKey", "TargetObject": "HKU\\S-1-5-21-1015118539-3749460369-599379286-1001\\Software\\Microsoft\\Windows\\CurrentVersion\\Run\\sndmgr.exe"}}, {"values": {"EventID": "13", "ProcessId": "5664", "EventType": "SetValue", "Image": "C:\\Users\\george\\AppData\\Roaming\\sndmgr.exe", "ProcessGuid": "{C784477D-5A83-638E-D00A-000000004700}", "UtcTime": "1670273697", "Details": "C:\\Users\\george\\AppData\\Roaming\\sndmgr.exe", "RuleName": "T1060,RunKey", "TargetObject": "HKU\\S-1-5-21-1015118539-3749460369-599379286-1001\\Software\\Microsoft\\Windows\\CurrentVersion\\Run\\sndmgr.exe"}}, {"values": {"EventID": "13", "ProcessId": "5400", "EventType": "SetValue", "Image": "C:\\Users\\george\\Desktop\\program.exe", "ProcessGuid": "{C784477D-5A74-638E-810A-000000004700}", "UtcTime": "1670273698", "Details": "C:\\Users\\george\\AppData\\Roaming\\sndmgr.exe", "RuleName": "T1060,RunKey", "TargetObject": "HKU\\S-1-5-21-1015118539-3749460369-599379286-1001\\Software\\Microsoft\\Windows\\CurrentVersion\\Run\\sndmgr.exe"}}, {"values": {"EventID": "13", "ProcessId": "3408", "EventType": "SetValue", "Image": "C:\\Users\\george\\AppData\\Roaming\\sndmgr.exe", "RuleName": "T1060,RunKey", "UtcTime": "1670273698", "Details": "C:\\Users\\george\\AppData\\Roaming\\sndmgr.exe", "ProcessGuid": "{C784477D-5A8C-638E-270B-000000004700}", "TargetObject": "HKU\\S-1-5-21-1015118539-3749460369-599379286-1001\\Software\\Microsoft\\Windows\\CurrentVersion\\Run\\sndmgr.exe"}}, {"values": {"EventID": "13", "ProcessId": "5664", "EventType": "SetValue", "Image": "C:\\Users\\george\\AppData\\Roaming\\sndmgr.exe", "RuleName": "T1060,RunKey", "UtcTime": "1670273698", "Details": "C:\\Users\\george\\AppData\\Roaming\\sndmgr.exe", "ProcessGuid": "{C784477D-5A83-638E-D00A-000000004700}", "TargetObject": "HKU\\S-1-5-21-1015118539-3749460369-599379286-1001\\Software\\Microsoft\\Windows\\CurrentVersion\\Run\\sndmgr.exe"}}, {"values": {"EventID": "13", "ProcessId": "3408", "EventType": "SetValue", "Image": "C:\\Users\\george\\AppData\\Roaming\\sndmgr.exe", "RuleName": "T1060,RunKey", "UtcTime": "1670273699", "Details": "C:\\Users\\george\\AppData\\Roaming\\sndmgr.exe", "ProcessGuid": "{C784477D-5A8C-638E-270B-000000004700}", "TargetObject": "HKU\\S-1-5-21-1015118539-3749460369-599379286-1001\\Software\\Microsoft\\Windows\\CurrentVersion\\Run\\sndmgr.exe"}}, {"values": {"EventID": "13", "ProcessId": "5664", "EventType": "SetValue", "Image": "C:\\Users\\george\\AppData\\Roaming\\sndmgr.exe", "RuleName": "T1060,RunKey", "UtcTime": "1670273699", "Details": "C:\\Users\\george\\AppData\\Roaming\\sndmgr.exe", "ProcessGuid": "{C784477D-5A83-638E-D00A-000000004700}", "TargetObject": "HKU\\S-1-5-21-1015118539-3749460369-599379286-1001\\Software\\Microsoft\\Windows\\CurrentVersion\\Run\\sndmgr.exe"}}], "rule_level": "medium", "rule_id": "8b5db9da5732dc549b0e8b56fe5933d7c95ed760f3ac20568ab95347ef8c5bcc", "rule_source": "Sigma Integrated Rule Set (GitHub)", "rule_title": "CurrentVersion Autorun Keys Modification", "rule_description": "Detects modification of autostart extensibility point (ASEP) in registry.", "rule_author": "Victor Sergeev, Daniil Yugoslavskiy, Gleb Sukhodolskiy, Timur Zinniatullin, oscd.community, Tim Shelton, frack113 (split)"}, {"match_context": [{"values": {"EventID": "11", "ProcessId": "5400", "TargetFilename": "C:\\Users\\george\\AppData\\Roaming\\sndmgr.exe", "RuleName": "EXE", "CreationUtcTime": "1670273653", "UtcTime": "1670273653", "ProcessGuid": "{C784477D-5A74-638E-810A-000000004700}", "Image": "C:\\Users\\george\\Desktop\\program.exe"}}, 