{"values": {"ParentImage": "C:\\Users\\george\\AppData\\Roaming\\Microsoft\\Windows\\Start Menu\\Programs\\Startup\\calc.exe", "FileVersion": "10.0.17134.1 (WinBuild.160101.0800)", "ParentProcessId": "7688", "CurrentDirectory": "C:\\Users\\george\\AppData\\Roaming\\Microsoft\\Windows\\Start Menu\\Programs\\Startup\\", "CommandLine": "\"sc.exe\" config SQLWriter start= disabled", "TerminalSessionId": "1", "ProcessGuid": "{C784477D-ED16-6543-9106-000000004800}", "LogonId": "249213", "EventID": "1", "ProcessId": "8620", "Product": "Microsoft\\xae Windows\\xae Operating System", "LogonGuid": "C784477D-AA41-6535-7DCD-030000000000", "Description": "Service Control Manager Configuration Tool", "Company": "Microsoft Corporation", "IntegrityLevel": "Medium", "ParentProcessGuid": "{C784477D-ED14-6543-7906-000000004800}", "ParentCommandLine": "\"C:\\Users\\george\\AppData\\Roaming\\Microsoft\\Windows\\Start Menu\\Programs\\Startup\\calc.exe\" ", "UtcTime": "1698950422", "User": "DESKTOP-B0T93D6\\george", "RuleName": "-", "Hashes": "MD5=D79784553A9410D15E04766AAAB77CD6,SHA256=AEB241959F4A7B7C29F45D27FD65C5326F9592D25BADD1A7659DE0DA351BF96E,IMPHASH=7D296975925315BE8D57D0C67B133359", "Image": "C:\\Windows\\System32\\sc.exe", "OriginalFileName": "sc.exe"}}, {"values": {"ParentImage": "C:\\Users\\george\\AppData\\Roaming\\Microsoft\\Windows\\Start Menu\\Programs\\Startup\\calc.exe", "FileVersion": "10.0.17134.1 (WinBuild.160101.0800)", "ParentProcessId": "7688", "CurrentDirectory": "C:\\Users\\george\\AppData\\Roaming\\Microsoft\\Windows\\Start Menu\\Programs\\Startup\\", "CommandLine": "\"sc.exe\" config SstpSvc start= disabled", "TerminalSessionId": "1", "ProcessGuid": "{C784477D-ED16-6543-9306-000000004800}", "LogonId": "249213", "EventID": "1", "ProcessId": "8672", "Product": "Microsoft\\xae Windows\\xae Operating System", "LogonGuid": "C784477D-AA41-6535-7DCD-030000000000", "Description": "Service Control Manager Configuration Tool", "Company": "Microsoft Corporation", "IntegrityLevel": "Medium", "ParentProcessGuid": "{C784477D-ED14-6543-7906-000000004800}", "ParentCommandLine": "\"C:\\Users\\george\\AppData\\Roaming\\Microsoft\\Windows\\Start Menu\\Programs\\Startup\\calc.exe\" ", "UtcTime": "1698950422", "User": "DESKTOP-B0T93D6\\george", "RuleName": "-", "Hashes": "MD5=D79784553A9410D15E04766AAAB77CD6,SHA256=AEB241959F4A7B7C29F45D27FD65C5326F9592D25BADD1A7659DE0DA351BF96E,IMPHASH=7D296975925315BE8D57D0C67B133359", "Image": "C:\\Windows\\System32\\sc.exe", "OriginalFileName": "sc.exe"}}, {"values": {"ParentImage": "C:\\Users\\george\\AppData\\Roaming\\Microsoft\\Windows\\Start Menu\\Programs\\Startup\\calc.exe", "FileVersion": "10.0.17134.1 (WinBuild.160101.0800)", "ParentProcessId": "7688", "CurrentDirectory": "C:\\Users\\george\\AppData\\Roaming\\Microsoft\\Windows\\Start Menu\\Programs\\Startup\\", "CommandLine": "\"taskkill.exe\" /IM mspub.exe /F", "TerminalSessionId": "1", "ProcessGuid": "{C784477D-ED16-6543-9506-000000004800}", "LogonId": "249213", "EventID": "1", "ProcessId": "8732", "Product": "Microsoft\\xae Windows\\xae Operating System", "LogonGuid": "C784477D-AA41-6535-7DCD-030000000000", "Description": "Terminates Processes", "Company": "Microsoft Corporation", "IntegrityLevel": "Medium", "ParentProcessGuid": "{C784477D-ED14-6543-7906-000000004800}", "ParentCommandLine": "\"C:\\Users\\george\\AppData\\Roaming\\Microsoft\\Windows\\Start Menu\\Programs\\Startup\\calc.exe\" ", "UtcTime": "1698950422", "User": "DESKTOP-B0T93D6\\george", "RuleName": "-", "Hashes": "MD5=530C6A6CBA137EAA7021CEF9B234E8D4,SHA256=26B9B184C2F7F60811C0C4CB25C12568D996AC1ECE0EF64AA1B9E8F39AEA74D7,IMPHASH=100938B32F577E925618EA395A8C469B", "Image": "C:\\Windows\\System32\\taskkill.exe", "OriginalFileName": "taskkill.exe"}}, {"values": {"ParentImage": "C:\\Users\\george\\AppData\\Roaming\\Microsoft\\Windows\\Start Menu\\Programs\\Startup\\calc.exe", "FileVersion": "10.0.17134.1 (WinBuild.160101.0800)", "ParentProcessId": "7688", "CurrentDirectory": "C:\\Users\\george\\AppData\\Roaming\\Microsoft\\Windows\\Start Menu\\Programs\\Startup\\", "CommandLine": "\"taskkill.exe\" /IM mydesktopqos.exe /F", "TerminalSessionId": "1", "ProcessGuid": "{C784477D-ED16-6543-9706-000000004800}", "LogonId": "249213", "EventID": "1", "ProcessId": "8804", "Product": "Microsoft\\xae Windows\\xae Operating System", "LogonGuid": "C784477D-AA41-6535-7DCD-030000000000", "Description": "Terminates Processes", "Company": "Microsoft Corporation", "IntegrityLevel": "Medium", "ParentProcessGuid": "{C784477D-ED14-6543-7906-000000004800}", "ParentCommandLine": "\"C:\\Users\\george\\AppData\\Roaming\\Microsoft\\Windows\\Start Menu\\Programs\\Startup\\calc.exe\" ", "UtcTime": "1698950422", "User": "DESKTOP-B0T93D6\\george", "RuleName": "-", "Hashes": "MD5=530C6A6CBA137EAA7021CEF9B234E8D4,SHA256=26B9B184C2F7F60811C0C4CB25C12568D996AC1ECE0EF64AA1B9E8F39AEA74D7,IMPHASH=100938B32F577E925618EA395A8C469B", "Image": "C:\\Windows\\System32\\taskkill.exe", "OriginalFileName": "taskkill.exe"}}, {"values": {"ParentImage": "C:\\Users\\george\\AppData\\Roaming\\Microsoft\\Windows\\Start Menu\\Programs\\Startup\\calc.exe", "FileVersion": "10.0.17134.1 (WinBuild.160101.0800)", "ParentProcessId": "7688", "CurrentDirectory": "C:\\Users\\george\\AppData\\Roaming\\Microsoft\\Windows\\Start Menu\\Programs\\Startup\\", "CommandLine": "\"taskkill.exe\" /IM mydesktopservice.exe /F", "TerminalSessionId": "1", "ProcessGuid": "{C784477D-ED16-6543-9906-000000004800}", "LogonId": "249213", "EventID": "1", "ProcessId": "8872", "Product": "Microsoft\\xae Windows\\xae Operating System", "LogonGuid": "C784477D-AA41-6535-7DCD-030000000000", "Description": "Terminates Processes", "Company": "Microsoft Corporation", "IntegrityLevel": "Medium", "ParentProcessGuid": "{C784477D-ED14-6543-7906-000000004800}", "ParentCommandLine": "\"C:\\Users\\george\\AppData\\Roaming\\Microsoft\\Windows\\Start Menu\\Programs\\Startup\\calc.exe\" ", "UtcTime": "1698950422", "User": "DESKTOP-B0T93D6\\george", "RuleName": "-", "Hashes": "MD5=530C6A6CBA137EAA7021CEF9B234E8D4,SHA256=26B9B184C2F7F60811C0C4CB25C12568D996AC1ECE0EF64AA1B9E8F39AEA74D7,IMPHASH=100938B32F577E925618EA395A8C469B", "Image": "C:\\Windows\\System32\\taskkill.exe", "OriginalFileName": "taskkill.exe"}}, {"values": {"ParentImage": "C:\\Users\\george\\AppData\\Roaming\\Microsoft\\Windows\\Start Menu\\Programs\\Startup\\calc.exe", "FileVersion": "10.0.17134.1 (WinBuild.160101.0800)", "ParentProcessId": "7688", "CurrentDirectory": "C:\\Users\\george\\AppData\\Roaming\\Microsoft\\Windows\\Start Menu\\Programs\\Startup\\", "CommandLine": "\"vssadmin.exe\" Delete Shadows /all /quiet", "TerminalSessionId": "1", "ProcessGuid": "{C784477D-ED16-6543-9C06-000000004800}", "LogonId": "249213", "EventID": "1", "ProcessId": "8964", "Product": "Microsoft\\xae Windows\\xae Operating System", "LogonGuid": "C784477D-AA41-6535-7DCD-030000000000", "Description": "Command Line Interface for Microsoft\\xae Volume Shadow Copy Service ", "Company": "Microsoft Corporation", "IntegrityLevel": "Medium", "ParentProcessGuid": "{C784477D-ED14-6543-7906-000000004800}", "ParentCommandLine": "\"C:\\Users\\george\\AppData\\Roaming\\Microsoft\\Windows\\Start Menu\\Programs\\Startup\\calc.exe\" ", "UtcTime": "1698950422", "User": "DESKTOP-B0T93D6\\george", "RuleName": "-", "Hashes": "MD5=47D51216EF45075B5F7EAA117CC70E40,SHA256=C946C4EDA61355A1B8E134E7A184A15C9A358B9675B6172A83E4937AE9EF4B03,IMPHASH=C1EDC431CD345F0A0F32019895D13FCE", "Image": "C:\\Windows\\System32\\vssadmin.exe", "OriginalFileName": "VSSADMIN.EXE"}}, {"values": {"ParentImage": "C:\\Users\\george\\AppData\\Roaming\\Microsoft\\Windows\\Start Menu\\Programs\\Startup\\calc.exe", "FileVersion": "10.0.17134.1 (WinBuild.160101.0800)", "ParentProcessId": "7688", "CurrentDirectory": "C:\\Users\\george\\AppData\\Roaming\\Microsoft\\Windows\\Start Menu\\Programs\\Startup\\", "CommandLine": "\"vssadmin.exe\" resize shadowstorage /for=c: /on=c: /maxsize=401MB", "TerminalSessionId": "1", "ProcessGuid": "{C784477D-ED17-6543-A006-000000004800}", "LogonId": "249213", "EventID": "1", "ProcessId": "9072", "Product": "Microsoft\\xae Windows\\xae Operating System", "LogonGuid": "C784477D-AA41-6535-7DCD-030000000000", "Description": "Command Line Interface for Microsoft\\xae Volume Shadow Copy Service ", "Company": "Microsoft Corporation", "IntegrityLevel": "Medium", "ParentProcessGuid": "{C784477D-ED14-6543-7906-000000004800}", "ParentCommandLine": "\"C:\\Users\\george\\AppData\\Roaming\\Microsoft\\Windows\\Start Menu\\Programs\\Startup\\calc.exe\" ", "UtcTime": "1698950423", "User": "DESKTOP-B0T93D6\\george", "RuleName": "-", "Hashes": "MD5=47D51216EF45075B5F7EAA117CC70E40,SHA256=C946C4EDA61355A1B8E134E7A184A15C9A358B9675B6172A83E4937AE9EF4B03,IMPHASH=C1EDC431CD345F0A0F32019895D13FCE", "Image": "C:\\Windows\\System32\\vssadmin.exe", "OriginalFileName": "VSSADMIN.EXE"}}, {"values": {"ParentImage": "C:\\Users\\george\\AppData\\Roaming\\Microsoft\\Windows\\Start Menu\\Programs\\Startup\\calc.exe", "FileVersion": "10.0.17134.1 (WinBuild.160101.0800)", "ParentProcessId": "7688", "CurrentDirectory": "C:\\Users\\george\\AppData\\Roaming\\Microsoft\\Windows\\Start Menu\\Programs\\Startup\\", "CommandLine": "\"vssadmin.exe\" resize shadowstorage /for=c: /on=c: /maxsize=unbounded", "TerminalSessionId": "1", "ProcessGuid": "{C784477D-ED17-6543-A206-000000004800}", "LogonId": "249213", "EventID": "1", "ProcessId": "9132", "Product": "Microsoft\\xae Windows\\xae Operating System", "LogonGuid": "C784477D-AA41-6535-7DCD-030000000000", "Description": "Command Line Interface for Microsoft\\xae Volume Shadow Copy Service ", "Company": "Microsoft Corporation", "IntegrityLevel": "Medium", "ParentProcessGuid": "{C784477D-ED14-6543-7906-000000004800}", "ParentCommandLine": "\"C:\\Users\\george\\AppData\\Roaming\\Microsoft\\Windows\\Start Menu\\Programs\\Startup\\calc.exe\" ", "UtcTime": "1698950423", "User": "DESKTOP-B0T93D6\\george", "RuleName": "-", "Hashes": "MD5=47D51216EF45075B5F7EAA117CC70E40,SHA256=C946C4EDA61355A1B8E134E7A184A15C9A358B9675B6172A83E4937AE9EF4B03,IMPHASH=C1EDC431CD345F0A0F32019895D13FCE", "Image": "C:\\Windows\\System32\\vssadmin.exe", "OriginalFileName": "VSSADMIN.EXE"}}, {"values": {"ParentImage": "C:\\Users\\george\\AppData\\Roaming\\Microsoft\\Windows\\Start Menu\\Programs\\Startup\\calc.exe", "FileVersion": "10.0.17134.1 (WinBuild.160101.0800)", "ParentProcessId": "7688", "CurrentDirectory": "C:\\Users\\george\\AppData\\Roaming\\Microsoft\\Windows\\Start Menu\\Programs\\Startup\\", "CommandLine": "\"vssadmin.exe\" resize shadowstorage /for=d: /on=d: /maxsize=401MB", "TerminalSessionId": "1", "ProcessGuid": "{C784477D-ED17-6543-A406-000000004800}", "LogonId": "249213", "EventID": "1", "ProcessId": "9192", "Product": "Microsoft\\xae Windows\\xae Operating System", "LogonGuid": "C784477D-AA41-6535-7DCD-030000000000", "Description": "Command Line Interface for Microsoft\\xae Volume Shadow Copy Service ", "Company": "Microsoft Corporation", "IntegrityLevel": "Medium", "ParentProcessGuid": "{C784477D-ED14-6543-7906-000000004800}", "ParentCommandLine": "\"C:\\Users\\george\\AppData\\Roaming\\Microsoft\\Windows\\Start Menu\\Programs\\Startup\\calc.exe\" ", "UtcTime": "1698950423", "User": "DESKTOP-B0T93D6\\george", "RuleName": "-", "Hashes": "MD5=47D51216EF45075B5F7EAA117CC70E40,SHA256=C946C4EDA61355A1B8E134E7A184A15C9A358B9675B6172A83E4937AE9EF4B03,IMPHASH=C1EDC431CD345F0A0F32019895D13FCE", "Image": "C:\\Windows\\System32\\vssadmin.exe", "OriginalFileName": "VSSADMIN.EXE"}}, {"values": {"ParentImage": "C:\\Users\\george\\AppData\\Roaming\\Microsoft\\Windows\\Start Menu\\Programs\\Startup\\calc.exe", "FileVersion": "10.0.17134.1 (WinBuild.160101.0800)", "ParentProcessId": "7688", "CurrentDirectory": "C:\\Users\\george\\AppData\\Roaming\\Microsoft\\Windows\\Start Menu\\Programs\\Startup\\", "CommandLine": "\"vssadmin.exe\" resize shadowstorage /for=d: /on=d: /maxsize=unbounded", "TerminalSessionId": "1", "ProcessGuid": "{C784477D-ED17-6543-A606-000000004800}", "LogonId": "249213", "EventID": "1", "ProcessId": "8416", "Product": "Microsoft\\xae Windows\\xae Operating System", "LogonGuid": "C784477D-AA41-6535-7DCD-030000000000", "Description": "Command Line Interface for Microsoft\\xae Volume Shadow Copy Service ", "Company": "Microsoft Corporation", "IntegrityLevel": "Medium", "ParentProcessGuid": "{C784477D-ED14-6543-7906-000000004800}", "ParentCommandLine": "\"C:\\Users\\george\\AppData\\Roaming\\Microsoft\\Windows\\Start Menu\\Programs\\Startup\\calc.exe\" ", "UtcTime": "1698950423", "User": "DESKTOP-B0T93D6\\george", "RuleName": "-", "Hashes": "MD5=47D51216EF45075B5F7EAA117CC70E40,SHA256=C946C4EDA61355A1B8E134E7A184A15C9A358B9675B6172A83E4937AE9EF4B03,IMPHASH=C1EDC431CD345F0A0F32019895D13FCE", "Image": "C:\\Windows\\System32\\vssadmin.exe", "OriginalFileName": "VSSADMIN.EXE"}}, {"values": {"ParentImage": "C:\\Users\\george\\AppData\\Roaming\\Microsoft\\Windows\\Start Menu\\Programs\\Startup\\calc.exe", "FileVersion": "10.0.17134.1 (WinBuild.160101.0800)", "ParentProcessId": "7688", "CurrentDirectory": "C:\\Users\\george\\AppData\\Roaming\\Microsoft\\Windows\\Start Menu\\Programs\\Startup\\", "CommandLine": "\"vssadmin.exe\" resize shadowstorage /for=e: /on=e: /maxsize=401MB", "TerminalSessionId": "1", "ProcessGuid": "{C784477D-ED17-6543-A806-000000004800}", "LogonId": "249213", "EventID": "1", "ProcessId": "8508", "Product": "Microsoft\\xae Windows\\xae Operating System", "LogonGuid": "C784477D-AA41-6535-7DCD-030000000000", "Description": "Command Line Interface for Microsoft\\xae Volume Shadow Copy Service ", "Company": "Microsoft Corporation", "IntegrityLevel": "Medium", "ParentProcessGuid": "{C784477D-ED14-6543-7906-000000004800}", "ParentCommandLine": "\"C:\\Users\\george\\AppData\\Roaming\\Microsoft\\Windows\\Start Menu\\Programs\\Startup\\calc.exe\" ", "UtcTime": "1698950423", "User": "DESKTOP-B0T93D6\\george", "RuleName": "-", "Hashes": "MD5=47D51216EF45075B5F7EAA117CC70E40,SHA256=C946C4EDA61355A1B8E134E7A184A15C9A358B9675B6172A83E4937AE9EF4B03,IMPHASH=C1EDC431CD345F0A0F32019895D13FCE", "Image": "C:\\Windows\\System32\\vssadmin.exe", "OriginalFileName": "VSSADMIN.EXE"}}, {"values": {"ParentImage": "C:\\Users\\george\\AppData\\Roaming\\Microsoft\\Windows\\Start Menu\\Programs\\Startup\\calc.exe", "FileVersion": "10.0.17134.1 (WinBuild.160101.0800)", "ParentProcessId": "7688", "CurrentDirectory": "C:\\Users\\george\\AppData\\Roaming\\Microsoft\\Windows\\Start Menu\\Programs\\Startup\\", "CommandLine": "\"vssadmin.exe\" resize shadowstorage /for=e: /on=e: /maxsize=unbounded", "TerminalSessionId": "1", "ProcessGuid": "{C784477D-ED17-6543-AA06-000000004800}", "LogonId": "249213", "EventID": "1", "ProcessId": "8596", "Product": "Microsoft\\xae Windows\\xae Operating System", "LogonGuid": "C784477D-AA41-6535-7DCD-030000000000", "Description": "Command Line Interface for Microsoft\\xae Volume Shadow Copy Service ", "Company": "Microsoft Corporation", "IntegrityLevel": "Medium", "ParentProcessGuid": "{C784477D-ED14-6543-7906-000000004800}", "ParentCommandLine": "\"C:\\Users\\george\\AppData\\Roaming\\Microsoft\\Windows\\Start Menu\\Programs\\Startup\\calc.exe\" ", "UtcTime": "1698950423", "User": "DESKTOP-B0T93D6\\george", "RuleName": "-", "Hashes": "MD5=47D51216EF45075B5F7EAA117CC70E40,SHA256=C946C4EDA61355A1B8E134E7A184A15C9A358B9675B6172A83E4937AE9EF4B03,IMPHASH=C1EDC431CD345F0A0F32019895D13FCE", "Image": "C:\\Windows\\System32\\vssadmin.exe", "OriginalFileName": "VSSADMIN.EXE"}}, {"values": {"ParentImage": "C:\\Users\\george\\AppData\\Roaming\\Microsoft\\Windows\\Start Menu\\Programs\\Startup\\calc.exe", "FileVersion": "10.0.17134.1 (WinBuild.160101.0800)", "ParentProcessId": "7688", "CurrentDirectory": "C:\\Users\\george\\AppData\\Roaming\\Microsoft\\Windows\\Start Menu\\Programs\\Startup\\", "CommandLine": "\"vssadmin.exe\" resize shadowstorage /for=f: /on=f: /maxsize=401MB", "TerminalSessionId": "1", "ProcessGuid": "{C784477D-ED17-6543-AC06-000000004800}", "LogonId": "249213", "EventID": "1", "ProcessId": "8624", "Product": "Microsoft\\xae Windows\\xae Operating System", "LogonGuid": "C784477D-AA41-6535-7DCD-030000000000", "Description": "Command Line Interface for Microsoft\\xae Volume Shadow Copy Service ", "Company": "Microsoft Corporation", "IntegrityLevel": "Medium", "ParentProcessGuid": "{C784477D-ED14-6543-7906-000000004800}", "ParentCommandLine": "\"C:\\Users\\george\\AppData\\Roaming\\Microsoft\\Windows\\Start Menu\\Programs\\Startup\\calc.exe\" ", "UtcTime": "1698950423", "User": "DESKTOP-B0T93D6\\george", "RuleName": "-", "Hashes": "MD5=47D51216EF45075B5F7EAA117CC70E40,SHA256=C946C4EDA61355A1B8E134E7A184A15C9A358B9675B6172A83E4937AE9EF4B03,IMPHASH=C1EDC431CD345F0A0F32019895D13FCE", "Image": "C:\\Windows\\System32\\vssadmin.exe", "OriginalFileName": "VSSADMIN.EXE"}}, {"values": {"ParentImage": "C:\\Users\\george\\AppData\\Roaming\\Microsoft\\Windows\\Start Menu\\Programs\\Startup\\calc.exe", "FileVersion": "10.0.17134.1 (WinBuild.160101.0800)", "ParentProcessId": "7688", "CurrentDirectory": "C:\\Users\\george\\AppData\\Roaming\\Microsoft\\Windows\\Start Menu\\Programs\\Startup\\", "CommandLine": "\"vssadmin.exe\" resize shadowstorage /for=f: /on=f: /maxsize=unbounded", "TerminalSessionId": "1", "ProcessGuid": "{C784477D-ED17-6543-AE06-000000004800}", "LogonId": "249213", "EventID": "1", "ProcessId": "8708", "Product": "Microsoft\\xae Windows\\xae Operating System", "LogonGuid": "C784477D-AA41-6535-7DCD-030000000000", "Description": "Command Line Interface for Microsoft\\xae Volume Shadow Copy Service ", "Company": "Microsoft Corporation", "IntegrityLevel": "Medium", "ParentProcessGuid": "{C784477D-ED14-6543-7906-000000004800}", "ParentCommandLine": "\"C:\\Users\\george\\AppData\\Roaming\\Microsoft\\Windows\\Start Menu\\Programs\\Startup\\calc.exe\" ", "UtcTime": "1698950423", "User": "DESKTOP-B0T93D6\\george", "RuleName": "-", "Hashes": "MD5=47D51216EF45075B5F7EAA117CC70E40,SHA256=C946C4EDA61355A1B8E134E7A184A15C9A358B9675B6172A83E4937AE9EF4B03,IMPHASH=C1EDC431CD345F0A0F32019895D13FCE", "Image": "C:\\Windows\\System32\\vssadmin.exe", "OriginalFileName": "VSSADMIN.EXE"}}, {"values": {"ParentImage": "C:\\Users\\george\\AppData\\Roaming\\Microsoft\\Windows\\Start Menu\\Programs\\Startup\\calc.exe", "FileVersion": "10.0.17134.1 (WinBuild.160101.0800)", "ParentProcessId": "7688", "CurrentDirectory": "C:\\Users\\george\\AppData\\Roaming\\Microsoft\\Windows\\Start Menu\\Programs\\Startup\\", "CommandLine": "\"vssadmin.exe\" resize shadowstorage /for=g: /on=g: /maxsize=401MB", "TerminalSessionId": "1", "ProcessGuid": "{C784477D-ED17-6543-B006-000000004800}", "LogonId": "249213", "EventID": "1", "ProcessId": "8764", "Product": "Microsoft\\xae Windows\\xae Operating System", "LogonGuid": "C784477D-AA41-6535-7DCD-030000000000", "Description": "Command Line Interface for Microsoft\\xae Volume Shadow Copy Service ", "Company": "Microsoft Corporation", "IntegrityLevel": "Medium", "ParentProcessGuid": "{C784477D-ED14-6543-7906-000000004800}", "ParentCommandLine": "\"C:\\Users\\george\\AppData\\Roaming\\Microsoft\\Windows\\Start Menu\\Programs\\Startup\\calc.exe\" ", "UtcTime": "1698950423", "User": "DESKTOP-B0T93D6\\george", "RuleName": "-", "Hashes": "MD5=47D51216EF45075B5F7EAA117CC70E40,SHA256=C946C4EDA61355A1B8E134E7A184A15C9A358B9675B6172A83E4937AE9EF4B03,IMPHASH=C1EDC431CD345F0A0F32019895D13FCE", "Image": "C:\\Windows\\System32\\vssadmin.exe", "OriginalFileName": "VSSADMIN.EXE"}}, {"values": {"ParentImage": "C:\\Users\\george\\AppData\\Roaming\\Microsoft\\Windows\\Start Menu\\Programs\\Startup\\calc.exe", "FileVersion": "10.0.17134.1 (WinBuild.160101.0800)", "ParentProcessId": "7688", "CurrentDirectory": "C:\\Users\\george\\AppData\\Roaming\\Microsoft\\Windows\\Start Menu\\Programs\\Startup\\", "CommandLine": "\"vssadmin.exe\" resize shadowstorage /for=g: /on=g: /maxsize=unbounded", "TerminalSessionId": "1", "ProcessGuid": "{C784477D-ED17-6543-B206-000000004800}", "LogonId": "249213", "EventID": "1", "ProcessId": "8840", "Product": "Microsoft\\xae Windows\\xae Operating System", "LogonGuid": "C784477D-AA41-6535-7DCD-030000000000", "Description": "Command Line Interface for Microsoft\\xae Volume Shadow Copy Service ", "Company": "Microsoft Corporation", "IntegrityLevel": "Medium", "ParentProcessGuid": "{C784477D-ED14-6543-7906-000000004800}", "ParentCommandLine": "\"C:\\Users\\george\\AppData\\Roaming\\Microsoft\\Windows\\Start Menu\\Programs\\Startup\\calc.exe\" ", "UtcTime": "1698950423", "User": "DESKTOP-B0T93D6\\george", "RuleName": "-", "Hashes": "MD5=47D51216EF45075B5F7EAA117CC70E40,SHA256=C946C4EDA61355A1B8E134E7A184A15C9A358B9675B6172A83E4937AE9EF4B03,IMPHASH=C1EDC431CD345F0A0F32019895D13FCE", "Image": "C:\\Windows\\System32\\vssadmin.exe", "OriginalFileName": "VSSADMIN.EXE"}}, {"values": {"ParentImage": "C:\\Users\\george\\AppData\\Roaming\\Microsoft\\Windows\\Start Menu\\Programs\\Startup\\calc.exe", "FileVersion": "10.0.17134.1 (WinBuild.160101.0800)", "ParentProcessId": "7688", "CurrentDirectory": "C:\\Users\\george\\AppData\\Roaming\\Microsoft\\Windows\\Start Menu\\Programs\\Startup\\", "CommandLine": "\"vssadmin.exe\" resize shadowstorage /for=h: /on=h: /maxsize=401MB", "TerminalSessionId": "1", "ProcessGuid": "{C784477D-ED18-6543-B406-000000004800}", "LogonId": "249213", "EventID": "1", "ProcessId": "8916", "Product": "Microsoft\\xae Windows\\xae Operating System", "LogonGuid": "C784477D-AA41-6535-7DCD-030000000000", "Description": "Command Line Interface for Microsoft\\xae Volume Shadow Copy Service ", "Company": "Microsoft Corporation", "IntegrityLevel": "Medium", "ParentProcessGuid": "{C784477D-ED14-6543-7906-000000004800}", "ParentCommandLine": "\"C:\\Users\\george\\AppData\\Roaming\\Microsoft\\Windows\\Start Menu\\Programs\\Startup\\calc.exe\" ", "UtcTime": "1698950424", "User": "DESKTOP-B0T93D6\\george", "RuleName": "-", "Hashes": "MD5=47D51216EF45075B5F7EAA117CC70E40,SHA256=C946C4EDA61355A1B8E134E7A184A15C9A358B9675B6172A83E4937AE9EF4B03,IMPHASH=C1EDC431CD345F0A0F32019895D13FCE", "Image": "C:\\Windows\\System32\\vssadmin.exe", "OriginalFileName": "VSSADMIN.EXE"}}, {"values": {"ParentImage": "C:\\Users\\george\\AppData\\Roaming\\Microsoft\\Windows\\Start Menu\\Programs\\Startup\\calc.exe", "FileVersion": "10.0.17134.1 (WinBuild.160101.0800)", "ParentProcessId": "7688", "CurrentDirectory": "C:\\Users\\george\\AppData\\Roaming\\Microsoft\\Windows\\Start Menu\\Programs\\Startup\\", "CommandLine": "\"vssadmin.exe\" resize shadowstorage /for=h: /on=h: /maxsize=unbounded", "TerminalSessionId": "1", "ProcessGuid": "{C784477D-ED18-6543-B606-000000004800}", "LogonId": "249213", "EventID": "1", "ProcessId": "9056", "Product": "Microsoft\\xae Windows\\xae Operating System", "LogonGuid": "C784477D-AA41-6535-7DCD-030000000000", "Description": "Command Line Interface for Microsoft\\xae Volume Shadow Copy Service ", "Company": "Microsoft Corporation", "IntegrityLevel": "Medium", "ParentProcessGuid": "{C784477D-ED14-6543-7906-000000004800}", "ParentCommandLine": "\"C:\\Users\\george\\AppData\\Roaming\\Microsoft\\Windows\\Start Menu\\Programs\\Startup\\calc.exe\" ", "UtcTime": "1698950424", "User": "DESKTOP-B0T93D6\\george", "RuleName": "-", "Hashes": "MD5=47D51216EF45075B5F7EAA117CC70E40,SHA256=C946C4EDA61355A1B8E134E7A184A15C9A358B9675B6172A83E4937AE9EF4B03,IMPHASH=C1EDC431CD345F0A0F32019895D13FCE", "Image": "C:\\Windows\\System32\\vssadmin.exe", "OriginalFileName": "VSSADMIN.EXE"}}, {"values": {"ParentImage": "C:\\Users\\george\\AppData\\Roaming\\Microsoft\\Windows\\Start Menu\\Programs\\Startup\\calc.exe", "FileVersion": "10.0.17134.1 (WinBuild.160101.0800)", "ParentProcessId": "7688", "CurrentDirectory": "C:\\Users\\george\\AppData\\Roaming\\Microsoft\\Windows\\Start Menu\\Programs\\Startup\\", "CommandLine": "\"vssadmin.exe\" Delete Shadows /all /quiet", "TerminalSessionId": "1", "ProcessGuid": "{C784477D-ED18-6543-B806-000000004800}", "LogonId": "249213", "EventID": "1", "ProcessId": "9088", "Product": "Microsoft\\xae Windows\\xae Operating System", "LogonGuid": "C784477D-AA41-6535-7DCD-030000000000", "Description": "Command Line Interface for Microsoft\\xae Volume Shadow Copy Service ", "Company": "Microsoft Corporation", "IntegrityLevel": "Medium", "ParentProcessGuid": "{C784477D-ED14-6543-7906-000000004800}", "ParentCommandLine": "\"C:\\Users\\george\\AppData\\Roaming\\Microsoft\\Windows\\Start Menu\\Programs\\Startup\\calc.exe\" ", "UtcTime": "1698950424", "User": "DESKTOP-B0T93D6\\george", "RuleName": "-", "Hashes": "MD5=47D51216EF45075B5F7EAA117CC70E40,SHA256=C946C4EDA61355A1B8E134E7A184A15C9A358B9675B6172A83E4937AE9EF4B03,IMPHASH=C1EDC431CD345F0A0F32019895D13FCE", "Image": "C:\\Windows\\System32\\vssadmin.exe", "OriginalFileName": "VSSADMIN.EXE"}}, {"values": {"ParentImage": "C:\\Users\\george\\AppData\\Roaming\\Microsoft\\Windows\\Start Menu\\Programs\\Startup\\calc.exe", "FileVersion": "10.0.17134.1 (WinBuild.160101.0800)", "ParentProcessId": "7688", "CurrentDirectory": "C:\\Users\\george\\AppData\\Roaming\\Microsoft\\Windows\\Start Menu\\Programs\\Startup\\", "CommandLine": "\"arp\" -a", "TerminalSessionId": "1", "ProcessGuid": "{C784477D-ED19-6543-BA06-000000004800}", "LogonId": "249213", "EventID": "1", "ProcessId": "9212", "Product": "Microsoft\\xae Windows\\xae Operating System", "LogonGuid": "C784477D-AA41-6535-7DCD-030000000000", "Description": "TCP/IP Arp Command", "Company": "Microsoft Corporation", "IntegrityLevel": "Medium", "ParentProcessGuid": "{C784477D-ED14-6543-7906-000000004800}", "ParentCommandLine": "\"C:\\Users\\george\\AppData\\Roaming\\Microsoft\\Windows\\Start Menu\\Programs\\Startup\\calc.exe\" ", "UtcTime": "1698950425", "User": "DESKTOP-B0T93D6\\george", "RuleName": "-", "Hashes": "MD5=D0F33D464A967DA483BBEEFE4D9D3683,SHA256=5C95E274DAA0FFC07CC1F9C9669778F8C4C8EFF8497BE0A8A4A0591B512639AE,IMPHASH=02E80B21355ED722444F540585E82D1D", "Image": "C:\\Windows\\System32\\ARP.EXE", "OriginalFileName": "arp.exe"}}], "rule_level": "high", "rule_id": "339db70fcafbc2231425e99a4637ca5513d5eadd2f7807a2ad8bc9123ec81129", "rule_source": "Sigma Integrated Rule Set (GitHub)", "rule_title": "Suspicious Process Parents", "rule_description": "Detects suspicious parent processes that should not have any children or should only have a single possible child program", "rule_author": "Florian Roth (Nextron Systems)"}, {"match_context": [{"values": {"ParentImage": "C:\\Users\\george\\Desktop\\software.exe", "FileVersion": "4.5.0.0", "ParentProcessId": "7884", "CurrentDirectory": "C:\\Users\\george\\Desktop\\", "CommandLine": "\"C:\\Users\\george\\AppData\\Roaming\\Microsoft\\Windows\\Start Menu\\Programs\\Startup\\calc.exe\" ", "TerminalSessionId": "1", "ProcessGuid": "{C784477D-ED08-6543-3906-000000004800}", "LogonId": "249135", "EventID": "1", "ProcessId": "8024", "Product": "su6IEmyYk0r7", "LogonGuid": "C784477D-AA41-6535-2FCD-030000000000", "Description": "Memory Operator", "Company": "fnEy93lTHQhB HhG1dlBEFZ81", "IntegrityLevel": "High", "ParentProcessGuid": "{C784477D-ED06-6543-3706-000000004800}", "ParentCommandLine": "\"C:\\Users\\george\\Desktop\\software.exe\"", "UtcTime": "1698950408", "User": "DESKTOP-B0T93D6\\george", "RuleName": "-", "Hashes": "MD5=23FB59AD1EB4BE42F91C3D58C63AC67B,SHA256=049425DAC929BAF288C44C981EF63417D097FB95F5199C9F33E5EF5E2EC20590,IMPHASH=F34D5F2D4577ED6D9CEEC516C1F5A744", "Image": "C:\\Users\\george\\AppData\\Roaming\\Microsoft\\Windows\\Start Menu\\Programs\\Startup\\calc.exe", "OriginalFileName": "og6FngpzGGpU"}}, {"values": {"ParentImage": "C:\\Windows\\explorer.exe", "FileVersion": "4.5.0.0", "ParentProcessId": "4912", "CurrentDirectory": "C:\\Users\\george\\AppData\\Roaming\\Microsoft\\Windows\\Start Menu\\Programs\\Startup\\", "CommandLine": "\"C:\\Users\\george\\AppData\\Roaming\\Microsoft\\Windows\\Start Menu\\Programs\\Startup\\calc.exe\" ", "TerminalSessionId": "1", "ProcessGuid": "{C784477D-ED14-6543-7906-000000004800}", "LogonId": "249213", "EventID": "1", "ProcessId": "7688", "Product": "su6IEmyYk0r7", "LogonGuid": "C784477D-AA41-6535-7DCD-030000000000", "Description": "Memory Operator", "Company": "fnEy93lTHQhB HhG1dlBEFZ81", "IntegrityLevel": "Medium", "ParentProcessGuid": "{C784477D-AA42-6535-6A00-000000004800}", "ParentCommandLine": "C:\\Windows\\Explorer.EXE", "UtcTime": "1698950420", "User": "DESKTOP-B0T93D6\\george", "RuleName": "-", "Hashes": "MD5=23FB59AD1EB4BE42F91C3D58C63AC67B,SHA256=049425DAC929BAF288C44C981EF63417D097FB95F5199C9F33E5EF5E2EC20590,IMPHASH=F34D5F2D4577ED6D9CEEC516C1F5A744", "Image": "C:\\Users\\george\\AppData\\Roaming\\Microsoft\\Windows\\Start Menu\\Programs\\Startup\\calc.exe", "OriginalFileName": "og6FngpzGGpU"}}], "rule_level": "high", "rule_id": "379786e3d43f4df15525494f022a5e59f58acf961a0f2536f20ae374717a9fa0", "rule_source": "Sigma Integrated Rule Set (GitHub)", "rule_title": "Suspicious Calculator Usage", "rule_description": "Detects suspicious use of 'calc.exe' with command line parameters or in a suspicious directory, which is likely caused by some PoC or detection evasion", "rule_author": "Florian Roth (Nextron Systems)"}, {"match_context": [{"values": {"EventID": "1026", "Data": "[Application: calc.exe\nFramework Version: v4.0.30319\nDescription: The process was terminated due to an unhandled exception.\nException Info: System.IO.PathTooLongException\n   at System.IO.Path.LegacyNormalizePath(System.String, Boolean, Int32, Boolean)\n   at System.IO.Path.InternalGetDirectoryName(System.String)\n   at System.IO.FileSystemEnumerableIterator`1[[System.__Canon, mscorlib, Version=4.0.0.0, Culture=neutral, PublicKeyToken=b77a5c561934e089]]..ctor(System.String, System.String, System.String, System.IO.SearchOption, System.IO.SearchResultHandler`1<System.__Canon>, Boolean)\n   at System.IO.Directory.GetFiles(System.String, System.String)\n   at XgZnpmKvefMQngj.QgTYQdhquFvcZeG+iCLVGknuMjax.WalkDirectoryTree(System.String)\n   at XgZnpmKvefMQngj.QgTYQdhquFvcZeG+iCLVGknuMjax.WalkDirectoryTree(System.String)\n   at XgZnpmKvefMQngj.QgTYQdhquFvcZeG+iCLVGknuMjax.WalkDirectoryTree(System.String)\n   at XgZnpmKvefMQngj.QgTYQdhquFvcZeG+iCLVGknuMjax.WalkDirectoryTree(System.String)\n   at XgZnpmKvefMQngj.QgTYQdhquFvcZeG+iCLVGknuMjax.WalkDirectoryTree(System.String)\n   at XgZnpmKvefMQngj.QgTYQdhquFvcZeG+iCLVGknuMjax.WalkDirectoryTree(System.String)\n   at XgZnpmKvefMQngj.QgTYQdhquFvcZeG+iCLVGknuMjax.WalkDirectoryTree(System.String)\n   at XgZnpmKvefMQngj.QgTYQdhquFvcZeG+iCLVGknuMjax.WalkDirectoryTree(System.String)\n   at XgZnpmKvefMQngj.QgTYQdhquFvcZeG+iCLVGknuMjax.WalkDirectoryTree(System.String)\n   at XgZnpmKvefMQngj.QgTYQdhquFvcZeG+iCLVGknuMjax.WalkDirectoryTree(System.String)\n   at XgZnpmKvefMQngj.QgTYQdhquFvcZeG+iCLVGknuMjax.WalkDirectoryTree(System.String)\n   at XgZnpmKvefMQngj.QgTYQdhquFvcZeG+iCLVGknuMjax.WalkDirectoryTree(System.String)\n   at XgZnpmKvefMQngj.QgTYQdhquFvcZeG+iCLVGknuMjax.WalkDirectoryTree(System.String)\n   at XgZnpmKvefMQngj.QgTYQdhquFvcZeG+iCLVGknuMjax.WalkDirectoryTree(System.String)\n   at XgZnpmKvefMQngj.QgTYQdhquFvcZeG+iCLVGknuMjax.WalkDirectoryTree(System.String)\n   at XgZnpmKvefMQngj.QgTYQdhquFvcZeG+iCLVGknuMjax.WalkDirectoryTree(System.String)\n   at XgZnpmKvefMQngj.QgTYQdhquFvcZeG.jvHuhEMMUAT(System.String, System.String[], System.String, System.String[], System.String)\n   at XgZnpmKvefMQngj.QgTYQdhquFvcZeG+gWEYLYpJWBCxFf.<Crypt>b__7()\n   at System.Threading.ExecutionContext.RunInternal(System.Threading.ExecutionContext, System.Threading.ContextCallback, System.Object, Boolean)\n   at System.Threading.ExecutionContext.Run(System.Threading.ExecutionContext, System.Threading.ContextCallback, System.Object, Boolean)\n   at System.Threading.ExecutionContext.Run(System.Threading.ExecutionContext, System.Threading.ContextCallback, System.Object)\n   at System.Threading.ThreadHelper.ThreadStart()\n\n]"}}], "rule_level": "high", "rule_id": "39e7fb552f1143dc6ba79ca293aaea514c20448ec6241a53cf150f29298b942d", "rule_source": "Sigma Integrated Rule Set (GitHub)", "rule_title": "Relevant Anti-Virus Event", "rule_description": "This detection method points out highly relevant Antivirus events", "rule_author": "Florian Roth (Nextron Systems), Arnim Rupp"}, {"match_context": [{"values": {"ParentImage": "C:\\Users\\george\\AppData\\Roaming\\Microsoft\\Windows\\Start Menu\\Programs\\Startup\\calc.exe", "FileVersion": "10.0.17134.1 (WinBuild.160101.0800)", "ParentProcessId": "8024", "CurrentDirectory": "C:\\Users\\george\\Desktop\\", "CommandLine": "\"net.exe\" stop McAfeeDLPAgentService /y", "TerminalSessionId": "1", "ProcessGuid": "{C784477D-ED09-6543-4006-000000004800}", "LogonId": "249135", "EventID": "1", "ProcessId": "7304", "Product": "Microsoft\\xae Windows\\xae Operating System", "LogonGuid": "C784477D-AA41-6535-2FCD-030000000000", "Description": "Net Command", "Company": "Microsoft Corporation", "IntegrityLevel": "High", "ParentProcessGuid": "{C784477D-ED08-6543-3906-000000004800}", "ParentCommandLine": "\"C:\\Users\\george\\AppData\\Roaming\\Microsoft\\Windows\\Start Menu\\Programs\\Startup\\calc.exe\" ", "UtcTime": "1698950409", "User": "DESKTOP-B0T93D6\\george", "RuleName": "-", "Hashes": "MD5=15534275EDAABC58159DD0F8607A71E5,SHA256=E9739D544EE0D428696036CBD656C41DCC505B67CC43DBA7C6BEC4E3959282AC,IMPHASH=EB2C2924EA23E1A5FB0E3F53F46CB709", "Image": "C:\\Windows\\System32\\net.exe", "OriginalFileName": "net.exe"}}, {"values": {"ParentImage": "C:\\Windows\\System32\\net.exe", "FileVersion": "10.0.17134.1 (WinBuild.160101.0800)", "ParentProcessId": "7304", "CurrentDirectory": "C:\\Users\\george\\Desktop\\", "CommandLine": "C:\\Windows\\system32\\net1 stop McAfeeDLPAgentService /y", "TerminalSessionId": "1", "ProcessGuid": "{C784477D-ED09-6543-4206-000000004800}", "LogonId": "249135", "EventID": "1", "ProcessId": "7496", "Product": "Microsoft\\xae Windows\\xae Operating System", "LogonGuid": "C784477D-AA41-6535-2FCD-030000000000", "Description": "Net Command", "Company": "Microsoft Corporation", "IntegrityLevel": "High", "ParentProcessGuid": "{C784477D-ED09-6543-4006-000000004800}", "ParentCommandLine": "\"net.exe\" stop McAfeeDLPAgentService /y", "UtcTime": "1698950409", "User": "DESKTOP-B0T93D6\\george", "RuleName": "-", "Hashes": "MD5=AF569DE92AB6C1B9C681AF1E799F9983,SHA256=FFC30745BE3B6C2771FC4B2993CFF50B5226B271C412467E97B1DC1086DEA888,IMPHASH=5322AC1A3CFF9C8A2AE16A789E26231E", "Image": "C:\\Windows\\System32\\net1.exe", "OriginalFileName": "net1.exe"}}, {"values": {"ParentImage": "C:\\Users\\george\\AppData\\Roaming\\Microsoft\\Windows\\Start Menu\\Programs\\Startup\\calc.exe", "FileVersion": "10.0.17134.1 (WinBuild.160101.0800)", "ParentProcessId": "8024", "CurrentDirectory": "C:\\Users\\george\\Desktop\\", "CommandLine": "\"net.exe\" stop mfewc /y", "TerminalSessionId": "1", "ProcessGuid": "{C784477D-ED09-6543-4306-000000004800}", "LogonId": "249135", "EventID": "1", "ProcessId": "7600", "Product": "Microsoft\\xae Windows\\xae Operating System", "LogonGuid": "C784477D-AA41-6535-2FCD-030000000000", "Description": "Net Command", "Company": "Microsoft Corporation", "IntegrityLevel": "High", "ParentProcessGuid": "{C784477D-ED08-6543-3906-000000004800}", "ParentCommandLine": "\"C:\\Users\\george\\AppData\\Roaming\\Microsoft\\Windows\\Start Menu\\Programs\\Startup\\calc.exe\" ", "UtcTime": "1698950409", "User": "DESKTOP-B0T93D6\\george", "RuleName": "-", "Hashes": "MD5=15534275EDAABC58159DD0F8607A71E5,SHA256=E9739D544EE0D428696036CBD656C41DCC505B67CC43DBA7C6BEC4E3959282AC,IMPHASH=EB2C2924EA23E1A5FB0E3F53F46CB709", "Image": "C:\\Windows\\System32\\net.exe", "OriginalFileName": "net.exe"}}, {"values": {"ParentImage": "C:\\Windows\\System32\\net.exe", "FileVersion": "10.0.17134.1 (WinBuild.160101.0800)", "ParentProcessId": "7600", "CurrentDirectory": "C:\\Users\\george\\Desktop\\", "CommandLine": "C:\\Windows\\system32\\net1 stop mfewc /y", "TerminalSessionId": "1", "ProcessGuid": "{C784477D-ED0A-6543-4506-000000004800}", "LogonId": "249135", "EventID": "1", "ProcessId": "3640", "Product": "Microsoft\\xae Windows\\xae Operating System", "LogonGuid": "C784477D-AA41-6535-2FCD-030000000000", "Description": "Net Command", "Company": "Microsoft Corporation", "IntegrityLevel": "High", "ParentProcessGuid": "{C784477D-ED09-6543-4306-000000004800}", "ParentCommandLine": "\"net.exe\" stop mfewc /y", "UtcTime": "1698950410", "User": "DESKTOP-B0T93D6\\george", "RuleName": "-", "Hashes": "MD5=AF569DE92AB6C1B9C681AF1E799F9983,SHA256=FFC30745BE3B6C2771FC4B2993CFF50B5226B271C412467E97B1DC1086DEA888,IMPHASH=5322AC1A3CFF9C8A2AE16A789E26231E", "Image": "C:\\Windows\\System32\\net1.exe", "OriginalFileName": "net1.exe"}}, {"values": {"ParentImage": "C:\\Users\\george\\AppData\\Roaming\\Microsoft\\Windows\\Start Menu\\Programs\\Startup\\calc.exe", "FileVersion": "10.0.17134.1 (WinBuild.160101.0800)", "ParentProcessId": "7688", "CurrentDirectory": "C:\\Users\\george\\AppData\\Roaming\\Microsoft\\Windows\\Start Menu\\Programs\\Startup\\", "CommandLine": "\"net.exe\" stop McAfeeDLPAgentService /y", "TerminalSessionId": "1", "ProcessGuid": "{C784477D-ED15-6543-7D06-000000004800}", "LogonId": "249213", "EventID": "1", "ProcessId": "5116", "Product": "Microsoft\\xae Windows\\xae Operating System", "LogonGuid": "C784477D-AA41-6535-7DCD-030000000000", "Description": "Net Command", "Company": "Microsoft Corporation", "IntegrityLevel": "Medium", "ParentProcessGuid": "{C784477D-ED14-6543-7906-000000004800}", "ParentCommandLine": "\"C:\\Users\\george\\AppData\\Roaming\\Microsoft\\Windows\\Start Menu\\Programs\\Startup\\calc.exe\" ", "UtcTime": "1698950421", "User": "DESKTOP-B0T93D6\\george", "RuleName": "-", "Hashes": "MD5=15534275EDAABC58159DD0F8607A71E5,SHA256=E9739D544EE0D428696036CBD656C41DCC505B67CC43DBA7C6BEC4E3959282AC,IMPHASH=EB2C2924EA23E1A5FB0E3F53F46CB709", "Image": "C:\\Windows\\System32\\net.exe", "OriginalFileName": "net.exe"}}, {"values": {"ParentImage": "C:\\Windows\\System32\\net.exe", "FileVersion": "10.0.17134.1 (WinBuild.160101.0800)", "ParentProcessId": "5116", "CurrentDirectory": "C:\\Users\\george\\AppData\\Roaming\\Microsoft\\Windows\\Start Menu\\Programs\\Startup\\", "CommandLine": "C:\\Windows\\system32\\net1 stop McAfeeDLPAgentService /y", "TerminalSessionId": "1", "ProcessGuid": "{C784477D-ED15-6543-8106-000000004800}", "LogonId": "249213", "EventID": "1", "ProcessId": "2536", "Product": "Microsoft\\xae Windows\\xae Operating System", "LogonGuid": "C784477D-AA41-6535-7DCD-030000000000", "Description": "Net Command", "Company": "Microsoft Corporation", "IntegrityLevel": "Medium", "ParentProcessGuid": "{C784477D-ED15-6543-7D06-000000004800}", "ParentCommandLine": "\"net.exe\" stop McAfeeDLPAgentService /y", "UtcTime": "1698950421", "User": "DESKTOP-B0T93D6\\george", "RuleName": "-", "Hashes": "MD5=AF569DE92AB6C1B9C681AF1E799F9983,SHA256=FFC30745BE3B6C2771FC4B2993CFF50B5226B271C412467E97B1DC1086DEA888,IMPHASH=5322AC1A3CFF9C8A2AE16A789E26231E", "Image": "C:\\Windows\\System32\\net1.exe", "OriginalFileName": "net1.exe"}}, {"values": {"ParentImage": "C:\\Users\\george\\AppData\\Roaming\\Microsoft\\Windows\\Start Menu\\Programs\\Startup\\calc.exe", "FileVersion": "10.0.17134.1 (WinBuild.160101.0800)", "ParentProcessId": "7688", "CurrentDirectory": "C:\\Users\\george\\AppData\\Roaming\\Microsoft\\Windows\\Start Menu\\Programs\\Startup\\", "CommandLine": "\"net.exe\" stop mfewc /y", "TerminalSessionId": "1", "ProcessGuid": "{C784477D-ED16-6543-8206-000000004800}", "LogonId": "249213", "EventID": "1", "ProcessId": "7924", "Product": "Microsoft\\xae Windows\\xae Operating System", "LogonGuid": "C784477D-AA41-6535-7DCD-030000000000", "Description": "Net Command", "Company": "Microsoft Corporation", "IntegrityLevel": "Medium", "ParentProcessGuid": "{C784477D-ED14-6543-7906-000000004800}", "ParentCommandLine": "\"C:\\Users\\george\\AppData\\Roaming\\Microsoft\\Windows\\Start Menu\\Programs\\Startup\\calc.exe\" ", "UtcTime": "1698950422", "User": "DESKTOP-B0T93D6\\george", "RuleName": "-", "Hashes": "MD5=15534275EDAABC58159DD0F8607A71E5,SHA256=E9739D544EE0D428696036CBD656C41DCC505B67CC43DBA7C6BEC4E3959282AC,IMPHASH=EB2C2924EA23E1A5FB0E3F53F46CB709", "Image": "C:\\Windows\\System32\\net.exe", "OriginalFileName": "net.exe"}}, {"values": {"ParentImage": "C:\\Windows\\System32\\net.exe", "FileVersion": "10.0.17134.1 (WinBuild.160101.0800)", "ParentProcessId": "7924", "CurrentDirectory": "C:\\Users\\george\\AppData\\Roaming\\Microsoft\\Windows\\Start Menu\\Programs\\Startup\\", "CommandLine": "C:\\Windows\\system32\\net1 stop mfewc /y", "TerminalSessionId": "1", "ProcessGuid": "{C784477D-ED16-6543-8406-000000004800}", "LogonId": "249213", "EventID": "1", "ProcessId": "4092", "Product": "Microsoft\\xae Windows\\xae Operating System", "LogonGuid": "C784477D-AA41-6535-7DCD-030000000000", "Description": "Net Command", "Company": "Microsoft Corporation", "IntegrityLevel": "Medium", "ParentProcessGuid": "{C784477D-ED16-6543-8206-000000004800}", "ParentCommandLine": "\"net.exe\" stop mfewc /y", "UtcTime": "1698950422", "User": "DESKTOP-B0T93D6\\george", "RuleName": "-", "Hashes": "MD5=AF569DE92AB6C1B9C681AF1E799F9983,SHA256=FFC30745BE3B6C2771FC4B2993CFF50B5226B271C412467E97B1DC1086DEA888,IMPHASH=5322AC1A3CFF9C8A2AE16A789E26231E", "Image": "C:\\Windows\\System32\\net1.exe", "OriginalFileName": "net1.exe"}}], "rule_level": "high", "rule_id": "941abf5111763a135c88b4f6437475eb4c99e8d4c3ebdb4b74e30321695b0fa7", "rule_source": "Sigma Integrated Rule Set (GitHub)", "rule_title": "Suspicious Windows Service Tampering", "rule_description": "Detects the usage of binaries such as 'net', 'sc' or 'powershell' in order to stop, pause or delete critical or important Windows services such as AV, Backup, etc. As seen being used in some ransomware scripts", "rule_author": "Nasreddine Bencherchali (Nextron Systems), frack113"}, {"match_context": [{"values": {"ParentImage": "C:\\Users\\george\\AppData\\Roaming\\Microsoft\\Windows\\Start Menu\\Programs\\Startup\\calc.exe", "FileVersion": "10.0.17134.1 (WinBuild.160101.0800)", "ParentProcessId": "8024", "CurrentDirectory": "C:\\Users\\george\\Desktop\\", "CommandLine": "\"vssadmin.exe\" Delete Shadows /all /quiet", "TerminalSessionId": "1", "ProcessGuid": "{C784477D-ED0E-6543-5A06-000000004800}", "LogonId": "249135", "EventID": "1", "ProcessId": "8176", "Product": "Microsoft\\xae Windows\\xae Operating System", "LogonGuid": "C784477D-AA41-6535-2FCD-030000000000", "Description": "Command Line Interface for Microsoft\\xae Volume Shadow Copy Service ", "Company": "Microsoft Corporation", "IntegrityLevel": "High", "ParentProcessGuid": "{C784477D-ED08-6543-3906-000000004800}", "ParentCommandLine": "\"C:\\Users\\george\\AppData\\Roaming\\Microsoft\\Windows\\Start Menu\\Programs\\Startup\\calc.exe\" ", "UtcTime": "1698950414", "User": "DESKTOP-B0T93D6\\george", "RuleName": "-", "Hashes": "MD5=47D51216EF45075B5F7EAA117CC70E40,SHA256=C946C4EDA61355A1B8E134E7A184A15C9A358B9675B6172A83E4937AE9EF4B03,IMPHASH=C1EDC431CD345F0A0F32019895D13FCE", "Image": "C:\\Windows\\System32\\vssadmin.exe", "OriginalFileName": "VSSADMIN.EXE"}}, {"values": {"ParentImage": "C:\\Users\\george\\AppData\\Roaming\\Microsoft\\Windows\\Start Menu\\Programs\\Startup\\calc.exe", "FileVersion": "10.0.17134.1 (WinBuild.160101.0800)", "ParentProcessId": "8024", "CurrentDirectory": "C:\\Users\\george\\Desktop\\", "CommandLine": "\"vssadmin.exe\" resize shadowstorage /for=c: /on=c: /maxsize=401MB", "TerminalSessionId": "1", "ProcessGuid": "{C784477D-ED0F-6543-5E06-000000004800}", "LogonId": "249135", "EventID": "1", "ProcessId": "664", "Product": "Microsoft\\xae Windows\\xae Operating System", "LogonGuid": "C784477D-AA41-6535-2FCD-030000000000", "Description": "Command Line Interface for Microsoft\\xae Volume Shadow Copy Service ", "Company": "Microsoft Corporation", "IntegrityLevel": "High", "ParentProcessGuid": "{C784477D-ED08-6543-3906-000000004800}", "ParentCommandLine": "\"C:\\Users\\george\\AppData\\Roaming\\Microsoft\\Windows\\Start Menu\\Programs\\Startup\\calc.exe\" ", "UtcTime": "1698950415", "User": "DESKTOP-B0T93D6\\george", "RuleName": "-", "Hashes": "MD5=47D51216EF45075B5F7EAA117CC70E40,SHA256=C946C4EDA61355A1B8E134E7A184A15C9A358B9675B6172A83E4937AE9EF4B03,IMPHASH=C1EDC431CD345F0A0F32019895D13FCE", "Image": "C:\\Windows\\System32\\vssadmin.exe", "OriginalFileName": "VSSADMIN.EXE"}}, {"values": {"ParentImage": "C:\\Users\\george\\AppData\\Roaming\\Microsoft\\Windows\\Start Menu\\Programs\\Startup\\calc.exe", "FileVersion": "10.0.17134.1 (WinBuild.160101.0800)", "ParentProcessId": "8024", "CurrentDirectory": "C:\\Users\\george\\Desktop\\", "CommandLine": "\"vssadmin.exe\" resize shadowstorage /for=c: /on=c: /maxsize=unbounded", "TerminalSessionId": "1", "ProcessGuid": "{C784477D-ED0F-6543-6006-000000004800}", "LogonId": "249135", "EventID": "1", "ProcessId": "2128", "Product": "Microsoft\\xae Windows\\xae Operating System", "LogonGuid": "C784477D-AA41-6535-2FCD-030000000000", "Description": "Command Line Interface for Microsoft\\xae Volume Shadow Copy Service ", "Company": "Microsoft Corporation", "IntegrityLevel": "High", "ParentProcessGuid": "{C784477D-ED08-6543-3906-000000004800}", "ParentCommandLine": "\"C:\\Users\\george\\AppData\\Roaming\\Microsoft\\Windows\\Start Menu\\Programs\\Startup\\calc.exe\" ", "UtcTime": "1698950415", "User": "DESKTOP-B0T93D6\\george", "RuleName": "-", "Hashes": "MD5=47D51216EF45075B5F7EAA117CC70E40,SHA256=C946C4EDA61355A1B8E134E7A184A15C9A358B9675B6172A83E4937AE9EF4B03,IMPHASH=C1EDC431CD345F0A0F32019895D13FCE", "Image": "C:\\Windows\\System32\\vssadmin.exe", "OriginalFileName": "VSSADMIN.EXE"}}, {"values": {"ParentImage": "C:\\Users\\george\\AppData\\Roaming\\Microsoft\\Windows\\Start Menu\\Programs\\Startup\\calc.exe", "FileVersion": "10.0.17134.1 (WinBuild.160101.0800)", "ParentProcessId": "8024", "CurrentDirectory": "C:\\Users\\george\\Desktop\\", "CommandLine": "\"vssadmin.exe\" resize shadowstorage /for=d: /on=d: /maxsize=401MB", "TerminalSessionId": "1", "ProcessGuid": "{C784477D-ED0F-6543-6206-000000004800}", "LogonId": "249135", "EventID": "1", "ProcessId": "6344", "Product": "Microsoft\\xae Windows\\xae Operating System", "LogonGuid": "C784477D-AA41-6535-2FCD-030000000000", "Description": "Command Line Interface for Microsoft\\xae Volume Shadow Copy Service ", "Company": "Microsoft Corporation", "IntegrityLevel": "High", "ParentProcessGuid": "{C784477D-ED08-6543-3906-000000004800}", "ParentCommandLine": "\"C:\\Users\\george\\AppData\\Roaming\\Microsoft\\Windows\\Start Menu\\Programs\\Startup\\calc.exe\" ", "UtcTime": "1698950415", "User": "DESKTOP-B0T93D6\\george", "RuleName": "-", "Hashes": "MD5=47D51216EF45075B5F7EAA117CC70E40,SHA256=C946C4EDA61355A1B8E134E7A184A15C9A358B9675B6172A83E4937AE9EF4B03,IMPHASH=C1EDC431CD345F0A0F32019895D13FCE", "Image": "C:\\Windows\\System32\\vssadmin.exe", "OriginalFileName": "VSSADMIN.EXE"}}, {"values": {"ParentImage": "C:\\Users\\george\\AppData\\Roaming\\Microsoft\\Windows\\Start Menu\\Programs\\Startup\\calc.exe", "FileVersion": "10.0.17134.1 (WinBuild.160101.0800)", "ParentProcessId": "8024", "CurrentDirectory": "C:\\Users\\george\\Desktop\\", "CommandLine": "\"vssadmin.exe\" resize shadowstorage /for=d: /on=d: /maxsize=unbounded", "TerminalSessionId": "1", "ProcessGuid": "{C784477D-ED10-6543-6406-000000004800}", "LogonId": "249135", "EventID": "1", "ProcessId": "1428", "Product": "Microsoft\\xae Windows\\xae Operating System", "LogonGuid": "C784477D-AA41-6535-2FCD-030000000000", "Description": "Command Line Interface for Microsoft\\xae Volume Shadow Copy Service ", "Company": "Microsoft Corporation", "IntegrityLevel": "High", "ParentProcessGuid": "{C784477D-ED08-6543-3906-000000004800}", "ParentCommandLine": "\"C:\\Users\\george\\AppData\\Roaming\\Microsoft\\Windows\\Start Menu\\Programs\\Startup\\calc.exe\" ", "UtcTime": "1698950416", "User": "DESKTOP-B0T93D6\\george", "RuleName": "-", "Hashes": "MD5=47D51216EF45075B5F7EAA117CC70E40,SHA256=C946C4EDA61355A1B8E134E7A184A15C9A358B9675B6172A83E4937AE9EF4B03,IMPHASH=C1EDC431CD345F0A0F32019895D13FCE", "Image": "C:\\Windows\\System32\\vssadmin.exe", "OriginalFileName": "VSSADMIN.EXE"}}, {"values": {"ParentImage": "C:\\Users\\george\\AppData\\Roaming\\Microsoft\\Windows\\Start Menu\\Programs\\Startup\\calc.exe", "FileVersion": "10.0.17134.1 (WinBuild.160101.0800)", "ParentProcessId": "8024", "CurrentDirectory": "C:\\Users\\george\\Desktop\\", "CommandLine": "\"vssadmin.exe\" resize shadowstorage /for=e: /on=e: /maxsize=401MB", "TerminalSessionId": "1", "ProcessGuid": "{C784477D-ED10-6543-6606-000000004800}", "LogonId": "249135", "EventID": "1", "ProcessId": "8128", "Product": "Microsoft\\xae Windows\\xae Operating System", "LogonGuid": "C784477D-AA41-6535-2FCD-030000000000", "Description": "Command Line Interface for Microsoft\\xae Volume Shadow Copy Service ", "Company": "Microsoft Corporation", "IntegrityLevel": "High", "ParentProcessGuid": "{C784477D-ED08-6543-3906-000000004800}", "ParentCommandLine": "\"C:\\Users\\george\\AppData\\Roaming\\Microsoft\\Windows\\Start Menu\\Programs\\Startup\\calc.exe\" ", "UtcTime": "1698950416", "User": "DESKTOP-B0T93D6\\george", "RuleName": "-", "Hashes": "MD5=47D51216EF45075B5F7EAA117CC70E40,SHA256=C946C4EDA61355A1B8E134E7A184A15C9A358B9675B6172A83E4937AE9EF4B03,IMPHASH=C1EDC431CD345F0A0F32019895D13FCE", "Image": "C:\\Windows\\System32\\vssadmin.exe", "OriginalFileName": "VSSADMIN.EXE"}}, 