{"values": {"ParentImage": "C:\\Windows\\System32\\net.exe", "FileVersion": "10.0.17134.1 (WinBuild.160101.0800)", "ParentProcessId": "3664", "CurrentDirectory": "C:\\Users\\george\\Desktop\\", "CommandLine": "C:\\Windows\\system32\\net1 stop BMR Boot Service /y", "TerminalSessionId": "1", "ProcessGuid": "{C784477D-ED0A-6543-4806-000000004800}", "LogonId": "249135", "EventID": "1", "ProcessId": "7720", "Product": "Microsoft\\xae Windows\\xae Operating System", "LogonGuid": "C784477D-AA41-6535-2FCD-030000000000", "Description": "Net Command", "Company": "Microsoft Corporation", "IntegrityLevel": "High", "ParentProcessGuid": "{C784477D-ED0A-6543-4606-000000004800}", "ParentCommandLine": "\"net.exe\" stop BMR Boot Service /y", "UtcTime": "1698950410", "User": "DESKTOP-B0T93D6\\george", "RuleName": "-", "Hashes": "MD5=AF569DE92AB6C1B9C681AF1E799F9983,SHA256=FFC30745BE3B6C2771FC4B2993CFF50B5226B271C412467E97B1DC1086DEA888,IMPHASH=5322AC1A3CFF9C8A2AE16A789E26231E", "Image": "C:\\Windows\\System32\\net1.exe", "OriginalFileName": "net1.exe"}}, {"values": {"ParentImage": "C:\\Users\\george\\AppData\\Roaming\\Microsoft\\Windows\\Start Menu\\Programs\\Startup\\calc.exe", "FileVersion": "10.0.17134.1 (WinBuild.160101.0800)", "ParentProcessId": "8024", "CurrentDirectory": "C:\\Users\\george\\Desktop\\", "CommandLine": "\"net.exe\" stop NetBackup BMR MTFTP Service /y", "TerminalSessionId": "1", "ProcessGuid": "{C784477D-ED0B-6543-4906-000000004800}", "LogonId": "249135", "EventID": "1", "ProcessId": "7776", "Product": "Microsoft\\xae Windows\\xae Operating System", "LogonGuid": "C784477D-AA41-6535-2FCD-030000000000", "Description": "Net Command", "Company": "Microsoft Corporation", "IntegrityLevel": "High", "ParentProcessGuid": "{C784477D-ED08-6543-3906-000000004800}", "ParentCommandLine": "\"C:\\Users\\george\\AppData\\Roaming\\Microsoft\\Windows\\Start Menu\\Programs\\Startup\\calc.exe\" ", "UtcTime": "1698950411", "User": "DESKTOP-B0T93D6\\george", "RuleName": "-", "Hashes": "MD5=15534275EDAABC58159DD0F8607A71E5,SHA256=E9739D544EE0D428696036CBD656C41DCC505B67CC43DBA7C6BEC4E3959282AC,IMPHASH=EB2C2924EA23E1A5FB0E3F53F46CB709", "Image": "C:\\Windows\\System32\\net.exe", "OriginalFileName": "net.exe"}}, {"values": {"ParentImage": "C:\\Windows\\System32\\net.exe", "FileVersion": "10.0.17134.1 (WinBuild.160101.0800)", "ParentProcessId": "7776", "CurrentDirectory": "C:\\Users\\george\\Desktop\\", "CommandLine": "C:\\Windows\\system32\\net1 stop NetBackup BMR MTFTP Service /y", "TerminalSessionId": "1", "ProcessGuid": "{C784477D-ED0B-6543-4B06-000000004800}", "LogonId": "249135", "EventID": "1", "ProcessId": "6344", "Product": "Microsoft\\xae Windows\\xae Operating System", "LogonGuid": "C784477D-AA41-6535-2FCD-030000000000", "Description": "Net Command", "Company": "Microsoft Corporation", "IntegrityLevel": "High", "ParentProcessGuid": "{C784477D-ED0B-6543-4906-000000004800}", "ParentCommandLine": "\"net.exe\" stop NetBackup BMR MTFTP Service /y", "UtcTime": "1698950411", "User": "DESKTOP-B0T93D6\\george", "RuleName": "-", "Hashes": "MD5=AF569DE92AB6C1B9C681AF1E799F9983,SHA256=FFC30745BE3B6C2771FC4B2993CFF50B5226B271C412467E97B1DC1086DEA888,IMPHASH=5322AC1A3CFF9C8A2AE16A789E26231E", "Image": "C:\\Windows\\System32\\net1.exe", "OriginalFileName": "net1.exe"}}, {"values": {"ParentImage": "C:\\Users\\george\\AppData\\Roaming\\Microsoft\\Windows\\Start Menu\\Programs\\Startup\\calc.exe", "FileVersion": "10.0.17134.1 (WinBuild.160101.0800)", "ParentProcessId": "7688", "CurrentDirectory": "C:\\Users\\george\\AppData\\Roaming\\Microsoft\\Windows\\Start Menu\\Programs\\Startup\\", "CommandLine": "\"net.exe\" stop avpsus /y", "TerminalSessionId": "1", "ProcessGuid": "{C784477D-ED14-6543-7A06-000000004800}", "LogonId": "249213", "EventID": "1", "ProcessId": "7660", "Product": "Microsoft\\xae Windows\\xae Operating System", "LogonGuid": "C784477D-AA41-6535-7DCD-030000000000", "Description": "Net Command", "Company": "Microsoft Corporation", "IntegrityLevel": "Medium", "ParentProcessGuid": "{C784477D-ED14-6543-7906-000000004800}", "ParentCommandLine": "\"C:\\Users\\george\\AppData\\Roaming\\Microsoft\\Windows\\Start Menu\\Programs\\Startup\\calc.exe\" ", "UtcTime": "1698950420", "User": "DESKTOP-B0T93D6\\george", "RuleName": "-", "Hashes": "MD5=15534275EDAABC58159DD0F8607A71E5,SHA256=E9739D544EE0D428696036CBD656C41DCC505B67CC43DBA7C6BEC4E3959282AC,IMPHASH=EB2C2924EA23E1A5FB0E3F53F46CB709", "Image": "C:\\Windows\\System32\\net.exe", "OriginalFileName": "net.exe"}}, {"values": {"ParentImage": "C:\\Windows\\System32\\net.exe", "FileVersion": "10.0.17134.1 (WinBuild.160101.0800)", "ParentProcessId": "7660", "CurrentDirectory": "C:\\Users\\george\\AppData\\Roaming\\Microsoft\\Windows\\Start Menu\\Programs\\Startup\\", "CommandLine": "C:\\Windows\\system32\\net1 stop avpsus /y", "TerminalSessionId": "1", "ProcessGuid": "{C784477D-ED14-6543-7C06-000000004800}", "LogonId": "249213", "EventID": "1", "ProcessId": "4000", "Product": "Microsoft\\xae Windows\\xae Operating System", "LogonGuid": "C784477D-AA41-6535-7DCD-030000000000", "Description": "Net Command", "Company": "Microsoft Corporation", "IntegrityLevel": "Medium", "ParentProcessGuid": "{C784477D-ED14-6543-7A06-000000004800}", "ParentCommandLine": "\"net.exe\" stop avpsus /y", "UtcTime": "1698950420", "User": "DESKTOP-B0T93D6\\george", "RuleName": "-", "Hashes": "MD5=AF569DE92AB6C1B9C681AF1E799F9983,SHA256=FFC30745BE3B6C2771FC4B2993CFF50B5226B271C412467E97B1DC1086DEA888,IMPHASH=5322AC1A3CFF9C8A2AE16A789E26231E", "Image": "C:\\Windows\\System32\\net1.exe", "OriginalFileName": "net1.exe"}}, {"values": {"ParentImage": "C:\\Users\\george\\AppData\\Roaming\\Microsoft\\Windows\\Start Menu\\Programs\\Startup\\calc.exe", "FileVersion": "10.0.17134.1 (WinBuild.160101.0800)", "ParentProcessId": "7688", "CurrentDirectory": "C:\\Users\\george\\AppData\\Roaming\\Microsoft\\Windows\\Start Menu\\Programs\\Startup\\", "CommandLine": "\"net.exe\" stop McAfeeDLPAgentService /y", "TerminalSessionId": "1", "ProcessGuid": "{C784477D-ED15-6543-7D06-000000004800}", "LogonId": "249213", "EventID": "1", "ProcessId": "5116", "Product": "Microsoft\\xae Windows\\xae Operating System", "LogonGuid": "C784477D-AA41-6535-7DCD-030000000000", "Description": "Net Command", "Company": "Microsoft Corporation", "IntegrityLevel": "Medium", "ParentProcessGuid": "{C784477D-ED14-6543-7906-000000004800}", "ParentCommandLine": "\"C:\\Users\\george\\AppData\\Roaming\\Microsoft\\Windows\\Start Menu\\Programs\\Startup\\calc.exe\" ", "UtcTime": "1698950421", "User": "DESKTOP-B0T93D6\\george", "RuleName": "-", "Hashes": "MD5=15534275EDAABC58159DD0F8607A71E5,SHA256=E9739D544EE0D428696036CBD656C41DCC505B67CC43DBA7C6BEC4E3959282AC,IMPHASH=EB2C2924EA23E1A5FB0E3F53F46CB709", "Image": "C:\\Windows\\System32\\net.exe", "OriginalFileName": "net.exe"}}, {"values": {"ParentImage": "C:\\Windows\\System32\\net.exe", "FileVersion": "10.0.17134.1 (WinBuild.160101.0800)", "ParentProcessId": "5116", "CurrentDirectory": "C:\\Users\\george\\AppData\\Roaming\\Microsoft\\Windows\\Start Menu\\Programs\\Startup\\", "CommandLine": "C:\\Windows\\system32\\net1 stop McAfeeDLPAgentService /y", "TerminalSessionId": "1", "ProcessGuid": "{C784477D-ED15-6543-8106-000000004800}", "LogonId": "249213", "EventID": "1", "ProcessId": "2536", "Product": "Microsoft\\xae Windows\\xae Operating System", "LogonGuid": "C784477D-AA41-6535-7DCD-030000000000", "Description": "Net Command", "Company": "Microsoft Corporation", "IntegrityLevel": "Medium", "ParentProcessGuid": "{C784477D-ED15-6543-7D06-000000004800}", "ParentCommandLine": "\"net.exe\" stop McAfeeDLPAgentService /y", "UtcTime": "1698950421", "User": "DESKTOP-B0T93D6\\george", "RuleName": "-", "Hashes": "MD5=AF569DE92AB6C1B9C681AF1E799F9983,SHA256=FFC30745BE3B6C2771FC4B2993CFF50B5226B271C412467E97B1DC1086DEA888,IMPHASH=5322AC1A3CFF9C8A2AE16A789E26231E", "Image": "C:\\Windows\\System32\\net1.exe", "OriginalFileName": "net1.exe"}}, {"values": {"ParentImage": "C:\\Users\\george\\AppData\\Roaming\\Microsoft\\Windows\\Start Menu\\Programs\\Startup\\calc.exe", "FileVersion": "10.0.17134.1 (WinBuild.160101.0800)", "ParentProcessId": "7688", "CurrentDirectory": "C:\\Users\\george\\AppData\\Roaming\\Microsoft\\Windows\\Start Menu\\Programs\\Startup\\", "CommandLine": "\"net.exe\" stop mfewc /y", "TerminalSessionId": "1", "ProcessGuid": "{C784477D-ED16-6543-8206-000000004800}", "LogonId": "249213", "EventID": "1", "ProcessId": "7924", "Product": "Microsoft\\xae Windows\\xae Operating System", "LogonGuid": "C784477D-AA41-6535-7DCD-030000000000", "Description": "Net Command", "Company": "Microsoft Corporation", "IntegrityLevel": "Medium", "ParentProcessGuid": "{C784477D-ED14-6543-7906-000000004800}", "ParentCommandLine": "\"C:\\Users\\george\\AppData\\Roaming\\Microsoft\\Windows\\Start Menu\\Programs\\Startup\\calc.exe\" ", "UtcTime": "1698950422", "User": "DESKTOP-B0T93D6\\george", "RuleName": "-", "Hashes": "MD5=15534275EDAABC58159DD0F8607A71E5,SHA256=E9739D544EE0D428696036CBD656C41DCC505B67CC43DBA7C6BEC4E3959282AC,IMPHASH=EB2C2924EA23E1A5FB0E3F53F46CB709", "Image": "C:\\Windows\\System32\\net.exe", "OriginalFileName": "net.exe"}}, {"values": {"ParentImage": "C:\\Windows\\System32\\net.exe", "FileVersion": "10.0.17134.1 (WinBuild.160101.0800)", "ParentProcessId": "7924", "CurrentDirectory": "C:\\Users\\george\\AppData\\Roaming\\Microsoft\\Windows\\Start Menu\\Programs\\Startup\\", "CommandLine": "C:\\Windows\\system32\\net1 stop mfewc /y", "TerminalSessionId": "1", "ProcessGuid": "{C784477D-ED16-6543-8406-000000004800}", "LogonId": "249213", "EventID": "1", "ProcessId": "4092", "Product": "Microsoft\\xae Windows\\xae Operating System", "LogonGuid": "C784477D-AA41-6535-7DCD-030000000000", "Description": "Net Command", "Company": "Microsoft Corporation", "IntegrityLevel": "Medium", "ParentProcessGuid": "{C784477D-ED16-6543-8206-000000004800}", "ParentCommandLine": "\"net.exe\" stop mfewc /y", "UtcTime": "1698950422", "User": "DESKTOP-B0T93D6\\george", "RuleName": "-", "Hashes": "MD5=AF569DE92AB6C1B9C681AF1E799F9983,SHA256=FFC30745BE3B6C2771FC4B2993CFF50B5226B271C412467E97B1DC1086DEA888,IMPHASH=5322AC1A3CFF9C8A2AE16A789E26231E", "Image": "C:\\Windows\\System32\\net1.exe", "OriginalFileName": "net1.exe"}}, {"values": {"ParentImage": "C:\\Users\\george\\AppData\\Roaming\\Microsoft\\Windows\\Start Menu\\Programs\\Startup\\calc.exe", "FileVersion": "10.0.17134.1 (WinBuild.160101.0800)", "ParentProcessId": "7688", "CurrentDirectory": "C:\\Users\\george\\AppData\\Roaming\\Microsoft\\Windows\\Start Menu\\Programs\\Startup\\", "CommandLine": "\"net.exe\" stop BMR Boot Service /y", "TerminalSessionId": "1", "ProcessGuid": "{C784477D-ED16-6543-8506-000000004800}", "LogonId": "249213", "EventID": "1", "ProcessId": "7888", "Product": "Microsoft\\xae Windows\\xae Operating System", "LogonGuid": "C784477D-AA41-6535-7DCD-030000000000", "Description": "Net Command", "Company": "Microsoft Corporation", "IntegrityLevel": "Medium", "ParentProcessGuid": "{C784477D-ED14-6543-7906-000000004800}", "ParentCommandLine": "\"C:\\Users\\george\\AppData\\Roaming\\Microsoft\\Windows\\Start Menu\\Programs\\Startup\\calc.exe\" ", "UtcTime": "1698950422", "User": "DESKTOP-B0T93D6\\george", "RuleName": "-", "Hashes": "MD5=15534275EDAABC58159DD0F8607A71E5,SHA256=E9739D544EE0D428696036CBD656C41DCC505B67CC43DBA7C6BEC4E3959282AC,IMPHASH=EB2C2924EA23E1A5FB0E3F53F46CB709", "Image": "C:\\Windows\\System32\\net.exe", "OriginalFileName": "net.exe"}}, {"values": {"ParentImage": "C:\\Windows\\System32\\net.exe", "FileVersion": "10.0.17134.1 (WinBuild.160101.0800)", "ParentProcessId": "7888", "CurrentDirectory": "C:\\Users\\george\\AppData\\Roaming\\Microsoft\\Windows\\Start Menu\\Programs\\Startup\\", "CommandLine": "C:\\Windows\\system32\\net1 stop BMR Boot Service /y", "TerminalSessionId": "1", "ProcessGuid": "{C784477D-ED16-6543-8706-000000004800}", "LogonId": "249213", "EventID": "1", "ProcessId": "2536", "Product": "Microsoft\\xae Windows\\xae Operating System", "LogonGuid": "C784477D-AA41-6535-7DCD-030000000000", "Description": "Net Command", "Company": "Microsoft Corporation", "IntegrityLevel": "Medium", "ParentProcessGuid": "{C784477D-ED16-6543-8506-000000004800}", "ParentCommandLine": "\"net.exe\" stop BMR Boot Service /y", "UtcTime": "1698950422", "User": "DESKTOP-B0T93D6\\george", "RuleName": "-", "Hashes": "MD5=AF569DE92AB6C1B9C681AF1E799F9983,SHA256=FFC30745BE3B6C2771FC4B2993CFF50B5226B271C412467E97B1DC1086DEA888,IMPHASH=5322AC1A3CFF9C8A2AE16A789E26231E", "Image": "C:\\Windows\\System32\\net1.exe", "OriginalFileName": "net1.exe"}}, {"values": {"ParentImage": "C:\\Users\\george\\AppData\\Roaming\\Microsoft\\Windows\\Start Menu\\Programs\\Startup\\calc.exe", "FileVersion": "10.0.17134.1 (WinBuild.160101.0800)", "ParentProcessId": "7688", "CurrentDirectory": "C:\\Users\\george\\AppData\\Roaming\\Microsoft\\Windows\\Start Menu\\Programs\\Startup\\", "CommandLine": "\"net.exe\" stop NetBackup BMR MTFTP Service /y", "TerminalSessionId": "1", "ProcessGuid": "{C784477D-ED16-6543-8806-000000004800}", "LogonId": "249213", "EventID": "1", "ProcessId": "8016", "Product": "Microsoft\\xae Windows\\xae Operating System", "LogonGuid": "C784477D-AA41-6535-7DCD-030000000000", "Description": "Net Command", "Company": "Microsoft Corporation", "IntegrityLevel": "Medium", "ParentProcessGuid": "{C784477D-ED14-6543-7906-000000004800}", "ParentCommandLine": "\"C:\\Users\\george\\AppData\\Roaming\\Microsoft\\Windows\\Start Menu\\Programs\\Startup\\calc.exe\" ", "UtcTime": "1698950422", "User": "DESKTOP-B0T93D6\\george", "RuleName": "-", "Hashes": "MD5=15534275EDAABC58159DD0F8607A71E5,SHA256=E9739D544EE0D428696036CBD656C41DCC505B67CC43DBA7C6BEC4E3959282AC,IMPHASH=EB2C2924EA23E1A5FB0E3F53F46CB709", "Image": "C:\\Windows\\System32\\net.exe", "OriginalFileName": "net.exe"}}, {"values": {"ParentImage": "C:\\Windows\\System32\\net.exe", "FileVersion": "10.0.17134.1 (WinBuild.160101.0800)", "ParentProcessId": "8016", "CurrentDirectory": "C:\\Users\\george\\AppData\\Roaming\\Microsoft\\Windows\\Start Menu\\Programs\\Startup\\", "CommandLine": "C:\\Windows\\system32\\net1 stop NetBackup BMR MTFTP Service /y", "TerminalSessionId": "1", "ProcessGuid": "{C784477D-ED16-6543-8B06-000000004800}", "LogonId": "249213", "EventID": "1", "ProcessId": "8412", "Product": "Microsoft\\xae Windows\\xae Operating System", "LogonGuid": "C784477D-AA41-6535-7DCD-030000000000", "Description": "Net Command", "Company": "Microsoft Corporation", "IntegrityLevel": "Medium", "ParentProcessGuid": "{C784477D-ED16-6543-8806-000000004800}", "ParentCommandLine": "\"net.exe\" stop NetBackup BMR MTFTP Service /y", "UtcTime": "1698950422", "User": "DESKTOP-B0T93D6\\george", "RuleName": "-", "Hashes": "MD5=AF569DE92AB6C1B9C681AF1E799F9983,SHA256=FFC30745BE3B6C2771FC4B2993CFF50B5226B271C412467E97B1DC1086DEA888,IMPHASH=5322AC1A3CFF9C8A2AE16A789E26231E", "Image": "C:\\Windows\\System32\\net1.exe", "OriginalFileName": "net1.exe"}}], "rule_level": "low", "rule_id": "5b84c64b930b911c8206935d6c61b2a128347a34d495da3ea3523cdf5397c3ef", "rule_source": "Sigma Integrated Rule Set (GitHub)", "rule_title": "Stop Windows Service Via Net.EXE", "rule_description": "Detects the stopping of a Windows service", "rule_author": "Jakob Weinzettl, oscd.community, Nasreddine Bencherchali (Nextron Systems)"}, {"match_context": [{"values": {"EventID": "11", "ProcessId": "8988", "Image": "C:\\Windows\\system32\\WerFault.exe", "ProcessGuid": "{C784477D-ED17-6543-9E06-000000004800}", "CreationUtcTime": "1698950423", "UtcTime": "1698950423", "RuleName": "-", "TargetFilename": "C:\\ProgramData\\Microsoft\\Windows\\WER\\Temp\\WEREB13.tmp.dmp"}}], "rule_level": "low", "rule_id": "67ee86b34b3617ea45dec0ef09b7a71a5f44f5c010ccc9139d92f49685996f49", "rule_source": "Sigma Integrated Rule Set (GitHub)", "rule_title": "DMP/HDMP File Creation", "rule_description": "Detects the creation of a file with the \".dmp\"/\".hdmp\" extension. Often created by software during a crash. Memory dumps can sometimes contain sensitive information such as credentials. It's best to determine the source of the crash.", "rule_author": "Nasreddine Bencherchali (Nextron Systems)"}, {"match_context": [{"values": {"EventID": "1", "CommandLine": "arp -a", "Image": "arp"}}], "rule_level": "low", "rule_id": "76a1e5bc5c7d4b95d8c382b4ecefb6a628ea4fba6cbf029fbb3cc32d36dcce57", "rule_source": "Sigma Integrated Rule Set (GitHub)", "rule_title": "Suspicious Network Command", "rule_description": "Adversaries may look for details about the network configuration and settings of systems they access or through information discovery of remote systems", "rule_author": "frack113, Christopher Peacock '@securepeacock', SCYTHE '@scythe_io'"}, {"match_context": [{"values": {"ParentImage": "C:\\Users\\george\\AppData\\Roaming\\Microsoft\\Windows\\Start Menu\\Programs\\Startup\\calc.exe", "FileVersion": "10.0.17134.1 (WinBuild.160101.0800)", "ParentProcessId": "8024", "CurrentDirectory": "C:\\Users\\george\\Desktop\\", "CommandLine": "\"net.exe\" stop avpsus /y", "TerminalSessionId": "1", "ProcessGuid": "{C784477D-ED08-6543-3C06-000000004800}", "LogonId": "249135", "EventID": "1", "ProcessId": "8076", "Product": "Microsoft\\xae Windows\\xae Operating System", "LogonGuid": "C784477D-AA41-6535-2FCD-030000000000", "Description": "Net Command", "Company": "Microsoft Corporation", "IntegrityLevel": "High", "ParentProcessGuid": "{C784477D-ED08-6543-3906-000000004800}", "ParentCommandLine": "\"C:\\Users\\george\\AppData\\Roaming\\Microsoft\\Windows\\Start Menu\\Programs\\Startup\\calc.exe\" ", "UtcTime": "1698950408", "User": "DESKTOP-B0T93D6\\george", "RuleName": "-", "Hashes": "MD5=15534275EDAABC58159DD0F8607A71E5,SHA256=E9739D544EE0D428696036CBD656C41DCC505B67CC43DBA7C6BEC4E3959282AC,IMPHASH=EB2C2924EA23E1A5FB0E3F53F46CB709", "Image": "C:\\Windows\\System32\\net.exe", "OriginalFileName": "net.exe"}}, {"values": {"ParentImage": "C:\\Windows\\System32\\net.exe", "FileVersion": "10.0.17134.1 (WinBuild.160101.0800)", "ParentProcessId": "8076", "CurrentDirectory": "C:\\Users\\george\\Desktop\\", "CommandLine": "C:\\Windows\\system32\\net1 stop avpsus /y", "TerminalSessionId": "1", "ProcessGuid": "{C784477D-ED09-6543-3F06-000000004800}", "LogonId": "249135", "EventID": "1", "ProcessId": "1368", "Product": "Microsoft\\xae Windows\\xae Operating System", "LogonGuid": "C784477D-AA41-6535-2FCD-030000000000", "Description": "Net Command", "Company": "Microsoft Corporation", "IntegrityLevel": "High", "ParentProcessGuid": "{C784477D-ED08-6543-3C06-000000004800}", "ParentCommandLine": "\"net.exe\" stop avpsus /y", "UtcTime": "1698950409", "User": "DESKTOP-B0T93D6\\george", "RuleName": "-", "Hashes": "MD5=AF569DE92AB6C1B9C681AF1E799F9983,SHA256=FFC30745BE3B6C2771FC4B2993CFF50B5226B271C412467E97B1DC1086DEA888,IMPHASH=5322AC1A3CFF9C8A2AE16A789E26231E", "Image": "C:\\Windows\\System32\\net1.exe", "OriginalFileName": "net1.exe"}}, {"values": {"ParentImage": "C:\\Users\\george\\AppData\\Roaming\\Microsoft\\Windows\\Start Menu\\Programs\\Startup\\calc.exe", "FileVersion": "10.0.17134.1 (WinBuild.160101.0800)", "ParentProcessId": "8024", "CurrentDirectory": "C:\\Users\\george\\Desktop\\", "CommandLine": "\"net.exe\" stop McAfeeDLPAgentService /y", "TerminalSessionId": "1", "ProcessGuid": "{C784477D-ED09-6543-4006-000000004800}", "LogonId": "249135", "EventID": "1", "ProcessId": "7304", "Product": "Microsoft\\xae Windows\\xae Operating System", "LogonGuid": "C784477D-AA41-6535-2FCD-030000000000", "Description": "Net Command", "Company": "Microsoft Corporation", "IntegrityLevel": "High", "ParentProcessGuid": "{C784477D-ED08-6543-3906-000000004800}", "ParentCommandLine": "\"C:\\Users\\george\\AppData\\Roaming\\Microsoft\\Windows\\Start Menu\\Programs\\Startup\\calc.exe\" ", "UtcTime": "1698950409", "User": "DESKTOP-B0T93D6\\george", "RuleName": "-", "Hashes": "MD5=15534275EDAABC58159DD0F8607A71E5,SHA256=E9739D544EE0D428696036CBD656C41DCC505B67CC43DBA7C6BEC4E3959282AC,IMPHASH=EB2C2924EA23E1A5FB0E3F53F46CB709", "Image": "C:\\Windows\\System32\\net.exe", "OriginalFileName": "net.exe"}}, {"values": {"ParentImage": "C:\\Windows\\System32\\net.exe", "FileVersion": "10.0.17134.1 (WinBuild.160101.0800)", "ParentProcessId": "7304", "CurrentDirectory": "C:\\Users\\george\\Desktop\\", "CommandLine": "C:\\Windows\\system32\\net1 stop McAfeeDLPAgentService /y", "TerminalSessionId": "1", "ProcessGuid": "{C784477D-ED09-6543-4206-000000004800}", "LogonId": "249135", "EventID": "1", "ProcessId": "7496", "Product": "Microsoft\\xae Windows\\xae Operating System", "LogonGuid": "C784477D-AA41-6535-2FCD-030000000000", "Description": "Net Command", "Company": "Microsoft Corporation", "IntegrityLevel": "High", "ParentProcessGuid": "{C784477D-ED09-6543-4006-000000004800}", "ParentCommandLine": "\"net.exe\" stop McAfeeDLPAgentService /y", "UtcTime": "1698950409", "User": "DESKTOP-B0T93D6\\george", "RuleName": "-", "Hashes": "MD5=AF569DE92AB6C1B9C681AF1E799F9983,SHA256=FFC30745BE3B6C2771FC4B2993CFF50B5226B271C412467E97B1DC1086DEA888,IMPHASH=5322AC1A3CFF9C8A2AE16A789E26231E", "Image": "C:\\Windows\\System32\\net1.exe", "OriginalFileName": "net1.exe"}}, {"values": {"ParentImage": "C:\\Users\\george\\AppData\\Roaming\\Microsoft\\Windows\\Start Menu\\Programs\\Startup\\calc.exe", "FileVersion": "10.0.17134.1 (WinBuild.160101.0800)", "ParentProcessId": "8024", "CurrentDirectory": "C:\\Users\\george\\Desktop\\", "CommandLine": "\"net.exe\" stop mfewc /y", "TerminalSessionId": "1", "ProcessGuid": "{C784477D-ED09-6543-4306-000000004800}", "LogonId": "249135", "EventID": "1", "ProcessId": "7600", "Product": "Microsoft\\xae Windows\\xae Operating System", "LogonGuid": "C784477D-AA41-6535-2FCD-030000000000", "Description": "Net Command", "Company": "Microsoft Corporation", "IntegrityLevel": "High", "ParentProcessGuid": "{C784477D-ED08-6543-3906-000000004800}", "ParentCommandLine": "\"C:\\Users\\george\\AppData\\Roaming\\Microsoft\\Windows\\Start Menu\\Programs\\Startup\\calc.exe\" ", "UtcTime": "1698950409", "User": "DESKTOP-B0T93D6\\george", "RuleName": "-", "Hashes": "MD5=15534275EDAABC58159DD0F8607A71E5,SHA256=E9739D544EE0D428696036CBD656C41DCC505B67CC43DBA7C6BEC4E3959282AC,IMPHASH=EB2C2924EA23E1A5FB0E3F53F46CB709", "Image": "C:\\Windows\\System32\\net.exe", "OriginalFileName": "net.exe"}}, {"values": {"ParentImage": "C:\\Windows\\System32\\net.exe", "FileVersion": "10.0.17134.1 (WinBuild.160101.0800)", "ParentProcessId": "7600", "CurrentDirectory": "C:\\Users\\george\\Desktop\\", "CommandLine": "C:\\Windows\\system32\\net1 stop mfewc /y", "TerminalSessionId": "1", "ProcessGuid": "{C784477D-ED0A-6543-4506-000000004800}", "LogonId": "249135", "EventID": "1", "ProcessId": "3640", "Product": "Microsoft\\xae Windows\\xae Operating System", "LogonGuid": "C784477D-AA41-6535-2FCD-030000000000", "Description": "Net Command", "Company": "Microsoft Corporation", "IntegrityLevel": "High", "ParentProcessGuid": "{C784477D-ED09-6543-4306-000000004800}", "ParentCommandLine": "\"net.exe\" stop mfewc /y", "UtcTime": "1698950410", "User": "DESKTOP-B0T93D6\\george", "RuleName": "-", "Hashes": "MD5=AF569DE92AB6C1B9C681AF1E799F9983,SHA256=FFC30745BE3B6C2771FC4B2993CFF50B5226B271C412467E97B1DC1086DEA888,IMPHASH=5322AC1A3CFF9C8A2AE16A789E26231E", "Image": "C:\\Windows\\System32\\net1.exe", "OriginalFileName": "net1.exe"}}, {"values": {"ParentImage": "C:\\Users\\george\\AppData\\Roaming\\Microsoft\\Windows\\Start Menu\\Programs\\Startup\\calc.exe", "FileVersion": "10.0.17134.1 (WinBuild.160101.0800)", "ParentProcessId": "8024", "CurrentDirectory": "C:\\Users\\george\\Desktop\\", "CommandLine": "\"net.exe\" stop BMR Boot Service /y", "TerminalSessionId": "1", "ProcessGuid": "{C784477D-ED0A-6543-4606-000000004800}", "LogonId": "249135", "EventID": "1", "ProcessId": "3664", "Product": "Microsoft\\xae Windows\\xae Operating System", "LogonGuid": "C784477D-AA41-6535-2FCD-030000000000", "Description": "Net Command", "Company": "Microsoft Corporation", "IntegrityLevel": "High", "ParentProcessGuid": "{C784477D-ED08-6543-3906-000000004800}", "ParentCommandLine": "\"C:\\Users\\george\\AppData\\Roaming\\Microsoft\\Windows\\Start Menu\\Programs\\Startup\\calc.exe\" ", "UtcTime": "1698950410", "User": "DESKTOP-B0T93D6\\george", "RuleName": "-", "Hashes": "MD5=15534275EDAABC58159DD0F8607A71E5,SHA256=E9739D544EE0D428696036CBD656C41DCC505B67CC43DBA7C6BEC4E3959282AC,IMPHASH=EB2C2924EA23E1A5FB0E3F53F46CB709", "Image": "C:\\Windows\\System32\\net.exe", "OriginalFileName": "net.exe"}}, {"values": {"ParentImage": "C:\\Windows\\System32\\net.exe", "FileVersion": "10.0.17134.1 (WinBuild.160101.0800)", "ParentProcessId": "3664", "CurrentDirectory": "C:\\Users\\george\\Desktop\\", "CommandLine": "C:\\Windows\\system32\\net1 stop BMR Boot Service /y", "TerminalSessionId": "1", "ProcessGuid": "{C784477D-ED0A-6543-4806-000000004800}", "LogonId": "249135", "EventID": "1", "ProcessId": "7720", "Product": "Microsoft\\xae Windows\\xae Operating System", "LogonGuid": "C784477D-AA41-6535-2FCD-030000000000", "Description": "Net Command", "Company": "Microsoft Corporation", "IntegrityLevel": "High", "ParentProcessGuid": "{C784477D-ED0A-6543-4606-000000004800}", "ParentCommandLine": "\"net.exe\" stop BMR Boot Service /y", "UtcTime": "1698950410", "User": "DESKTOP-B0T93D6\\george", "RuleName": "-", "Hashes": "MD5=AF569DE92AB6C1B9C681AF1E799F9983,SHA256=FFC30745BE3B6C2771FC4B2993CFF50B5226B271C412467E97B1DC1086DEA888,IMPHASH=5322AC1A3CFF9C8A2AE16A789E26231E", "Image": "C:\\Windows\\System32\\net1.exe", "OriginalFileName": "net1.exe"}}, {"values": {"ParentImage": "C:\\Users\\george\\AppData\\Roaming\\Microsoft\\Windows\\Start Menu\\Programs\\Startup\\calc.exe", "FileVersion": "10.0.17134.1 (WinBuild.160101.0800)", "ParentProcessId": "8024", "CurrentDirectory": "C:\\Users\\george\\Desktop\\", "CommandLine": "\"net.exe\" stop NetBackup BMR MTFTP Service /y", "TerminalSessionId": "1", "ProcessGuid": "{C784477D-ED0B-6543-4906-000000004800}", "LogonId": "249135", "EventID": "1", "ProcessId": "7776", "Product": "Microsoft\\xae Windows\\xae Operating System", "LogonGuid": "C784477D-AA41-6535-2FCD-030000000000", "Description": "Net Command", "Company": "Microsoft Corporation", "IntegrityLevel": "High", "ParentProcessGuid": "{C784477D-ED08-6543-3906-000000004800}", "ParentCommandLine": "\"C:\\Users\\george\\AppData\\Roaming\\Microsoft\\Windows\\Start Menu\\Programs\\Startup\\calc.exe\" ", "UtcTime": "1698950411", "User": "DESKTOP-B0T93D6\\george", "RuleName": "-", "Hashes": "MD5=15534275EDAABC58159DD0F8607A71E5,SHA256=E9739D544EE0D428696036CBD656C41DCC505B67CC43DBA7C6BEC4E3959282AC,IMPHASH=EB2C2924EA23E1A5FB0E3F53F46CB709", "Image": "C:\\Windows\\System32\\net.exe", "OriginalFileName": "net.exe"}}, {"values": {"ParentImage": "C:\\Windows\\System32\\net.exe", "FileVersion": "10.0.17134.1 (WinBuild.160101.0800)", "ParentProcessId": "7776", "CurrentDirectory": "C:\\Users\\george\\Desktop\\", "CommandLine": "C:\\Windows\\system32\\net1 stop NetBackup BMR MTFTP Service /y", "TerminalSessionId": "1", "ProcessGuid": "{C784477D-ED0B-6543-4B06-000000004800}", "LogonId": "249135", "EventID": "1", "ProcessId": "6344", "Product": "Microsoft\\xae Windows\\xae Operating System", "LogonGuid": "C784477D-AA41-6535-2FCD-030000000000", "Description": "Net Command", "Company": "Microsoft Corporation", "IntegrityLevel": "High", "ParentProcessGuid": "{C784477D-ED0B-6543-4906-000000004800}", "ParentCommandLine": "\"net.exe\" stop NetBackup BMR MTFTP Service /y", "UtcTime": "1698950411", "User": "DESKTOP-B0T93D6\\george", "RuleName": "-", "Hashes": "MD5=AF569DE92AB6C1B9C681AF1E799F9983,SHA256=FFC30745BE3B6C2771FC4B2993CFF50B5226B271C412467E97B1DC1086DEA888,IMPHASH=5322AC1A3CFF9C8A2AE16A789E26231E", "Image": "C:\\Windows\\System32\\net1.exe", "OriginalFileName": "net1.exe"}}, {"values": {"ParentImage": "C:\\Users\\george\\AppData\\Roaming\\Microsoft\\Windows\\Start Menu\\Programs\\Startup\\calc.exe", "FileVersion": "10.0.17134.1 (WinBuild.160101.0800)", "ParentProcessId": "7688", "CurrentDirectory": "C:\\Users\\george\\AppData\\Roaming\\Microsoft\\Windows\\Start Menu\\Programs\\Startup\\", "CommandLine": "\"net.exe\" stop avpsus /y", "TerminalSessionId": "1", "ProcessGuid": "{C784477D-ED14-6543-7A06-000000004800}", "LogonId": "249213", "EventID": "1", "ProcessId": "7660", "Product": "Microsoft\\xae Windows\\xae Operating System", "LogonGuid": "C784477D-AA41-6535-7DCD-030000000000", "Description": "Net Command", "Company": "Microsoft Corporation", "IntegrityLevel": "Medium", "ParentProcessGuid": "{C784477D-ED14-6543-7906-000000004800}", "ParentCommandLine": "\"C:\\Users\\george\\AppData\\Roaming\\Microsoft\\Windows\\Start Menu\\Programs\\Startup\\calc.exe\" ", "UtcTime": "1698950420", "User": "DESKTOP-B0T93D6\\george", "RuleName": "-", "Hashes": "MD5=15534275EDAABC58159DD0F8607A71E5,SHA256=E9739D544EE0D428696036CBD656C41DCC505B67CC43DBA7C6BEC4E3959282AC,IMPHASH=EB2C2924EA23E1A5FB0E3F53F46CB709", "Image": "C:\\Windows\\System32\\net.exe", "OriginalFileName": "net.exe"}}, {"values": {"ParentImage": "C:\\Windows\\System32\\net.exe", "FileVersion": "10.0.17134.1 (WinBuild.160101.0800)", "ParentProcessId": "7660", "CurrentDirectory": "C:\\Users\\george\\AppData\\Roaming\\Microsoft\\Windows\\Start Menu\\Programs\\Startup\\", "CommandLine": "C:\\Windows\\system32\\net1 stop avpsus /y", "TerminalSessionId": "1", "ProcessGuid": "{C784477D-ED14-6543-7C06-000000004800}", "LogonId": "249213", "EventID": "1", "ProcessId": "4000", "Product": "Microsoft\\xae Windows\\xae Operating System", "LogonGuid": "C784477D-AA41-6535-7DCD-030000000000", "Description": "Net Command", "Company": "Microsoft Corporation", "IntegrityLevel": "Medium", "ParentProcessGuid": "{C784477D-ED14-6543-7A06-000000004800}", "ParentCommandLine": "\"net.exe\" stop avpsus /y", "UtcTime": "1698950420", "User": "DESKTOP-B0T93D6\\george", "RuleName": "-", "Hashes": "MD5=AF569DE92AB6C1B9C681AF1E799F9983,SHA256=FFC30745BE3B6C2771FC4B2993CFF50B5226B271C412467E97B1DC1086DEA888,IMPHASH=5322AC1A3CFF9C8A2AE16A789E26231E", "Image": "C:\\Windows\\System32\\net1.exe", "OriginalFileName": "net1.exe"}}, {"values": {"ParentImage": "C:\\Users\\george\\AppData\\Roaming\\Microsoft\\Windows\\Start Menu\\Programs\\Startup\\calc.exe", "FileVersion": "10.0.17134.1 (WinBuild.160101.0800)", "ParentProcessId": "7688", "CurrentDirectory": "C:\\Users\\george\\AppData\\Roaming\\Microsoft\\Windows\\Start Menu\\Programs\\Startup\\", "CommandLine": "\"net.exe\" stop McAfeeDLPAgentService /y", "TerminalSessionId": "1", "ProcessGuid": "{C784477D-ED15-6543-7D06-000000004800}", "LogonId": "249213", "EventID": "1", "ProcessId": "5116", "Product": "Microsoft\\xae Windows\\xae Operating System", "LogonGuid": "C784477D-AA41-6535-7DCD-030000000000", "Description": "Net Command", "Company": "Microsoft Corporation", "IntegrityLevel": "Medium", "ParentProcessGuid": "{C784477D-ED14-6543-7906-000000004800}", "ParentCommandLine": "\"C:\\Users\\george\\AppData\\Roaming\\Microsoft\\Windows\\Start Menu\\Programs\\Startup\\calc.exe\" ", "UtcTime": "1698950421", "User": "DESKTOP-B0T93D6\\george", "RuleName": "-", "Hashes": "MD5=15534275EDAABC58159DD0F8607A71E5,SHA256=E9739D544EE0D428696036CBD656C41DCC505B67CC43DBA7C6BEC4E3959282AC,IMPHASH=EB2C2924EA23E1A5FB0E3F53F46CB709", "Image": "C:\\Windows\\System32\\net.exe", "OriginalFileName": "net.exe"}}, {"values": {"ParentImage": "C:\\Windows\\System32\\net.exe", "FileVersion": "10.0.17134.1 (WinBuild.160101.0800)", "ParentProcessId": "5116", "CurrentDirectory": "C:\\Users\\george\\AppData\\Roaming\\Microsoft\\Windows\\Start Menu\\Programs\\Startup\\", "CommandLine": "C:\\Windows\\system32\\net1 stop McAfeeDLPAgentService /y", "TerminalSessionId": "1", "ProcessGuid": "{C784477D-ED15-6543-8106-000000004800}", "LogonId": "249213", "EventID": "1", "ProcessId": "2536", "Product": "Microsoft\\xae Windows\\xae Operating System", "LogonGuid": "C784477D-AA41-6535-7DCD-030000000000", "Description": "Net Command", "Company": "Microsoft Corporation", "IntegrityLevel": "Medium", "ParentProcessGuid": "{C784477D-ED15-6543-7D06-000000004800}", "ParentCommandLine": "\"net.exe\" stop McAfeeDLPAgentService /y", "UtcTime": "1698950421", "User": "DESKTOP-B0T93D6\\george", "RuleName": "-", "Hashes": "MD5=AF569DE92AB6C1B9C681AF1E799F9983,SHA256=FFC30745BE3B6C2771FC4B2993CFF50B5226B271C412467E97B1DC1086DEA888,IMPHASH=5322AC1A3CFF9C8A2AE16A789E26231E", "Image": "C:\\Windows\\System32\\net1.exe", "OriginalFileName": "net1.exe"}}, {"values": {"ParentImage": "C:\\Users\\george\\AppData\\Roaming\\Microsoft\\Windows\\Start Menu\\Programs\\Startup\\calc.exe", "FileVersion": "10.0.17134.1 (WinBuild.160101.0800)", "ParentProcessId": "7688", "CurrentDirectory": "C:\\Users\\george\\AppData\\Roaming\\Microsoft\\Windows\\Start Menu\\Programs\\Startup\\", "CommandLine": "\"net.exe\" stop mfewc /y", "TerminalSessionId": "1", "ProcessGuid": "{C784477D-ED16-6543-8206-000000004800}", "LogonId": "249213", "EventID": "1", "ProcessId": "7924", "Product": "Microsoft\\xae Windows\\xae Operating System", "LogonGuid": "C784477D-AA41-6535-7DCD-030000000000", "Description": "Net Command", "Company": "Microsoft Corporation", "IntegrityLevel": "Medium", "ParentProcessGuid": "{C784477D-ED14-6543-7906-000000004800}", "ParentCommandLine": "\"C:\\Users\\george\\AppData\\Roaming\\Microsoft\\Windows\\Start Menu\\Programs\\Startup\\calc.exe\" ", "UtcTime": "1698950422", "User": "DESKTOP-B0T93D6\\george", "RuleName": "-", "Hashes": "MD5=15534275EDAABC58159DD0F8607A71E5,SHA256=E9739D544EE0D428696036CBD656C41DCC505B67CC43DBA7C6BEC4E3959282AC,IMPHASH=EB2C2924EA23E1A5FB0E3F53F46CB709", "Image": "C:\\Windows\\System32\\net.exe", "OriginalFileName": "net.exe"}}, {"values": {"ParentImage": "C:\\Windows\\System32\\net.exe", "FileVersion": "10.0.17134.1 (WinBuild.160101.0800)", "ParentProcessId": "7924", "CurrentDirectory": "C:\\Users\\george\\AppData\\Roaming\\Microsoft\\Windows\\Start Menu\\Programs\\Startup\\", "CommandLine": "C:\\Windows\\system32\\net1 stop mfewc /y", "TerminalSessionId": "1", "ProcessGuid": "{C784477D-ED16-6543-8406-000000004800}", "LogonId": "249213", "EventID": "1", "ProcessId": "4092", "Product": "Microsoft\\xae Windows\\xae Operating System", "LogonGuid": "C784477D-AA41-6535-7DCD-030000000000", "Description": "Net Command", "Company": "Microsoft Corporation", "IntegrityLevel": "Medium", "ParentProcessGuid": "{C784477D-ED16-6543-8206-000000004800}", "ParentCommandLine": "\"net.exe\" stop mfewc /y", "UtcTime": "1698950422", "User": "DESKTOP-B0T93D6\\george", "RuleName": "-", "Hashes": "MD5=AF569DE92AB6C1B9C681AF1E799F9983,SHA256=FFC30745BE3B6C2771FC4B2993CFF50B5226B271C412467E97B1DC1086DEA888,IMPHASH=5322AC1A3CFF9C8A2AE16A789E26231E", "Image": "C:\\Windows\\System32\\net1.exe", "OriginalFileName": "net1.exe"}}, {"values": {"ParentImage": "C:\\Users\\george\\AppData\\Roaming\\Microsoft\\Windows\\Start Menu\\Programs\\Startup\\calc.exe", "FileVersion": "10.0.17134.1 (WinBuild.160101.0800)", "ParentProcessId": "7688", "CurrentDirectory": "C:\\Users\\george\\AppData\\Roaming\\Microsoft\\Windows\\Start Menu\\Programs\\Startup\\", "CommandLine": "\"net.exe\" stop BMR Boot Service /y", "TerminalSessionId": "1", "ProcessGuid": "{C784477D-ED16-6543-8506-000000004800}", "LogonId": "249213", "EventID": "1", "ProcessId": "7888", "Product": "Microsoft\\xae Windows\\xae Operating System", "LogonGuid": "C784477D-AA41-6535-7DCD-030000000000", "Description": "Net Command", "Company": "Microsoft Corporation", "IntegrityLevel": "Medium", "ParentProcessGuid": "{C784477D-ED14-6543-7906-000000004800}", "ParentCommandLine": "\"C:\\Users\\george\\AppData\\Roaming\\Microsoft\\Windows\\Start Menu\\Programs\\Startup\\calc.exe\" ", "UtcTime": "1698950422", "User": "DESKTOP-B0T93D6\\george", "RuleName": "-", "Hashes": "MD5=15534275EDAABC58159DD0F8607A71E5,SHA256=E9739D544EE0D428696036CBD656C41DCC505B67CC43DBA7C6BEC4E3959282AC,IMPHASH=EB2C2924EA23E1A5FB0E3F53F46CB709", "Image": "C:\\Windows\\System32\\net.exe", "OriginalFileName": "net.exe"}}, {"values": {"ParentImage": "C:\\Windows\\System32\\net.exe", "FileVersion": "10.0.17134.1 (WinBuild.160101.0800)", "ParentProcessId": "7888", "CurrentDirectory": "C:\\Users\\george\\AppData\\Roaming\\Microsoft\\Windows\\Start Menu\\Programs\\Startup\\", "CommandLine": "C:\\Windows\\system32\\net1 stop BMR Boot Service /y", "TerminalSessionId": "1", "ProcessGuid": "{C784477D-ED16-6543-8706-000000004800}", "LogonId": "249213", "EventID": "1", "ProcessId": "2536", "Product": "Microsoft\\xae Windows\\xae Operating System", "LogonGuid": "C784477D-AA41-6535-7DCD-030000000000", "Description": "Net Command", "Company": "Microsoft Corporation", "IntegrityLevel": "Medium", "ParentProcessGuid": "{C784477D-ED16-6543-8506-000000004800}", "ParentCommandLine": "\"net.exe\" stop BMR Boot Service /y", "UtcTime": "1698950422", "User": "DESKTOP-B0T93D6\\george", "RuleName": "-", "Hashes": "MD5=AF569DE92AB6C1B9C681AF1E799F9983,SHA256=FFC30745BE3B6C2771FC4B2993CFF50B5226B271C412467E97B1DC1086DEA888,IMPHASH=5322AC1A3CFF9C8A2AE16A789E26231E", "Image": "C:\\Windows\\System32\\net1.exe", "OriginalFileName": "net1.exe"}}, {"values": {"ParentImage": "C:\\Users\\george\\AppData\\Roaming\\Microsoft\\Windows\\Start Menu\\Programs\\Startup\\calc.exe", "FileVersion": "10.0.17134.1 (WinBuild.160101.0800)", "ParentProcessId": "7688", "CurrentDirectory": "C:\\Users\\george\\AppData\\Roaming\\Microsoft\\Windows\\Start Menu\\Programs\\Startup\\", "CommandLine": "\"net.exe\" stop NetBackup BMR MTFTP Service /y", "TerminalSessionId": "1", "ProcessGuid": "{C784477D-ED16-6543-8806-000000004800}", "LogonId": "249213", "EventID": "1", "ProcessId": "8016", "Product": "Microsoft\\xae Windows\\xae Operating System", "LogonGuid": "C784477D-AA41-6535-7DCD-030000000000", "Description": "Net Command", "Company": "Microsoft Corporation", "IntegrityLevel": "Medium", "ParentProcessGuid": "{C784477D-ED14-6543-7906-000000004800}", "ParentCommandLine": "\"C:\\Users\\george\\AppData\\Roaming\\Microsoft\\Windows\\Start Menu\\Programs\\Startup\\calc.exe\" ", "UtcTime": "1698950422", "User": "DESKTOP-B0T93D6\\george", "RuleName": "-", "Hashes": "MD5=15534275EDAABC58159DD0F8607A71E5,SHA256=E9739D544EE0D428696036CBD656C41DCC505B67CC43DBA7C6BEC4E3959282AC,IMPHASH=EB2C2924EA23E1A5FB0E3F53F46CB709", "Image": "C:\\Windows\\System32\\net.exe", "OriginalFileName": "net.exe"}}, 