{"data": {"id": "049425dac929baf288c44c981ef63417d097fb95f5199c9f33e5ef5e2ec20590", "type": "file", "links": {"self": "https://www.virustotal.com/api/v3/files/049425dac929baf288c44c981ef63417d097fb95f5199c9f33e5ef5e2ec20590"}, "attributes": {"sandbox_verdicts": {"Zenbox": {"category": "malicious", "confidence": 88, "sandbox_name": "Zenbox", "malware_classification": ["MALWARE", "RANSOM", "SPREADER", "ADWARE", "EVADER"], "malware_names": ["Thanos"]}, "Dr.Web vxCube": {"category": "malicious", "sandbox_name": "Dr.Web vxCube", "malware_classification": ["MALWARE"]}, "Lastline": {"category": "malicious", "sandbox_name": "Lastline", "malware_classification": ["MALWARE", "TROJAN"]}}, "tlsh": "T182535A08AF895B56C79E5BB820BD5254CFB3B3E37931D38B1EC9D8E61A5DBC009015E2", "dot_net_guids": {"mvid": "3acb25e0-5b53-4b97-b4fc-49245e0d2f4a"}, "dot_net_assembly": {"entry_point_rva": 56000, "metadata_header_rva": 33852, "assembly_name": "DGNbRIHGwiWlJ", "resources_va": 4112, "assembly_flags": 1, "strongname_va": 0, "external_assemblies": {"Microsoft.VisualBasic": {"version": "10.0.0.0"}, "mscorlib": {"version": "4.0.0.0"}, "System": {"version": "4.0.0.0"}, "System.Drawing": {"version": "4.0.0.0"}, "System.Windows.Forms": {"version": "4.0.0.0"}, "System.Core": {"version": "4.0.0.0"}, "System.Management": {"version": "4.0.0.0"}}, "entry_point_token": 100663297, "tables_rows_map": "1a3370a50a601e013f111300604100000000599f0010070000113050", "external_modules": ["kernel32.dll", "ntdll.dll", "user32.dll", "advapi32.dll", "Shell32.dll"], "streams": {"#GUID": {"chi2": 240.0, "md5": "6b169fc5de7689f72c21a3de82cc0218", "entropy": 4.0, "size": 16}, "#Blob": {"chi2": 34799.6953125, "md5": "a64da7b442c470a2615f7e1dd6ec3ff0", "entropy": 5.121098518371582, "size": 3136}, "#US": {"chi2": 11010.666015625, "md5": "a7593ad5e085f08b49f9262eed639f7b", "entropy": 3.455950975418091, "size": 168}, "#~": {"chi2": 197054.375, "md5": "3b52c8a986b62232012135802100d168", "entropy": 5.684647083282471, "size": 8124}, "#Strings": {"chi2": 75980.65625, "md5": "d13ebd33585089f8fa4a169fa99bae96", "entropy": 5.510504722595215, "size": 10596}}, "tables_present": 20, "assembly_flags_txt": "COMIMAGE_FLAGS_ILONLY", "clr_version": "v4.0.30319", "assembly_data": {"majorversion": 0, "minorversion": 0, "hashalgid": 0, "flags_text": "afPA_None", "buildnumber": 0, "flags": 0, "revisionnumber": 0, "name": "Client-1"}, "tables_present_map": "b093c029d57", "manifest_resource": ["{84366111-adb1-45f4-8029-ebae3b74953d}"], "clr_meta_version": "1.1", "tables_rows_map_log": "49899796758566646475", "unmanaged_methods": {"kernel32.dll": ["GetModuleHandle", "CheckRemoteDebuggerPresent", "GetCurrentProcess", "SetThreadExecutionState"], "ntdll.dll": ["RtlSetProcessIsCritical"], "user32.dll": ["SystemParametersInfo"], "advapi32.dll": ["GetKernelObjectSecurity", "SetKernelObjectSecurity"], "Shell32.dll": ["SHEmptyRecycleBin"]}, "type_definition_list": [{"namespace": "System", "type_definitions": ["Object", "Enum", "MulticastDelegate", "Attribute", "ValueType", "DateTime", "Func`2", "ModuleHandle", "Uri", "Type", "IAsyncResult", "AsyncCallback", "FlagsAttribute", "AttributeUsageAttribute", "AttributeTargets", "String", "Int32", "Environment", "IDisposable", "Convert", "Exception", "Byte", "BitConverter", "Random", "ArgumentException", "Double", "UnauthorizedAccessException", "Array", "RuntimeFieldHandle", "RuntimeTypeHandle", "StringSplitOptions", "Char", "IntPtr", "GC", "RuntimeMethodHandle", "Delegate", "FormatException", "InvalidOperationException", "ArgumentOutOfRangeException", "Math", "Int16"]}, {"namespace": "System.IO", "type_definitions": ["MemoryStream", "Path", "File", "StreamWriter", "TextWriter", "Directory", "FileInfo", "FileSystemInfo", "DirectoryNotFoundException", "PathTooLongException", "FileNotFoundException", "StreamReader", "TextReader", "DriveInfo", "FileStream", "FileMode", "FileAccess", "FileShare", "Stream"]}, {"namespace": "System.Collections.Generic", "type_definitions": ["List`1", "Dictionary`2", "Stack`1", "IEnumerable`1"]}, {"namespace": "System.Collections.Specialized", "type_definitions": ["StringCollection"]}, {"namespace": "Microsoft.Win32", "type_definitions": ["SessionEndingEventArgs", "SessionEndingEventHandler", "SystemEvents", "Registry", "RegistryKey"]}, {"namespace": "System.Security.AccessControl", "type_definitions": ["RawSecurityDescriptor", "GenericSecurityDescriptor", "RawAcl", "CommonAce", "AceFlags", "AceQualifier", "GenericAce"]}, {"namespace": "System.Net", "type_definitions": ["IPAddress", "WebClient", "Dns", "IPHostEntry", "WebRequest", "FtpWebRequest", "NetworkCredential", "ICredentials", "WebResponse", "FtpWebResponse"]}, {"namespace": "System.Security.Cryptography", "type_definitions": ["Rfc2898DeriveBytes", "ICryptoTransform", "RNGCryptoServiceProvider", "RandomNumberGenerator", "RijndaelManaged", "SymmetricAlgorithm", "DeriveBytes", "PaddingMode", "CipherMode", "CryptoStream", "CryptoStreamMode", "RSACryptoServiceProvider", "AsymmetricAlgorithm", "AesManaged", "Aes", "DESCryptoServiceProvider"]}, {"namespace": "System.Reflection", "type_definitions": ["Assembly", "AssemblyFileVersionAttribute", "FieldInfo", "BindingFlags", "MemberInfo", "MethodBase", "MethodInfo", "ParameterInfo", "Module"]}, {"namespace": "System.Runtime.CompilerServices", "type_definitions": ["RuntimeCompatibilityAttribute", "CompilationRelaxationsAttribute", "ExtensionAttribute", "SuppressIldasmAttribute", "RuntimeHelpers"]}, {"namespace": "System.Threading", "type_definitions": ["Thread", "ThreadStart", "ThreadPriority", "Mutex", "WaitHandle", "Monitor"]}, {"namespace": "System.Diagnostics", "type_definitions": ["Process", "ProcessModule", "ProcessStartInfo", "ProcessWindowStyle"]}, {"namespace": "uncategorized", "type_definitions": ["SpecialFolder", "Enumerator", "ManagementObjectEnumerator"]}, {"namespace": "System.Windows.Forms", "type_definitions": ["MessageBox", "DialogResult", "MessageBoxButtons", "MessageBoxIcon"]}, {"namespace": "System.Text", "type_definitions": ["Encoding", "ASCIIEncoding"]}, {"namespace": "System.Linq", "type_definitions": ["Enumerable"]}, {"namespace": "Microsoft.VisualBasic.Devices", "type_definitions": ["ComputerInfo"]}, {"namespace": "System.Management", "type_definitions": ["ManagementObjectSearcher", "ManagementObjectCollection", "ManagementBaseObject", "ManagementClass", "ManagementObject", "PropertyDataCollection", "PropertyData"]}, {"namespace": "System.Security.Principal", "type_definitions": ["WindowsIdentity", "WindowsPrincipal", "WindowsBuiltInRole", "SecurityIdentifier", "WellKnownSidType"]}, {"namespace": "System.Drawing", "type_definitions": ["Image"]}, {"namespace": "System.Drawing.Imaging", "type_definitions": ["ImageFormat"]}, {"namespace": "System.Text.RegularExpressions", "type_definitions": ["Regex"]}, {"namespace": "System.Net.Sockets", "type_definitions": ["AddressFamily", "UdpClient"]}, {"namespace": "System.ComponentModel", "type_definitions": ["Win32Exception"]}, {"namespace": "System.Net.NetworkInformation", "type_definitions": ["Ping", "PingReply", "IPStatus"]}, {"namespace": "System.Reflection.Emit", "type_definitions": ["DynamicMethod", "ILGenerator", "OpCodes", "OpCode"]}], "unmanaged_method_list": [{"name": "kernel32.dll", "methods": ["GetModuleHandle", "CheckRemoteDebuggerPresent", "GetCurrentProcess", "SetThreadExecutionState"]}, {"name": "ntdll.dll", "methods": ["RtlSetProcessIsCritical"]}, {"name": "user32.dll", "methods": ["SystemParametersInfo"]}, {"name": "advapi32.dll", "methods": ["GetKernelObjectSecurity", "SetKernelObjectSecurity"]}, {"name": "Shell32.dll", "methods": ["SHEmptyRecycleBin"]}]}, "last_modification_date": 1747296143, "sigma_analysis_results": [{"match_context": [{"values": {"ParentImage": "C:\\Users\\george\\AppData\\Roaming\\Microsoft\\Windows\\Start Menu\\Programs\\Startup\\calc.exe", "FileVersion": "10.0.17134.1 (WinBuild.160101.0800)", "ParentProcessId": "8024", "CurrentDirectory": "C:\\Users\\george\\Desktop\\", "CommandLine": "\"net.exe\" stop avpsus /y", "TerminalSessionId": "1", "ProcessGuid": "{C784477D-ED08-6543-3C06-000000004800}", "LogonId": "249135", "EventID": "1", "ProcessId": "8076", "Product": "Microsoft\\xae Windows\\xae Operating System", "LogonGuid": "C784477D-AA41-6535-2FCD-030000000000", "Description": "Net Command", "Company": "Microsoft Corporation", "IntegrityLevel": "High", "ParentProcessGuid": "{C784477D-ED08-6543-3906-000000004800}", "ParentCommandLine": "\"C:\\Users\\george\\AppData\\Roaming\\Microsoft\\Windows\\Start Menu\\Programs\\Startup\\calc.exe\" ", "UtcTime": "1698950408", "User": "DESKTOP-B0T93D6\\george", "RuleName": "-", "Hashes": "MD5=15534275EDAABC58159DD0F8607A71E5,SHA256=E9739D544EE0D428696036CBD656C41DCC505B67CC43DBA7C6BEC4E3959282AC,IMPHASH=EB2C2924EA23E1A5FB0E3F53F46CB709", "Image": "C:\\Windows\\System32\\net.exe", "OriginalFileName": "net.exe"}}, {"values": {"ParentImage": "C:\\Users\\george\\AppData\\Roaming\\Microsoft\\Windows\\Start Menu\\Programs\\Startup\\calc.exe", "FileVersion": "10.0.17134.1 (WinBuild.160101.0800)", "ParentProcessId": "8024", "CurrentDirectory": "C:\\Users\\george\\Desktop\\", "CommandLine": "\"net.exe\" stop McAfeeDLPAgentService /y", "TerminalSessionId": "1", "ProcessGuid": "{C784477D-ED09-6543-4006-000000004800}", "LogonId": "249135", "EventID": "1", "ProcessId": "7304", "Product": "Microsoft\\xae Windows\\xae Operating System", "LogonGuid": "C784477D-AA41-6535-2FCD-030000000000", "Description": "Net Command", "Company": "Microsoft Corporation", "IntegrityLevel": "High", "ParentProcessGuid": "{C784477D-ED08-6543-3906-000000004800}", "ParentCommandLine": "\"C:\\Users\\george\\AppData\\Roaming\\Microsoft\\Windows\\Start Menu\\Programs\\Startup\\calc.exe\" ", "UtcTime": "1698950409", "User": "DESKTOP-B0T93D6\\george", "RuleName": "-", "Hashes": "MD5=15534275EDAABC58159DD0F8607A71E5,SHA256=E9739D544EE0D428696036CBD656C41DCC505B67CC43DBA7C6BEC4E3959282AC,IMPHASH=EB2C2924EA23E1A5FB0E3F53F46CB709", "Image": "C:\\Windows\\System32\\net.exe", "OriginalFileName": "net.exe"}}, {"values": {"ParentImage": "C:\\Users\\george\\AppData\\Roaming\\Microsoft\\Windows\\Start Menu\\Programs\\Startup\\calc.exe", "FileVersion": "10.0.17134.1 (WinBuild.160101.0800)", "ParentProcessId": "8024", "CurrentDirectory": "C:\\Users\\george\\Desktop\\", "CommandLine": "\"net.exe\" stop mfewc /y", "TerminalSessionId": "1", "ProcessGuid": "{C784477D-ED09-6543-4306-000000004800}", "LogonId": "249135", "EventID": "1", "ProcessId": "7600", "Product": "Microsoft\\xae Windows\\xae Operating System", "LogonGuid": "C784477D-AA41-6535-2FCD-030000000000", "Description": "Net Command", "Company": "Microsoft Corporation", "IntegrityLevel": "High", "ParentProcessGuid": "{C784477D-ED08-6543-3906-000000004800}", "ParentCommandLine": "\"C:\\Users\\george\\AppData\\Roaming\\Microsoft\\Windows\\Start Menu\\Programs\\Startup\\calc.exe\" ", "UtcTime": "1698950409", "User": "DESKTOP-B0T93D6\\george", "RuleName": "-", "Hashes": "MD5=15534275EDAABC58159DD0F8607A71E5,SHA256=E9739D544EE0D428696036CBD656C41DCC505B67CC43DBA7C6BEC4E3959282AC,IMPHASH=EB2C2924EA23E1A5FB0E3F53F46CB709", "Image": "C:\\Windows\\System32\\net.exe", "OriginalFileName": "net.exe"}}, {"values": {"ParentImage": "C:\\Users\\george\\AppData\\Roaming\\Microsoft\\Windows\\Start Menu\\Programs\\Startup\\calc.exe", "FileVersion": "10.0.17134.1 (WinBuild.160101.0800)", "ParentProcessId": "8024", "CurrentDirectory": "C:\\Users\\george\\Desktop\\", "CommandLine": "\"net.exe\" stop BMR Boot Service /y", "TerminalSessionId": "1", "ProcessGuid": "{C784477D-ED0A-6543-4606-000000004800}", "LogonId": "249135", "EventID": "1", "ProcessId": "3664", "Product": "Microsoft\\xae Windows\\xae Operating System", "LogonGuid": "C784477D-AA41-6535-2FCD-030000000000", "Description": "Net Command", "Company": "Microsoft Corporation", "IntegrityLevel": "High", "ParentProcessGuid": "{C784477D-ED08-6543-3906-000000004800}", "ParentCommandLine": "\"C:\\Users\\george\\AppData\\Roaming\\Microsoft\\Windows\\Start Menu\\Programs\\Startup\\calc.exe\" ", "UtcTime": "1698950410", "User": "DESKTOP-B0T93D6\\george", "RuleName": "-", "Hashes": "MD5=15534275EDAABC58159DD0F8607A71E5,SHA256=E9739D544EE0D428696036CBD656C41DCC505B67CC43DBA7C6BEC4E3959282AC,IMPHASH=EB2C2924EA23E1A5FB0E3F53F46CB709", "Image": "C:\\Windows\\System32\\net.exe", "OriginalFileName": "net.exe"}}, {"values": {"ParentImage": "C:\\Users\\george\\AppData\\Roaming\\Microsoft\\Windows\\Start Menu\\Programs\\Startup\\calc.exe", "FileVersion": "10.0.17134.1 (WinBuild.160101.0800)", "ParentProcessId": "8024", "CurrentDirectory": "C:\\Users\\george\\Desktop\\", "CommandLine": "\"net.exe\" stop NetBackup BMR MTFTP Service /y", "TerminalSessionId": "1", "ProcessGuid": "{C784477D-ED0B-6543-4906-000000004800}", "LogonId": "249135", "EventID": "1", "ProcessId": "7776", "Product": "Microsoft\\xae Windows\\xae Operating System", "LogonGuid": "C784477D-AA41-6535-2FCD-030000000000", "Description": "Net Command", "Company": "Microsoft Corporation", "IntegrityLevel": "High", "ParentProcessGuid": "{C784477D-ED08-6543-3906-000000004800}", "ParentCommandLine": "\"C:\\Users\\george\\AppData\\Roaming\\Microsoft\\Windows\\Start Menu\\Programs\\Startup\\calc.exe\" ", "UtcTime": "1698950411", "User": "DESKTOP-B0T93D6\\george", "RuleName": "-", "Hashes": "MD5=15534275EDAABC58159DD0F8607A71E5,SHA256=E9739D544EE0D428696036CBD656C41DCC505B67CC43DBA7C6BEC4E3959282AC,IMPHASH=EB2C2924EA23E1A5FB0E3F53F46CB709", "Image": "C:\\Windows\\System32\\net.exe", "OriginalFileName": "net.exe"}}, {"values": {"ParentImage": "C:\\Users\\george\\AppData\\Roaming\\Microsoft\\Windows\\Start Menu\\Programs\\Startup\\calc.exe", "FileVersion": "10.0.17134.1 (WinBuild.160101.0800)", "ParentProcessId": "8024", "CurrentDirectory": "C:\\Users\\george\\Desktop\\", "CommandLine": "\"sc.exe\" config SQLTELEMETRY start= disabled", "TerminalSessionId": "1", "ProcessGuid": "{C784477D-ED0B-6543-4C06-000000004800}", "LogonId": "249135", "EventID": "1", "ProcessId": "6248", "Product": "Microsoft\\xae Windows\\xae Operating System", "LogonGuid": "C784477D-AA41-6535-2FCD-030000000000", "Description": "Service Control Manager Configuration Tool", "Company": "Microsoft Corporation", "IntegrityLevel": "High", "ParentProcessGuid": "{C784477D-ED08-6543-3906-000000004800}", "ParentCommandLine": "\"C:\\Users\\george\\AppData\\Roaming\\Microsoft\\Windows\\Start Menu\\Programs\\Startup\\calc.exe\" ", "UtcTime": "1698950411", "User": "DESKTOP-B0T93D6\\george", "RuleName": "-", "Hashes": "MD5=D79784553A9410D15E04766AAAB77CD6,SHA256=AEB241959F4A7B7C29F45D27FD65C5326F9592D25BADD1A7659DE0DA351BF96E,IMPHASH=7D296975925315BE8D57D0C67B133359", "Image": "C:\\Windows\\System32\\sc.exe", "OriginalFileName": "sc.exe"}}, {"values": {"ParentImage": "C:\\Users\\george\\AppData\\Roaming\\Microsoft\\Windows\\Start Menu\\Programs\\Startup\\calc.exe", "FileVersion": "10.0.17134.1 (WinBuild.160101.0800)", "ParentProcessId": "8024", "CurrentDirectory": "C:\\Users\\george\\Desktop\\", "CommandLine": "\"sc.exe\" config SQLTELEMETRY$ECWDB2 start= disabled", "TerminalSessionId": "1", "ProcessGuid": "{C784477D-ED0B-6543-4E06-000000004800}", "LogonId": "249135", "EventID": "1", "ProcessId": "7612", "Product": "Microsoft\\xae Windows\\xae Operating System", "LogonGuid": "C784477D-AA41-6535-2FCD-030000000000", "Description": "Service Control Manager Configuration Tool", "Company": "Microsoft Corporation", "IntegrityLevel": "High", "ParentProcessGuid": "{C784477D-ED08-6543-3906-000000004800}", "ParentCommandLine": "\"C:\\Users\\george\\AppData\\Roaming\\Microsoft\\Windows\\Start Menu\\Programs\\Startup\\calc.exe\" ", "UtcTime": "1698950411", "User": "DESKTOP-B0T93D6\\george", "RuleName": "-", "Hashes": "MD5=D79784553A9410D15E04766AAAB77CD6,SHA256=AEB241959F4A7B7C29F45D27FD65C5326F9592D25BADD1A7659DE0DA351BF96E,IMPHASH=7D296975925315BE8D57D0C67B133359", "Image": "C:\\Windows\\System32\\sc.exe", "OriginalFileName": "sc.exe"}}, {"values": {"ParentImage": "C:\\Users\\george\\AppData\\Roaming\\Microsoft\\Windows\\Start Menu\\Programs\\Startup\\calc.exe", "FileVersion": "10.0.17134.1 (WinBuild.160101.0800)", "ParentProcessId": "8024", "CurrentDirectory": "C:\\Users\\george\\Desktop\\", "CommandLine": "\"sc.exe\" config SQLWriter start= disabled", "TerminalSessionId": "1", "ProcessGuid": "{C784477D-ED0C-6543-5006-000000004800}", "LogonId": "249135", "EventID": "1", "ProcessId": "7064", "Product": "Microsoft\\xae Windows\\xae Operating System", "LogonGuid": "C784477D-AA41-6535-2FCD-030000000000", "Description": "Service Control Manager Configuration Tool", "Company": "Microsoft Corporation", "IntegrityLevel": "High", "ParentProcessGuid": "{C784477D-ED08-6543-3906-000000004800}", "ParentCommandLine": "\"C:\\Users\\george\\AppData\\Roaming\\Microsoft\\Windows\\Start Menu\\Programs\\Startup\\calc.exe\" ", "UtcTime": "1698950412", "User": "DESKTOP-B0T93D6\\george", "RuleName": "-", "Hashes": "MD5=D79784553A9410D15E04766AAAB77CD6,SHA256=AEB241959F4A7B7C29F45D27FD65C5326F9592D25BADD1A7659DE0DA351BF96E,IMPHASH=7D296975925315BE8D57D0C67B133359", "Image": "C:\\Windows\\System32\\sc.exe", "OriginalFileName": "sc.exe"}}, {"values": {"ParentImage": "C:\\Users\\george\\AppData\\Roaming\\Microsoft\\Windows\\Start Menu\\Programs\\Startup\\calc.exe", "FileVersion": "10.0.17134.1 (WinBuild.160101.0800)", "ParentProcessId": "8024", "CurrentDirectory": "C:\\Users\\george\\Desktop\\", "CommandLine": "\"sc.exe\" config SstpSvc start= disabled", "TerminalSessionId": "1", "ProcessGuid": "{C784477D-ED0C-6543-5206-000000004800}", "LogonId": "249135", "EventID": "1", "ProcessId": "7044", "Product": "Microsoft\\xae Windows\\xae Operating System", "LogonGuid": "C784477D-AA41-6535-2FCD-030000000000", "Description": "Service Control Manager Configuration Tool", "Company": "Microsoft Corporation", "IntegrityLevel": "High", "ParentProcessGuid": "{C784477D-ED08-6543-3906-000000004800}", "ParentCommandLine": "\"C:\\Users\\george\\AppData\\Roaming\\Microsoft\\Windows\\Start Menu\\Programs\\Startup\\calc.exe\" ", "UtcTime": "1698950412", "User": "DESKTOP-B0T93D6\\george", "RuleName": "-", "Hashes": "MD5=D79784553A9410D15E04766AAAB77CD6,SHA256=AEB241959F4A7B7C29F45D27FD65C5326F9592D25BADD1A7659DE0DA351BF96E,IMPHASH=7D296975925315BE8D57D0C67B133359", "Image": "C:\\Windows\\System32\\sc.exe", "OriginalFileName": "sc.exe"}}, {"values": {"ParentImage": "C:\\Users\\george\\AppData\\Roaming\\Microsoft\\Windows\\Start Menu\\Programs\\Startup\\calc.exe", "FileVersion": "10.0.17134.1 (WinBuild.160101.0800)", "ParentProcessId": "8024", "CurrentDirectory": "C:\\Users\\george\\Desktop\\", "CommandLine": "\"taskkill.exe\" /IM mspub.exe /F", "TerminalSessionId": "1", "ProcessGuid": "{C784477D-ED0C-6543-5406-000000004800}", "LogonId": "249135", "EventID": "1", "ProcessId": "6656", "Product": "Microsoft\\xae Windows\\xae Operating System", "LogonGuid": "C784477D-AA41-6535-2FCD-030000000000", "Description": "Terminates Processes", "Company": "Microsoft Corporation", "IntegrityLevel": "High", "ParentProcessGuid": "{C784477D-ED08-6543-3906-000000004800}", "ParentCommandLine": "\"C:\\Users\\george\\AppData\\Roaming\\Microsoft\\Windows\\Start Menu\\Programs\\Startup\\calc.exe\" ", "UtcTime": "1698950412", "User": "DESKTOP-B0T93D6\\george", "RuleName": "-", "Hashes": "MD5=530C6A6CBA137EAA7021CEF9B234E8D4,SHA256=26B9B184C2F7F60811C0C4CB25C12568D996AC1ECE0EF64AA1B9E8F39AEA74D7,IMPHASH=100938B32F577E925618EA395A8C469B", "Image": "C:\\Windows\\System32\\taskkill.exe", "OriginalFileName": "taskkill.exe"}}, {"values": {"ParentImage": "C:\\Users\\george\\AppData\\Roaming\\Microsoft\\Windows\\Start Menu\\Programs\\Startup\\calc.exe", "FileVersion": "10.0.17134.1 (WinBuild.160101.0800)", "ParentProcessId": "8024", "CurrentDirectory": "C:\\Users\\george\\Desktop\\", "CommandLine": "\"taskkill.exe\" /IM mydesktopqos.exe /F", "TerminalSessionId": "1", "ProcessGuid": "{C784477D-ED0D-6543-5606-000000004800}", "LogonId": "249135", "EventID": "1", "ProcessId": "8084", "Product": "Microsoft\\xae Windows\\xae Operating System", "LogonGuid": "C784477D-AA41-6535-2FCD-030000000000", "Description": "Terminates Processes", "Company": "Microsoft Corporation", "IntegrityLevel": "High", "ParentProcessGuid": "{C784477D-ED08-6543-3906-000000004800}", "ParentCommandLine": "\"C:\\Users\\george\\AppData\\Roaming\\Microsoft\\Windows\\Start Menu\\Programs\\Startup\\calc.exe\" ", "UtcTime": "1698950413", "User": "DESKTOP-B0T93D6\\george", "RuleName": "-", "Hashes": "MD5=530C6A6CBA137EAA7021CEF9B234E8D4,SHA256=26B9B184C2F7F60811C0C4CB25C12568D996AC1ECE0EF64AA1B9E8F39AEA74D7,IMPHASH=100938B32F577E925618EA395A8C469B", "Image": "C:\\Windows\\System32\\taskkill.exe", "OriginalFileName": "taskkill.exe"}}, {"values": {"ParentImage": "C:\\Users\\george\\AppData\\Roaming\\Microsoft\\Windows\\Start Menu\\Programs\\Startup\\calc.exe", "FileVersion": "10.0.17134.1 (WinBuild.160101.0800)", "ParentProcessId": "8024", "CurrentDirectory": "C:\\Users\\george\\Desktop\\", "CommandLine": "\"taskkill.exe\" /IM mydesktopservice.exe /F", "TerminalSessionId": "1", "ProcessGuid": "{C784477D-ED0D-6543-5806-000000004800}", "LogonId": "249135", "EventID": "1", "ProcessId": "7984", "Product": "Microsoft\\xae Windows\\xae Operating System", "LogonGuid": "C784477D-AA41-6535-2FCD-030000000000", "Description": "Terminates Processes", "Company": "Microsoft Corporation", "IntegrityLevel": "High", "ParentProcessGuid": "{C784477D-ED08-6543-3906-000000004800}", "ParentCommandLine": "\"C:\\Users\\george\\AppData\\Roaming\\Microsoft\\Windows\\Start Menu\\Programs\\Startup\\calc.exe\" ", "UtcTime": "1698950413", "User": "DESKTOP-B0T93D6\\george", "RuleName": "-", "Hashes": "MD5=530C6A6CBA137EAA7021CEF9B234E8D4,SHA256=26B9B184C2F7F60811C0C4CB25C12568D996AC1ECE0EF64AA1B9E8F39AEA74D7,IMPHASH=100938B32F577E925618EA395A8C469B", "Image": "C:\\Windows\\System32\\taskkill.exe", "OriginalFileName": "taskkill.exe"}}, {"values": {"ParentImage": "C:\\Users\\george\\AppData\\Roaming\\Microsoft\\Windows\\Start Menu\\Programs\\Startup\\calc.exe", "FileVersion": "10.0.17134.1 (WinBuild.160101.0800)", "ParentProcessId": "8024", "CurrentDirectory": "C:\\Users\\george\\Desktop\\", "CommandLine": "\"vssadmin.exe\" Delete Shadows /all /quiet", "TerminalSessionId": "1", "ProcessGuid": "{C784477D-ED0E-6543-5A06-000000004800}", "LogonId": "249135", "EventID": "1", "ProcessId": "8176", "Product": "Microsoft\\xae Windows\\xae Operating System", "LogonGuid": "C784477D-AA41-6535-2FCD-030000000000", "Description": "Command Line Interface for Microsoft\\xae Volume Shadow Copy Service ", "Company": "Microsoft Corporation", "IntegrityLevel": "High", "ParentProcessGuid": "{C784477D-ED08-6543-3906-000000004800}", "ParentCommandLine": "\"C:\\Users\\george\\AppData\\Roaming\\Microsoft\\Windows\\Start Menu\\Programs\\Startup\\calc.exe\" ", "UtcTime": "1698950414", "User": "DESKTOP-B0T93D6\\george", "RuleName": "-", "Hashes": "MD5=47D51216EF45075B5F7EAA117CC70E40,SHA256=C946C4EDA61355A1B8E134E7A184A15C9A358B9675B6172A83E4937AE9EF4B03,IMPHASH=C1EDC431CD345F0A0F32019895D13FCE", "Image": "C:\\Windows\\System32\\vssadmin.exe", "OriginalFileName": "VSSADMIN.EXE"}}, {"values": {"ParentImage": "C:\\Users\\george\\AppData\\Roaming\\Microsoft\\Windows\\Start Menu\\Programs\\Startup\\calc.exe", "FileVersion": "10.0.17134.1 (WinBuild.160101.0800)", "ParentProcessId": "8024", "CurrentDirectory": "C:\\Users\\george\\Desktop\\", "CommandLine": "\"vssadmin.exe\" resize shadowstorage /for=c: /on=c: /maxsize=401MB", "TerminalSessionId": "1", "ProcessGuid": "{C784477D-ED0F-6543-5E06-000000004800}", "LogonId": "249135", "EventID": "1", "ProcessId": "664", "Product": "Microsoft\\xae Windows\\xae Operating System", "LogonGuid": "C784477D-AA41-6535-2FCD-030000000000", "Description": "Command Line Interface for Microsoft\\xae Volume Shadow Copy Service ", "Company": "Microsoft Corporation", "IntegrityLevel": "High", "ParentProcessGuid": "{C784477D-ED08-6543-3906-000000004800}", "ParentCommandLine": "\"C:\\Users\\george\\AppData\\Roaming\\Microsoft\\Windows\\Start Menu\\Programs\\Startup\\calc.exe\" ", "UtcTime": "1698950415", "User": "DESKTOP-B0T93D6\\george", "RuleName": "-", "Hashes": "MD5=47D51216EF45075B5F7EAA117CC70E40,SHA256=C946C4EDA61355A1B8E134E7A184A15C9A358B9675B6172A83E4937AE9EF4B03,IMPHASH=C1EDC431CD345F0A0F32019895D13FCE", "Image": "C:\\Windows\\System32\\vssadmin.exe", "OriginalFileName": "VSSADMIN.EXE"}}, {"values": {"ParentImage": "C:\\Users\\george\\AppData\\Roaming\\Microsoft\\Windows\\Start Menu\\Programs\\Startup\\calc.exe", "FileVersion": "10.0.17134.1 (WinBuild.160101.0800)", "ParentProcessId": "8024", "CurrentDirectory": "C:\\Users\\george\\Desktop\\", "CommandLine": "\"vssadmin.exe\" resize shadowstorage /for=c: /on=c: /maxsize=unbounded", "TerminalSessionId": "1", "ProcessGuid": "{C784477D-ED0F-6543-6006-000000004800}", "LogonId": "249135", "EventID": "1", "ProcessId": "2128", "Product": "Microsoft\\xae Windows\\xae Operating System", "LogonGuid": "C784477D-AA41-6535-2FCD-030000000000", "Description": "Command Line Interface for Microsoft\\xae Volume Shadow Copy Service ", "Company": "Microsoft Corporation", "IntegrityLevel": "High", "ParentProcessGuid": "{C784477D-ED08-6543-3906-000000004800}", "ParentCommandLine": "\"C:\\Users\\george\\AppData\\Roaming\\Microsoft\\Windows\\Start Menu\\Programs\\Startup\\calc.exe\" ", "UtcTime": "1698950415", "User": "DESKTOP-B0T93D6\\george", "RuleName": "-", "Hashes": "MD5=47D51216EF45075B5F7EAA117CC70E40,SHA256=C946C4EDA61355A1B8E134E7A184A15C9A358B9675B6172A83E4937AE9EF4B03,IMPHASH=C1EDC431CD345F0A0F32019895D13FCE", "Image": "C:\\Windows\\System32\\vssadmin.exe", "OriginalFileName": "VSSADMIN.EXE"}}, {"values": {"ParentImage": "C:\\Users\\george\\AppData\\Roaming\\Microsoft\\Windows\\Start Menu\\Programs\\Startup\\calc.exe", "FileVersion": "10.0.17134.1 (WinBuild.160101.0800)", "ParentProcessId": "8024", "CurrentDirectory": "C:\\Users\\george\\Desktop\\", "CommandLine": "\"vssadmin.exe\" resize shadowstorage /for=d: /on=d: /maxsize=401MB", "TerminalSessionId": "1", "ProcessGuid": "{C784477D-ED0F-6543-6206-000000004800}", "LogonId": "249135", "EventID": "1", "ProcessId": "6344", "Product": "Microsoft\\xae Windows\\xae Operating System", "LogonGuid": "C784477D-AA41-6535-2FCD-030000000000", "Description": "Command Line Interface for Microsoft\\xae Volume Shadow Copy Service ", "Company": "Microsoft Corporation", "IntegrityLevel": "High", "ParentProcessGuid": "{C784477D-ED08-6543-3906-000000004800}", "ParentCommandLine": "\"C:\\Users\\george\\AppData\\Roaming\\Microsoft\\Windows\\Start Menu\\Programs\\Startup\\calc.exe\" ", "UtcTime": "1698950415", "User": "DESKTOP-B0T93D6\\george", "RuleName": "-", "Hashes": "MD5=47D51216EF45075B5F7EAA117CC70E40,SHA256=C946C4EDA61355A1B8E134E7A184A15C9A358B9675B6172A83E4937AE9EF4B03,IMPHASH=C1EDC431CD345F0A0F32019895D13FCE", "Image": "C:\\Windows\\System32\\vssadmin.exe", "OriginalFileName": "VSSADMIN.EXE"}}, {"values": {"ParentImage": "C:\\Users\\george\\AppData\\Roaming\\Microsoft\\Windows\\Start Menu\\Programs\\Startup\\calc.exe", "FileVersion": "10.0.17134.1 (WinBuild.160101.0800)", "ParentProcessId": "8024", "CurrentDirectory": "C:\\Users\\george\\Desktop\\", "CommandLine": "\"vssadmin.exe\" resize shadowstorage /for=d: /on=d: /maxsize=unbounded", "TerminalSessionId": "1", "ProcessGuid": "{C784477D-ED10-6543-6406-000000004800}", "LogonId": "249135", "EventID": "1", "ProcessId": "1428", "Product": "Microsoft\\xae Windows\\xae Operating System", "LogonGuid": "C784477D-AA41-6535-2FCD-030000000000", "Description": "Command Line Interface for Microsoft\\xae Volume Shadow Copy Service ", "Company": "Microsoft Corporation", "IntegrityLevel": "High", "ParentProcessGuid": "{C784477D-ED08-6543-3906-000000004800}", "ParentCommandLine": "\"C:\\Users\\george\\AppData\\Roaming\\Microsoft\\Windows\\Start Menu\\Programs\\Startup\\calc.exe\" ", "UtcTime": "1698950416", "User": "DESKTOP-B0T93D6\\george", "RuleName": "-", "Hashes": "MD5=47D51216EF45075B5F7EAA117CC70E40,SHA256=C946C4EDA61355A1B8E134E7A184A15C9A358B9675B6172A83E4937AE9EF4B03,IMPHASH=C1EDC431CD345F0A0F32019895D13FCE", "Image": "C:\\Windows\\System32\\vssadmin.exe", "OriginalFileName": "VSSADMIN.EXE"}}, {"values": {"ParentImage": "C:\\Users\\george\\AppData\\Roaming\\Microsoft\\Windows\\Start Menu\\Programs\\Startup\\calc.exe", "FileVersion": "10.0.17134.1 (WinBuild.160101.0800)", "ParentProcessId": "8024", "CurrentDirectory": "C:\\Users\\george\\Desktop\\", "CommandLine": "\"vssadmin.exe\" resize shadowstorage /for=e: /on=e: /maxsize=401MB", "TerminalSessionId": "1", "ProcessGuid": "{C784477D-ED10-6543-6606-000000004800}", "LogonId": "249135", "EventID": "1", "ProcessId": "8128", "Product": "Microsoft\\xae Windows\\xae Operating System", "LogonGuid": "C784477D-AA41-6535-2FCD-030000000000", "Description": "Command Line Interface for Microsoft\\xae Volume Shadow Copy Service ", "Company": "Microsoft Corporation", "IntegrityLevel": "High", "ParentProcessGuid": "{C784477D-ED08-6543-3906-000000004800}", "ParentCommandLine": "\"C:\\Users\\george\\AppData\\Roaming\\Microsoft\\Windows\\Start Menu\\Programs\\Startup\\calc.exe\" ", "UtcTime": "1698950416", "User": "DESKTOP-B0T93D6\\george", "RuleName": "-", "Hashes": "MD5=47D51216EF45075B5F7EAA117CC70E40,SHA256=C946C4EDA61355A1B8E134E7A184A15C9A358B9675B6172A83E4937AE9EF4B03,IMPHASH=C1EDC431CD345F0A0F32019895D13FCE", "Image": "C:\\Windows\\System32\\vssadmin.exe", "OriginalFileName": "VSSADMIN.EXE"}}, {"values": {"ParentImage": "C:\\Users\\george\\AppData\\Roaming\\Microsoft\\Windows\\Start Menu\\Programs\\Startup\\calc.exe", "FileVersion": "10.0.17134.1 (WinBuild.160101.0800)", "ParentProcessId": "8024", "CurrentDirectory": "C:\\Users\\george\\Desktop\\", "CommandLine": "\"vssadmin.exe\" resize shadowstorage /for=e: /on=e: /maxsize=unbounded", "TerminalSessionId": "1", "ProcessGuid": "{C784477D-ED11-6543-6806-000000004800}", "LogonId": "249135", "EventID": "1", "ProcessId": "6020", "Product": "Microsoft\\xae Windows\\xae Operating System", "LogonGuid": "C784477D-AA41-6535-2FCD-030000000000", "Description": "Command Line Interface for Microsoft\\xae Volume Shadow Copy Service ", "Company": "Microsoft Corporation", "IntegrityLevel": "High", "ParentProcessGuid": "{C784477D-ED08-6543-3906-000000004800}", "ParentCommandLine": "\"C:\\Users\\george\\AppData\\Roaming\\Microsoft\\Windows\\Start Menu\\Programs\\Startup\\calc.exe\" ", "UtcTime": "1698950417", "User": "DESKTOP-B0T93D6\\george", "RuleName": "-", "Hashes": "MD5=47D51216EF45075B5F7EAA117CC70E40,SHA256=C946C4EDA61355A1B8E134E7A184A15C9A358B9675B6172A83E4937AE9EF4B03,IMPHASH=C1EDC431CD345F0A0F32019895D13FCE", "Image": "C:\\Windows\\System32\\vssadmin.exe", "OriginalFileName": "VSSADMIN.EXE"}}, {"values": {"ParentImage": "C:\\Users\\george\\AppData\\Roaming\\Microsoft\\Windows\\Start Menu\\Programs\\Startup\\calc.exe", "FileVersion": "10.0.17134.1 (WinBuild.160101.0800)", "ParentProcessId": "8024", "CurrentDirectory": "C:\\Users\\george\\Desktop\\", "CommandLine": "\"vssadmin.exe\" resize shadowstorage /for=f: /on=f: /maxsize=401MB", "TerminalSessionId": "1", "ProcessGuid": "{C784477D-ED11-6543-6A06-000000004800}", "LogonId": "249135", "EventID": "1", "ProcessId": "7060", "Product": "Microsoft\\xae Windows\\xae Operating System", "LogonGuid": "C784477D-AA41-6535-2FCD-030000000000", "Description": "Command Line Interface for Microsoft\\xae Volume Shadow Copy Service ", "Company": "Microsoft Corporation", "IntegrityLevel": "High", "ParentProcessGuid": "{C784477D-ED08-6543-3906-000000004800}", "ParentCommandLine": "\"C:\\Users\\george\\AppData\\Roaming\\Microsoft\\Windows\\Start Menu\\Programs\\Startup\\calc.exe\" ", "UtcTime": "1698950417", "User": "DESKTOP-B0T93D6\\george", "RuleName": "-", "Hashes": "MD5=47D51216EF45075B5F7EAA117CC70E40,SHA256=C946C4EDA61355A1B8E134E7A184A15C9A358B9675B6172A83E4937AE9EF4B03,IMPHASH=C1EDC431CD345F0A0F32019895D13FCE", "Image": "C:\\Windows\\System32\\vssadmin.exe", "OriginalFileName": "VSSADMIN.EXE"}}, {"values": {"ParentImage": "C:\\Users\\george\\AppData\\Roaming\\Microsoft\\Windows\\Start Menu\\Programs\\Startup\\calc.exe", "FileVersion": "10.0.17134.1 (WinBuild.160101.0800)", "ParentProcessId": "8024", "CurrentDirectory": "C:\\Users\\george\\Desktop\\", "CommandLine": "\"vssadmin.exe\" resize shadowstorage /for=f: /on=f: /maxsize=unbounded", "TerminalSessionId": "1", "ProcessGuid": "{C784477D-ED11-6543-6C06-000000004800}", "LogonId": "249135", "EventID": "1", "ProcessId": "5160", "Product": "Microsoft\\xae Windows\\xae Operating System", "LogonGuid": "C784477D-AA41-6535-2FCD-030000000000", "Description": "Command Line Interface for Microsoft\\xae Volume Shadow Copy Service ", "Company": "Microsoft Corporation", "IntegrityLevel": "High", "ParentProcessGuid": "{C784477D-ED08-6543-3906-000000004800}", "ParentCommandLine": "\"C:\\Users\\george\\AppData\\Roaming\\Microsoft\\Windows\\Start Menu\\Programs\\Startup\\calc.exe\" ", "UtcTime": "1698950417", "User": "DESKTOP-B0T93D6\\george", "RuleName": "-", "Hashes": "MD5=47D51216EF45075B5F7EAA117CC70E40,SHA256=C946C4EDA61355A1B8E134E7A184A15C9A358B9675B6172A83E4937AE9EF4B03,IMPHASH=C1EDC431CD345F0A0F32019895D13FCE", "Image": "C:\\Windows\\System32\\vssadmin.exe", "OriginalFileName": "VSSADMIN.EXE"}}, {"values": {"ParentImage": "C:\\Users\\george\\AppData\\Roaming\\Microsoft\\Windows\\Start Menu\\Programs\\Startup\\calc.exe", "FileVersion": "10.0.17134.1 (WinBuild.160101.0800)", "ParentProcessId": "8024", "CurrentDirectory": "C:\\Users\\george\\Desktop\\", "CommandLine": "\"vssadmin.exe\" resize shadowstorage /for=g: /on=g: /maxsize=401MB", "TerminalSessionId": "1", "ProcessGuid": "{C784477D-ED12-6543-6E06-000000004800}", "LogonId": "249135", "EventID": "1", "ProcessId": "8140", "Product": "Microsoft\\xae Windows\\xae Operating System", "LogonGuid": "C784477D-AA41-6535-2FCD-030000000000", "Description": "Command Line Interface for Microsoft\\xae Volume Shadow Copy Service ", "Company": "Microsoft Corporation", "IntegrityLevel": "High", "ParentProcessGuid": "{C784477D-ED08-6543-3906-000000004800}", "ParentCommandLine": "\"C:\\Users\\george\\AppData\\Roaming\\Microsoft\\Windows\\Start Menu\\Programs\\Startup\\calc.exe\" ", "UtcTime": "1698950418", "User": "DESKTOP-B0T93D6\\george", "RuleName": "-", "Hashes": "MD5=47D51216EF45075B5F7EAA117CC70E40,SHA256=C946C4EDA61355A1B8E134E7A184A15C9A358B9675B6172A83E4937AE9EF4B03,IMPHASH=C1EDC431CD345F0A0F32019895D13FCE", "Image": "C:\\Windows\\System32\\vssadmin.exe", "OriginalFileName": "VSSADMIN.EXE"}}, {"values": {"ParentImage": "C:\\Users\\george\\AppData\\Roaming\\Microsoft\\Windows\\Start Menu\\Programs\\Startup\\calc.exe", "FileVersion": "10.0.17134.1 (WinBuild.160101.0800)", "ParentProcessId": "8024", "CurrentDirectory": "C:\\Users\\george\\Desktop\\", "CommandLine": "\"vssadmin.exe\" resize shadowstorage /for=g: /on=g: /maxsize=unbounded", "TerminalSessionId": "1", "ProcessGuid": "{C784477D-ED12-6543-7006-000000004800}", "LogonId": "249135", "EventID": "1", "ProcessId": "7884", "Product": "Microsoft\\xae Windows\\xae Operating System", "LogonGuid": "C784477D-AA41-6535-2FCD-030000000000", "Description": "Command Line Interface for Microsoft\\xae Volume Shadow Copy Service ", "Company": "Microsoft Corporation", "IntegrityLevel": "High", "ParentProcessGuid": "{C784477D-ED08-6543-3906-000000004800}", "ParentCommandLine": "\"C:\\Users\\george\\AppData\\Roaming\\Microsoft\\Windows\\Start Menu\\Programs\\Startup\\calc.exe\" ", "UtcTime": "1698950418", "User": "DESKTOP-B0T93D6\\george", "RuleName": "-", "Hashes": "MD5=47D51216EF45075B5F7EAA117CC70E40,SHA256=C946C4EDA61355A1B8E134E7A184A15C9A358B9675B6172A83E4937AE9EF4B03,IMPHASH=C1EDC431CD345F0A0F32019895D13FCE", "Image": "C:\\Windows\\System32\\vssadmin.exe", "OriginalFileName": "VSSADMIN.EXE"}}, {"values": {"ParentImage": "C:\\Users\\george\\AppData\\Roaming\\Microsoft\\Windows\\Start Menu\\Programs\\Startup\\calc.exe", "FileVersion": "10.0.17134.1 (WinBuild.160101.0800)", "ParentProcessId": "8024", "CurrentDirectory": "C:\\Users\\george\\Desktop\\", "CommandLine": "\"vssadmin.exe\" resize shadowstorage /for=h: /on=h: /maxsize=401MB", "TerminalSessionId": "1", "ProcessGuid": "{C784477D-ED12-6543-7206-000000004800}", "LogonId": "249135", "EventID": "1", "ProcessId": "8156", "Product": "Microsoft\\xae Windows\\xae Operating System", "LogonGuid": "C784477D-AA41-6535-2FCD-030000000000", "Description": "Command Line Interface for Microsoft\\xae Volume Shadow Copy Service ", "Company": "Microsoft Corporation", "IntegrityLevel": "High", "ParentProcessGuid": "{C784477D-ED08-6543-3906-000000004800}", "ParentCommandLine": "\"C:\\Users\\george\\AppData\\Roaming\\Microsoft\\Windows\\Start Menu\\Programs\\Startup\\calc.exe\" ", "UtcTime": "1698950418", "User": "DESKTOP-B0T93D6\\george", "RuleName": "-", "Hashes": "MD5=47D51216EF45075B5F7EAA117CC70E40,SHA256=C946C4EDA61355A1B8E134E7A184A15C9A358B9675B6172A83E4937AE9EF4B03,IMPHASH=C1EDC431CD345F0A0F32019895D13FCE", "Image": "C:\\Windows\\System32\\vssadmin.exe", "OriginalFileName": "VSSADMIN.EXE"}}, {"values": {"ParentImage": "C:\\Users\\george\\AppData\\Roaming\\Microsoft\\Windows\\Start Menu\\Programs\\Startup\\calc.exe", "FileVersion": "10.0.17134.1 (WinBuild.160101.0800)", "ParentProcessId": "8024", "CurrentDirectory": "C:\\Users\\george\\Desktop\\", "CommandLine": "\"vssadmin.exe\" resize shadowstorage /for=h: /on=h: /maxsize=unbounded", "TerminalSessionId": "1", "ProcessGuid": "{C784477D-ED13-6543-7406-000000004800}", "LogonId": "249135", "EventID": "1", "ProcessId": "7360", "Product": "Microsoft\\xae Windows\\xae Operating System", "LogonGuid": "C784477D-AA41-6535-2FCD-030000000000", "Description": "Command Line Interface for Microsoft\\xae Volume Shadow Copy Service ", "Company": "Microsoft Corporation", "IntegrityLevel": "High", "ParentProcessGuid": "{C784477D-ED08-6543-3906-000000004800}", "ParentCommandLine": "\"C:\\Users\\george\\AppData\\Roaming\\Microsoft\\Windows\\Start Menu\\Programs\\Startup\\calc.exe\" ", "UtcTime": "1698950419", "User": "DESKTOP-B0T93D6\\george", "RuleName": "-", "Hashes": "MD5=47D51216EF45075B5F7EAA117CC70E40,SHA256=C946C4EDA61355A1B8E134E7A184A15C9A358B9675B6172A83E4937AE9EF4B03,IMPHASH=C1EDC431CD345F0A0F32019895D13FCE", "Image": "C:\\Windows\\System32\\vssadmin.exe", "OriginalFileName": "VSSADMIN.EXE"}}, {"values": {"ParentImage": "C:\\Users\\george\\AppData\\Roaming\\Microsoft\\Windows\\Start Menu\\Programs\\Startup\\calc.exe", "FileVersion": "10.0.17134.1 (WinBuild.160101.0800)", "ParentProcessId": "8024", "CurrentDirectory": "C:\\Users\\george\\Desktop\\", "CommandLine": "\"vssadmin.exe\" Delete Shadows /all /quiet", "TerminalSessionId": "1", "ProcessGuid": "{C784477D-ED13-6543-7706-000000004800}", "LogonId": "249135", "EventID": "1", "ProcessId": "7708", "Product": "Microsoft\\xae Windows\\xae Operating System", "LogonGuid": "C784477D-AA41-6535-2FCD-030000000000", "Description": "Command Line Interface for Microsoft\\xae Volume Shadow Copy Service ", "Company": "Microsoft Corporation", "IntegrityLevel": "High", "ParentProcessGuid": "{C784477D-ED08-6543-3906-000000004800}", "ParentCommandLine": "\"C:\\Users\\george\\AppData\\Roaming\\Microsoft\\Windows\\Start Menu\\Programs\\Startup\\calc.exe\" ", "UtcTime": "1698950419", "User": "DESKTOP-B0T93D6\\george", "RuleName": "-", "Hashes": "MD5=47D51216EF45075B5F7EAA117CC70E40,SHA256=C946C4EDA61355A1B8E134E7A184A15C9A358B9675B6172A83E4937AE9EF4B03,IMPHASH=C1EDC431CD345F0A0F32019895D13FCE", "Image": "C:\\Windows\\System32\\vssadmin.exe", "OriginalFileName": "VSSADMIN.EXE"}}, {"values": {"ParentImage": "C:\\Users\\george\\AppData\\Roaming\\Microsoft\\Windows\\Start Menu\\Programs\\Startup\\calc.exe", "FileVersion": "10.0.17134.1 (WinBuild.160101.0800)", "ParentProcessId": "7688", "CurrentDirectory": "C:\\Users\\george\\AppData\\Roaming\\Microsoft\\Windows\\Start Menu\\Programs\\Startup\\", "CommandLine": "\"net.exe\" stop avpsus /y", "TerminalSessionId": "1", "ProcessGuid": "{C784477D-ED14-6543-7A06-000000004800}", "LogonId": "249213", "EventID": "1", "ProcessId": "7660", "Product": "Microsoft\\xae Windows\\xae Operating System", "LogonGuid": "C784477D-AA41-6535-7DCD-030000000000", "Description": "Net Command", "Company": "Microsoft Corporation", "IntegrityLevel": "Medium", "ParentProcessGuid": "{C784477D-ED14-6543-7906-000000004800}", "ParentCommandLine": "\"C:\\Users\\george\\AppData\\Roaming\\Microsoft\\Windows\\Start Menu\\Programs\\Startup\\calc.exe\" ", "UtcTime": "1698950420", "User": "DESKTOP-B0T93D6\\george", "RuleName": "-", "Hashes": "MD5=15534275EDAABC58159DD0F8607A71E5,SHA256=E9739D544EE0D428696036CBD656C41DCC505B67CC43DBA7C6BEC4E3959282AC,IMPHASH=EB2C2924EA23E1A5FB0E3F53F46CB709", "Image": "C:\\Windows\\System32\\net.exe", "OriginalFileName": "net.exe"}}, {"values": {"ParentImage": "C:\\Users\\george\\AppData\\Roaming\\Microsoft\\Windows\\Start Menu\\Programs\\Startup\\calc.exe", "FileVersion": "10.0.17134.1 (WinBuild.160101.0800)", "ParentProcessId": "7688", "CurrentDirectory": "C:\\Users\\george\\AppData\\Roaming\\Microsoft\\Windows\\Start Menu\\Programs\\Startup\\", "CommandLine": "\"net.exe\" stop McAfeeDLPAgentService /y", "TerminalSessionId": "1", "ProcessGuid": "{C784477D-ED15-6543-7D06-000000004800}", "LogonId": "249213", "EventID": "1", "ProcessId": "5116", "Product": "Microsoft\\xae Windows\\xae Operating System", "LogonGuid": "C784477D-AA41-6535-7DCD-030000000000", "Description": "Net Command", "Company": "Microsoft Corporation", "IntegrityLevel": "Medium", "ParentProcessGuid": "{C784477D-ED14-6543-7906-000000004800}", "ParentCommandLine": "\"C:\\Users\\george\\AppData\\Roaming\\Microsoft\\Windows\\Start Menu\\Programs\\Startup\\calc.exe\" ", "UtcTime": "1698950421", "User": "DESKTOP-B0T93D6\\george", "RuleName": "-", "Hashes": "MD5=15534275EDAABC58159DD0F8607A71E5,SHA256=E9739D544EE0D428696036CBD656C41DCC505B67CC43DBA7C6BEC4E3959282AC,IMPHASH=EB2C2924EA23E1A5FB0E3F53F46CB709", "Image": "C:\\Windows\\System32\\net.exe", "OriginalFileName": "net.exe"}}, {"values": {"ParentImage": "C:\\Users\\george\\AppData\\Roaming\\Microsoft\\Windows\\Start Menu\\Programs\\Startup\\calc.exe", "FileVersion": "10.0.17134.1 (WinBuild.160101.0800)", "ParentProcessId": "8024", "CurrentDirectory": "C:\\Users\\george\\Desktop\\", "CommandLine": "\"arp\" -a", "TerminalSessionId": "1", "ProcessGuid": "{C784477D-ED15-6543-7E06-000000004800}", "LogonId": "249135", "EventID": "1", "ProcessId": "4888", "Product": "Microsoft\\xae Windows\\xae Operating System", "LogonGuid": "C784477D-AA41-6535-2FCD-030000000000", "Description": "TCP/IP Arp Command", "Company": "Microsoft Corporation", "IntegrityLevel": "High", "ParentProcessGuid": "{C784477D-ED08-6543-3906-000000004800}", "ParentCommandLine": "\"C:\\Users\\george\\AppData\\Roaming\\Microsoft\\Windows\\Start Menu\\Programs\\Startup\\calc.exe\" ", "UtcTime": "1698950421", "User": "DESKTOP-B0T93D6\\george", "RuleName": "-", "Hashes": "MD5=D0F33D464A967DA483BBEEFE4D9D3683,SHA256=5C95E274DAA0FFC07CC1F9C9669778F8C4C8EFF8497BE0A8A4A0591B512639AE,IMPHASH=02E80B21355ED722444F540585E82D1D", "Image": "C:\\Windows\\System32\\ARP.EXE", "OriginalFileName": "arp.exe"}}, {"values": {"ParentImage": "C:\\Users\\george\\AppData\\Roaming\\Microsoft\\Windows\\Start Menu\\Programs\\Startup\\calc.exe", "FileVersion": "10.0.17134.1 (WinBuild.160101.0800)", "ParentProcessId": "7688", "CurrentDirectory": "C:\\Users\\george\\AppData\\Roaming\\Microsoft\\Windows\\Start Menu\\Programs\\Startup\\", "CommandLine": "\"net.exe\" stop mfewc /y", "TerminalSessionId": "1", "ProcessGuid": "{C784477D-ED16-6543-8206-000000004800}", "LogonId": "249213", "EventID": "1", "ProcessId": "7924", "Product": "Microsoft\\xae Windows\\xae Operating System", "LogonGuid": "C784477D-AA41-6535-7DCD-030000000000", "Description": "Net Command", "Company": "Microsoft Corporation", "IntegrityLevel": "Medium", "ParentProcessGuid": "{C784477D-ED14-6543-7906-000000004800}", "ParentCommandLine": "\"C:\\Users\\george\\AppData\\Roaming\\Microsoft\\Windows\\Start Menu\\Programs\\Startup\\calc.exe\" ", "UtcTime": "1698950422", "User": "DESKTOP-B0T93D6\\george", "RuleName": "-", "Hashes": "MD5=15534275EDAABC58159DD0F8607A71E5,SHA256=E9739D544EE0D428696036CBD656C41DCC505B67CC43DBA7C6BEC4E3959282AC,IMPHASH=EB2C2924EA23E1A5FB0E3F53F46CB709", "Image": "C:\\Windows\\System32\\net.exe", "OriginalFileName": "net.exe"}}, {"values": {"ParentImage": "C:\\Users\\george\\AppData\\Roaming\\Microsoft\\Windows\\Start Menu\\Programs\\Startup\\calc.exe", "FileVersion": "10.0.17134.1 (WinBuild.160101.0800)", "ParentProcessId": "7688", "CurrentDirectory": "C:\\Users\\george\\AppData\\Roaming\\Microsoft\\Windows\\Start Menu\\Programs\\Startup\\", "CommandLine": "\"net.exe\" stop BMR Boot Service /y", "TerminalSessionId": "1", "ProcessGuid": "{C784477D-ED16-6543-8506-000000004800}", "LogonId": "249213", "EventID": "1", "ProcessId": "7888", "Product": "Microsoft\\xae Windows\\xae Operating System", "LogonGuid": "C784477D-AA41-6535-7DCD-030000000000", "Description": "Net Command", "Company": "Microsoft Corporation", "IntegrityLevel": "Medium", "ParentProcessGuid": "{C784477D-ED14-6543-7906-000000004800}", "ParentCommandLine": "\"C:\\Users\\george\\AppData\\Roaming\\Microsoft\\Windows\\Start Menu\\Programs\\Startup\\calc.exe\" ", "UtcTime": "1698950422", "User": "DESKTOP-B0T93D6\\george", "RuleName": "-", "Hashes": "MD5=15534275EDAABC58159DD0F8607A71E5,SHA256=E9739D544EE0D428696036CBD656C41DCC505B67CC43DBA7C6BEC4E3959282AC,IMPHASH=EB2C2924EA23E1A5FB0E3F53F46CB709", "Image": "C:\\Windows\\System32\\net.exe", "OriginalFileName": "net.exe"}}, {"values": {"ParentImage": "C:\\Users\\george\\AppData\\Roaming\\Microsoft\\Windows\\Start Menu\\Programs\\Startup\\calc.exe", "FileVersion": "10.0.17134.1 (WinBuild.160101.0800)", "ParentProcessId": "7688", "CurrentDirectory": "C:\\Users\\george\\AppData\\Roaming\\Microsoft\\Windows\\Start Menu\\Programs\\Startup\\", "CommandLine": "\"net.exe\" stop NetBackup BMR MTFTP Service /y", "TerminalSessionId": "1", "ProcessGuid": "{C784477D-ED16-6543-8806-000000004800}", "LogonId": "249213", "EventID": "1", "ProcessId": "8016", "Product": "Microsoft\\xae Windows\\xae Operating System", "LogonGuid": "C784477D-AA41-6535-7DCD-030000000000", "Description": "Net Command", "Company": "Microsoft Corporation", "IntegrityLevel": "Medium", "ParentProcessGuid": "{C784477D-ED14-6543-7906-000000004800}", "ParentCommandLine": "\"C:\\Users\\george\\AppData\\Roaming\\Microsoft\\Windows\\Start Menu\\Programs\\Startup\\calc.exe\" ", "UtcTime": "1698950422", "User": "DESKTOP-B0T93D6\\george", "RuleName": "-", "Hashes": "MD5=15534275EDAABC58159DD0F8607A71E5,SHA256=E9739D544EE0D428696036CBD656C41DCC505B67CC43DBA7C6BEC4E3959282AC,IMPHASH=EB2C2924EA23E1A5FB0E3F53F46CB709", "Image": "C:\\Windows\\System32\\net.exe", "OriginalFileName": "net.exe"}}, {"values": {"ParentImage": "C:\\Users\\george\\AppData\\Roaming\\Microsoft\\Windows\\Start Menu\\Programs\\Startup\\calc.exe", "FileVersion": "10.0.17134.1 (WinBuild.160101.0800)", "ParentProcessId": "7688", "CurrentDirectory": "C:\\Users\\george\\AppData\\Roaming\\Microsoft\\Windows\\Start Menu\\Programs\\Startup\\", "CommandLine": "\"sc.exe\" config SQLTELEMETRY start= disabled", "TerminalSessionId": "1", "ProcessGuid": "{C784477D-ED16-6543-8C06-000000004800}", "LogonId": "249213", "EventID": "1", "ProcessId": "8456", "Product": "Microsoft\\xae Windows\\xae Operating System", "LogonGuid": "C784477D-AA41-6535-7DCD-030000000000", "Description": "Service Control Manager Configuration Tool", "Company": "Microsoft Corporation", "IntegrityLevel": "Medium", "ParentProcessGuid": "{C784477D-ED14-6543-7906-000000004800}", "ParentCommandLine": "\"C:\\Users\\george\\AppData\\Roaming\\Microsoft\\Windows\\Start Menu\\Programs\\Startup\\calc.exe\" ", "UtcTime": "1698950422", "User": "DESKTOP-B0T93D6\\george", "RuleName": "-", "Hashes": "MD5=D79784553A9410D15E04766AAAB77CD6,SHA256=AEB241959F4A7B7C29F45D27FD65C5326F9592D25BADD1A7659DE0DA351BF96E,IMPHASH=7D296975925315BE8D57D0C67B133359", "Image": "C:\\Windows\\System32\\sc.exe", "OriginalFileName": "sc.exe"}}, {"values": {"ParentImage": "C:\\Users\\george\\AppData\\Roaming\\Microsoft\\Windows\\Start Menu\\Programs\\Startup\\calc.exe", "FileVersion": "10.0.17134.1 (WinBuild.160101.0800)", "ParentProcessId": "7688", "CurrentDirectory": "C:\\Users\\george\\AppData\\Roaming\\Microsoft\\Windows\\Start Menu\\Programs\\Startup\\", "CommandLine": "\"sc.exe\" config SQLTELEMETRY$ECWDB2 start= disabled", "TerminalSessionId": "1", "ProcessGuid": "{C784477D-ED16-6543-8F06-000000004800}", "LogonId": "249213", "EventID": "1", "ProcessId": "8556", "Product": "Microsoft\\xae Windows\\xae Operating System", "LogonGuid": "C784477D-AA41-6535-7DCD-030000000000", "Description": "Service Control Manager Configuration Tool", "Company": "Microsoft Corporation", "IntegrityLevel": "Medium", "ParentProcessGuid": "{C784477D-ED14-6543-7906-000000004800}", "ParentCommandLine": "\"C:\\Users\\george\\AppData\\Roaming\\Microsoft\\Windows\\Start Menu\\Programs\\Startup\\calc.exe\" ", "UtcTime": "1698950422", "User": "DESKTOP-B0T93D6\\george", "RuleName": "-", "Hashes": "MD5=D79784553A9410D15E04766AAAB77CD6,SHA256=AEB241959F4A7B7C29F45D27FD65C5326F9592D25BADD1A7659DE0DA351BF96E,IMPHASH=7D296975925315BE8D57D0C67B133359", "Image": "C:\\Windows\\System32\\sc.exe", "OriginalFileName": "sc.exe"}}, 