{"values": {"ParentImage": "C:\\Users\\george\\AppData\\Roaming\\Microsoft\\Windows\\Start Menu\\Programs\\Startup\\calc.exe", "FileVersion": "10.0.17134.1 (WinBuild.160101.0800)", "ParentProcessId": "8024", "CurrentDirectory": "C:\\Users\\george\\Desktop\\", "CommandLine": "\"vssadmin.exe\" resize shadowstorage /for=e: /on=e: /maxsize=unbounded", "TerminalSessionId": "1", "ProcessGuid": "{C784477D-ED11-6543-6806-000000004800}", "LogonId": "249135", "EventID": "1", "ProcessId": "6020", "Product": "Microsoft\\xae Windows\\xae Operating System", "LogonGuid": "C784477D-AA41-6535-2FCD-030000000000", "Description": "Command Line Interface for Microsoft\\xae Volume Shadow Copy Service ", "Company": "Microsoft Corporation", "IntegrityLevel": "High", "ParentProcessGuid": "{C784477D-ED08-6543-3906-000000004800}", "ParentCommandLine": "\"C:\\Users\\george\\AppData\\Roaming\\Microsoft\\Windows\\Start Menu\\Programs\\Startup\\calc.exe\" ", "UtcTime": "1698950417", "User": "DESKTOP-B0T93D6\\george", "RuleName": "-", "Hashes": "MD5=47D51216EF45075B5F7EAA117CC70E40,SHA256=C946C4EDA61355A1B8E134E7A184A15C9A358B9675B6172A83E4937AE9EF4B03,IMPHASH=C1EDC431CD345F0A0F32019895D13FCE", "Image": "C:\\Windows\\System32\\vssadmin.exe", "OriginalFileName": "VSSADMIN.EXE"}}, {"values": {"ParentImage": "C:\\Users\\george\\AppData\\Roaming\\Microsoft\\Windows\\Start Menu\\Programs\\Startup\\calc.exe", "FileVersion": "10.0.17134.1 (WinBuild.160101.0800)", "ParentProcessId": "8024", "CurrentDirectory": "C:\\Users\\george\\Desktop\\", "CommandLine": "\"vssadmin.exe\" resize shadowstorage /for=f: /on=f: /maxsize=401MB", "TerminalSessionId": "1", "ProcessGuid": "{C784477D-ED11-6543-6A06-000000004800}", "LogonId": "249135", "EventID": "1", "ProcessId": "7060", "Product": "Microsoft\\xae Windows\\xae Operating System", "LogonGuid": "C784477D-AA41-6535-2FCD-030000000000", "Description": "Command Line Interface for Microsoft\\xae Volume Shadow Copy Service ", "Company": "Microsoft Corporation", "IntegrityLevel": "High", "ParentProcessGuid": "{C784477D-ED08-6543-3906-000000004800}", "ParentCommandLine": "\"C:\\Users\\george\\AppData\\Roaming\\Microsoft\\Windows\\Start Menu\\Programs\\Startup\\calc.exe\" ", "UtcTime": "1698950417", "User": "DESKTOP-B0T93D6\\george", "RuleName": "-", "Hashes": "MD5=47D51216EF45075B5F7EAA117CC70E40,SHA256=C946C4EDA61355A1B8E134E7A184A15C9A358B9675B6172A83E4937AE9EF4B03,IMPHASH=C1EDC431CD345F0A0F32019895D13FCE", "Image": "C:\\Windows\\System32\\vssadmin.exe", "OriginalFileName": "VSSADMIN.EXE"}}, {"values": {"ParentImage": "C:\\Users\\george\\AppData\\Roaming\\Microsoft\\Windows\\Start Menu\\Programs\\Startup\\calc.exe", "FileVersion": "10.0.17134.1 (WinBuild.160101.0800)", "ParentProcessId": "8024", "CurrentDirectory": "C:\\Users\\george\\Desktop\\", "CommandLine": "\"vssadmin.exe\" resize shadowstorage /for=f: /on=f: /maxsize=unbounded", "TerminalSessionId": "1", "ProcessGuid": "{C784477D-ED11-6543-6C06-000000004800}", "LogonId": "249135", "EventID": "1", "ProcessId": "5160", "Product": "Microsoft\\xae Windows\\xae Operating System", "LogonGuid": "C784477D-AA41-6535-2FCD-030000000000", "Description": "Command Line Interface for Microsoft\\xae Volume Shadow Copy Service ", "Company": "Microsoft Corporation", "IntegrityLevel": "High", "ParentProcessGuid": "{C784477D-ED08-6543-3906-000000004800}", "ParentCommandLine": "\"C:\\Users\\george\\AppData\\Roaming\\Microsoft\\Windows\\Start Menu\\Programs\\Startup\\calc.exe\" ", "UtcTime": "1698950417", "User": "DESKTOP-B0T93D6\\george", "RuleName": "-", "Hashes": "MD5=47D51216EF45075B5F7EAA117CC70E40,SHA256=C946C4EDA61355A1B8E134E7A184A15C9A358B9675B6172A83E4937AE9EF4B03,IMPHASH=C1EDC431CD345F0A0F32019895D13FCE", "Image": "C:\\Windows\\System32\\vssadmin.exe", "OriginalFileName": "VSSADMIN.EXE"}}, {"values": {"ParentImage": "C:\\Users\\george\\AppData\\Roaming\\Microsoft\\Windows\\Start Menu\\Programs\\Startup\\calc.exe", "FileVersion": "10.0.17134.1 (WinBuild.160101.0800)", "ParentProcessId": "8024", "CurrentDirectory": "C:\\Users\\george\\Desktop\\", "CommandLine": "\"vssadmin.exe\" resize shadowstorage /for=g: /on=g: /maxsize=401MB", "TerminalSessionId": "1", "ProcessGuid": "{C784477D-ED12-6543-6E06-000000004800}", "LogonId": "249135", "EventID": "1", "ProcessId": "8140", "Product": "Microsoft\\xae Windows\\xae Operating System", "LogonGuid": "C784477D-AA41-6535-2FCD-030000000000", "Description": "Command Line Interface for Microsoft\\xae Volume Shadow Copy Service ", "Company": "Microsoft Corporation", "IntegrityLevel": "High", "ParentProcessGuid": "{C784477D-ED08-6543-3906-000000004800}", "ParentCommandLine": "\"C:\\Users\\george\\AppData\\Roaming\\Microsoft\\Windows\\Start Menu\\Programs\\Startup\\calc.exe\" ", "UtcTime": "1698950418", "User": "DESKTOP-B0T93D6\\george", "RuleName": "-", "Hashes": "MD5=47D51216EF45075B5F7EAA117CC70E40,SHA256=C946C4EDA61355A1B8E134E7A184A15C9A358B9675B6172A83E4937AE9EF4B03,IMPHASH=C1EDC431CD345F0A0F32019895D13FCE", "Image": "C:\\Windows\\System32\\vssadmin.exe", "OriginalFileName": "VSSADMIN.EXE"}}, {"values": {"ParentImage": "C:\\Users\\george\\AppData\\Roaming\\Microsoft\\Windows\\Start Menu\\Programs\\Startup\\calc.exe", "FileVersion": "10.0.17134.1 (WinBuild.160101.0800)", "ParentProcessId": "8024", "CurrentDirectory": "C:\\Users\\george\\Desktop\\", "CommandLine": "\"vssadmin.exe\" resize shadowstorage /for=g: /on=g: /maxsize=unbounded", "TerminalSessionId": "1", "ProcessGuid": "{C784477D-ED12-6543-7006-000000004800}", "LogonId": "249135", "EventID": "1", "ProcessId": "7884", "Product": "Microsoft\\xae Windows\\xae Operating System", "LogonGuid": "C784477D-AA41-6535-2FCD-030000000000", "Description": "Command Line Interface for Microsoft\\xae Volume Shadow Copy Service ", "Company": "Microsoft Corporation", "IntegrityLevel": "High", "ParentProcessGuid": "{C784477D-ED08-6543-3906-000000004800}", "ParentCommandLine": "\"C:\\Users\\george\\AppData\\Roaming\\Microsoft\\Windows\\Start Menu\\Programs\\Startup\\calc.exe\" ", "UtcTime": "1698950418", "User": "DESKTOP-B0T93D6\\george", "RuleName": "-", "Hashes": "MD5=47D51216EF45075B5F7EAA117CC70E40,SHA256=C946C4EDA61355A1B8E134E7A184A15C9A358B9675B6172A83E4937AE9EF4B03,IMPHASH=C1EDC431CD345F0A0F32019895D13FCE", "Image": "C:\\Windows\\System32\\vssadmin.exe", "OriginalFileName": "VSSADMIN.EXE"}}, {"values": {"ParentImage": "C:\\Users\\george\\AppData\\Roaming\\Microsoft\\Windows\\Start Menu\\Programs\\Startup\\calc.exe", "FileVersion": "10.0.17134.1 (WinBuild.160101.0800)", "ParentProcessId": "8024", "CurrentDirectory": "C:\\Users\\george\\Desktop\\", "CommandLine": "\"vssadmin.exe\" resize shadowstorage /for=h: /on=h: /maxsize=401MB", "TerminalSessionId": "1", "ProcessGuid": "{C784477D-ED12-6543-7206-000000004800}", "LogonId": "249135", "EventID": "1", "ProcessId": "8156", "Product": "Microsoft\\xae Windows\\xae Operating System", "LogonGuid": "C784477D-AA41-6535-2FCD-030000000000", "Description": "Command Line Interface for Microsoft\\xae Volume Shadow Copy Service ", "Company": "Microsoft Corporation", "IntegrityLevel": "High", "ParentProcessGuid": "{C784477D-ED08-6543-3906-000000004800}", "ParentCommandLine": "\"C:\\Users\\george\\AppData\\Roaming\\Microsoft\\Windows\\Start Menu\\Programs\\Startup\\calc.exe\" ", "UtcTime": "1698950418", "User": "DESKTOP-B0T93D6\\george", "RuleName": "-", "Hashes": "MD5=47D51216EF45075B5F7EAA117CC70E40,SHA256=C946C4EDA61355A1B8E134E7A184A15C9A358B9675B6172A83E4937AE9EF4B03,IMPHASH=C1EDC431CD345F0A0F32019895D13FCE", "Image": "C:\\Windows\\System32\\vssadmin.exe", "OriginalFileName": "VSSADMIN.EXE"}}, {"values": {"ParentImage": "C:\\Users\\george\\AppData\\Roaming\\Microsoft\\Windows\\Start Menu\\Programs\\Startup\\calc.exe", "FileVersion": "10.0.17134.1 (WinBuild.160101.0800)", "ParentProcessId": "8024", "CurrentDirectory": "C:\\Users\\george\\Desktop\\", "CommandLine": "\"vssadmin.exe\" resize shadowstorage /for=h: /on=h: /maxsize=unbounded", "TerminalSessionId": "1", "ProcessGuid": "{C784477D-ED13-6543-7406-000000004800}", "LogonId": "249135", "EventID": "1", "ProcessId": "7360", "Product": "Microsoft\\xae Windows\\xae Operating System", "LogonGuid": "C784477D-AA41-6535-2FCD-030000000000", "Description": "Command Line Interface for Microsoft\\xae Volume Shadow Copy Service ", "Company": "Microsoft Corporation", "IntegrityLevel": "High", "ParentProcessGuid": "{C784477D-ED08-6543-3906-000000004800}", "ParentCommandLine": "\"C:\\Users\\george\\AppData\\Roaming\\Microsoft\\Windows\\Start Menu\\Programs\\Startup\\calc.exe\" ", "UtcTime": "1698950419", "User": "DESKTOP-B0T93D6\\george", "RuleName": "-", "Hashes": "MD5=47D51216EF45075B5F7EAA117CC70E40,SHA256=C946C4EDA61355A1B8E134E7A184A15C9A358B9675B6172A83E4937AE9EF4B03,IMPHASH=C1EDC431CD345F0A0F32019895D13FCE", "Image": "C:\\Windows\\System32\\vssadmin.exe", "OriginalFileName": "VSSADMIN.EXE"}}, {"values": {"ParentImage": "C:\\Users\\george\\AppData\\Roaming\\Microsoft\\Windows\\Start Menu\\Programs\\Startup\\calc.exe", "FileVersion": "10.0.17134.1 (WinBuild.160101.0800)", "ParentProcessId": "8024", "CurrentDirectory": "C:\\Users\\george\\Desktop\\", "CommandLine": "\"vssadmin.exe\" Delete Shadows /all /quiet", "TerminalSessionId": "1", "ProcessGuid": "{C784477D-ED13-6543-7706-000000004800}", "LogonId": "249135", "EventID": "1", "ProcessId": "7708", "Product": "Microsoft\\xae Windows\\xae Operating System", "LogonGuid": "C784477D-AA41-6535-2FCD-030000000000", "Description": "Command Line Interface for Microsoft\\xae Volume Shadow Copy Service ", "Company": "Microsoft Corporation", "IntegrityLevel": "High", "ParentProcessGuid": "{C784477D-ED08-6543-3906-000000004800}", "ParentCommandLine": "\"C:\\Users\\george\\AppData\\Roaming\\Microsoft\\Windows\\Start Menu\\Programs\\Startup\\calc.exe\" ", "UtcTime": "1698950419", "User": "DESKTOP-B0T93D6\\george", "RuleName": "-", "Hashes": "MD5=47D51216EF45075B5F7EAA117CC70E40,SHA256=C946C4EDA61355A1B8E134E7A184A15C9A358B9675B6172A83E4937AE9EF4B03,IMPHASH=C1EDC431CD345F0A0F32019895D13FCE", "Image": "C:\\Windows\\System32\\vssadmin.exe", "OriginalFileName": "VSSADMIN.EXE"}}, {"values": {"ParentImage": "C:\\Users\\george\\AppData\\Roaming\\Microsoft\\Windows\\Start Menu\\Programs\\Startup\\calc.exe", "FileVersion": "10.0.17134.1 (WinBuild.160101.0800)", "ParentProcessId": "7688", "CurrentDirectory": "C:\\Users\\george\\AppData\\Roaming\\Microsoft\\Windows\\Start Menu\\Programs\\Startup\\", "CommandLine": "\"vssadmin.exe\" Delete Shadows /all /quiet", "TerminalSessionId": "1", "ProcessGuid": "{C784477D-ED16-6543-9C06-000000004800}", "LogonId": "249213", "EventID": "1", "ProcessId": "8964", "Product": "Microsoft\\xae Windows\\xae Operating System", "LogonGuid": "C784477D-AA41-6535-7DCD-030000000000", "Description": "Command Line Interface for Microsoft\\xae Volume Shadow Copy Service ", "Company": "Microsoft Corporation", "IntegrityLevel": "Medium", "ParentProcessGuid": "{C784477D-ED14-6543-7906-000000004800}", "ParentCommandLine": "\"C:\\Users\\george\\AppData\\Roaming\\Microsoft\\Windows\\Start Menu\\Programs\\Startup\\calc.exe\" ", "UtcTime": "1698950422", "User": "DESKTOP-B0T93D6\\george", "RuleName": "-", "Hashes": "MD5=47D51216EF45075B5F7EAA117CC70E40,SHA256=C946C4EDA61355A1B8E134E7A184A15C9A358B9675B6172A83E4937AE9EF4B03,IMPHASH=C1EDC431CD345F0A0F32019895D13FCE", "Image": "C:\\Windows\\System32\\vssadmin.exe", "OriginalFileName": "VSSADMIN.EXE"}}, {"values": {"ParentImage": "C:\\Users\\george\\AppData\\Roaming\\Microsoft\\Windows\\Start Menu\\Programs\\Startup\\calc.exe", "FileVersion": "10.0.17134.1 (WinBuild.160101.0800)", "ParentProcessId": "7688", "CurrentDirectory": "C:\\Users\\george\\AppData\\Roaming\\Microsoft\\Windows\\Start Menu\\Programs\\Startup\\", "CommandLine": "\"vssadmin.exe\" resize shadowstorage /for=c: /on=c: /maxsize=401MB", "TerminalSessionId": "1", "ProcessGuid": "{C784477D-ED17-6543-A006-000000004800}", "LogonId": "249213", "EventID": "1", "ProcessId": "9072", "Product": "Microsoft\\xae Windows\\xae Operating System", "LogonGuid": "C784477D-AA41-6535-7DCD-030000000000", "Description": "Command Line Interface for Microsoft\\xae Volume Shadow Copy Service ", "Company": "Microsoft Corporation", "IntegrityLevel": "Medium", "ParentProcessGuid": "{C784477D-ED14-6543-7906-000000004800}", "ParentCommandLine": "\"C:\\Users\\george\\AppData\\Roaming\\Microsoft\\Windows\\Start Menu\\Programs\\Startup\\calc.exe\" ", "UtcTime": "1698950423", "User": "DESKTOP-B0T93D6\\george", "RuleName": "-", "Hashes": "MD5=47D51216EF45075B5F7EAA117CC70E40,SHA256=C946C4EDA61355A1B8E134E7A184A15C9A358B9675B6172A83E4937AE9EF4B03,IMPHASH=C1EDC431CD345F0A0F32019895D13FCE", "Image": "C:\\Windows\\System32\\vssadmin.exe", "OriginalFileName": "VSSADMIN.EXE"}}, {"values": {"ParentImage": "C:\\Users\\george\\AppData\\Roaming\\Microsoft\\Windows\\Start Menu\\Programs\\Startup\\calc.exe", "FileVersion": "10.0.17134.1 (WinBuild.160101.0800)", "ParentProcessId": "7688", "CurrentDirectory": "C:\\Users\\george\\AppData\\Roaming\\Microsoft\\Windows\\Start Menu\\Programs\\Startup\\", "CommandLine": "\"vssadmin.exe\" resize shadowstorage /for=c: /on=c: /maxsize=unbounded", "TerminalSessionId": "1", "ProcessGuid": "{C784477D-ED17-6543-A206-000000004800}", "LogonId": "249213", "EventID": "1", "ProcessId": "9132", "Product": "Microsoft\\xae Windows\\xae Operating System", "LogonGuid": "C784477D-AA41-6535-7DCD-030000000000", "Description": "Command Line Interface for Microsoft\\xae Volume Shadow Copy Service ", "Company": "Microsoft Corporation", "IntegrityLevel": "Medium", "ParentProcessGuid": "{C784477D-ED14-6543-7906-000000004800}", "ParentCommandLine": "\"C:\\Users\\george\\AppData\\Roaming\\Microsoft\\Windows\\Start Menu\\Programs\\Startup\\calc.exe\" ", "UtcTime": "1698950423", "User": "DESKTOP-B0T93D6\\george", "RuleName": "-", "Hashes": "MD5=47D51216EF45075B5F7EAA117CC70E40,SHA256=C946C4EDA61355A1B8E134E7A184A15C9A358B9675B6172A83E4937AE9EF4B03,IMPHASH=C1EDC431CD345F0A0F32019895D13FCE", "Image": "C:\\Windows\\System32\\vssadmin.exe", "OriginalFileName": "VSSADMIN.EXE"}}, {"values": {"ParentImage": "C:\\Users\\george\\AppData\\Roaming\\Microsoft\\Windows\\Start Menu\\Programs\\Startup\\calc.exe", "FileVersion": "10.0.17134.1 (WinBuild.160101.0800)", "ParentProcessId": "7688", "CurrentDirectory": "C:\\Users\\george\\AppData\\Roaming\\Microsoft\\Windows\\Start Menu\\Programs\\Startup\\", "CommandLine": "\"vssadmin.exe\" resize shadowstorage /for=d: /on=d: /maxsize=401MB", "TerminalSessionId": "1", "ProcessGuid": "{C784477D-ED17-6543-A406-000000004800}", "LogonId": "249213", "EventID": "1", "ProcessId": "9192", "Product": "Microsoft\\xae Windows\\xae Operating System", "LogonGuid": "C784477D-AA41-6535-7DCD-030000000000", "Description": "Command Line Interface for Microsoft\\xae Volume Shadow Copy Service ", "Company": "Microsoft Corporation", "IntegrityLevel": "Medium", "ParentProcessGuid": "{C784477D-ED14-6543-7906-000000004800}", "ParentCommandLine": "\"C:\\Users\\george\\AppData\\Roaming\\Microsoft\\Windows\\Start Menu\\Programs\\Startup\\calc.exe\" ", "UtcTime": "1698950423", "User": "DESKTOP-B0T93D6\\george", "RuleName": "-", "Hashes": "MD5=47D51216EF45075B5F7EAA117CC70E40,SHA256=C946C4EDA61355A1B8E134E7A184A15C9A358B9675B6172A83E4937AE9EF4B03,IMPHASH=C1EDC431CD345F0A0F32019895D13FCE", "Image": "C:\\Windows\\System32\\vssadmin.exe", "OriginalFileName": "VSSADMIN.EXE"}}, {"values": {"ParentImage": "C:\\Users\\george\\AppData\\Roaming\\Microsoft\\Windows\\Start Menu\\Programs\\Startup\\calc.exe", "FileVersion": "10.0.17134.1 (WinBuild.160101.0800)", "ParentProcessId": "7688", "CurrentDirectory": "C:\\Users\\george\\AppData\\Roaming\\Microsoft\\Windows\\Start Menu\\Programs\\Startup\\", "CommandLine": "\"vssadmin.exe\" resize shadowstorage /for=d: /on=d: /maxsize=unbounded", "TerminalSessionId": "1", "ProcessGuid": "{C784477D-ED17-6543-A606-000000004800}", "LogonId": "249213", "EventID": "1", "ProcessId": "8416", "Product": "Microsoft\\xae Windows\\xae Operating System", "LogonGuid": "C784477D-AA41-6535-7DCD-030000000000", "Description": "Command Line Interface for Microsoft\\xae Volume Shadow Copy Service ", "Company": "Microsoft Corporation", "IntegrityLevel": "Medium", "ParentProcessGuid": "{C784477D-ED14-6543-7906-000000004800}", "ParentCommandLine": "\"C:\\Users\\george\\AppData\\Roaming\\Microsoft\\Windows\\Start Menu\\Programs\\Startup\\calc.exe\" ", "UtcTime": "1698950423", "User": "DESKTOP-B0T93D6\\george", "RuleName": "-", "Hashes": "MD5=47D51216EF45075B5F7EAA117CC70E40,SHA256=C946C4EDA61355A1B8E134E7A184A15C9A358B9675B6172A83E4937AE9EF4B03,IMPHASH=C1EDC431CD345F0A0F32019895D13FCE", "Image": "C:\\Windows\\System32\\vssadmin.exe", "OriginalFileName": "VSSADMIN.EXE"}}, {"values": {"ParentImage": "C:\\Users\\george\\AppData\\Roaming\\Microsoft\\Windows\\Start Menu\\Programs\\Startup\\calc.exe", "FileVersion": "10.0.17134.1 (WinBuild.160101.0800)", "ParentProcessId": "7688", "CurrentDirectory": "C:\\Users\\george\\AppData\\Roaming\\Microsoft\\Windows\\Start Menu\\Programs\\Startup\\", "CommandLine": "\"vssadmin.exe\" resize shadowstorage /for=e: /on=e: /maxsize=401MB", "TerminalSessionId": "1", "ProcessGuid": "{C784477D-ED17-6543-A806-000000004800}", "LogonId": "249213", "EventID": "1", "ProcessId": "8508", "Product": "Microsoft\\xae Windows\\xae Operating System", "LogonGuid": "C784477D-AA41-6535-7DCD-030000000000", "Description": "Command Line Interface for Microsoft\\xae Volume Shadow Copy Service ", "Company": "Microsoft Corporation", "IntegrityLevel": "Medium", "ParentProcessGuid": "{C784477D-ED14-6543-7906-000000004800}", "ParentCommandLine": "\"C:\\Users\\george\\AppData\\Roaming\\Microsoft\\Windows\\Start Menu\\Programs\\Startup\\calc.exe\" ", "UtcTime": "1698950423", "User": "DESKTOP-B0T93D6\\george", "RuleName": "-", "Hashes": "MD5=47D51216EF45075B5F7EAA117CC70E40,SHA256=C946C4EDA61355A1B8E134E7A184A15C9A358B9675B6172A83E4937AE9EF4B03,IMPHASH=C1EDC431CD345F0A0F32019895D13FCE", "Image": "C:\\Windows\\System32\\vssadmin.exe", "OriginalFileName": "VSSADMIN.EXE"}}, {"values": {"ParentImage": "C:\\Users\\george\\AppData\\Roaming\\Microsoft\\Windows\\Start Menu\\Programs\\Startup\\calc.exe", "FileVersion": "10.0.17134.1 (WinBuild.160101.0800)", "ParentProcessId": "7688", "CurrentDirectory": "C:\\Users\\george\\AppData\\Roaming\\Microsoft\\Windows\\Start Menu\\Programs\\Startup\\", "CommandLine": "\"vssadmin.exe\" resize shadowstorage /for=e: /on=e: /maxsize=unbounded", "TerminalSessionId": "1", "ProcessGuid": "{C784477D-ED17-6543-AA06-000000004800}", "LogonId": "249213", "EventID": "1", "ProcessId": "8596", "Product": "Microsoft\\xae Windows\\xae Operating System", "LogonGuid": "C784477D-AA41-6535-7DCD-030000000000", "Description": "Command Line Interface for Microsoft\\xae Volume Shadow Copy Service ", "Company": "Microsoft Corporation", "IntegrityLevel": "Medium", "ParentProcessGuid": "{C784477D-ED14-6543-7906-000000004800}", "ParentCommandLine": "\"C:\\Users\\george\\AppData\\Roaming\\Microsoft\\Windows\\Start Menu\\Programs\\Startup\\calc.exe\" ", "UtcTime": "1698950423", "User": "DESKTOP-B0T93D6\\george", "RuleName": "-", "Hashes": "MD5=47D51216EF45075B5F7EAA117CC70E40,SHA256=C946C4EDA61355A1B8E134E7A184A15C9A358B9675B6172A83E4937AE9EF4B03,IMPHASH=C1EDC431CD345F0A0F32019895D13FCE", "Image": "C:\\Windows\\System32\\vssadmin.exe", "OriginalFileName": "VSSADMIN.EXE"}}, {"values": {"ParentImage": "C:\\Users\\george\\AppData\\Roaming\\Microsoft\\Windows\\Start Menu\\Programs\\Startup\\calc.exe", "FileVersion": "10.0.17134.1 (WinBuild.160101.0800)", "ParentProcessId": "7688", "CurrentDirectory": "C:\\Users\\george\\AppData\\Roaming\\Microsoft\\Windows\\Start Menu\\Programs\\Startup\\", "CommandLine": "\"vssadmin.exe\" resize shadowstorage /for=f: /on=f: /maxsize=401MB", "TerminalSessionId": "1", "ProcessGuid": "{C784477D-ED17-6543-AC06-000000004800}", "LogonId": "249213", "EventID": "1", "ProcessId": "8624", "Product": "Microsoft\\xae Windows\\xae Operating System", "LogonGuid": "C784477D-AA41-6535-7DCD-030000000000", "Description": "Command Line Interface for Microsoft\\xae Volume Shadow Copy Service ", "Company": "Microsoft Corporation", "IntegrityLevel": "Medium", "ParentProcessGuid": "{C784477D-ED14-6543-7906-000000004800}", "ParentCommandLine": "\"C:\\Users\\george\\AppData\\Roaming\\Microsoft\\Windows\\Start Menu\\Programs\\Startup\\calc.exe\" ", "UtcTime": "1698950423", "User": "DESKTOP-B0T93D6\\george", "RuleName": "-", "Hashes": "MD5=47D51216EF45075B5F7EAA117CC70E40,SHA256=C946C4EDA61355A1B8E134E7A184A15C9A358B9675B6172A83E4937AE9EF4B03,IMPHASH=C1EDC431CD345F0A0F32019895D13FCE", "Image": "C:\\Windows\\System32\\vssadmin.exe", "OriginalFileName": "VSSADMIN.EXE"}}, {"values": {"ParentImage": "C:\\Users\\george\\AppData\\Roaming\\Microsoft\\Windows\\Start Menu\\Programs\\Startup\\calc.exe", "FileVersion": "10.0.17134.1 (WinBuild.160101.0800)", "ParentProcessId": "7688", "CurrentDirectory": "C:\\Users\\george\\AppData\\Roaming\\Microsoft\\Windows\\Start Menu\\Programs\\Startup\\", "CommandLine": "\"vssadmin.exe\" resize shadowstorage /for=f: /on=f: /maxsize=unbounded", "TerminalSessionId": "1", "ProcessGuid": "{C784477D-ED17-6543-AE06-000000004800}", "LogonId": "249213", "EventID": "1", "ProcessId": "8708", "Product": "Microsoft\\xae Windows\\xae Operating System", "LogonGuid": "C784477D-AA41-6535-7DCD-030000000000", "Description": "Command Line Interface for Microsoft\\xae Volume Shadow Copy Service ", "Company": "Microsoft Corporation", "IntegrityLevel": "Medium", "ParentProcessGuid": "{C784477D-ED14-6543-7906-000000004800}", "ParentCommandLine": "\"C:\\Users\\george\\AppData\\Roaming\\Microsoft\\Windows\\Start Menu\\Programs\\Startup\\calc.exe\" ", "UtcTime": "1698950423", "User": "DESKTOP-B0T93D6\\george", "RuleName": "-", "Hashes": "MD5=47D51216EF45075B5F7EAA117CC70E40,SHA256=C946C4EDA61355A1B8E134E7A184A15C9A358B9675B6172A83E4937AE9EF4B03,IMPHASH=C1EDC431CD345F0A0F32019895D13FCE", "Image": "C:\\Windows\\System32\\vssadmin.exe", "OriginalFileName": "VSSADMIN.EXE"}}, {"values": {"ParentImage": "C:\\Users\\george\\AppData\\Roaming\\Microsoft\\Windows\\Start Menu\\Programs\\Startup\\calc.exe", "FileVersion": "10.0.17134.1 (WinBuild.160101.0800)", "ParentProcessId": "7688", "CurrentDirectory": "C:\\Users\\george\\AppData\\Roaming\\Microsoft\\Windows\\Start Menu\\Programs\\Startup\\", "CommandLine": "\"vssadmin.exe\" resize shadowstorage /for=g: /on=g: /maxsize=401MB", "TerminalSessionId": "1", "ProcessGuid": "{C784477D-ED17-6543-B006-000000004800}", "LogonId": "249213", "EventID": "1", "ProcessId": "8764", "Product": "Microsoft\\xae Windows\\xae Operating System", "LogonGuid": "C784477D-AA41-6535-7DCD-030000000000", "Description": "Command Line Interface for Microsoft\\xae Volume Shadow Copy Service ", "Company": "Microsoft Corporation", "IntegrityLevel": "Medium", "ParentProcessGuid": "{C784477D-ED14-6543-7906-000000004800}", "ParentCommandLine": "\"C:\\Users\\george\\AppData\\Roaming\\Microsoft\\Windows\\Start Menu\\Programs\\Startup\\calc.exe\" ", "UtcTime": "1698950423", "User": "DESKTOP-B0T93D6\\george", "RuleName": "-", "Hashes": "MD5=47D51216EF45075B5F7EAA117CC70E40,SHA256=C946C4EDA61355A1B8E134E7A184A15C9A358B9675B6172A83E4937AE9EF4B03,IMPHASH=C1EDC431CD345F0A0F32019895D13FCE", "Image": "C:\\Windows\\System32\\vssadmin.exe", "OriginalFileName": "VSSADMIN.EXE"}}, {"values": {"ParentImage": "C:\\Users\\george\\AppData\\Roaming\\Microsoft\\Windows\\Start Menu\\Programs\\Startup\\calc.exe", "FileVersion": "10.0.17134.1 (WinBuild.160101.0800)", "ParentProcessId": "7688", "CurrentDirectory": "C:\\Users\\george\\AppData\\Roaming\\Microsoft\\Windows\\Start Menu\\Programs\\Startup\\", "CommandLine": "\"vssadmin.exe\" resize shadowstorage /for=g: /on=g: /maxsize=unbounded", "TerminalSessionId": "1", "ProcessGuid": "{C784477D-ED17-6543-B206-000000004800}", "LogonId": "249213", "EventID": "1", "ProcessId": "8840", "Product": "Microsoft\\xae Windows\\xae Operating System", "LogonGuid": "C784477D-AA41-6535-7DCD-030000000000", "Description": "Command Line Interface for Microsoft\\xae Volume Shadow Copy Service ", "Company": "Microsoft Corporation", "IntegrityLevel": "Medium", "ParentProcessGuid": "{C784477D-ED14-6543-7906-000000004800}", "ParentCommandLine": "\"C:\\Users\\george\\AppData\\Roaming\\Microsoft\\Windows\\Start Menu\\Programs\\Startup\\calc.exe\" ", "UtcTime": "1698950423", "User": "DESKTOP-B0T93D6\\george", "RuleName": "-", "Hashes": "MD5=47D51216EF45075B5F7EAA117CC70E40,SHA256=C946C4EDA61355A1B8E134E7A184A15C9A358B9675B6172A83E4937AE9EF4B03,IMPHASH=C1EDC431CD345F0A0F32019895D13FCE", "Image": "C:\\Windows\\System32\\vssadmin.exe", "OriginalFileName": "VSSADMIN.EXE"}}, {"values": {"ParentImage": "C:\\Users\\george\\AppData\\Roaming\\Microsoft\\Windows\\Start Menu\\Programs\\Startup\\calc.exe", "FileVersion": "10.0.17134.1 (WinBuild.160101.0800)", "ParentProcessId": "7688", "CurrentDirectory": "C:\\Users\\george\\AppData\\Roaming\\Microsoft\\Windows\\Start Menu\\Programs\\Startup\\", "CommandLine": "\"vssadmin.exe\" resize shadowstorage /for=h: /on=h: /maxsize=401MB", "TerminalSessionId": "1", "ProcessGuid": "{C784477D-ED18-6543-B406-000000004800}", "LogonId": "249213", "EventID": "1", "ProcessId": "8916", "Product": "Microsoft\\xae Windows\\xae Operating System", "LogonGuid": "C784477D-AA41-6535-7DCD-030000000000", "Description": "Command Line Interface for Microsoft\\xae Volume Shadow Copy Service ", "Company": "Microsoft Corporation", "IntegrityLevel": "Medium", "ParentProcessGuid": "{C784477D-ED14-6543-7906-000000004800}", "ParentCommandLine": "\"C:\\Users\\george\\AppData\\Roaming\\Microsoft\\Windows\\Start Menu\\Programs\\Startup\\calc.exe\" ", "UtcTime": "1698950424", "User": "DESKTOP-B0T93D6\\george", "RuleName": "-", "Hashes": "MD5=47D51216EF45075B5F7EAA117CC70E40,SHA256=C946C4EDA61355A1B8E134E7A184A15C9A358B9675B6172A83E4937AE9EF4B03,IMPHASH=C1EDC431CD345F0A0F32019895D13FCE", "Image": "C:\\Windows\\System32\\vssadmin.exe", "OriginalFileName": "VSSADMIN.EXE"}}, {"values": {"ParentImage": "C:\\Users\\george\\AppData\\Roaming\\Microsoft\\Windows\\Start Menu\\Programs\\Startup\\calc.exe", "FileVersion": "10.0.17134.1 (WinBuild.160101.0800)", "ParentProcessId": "7688", "CurrentDirectory": "C:\\Users\\george\\AppData\\Roaming\\Microsoft\\Windows\\Start Menu\\Programs\\Startup\\", "CommandLine": "\"vssadmin.exe\" resize shadowstorage /for=h: /on=h: /maxsize=unbounded", "TerminalSessionId": "1", "ProcessGuid": "{C784477D-ED18-6543-B606-000000004800}", "LogonId": "249213", "EventID": "1", "ProcessId": "9056", "Product": "Microsoft\\xae Windows\\xae Operating System", "LogonGuid": "C784477D-AA41-6535-7DCD-030000000000", "Description": "Command Line Interface for Microsoft\\xae Volume Shadow Copy Service ", "Company": "Microsoft Corporation", "IntegrityLevel": "Medium", "ParentProcessGuid": "{C784477D-ED14-6543-7906-000000004800}", "ParentCommandLine": "\"C:\\Users\\george\\AppData\\Roaming\\Microsoft\\Windows\\Start Menu\\Programs\\Startup\\calc.exe\" ", "UtcTime": "1698950424", "User": "DESKTOP-B0T93D6\\george", "RuleName": "-", "Hashes": "MD5=47D51216EF45075B5F7EAA117CC70E40,SHA256=C946C4EDA61355A1B8E134E7A184A15C9A358B9675B6172A83E4937AE9EF4B03,IMPHASH=C1EDC431CD345F0A0F32019895D13FCE", "Image": "C:\\Windows\\System32\\vssadmin.exe", "OriginalFileName": "VSSADMIN.EXE"}}, {"values": {"ParentImage": "C:\\Users\\george\\AppData\\Roaming\\Microsoft\\Windows\\Start Menu\\Programs\\Startup\\calc.exe", "FileVersion": "10.0.17134.1 (WinBuild.160101.0800)", "ParentProcessId": "7688", "CurrentDirectory": "C:\\Users\\george\\AppData\\Roaming\\Microsoft\\Windows\\Start Menu\\Programs\\Startup\\", "CommandLine": "\"vssadmin.exe\" Delete Shadows /all /quiet", "TerminalSessionId": "1", "ProcessGuid": "{C784477D-ED18-6543-B806-000000004800}", "LogonId": "249213", "EventID": "1", "ProcessId": "9088", "Product": "Microsoft\\xae Windows\\xae Operating System", "LogonGuid": "C784477D-AA41-6535-7DCD-030000000000", "Description": "Command Line Interface for Microsoft\\xae Volume Shadow Copy Service ", "Company": "Microsoft Corporation", "IntegrityLevel": "Medium", "ParentProcessGuid": "{C784477D-ED14-6543-7906-000000004800}", "ParentCommandLine": "\"C:\\Users\\george\\AppData\\Roaming\\Microsoft\\Windows\\Start Menu\\Programs\\Startup\\calc.exe\" ", "UtcTime": "1698950424", "User": "DESKTOP-B0T93D6\\george", "RuleName": "-", "Hashes": "MD5=47D51216EF45075B5F7EAA117CC70E40,SHA256=C946C4EDA61355A1B8E134E7A184A15C9A358B9675B6172A83E4937AE9EF4B03,IMPHASH=C1EDC431CD345F0A0F32019895D13FCE", "Image": "C:\\Windows\\System32\\vssadmin.exe", "OriginalFileName": "VSSADMIN.EXE"}}], "rule_level": "high", "rule_id": "ad5e4d4b939797a70a9aa742d979a4742c2cfedddd663fb1a43b2795c1e6054b", "rule_source": "Sigma Integrated Rule Set (GitHub)", "rule_title": "Shadow Copies Deletion Using Operating Systems Utilities", "rule_description": "Shadow Copies deletion using operating systems utilities", "rule_author": "Florian Roth (Nextron Systems), Michael Haag, Teymur Kheirkhabarov, Daniil Yugoslavskiy, oscd.community, Andreas Hunkeler (@Karneades)"}, {"match_context": [{"values": {"EventID": "11", "ProcessId": "7884", "TargetFilename": "C:\\Users\\george\\AppData\\Roaming\\Microsoft\\Windows\\Start Menu\\Programs\\Startup\\calc.exe", "RuleName": "T1023", "CreationUtcTime": "1698950407", "UtcTime": "1698950407", "ProcessGuid": "{C784477D-ED06-6543-3706-000000004800}", "Image": "C:\\Users\\george\\Desktop\\software.exe"}}, {"values": {"EventID": "11", "ProcessId": "7884", "Image": "C:\\Users\\george\\Desktop\\software.exe", "ProcessGuid": "{C784477D-ED06-6543-3706-000000004800}", "CreationUtcTime": "1698950407", "UtcTime": "1698950407", "RuleName": "T1023", "TargetFilename": "C:\\Users\\george\\AppData\\Roaming\\Microsoft\\Windows\\Start Menu\\Programs\\Startup\\calc.exe:Zone.Identifier"}}, {"values": {"EventID": "0", "TargetFilename": "c:\\users\\admin\\appdata\\roaming\\microsoft\\windows\\start menu\\programs\\startup\\chrome32.exe"}}], "rule_level": "medium", "rule_id": "56b8c79acb8e444c2b00be5c9d3cb8e33e863ccb3506d635f907a49cd053c84f", "rule_source": "Sigma Integrated Rule Set (GitHub)", "rule_title": "Startup Folder File Write", "rule_description": "A General detection for files being created in the Windows startup directory. This could be an indicator of persistence.", "rule_author": "Roberto Rodriguez (Cyb3rWard0g), OTR (Open Threat Research)"}, {"match_context": [{"values": {"EventID": "15", "ProcessId": "7884", "Hash": "MD5=23FB59AD1EB4BE42F91C3D58C63AC67B,SHA256=049425DAC929BAF288C44C981EF63417D097FB95F5199C9F33E5EF5E2EC20590,IMPHASH=F34D5F2D4577ED6D9CEEC516C1F5A744", "Image": "C:\\Users\\george\\Desktop\\software.exe", "ProcessGuid": "{C784477D-ED06-6543-3706-000000004800}", "CreationUtcTime": "1698950407", "UtcTime": "1698950407", "RuleName": "-", "TargetFilename": "C:\\Users\\george\\AppData\\Roaming\\Microsoft\\Windows\\Start Menu\\Programs\\Startup\\calc.exe", "Contents": "-"}}], "rule_level": "medium", "rule_id": "5be9da0a90b142239a3ff2819edf2283938855da3b4c80d63d8e6db63c2c4fe7", "rule_source": "Sigma Integrated Rule Set (GitHub)", "rule_title": "Hidden Executable In NTFS Alternate Data Stream", "rule_description": "Detects the creation of an ADS (Alternate Data Stream) that contains an executable by looking at a non-empty Imphash", "rule_author": "Florian Roth (Nextron Systems), @0xrawsec"}, {"match_context": [{"values": {"ParentImage": "C:\\Users\\george\\AppData\\Roaming\\Microsoft\\Windows\\Start Menu\\Programs\\Startup\\calc.exe", "FileVersion": "10.0.17134.1 (WinBuild.160101.0800)", "ParentProcessId": "8024", "CurrentDirectory": "C:\\Users\\george\\Desktop\\", "CommandLine": "\"sc.exe\" config SQLTELEMETRY start= disabled", "TerminalSessionId": "1", "ProcessGuid": "{C784477D-ED0B-6543-4C06-000000004800}", "LogonId": "249135", "EventID": "1", "ProcessId": "6248", "Product": "Microsoft\\xae Windows\\xae Operating System", "LogonGuid": "C784477D-AA41-6535-2FCD-030000000000", "Description": "Service Control Manager Configuration Tool", "Company": "Microsoft Corporation", "IntegrityLevel": "High", "ParentProcessGuid": "{C784477D-ED08-6543-3906-000000004800}", "ParentCommandLine": "\"C:\\Users\\george\\AppData\\Roaming\\Microsoft\\Windows\\Start Menu\\Programs\\Startup\\calc.exe\" ", "UtcTime": "1698950411", "User": "DESKTOP-B0T93D6\\george", "RuleName": "-", "Hashes": "MD5=D79784553A9410D15E04766AAAB77CD6,SHA256=AEB241959F4A7B7C29F45D27FD65C5326F9592D25BADD1A7659DE0DA351BF96E,IMPHASH=7D296975925315BE8D57D0C67B133359", "Image": "C:\\Windows\\System32\\sc.exe", "OriginalFileName": "sc.exe"}}, {"values": {"ParentImage": "C:\\Users\\george\\AppData\\Roaming\\Microsoft\\Windows\\Start Menu\\Programs\\Startup\\calc.exe", "FileVersion": "10.0.17134.1 (WinBuild.160101.0800)", "ParentProcessId": "8024", "CurrentDirectory": "C:\\Users\\george\\Desktop\\", "CommandLine": "\"sc.exe\" config SQLTELEMETRY$ECWDB2 start= disabled", "TerminalSessionId": "1", "ProcessGuid": "{C784477D-ED0B-6543-4E06-000000004800}", "LogonId": "249135", "EventID": "1", "ProcessId": "7612", "Product": "Microsoft\\xae Windows\\xae Operating System", "LogonGuid": "C784477D-AA41-6535-2FCD-030000000000", "Description": "Service Control Manager Configuration Tool", "Company": "Microsoft Corporation", "IntegrityLevel": "High", "ParentProcessGuid": "{C784477D-ED08-6543-3906-000000004800}", "ParentCommandLine": "\"C:\\Users\\george\\AppData\\Roaming\\Microsoft\\Windows\\Start Menu\\Programs\\Startup\\calc.exe\" ", "UtcTime": "1698950411", "User": "DESKTOP-B0T93D6\\george", "RuleName": "-", "Hashes": "MD5=D79784553A9410D15E04766AAAB77CD6,SHA256=AEB241959F4A7B7C29F45D27FD65C5326F9592D25BADD1A7659DE0DA351BF96E,IMPHASH=7D296975925315BE8D57D0C67B133359", "Image": "C:\\Windows\\System32\\sc.exe", "OriginalFileName": "sc.exe"}}, {"values": {"ParentImage": "C:\\Users\\george\\AppData\\Roaming\\Microsoft\\Windows\\Start Menu\\Programs\\Startup\\calc.exe", "FileVersion": "10.0.17134.1 (WinBuild.160101.0800)", "ParentProcessId": "8024", "CurrentDirectory": "C:\\Users\\george\\Desktop\\", "CommandLine": "\"sc.exe\" config SQLWriter start= disabled", "TerminalSessionId": "1", "ProcessGuid": "{C784477D-ED0C-6543-5006-000000004800}", "LogonId": "249135", "EventID": "1", "ProcessId": "7064", "Product": "Microsoft\\xae Windows\\xae Operating System", "LogonGuid": "C784477D-AA41-6535-2FCD-030000000000", "Description": "Service Control Manager Configuration Tool", "Company": "Microsoft Corporation", "IntegrityLevel": "High", "ParentProcessGuid": "{C784477D-ED08-6543-3906-000000004800}", "ParentCommandLine": "\"C:\\Users\\george\\AppData\\Roaming\\Microsoft\\Windows\\Start Menu\\Programs\\Startup\\calc.exe\" ", "UtcTime": "1698950412", "User": "DESKTOP-B0T93D6\\george", "RuleName": "-", "Hashes": "MD5=D79784553A9410D15E04766AAAB77CD6,SHA256=AEB241959F4A7B7C29F45D27FD65C5326F9592D25BADD1A7659DE0DA351BF96E,IMPHASH=7D296975925315BE8D57D0C67B133359", "Image": "C:\\Windows\\System32\\sc.exe", "OriginalFileName": "sc.exe"}}, {"values": {"ParentImage": "C:\\Users\\george\\AppData\\Roaming\\Microsoft\\Windows\\Start Menu\\Programs\\Startup\\calc.exe", "FileVersion": "10.0.17134.1 (WinBuild.160101.0800)", "ParentProcessId": "8024", "CurrentDirectory": "C:\\Users\\george\\Desktop\\", "CommandLine": "\"sc.exe\" config SstpSvc start= disabled", "TerminalSessionId": "1", "ProcessGuid": "{C784477D-ED0C-6543-5206-000000004800}", "LogonId": "249135", "EventID": "1", "ProcessId": "7044", "Product": "Microsoft\\xae Windows\\xae Operating System", "LogonGuid": "C784477D-AA41-6535-2FCD-030000000000", "Description": "Service Control Manager Configuration Tool", "Company": "Microsoft Corporation", "IntegrityLevel": "High", "ParentProcessGuid": "{C784477D-ED08-6543-3906-000000004800}", "ParentCommandLine": "\"C:\\Users\\george\\AppData\\Roaming\\Microsoft\\Windows\\Start Menu\\Programs\\Startup\\calc.exe\" ", "UtcTime": "1698950412", "User": "DESKTOP-B0T93D6\\george", "RuleName": "-", "Hashes": "MD5=D79784553A9410D15E04766AAAB77CD6,SHA256=AEB241959F4A7B7C29F45D27FD65C5326F9592D25BADD1A7659DE0DA351BF96E,IMPHASH=7D296975925315BE8D57D0C67B133359", "Image": "C:\\Windows\\System32\\sc.exe", "OriginalFileName": "sc.exe"}}, {"values": {"ParentImage": "C:\\Users\\george\\AppData\\Roaming\\Microsoft\\Windows\\Start Menu\\Programs\\Startup\\calc.exe", "FileVersion": "10.0.17134.1 (WinBuild.160101.0800)", "ParentProcessId": "7688", "CurrentDirectory": "C:\\Users\\george\\AppData\\Roaming\\Microsoft\\Windows\\Start Menu\\Programs\\Startup\\", "CommandLine": "\"sc.exe\" config SQLTELEMETRY start= disabled", "TerminalSessionId": "1", "ProcessGuid": "{C784477D-ED16-6543-8C06-000000004800}", "LogonId": "249213", "EventID": "1", "ProcessId": "8456", "Product": "Microsoft\\xae Windows\\xae Operating System", "LogonGuid": "C784477D-AA41-6535-7DCD-030000000000", "Description": "Service Control Manager Configuration Tool", "Company": "Microsoft Corporation", "IntegrityLevel": "Medium", "ParentProcessGuid": "{C784477D-ED14-6543-7906-000000004800}", "ParentCommandLine": "\"C:\\Users\\george\\AppData\\Roaming\\Microsoft\\Windows\\Start Menu\\Programs\\Startup\\calc.exe\" ", "UtcTime": "1698950422", "User": "DESKTOP-B0T93D6\\george", "RuleName": "-", "Hashes": "MD5=D79784553A9410D15E04766AAAB77CD6,SHA256=AEB241959F4A7B7C29F45D27FD65C5326F9592D25BADD1A7659DE0DA351BF96E,IMPHASH=7D296975925315BE8D57D0C67B133359", "Image": "C:\\Windows\\System32\\sc.exe", "OriginalFileName": "sc.exe"}}, {"values": {"ParentImage": "C:\\Users\\george\\AppData\\Roaming\\Microsoft\\Windows\\Start Menu\\Programs\\Startup\\calc.exe", "FileVersion": "10.0.17134.1 (WinBuild.160101.0800)", "ParentProcessId": "7688", "CurrentDirectory": "C:\\Users\\george\\AppData\\Roaming\\Microsoft\\Windows\\Start Menu\\Programs\\Startup\\", "CommandLine": "\"sc.exe\" config SQLTELEMETRY$ECWDB2 start= disabled", "TerminalSessionId": "1", "ProcessGuid": "{C784477D-ED16-6543-8F06-000000004800}", "LogonId": "249213", "EventID": "1", "ProcessId": "8556", "Product": "Microsoft\\xae Windows\\xae Operating System", "LogonGuid": "C784477D-AA41-6535-7DCD-030000000000", "Description": "Service Control Manager Configuration Tool", "Company": "Microsoft Corporation", "IntegrityLevel": "Medium", "ParentProcessGuid": "{C784477D-ED14-6543-7906-000000004800}", "ParentCommandLine": "\"C:\\Users\\george\\AppData\\Roaming\\Microsoft\\Windows\\Start Menu\\Programs\\Startup\\calc.exe\" ", "UtcTime": "1698950422", "User": "DESKTOP-B0T93D6\\george", "RuleName": "-", "Hashes": "MD5=D79784553A9410D15E04766AAAB77CD6,SHA256=AEB241959F4A7B7C29F45D27FD65C5326F9592D25BADD1A7659DE0DA351BF96E,IMPHASH=7D296975925315BE8D57D0C67B133359", "Image": "C:\\Windows\\System32\\sc.exe", "OriginalFileName": "sc.exe"}}, {"values": {"ParentImage": "C:\\Users\\george\\AppData\\Roaming\\Microsoft\\Windows\\Start Menu\\Programs\\Startup\\calc.exe", "FileVersion": "10.0.17134.1 (WinBuild.160101.0800)", "ParentProcessId": "7688", "CurrentDirectory": "C:\\Users\\george\\AppData\\Roaming\\Microsoft\\Windows\\Start Menu\\Programs\\Startup\\", "CommandLine": "\"sc.exe\" config SQLWriter start= disabled", "TerminalSessionId": "1", "ProcessGuid": "{C784477D-ED16-6543-9106-000000004800}", "LogonId": "249213", "EventID": "1", "ProcessId": "8620", "Product": "Microsoft\\xae Windows\\xae Operating System", "LogonGuid": "C784477D-AA41-6535-7DCD-030000000000", "Description": "Service Control Manager Configuration Tool", "Company": "Microsoft Corporation", "IntegrityLevel": "Medium", "ParentProcessGuid": "{C784477D-ED14-6543-7906-000000004800}", "ParentCommandLine": "\"C:\\Users\\george\\AppData\\Roaming\\Microsoft\\Windows\\Start Menu\\Programs\\Startup\\calc.exe\" ", "UtcTime": "1698950422", "User": "DESKTOP-B0T93D6\\george", "RuleName": "-", "Hashes": "MD5=D79784553A9410D15E04766AAAB77CD6,SHA256=AEB241959F4A7B7C29F45D27FD65C5326F9592D25BADD1A7659DE0DA351BF96E,IMPHASH=7D296975925315BE8D57D0C67B133359", "Image": "C:\\Windows\\System32\\sc.exe", "OriginalFileName": "sc.exe"}}, {"values": {"ParentImage": "C:\\Users\\george\\AppData\\Roaming\\Microsoft\\Windows\\Start Menu\\Programs\\Startup\\calc.exe", "FileVersion": "10.0.17134.1 (WinBuild.160101.0800)", "ParentProcessId": "7688", "CurrentDirectory": "C:\\Users\\george\\AppData\\Roaming\\Microsoft\\Windows\\Start Menu\\Programs\\Startup\\", "CommandLine": "\"sc.exe\" config SstpSvc start= disabled", "TerminalSessionId": "1", "ProcessGuid": "{C784477D-ED16-6543-9306-000000004800}", "LogonId": "249213", "EventID": "1", "ProcessId": "8672", "Product": "Microsoft\\xae Windows\\xae Operating System", "LogonGuid": "C784477D-AA41-6535-7DCD-030000000000", "Description": "Service Control Manager Configuration Tool", "Company": "Microsoft Corporation", "IntegrityLevel": "Medium", "ParentProcessGuid": "{C784477D-ED14-6543-7906-000000004800}", "ParentCommandLine": "\"C:\\Users\\george\\AppData\\Roaming\\Microsoft\\Windows\\Start Menu\\Programs\\Startup\\calc.exe\" ", "UtcTime": "1698950422", "User": "DESKTOP-B0T93D6\\george", "RuleName": "-", "Hashes": "MD5=D79784553A9410D15E04766AAAB77CD6,SHA256=AEB241959F4A7B7C29F45D27FD65C5326F9592D25BADD1A7659DE0DA351BF96E,IMPHASH=7D296975925315BE8D57D0C67B133359", "Image": "C:\\Windows\\System32\\sc.exe", "OriginalFileName": "sc.exe"}}], "rule_level": "medium", "rule_id": "b55af83c751d2c7bca8dbba245a97017e34109bff34fd50b02f60a91111ea703", "rule_source": "Sigma Integrated Rule Set (GitHub)", "rule_title": "Service StartupType Change Via Sc.EXE", "rule_description": "Detect the use of \"sc.exe\" to change the startup type of a service to \"disabled\" or \"demand\"", "rule_author": "Nasreddine Bencherchali (Nextron Systems)"}, {"match_context": [{"values": {"EventID": "1", "Image": "vssadmin.exe", "CommandLine": "vssadmin.exe Delete Shadows /all /quiet"}}], "rule_level": "medium", "rule_id": "f09d5248ed8fc1a93251158bfda71f8144ccaf37fa922416ccd897498bff7c55", "rule_source": "SOC Prime Threat Detection Marketplace", "rule_title": "Suspicious Process Creation", "rule_description": "Detects suspicious process starts on Windows systems based on keywords", "rule_author": "Florian Roth"}, {"match_context": [{"values": {"ParentImage": "C:\\Users\\george\\AppData\\Roaming\\Microsoft\\Windows\\Start Menu\\Programs\\Startup\\calc.exe", "FileVersion": "10.0.17134.1 (WinBuild.160101.0800)", "ParentProcessId": "8024", "CurrentDirectory": "C:\\Users\\george\\Desktop\\", "CommandLine": "\"net.exe\" stop avpsus /y", "TerminalSessionId": "1", "ProcessGuid": "{C784477D-ED08-6543-3C06-000000004800}", "LogonId": "249135", "EventID": "1", "ProcessId": "8076", "Product": "Microsoft\\xae Windows\\xae Operating System", "LogonGuid": "C784477D-AA41-6535-2FCD-030000000000", "Description": "Net Command", "Company": "Microsoft Corporation", "IntegrityLevel": "High", "ParentProcessGuid": "{C784477D-ED08-6543-3906-000000004800}", "ParentCommandLine": "\"C:\\Users\\george\\AppData\\Roaming\\Microsoft\\Windows\\Start Menu\\Programs\\Startup\\calc.exe\" ", "UtcTime": "1698950408", "User": "DESKTOP-B0T93D6\\george", "RuleName": "-", "Hashes": "MD5=15534275EDAABC58159DD0F8607A71E5,SHA256=E9739D544EE0D428696036CBD656C41DCC505B67CC43DBA7C6BEC4E3959282AC,IMPHASH=EB2C2924EA23E1A5FB0E3F53F46CB709", "Image": "C:\\Windows\\System32\\net.exe", "OriginalFileName": "net.exe"}}, {"values": {"ParentImage": "C:\\Windows\\System32\\net.exe", "FileVersion": "10.0.17134.1 (WinBuild.160101.0800)", "ParentProcessId": "8076", "CurrentDirectory": "C:\\Users\\george\\Desktop\\", "CommandLine": "C:\\Windows\\system32\\net1 stop avpsus /y", "TerminalSessionId": "1", "ProcessGuid": "{C784477D-ED09-6543-3F06-000000004800}", "LogonId": "249135", "EventID": "1", "ProcessId": "1368", "Product": "Microsoft\\xae Windows\\xae Operating System", "LogonGuid": "C784477D-AA41-6535-2FCD-030000000000", "Description": "Net Command", "Company": "Microsoft Corporation", "IntegrityLevel": "High", "ParentProcessGuid": "{C784477D-ED08-6543-3C06-000000004800}", "ParentCommandLine": "\"net.exe\" stop avpsus /y", "UtcTime": "1698950409", "User": "DESKTOP-B0T93D6\\george", "RuleName": "-", "Hashes": "MD5=AF569DE92AB6C1B9C681AF1E799F9983,SHA256=FFC30745BE3B6C2771FC4B2993CFF50B5226B271C412467E97B1DC1086DEA888,IMPHASH=5322AC1A3CFF9C8A2AE16A789E26231E", "Image": "C:\\Windows\\System32\\net1.exe", "OriginalFileName": "net1.exe"}}, {"values": {"ParentImage": "C:\\Users\\george\\AppData\\Roaming\\Microsoft\\Windows\\Start Menu\\Programs\\Startup\\calc.exe", "FileVersion": "10.0.17134.1 (WinBuild.160101.0800)", "ParentProcessId": "8024", "CurrentDirectory": "C:\\Users\\george\\Desktop\\", "CommandLine": "\"net.exe\" stop McAfeeDLPAgentService /y", "TerminalSessionId": "1", "ProcessGuid": "{C784477D-ED09-6543-4006-000000004800}", "LogonId": "249135", "EventID": "1", "ProcessId": "7304", "Product": "Microsoft\\xae Windows\\xae Operating System", "LogonGuid": "C784477D-AA41-6535-2FCD-030000000000", "Description": "Net Command", "Company": "Microsoft Corporation", "IntegrityLevel": "High", "ParentProcessGuid": "{C784477D-ED08-6543-3906-000000004800}", "ParentCommandLine": "\"C:\\Users\\george\\AppData\\Roaming\\Microsoft\\Windows\\Start Menu\\Programs\\Startup\\calc.exe\" ", "UtcTime": "1698950409", "User": "DESKTOP-B0T93D6\\george", "RuleName": "-", "Hashes": "MD5=15534275EDAABC58159DD0F8607A71E5,SHA256=E9739D544EE0D428696036CBD656C41DCC505B67CC43DBA7C6BEC4E3959282AC,IMPHASH=EB2C2924EA23E1A5FB0E3F53F46CB709", "Image": "C:\\Windows\\System32\\net.exe", "OriginalFileName": "net.exe"}}, {"values": {"ParentImage": "C:\\Windows\\System32\\net.exe", "FileVersion": "10.0.17134.1 (WinBuild.160101.0800)", "ParentProcessId": "7304", "CurrentDirectory": "C:\\Users\\george\\Desktop\\", "CommandLine": "C:\\Windows\\system32\\net1 stop McAfeeDLPAgentService /y", "TerminalSessionId": "1", "ProcessGuid": "{C784477D-ED09-6543-4206-000000004800}", "LogonId": "249135", "EventID": "1", "ProcessId": "7496", "Product": "Microsoft\\xae Windows\\xae Operating System", "LogonGuid": "C784477D-AA41-6535-2FCD-030000000000", "Description": "Net Command", "Company": "Microsoft Corporation", "IntegrityLevel": "High", "ParentProcessGuid": "{C784477D-ED09-6543-4006-000000004800}", "ParentCommandLine": "\"net.exe\" stop McAfeeDLPAgentService /y", "UtcTime": "1698950409", "User": "DESKTOP-B0T93D6\\george", "RuleName": "-", "Hashes": "MD5=AF569DE92AB6C1B9C681AF1E799F9983,SHA256=FFC30745BE3B6C2771FC4B2993CFF50B5226B271C412467E97B1DC1086DEA888,IMPHASH=5322AC1A3CFF9C8A2AE16A789E26231E", "Image": "C:\\Windows\\System32\\net1.exe", "OriginalFileName": "net1.exe"}}, {"values": {"ParentImage": "C:\\Users\\george\\AppData\\Roaming\\Microsoft\\Windows\\Start Menu\\Programs\\Startup\\calc.exe", "FileVersion": "10.0.17134.1 (WinBuild.160101.0800)", "ParentProcessId": "8024", "CurrentDirectory": "C:\\Users\\george\\Desktop\\", "CommandLine": "\"net.exe\" stop mfewc /y", "TerminalSessionId": "1", "ProcessGuid": "{C784477D-ED09-6543-4306-000000004800}", "LogonId": "249135", "EventID": "1", "ProcessId": "7600", "Product": "Microsoft\\xae Windows\\xae Operating System", "LogonGuid": "C784477D-AA41-6535-2FCD-030000000000", "Description": "Net Command", "Company": "Microsoft Corporation", "IntegrityLevel": "High", "ParentProcessGuid": "{C784477D-ED08-6543-3906-000000004800}", "ParentCommandLine": "\"C:\\Users\\george\\AppData\\Roaming\\Microsoft\\Windows\\Start Menu\\Programs\\Startup\\calc.exe\" ", "UtcTime": "1698950409", "User": "DESKTOP-B0T93D6\\george", "RuleName": "-", "Hashes": "MD5=15534275EDAABC58159DD0F8607A71E5,SHA256=E9739D544EE0D428696036CBD656C41DCC505B67CC43DBA7C6BEC4E3959282AC,IMPHASH=EB2C2924EA23E1A5FB0E3F53F46CB709", "Image": "C:\\Windows\\System32\\net.exe", "OriginalFileName": "net.exe"}}, {"values": {"ParentImage": "C:\\Windows\\System32\\net.exe", "FileVersion": "10.0.17134.1 (WinBuild.160101.0800)", "ParentProcessId": "7600", "CurrentDirectory": "C:\\Users\\george\\Desktop\\", "CommandLine": "C:\\Windows\\system32\\net1 stop mfewc /y", "TerminalSessionId": "1", "ProcessGuid": "{C784477D-ED0A-6543-4506-000000004800}", "LogonId": "249135", "EventID": "1", "ProcessId": "3640", "Product": "Microsoft\\xae Windows\\xae Operating System", "LogonGuid": "C784477D-AA41-6535-2FCD-030000000000", "Description": "Net Command", "Company": "Microsoft Corporation", "IntegrityLevel": "High", "ParentProcessGuid": "{C784477D-ED09-6543-4306-000000004800}", "ParentCommandLine": "\"net.exe\" stop mfewc /y", "UtcTime": "1698950410", "User": "DESKTOP-B0T93D6\\george", "RuleName": "-", "Hashes": "MD5=AF569DE92AB6C1B9C681AF1E799F9983,SHA256=FFC30745BE3B6C2771FC4B2993CFF50B5226B271C412467E97B1DC1086DEA888,IMPHASH=5322AC1A3CFF9C8A2AE16A789E26231E", "Image": "C:\\Windows\\System32\\net1.exe", "OriginalFileName": "net1.exe"}}, {"values": {"ParentImage": "C:\\Users\\george\\AppData\\Roaming\\Microsoft\\Windows\\Start Menu\\Programs\\Startup\\calc.exe", "FileVersion": "10.0.17134.1 (WinBuild.160101.0800)", "ParentProcessId": "8024", "CurrentDirectory": "C:\\Users\\george\\Desktop\\", "CommandLine": "\"net.exe\" stop BMR Boot Service /y", "TerminalSessionId": "1", "ProcessGuid": "{C784477D-ED0A-6543-4606-000000004800}", "LogonId": "249135", "EventID": "1", "ProcessId": "3664", "Product": "Microsoft\\xae Windows\\xae Operating System", "LogonGuid": "C784477D-AA41-6535-2FCD-030000000000", "Description": "Net Command", "Company": "Microsoft Corporation", "IntegrityLevel": "High", "ParentProcessGuid": "{C784477D-ED08-6543-3906-000000004800}", "ParentCommandLine": "\"C:\\Users\\george\\AppData\\Roaming\\Microsoft\\Windows\\Start Menu\\Programs\\Startup\\calc.exe\" ", "UtcTime": "1698950410", "User": "DESKTOP-B0T93D6\\george", "RuleName": "-", "Hashes": "MD5=15534275EDAABC58159DD0F8607A71E5,SHA256=E9739D544EE0D428696036CBD656C41DCC505B67CC43DBA7C6BEC4E3959282AC,IMPHASH=EB2C2924EA23E1A5FB0E3F53F46CB709", "Image": "C:\\Windows\\System32\\net.exe", "OriginalFileName": "net.exe"}}, 