{"rule_level": "low", "rule_id": "8919a871f4a52b7af785fab44b4665ab6a3637e6ebeeac0288df8a5012a48be2", "rule_source": "Sigma Integrated Rule Set (GitHub)", "rule_title": "User with Privileges Logon", "rule_description": "Detects logon with \"Special groups\" and \"Special Privileges\" can be thought of as Administrator groups or privileges.", "rule_author": "frack113", "match_context": [{"values": {"EventID": "4672", "PrivilegeList": "SeSecurityPrivilege\r\n\t\t\tSeBackupPrivilege\r\n\t\t\tSeRestorePrivilege\r\n\t\t\tSeTakeOwnershipPrivilege\r\n\t\t\tSeDebugPrivilege\r\n\t\t\tSeSystemEnvironmentPrivilege\r\n\t\t\tSeLoadDriverPrivilege\r\n\t\t\tSeImpersonatePrivilege", "SubjectUserName": "mczBRPdMP", "SubjectLogonId": "517577", "SubjectUserSid": "S-1-5-21-1430700990-1739138600-2653947104-1104", "SubjectDomainName": "QaypAQUjq"}}, {"values": {"EventID": "4672", "PrivilegeList": "SeSecurityPrivilege\r\n\t\t\tSeBackupPrivilege\r\n\t\t\tSeRestorePrivilege\r\n\t\t\tSeTakeOwnershipPrivilege\r\n\t\t\tSeDebugPrivilege\r\n\t\t\tSeSystemEnvironmentPrivilege\r\n\t\t\tSeLoadDriverPrivilege\r\n\t\t\tSeImpersonatePrivilege", "SubjectUserName": "mczBRPdMP", "SubjectDomainName": "QaypAQUjq", "SubjectUserSid": "S-1-5-21-1430700990-1739138600-2653947104-1104", "SubjectLogonId": "605012"}}, {"values": {"EventID": "4672", "PrivilegeList": "SeSecurityPrivilege\r\n\t\t\tSeBackupPrivilege\r\n\t\t\tSeRestorePrivilege\r\n\t\t\tSeTakeOwnershipPrivilege\r\n\t\t\tSeDebugPrivilege\r\n\t\t\tSeSystemEnvironmentPrivilege\r\n\t\t\tSeLoadDriverPrivilege\r\n\t\t\tSeImpersonatePrivilege", "SubjectUserName": "mczBRPdMP", "SubjectDomainName": "QaypAQUjq", "SubjectUserSid": "S-1-5-21-1430700990-1739138600-2653947104-1104", "SubjectLogonId": "616268"}}]}, {"rule_level": "low", "rule_id": "b5386a23355681c43cfbd2f2ccfe4b16ed45324d0d7b5583487a9f302ee1e427", "rule_source": "Sigma Integrated Rule Set (GitHub)", "rule_title": "Creation of an Executable by an Executable", "rule_description": "Detects the creation of an executable by another executable", "rule_author": "frack113", "match_context": [{"values": {"EventID": "11", "ProcessId": "6604", "Image": "C:\\Users\\george\\Desktop\\file.exe", "RuleName": "Downloads", "CreationUtcTime": "2021-08-03 13:15:24.100", "UtcTime": "2022-11-21 02:28:33.376", "ProcessGuid": "C784477D-E23B-637A-4E06-000000003000", "TargetFilename": "C:\\Users\\george\\Downloads\\ChromeSetup(1).exe"}}, {"values": {"EventID": "11", "ProcessId": "6604", "Image": "C:\\Users\\george\\Desktop\\file.exe", "RuleName": "Downloads", "CreationUtcTime": "2021-08-03 13:07:57.823", "UtcTime": "2022-11-21 02:28:35.188", "ProcessGuid": "C784477D-E23B-637A-4E06-000000003000", "TargetFilename": "C:\\Users\\george\\Downloads\\ChromeSetup.exe"}}, {"values": {"EventID": "11", "ProcessId": "6604", "TargetFilename": "C:\\Users\\george\\Downloads\\ChromeStandaloneSetup64.exe", "ProcessGuid": "C784477D-E23B-637A-4E06-000000003000", "CreationUtcTime": "2021-08-03 13:18:49.671", "UtcTime": "2022-11-21 02:29:12.157", "RuleName": "Downloads", "Image": "C:\\Users\\george\\Desktop\\file.exe"}}, {"values": {"EventID": "11", "ProcessId": "6604", "Image": "C:\\Users\\george\\Desktop\\file.exe", "RuleName": "Downloads", "CreationUtcTime": "2021-05-18 07:18:29.872", "UtcTime": "2022-11-21 02:29:18.782", "ProcessGuid": "C784477D-E23B-637A-4E06-000000003000", "TargetFilename": "C:\\Users\\george\\Downloads\\dxwebsetup.exe"}}]}], "type_extension": "exe", "signature_info": {"file version": "0.0.0.0", "original name": "A.E.S.R.T.exe", "internal name": "A.E.S.R.T.exe"}, "tlsh": "T17F65138581910B9BDC0143339D271B86BBB108355174EB16FBE3B39D7DE9310BE46AEA", "sha1": "15dfcef932d666fdc7501bcee357ec2aabfcfdee", "last_analysis_date": 1767680985, "type_description": "Win32 EXE", "sigma_analysis_stats": {"critical": 2, "high": 2, "medium": 7, "low": 2}}}}