{"values": {"TerminalSessionId": "1", "ProcessGuid": "{C784477D-ABD4-6462-9E06-000000003400}", "ProcessId": "3920", "Product": "Microsoft\\xae Windows\\xae Operating System", "Description": "Net Command", "Company": "Microsoft Corporation", "ParentProcessGuid": "{C784477D-ABD4-6462-9C06-000000003400}", "User": "DESKTOP-B0T93D6\\george", "Hashes": "MD5=B5A26C2BF17222E86B91D26F1247AF3E,SHA256=14CC5BE4C833ACC652195DEAD113E1C3B4AC0B98EA1AEAD11957836F9AE721CF,IMPHASH=3D3E7537BD3BA07738DC5CA8AD01B073", "OriginalFileName": "net1.exe", "ParentImage": "C:\\Windows\\SysWOW64\\net.exe", "FileVersion": "10.0.17134.1 (WinBuild.160101.0800)", "ParentProcessId": "4580", "CurrentDirectory": "C:\\Users\\george\\Desktop\\", "CommandLine": "C:\\Windows\\system32\\net1 stop \"samss\" /y", "EventID": "1", "LogonGuid": "C784477D-1BC9-6446-03CD-030000000000", "LogonId": "249091", "Image": "C:\\Windows\\SysWOW64\\net1.exe", "IntegrityLevel": "High", "ParentCommandLine": "\"C:\\Windows\\System32\\net.exe\" stop \"samss\" /y", "UtcTime": "1684188116", "RuleName": "-"}}, {"values": {"TerminalSessionId": "1", "ProcessGuid": "{C784477D-ABD5-6462-9F06-000000003400}", "ProcessId": "7980", "Product": "Microsoft\\xae Windows\\xae Operating System", "Description": "Net Command", "Company": "Microsoft Corporation", "ParentProcessGuid": "{C784477D-ABA7-6462-3C06-000000003400}", "User": "DESKTOP-B0T93D6\\george", "Hashes": "MD5=DD0561156F62BC1958CE0E370B23711B,SHA256=FD41D0261C6D22572DA448BCB5CBBB98F78A2922D1F1074D25237CC82C8CE432,IMPHASH=86350518EAE83E4A09BBF6317BA1C570", "OriginalFileName": "net.exe", "ParentImage": "C:\\Users\\george\\Desktop\\program.exe", "FileVersion": "10.0.17134.1 (WinBuild.160101.0800)", "ParentProcessId": "7492", "CurrentDirectory": "C:\\Users\\george\\Desktop\\", "CommandLine": "\"C:\\Windows\\System32\\net.exe\" stop \"samss\" /y", "EventID": "1", "LogonGuid": "C784477D-1BC9-6446-03CD-030000000000", "LogonId": "249091", "Image": "C:\\Windows\\SysWOW64\\net.exe", "IntegrityLevel": "High", "ParentCommandLine": "\"C:\\Users\\george\\Desktop\\program.exe\"", "UtcTime": "1684188117", "RuleName": "-"}}, {"values": {"TerminalSessionId": "1", "ProcessGuid": "{C784477D-ABD5-6462-A106-000000003400}", "ProcessId": "2208", "Product": "Microsoft\\xae Windows\\xae Operating System", "Description": "Net Command", "Company": "Microsoft Corporation", "ParentProcessGuid": "{C784477D-ABD5-6462-9F06-000000003400}", "User": "DESKTOP-B0T93D6\\george", "Hashes": "MD5=B5A26C2BF17222E86B91D26F1247AF3E,SHA256=14CC5BE4C833ACC652195DEAD113E1C3B4AC0B98EA1AEAD11957836F9AE721CF,IMPHASH=3D3E7537BD3BA07738DC5CA8AD01B073", "OriginalFileName": "net1.exe", "ParentImage": "C:\\Windows\\SysWOW64\\net.exe", "FileVersion": "10.0.17134.1 (WinBuild.160101.0800)", "ParentProcessId": "7980", "CurrentDirectory": "C:\\Users\\george\\Desktop\\", "CommandLine": "C:\\Windows\\system32\\net1 stop \"samss\" /y", "EventID": "1", "LogonGuid": "C784477D-1BC9-6446-03CD-030000000000", "LogonId": "249091", "Image": "C:\\Windows\\SysWOW64\\net1.exe", "IntegrityLevel": "High", "ParentCommandLine": "\"C:\\Windows\\System32\\net.exe\" stop \"samss\" /y", "UtcTime": "1684188117", "RuleName": "-"}}, {"values": {"TerminalSessionId": "1", "ProcessGuid": "{C784477D-ABD5-6462-A206-000000003400}", "ProcessId": "6688", "Product": "Microsoft\\xae Windows\\xae Operating System", "Description": "Net Command", "Company": "Microsoft Corporation", "ParentProcessGuid": "{C784477D-ABA7-6462-3C06-000000003400}", "User": "DESKTOP-B0T93D6\\george", "Hashes": "MD5=DD0561156F62BC1958CE0E370B23711B,SHA256=FD41D0261C6D22572DA448BCB5CBBB98F78A2922D1F1074D25237CC82C8CE432,IMPHASH=86350518EAE83E4A09BBF6317BA1C570", "OriginalFileName": "net.exe", "ParentImage": "C:\\Users\\george\\Desktop\\program.exe", "FileVersion": "10.0.17134.1 (WinBuild.160101.0800)", "ParentProcessId": "7492", "CurrentDirectory": "C:\\Users\\george\\Desktop\\", "CommandLine": "\"C:\\Windows\\System32\\net.exe\" stop \"samss\" /y", "EventID": "1", "LogonGuid": "C784477D-1BC9-6446-03CD-030000000000", "LogonId": "249091", "Image": "C:\\Windows\\SysWOW64\\net.exe", "IntegrityLevel": "High", "ParentCommandLine": "\"C:\\Users\\george\\Desktop\\program.exe\"", "UtcTime": "1684188117", "RuleName": "-"}}, {"values": {"TerminalSessionId": "1", "ProcessGuid": "{C784477D-ABD5-6462-A506-000000003400}", "ProcessId": "8124", "Product": "Microsoft\\xae Windows\\xae Operating System", "Description": "Net Command", "Company": "Microsoft Corporation", "ParentProcessGuid": "{C784477D-ABA7-6462-3C06-000000003400}", "User": "DESKTOP-B0T93D6\\george", "Hashes": "MD5=DD0561156F62BC1958CE0E370B23711B,SHA256=FD41D0261C6D22572DA448BCB5CBBB98F78A2922D1F1074D25237CC82C8CE432,IMPHASH=86350518EAE83E4A09BBF6317BA1C570", "OriginalFileName": "net.exe", "ParentImage": "C:\\Users\\george\\Desktop\\program.exe", "FileVersion": "10.0.17134.1 (WinBuild.160101.0800)", "ParentProcessId": "7492", "CurrentDirectory": "C:\\Users\\george\\Desktop\\", "CommandLine": "\"C:\\Windows\\System32\\net.exe\" stop \"samss\" /y", "EventID": "1", "LogonGuid": "C784477D-1BC9-6446-03CD-030000000000", "LogonId": "249091", "Image": "C:\\Windows\\SysWOW64\\net.exe", "IntegrityLevel": "High", "ParentCommandLine": "\"C:\\Users\\george\\Desktop\\program.exe\"", "UtcTime": "1684188117", "RuleName": "-"}}, {"values": {"TerminalSessionId": "1", "ProcessGuid": "{C784477D-ABD5-6462-A706-000000003400}", "ProcessId": "7292", "Product": "Microsoft\\xae Windows\\xae Operating System", "Description": "Net Command", "Company": "Microsoft Corporation", "ParentProcessGuid": "{C784477D-ABD5-6462-A506-000000003400}", "User": "DESKTOP-B0T93D6\\george", "Hashes": "MD5=B5A26C2BF17222E86B91D26F1247AF3E,SHA256=14CC5BE4C833ACC652195DEAD113E1C3B4AC0B98EA1AEAD11957836F9AE721CF,IMPHASH=3D3E7537BD3BA07738DC5CA8AD01B073", "OriginalFileName": "net1.exe", "ParentImage": "C:\\Windows\\SysWOW64\\net.exe", "FileVersion": "10.0.17134.1 (WinBuild.160101.0800)", "ParentProcessId": "8124", "CurrentDirectory": "C:\\Users\\george\\Desktop\\", "CommandLine": "C:\\Windows\\system32\\net1 stop \"samss\" /y", "EventID": "1", "LogonGuid": "C784477D-1BC9-6446-03CD-030000000000", "LogonId": "249091", "Image": "C:\\Windows\\SysWOW64\\net1.exe", "IntegrityLevel": "High", "ParentCommandLine": "\"C:\\Windows\\System32\\net.exe\" stop \"samss\" /y", "UtcTime": "1684188117", "RuleName": "-"}}, {"values": {"TerminalSessionId": "1", "ProcessGuid": "{C784477D-ABD6-6462-AC06-000000003400}", "ProcessId": "908", "Product": "Microsoft\\xae Windows\\xae Operating System", "Description": "Net Command", "Company": "Microsoft Corporation", "ParentProcessGuid": "{C784477D-ABA7-6462-3C06-000000003400}", "User": "DESKTOP-B0T93D6\\george", "Hashes": "MD5=DD0561156F62BC1958CE0E370B23711B,SHA256=FD41D0261C6D22572DA448BCB5CBBB98F78A2922D1F1074D25237CC82C8CE432,IMPHASH=86350518EAE83E4A09BBF6317BA1C570", "OriginalFileName": "net.exe", "ParentImage": "C:\\Users\\george\\Desktop\\program.exe", "FileVersion": "10.0.17134.1 (WinBuild.160101.0800)", "ParentProcessId": "7492", "CurrentDirectory": "C:\\Users\\george\\Desktop\\", "CommandLine": "\"C:\\Windows\\System32\\net.exe\" stop \"samss\" /y", "EventID": "1", "LogonGuid": "C784477D-1BC9-6446-03CD-030000000000", "LogonId": "249091", "Image": "C:\\Windows\\SysWOW64\\net.exe", "IntegrityLevel": "High", "ParentCommandLine": "\"C:\\Users\\george\\Desktop\\program.exe\"", "UtcTime": "1684188118", "RuleName": "-"}}, {"values": {"TerminalSessionId": "1", "ProcessGuid": "{C784477D-ABD6-6462-AE06-000000003400}", "ProcessId": "1688", "Product": "Microsoft\\xae Windows\\xae Operating System", "Description": "Net Command", "Company": "Microsoft Corporation", "ParentProcessGuid": "{C784477D-ABD6-6462-AC06-000000003400}", "User": "DESKTOP-B0T93D6\\george", "Hashes": "MD5=B5A26C2BF17222E86B91D26F1247AF3E,SHA256=14CC5BE4C833ACC652195DEAD113E1C3B4AC0B98EA1AEAD11957836F9AE721CF,IMPHASH=3D3E7537BD3BA07738DC5CA8AD01B073", "OriginalFileName": "net1.exe", "ParentImage": "C:\\Windows\\SysWOW64\\net.exe", "FileVersion": "10.0.17134.1 (WinBuild.160101.0800)", "ParentProcessId": "908", "CurrentDirectory": "C:\\Users\\george\\Desktop\\", "CommandLine": "C:\\Windows\\system32\\net1 stop \"samss\" /y", "EventID": "1", "LogonGuid": "C784477D-1BC9-6446-03CD-030000000000", "LogonId": "249091", "Image": "C:\\Windows\\SysWOW64\\net1.exe", "IntegrityLevel": "High", "ParentCommandLine": "\"C:\\Windows\\System32\\net.exe\" stop \"samss\" /y", "UtcTime": "1684188118", "RuleName": "-"}}, {"values": {"TerminalSessionId": "1", "ProcessGuid": "{C784477D-ABD6-6462-B206-000000003400}", "ProcessId": "6068", "Product": "Microsoft\\xae Windows\\xae Operating System", "Description": "Net Command", "Company": "Microsoft Corporation", "ParentProcessGuid": "{C784477D-ABA7-6462-3C06-000000003400}", "User": "DESKTOP-B0T93D6\\george", "Hashes": "MD5=DD0561156F62BC1958CE0E370B23711B,SHA256=FD41D0261C6D22572DA448BCB5CBBB98F78A2922D1F1074D25237CC82C8CE432,IMPHASH=86350518EAE83E4A09BBF6317BA1C570", "OriginalFileName": "net.exe", "ParentImage": "C:\\Users\\george\\Desktop\\program.exe", "FileVersion": "10.0.17134.1 (WinBuild.160101.0800)", "ParentProcessId": "7492", "CurrentDirectory": "C:\\Users\\george\\Desktop\\", "CommandLine": "\"C:\\Windows\\System32\\net.exe\" stop \"samss\" /y", "EventID": "1", "LogonGuid": "C784477D-1BC9-6446-03CD-030000000000", "LogonId": "249091", "Image": "C:\\Windows\\SysWOW64\\net.exe", "IntegrityLevel": "High", "ParentCommandLine": "\"C:\\Users\\george\\Desktop\\program.exe\"", "UtcTime": "1684188118", "RuleName": "-"}}, {"values": {"TerminalSessionId": "1", "ProcessGuid": "{C784477D-ABD7-6462-B406-000000003400}", "ProcessId": "3880", "Product": "Microsoft\\xae Windows\\xae Operating System", "Description": "Net Command", "Company": "Microsoft Corporation", "ParentProcessGuid": "{C784477D-ABD6-6462-B206-000000003400}", "User": "DESKTOP-B0T93D6\\george", "Hashes": "MD5=B5A26C2BF17222E86B91D26F1247AF3E,SHA256=14CC5BE4C833ACC652195DEAD113E1C3B4AC0B98EA1AEAD11957836F9AE721CF,IMPHASH=3D3E7537BD3BA07738DC5CA8AD01B073", "OriginalFileName": "net1.exe", "ParentImage": "C:\\Windows\\SysWOW64\\net.exe", "FileVersion": "10.0.17134.1 (WinBuild.160101.0800)", "ParentProcessId": "6068", "CurrentDirectory": "C:\\Users\\george\\Desktop\\", "CommandLine": "C:\\Windows\\system32\\net1 stop \"samss\" /y", "EventID": "1", "LogonGuid": "C784477D-1BC9-6446-03CD-030000000000", "LogonId": "249091", "Image": "C:\\Windows\\SysWOW64\\net1.exe", "IntegrityLevel": "High", "ParentCommandLine": "\"C:\\Windows\\System32\\net.exe\" stop \"samss\" /y", "UtcTime": "1684188119", "RuleName": "-"}}, {"values": {"TerminalSessionId": "1", "ProcessGuid": "{C784477D-ABD7-6462-B506-000000003400}", "ProcessId": "4180", "Product": "Microsoft\\xae Windows\\xae Operating System", "Description": "Net Command", "Company": "Microsoft Corporation", "ParentProcessGuid": "{C784477D-ABA7-6462-3C06-000000003400}", "User": "DESKTOP-B0T93D6\\george", "Hashes": "MD5=DD0561156F62BC1958CE0E370B23711B,SHA256=FD41D0261C6D22572DA448BCB5CBBB98F78A2922D1F1074D25237CC82C8CE432,IMPHASH=86350518EAE83E4A09BBF6317BA1C570", "OriginalFileName": "net.exe", "ParentImage": "C:\\Users\\george\\Desktop\\program.exe", "FileVersion": "10.0.17134.1 (WinBuild.160101.0800)", "ParentProcessId": "7492", "CurrentDirectory": "C:\\Users\\george\\Desktop\\", "CommandLine": "\"C:\\Windows\\System32\\net.exe\" stop \"samss\" /y", "EventID": "1", "LogonGuid": "C784477D-1BC9-6446-03CD-030000000000", "LogonId": "249091", "Image": "C:\\Windows\\SysWOW64\\net.exe", "IntegrityLevel": "High", "ParentCommandLine": "\"C:\\Users\\george\\Desktop\\program.exe\"", "UtcTime": "1684188119", "RuleName": "-"}}, {"values": {"TerminalSessionId": "1", "ProcessGuid": "{C784477D-ABD7-6462-B706-000000003400}", "ProcessId": "5268", "Product": "Microsoft\\xae Windows\\xae Operating System", "Description": "Net Command", "Company": "Microsoft Corporation", "ParentProcessGuid": "{C784477D-ABD7-6462-B506-000000003400}", "User": "DESKTOP-B0T93D6\\george", "Hashes": "MD5=B5A26C2BF17222E86B91D26F1247AF3E,SHA256=14CC5BE4C833ACC652195DEAD113E1C3B4AC0B98EA1AEAD11957836F9AE721CF,IMPHASH=3D3E7537BD3BA07738DC5CA8AD01B073", "OriginalFileName": "net1.exe", "ParentImage": "C:\\Windows\\SysWOW64\\net.exe", "FileVersion": "10.0.17134.1 (WinBuild.160101.0800)", "ParentProcessId": "4180", "CurrentDirectory": "C:\\Users\\george\\Desktop\\", "CommandLine": "C:\\Windows\\system32\\net1 stop \"samss\" /y", "EventID": "1", "LogonGuid": "C784477D-1BC9-6446-03CD-030000000000", "LogonId": "249091", "Image": "C:\\Windows\\SysWOW64\\net1.exe", "IntegrityLevel": "High", "ParentCommandLine": "\"C:\\Windows\\System32\\net.exe\" stop \"samss\" /y", "UtcTime": "1684188119", "RuleName": "-"}}, {"values": {"TerminalSessionId": "1", "ProcessGuid": "{C784477D-ABD7-6462-B806-000000003400}", "ProcessId": "6284", "Product": "Microsoft\\xae Windows\\xae Operating System", "Description": "Net Command", "Company": "Microsoft Corporation", "ParentProcessGuid": "{C784477D-ABA7-6462-3C06-000000003400}", "User": "DESKTOP-B0T93D6\\george", "Hashes": "MD5=DD0561156F62BC1958CE0E370B23711B,SHA256=FD41D0261C6D22572DA448BCB5CBBB98F78A2922D1F1074D25237CC82C8CE432,IMPHASH=86350518EAE83E4A09BBF6317BA1C570", "OriginalFileName": "net.exe", "ParentImage": "C:\\Users\\george\\Desktop\\program.exe", "FileVersion": "10.0.17134.1 (WinBuild.160101.0800)", "ParentProcessId": "7492", "CurrentDirectory": "C:\\Users\\george\\Desktop\\", "CommandLine": "\"C:\\Windows\\System32\\net.exe\" stop \"samss\" /y", "EventID": "1", "LogonGuid": "C784477D-1BC9-6446-03CD-030000000000", "LogonId": "249091", "Image": "C:\\Windows\\SysWOW64\\net.exe", "IntegrityLevel": "High", "ParentCommandLine": "\"C:\\Users\\george\\Desktop\\program.exe\"", "UtcTime": "1684188119", "RuleName": "-"}}, {"values": {"TerminalSessionId": "1", "ProcessGuid": "{C784477D-ABD7-6462-BA06-000000003400}", "ProcessId": "1856", "Product": "Microsoft\\xae Windows\\xae Operating System", "Description": "Net Command", "Company": "Microsoft Corporation", "ParentProcessGuid": "{C784477D-ABD7-6462-B806-000000003400}", "User": "DESKTOP-B0T93D6\\george", "Hashes": "MD5=B5A26C2BF17222E86B91D26F1247AF3E,SHA256=14CC5BE4C833ACC652195DEAD113E1C3B4AC0B98EA1AEAD11957836F9AE721CF,IMPHASH=3D3E7537BD3BA07738DC5CA8AD01B073", "OriginalFileName": "net1.exe", "ParentImage": "C:\\Windows\\SysWOW64\\net.exe", "FileVersion": "10.0.17134.1 (WinBuild.160101.0800)", "ParentProcessId": "6284", "CurrentDirectory": "C:\\Users\\george\\Desktop\\", "CommandLine": "C:\\Windows\\system32\\net1 stop \"samss\" /y", "EventID": "1", "LogonGuid": "C784477D-1BC9-6446-03CD-030000000000", "LogonId": "249091", "Image": "C:\\Windows\\SysWOW64\\net1.exe", "IntegrityLevel": "High", "ParentCommandLine": "\"C:\\Windows\\System32\\net.exe\" stop \"samss\" /y", "UtcTime": "1684188119", "RuleName": "-"}}, {"values": {"TerminalSessionId": "1", "ProcessGuid": "{C784477D-ABD8-6462-BB06-000000003400}", "ProcessId": "6240", "Product": "Microsoft\\xae Windows\\xae Operating System", "Description": "Net Command", "Company": "Microsoft Corporation", "ParentProcessGuid": "{C784477D-ABA7-6462-3C06-000000003400}", "User": "DESKTOP-B0T93D6\\george", "Hashes": "MD5=DD0561156F62BC1958CE0E370B23711B,SHA256=FD41D0261C6D22572DA448BCB5CBBB98F78A2922D1F1074D25237CC82C8CE432,IMPHASH=86350518EAE83E4A09BBF6317BA1C570", "OriginalFileName": "net.exe", "ParentImage": "C:\\Users\\george\\Desktop\\program.exe", "FileVersion": "10.0.17134.1 (WinBuild.160101.0800)", "ParentProcessId": "7492", "CurrentDirectory": "C:\\Users\\george\\Desktop\\", "CommandLine": "\"C:\\Windows\\System32\\net.exe\" stop \"samss\" /y", "EventID": "1", "LogonGuid": "C784477D-1BC9-6446-03CD-030000000000", "LogonId": "249091", "Image": "C:\\Windows\\SysWOW64\\net.exe", "IntegrityLevel": "High", "ParentCommandLine": "\"C:\\Users\\george\\Desktop\\program.exe\"", "UtcTime": "1684188120", "RuleName": "-"}}, {"values": {"TerminalSessionId": "1", "ProcessGuid": "{C784477D-ABD8-6462-BD06-000000003400}", "ProcessId": "1308", "Product": "Microsoft\\xae Windows\\xae Operating System", "Description": "Net Command", "Company": "Microsoft Corporation", "ParentProcessGuid": "{C784477D-ABD8-6462-BB06-000000003400}", "User": "DESKTOP-B0T93D6\\george", "Hashes": "MD5=B5A26C2BF17222E86B91D26F1247AF3E,SHA256=14CC5BE4C833ACC652195DEAD113E1C3B4AC0B98EA1AEAD11957836F9AE721CF,IMPHASH=3D3E7537BD3BA07738DC5CA8AD01B073", "OriginalFileName": "net1.exe", "ParentImage": "C:\\Windows\\SysWOW64\\net.exe", "FileVersion": "10.0.17134.1 (WinBuild.160101.0800)", "ParentProcessId": "6240", "CurrentDirectory": "C:\\Users\\george\\Desktop\\", "CommandLine": "C:\\Windows\\system32\\net1 stop \"samss\" /y", "EventID": "1", "LogonGuid": "C784477D-1BC9-6446-03CD-030000000000", "LogonId": "249091", "Image": "C:\\Windows\\SysWOW64\\net1.exe", "IntegrityLevel": "High", "ParentCommandLine": "\"C:\\Windows\\System32\\net.exe\" stop \"samss\" /y", "UtcTime": "1684188120", "RuleName": "-"}}, {"values": {"TerminalSessionId": "1", "ProcessGuid": "{C784477D-ABD8-6462-BE06-000000003400}", "ProcessId": "2508", "Product": "Microsoft\\xae Windows\\xae Operating System", "Description": "Net Command", "Company": "Microsoft Corporation", "ParentProcessGuid": "{C784477D-ABA7-6462-3C06-000000003400}", "User": "DESKTOP-B0T93D6\\george", "Hashes": "MD5=DD0561156F62BC1958CE0E370B23711B,SHA256=FD41D0261C6D22572DA448BCB5CBBB98F78A2922D1F1074D25237CC82C8CE432,IMPHASH=86350518EAE83E4A09BBF6317BA1C570", "OriginalFileName": "net.exe", "ParentImage": "C:\\Users\\george\\Desktop\\program.exe", "FileVersion": "10.0.17134.1 (WinBuild.160101.0800)", "ParentProcessId": "7492", "CurrentDirectory": "C:\\Users\\george\\Desktop\\", "CommandLine": "\"C:\\Windows\\System32\\net.exe\" stop \"samss\" /y", "EventID": "1", "LogonGuid": "C784477D-1BC9-6446-03CD-030000000000", "LogonId": "249091", "Image": "C:\\Windows\\SysWOW64\\net.exe", "IntegrityLevel": "High", "ParentCommandLine": "\"C:\\Users\\george\\Desktop\\program.exe\"", "UtcTime": "1684188120", "RuleName": "-"}}, {"values": {"TerminalSessionId": "1", "ProcessGuid": "{C784477D-ABD8-6462-C006-000000003400}", "ProcessId": "3156", "Product": "Microsoft\\xae Windows\\xae Operating System", "Description": "Net Command", "Company": "Microsoft Corporation", "ParentProcessGuid": "{C784477D-ABD8-6462-BE06-000000003400}", "User": "DESKTOP-B0T93D6\\george", "Hashes": "MD5=B5A26C2BF17222E86B91D26F1247AF3E,SHA256=14CC5BE4C833ACC652195DEAD113E1C3B4AC0B98EA1AEAD11957836F9AE721CF,IMPHASH=3D3E7537BD3BA07738DC5CA8AD01B073", "OriginalFileName": "net1.exe", "ParentImage": "C:\\Windows\\SysWOW64\\net.exe", "FileVersion": "10.0.17134.1 (WinBuild.160101.0800)", "ParentProcessId": "2508", "CurrentDirectory": "C:\\Users\\george\\Desktop\\", "CommandLine": "C:\\Windows\\system32\\net1 stop \"samss\" /y", "EventID": "1", "LogonGuid": "C784477D-1BC9-6446-03CD-030000000000", "LogonId": "249091", "Image": "C:\\Windows\\SysWOW64\\net1.exe", "IntegrityLevel": "High", "ParentCommandLine": "\"C:\\Windows\\System32\\net.exe\" stop \"samss\" /y", "UtcTime": "1684188120", "RuleName": "-"}}, {"values": {"TerminalSessionId": "1", "ProcessGuid": "{C784477D-ABD9-6462-C106-000000003400}", "ProcessId": "484", "Product": "Microsoft\\xae Windows\\xae Operating System", "Description": "Net Command", "Company": "Microsoft Corporation", "ParentProcessGuid": "{C784477D-ABA7-6462-3C06-000000003400}", "User": "DESKTOP-B0T93D6\\george", "Hashes": "MD5=DD0561156F62BC1958CE0E370B23711B,SHA256=FD41D0261C6D22572DA448BCB5CBBB98F78A2922D1F1074D25237CC82C8CE432,IMPHASH=86350518EAE83E4A09BBF6317BA1C570", "OriginalFileName": "net.exe", "ParentImage": "C:\\Users\\george\\Desktop\\program.exe", "FileVersion": "10.0.17134.1 (WinBuild.160101.0800)", "ParentProcessId": "7492", "CurrentDirectory": "C:\\Users\\george\\Desktop\\", "CommandLine": "\"C:\\Windows\\System32\\net.exe\" stop \"samss\" /y", "EventID": "1", "LogonGuid": "C784477D-1BC9-6446-03CD-030000000000", "LogonId": "249091", "Image": "C:\\Windows\\SysWOW64\\net.exe", "IntegrityLevel": "High", "ParentCommandLine": "\"C:\\Users\\george\\Desktop\\program.exe\"", "UtcTime": "1684188121", "RuleName": "-"}}, {"values": {"TerminalSessionId": "1", "ProcessGuid": "{C784477D-ABD9-6462-C306-000000003400}", "ProcessId": "3548", "Product": "Microsoft\\xae Windows\\xae Operating System", "Description": "Net Command", "Company": "Microsoft Corporation", "ParentProcessGuid": "{C784477D-ABD9-6462-C106-000000003400}", "User": "DESKTOP-B0T93D6\\george", "Hashes": "MD5=B5A26C2BF17222E86B91D26F1247AF3E,SHA256=14CC5BE4C833ACC652195DEAD113E1C3B4AC0B98EA1AEAD11957836F9AE721CF,IMPHASH=3D3E7537BD3BA07738DC5CA8AD01B073", "OriginalFileName": "net1.exe", "ParentImage": "C:\\Windows\\SysWOW64\\net.exe", "FileVersion": "10.0.17134.1 (WinBuild.160101.0800)", "ParentProcessId": "484", "CurrentDirectory": "C:\\Users\\george\\Desktop\\", "CommandLine": "C:\\Windows\\system32\\net1 stop \"samss\" /y", "EventID": "1", "LogonGuid": "C784477D-1BC9-6446-03CD-030000000000", "LogonId": "249091", "Image": "C:\\Windows\\SysWOW64\\net1.exe", "IntegrityLevel": "High", "ParentCommandLine": "\"C:\\Windows\\System32\\net.exe\" stop \"samss\" /y", "UtcTime": "1684188121", "RuleName": "-"}}, {"values": {"TerminalSessionId": "1", "ProcessGuid": "{C784477D-ABD9-6462-C406-000000003400}", "ProcessId": "7176", "Product": "Microsoft\\xae Windows\\xae Operating System", "Description": "Net Command", "Company": "Microsoft Corporation", "ParentProcessGuid": "{C784477D-ABA7-6462-3C06-000000003400}", "User": "DESKTOP-B0T93D6\\george", "Hashes": "MD5=DD0561156F62BC1958CE0E370B23711B,SHA256=FD41D0261C6D22572DA448BCB5CBBB98F78A2922D1F1074D25237CC82C8CE432,IMPHASH=86350518EAE83E4A09BBF6317BA1C570", "OriginalFileName": "net.exe", "ParentImage": "C:\\Users\\george\\Desktop\\program.exe", "FileVersion": "10.0.17134.1 (WinBuild.160101.0800)", "ParentProcessId": "7492", "CurrentDirectory": "C:\\Users\\george\\Desktop\\", "CommandLine": "\"C:\\Windows\\System32\\net.exe\" stop \"samss\" /y", "EventID": "1", "LogonGuid": "C784477D-1BC9-6446-03CD-030000000000", "LogonId": "249091", "Image": "C:\\Windows\\SysWOW64\\net.exe", "IntegrityLevel": "High", "ParentCommandLine": "\"C:\\Users\\george\\Desktop\\program.exe\"", "UtcTime": "1684188121", "RuleName": "-"}}, {"values": {"TerminalSessionId": "1", "ProcessGuid": "{C784477D-ABD9-6462-C606-000000003400}", "ProcessId": "7852", "Product": "Microsoft\\xae Windows\\xae Operating System", "Description": "Net Command", "Company": "Microsoft Corporation", "ParentProcessGuid": "{C784477D-ABD9-6462-C406-000000003400}", "User": "DESKTOP-B0T93D6\\george", "Hashes": "MD5=B5A26C2BF17222E86B91D26F1247AF3E,SHA256=14CC5BE4C833ACC652195DEAD113E1C3B4AC0B98EA1AEAD11957836F9AE721CF,IMPHASH=3D3E7537BD3BA07738DC5CA8AD01B073", "OriginalFileName": "net1.exe", "ParentImage": "C:\\Windows\\SysWOW64\\net.exe", "FileVersion": "10.0.17134.1 (WinBuild.160101.0800)", "ParentProcessId": "7176", "CurrentDirectory": "C:\\Users\\george\\Desktop\\", "CommandLine": "C:\\Windows\\system32\\net1 stop \"samss\" /y", "EventID": "1", "LogonGuid": "C784477D-1BC9-6446-03CD-030000000000", "LogonId": "249091", "Image": "C:\\Windows\\SysWOW64\\net1.exe", "IntegrityLevel": "High", "ParentCommandLine": "\"C:\\Windows\\System32\\net.exe\" stop \"samss\" /y", "UtcTime": "1684188121", "RuleName": "-"}}, {"values": {"TerminalSessionId": "1", "ProcessGuid": "{C784477D-ABD9-6462-C706-000000003400}", "ProcessId": "4288", "Product": "Microsoft\\xae Windows\\xae Operating System", "Description": "Net Command", "Company": "Microsoft Corporation", "ParentProcessGuid": "{C784477D-ABA7-6462-3C06-000000003400}", "User": "DESKTOP-B0T93D6\\george", "Hashes": "MD5=DD0561156F62BC1958CE0E370B23711B,SHA256=FD41D0261C6D22572DA448BCB5CBBB98F78A2922D1F1074D25237CC82C8CE432,IMPHASH=86350518EAE83E4A09BBF6317BA1C570", "OriginalFileName": "net.exe", "ParentImage": "C:\\Users\\george\\Desktop\\program.exe", "FileVersion": "10.0.17134.1 (WinBuild.160101.0800)", "ParentProcessId": "7492", "CurrentDirectory": "C:\\Users\\george\\Desktop\\", "CommandLine": "\"C:\\Windows\\System32\\net.exe\" stop \"samss\" /y", "EventID": "1", "LogonGuid": "C784477D-1BC9-6446-03CD-030000000000", "LogonId": "249091", "Image": "C:\\Windows\\SysWOW64\\net.exe", "IntegrityLevel": "High", "ParentCommandLine": "\"C:\\Users\\george\\Desktop\\program.exe\"", "UtcTime": "1684188121", "RuleName": "-"}}, {"values": {"TerminalSessionId": "1", "ProcessGuid": "{C784477D-ABD9-6462-C906-000000003400}", "ProcessId": "4812", "Product": "Microsoft\\xae Windows\\xae Operating System", "Description": "Net Command", "Company": "Microsoft Corporation", "ParentProcessGuid": "{C784477D-ABD9-6462-C706-000000003400}", "User": "DESKTOP-B0T93D6\\george", "Hashes": "MD5=B5A26C2BF17222E86B91D26F1247AF3E,SHA256=14CC5BE4C833ACC652195DEAD113E1C3B4AC0B98EA1AEAD11957836F9AE721CF,IMPHASH=3D3E7537BD3BA07738DC5CA8AD01B073", "OriginalFileName": "net1.exe", "ParentImage": "C:\\Windows\\SysWOW64\\net.exe", "FileVersion": "10.0.17134.1 (WinBuild.160101.0800)", "ParentProcessId": "4288", "CurrentDirectory": "C:\\Users\\george\\Desktop\\", "CommandLine": "C:\\Windows\\system32\\net1 stop \"samss\" /y", "EventID": "1", "LogonGuid": "C784477D-1BC9-6446-03CD-030000000000", "LogonId": "249091", "Image": "C:\\Windows\\SysWOW64\\net1.exe", "IntegrityLevel": "High", "ParentCommandLine": "\"C:\\Windows\\System32\\net.exe\" stop \"samss\" /y", "UtcTime": "1684188121", "RuleName": "-"}}, {"values": {"TerminalSessionId": "1", "ProcessGuid": "{C784477D-ABDA-6462-CA06-000000003400}", "ProcessId": "7912", "Product": "Microsoft\\xae Windows\\xae Operating System", "Description": "Net Command", "Company": "Microsoft Corporation", "ParentProcessGuid": "{C784477D-ABA7-6462-3C06-000000003400}", "User": "DESKTOP-B0T93D6\\george", "Hashes": "MD5=DD0561156F62BC1958CE0E370B23711B,SHA256=FD41D0261C6D22572DA448BCB5CBBB98F78A2922D1F1074D25237CC82C8CE432,IMPHASH=86350518EAE83E4A09BBF6317BA1C570", "OriginalFileName": "net.exe", "ParentImage": "C:\\Users\\george\\Desktop\\program.exe", "FileVersion": "10.0.17134.1 (WinBuild.160101.0800)", "ParentProcessId": "7492", "CurrentDirectory": "C:\\Users\\george\\Desktop\\", "CommandLine": "\"C:\\Windows\\System32\\net.exe\" stop \"samss\" /y", "EventID": "1", "LogonGuid": "C784477D-1BC9-6446-03CD-030000000000", "LogonId": "249091", "Image": "C:\\Windows\\SysWOW64\\net.exe", "IntegrityLevel": "High", "ParentCommandLine": "\"C:\\Users\\george\\Desktop\\program.exe\"", "UtcTime": "1684188122", "RuleName": "-"}}, {"values": {"TerminalSessionId": "1", "ProcessGuid": "{C784477D-ABDA-6462-CC06-000000003400}", "ProcessId": "6376", "Product": "Microsoft\\xae Windows\\xae Operating System", "Description": "Net Command", "Company": "Microsoft Corporation", "ParentProcessGuid": "{C784477D-ABDA-6462-CA06-000000003400}", "User": "DESKTOP-B0T93D6\\george", "Hashes": "MD5=B5A26C2BF17222E86B91D26F1247AF3E,SHA256=14CC5BE4C833ACC652195DEAD113E1C3B4AC0B98EA1AEAD11957836F9AE721CF,IMPHASH=3D3E7537BD3BA07738DC5CA8AD01B073", "OriginalFileName": "net1.exe", "ParentImage": "C:\\Windows\\SysWOW64\\net.exe", "FileVersion": "10.0.17134.1 (WinBuild.160101.0800)", "ParentProcessId": "7912", "CurrentDirectory": "C:\\Users\\george\\Desktop\\", "CommandLine": "C:\\Windows\\system32\\net1 stop \"samss\" /y", "EventID": "1", "LogonGuid": "C784477D-1BC9-6446-03CD-030000000000", "LogonId": "249091", "Image": "C:\\Windows\\SysWOW64\\net1.exe", "IntegrityLevel": "High", "ParentCommandLine": "\"C:\\Windows\\System32\\net.exe\" stop \"samss\" /y", "UtcTime": "1684188122", "RuleName": "-"}}, {"values": {"TerminalSessionId": "1", "ProcessGuid": "{C784477D-ABDA-6462-CD06-000000003400}", "ProcessId": "1236", "Product": "Microsoft\\xae Windows\\xae Operating System", "Description": "Net Command", "Company": "Microsoft Corporation", "ParentProcessGuid": "{C784477D-ABA7-6462-3C06-000000003400}", "User": "DESKTOP-B0T93D6\\george", "Hashes": "MD5=DD0561156F62BC1958CE0E370B23711B,SHA256=FD41D0261C6D22572DA448BCB5CBBB98F78A2922D1F1074D25237CC82C8CE432,IMPHASH=86350518EAE83E4A09BBF6317BA1C570", "OriginalFileName": "net.exe", "ParentImage": "C:\\Users\\george\\Desktop\\program.exe", "FileVersion": "10.0.17134.1 (WinBuild.160101.0800)", "ParentProcessId": "7492", "CurrentDirectory": "C:\\Users\\george\\Desktop\\", "CommandLine": "\"C:\\Windows\\System32\\net.exe\" stop \"samss\" /y", "EventID": "1", "LogonGuid": "C784477D-1BC9-6446-03CD-030000000000", "LogonId": "249091", "Image": "C:\\Windows\\SysWOW64\\net.exe", "IntegrityLevel": "High", "ParentCommandLine": "\"C:\\Users\\george\\Desktop\\program.exe\"", "UtcTime": "1684188122", "RuleName": "-"}}, {"values": {"TerminalSessionId": "1", "ProcessGuid": "{C784477D-ABDA-6462-CF06-000000003400}", "ProcessId": "3164", "Product": "Microsoft\\xae Windows\\xae Operating System", "Description": "Net Command", "Company": "Microsoft Corporation", "ParentProcessGuid": "{C784477D-ABDA-6462-CD06-000000003400}", "User": "DESKTOP-B0T93D6\\george", "Hashes": "MD5=B5A26C2BF17222E86B91D26F1247AF3E,SHA256=14CC5BE4C833ACC652195DEAD113E1C3B4AC0B98EA1AEAD11957836F9AE721CF,IMPHASH=3D3E7537BD3BA07738DC5CA8AD01B073", "OriginalFileName": "net1.exe", "ParentImage": "C:\\Windows\\SysWOW64\\net.exe", "FileVersion": "10.0.17134.1 (WinBuild.160101.0800)", "ParentProcessId": "1236", "CurrentDirectory": "C:\\Users\\george\\Desktop\\", "CommandLine": "C:\\Windows\\system32\\net1 stop \"samss\" /y", "EventID": "1", "LogonGuid": "C784477D-1BC9-6446-03CD-030000000000", "LogonId": "249091", "Image": "C:\\Windows\\SysWOW64\\net1.exe", "IntegrityLevel": "High", "ParentCommandLine": "\"C:\\Windows\\System32\\net.exe\" stop \"samss\" /y", "UtcTime": "1684188122", "RuleName": "-"}}, {"values": {"TerminalSessionId": "1", "ProcessGuid": "{C784477D-ABDA-6462-D006-000000003400}", "ProcessId": "3876", "Product": "Microsoft\\xae Windows\\xae Operating System", "Description": "Net Command", "Company": "Microsoft Corporation", "ParentProcessGuid": "{C784477D-ABA7-6462-3C06-000000003400}", "User": "DESKTOP-B0T93D6\\george", "Hashes": "MD5=DD0561156F62BC1958CE0E370B23711B,SHA256=FD41D0261C6D22572DA448BCB5CBBB98F78A2922D1F1074D25237CC82C8CE432,IMPHASH=86350518EAE83E4A09BBF6317BA1C570", "OriginalFileName": "net.exe", "ParentImage": "C:\\Users\\george\\Desktop\\program.exe", "FileVersion": "10.0.17134.1 (WinBuild.160101.0800)", "ParentProcessId": "7492", "CurrentDirectory": "C:\\Users\\george\\Desktop\\", "CommandLine": "\"C:\\Windows\\System32\\net.exe\" stop \"samss\" /y", "EventID": "1", "LogonGuid": "C784477D-1BC9-6446-03CD-030000000000", "LogonId": "249091", "Image": "C:\\Windows\\SysWOW64\\net.exe", "IntegrityLevel": "High", "ParentCommandLine": "\"C:\\Users\\george\\Desktop\\program.exe\"", "UtcTime": "1684188122", "RuleName": "-"}}, {"values": {"TerminalSessionId": "1", "ProcessGuid": "{C784477D-ABDB-6462-D206-000000003400}", "ProcessId": "8104", "Product": "Microsoft\\xae Windows\\xae Operating System", "Description": "Net Command", "Company": "Microsoft Corporation", "ParentProcessGuid": "{C784477D-ABDA-6462-D006-000000003400}", "User": "DESKTOP-B0T93D6\\george", "Hashes": "MD5=B5A26C2BF17222E86B91D26F1247AF3E,SHA256=14CC5BE4C833ACC652195DEAD113E1C3B4AC0B98EA1AEAD11957836F9AE721CF,IMPHASH=3D3E7537BD3BA07738DC5CA8AD01B073", "OriginalFileName": "net1.exe", "ParentImage": "C:\\Windows\\SysWOW64\\net.exe", "FileVersion": "10.0.17134.1 (WinBuild.160101.0800)", "ParentProcessId": "3876", "CurrentDirectory": "C:\\Users\\george\\Desktop\\", "CommandLine": "C:\\Windows\\system32\\net1 stop \"samss\" /y", "EventID": "1", "LogonGuid": "C784477D-1BC9-6446-03CD-030000000000", "LogonId": "249091", "Image": "C:\\Windows\\SysWOW64\\net1.exe", "IntegrityLevel": "High", "ParentCommandLine": "\"C:\\Windows\\System32\\net.exe\" stop \"samss\" /y", "UtcTime": "1684188123", "RuleName": "-"}}, {"values": {"TerminalSessionId": "1", "ProcessGuid": "{C784477D-ABDB-6462-D306-000000003400}", "ProcessId": "7276", "Product": "Microsoft\\xae Windows\\xae Operating System", "Description": "Net Command", "Company": "Microsoft Corporation", "ParentProcessGuid": "{C784477D-ABA7-6462-3C06-000000003400}", "User": "DESKTOP-B0T93D6\\george", "Hashes": "MD5=DD0561156F62BC1958CE0E370B23711B,SHA256=FD41D0261C6D22572DA448BCB5CBBB98F78A2922D1F1074D25237CC82C8CE432,IMPHASH=86350518EAE83E4A09BBF6317BA1C570", "OriginalFileName": "net.exe", "ParentImage": "C:\\Users\\george\\Desktop\\program.exe", "FileVersion": "10.0.17134.1 (WinBuild.160101.0800)", "ParentProcessId": "7492", "CurrentDirectory": "C:\\Users\\george\\Desktop\\", "CommandLine": "\"C:\\Windows\\System32\\net.exe\" stop \"samss\" /y", "EventID": "1", "LogonGuid": "C784477D-1BC9-6446-03CD-030000000000", "LogonId": "249091", "Image": "C:\\Windows\\SysWOW64\\net.exe", "IntegrityLevel": "High", "ParentCommandLine": "\"C:\\Users\\george\\Desktop\\program.exe\"", "UtcTime": "1684188123", "RuleName": "-"}}, {"values": {"TerminalSessionId": "1", "ProcessGuid": "{C784477D-ABDB-6462-D506-000000003400}", "ProcessId": "7352", "Product": "Microsoft\\xae Windows\\xae Operating System", "Description": "Net Command", "Company": "Microsoft Corporation", "ParentProcessGuid": "{C784477D-ABDB-6462-D306-000000003400}", "User": "DESKTOP-B0T93D6\\george", "Hashes": "MD5=B5A26C2BF17222E86B91D26F1247AF3E,SHA256=14CC5BE4C833ACC652195DEAD113E1C3B4AC0B98EA1AEAD11957836F9AE721CF,IMPHASH=3D3E7537BD3BA07738DC5CA8AD01B073", "OriginalFileName": "net1.exe", "ParentImage": "C:\\Windows\\SysWOW64\\net.exe", "FileVersion": "10.0.17134.1 (WinBuild.160101.0800)", "ParentProcessId": "7276", "CurrentDirectory": "C:\\Users\\george\\Desktop\\", "CommandLine": "C:\\Windows\\system32\\net1 stop \"samss\" /y", "EventID": "1", "LogonGuid": "C784477D-1BC9-6446-03CD-030000000000", "LogonId": "249091", "Image": "C:\\Windows\\SysWOW64\\net1.exe", "IntegrityLevel": "High", "ParentCommandLine": "\"C:\\Windows\\System32\\net.exe\" stop \"samss\" /y", "UtcTime": "1684188123", "RuleName": "-"}}, {"values": {"TerminalSessionId": "1", "ProcessGuid": "{C784477D-ABDB-6462-D606-000000003400}", "ProcessId": "1616", "Product": "Microsoft\\xae Windows\\xae Operating System", "Description": "Net Command", "Company": "Microsoft Corporation", "ParentProcessGuid": "{C784477D-ABA7-6462-3C06-000000003400}", "User": "DESKTOP-B0T93D6\\george", "Hashes": "MD5=DD0561156F62BC1958CE0E370B23711B,SHA256=FD41D0261C6D22572DA448BCB5CBBB98F78A2922D1F1074D25237CC82C8CE432,IMPHASH=86350518EAE83E4A09BBF6317BA1C570", "OriginalFileName": "net.exe", "ParentImage": "C:\\Users\\george\\Desktop\\program.exe", "FileVersion": "10.0.17134.1 (WinBuild.160101.0800)", "ParentProcessId": "7492", "CurrentDirectory": "C:\\Users\\george\\Desktop\\", "CommandLine": "\"C:\\Windows\\System32\\net.exe\" stop \"samss\" /y", "EventID": "1", "LogonGuid": "C784477D-1BC9-6446-03CD-030000000000", "LogonId": "249091", "Image": "C:\\Windows\\SysWOW64\\net.exe", "IntegrityLevel": "High", "ParentCommandLine": "\"C:\\Users\\george\\Desktop\\program.exe\"", "UtcTime": "1684188123", "RuleName": "-"}}, {"values": {"TerminalSessionId": "1", "ProcessGuid": "{C784477D-ABDB-6462-D806-000000003400}", "ProcessId": "4616", "Product": "Microsoft\\xae Windows\\xae Operating System", "Description": "Net Command", "Company": "Microsoft Corporation", "ParentProcessGuid": "{C784477D-ABDB-6462-D606-000000003400}", "User": "DESKTOP-B0T93D6\\george", "Hashes": "MD5=B5A26C2BF17222E86B91D26F1247AF3E,SHA256=14CC5BE4C833ACC652195DEAD113E1C3B4AC0B98EA1AEAD11957836F9AE721CF,IMPHASH=3D3E7537BD3BA07738DC5CA8AD01B073", "OriginalFileName": "net1.exe", "ParentImage": "C:\\Windows\\SysWOW64\\net.exe", "FileVersion": "10.0.17134.1 (WinBuild.160101.0800)", "ParentProcessId": "1616", "CurrentDirectory": "C:\\Users\\george\\Desktop\\", "CommandLine": "C:\\Windows\\system32\\net1 stop \"samss\" /y", "EventID": "1", "LogonGuid": "C784477D-1BC9-6446-03CD-030000000000", "LogonId": "249091", "Image": "C:\\Windows\\SysWOW64\\net1.exe", "IntegrityLevel": "High", "ParentCommandLine": "\"C:\\Windows\\System32\\net.exe\" stop \"samss\" /y", "UtcTime": "1684188123", "RuleName": "-"}}, {"values": {"TerminalSessionId": "1", "ProcessGuid": "{C784477D-ABDC-6462-D906-000000003400}", "ProcessId": "1932", "Product": "Microsoft\\xae Windows\\xae Operating System", "Description": "Net Command", "Company": "Microsoft Corporation", "ParentProcessGuid": "{C784477D-ABA7-6462-3C06-000000003400}", "User": "DESKTOP-B0T93D6\\george", "Hashes": "MD5=DD0561156F62BC1958CE0E370B23711B,SHA256=FD41D0261C6D22572DA448BCB5CBBB98F78A2922D1F1074D25237CC82C8CE432,IMPHASH=86350518EAE83E4A09BBF6317BA1C570", "OriginalFileName": "net.exe", "ParentImage": "C:\\Users\\george\\Desktop\\program.exe", "FileVersion": "10.0.17134.1 (WinBuild.160101.0800)", "ParentProcessId": "7492", "CurrentDirectory": "C:\\Users\\george\\Desktop\\", "CommandLine": "\"C:\\Windows\\System32\\net.exe\" stop \"samss\" /y", "EventID": "1", "LogonGuid": "C784477D-1BC9-6446-03CD-030000000000", "LogonId": "249091", "Image": "C:\\Windows\\SysWOW64\\net.exe", "IntegrityLevel": "High", "ParentCommandLine": "\"C:\\Users\\george\\Desktop\\program.exe\"", "UtcTime": "1684188124", "RuleName": "-"}}, {"values": {"TerminalSessionId": "1", "ProcessGuid": "{C784477D-ABDC-6462-DB06-000000003400}", "ProcessId": "8024", "Product": "Microsoft\\xae Windows\\xae Operating System", "Description": "Net Command", "Company": "Microsoft Corporation", "ParentProcessGuid": "{C784477D-ABDC-6462-D906-000000003400}", "User": "DESKTOP-B0T93D6\\george", "Hashes": "MD5=B5A26C2BF17222E86B91D26F1247AF3E,SHA256=14CC5BE4C833ACC652195DEAD113E1C3B4AC0B98EA1AEAD11957836F9AE721CF,IMPHASH=3D3E7537BD3BA07738DC5CA8AD01B073", "OriginalFileName": "net1.exe", "ParentImage": "C:\\Windows\\SysWOW64\\net.exe", "FileVersion": "10.0.17134.1 (WinBuild.160101.0800)", "ParentProcessId": "1932", "CurrentDirectory": "C:\\Users\\george\\Desktop\\", "CommandLine": "C:\\Windows\\system32\\net1 stop \"samss\" /y", "EventID": "1", "LogonGuid": "C784477D-1BC9-6446-03CD-030000000000", "LogonId": "249091", "Image": "C:\\Windows\\SysWOW64\\net1.exe", "IntegrityLevel": "High", "ParentCommandLine": "\"C:\\Windows\\System32\\net.exe\" stop \"samss\" /y", "UtcTime": "1684188124", "RuleName": "-"}}, {"values": {"TerminalSessionId": "1", "ProcessGuid": "{C784477D-ABDC-6462-DC06-000000003400}", "ProcessId": "7976", "Product": "Microsoft\\xae Windows\\xae Operating System", "Description": "Net Command", "Company": "Microsoft Corporation", "ParentProcessGuid": "{C784477D-ABA7-6462-3C06-000000003400}", "User": "DESKTOP-B0T93D6\\george", "Hashes": "MD5=DD0561156F62BC1958CE0E370B23711B,SHA256=FD41D0261C6D22572DA448BCB5CBBB98F78A2922D1F1074D25237CC82C8CE432,IMPHASH=86350518EAE83E4A09BBF6317BA1C570", "OriginalFileName": "net.exe", "ParentImage": "C:\\Users\\george\\Desktop\\program.exe", "FileVersion": "10.0.17134.1 (WinBuild.160101.0800)", "ParentProcessId": "7492", "CurrentDirectory": "C:\\Users\\george\\Desktop\\", "CommandLine": "\"C:\\Windows\\System32\\net.exe\" stop \"samss\" /y", "EventID": "1", "LogonGuid": "C784477D-1BC9-6446-03CD-030000000000", "LogonId": "249091", "Image": "C:\\Windows\\SysWOW64\\net.exe", "IntegrityLevel": "High", "ParentCommandLine": "\"C:\\Users\\george\\Desktop\\program.exe\"", "UtcTime": "1684188124", "RuleName": "-"}}, {"values": {"TerminalSessionId": "1", "ProcessGuid": "{C784477D-ABDC-6462-DE06-000000003400}", "ProcessId": "8000", "Product": "Microsoft\\xae Windows\\xae Operating System", "Description": "Net Command", "Company": "Microsoft Corporation", "ParentProcessGuid": "{C784477D-ABDC-6462-DC06-000000003400}", "User": "DESKTOP-B0T93D6\\george", "Hashes": "MD5=B5A26C2BF17222E86B91D26F1247AF3E,SHA256=14CC5BE4C833ACC652195DEAD113E1C3B4AC0B98EA1AEAD11957836F9AE721CF,IMPHASH=3D3E7537BD3BA07738DC5CA8AD01B073", "OriginalFileName": "net1.exe", "ParentImage": "C:\\Windows\\SysWOW64\\net.exe", "FileVersion": "10.0.17134.1 (WinBuild.160101.0800)", "ParentProcessId": "7976", "CurrentDirectory": "C:\\Users\\george\\Desktop\\", "CommandLine": "C:\\Windows\\system32\\net1 stop \"samss\" /y", "EventID": "1", "LogonGuid": "C784477D-1BC9-6446-03CD-030000000000", "LogonId": "249091", "Image": "C:\\Windows\\SysWOW64\\net1.exe", "IntegrityLevel": "High", "ParentCommandLine": "\"C:\\Windows\\System32\\net.exe\" stop \"samss\" /y", "UtcTime": "1684188124", "RuleName": "-"}}, {"values": {"TerminalSessionId": "1", "ProcessGuid": "{C784477D-ABDC-6462-E206-000000003400}", "ProcessId": "3416", "Product": "Microsoft\\xae Windows\\xae Operating System", "Description": "Net Command", "Company": "Microsoft Corporation", "ParentProcessGuid": "{C784477D-ABA7-6462-3C06-000000003400}", "User": "DESKTOP-B0T93D6\\george", "Hashes": "MD5=DD0561156F62BC1958CE0E370B23711B,SHA256=FD41D0261C6D22572DA448BCB5CBBB98F78A2922D1F1074D25237CC82C8CE432,IMPHASH=86350518EAE83E4A09BBF6317BA1C570", "OriginalFileName": "net.exe", "ParentImage": "C:\\Users\\george\\Desktop\\program.exe", "FileVersion": "10.0.17134.1 (WinBuild.160101.0800)", "ParentProcessId": "7492", "CurrentDirectory": "C:\\Users\\george\\Desktop\\", "CommandLine": "\"C:\\Windows\\System32\\net.exe\" stop \"samss\" /y", "EventID": "1", "LogonGuid": "C784477D-1BC9-6446-03CD-030000000000", "LogonId": "249091", "Image": "C:\\Windows\\SysWOW64\\net.exe", "IntegrityLevel": "High", "ParentCommandLine": "\"C:\\Users\\george\\Desktop\\program.exe\"", "UtcTime": "1684188124", "RuleName": "-"}}], "rule_level": "low", "rule_id": "f1048c602439313e72f67c634350106ba7b709512529457a6f0a5eca6835bc89", "rule_source": "Sigma Integrated Rule Set (GitHub)", "rule_title": "Net.exe Execution", "rule_description": "Detects execution of Net.exe, whether suspicious or benign.", "rule_author": "Michael Haag, Mark Woan (improvements), James Pemberton / @4A616D6573 / oscd.community (improvements)"}], "reputation": 0, "tlsh": "T1D8F37B11B5C1C4B1D1B30E334576CA624F7F782019B99A9F53B422AE4FA42D0BE39E67", "names": ["0cf36731f5b8651d53fc651607c3fccac24b631c08dca4493d8e07d2fbff1db3.exe", "gurr1ze6.exe", "VirusShare_2209710b3ba686e5cbd8716df05c5174", "2209710b3ba686e5cbd8716df05c5174.vir"], "crowdsourced_yara_results": [{"ruleset_id": "000a47a18d", "rule_name": "MAL_Ryuk_Ransomware", "ruleset_name": "crime_ryuk_ransomware", "description": "Detects strings known from Ryuk Ransomware", "author": "Florian Roth (Nextron Systems)", "match_date": 1766121219, "ruleset_version": "000a47a18d|1d926845269a3ac8de0431da133950390b5cced3", "source": "https://github.com/Neo23x0/signature-base"}, {"ruleset_id": "0154f15213", "rule_name": "Windows_Ransomware_Ryuk_878bae7e", "ruleset_name": "Windows_Ransomware_Ryuk", "description": "Identifies RYUK ransomware", "author": "Elastic Security", "match_date": 1766121219, "ruleset_version": "0154f15213|195c9611ddb90db599d7ffc1a9b0e8c45688007d", "source": "https://github.com/elastic/protections-artifacts"}, {"ruleset_id": "0154f15213", "rule_name": "Windows_Ransomware_Ryuk_8ba51798", "ruleset_name": "Windows_Ransomware_Ryuk", "description": "Identifies RYUK ransomware", "author": "Elastic Security", "match_date": 1766121219, "ruleset_version": "0154f15213|195c9611ddb90db599d7ffc1a9b0e8c45688007d", "source": "https://github.com/elastic/protections-artifacts"}, {"ruleset_id": "00b9d4c345", "rule_name": "Ryuk", "ruleset_name": "Ryuk", "description": "Ryuk Payload", "author": "kevoreilly", "match_date": 1766121219, "ruleset_version": "00b9d4c345|b488c511a7c48ed6c425bf38811bf08e87b0ddbf", "source": "https://github.com/kevoreilly/CAPEv2"}], "magic": "PE32 executable (GUI) Intel 80386, for MS Windows", "magika": "PEBIN", "first_submission_date": 1584815063, "sandbox_verdicts": {"Zenbox": {"category": "malicious", "confidence": 100, "sandbox_name": "Zenbox", "malware_classification": ["MALWARE", "RANSOM", "EVADER"], "malware_names": ["Ryuk"]}, "Tencent HABO": {"category": "malicious", "sandbox_name": "Tencent HABO", "malware_classification": ["MALWARE", "EVADER", "RANSOM"]}, "CAPE Sandbox": {"category": "malicious", "malware_classification": ["MALWARE"], "sandbox_name": "CAPE Sandbox", "malware_names": ["Ryuk"]}}, "last_analysis_stats": {"malicious": 61, "suspicious": 0, "undetected": 7, "harmless": 0, "timeout": 0, "confirmed-timeout": 0, "failure": 4, "type-unsupported": 4}, "type_tag": "peexe", "size": 171012, "meaningful_name": "0cf36731f5b8651d53fc651607c3fccac24b631c08dca4493d8e07d2fbff1db3.exe", "sigma_analysis_stats": {"high": 1, "medium": 0, "critical": 0, "low": 2}, "last_analysis_date": 1766121084, "tags": ["runtime-modules", "long-sleeps", "checks-user-input", "overlay", "direct-cpu-clock-access", "peexe", "detect-debug-environment", "persistence"], "total_votes": {"harmless": 0, "malicious": 0}, "last_modification_date": 1766128416, "md5": "2209710b3ba686e5cbd8716df05c5174", "creation_date": 1551299811, "last_submission_date": 1766083304}}}