{"values": {"TerminalSessionId": "1", "ProcessGuid": "{C784477D-ABD9-6462-C406-000000003400}", "ProcessId": "7176", "Product": "Microsoft\\xae Windows\\xae Operating System", "Description": "Net Command", "Company": "Microsoft Corporation", "ParentProcessGuid": "{C784477D-ABA7-6462-3C06-000000003400}", "User": "DESKTOP-B0T93D6\\george", "Hashes": "MD5=DD0561156F62BC1958CE0E370B23711B,SHA256=FD41D0261C6D22572DA448BCB5CBBB98F78A2922D1F1074D25237CC82C8CE432,IMPHASH=86350518EAE83E4A09BBF6317BA1C570", "OriginalFileName": "net.exe", "ParentImage": "C:\\Users\\george\\Desktop\\program.exe", "FileVersion": "10.0.17134.1 (WinBuild.160101.0800)", "ParentProcessId": "7492", "CurrentDirectory": "C:\\Users\\george\\Desktop\\", "CommandLine": "\"C:\\Windows\\System32\\net.exe\" stop \"samss\" /y", "EventID": "1", "LogonGuid": "C784477D-1BC9-6446-03CD-030000000000", "LogonId": "249091", "Image": "C:\\Windows\\SysWOW64\\net.exe", "IntegrityLevel": "High", "ParentCommandLine": "\"C:\\Users\\george\\Desktop\\program.exe\"", "UtcTime": "1684188121", "RuleName": "-"}}, {"values": {"TerminalSessionId": "1", "ProcessGuid": "{C784477D-ABD9-6462-C606-000000003400}", "ProcessId": "7852", "Product": "Microsoft\\xae Windows\\xae Operating System", "Description": "Net Command", "Company": "Microsoft Corporation", "ParentProcessGuid": "{C784477D-ABD9-6462-C406-000000003400}", "User": "DESKTOP-B0T93D6\\george", "Hashes": "MD5=B5A26C2BF17222E86B91D26F1247AF3E,SHA256=14CC5BE4C833ACC652195DEAD113E1C3B4AC0B98EA1AEAD11957836F9AE721CF,IMPHASH=3D3E7537BD3BA07738DC5CA8AD01B073", "OriginalFileName": "net1.exe", "ParentImage": "C:\\Windows\\SysWOW64\\net.exe", "FileVersion": "10.0.17134.1 (WinBuild.160101.0800)", "ParentProcessId": "7176", "CurrentDirectory": "C:\\Users\\george\\Desktop\\", "CommandLine": "C:\\Windows\\system32\\net1 stop \"samss\" /y", "EventID": "1", "LogonGuid": "C784477D-1BC9-6446-03CD-030000000000", "LogonId": "249091", "Image": "C:\\Windows\\SysWOW64\\net1.exe", "IntegrityLevel": "High", "ParentCommandLine": "\"C:\\Windows\\System32\\net.exe\" stop \"samss\" /y", "UtcTime": "1684188121", "RuleName": "-"}}, {"values": {"TerminalSessionId": "1", "ProcessGuid": "{C784477D-ABD9-6462-C706-000000003400}", "ProcessId": "4288", "Product": "Microsoft\\xae Windows\\xae Operating System", "Description": "Net Command", "Company": "Microsoft Corporation", "ParentProcessGuid": "{C784477D-ABA7-6462-3C06-000000003400}", "User": "DESKTOP-B0T93D6\\george", "Hashes": "MD5=DD0561156F62BC1958CE0E370B23711B,SHA256=FD41D0261C6D22572DA448BCB5CBBB98F78A2922D1F1074D25237CC82C8CE432,IMPHASH=86350518EAE83E4A09BBF6317BA1C570", "OriginalFileName": "net.exe", "ParentImage": "C:\\Users\\george\\Desktop\\program.exe", "FileVersion": "10.0.17134.1 (WinBuild.160101.0800)", "ParentProcessId": "7492", "CurrentDirectory": "C:\\Users\\george\\Desktop\\", "CommandLine": "\"C:\\Windows\\System32\\net.exe\" stop \"samss\" /y", "EventID": "1", "LogonGuid": "C784477D-1BC9-6446-03CD-030000000000", "LogonId": "249091", "Image": "C:\\Windows\\SysWOW64\\net.exe", "IntegrityLevel": "High", "ParentCommandLine": "\"C:\\Users\\george\\Desktop\\program.exe\"", "UtcTime": "1684188121", "RuleName": "-"}}, {"values": {"TerminalSessionId": "1", "ProcessGuid": "{C784477D-ABD9-6462-C906-000000003400}", "ProcessId": "4812", "Product": "Microsoft\\xae Windows\\xae Operating System", "Description": "Net Command", "Company": "Microsoft Corporation", "ParentProcessGuid": "{C784477D-ABD9-6462-C706-000000003400}", "User": "DESKTOP-B0T93D6\\george", "Hashes": "MD5=B5A26C2BF17222E86B91D26F1247AF3E,SHA256=14CC5BE4C833ACC652195DEAD113E1C3B4AC0B98EA1AEAD11957836F9AE721CF,IMPHASH=3D3E7537BD3BA07738DC5CA8AD01B073", "OriginalFileName": "net1.exe", "ParentImage": "C:\\Windows\\SysWOW64\\net.exe", "FileVersion": "10.0.17134.1 (WinBuild.160101.0800)", "ParentProcessId": "4288", "CurrentDirectory": "C:\\Users\\george\\Desktop\\", "CommandLine": "C:\\Windows\\system32\\net1 stop \"samss\" /y", "EventID": "1", "LogonGuid": "C784477D-1BC9-6446-03CD-030000000000", "LogonId": "249091", "Image": "C:\\Windows\\SysWOW64\\net1.exe", "IntegrityLevel": "High", "ParentCommandLine": "\"C:\\Windows\\System32\\net.exe\" stop \"samss\" /y", "UtcTime": "1684188121", "RuleName": "-"}}, {"values": {"TerminalSessionId": "1", "ProcessGuid": "{C784477D-ABDA-6462-CA06-000000003400}", "ProcessId": "7912", "Product": "Microsoft\\xae Windows\\xae Operating System", "Description": "Net Command", "Company": "Microsoft Corporation", "ParentProcessGuid": "{C784477D-ABA7-6462-3C06-000000003400}", "User": "DESKTOP-B0T93D6\\george", "Hashes": "MD5=DD0561156F62BC1958CE0E370B23711B,SHA256=FD41D0261C6D22572DA448BCB5CBBB98F78A2922D1F1074D25237CC82C8CE432,IMPHASH=86350518EAE83E4A09BBF6317BA1C570", "OriginalFileName": "net.exe", "ParentImage": "C:\\Users\\george\\Desktop\\program.exe", "FileVersion": "10.0.17134.1 (WinBuild.160101.0800)", "ParentProcessId": "7492", "CurrentDirectory": "C:\\Users\\george\\Desktop\\", "CommandLine": "\"C:\\Windows\\System32\\net.exe\" stop \"samss\" /y", "EventID": "1", "LogonGuid": "C784477D-1BC9-6446-03CD-030000000000", "LogonId": "249091", "Image": "C:\\Windows\\SysWOW64\\net.exe", "IntegrityLevel": "High", "ParentCommandLine": "\"C:\\Users\\george\\Desktop\\program.exe\"", "UtcTime": "1684188122", "RuleName": "-"}}, {"values": {"TerminalSessionId": "1", "ProcessGuid": "{C784477D-ABDA-6462-CC06-000000003400}", "ProcessId": "6376", "Product": "Microsoft\\xae Windows\\xae Operating System", "Description": "Net Command", "Company": "Microsoft Corporation", "ParentProcessGuid": "{C784477D-ABDA-6462-CA06-000000003400}", "User": "DESKTOP-B0T93D6\\george", "Hashes": "MD5=B5A26C2BF17222E86B91D26F1247AF3E,SHA256=14CC5BE4C833ACC652195DEAD113E1C3B4AC0B98EA1AEAD11957836F9AE721CF,IMPHASH=3D3E7537BD3BA07738DC5CA8AD01B073", "OriginalFileName": "net1.exe", "ParentImage": "C:\\Windows\\SysWOW64\\net.exe", "FileVersion": "10.0.17134.1 (WinBuild.160101.0800)", "ParentProcessId": "7912", "CurrentDirectory": "C:\\Users\\george\\Desktop\\", "CommandLine": "C:\\Windows\\system32\\net1 stop \"samss\" /y", "EventID": "1", "LogonGuid": "C784477D-1BC9-6446-03CD-030000000000", "LogonId": "249091", "Image": "C:\\Windows\\SysWOW64\\net1.exe", "IntegrityLevel": "High", "ParentCommandLine": "\"C:\\Windows\\System32\\net.exe\" stop \"samss\" /y", "UtcTime": "1684188122", "RuleName": "-"}}, {"values": {"TerminalSessionId": "1", "ProcessGuid": "{C784477D-ABDA-6462-CD06-000000003400}", "ProcessId": "1236", "Product": "Microsoft\\xae Windows\\xae Operating System", "Description": "Net Command", "Company": "Microsoft Corporation", "ParentProcessGuid": "{C784477D-ABA7-6462-3C06-000000003400}", "User": "DESKTOP-B0T93D6\\george", "Hashes": "MD5=DD0561156F62BC1958CE0E370B23711B,SHA256=FD41D0261C6D22572DA448BCB5CBBB98F78A2922D1F1074D25237CC82C8CE432,IMPHASH=86350518EAE83E4A09BBF6317BA1C570", "OriginalFileName": "net.exe", "ParentImage": "C:\\Users\\george\\Desktop\\program.exe", "FileVersion": "10.0.17134.1 (WinBuild.160101.0800)", "ParentProcessId": "7492", "CurrentDirectory": "C:\\Users\\george\\Desktop\\", "CommandLine": "\"C:\\Windows\\System32\\net.exe\" stop \"samss\" /y", "EventID": "1", "LogonGuid": "C784477D-1BC9-6446-03CD-030000000000", "LogonId": "249091", "Image": "C:\\Windows\\SysWOW64\\net.exe", "IntegrityLevel": "High", "ParentCommandLine": "\"C:\\Users\\george\\Desktop\\program.exe\"", "UtcTime": "1684188122", "RuleName": "-"}}, {"values": {"TerminalSessionId": "1", "ProcessGuid": "{C784477D-ABDA-6462-CF06-000000003400}", "ProcessId": "3164", "Product": "Microsoft\\xae Windows\\xae Operating System", "Description": "Net Command", "Company": "Microsoft Corporation", "ParentProcessGuid": "{C784477D-ABDA-6462-CD06-000000003400}", "User": "DESKTOP-B0T93D6\\george", "Hashes": "MD5=B5A26C2BF17222E86B91D26F1247AF3E,SHA256=14CC5BE4C833ACC652195DEAD113E1C3B4AC0B98EA1AEAD11957836F9AE721CF,IMPHASH=3D3E7537BD3BA07738DC5CA8AD01B073", "OriginalFileName": "net1.exe", "ParentImage": "C:\\Windows\\SysWOW64\\net.exe", "FileVersion": "10.0.17134.1 (WinBuild.160101.0800)", "ParentProcessId": "1236", "CurrentDirectory": "C:\\Users\\george\\Desktop\\", "CommandLine": "C:\\Windows\\system32\\net1 stop \"samss\" /y", "EventID": "1", "LogonGuid": "C784477D-1BC9-6446-03CD-030000000000", "LogonId": "249091", "Image": "C:\\Windows\\SysWOW64\\net1.exe", "IntegrityLevel": "High", "ParentCommandLine": "\"C:\\Windows\\System32\\net.exe\" stop \"samss\" /y", "UtcTime": "1684188122", "RuleName": "-"}}, {"values": {"TerminalSessionId": "1", "ProcessGuid": "{C784477D-ABDA-6462-D006-000000003400}", "ProcessId": "3876", "Product": "Microsoft\\xae Windows\\xae Operating System", "Description": "Net Command", "Company": "Microsoft Corporation", "ParentProcessGuid": "{C784477D-ABA7-6462-3C06-000000003400}", "User": "DESKTOP-B0T93D6\\george", "Hashes": "MD5=DD0561156F62BC1958CE0E370B23711B,SHA256=FD41D0261C6D22572DA448BCB5CBBB98F78A2922D1F1074D25237CC82C8CE432,IMPHASH=86350518EAE83E4A09BBF6317BA1C570", "OriginalFileName": "net.exe", "ParentImage": "C:\\Users\\george\\Desktop\\program.exe", "FileVersion": "10.0.17134.1 (WinBuild.160101.0800)", "ParentProcessId": "7492", "CurrentDirectory": "C:\\Users\\george\\Desktop\\", "CommandLine": "\"C:\\Windows\\System32\\net.exe\" stop \"samss\" /y", "EventID": "1", "LogonGuid": "C784477D-1BC9-6446-03CD-030000000000", "LogonId": "249091", "Image": "C:\\Windows\\SysWOW64\\net.exe", "IntegrityLevel": "High", "ParentCommandLine": "\"C:\\Users\\george\\Desktop\\program.exe\"", "UtcTime": "1684188122", "RuleName": "-"}}, {"values": {"TerminalSessionId": "1", "ProcessGuid": "{C784477D-ABDB-6462-D206-000000003400}", "ProcessId": "8104", "Product": "Microsoft\\xae Windows\\xae Operating System", "Description": "Net Command", "Company": "Microsoft Corporation", "ParentProcessGuid": "{C784477D-ABDA-6462-D006-000000003400}", "User": "DESKTOP-B0T93D6\\george", "Hashes": "MD5=B5A26C2BF17222E86B91D26F1247AF3E,SHA256=14CC5BE4C833ACC652195DEAD113E1C3B4AC0B98EA1AEAD11957836F9AE721CF,IMPHASH=3D3E7537BD3BA07738DC5CA8AD01B073", "OriginalFileName": "net1.exe", "ParentImage": "C:\\Windows\\SysWOW64\\net.exe", "FileVersion": "10.0.17134.1 (WinBuild.160101.0800)", "ParentProcessId": "3876", "CurrentDirectory": "C:\\Users\\george\\Desktop\\", "CommandLine": "C:\\Windows\\system32\\net1 stop \"samss\" /y", "EventID": "1", "LogonGuid": "C784477D-1BC9-6446-03CD-030000000000", "LogonId": "249091", "Image": "C:\\Windows\\SysWOW64\\net1.exe", "IntegrityLevel": "High", "ParentCommandLine": "\"C:\\Windows\\System32\\net.exe\" stop \"samss\" /y", "UtcTime": "1684188123", "RuleName": "-"}}, {"values": {"TerminalSessionId": "1", "ProcessGuid": "{C784477D-ABDB-6462-D306-000000003400}", "ProcessId": "7276", "Product": "Microsoft\\xae Windows\\xae Operating System", "Description": "Net Command", "Company": "Microsoft Corporation", "ParentProcessGuid": "{C784477D-ABA7-6462-3C06-000000003400}", "User": "DESKTOP-B0T93D6\\george", "Hashes": "MD5=DD0561156F62BC1958CE0E370B23711B,SHA256=FD41D0261C6D22572DA448BCB5CBBB98F78A2922D1F1074D25237CC82C8CE432,IMPHASH=86350518EAE83E4A09BBF6317BA1C570", "OriginalFileName": "net.exe", "ParentImage": "C:\\Users\\george\\Desktop\\program.exe", "FileVersion": "10.0.17134.1 (WinBuild.160101.0800)", "ParentProcessId": "7492", "CurrentDirectory": "C:\\Users\\george\\Desktop\\", "CommandLine": "\"C:\\Windows\\System32\\net.exe\" stop \"samss\" /y", "EventID": "1", "LogonGuid": "C784477D-1BC9-6446-03CD-030000000000", "LogonId": "249091", "Image": "C:\\Windows\\SysWOW64\\net.exe", "IntegrityLevel": "High", "ParentCommandLine": "\"C:\\Users\\george\\Desktop\\program.exe\"", "UtcTime": "1684188123", "RuleName": "-"}}, {"values": {"TerminalSessionId": "1", "ProcessGuid": "{C784477D-ABDB-6462-D506-000000003400}", "ProcessId": "7352", "Product": "Microsoft\\xae Windows\\xae Operating System", "Description": "Net Command", "Company": "Microsoft Corporation", "ParentProcessGuid": "{C784477D-ABDB-6462-D306-000000003400}", "User": "DESKTOP-B0T93D6\\george", "Hashes": "MD5=B5A26C2BF17222E86B91D26F1247AF3E,SHA256=14CC5BE4C833ACC652195DEAD113E1C3B4AC0B98EA1AEAD11957836F9AE721CF,IMPHASH=3D3E7537BD3BA07738DC5CA8AD01B073", "OriginalFileName": "net1.exe", "ParentImage": "C:\\Windows\\SysWOW64\\net.exe", "FileVersion": "10.0.17134.1 (WinBuild.160101.0800)", "ParentProcessId": "7276", "CurrentDirectory": "C:\\Users\\george\\Desktop\\", "CommandLine": "C:\\Windows\\system32\\net1 stop \"samss\" /y", "EventID": "1", "LogonGuid": "C784477D-1BC9-6446-03CD-030000000000", "LogonId": "249091", "Image": "C:\\Windows\\SysWOW64\\net1.exe", "IntegrityLevel": "High", "ParentCommandLine": "\"C:\\Windows\\System32\\net.exe\" stop \"samss\" /y", "UtcTime": "1684188123", "RuleName": "-"}}, {"values": {"TerminalSessionId": "1", "ProcessGuid": "{C784477D-ABDB-6462-D606-000000003400}", "ProcessId": "1616", "Product": "Microsoft\\xae Windows\\xae Operating System", "Description": "Net Command", "Company": "Microsoft Corporation", "ParentProcessGuid": "{C784477D-ABA7-6462-3C06-000000003400}", "User": "DESKTOP-B0T93D6\\george", "Hashes": "MD5=DD0561156F62BC1958CE0E370B23711B,SHA256=FD41D0261C6D22572DA448BCB5CBBB98F78A2922D1F1074D25237CC82C8CE432,IMPHASH=86350518EAE83E4A09BBF6317BA1C570", "OriginalFileName": "net.exe", "ParentImage": "C:\\Users\\george\\Desktop\\program.exe", "FileVersion": "10.0.17134.1 (WinBuild.160101.0800)", "ParentProcessId": "7492", "CurrentDirectory": "C:\\Users\\george\\Desktop\\", "CommandLine": "\"C:\\Windows\\System32\\net.exe\" stop \"samss\" /y", "EventID": "1", "LogonGuid": "C784477D-1BC9-6446-03CD-030000000000", "LogonId": "249091", "Image": "C:\\Windows\\SysWOW64\\net.exe", "IntegrityLevel": "High", "ParentCommandLine": "\"C:\\Users\\george\\Desktop\\program.exe\"", "UtcTime": "1684188123", "RuleName": "-"}}, {"values": {"TerminalSessionId": "1", "ProcessGuid": "{C784477D-ABDB-6462-D806-000000003400}", "ProcessId": "4616", "Product": "Microsoft\\xae Windows\\xae Operating System", "Description": "Net Command", "Company": "Microsoft Corporation", "ParentProcessGuid": "{C784477D-ABDB-6462-D606-000000003400}", "User": "DESKTOP-B0T93D6\\george", "Hashes": "MD5=B5A26C2BF17222E86B91D26F1247AF3E,SHA256=14CC5BE4C833ACC652195DEAD113E1C3B4AC0B98EA1AEAD11957836F9AE721CF,IMPHASH=3D3E7537BD3BA07738DC5CA8AD01B073", "OriginalFileName": "net1.exe", "ParentImage": "C:\\Windows\\SysWOW64\\net.exe", "FileVersion": "10.0.17134.1 (WinBuild.160101.0800)", "ParentProcessId": "1616", "CurrentDirectory": "C:\\Users\\george\\Desktop\\", "CommandLine": "C:\\Windows\\system32\\net1 stop \"samss\" /y", "EventID": "1", "LogonGuid": "C784477D-1BC9-6446-03CD-030000000000", "LogonId": "249091", "Image": "C:\\Windows\\SysWOW64\\net1.exe", "IntegrityLevel": "High", "ParentCommandLine": "\"C:\\Windows\\System32\\net.exe\" stop \"samss\" /y", "UtcTime": "1684188123", "RuleName": "-"}}, {"values": {"TerminalSessionId": "1", "ProcessGuid": "{C784477D-ABDC-6462-D906-000000003400}", "ProcessId": "1932", "Product": "Microsoft\\xae Windows\\xae Operating System", "Description": "Net Command", "Company": "Microsoft Corporation", "ParentProcessGuid": "{C784477D-ABA7-6462-3C06-000000003400}", "User": "DESKTOP-B0T93D6\\george", "Hashes": "MD5=DD0561156F62BC1958CE0E370B23711B,SHA256=FD41D0261C6D22572DA448BCB5CBBB98F78A2922D1F1074D25237CC82C8CE432,IMPHASH=86350518EAE83E4A09BBF6317BA1C570", "OriginalFileName": "net.exe", "ParentImage": "C:\\Users\\george\\Desktop\\program.exe", "FileVersion": "10.0.17134.1 (WinBuild.160101.0800)", "ParentProcessId": "7492", "CurrentDirectory": "C:\\Users\\george\\Desktop\\", "CommandLine": "\"C:\\Windows\\System32\\net.exe\" stop \"samss\" /y", "EventID": "1", "LogonGuid": "C784477D-1BC9-6446-03CD-030000000000", "LogonId": "249091", "Image": "C:\\Windows\\SysWOW64\\net.exe", "IntegrityLevel": "High", "ParentCommandLine": "\"C:\\Users\\george\\Desktop\\program.exe\"", "UtcTime": "1684188124", "RuleName": "-"}}, {"values": {"TerminalSessionId": "1", "ProcessGuid": "{C784477D-ABDC-6462-DB06-000000003400}", "ProcessId": "8024", "Product": "Microsoft\\xae Windows\\xae Operating System", "Description": "Net Command", "Company": "Microsoft Corporation", "ParentProcessGuid": "{C784477D-ABDC-6462-D906-000000003400}", "User": "DESKTOP-B0T93D6\\george", "Hashes": "MD5=B5A26C2BF17222E86B91D26F1247AF3E,SHA256=14CC5BE4C833ACC652195DEAD113E1C3B4AC0B98EA1AEAD11957836F9AE721CF,IMPHASH=3D3E7537BD3BA07738DC5CA8AD01B073", "OriginalFileName": "net1.exe", "ParentImage": "C:\\Windows\\SysWOW64\\net.exe", "FileVersion": "10.0.17134.1 (WinBuild.160101.0800)", "ParentProcessId": "1932", "CurrentDirectory": "C:\\Users\\george\\Desktop\\", "CommandLine": "C:\\Windows\\system32\\net1 stop \"samss\" /y", "EventID": "1", "LogonGuid": "C784477D-1BC9-6446-03CD-030000000000", "LogonId": "249091", "Image": "C:\\Windows\\SysWOW64\\net1.exe", "IntegrityLevel": "High", "ParentCommandLine": "\"C:\\Windows\\System32\\net.exe\" stop \"samss\" /y", "UtcTime": "1684188124", "RuleName": "-"}}, {"values": {"TerminalSessionId": "1", "ProcessGuid": "{C784477D-ABDC-6462-DC06-000000003400}", "ProcessId": "7976", "Product": "Microsoft\\xae Windows\\xae Operating System", "Description": "Net Command", "Company": "Microsoft Corporation", "ParentProcessGuid": "{C784477D-ABA7-6462-3C06-000000003400}", "User": "DESKTOP-B0T93D6\\george", "Hashes": "MD5=DD0561156F62BC1958CE0E370B23711B,SHA256=FD41D0261C6D22572DA448BCB5CBBB98F78A2922D1F1074D25237CC82C8CE432,IMPHASH=86350518EAE83E4A09BBF6317BA1C570", "OriginalFileName": "net.exe", "ParentImage": "C:\\Users\\george\\Desktop\\program.exe", "FileVersion": "10.0.17134.1 (WinBuild.160101.0800)", "ParentProcessId": "7492", "CurrentDirectory": "C:\\Users\\george\\Desktop\\", "CommandLine": "\"C:\\Windows\\System32\\net.exe\" stop \"samss\" /y", "EventID": "1", "LogonGuid": "C784477D-1BC9-6446-03CD-030000000000", "LogonId": "249091", "Image": "C:\\Windows\\SysWOW64\\net.exe", "IntegrityLevel": "High", "ParentCommandLine": "\"C:\\Users\\george\\Desktop\\program.exe\"", "UtcTime": "1684188124", "RuleName": "-"}}, {"values": {"TerminalSessionId": "1", "ProcessGuid": "{C784477D-ABDC-6462-DE06-000000003400}", "ProcessId": "8000", "Product": "Microsoft\\xae Windows\\xae Operating System", "Description": "Net Command", "Company": "Microsoft Corporation", "ParentProcessGuid": "{C784477D-ABDC-6462-DC06-000000003400}", "User": "DESKTOP-B0T93D6\\george", "Hashes": "MD5=B5A26C2BF17222E86B91D26F1247AF3E,SHA256=14CC5BE4C833ACC652195DEAD113E1C3B4AC0B98EA1AEAD11957836F9AE721CF,IMPHASH=3D3E7537BD3BA07738DC5CA8AD01B073", "OriginalFileName": "net1.exe", "ParentImage": "C:\\Windows\\SysWOW64\\net.exe", "FileVersion": "10.0.17134.1 (WinBuild.160101.0800)", "ParentProcessId": "7976", "CurrentDirectory": "C:\\Users\\george\\Desktop\\", "CommandLine": "C:\\Windows\\system32\\net1 stop \"samss\" /y", "EventID": "1", "LogonGuid": "C784477D-1BC9-6446-03CD-030000000000", "LogonId": "249091", "Image": "C:\\Windows\\SysWOW64\\net1.exe", "IntegrityLevel": "High", "ParentCommandLine": "\"C:\\Windows\\System32\\net.exe\" stop \"samss\" /y", "UtcTime": "1684188124", "RuleName": "-"}}, {"values": {"TerminalSessionId": "1", "ProcessGuid": "{C784477D-ABDC-6462-E206-000000003400}", "ProcessId": "3416", "Product": "Microsoft\\xae Windows\\xae Operating System", "Description": "Net Command", "Company": "Microsoft Corporation", "ParentProcessGuid": "{C784477D-ABA7-6462-3C06-000000003400}", "User": "DESKTOP-B0T93D6\\george", "Hashes": "MD5=DD0561156F62BC1958CE0E370B23711B,SHA256=FD41D0261C6D22572DA448BCB5CBBB98F78A2922D1F1074D25237CC82C8CE432,IMPHASH=86350518EAE83E4A09BBF6317BA1C570", "OriginalFileName": "net.exe", "ParentImage": "C:\\Users\\george\\Desktop\\program.exe", "FileVersion": "10.0.17134.1 (WinBuild.160101.0800)", "ParentProcessId": "7492", "CurrentDirectory": "C:\\Users\\george\\Desktop\\", "CommandLine": "\"C:\\Windows\\System32\\net.exe\" stop \"samss\" /y", "EventID": "1", "LogonGuid": "C784477D-1BC9-6446-03CD-030000000000", "LogonId": "249091", "Image": "C:\\Windows\\SysWOW64\\net.exe", "IntegrityLevel": "High", "ParentCommandLine": "\"C:\\Users\\george\\Desktop\\program.exe\"", "UtcTime": "1684188124", "RuleName": "-"}}, {"values": {"TerminalSessionId": "1", "ProcessGuid": "{C784477D-ABDC-6462-E406-000000003400}", "ProcessId": "7472", "Product": "Microsoft\\xae Windows\\xae Operating System", "Description": "Net Command", "Company": "Microsoft Corporation", "ParentProcessGuid": "{C784477D-ABDC-6462-E206-000000003400}", "User": "DESKTOP-B0T93D6\\george", "Hashes": "MD5=B5A26C2BF17222E86B91D26F1247AF3E,SHA256=14CC5BE4C833ACC652195DEAD113E1C3B4AC0B98EA1AEAD11957836F9AE721CF,IMPHASH=3D3E7537BD3BA07738DC5CA8AD01B073", "OriginalFileName": "net1.exe", "ParentImage": "C:\\Windows\\SysWOW64\\net.exe", "FileVersion": "10.0.17134.1 (WinBuild.160101.0800)", "ParentProcessId": "3416", "CurrentDirectory": "C:\\Users\\george\\Desktop\\", "CommandLine": "C:\\Windows\\system32\\net1 stop \"samss\" /y", "EventID": "1", "LogonGuid": "C784477D-1BC9-6446-03CD-030000000000", "LogonId": "249091", "Image": "C:\\Windows\\SysWOW64\\net1.exe", "IntegrityLevel": "High", "ParentCommandLine": "\"C:\\Windows\\System32\\net.exe\" stop \"samss\" /y", "UtcTime": "1684188124", "RuleName": "-"}}, {"values": {"TerminalSessionId": "1", "ProcessGuid": "{C784477D-ABDD-6462-E806-000000003400}", "ProcessId": "7776", "Product": "Microsoft\\xae Windows\\xae Operating System", "Description": "Net Command", "Company": "Microsoft Corporation", "ParentProcessGuid": "{C784477D-ABA7-6462-3C06-000000003400}", "User": "DESKTOP-B0T93D6\\george", "Hashes": "MD5=DD0561156F62BC1958CE0E370B23711B,SHA256=FD41D0261C6D22572DA448BCB5CBBB98F78A2922D1F1074D25237CC82C8CE432,IMPHASH=86350518EAE83E4A09BBF6317BA1C570", "OriginalFileName": "net.exe", "ParentImage": "C:\\Users\\george\\Desktop\\program.exe", "FileVersion": "10.0.17134.1 (WinBuild.160101.0800)", "ParentProcessId": "7492", "CurrentDirectory": "C:\\Users\\george\\Desktop\\", "CommandLine": "\"C:\\Windows\\System32\\net.exe\" stop \"samss\" /y", "EventID": "1", "LogonGuid": "C784477D-1BC9-6446-03CD-030000000000", "LogonId": "249091", "Image": "C:\\Windows\\SysWOW64\\net.exe", "IntegrityLevel": "High", "ParentCommandLine": "\"C:\\Users\\george\\Desktop\\program.exe\"", "UtcTime": "1684188125", "RuleName": "-"}}, {"values": {"TerminalSessionId": "1", "ProcessGuid": "{C784477D-ABDD-6462-EA06-000000003400}", "ProcessId": "2624", "Product": "Microsoft\\xae Windows\\xae Operating System", "Description": "Net Command", "Company": "Microsoft Corporation", "ParentProcessGuid": "{C784477D-ABDD-6462-E806-000000003400}", "User": "DESKTOP-B0T93D6\\george", "Hashes": "MD5=B5A26C2BF17222E86B91D26F1247AF3E,SHA256=14CC5BE4C833ACC652195DEAD113E1C3B4AC0B98EA1AEAD11957836F9AE721CF,IMPHASH=3D3E7537BD3BA07738DC5CA8AD01B073", "OriginalFileName": "net1.exe", "ParentImage": "C:\\Windows\\SysWOW64\\net.exe", "FileVersion": "10.0.17134.1 (WinBuild.160101.0800)", "ParentProcessId": "7776", "CurrentDirectory": "C:\\Users\\george\\Desktop\\", "CommandLine": "C:\\Windows\\system32\\net1 stop \"samss\" /y", "EventID": "1", "LogonGuid": "C784477D-1BC9-6446-03CD-030000000000", "LogonId": "249091", "Image": "C:\\Windows\\SysWOW64\\net1.exe", "IntegrityLevel": "High", "ParentCommandLine": "\"C:\\Windows\\System32\\net.exe\" stop \"samss\" /y", "UtcTime": "1684188125", "RuleName": "-"}}, {"values": {"TerminalSessionId": "1", "ProcessGuid": "{C784477D-ABDD-6462-EB06-000000003400}", "ProcessId": "1688", "Product": "Microsoft\\xae Windows\\xae Operating System", "Description": "Net Command", "Company": "Microsoft Corporation", "ParentProcessGuid": "{C784477D-ABA7-6462-3C06-000000003400}", "User": "DESKTOP-B0T93D6\\george", "Hashes": "MD5=DD0561156F62BC1958CE0E370B23711B,SHA256=FD41D0261C6D22572DA448BCB5CBBB98F78A2922D1F1074D25237CC82C8CE432,IMPHASH=86350518EAE83E4A09BBF6317BA1C570", "OriginalFileName": "net.exe", "ParentImage": "C:\\Users\\george\\Desktop\\program.exe", "FileVersion": "10.0.17134.1 (WinBuild.160101.0800)", "ParentProcessId": "7492", "CurrentDirectory": "C:\\Users\\george\\Desktop\\", "CommandLine": "\"C:\\Windows\\System32\\net.exe\" stop \"samss\" /y", "EventID": "1", "LogonGuid": "C784477D-1BC9-6446-03CD-030000000000", "LogonId": "249091", "Image": "C:\\Windows\\SysWOW64\\net.exe", "IntegrityLevel": "High", "ParentCommandLine": "\"C:\\Users\\george\\Desktop\\program.exe\"", "UtcTime": "1684188125", "RuleName": "-"}}, {"values": {"TerminalSessionId": "1", "ProcessGuid": "{C784477D-ABDD-6462-ED06-000000003400}", "ProcessId": "6260", "Product": "Microsoft\\xae Windows\\xae Operating System", "Description": "Net Command", "Company": "Microsoft Corporation", "ParentProcessGuid": "{C784477D-ABDD-6462-EB06-000000003400}", "User": "DESKTOP-B0T93D6\\george", "Hashes": "MD5=B5A26C2BF17222E86B91D26F1247AF3E,SHA256=14CC5BE4C833ACC652195DEAD113E1C3B4AC0B98EA1AEAD11957836F9AE721CF,IMPHASH=3D3E7537BD3BA07738DC5CA8AD01B073", "OriginalFileName": "net1.exe", "ParentImage": "C:\\Windows\\SysWOW64\\net.exe", "FileVersion": "10.0.17134.1 (WinBuild.160101.0800)", "ParentProcessId": "1688", "CurrentDirectory": "C:\\Users\\george\\Desktop\\", "CommandLine": "C:\\Windows\\system32\\net1 stop \"samss\" /y", "EventID": "1", "LogonGuid": "C784477D-1BC9-6446-03CD-030000000000", "LogonId": "249091", "Image": "C:\\Windows\\SysWOW64\\net1.exe", "IntegrityLevel": "High", "ParentCommandLine": "\"C:\\Windows\\System32\\net.exe\" stop \"samss\" /y", "UtcTime": "1684188125", "RuleName": "-"}}, {"values": {"TerminalSessionId": "1", "ProcessGuid": "{C784477D-ABDE-6462-EE06-000000003400}", "ProcessId": "1820", "Product": "Microsoft\\xae Windows\\xae Operating System", "Description": "Net Command", "Company": "Microsoft Corporation", "ParentProcessGuid": "{C784477D-ABA7-6462-3C06-000000003400}", "User": "DESKTOP-B0T93D6\\george", "Hashes": "MD5=DD0561156F62BC1958CE0E370B23711B,SHA256=FD41D0261C6D22572DA448BCB5CBBB98F78A2922D1F1074D25237CC82C8CE432,IMPHASH=86350518EAE83E4A09BBF6317BA1C570", "OriginalFileName": "net.exe", "ParentImage": "C:\\Users\\george\\Desktop\\program.exe", "FileVersion": "10.0.17134.1 (WinBuild.160101.0800)", "ParentProcessId": "7492", "CurrentDirectory": "C:\\Users\\george\\Desktop\\", "CommandLine": "\"C:\\Windows\\System32\\net.exe\" stop \"samss\" /y", "EventID": "1", "LogonGuid": "C784477D-1BC9-6446-03CD-030000000000", "LogonId": "249091", "Image": "C:\\Windows\\SysWOW64\\net.exe", "IntegrityLevel": "High", "ParentCommandLine": "\"C:\\Users\\george\\Desktop\\program.exe\"", "UtcTime": "1684188126", "RuleName": "-"}}], "rule_level": "high", "rule_id": "941abf5111763a135c88b4f6437475eb4c99e8d4c3ebdb4b74e30321695b0fa7", "rule_source": "Sigma Integrated Rule Set (GitHub)", "rule_title": "Suspicious Windows Service Tampering", "rule_description": "Detects the usage of binaries such as 'net', 'sc' or 'powershell' in order to stop, pause or delete critical or important Windows services such as AV, Backup, etc. As seen being used in some ransomware scripts", "rule_author": "Nasreddine Bencherchali (Nextron Systems), frack113"}, {"match_context": [{"values": {"TerminalSessionId": "1", "ProcessGuid": "{C784477D-ABAF-6462-3E06-000000003400}", "ProcessId": "4820", "Product": "Microsoft\\xae Windows\\xae Operating System", "Description": "Net Command", "Company": "Microsoft Corporation", "ParentProcessGuid": "{C784477D-ABA7-6462-3C06-000000003400}", "User": "DESKTOP-B0T93D6\\george", "Hashes": "MD5=DD0561156F62BC1958CE0E370B23711B,SHA256=FD41D0261C6D22572DA448BCB5CBBB98F78A2922D1F1074D25237CC82C8CE432,IMPHASH=86350518EAE83E4A09BBF6317BA1C570", "OriginalFileName": "net.exe", "ParentImage": "C:\\Users\\george\\Desktop\\program.exe", "FileVersion": "10.0.17134.1 (WinBuild.160101.0800)", "ParentProcessId": "7492", "CurrentDirectory": "C:\\Users\\george\\Desktop\\", "CommandLine": "\"C:\\Windows\\System32\\net.exe\" stop \"spooler\" /y", "EventID": "1", "LogonGuid": "C784477D-1BC9-6446-03CD-030000000000", "LogonId": "249091", "Image": "C:\\Windows\\SysWOW64\\net.exe", "IntegrityLevel": "High", "ParentCommandLine": "\"C:\\Users\\george\\Desktop\\program.exe\"", "UtcTime": "1684188079", "RuleName": "-"}}, {"values": {"TerminalSessionId": "1", "ProcessGuid": "{C784477D-ABAF-6462-4006-000000003400}", "ProcessId": "3052", "Product": "Microsoft\\xae Windows\\xae Operating System", "Description": "Net Command", "Company": "Microsoft Corporation", "ParentProcessGuid": "{C784477D-ABA7-6462-3C06-000000003400}", "User": "DESKTOP-B0T93D6\\george", "Hashes": "MD5=DD0561156F62BC1958CE0E370B23711B,SHA256=FD41D0261C6D22572DA448BCB5CBBB98F78A2922D1F1074D25237CC82C8CE432,IMPHASH=86350518EAE83E4A09BBF6317BA1C570", "OriginalFileName": "net.exe", "ParentImage": "C:\\Users\\george\\Desktop\\program.exe", "FileVersion": "10.0.17134.1 (WinBuild.160101.0800)", "ParentProcessId": "7492", "CurrentDirectory": "C:\\Users\\george\\Desktop\\", "CommandLine": "\"C:\\Windows\\System32\\net.exe\" stop \"audioendpointbuilder\" /y", "EventID": "1", "LogonGuid": "C784477D-1BC9-6446-03CD-030000000000", "LogonId": "249091", "Image": "C:\\Windows\\SysWOW64\\net.exe", "IntegrityLevel": "High", "ParentCommandLine": "\"C:\\Users\\george\\Desktop\\program.exe\"", "UtcTime": "1684188079", "RuleName": "-"}}, {"values": {"TerminalSessionId": "1", "ProcessGuid": "{C784477D-ABAF-6462-4106-000000003400}", "ProcessId": "7008", "Product": "Microsoft\\xae Windows\\xae Operating System", "Description": "Net Command", "Company": "Microsoft Corporation", "ParentProcessGuid": "{C784477D-ABAF-6462-3E06-000000003400}", "User": "DESKTOP-B0T93D6\\george", "Hashes": "MD5=B5A26C2BF17222E86B91D26F1247AF3E,SHA256=14CC5BE4C833ACC652195DEAD113E1C3B4AC0B98EA1AEAD11957836F9AE721CF,IMPHASH=3D3E7537BD3BA07738DC5CA8AD01B073", "OriginalFileName": "net1.exe", "ParentImage": "C:\\Windows\\SysWOW64\\net.exe", "FileVersion": "10.0.17134.1 (WinBuild.160101.0800)", "ParentProcessId": "4820", "CurrentDirectory": "C:\\Users\\george\\Desktop\\", "CommandLine": "C:\\Windows\\system32\\net1 stop \"spooler\" /y", "EventID": "1", "LogonGuid": "C784477D-1BC9-6446-03CD-030000000000", "LogonId": "249091", "Image": "C:\\Windows\\SysWOW64\\net1.exe", "IntegrityLevel": "High", "ParentCommandLine": "\"C:\\Windows\\System32\\net.exe\" stop \"spooler\" /y", "UtcTime": "1684188079", "RuleName": "-"}}, {"values": {"TerminalSessionId": "1", "ProcessGuid": "{C784477D-ABB0-6462-4306-000000003400}", "ProcessId": "7792", "Product": "Microsoft\\xae Windows\\xae Operating System", "Description": "Net Command", "Company": "Microsoft Corporation", "ParentProcessGuid": "{C784477D-ABAF-6462-4006-000000003400}", "User": "DESKTOP-B0T93D6\\george", "Hashes": "MD5=B5A26C2BF17222E86B91D26F1247AF3E,SHA256=14CC5BE4C833ACC652195DEAD113E1C3B4AC0B98EA1AEAD11957836F9AE721CF,IMPHASH=3D3E7537BD3BA07738DC5CA8AD01B073", "OriginalFileName": "net1.exe", "ParentImage": "C:\\Windows\\SysWOW64\\net.exe", "FileVersion": "10.0.17134.1 (WinBuild.160101.0800)", "ParentProcessId": "3052", "CurrentDirectory": "C:\\Users\\george\\Desktop\\", "CommandLine": "C:\\Windows\\system32\\net1 stop \"audioendpointbuilder\" /y", "EventID": "1", "LogonGuid": "C784477D-1BC9-6446-03CD-030000000000", "LogonId": "249091", "Image": "C:\\Windows\\SysWOW64\\net1.exe", "IntegrityLevel": "High", "ParentCommandLine": "\"C:\\Windows\\System32\\net.exe\" stop \"audioendpointbuilder\" /y", "UtcTime": "1684188080", "RuleName": "-"}}, {"values": {"TerminalSessionId": "1", "ProcessGuid": "{C784477D-ABB1-6462-4506-000000003400}", "ProcessId": "7572", "Product": "Microsoft\\xae Windows\\xae Operating System", "Description": "Net Command", "Company": "Microsoft Corporation", "ParentProcessGuid": "{C784477D-ABA7-6462-3C06-000000003400}", "User": "DESKTOP-B0T93D6\\george", "Hashes": "MD5=DD0561156F62BC1958CE0E370B23711B,SHA256=FD41D0261C6D22572DA448BCB5CBBB98F78A2922D1F1074D25237CC82C8CE432,IMPHASH=86350518EAE83E4A09BBF6317BA1C570", "OriginalFileName": "net.exe", "ParentImage": "C:\\Users\\george\\Desktop\\program.exe", "FileVersion": "10.0.17134.1 (WinBuild.160101.0800)", "ParentProcessId": "7492", "CurrentDirectory": "C:\\Users\\george\\Desktop\\", "CommandLine": "\"C:\\Windows\\System32\\net.exe\" stop \"samss\" /y", "EventID": "1", "LogonGuid": "C784477D-1BC9-6446-03CD-030000000000", "LogonId": "249091", "Image": "C:\\Windows\\SysWOW64\\net.exe", "IntegrityLevel": "High", "ParentCommandLine": "\"C:\\Users\\george\\Desktop\\program.exe\"", "UtcTime": "1684188081", "RuleName": "-"}}, {"values": {"TerminalSessionId": "1", "ProcessGuid": "{C784477D-ABB2-6462-4706-000000003400}", "ProcessId": "7852", "Product": "Microsoft\\xae Windows\\xae Operating System", "Description": "Net Command", "Company": "Microsoft Corporation", "ParentProcessGuid": "{C784477D-ABB1-6462-4506-000000003400}", "User": "DESKTOP-B0T93D6\\george", "Hashes": "MD5=B5A26C2BF17222E86B91D26F1247AF3E,SHA256=14CC5BE4C833ACC652195DEAD113E1C3B4AC0B98EA1AEAD11957836F9AE721CF,IMPHASH=3D3E7537BD3BA07738DC5CA8AD01B073", "OriginalFileName": "net1.exe", "ParentImage": "C:\\Windows\\SysWOW64\\net.exe", "FileVersion": "10.0.17134.1 (WinBuild.160101.0800)", "ParentProcessId": "7572", "CurrentDirectory": "C:\\Users\\george\\Desktop\\", "CommandLine": "C:\\Windows\\system32\\net1 stop \"samss\" /y", "EventID": "1", "LogonGuid": "C784477D-1BC9-6446-03CD-030000000000", "LogonId": "249091", "Image": "C:\\Windows\\SysWOW64\\net1.exe", "IntegrityLevel": "High", "ParentCommandLine": "\"C:\\Windows\\System32\\net.exe\" stop \"samss\" /y", "UtcTime": "1684188082", "RuleName": "-"}}, {"values": {"TerminalSessionId": "1", "ProcessGuid": "{C784477D-ABB2-6462-4806-000000003400}", "ProcessId": "7908", "Product": "Microsoft\\xae Windows\\xae Operating System", "Description": "Net Command", "Company": "Microsoft Corporation", "ParentProcessGuid": "{C784477D-ABA7-6462-3C06-000000003400}", "User": "DESKTOP-B0T93D6\\george", "Hashes": "MD5=DD0561156F62BC1958CE0E370B23711B,SHA256=FD41D0261C6D22572DA448BCB5CBBB98F78A2922D1F1074D25237CC82C8CE432,IMPHASH=86350518EAE83E4A09BBF6317BA1C570", "OriginalFileName": "net.exe", "ParentImage": "C:\\Users\\george\\Desktop\\program.exe", "FileVersion": "10.0.17134.1 (WinBuild.160101.0800)", "ParentProcessId": "7492", "CurrentDirectory": "C:\\Users\\george\\Desktop\\", "CommandLine": "\"C:\\Windows\\System32\\net.exe\" stop \"audioendpointbuilder\" /y", "EventID": "1", "LogonGuid": "C784477D-1BC9-6446-03CD-030000000000", "LogonId": "249091", "Image": "C:\\Windows\\SysWOW64\\net.exe", "IntegrityLevel": "High", "ParentCommandLine": "\"C:\\Users\\george\\Desktop\\program.exe\"", "UtcTime": "1684188082", "RuleName": "-"}}, {"values": {"TerminalSessionId": "1", "ProcessGuid": "{C784477D-ABB2-6462-4A06-000000003400}", "ProcessId": "7984", "Product": "Microsoft\\xae Windows\\xae Operating System", "Description": "Net Command", "Company": "Microsoft Corporation", "ParentProcessGuid": "{C784477D-ABB2-6462-4806-000000003400}", "User": "DESKTOP-B0T93D6\\george", "Hashes": "MD5=B5A26C2BF17222E86B91D26F1247AF3E,SHA256=14CC5BE4C833ACC652195DEAD113E1C3B4AC0B98EA1AEAD11957836F9AE721CF,IMPHASH=3D3E7537BD3BA07738DC5CA8AD01B073", "OriginalFileName": "net1.exe", "ParentImage": "C:\\Windows\\SysWOW64\\net.exe", "FileVersion": "10.0.17134.1 (WinBuild.160101.0800)", "ParentProcessId": "7908", "CurrentDirectory": "C:\\Users\\george\\Desktop\\", "CommandLine": "C:\\Windows\\system32\\net1 stop \"audioendpointbuilder\" /y", "EventID": "1", "LogonGuid": "C784477D-1BC9-6446-03CD-030000000000", "LogonId": "249091", "Image": "C:\\Windows\\SysWOW64\\net1.exe", "IntegrityLevel": "High", "ParentCommandLine": "\"C:\\Windows\\System32\\net.exe\" stop \"audioendpointbuilder\" /y", "UtcTime": "1684188082", "RuleName": "-"}}, {"values": {"TerminalSessionId": "1", "ProcessGuid": "{C784477D-ABB3-6462-4B06-000000003400}", "ProcessId": "8116", "Product": "Microsoft\\xae Windows\\xae Operating System", "Description": "Net Command", "Company": "Microsoft Corporation", "ParentProcessGuid": "{C784477D-ABA7-6462-3C06-000000003400}", "User": "DESKTOP-B0T93D6\\george", "Hashes": "MD5=DD0561156F62BC1958CE0E370B23711B,SHA256=FD41D0261C6D22572DA448BCB5CBBB98F78A2922D1F1074D25237CC82C8CE432,IMPHASH=86350518EAE83E4A09BBF6317BA1C570", "OriginalFileName": "net.exe", "ParentImage": "C:\\Users\\george\\Desktop\\program.exe", "FileVersion": "10.0.17134.1 (WinBuild.160101.0800)", "ParentProcessId": "7492", "CurrentDirectory": "C:\\Users\\george\\Desktop\\", "CommandLine": "\"C:\\Windows\\System32\\net.exe\" stop \"samss\" /y", "EventID": "1", "LogonGuid": "C784477D-1BC9-6446-03CD-030000000000", "LogonId": "249091", "Image": "C:\\Windows\\SysWOW64\\net.exe", "IntegrityLevel": "High", "ParentCommandLine": "\"C:\\Users\\george\\Desktop\\program.exe\"", "UtcTime": "1684188083", "RuleName": "-"}}, {"values": {"TerminalSessionId": "1", "ProcessGuid": "{C784477D-ABB3-6462-4D06-000000003400}", "ProcessId": "5788", "Product": "Microsoft\\xae Windows\\xae Operating System", "Description": "Net Command", "Company": "Microsoft Corporation", "ParentProcessGuid": "{C784477D-ABB3-6462-4B06-000000003400}", "User": "DESKTOP-B0T93D6\\george", "Hashes": "MD5=B5A26C2BF17222E86B91D26F1247AF3E,SHA256=14CC5BE4C833ACC652195DEAD113E1C3B4AC0B98EA1AEAD11957836F9AE721CF,IMPHASH=3D3E7537BD3BA07738DC5CA8AD01B073", "OriginalFileName": "net1.exe", "ParentImage": "C:\\Windows\\SysWOW64\\net.exe", "FileVersion": "10.0.17134.1 (WinBuild.160101.0800)", "ParentProcessId": "8116", "CurrentDirectory": "C:\\Users\\george\\Desktop\\", "CommandLine": "C:\\Windows\\system32\\net1 stop \"samss\" /y", "EventID": "1", "LogonGuid": "C784477D-1BC9-6446-03CD-030000000000", "LogonId": "249091", "Image": "C:\\Windows\\SysWOW64\\net1.exe", "IntegrityLevel": "High", "ParentCommandLine": "\"C:\\Windows\\System32\\net.exe\" stop \"samss\" /y", "UtcTime": "1684188083", "RuleName": "-"}}, {"values": {"TerminalSessionId": "1", "ProcessGuid": "{C784477D-ABB3-6462-4E06-000000003400}", "ProcessId": "7264", "Product": "Microsoft\\xae Windows\\xae Operating System", "Description": "Net Command", "Company": "Microsoft Corporation", "ParentProcessGuid": "{C784477D-ABA7-6462-3C06-000000003400}", "User": "DESKTOP-B0T93D6\\george", "Hashes": "MD5=DD0561156F62BC1958CE0E370B23711B,SHA256=FD41D0261C6D22572DA448BCB5CBBB98F78A2922D1F1074D25237CC82C8CE432,IMPHASH=86350518EAE83E4A09BBF6317BA1C570", "OriginalFileName": "net.exe", "ParentImage": "C:\\Users\\george\\Desktop\\program.exe", "FileVersion": "10.0.17134.1 (WinBuild.160101.0800)", "ParentProcessId": "7492", "CurrentDirectory": "C:\\Users\\george\\Desktop\\", "CommandLine": "\"C:\\Windows\\System32\\net.exe\" stop \"samss\" /y", "EventID": "1", "LogonGuid": "C784477D-1BC9-6446-03CD-030000000000", "LogonId": "249091", "Image": "C:\\Windows\\SysWOW64\\net.exe", "IntegrityLevel": "High", "ParentCommandLine": "\"C:\\Users\\george\\Desktop\\program.exe\"", "UtcTime": "1684188083", "RuleName": "-"}}, {"values": {"TerminalSessionId": "1", "ProcessGuid": "{C784477D-ABB9-6462-5106-000000003400}", "ProcessId": "7764", "Product": "Microsoft\\xae Windows\\xae Operating System", "Description": "Net Command", "Company": "Microsoft Corporation", "ParentProcessGuid": "{C784477D-ABB3-6462-4E06-000000003400}", "User": "DESKTOP-B0T93D6\\george", "Hashes": "MD5=B5A26C2BF17222E86B91D26F1247AF3E,SHA256=14CC5BE4C833ACC652195DEAD113E1C3B4AC0B98EA1AEAD11957836F9AE721CF,IMPHASH=3D3E7537BD3BA07738DC5CA8AD01B073", "OriginalFileName": "net1.exe", "ParentImage": "C:\\Windows\\SysWOW64\\net.exe", "FileVersion": "10.0.17134.1 (WinBuild.160101.0800)", "ParentProcessId": "7264", "CurrentDirectory": "C:\\Users\\george\\Desktop\\", "CommandLine": "C:\\Windows\\system32\\net1 stop \"samss\" /y", "EventID": "1", "LogonGuid": "C784477D-1BC9-6446-03CD-030000000000", "LogonId": "249091", "Image": "C:\\Windows\\SysWOW64\\net1.exe", "IntegrityLevel": "High", "ParentCommandLine": "\"C:\\Windows\\System32\\net.exe\" stop \"samss\" /y", "UtcTime": "1684188089", "RuleName": "-"}}, {"values": {"TerminalSessionId": "1", "ProcessGuid": "{C784477D-ABB9-6462-5206-000000003400}", "ProcessId": "5068", "Product": "Microsoft\\xae Windows\\xae Operating System", "Description": "Net Command", "Company": "Microsoft Corporation", "ParentProcessGuid": "{C784477D-ABA7-6462-3C06-000000003400}", "User": "DESKTOP-B0T93D6\\george", "Hashes": "MD5=DD0561156F62BC1958CE0E370B23711B,SHA256=FD41D0261C6D22572DA448BCB5CBBB98F78A2922D1F1074D25237CC82C8CE432,IMPHASH=86350518EAE83E4A09BBF6317BA1C570", "OriginalFileName": "net.exe", "ParentImage": "C:\\Users\\george\\Desktop\\program.exe", "FileVersion": "10.0.17134.1 (WinBuild.160101.0800)", "ParentProcessId": "7492", "CurrentDirectory": "C:\\Users\\george\\Desktop\\", "CommandLine": "\"C:\\Windows\\System32\\net.exe\" stop \"samss\" /y", "EventID": "1", "LogonGuid": "C784477D-1BC9-6446-03CD-030000000000", "LogonId": "249091", "Image": "C:\\Windows\\SysWOW64\\net.exe", "IntegrityLevel": "High", "ParentCommandLine": "\"C:\\Users\\george\\Desktop\\program.exe\"", "UtcTime": "1684188089", "RuleName": "-"}}, {"values": {"TerminalSessionId": "1", "ProcessGuid": "{C784477D-ABB9-6462-5406-000000003400}", "ProcessId": "2816", "Product": "Microsoft\\xae Windows\\xae Operating System", "Description": "Net Command", "Company": "Microsoft Corporation", "ParentProcessGuid": "{C784477D-ABB9-6462-5206-000000003400}", "User": "DESKTOP-B0T93D6\\george", "Hashes": "MD5=B5A26C2BF17222E86B91D26F1247AF3E,SHA256=14CC5BE4C833ACC652195DEAD113E1C3B4AC0B98EA1AEAD11957836F9AE721CF,IMPHASH=3D3E7537BD3BA07738DC5CA8AD01B073", "OriginalFileName": "net1.exe", "ParentImage": "C:\\Windows\\SysWOW64\\net.exe", "FileVersion": "10.0.17134.1 (WinBuild.160101.0800)", "ParentProcessId": "5068", "CurrentDirectory": "C:\\Users\\george\\Desktop\\", "CommandLine": "C:\\Windows\\system32\\net1 stop \"samss\" /y", "EventID": "1", "LogonGuid": "C784477D-1BC9-6446-03CD-030000000000", "LogonId": "249091", "Image": "C:\\Windows\\SysWOW64\\net1.exe", "IntegrityLevel": "High", "ParentCommandLine": "\"C:\\Windows\\System32\\net.exe\" stop \"samss\" /y", "UtcTime": "1684188089", "RuleName": "-"}}, {"values": {"TerminalSessionId": "1", "ProcessGuid": "{C784477D-ABC6-6462-5706-000000003400}", "ProcessId": "6596", "Product": "Microsoft\\xae Windows\\xae Operating System", "Description": "Net Command", "Company": "Microsoft Corporation", "ParentProcessGuid": "{C784477D-ABA7-6462-3C06-000000003400}", "User": "DESKTOP-B0T93D6\\george", "Hashes": "MD5=DD0561156F62BC1958CE0E370B23711B,SHA256=FD41D0261C6D22572DA448BCB5CBBB98F78A2922D1F1074D25237CC82C8CE432,IMPHASH=86350518EAE83E4A09BBF6317BA1C570", "OriginalFileName": "net.exe", "ParentImage": "C:\\Users\\george\\Desktop\\program.exe", "FileVersion": "10.0.17134.1 (WinBuild.160101.0800)", "ParentProcessId": "7492", "CurrentDirectory": "C:\\Users\\george\\Desktop\\", "CommandLine": "\"C:\\Windows\\System32\\net.exe\" stop \"samss\" /y", "EventID": "1", "LogonGuid": "C784477D-1BC9-6446-03CD-030000000000", "LogonId": "249091", "Image": "C:\\Windows\\SysWOW64\\net.exe", "IntegrityLevel": "High", "ParentCommandLine": "\"C:\\Users\\george\\Desktop\\program.exe\"", "UtcTime": "1684188102", "RuleName": "-"}}, {"values": {"TerminalSessionId": "1", "ProcessGuid": "{C784477D-ABC6-6462-5906-000000003400}", "ProcessId": "1876", "Product": "Microsoft\\xae Windows\\xae Operating System", "Description": "Net Command", "Company": "Microsoft Corporation", "ParentProcessGuid": "{C784477D-ABC6-6462-5706-000000003400}", "User": "DESKTOP-B0T93D6\\george", "Hashes": "MD5=B5A26C2BF17222E86B91D26F1247AF3E,SHA256=14CC5BE4C833ACC652195DEAD113E1C3B4AC0B98EA1AEAD11957836F9AE721CF,IMPHASH=3D3E7537BD3BA07738DC5CA8AD01B073", "OriginalFileName": "net1.exe", "ParentImage": "C:\\Windows\\SysWOW64\\net.exe", "FileVersion": "10.0.17134.1 (WinBuild.160101.0800)", "ParentProcessId": "6596", "CurrentDirectory": "C:\\Users\\george\\Desktop\\", "CommandLine": "C:\\Windows\\system32\\net1 stop \"samss\" /y", "EventID": "1", "LogonGuid": "C784477D-1BC9-6446-03CD-030000000000", "LogonId": "249091", "Image": "C:\\Windows\\SysWOW64\\net1.exe", "IntegrityLevel": "High", "ParentCommandLine": "\"C:\\Windows\\System32\\net.exe\" stop \"samss\" /y", "UtcTime": "1684188102", "RuleName": "-"}}, {"values": {"TerminalSessionId": "1", "ProcessGuid": "{C784477D-ABC8-6462-5A06-000000003400}", "ProcessId": "5668", "Product": "Microsoft\\xae Windows\\xae Operating System", "Description": "Net Command", "Company": "Microsoft Corporation", "ParentProcessGuid": "{C784477D-ABA7-6462-3C06-000000003400}", "User": "DESKTOP-B0T93D6\\george", "Hashes": "MD5=DD0561156F62BC1958CE0E370B23711B,SHA256=FD41D0261C6D22572DA448BCB5CBBB98F78A2922D1F1074D25237CC82C8CE432,IMPHASH=86350518EAE83E4A09BBF6317BA1C570", "OriginalFileName": "net.exe", "ParentImage": "C:\\Users\\george\\Desktop\\program.exe", "FileVersion": "10.0.17134.1 (WinBuild.160101.0800)", "ParentProcessId": "7492", "CurrentDirectory": "C:\\Users\\george\\Desktop\\", "CommandLine": "\"C:\\Windows\\System32\\net.exe\" stop \"samss\" /y", "EventID": "1", "LogonGuid": "C784477D-1BC9-6446-03CD-030000000000", "LogonId": "249091", "Image": "C:\\Windows\\SysWOW64\\net.exe", "IntegrityLevel": "High", "ParentCommandLine": "\"C:\\Users\\george\\Desktop\\program.exe\"", "UtcTime": "1684188104", "RuleName": "-"}}, {"values": {"TerminalSessionId": "1", "ProcessGuid": "{C784477D-ABC8-6462-5C06-000000003400}", "ProcessId": "7060", "Product": "Microsoft\\xae Windows\\xae Operating System", "Description": "Net Command", "Company": "Microsoft Corporation", "ParentProcessGuid": "{C784477D-ABC8-6462-5A06-000000003400}", "User": "DESKTOP-B0T93D6\\george", "Hashes": "MD5=B5A26C2BF17222E86B91D26F1247AF3E,SHA256=14CC5BE4C833ACC652195DEAD113E1C3B4AC0B98EA1AEAD11957836F9AE721CF,IMPHASH=3D3E7537BD3BA07738DC5CA8AD01B073", "OriginalFileName": "net1.exe", "ParentImage": "C:\\Windows\\SysWOW64\\net.exe", "FileVersion": "10.0.17134.1 (WinBuild.160101.0800)", "ParentProcessId": "5668", "CurrentDirectory": "C:\\Users\\george\\Desktop\\", "CommandLine": "C:\\Windows\\system32\\net1 stop \"samss\" /y", "EventID": "1", "LogonGuid": "C784477D-1BC9-6446-03CD-030000000000", "LogonId": "249091", "Image": "C:\\Windows\\SysWOW64\\net1.exe", "IntegrityLevel": "High", "ParentCommandLine": "\"C:\\Windows\\System32\\net.exe\" stop \"samss\" /y", "UtcTime": "1684188104", "RuleName": "-"}}, {"values": {"TerminalSessionId": "1", "ProcessGuid": "{C784477D-ABC8-6462-5D06-000000003400}", "ProcessId": "8028", "Product": "Microsoft\\xae Windows\\xae Operating System", "Description": "Net Command", "Company": "Microsoft Corporation", "ParentProcessGuid": "{C784477D-ABA7-6462-3C06-000000003400}", "User": "DESKTOP-B0T93D6\\george", "Hashes": "MD5=DD0561156F62BC1958CE0E370B23711B,SHA256=FD41D0261C6D22572DA448BCB5CBBB98F78A2922D1F1074D25237CC82C8CE432,IMPHASH=86350518EAE83E4A09BBF6317BA1C570", "OriginalFileName": "net.exe", "ParentImage": "C:\\Users\\george\\Desktop\\program.exe", "FileVersion": "10.0.17134.1 (WinBuild.160101.0800)", "ParentProcessId": "7492", "CurrentDirectory": "C:\\Users\\george\\Desktop\\", "CommandLine": "\"C:\\Windows\\System32\\net.exe\" stop \"samss\" /y", "EventID": "1", "LogonGuid": "C784477D-1BC9-6446-03CD-030000000000", "LogonId": "249091", "Image": "C:\\Windows\\SysWOW64\\net.exe", "IntegrityLevel": "High", "ParentCommandLine": "\"C:\\Users\\george\\Desktop\\program.exe\"", "UtcTime": "1684188104", "RuleName": "-"}}, {"values": {"TerminalSessionId": "1", "ProcessGuid": "{C784477D-ABC8-6462-5F06-000000003400}", "ProcessId": "2436", "Product": "Microsoft\\xae Windows\\xae Operating System", "Description": "Net Command", "Company": "Microsoft Corporation", "ParentProcessGuid": "{C784477D-ABC8-6462-5D06-000000003400}", "User": "DESKTOP-B0T93D6\\george", "Hashes": "MD5=B5A26C2BF17222E86B91D26F1247AF3E,SHA256=14CC5BE4C833ACC652195DEAD113E1C3B4AC0B98EA1AEAD11957836F9AE721CF,IMPHASH=3D3E7537BD3BA07738DC5CA8AD01B073", "OriginalFileName": "net1.exe", "ParentImage": "C:\\Windows\\SysWOW64\\net.exe", "FileVersion": "10.0.17134.1 (WinBuild.160101.0800)", "ParentProcessId": "8028", "CurrentDirectory": "C:\\Users\\george\\Desktop\\", "CommandLine": "C:\\Windows\\system32\\net1 stop \"samss\" /y", "EventID": "1", "LogonGuid": "C784477D-1BC9-6446-03CD-030000000000", "LogonId": "249091", "Image": "C:\\Windows\\SysWOW64\\net1.exe", "IntegrityLevel": "High", "ParentCommandLine": "\"C:\\Windows\\System32\\net.exe\" stop \"samss\" /y", "UtcTime": "1684188104", "RuleName": "-"}}, {"values": {"TerminalSessionId": "1", "ProcessGuid": "{C784477D-ABCA-6462-6006-000000003400}", "ProcessId": "6148", "Product": "Microsoft\\xae Windows\\xae Operating System", "Description": "Net Command", "Company": "Microsoft Corporation", "ParentProcessGuid": "{C784477D-ABA7-6462-3C06-000000003400}", "User": "DESKTOP-B0T93D6\\george", "Hashes": "MD5=DD0561156F62BC1958CE0E370B23711B,SHA256=FD41D0261C6D22572DA448BCB5CBBB98F78A2922D1F1074D25237CC82C8CE432,IMPHASH=86350518EAE83E4A09BBF6317BA1C570", "OriginalFileName": "net.exe", "ParentImage": "C:\\Users\\george\\Desktop\\program.exe", "FileVersion": "10.0.17134.1 (WinBuild.160101.0800)", "ParentProcessId": "7492", "CurrentDirectory": "C:\\Users\\george\\Desktop\\", "CommandLine": "\"C:\\Windows\\System32\\net.exe\" stop \"samss\" /y", "EventID": "1", "LogonGuid": "C784477D-1BC9-6446-03CD-030000000000", "LogonId": "249091", "Image": "C:\\Windows\\SysWOW64\\net.exe", "IntegrityLevel": "High", "ParentCommandLine": "\"C:\\Users\\george\\Desktop\\program.exe\"", "UtcTime": "1684188106", "RuleName": "-"}}, 