{"values": {"TerminalSessionId": "1", "ProcessGuid": "{C784477D-1FAA-638F-9406-000000004100}", "ProcessId": "7632", "Product": "Microsoft\\xae Windows\\xae Operating System", "Description": "Terminates Processes", "Company": "Microsoft Corporation", "ParentProcessGuid": "{C784477D-1F9C-638F-0206-000000004100}", "User": "DESKTOP-B0T93D6\\george", "Hashes": "MD5=15E2E0ACD891510C6268CB8899F2A1A1,SHA256=F328D587561BEED3C19289FBA43E284FB57BCE1A4C202C7379673964F9B8610D,IMPHASH=0D3E23DCB6BF63A9EB90D5BED57B4F89", "OriginalFileName": "taskkill.exe", "ParentImage": "C:\\Users\\george\\Desktop\\software.exe", "FileVersion": "10.0.17134.1 (WinBuild.160101.0800)", "ParentProcessId": "6568", "CurrentDirectory": "C:\\Users\\george\\Desktop\\", "CommandLine": "taskkill /F /IM taskmgr.exe", "EventID": "1", "LogonGuid": "C784477D-7B22-6384-1715-040000000000", "LogonId": "267543", "Image": "C:\\Windows\\SysWOW64\\taskkill.exe", "IntegrityLevel": "High", "ParentCommandLine": "\"C:\\Users\\george\\Desktop\\software.exe\"", "UtcTime": "1670324138", "RuleName": "-"}}, {"values": {"TerminalSessionId": "1", "ProcessGuid": "{C784477D-1FAA-638F-9606-000000004100}", "ProcessId": "7696", "Product": "Microsoft\\xae Windows\\xae Operating System", "Description": "Terminates Processes", "Company": "Microsoft Corporation", "ParentProcessGuid": "{C784477D-1F9C-638F-0206-000000004100}", "User": "DESKTOP-B0T93D6\\george", "Hashes": "MD5=15E2E0ACD891510C6268CB8899F2A1A1,SHA256=F328D587561BEED3C19289FBA43E284FB57BCE1A4C202C7379673964F9B8610D,IMPHASH=0D3E23DCB6BF63A9EB90D5BED57B4F89", "OriginalFileName": "taskkill.exe", "ParentImage": "C:\\Users\\george\\Desktop\\software.exe", "FileVersion": "10.0.17134.1 (WinBuild.160101.0800)", "ParentProcessId": "6568", "CurrentDirectory": "C:\\Users\\george\\Desktop\\", "CommandLine": "taskkill /F /IM taskmgr.exe", "EventID": "1", "LogonGuid": "C784477D-7B22-6384-1715-040000000000", "LogonId": "267543", "Image": "C:\\Windows\\SysWOW64\\taskkill.exe", "IntegrityLevel": "High", "ParentCommandLine": "\"C:\\Users\\george\\Desktop\\software.exe\"", "UtcTime": "1670324138", "RuleName": "-"}}, {"values": {"TerminalSessionId": "1", "ProcessGuid": "{C784477D-1FAB-638F-9806-000000004100}", "ProcessId": "7772", "Product": "Microsoft\\xae Windows\\xae Operating System", "Description": "Terminates Processes", "Company": "Microsoft Corporation", "ParentProcessGuid": "{C784477D-1F9C-638F-0206-000000004100}", "User": "DESKTOP-B0T93D6\\george", "Hashes": "MD5=15E2E0ACD891510C6268CB8899F2A1A1,SHA256=F328D587561BEED3C19289FBA43E284FB57BCE1A4C202C7379673964F9B8610D,IMPHASH=0D3E23DCB6BF63A9EB90D5BED57B4F89", "OriginalFileName": "taskkill.exe", "ParentImage": "C:\\Users\\george\\Desktop\\software.exe", "FileVersion": "10.0.17134.1 (WinBuild.160101.0800)", "ParentProcessId": "6568", "CurrentDirectory": "C:\\Users\\george\\Desktop\\", "CommandLine": "taskkill /F /IM taskmgr.exe", "EventID": "1", "LogonGuid": "C784477D-7B22-6384-1715-040000000000", "LogonId": "267543", "Image": "C:\\Windows\\SysWOW64\\taskkill.exe", "IntegrityLevel": "High", "ParentCommandLine": "\"C:\\Users\\george\\Desktop\\software.exe\"", "UtcTime": "1670324139", "RuleName": "-"}}, {"values": {"TerminalSessionId": "1", "ProcessGuid": "{C784477D-1FAB-638F-9A06-000000004100}", "ProcessId": "7844", "Product": "Microsoft\\xae Windows\\xae Operating System", "Description": "Terminates Processes", "Company": "Microsoft Corporation", "ParentProcessGuid": "{C784477D-1F9C-638F-0206-000000004100}", "User": "DESKTOP-B0T93D6\\george", "Hashes": "MD5=15E2E0ACD891510C6268CB8899F2A1A1,SHA256=F328D587561BEED3C19289FBA43E284FB57BCE1A4C202C7379673964F9B8610D,IMPHASH=0D3E23DCB6BF63A9EB90D5BED57B4F89", "OriginalFileName": "taskkill.exe", "ParentImage": "C:\\Users\\george\\Desktop\\software.exe", "FileVersion": "10.0.17134.1 (WinBuild.160101.0800)", "ParentProcessId": "6568", "CurrentDirectory": "C:\\Users\\george\\Desktop\\", "CommandLine": "taskkill /F /IM taskmgr.exe", "EventID": "1", "LogonGuid": "C784477D-7B22-6384-1715-040000000000", "LogonId": "267543", "Image": "C:\\Windows\\SysWOW64\\taskkill.exe", "IntegrityLevel": "High", "ParentCommandLine": "\"C:\\Users\\george\\Desktop\\software.exe\"", "UtcTime": "1670324139", "RuleName": "-"}}, {"values": {"TerminalSessionId": "1", "ProcessGuid": "{C784477D-1FAB-638F-9C06-000000004100}", "ProcessId": "7912", "Product": "Microsoft\\xae Windows\\xae Operating System", "Description": "Terminates Processes", "Company": "Microsoft Corporation", "ParentProcessGuid": "{C784477D-1F9C-638F-0206-000000004100}", "User": "DESKTOP-B0T93D6\\george", "Hashes": "MD5=15E2E0ACD891510C6268CB8899F2A1A1,SHA256=F328D587561BEED3C19289FBA43E284FB57BCE1A4C202C7379673964F9B8610D,IMPHASH=0D3E23DCB6BF63A9EB90D5BED57B4F89", "OriginalFileName": "taskkill.exe", "ParentImage": "C:\\Users\\george\\Desktop\\software.exe", "FileVersion": "10.0.17134.1 (WinBuild.160101.0800)", "ParentProcessId": "6568", "CurrentDirectory": "C:\\Users\\george\\Desktop\\", "CommandLine": "taskkill /F /IM taskmgr.exe", "EventID": "1", "LogonGuid": "C784477D-7B22-6384-1715-040000000000", "LogonId": "267543", "Image": "C:\\Windows\\SysWOW64\\taskkill.exe", "IntegrityLevel": "High", "ParentCommandLine": "\"C:\\Users\\george\\Desktop\\software.exe\"", "UtcTime": "1670324139", "RuleName": "-"}}, {"values": {"TerminalSessionId": "1", "ProcessGuid": "{C784477D-1FAB-638F-9E06-000000004100}", "ProcessId": "7948", "Product": "Microsoft\\xae Windows\\xae Operating System", "Description": "Terminates Processes", "Company": "Microsoft Corporation", "ParentProcessGuid": "{C784477D-1F9C-638F-0206-000000004100}", "User": "DESKTOP-B0T93D6\\george", "Hashes": "MD5=15E2E0ACD891510C6268CB8899F2A1A1,SHA256=F328D587561BEED3C19289FBA43E284FB57BCE1A4C202C7379673964F9B8610D,IMPHASH=0D3E23DCB6BF63A9EB90D5BED57B4F89", "OriginalFileName": "taskkill.exe", "ParentImage": "C:\\Users\\george\\Desktop\\software.exe", "FileVersion": "10.0.17134.1 (WinBuild.160101.0800)", "ParentProcessId": "6568", "CurrentDirectory": "C:\\Users\\george\\Desktop\\", "CommandLine": "taskkill /F /IM taskmgr.exe", "EventID": "1", "LogonGuid": "C784477D-7B22-6384-1715-040000000000", "LogonId": "267543", "Image": "C:\\Windows\\SysWOW64\\taskkill.exe", "IntegrityLevel": "High", "ParentCommandLine": "\"C:\\Users\\george\\Desktop\\software.exe\"", "UtcTime": "1670324139", "RuleName": "-"}}, {"values": {"TerminalSessionId": "1", "ProcessGuid": "{C784477D-1FAB-638F-A006-000000004100}", "ProcessId": "8096", "Product": "Microsoft\\xae Windows\\xae Operating System", "Description": "Terminates Processes", "Company": "Microsoft Corporation", "ParentProcessGuid": "{C784477D-1F9C-638F-0206-000000004100}", "User": "DESKTOP-B0T93D6\\george", "Hashes": "MD5=15E2E0ACD891510C6268CB8899F2A1A1,SHA256=F328D587561BEED3C19289FBA43E284FB57BCE1A4C202C7379673964F9B8610D,IMPHASH=0D3E23DCB6BF63A9EB90D5BED57B4F89", "OriginalFileName": "taskkill.exe", "ParentImage": "C:\\Users\\george\\Desktop\\software.exe", "FileVersion": "10.0.17134.1 (WinBuild.160101.0800)", "ParentProcessId": "6568", "CurrentDirectory": "C:\\Users\\george\\Desktop\\", "CommandLine": "taskkill /F /IM taskmgr.exe", "EventID": "1", "LogonGuid": "C784477D-7B22-6384-1715-040000000000", "LogonId": "267543", "Image": "C:\\Windows\\SysWOW64\\taskkill.exe", "IntegrityLevel": "High", "ParentCommandLine": "\"C:\\Users\\george\\Desktop\\software.exe\"", "UtcTime": "1670324139", "RuleName": "-"}}, {"values": {"TerminalSessionId": "1", "ProcessGuid": "{C784477D-1FAB-638F-A206-000000004100}", "ProcessId": "8180", "Product": "Microsoft\\xae Windows\\xae Operating System", "Description": "Terminates Processes", "Company": "Microsoft Corporation", "ParentProcessGuid": "{C784477D-1F9C-638F-0206-000000004100}", "User": "DESKTOP-B0T93D6\\george", "Hashes": "MD5=15E2E0ACD891510C6268CB8899F2A1A1,SHA256=F328D587561BEED3C19289FBA43E284FB57BCE1A4C202C7379673964F9B8610D,IMPHASH=0D3E23DCB6BF63A9EB90D5BED57B4F89", "OriginalFileName": "taskkill.exe", "ParentImage": "C:\\Users\\george\\Desktop\\software.exe", "FileVersion": "10.0.17134.1 (WinBuild.160101.0800)", "ParentProcessId": "6568", "CurrentDirectory": "C:\\Users\\george\\Desktop\\", "CommandLine": "taskkill /F /IM taskmgr.exe", "EventID": "1", "LogonGuid": "C784477D-7B22-6384-1715-040000000000", "LogonId": "267543", "Image": "C:\\Windows\\SysWOW64\\taskkill.exe", "IntegrityLevel": "High", "ParentCommandLine": "\"C:\\Users\\george\\Desktop\\software.exe\"", "UtcTime": "1670324139", "RuleName": "-"}}, {"values": {"TerminalSessionId": "1", "ProcessGuid": "{C784477D-1FAB-638F-A406-000000004100}", "ProcessId": "7204", "Product": "Microsoft\\xae Windows\\xae Operating System", "Description": "Terminates Processes", "Company": "Microsoft Corporation", "ParentProcessGuid": "{C784477D-1F9C-638F-0206-000000004100}", "User": "DESKTOP-B0T93D6\\george", "Hashes": "MD5=15E2E0ACD891510C6268CB8899F2A1A1,SHA256=F328D587561BEED3C19289FBA43E284FB57BCE1A4C202C7379673964F9B8610D,IMPHASH=0D3E23DCB6BF63A9EB90D5BED57B4F89", "OriginalFileName": "taskkill.exe", "ParentImage": "C:\\Users\\george\\Desktop\\software.exe", "FileVersion": "10.0.17134.1 (WinBuild.160101.0800)", "ParentProcessId": "6568", "CurrentDirectory": "C:\\Users\\george\\Desktop\\", "CommandLine": "taskkill /F /IM taskmgr.exe", "EventID": "1", "LogonGuid": "C784477D-7B22-6384-1715-040000000000", "LogonId": "267543", "Image": "C:\\Windows\\SysWOW64\\taskkill.exe", "IntegrityLevel": "High", "ParentCommandLine": "\"C:\\Users\\george\\Desktop\\software.exe\"", "UtcTime": "1670324139", "RuleName": "-"}}, {"values": {"TerminalSessionId": "1", "ProcessGuid": "{C784477D-1FAC-638F-A606-000000004100}", "ProcessId": "7308", "Product": "Microsoft\\xae Windows\\xae Operating System", "Description": "Terminates Processes", "Company": "Microsoft Corporation", "ParentProcessGuid": "{C784477D-1F9C-638F-0206-000000004100}", "User": "DESKTOP-B0T93D6\\george", "Hashes": "MD5=15E2E0ACD891510C6268CB8899F2A1A1,SHA256=F328D587561BEED3C19289FBA43E284FB57BCE1A4C202C7379673964F9B8610D,IMPHASH=0D3E23DCB6BF63A9EB90D5BED57B4F89", "OriginalFileName": "taskkill.exe", "ParentImage": "C:\\Users\\george\\Desktop\\software.exe", "FileVersion": "10.0.17134.1 (WinBuild.160101.0800)", "ParentProcessId": "6568", "CurrentDirectory": "C:\\Users\\george\\Desktop\\", "CommandLine": "taskkill /F /IM taskmgr.exe", "EventID": "1", "LogonGuid": "C784477D-7B22-6384-1715-040000000000", "LogonId": "267543", "Image": "C:\\Windows\\SysWOW64\\taskkill.exe", "IntegrityLevel": "High", "ParentCommandLine": "\"C:\\Users\\george\\Desktop\\software.exe\"", "UtcTime": "1670324140", "RuleName": "-"}}, {"values": {"TerminalSessionId": "1", "ProcessGuid": "{C784477D-1FAC-638F-A806-000000004100}", "ProcessId": "7368", "Product": "Microsoft\\xae Windows\\xae Operating System", "Description": "Terminates Processes", "Company": "Microsoft Corporation", "ParentProcessGuid": "{C784477D-1F9C-638F-0206-000000004100}", "User": "DESKTOP-B0T93D6\\george", "Hashes": "MD5=15E2E0ACD891510C6268CB8899F2A1A1,SHA256=F328D587561BEED3C19289FBA43E284FB57BCE1A4C202C7379673964F9B8610D,IMPHASH=0D3E23DCB6BF63A9EB90D5BED57B4F89", "OriginalFileName": "taskkill.exe", "ParentImage": "C:\\Users\\george\\Desktop\\software.exe", "FileVersion": "10.0.17134.1 (WinBuild.160101.0800)", "ParentProcessId": "6568", "CurrentDirectory": "C:\\Users\\george\\Desktop\\", "CommandLine": "taskkill /F /IM taskmgr.exe", "EventID": "1", "LogonGuid": "C784477D-7B22-6384-1715-040000000000", "LogonId": "267543", "Image": "C:\\Windows\\SysWOW64\\taskkill.exe", "IntegrityLevel": "High", "ParentCommandLine": "\"C:\\Users\\george\\Desktop\\software.exe\"", "UtcTime": "1670324140", "RuleName": "-"}}, {"values": {"TerminalSessionId": "1", "ProcessGuid": "{C784477D-1FAC-638F-AA06-000000004100}", "ProcessId": "7584", "Product": "Microsoft\\xae Windows\\xae Operating System", "Description": "Terminates Processes", "Company": "Microsoft Corporation", "ParentProcessGuid": "{C784477D-1F9C-638F-0206-000000004100}", "User": "DESKTOP-B0T93D6\\george", "Hashes": "MD5=15E2E0ACD891510C6268CB8899F2A1A1,SHA256=F328D587561BEED3C19289FBA43E284FB57BCE1A4C202C7379673964F9B8610D,IMPHASH=0D3E23DCB6BF63A9EB90D5BED57B4F89", "OriginalFileName": "taskkill.exe", "ParentImage": "C:\\Users\\george\\Desktop\\software.exe", "FileVersion": "10.0.17134.1 (WinBuild.160101.0800)", "ParentProcessId": "6568", "CurrentDirectory": "C:\\Users\\george\\Desktop\\", "CommandLine": "taskkill /F /IM taskmgr.exe", "EventID": "1", "LogonGuid": "C784477D-7B22-6384-1715-040000000000", "LogonId": "267543", "Image": "C:\\Windows\\SysWOW64\\taskkill.exe", "IntegrityLevel": "High", "ParentCommandLine": "\"C:\\Users\\george\\Desktop\\software.exe\"", "UtcTime": "1670324140", "RuleName": "-"}}, {"values": {"TerminalSessionId": "1", "ProcessGuid": "{C784477D-1FAC-638F-AC06-000000004100}", "ProcessId": "7600", "Product": "Microsoft\\xae Windows\\xae Operating System", "Description": "Terminates Processes", "Company": "Microsoft Corporation", "ParentProcessGuid": "{C784477D-1F9C-638F-0206-000000004100}", "User": "DESKTOP-B0T93D6\\george", "Hashes": "MD5=15E2E0ACD891510C6268CB8899F2A1A1,SHA256=F328D587561BEED3C19289FBA43E284FB57BCE1A4C202C7379673964F9B8610D,IMPHASH=0D3E23DCB6BF63A9EB90D5BED57B4F89", "OriginalFileName": "taskkill.exe", "ParentImage": "C:\\Users\\george\\Desktop\\software.exe", "FileVersion": "10.0.17134.1 (WinBuild.160101.0800)", "ParentProcessId": "6568", "CurrentDirectory": "C:\\Users\\george\\Desktop\\", "CommandLine": "taskkill /F /IM taskmgr.exe", "EventID": "1", "LogonGuid": "C784477D-7B22-6384-1715-040000000000", "LogonId": "267543", "Image": "C:\\Windows\\SysWOW64\\taskkill.exe", "IntegrityLevel": "High", "ParentCommandLine": "\"C:\\Users\\george\\Desktop\\software.exe\"", "UtcTime": "1670324140", "RuleName": "-"}}, {"values": {"TerminalSessionId": "1", "ProcessGuid": "{C784477D-1FAC-638F-AE06-000000004100}", "ProcessId": "7668", "Product": "Microsoft\\xae Windows\\xae Operating System", "Description": "Terminates Processes", "Company": "Microsoft Corporation", "ParentProcessGuid": "{C784477D-1F9C-638F-0206-000000004100}", "User": "DESKTOP-B0T93D6\\george", "Hashes": "MD5=15E2E0ACD891510C6268CB8899F2A1A1,SHA256=F328D587561BEED3C19289FBA43E284FB57BCE1A4C202C7379673964F9B8610D,IMPHASH=0D3E23DCB6BF63A9EB90D5BED57B4F89", "OriginalFileName": "taskkill.exe", "ParentImage": "C:\\Users\\george\\Desktop\\software.exe", "FileVersion": "10.0.17134.1 (WinBuild.160101.0800)", "ParentProcessId": "6568", "CurrentDirectory": "C:\\Users\\george\\Desktop\\", "CommandLine": "taskkill /F /IM taskmgr.exe", "EventID": "1", "LogonGuid": "C784477D-7B22-6384-1715-040000000000", "LogonId": "267543", "Image": "C:\\Windows\\SysWOW64\\taskkill.exe", "IntegrityLevel": "High", "ParentCommandLine": "\"C:\\Users\\george\\Desktop\\software.exe\"", "UtcTime": "1670324140", "RuleName": "-"}}, {"values": {"TerminalSessionId": "1", "ProcessGuid": "{C784477D-1FAC-638F-B006-000000004100}", "ProcessId": "7756", "Product": "Microsoft\\xae Windows\\xae Operating System", "Description": "Terminates Processes", "Company": "Microsoft Corporation", "ParentProcessGuid": "{C784477D-1F9C-638F-0206-000000004100}", "User": "DESKTOP-B0T93D6\\george", "Hashes": "MD5=15E2E0ACD891510C6268CB8899F2A1A1,SHA256=F328D587561BEED3C19289FBA43E284FB57BCE1A4C202C7379673964F9B8610D,IMPHASH=0D3E23DCB6BF63A9EB90D5BED57B4F89", "OriginalFileName": "taskkill.exe", "ParentImage": "C:\\Users\\george\\Desktop\\software.exe", "FileVersion": "10.0.17134.1 (WinBuild.160101.0800)", "ParentProcessId": "6568", "CurrentDirectory": "C:\\Users\\george\\Desktop\\", "CommandLine": "taskkill /F /IM taskmgr.exe", "EventID": "1", "LogonGuid": "C784477D-7B22-6384-1715-040000000000", "LogonId": "267543", "Image": "C:\\Windows\\SysWOW64\\taskkill.exe", "IntegrityLevel": "High", "ParentCommandLine": "\"C:\\Users\\george\\Desktop\\software.exe\"", "UtcTime": "1670324140", "RuleName": "-"}}, {"values": {"TerminalSessionId": "1", "ProcessGuid": "{C784477D-1FAC-638F-B206-000000004100}", "ProcessId": "7884", "Product": "Microsoft\\xae Windows\\xae Operating System", "Description": "Terminates Processes", "Company": "Microsoft Corporation", "ParentProcessGuid": "{C784477D-1F9C-638F-0206-000000004100}", "User": "DESKTOP-B0T93D6\\george", "Hashes": "MD5=15E2E0ACD891510C6268CB8899F2A1A1,SHA256=F328D587561BEED3C19289FBA43E284FB57BCE1A4C202C7379673964F9B8610D,IMPHASH=0D3E23DCB6BF63A9EB90D5BED57B4F89", "OriginalFileName": "taskkill.exe", "ParentImage": "C:\\Users\\george\\Desktop\\software.exe", "FileVersion": "10.0.17134.1 (WinBuild.160101.0800)", "ParentProcessId": "6568", "CurrentDirectory": "C:\\Users\\george\\Desktop\\", "CommandLine": "taskkill /F /IM taskmgr.exe", "EventID": "1", "LogonGuid": "C784477D-7B22-6384-1715-040000000000", "LogonId": "267543", "Image": "C:\\Windows\\SysWOW64\\taskkill.exe", "IntegrityLevel": "High", "ParentCommandLine": "\"C:\\Users\\george\\Desktop\\software.exe\"", "UtcTime": "1670324140", "RuleName": "-"}}, {"values": {"TerminalSessionId": "1", "ProcessGuid": "{C784477D-1FAC-638F-B406-000000004100}", "ProcessId": "7896", "Product": "Microsoft\\xae Windows\\xae Operating System", "Description": "Terminates Processes", "Company": "Microsoft Corporation", "ParentProcessGuid": "{C784477D-1F9C-638F-0206-000000004100}", "User": "DESKTOP-B0T93D6\\george", "Hashes": "MD5=15E2E0ACD891510C6268CB8899F2A1A1,SHA256=F328D587561BEED3C19289FBA43E284FB57BCE1A4C202C7379673964F9B8610D,IMPHASH=0D3E23DCB6BF63A9EB90D5BED57B4F89", "OriginalFileName": "taskkill.exe", "ParentImage": "C:\\Users\\george\\Desktop\\software.exe", "FileVersion": "10.0.17134.1 (WinBuild.160101.0800)", "ParentProcessId": "6568", "CurrentDirectory": "C:\\Users\\george\\Desktop\\", "CommandLine": "taskkill /F /IM taskmgr.exe", "EventID": "1", "LogonGuid": "C784477D-7B22-6384-1715-040000000000", "LogonId": "267543", "Image": "C:\\Windows\\SysWOW64\\taskkill.exe", "IntegrityLevel": "High", "ParentCommandLine": "\"C:\\Users\\george\\Desktop\\software.exe\"", "UtcTime": "1670324140", "RuleName": "-"}}, {"values": {"TerminalSessionId": "1", "ProcessGuid": "{C784477D-1FAD-638F-B606-000000004100}", "ProcessId": "8136", "Product": "Microsoft\\xae Windows\\xae Operating System", "Description": "Terminates Processes", "Company": "Microsoft Corporation", "ParentProcessGuid": "{C784477D-1F9C-638F-0206-000000004100}", "User": "DESKTOP-B0T93D6\\george", "Hashes": "MD5=15E2E0ACD891510C6268CB8899F2A1A1,SHA256=F328D587561BEED3C19289FBA43E284FB57BCE1A4C202C7379673964F9B8610D,IMPHASH=0D3E23DCB6BF63A9EB90D5BED57B4F89", "OriginalFileName": "taskkill.exe", "ParentImage": "C:\\Users\\george\\Desktop\\software.exe", "FileVersion": "10.0.17134.1 (WinBuild.160101.0800)", "ParentProcessId": "6568", "CurrentDirectory": "C:\\Users\\george\\Desktop\\", "CommandLine": "taskkill /F /IM taskmgr.exe", "EventID": "1", "LogonGuid": "C784477D-7B22-6384-1715-040000000000", "LogonId": "267543", "Image": "C:\\Windows\\SysWOW64\\taskkill.exe", "IntegrityLevel": "High", "ParentCommandLine": "\"C:\\Users\\george\\Desktop\\software.exe\"", "UtcTime": "1670324141", "RuleName": "-"}}, {"values": {"TerminalSessionId": "1", "ProcessGuid": "{C784477D-1FAD-638F-B806-000000004100}", "ProcessId": "8176", "Product": "Microsoft\\xae Windows\\xae Operating System", "Description": "Terminates Processes", "Company": "Microsoft Corporation", "ParentProcessGuid": "{C784477D-1F9C-638F-0206-000000004100}", "User": "DESKTOP-B0T93D6\\george", "Hashes": "MD5=15E2E0ACD891510C6268CB8899F2A1A1,SHA256=F328D587561BEED3C19289FBA43E284FB57BCE1A4C202C7379673964F9B8610D,IMPHASH=0D3E23DCB6BF63A9EB90D5BED57B4F89", "OriginalFileName": "taskkill.exe", "ParentImage": "C:\\Users\\george\\Desktop\\software.exe", "FileVersion": "10.0.17134.1 (WinBuild.160101.0800)", "ParentProcessId": "6568", "CurrentDirectory": "C:\\Users\\george\\Desktop\\", "CommandLine": "taskkill /F /IM taskmgr.exe", "EventID": "1", "LogonGuid": "C784477D-7B22-6384-1715-040000000000", "LogonId": "267543", "Image": "C:\\Windows\\SysWOW64\\taskkill.exe", "IntegrityLevel": "High", "ParentCommandLine": "\"C:\\Users\\george\\Desktop\\software.exe\"", "UtcTime": "1670324141", "RuleName": "-"}}, {"values": {"TerminalSessionId": "1", "ProcessGuid": "{C784477D-1FAD-638F-BA06-000000004100}", "ProcessId": "7224", "Product": "Microsoft\\xae Windows\\xae Operating System", "Description": "Terminates Processes", "Company": "Microsoft Corporation", "ParentProcessGuid": "{C784477D-1F9C-638F-0206-000000004100}", "User": "DESKTOP-B0T93D6\\george", "Hashes": "MD5=15E2E0ACD891510C6268CB8899F2A1A1,SHA256=F328D587561BEED3C19289FBA43E284FB57BCE1A4C202C7379673964F9B8610D,IMPHASH=0D3E23DCB6BF63A9EB90D5BED57B4F89", "OriginalFileName": "taskkill.exe", "ParentImage": "C:\\Users\\george\\Desktop\\software.exe", "FileVersion": "10.0.17134.1 (WinBuild.160101.0800)", "ParentProcessId": "6568", "CurrentDirectory": "C:\\Users\\george\\Desktop\\", "CommandLine": "taskkill /F /IM taskmgr.exe", "EventID": "1", "LogonGuid": "C784477D-7B22-6384-1715-040000000000", "LogonId": "267543", "Image": "C:\\Windows\\SysWOW64\\taskkill.exe", "IntegrityLevel": "High", "ParentCommandLine": "\"C:\\Users\\george\\Desktop\\software.exe\"", "UtcTime": "1670324141", "RuleName": "-"}}, {"values": {"TerminalSessionId": "1", "ProcessGuid": "{C784477D-1FAD-638F-BC06-000000004100}", "ProcessId": "7356", "Product": "Microsoft\\xae Windows\\xae Operating System", "Description": "Terminates Processes", "Company": "Microsoft Corporation", "ParentProcessGuid": "{C784477D-1F9C-638F-0206-000000004100}", "User": "DESKTOP-B0T93D6\\george", "Hashes": "MD5=15E2E0ACD891510C6268CB8899F2A1A1,SHA256=F328D587561BEED3C19289FBA43E284FB57BCE1A4C202C7379673964F9B8610D,IMPHASH=0D3E23DCB6BF63A9EB90D5BED57B4F89", "OriginalFileName": "taskkill.exe", "ParentImage": "C:\\Users\\george\\Desktop\\software.exe", "FileVersion": "10.0.17134.1 (WinBuild.160101.0800)", "ParentProcessId": "6568", "CurrentDirectory": "C:\\Users\\george\\Desktop\\", "CommandLine": "taskkill /F /IM taskmgr.exe", "EventID": "1", "LogonGuid": "C784477D-7B22-6384-1715-040000000000", "LogonId": "267543", "Image": "C:\\Windows\\SysWOW64\\taskkill.exe", "IntegrityLevel": "High", "ParentCommandLine": "\"C:\\Users\\george\\Desktop\\software.exe\"", "UtcTime": "1670324141", "RuleName": "-"}}, {"values": {"TerminalSessionId": "1", "ProcessGuid": "{C784477D-1FAD-638F-BE06-000000004100}", "ProcessId": "7504", "Product": "Microsoft\\xae Windows\\xae Operating System", "Description": "Terminates Processes", "Company": "Microsoft Corporation", "ParentProcessGuid": "{C784477D-1F9C-638F-0206-000000004100}", "User": "DESKTOP-B0T93D6\\george", "Hashes": "MD5=15E2E0ACD891510C6268CB8899F2A1A1,SHA256=F328D587561BEED3C19289FBA43E284FB57BCE1A4C202C7379673964F9B8610D,IMPHASH=0D3E23DCB6BF63A9EB90D5BED57B4F89", "OriginalFileName": "taskkill.exe", "ParentImage": "C:\\Users\\george\\Desktop\\software.exe", "FileVersion": "10.0.17134.1 (WinBuild.160101.0800)", "ParentProcessId": "6568", "CurrentDirectory": "C:\\Users\\george\\Desktop\\", "CommandLine": "taskkill /F /IM taskmgr.exe", "EventID": "1", "LogonGuid": "C784477D-7B22-6384-1715-040000000000", "LogonId": "267543", "Image": "C:\\Windows\\SysWOW64\\taskkill.exe", "IntegrityLevel": "High", "ParentCommandLine": "\"C:\\Users\\george\\Desktop\\software.exe\"", "UtcTime": "1670324141", "RuleName": "-"}}, {"values": {"TerminalSessionId": "1", "ProcessGuid": "{C784477D-1FAD-638F-C006-000000004100}", "ProcessId": "7492", "Product": "Microsoft\\xae Windows\\xae Operating System", "Description": "Terminates Processes", "Company": "Microsoft Corporation", "ParentProcessGuid": "{C784477D-1F9C-638F-0206-000000004100}", "User": "DESKTOP-B0T93D6\\george", "Hashes": "MD5=15E2E0ACD891510C6268CB8899F2A1A1,SHA256=F328D587561BEED3C19289FBA43E284FB57BCE1A4C202C7379673964F9B8610D,IMPHASH=0D3E23DCB6BF63A9EB90D5BED57B4F89", "OriginalFileName": "taskkill.exe", "ParentImage": "C:\\Users\\george\\Desktop\\software.exe", "FileVersion": "10.0.17134.1 (WinBuild.160101.0800)", "ParentProcessId": "6568", "CurrentDirectory": "C:\\Users\\george\\Desktop\\", "CommandLine": "taskkill /F /IM taskmgr.exe", "EventID": "1", "LogonGuid": "C784477D-7B22-6384-1715-040000000000", "LogonId": "267543", "Image": "C:\\Windows\\SysWOW64\\taskkill.exe", "IntegrityLevel": "High", "ParentCommandLine": "\"C:\\Users\\george\\Desktop\\software.exe\"", "UtcTime": "1670324141", "RuleName": "-"}}, {"values": {"TerminalSessionId": "1", "ProcessGuid": "{C784477D-1FAD-638F-C206-000000004100}", "ProcessId": "7620", "Product": "Microsoft\\xae Windows\\xae Operating System", "Description": "Terminates Processes", "Company": "Microsoft Corporation", "ParentProcessGuid": "{C784477D-1F9C-638F-0206-000000004100}", "User": "DESKTOP-B0T93D6\\george", "Hashes": "MD5=15E2E0ACD891510C6268CB8899F2A1A1,SHA256=F328D587561BEED3C19289FBA43E284FB57BCE1A4C202C7379673964F9B8610D,IMPHASH=0D3E23DCB6BF63A9EB90D5BED57B4F89", "OriginalFileName": "taskkill.exe", "ParentImage": "C:\\Users\\george\\Desktop\\software.exe", "FileVersion": "10.0.17134.1 (WinBuild.160101.0800)", "ParentProcessId": "6568", "CurrentDirectory": "C:\\Users\\george\\Desktop\\", "CommandLine": "taskkill /F /IM taskmgr.exe", "EventID": "1", "LogonGuid": "C784477D-7B22-6384-1715-040000000000", "LogonId": "267543", "Image": "C:\\Windows\\SysWOW64\\taskkill.exe", "IntegrityLevel": "High", "ParentCommandLine": "\"C:\\Users\\george\\Desktop\\software.exe\"", "UtcTime": "1670324141", "RuleName": "-"}}, {"values": {"TerminalSessionId": "1", "ProcessGuid": "{C784477D-1FAE-638F-C406-000000004100}", "ProcessId": "7824", "Product": "Microsoft\\xae Windows\\xae Operating System", "Description": "Terminates Processes", "Company": "Microsoft Corporation", "ParentProcessGuid": "{C784477D-1F9C-638F-0206-000000004100}", "User": "DESKTOP-B0T93D6\\george", "Hashes": "MD5=15E2E0ACD891510C6268CB8899F2A1A1,SHA256=F328D587561BEED3C19289FBA43E284FB57BCE1A4C202C7379673964F9B8610D,IMPHASH=0D3E23DCB6BF63A9EB90D5BED57B4F89", "OriginalFileName": "taskkill.exe", "ParentImage": "C:\\Users\\george\\Desktop\\software.exe", "FileVersion": "10.0.17134.1 (WinBuild.160101.0800)", "ParentProcessId": "6568", "CurrentDirectory": "C:\\Users\\george\\Desktop\\", "CommandLine": "taskkill /F /IM taskmgr.exe", "EventID": "1", "LogonGuid": "C784477D-7B22-6384-1715-040000000000", "LogonId": "267543", "Image": "C:\\Windows\\SysWOW64\\taskkill.exe", "IntegrityLevel": "High", "ParentCommandLine": "\"C:\\Users\\george\\Desktop\\software.exe\"", "UtcTime": "1670324142", "RuleName": "-"}}, {"values": {"TerminalSessionId": "1", "ProcessGuid": "{C784477D-1FAE-638F-C606-000000004100}", "ProcessId": "7820", "Product": "Microsoft\\xae Windows\\xae Operating System", "Description": "Terminates Processes", "Company": "Microsoft Corporation", "ParentProcessGuid": "{C784477D-1F9C-638F-0206-000000004100}", "User": "DESKTOP-B0T93D6\\george", "Hashes": "MD5=15E2E0ACD891510C6268CB8899F2A1A1,SHA256=F328D587561BEED3C19289FBA43E284FB57BCE1A4C202C7379673964F9B8610D,IMPHASH=0D3E23DCB6BF63A9EB90D5BED57B4F89", "OriginalFileName": "taskkill.exe", "ParentImage": "C:\\Users\\george\\Desktop\\software.exe", "FileVersion": "10.0.17134.1 (WinBuild.160101.0800)", "ParentProcessId": "6568", "CurrentDirectory": "C:\\Users\\george\\Desktop\\", "CommandLine": "taskkill /F /IM taskmgr.exe", "EventID": "1", "LogonGuid": "C784477D-7B22-6384-1715-040000000000", "LogonId": "267543", "Image": "C:\\Windows\\SysWOW64\\taskkill.exe", "IntegrityLevel": "High", "ParentCommandLine": "\"C:\\Users\\george\\Desktop\\software.exe\"", "UtcTime": "1670324142", "RuleName": "-"}}, {"values": {"TerminalSessionId": "1", "ProcessGuid": "{C784477D-1FAE-638F-C806-000000004100}", "ProcessId": "7956", "Product": "Microsoft\\xae Windows\\xae Operating System", "Description": "Terminates Processes", "Company": "Microsoft Corporation", "ParentProcessGuid": "{C784477D-1F9C-638F-0206-000000004100}", "User": "DESKTOP-B0T93D6\\george", "Hashes": "MD5=15E2E0ACD891510C6268CB8899F2A1A1,SHA256=F328D587561BEED3C19289FBA43E284FB57BCE1A4C202C7379673964F9B8610D,IMPHASH=0D3E23DCB6BF63A9EB90D5BED57B4F89", "OriginalFileName": "taskkill.exe", "ParentImage": "C:\\Users\\george\\Desktop\\software.exe", "FileVersion": "10.0.17134.1 (WinBuild.160101.0800)", "ParentProcessId": "6568", "CurrentDirectory": "C:\\Users\\george\\Desktop\\", "CommandLine": "taskkill /F /IM taskmgr.exe", "EventID": "1", "LogonGuid": "C784477D-7B22-6384-1715-040000000000", "LogonId": "267543", "Image": "C:\\Windows\\SysWOW64\\taskkill.exe", "IntegrityLevel": "High", "ParentCommandLine": "\"C:\\Users\\george\\Desktop\\software.exe\"", "UtcTime": "1670324142", "RuleName": "-"}}, {"values": {"TerminalSessionId": "1", "ProcessGuid": "{C784477D-1FAE-638F-CA06-000000004100}", "ProcessId": "8064", "Product": "Microsoft\\xae Windows\\xae Operating System", "Description": "Terminates Processes", "Company": "Microsoft Corporation", "ParentProcessGuid": "{C784477D-1F9C-638F-0206-000000004100}", "User": "DESKTOP-B0T93D6\\george", "Hashes": "MD5=15E2E0ACD891510C6268CB8899F2A1A1,SHA256=F328D587561BEED3C19289FBA43E284FB57BCE1A4C202C7379673964F9B8610D,IMPHASH=0D3E23DCB6BF63A9EB90D5BED57B4F89", "OriginalFileName": "taskkill.exe", "ParentImage": "C:\\Users\\george\\Desktop\\software.exe", "FileVersion": "10.0.17134.1 (WinBuild.160101.0800)", "ParentProcessId": "6568", "CurrentDirectory": "C:\\Users\\george\\Desktop\\", "CommandLine": "taskkill /F /IM taskmgr.exe", "EventID": "1", "LogonGuid": "C784477D-7B22-6384-1715-040000000000", "LogonId": "267543", "Image": "C:\\Windows\\SysWOW64\\taskkill.exe", "IntegrityLevel": "High", "ParentCommandLine": "\"C:\\Users\\george\\Desktop\\software.exe\"", "UtcTime": "1670324142", "RuleName": "-"}}], "rule_level": "low", "rule_id": "cd06da2f3978bdb24b3f3c8f83c7df917a910c6b29921d0e375e418f340d8f3d", "rule_source": "Sigma Integrated Rule Set (GitHub)", "rule_title": "Suspicious Execution of Taskkill", "rule_description": "Adversaries may stop services or processes in order to conduct Data Destruction or Data Encrypted for Impact on the data stores of services like Exchange and SQL Server.", "rule_author": "frack113"}], "sigma_analysis_summary": {"Sigma Integrated Rule Set (GitHub)": {"high": 0, "medium": 0, "critical": 0, "low": 1}}, "creation_date": 1294740609, "type_tags": ["executable", "windows", "win32", "pe", "peexe"]}}}