{"data": {"id": "1b6af5987afbc8f45be945d0c90e558442093e4a74c82419069caf28fa478ae1", "type": "file", "links": {"self": "https://www.virustotal.com/api/v3/files/1b6af5987afbc8f45be945d0c90e558442093e4a74c82419069caf28fa478ae1"}, "attributes": {"magika": "PEBIN", "first_seen_itw_date": 1632611511, "sigma_analysis_summary": {"Sigma Integrated Rule Set (GitHub)": {"critical": 0, "high": 1, "medium": 2, "low": 4}}, "trid": [{"file_type": "Win32 Executable MS Visual C++ (generic)", "probability": 47.3}, {"file_type": "Win64 Executable (generic)", "probability": 15.9}, {"file_type": "Win32 Dynamic Link Library (generic)", "probability": 9.9}, {"file_type": "Win16 NE executable (generic)", "probability": 7.6}, {"file_type": "Win32 Executable (generic)", "probability": 6.8}], "type_description": "Win32 EXE", "reputation": 0, "creation_date": 1632607911, "filecondis": {"raw_md5": "0dd6ca901520e4361abd55168b57ddca", "dhash": "000000000e0d0c00"}, "sha1": "79efeddfeab2c1414037246212c6412727fa274a", "crowdsourced_yara_results": [{"ruleset_id": "00b547f930", "rule_name": "NSIS", "ruleset_name": "NSIS", "description": "NSIS Integrity Check function", "author": "kevoreilly", "match_date": 1763548292, "ruleset_version": "00b547f930|b488c511a7c48ed6c425bf38811bf08e87b0ddbf", "source": "https://github.com/kevoreilly/CAPEv2"}, {"description": "NSIS Integrity Check function", "author": "kevoreilly", "ruleset_name": "NSIS", "rule_name": "NSIS", "ruleset_id": "00b547f930", "match_in_subfile": true, "source": "https://github.com/kevoreilly/CAPEv2"}, {"description": "Detects Windows executables referencing non-Windows User-Agents", "author": "ditekSHen", "ruleset_name": "indicator_suspicious", "rule_name": "INDICATOR_SUSPICIOUS_EXE_NoneWindowsUA", "ruleset_id": "00c3b8eb5d", "match_in_subfile": true, "source": "https://github.com/ditekshen/detection"}], "detectiteasy": {"filetype": "PE32", "values": [{"info": "lzma", "version": "3.08", "type": "Installer", "name": "Nullsoft Scriptable Install System"}, {"info": "C", "version": "12.20.9044", "type": "Compiler", "name": "Microsoft Visual C/C++"}, {"version": "6.0", "type": "Linker", "name": "Microsoft Linker"}, {"type": "Tool", "name": "Visual Studio"}]}, "tlsh": "T1C8B6331EE5CD0014E854BEF3FACB1CD048325F9ED5C287B3D584B8AE68156B3A7E8256", "last_analysis_stats": {"malicious": 0, "suspicious": 0, "undetected": 71, "harmless": 0, "timeout": 1, "confirmed-timeout": 0, "failure": 0, "type-unsupported": 4}, "md5": "f86a89955fbd0bd3c8ed4f9f140b32c7", "size": 10524232, "last_submission_date": 1762958007, "vhash": "017056655d1c0560d043z800417z57z62z43fz", "sha256": "1b6af5987afbc8f45be945d0c90e558442093e4a74c82419069caf28fa478ae1", "ssdeep": "196608:yShB6uBeJPOHCpi6pX3NjoXu3eQeh7G/eZWwxWkMZXwEYKnumP:NBmPmCpJNjOOex7G/mWwxY5wE3nuw", "times_submitted": 143, "last_analysis_date": 1763544644, "meaningful_name": "pcvisit_service_client.exe", "type_tags": ["executable", "windows", "win32", "pe", "peexe"], "names": ["pcvisit.exe", "OnlineSupport.exe", "pcvisit_Support_Kunden_Modul (1).exe", "pcvisit Support Kunden-Modul", "pcvisit_service_client.exe", "PC-Visit-Golonko-IT.exe", "CSB_Support.exe", "pcvisit_Support_Kunden_Modul.exe", "pcvisit_Support.exe", "SEIM-TEC-pcvisit.exe", "pcvisit_Support_Kunden_Modul.c.F0454025609...g.lb3.pcvisit.de..(3).exe", "gast4.exe", "pcvisit_Support_Kunden_Modul.c.F4611250081...g.lb3.pcvisit.de...exe", "RKM-Fernwartung.exe", "support.exe", "pcvisit_Support_Kunden_Modul.c.F548967000...g.lb3.pcvisit.de...exe", "Fernwartung EDV-Tech.exe", "Fernwartung_IT_Service_Fuchs.exe", "fernwartung.exe", "pcvisit_Support_Kunden_Modul.c.F9340151736...g.mobile.pcvisit.de..(1).exe", "pcvisit_Support_Kunden_Modul.c.F1771172315...g.lb3.pcvisit.de...exe", "Fernwartung.exe", "pcvisit_Support_Kunden_Modul.c.F8614129507...g.lb3.pcvisit.de...exe", "pcvisit_Support_Kunden_Modul.c.F5825319786...g.lb3.pcvisit.de...exe", "pcvisit_Support_Kunden_Modul (2).exe", "pcvisit_Support_Kunden_Modul.c.F5151992838...g.lb3.pcvisit.de...exe", "pcvisit_Support_Kunden_Modul.c.F3982676719...g.lb3.pcvisit.de.. (1).exe", "pcvisit_Support_Kunden_Modul.c.F7621994049...g.lb3.pcvisit.de...exe", "pcvisit_Support_Kunden_Modul..exe", "pcvisit_Support_Kunden_Modul.c.F3982676719...g.lb3.pcvisit.de...exe", "gast.exe", "ReSKO-GmbH_Support_Kunden_Modul.exe", "pcvisit15.exe", "pcvisit_Support_Kunden_Modul.c.F7765713585...g.lb3.pcvisit.de...exe", "pcvisit_customer_support.exe", "pcvisit_Support_Kunden_Modul.c.F1234567890...g.lb3.pcvisit.de...exe", "Unconfirmed 505412.crdownload", "pcvisit_Support_Kunden_Modul.c.F9758384446...g.lb3.pcvisit.de...exe", "pcvisit_Support_15_Kunden_Modul.exe", "Cloudpartner AG Fernwartung.exe", "pcvisit_Support_Kunden_Modul(1).exe", "Cloudpartner%20AG%20Fernwartung.exe", "pcvisit_Support_Kunden_Modul.c.F103 645 0728...g.lb3.pcvisit.de...exe", "pcvisit_Support_Kunden_Modul.c.F4524250857...g.lb3.pcvisit.de...exe"], "crowdsourced_ids_stats": {"high": 0, "medium": 1, "low": 6, "info": 0}, "authentihash": "29969c871c29e311513749f75b593f6c4335b9ea14e0f1e105652d3efbfd430b", "magic": "PE32 executable (GUI) Intel 80386, for MS Windows, Nullsoft Installer self-extracting archive", "sigma_analysis_stats": {"critical": 0, "high": 1, "medium": 2, "low": 4}, "signature_info": {"product": "pcvisit Support Kunden-Modul", "verified": "Signed", "description": "pcvisit Support Kunden-Modul", "file version": "22.7.6.1206", "signing date": "12:23 PM 07/06/2022", "x509": [{"valid usage": "Timestamp Signing", "thumbprint_sha256": "4C913D04FB495DC36119552D6068F7B9891EFE40344E9E5C1E9132F65BAEFF7F", "name": "DigiCert Trusted Root G4", "algorithm": "sha384RSA", "thumbprint_md5": "3291A2F1AC361C6BD3135018680EEF08", "valid from": "2022-06-09 00:00:00", "valid to": "2031-11-09 23:59:59", "serial number": "01 24 0A FB 1E 38 0B 8A 16 F1 4B 71 9D F4 D3 C0", "cert issuer": "DigiCert Assured ID Root CA", "thumbprint": "18C57901AA5EC47719C39400E1239A7EF12E9270"}, {"valid usage": "Timestamp Signing", "thumbprint_sha256": "281734D4592D1291D27190709CB510B07E22C405D5E0D6119B70E73589F98ACF", "name": "DigiCert Trusted G4 RSA4096 SHA256 TimeStamping CA", "algorithm": "sha256RSA", "thumbprint_md5": "9E3E4FA44117441DBA73C28E983FC05F", "valid from": "2022-03-23 00:00:00", "valid to": "2037-03-22 23:59:59", "serial number": "07 36 37 B7 24 54 7C D8 47 AC FD 28 66 2A 5E 5B", "cert issuer": "DigiCert Trusted Root G4", "thumbprint": "B6C8AF834D4E53B673C76872AA8C950C7C54DF5F"}, {"valid usage": "Code Signing", "thumbprint_sha256": "46011EDE1C147EB2BC731A539B7C047B7EE93E48B9D3C3BA710CE132BBDFAC6B", "name": "DigiCert Trusted G4 Code Signing RSA4096 SHA384 2021 CA1", "algorithm": "sha384RSA", "thumbprint_md5": "D91299E84355CD8D5A86795A0118B6E9", "valid from": "2021-04-29 00:00:00", "valid to": "2036-04-28 23:59:59", "serial number": "08 AD 40 B2 60 D2 9C 4C 9F 5E CD A9 BD 93 AE D9", "cert issuer": "DigiCert Trusted Root G4", "thumbprint": "7B0F360B775F76C94A12CA48445AA2D2A875701C"}, {"valid usage": "ff", "thumbprint_sha256": "9DA69015C349C6C1897845BA3582AD70C88FA4293BDB6ABE9C2BD2539279E63B", "name": "DigiCert Timestamp 2022 - 2", "algorithm": "sha256RSA", "thumbprint_md5": "66F9031DC6C0977D67725305CC719DE3", "valid from": "2022-03-29 00:00:00", "valid to": "2033-03-14 23:59:59", "serial number": "0A 7A 4A 88 9E C9 99 42 90 06 63 38 4D 86 97 9D", "cert issuer": "DigiCert Trusted G4 RSA4096 SHA256 TimeStamping CA", "thumbprint": "8508F386515CB3D3077DB6B4B7C07F1B4A5E41DE"}, {"valid usage": "Code Signing", "thumbprint_sha256": "051DD317434F20DCB03D6723628155BFA5524C87145063D30B2B6FA982367ACF", "name": "pcvisit software ag", "algorithm": "sha256RSA", "thumbprint_md5": "58977FA8E5167EF943D9838D2BC486DF", "valid from": "2021-06-15 00:00:00", "valid to": "2024-08-11 23:59:59", "serial number": "0C A5 19 B9 E3 74 06 77 15 50 A2 57 88 4E 3F 6E", "cert issuer": "DigiCert Trusted G4 Code Signing RSA4096 SHA384 2021 CA1", "thumbprint": "83A8CA7923CD96F27510D6FB40475AE111C7BF22"}], "original name": "pcvisit_service_client.exe", "signers": "pcvisit software ag; DigiCert Trusted G4 Code Signing RSA4096 SHA384 2021 CA1; DigiCert Trusted Root G4", "counter signers details": [{"status": "Valid", "valid usage": "Timestamp Signing", "name": "DigiCert Timestamp 2022 - 2", "algorithm": "sha256RSA", "valid from": "12:00 AM 03/29/2022", "valid to": "11:59 PM 03/14/2033", "serial number": "0A 7A 4A 88 9E C9 99 42 90 06 63 38 4D 86 97 9D", "cert issuer": "DigiCert Trusted G4 RSA4096 SHA256 TimeStamping CA", "thumbprint": "8508F386515CB3D3077DB6B4B7C07F1B4A5E41DE"}, {"status": "Valid", "valid usage": "Timestamp Signing", "name": "DigiCert Trusted G4 RSA4096 SHA256 TimeStamping CA", "algorithm": "sha256RSA", "valid from": "12:00 AM 03/23/2022", "valid to": "11:59 PM 03/22/2037", "serial number": "07 36 37 B7 24 54 7C D8 47 AC FD 28 66 2A 5E 5B", "cert issuer": "DigiCert Trusted Root G4", "thumbprint": "B6C8AF834D4E53B673C76872AA8C950C7C54DF5F"}, {"status": "Valid", "valid usage": "Timestamp Signing", "name": "DigiCert Trusted Root G4", "algorithm": "sha384RSA", "valid from": "12:00 AM 06/09/2022", "valid to": "11:59 PM 11/09/2031", "serial number": "01 24 0A FB 1E 38 0B 8A 16 F1 4B 71 9D F4 D3 C0", "cert issuer": "DigiCert Assured ID Root CA", "thumbprint": "18C57901AA5EC47719C39400E1239A7EF12E9270"}, {"status": "Valid", "valid usage": "Client Auth, Code Signing, Email Protection, Server Auth, Timestamp Signing", "name": "DigiCert", "algorithm": "sha1RSA", "valid from": "12:00 AM 11/10/2006", "valid to": "12:00 AM 11/10/2031", "serial number": "0C E7 E0 E5 17 D8 46 FE 8F E5 60 FC 1B F0 30 39", "cert issuer": "DigiCert Assured ID Root CA", "thumbprint": "0563B8630D62D75ABBC8AB1E4BDFB5A899B24D43"}], "counter signers": "DigiCert Timestamp 2022 - 2; DigiCert Trusted G4 RSA4096 SHA256 TimeStamping CA; DigiCert Trusted Root G4; DigiCert", "copyright": "2015-2022", "signers details": [{"status": "This certificate or one of the certificates in the certificate chain is not time valid.", "valid usage": "Code Signing", "name": "pcvisit software ag", "algorithm": "sha256RSA", "valid from": "12:00 AM 06/15/2021", "valid to": "11:59 PM 08/11/2024", "serial number": "0C A5 19 B9 E3 74 06 77 15 50 A2 57 88 4E 3F 6E", "cert issuer": "DigiCert Trusted G4 Code Signing RSA4096 SHA384 2021 CA1", "thumbprint": "83A8CA7923CD96F27510D6FB40475AE111C7BF22"}, {"status": "Valid", "valid usage": "Code Signing", "name": "DigiCert Trusted G4 Code Signing RSA4096 SHA384 2021 CA1", "algorithm": "sha384RSA", "valid from": "12:00 AM 04/29/2021", "valid to": "11:59 PM 04/28/2036", "serial number": "08 AD 40 B2 60 D2 9C 4C 9F 5E CD A9 BD 93 AE D9", "cert issuer": "DigiCert Trusted Root G4", "thumbprint": "7B0F360B775F76C94A12CA48445AA2D2A875701C"}, {"status": "Valid", "valid usage": "Client Auth, Code Signing, Email Protection, Server Auth, Timestamp Signing", "name": "DigiCert Trusted Root G4", "algorithm": "sha384RSA", "valid from": "12:00 PM 08/01/2013", "valid to": "12:00 PM 01/15/2038", "serial number": "05 9B 1B 57 9E 8E 21 32 E2 39 07 BD A7 77 75 5C", "cert issuer": "DigiCert Trusted Root G4", "thumbprint": "DDFB16CD4931C973A2037D3FC83A4D7D775D05E4"}], "pkcs7": {"opusinfo": [{"moreInfo": "http://www.pcvisit.de/", "programName": "n/a"}]}, "internal name": "pcvisit Support Kunden-Modul"}, "crowdsourced_ids_results": [{"rule_category": "successful-recon-limited", "alert_severity": "medium", "rule_msg": "PROTOCOL-ICMP Unusual PING detected", "rule_id": "1:29456", "rule_source": "Snort registered user ruleset", "rule_url": "https://www.snort.org/downloads/#rule-downloads", "rule_raw": "alert icmp $HOME_NET any -> $EXTERNAL_NET any ( msg:\"PROTOCOL-ICMP Unusual PING detected\"; icode:0; itype:8; fragbits:!M; content:!\"ABCDEFGHIJKLMNOPQRSTUVWABCDEFGHI\",depth 32; content:!\"0123456789abcdefghijklmnopqrstuv\",depth 32; content:!\"EEEEEEEEEEEEEEEEEEEEEEEEEEEEEEEE\",depth 36; content:!\"WANG2\"; content:!\"cacti-monitoring-system\",depth 65; content:!\"SolarWinds\",depth 72; metadata:policy max-detect-ips drop,ruleset community; reference:url,krebsonsecurity.com/2014/01/a-closer-look-at-the-target-malware-part-ii/; reference:url,krebsonsecurity.com/2014/01/a-first-look-at-the-target-intrusion-malware/; classtype:successful-recon-limited; sid:29456; rev:3; )", "rule_references": ["https://krebsonsecurity.com/2014/01/a-closer-look-at-the-target-malware-part-ii/", "https://krebsonsecurity.com/2014/01/a-first-look-at-the-target-intrusion-malware/"]}, {"rule_category": "protocol-command-decode", "alert_severity": "low", "rule_msg": "APP-DETECT SSH server detected on non-standard port", "rule_id": "1:13586", "rule_source": "Snort registered user ruleset", "rule_url": "https://www.snort.org/downloads/#rule-downloads", "rule_raw": "alert tcp $EXTERNAL_NET !22 -> $HOME_NET any ( msg:\"APP-DETECT SSH server detected on non-standard port\"; flow:to_client,established; content:\"SSH-\",depth 4,nocase; pcre:\"/^SSH-[12]\\.\\d+/smi\"; metadata:policy max-detect-ips drop; reference:url,www.ietf.org/rfc/rfc4251.txt; classtype:protocol-command-decode; sid:13586; rev:5; )", "rule_references": ["https://www.ietf.org/rfc/rfc4251.txt"], "alert_context": [{"src_ip": "87.230.38.69", "src_port": 443}, {"src_ip": "87.230.38.68", "src_port": 443}]}, {"alert_severity": "low", "rule_msg": "APP-DETECT SSH server detected on non-standard port", "rule_id": "1:13586", "alert_context": [{"src_ip": "87.230.38.68", "src_port": 443}]}, {"rule_category": "protocol-command-decode", "alert_severity": "low", "rule_msg": "APP-DETECT SSH server detected on non-standard port", "rule_id": "1:13586", "rule_source": "Snort registered user ruleset", "rule_url": "https://www.snort.org/downloads/#rule-downloads", "rule_raw": "alert tcp $EXTERNAL_NET !22 -> $HOME_NET any ( msg:\"APP-DETECT SSH server detected on non-standard port\"; flow:to_client,established; content:\"SSH-\",depth 4,nocase; pcre:\"/^SSH-[12]\\.\\d+/ims\"; reference:url,www.ietf.org/rfc/rfc4251.txt; classtype:protocol-command-decode; gid:1; sid:13586; rev:6; )", "rule_references": ["https://www.ietf.org/rfc/rfc4251.txt"], "alert_context": [{"src_ip": "87.230.38.68", "src_port": 443}]}, {"rule_category": "misc-activity", "alert_severity": "low", "rule_msg": "PROTOCOL-ICMP PING Windows", "rule_id": "1:382", "rule_source": "Snort registered user ruleset", "rule_url": "https://www.snort.org/downloads/#rule-downloads", "rule_raw": "alert icmp $EXTERNAL_NET any -> $HOME_NET any ( msg:\"PROTOCOL-ICMP PING Windows\"; itype:8; content:\"abcdefghijklmnop\",depth 16; metadata:ruleset community; classtype:misc-activity; sid:382; rev:11; )"}, {"rule_category": "misc-activity", "alert_severity": "low", "rule_msg": "PROTOCOL-ICMP PING", "rule_id": "1:384", "rule_source": "Snort registered user ruleset", "rule_url": "https://www.snort.org/downloads/#rule-downloads", "rule_raw": "alert icmp $EXTERNAL_NET any -> $HOME_NET any ( msg:\"PROTOCOL-ICMP PING\"; icode:0; itype:8; metadata:ruleset community; classtype:misc-activity; sid:384; rev:8; )"}, {"rule_category": "misc-activity", "alert_severity": "low", "rule_msg": "PROTOCOL-ICMP Echo Reply", "rule_id": "1:408", "rule_source": "Snort registered user ruleset", "rule_url": "https://www.snort.org/downloads/#rule-downloads", "rule_raw": "alert icmp $EXTERNAL_NET any -> $HOME_NET any ( msg:\"PROTOCOL-ICMP Echo Reply\"; icode:0; itype:0; metadata:ruleset community; classtype:misc-activity; sid:408; rev:8; )"}], "tags": ["direct-cpu-clock-access", "peexe", "detect-debug-environment", "executes-dropped-file", "runtime-modules", "signed", "checks-bios", "checks-cpu-name", "overlay", "long-sleeps", "checks-user-input", "ssh-communication", "checks-disk-space", "checks-network-adapters", "calls-wmi", "exploit"], "type_tag": "peexe", "sandbox_verdicts": {"Dr.Web vxCube": {"category": "malicious", "sandbox_name": "Dr.Web vxCube", "malware_classification": ["MALWARE"]}, "VMRay": {"category": "malicious", "malware_classification": ["MALWARE"], "sandbox_name": "VMRay"}}, "total_votes": {"harmless": 0, "malicious": 0}, "pe_info": {"timestamp": 1632607911, "imphash": "59b8ea9c7392c40cfbac34d0d968ab59", "machine_type": 332, "entry_point": 14713, "resource_details": [{"lang": "ENGLISH US", "chi2": 540397.88, "filetype": "unknown", "entropy": 3.7775189876556396, "sha256": "f9f5e07e1ec2294036dcfb0695467377f98715bad70ba4f1281e631912a85ec7", "type": "RT_ICON"}, {"lang": "ENGLISH US", "chi2": 1400.23, "filetype": "PNG", "entropy": 7.9534502029418945, "sha256": "3d23436827e4fca1eda3fe63120657f7660ad5b9a3ca709b07bbb20443534f6a", "type": "RT_ICON"}, {"lang": "ENGLISH US", "chi2": 180324.36, "filetype": "unknown", "entropy": 5.145008563995361, "sha256": "dcd39e29e6895028116388dd224723914bbd1626b4d97587d6817135f0b67676", "type": "RT_ICON"}, {"lang": "ENGLISH US", "chi2": 161132.31, "filetype": "unknown", "entropy": 4.456561088562012, "sha256": "9ae741d66751dfbcc657886762a0875fa0ab129916b4c62089dd7da7f5021f8b", "type": "RT_ICON"}, {"lang": "ENGLISH US", "chi2": 102395.6, "filetype": "unknown", "entropy": 4.4710211753845215, "sha256": "2ab87d3d4374c28d3c2f5d64f2e5aaaa77d81d7495ec272788e26184369bb9a8", "type": "RT_ICON"}, {"lang": "ENGLISH US", "chi2": 227282.88, "filetype": "unknown", "entropy": 3.6224801540374756, "sha256": "58c8169d38b418aaa56535fdba2b87540a87fb854256a9eaf8e8c7eec01f4980", "type": "RT_ICON"}, {"lang": "ENGLISH US", "chi2": 54466.46, "filetype": "unknown", "entropy": 4.752514362335205, "sha256": "a5a353d0db09fb5d4c03fc4be24c44be3277b49aa149fd64f2dea1842880a2af", "type": "RT_ICON"}, {"lang": "ENGLISH US", "chi2": 148641.81, "filetype": "unknown", "entropy": 3.730020761489868, "sha256": "c4a3916872a9c11766b024a3030d3f57e2c86151311cde8953229995d2dac040", "type": "RT_ICON"}, {"lang": "ENGLISH US", "chi2": 155302.78, "filetype": "unknown", "entropy": 3.3095431327819824, "sha256": "a12664c0704cde7f4f3171d065ec16ec5da19b26514dd7710d1a2963caada0fa", "type": "RT_ICON"}, {"lang": "ENGLISH US", "chi2": 57486.32, "filetype": "unknown", "entropy": 4.415675163269043, "sha256": "96dc8484503fd5def66e9d266b1f26843dec8227cb0f4e9a6a264a82e2fb10ba", "type": "RT_ICON"}, {"lang": "ENGLISH US", "chi2": 186214.86, "filetype": "unknown", "entropy": 2.4210870265960693, "sha256": "2fe30aeb2fdd8a1c8d752971a9ed190e3f805ef45d692ecd1196e2324656427a", "type": "RT_ICON"}, {"lang": "ENGLISH US", "chi2": 21559.77, "filetype": "unknown", "entropy": 4.998991012573242, "sha256": "1903f028dd540db20c9e6121d40edbd3b02476e60a3d4fce72051c5d6e943e61", "type": "RT_ICON"}, {"lang": "ENGLISH US", "chi2": 20978.84, "filetype": "unknown", "entropy": 4.679841041564941, "sha256": "3fe30b119e0bb83019af8afd6cd8dace64815e2bf887d177d3d310821c406bc2", "type": "RT_ICON"}, {"lang": "ENGLISH US", "chi2": 17861.12, "filetype": "unknown", "entropy": 4.5050482749938965, "sha256": "cb136c6f20ac7c47cd8ef66880759acfb386f9c6451f71a469c6efcd5e5eccd8", "type": "RT_ICON"}, {"lang": "ENGLISH US", "chi2": 15759.36, "filetype": "unknown", "entropy": 3.8664181232452393, "sha256": "ebbcb3c9b7c01601f2b5b5cbdf1f46681dde50854c31ec4dcb673935b5ca2988", "type": "RT_ICON"}, {"lang": "ENGLISH US", "chi2": 26260.0, "filetype": "unknown", "entropy": 2.6617395877838135, "sha256": "fecdb955f8d7f1c219ff8167f90b64f3cb52e53337494577ff73c0ac1dafcd96", "type": "RT_DIALOG"}, {"lang": "ENGLISH US", "chi2": 29554.45, "filetype": "unknown", "entropy": 2.88094425201416, "sha256": "69897c784f1491eb3024b0d52c2897196a2e245974497fda1915db5fefcf8729", "type": "RT_DIALOG"}, {"lang": "ENGLISH US", "chi2": 10032.01, "filetype": "unknown", "entropy": 2.488246202468872, "sha256": "85025c8556952f6a651c2468c8a0d58853b0ba482be9ad5cd3060f216540dfc0", "type": "RT_DIALOG"}, {"lang": "ENGLISH US", "chi2": 14411.56, "filetype": "ICO", "entropy": 3.157660484313965, "sha256": "c0d6844861f8350a2fb3b38ff331b5ebcbe7a6a113e9f99cbaad6feb005fc8aa", "type": "RT_GROUP_ICON"}, {"lang": "ENGLISH US", "chi2": 71238.11, "filetype": "unknown", "entropy": 3.4825544357299805, "sha256": "66dc5c17c71cf8c0abf3942027a328604f61cb06bf6e3e5cada97ad6d7e84996", "type": "RT_VERSION"}, {"lang": "ENGLISH US", "chi2": 5845.74, "filetype": "XML", "entropy": 5.29934024810791, "sha256": "8ef5bf7c993b92c1214abc4ee521b816ffdb3f3c0a6f9088356fae8fbe975865", "type": "RT_MANIFEST"}], "resource_langs": {"ENGLISH US": 21}, "resource_types": {"RT_ICON": 15, "RT_GROUP_ICON": 1, "RT_DIALOG": 3, "RT_VERSION": 1, "RT_MANIFEST": 1}, "overlay": {"chi2": 273.45, "filetype": "unknown", "entropy": 7.999980926513672, "offset": 113152, "size": 10411080, "md5": "78f1310e4ed12b6024200a0b420209a7"}, "sections": [{"name": ".text", "chi2": 216369.34, "virtual_address": 4096, "flags": "rx", "raw_size": 28160, "entropy": 6.44, "virtual_size": 27927, "md5": "49a0b189ce92f9ab22c1fd958d4737b5"}, {"name": ".rdata", "chi2": 122381.0, "virtual_address": 32768, "flags": "r", "raw_size": 5120, "entropy": 5.22, "virtual_size": 5102, "md5": "be650598cfa2c7be953823568697962e"}, {"name": ".data", "chi2": 443763.53, "virtual_address": 40960, "flags": "rw", "raw_size": 6144, "entropy": 3.57, "virtual_size": 142552, "md5": "153a6d20b51468e63c9bc002f5882f1a"}, {"name": ".ndata", "chi2": -1.0, "virtual_address": 184320, "flags": "rw", "raw_size": 0, "entropy": 0.0, "virtual_size": 110592, "md5": "d41d8cd98f00b204e9800998ecf8427e"}, {"name": ".rsrc", "chi2": 1098383.25, "virtual_address": 294912, "flags": "r", "raw_size": 72704, "entropy": 6.02, "virtual_size": 72432, "md5": "a322abb12c4764211badf823641b8f59"}], "compiler_product_versions": ["[ C ] Windows Server 2003 SP1 DDK build 4035 count=2", "[---] Unmarked objects count=168", "[IMP] Windows Server 2003 SP1 DDK build 4035 count=15", "[RES] VS98 (6.0) SP6 cvtres build 1736 count=1", "id: 0x30, version: 9044 count=10"], "rich_pe_header_hash": "bd0260dc50d0963216ad784356479d3a", "import_list": [{"library_name": "ADVAPI32.dll", "imported_functions": ["AdjustTokenPrivileges", "LookupPrivilegeValueW", "OpenProcessToken", "RegCloseKey", "RegCreateKeyExW", "RegDeleteKeyW", "RegDeleteValueW", "RegEnumKeyW", "RegEnumValueW", "RegOpenKeyExW", "RegQueryValueExW", "RegSetValueExW", "SetFileSecurityW"]}, {"library_name": "SHELL32.dll", "imported_functions": ["SHBrowseForFolderW", "ShellExecuteExW", "SHFileOperationW", "SHGetFileInfoW", "SHGetPathFromIDListW", "SHGetSpecialFolderLocation"]}, {"library_name": "ole32.dll", "imported_functions": ["CoCreateInstance", "CoTaskMemFree", "IIDFromString", "OleInitialize", "OleUninitialize"]}, {"library_name": "COMCTL32.dll", "imported_functions": ["ImageList_AddMasked", "ImageList_Create", "ImageList_Destroy", "Ord(17)"]}, {"library_name": "USER32.dll", "imported_functions": ["AppendMenuW", "BeginPaint", "CallWindowProcW", "CharNextA", "CharNextW", "CharPrevW", "CheckDlgButton", "CloseClipboard", "CreateDialogParamW", "CreatePopupMenu", "CreateWindowExW", "DefWindowProcW", "DestroyWindow", "DialogBoxParamW", "DispatchMessageW", "DrawTextW", "EmptyClipboard", "EnableMenuItem", "EnableWindow", "EndDialog", "EndPaint", "ExitWindowsEx", "FillRect", "FindWindowExW", "GetAsyncKeyState", "GetClassInfoW", "GetClientRect", "GetDC", "GetDlgItem", "GetDlgItemTextW", "GetMessagePos", "GetSysColor", "GetSystemMenu", "GetSystemMetrics", "GetWindowLongW", "GetWindowRect", "InvalidateRect", "IsDlgButtonChecked", "IsWindow", "IsWindowEnabled", "IsWindowVisible", "LoadCursorW", "LoadImageW", "MessageBoxIndirectW", "OpenClipboard", "PeekMessageW", "PostQuitMessage", "RegisterClassW", "ReleaseDC", "ScreenToClient", "SendMessageTimeoutW", "SendMessageW", "SetClassLongW", "SetClipboardData", "SetCursor", "SetDlgItemTextW", "SetForegroundWindow", "SetTimer", "SetWindowLongW", "SetWindowPos", "SetWindowTextW", "ShowWindow", "SystemParametersInfoW", "TrackPopupMenu", "wsprintfA", "wsprintfW", "wvsprintfW"]}, {"library_name": "GDI32.dll", "imported_functions": ["CreateBrushIndirect", "CreateFontIndirectW", "DeleteObject", "GetDeviceCaps", "SelectObject", "SetBkColor", "SetBkMode", "SetTextColor"]}, {"library_name": "KERNEL32.dll", "imported_functions": ["CloseHandle", "CompareFileTime", "CopyFileW", "CreateDirectoryW", "CreateFileW", "CreateProcessW", "CreateThread", "DeleteFileW", "ExitProcess", "ExpandEnvironmentStringsW", "FindClose", "FindFirstFileW", "FindNextFileW", "FreeLibrary", "GetCommandLineW", "GetCurrentProcess", "GetDiskFreeSpaceW", "GetExitCodeProcess", "GetFileAttributesW", "GetFileSize", "GetFullPathNameW", "GetLastError", "GetModuleFileNameW", "GetModuleHandleA", "GetModuleHandleW", "GetPrivateProfileStringW", "GetProcAddress", "GetShortPathNameW", "GetSystemDirectoryW", "GetTempFileNameW", "GetTempPathW", "GetTickCount", "GetVersionExW", "GetWindowsDirectoryW", "GlobalAlloc", "GlobalFree", "GlobalLock", "GlobalUnlock", "LoadLibraryExW", "lstrcatW", "lstrcmpiA", "lstrcmpiW", "lstrcmpW", "lstrcpyA", "lstrcpynW", "lstrlenA", "lstrlenW", "MoveFileExW", "MoveFileW", "MulDiv", "MultiByteToWideChar", "ReadFile", "RemoveDirectoryW", "SearchPathW", "SetCurrentDirectoryW", "SetEnvironmentVariableW", "SetErrorMode", "SetFileAttributesW", "SetFilePointer", "SetFileTime", "Sleep", "WaitForSingleObject", "WideCharToMultiByte", "WriteFile", "WritePrivateProfileStringW"]}]}, "sigma_analysis_results": [{"rule_level": "high", "rule_id": "e4d5f1be0673fa786cc8379c15338af08cdd11eed433bead9e801d6204d42a2d", "rule_source": "Sigma Integrated Rule Set (GitHub)", "rule_title": "Python Initiated Connection", "rule_description": "Adversaries may attempt to get a listing of services running on remote hosts, including those that may be vulnerable to remote software exploitation", "rule_author": "frack113", "match_context": [{"values": {"EventID": "3", "ProcessId": "1556", "DestinationPortName": "-", "SourceIsIpv6": "false", "DestinationIp": "255.255.255.255", "Initiated": "true", "SourcePortName": "-", "Image": "C:\\Users\\admin\\AppData\\Local\\Programs\\Python\\Python37\\pythonw.exe", "RuleName": "Usermode", "DestinationHostname": "-", "UtcTime": "2022-07-13 17:12:40.850", "User": "work\\admin", "DestinationPort": "12345", "ProcessGuid": "5240FBE6-FCFE-62CE-3B00-000000002400", "SourcePort": "62727", "Protocol": "udp", "SourceHostname": "-", "SourceIp": "192.168.122.84", "DestinationIsIpv6": "false"}}, {"values": {"EventID": "3", "ProcessId": "1556", "DestinationPortName": "-", "SourceIsIpv6": "false", "Initiated": "true", "DestinationIp": "172.217.15.116", "SourcePortName": "-", "Image": "C:\\Users\\admin\\AppData\\Local\\Programs\\Python\\Python37\\pythonw.exe", "RuleName": "Usermode", "DestinationHostname": "-", "UtcTime": "2022-07-13 17:12:51.044", "User": "work\\admin", "DestinationPort": "443", "ProcessGuid": "5240FBE6-FCFE-62CE-3B00-000000002400", "SourcePort": "49168", "Protocol": "tcp", "SourceHostname": "-", "SourceIp": "192.168.122.84", "DestinationIsIpv6": "false"}}, {"values": {"EventID": "3", "ProcessId": "1556", "DestinationPortName": "-", "SourceIsIpv6": "false", "DestinationIp": "172.217.15.116", "Initiated": "true", "SourcePortName": "-", "Image": "C:\\Users\\admin\\AppData\\Local\\Programs\\Python\\Python37\\pythonw.exe", "RuleName": "Usermode", "DestinationHostname": "-", "UtcTime": "2022-07-13 17:12:51.479", "User": "work\\admin", "DestinationPort": "443", "ProcessGuid": "5240FBE6-FCFE-62CE-3B00-000000002400", "SourcePort": "49169", "Protocol": "tcp", "SourceHostname": "-", "SourceIp": "192.168.122.84", "DestinationIsIpv6": "false"}}, {"values": {"EventID": "3", "ProcessId": "1556", "DestinationPortName": "-", "SourceIsIpv6": "false", "Initiated": "true", "DestinationIp": "172.217.15.116", "SourcePortName": "-", "Image": "C:\\Users\\admin\\AppData\\Local\\Programs\\Python\\Python37\\pythonw.exe", "RuleName": "Usermode", "DestinationHostname": "-", "UtcTime": "2022-07-13 17:12:55.863", "User": "work\\admin", "DestinationPort": "443", "ProcessGuid": "5240FBE6-FCFE-62CE-3B00-000000002400", "SourcePort": "49170", "Protocol": "tcp", "SourceHostname": "-", "SourceIp": "192.168.122.84", "DestinationIsIpv6": "false"}}, {"values": {"EventID": "3", "ProcessId": "1556", "DestinationPortName": "-", "SourceIsIpv6": "false", "Initiated": "true", "DestinationIp": "172.217.15.116", "SourcePortName": "-", "Image": "C:\\Users\\admin\\AppData\\Local\\Programs\\Python\\Python37\\pythonw.exe", "RuleName": "Usermode", "DestinationHostname": "-", "UtcTime": "2022-07-13 17:12:56.218", "User": "work\\admin", "DestinationPort": "443", "ProcessGuid": "5240FBE6-FCFE-62CE-3B00-000000002400", "SourcePort": "49171", "Protocol": "tcp", "SourceHostname": "-", "SourceIp": "192.168.122.84", "DestinationIsIpv6": "false"}}]}, {"rule_level": "medium", "rule_id": "3b87c918c891cc71875e579ccec1db6182cc5e8577cc337cd77a54306f24aafc", "rule_source": "Sigma Integrated Rule Set (GitHub)", "rule_title": "System Disk And Volume Reconnaissance Via Wmic.EXE", "rule_description": "An adversary might use WMI to discover information about the system, such as the volume name, size,\nfree space, and other disk information. This can be done using the `wmic` command-line utility and has been\nobserved being used by threat actors such as Volt Typhoon.\n", "rule_author": "Stephen Lincoln `@slincoln-aiq`(AttackIQ)", "match_context": [{"values": {"Hashes": "MD5=79A01FCD1C8166C5642F37D1E0FB7BA8,SHA256=69CA5E47CD2B97F29E744CED04CE93746B687EFE8F636D9AEB8CB1EF9B67049C,IMPHASH=B60228C45486DB219406793696D4205B", "CurrentDirectory": "C:\\Users\\george\\AppData\\Local\\pcvisit Software AG\\caloa\\pcvisit.Support.guest\\release\\22.7.6.1206\\", "OriginalFileName": "wmic.exe", "Product": "Microsoft\u00ae Windows\u00ae Operating System", "Description": "WMI Commandline Utility", "EventID": "1", "ParentCommandLine": "\"C:\\Users\\george\\AppData\\Local\\pcvisit Software AG\\caloa\\pcvisit.Support.guest\\release\\22.7.6.1206\\pcvisit_service_client.exe\"  ", "CommandLine": "wmic  logicaldisk where \"deviceid = 'c:'\" get volumeserialnumber,freespace", "FileVersion": "10.0.17134.1 (WinBuild.160101.0800)", "ParentImage": "C:\\Users\\george\\AppData\\Local\\pcvisit Software AG\\caloa\\pcvisit.Support.guest\\release\\22.7.6.1206\\pcvisit_service_client.exe", "IntegrityLevel": "High", "Image": "C:\\Windows\\SysWOW64\\wbem\\WMIC.exe", "Company": "Microsoft Corporation"}}, {"values": {"Product": "Microsoft\u00ae Windows\u00ae Operating System", "CurrentDirectory": "C:\\Users\\george\\AppData\\Local\\pcvisit Software AG\\caloa\\pcvisit.Support.guest\\release\\22.7.6.1206\\", "OriginalFileName": "wmic.exe", "Hashes": "MD5=79A01FCD1C8166C5642F37D1E0FB7BA8,SHA256=69CA5E47CD2B97F29E744CED04CE93746B687EFE8F636D9AEB8CB1EF9B67049C,IMPHASH=B60228C45486DB219406793696D4205B", "Description": "WMI Commandline Utility", "EventID": "1", "ParentCommandLine": "\"C:\\Users\\george\\AppData\\Local\\pcvisit Software AG\\caloa\\pcvisit.Support.guest\\release\\22.7.6.1206\\pcvisit_service_client.exe\" --StartMode AsLiftRightsForClient --session 1", "CommandLine": "wmic  logicaldisk where \"deviceid = 'c:'\" get volumeserialnumber,freespace", "FileVersion": "10.0.17134.1 (WinBuild.160101.0800)", "ParentImage": "C:\\Users\\george\\AppData\\Local\\pcvisit Software AG\\caloa\\pcvisit.Support.guest\\release\\22.7.6.1206\\pcvisit_service_client.exe", "IntegrityLevel": "System", "Image": "C:\\Windows\\SysWOW64\\wbem\\WMIC.exe", "Company": "Microsoft Corporation"}}, {"values": {"Product": "Microsoft\u00ae Windows\u00ae Operating System", "CurrentDirectory": "C:\\Users\\george\\AppData\\Local\\pcvisit Software AG\\caloa\\pcvisit.Support.guest\\release\\22.7.6.1206\\", "OriginalFileName": "wmic.exe", "Hashes": "MD5=79A01FCD1C8166C5642F37D1E0FB7BA8,SHA256=69CA5E47CD2B97F29E744CED04CE93746B687EFE8F636D9AEB8CB1EF9B67049C,IMPHASH=B60228C45486DB219406793696D4205B", "Description": "WMI Commandline Utility", "EventID": "1", "ParentCommandLine": "--StartMode AsClient --startPrivilege STARTED_BY_USER_LEVELD_AS_NON_INTERACTIVE", "CommandLine": "wmic  logicaldisk where \"deviceid = 'c:'\" get volumeserialnumber,freespace", "FileVersion": "10.0.17134.1 (WinBuild.160101.0800)", "ParentImage": "C:\\Users\\george\\AppData\\Local\\pcvisit Software AG\\caloa\\pcvisit.Support.guest\\release\\22.7.6.1206\\pcvisit_service_client.exe", "IntegrityLevel": "System", "Image": "C:\\Windows\\SysWOW64\\wbem\\WMIC.exe", "Company": "Microsoft Corporation"}}, {"values": {"Product": "Microsoft\\xae Windows\\xae Operating System", "CurrentDirectory": "C:\\Users\\Bruno\\AppData\\Local\\pcvisit Software AG\\caloa\\pcvisit.Support.guest\\release\\22.7.6.1206\\", "OriginalFileName": "wmic.exe", "Hashes": "MD5=82BB8430531876FBF5266E53460A393E,SHA256=9578C31E1B58FA75A2B612456EBCE324296E53A007E5697995CEC5785956AFE4,IMPHASH=09405355AF00B2202306292C39E63FB3", "Description": "WMI Commandline Utility", "FileVersion": "10.0.19041.1 (WinBuild.160101.0800)", "ParentCommandLine": "\"C:\\Users\\Bruno\\AppData\\Local\\pcvisit Software AG\\caloa\\pcvisit.Support.guest\\release\\22.7.6.1206\\pcvisit_service_client.exe\"  ", "CommandLine": "wmic  logicaldisk where \"deviceid = 'c:'\" get volumeserialnumber,freespace", "EventID": "1", "ParentImage": "C:\\Users\\Bruno\\AppData\\Local\\pcvisit Software AG\\caloa\\pcvisit.Support.guest\\release\\22.7.6.1206\\pcvisit_service_client.exe", "IntegrityLevel": "High", "Image": "C:\\Windows\\SysWOW64\\wbem\\WMIC.exe", "Company": "Microsoft Corporation"}}, {"values": {"Product": "Microsoft\\xae Windows\\xae Operating System", "CurrentDirectory": "C:\\Users\\Bruno\\AppData\\Local\\pcvisit Software AG\\caloa\\pcvisit.Support.guest\\release\\22.7.6.1206\\", "OriginalFileName": "wmic.exe", "Hashes": "MD5=82BB8430531876FBF5266E53460A393E,SHA256=9578C31E1B58FA75A2B612456EBCE324296E53A007E5697995CEC5785956AFE4,IMPHASH=09405355AF00B2202306292C39E63FB3", "Description": "WMI Commandline Utility", "FileVersion": "10.0.19041.1 (WinBuild.160101.0800)", "ParentCommandLine": "\"C:\\Users\\Bruno\\AppData\\Local\\pcvisit Software AG\\caloa\\pcvisit.Support.guest\\release\\22.7.6.1206\\pcvisit_service_client.exe\" --StartMode AsLiftRightsForClient --session 1", "CommandLine": "wmic  logicaldisk where \"deviceid = 'c:'\" get volumeserialnumber,freespace", "EventID": "1", "ParentImage": "C:\\Users\\Bruno\\AppData\\Local\\pcvisit Software AG\\caloa\\pcvisit.Support.guest\\release\\22.7.6.1206\\pcvisit_service_client.exe", "IntegrityLevel": "System", "Image": "C:\\Windows\\SysWOW64\\wbem\\WMIC.exe", "Company": "Microsoft Corporation"}}]}, {"rule_level": "medium", "rule_id": "c8e910a6a612d2b2556bdcc91dfca15a43385b8571e490ed29c46ef1a3e5e144", "rule_source": "Sigma Integrated Rule Set (GitHub)", "rule_title": "Computer System Reconnaissance Via Wmic.EXE", "rule_description": "Detects execution of wmic utility with the \"computersystem\" flag in order to obtain information about the machine such as the domain, username, model, etc.", "rule_author": "Nasreddine Bencherchali (Nextron Systems)", "match_context": [{"values": {"Product": "Microsoft\u00ae Windows\u00ae Operating System", "CurrentDirectory": "C:\\Users\\george\\AppData\\Local\\pcvisit Software AG\\caloa\\pcvisit.Support.guest\\release\\22.7.6.1206\\", "OriginalFileName": "wmic.exe", "Hashes": "MD5=79A01FCD1C8166C5642F37D1E0FB7BA8,SHA256=69CA5E47CD2B97F29E744CED04CE93746B687EFE8F636D9AEB8CB1EF9B67049C,IMPHASH=B60228C45486DB219406793696D4205B", "Description": "WMI Commandline Utility", "EventID": "1", "ParentCommandLine": "\"C:\\Users\\george\\AppData\\Local\\pcvisit Software AG\\caloa\\pcvisit.Support.guest\\release\\22.7.6.1206\\pcvisit_service_client.exe\"  ", "CommandLine": "wmic  computersystem get manufacturer,model,partofdomain,systemtype,totalphysicalmemory", "FileVersion": "10.0.17134.1 (WinBuild.160101.0800)", "ParentImage": "C:\\Users\\george\\AppData\\Local\\pcvisit Software AG\\caloa\\pcvisit.Support.guest\\release\\22.7.6.1206\\pcvisit_service_client.exe", "IntegrityLevel": "High", "Image": "C:\\Windows\\SysWOW64\\wbem\\WMIC.exe", "Company": "Microsoft Corporation"}}, {"values": {"Hashes": "MD5=82BB8430531876FBF5266E53460A393E,SHA256=9578C31E1B58FA75A2B612456EBCE324296E53A007E5697995CEC5785956AFE4,IMPHASH=09405355AF00B2202306292C39E63FB3", "CurrentDirectory": "C:\\Users\\Bruno\\AppData\\Local\\pcvisit Software AG\\caloa\\pcvisit.Support.guest\\release\\22.7.6.1206\\", "OriginalFileName": "wmic.exe", "Product": "Microsoft\\xae Windows\\xae Operating System", "Description": "WMI Commandline Utility", "EventID": "1", "ParentCommandLine": "\"C:\\Users\\Bruno\\AppData\\Local\\pcvisit Software AG\\caloa\\pcvisit.Support.guest\\release\\22.7.6.1206\\pcvisit_service_client.exe\"  ", "CommandLine": "wmic  computersystem get manufacturer,model,partofdomain,systemtype,totalphysicalmemory", "FileVersion": "10.0.19041.1 (WinBuild.160101.0800)", "ParentImage": "C:\\Users\\Bruno\\AppData\\Local\\pcvisit Software AG\\caloa\\pcvisit.Support.guest\\release\\22.7.6.1206\\pcvisit_service_client.exe", "IntegrityLevel": "High", "Image": "C:\\Windows\\SysWOW64\\wbem\\WMIC.exe", "Company": "Microsoft Corporation"}}]}, {"rule_level": "low", "rule_id": "1c2e4db94ca79f939e94e29c04fb3b71467fc6f5b9c31db34fcce5a2fb3b856f", "rule_source": "Sigma Integrated Rule Set (GitHub)", "rule_title": "Non Interactive PowerShell Process Spawned", "rule_description": "Detects non-interactive PowerShell activity by looking at the \"powershell\" process with a non-user GUI process such as \"explorer.exe\" as a parent.", "rule_author": "Roberto Rodriguez @Cyb3rWard0g (rule), oscd.community (improvements)", "match_context": [{"values": {"Hashes": "MD5=DBA3E6449E97D4E3DF64527EF7012A10,SHA256=E0C662D10B852B23F2D8A240AFC82A72B099519FA71CDDF9D5D0F0BE08169B6E,IMPHASH=D1A922C94A1F407CB2BBCAD033C8ED7A", "CurrentDirectory": "C:\\Users\\george\\AppData\\Local\\pcvisit Software AG\\caloa\\pcvisit.Support.guest\\release\\22.7.6.1206\\", "OriginalFileName": "PowerShell.EXE", "Product": "Microsoft\u00ae Windows\u00ae Operating System", "Description": "Windows PowerShell", "EventID": "1", "ParentCommandLine": "\"C:\\Users\\george\\AppData\\Local\\pcvisit Software AG\\caloa\\pcvisit.Support.guest\\release\\22.7.6.1206\\pcvisit_service_client.exe\"  ", "CommandLine": "powershell  \"get-ciminstance msft_physicaldisk -namespace root\\microsoft\\windows\\storage | select model, size, allocatedsize, mediatype, healthstatus, bustype\"", "FileVersion": "10.0.17134.1 (WinBuild.160101.0800)", "ParentImage": "C:\\Users\\george\\AppData\\Local\\pcvisit Software AG\\caloa\\pcvisit.Support.guest\\release\\22.7.6.1206\\pcvisit_service_client.exe", "IntegrityLevel": "High", "Image": "C:\\Windows\\SysWOW64\\WindowsPowerShell\\v1.0\\powershell.exe", "Company": "Microsoft Corporation"}}, {"values": {"Product": "Microsoft\\xae Windows\\xae Operating System", "CurrentDirectory": "C:\\Users\\Bruno\\AppData\\Local\\pcvisit Software AG\\caloa\\pcvisit.Support.guest\\release\\22.7.6.1206\\", "OriginalFileName": "PowerShell.EXE", "Hashes": "MD5=C32CA4ACFCC635EC1EA6ED8A34DF5FAC,SHA256=73A3C4AEF5DE385875339FC2EB7E58A9E8A47B6161BDC6436BF78A763537BE70,IMPHASH=194427A488ED1DD0A91731658B071667", "Description": "Windows PowerShell", "EventID": "1", "ParentCommandLine": "\"C:\\Users\\Bruno\\AppData\\Local\\pcvisit Software AG\\caloa\\pcvisit.Support.guest\\release\\22.7.6.1206\\pcvisit_service_client.exe\"  ", "CommandLine": "powershell  \"get-ciminstance msft_physicaldisk -namespace root\\microsoft\\windows\\storage | select model, size, allocatedsize, mediatype, healthstatus, bustype\"", "FileVersion": "10.0.19041.546 (WinBuild.160101.0800)", "ParentImage": "C:\\Users\\Bruno\\AppData\\Local\\pcvisit Software AG\\caloa\\pcvisit.Support.guest\\release\\22.7.6.1206\\pcvisit_service_client.exe", "IntegrityLevel": "High", "Image": "C:\\Windows\\SysWOW64\\WindowsPowerShell\\v1.0\\powershell.exe", "Company": "Microsoft Corporation"}}]}, {"rule_level": "low", "rule_id": "7ca43f2acf2c039e776af286dca2b5216d23967e6e8fe43dd5a5cc95f86e52e5", "rule_source": "Sigma Integrated Rule Set (GitHub)", "rule_title": "Modification of IE Registry Settings", "rule_description": "Detects modification of the registry settings used for Internet Explorer and other Windows components that use these settings. An attacker can abuse this registry key to add a domain to the trusted sites Zone or insert JavaScript for persistence", "rule_author": "frack113", "match_context": [{"values": {"EventID": "13", "EventType": "SetValue", "TargetObject": "HKEY_CURRENT_USER\\SOFTWARE\\Microsoft\\Windows\\CurrentVersion\\Internet Settings"}}, {"values": {"EventID": "13", "EventType": "SetValue", "TargetObject": "HKEY_CURRENT_USER\\SOFTWARE\\Microsoft\\Windows\\CurrentVersion\\Internet Settings\\ProxyOverride"}}]}, {"rule_level": "low", "rule_id": "b5386a23355681c43cfbd2f2ccfe4b16ed45324d0d7b5583487a9f302ee1e427", "rule_source": "Sigma Integrated Rule Set (GitHub)", "rule_title": "Creation of an Executable by an Executable", "rule_description": "Detects the creation of an executable by another executable", "rule_author": "frack113", "match_context": [{"values": {"EventID": "11", "ProcessId": "1556", "TargetFilename": "C:\\Users\\admin\\AppData\\Local\\Temp\\frida-93b99da85854cffd35551dd2b604fc64\\frida-winjector-helper-32.exe", "ProcessGuid": "5240FBE6-FCFE-62CE-3B00-000000002400", "CreationUtcTime": "2022-07-13 17:12:47.406", "UtcTime": "2022-07-13 17:12:47.406", "RuleName": "EXE", "Image": "C:\\Users\\admin\\AppData\\Local\\Programs\\Python\\Python37\\pythonw.exe"}}, {"values": {"EventID": "11", "ProcessId": "1556", "Image": "C:\\Users\\admin\\AppData\\Local\\Programs\\Python\\Python37\\pythonw.exe", "RuleName": "EXE", "CreationUtcTime": "2022-07-13 17:12:48.671", "UtcTime": "2022-07-13 17:12:48.671", "ProcessGuid": "5240FBE6-FCFE-62CE-3B00-000000002400", "TargetFilename": "C:\\Users\\admin\\AppData\\Local\\Temp\\frida-93b99da85854cffd35551dd2b604fc64\\frida-winjector-helper-64.exe"}}, {"values": {"EventID": "11", "ProcessId": "2104", "Image": "C:\\Users\\admin\\Downloads\\pcvisit_service_client.exe", "RuleName": "EXE", "CreationUtcTime": "2022-07-13 17:12:52.218", "UtcTime": "2022-07-13 17:12:52.218", "ProcessGuid": "5240FBE6-FD0E-62CE-9600-000000002400", "TargetFilename": "C:\\Users\\admin\\AppData\\Local\\pcvisit Software AG\\caloa\\pcvisit.Support.guest\\release\\22.7.6.1206\\client.exe"}}, {"values": {"EventID": "11", "ProcessId": "2104", "Image": "C:\\Users\\admin\\Downloads\\pcvisit_service_client.exe", "ProcessGuid": "5240FBE6-FD0E-62CE-9600-000000002400", "CreationUtcTime": "2022-07-13 17:12:52.218", "UtcTime": "2022-07-13 17:12:52.218", "RuleName": "EXE", "TargetFilename": "C:\\Users\\admin\\AppData\\Local\\pcvisit Software AG\\caloa\\pcvisit.Support.guest\\release\\22.7.6.1206\\pcvdisplayserver.exe"}}, 