{"values": {"TerminalSessionId": "1", "ProcessGuid": "{C784477D-4A38-6345-0B07-000000003000}", "ProcessId": "8112", "Product": "Microsoft\\xae Windows\\xae Operating System", "Description": "Terminates Processes", "Company": "Microsoft Corporation", "ParentProcessGuid": "{C784477D-49E1-6345-6706-000000003000}", "User": "DESKTOP-B0T93D6\\george", "Hashes": "MD5=530C6A6CBA137EAA7021CEF9B234E8D4,SHA256=26B9B184C2F7F60811C0C4CB25C12568D996AC1ECE0EF64AA1B9E8F39AEA74D7,IMPHASH=100938B32F577E925618EA395A8C469B", "OriginalFileName": "taskkill.exe", "ParentImage": "C:\\Users\\george\\Desktop\\executable.exe", "FileVersion": "10.0.17134.1 (WinBuild.160101.0800)", "ParentProcessId": "6852", "CurrentDirectory": "C:\\Users\\george\\Desktop\\", "CommandLine": "\"taskkill.exe\" /IM mysql.exe /f", "EventID": "1", "LogonGuid": "C784477D-F7E2-62FD-0AA6-030000000000", "LogonId": "239114", "Image": "C:\\Windows\\System32\\taskkill.exe", "IntegrityLevel": "High", "ParentCommandLine": "\"C:\\Users\\george\\Desktop\\executable.exe\" ", "UtcTime": "1665485368", "RuleName": "-"}}, {"values": {"TerminalSessionId": "1", "ProcessGuid": "{C784477D-4A39-6345-0C07-000000003000}", "ProcessId": "5464", "Product": "Microsoft\\xae Windows\\xae Operating System", "Description": "Terminates Processes", "Company": "Microsoft Corporation", "ParentProcessGuid": "{C784477D-49E1-6345-6706-000000003000}", "User": "DESKTOP-B0T93D6\\george", "Hashes": "MD5=530C6A6CBA137EAA7021CEF9B234E8D4,SHA256=26B9B184C2F7F60811C0C4CB25C12568D996AC1ECE0EF64AA1B9E8F39AEA74D7,IMPHASH=100938B32F577E925618EA395A8C469B", "OriginalFileName": "taskkill.exe", "ParentImage": "C:\\Users\\george\\Desktop\\executable.exe", "FileVersion": "10.0.17134.1 (WinBuild.160101.0800)", "ParentProcessId": "6852", "CurrentDirectory": "C:\\Users\\george\\Desktop\\", "CommandLine": "\"taskkill.exe\" /IM mysqld.exe /f", "EventID": "1", "LogonGuid": "C784477D-F7E2-62FD-0AA6-030000000000", "LogonId": "239114", "Image": "C:\\Windows\\System32\\taskkill.exe", "IntegrityLevel": "High", "ParentCommandLine": "\"C:\\Users\\george\\Desktop\\executable.exe\" ", "UtcTime": "1665485369", "RuleName": "-"}}, {"values": {"TerminalSessionId": "1", "ProcessGuid": "{C784477D-4A3A-6345-0F07-000000003000}", "ProcessId": "6868", "Product": "Microsoft\\xae Windows\\xae Operating System", "Description": "Terminates Processes", "Company": "Microsoft Corporation", "ParentProcessGuid": "{C784477D-49E1-6345-6706-000000003000}", "User": "DESKTOP-B0T93D6\\george", "Hashes": "MD5=530C6A6CBA137EAA7021CEF9B234E8D4,SHA256=26B9B184C2F7F60811C0C4CB25C12568D996AC1ECE0EF64AA1B9E8F39AEA74D7,IMPHASH=100938B32F577E925618EA395A8C469B", "OriginalFileName": "taskkill.exe", "ParentImage": "C:\\Users\\george\\Desktop\\executable.exe", "FileVersion": "10.0.17134.1 (WinBuild.160101.0800)", "ParentProcessId": "6852", "CurrentDirectory": "C:\\Users\\george\\Desktop\\", "CommandLine": "\"taskkill.exe\" /IM oracle.exe /f", "EventID": "1", "LogonGuid": "C784477D-F7E2-62FD-0AA6-030000000000", "LogonId": "239114", "Image": "C:\\Windows\\System32\\taskkill.exe", "IntegrityLevel": "High", "ParentCommandLine": "\"C:\\Users\\george\\Desktop\\executable.exe\" ", "UtcTime": "1665485370", "RuleName": "-"}}, {"values": {"TerminalSessionId": "1", "ProcessGuid": "{C784477D-4A3B-6345-1007-000000003000}", "ProcessId": "7004", "Product": "Microsoft\\xae Windows\\xae Operating System", "Description": "Terminates Processes", "Company": "Microsoft Corporation", "ParentProcessGuid": "{C784477D-49E1-6345-6706-000000003000}", "User": "DESKTOP-B0T93D6\\george", "Hashes": "MD5=530C6A6CBA137EAA7021CEF9B234E8D4,SHA256=26B9B184C2F7F60811C0C4CB25C12568D996AC1ECE0EF64AA1B9E8F39AEA74D7,IMPHASH=100938B32F577E925618EA395A8C469B", "OriginalFileName": "taskkill.exe", "ParentImage": "C:\\Users\\george\\Desktop\\executable.exe", "FileVersion": "10.0.17134.1 (WinBuild.160101.0800)", "ParentProcessId": "6852", "CurrentDirectory": "C:\\Users\\george\\Desktop\\", "CommandLine": "\"taskkill.exe\" /IM vmwp.exe /f", "EventID": "1", "LogonGuid": "C784477D-F7E2-62FD-0AA6-030000000000", "LogonId": "239114", "Image": "C:\\Windows\\System32\\taskkill.exe", "IntegrityLevel": "High", "ParentCommandLine": "\"C:\\Users\\george\\Desktop\\executable.exe\" ", "UtcTime": "1665485371", "RuleName": "-"}}], "rule_level": "low", "rule_description": "Adversaries may stop services or processes in order to conduct Data Destruction or Data Encrypted for Impact on the data stores of services like Exchange and SQL Server.", "rule_source": "Sigma Integrated Rule Set (GitHub)", "rule_title": "Suspicious Execution of Taskkill", "rule_id": "cd06da2f3978bdb24b3f3c8f83c7df917a910c6b29921d0e375e418f340d8f3d", "rule_author": "frack113"}], "filecondis": {"dhash": "00283a192b021910", "raw_md5": "6cf841070671cf0185128b1ded3f8c7c"}, "dot_net_guids": {"mvid": "08a00588-13de-4243-9576-7c43d8487d6a"}, "size": 375808, "unique_sources": 1, "meaningful_name": "wJBA1QigN", "pe_info": {"timestamp": 1618610493, "imphash": "f34d5f2d4577ed6d9ceec516c1f5a744", "machine_type": 332, "entry_point": 380466, "resource_details": [{"lang": "NEUTRAL", "chi2": 68097.01, "filetype": "unknown", "entropy": 3.487764358520508, "sha256": "5853b9ca9291ad32b71da467b4848f5f8e5baa87318ca82f1ef97c7099be9a2b", "type": "RT_VERSION"}, {"lang": "NEUTRAL", "chi2": 11023.79, "filetype": "unknown", "entropy": 4.6628851890563965, "sha256": "70c09fd50debc9697c77b72db75fd3e1a72e4737be2ccfa17818e3f5fa4245d7", "type": "RT_MANIFEST"}], "resource_langs": {"NEUTRAL": 2}, "resource_types": {"RT_MANIFEST": 1, "RT_VERSION": 1}, "sections": [{"name": ".text", "chi2": 5343878.5, "virtual_address": 8192, "entropy": 5.84, "raw_size": 372736, "flags": "rx", "virtual_size": 372280, "md5": "9efe16eb65e0a7378db38653dbd74866"}, {"name": ".rsrc", "chi2": 102839.5, "virtual_address": 385024, "entropy": 4.08, "raw_size": 2048, "flags": "r", "virtual_size": 1745, "md5": "d32025c60a1414633a2abd74725b6a3a"}, {"name": ".reloc", "chi2": 128015.0, "virtual_address": 393216, "entropy": 0.1, "raw_size": 512, "flags": "r", "virtual_size": 12, "md5": "53ade8f6706e5a24ec7cad49bdb182aa"}], "import_list": [{"library_name": "mscoree.dll", "imported_functions": ["_CorExeMain"]}]}, "sha256": "1c4b55fefcd78623a6724bb6c7779d0ef02ac20a6069cb9dbd91d753386606bb", "last_analysis_date": 1738569992, "detectiteasy": {"filetype": "PE32", "values": [{"type": "Protector", "name": "Smart Assembly"}, {"type": "Compiler", "name": "VB.NET"}, {"version": "v4.0.30319", "type": "Library", "name": ".NET"}, {"version": "8.0", "type": "Linker", "name": "Microsoft Linker"}]}, "sha1": "0afdc5359268f7e78a0ca3c3c67752edd304a742", "type_extension": "exe", "total_votes": {"harmless": 0, "malicious": 1}}}}