{"values": {"TerminalSessionId": "1", "ProcessGuid": "{C784477D-4A10-6345-AB06-000000003000}", "ProcessId": "4424", "Product": "Microsoft\\xae Windows\\xae Operating System", "Description": "Terminates Processes", "Company": "Microsoft Corporation", "ParentProcessGuid": "{C784477D-49E1-6345-6706-000000003000}", "User": "DESKTOP-B0T93D6\\george", "Hashes": "MD5=530C6A6CBA137EAA7021CEF9B234E8D4,SHA256=26B9B184C2F7F60811C0C4CB25C12568D996AC1ECE0EF64AA1B9E8F39AEA74D7,IMPHASH=100938B32F577E925618EA395A8C469B", "OriginalFileName": "taskkill.exe", "ParentImage": "C:\\Users\\george\\Desktop\\executable.exe", "FileVersion": "10.0.17134.1 (WinBuild.160101.0800)", "ParentProcessId": "6852", "CurrentDirectory": "C:\\Users\\george\\Desktop\\", "CommandLine": "\"taskkill.exe\" /IM mydesktopqos.exe /F", "EventID": "1", "LogonGuid": "C784477D-F7E2-62FD-0AA6-030000000000", "LogonId": "239114", "Image": "C:\\Windows\\System32\\taskkill.exe", "IntegrityLevel": "High", "ParentCommandLine": "\"C:\\Users\\george\\Desktop\\executable.exe\" ", "UtcTime": "1665485328", "RuleName": "-"}}, {"values": {"TerminalSessionId": "1", "ProcessGuid": "{C784477D-4A11-6345-AC06-000000003000}", "ProcessId": "256", "Product": "Microsoft\\xae Windows\\xae Operating System", "Description": "Terminates Processes", "Company": "Microsoft Corporation", "ParentProcessGuid": "{C784477D-49E1-6345-6706-000000003000}", "User": "DESKTOP-B0T93D6\\george", "Hashes": "MD5=530C6A6CBA137EAA7021CEF9B234E8D4,SHA256=26B9B184C2F7F60811C0C4CB25C12568D996AC1ECE0EF64AA1B9E8F39AEA74D7,IMPHASH=100938B32F577E925618EA395A8C469B", "OriginalFileName": "taskkill.exe", "ParentImage": "C:\\Users\\george\\Desktop\\executable.exe", "FileVersion": "10.0.17134.1 (WinBuild.160101.0800)", "ParentProcessId": "6852", "CurrentDirectory": "C:\\Users\\george\\Desktop\\", "CommandLine": "\"taskkill.exe\" /IM xfssvccon.exe /F", "EventID": "1", "LogonGuid": "C784477D-F7E2-62FD-0AA6-030000000000", "LogonId": "239114", "Image": "C:\\Windows\\System32\\taskkill.exe", "IntegrityLevel": "High", "ParentCommandLine": "\"C:\\Users\\george\\Desktop\\executable.exe\" ", "UtcTime": "1665485329", "RuleName": "-"}}, {"values": {"TerminalSessionId": "1", "ProcessGuid": "{C784477D-4A12-6345-AE06-000000003000}", "ProcessId": "7312", "Product": "Microsoft\\xae Windows\\xae Operating System", "Description": "Terminates Processes", "Company": "Microsoft Corporation", "ParentProcessGuid": "{C784477D-49E1-6345-6706-000000003000}", "User": "DESKTOP-B0T93D6\\george", "Hashes": "MD5=530C6A6CBA137EAA7021CEF9B234E8D4,SHA256=26B9B184C2F7F60811C0C4CB25C12568D996AC1ECE0EF64AA1B9E8F39AEA74D7,IMPHASH=100938B32F577E925618EA395A8C469B", "OriginalFileName": "taskkill.exe", "ParentImage": "C:\\Users\\george\\Desktop\\executable.exe", "FileVersion": "10.0.17134.1 (WinBuild.160101.0800)", "ParentProcessId": "6852", "CurrentDirectory": "C:\\Users\\george\\Desktop\\", "CommandLine": "\"taskkill.exe\" /IM sqlwriter.exe /F", "EventID": "1", "LogonGuid": "C784477D-F7E2-62FD-0AA6-030000000000", "LogonId": "239114", "Image": "C:\\Windows\\System32\\taskkill.exe", "IntegrityLevel": "High", "ParentCommandLine": "\"C:\\Users\\george\\Desktop\\executable.exe\" ", "UtcTime": "1665485330", "RuleName": "-"}}, {"values": {"TerminalSessionId": "1", "ProcessGuid": "{C784477D-4A12-6345-B006-000000003000}", "ProcessId": "6564", "Product": "Microsoft\\xae Windows\\xae Operating System", "Description": "Terminates Processes", "Company": "Microsoft Corporation", "ParentProcessGuid": "{C784477D-49E1-6345-6706-000000003000}", "User": "DESKTOP-B0T93D6\\george", "Hashes": "MD5=530C6A6CBA137EAA7021CEF9B234E8D4,SHA256=26B9B184C2F7F60811C0C4CB25C12568D996AC1ECE0EF64AA1B9E8F39AEA74D7,IMPHASH=100938B32F577E925618EA395A8C469B", "OriginalFileName": "taskkill.exe", "ParentImage": "C:\\Users\\george\\Desktop\\executable.exe", "FileVersion": "10.0.17134.1 (WinBuild.160101.0800)", "ParentProcessId": "6852", "CurrentDirectory": "C:\\Users\\george\\Desktop\\", "CommandLine": "\"taskkill.exe\" /IM mydesktopqos.exe /F", "EventID": "1", "LogonGuid": "C784477D-F7E2-62FD-0AA6-030000000000", "LogonId": "239114", "Image": "C:\\Windows\\System32\\taskkill.exe", "IntegrityLevel": "High", "ParentCommandLine": "\"C:\\Users\\george\\Desktop\\executable.exe\" ", "UtcTime": "1665485330", "RuleName": "-"}}, {"values": {"TerminalSessionId": "1", "ProcessGuid": "{C784477D-4A13-6345-B206-000000003000}", "ProcessId": "5540", "Product": "Microsoft\\xae Windows\\xae Operating System", "Description": "Terminates Processes", "Company": "Microsoft Corporation", "ParentProcessGuid": "{C784477D-49E1-6345-6706-000000003000}", "User": "DESKTOP-B0T93D6\\george", "Hashes": "MD5=530C6A6CBA137EAA7021CEF9B234E8D4,SHA256=26B9B184C2F7F60811C0C4CB25C12568D996AC1ECE0EF64AA1B9E8F39AEA74D7,IMPHASH=100938B32F577E925618EA395A8C469B", "OriginalFileName": "taskkill.exe", "ParentImage": "C:\\Users\\george\\Desktop\\executable.exe", "FileVersion": "10.0.17134.1 (WinBuild.160101.0800)", "ParentProcessId": "6852", "CurrentDirectory": "C:\\Users\\george\\Desktop\\", "CommandLine": "\"taskkill.exe\" /IM sqlbrowser.exe /F", "EventID": "1", "LogonGuid": "C784477D-F7E2-62FD-0AA6-030000000000", "LogonId": "239114", "Image": "C:\\Windows\\System32\\taskkill.exe", "IntegrityLevel": "High", "ParentCommandLine": "\"C:\\Users\\george\\Desktop\\executable.exe\" ", "UtcTime": "1665485331", "RuleName": "-"}}, {"values": {"TerminalSessionId": "1", "ProcessGuid": "{C784477D-4A14-6345-B406-000000003000}", "ProcessId": "7848", "Product": "Microsoft\\xae Windows\\xae Operating System", "Description": "Terminates Processes", "Company": "Microsoft Corporation", "ParentProcessGuid": "{C784477D-49E1-6345-6706-000000003000}", "User": "DESKTOP-B0T93D6\\george", "Hashes": "MD5=530C6A6CBA137EAA7021CEF9B234E8D4,SHA256=26B9B184C2F7F60811C0C4CB25C12568D996AC1ECE0EF64AA1B9E8F39AEA74D7,IMPHASH=100938B32F577E925618EA395A8C469B", "OriginalFileName": "taskkill.exe", "ParentImage": "C:\\Users\\george\\Desktop\\executable.exe", "FileVersion": "10.0.17134.1 (WinBuild.160101.0800)", "ParentProcessId": "6852", "CurrentDirectory": "C:\\Users\\george\\Desktop\\", "CommandLine": "\"taskkill.exe\" /IM mspub.exe /F", "EventID": "1", "LogonGuid": "C784477D-F7E2-62FD-0AA6-030000000000", "LogonId": "239114", "Image": "C:\\Windows\\System32\\taskkill.exe", "IntegrityLevel": "High", "ParentCommandLine": "\"C:\\Users\\george\\Desktop\\executable.exe\" ", "UtcTime": "1665485332", "RuleName": "-"}}, {"values": {"TerminalSessionId": "1", "ProcessGuid": "{C784477D-4A14-6345-B606-000000003000}", "ProcessId": "6492", "Product": "Microsoft\\xae Windows\\xae Operating System", "Description": "Terminates Processes", "Company": "Microsoft Corporation", "ParentProcessGuid": "{C784477D-49E1-6345-6706-000000003000}", "User": "DESKTOP-B0T93D6\\george", "Hashes": "MD5=530C6A6CBA137EAA7021CEF9B234E8D4,SHA256=26B9B184C2F7F60811C0C4CB25C12568D996AC1ECE0EF64AA1B9E8F39AEA74D7,IMPHASH=100938B32F577E925618EA395A8C469B", "OriginalFileName": "taskkill.exe", "ParentImage": "C:\\Users\\george\\Desktop\\executable.exe", "FileVersion": "10.0.17134.1 (WinBuild.160101.0800)", "ParentProcessId": "6852", "CurrentDirectory": "C:\\Users\\george\\Desktop\\", "CommandLine": "\"taskkill.exe\" /IM visio.exe /F", "EventID": "1", "LogonGuid": "C784477D-F7E2-62FD-0AA6-030000000000", "LogonId": "239114", "Image": "C:\\Windows\\System32\\taskkill.exe", "IntegrityLevel": "High", "ParentCommandLine": "\"C:\\Users\\george\\Desktop\\executable.exe\" ", "UtcTime": "1665485332", "RuleName": "-"}}, {"values": {"TerminalSessionId": "1", "ProcessGuid": "{C784477D-4A15-6345-B806-000000003000}", "ProcessId": "6096", "Product": "Microsoft\\xae Windows\\xae Operating System", "Description": "Terminates Processes", "Company": "Microsoft Corporation", "ParentProcessGuid": "{C784477D-49E1-6345-6706-000000003000}", "User": "DESKTOP-B0T93D6\\george", "Hashes": "MD5=530C6A6CBA137EAA7021CEF9B234E8D4,SHA256=26B9B184C2F7F60811C0C4CB25C12568D996AC1ECE0EF64AA1B9E8F39AEA74D7,IMPHASH=100938B32F577E925618EA395A8C469B", "OriginalFileName": "taskkill.exe", "ParentImage": "C:\\Users\\george\\Desktop\\executable.exe", "FileVersion": "10.0.17134.1 (WinBuild.160101.0800)", "ParentProcessId": "6852", "CurrentDirectory": "C:\\Users\\george\\Desktop\\", "CommandLine": "\"taskkill.exe\" /IM mydesktopservice.exe /F", "EventID": "1", "LogonGuid": "C784477D-F7E2-62FD-0AA6-030000000000", "LogonId": "239114", "Image": "C:\\Windows\\System32\\taskkill.exe", "IntegrityLevel": "High", "ParentCommandLine": "\"C:\\Users\\george\\Desktop\\executable.exe\" ", "UtcTime": "1665485333", "RuleName": "-"}}, {"values": {"TerminalSessionId": "1", "ProcessGuid": "{C784477D-4A16-6345-BA06-000000003000}", "ProcessId": "7624", "Product": "Microsoft\\xae Windows\\xae Operating System", "Description": "Terminates Processes", "Company": "Microsoft Corporation", "ParentProcessGuid": "{C784477D-49E1-6345-6706-000000003000}", "User": "DESKTOP-B0T93D6\\george", "Hashes": "MD5=530C6A6CBA137EAA7021CEF9B234E8D4,SHA256=26B9B184C2F7F60811C0C4CB25C12568D996AC1ECE0EF64AA1B9E8F39AEA74D7,IMPHASH=100938B32F577E925618EA395A8C469B", "OriginalFileName": "taskkill.exe", "ParentImage": "C:\\Users\\george\\Desktop\\executable.exe", "FileVersion": "10.0.17134.1 (WinBuild.160101.0800)", "ParentProcessId": "6852", "CurrentDirectory": "C:\\Users\\george\\Desktop\\", "CommandLine": "\"taskkill.exe\" /IM tbirdconfig.exe /F", "EventID": "1", "LogonGuid": "C784477D-F7E2-62FD-0AA6-030000000000", "LogonId": "239114", "Image": "C:\\Windows\\System32\\taskkill.exe", "IntegrityLevel": "High", "ParentCommandLine": "\"C:\\Users\\george\\Desktop\\executable.exe\" ", "UtcTime": "1665485334", "RuleName": "-"}}, {"values": {"TerminalSessionId": "1", "ProcessGuid": "{C784477D-4A17-6345-BE06-000000003000}", "ProcessId": "7904", "Product": "Microsoft\\xae Windows\\xae Operating System", "Description": "Terminates Processes", "Company": "Microsoft Corporation", "ParentProcessGuid": "{C784477D-49E1-6345-6706-000000003000}", "User": "DESKTOP-B0T93D6\\george", "Hashes": "MD5=530C6A6CBA137EAA7021CEF9B234E8D4,SHA256=26B9B184C2F7F60811C0C4CB25C12568D996AC1ECE0EF64AA1B9E8F39AEA74D7,IMPHASH=100938B32F577E925618EA395A8C469B", "OriginalFileName": "taskkill.exe", "ParentImage": "C:\\Users\\george\\Desktop\\executable.exe", "FileVersion": "10.0.17134.1 (WinBuild.160101.0800)", "ParentProcessId": "6852", "CurrentDirectory": "C:\\Users\\george\\Desktop\\", "CommandLine": "\"taskkill.exe\" /IM sqlservr.exe /F", "EventID": "1", "LogonGuid": "C784477D-F7E2-62FD-0AA6-030000000000", "LogonId": "239114", "Image": "C:\\Windows\\System32\\taskkill.exe", "IntegrityLevel": "High", "ParentCommandLine": "\"C:\\Users\\george\\Desktop\\executable.exe\" ", "UtcTime": "1665485335", "RuleName": "-"}}, {"values": {"TerminalSessionId": "1", "ProcessGuid": "{C784477D-4A18-6345-C006-000000003000}", "ProcessId": "7968", "Product": "Microsoft\\xae Windows\\xae Operating System", "Description": "Terminates Processes", "Company": "Microsoft Corporation", "ParentProcessGuid": "{C784477D-49E1-6345-6706-000000003000}", "User": "DESKTOP-B0T93D6\\george", "Hashes": "MD5=530C6A6CBA137EAA7021CEF9B234E8D4,SHA256=26B9B184C2F7F60811C0C4CB25C12568D996AC1ECE0EF64AA1B9E8F39AEA74D7,IMPHASH=100938B32F577E925618EA395A8C469B", "OriginalFileName": "taskkill.exe", "ParentImage": "C:\\Users\\george\\Desktop\\executable.exe", "FileVersion": "10.0.17134.1 (WinBuild.160101.0800)", "ParentProcessId": "6852", "CurrentDirectory": "C:\\Users\\george\\Desktop\\", "CommandLine": "\"taskkill.exe\" /IM mydesktopservice.exe /F", "EventID": "1", "LogonGuid": "C784477D-F7E2-62FD-0AA6-030000000000", "LogonId": "239114", "Image": "C:\\Windows\\System32\\taskkill.exe", "IntegrityLevel": "High", "ParentCommandLine": "\"C:\\Users\\george\\Desktop\\executable.exe\" ", "UtcTime": "1665485336", "RuleName": "-"}}, {"values": {"TerminalSessionId": "1", "ProcessGuid": "{C784477D-4A19-6345-C306-000000003000}", "ProcessId": "7552", "Product": "Microsoft\\xae Windows\\xae Operating System", "Description": "Terminates Processes", "Company": "Microsoft Corporation", "ParentProcessGuid": "{C784477D-49E1-6345-6706-000000003000}", "User": "DESKTOP-B0T93D6\\george", "Hashes": "MD5=530C6A6CBA137EAA7021CEF9B234E8D4,SHA256=26B9B184C2F7F60811C0C4CB25C12568D996AC1ECE0EF64AA1B9E8F39AEA74D7,IMPHASH=100938B32F577E925618EA395A8C469B", "OriginalFileName": "taskkill.exe", "ParentImage": "C:\\Users\\george\\Desktop\\executable.exe", "FileVersion": "10.0.17134.1 (WinBuild.160101.0800)", "ParentProcessId": "6852", "CurrentDirectory": "C:\\Users\\george\\Desktop\\", "CommandLine": "\"taskkill.exe\" /IM sqbcoreservice.exe /F", "EventID": "1", "LogonGuid": "C784477D-F7E2-62FD-0AA6-030000000000", "LogonId": "239114", "Image": "C:\\Windows\\System32\\taskkill.exe", "IntegrityLevel": "High", "ParentCommandLine": "\"C:\\Users\\george\\Desktop\\executable.exe\" ", "UtcTime": "1665485337", "RuleName": "-"}}, {"values": {"TerminalSessionId": "1", "ProcessGuid": "{C784477D-4A19-6345-C506-000000003000}", "ProcessId": "7412", "Product": "Microsoft\\xae Windows\\xae Operating System", "Description": "Terminates Processes", "Company": "Microsoft Corporation", "ParentProcessGuid": "{C784477D-49E1-6345-6706-000000003000}", "User": "DESKTOP-B0T93D6\\george", "Hashes": "MD5=530C6A6CBA137EAA7021CEF9B234E8D4,SHA256=26B9B184C2F7F60811C0C4CB25C12568D996AC1ECE0EF64AA1B9E8F39AEA74D7,IMPHASH=100938B32F577E925618EA395A8C469B", "OriginalFileName": "taskkill.exe", "ParentImage": "C:\\Users\\george\\Desktop\\executable.exe", "FileVersion": "10.0.17134.1 (WinBuild.160101.0800)", "ParentProcessId": "6852", "CurrentDirectory": "C:\\Users\\george\\Desktop\\", "CommandLine": "\"taskkill.exe\" /IM Ntrtscan.exe /F", "EventID": "1", "LogonGuid": "C784477D-F7E2-62FD-0AA6-030000000000", "LogonId": "239114", "Image": "C:\\Windows\\System32\\taskkill.exe", "IntegrityLevel": "High", "ParentCommandLine": "\"C:\\Users\\george\\Desktop\\executable.exe\" ", "UtcTime": "1665485337", "RuleName": "-"}}, {"values": {"TerminalSessionId": "1", "ProcessGuid": "{C784477D-4A1A-6345-C606-000000003000}", "ProcessId": "1520", "Product": "Microsoft\\xae Windows\\xae Operating System", "Description": "Terminates Processes", "Company": "Microsoft Corporation", "ParentProcessGuid": "{C784477D-49E1-6345-6706-000000003000}", "User": "DESKTOP-B0T93D6\\george", "Hashes": "MD5=530C6A6CBA137EAA7021CEF9B234E8D4,SHA256=26B9B184C2F7F60811C0C4CB25C12568D996AC1ECE0EF64AA1B9E8F39AEA74D7,IMPHASH=100938B32F577E925618EA395A8C469B", "OriginalFileName": "taskkill.exe", "ParentImage": "C:\\Users\\george\\Desktop\\executable.exe", "FileVersion": "10.0.17134.1 (WinBuild.160101.0800)", "ParentProcessId": "6852", "CurrentDirectory": "C:\\Users\\george\\Desktop\\", "CommandLine": "\"taskkill.exe\" /IM thebat64.exe /F", "EventID": "1", "LogonGuid": "C784477D-F7E2-62FD-0AA6-030000000000", "LogonId": "239114", "Image": "C:\\Windows\\System32\\taskkill.exe", "IntegrityLevel": "High", "ParentCommandLine": "\"C:\\Users\\george\\Desktop\\executable.exe\" ", "UtcTime": "1665485338", "RuleName": "-"}}, {"values": {"TerminalSessionId": "1", "ProcessGuid": "{C784477D-4A1B-6345-C906-000000003000}", "ProcessId": "7788", "Product": "Microsoft\\xae Windows\\xae Operating System", "Description": "Terminates Processes", "Company": "Microsoft Corporation", "ParentProcessGuid": "{C784477D-49E1-6345-6706-000000003000}", "User": "DESKTOP-B0T93D6\\george", "Hashes": "MD5=530C6A6CBA137EAA7021CEF9B234E8D4,SHA256=26B9B184C2F7F60811C0C4CB25C12568D996AC1ECE0EF64AA1B9E8F39AEA74D7,IMPHASH=100938B32F577E925618EA395A8C469B", "OriginalFileName": "taskkill.exe", "ParentImage": "C:\\Users\\george\\Desktop\\executable.exe", "FileVersion": "10.0.17134.1 (WinBuild.160101.0800)", "ParentProcessId": "6852", "CurrentDirectory": "C:\\Users\\george\\Desktop\\", "CommandLine": "\"taskkill.exe\" /IM ocomm.exe /F", "EventID": "1", "LogonGuid": "C784477D-F7E2-62FD-0AA6-030000000000", "LogonId": "239114", "Image": "C:\\Windows\\System32\\taskkill.exe", "IntegrityLevel": "High", "ParentCommandLine": "\"C:\\Users\\george\\Desktop\\executable.exe\" ", "UtcTime": "1665485339", "RuleName": "-"}}, {"values": {"TerminalSessionId": "1", "ProcessGuid": "{C784477D-4A1C-6345-CA06-000000003000}", "ProcessId": "6636", "Product": "Microsoft\\xae Windows\\xae Operating System", "Description": "Terminates Processes", "Company": "Microsoft Corporation", "ParentProcessGuid": "{C784477D-49E1-6345-6706-000000003000}", "User": "DESKTOP-B0T93D6\\george", "Hashes": "MD5=530C6A6CBA137EAA7021CEF9B234E8D4,SHA256=26B9B184C2F7F60811C0C4CB25C12568D996AC1ECE0EF64AA1B9E8F39AEA74D7,IMPHASH=100938B32F577E925618EA395A8C469B", "OriginalFileName": "taskkill.exe", "ParentImage": "C:\\Users\\george\\Desktop\\executable.exe", "FileVersion": "10.0.17134.1 (WinBuild.160101.0800)", "ParentProcessId": "6852", "CurrentDirectory": "C:\\Users\\george\\Desktop\\", "CommandLine": "\"taskkill.exe\" /IM firefoxconfig.exe /F", "EventID": "1", "LogonGuid": "C784477D-F7E2-62FD-0AA6-030000000000", "LogonId": "239114", "Image": "C:\\Windows\\System32\\taskkill.exe", "IntegrityLevel": "High", "ParentCommandLine": "\"C:\\Users\\george\\Desktop\\executable.exe\" ", "UtcTime": "1665485340", "RuleName": "-"}}, {"values": {"TerminalSessionId": "1", "ProcessGuid": "{C784477D-4A1D-6345-CD06-000000003000}", "ProcessId": "5956", "Product": "Microsoft\\xae Windows\\xae Operating System", "Description": "Terminates Processes", "Company": "Microsoft Corporation", "ParentProcessGuid": "{C784477D-49E1-6345-6706-000000003000}", "User": "DESKTOP-B0T93D6\\george", "Hashes": "MD5=530C6A6CBA137EAA7021CEF9B234E8D4,SHA256=26B9B184C2F7F60811C0C4CB25C12568D996AC1ECE0EF64AA1B9E8F39AEA74D7,IMPHASH=100938B32F577E925618EA395A8C469B", "OriginalFileName": "taskkill.exe", "ParentImage": "C:\\Users\\george\\Desktop\\executable.exe", "FileVersion": "10.0.17134.1 (WinBuild.160101.0800)", "ParentProcessId": "6852", "CurrentDirectory": "C:\\Users\\george\\Desktop\\", "CommandLine": "\"taskkill.exe\" /IM synctime.exe /F", "EventID": "1", "LogonGuid": "C784477D-F7E2-62FD-0AA6-030000000000", "LogonId": "239114", "Image": "C:\\Windows\\System32\\taskkill.exe", "IntegrityLevel": "High", "ParentCommandLine": "\"C:\\Users\\george\\Desktop\\executable.exe\" ", "UtcTime": "1665485341", "RuleName": "-"}}, {"values": {"TerminalSessionId": "1", "ProcessGuid": "{C784477D-4A1D-6345-CF06-000000003000}", "ProcessId": "6432", "Product": "Microsoft\\xae Windows\\xae Operating System", "Description": "Terminates Processes", "Company": "Microsoft Corporation", "ParentProcessGuid": "{C784477D-49E1-6345-6706-000000003000}", "User": "DESKTOP-B0T93D6\\george", "Hashes": "MD5=530C6A6CBA137EAA7021CEF9B234E8D4,SHA256=26B9B184C2F7F60811C0C4CB25C12568D996AC1ECE0EF64AA1B9E8F39AEA74D7,IMPHASH=100938B32F577E925618EA395A8C469B", "OriginalFileName": "taskkill.exe", "ParentImage": "C:\\Users\\george\\Desktop\\executable.exe", "FileVersion": "10.0.17134.1 (WinBuild.160101.0800)", "ParentProcessId": "6852", "CurrentDirectory": "C:\\Users\\george\\Desktop\\", "CommandLine": "\"taskkill.exe\" /IM onenote.exe /F", "EventID": "1", "LogonGuid": "C784477D-F7E2-62FD-0AA6-030000000000", "LogonId": "239114", "Image": "C:\\Windows\\System32\\taskkill.exe", "IntegrityLevel": "High", "ParentCommandLine": "\"C:\\Users\\george\\Desktop\\executable.exe\" ", "UtcTime": "1665485341", "RuleName": "-"}}, {"values": {"TerminalSessionId": "1", "ProcessGuid": "{C784477D-4A1E-6345-D006-000000003000}", "ProcessId": "2144", "Product": "Microsoft\\xae Windows\\xae Operating System", "Description": "Terminates Processes", "Company": "Microsoft Corporation", "ParentProcessGuid": "{C784477D-49E1-6345-6706-000000003000}", "User": "DESKTOP-B0T93D6\\george", "Hashes": "MD5=530C6A6CBA137EAA7021CEF9B234E8D4,SHA256=26B9B184C2F7F60811C0C4CB25C12568D996AC1ECE0EF64AA1B9E8F39AEA74D7,IMPHASH=100938B32F577E925618EA395A8C469B", "OriginalFileName": "taskkill.exe", "ParentImage": "C:\\Users\\george\\Desktop\\executable.exe", "FileVersion": "10.0.17134.1 (WinBuild.160101.0800)", "ParentProcessId": "6852", "CurrentDirectory": "C:\\Users\\george\\Desktop\\", "CommandLine": "\"taskkill.exe\" /IM PccNTMon.exe /F", "EventID": "1", "LogonGuid": "C784477D-F7E2-62FD-0AA6-030000000000", "LogonId": "239114", "Image": "C:\\Windows\\System32\\taskkill.exe", "IntegrityLevel": "High", "ParentCommandLine": "\"C:\\Users\\george\\Desktop\\executable.exe\" ", "UtcTime": "1665485342", "RuleName": "-"}}, {"values": {"TerminalSessionId": "1", "ProcessGuid": "{C784477D-4A1F-6345-D206-000000003000}", "ProcessId": "3204", "Product": "Microsoft\\xae Windows\\xae Operating System", "Description": "Terminates Processes", "Company": "Microsoft Corporation", "ParentProcessGuid": "{C784477D-49E1-6345-6706-000000003000}", "User": "DESKTOP-B0T93D6\\george", "Hashes": "MD5=530C6A6CBA137EAA7021CEF9B234E8D4,SHA256=26B9B184C2F7F60811C0C4CB25C12568D996AC1ECE0EF64AA1B9E8F39AEA74D7,IMPHASH=100938B32F577E925618EA395A8C469B", "OriginalFileName": "taskkill.exe", "ParentImage": "C:\\Users\\george\\Desktop\\executable.exe", "FileVersion": "10.0.17134.1 (WinBuild.160101.0800)", "ParentProcessId": "6852", "CurrentDirectory": "C:\\Users\\george\\Desktop\\", "CommandLine": "\"taskkill.exe\" /IM mysqld-nt.exe /F", "EventID": "1", "LogonGuid": "C784477D-F7E2-62FD-0AA6-030000000000", "LogonId": "239114", "Image": "C:\\Windows\\System32\\taskkill.exe", "IntegrityLevel": "High", "ParentCommandLine": "\"C:\\Users\\george\\Desktop\\executable.exe\" ", "UtcTime": "1665485343", "RuleName": "-"}}, {"values": {"TerminalSessionId": "1", "ProcessGuid": "{C784477D-4A20-6345-D506-000000003000}", "ProcessId": "3932", "Product": "Microsoft\\xae Windows\\xae Operating System", "Description": "Terminates Processes", "Company": "Microsoft Corporation", "ParentProcessGuid": "{C784477D-49E1-6345-6706-000000003000}", "User": "DESKTOP-B0T93D6\\george", "Hashes": "MD5=530C6A6CBA137EAA7021CEF9B234E8D4,SHA256=26B9B184C2F7F60811C0C4CB25C12568D996AC1ECE0EF64AA1B9E8F39AEA74D7,IMPHASH=100938B32F577E925618EA395A8C469B", "OriginalFileName": "taskkill.exe", "ParentImage": "C:\\Users\\george\\Desktop\\executable.exe", "FileVersion": "10.0.17134.1 (WinBuild.160101.0800)", "ParentProcessId": "6852", "CurrentDirectory": "C:\\Users\\george\\Desktop\\", "CommandLine": "\"taskkill.exe\" /IM wordpad.exe /F", "EventID": "1", "LogonGuid": "C784477D-F7E2-62FD-0AA6-030000000000", "LogonId": "239114", "Image": "C:\\Windows\\System32\\taskkill.exe", "IntegrityLevel": "High", "ParentCommandLine": "\"C:\\Users\\george\\Desktop\\executable.exe\" ", "UtcTime": "1665485344", "RuleName": "-"}}, {"values": {"TerminalSessionId": "1", "ProcessGuid": "{C784477D-4A21-6345-D606-000000003000}", "ProcessId": "5492", "Product": "Microsoft\\xae Windows\\xae Operating System", "Description": "Terminates Processes", "Company": "Microsoft Corporation", "ParentProcessGuid": "{C784477D-49E1-6345-6706-000000003000}", "User": "DESKTOP-B0T93D6\\george", "Hashes": "MD5=530C6A6CBA137EAA7021CEF9B234E8D4,SHA256=26B9B184C2F7F60811C0C4CB25C12568D996AC1ECE0EF64AA1B9E8F39AEA74D7,IMPHASH=100938B32F577E925618EA395A8C469B", "OriginalFileName": "taskkill.exe", "ParentImage": "C:\\Users\\george\\Desktop\\executable.exe", "FileVersion": "10.0.17134.1 (WinBuild.160101.0800)", "ParentProcessId": "6852", "CurrentDirectory": "C:\\Users\\george\\Desktop\\", "CommandLine": "\"taskkill.exe\" /IM mysqld.exe /F", "EventID": "1", "LogonGuid": "C784477D-F7E2-62FD-0AA6-030000000000", "LogonId": "239114", "Image": "C:\\Windows\\System32\\taskkill.exe", "IntegrityLevel": "High", "ParentCommandLine": "\"C:\\Users\\george\\Desktop\\executable.exe\" ", "UtcTime": "1665485345", "RuleName": "-"}}, {"values": {"TerminalSessionId": "1", "ProcessGuid": "{C784477D-4A22-6345-D806-000000003000}", "ProcessId": "6264", "Product": "Microsoft\\xae Windows\\xae Operating System", "Description": "Terminates Processes", "Company": "Microsoft Corporation", "ParentProcessGuid": "{C784477D-49E1-6345-6706-000000003000}", "User": "DESKTOP-B0T93D6\\george", "Hashes": "MD5=530C6A6CBA137EAA7021CEF9B234E8D4,SHA256=26B9B184C2F7F60811C0C4CB25C12568D996AC1ECE0EF64AA1B9E8F39AEA74D7,IMPHASH=100938B32F577E925618EA395A8C469B", "OriginalFileName": "taskkill.exe", "ParentImage": "C:\\Users\\george\\Desktop\\executable.exe", "FileVersion": "10.0.17134.1 (WinBuild.160101.0800)", "ParentProcessId": "6852", "CurrentDirectory": "C:\\Users\\george\\Desktop\\", "CommandLine": "\"taskkill.exe\" /IM thebat.exe /F", "EventID": "1", "LogonGuid": "C784477D-F7E2-62FD-0AA6-030000000000", "LogonId": "239114", "Image": "C:\\Windows\\System32\\taskkill.exe", "IntegrityLevel": "High", "ParentCommandLine": "\"C:\\Users\\george\\Desktop\\executable.exe\" ", "UtcTime": "1665485346", "RuleName": "-"}}, {"values": {"TerminalSessionId": "1", "ProcessGuid": "{C784477D-4A22-6345-DA06-000000003000}", "ProcessId": "3436", "Product": "Microsoft\\xae Windows\\xae Operating System", "Description": "Terminates Processes", "Company": "Microsoft Corporation", "ParentProcessGuid": "{C784477D-49E1-6345-6706-000000003000}", "User": "DESKTOP-B0T93D6\\george", "Hashes": "MD5=530C6A6CBA137EAA7021CEF9B234E8D4,SHA256=26B9B184C2F7F60811C0C4CB25C12568D996AC1ECE0EF64AA1B9E8F39AEA74D7,IMPHASH=100938B32F577E925618EA395A8C469B", "OriginalFileName": "taskkill.exe", "ParentImage": "C:\\Users\\george\\Desktop\\executable.exe", "FileVersion": "10.0.17134.1 (WinBuild.160101.0800)", "ParentProcessId": "6852", "CurrentDirectory": "C:\\Users\\george\\Desktop\\", "CommandLine": "\"taskkill.exe\" /IM dbeng50.exe /F", "EventID": "1", "LogonGuid": "C784477D-F7E2-62FD-0AA6-030000000000", "LogonId": "239114", "Image": "C:\\Windows\\System32\\taskkill.exe", "IntegrityLevel": "High", "ParentCommandLine": "\"C:\\Users\\george\\Desktop\\executable.exe\" ", "UtcTime": "1665485346", "RuleName": "-"}}, {"values": {"TerminalSessionId": "1", "ProcessGuid": "{C784477D-4A23-6345-DD06-000000003000}", "ProcessId": "3928", "Product": "Microsoft\\xae Windows\\xae Operating System", "Description": "Terminates Processes", "Company": "Microsoft Corporation", "ParentProcessGuid": "{C784477D-49E1-6345-6706-000000003000}", "User": "DESKTOP-B0T93D6\\george", "Hashes": "MD5=530C6A6CBA137EAA7021CEF9B234E8D4,SHA256=26B9B184C2F7F60811C0C4CB25C12568D996AC1ECE0EF64AA1B9E8F39AEA74D7,IMPHASH=100938B32F577E925618EA395A8C469B", "OriginalFileName": "taskkill.exe", "ParentImage": "C:\\Users\\george\\Desktop\\executable.exe", "FileVersion": "10.0.17134.1 (WinBuild.160101.0800)", "ParentProcessId": "6852", "CurrentDirectory": "C:\\Users\\george\\Desktop\\", "CommandLine": "\"taskkill.exe\" /IM steam.exe /F", "EventID": "1", "LogonGuid": "C784477D-F7E2-62FD-0AA6-030000000000", "LogonId": "239114", "Image": "C:\\Windows\\System32\\taskkill.exe", "IntegrityLevel": "High", "ParentCommandLine": "\"C:\\Users\\george\\Desktop\\executable.exe\" ", "UtcTime": "1665485347", "RuleName": "-"}}, {"values": {"TerminalSessionId": "1", "ProcessGuid": "{C784477D-4A24-6345-DE06-000000003000}", "ProcessId": "1236", "Product": "Microsoft\\xae Windows\\xae Operating System", "Description": "Terminates Processes", "Company": "Microsoft Corporation", "ParentProcessGuid": "{C784477D-49E1-6345-6706-000000003000}", "User": "DESKTOP-B0T93D6\\george", "Hashes": "MD5=530C6A6CBA137EAA7021CEF9B234E8D4,SHA256=26B9B184C2F7F60811C0C4CB25C12568D996AC1ECE0EF64AA1B9E8F39AEA74D7,IMPHASH=100938B32F577E925618EA395A8C469B", "OriginalFileName": "taskkill.exe", "ParentImage": "C:\\Users\\george\\Desktop\\executable.exe", "FileVersion": "10.0.17134.1 (WinBuild.160101.0800)", "ParentProcessId": "6852", "CurrentDirectory": "C:\\Users\\george\\Desktop\\", "CommandLine": "\"taskkill.exe\" /IM winword.exe /F", "EventID": "1", "LogonGuid": "C784477D-F7E2-62FD-0AA6-030000000000", "LogonId": "239114", "Image": "C:\\Windows\\System32\\taskkill.exe", "IntegrityLevel": "High", "ParentCommandLine": "\"C:\\Users\\george\\Desktop\\executable.exe\" ", "UtcTime": "1665485348", "RuleName": "-"}}, {"values": {"TerminalSessionId": "1", "ProcessGuid": "{C784477D-4A25-6345-E006-000000003000}", "ProcessId": "7440", "Product": "Microsoft\\xae Windows\\xae Operating System", "Description": "Terminates Processes", "Company": "Microsoft Corporation", "ParentProcessGuid": "{C784477D-49E1-6345-6706-000000003000}", "User": "DESKTOP-B0T93D6\\george", "Hashes": "MD5=530C6A6CBA137EAA7021CEF9B234E8D4,SHA256=26B9B184C2F7F60811C0C4CB25C12568D996AC1ECE0EF64AA1B9E8F39AEA74D7,IMPHASH=100938B32F577E925618EA395A8C469B", "OriginalFileName": "taskkill.exe", "ParentImage": "C:\\Users\\george\\Desktop\\executable.exe", "FileVersion": "10.0.17134.1 (WinBuild.160101.0800)", "ParentProcessId": "6852", "CurrentDirectory": "C:\\Users\\george\\Desktop\\", "CommandLine": "\"taskkill.exe\" /IM excel.exe /F", "EventID": "1", "LogonGuid": "C784477D-F7E2-62FD-0AA6-030000000000", "LogonId": "239114", "Image": "C:\\Windows\\System32\\taskkill.exe", "IntegrityLevel": "High", "ParentCommandLine": "\"C:\\Users\\george\\Desktop\\executable.exe\" ", "UtcTime": "1665485349", "RuleName": "-"}}, {"values": {"TerminalSessionId": "1", "ProcessGuid": "{C784477D-4A26-6345-E206-000000003000}", "ProcessId": "3384", "Product": "Microsoft\\xae Windows\\xae Operating System", "Description": "Terminates Processes", "Company": "Microsoft Corporation", "ParentProcessGuid": "{C784477D-49E1-6345-6706-000000003000}", "User": "DESKTOP-B0T93D6\\george", "Hashes": "MD5=530C6A6CBA137EAA7021CEF9B234E8D4,SHA256=26B9B184C2F7F60811C0C4CB25C12568D996AC1ECE0EF64AA1B9E8F39AEA74D7,IMPHASH=100938B32F577E925618EA395A8C469B", "OriginalFileName": "taskkill.exe", "ParentImage": "C:\\Users\\george\\Desktop\\executable.exe", "FileVersion": "10.0.17134.1 (WinBuild.160101.0800)", "ParentProcessId": "6852", "CurrentDirectory": "C:\\Users\\george\\Desktop\\", "CommandLine": "\"taskkill.exe\" /IM mbamtray.exe /F", "EventID": "1", "LogonGuid": "C784477D-F7E2-62FD-0AA6-030000000000", "LogonId": "239114", "Image": "C:\\Windows\\System32\\taskkill.exe", "IntegrityLevel": "High", "ParentCommandLine": "\"C:\\Users\\george\\Desktop\\executable.exe\" ", "UtcTime": "1665485350", "RuleName": "-"}}, {"values": {"TerminalSessionId": "1", "ProcessGuid": "{C784477D-4A26-6345-E506-000000003000}", "ProcessId": "7648", "Product": "Microsoft\\xae Windows\\xae Operating System", "Description": "Terminates Processes", "Company": "Microsoft Corporation", "ParentProcessGuid": "{C784477D-49E1-6345-6706-000000003000}", "User": "DESKTOP-B0T93D6\\george", "Hashes": "MD5=530C6A6CBA137EAA7021CEF9B234E8D4,SHA256=26B9B184C2F7F60811C0C4CB25C12568D996AC1ECE0EF64AA1B9E8F39AEA74D7,IMPHASH=100938B32F577E925618EA395A8C469B", "OriginalFileName": "taskkill.exe", "ParentImage": "C:\\Users\\george\\Desktop\\executable.exe", "FileVersion": "10.0.17134.1 (WinBuild.160101.0800)", "ParentProcessId": "6852", "CurrentDirectory": "C:\\Users\\george\\Desktop\\", "CommandLine": "\"taskkill.exe\" /IM isqlplussvc.exe /F", "EventID": "1", "LogonGuid": "C784477D-F7E2-62FD-0AA6-030000000000", "LogonId": "239114", "Image": "C:\\Windows\\System32\\taskkill.exe", "IntegrityLevel": "High", "ParentCommandLine": "\"C:\\Users\\george\\Desktop\\executable.exe\" ", "UtcTime": "1665485350", "RuleName": "-"}}, {"values": {"TerminalSessionId": "1", "ProcessGuid": "{C784477D-4A28-6345-E806-000000003000}", "ProcessId": "7748", "Product": "Microsoft\\xae Windows\\xae Operating System", "Description": "Terminates Processes", "Company": "Microsoft Corporation", "ParentProcessGuid": "{C784477D-49E1-6345-6706-000000003000}", "User": "DESKTOP-B0T93D6\\george", "Hashes": "MD5=530C6A6CBA137EAA7021CEF9B234E8D4,SHA256=26B9B184C2F7F60811C0C4CB25C12568D996AC1ECE0EF64AA1B9E8F39AEA74D7,IMPHASH=100938B32F577E925618EA395A8C469B", "OriginalFileName": "taskkill.exe", "ParentImage": "C:\\Users\\george\\Desktop\\executable.exe", "FileVersion": "10.0.17134.1 (WinBuild.160101.0800)", "ParentProcessId": "6852", "CurrentDirectory": "C:\\Users\\george\\Desktop\\", "CommandLine": "\"taskkill.exe\" /IM outlook.exe /F", "EventID": "1", "LogonGuid": "C784477D-F7E2-62FD-0AA6-030000000000", "LogonId": "239114", "Image": "C:\\Windows\\System32\\taskkill.exe", "IntegrityLevel": "High", "ParentCommandLine": "\"C:\\Users\\george\\Desktop\\executable.exe\" ", "UtcTime": "1665485352", "RuleName": "-"}}, {"values": {"TerminalSessionId": "1", "ProcessGuid": "{C784477D-4A29-6345-EA06-000000003000}", "ProcessId": "7724", "Product": "Microsoft\\xae Windows\\xae Operating System", "Description": "Terminates Processes", "Company": "Microsoft Corporation", "ParentProcessGuid": "{C784477D-49E1-6345-6706-000000003000}", "User": "DESKTOP-B0T93D6\\george", "Hashes": "MD5=530C6A6CBA137EAA7021CEF9B234E8D4,SHA256=26B9B184C2F7F60811C0C4CB25C12568D996AC1ECE0EF64AA1B9E8F39AEA74D7,IMPHASH=100938B32F577E925618EA395A8C469B", "OriginalFileName": "taskkill.exe", "ParentImage": "C:\\Users\\george\\Desktop\\executable.exe", "FileVersion": "10.0.17134.1 (WinBuild.160101.0800)", "ParentProcessId": "6852", "CurrentDirectory": "C:\\Users\\george\\Desktop\\", "CommandLine": "\"taskkill.exe\" /IM infopath.exe /F", "EventID": "1", "LogonGuid": "C784477D-F7E2-62FD-0AA6-030000000000", "LogonId": "239114", "Image": "C:\\Windows\\System32\\taskkill.exe", "IntegrityLevel": "High", "ParentCommandLine": "\"C:\\Users\\george\\Desktop\\executable.exe\" ", "UtcTime": "1665485353", "RuleName": "-"}}, {"values": {"TerminalSessionId": "1", "ProcessGuid": "{C784477D-4A29-6345-EC06-000000003000}", "ProcessId": "5932", "Product": "Microsoft\\xae Windows\\xae Operating System", "Description": "Terminates Processes", "Company": "Microsoft Corporation", "ParentProcessGuid": "{C784477D-49E1-6345-6706-000000003000}", "User": "DESKTOP-B0T93D6\\george", "Hashes": "MD5=530C6A6CBA137EAA7021CEF9B234E8D4,SHA256=26B9B184C2F7F60811C0C4CB25C12568D996AC1ECE0EF64AA1B9E8F39AEA74D7,IMPHASH=100938B32F577E925618EA395A8C469B", "OriginalFileName": "taskkill.exe", "ParentImage": "C:\\Users\\george\\Desktop\\executable.exe", "FileVersion": "10.0.17134.1 (WinBuild.160101.0800)", "ParentProcessId": "6852", "CurrentDirectory": "C:\\Users\\george\\Desktop\\", "CommandLine": "\"taskkill.exe\" /IM agntsvc.exe /F", "EventID": "1", "LogonGuid": "C784477D-F7E2-62FD-0AA6-030000000000", "LogonId": "239114", "Image": "C:\\Windows\\System32\\taskkill.exe", "IntegrityLevel": "High", "ParentCommandLine": "\"C:\\Users\\george\\Desktop\\executable.exe\" ", "UtcTime": "1665485353", "RuleName": "-"}}, {"values": {"TerminalSessionId": "1", "ProcessGuid": "{C784477D-4A2A-6345-EE06-000000003000}", "ProcessId": "7612", "Product": "Microsoft\\xae Windows\\xae Operating System", "Description": "Terminates Processes", "Company": "Microsoft Corporation", "ParentProcessGuid": "{C784477D-49E1-6345-6706-000000003000}", "User": "DESKTOP-B0T93D6\\george", "Hashes": "MD5=530C6A6CBA137EAA7021CEF9B234E8D4,SHA256=26B9B184C2F7F60811C0C4CB25C12568D996AC1ECE0EF64AA1B9E8F39AEA74D7,IMPHASH=100938B32F577E925618EA395A8C469B", "OriginalFileName": "taskkill.exe", "ParentImage": "C:\\Users\\george\\Desktop\\executable.exe", "FileVersion": "10.0.17134.1 (WinBuild.160101.0800)", "ParentProcessId": "6852", "CurrentDirectory": "C:\\Users\\george\\Desktop\\", "CommandLine": "\"taskkill.exe\" /IM tmlisten.exe /F", "EventID": "1", "LogonGuid": "C784477D-F7E2-62FD-0AA6-030000000000", "LogonId": "239114", "Image": "C:\\Windows\\System32\\taskkill.exe", "IntegrityLevel": "High", "ParentCommandLine": "\"C:\\Users\\george\\Desktop\\executable.exe\" ", "UtcTime": "1665485354", "RuleName": "-"}}, {"values": {"TerminalSessionId": "1", "ProcessGuid": "{C784477D-4A2B-6345-F006-000000003000}", "ProcessId": "3860", "Product": "Microsoft\\xae Windows\\xae Operating System", "Description": "Terminates Processes", "Company": "Microsoft Corporation", "ParentProcessGuid": "{C784477D-49E1-6345-6706-000000003000}", "User": "DESKTOP-B0T93D6\\george", "Hashes": "MD5=530C6A6CBA137EAA7021CEF9B234E8D4,SHA256=26B9B184C2F7F60811C0C4CB25C12568D996AC1ECE0EF64AA1B9E8F39AEA74D7,IMPHASH=100938B32F577E925618EA395A8C469B", "OriginalFileName": "taskkill.exe", "ParentImage": "C:\\Users\\george\\Desktop\\executable.exe", "FileVersion": "10.0.17134.1 (WinBuild.160101.0800)", "ParentProcessId": "6852", "CurrentDirectory": "C:\\Users\\george\\Desktop\\", "CommandLine": "\"taskkill.exe\" /IM ocautoupds.exe /F", "EventID": "1", "LogonGuid": "C784477D-F7E2-62FD-0AA6-030000000000", "LogonId": "239114", "Image": "C:\\Windows\\System32\\taskkill.exe", "IntegrityLevel": "High", "ParentCommandLine": "\"C:\\Users\\george\\Desktop\\executable.exe\" ", "UtcTime": "1665485355", "RuleName": "-"}}, {"values": {"TerminalSessionId": "1", "ProcessGuid": "{C784477D-4A2B-6345-F206-000000003000}", "ProcessId": "7840", "Product": "Microsoft\\xae Windows\\xae Operating System", "Description": "Terminates Processes", "Company": "Microsoft Corporation", "ParentProcessGuid": "{C784477D-49E1-6345-6706-000000003000}", "User": "DESKTOP-B0T93D6\\george", "Hashes": "MD5=530C6A6CBA137EAA7021CEF9B234E8D4,SHA256=26B9B184C2F7F60811C0C4CB25C12568D996AC1ECE0EF64AA1B9E8F39AEA74D7,IMPHASH=100938B32F577E925618EA395A8C469B", "OriginalFileName": "taskkill.exe", "ParentImage": "C:\\Users\\george\\Desktop\\executable.exe", "FileVersion": "10.0.17134.1 (WinBuild.160101.0800)", "ParentProcessId": "6852", "CurrentDirectory": "C:\\Users\\george\\Desktop\\", "CommandLine": "\"taskkill.exe\" /IM ocssd.exe /F", "EventID": "1", "LogonGuid": "C784477D-F7E2-62FD-0AA6-030000000000", "LogonId": "239114", "Image": "C:\\Windows\\System32\\taskkill.exe", "IntegrityLevel": "High", "ParentCommandLine": "\"C:\\Users\\george\\Desktop\\executable.exe\" ", "UtcTime": "1665485355", "RuleName": "-"}}, {"values": {"TerminalSessionId": "1", "ProcessGuid": "{C784477D-4A2C-6345-F406-000000003000}", "ProcessId": "7540", "Product": "Microsoft\\xae Windows\\xae Operating System", "Description": "Terminates Processes", "Company": "Microsoft Corporation", "ParentProcessGuid": "{C784477D-49E1-6345-6706-000000003000}", "User": "DESKTOP-B0T93D6\\george", "Hashes": "MD5=530C6A6CBA137EAA7021CEF9B234E8D4,SHA256=26B9B184C2F7F60811C0C4CB25C12568D996AC1ECE0EF64AA1B9E8F39AEA74D7,IMPHASH=100938B32F577E925618EA395A8C469B", "OriginalFileName": "taskkill.exe", "ParentImage": "C:\\Users\\george\\Desktop\\executable.exe", "FileVersion": "10.0.17134.1 (WinBuild.160101.0800)", "ParentProcessId": "6852", "CurrentDirectory": "C:\\Users\\george\\Desktop\\", "CommandLine": "\"taskkill.exe\" /IM msaccess.exe /F", "EventID": "1", "LogonGuid": "C784477D-F7E2-62FD-0AA6-030000000000", "LogonId": "239114", "Image": "C:\\Windows\\System32\\taskkill.exe", "IntegrityLevel": "High", "ParentCommandLine": "\"C:\\Users\\george\\Desktop\\executable.exe\" ", "UtcTime": "1665485356", "RuleName": "-"}}, {"values": {"TerminalSessionId": "1", "ProcessGuid": "{C784477D-4A2D-6345-F706-000000003000}", "ProcessId": "7208", "Product": "Microsoft\\xae Windows\\xae Operating System", "Description": "Terminates Processes", "Company": "Microsoft Corporation", "ParentProcessGuid": "{C784477D-49E1-6345-6706-000000003000}", "User": "DESKTOP-B0T93D6\\george", "Hashes": "MD5=530C6A6CBA137EAA7021CEF9B234E8D4,SHA256=26B9B184C2F7F60811C0C4CB25C12568D996AC1ECE0EF64AA1B9E8F39AEA74D7,IMPHASH=100938B32F577E925618EA395A8C469B", "OriginalFileName": "taskkill.exe", "ParentImage": "C:\\Users\\george\\Desktop\\executable.exe", "FileVersion": "10.0.17134.1 (WinBuild.160101.0800)", "ParentProcessId": "6852", "CurrentDirectory": "C:\\Users\\george\\Desktop\\", "CommandLine": "\"taskkill.exe\" /IM sqlagent.exe /F", "EventID": "1", "LogonGuid": "C784477D-F7E2-62FD-0AA6-030000000000", "LogonId": "239114", "Image": "C:\\Windows\\System32\\taskkill.exe", "IntegrityLevel": "High", "ParentCommandLine": "\"C:\\Users\\george\\Desktop\\executable.exe\" ", "UtcTime": "1665485357", "RuleName": "-"}}, {"values": {"TerminalSessionId": "1", "ProcessGuid": "{C784477D-4A2E-6345-F806-000000003000}", "ProcessId": "7392", "Product": "Microsoft\\xae Windows\\xae Operating System", "Description": "Terminates Processes", "Company": "Microsoft Corporation", "ParentProcessGuid": "{C784477D-49E1-6345-6706-000000003000}", "User": "DESKTOP-B0T93D6\\george", "Hashes": "MD5=530C6A6CBA137EAA7021CEF9B234E8D4,SHA256=26B9B184C2F7F60811C0C4CB25C12568D996AC1ECE0EF64AA1B9E8F39AEA74D7,IMPHASH=100938B32F577E925618EA395A8C469B", "OriginalFileName": "taskkill.exe", "ParentImage": "C:\\Users\\george\\Desktop\\executable.exe", "FileVersion": "10.0.17134.1 (WinBuild.160101.0800)", "ParentProcessId": "6852", "CurrentDirectory": "C:\\Users\\george\\Desktop\\", "CommandLine": "\"taskkill.exe\" /IM mysqld-opt.exe /F", "EventID": "1", "LogonGuid": "C784477D-F7E2-62FD-0AA6-030000000000", "LogonId": "239114", "Image": "C:\\Windows\\System32\\taskkill.exe", "IntegrityLevel": "High", "ParentCommandLine": "\"C:\\Users\\george\\Desktop\\executable.exe\" ", "UtcTime": "1665485358", "RuleName": "-"}}, {"values": {"TerminalSessionId": "1", "ProcessGuid": "{C784477D-4A2E-6345-FA06-000000003000}", "ProcessId": "256", "Product": "Microsoft\\xae Windows\\xae Operating System", "Description": "Terminates Processes", "Company": "Microsoft Corporation", "ParentProcessGuid": "{C784477D-49E1-6345-6706-000000003000}", "User": "DESKTOP-B0T93D6\\george", "Hashes": "MD5=530C6A6CBA137EAA7021CEF9B234E8D4,SHA256=26B9B184C2F7F60811C0C4CB25C12568D996AC1ECE0EF64AA1B9E8F39AEA74D7,IMPHASH=100938B32F577E925618EA395A8C469B", "OriginalFileName": "taskkill.exe", "ParentImage": "C:\\Users\\george\\Desktop\\executable.exe", "FileVersion": "10.0.17134.1 (WinBuild.160101.0800)", "ParentProcessId": "6852", "CurrentDirectory": "C:\\Users\\george\\Desktop\\", "CommandLine": "\"taskkill.exe\" /IM encsvc.exe /F", "EventID": "1", "LogonGuid": "C784477D-F7E2-62FD-0AA6-030000000000", "LogonId": "239114", "Image": "C:\\Windows\\System32\\taskkill.exe", "IntegrityLevel": "High", "ParentCommandLine": "\"C:\\Users\\george\\Desktop\\executable.exe\" ", "UtcTime": "1665485358", "RuleName": "-"}}, {"values": {"TerminalSessionId": "1", "ProcessGuid": "{C784477D-4A2F-6345-FC06-000000003000}", "ProcessId": "7948", "Product": "Microsoft\\xae Windows\\xae Operating System", "Description": "Terminates Processes", "Company": "Microsoft Corporation", "ParentProcessGuid": "{C784477D-49E1-6345-6706-000000003000}", "User": "DESKTOP-B0T93D6\\george", "Hashes": "MD5=530C6A6CBA137EAA7021CEF9B234E8D4,SHA256=26B9B184C2F7F60811C0C4CB25C12568D996AC1ECE0EF64AA1B9E8F39AEA74D7,IMPHASH=100938B32F577E925618EA395A8C469B", "OriginalFileName": "taskkill.exe", "ParentImage": "C:\\Users\\george\\Desktop\\executable.exe", "FileVersion": "10.0.17134.1 (WinBuild.160101.0800)", "ParentProcessId": "6852", "CurrentDirectory": "C:\\Users\\george\\Desktop\\", "CommandLine": "\"taskkill.exe\" /IM zoolz.exe /F", "EventID": "1", "LogonGuid": "C784477D-F7E2-62FD-0AA6-030000000000", "LogonId": "239114", "Image": "C:\\Windows\\System32\\taskkill.exe", "IntegrityLevel": "High", "ParentCommandLine": "\"C:\\Users\\george\\Desktop\\executable.exe\" ", "UtcTime": "1665485359", "RuleName": "-"}}, {"values": {"TerminalSessionId": "1", "ProcessGuid": "{C784477D-4A30-6345-FE06-000000003000}", "ProcessId": "7596", "Product": "Microsoft\\xae Windows\\xae Operating System", "Description": "Terminates Processes", "Company": "Microsoft Corporation", "ParentProcessGuid": "{C784477D-49E1-6345-6706-000000003000}", "User": "DESKTOP-B0T93D6\\george", "Hashes": "MD5=530C6A6CBA137EAA7021CEF9B234E8D4,SHA256=26B9B184C2F7F60811C0C4CB25C12568D996AC1ECE0EF64AA1B9E8F39AEA74D7,IMPHASH=100938B32F577E925618EA395A8C469B", "OriginalFileName": "taskkill.exe", "ParentImage": "C:\\Users\\george\\Desktop\\executable.exe", "FileVersion": "10.0.17134.1 (WinBuild.160101.0800)", "ParentProcessId": "6852", "CurrentDirectory": "C:\\Users\\george\\Desktop\\", "CommandLine": "\"taskkill.exe\" /IM dbsnmp.exe /F", "EventID": "1", "LogonGuid": "C784477D-F7E2-62FD-0AA6-030000000000", "LogonId": "239114", "Image": "C:\\Windows\\System32\\taskkill.exe", "IntegrityLevel": "High", "ParentCommandLine": "\"C:\\Users\\george\\Desktop\\executable.exe\" ", "UtcTime": "1665485360", "RuleName": "-"}}, {"values": {"TerminalSessionId": "1", "ProcessGuid": "{C784477D-4A31-6345-0007-000000003000}", "ProcessId": "1568", "Product": "Microsoft\\xae Windows\\xae Operating System", "Description": "Terminates Processes", "Company": "Microsoft Corporation", "ParentProcessGuid": "{C784477D-49E1-6345-6706-000000003000}", "User": "DESKTOP-B0T93D6\\george", "Hashes": "MD5=530C6A6CBA137EAA7021CEF9B234E8D4,SHA256=26B9B184C2F7F60811C0C4CB25C12568D996AC1ECE0EF64AA1B9E8F39AEA74D7,IMPHASH=100938B32F577E925618EA395A8C469B", "OriginalFileName": "taskkill.exe", "ParentImage": "C:\\Users\\george\\Desktop\\executable.exe", "FileVersion": "10.0.17134.1 (WinBuild.160101.0800)", "ParentProcessId": "6852", "CurrentDirectory": "C:\\Users\\george\\Desktop\\", "CommandLine": "\"taskkill.exe\" /IM msftesql.exe /F", "EventID": "1", "LogonGuid": "C784477D-F7E2-62FD-0AA6-030000000000", "LogonId": "239114", "Image": "C:\\Windows\\System32\\taskkill.exe", "IntegrityLevel": "High", "ParentCommandLine": "\"C:\\Users\\george\\Desktop\\executable.exe\" ", "UtcTime": "1665485361", "RuleName": "-"}}, {"values": {"TerminalSessionId": "1", "ProcessGuid": "{C784477D-4A32-6345-0207-000000003000}", "ProcessId": "424", "Product": "Microsoft\\xae Windows\\xae Operating System", "Description": "Terminates Processes", "Company": "Microsoft Corporation", "ParentProcessGuid": "{C784477D-49E1-6345-6706-000000003000}", "User": "DESKTOP-B0T93D6\\george", "Hashes": "MD5=530C6A6CBA137EAA7021CEF9B234E8D4,SHA256=26B9B184C2F7F60811C0C4CB25C12568D996AC1ECE0EF64AA1B9E8F39AEA74D7,IMPHASH=100938B32F577E925618EA395A8C469B", "OriginalFileName": "taskkill.exe", "ParentImage": "C:\\Users\\george\\Desktop\\executable.exe", "FileVersion": "10.0.17134.1 (WinBuild.160101.0800)", "ParentProcessId": "6852", "CurrentDirectory": "C:\\Users\\george\\Desktop\\", "CommandLine": "\"taskkill.exe\" /IM oracle.exe /F", "EventID": "1", "LogonGuid": "C784477D-F7E2-62FD-0AA6-030000000000", "LogonId": "239114", "Image": "C:\\Windows\\System32\\taskkill.exe", "IntegrityLevel": "High", "ParentCommandLine": "\"C:\\Users\\george\\Desktop\\executable.exe\" ", "UtcTime": "1665485362", "RuleName": "-"}}, {"values": {"TerminalSessionId": "1", "ProcessGuid": "{C784477D-4A33-6345-0507-000000003000}", "ProcessId": "8152", "Product": "Microsoft\\xae Windows\\xae Operating System", "Description": "Terminates Processes", "Company": "Microsoft Corporation", "ParentProcessGuid": "{C784477D-49E1-6345-6706-000000003000}", "User": "DESKTOP-B0T93D6\\george", "Hashes": "MD5=530C6A6CBA137EAA7021CEF9B234E8D4,SHA256=26B9B184C2F7F60811C0C4CB25C12568D996AC1ECE0EF64AA1B9E8F39AEA74D7,IMPHASH=100938B32F577E925618EA395A8C469B", "OriginalFileName": "taskkill.exe", "ParentImage": "C:\\Users\\george\\Desktop\\executable.exe", "FileVersion": "10.0.17134.1 (WinBuild.160101.0800)", "ParentProcessId": "6852", "CurrentDirectory": "C:\\Users\\george\\Desktop\\", "CommandLine": "\"taskkill.exe\" /IM powerpnt.exe /F", "EventID": "1", "LogonGuid": "C784477D-F7E2-62FD-0AA6-030000000000", "LogonId": "239114", "Image": "C:\\Windows\\System32\\taskkill.exe", "IntegrityLevel": "High", "ParentCommandLine": "\"C:\\Users\\george\\Desktop\\executable.exe\" ", "UtcTime": "1665485363", "RuleName": "-"}}, {"values": {"TerminalSessionId": "1", "ProcessGuid": "{C784477D-4A35-6345-0707-000000003000}", "ProcessId": "4044", "Product": "Microsoft\\xae Windows\\xae Operating System", "Description": "Terminates Processes", "Company": "Microsoft Corporation", "ParentProcessGuid": "{C784477D-49E1-6345-6706-000000003000}", "User": "DESKTOP-B0T93D6\\george", "Hashes": "MD5=530C6A6CBA137EAA7021CEF9B234E8D4,SHA256=26B9B184C2F7F60811C0C4CB25C12568D996AC1ECE0EF64AA1B9E8F39AEA74D7,IMPHASH=100938B32F577E925618EA395A8C469B", "OriginalFileName": "taskkill.exe", "ParentImage": "C:\\Users\\george\\Desktop\\executable.exe", "FileVersion": "10.0.17134.1 (WinBuild.160101.0800)", "ParentProcessId": "6852", "CurrentDirectory": "C:\\Users\\george\\Desktop\\", "CommandLine": "\"taskkill.exe\" /IM sql.exe /f", "EventID": "1", "LogonGuid": "C784477D-F7E2-62FD-0AA6-030000000000", "LogonId": "239114", "Image": "C:\\Windows\\System32\\taskkill.exe", "IntegrityLevel": "High", "ParentCommandLine": "\"C:\\Users\\george\\Desktop\\executable.exe\" ", "UtcTime": "1665485365", "RuleName": "-"}}, {"values": {"TerminalSessionId": "1", "ProcessGuid": "{C784477D-4A36-6345-0907-000000003000}", "ProcessId": "8124", "Product": "Microsoft\\xae Windows\\xae Operating System", "Description": "Terminates Processes", "Company": "Microsoft Corporation", "ParentProcessGuid": "{C784477D-49E1-6345-6706-000000003000}", "User": "DESKTOP-B0T93D6\\george", "Hashes": "MD5=530C6A6CBA137EAA7021CEF9B234E8D4,SHA256=26B9B184C2F7F60811C0C4CB25C12568D996AC1ECE0EF64AA1B9E8F39AEA74D7,IMPHASH=100938B32F577E925618EA395A8C469B", "OriginalFileName": "taskkill.exe", "ParentImage": "C:\\Users\\george\\Desktop\\executable.exe", "FileVersion": "10.0.17134.1 (WinBuild.160101.0800)", "ParentProcessId": "6852", "CurrentDirectory": "C:\\Users\\george\\Desktop\\", "CommandLine": "\"taskkill.exe\" /IM sqld.exe /f", "EventID": "1", "LogonGuid": "C784477D-F7E2-62FD-0AA6-030000000000", "LogonId": "239114", "Image": "C:\\Windows\\System32\\taskkill.exe", "IntegrityLevel": "High", "ParentCommandLine": "\"C:\\Users\\george\\Desktop\\executable.exe\" ", "UtcTime": "1665485366", "RuleName": "-"}}, 