{"data": {"id": "1f362c64d29c7800adfe8d870d34c5ae42aa8b629c44f3747a9da2ba782367d5", "type": "file", "links": {"self": "https://www.virustotal.com/api/v3/files/1f362c64d29c7800adfe8d870d34c5ae42aa8b629c44f3747a9da2ba782367d5"}, "attributes": {"last_analysis_stats": {"malicious": 60, "suspicious": 0, "undetected": 12, "harmless": 0, "timeout": 0, "confirmed-timeout": 0, "failure": 0, "type-unsupported": 4}, "ssdeep": "6144:HCJCaUBhwUJH4hsGmdOI0A/YFKXLj80j:cUJYL5FK", "unique_sources": 6, "popular_threat_classification": {"popular_threat_name": [{"value": "blocker", "count": 7}, {"value": "processhijack", "count": 7}, {"value": "aqequkj", "count": 6}], "suggested_threat_label": "trojan.blocker/processhijack", "popular_threat_category": [{"value": "trojan", "count": 21}, {"value": "ransomware", "count": 6}, {"value": "worm", "count": 2}]}, "packers": {"PEiD": "Microsoft Visual Basic v5.0/v6.0"}, "sandbox_verdicts": {"Zenbox": {"category": "malicious", "confidence": 88, "sandbox_name": "Zenbox", "malware_classification": ["MALWARE", "TROJAN", "EVADER"]}, "SecneurX": {"category": "malicious", "sandbox_name": "SecneurX", "malware_classification": ["MALWARE"]}}, "tlsh": "T10A446A2AEBEF2377C03DB1F18A91A426E5109D1721D15B66D0CD320E66A68CF558E3FC", "authentihash": "cffb1d4f3e5dc8aad2d742c37793e0a23d4a320f207d869358df99feb6f158e0", "magic": "PE32 executable (GUI) Intel 80386, for MS Windows", "first_submission_date": 1331101179, "size": 266242, "sha1": "2d4a6c06942462df6f2dc3576d607fc725b2f0c8", "last_analysis_date": 1711876255, "detectiteasy": {"filetype": "PE32", "values": [{"info": "Native", "version": "6.00.8041", "type": "Compiler", "name": "Visual Basic"}, {"version": "6.0", "type": "Linker", "name": "Microsoft Linker"}]}, "names": ["unknown", "bc99ff23d8614604e04df95517b6af15", "0308-2409", "bc99ff23d8614604e04df95517b6af15.exe", "bdfc8480e1e1f263d339092f90c05fa4f303036963cec84ff7be08f0f59896fb7defe2d180424f7f7e08cedf49cb7a0d6c3be1f4d4119916bfd818df0c835d7e", "aa", "ByS_OTdi3.dotx", "Ebw9jbq.txt", "1f362c64d29c7800adfe8d870d34c5ae42aa8b629c44f3747a9da2ba782367d5"], "sha256": "1f362c64d29c7800adfe8d870d34c5ae42aa8b629c44f3747a9da2ba782367d5", "md5": "bc99ff23d8614604e04df95517b6af15", "type_description": "Win32 EXE", "pe_info": {"timestamp": 1316778830, "imphash": "a6523c2085ad90daebc03d67d16f9e33", "machine_type": 332, "entry_point": 5612, "resource_details": [{"lang": "NEUTRAL", "chi2": 83701.59, "filetype": "unknown", "entropy": 1.8926979303359985, "sha256": "c677abe67b49a55f020542629d59684f1acf0f05d5e92327e5196d92f55d31b3", "type": "RT_ICON"}, {"lang": "NEUTRAL", "chi2": 1746.4, "filetype": "ICO", "entropy": 2.081496477127075, "sha256": "51beba327d0c17cc36b97f9648099c3a5f5fd5282c81d96db116314d186ae8ae", "type": "RT_GROUP_ICON"}], "resource_langs": {"NEUTRAL": 2}, "resource_types": {"RT_ICON": 1, "RT_GROUP_ICON": 1}, "overlay": {"chi2": 510.0, "filetype": "unknown", "entropy": 0.0, "offset": 266240, "md5": "c4103f122d27677c9db144cae1394a66", "size": 2}, "sections": [{"name": ".text", "chi2": 2605357.75, "virtual_address": 4096, "entropy": 4.77, "raw_size": 69632, "flags": "rx", "virtual_size": 69084, "md5": "89728e635744c26e40b3c01d8f84fa2c"}, {"name": ".data", "chi2": 34685.74, "virtual_address": 73728, "entropy": 7.94, "raw_size": 188416, "flags": "rw", "virtual_size": 186236, "md5": "bc7f839fccb69a3647b38a9a48d3a531"}, {"name": ".rsrc", "chi2": 897477.88, "virtual_address": 262144, "entropy": 0.61, "raw_size": 4096, "flags": "r", "virtual_size": 924, "md5": "82f28a9c23f5ddf5505cdd18f7912e91"}], "compiler_product_versions": ["id: 0xe, version: 7299 count=1", "id: 0x9, version: 8041 count=2", "id: 0xd, version: 8169 count=1"], "rich_pe_header_hash": "34e48f410508e7bba40b4088001d3459", "import_list": [{"library_name": "MSVBVM60.DLL", "imported_functions": ["__vbaAryConstruct2", "__vbaAryDestruct", "__vbaChkstk", "__vbaErrorOverflow", "__vbaExceptHandler", "__vbaFPException", "__vbaFpI2", "__vbaFpI4", "__vbaFPInt", "__vbaFreeObj", "__vbaFreeStr", "__vbaFreeStrList", "__vbaFreeVar", "__vbaFreeVarList", "__vbaGenerateBoundsError", "__vbaHresultCheckObj", "__vbaI4Str", "__vbaI4Var", "__vbaLenBstr", "__vbaLenVar", "__vbaOnError", "__vbaR8Str", "__vbaSetSystemError", "__vbaStrCopy", "__vbaStrI4", "__vbaStrMove", "__vbaStrVarMove", "__vbaStrVarVal", "__vbaUI1I2", "__vbaUI1I4", "__vbaVarCat", "__vbaVarMove", "__vbaVarVargNofree", "_adj_fdiv_m16i", "_adj_fdiv_m32", "_adj_fdiv_m32i", "_adj_fdiv_m64", "_adj_fdiv_r", "_adj_fdivr_m16i", "_adj_fdivr_m32", "_adj_fdivr_m32i", "_adj_fdivr_m64", "_adj_fpatan", "_adj_fprem", "_adj_fprem1", "_adj_fptan", "_allmul", "_CIatan", "_CIcos", "_CIexp", "_CIlog", "_CIsin", "_CIsqrt", "_CItan", "DllFunctionCall", "EVENT_SINK_AddRef", "EVENT_SINK_QueryInterface", "EVENT_SINK_Release", "Ord(100)", "Ord(516)", "Ord(593)", "Ord(594)", "Ord(598)", "Ord(608)", "Ord(632)", "Ord(644)"]}]}, "sigma_analysis_results": [{"match_context": [{"values": {"TerminalSessionId": "1", "ProcessGuid": "{C784477D-C1D8-638D-720A-000000004700}", "ProcessId": "5392", "Product": "-", "Description": "-", "Company": "-", "ParentProcessGuid": "{C784477D-C1D4-638D-6F0A-000000004700}", "User": "DESKTOP-B0T93D6\\george", "Hashes": "MD5=299C7ADC2BD2B282E496AC72CFB55DAC,SHA256=BE294BCACA68CBA932EAF585C04748563D925C43BE9755B1C81C80C197351383,IMPHASH=A6523C2085AD90DAEBC03D67D16F9E33", "OriginalFileName": "-", "ParentImage": "C:\\Users\\george\\Desktop\\program.exe", "FileVersion": "-", "ParentProcessId": "1656", "CurrentDirectory": "C:\\Users\\george\\Desktop\\", "CommandLine": "  /d C:\\Users\\george\\Desktop\\program.exe", "EventID": "1", "LogonGuid": "C784477D-3D43-6386-A071-040000000000", "LogonId": "291232", "Image": "C:\\Users\\george\\AppData\\Roaming\\spoolsv.exe", "IntegrityLevel": "High", "ParentCommandLine": "\"C:\\Users\\george\\Desktop\\program.exe\"", "UtcTime": "1670234584", "RuleName": "-"}}, {"values": {"TerminalSessionId": "1", "ProcessGuid": "{C784477D-C1DB-638D-740A-000000004700}", "ProcessId": "6184", "Product": "-", "Description": "-", "Company": "-", "ParentProcessGuid": "{C784477D-C1D8-638D-720A-000000004700}", "User": "DESKTOP-B0T93D6\\george", "Hashes": "MD5=299C7ADC2BD2B282E496AC72CFB55DAC,SHA256=BE294BCACA68CBA932EAF585C04748563D925C43BE9755B1C81C80C197351383,IMPHASH=A6523C2085AD90DAEBC03D67D16F9E33", "OriginalFileName": "-", "ParentImage": "C:\\Users\\george\\AppData\\Roaming\\spoolsv.exe", "FileVersion": "-", "ParentProcessId": "5392", "CurrentDirectory": "C:\\Users\\george\\Desktop\\", "CommandLine": "  /d C:\\Users\\george\\Desktop\\program.exe", "EventID": "1", "LogonGuid": "C784477D-3D43-6386-A071-040000000000", "LogonId": "291232", "Image": "C:\\Users\\george\\AppData\\Roaming\\spoolsv.exe", "IntegrityLevel": "High", "ParentCommandLine": "  /d C:\\Users\\george\\Desktop\\program.exe", "UtcTime": "1670234587", "RuleName": "-"}}, {"values": {"TerminalSessionId": "1", "ProcessGuid": "{C784477D-C1DC-638D-750A-000000004700}", "ProcessId": "8", "Product": "-", "Description": "-", "Company": "-", "ParentProcessGuid": "{C784477D-C1DB-638D-740A-000000004700}", "User": "DESKTOP-B0T93D6\\george", "Hashes": "MD5=299C7ADC2BD2B282E496AC72CFB55DAC,SHA256=BE294BCACA68CBA932EAF585C04748563D925C43BE9755B1C81C80C197351383,IMPHASH=A6523C2085AD90DAEBC03D67D16F9E33", "OriginalFileName": "-", "ParentImage": "C:\\Users\\george\\AppData\\Roaming\\spoolsv.exe", "FileVersion": "-", "ParentProcessId": "6184", "CurrentDirectory": "C:\\Users\\george\\Desktop\\", "CommandLine": "  /d C:\\Users\\george\\Desktop\\program.exe", "EventID": "1", "LogonGuid": "C784477D-3D43-6386-A071-040000000000", "LogonId": "291232", "Image": "C:\\Users\\george\\AppData\\Roaming\\spoolsv.exe", "IntegrityLevel": "High", "ParentCommandLine": "  /d C:\\Users\\george\\Desktop\\program.exe", "UtcTime": "1670234588", "RuleName": "-"}}, {"values": {"TerminalSessionId": "1", "ProcessGuid": "{C784477D-C1E2-638D-770A-000000004700}", "ProcessId": "5628", "Product": "-", "Description": "-", "Company": "-", "ParentProcessGuid": "{C784477D-3D44-6386-8100-000000004700}", "User": "DESKTOP-B0T93D6\\george", "Hashes": "MD5=299C7ADC2BD2B282E496AC72CFB55DAC,SHA256=BE294BCACA68CBA932EAF585C04748563D925C43BE9755B1C81C80C197351383,IMPHASH=A6523C2085AD90DAEBC03D67D16F9E33", "OriginalFileName": "-", "ParentImage": "C:\\Windows\\explorer.exe", "FileVersion": "-", "ParentProcessId": "4768", "CurrentDirectory": "C:\\Users\\george\\AppData\\Roaming\\", "CommandLine": "\"C:\\Users\\george\\AppData\\Roaming\\spoolsv.exe\" ", "EventID": "1", "LogonGuid": "C784477D-3D43-6386-A071-040000000000", "LogonId": "291232", "Image": "C:\\Users\\george\\AppData\\Roaming\\spoolsv.exe", "IntegrityLevel": "High", "ParentCommandLine": "C:\\Windows\\Explorer.EXE", "UtcTime": "1670234594", "RuleName": "-"}}, {"values": {"TerminalSessionId": "1", "ProcessGuid": "{C784477D-C1E5-638D-780A-000000004700}", "ProcessId": "5044", "Product": "-", "Description": "-", "Company": "-", "ParentProcessGuid": "{C784477D-C1E2-638D-770A-000000004700}", "User": "DESKTOP-B0T93D6\\george", "Hashes": "MD5=299C7ADC2BD2B282E496AC72CFB55DAC,SHA256=BE294BCACA68CBA932EAF585C04748563D925C43BE9755B1C81C80C197351383,IMPHASH=A6523C2085AD90DAEBC03D67D16F9E33", "OriginalFileName": "-", "ParentImage": "C:\\Users\\george\\AppData\\Roaming\\spoolsv.exe", "FileVersion": "-", "ParentProcessId": "5628", "CurrentDirectory": "C:\\Users\\george\\AppData\\Roaming\\", "CommandLine": "\"C:\\Users\\george\\AppData\\Roaming\\spoolsv.exe\" ", "EventID": "1", "LogonGuid": "C784477D-3D43-6386-A071-040000000000", "LogonId": "291232", "Image": "C:\\Users\\george\\AppData\\Roaming\\spoolsv.exe", "IntegrityLevel": "High", "ParentCommandLine": "\"C:\\Users\\george\\AppData\\Roaming\\spoolsv.exe\" ", "UtcTime": "1670234597", "RuleName": "-"}}, {"values": {"TerminalSessionId": "1", "ProcessGuid": "{C784477D-C1E6-638D-790A-000000004700}", "ProcessId": "6760", "Product": "-", "Description": "-", "Company": "-", "ParentProcessGuid": "{C784477D-C1E5-638D-780A-000000004700}", "User": "DESKTOP-B0T93D6\\george", "Hashes": "MD5=299C7ADC2BD2B282E496AC72CFB55DAC,SHA256=BE294BCACA68CBA932EAF585C04748563D925C43BE9755B1C81C80C197351383,IMPHASH=A6523C2085AD90DAEBC03D67D16F9E33", "OriginalFileName": "-", "ParentImage": "C:\\Users\\george\\AppData\\Roaming\\spoolsv.exe", "FileVersion": "-", "ParentProcessId": "5044", "CurrentDirectory": "C:\\Users\\george\\AppData\\Roaming\\", "CommandLine": "\"C:\\Users\\george\\AppData\\Roaming\\spoolsv.exe\" ", "EventID": "1", "LogonGuid": "C784477D-3D43-6386-A071-040000000000", "LogonId": "291232", "Image": "C:\\Users\\george\\AppData\\Roaming\\spoolsv.exe", "IntegrityLevel": "High", "ParentCommandLine": "\"C:\\Users\\george\\AppData\\Roaming\\spoolsv.exe\" ", "UtcTime": "1670234598", "RuleName": "-"}}, {"values": {"TerminalSessionId": "1", "ProcessGuid": "{C784477D-C1EB-638D-7A0A-000000004700}", "ProcessId": "7288", "Product": "-", "Description": "-", "Company": "-", "ParentProcessGuid": "{C784477D-3D44-6386-8100-000000004700}", "User": "DESKTOP-B0T93D6\\george", "Hashes": "MD5=299C7ADC2BD2B282E496AC72CFB55DAC,SHA256=BE294BCACA68CBA932EAF585C04748563D925C43BE9755B1C81C80C197351383,IMPHASH=A6523C2085AD90DAEBC03D67D16F9E33", "OriginalFileName": "-", "ParentImage": "C:\\Windows\\explorer.exe", "FileVersion": "-", "ParentProcessId": "4768", "CurrentDirectory": "C:\\Users\\george\\AppData\\Roaming\\", "CommandLine": "\"C:\\Users\\george\\AppData\\Roaming\\spoolsv.exe\" ", "EventID": "1", "LogonGuid": "C784477D-3D43-6386-A071-040000000000", "LogonId": "291232", "Image": "C:\\Users\\george\\AppData\\Roaming\\spoolsv.exe", "IntegrityLevel": "High", "ParentCommandLine": "C:\\Windows\\Explorer.EXE", "UtcTime": "1670234603", "RuleName": "-"}}, {"values": {"TerminalSessionId": "1", "ProcessGuid": "{C784477D-C1ED-638D-7B0A-000000004700}", "ProcessId": "7560", "Product": "-", "Description": "-", "Company": "-", "ParentProcessGuid": "{C784477D-C1EB-638D-7A0A-000000004700}", "User": "DESKTOP-B0T93D6\\george", "Hashes": "MD5=299C7ADC2BD2B282E496AC72CFB55DAC,SHA256=BE294BCACA68CBA932EAF585C04748563D925C43BE9755B1C81C80C197351383,IMPHASH=A6523C2085AD90DAEBC03D67D16F9E33", "OriginalFileName": "-", "ParentImage": "C:\\Users\\george\\AppData\\Roaming\\spoolsv.exe", "FileVersion": "-", "ParentProcessId": "7288", "CurrentDirectory": "C:\\Users\\george\\AppData\\Roaming\\", "CommandLine": "\"C:\\Users\\george\\AppData\\Roaming\\spoolsv.exe\" ", "EventID": "1", "LogonGuid": "C784477D-3D43-6386-A071-040000000000", "LogonId": "291232", "Image": "C:\\Users\\george\\AppData\\Roaming\\spoolsv.exe", "IntegrityLevel": "High", "ParentCommandLine": "\"C:\\Users\\george\\AppData\\Roaming\\spoolsv.exe\" ", "UtcTime": "1670234605", "RuleName": "-"}}, {"values": {"TerminalSessionId": "1", "ProcessGuid": "{C784477D-C1EF-638D-7C0A-000000004700}", "ProcessId": "7740", "Product": "-", "Description": "-", "Company": "-", "ParentProcessGuid": "{C784477D-C1ED-638D-7B0A-000000004700}", "User": "DESKTOP-B0T93D6\\george", "Hashes": "MD5=299C7ADC2BD2B282E496AC72CFB55DAC,SHA256=BE294BCACA68CBA932EAF585C04748563D925C43BE9755B1C81C80C197351383,IMPHASH=A6523C2085AD90DAEBC03D67D16F9E33", "OriginalFileName": "-", "ParentImage": "C:\\Users\\george\\AppData\\Roaming\\spoolsv.exe", "FileVersion": "-", "ParentProcessId": "7560", "CurrentDirectory": "C:\\Users\\george\\AppData\\Roaming\\", "CommandLine": "\"C:\\Users\\george\\AppData\\Roaming\\spoolsv.exe\" ", "EventID": "1", "LogonGuid": "C784477D-3D43-6386-A071-040000000000", "LogonId": "291232", "Image": "C:\\Users\\george\\AppData\\Roaming\\spoolsv.exe", "IntegrityLevel": "High", "ParentCommandLine": "\"C:\\Users\\george\\AppData\\Roaming\\spoolsv.exe\" ", "UtcTime": "1670234607", "RuleName": "-"}}, {"values": {"TerminalSessionId": "1", "ProcessGuid": "{C784477D-C1F3-638D-7D0A-000000004700}", "ProcessId": "8208", "Product": "-", "Description": "-", "Company": "-", "ParentProcessGuid": "{C784477D-3D44-6386-8100-000000004700}", "User": "DESKTOP-B0T93D6\\george", "Hashes": "MD5=299C7ADC2BD2B282E496AC72CFB55DAC,SHA256=BE294BCACA68CBA932EAF585C04748563D925C43BE9755B1C81C80C197351383,IMPHASH=A6523C2085AD90DAEBC03D67D16F9E33", "OriginalFileName": "-", "ParentImage": "C:\\Windows\\explorer.exe", "FileVersion": "-", "ParentProcessId": "4768", "CurrentDirectory": "C:\\Users\\george\\AppData\\Roaming\\", "CommandLine": "\"C:\\Users\\george\\AppData\\Roaming\\spoolsv.exe\" ", "EventID": "1", "LogonGuid": "C784477D-3D43-6386-A071-040000000000", "LogonId": "291232", "Image": "C:\\Users\\george\\AppData\\Roaming\\spoolsv.exe", "IntegrityLevel": "High", "ParentCommandLine": "C:\\Windows\\Explorer.EXE", "UtcTime": "1670234611", "RuleName": "-"}}, {"values": {"TerminalSessionId": "1", "ProcessGuid": "{C784477D-C1F5-638D-7E0A-000000004700}", "ProcessId": "8628", "Product": "-", "Description": "-", "Company": "-", "ParentProcessGuid": "{C784477D-C1F3-638D-7D0A-000000004700}", "User": "DESKTOP-B0T93D6\\george", "Hashes": "MD5=299C7ADC2BD2B282E496AC72CFB55DAC,SHA256=BE294BCACA68CBA932EAF585C04748563D925C43BE9755B1C81C80C197351383,IMPHASH=A6523C2085AD90DAEBC03D67D16F9E33", "OriginalFileName": "-", "ParentImage": "C:\\Users\\george\\AppData\\Roaming\\spoolsv.exe", "FileVersion": "-", "ParentProcessId": "8208", "CurrentDirectory": "C:\\Users\\george\\AppData\\Roaming\\", "CommandLine": "\"C:\\Users\\george\\AppData\\Roaming\\spoolsv.exe\" ", "EventID": "1", "LogonGuid": "C784477D-3D43-6386-A071-040000000000", "LogonId": "291232", "Image": "C:\\Users\\george\\AppData\\Roaming\\spoolsv.exe", "IntegrityLevel": "High", "ParentCommandLine": "\"C:\\Users\\george\\AppData\\Roaming\\spoolsv.exe\" ", "UtcTime": "1670234613", "RuleName": "-"}}, {"values": {"TerminalSessionId": "1", "ProcessGuid": "{C784477D-C1F7-638D-7F0A-000000004700}", "ProcessId": "8928", "Product": "-", "Description": "-", "Company": "-", "ParentProcessGuid": "{C784477D-C1F5-638D-7E0A-000000004700}", "User": "DESKTOP-B0T93D6\\george", "Hashes": "MD5=299C7ADC2BD2B282E496AC72CFB55DAC,SHA256=BE294BCACA68CBA932EAF585C04748563D925C43BE9755B1C81C80C197351383,IMPHASH=A6523C2085AD90DAEBC03D67D16F9E33", "OriginalFileName": "-", "ParentImage": "C:\\Users\\george\\AppData\\Roaming\\spoolsv.exe", "FileVersion": "-", "ParentProcessId": "8628", "CurrentDirectory": "C:\\Users\\george\\AppData\\Roaming\\", "CommandLine": "\"C:\\Users\\george\\AppData\\Roaming\\spoolsv.exe\" ", "EventID": "1", "LogonGuid": "C784477D-3D43-6386-A071-040000000000", "LogonId": "291232", "Image": "C:\\Users\\george\\AppData\\Roaming\\spoolsv.exe", "IntegrityLevel": "High", "ParentCommandLine": "\"C:\\Users\\george\\AppData\\Roaming\\spoolsv.exe\" ", "UtcTime": "1670234615", "RuleName": "-"}}], "rule_level": "high", "rule_id": "25fc56c1bee673d7ff3edcf371e4d2a36c0af83222da348961b87735c8efa61f", "rule_source": "Sigma Integrated Rule Set (GitHub)", "rule_title": "System File Execution Location Anomaly", "rule_description": "Detects a Windows program executable started from a suspicious folder", "rule_author": "Florian Roth, Patrick Bareiss, Anton Kutepov, oscd.community, Nasreddine Bencherchali"}, {"match_context": [{"values": {"EventID": "13", "ProcessId": "1656", "EventType": "SetValue", "Image": "C:\\Users\\george\\Desktop\\program.exe", "RuleName": "T1060,RunKey", "UtcTime": "1670234584", "Details": "\"C:\\Users\\george\\AppData\\Roaming\\spoolsv.exe\"", "ProcessGuid": "{C784477D-C1D4-638D-6F0A-000000004700}", "TargetObject": "HKLM\\SOFTWARE\\WOW6432Node\\Microsoft\\Windows\\CurrentVersion\\Run\\MSWUpdate"}}, {"values": {"EventID": "13", "ProcessId": "8", "EventType": "SetValue", "Image": "C:\\Users\\george\\AppData\\Roaming\\spoolsv.exe", "ProcessGuid": "{C784477D-C1DC-638D-750A-000000004700}", "UtcTime": "1670234590", "Details": "\"C:\\Users\\george\\AppData\\Roaming\\spoolsv.exe\"", "RuleName": "T1060,RunKey", "TargetObject": "HKLM\\SOFTWARE\\WOW6432Node\\Microsoft\\Windows\\CurrentVersion\\Run\\MSWUpdate"}}, {"values": {"EventID": "13", "ProcessId": "8", "EventType": "SetValue", "Image": "C:\\Users\\george\\AppData\\Roaming\\spoolsv.exe", "RuleName": "T1060,RunKey", "UtcTime": "1670234591", "Details": "\"C:\\Users\\george\\AppData\\Roaming\\spoolsv.exe\"", "ProcessGuid": "{C784477D-C1DC-638D-750A-000000004700}", "TargetObject": "HKLM\\SOFTWARE\\WOW6432Node\\Microsoft\\Windows\\CurrentVersion\\Run\\MSWUpdate"}}, {"values": {"EventID": "13", "ProcessId": "8", "EventType": "SetValue", "Image": "C:\\Users\\george\\AppData\\Roaming\\spoolsv.exe", "ProcessGuid": "{C784477D-C1DC-638D-750A-000000004700}", "UtcTime": "1670234592", "Details": "\"C:\\Users\\george\\AppData\\Roaming\\spoolsv.exe\"", "RuleName": "T1060,RunKey", "TargetObject": "HKLM\\SOFTWARE\\WOW6432Node\\Microsoft\\Windows\\CurrentVersion\\Run\\MSWUpdate"}}, {"values": {"EventID": "13", "ProcessId": "8", "EventType": "SetValue", "Image": "C:\\Users\\george\\AppData\\Roaming\\spoolsv.exe", "ProcessGuid": "{C784477D-C1DC-638D-750A-000000004700}", "UtcTime": "1670234593", "Details": "\"C:\\Users\\george\\AppData\\Roaming\\spoolsv.exe\"", "RuleName": "T1060,RunKey", "TargetObject": "HKLM\\SOFTWARE\\WOW6432Node\\Microsoft\\Windows\\CurrentVersion\\Run\\MSWUpdate"}}, {"values": {"EventID": "13", "ProcessId": "8", "EventType": "SetValue", "Image": "C:\\Users\\george\\AppData\\Roaming\\spoolsv.exe", "ProcessGuid": "{C784477D-C1DC-638D-750A-000000004700}", "UtcTime": "1670234594", "Details": "\"C:\\Users\\george\\AppData\\Roaming\\spoolsv.exe\"", "RuleName": "T1060,RunKey", "TargetObject": "HKLM\\SOFTWARE\\WOW6432Node\\Microsoft\\Windows\\CurrentVersion\\Run\\MSWUpdate"}}, {"values": {"EventID": "13", "ProcessId": "8", "EventType": "SetValue", "Image": "C:\\Users\\george\\AppData\\Roaming\\spoolsv.exe", "ProcessGuid": "{C784477D-C1DC-638D-750A-000000004700}", "UtcTime": "1670234595", "Details": "\"C:\\Users\\george\\AppData\\Roaming\\spoolsv.exe\"", "RuleName": "T1060,RunKey", "TargetObject": "HKLM\\SOFTWARE\\WOW6432Node\\Microsoft\\Windows\\CurrentVersion\\Run\\MSWUpdate"}}, {"values": {"EventID": "13", "ProcessId": "8", "EventType": "SetValue", "Image": "C:\\Users\\george\\AppData\\Roaming\\spoolsv.exe", "RuleName": "T1060,RunKey", "UtcTime": "1670234596", "Details": "\"C:\\Users\\george\\AppData\\Roaming\\spoolsv.exe\"", "ProcessGuid": "{C784477D-C1DC-638D-750A-000000004700}", "TargetObject": "HKLM\\SOFTWARE\\WOW6432Node\\Microsoft\\Windows\\CurrentVersion\\Run\\MSWUpdate"}}, {"values": {"EventID": "13", "ProcessId": "8", "EventType": "SetValue", "Image": "C:\\Users\\george\\AppData\\Roaming\\spoolsv.exe", "RuleName": "T1060,RunKey", "UtcTime": "1670234597", "Details": "\"C:\\Users\\george\\AppData\\Roaming\\spoolsv.exe\"", "ProcessGuid": "{C784477D-C1DC-638D-750A-000000004700}", "TargetObject": "HKLM\\SOFTWARE\\WOW6432Node\\Microsoft\\Windows\\CurrentVersion\\Run\\MSWUpdate"}}, {"values": {"EventID": "13", "ProcessId": "8", "EventType": "SetValue", "Image": "C:\\Users\\george\\AppData\\Roaming\\spoolsv.exe", "RuleName": "T1060,RunKey", "UtcTime": "1670234598", "Details": "\"C:\\Users\\george\\AppData\\Roaming\\spoolsv.exe\"", "ProcessGuid": "{C784477D-C1DC-638D-750A-000000004700}", "TargetObject": "HKLM\\SOFTWARE\\WOW6432Node\\Microsoft\\Windows\\CurrentVersion\\Run\\MSWUpdate"}}, {"values": {"EventID": "13", "ProcessId": "8", "EventType": "SetValue", "Image": "C:\\Users\\george\\AppData\\Roaming\\spoolsv.exe", "RuleName": "T1060,RunKey", "UtcTime": "1670234599", "Details": "\"C:\\Users\\george\\AppData\\Roaming\\spoolsv.exe\"", "ProcessGuid": "{C784477D-C1DC-638D-750A-000000004700}", "TargetObject": "HKLM\\SOFTWARE\\WOW6432Node\\Microsoft\\Windows\\CurrentVersion\\Run\\MSWUpdate"}}, {"values": {"EventID": "13", "ProcessId": "8", "EventType": "SetValue", "Image": "C:\\Users\\george\\AppData\\Roaming\\spoolsv.exe", "RuleName": "T1060,RunKey", "UtcTime": "1670234600", "Details": "\"C:\\Users\\george\\AppData\\Roaming\\spoolsv.exe\"", "ProcessGuid": "{C784477D-C1DC-638D-750A-000000004700}", "TargetObject": "HKLM\\SOFTWARE\\WOW6432Node\\Microsoft\\Windows\\CurrentVersion\\Run\\MSWUpdate"}}, {"values": {"EventID": "13", "ProcessId": "6760", "EventType": "SetValue", "Image": "C:\\Users\\george\\AppData\\Roaming\\spoolsv.exe", "ProcessGuid": "{C784477D-C1E6-638D-790A-000000004700}", "UtcTime": "1670234600", "Details": "\"C:\\Users\\george\\AppData\\Roaming\\spoolsv.exe\"", "RuleName": "T1060,RunKey", "TargetObject": "HKLM\\SOFTWARE\\WOW6432Node\\Microsoft\\Windows\\CurrentVersion\\Run\\MSWUpdate"}}, {"values": {"EventID": "13", "ProcessId": "6760", "EventType": "SetValue", "Image": "C:\\Users\\george\\AppData\\Roaming\\spoolsv.exe", "RuleName": "T1060,RunKey", "UtcTime": "1670234601", "Details": "\"C:\\Users\\george\\AppData\\Roaming\\spoolsv.exe\"", "ProcessGuid": "{C784477D-C1E6-638D-790A-000000004700}", "TargetObject": "HKLM\\SOFTWARE\\WOW6432Node\\Microsoft\\Windows\\CurrentVersion\\Run\\MSWUpdate"}}, {"values": {"EventID": "13", "ProcessId": "8", "EventType": "SetValue", "Image": "C:\\Users\\george\\AppData\\Roaming\\spoolsv.exe", "ProcessGuid": "{C784477D-C1DC-638D-750A-000000004700}", "UtcTime": "1670234601", "Details": "\"C:\\Users\\george\\AppData\\Roaming\\spoolsv.exe\"", "RuleName": "T1060,RunKey", "TargetObject": "HKLM\\SOFTWARE\\WOW6432Node\\Microsoft\\Windows\\CurrentVersion\\Run\\MSWUpdate"}}, {"values": {"EventID": "13", "ProcessId": "6760", "EventType": "SetValue", "Image": "C:\\Users\\george\\AppData\\Roaming\\spoolsv.exe", "RuleName": "T1060,RunKey", "UtcTime": "1670234602", "Details": "\"C:\\Users\\george\\AppData\\Roaming\\spoolsv.exe\"", "ProcessGuid": "{C784477D-C1E6-638D-790A-000000004700}", "TargetObject": "HKLM\\SOFTWARE\\WOW6432Node\\Microsoft\\Windows\\CurrentVersion\\Run\\MSWUpdate"}}, {"values": {"EventID": "13", "ProcessId": "8", "EventType": "SetValue", "Image": "C:\\Users\\george\\AppData\\Roaming\\spoolsv.exe", "ProcessGuid": "{C784477D-C1DC-638D-750A-000000004700}", "UtcTime": "1670234602", "Details": "\"C:\\Users\\george\\AppData\\Roaming\\spoolsv.exe\"", "RuleName": "T1060,RunKey", "TargetObject": "HKLM\\SOFTWARE\\WOW6432Node\\Microsoft\\Windows\\CurrentVersion\\Run\\MSWUpdate"}}, {"values": {"EventID": "13", "ProcessId": "6760", "EventType": "SetValue", "Image": "C:\\Users\\george\\AppData\\Roaming\\spoolsv.exe", "RuleName": "T1060,RunKey", "UtcTime": "1670234603", "Details": "\"C:\\Users\\george\\AppData\\Roaming\\spoolsv.exe\"", "ProcessGuid": "{C784477D-C1E6-638D-790A-000000004700}", "TargetObject": "HKLM\\SOFTWARE\\WOW6432Node\\Microsoft\\Windows\\CurrentVersion\\Run\\MSWUpdate"}}, {"values": {"EventID": "13", "ProcessId": "8", "EventType": "SetValue", "Image": "C:\\Users\\george\\AppData\\Roaming\\spoolsv.exe", "RuleName": "T1060,RunKey", "UtcTime": "1670234603", "Details": "\"C:\\Users\\george\\AppData\\Roaming\\spoolsv.exe\"", "ProcessGuid": "{C784477D-C1DC-638D-750A-000000004700}", "TargetObject": "HKLM\\SOFTWARE\\WOW6432Node\\Microsoft\\Windows\\CurrentVersion\\Run\\MSWUpdate"}}, {"values": {"EventID": "13", "ProcessId": "8", "EventType": "SetValue", "Image": "C:\\Users\\george\\AppData\\Roaming\\spoolsv.exe", "ProcessGuid": "{C784477D-C1DC-638D-750A-000000004700}", "UtcTime": "1670234604", "Details": "\"C:\\Users\\george\\AppData\\Roaming\\spoolsv.exe\"", "RuleName": "T1060,RunKey", "TargetObject": "HKLM\\SOFTWARE\\WOW6432Node\\Microsoft\\Windows\\CurrentVersion\\Run\\MSWUpdate"}}, {"values": {"EventID": "13", "ProcessId": "6760", "EventType": "SetValue", "Image": "C:\\Users\\george\\AppData\\Roaming\\spoolsv.exe", "RuleName": "T1060,RunKey", "UtcTime": "1670234604", "Details": "\"C:\\Users\\george\\AppData\\Roaming\\spoolsv.exe\"", "ProcessGuid": "{C784477D-C1E6-638D-790A-000000004700}", "TargetObject": "HKLM\\SOFTWARE\\WOW6432Node\\Microsoft\\Windows\\CurrentVersion\\Run\\MSWUpdate"}}, {"values": {"EventID": "13", "ProcessId": "6760", "EventType": "SetValue", "Image": "C:\\Users\\george\\AppData\\Roaming\\spoolsv.exe", "RuleName": "T1060,RunKey", "UtcTime": "1670234605", "Details": "\"C:\\Users\\george\\AppData\\Roaming\\spoolsv.exe\"", "ProcessGuid": "{C784477D-C1E6-638D-790A-000000004700}", "TargetObject": "HKLM\\SOFTWARE\\WOW6432Node\\Microsoft\\Windows\\CurrentVersion\\Run\\MSWUpdate"}}, {"values": {"EventID": "13", "ProcessId": "8", "EventType": "SetValue", "Image": "C:\\Users\\george\\AppData\\Roaming\\spoolsv.exe", "RuleName": "T1060,RunKey", "UtcTime": "1670234605", "Details": "\"C:\\Users\\george\\AppData\\Roaming\\spoolsv.exe\"", "ProcessGuid": "{C784477D-C1DC-638D-750A-000000004700}", "TargetObject": "HKLM\\SOFTWARE\\WOW6432Node\\Microsoft\\Windows\\CurrentVersion\\Run\\MSWUpdate"}}, {"values": {"EventID": "13", "ProcessId": "8", "EventType": "SetValue", "Image": "C:\\Users\\george\\AppData\\Roaming\\spoolsv.exe", "RuleName": "T1060,RunKey", "UtcTime": "1670234606", "Details": "\"C:\\Users\\george\\AppData\\Roaming\\spoolsv.exe\"", "ProcessGuid": "{C784477D-C1DC-638D-750A-000000004700}", "TargetObject": "HKLM\\SOFTWARE\\WOW6432Node\\Microsoft\\Windows\\CurrentVersion\\Run\\MSWUpdate"}}, {"values": {"EventID": "13", "ProcessId": "6760", "EventType": "SetValue", "Image": "C:\\Users\\george\\AppData\\Roaming\\spoolsv.exe", "RuleName": "T1060,RunKey", "UtcTime": "1670234606", "Details": "\"C:\\Users\\george\\AppData\\Roaming\\spoolsv.exe\"", "ProcessGuid": "{C784477D-C1E6-638D-790A-000000004700}", "TargetObject": "HKLM\\SOFTWARE\\WOW6432Node\\Microsoft\\Windows\\CurrentVersion\\Run\\MSWUpdate"}}, {"values": {"EventID": "13", "ProcessId": "8", "EventType": "SetValue", "Image": "C:\\Users\\george\\AppData\\Roaming\\spoolsv.exe", "RuleName": "T1060,RunKey", "UtcTime": "1670234607", "Details": "\"C:\\Users\\george\\AppData\\Roaming\\spoolsv.exe\"", "ProcessGuid": "{C784477D-C1DC-638D-750A-000000004700}", "TargetObject": "HKLM\\SOFTWARE\\WOW6432Node\\Microsoft\\Windows\\CurrentVersion\\Run\\MSWUpdate"}}, {"values": {"EventID": "13", "ProcessId": "6760", "EventType": "SetValue", "Image": "C:\\Users\\george\\AppData\\Roaming\\spoolsv.exe", "ProcessGuid": "{C784477D-C1E6-638D-790A-000000004700}", "UtcTime": "1670234607", "Details": "\"C:\\Users\\george\\AppData\\Roaming\\spoolsv.exe\"", "RuleName": "T1060,RunKey", "TargetObject": "HKLM\\SOFTWARE\\WOW6432Node\\Microsoft\\Windows\\CurrentVersion\\Run\\MSWUpdate"}}, {"values": {"EventID": "13", "ProcessId": "8", "EventType": "SetValue", "Image": "C:\\Users\\george\\AppData\\Roaming\\spoolsv.exe", "RuleName": "T1060,RunKey", "UtcTime": "1670234608", "Details": "\"C:\\Users\\george\\AppData\\Roaming\\spoolsv.exe\"", "ProcessGuid": "{C784477D-C1DC-638D-750A-000000004700}", "TargetObject": "HKLM\\SOFTWARE\\WOW6432Node\\Microsoft\\Windows\\CurrentVersion\\Run\\MSWUpdate"}}, {"values": {"EventID": "13", "ProcessId": "6760", "EventType": "SetValue", "Image": "C:\\Users\\george\\AppData\\Roaming\\spoolsv.exe", "RuleName": "T1060,RunKey", "UtcTime": "1670234608", "Details": "\"C:\\Users\\george\\AppData\\Roaming\\spoolsv.exe\"", "ProcessGuid": "{C784477D-C1E6-638D-790A-000000004700}", "TargetObject": "HKLM\\SOFTWARE\\WOW6432Node\\Microsoft\\Windows\\CurrentVersion\\Run\\MSWUpdate"}}, {"values": {"EventID": "13", "ProcessId": "6760", "EventType": "SetValue", "Image": "C:\\Users\\george\\AppData\\Roaming\\spoolsv.exe", "RuleName": "T1060,RunKey", "UtcTime": "1670234609", "Details": "\"C:\\Users\\george\\AppData\\Roaming\\spoolsv.exe\"", "ProcessGuid": "{C784477D-C1E6-638D-790A-000000004700}", "TargetObject": "HKLM\\SOFTWARE\\WOW6432Node\\Microsoft\\Windows\\CurrentVersion\\Run\\MSWUpdate"}}, {"values": {"EventID": "13", "ProcessId": "8", "EventType": "SetValue", "Image": "C:\\Users\\george\\AppData\\Roaming\\spoolsv.exe", "RuleName": "T1060,RunKey", "UtcTime": "1670234609", "Details": "\"C:\\Users\\george\\AppData\\Roaming\\spoolsv.exe\"", "ProcessGuid": "{C784477D-C1DC-638D-750A-000000004700}", "TargetObject": "HKLM\\SOFTWARE\\WOW6432Node\\Microsoft\\Windows\\CurrentVersion\\Run\\MSWUpdate"}}, {"values": {"EventID": "13", "ProcessId": "7740", "EventType": "SetValue", "Image": "C:\\Users\\george\\AppData\\Roaming\\spoolsv.exe", "ProcessGuid": "{C784477D-C1EF-638D-7C0A-000000004700}", "UtcTime": "1670234609", "Details": "\"C:\\Users\\george\\AppData\\Roaming\\spoolsv.exe\"", "RuleName": "T1060,RunKey", "TargetObject": "HKLM\\SOFTWARE\\WOW6432Node\\Microsoft\\Windows\\CurrentVersion\\Run\\MSWUpdate"}}, {"values": {"EventID": "13", "ProcessId": "7740", "EventType": "SetValue", "Image": "C:\\Users\\george\\AppData\\Roaming\\spoolsv.exe", "RuleName": "T1060,RunKey", "UtcTime": "1670234610", "Details": "\"C:\\Users\\george\\AppData\\Roaming\\spoolsv.exe\"", "ProcessGuid": "{C784477D-C1EF-638D-7C0A-000000004700}", "TargetObject": "HKLM\\SOFTWARE\\WOW6432Node\\Microsoft\\Windows\\CurrentVersion\\Run\\MSWUpdate"}}, {"values": {"EventID": "13", "ProcessId": "6760", "EventType": "SetValue", "Image": "C:\\Users\\george\\AppData\\Roaming\\spoolsv.exe", "RuleName": "T1060,RunKey", "UtcTime": "1670234610", "Details": "\"C:\\Users\\george\\AppData\\Roaming\\spoolsv.exe\"", "ProcessGuid": "{C784477D-C1E6-638D-790A-000000004700}", "TargetObject": "HKLM\\SOFTWARE\\WOW6432Node\\Microsoft\\Windows\\CurrentVersion\\Run\\MSWUpdate"}}, {"values": {"EventID": "13", "ProcessId": "8", "EventType": "SetValue", "Image": "C:\\Users\\george\\AppData\\Roaming\\spoolsv.exe", "RuleName": "T1060,RunKey", "UtcTime": "1670234610", "Details": "\"C:\\Users\\george\\AppData\\Roaming\\spoolsv.exe\"", "ProcessGuid": "{C784477D-C1DC-638D-750A-000000004700}", "TargetObject": "HKLM\\SOFTWARE\\WOW6432Node\\Microsoft\\Windows\\CurrentVersion\\Run\\MSWUpdate"}}, {"values": {"EventID": "13", "ProcessId": "7740", "EventType": "SetValue", "Image": "C:\\Users\\george\\AppData\\Roaming\\spoolsv.exe", "ProcessGuid": "{C784477D-C1EF-638D-7C0A-000000004700}", "UtcTime": "1670234611", "Details": "\"C:\\Users\\george\\AppData\\Roaming\\spoolsv.exe\"", "RuleName": "T1060,RunKey", "TargetObject": "HKLM\\SOFTWARE\\WOW6432Node\\Microsoft\\Windows\\CurrentVersion\\Run\\MSWUpdate"}}, {"values": {"EventID": "13", "ProcessId": "6760", "EventType": "SetValue", "Image": "C:\\Users\\george\\AppData\\Roaming\\spoolsv.exe", "ProcessGuid": "{C784477D-C1E6-638D-790A-000000004700}", "UtcTime": "1670234611", "Details": "\"C:\\Users\\george\\AppData\\Roaming\\spoolsv.exe\"", "RuleName": "T1060,RunKey", "TargetObject": "HKLM\\SOFTWARE\\WOW6432Node\\Microsoft\\Windows\\CurrentVersion\\Run\\MSWUpdate"}}, {"values": {"EventID": "13", "ProcessId": "8", "EventType": "SetValue", "Image": "C:\\Users\\george\\AppData\\Roaming\\spoolsv.exe", "RuleName": "T1060,RunKey", "UtcTime": "1670234611", "Details": "\"C:\\Users\\george\\AppData\\Roaming\\spoolsv.exe\"", "ProcessGuid": "{C784477D-C1DC-638D-750A-000000004700}", "TargetObject": "HKLM\\SOFTWARE\\WOW6432Node\\Microsoft\\Windows\\CurrentVersion\\Run\\MSWUpdate"}}, {"values": {"EventID": "13", "ProcessId": "8", "EventType": "SetValue", "Image": "C:\\Users\\george\\AppData\\Roaming\\spoolsv.exe", "RuleName": "T1060,RunKey", "UtcTime": "1670234612", "Details": "\"C:\\Users\\george\\AppData\\Roaming\\spoolsv.exe\"", "ProcessGuid": "{C784477D-C1DC-638D-750A-000000004700}", "TargetObject": "HKLM\\SOFTWARE\\WOW6432Node\\Microsoft\\Windows\\CurrentVersion\\Run\\MSWUpdate"}}, {"values": {"EventID": "13", "ProcessId": "6760", "EventType": "SetValue", "Image": "C:\\Users\\george\\AppData\\Roaming\\spoolsv.exe", "ProcessGuid": "{C784477D-C1E6-638D-790A-000000004700}", "UtcTime": "1670234612", "Details": "\"C:\\Users\\george\\AppData\\Roaming\\spoolsv.exe\"", "RuleName": "T1060,RunKey", "TargetObject": "HKLM\\SOFTWARE\\WOW6432Node\\Microsoft\\Windows\\CurrentVersion\\Run\\MSWUpdate"}}, {"values": {"EventID": "13", "ProcessId": "7740", "EventType": "SetValue", "Image": "C:\\Users\\george\\AppData\\Roaming\\spoolsv.exe", "RuleName": "T1060,RunKey", "UtcTime": "1670234612", "Details": "\"C:\\Users\\george\\AppData\\Roaming\\spoolsv.exe\"", "ProcessGuid": "{C784477D-C1EF-638D-7C0A-000000004700}", "TargetObject": "HKLM\\SOFTWARE\\WOW6432Node\\Microsoft\\Windows\\CurrentVersion\\Run\\MSWUpdate"}}, {"values": {"EventID": "13", "ProcessId": "7740", "EventType": "SetValue", "Image": "C:\\Users\\george\\AppData\\Roaming\\spoolsv.exe", "ProcessGuid": "{C784477D-C1EF-638D-7C0A-000000004700}", "UtcTime": "1670234613", "Details": "\"C:\\Users\\george\\AppData\\Roaming\\spoolsv.exe\"", "RuleName": "T1060,RunKey", "TargetObject": "HKLM\\SOFTWARE\\WOW6432Node\\Microsoft\\Windows\\CurrentVersion\\Run\\MSWUpdate"}}, {"values": {"EventID": "13", "ProcessId": "8", "EventType": "SetValue", "Image": "C:\\Users\\george\\AppData\\Roaming\\spoolsv.exe", "RuleName": "T1060,RunKey", "UtcTime": "1670234613", "Details": "\"C:\\Users\\george\\AppData\\Roaming\\spoolsv.exe\"", "ProcessGuid": "{C784477D-C1DC-638D-750A-000000004700}", "TargetObject": "HKLM\\SOFTWARE\\WOW6432Node\\Microsoft\\Windows\\CurrentVersion\\Run\\MSWUpdate"}}, {"values": {"EventID": "13", "ProcessId": "6760", "EventType": "SetValue", "Image": "C:\\Users\\george\\AppData\\Roaming\\spoolsv.exe", "ProcessGuid": "{C784477D-C1E6-638D-790A-000000004700}", "UtcTime": "1670234613", "Details": "\"C:\\Users\\george\\AppData\\Roaming\\spoolsv.exe\"", "RuleName": "T1060,RunKey", "TargetObject": "HKLM\\SOFTWARE\\WOW6432Node\\Microsoft\\Windows\\CurrentVersion\\Run\\MSWUpdate"}}, {"values": {"EventID": "13", "ProcessId": "6760", "EventType": "SetValue", "Image": "C:\\Users\\george\\AppData\\Roaming\\spoolsv.exe", "ProcessGuid": "{C784477D-C1E6-638D-790A-000000004700}", "UtcTime": "1670234614", "Details": "\"C:\\Users\\george\\AppData\\Roaming\\spoolsv.exe\"", "RuleName": "T1060,RunKey", "TargetObject": "HKLM\\SOFTWARE\\WOW6432Node\\Microsoft\\Windows\\CurrentVersion\\Run\\MSWUpdate"}}, {"values": {"EventID": "13", "ProcessId": "8", "EventType": "SetValue", "Image": "C:\\Users\\george\\AppData\\Roaming\\spoolsv.exe", "RuleName": "T1060,RunKey", "UtcTime": "1670234614", "Details": "\"C:\\Users\\george\\AppData\\Roaming\\spoolsv.exe\"", "ProcessGuid": "{C784477D-C1DC-638D-750A-000000004700}", "TargetObject": "HKLM\\SOFTWARE\\WOW6432Node\\Microsoft\\Windows\\CurrentVersion\\Run\\MSWUpdate"}}, {"values": {"EventID": "13", "ProcessId": "7740", "EventType": "SetValue", "Image": "C:\\Users\\george\\AppData\\Roaming\\spoolsv.exe", "RuleName": "T1060,RunKey", "UtcTime": "1670234614", "Details": "\"C:\\Users\\george\\AppData\\Roaming\\spoolsv.exe\"", "ProcessGuid": "{C784477D-C1EF-638D-7C0A-000000004700}", "TargetObject": "HKLM\\SOFTWARE\\WOW6432Node\\Microsoft\\Windows\\CurrentVersion\\Run\\MSWUpdate"}}, {"values": {"EventID": "13", "ProcessId": "8", "EventType": "SetValue", "Image": "C:\\Users\\george\\AppData\\Roaming\\spoolsv.exe", "ProcessGuid": "{C784477D-C1DC-638D-750A-000000004700}", "UtcTime": "1670234615", "Details": "\"C:\\Users\\george\\AppData\\Roaming\\spoolsv.exe\"", "RuleName": "T1060,RunKey", "TargetObject": "HKLM\\SOFTWARE\\WOW6432Node\\Microsoft\\Windows\\CurrentVersion\\Run\\MSWUpdate"}}, {"values": {"EventID": "13", "ProcessId": "6760", "EventType": "SetValue", "Image": "C:\\Users\\george\\AppData\\Roaming\\spoolsv.exe", "RuleName": "T1060,RunKey", "UtcTime": "1670234615", "Details": "\"C:\\Users\\george\\AppData\\Roaming\\spoolsv.exe\"", "ProcessGuid": "{C784477D-C1E6-638D-790A-000000004700}", "TargetObject": "HKLM\\SOFTWARE\\WOW6432Node\\Microsoft\\Windows\\CurrentVersion\\Run\\MSWUpdate"}}, {"values": {"EventID": "13", "ProcessId": "7740", "EventType": "SetValue", "Image": "C:\\Users\\george\\AppData\\Roaming\\spoolsv.exe", "ProcessGuid": "{C784477D-C1EF-638D-7C0A-000000004700}", "UtcTime": "1670234615", "Details": "\"C:\\Users\\george\\AppData\\Roaming\\spoolsv.exe\"", "RuleName": "T1060,RunKey", "TargetObject": "HKLM\\SOFTWARE\\WOW6432Node\\Microsoft\\Windows\\CurrentVersion\\Run\\MSWUpdate"}}, {"values": {"EventID": "13", "ProcessId": "8", "EventType": "SetValue", "Image": "C:\\Users\\george\\AppData\\Roaming\\spoolsv.exe", "ProcessGuid": "{C784477D-C1DC-638D-750A-000000004700}", "UtcTime": "1670234616", "Details": "\"C:\\Users\\george\\AppData\\Roaming\\spoolsv.exe\"", "RuleName": "T1060,RunKey", "TargetObject": "HKLM\\SOFTWARE\\WOW6432Node\\Microsoft\\Windows\\CurrentVersion\\Run\\MSWUpdate"}}, {"values": {"EventID": "13", "ProcessId": "7740", "EventType": "SetValue", "Image": "C:\\Users\\george\\AppData\\Roaming\\spoolsv.exe", "RuleName": "T1060,RunKey", "UtcTime": "1670234616", "Details": "\"C:\\Users\\george\\AppData\\Roaming\\spoolsv.exe\"", "ProcessGuid": "{C784477D-C1EF-638D-7C0A-000000004700}", "TargetObject": "HKLM\\SOFTWARE\\WOW6432Node\\Microsoft\\Windows\\CurrentVersion\\Run\\MSWUpdate"}}, {"values": {"EventID": "13", "ProcessId": "6760", "EventType": "SetValue", "Image": "C:\\Users\\george\\AppData\\Roaming\\spoolsv.exe", "RuleName": "T1060,RunKey", "UtcTime": "1670234616", "Details": "\"C:\\Users\\george\\AppData\\Roaming\\spoolsv.exe\"", "ProcessGuid": "{C784477D-C1E6-638D-790A-000000004700}", "TargetObject": "HKLM\\SOFTWARE\\WOW6432Node\\Microsoft\\Windows\\CurrentVersion\\Run\\MSWUpdate"}}, {"values": {"EventID": "13", "ProcessId": "8928", "EventType": "SetValue", "Image": "C:\\Users\\george\\AppData\\Roaming\\spoolsv.exe", "ProcessGuid": "{C784477D-C1F7-638D-7F0A-000000004700}", "UtcTime": "1670234616", "Details": "\"C:\\Users\\george\\AppData\\Roaming\\spoolsv.exe\"", "RuleName": "T1060,RunKey", "TargetObject": "HKLM\\SOFTWARE\\WOW6432Node\\Microsoft\\Windows\\CurrentVersion\\Run\\MSWUpdate"}}, {"values": {"EventID": "13", "ProcessId": "8", "EventType": "SetValue", "Image": "C:\\Users\\george\\AppData\\Roaming\\spoolsv.exe", "RuleName": "T1060,RunKey", "UtcTime": "1670234617", "Details": "\"C:\\Users\\george\\AppData\\Roaming\\spoolsv.exe\"", "ProcessGuid": "{C784477D-C1DC-638D-750A-000000004700}", "TargetObject": "HKLM\\SOFTWARE\\WOW6432Node\\Microsoft\\Windows\\CurrentVersion\\Run\\MSWUpdate"}}, {"values": {"EventID": "13", "ProcessId": "8928", "EventType": "SetValue", "Image": "C:\\Users\\george\\AppData\\Roaming\\spoolsv.exe", "RuleName": "T1060,RunKey", "UtcTime": "1670234617", "Details": "\"C:\\Users\\george\\AppData\\Roaming\\spoolsv.exe\"", "ProcessGuid": "{C784477D-C1F7-638D-7F0A-000000004700}", "TargetObject": "HKLM\\SOFTWARE\\WOW6432Node\\Microsoft\\Windows\\CurrentVersion\\Run\\MSWUpdate"}}, {"values": {"EventID": "13", "ProcessId": "6760", "EventType": "SetValue", "Image": "C:\\Users\\george\\AppData\\Roaming\\spoolsv.exe", "RuleName": "T1060,RunKey", "UtcTime": "1670234617", "Details": "\"C:\\Users\\george\\AppData\\Roaming\\spoolsv.exe\"", "ProcessGuid": "{C784477D-C1E6-638D-790A-000000004700}", "TargetObject": "HKLM\\SOFTWARE\\WOW6432Node\\Microsoft\\Windows\\CurrentVersion\\Run\\MSWUpdate"}}, {"values": {"EventID": "13", "ProcessId": "7740", "EventType": "SetValue", "Image": "C:\\Users\\george\\AppData\\Roaming\\spoolsv.exe", "RuleName": "T1060,RunKey", "UtcTime": "1670234617", "Details": "\"C:\\Users\\george\\AppData\\Roaming\\spoolsv.exe\"", "ProcessGuid": "{C784477D-C1EF-638D-7C0A-000000004700}", "TargetObject": "HKLM\\SOFTWARE\\WOW6432Node\\Microsoft\\Windows\\CurrentVersion\\Run\\MSWUpdate"}}, {"values": {"EventID": "13", "ProcessId": "8", "EventType": "SetValue", "Image": "C:\\Users\\george\\AppData\\Roaming\\spoolsv.exe", "RuleName": "T1060,RunKey", "UtcTime": "1670234618", "Details": "\"C:\\Users\\george\\AppData\\Roaming\\spoolsv.exe\"", "ProcessGuid": "{C784477D-C1DC-638D-750A-000000004700}", "TargetObject": "HKLM\\SOFTWARE\\WOW6432Node\\Microsoft\\Windows\\CurrentVersion\\Run\\MSWUpdate"}}, {"values": {"EventID": "13", "ProcessId": "7740", "EventType": "SetValue", "Image": "C:\\Users\\george\\AppData\\Roaming\\spoolsv.exe", "ProcessGuid": "{C784477D-C1EF-638D-7C0A-000000004700}", "UtcTime": "1670234618", "Details": "\"C:\\Users\\george\\AppData\\Roaming\\spoolsv.exe\"", "RuleName": "T1060,RunKey", "TargetObject": "HKLM\\SOFTWARE\\WOW6432Node\\Microsoft\\Windows\\CurrentVersion\\Run\\MSWUpdate"}}, {"values": {"EventID": "13", "ProcessId": "6760", "EventType": "SetValue", "Image": "C:\\Users\\george\\AppData\\Roaming\\spoolsv.exe", "ProcessGuid": "{C784477D-C1E6-638D-790A-000000004700}", "UtcTime": "1670234618", "Details": "\"C:\\Users\\george\\AppData\\Roaming\\spoolsv.exe\"", "RuleName": "T1060,RunKey", "TargetObject": "HKLM\\SOFTWARE\\WOW6432Node\\Microsoft\\Windows\\CurrentVersion\\Run\\MSWUpdate"}}, {"values": {"EventID": "13", "ProcessId": "8928", "EventType": "SetValue", "Image": "C:\\Users\\george\\AppData\\Roaming\\spoolsv.exe", "RuleName": "T1060,RunKey", "UtcTime": "1670234618", "Details": "\"C:\\Users\\george\\AppData\\Roaming\\spoolsv.exe\"", "ProcessGuid": "{C784477D-C1F7-638D-7F0A-000000004700}", "TargetObject": "HKLM\\SOFTWARE\\WOW6432Node\\Microsoft\\Windows\\CurrentVersion\\Run\\MSWUpdate"}}, {"values": {"EventID": "13", "ProcessId": "7740", "EventType": "SetValue", "Image": "C:\\Users\\george\\AppData\\Roaming\\spoolsv.exe", "ProcessGuid": "{C784477D-C1EF-638D-7C0A-000000004700}", "UtcTime": "1670234619", "Details": "\"C:\\Users\\george\\AppData\\Roaming\\spoolsv.exe\"", "RuleName": "T1060,RunKey", "TargetObject": "HKLM\\SOFTWARE\\WOW6432Node\\Microsoft\\Windows\\CurrentVersion\\Run\\MSWUpdate"}}, {"values": {"EventID": "13", "ProcessId": "8928", "EventType": "SetValue", "Image": "C:\\Users\\george\\AppData\\Roaming\\spoolsv.exe", "ProcessGuid": "{C784477D-C1F7-638D-7F0A-000000004700}", "UtcTime": "1670234619", "Details": "\"C:\\Users\\george\\AppData\\Roaming\\spoolsv.exe\"", "RuleName": "T1060,RunKey", "TargetObject": "HKLM\\SOFTWARE\\WOW6432Node\\Microsoft\\Windows\\CurrentVersion\\Run\\MSWUpdate"}}, {"values": {"EventID": "13", "ProcessId": "6760", "EventType": "SetValue", "Image": "C:\\Users\\george\\AppData\\Roaming\\spoolsv.exe", "RuleName": "T1060,RunKey", "UtcTime": "1670234619", "Details": "\"C:\\Users\\george\\AppData\\Roaming\\spoolsv.exe\"", "ProcessGuid": "{C784477D-C1E6-638D-790A-000000004700}", "TargetObject": "HKLM\\SOFTWARE\\WOW6432Node\\Microsoft\\Windows\\CurrentVersion\\Run\\MSWUpdate"}}, {"values": {"EventID": "13", "ProcessId": "8", "EventType": "SetValue", "Image": "C:\\Users\\george\\AppData\\Roaming\\spoolsv.exe", "ProcessGuid": "{C784477D-C1DC-638D-750A-000000004700}", "UtcTime": "1670234619", "Details": "\"C:\\Users\\george\\AppData\\Roaming\\spoolsv.exe\"", "RuleName": "T1060,RunKey", "TargetObject": "HKLM\\SOFTWARE\\WOW6432Node\\Microsoft\\Windows\\CurrentVersion\\Run\\MSWUpdate"}}, {"values": {"EventID": "13", "ProcessId": "7740", "EventType": "SetValue", "Image": "C:\\Users\\george\\AppData\\Roaming\\spoolsv.exe", "ProcessGuid": "{C784477D-C1EF-638D-7C0A-000000004700}", "UtcTime": "1670234620", "Details": "\"C:\\Users\\george\\AppData\\Roaming\\spoolsv.exe\"", "RuleName": "T1060,RunKey", "TargetObject": "HKLM\\SOFTWARE\\WOW6432Node\\Microsoft\\Windows\\CurrentVersion\\Run\\MSWUpdate"}}, {"values": {"EventID": "13", "ProcessId": "8928", "EventType": "SetValue", "Image": "C:\\Users\\george\\AppData\\Roaming\\spoolsv.exe", "RuleName": "T1060,RunKey", "UtcTime": "1670234620", "Details": "\"C:\\Users\\george\\AppData\\Roaming\\spoolsv.exe\"", "ProcessGuid": "{C784477D-C1F7-638D-7F0A-000000004700}", "TargetObject": "HKLM\\SOFTWARE\\WOW6432Node\\Microsoft\\Windows\\CurrentVersion\\Run\\MSWUpdate"}}, {"values": {"EventID": "13", "ProcessId": "6760", "EventType": "SetValue", "Image": "C:\\Users\\george\\AppData\\Roaming\\spoolsv.exe", "RuleName": "T1060,RunKey", "UtcTime": "1670234620", "Details": "\"C:\\Users\\george\\AppData\\Roaming\\spoolsv.exe\"", "ProcessGuid": "{C784477D-C1E6-638D-790A-000000004700}", "TargetObject": "HKLM\\SOFTWARE\\WOW6432Node\\Microsoft\\Windows\\CurrentVersion\\Run\\MSWUpdate"}}, {"values": {"EventID": "13", "ProcessId": "8", "EventType": "SetValue", "Image": "C:\\Users\\george\\AppData\\Roaming\\spoolsv.exe", "ProcessGuid": "{C784477D-C1DC-638D-750A-000000004700}", "UtcTime": "1670234620", "Details": "\"C:\\Users\\george\\AppData\\Roaming\\spoolsv.exe\"", "RuleName": "T1060,RunKey", "TargetObject": "HKLM\\SOFTWARE\\WOW6432Node\\Microsoft\\Windows\\CurrentVersion\\Run\\MSWUpdate"}}, {"values": {"EventID": "13", "ProcessId": "6760", "EventType": "SetValue", "Image": "C:\\Users\\george\\AppData\\Roaming\\spoolsv.exe", "ProcessGuid": "{C784477D-C1E6-638D-790A-000000004700}", "UtcTime": "1670234621", "Details": "\"C:\\Users\\george\\AppData\\Roaming\\spoolsv.exe\"", "RuleName": "T1060,RunKey", "TargetObject": "HKLM\\SOFTWARE\\WOW6432Node\\Microsoft\\Windows\\CurrentVersion\\Run\\MSWUpdate"}}, {"values": {"EventID": "13", "ProcessId": "8928", "EventType": "SetValue", "Image": "C:\\Users\\george\\AppData\\Roaming\\spoolsv.exe", "ProcessGuid": "{C784477D-C1F7-638D-7F0A-000000004700}", "UtcTime": "1670234621", "Details": "\"C:\\Users\\george\\AppData\\Roaming\\spoolsv.exe\"", "RuleName": "T1060,RunKey", "TargetObject": "HKLM\\SOFTWARE\\WOW6432Node\\Microsoft\\Windows\\CurrentVersion\\Run\\MSWUpdate"}}, {"values": {"EventID": "13", "ProcessId": "8", "EventType": "SetValue", "Image": "C:\\Users\\george\\AppData\\Roaming\\spoolsv.exe", "RuleName": "T1060,RunKey", "UtcTime": "1670234621", "Details": "\"C:\\Users\\george\\AppData\\Roaming\\spoolsv.exe\"", "ProcessGuid": "{C784477D-C1DC-638D-750A-000000004700}", "TargetObject": "HKLM\\SOFTWARE\\WOW6432Node\\Microsoft\\Windows\\CurrentVersion\\Run\\MSWUpdate"}}, {"values": {"EventID": "13", "ProcessId": "7740", "EventType": "SetValue", "Image": "C:\\Users\\george\\AppData\\Roaming\\spoolsv.exe", "ProcessGuid": "{C784477D-C1EF-638D-7C0A-000000004700}", "UtcTime": "1670234621", "Details": "\"C:\\Users\\george\\AppData\\Roaming\\spoolsv.exe\"", "RuleName": "T1060,RunKey", "TargetObject": "HKLM\\SOFTWARE\\WOW6432Node\\Microsoft\\Windows\\CurrentVersion\\Run\\MSWUpdate"}}, {"values": {"EventID": "13", "ProcessId": "7740", "EventType": "SetValue", "Image": "C:\\Users\\george\\AppData\\Roaming\\spoolsv.exe", "ProcessGuid": "{C784477D-C1EF-638D-7C0A-000000004700}", "UtcTime": "1670234622", "Details": "\"C:\\Users\\george\\AppData\\Roaming\\spoolsv.exe\"", "RuleName": "T1060,RunKey", "TargetObject": "HKLM\\SOFTWARE\\WOW6432Node\\Microsoft\\Windows\\CurrentVersion\\Run\\MSWUpdate"}}, {"values": {"EventID": "13", "ProcessId": "6760", "EventType": "SetValue", "Image": "C:\\Users\\george\\AppData\\Roaming\\spoolsv.exe", "RuleName": "T1060,RunKey", "UtcTime": "1670234622", "Details": "\"C:\\Users\\george\\AppData\\Roaming\\spoolsv.exe\"", "ProcessGuid": "{C784477D-C1E6-638D-790A-000000004700}", "TargetObject": "HKLM\\SOFTWARE\\WOW6432Node\\Microsoft\\Windows\\CurrentVersion\\Run\\MSWUpdate"}}, {"values": {"EventID": "13", "ProcessId": "8928", "EventType": "SetValue", "Image": "C:\\Users\\george\\AppData\\Roaming\\spoolsv.exe", "RuleName": "T1060,RunKey", "UtcTime": "1670234622", "Details": "\"C:\\Users\\george\\AppData\\Roaming\\spoolsv.exe\"", "ProcessGuid": "{C784477D-C1F7-638D-7F0A-000000004700}", "TargetObject": "HKLM\\SOFTWARE\\WOW6432Node\\Microsoft\\Windows\\CurrentVersion\\Run\\MSWUpdate"}}, {"values": {"EventID": "13", "ProcessId": "8", "EventType": "SetValue", "Image": "C:\\Users\\george\\AppData\\Roaming\\spoolsv.exe", "RuleName": "T1060,RunKey", "UtcTime": "1670234622", "Details": "\"C:\\Users\\george\\AppData\\Roaming\\spoolsv.exe\"", "ProcessGuid": "{C784477D-C1DC-638D-750A-000000004700}", "TargetObject": "HKLM\\SOFTWARE\\WOW6432Node\\Microsoft\\Windows\\CurrentVersion\\Run\\MSWUpdate"}}, {"values": {"EventID": "13", "ProcessId": "6760", "EventType": "SetValue", "Image": "C:\\Users\\george\\AppData\\Roaming\\spoolsv.exe", "ProcessGuid": "{C784477D-C1E6-638D-790A-000000004700}", "UtcTime": "1670234623", "Details": "\"C:\\Users\\george\\AppData\\Roaming\\spoolsv.exe\"", "RuleName": "T1060,RunKey", "TargetObject": "HKLM\\SOFTWARE\\WOW6432Node\\Microsoft\\Windows\\CurrentVersion\\Run\\MSWUpdate"}}, 