{"data": {"id": "24cd3bed1520a267e6411279def14110eb100fe958ca3ae7891012b6f03d2894", "type": "file", "links": {"self": "https://www.virustotal.com/api/v3/files/24cd3bed1520a267e6411279def14110eb100fe958ca3ae7891012b6f03d2894"}, "attributes": {"times_submitted": 9, "popular_threat_classification": {"suggested_threat_label": "ransomware.hmblocker/lockscreen", "popular_threat_category": [{"value": "ransomware", "count": 22}, {"value": "trojan", "count": 19}], "popular_threat_name": [{"value": "hmblocker", "count": 7}, {"value": "lockscreen", "count": 5}, {"value": "winlock", "count": 3}]}, "type_tag": "peexe", "pe_info": {"timestamp": 1294908321, "imphash": "c498fa2581067349762037133add4500", "machine_type": 332, "entry_point": 29013, "resource_details": [{"lang": "RUSSIAN", "chi2": 875.72, "filetype": "JPEG", "entropy": 7.92027473449707, "sha256": "b9df5cc5d77f21125aef2096df30348b5c98a7279caf00d27e902c6713ff0691", "type": "JPEG"}, {"lang": "RUSSIAN", "chi2": 11127.2, "filetype": "unknown", "entropy": 0.9268327355384827, "sha256": "2a210f3a1a4ffb683d37c5e5a9641b54232fb7e4f8d7adfcc96082b5f03db156", "type": "RT_CURSOR"}, {"lang": "ENGLISH US", "chi2": 6540.49, "filetype": "unknown", "entropy": 2.7116262912750244, "sha256": "a29831e4a3fac395e2aa86df5a0906ed2beebda018745be869477d636148f7af", "type": "RT_MENU"}, {"lang": "ENGLISH US", "chi2": 25445.83, "filetype": "unknown", "entropy": 3.139955759048462, "sha256": "ddee5d0261e7a9dab95d20cb888041e77856ba1542fcdccbb483b13b61f800db", "type": "RT_DIALOG"}, {"lang": "ENGLISH US", "chi2": 7933.23, "filetype": "unknown", "entropy": 1.4143410921096802, "sha256": "4f28b343676234c2ab8fbbde9e8f94d09fe89cf9ef5572401b089d4e74e877f2", "type": "RT_STRING"}, {"lang": "ENGLISH US", "chi2": 1712.0, "filetype": "unknown", "entropy": 1.7987949848175049, "sha256": "c2f0c188d6c493d7827bf83fb89c704815796445a0178bb2ae79658d96703a3c", "type": "RT_ACCELERATOR"}, {"lang": "RUSSIAN", "chi2": 2207.2, "filetype": "unknown", "entropy": 1.4904685020446777, "sha256": "cdd6a5d129d80d2bcf094965a6d7380056a390b1022c00088da1b50ff981f37c", "type": "RT_GROUP_CURSOR"}], "resource_langs": {"RUSSIAN": 3, "ENGLISH US": 4}, "resource_types": {"RT_DIALOG": 1, "RT_GROUP_CURSOR": 1, "RT_STRING": 1, "JPEG": 1, "RT_MENU": 1, "RT_ACCELERATOR": 1, "RT_CURSOR": 1}, "sections": [{"name": ".text", "chi2": 326921.06, "virtual_address": 4096, "entropy": 6.59, "raw_size": 48640, "flags": "rx", "virtual_size": 48239, "md5": "fa1094f9e40412f157227500ac41bdcf"}, {"name": ".rdata", "chi2": 518934.38, "virtual_address": 53248, "entropy": 5.03, "raw_size": 14336, "flags": "r", "virtual_size": 14168, "md5": "958eb497cedc7e6af8e45fc3b3b1b6c6"}, {"name": ".data", "chi2": 461287.81, "virtual_address": 69632, "entropy": 2.67, "raw_size": 3584, "flags": "rw", "virtual_size": 7872, "md5": "5ea0f765d8cb83fb034472e424f7b50e"}, {"name": ".rsrc", "chi2": 34325.92, "virtual_address": 77824, "entropy": 7.4, "raw_size": 7168, "flags": "r", "virtual_size": 7048, "md5": "fd99dfc389c8f6ac3b4c11e8b158ffe5"}, {"name": ".reloc", "chi2": 391340.69, "virtual_address": 86016, "entropy": 4.18, "raw_size": 5632, "flags": "r", "virtual_size": 5460, "md5": "4c7299f83ea93f83f02c80e67ea579d9"}], "compiler_product_versions": ["[ASM] VS2010 build 30319 count=17", "[ C ] VS2010 build 30319 count=73", "[C++] VS2010 build 30319 count=28", "[IMP] VS2008 SP1 build 30729 count=17", "[---] Unmarked objects count=159", "[RES] VS2010 build 30319 count=1", "[LNK] VS2010 build 30319 count=1", "id: 0xaf, version: 30319 count=4"], "rich_pe_header_hash": "53ef10d69f0a1d271a1b4d41cbd81512", "import_list": [{"library_name": "KERNEL32.dll", "imported_functions": ["CloseHandle", "CreateFileW", "CreateMutexA", "CreateProcessW", "CreateThread", "DecodePointer", "DeleteCriticalSection", "DeleteFileW", "EncodePointer", "EnterCriticalSection", "ExitProcess", "FindResourceW", "FreeEnvironmentStringsW", "GetACP", "GetCommandLineW", "GetCPInfo", "GetCurrentProcess", "GetCurrentProcessId", "GetCurrentThreadId", "GetEnvironmentStringsW", "GetExitCodeProcess", "GetFileType", "GetLastError", "GetModuleFileNameA", "GetModuleFileNameW", "GetModuleHandleW", "GetOEMCP", "GetProcAddress", "GetShortPathNameA", "GetStartupInfoW", "GetStdHandle", "GetStringTypeW", "GetSystemInfo", "GetSystemTime", "GetSystemTimeAsFileTime", "GetTickCount", "GetVersionExW", "GlobalAlloc", "GlobalLock", "HeapAlloc", "HeapCreate", "HeapFree", "HeapReAlloc", "HeapSetInformation", "HeapSize", "InitializeCriticalSectionAndSpinCount", "InterlockedDecrement", "InterlockedExchange", "InterlockedIncrement", "IsDebuggerPresent", "IsProcessorFeaturePresent", "IsValidCodePage", "IsWow64Process", "LCMapStringW", "LeaveCriticalSection", "LoadLibraryA", "LoadLibraryW", "LoadResource", "LockResource", "lstrlenW", "MultiByteToWideChar", "OpenProcess", "QueryPerformanceCounter", "RaiseException", "ReadFile", "ReleaseMutex", "RtlUnwind", "SetHandleCount", "SetLastError", "SetPriorityClass", "SetThreadPriority", "SetUnhandledExceptionFilter", "SizeofResource", "Sleep", "TerminateProcess", "TlsAlloc", "TlsFree", "TlsGetValue", "TlsSetValue", "UnhandledExceptionFilter", "VirtualAlloc", "VirtualFree", "VirtualProtect", "VirtualQuery", "WideCharToMultiByte", "WriteFile"]}, {"library_name": "USER32.dll", "imported_functions": ["BeginPaint", "CreateWindowExW", "DefWindowProcW", "DispatchMessageW", "EndPaint", "GetMessageW", "GetSysColorBrush", "GetSystemMetrics", "GetWindowTextW", "LoadAcceleratorsW", "LoadCursorW", "LoadIconW", "RegisterClassExW", "SetCursor", "SetWindowTextW", "SystemParametersInfoW", "TranslateAcceleratorW", "TranslateMessage"]}, {"library_name": "GDI32.dll", "imported_functions": ["BitBlt", "CreateCompatibleDC", "CreateDIBSection", "CreateFontA", "CreateFontW", "CreatePen", "DeleteDC", "DeleteObject", "GetObjectW", "LineTo", "MoveToEx", "SelectObject", "SetBkMode", "SetDIBColorTable", "SetTextColor", "TextOutW"]}, {"library_name": "ADVAPI32.dll", "imported_functions": ["AdjustTokenPrivileges"]}, {"library_name": "SHELL32.dll", "imported_functions": ["ShellExecuteExA"]}, {"library_name": "SHLWAPI.dll", "imported_functions": ["StrCmpW", "StrCpyW"]}, {"library_name": "PSAPI.DLL", "imported_functions": ["EnumProcesses"]}, {"library_name": "gdiplus.dll", "imported_functions": ["GdipAlloc", "GdipBitmapLockBits", "GdipBitmapUnlockBits", "GdipCloneImage", "GdipCreateBitmapFromScan0", "GdipCreateBitmapFromStream", "GdipDeleteGraphics", "GdipDisposeImage", "GdipDrawImageI", "GdipFree", "GdipGetImageGraphicsContext", "GdipGetImageHeight", "GdipGetImagePalette", "GdipGetImagePaletteSize", "GdipGetImagePixelFormat", "GdipGetImageWidth", "GdiplusShutdown", "GdiplusStartup"]}]}, "tlsh": "T168735B133291E133D066057018A4EA72492FF8316B7A85D7B7954BFEAF312D18F6839B", "detectiteasy": {"filetype": "PE32", "values": [{"info": "EXE32", "version": "2008-2010", "type": "Compiler", "name": "EP:Microsoft Visual C/C++"}, {"info": "LTCG/C++", "version": "16.00.30319", "type": "Compiler", "name": "Microsoft Visual C/C++"}, {"version": "10.00.30319", "type": "Linker", "name": "Microsoft Linker"}, {"version": "2010", "type": "Tool", "name": "Visual Studio"}]}, "type_tags": ["executable", "windows", "win32", "pe", "peexe"], "sigma_analysis_results": [{"match_context": [{"values": {"TerminalSessionId": "1", "ProcessGuid": "{C784477D-847A-638A-800A-000000004700}", "ProcessId": "7500", "Product": "Microsoft\\xae Windows\\xae Operating System", "Description": "Terminates Processes", "Company": "Microsoft Corporation", "ParentProcessGuid": "{C784477D-847A-638A-7F0A-000000004700}", "User": "DESKTOP-B0T93D6\\george", "Hashes": "MD5=15E2E0ACD891510C6268CB8899F2A1A1,SHA256=F328D587561BEED3C19289FBA43E284FB57BCE1A4C202C7379673964F9B8610D,IMPHASH=0D3E23DCB6BF63A9EB90D5BED57B4F89", "OriginalFileName": "taskkill.exe", "ParentImage": "C:\\Users\\george\\Desktop\\executable.exe", "FileVersion": "10.0.17134.1 (WinBuild.160101.0800)", "ParentProcessId": "7472", "CurrentDirectory": "C:\\Users\\george\\Desktop\\", "CommandLine": "taskkill /F /IM taskmgr.exe", "EventID": "1", "LogonGuid": "C784477D-1BF9-6386-D9EB-030000000000", "LogonId": "256985", "Image": "C:\\Windows\\SysWOW64\\taskkill.exe", "IntegrityLevel": "High", "ParentCommandLine": "\"C:\\Users\\george\\Desktop\\executable.exe\"", "UtcTime": "1670022266", "RuleName": "-"}}, {"values": {"TerminalSessionId": "1", "ProcessGuid": "{C784477D-847A-638A-820A-000000004700}", "ProcessId": "7528", "Product": "Microsoft\\xae Windows\\xae Operating System", "Description": "Terminates Processes", "Company": "Microsoft Corporation", "ParentProcessGuid": "{C784477D-847A-638A-7F0A-000000004700}", "User": "DESKTOP-B0T93D6\\george", "Hashes": "MD5=15E2E0ACD891510C6268CB8899F2A1A1,SHA256=F328D587561BEED3C19289FBA43E284FB57BCE1A4C202C7379673964F9B8610D,IMPHASH=0D3E23DCB6BF63A9EB90D5BED57B4F89", "OriginalFileName": "taskkill.exe", "ParentImage": "C:\\Users\\george\\Desktop\\executable.exe", "FileVersion": "10.0.17134.1 (WinBuild.160101.0800)", "ParentProcessId": "7472", "CurrentDirectory": "C:\\Users\\george\\Desktop\\", "CommandLine": "taskkill /F /IM taskmgr.exe", "EventID": "1", "LogonGuid": "C784477D-1BF9-6386-D9EB-030000000000", "LogonId": "256985", "Image": "C:\\Windows\\SysWOW64\\taskkill.exe", "IntegrityLevel": "High", "ParentCommandLine": "\"C:\\Users\\george\\Desktop\\executable.exe\"", "UtcTime": "1670022266", "RuleName": "-"}}, {"values": {"TerminalSessionId": "1", "ProcessGuid": "{C784477D-847B-638A-840A-000000004700}", "ProcessId": "7620", "Product": "Microsoft\\xae Windows\\xae Operating System", "Description": "Terminates Processes", "Company": "Microsoft Corporation", "ParentProcessGuid": "{C784477D-847A-638A-7F0A-000000004700}", "User": "DESKTOP-B0T93D6\\george", "Hashes": "MD5=15E2E0ACD891510C6268CB8899F2A1A1,SHA256=F328D587561BEED3C19289FBA43E284FB57BCE1A4C202C7379673964F9B8610D,IMPHASH=0D3E23DCB6BF63A9EB90D5BED57B4F89", "OriginalFileName": "taskkill.exe", "ParentImage": "C:\\Users\\george\\Desktop\\executable.exe", "FileVersion": "10.0.17134.1 (WinBuild.160101.0800)", "ParentProcessId": "7472", "CurrentDirectory": "C:\\Users\\george\\Desktop\\", "CommandLine": "taskkill /F /IM taskmgr.exe", "EventID": "1", "LogonGuid": "C784477D-1BF9-6386-D9EB-030000000000", "LogonId": "256985", "Image": "C:\\Windows\\SysWOW64\\taskkill.exe", "IntegrityLevel": "High", "ParentCommandLine": "\"C:\\Users\\george\\Desktop\\executable.exe\"", "UtcTime": "1670022267", "RuleName": "-"}}, {"values": {"TerminalSessionId": "1", "ProcessGuid": "{C784477D-847B-638A-860A-000000004700}", "ProcessId": "7696", "Product": "Microsoft\\xae Windows\\xae Operating System", "Description": "Terminates Processes", "Company": "Microsoft Corporation", "ParentProcessGuid": "{C784477D-847A-638A-7F0A-000000004700}", "User": "DESKTOP-B0T93D6\\george", "Hashes": "MD5=15E2E0ACD891510C6268CB8899F2A1A1,SHA256=F328D587561BEED3C19289FBA43E284FB57BCE1A4C202C7379673964F9B8610D,IMPHASH=0D3E23DCB6BF63A9EB90D5BED57B4F89", "OriginalFileName": "taskkill.exe", "ParentImage": "C:\\Users\\george\\Desktop\\executable.exe", "FileVersion": "10.0.17134.1 (WinBuild.160101.0800)", "ParentProcessId": "7472", "CurrentDirectory": "C:\\Users\\george\\Desktop\\", "CommandLine": "taskkill /F /IM taskmgr.exe", "EventID": "1", "LogonGuid": "C784477D-1BF9-6386-D9EB-030000000000", "LogonId": "256985", "Image": "C:\\Windows\\SysWOW64\\taskkill.exe", "IntegrityLevel": "High", "ParentCommandLine": "\"C:\\Users\\george\\Desktop\\executable.exe\"", "UtcTime": "1670022267", "RuleName": "-"}}, {"values": {"TerminalSessionId": "1", "ProcessGuid": "{C784477D-847B-638A-880A-000000004700}", "ProcessId": "7744", "Product": "Microsoft\\xae Windows\\xae Operating System", "Description": "Terminates Processes", "Company": "Microsoft Corporation", "ParentProcessGuid": "{C784477D-847A-638A-7F0A-000000004700}", "User": "DESKTOP-B0T93D6\\george", "Hashes": "MD5=15E2E0ACD891510C6268CB8899F2A1A1,SHA256=F328D587561BEED3C19289FBA43E284FB57BCE1A4C202C7379673964F9B8610D,IMPHASH=0D3E23DCB6BF63A9EB90D5BED57B4F89", "OriginalFileName": "taskkill.exe", "ParentImage": "C:\\Users\\george\\Desktop\\executable.exe", "FileVersion": "10.0.17134.1 (WinBuild.160101.0800)", "ParentProcessId": "7472", "CurrentDirectory": "C:\\Users\\george\\Desktop\\", "CommandLine": "taskkill /F /IM taskmgr.exe", "EventID": "1", "LogonGuid": "C784477D-1BF9-6386-D9EB-030000000000", "LogonId": "256985", "Image": "C:\\Windows\\SysWOW64\\taskkill.exe", "IntegrityLevel": "High", "ParentCommandLine": "\"C:\\Users\\george\\Desktop\\executable.exe\"", "UtcTime": "1670022267", "RuleName": "-"}}, {"values": {"TerminalSessionId": "1", "ProcessGuid": "{C784477D-847B-638A-8A0A-000000004700}", "ProcessId": "7820", "Product": "Microsoft\\xae Windows\\xae Operating System", "Description": "Terminates Processes", "Company": "Microsoft Corporation", "ParentProcessGuid": "{C784477D-847A-638A-7F0A-000000004700}", "User": "DESKTOP-B0T93D6\\george", "Hashes": "MD5=15E2E0ACD891510C6268CB8899F2A1A1,SHA256=F328D587561BEED3C19289FBA43E284FB57BCE1A4C202C7379673964F9B8610D,IMPHASH=0D3E23DCB6BF63A9EB90D5BED57B4F89", "OriginalFileName": "taskkill.exe", "ParentImage": "C:\\Users\\george\\Desktop\\executable.exe", "FileVersion": "10.0.17134.1 (WinBuild.160101.0800)", "ParentProcessId": "7472", "CurrentDirectory": "C:\\Users\\george\\Desktop\\", "CommandLine": "taskkill /F /IM taskmgr.exe", "EventID": "1", "LogonGuid": "C784477D-1BF9-6386-D9EB-030000000000", "LogonId": "256985", "Image": "C:\\Windows\\SysWOW64\\taskkill.exe", "IntegrityLevel": "High", "ParentCommandLine": "\"C:\\Users\\george\\Desktop\\executable.exe\"", "UtcTime": "1670022267", "RuleName": "-"}}, {"values": {"TerminalSessionId": "1", "ProcessGuid": "{C784477D-847B-638A-8C0A-000000004700}", "ProcessId": "7900", "Product": "Microsoft\\xae Windows\\xae Operating System", "Description": "Terminates Processes", "Company": "Microsoft Corporation", "ParentProcessGuid": "{C784477D-847A-638A-7F0A-000000004700}", "User": "DESKTOP-B0T93D6\\george", "Hashes": "MD5=15E2E0ACD891510C6268CB8899F2A1A1,SHA256=F328D587561BEED3C19289FBA43E284FB57BCE1A4C202C7379673964F9B8610D,IMPHASH=0D3E23DCB6BF63A9EB90D5BED57B4F89", "OriginalFileName": "taskkill.exe", "ParentImage": "C:\\Users\\george\\Desktop\\executable.exe", "FileVersion": "10.0.17134.1 (WinBuild.160101.0800)", "ParentProcessId": "7472", "CurrentDirectory": "C:\\Users\\george\\Desktop\\", "CommandLine": "taskkill /F /IM taskmgr.exe", "EventID": "1", "LogonGuid": "C784477D-1BF9-6386-D9EB-030000000000", "LogonId": "256985", "Image": "C:\\Windows\\SysWOW64\\taskkill.exe", "IntegrityLevel": "High", "ParentCommandLine": "\"C:\\Users\\george\\Desktop\\executable.exe\"", "UtcTime": "1670022267", "RuleName": "-"}}, {"values": {"TerminalSessionId": "1", "ProcessGuid": "{C784477D-847C-638A-8E0A-000000004700}", "ProcessId": "7964", "Product": "Microsoft\\xae Windows\\xae Operating System", "Description": "Terminates Processes", "Company": "Microsoft Corporation", "ParentProcessGuid": "{C784477D-847A-638A-7F0A-000000004700}", "User": "DESKTOP-B0T93D6\\george", "Hashes": "MD5=15E2E0ACD891510C6268CB8899F2A1A1,SHA256=F328D587561BEED3C19289FBA43E284FB57BCE1A4C202C7379673964F9B8610D,IMPHASH=0D3E23DCB6BF63A9EB90D5BED57B4F89", "OriginalFileName": "taskkill.exe", "ParentImage": "C:\\Users\\george\\Desktop\\executable.exe", "FileVersion": "10.0.17134.1 (WinBuild.160101.0800)", "ParentProcessId": "7472", "CurrentDirectory": "C:\\Users\\george\\Desktop\\", "CommandLine": "taskkill /F /IM taskmgr.exe", "EventID": "1", "LogonGuid": "C784477D-1BF9-6386-D9EB-030000000000", "LogonId": "256985", "Image": "C:\\Windows\\SysWOW64\\taskkill.exe", "IntegrityLevel": "High", "ParentCommandLine": "\"C:\\Users\\george\\Desktop\\executable.exe\"", "UtcTime": "1670022268", "RuleName": "-"}}, {"values": {"TerminalSessionId": "1", "ProcessGuid": "{C784477D-847C-638A-900A-000000004700}", "ProcessId": "8044", "Product": "Microsoft\\xae Windows\\xae Operating System", "Description": "Terminates Processes", "Company": "Microsoft Corporation", "ParentProcessGuid": "{C784477D-847A-638A-7F0A-000000004700}", "User": "DESKTOP-B0T93D6\\george", "Hashes": "MD5=15E2E0ACD891510C6268CB8899F2A1A1,SHA256=F328D587561BEED3C19289FBA43E284FB57BCE1A4C202C7379673964F9B8610D,IMPHASH=0D3E23DCB6BF63A9EB90D5BED57B4F89", "OriginalFileName": "taskkill.exe", "ParentImage": "C:\\Users\\george\\Desktop\\executable.exe", "FileVersion": "10.0.17134.1 (WinBuild.160101.0800)", "ParentProcessId": "7472", "CurrentDirectory": "C:\\Users\\george\\Desktop\\", "CommandLine": "taskkill /F /IM taskmgr.exe", "EventID": "1", "LogonGuid": "C784477D-1BF9-6386-D9EB-030000000000", "LogonId": "256985", "Image": "C:\\Windows\\SysWOW64\\taskkill.exe", "IntegrityLevel": "High", "ParentCommandLine": "\"C:\\Users\\george\\Desktop\\executable.exe\"", "UtcTime": "1670022268", "RuleName": "-"}}, {"values": {"TerminalSessionId": "1", "ProcessGuid": "{C784477D-847C-638A-920A-000000004700}", "ProcessId": "8116", "Product": "Microsoft\\xae Windows\\xae Operating System", "Description": "Terminates Processes", "Company": "Microsoft Corporation", "ParentProcessGuid": "{C784477D-847A-638A-7F0A-000000004700}", "User": "DESKTOP-B0T93D6\\george", "Hashes": "MD5=15E2E0ACD891510C6268CB8899F2A1A1,SHA256=F328D587561BEED3C19289FBA43E284FB57BCE1A4C202C7379673964F9B8610D,IMPHASH=0D3E23DCB6BF63A9EB90D5BED57B4F89", "OriginalFileName": "taskkill.exe", "ParentImage": "C:\\Users\\george\\Desktop\\executable.exe", "FileVersion": "10.0.17134.1 (WinBuild.160101.0800)", "ParentProcessId": "7472", "CurrentDirectory": "C:\\Users\\george\\Desktop\\", "CommandLine": "taskkill /F /IM taskmgr.exe", "EventID": "1", "LogonGuid": "C784477D-1BF9-6386-D9EB-030000000000", "LogonId": "256985", "Image": "C:\\Windows\\SysWOW64\\taskkill.exe", "IntegrityLevel": "High", "ParentCommandLine": "\"C:\\Users\\george\\Desktop\\executable.exe\"", "UtcTime": "1670022268", "RuleName": "-"}}, {"values": {"TerminalSessionId": "1", "ProcessGuid": "{C784477D-847C-638A-940A-000000004700}", "ProcessId": "2332", "Product": "Microsoft\\xae Windows\\xae Operating System", "Description": "Terminates Processes", "Company": "Microsoft Corporation", "ParentProcessGuid": "{C784477D-847A-638A-7F0A-000000004700}", "User": "DESKTOP-B0T93D6\\george", "Hashes": "MD5=15E2E0ACD891510C6268CB8899F2A1A1,SHA256=F328D587561BEED3C19289FBA43E284FB57BCE1A4C202C7379673964F9B8610D,IMPHASH=0D3E23DCB6BF63A9EB90D5BED57B4F89", "OriginalFileName": "taskkill.exe", "ParentImage": "C:\\Users\\george\\Desktop\\executable.exe", "FileVersion": "10.0.17134.1 (WinBuild.160101.0800)", "ParentProcessId": "7472", "CurrentDirectory": "C:\\Users\\george\\Desktop\\", "CommandLine": "taskkill /F /IM taskmgr.exe", "EventID": "1", "LogonGuid": "C784477D-1BF9-6386-D9EB-030000000000", "LogonId": "256985", "Image": "C:\\Windows\\SysWOW64\\taskkill.exe", "IntegrityLevel": "High", "ParentCommandLine": "\"C:\\Users\\george\\Desktop\\executable.exe\"", "UtcTime": "1670022268", "RuleName": "-"}}, {"values": {"TerminalSessionId": "1", "ProcessGuid": "{C784477D-847D-638A-960A-000000004700}", "ProcessId": "2520", "Product": "Microsoft\\xae Windows\\xae Operating System", "Description": "Terminates Processes", "Company": "Microsoft Corporation", "ParentProcessGuid": "{C784477D-847A-638A-7F0A-000000004700}", "User": "DESKTOP-B0T93D6\\george", "Hashes": "MD5=15E2E0ACD891510C6268CB8899F2A1A1,SHA256=F328D587561BEED3C19289FBA43E284FB57BCE1A4C202C7379673964F9B8610D,IMPHASH=0D3E23DCB6BF63A9EB90D5BED57B4F89", "OriginalFileName": "taskkill.exe", "ParentImage": "C:\\Users\\george\\Desktop\\executable.exe", "FileVersion": "10.0.17134.1 (WinBuild.160101.0800)", "ParentProcessId": "7472", "CurrentDirectory": "C:\\Users\\george\\Desktop\\", "CommandLine": "taskkill /F /IM taskmgr.exe", "EventID": "1", "LogonGuid": "C784477D-1BF9-6386-D9EB-030000000000", "LogonId": "256985", "Image": "C:\\Windows\\SysWOW64\\taskkill.exe", "IntegrityLevel": "High", "ParentCommandLine": "\"C:\\Users\\george\\Desktop\\executable.exe\"", "UtcTime": "1670022269", "RuleName": "-"}}, {"values": {"TerminalSessionId": "1", "ProcessGuid": "{C784477D-847D-638A-980A-000000004700}", "ProcessId": "2164", "Product": "Microsoft\\xae Windows\\xae Operating System", "Description": "Terminates Processes", "Company": "Microsoft Corporation", "ParentProcessGuid": "{C784477D-847A-638A-7F0A-000000004700}", "User": "DESKTOP-B0T93D6\\george", "Hashes": "MD5=15E2E0ACD891510C6268CB8899F2A1A1,SHA256=F328D587561BEED3C19289FBA43E284FB57BCE1A4C202C7379673964F9B8610D,IMPHASH=0D3E23DCB6BF63A9EB90D5BED57B4F89", "OriginalFileName": "taskkill.exe", "ParentImage": "C:\\Users\\george\\Desktop\\executable.exe", "FileVersion": "10.0.17134.1 (WinBuild.160101.0800)", "ParentProcessId": "7472", "CurrentDirectory": "C:\\Users\\george\\Desktop\\", "CommandLine": "taskkill /F /IM taskmgr.exe", "EventID": "1", "LogonGuid": "C784477D-1BF9-6386-D9EB-030000000000", "LogonId": "256985", "Image": "C:\\Windows\\SysWOW64\\taskkill.exe", "IntegrityLevel": "High", "ParentCommandLine": "\"C:\\Users\\george\\Desktop\\executable.exe\"", "UtcTime": "1670022269", "RuleName": "-"}}, {"values": {"TerminalSessionId": "1", "ProcessGuid": "{C784477D-847D-638A-9A0A-000000004700}", "ProcessId": "7316", "Product": "Microsoft\\xae Windows\\xae Operating System", "Description": "Terminates Processes", "Company": "Microsoft Corporation", "ParentProcessGuid": "{C784477D-847A-638A-7F0A-000000004700}", "User": "DESKTOP-B0T93D6\\george", "Hashes": "MD5=15E2E0ACD891510C6268CB8899F2A1A1,SHA256=F328D587561BEED3C19289FBA43E284FB57BCE1A4C202C7379673964F9B8610D,IMPHASH=0D3E23DCB6BF63A9EB90D5BED57B4F89", "OriginalFileName": "taskkill.exe", "ParentImage": "C:\\Users\\george\\Desktop\\executable.exe", "FileVersion": "10.0.17134.1 (WinBuild.160101.0800)", "ParentProcessId": "7472", "CurrentDirectory": "C:\\Users\\george\\Desktop\\", "CommandLine": "taskkill /F /IM taskmgr.exe", "EventID": "1", "LogonGuid": "C784477D-1BF9-6386-D9EB-030000000000", "LogonId": "256985", "Image": "C:\\Windows\\SysWOW64\\taskkill.exe", "IntegrityLevel": "High", "ParentCommandLine": "\"C:\\Users\\george\\Desktop\\executable.exe\"", "UtcTime": "1670022269", "RuleName": "-"}}, {"values": {"TerminalSessionId": "1", "ProcessGuid": "{C784477D-847D-638A-9C0A-000000004700}", "ProcessId": "6616", "Product": "Microsoft\\xae Windows\\xae Operating System", "Description": "Terminates Processes", "Company": "Microsoft Corporation", "ParentProcessGuid": "{C784477D-847A-638A-7F0A-000000004700}", "User": "DESKTOP-B0T93D6\\george", "Hashes": "MD5=15E2E0ACD891510C6268CB8899F2A1A1,SHA256=F328D587561BEED3C19289FBA43E284FB57BCE1A4C202C7379673964F9B8610D,IMPHASH=0D3E23DCB6BF63A9EB90D5BED57B4F89", "OriginalFileName": "taskkill.exe", "ParentImage": "C:\\Users\\george\\Desktop\\executable.exe", "FileVersion": "10.0.17134.1 (WinBuild.160101.0800)", "ParentProcessId": "7472", "CurrentDirectory": "C:\\Users\\george\\Desktop\\", "CommandLine": "taskkill /F /IM taskmgr.exe", "EventID": "1", "LogonGuid": "C784477D-1BF9-6386-D9EB-030000000000", "LogonId": "256985", "Image": "C:\\Windows\\SysWOW64\\taskkill.exe", "IntegrityLevel": "High", "ParentCommandLine": "\"C:\\Users\\george\\Desktop\\executable.exe\"", "UtcTime": "1670022269", "RuleName": "-"}}, {"values": {"TerminalSessionId": "1", "ProcessGuid": "{C784477D-847E-638A-9E0A-000000004700}", "ProcessId": "6420", "Product": "Microsoft\\xae Windows\\xae Operating System", "Description": "Terminates Processes", "Company": "Microsoft Corporation", "ParentProcessGuid": "{C784477D-847A-638A-7F0A-000000004700}", "User": "DESKTOP-B0T93D6\\george", "Hashes": "MD5=15E2E0ACD891510C6268CB8899F2A1A1,SHA256=F328D587561BEED3C19289FBA43E284FB57BCE1A4C202C7379673964F9B8610D,IMPHASH=0D3E23DCB6BF63A9EB90D5BED57B4F89", "OriginalFileName": "taskkill.exe", "ParentImage": "C:\\Users\\george\\Desktop\\executable.exe", "FileVersion": "10.0.17134.1 (WinBuild.160101.0800)", "ParentProcessId": "7472", "CurrentDirectory": "C:\\Users\\george\\Desktop\\", "CommandLine": "taskkill /F /IM taskmgr.exe", "EventID": "1", "LogonGuid": "C784477D-1BF9-6386-D9EB-030000000000", "LogonId": "256985", "Image": "C:\\Windows\\SysWOW64\\taskkill.exe", "IntegrityLevel": "High", "ParentCommandLine": "\"C:\\Users\\george\\Desktop\\executable.exe\"", "UtcTime": "1670022270", "RuleName": "-"}}, {"values": {"TerminalSessionId": "1", "ProcessGuid": "{C784477D-847E-638A-A00A-000000004700}", "ProcessId": "7460", "Product": "Microsoft\\xae Windows\\xae Operating System", "Description": "Terminates Processes", "Company": "Microsoft Corporation", "ParentProcessGuid": "{C784477D-847A-638A-7F0A-000000004700}", "User": "DESKTOP-B0T93D6\\george", "Hashes": "MD5=15E2E0ACD891510C6268CB8899F2A1A1,SHA256=F328D587561BEED3C19289FBA43E284FB57BCE1A4C202C7379673964F9B8610D,IMPHASH=0D3E23DCB6BF63A9EB90D5BED57B4F89", "OriginalFileName": "taskkill.exe", "ParentImage": "C:\\Users\\george\\Desktop\\executable.exe", "FileVersion": "10.0.17134.1 (WinBuild.160101.0800)", "ParentProcessId": "7472", "CurrentDirectory": "C:\\Users\\george\\Desktop\\", "CommandLine": "taskkill /F /IM taskmgr.exe", "EventID": "1", "LogonGuid": "C784477D-1BF9-6386-D9EB-030000000000", "LogonId": "256985", "Image": "C:\\Windows\\SysWOW64\\taskkill.exe", "IntegrityLevel": "High", "ParentCommandLine": "\"C:\\Users\\george\\Desktop\\executable.exe\"", "UtcTime": "1670022270", "RuleName": "-"}}, {"values": {"TerminalSessionId": "1", "ProcessGuid": "{C784477D-847E-638A-A20A-000000004700}", "ProcessId": "7592", "Product": "Microsoft\\xae Windows\\xae Operating System", "Description": "Terminates Processes", "Company": "Microsoft Corporation", "ParentProcessGuid": "{C784477D-847A-638A-7F0A-000000004700}", "User": "DESKTOP-B0T93D6\\george", "Hashes": "MD5=15E2E0ACD891510C6268CB8899F2A1A1,SHA256=F328D587561BEED3C19289FBA43E284FB57BCE1A4C202C7379673964F9B8610D,IMPHASH=0D3E23DCB6BF63A9EB90D5BED57B4F89", "OriginalFileName": "taskkill.exe", "ParentImage": "C:\\Users\\george\\Desktop\\executable.exe", "FileVersion": "10.0.17134.1 (WinBuild.160101.0800)", "ParentProcessId": "7472", "CurrentDirectory": "C:\\Users\\george\\Desktop\\", "CommandLine": "taskkill /F /IM taskmgr.exe", "EventID": "1", "LogonGuid": "C784477D-1BF9-6386-D9EB-030000000000", "LogonId": "256985", "Image": "C:\\Windows\\SysWOW64\\taskkill.exe", "IntegrityLevel": "High", "ParentCommandLine": "\"C:\\Users\\george\\Desktop\\executable.exe\"", "UtcTime": "1670022270", "RuleName": "-"}}, {"values": {"TerminalSessionId": "1", "ProcessGuid": "{C784477D-847E-638A-A40A-000000004700}", "ProcessId": "7608", "Product": "Microsoft\\xae Windows\\xae Operating System", "Description": "Terminates Processes", "Company": "Microsoft Corporation", "ParentProcessGuid": "{C784477D-847A-638A-7F0A-000000004700}", "User": "DESKTOP-B0T93D6\\george", "Hashes": "MD5=15E2E0ACD891510C6268CB8899F2A1A1,SHA256=F328D587561BEED3C19289FBA43E284FB57BCE1A4C202C7379673964F9B8610D,IMPHASH=0D3E23DCB6BF63A9EB90D5BED57B4F89", "OriginalFileName": "taskkill.exe", "ParentImage": "C:\\Users\\george\\Desktop\\executable.exe", "FileVersion": "10.0.17134.1 (WinBuild.160101.0800)", "ParentProcessId": "7472", "CurrentDirectory": "C:\\Users\\george\\Desktop\\", "CommandLine": "taskkill /F /IM taskmgr.exe", "EventID": "1", "LogonGuid": "C784477D-1BF9-6386-D9EB-030000000000", "LogonId": "256985", "Image": "C:\\Windows\\SysWOW64\\taskkill.exe", "IntegrityLevel": "High", "ParentCommandLine": "\"C:\\Users\\george\\Desktop\\executable.exe\"", "UtcTime": "1670022270", "RuleName": "-"}}, {"values": {"TerminalSessionId": "1", "ProcessGuid": "{C784477D-847F-638A-A60A-000000004700}", "ProcessId": "6260", "Product": "Microsoft\\xae Windows\\xae Operating System", "Description": "Terminates Processes", "Company": "Microsoft Corporation", "ParentProcessGuid": "{C784477D-847A-638A-7F0A-000000004700}", "User": "DESKTOP-B0T93D6\\george", "Hashes": "MD5=15E2E0ACD891510C6268CB8899F2A1A1,SHA256=F328D587561BEED3C19289FBA43E284FB57BCE1A4C202C7379673964F9B8610D,IMPHASH=0D3E23DCB6BF63A9EB90D5BED57B4F89", "OriginalFileName": "taskkill.exe", "ParentImage": "C:\\Users\\george\\Desktop\\executable.exe", "FileVersion": "10.0.17134.1 (WinBuild.160101.0800)", "ParentProcessId": "7472", "CurrentDirectory": "C:\\Users\\george\\Desktop\\", "CommandLine": "taskkill /F /IM taskmgr.exe", "EventID": "1", "LogonGuid": "C784477D-1BF9-6386-D9EB-030000000000", "LogonId": "256985", "Image": "C:\\Windows\\SysWOW64\\taskkill.exe", "IntegrityLevel": "High", "ParentCommandLine": "\"C:\\Users\\george\\Desktop\\executable.exe\"", "UtcTime": "1670022271", "RuleName": "-"}}, {"values": {"TerminalSessionId": "1", "ProcessGuid": "{C784477D-847F-638A-A80A-000000004700}", "ProcessId": "7816", "Product": "Microsoft\\xae Windows\\xae Operating System", "Description": "Terminates Processes", "Company": "Microsoft Corporation", "ParentProcessGuid": "{C784477D-847A-638A-7F0A-000000004700}", "User": "DESKTOP-B0T93D6\\george", "Hashes": "MD5=15E2E0ACD891510C6268CB8899F2A1A1,SHA256=F328D587561BEED3C19289FBA43E284FB57BCE1A4C202C7379673964F9B8610D,IMPHASH=0D3E23DCB6BF63A9EB90D5BED57B4F89", "OriginalFileName": "taskkill.exe", "ParentImage": "C:\\Users\\george\\Desktop\\executable.exe", "FileVersion": "10.0.17134.1 (WinBuild.160101.0800)", "ParentProcessId": "7472", "CurrentDirectory": "C:\\Users\\george\\Desktop\\", "CommandLine": "taskkill /F /IM taskmgr.exe", "EventID": "1", "LogonGuid": "C784477D-1BF9-6386-D9EB-030000000000", "LogonId": "256985", "Image": "C:\\Windows\\SysWOW64\\taskkill.exe", "IntegrityLevel": "High", "ParentCommandLine": "\"C:\\Users\\george\\Desktop\\executable.exe\"", "UtcTime": "1670022271", "RuleName": "-"}}, {"values": {"TerminalSessionId": "1", "ProcessGuid": "{C784477D-847F-638A-AA0A-000000004700}", "ProcessId": "7908", "Product": "Microsoft\\xae Windows\\xae Operating System", "Description": "Terminates Processes", "Company": "Microsoft Corporation", "ParentProcessGuid": "{C784477D-847A-638A-7F0A-000000004700}", "User": "DESKTOP-B0T93D6\\george", "Hashes": "MD5=15E2E0ACD891510C6268CB8899F2A1A1,SHA256=F328D587561BEED3C19289FBA43E284FB57BCE1A4C202C7379673964F9B8610D,IMPHASH=0D3E23DCB6BF63A9EB90D5BED57B4F89", "OriginalFileName": "taskkill.exe", "ParentImage": "C:\\Users\\george\\Desktop\\executable.exe", "FileVersion": "10.0.17134.1 (WinBuild.160101.0800)", "ParentProcessId": "7472", "CurrentDirectory": "C:\\Users\\george\\Desktop\\", "CommandLine": "taskkill /F /IM taskmgr.exe", "EventID": "1", "LogonGuid": "C784477D-1BF9-6386-D9EB-030000000000", "LogonId": "256985", "Image": "C:\\Windows\\SysWOW64\\taskkill.exe", "IntegrityLevel": "High", "ParentCommandLine": "\"C:\\Users\\george\\Desktop\\executable.exe\"", "UtcTime": "1670022271", "RuleName": "-"}}, {"values": {"TerminalSessionId": "1", "ProcessGuid": "{C784477D-847F-638A-AC0A-000000004700}", "ProcessId": "7936", "Product": "Microsoft\\xae Windows\\xae Operating System", "Description": "Terminates Processes", "Company": "Microsoft Corporation", "ParentProcessGuid": "{C784477D-847A-638A-7F0A-000000004700}", "User": "DESKTOP-B0T93D6\\george", "Hashes": "MD5=15E2E0ACD891510C6268CB8899F2A1A1,SHA256=F328D587561BEED3C19289FBA43E284FB57BCE1A4C202C7379673964F9B8610D,IMPHASH=0D3E23DCB6BF63A9EB90D5BED57B4F89", "OriginalFileName": "taskkill.exe", "ParentImage": "C:\\Users\\george\\Desktop\\executable.exe", "FileVersion": "10.0.17134.1 (WinBuild.160101.0800)", "ParentProcessId": "7472", "CurrentDirectory": "C:\\Users\\george\\Desktop\\", "CommandLine": "taskkill /F /IM taskmgr.exe", "EventID": "1", "LogonGuid": "C784477D-1BF9-6386-D9EB-030000000000", "LogonId": "256985", "Image": "C:\\Windows\\SysWOW64\\taskkill.exe", "IntegrityLevel": "High", "ParentCommandLine": "\"C:\\Users\\george\\Desktop\\executable.exe\"", "UtcTime": "1670022271", "RuleName": "-"}}, {"values": {"TerminalSessionId": "1", "ProcessGuid": "{C784477D-8480-638A-AE0A-000000004700}", "ProcessId": "4204", "Product": "Microsoft\\xae Windows\\xae Operating System", "Description": "Terminates Processes", "Company": "Microsoft Corporation", "ParentProcessGuid": "{C784477D-847A-638A-7F0A-000000004700}", "User": "DESKTOP-B0T93D6\\george", "Hashes": "MD5=15E2E0ACD891510C6268CB8899F2A1A1,SHA256=F328D587561BEED3C19289FBA43E284FB57BCE1A4C202C7379673964F9B8610D,IMPHASH=0D3E23DCB6BF63A9EB90D5BED57B4F89", "OriginalFileName": "taskkill.exe", "ParentImage": "C:\\Users\\george\\Desktop\\executable.exe", "FileVersion": "10.0.17134.1 (WinBuild.160101.0800)", "ParentProcessId": "7472", "CurrentDirectory": "C:\\Users\\george\\Desktop\\", "CommandLine": "taskkill /F /IM taskmgr.exe", "EventID": "1", "LogonGuid": "C784477D-1BF9-6386-D9EB-030000000000", "LogonId": "256985", "Image": "C:\\Windows\\SysWOW64\\taskkill.exe", "IntegrityLevel": "High", "ParentCommandLine": "\"C:\\Users\\george\\Desktop\\executable.exe\"", "UtcTime": "1670022272", "RuleName": "-"}}, {"values": {"TerminalSessionId": "1", "ProcessGuid": "{C784477D-8480-638A-B00A-000000004700}", "ProcessId": "3008", "Product": "Microsoft\\xae Windows\\xae Operating System", "Description": "Terminates Processes", "Company": "Microsoft Corporation", "ParentProcessGuid": "{C784477D-847A-638A-7F0A-000000004700}", "User": "DESKTOP-B0T93D6\\george", "Hashes": "MD5=15E2E0ACD891510C6268CB8899F2A1A1,SHA256=F328D587561BEED3C19289FBA43E284FB57BCE1A4C202C7379673964F9B8610D,IMPHASH=0D3E23DCB6BF63A9EB90D5BED57B4F89", "OriginalFileName": "taskkill.exe", "ParentImage": "C:\\Users\\george\\Desktop\\executable.exe", "FileVersion": "10.0.17134.1 (WinBuild.160101.0800)", "ParentProcessId": "7472", "CurrentDirectory": "C:\\Users\\george\\Desktop\\", "CommandLine": "taskkill /F /IM taskmgr.exe", "EventID": "1", "LogonGuid": "C784477D-1BF9-6386-D9EB-030000000000", "LogonId": "256985", "Image": "C:\\Windows\\SysWOW64\\taskkill.exe", "IntegrityLevel": "High", "ParentCommandLine": "\"C:\\Users\\george\\Desktop\\executable.exe\"", "UtcTime": "1670022272", "RuleName": "-"}}, {"values": {"TerminalSessionId": "1", "ProcessGuid": "{C784477D-8480-638A-B30A-000000004700}", "ProcessId": "7960", "Product": "Microsoft\\xae Windows\\xae Operating System", "Description": "Terminates Processes", "Company": "Microsoft Corporation", "ParentProcessGuid": "{C784477D-847A-638A-7F0A-000000004700}", "User": "DESKTOP-B0T93D6\\george", "Hashes": "MD5=15E2E0ACD891510C6268CB8899F2A1A1,SHA256=F328D587561BEED3C19289FBA43E284FB57BCE1A4C202C7379673964F9B8610D,IMPHASH=0D3E23DCB6BF63A9EB90D5BED57B4F89", "OriginalFileName": "taskkill.exe", "ParentImage": "C:\\Users\\george\\Desktop\\executable.exe", "FileVersion": "10.0.17134.1 (WinBuild.160101.0800)", "ParentProcessId": "7472", "CurrentDirectory": "C:\\Users\\george\\Desktop\\", "CommandLine": "taskkill /F /IM taskmgr.exe", "EventID": "1", "LogonGuid": "C784477D-1BF9-6386-D9EB-030000000000", "LogonId": "256985", "Image": "C:\\Windows\\SysWOW64\\taskkill.exe", "IntegrityLevel": "High", "ParentCommandLine": "\"C:\\Users\\george\\Desktop\\executable.exe\"", "UtcTime": "1670022272", "RuleName": "-"}}, {"values": {"TerminalSessionId": "1", "ProcessGuid": "{C784477D-8480-638A-B50A-000000004700}", "ProcessId": "8092", "Product": "Microsoft\\xae Windows\\xae Operating System", "Description": "Terminates Processes", "Company": "Microsoft Corporation", "ParentProcessGuid": "{C784477D-847A-638A-7F0A-000000004700}", "User": "DESKTOP-B0T93D6\\george", "Hashes": "MD5=15E2E0ACD891510C6268CB8899F2A1A1,SHA256=F328D587561BEED3C19289FBA43E284FB57BCE1A4C202C7379673964F9B8610D,IMPHASH=0D3E23DCB6BF63A9EB90D5BED57B4F89", "OriginalFileName": "taskkill.exe", "ParentImage": "C:\\Users\\george\\Desktop\\executable.exe", "FileVersion": "10.0.17134.1 (WinBuild.160101.0800)", "ParentProcessId": "7472", "CurrentDirectory": "C:\\Users\\george\\Desktop\\", "CommandLine": "taskkill /F /IM taskmgr.exe", "EventID": "1", "LogonGuid": "C784477D-1BF9-6386-D9EB-030000000000", "LogonId": "256985", "Image": "C:\\Windows\\SysWOW64\\taskkill.exe", "IntegrityLevel": "High", "ParentCommandLine": "\"C:\\Users\\george\\Desktop\\executable.exe\"", "UtcTime": "1670022272", "RuleName": "-"}}, {"values": {"TerminalSessionId": "1", "ProcessGuid": "{C784477D-8480-638A-B70A-000000004700}", "ProcessId": "8164", "Product": "Microsoft\\xae Windows\\xae Operating System", "Description": "Terminates Processes", "Company": "Microsoft Corporation", "ParentProcessGuid": "{C784477D-847A-638A-7F0A-000000004700}", "User": "DESKTOP-B0T93D6\\george", "Hashes": "MD5=15E2E0ACD891510C6268CB8899F2A1A1,SHA256=F328D587561BEED3C19289FBA43E284FB57BCE1A4C202C7379673964F9B8610D,IMPHASH=0D3E23DCB6BF63A9EB90D5BED57B4F89", "OriginalFileName": "taskkill.exe", "ParentImage": "C:\\Users\\george\\Desktop\\executable.exe", "FileVersion": "10.0.17134.1 (WinBuild.160101.0800)", "ParentProcessId": "7472", "CurrentDirectory": "C:\\Users\\george\\Desktop\\", "CommandLine": "taskkill /F /IM taskmgr.exe", "EventID": "1", "LogonGuid": "C784477D-1BF9-6386-D9EB-030000000000", "LogonId": "256985", "Image": "C:\\Windows\\SysWOW64\\taskkill.exe", "IntegrityLevel": "High", "ParentCommandLine": "\"C:\\Users\\george\\Desktop\\executable.exe\"", "UtcTime": "1670022272", "RuleName": "-"}}, {"values": {"TerminalSessionId": "1", "ProcessGuid": "{C784477D-8481-638A-B90A-000000004700}", "ProcessId": "6504", "Product": "Microsoft\\xae Windows\\xae Operating System", "Description": "Terminates Processes", "Company": "Microsoft Corporation", "ParentProcessGuid": "{C784477D-847A-638A-7F0A-000000004700}", "User": "DESKTOP-B0T93D6\\george", "Hashes": "MD5=15E2E0ACD891510C6268CB8899F2A1A1,SHA256=F328D587561BEED3C19289FBA43E284FB57BCE1A4C202C7379673964F9B8610D,IMPHASH=0D3E23DCB6BF63A9EB90D5BED57B4F89", "OriginalFileName": "taskkill.exe", "ParentImage": "C:\\Users\\george\\Desktop\\executable.exe", "FileVersion": "10.0.17134.1 (WinBuild.160101.0800)", "ParentProcessId": "7472", "CurrentDirectory": "C:\\Users\\george\\Desktop\\", "CommandLine": "taskkill /F /IM taskmgr.exe", "EventID": "1", "LogonGuid": "C784477D-1BF9-6386-D9EB-030000000000", "LogonId": "256985", "Image": "C:\\Windows\\SysWOW64\\taskkill.exe", "IntegrityLevel": "High", "ParentCommandLine": "\"C:\\Users\\george\\Desktop\\executable.exe\"", "UtcTime": "1670022273", "RuleName": "-"}}, {"values": {"TerminalSessionId": "1", "ProcessGuid": "{C784477D-8481-638A-BB0A-000000004700}", "ProcessId": "7180", "Product": "Microsoft\\xae Windows\\xae Operating System", "Description": "Terminates Processes", "Company": "Microsoft Corporation", "ParentProcessGuid": "{C784477D-847A-638A-7F0A-000000004700}", "User": "DESKTOP-B0T93D6\\george", "Hashes": "MD5=15E2E0ACD891510C6268CB8899F2A1A1,SHA256=F328D587561BEED3C19289FBA43E284FB57BCE1A4C202C7379673964F9B8610D,IMPHASH=0D3E23DCB6BF63A9EB90D5BED57B4F89", "OriginalFileName": "taskkill.exe", "ParentImage": "C:\\Users\\george\\Desktop\\executable.exe", "FileVersion": "10.0.17134.1 (WinBuild.160101.0800)", "ParentProcessId": "7472", "CurrentDirectory": "C:\\Users\\george\\Desktop\\", "CommandLine": "taskkill /F /IM taskmgr.exe", "EventID": "1", "LogonGuid": "C784477D-1BF9-6386-D9EB-030000000000", "LogonId": "256985", "Image": "C:\\Windows\\SysWOW64\\taskkill.exe", "IntegrityLevel": "High", "ParentCommandLine": "\"C:\\Users\\george\\Desktop\\executable.exe\"", "UtcTime": "1670022273", "RuleName": "-"}}, {"values": {"TerminalSessionId": "1", "ProcessGuid": "{C784477D-8481-638A-BD0A-000000004700}", "ProcessId": "7104", "Product": "Microsoft\\xae Windows\\xae Operating System", "Description": "Terminates Processes", "Company": "Microsoft Corporation", "ParentProcessGuid": "{C784477D-847A-638A-7F0A-000000004700}", "User": "DESKTOP-B0T93D6\\george", "Hashes": "MD5=15E2E0ACD891510C6268CB8899F2A1A1,SHA256=F328D587561BEED3C19289FBA43E284FB57BCE1A4C202C7379673964F9B8610D,IMPHASH=0D3E23DCB6BF63A9EB90D5BED57B4F89", "OriginalFileName": "taskkill.exe", "ParentImage": "C:\\Users\\george\\Desktop\\executable.exe", "FileVersion": "10.0.17134.1 (WinBuild.160101.0800)", "ParentProcessId": "7472", "CurrentDirectory": "C:\\Users\\george\\Desktop\\", "CommandLine": "taskkill /F /IM taskmgr.exe", "EventID": "1", "LogonGuid": "C784477D-1BF9-6386-D9EB-030000000000", "LogonId": "256985", "Image": "C:\\Windows\\SysWOW64\\taskkill.exe", "IntegrityLevel": "High", "ParentCommandLine": "\"C:\\Users\\george\\Desktop\\executable.exe\"", "UtcTime": "1670022273", "RuleName": "-"}}, {"values": {"TerminalSessionId": "1", "ProcessGuid": "{C784477D-8481-638A-BF0A-000000004700}", "ProcessId": "4936", "Product": "Microsoft\\xae Windows\\xae Operating System", "Description": "Terminates Processes", "Company": "Microsoft Corporation", "ParentProcessGuid": "{C784477D-847A-638A-7F0A-000000004700}", "User": "DESKTOP-B0T93D6\\george", "Hashes": "MD5=15E2E0ACD891510C6268CB8899F2A1A1,SHA256=F328D587561BEED3C19289FBA43E284FB57BCE1A4C202C7379673964F9B8610D,IMPHASH=0D3E23DCB6BF63A9EB90D5BED57B4F89", "OriginalFileName": "taskkill.exe", "ParentImage": "C:\\Users\\george\\Desktop\\executable.exe", "FileVersion": "10.0.17134.1 (WinBuild.160101.0800)", "ParentProcessId": "7472", "CurrentDirectory": "C:\\Users\\george\\Desktop\\", "CommandLine": "taskkill /F /IM taskmgr.exe", "EventID": "1", "LogonGuid": "C784477D-1BF9-6386-D9EB-030000000000", "LogonId": "256985", "Image": "C:\\Windows\\SysWOW64\\taskkill.exe", "IntegrityLevel": "High", "ParentCommandLine": "\"C:\\Users\\george\\Desktop\\executable.exe\"", "UtcTime": "1670022273", "RuleName": "-"}}, {"values": {"TerminalSessionId": "1", "ProcessGuid": "{C784477D-8482-638A-C10A-000000004700}", "ProcessId": "7128", "Product": "Microsoft\\xae Windows\\xae Operating System", "Description": "Terminates Processes", "Company": "Microsoft Corporation", "ParentProcessGuid": "{C784477D-847A-638A-7F0A-000000004700}", "User": "DESKTOP-B0T93D6\\george", "Hashes": "MD5=15E2E0ACD891510C6268CB8899F2A1A1,SHA256=F328D587561BEED3C19289FBA43E284FB57BCE1A4C202C7379673964F9B8610D,IMPHASH=0D3E23DCB6BF63A9EB90D5BED57B4F89", "OriginalFileName": "taskkill.exe", "ParentImage": "C:\\Users\\george\\Desktop\\executable.exe", "FileVersion": "10.0.17134.1 (WinBuild.160101.0800)", "ParentProcessId": "7472", "CurrentDirectory": "C:\\Users\\george\\Desktop\\", "CommandLine": "taskkill /F /IM taskmgr.exe", "EventID": "1", "LogonGuid": "C784477D-1BF9-6386-D9EB-030000000000", "LogonId": "256985", "Image": "C:\\Windows\\SysWOW64\\taskkill.exe", "IntegrityLevel": "High", "ParentCommandLine": "\"C:\\Users\\george\\Desktop\\executable.exe\"", "UtcTime": "1670022274", "RuleName": "-"}}, {"values": {"TerminalSessionId": "1", "ProcessGuid": "{C784477D-8482-638A-C30A-000000004700}", "ProcessId": "7008", "Product": "Microsoft\\xae Windows\\xae Operating System", "Description": "Terminates Processes", "Company": "Microsoft Corporation", "ParentProcessGuid": "{C784477D-847A-638A-7F0A-000000004700}", "User": "DESKTOP-B0T93D6\\george", "Hashes": "MD5=15E2E0ACD891510C6268CB8899F2A1A1,SHA256=F328D587561BEED3C19289FBA43E284FB57BCE1A4C202C7379673964F9B8610D,IMPHASH=0D3E23DCB6BF63A9EB90D5BED57B4F89", "OriginalFileName": "taskkill.exe", "ParentImage": "C:\\Users\\george\\Desktop\\executable.exe", "FileVersion": "10.0.17134.1 (WinBuild.160101.0800)", "ParentProcessId": "7472", "CurrentDirectory": "C:\\Users\\george\\Desktop\\", "CommandLine": "taskkill /F /IM taskmgr.exe", "EventID": "1", "LogonGuid": "C784477D-1BF9-6386-D9EB-030000000000", "LogonId": "256985", "Image": "C:\\Windows\\SysWOW64\\taskkill.exe", "IntegrityLevel": "High", "ParentCommandLine": "\"C:\\Users\\george\\Desktop\\executable.exe\"", "UtcTime": "1670022274", "RuleName": "-"}}, {"values": {"TerminalSessionId": "1", "ProcessGuid": "{C784477D-8482-638A-C50A-000000004700}", "ProcessId": "7636", "Product": "Microsoft\\xae Windows\\xae Operating System", "Description": "Terminates Processes", "Company": "Microsoft Corporation", "ParentProcessGuid": "{C784477D-847A-638A-7F0A-000000004700}", "User": "DESKTOP-B0T93D6\\george", "Hashes": "MD5=15E2E0ACD891510C6268CB8899F2A1A1,SHA256=F328D587561BEED3C19289FBA43E284FB57BCE1A4C202C7379673964F9B8610D,IMPHASH=0D3E23DCB6BF63A9EB90D5BED57B4F89", "OriginalFileName": "taskkill.exe", "ParentImage": "C:\\Users\\george\\Desktop\\executable.exe", "FileVersion": "10.0.17134.1 (WinBuild.160101.0800)", "ParentProcessId": "7472", "CurrentDirectory": "C:\\Users\\george\\Desktop\\", "CommandLine": "taskkill /F /IM taskmgr.exe", "EventID": "1", "LogonGuid": "C784477D-1BF9-6386-D9EB-030000000000", "LogonId": "256985", "Image": "C:\\Windows\\SysWOW64\\taskkill.exe", "IntegrityLevel": "High", "ParentCommandLine": "\"C:\\Users\\george\\Desktop\\executable.exe\"", "UtcTime": "1670022274", "RuleName": "-"}}, {"values": {"TerminalSessionId": "1", "ProcessGuid": "{C784477D-8483-638A-C70A-000000004700}", "ProcessId": "6520", "Product": "Microsoft\\xae Windows\\xae Operating System", "Description": "Terminates Processes", "Company": "Microsoft Corporation", "ParentProcessGuid": "{C784477D-847A-638A-7F0A-000000004700}", "User": "DESKTOP-B0T93D6\\george", "Hashes": "MD5=15E2E0ACD891510C6268CB8899F2A1A1,SHA256=F328D587561BEED3C19289FBA43E284FB57BCE1A4C202C7379673964F9B8610D,IMPHASH=0D3E23DCB6BF63A9EB90D5BED57B4F89", "OriginalFileName": "taskkill.exe", "ParentImage": "C:\\Users\\george\\Desktop\\executable.exe", "FileVersion": "10.0.17134.1 (WinBuild.160101.0800)", "ParentProcessId": "7472", "CurrentDirectory": "C:\\Users\\george\\Desktop\\", "CommandLine": "taskkill /F /IM taskmgr.exe", "EventID": "1", "LogonGuid": "C784477D-1BF9-6386-D9EB-030000000000", "LogonId": "256985", "Image": "C:\\Windows\\SysWOW64\\taskkill.exe", "IntegrityLevel": "High", "ParentCommandLine": "\"C:\\Users\\george\\Desktop\\executable.exe\"", "UtcTime": "1670022275", "RuleName": "-"}}, {"values": {"TerminalSessionId": "1", "ProcessGuid": "{C784477D-8483-638A-C90A-000000004700}", "ProcessId": "7688", "Product": "Microsoft\\xae Windows\\xae Operating System", "Description": "Terminates Processes", "Company": "Microsoft Corporation", "ParentProcessGuid": "{C784477D-847A-638A-7F0A-000000004700}", "User": "DESKTOP-B0T93D6\\george", "Hashes": "MD5=15E2E0ACD891510C6268CB8899F2A1A1,SHA256=F328D587561BEED3C19289FBA43E284FB57BCE1A4C202C7379673964F9B8610D,IMPHASH=0D3E23DCB6BF63A9EB90D5BED57B4F89", "OriginalFileName": "taskkill.exe", "ParentImage": "C:\\Users\\george\\Desktop\\executable.exe", "FileVersion": "10.0.17134.1 (WinBuild.160101.0800)", "ParentProcessId": "7472", "CurrentDirectory": "C:\\Users\\george\\Desktop\\", "CommandLine": "taskkill /F /IM taskmgr.exe", "EventID": "1", "LogonGuid": "C784477D-1BF9-6386-D9EB-030000000000", "LogonId": "256985", "Image": "C:\\Windows\\SysWOW64\\taskkill.exe", "IntegrityLevel": "High", "ParentCommandLine": "\"C:\\Users\\george\\Desktop\\executable.exe\"", "UtcTime": "1670022275", "RuleName": "-"}}, {"values": {"TerminalSessionId": "1", "ProcessGuid": "{C784477D-8483-638A-CB0A-000000004700}", "ProcessId": "7808", "Product": "Microsoft\\xae Windows\\xae Operating System", "Description": "Terminates Processes", "Company": "Microsoft Corporation", "ParentProcessGuid": "{C784477D-847A-638A-7F0A-000000004700}", "User": "DESKTOP-B0T93D6\\george", "Hashes": "MD5=15E2E0ACD891510C6268CB8899F2A1A1,SHA256=F328D587561BEED3C19289FBA43E284FB57BCE1A4C202C7379673964F9B8610D,IMPHASH=0D3E23DCB6BF63A9EB90D5BED57B4F89", "OriginalFileName": "taskkill.exe", "ParentImage": "C:\\Users\\george\\Desktop\\executable.exe", "FileVersion": "10.0.17134.1 (WinBuild.160101.0800)", "ParentProcessId": "7472", "CurrentDirectory": "C:\\Users\\george\\Desktop\\", "CommandLine": "taskkill /F /IM taskmgr.exe", "EventID": "1", "LogonGuid": "C784477D-1BF9-6386-D9EB-030000000000", "LogonId": "256985", "Image": "C:\\Windows\\SysWOW64\\taskkill.exe", "IntegrityLevel": "High", "ParentCommandLine": "\"C:\\Users\\george\\Desktop\\executable.exe\"", "UtcTime": "1670022275", "RuleName": "-"}}, {"values": {"TerminalSessionId": "1", "ProcessGuid": "{C784477D-8483-638A-CD0A-000000004700}", "ProcessId": "7880", "Product": "Microsoft\\xae Windows\\xae Operating System", "Description": "Terminates Processes", "Company": "Microsoft Corporation", "ParentProcessGuid": "{C784477D-847A-638A-7F0A-000000004700}", "User": "DESKTOP-B0T93D6\\george", "Hashes": "MD5=15E2E0ACD891510C6268CB8899F2A1A1,SHA256=F328D587561BEED3C19289FBA43E284FB57BCE1A4C202C7379673964F9B8610D,IMPHASH=0D3E23DCB6BF63A9EB90D5BED57B4F89", "OriginalFileName": "taskkill.exe", "ParentImage": "C:\\Users\\george\\Desktop\\executable.exe", "FileVersion": "10.0.17134.1 (WinBuild.160101.0800)", "ParentProcessId": "7472", "CurrentDirectory": "C:\\Users\\george\\Desktop\\", "CommandLine": "taskkill /F /IM taskmgr.exe", "EventID": "1", "LogonGuid": "C784477D-1BF9-6386-D9EB-030000000000", "LogonId": "256985", "Image": "C:\\Windows\\SysWOW64\\taskkill.exe", "IntegrityLevel": "High", "ParentCommandLine": "\"C:\\Users\\george\\Desktop\\executable.exe\"", "UtcTime": "1670022275", "RuleName": "-"}}, {"values": {"TerminalSessionId": "1", "ProcessGuid": "{C784477D-8484-638A-CF0A-000000004700}", "ProcessId": "7800", "Product": "Microsoft\\xae Windows\\xae Operating System", "Description": "Terminates Processes", "Company": "Microsoft Corporation", "ParentProcessGuid": "{C784477D-847A-638A-7F0A-000000004700}", "User": "DESKTOP-B0T93D6\\george", "Hashes": "MD5=15E2E0ACD891510C6268CB8899F2A1A1,SHA256=F328D587561BEED3C19289FBA43E284FB57BCE1A4C202C7379673964F9B8610D,IMPHASH=0D3E23DCB6BF63A9EB90D5BED57B4F89", "OriginalFileName": "taskkill.exe", "ParentImage": "C:\\Users\\george\\Desktop\\executable.exe", "FileVersion": "10.0.17134.1 (WinBuild.160101.0800)", "ParentProcessId": "7472", "CurrentDirectory": "C:\\Users\\george\\Desktop\\", "CommandLine": "taskkill /F /IM taskmgr.exe", "EventID": "1", "LogonGuid": "C784477D-1BF9-6386-D9EB-030000000000", "LogonId": "256985", "Image": "C:\\Windows\\SysWOW64\\taskkill.exe", "IntegrityLevel": "High", "ParentCommandLine": "\"C:\\Users\\george\\Desktop\\executable.exe\"", "UtcTime": "1670022276", "RuleName": "-"}}, 