{"values": {"TerminalSessionId": "1", "ProcessGuid": "{C784477D-AF75-6358-8106-000000004300}", "ProcessId": "7552", "Product": "Microsoft\\xae Windows\\xae Operating System", "Description": "SQL Client Configuration Utility EXE", "Company": "Microsoft Corporation", "ParentProcessGuid": "{C784477D-AF4D-6358-6406-000000004300}", "User": "DESKTOP-B0T93D6\\george", "Hashes": "MD5=4FEF5E34143E646DBF9907C4374276F5,SHA256=4A468603FDCB7A2EB5770705898CF9EF37AADE532A7964642ECD705A74794B79,IMPHASH=818097ACF11D6A2AC55031896B50D98C", "OriginalFileName": "cliconfg.exe", "ParentImage": "C:\\Users\\george\\Desktop\\Excel.exe", "FileVersion": "6.1.7600.16385 (win7_rtm.090713-1255)", "ParentProcessId": "7636", "CurrentDirectory": "C:\\Users\\george\\Desktop\\", "CommandLine": "taskdl.exe", "EventID": "1", "LogonGuid": "C784477D-D18A-62FD-7CA8-030000000000", "LogonId": "239740", "Image": "C:\\Users\\george\\Desktop\\taskdl.exe", "IntegrityLevel": "High", "ParentCommandLine": "\"C:\\Users\\george\\Desktop\\Excel.exe\" ", "UtcTime": "1666756469", "RuleName": "-"}}, {"values": {"TerminalSessionId": "1", "ProcessGuid": "{C784477D-AF76-6358-8206-000000004300}", "ProcessId": "3560", "Product": "Microsoft\\xae Windows\\xae Operating System", "Description": "SQL Client Configuration Utility EXE", "Company": "Microsoft Corporation", "ParentProcessGuid": "{C784477D-AF4D-6358-6406-000000004300}", "User": "DESKTOP-B0T93D6\\george", "Hashes": "MD5=4FEF5E34143E646DBF9907C4374276F5,SHA256=4A468603FDCB7A2EB5770705898CF9EF37AADE532A7964642ECD705A74794B79,IMPHASH=818097ACF11D6A2AC55031896B50D98C", "OriginalFileName": "cliconfg.exe", "ParentImage": "C:\\Users\\george\\Desktop\\Excel.exe", "FileVersion": "6.1.7600.16385 (win7_rtm.090713-1255)", "ParentProcessId": "7636", "CurrentDirectory": "C:\\Users\\george\\Desktop\\", "CommandLine": "taskdl.exe", "EventID": "1", "LogonGuid": "C784477D-D18A-62FD-7CA8-030000000000", "LogonId": "239740", "Image": "C:\\Users\\george\\Desktop\\taskdl.exe", "IntegrityLevel": "High", "ParentCommandLine": "\"C:\\Users\\george\\Desktop\\Excel.exe\" ", "UtcTime": "1666756470", "RuleName": "-"}}, {"values": {"TerminalSessionId": "1", "ProcessGuid": "{C784477D-AF78-6358-8306-000000004300}", "ProcessId": "3136", "Product": "Microsoft\\xae Windows\\xae Operating System", "Description": "SQL Client Configuration Utility EXE", "Company": "Microsoft Corporation", "ParentProcessGuid": "{C784477D-AF4D-6358-6406-000000004300}", "User": "DESKTOP-B0T93D6\\george", "Hashes": "MD5=4FEF5E34143E646DBF9907C4374276F5,SHA256=4A468603FDCB7A2EB5770705898CF9EF37AADE532A7964642ECD705A74794B79,IMPHASH=818097ACF11D6A2AC55031896B50D98C", "OriginalFileName": "cliconfg.exe", "ParentImage": "C:\\Users\\george\\Desktop\\Excel.exe", "FileVersion": "6.1.7600.16385 (win7_rtm.090713-1255)", "ParentProcessId": "7636", "CurrentDirectory": "C:\\Users\\george\\Desktop\\", "CommandLine": "taskdl.exe", "EventID": "1", "LogonGuid": "C784477D-D18A-62FD-7CA8-030000000000", "LogonId": "239740", "Image": "C:\\Users\\george\\Desktop\\taskdl.exe", "IntegrityLevel": "High", "ParentCommandLine": "\"C:\\Users\\george\\Desktop\\Excel.exe\" ", "UtcTime": "1666756472", "RuleName": "-"}}, {"values": {"TerminalSessionId": "1", "ProcessGuid": "{C784477D-AF7C-6358-8506-000000004300}", "ProcessId": "3488", "Product": "Microsoft\\xae Windows\\xae Operating System", "Description": "SQL Client Configuration Utility EXE", "Company": "Microsoft Corporation", "ParentProcessGuid": "{C784477D-AF4D-6358-6406-000000004300}", "User": "DESKTOP-B0T93D6\\george", "Hashes": "MD5=4FEF5E34143E646DBF9907C4374276F5,SHA256=4A468603FDCB7A2EB5770705898CF9EF37AADE532A7964642ECD705A74794B79,IMPHASH=818097ACF11D6A2AC55031896B50D98C", "OriginalFileName": "cliconfg.exe", "ParentImage": "C:\\Users\\george\\Desktop\\Excel.exe", "FileVersion": "6.1.7600.16385 (win7_rtm.090713-1255)", "ParentProcessId": "7636", "CurrentDirectory": "C:\\Users\\george\\Desktop\\", "CommandLine": "taskdl.exe", "EventID": "1", "LogonGuid": "C784477D-D18A-62FD-7CA8-030000000000", "LogonId": "239740", "Image": "C:\\Users\\george\\Desktop\\taskdl.exe", "IntegrityLevel": "High", "ParentCommandLine": "\"C:\\Users\\george\\Desktop\\Excel.exe\" ", "UtcTime": "1666756476", "RuleName": "-"}}, {"values": {"TerminalSessionId": "1", "ProcessGuid": "{C784477D-AF7D-6358-8606-000000004300}", "ProcessId": "7188", "Product": "Microsoft\\xae Windows\\xae Operating System", "Description": "SQL Client Configuration Utility EXE", "Company": "Microsoft Corporation", "ParentProcessGuid": "{C784477D-AF4D-6358-6406-000000004300}", "User": "DESKTOP-B0T93D6\\george", "Hashes": "MD5=4FEF5E34143E646DBF9907C4374276F5,SHA256=4A468603FDCB7A2EB5770705898CF9EF37AADE532A7964642ECD705A74794B79,IMPHASH=818097ACF11D6A2AC55031896B50D98C", "OriginalFileName": "cliconfg.exe", "ParentImage": "C:\\Users\\george\\Desktop\\Excel.exe", "FileVersion": "6.1.7600.16385 (win7_rtm.090713-1255)", "ParentProcessId": "7636", "CurrentDirectory": "C:\\Users\\george\\Desktop\\", "CommandLine": "taskdl.exe", "EventID": "1", "LogonGuid": "C784477D-D18A-62FD-7CA8-030000000000", "LogonId": "239740", "Image": "C:\\Users\\george\\Desktop\\taskdl.exe", "IntegrityLevel": "High", "ParentCommandLine": "\"C:\\Users\\george\\Desktop\\Excel.exe\" ", "UtcTime": "1666756477", "RuleName": "-"}}, {"values": {"TerminalSessionId": "1", "ProcessGuid": "{C784477D-AF7F-6358-8706-000000004300}", "ProcessId": "7008", "Product": "Microsoft\\xae Windows\\xae Operating System", "Description": "SQL Client Configuration Utility EXE", "Company": "Microsoft Corporation", "ParentProcessGuid": "{C784477D-AF4D-6358-6406-000000004300}", "User": "DESKTOP-B0T93D6\\george", "Hashes": "MD5=4FEF5E34143E646DBF9907C4374276F5,SHA256=4A468603FDCB7A2EB5770705898CF9EF37AADE532A7964642ECD705A74794B79,IMPHASH=818097ACF11D6A2AC55031896B50D98C", "OriginalFileName": "cliconfg.exe", "ParentImage": "C:\\Users\\george\\Desktop\\Excel.exe", "FileVersion": "6.1.7600.16385 (win7_rtm.090713-1255)", "ParentProcessId": "7636", "CurrentDirectory": "C:\\Users\\george\\Desktop\\", "CommandLine": "taskdl.exe", "EventID": "1", "LogonGuid": "C784477D-D18A-62FD-7CA8-030000000000", "LogonId": "239740", "Image": "C:\\Users\\george\\Desktop\\taskdl.exe", "IntegrityLevel": "High", "ParentCommandLine": "\"C:\\Users\\george\\Desktop\\Excel.exe\" ", "UtcTime": "1666756479", "RuleName": "-"}}, {"values": {"TerminalSessionId": "1", "ProcessGuid": "{C784477D-AF82-6358-8906-000000004300}", "ProcessId": "6404", "Product": "Microsoft\\xae Windows\\xae Operating System", "Description": "SQL Client Configuration Utility EXE", "Company": "Microsoft Corporation", "ParentProcessGuid": "{C784477D-AF4D-6358-6406-000000004300}", "User": "DESKTOP-B0T93D6\\george", "Hashes": "MD5=4FEF5E34143E646DBF9907C4374276F5,SHA256=4A468603FDCB7A2EB5770705898CF9EF37AADE532A7964642ECD705A74794B79,IMPHASH=818097ACF11D6A2AC55031896B50D98C", "OriginalFileName": "cliconfg.exe", "ParentImage": "C:\\Users\\george\\Desktop\\Excel.exe", "FileVersion": "6.1.7600.16385 (win7_rtm.090713-1255)", "ParentProcessId": "7636", "CurrentDirectory": "C:\\Users\\george\\Desktop\\", "CommandLine": "taskdl.exe", "EventID": "1", "LogonGuid": "C784477D-D18A-62FD-7CA8-030000000000", "LogonId": "239740", "Image": "C:\\Users\\george\\Desktop\\taskdl.exe", "IntegrityLevel": "High", "ParentCommandLine": "\"C:\\Users\\george\\Desktop\\Excel.exe\" ", "UtcTime": "1666756482", "RuleName": "-"}}, {"values": {"TerminalSessionId": "1", "ProcessGuid": "{C784477D-AF83-6358-8A06-000000004300}", "ProcessId": "7364", "Product": "Microsoft\\xae Windows\\xae Operating System", "Description": "SQL Client Configuration Utility EXE", "Company": "Microsoft Corporation", "ParentProcessGuid": "{C784477D-AF4D-6358-6406-000000004300}", "User": "DESKTOP-B0T93D6\\george", "Hashes": "MD5=4FEF5E34143E646DBF9907C4374276F5,SHA256=4A468603FDCB7A2EB5770705898CF9EF37AADE532A7964642ECD705A74794B79,IMPHASH=818097ACF11D6A2AC55031896B50D98C", "OriginalFileName": "cliconfg.exe", "ParentImage": "C:\\Users\\george\\Desktop\\Excel.exe", "FileVersion": "6.1.7600.16385 (win7_rtm.090713-1255)", "ParentProcessId": "7636", "CurrentDirectory": "C:\\Users\\george\\Desktop\\", "CommandLine": "taskdl.exe", "EventID": "1", "LogonGuid": "C784477D-D18A-62FD-7CA8-030000000000", "LogonId": "239740", "Image": "C:\\Users\\george\\Desktop\\taskdl.exe", "IntegrityLevel": "High", "ParentCommandLine": "\"C:\\Users\\george\\Desktop\\Excel.exe\" ", "UtcTime": "1666756483", "RuleName": "-"}}, {"values": {"TerminalSessionId": "1", "ProcessGuid": "{C784477D-AF84-6358-8B06-000000004300}", "ProcessId": "4816", "Product": "Microsoft\\xae Windows\\xae Operating System", "Description": "SQL Client Configuration Utility EXE", "Company": "Microsoft Corporation", "ParentProcessGuid": "{C784477D-AF4D-6358-6406-000000004300}", "User": "DESKTOP-B0T93D6\\george", "Hashes": "MD5=4FEF5E34143E646DBF9907C4374276F5,SHA256=4A468603FDCB7A2EB5770705898CF9EF37AADE532A7964642ECD705A74794B79,IMPHASH=818097ACF11D6A2AC55031896B50D98C", "OriginalFileName": "cliconfg.exe", "ParentImage": "C:\\Users\\george\\Desktop\\Excel.exe", "FileVersion": "6.1.7600.16385 (win7_rtm.090713-1255)", "ParentProcessId": "7636", "CurrentDirectory": "C:\\Users\\george\\Desktop\\", "CommandLine": "taskdl.exe", "EventID": "1", "LogonGuid": "C784477D-D18A-62FD-7CA8-030000000000", "LogonId": "239740", "Image": "C:\\Users\\george\\Desktop\\taskdl.exe", "IntegrityLevel": "High", "ParentCommandLine": "\"C:\\Users\\george\\Desktop\\Excel.exe\" ", "UtcTime": "1666756484", "RuleName": "-"}}, {"values": {"TerminalSessionId": "1", "ProcessGuid": "{C784477D-AF86-6358-8C06-000000004300}", "ProcessId": "3884", "Product": "Microsoft\\xae Windows\\xae Operating System", "Description": "SQL Client Configuration Utility EXE", "Company": "Microsoft Corporation", "ParentProcessGuid": "{C784477D-AF4D-6358-6406-000000004300}", "User": "DESKTOP-B0T93D6\\george", "Hashes": "MD5=4FEF5E34143E646DBF9907C4374276F5,SHA256=4A468603FDCB7A2EB5770705898CF9EF37AADE532A7964642ECD705A74794B79,IMPHASH=818097ACF11D6A2AC55031896B50D98C", "OriginalFileName": "cliconfg.exe", "ParentImage": "C:\\Users\\george\\Desktop\\Excel.exe", "FileVersion": "6.1.7600.16385 (win7_rtm.090713-1255)", "ParentProcessId": "7636", "CurrentDirectory": "C:\\Users\\george\\Desktop\\", "CommandLine": "taskdl.exe", "EventID": "1", "LogonGuid": "C784477D-D18A-62FD-7CA8-030000000000", "LogonId": "239740", "Image": "C:\\Users\\george\\Desktop\\taskdl.exe", "IntegrityLevel": "High", "ParentCommandLine": "\"C:\\Users\\george\\Desktop\\Excel.exe\" ", "UtcTime": "1666756486", "RuleName": "-"}}, {"values": {"TerminalSessionId": "1", "ProcessGuid": "{C784477D-AF87-6358-8D06-000000004300}", "ProcessId": "4848", "Product": "Microsoft\\xae Windows\\xae Operating System", "Description": "SQL Client Configuration Utility EXE", "Company": "Microsoft Corporation", "ParentProcessGuid": "{C784477D-AF4D-6358-6406-000000004300}", "User": "DESKTOP-B0T93D6\\george", "Hashes": "MD5=4FEF5E34143E646DBF9907C4374276F5,SHA256=4A468603FDCB7A2EB5770705898CF9EF37AADE532A7964642ECD705A74794B79,IMPHASH=818097ACF11D6A2AC55031896B50D98C", "OriginalFileName": "cliconfg.exe", "ParentImage": "C:\\Users\\george\\Desktop\\Excel.exe", "FileVersion": "6.1.7600.16385 (win7_rtm.090713-1255)", "ParentProcessId": "7636", "CurrentDirectory": "C:\\Users\\george\\Desktop\\", "CommandLine": "taskdl.exe", "EventID": "1", "LogonGuid": "C784477D-D18A-62FD-7CA8-030000000000", "LogonId": "239740", "Image": "C:\\Users\\george\\Desktop\\taskdl.exe", "IntegrityLevel": "High", "ParentCommandLine": "\"C:\\Users\\george\\Desktop\\Excel.exe\" ", "UtcTime": "1666756487", "RuleName": "-"}}, {"values": {"TerminalSessionId": "1", "ProcessGuid": "{C784477D-AF88-6358-8E06-000000004300}", "ProcessId": "1224", "Product": "Microsoft\\xae Windows\\xae Operating System", "Description": "SQL Client Configuration Utility EXE", "Company": "Microsoft Corporation", "ParentProcessGuid": "{C784477D-AF4D-6358-6406-000000004300}", "User": "DESKTOP-B0T93D6\\george", "Hashes": "MD5=4FEF5E34143E646DBF9907C4374276F5,SHA256=4A468603FDCB7A2EB5770705898CF9EF37AADE532A7964642ECD705A74794B79,IMPHASH=818097ACF11D6A2AC55031896B50D98C", "OriginalFileName": "cliconfg.exe", "ParentImage": "C:\\Users\\george\\Desktop\\Excel.exe", "FileVersion": "6.1.7600.16385 (win7_rtm.090713-1255)", "ParentProcessId": "7636", "CurrentDirectory": "C:\\Users\\george\\Desktop\\", "CommandLine": "taskdl.exe", "EventID": "1", "LogonGuid": "C784477D-D18A-62FD-7CA8-030000000000", "LogonId": "239740", "Image": "C:\\Users\\george\\Desktop\\taskdl.exe", "IntegrityLevel": "High", "ParentCommandLine": "\"C:\\Users\\george\\Desktop\\Excel.exe\" ", "UtcTime": "1666756488", "RuleName": "-"}}, {"values": {"TerminalSessionId": "1", "ProcessGuid": "{C784477D-AF8A-6358-8F06-000000004300}", "ProcessId": "6472", "Product": "Microsoft\\xae Windows\\xae Operating System", "Description": "SQL Client Configuration Utility EXE", "Company": "Microsoft Corporation", "ParentProcessGuid": "{C784477D-AF4D-6358-6406-000000004300}", "User": "DESKTOP-B0T93D6\\george", "Hashes": "MD5=4FEF5E34143E646DBF9907C4374276F5,SHA256=4A468603FDCB7A2EB5770705898CF9EF37AADE532A7964642ECD705A74794B79,IMPHASH=818097ACF11D6A2AC55031896B50D98C", "OriginalFileName": "cliconfg.exe", "ParentImage": "C:\\Users\\george\\Desktop\\Excel.exe", "FileVersion": "6.1.7600.16385 (win7_rtm.090713-1255)", "ParentProcessId": "7636", "CurrentDirectory": "C:\\Users\\george\\Desktop\\", "CommandLine": "taskdl.exe", "EventID": "1", "LogonGuid": "C784477D-D18A-62FD-7CA8-030000000000", "LogonId": "239740", "Image": "C:\\Users\\george\\Desktop\\taskdl.exe", "IntegrityLevel": "High", "ParentCommandLine": "\"C:\\Users\\george\\Desktop\\Excel.exe\" ", "UtcTime": "1666756490", "RuleName": "-"}}, {"values": {"TerminalSessionId": "1", "ProcessGuid": "{C784477D-AF8B-6358-9006-000000004300}", "ProcessId": "7704", "Product": "Microsoft\\xae Windows\\xae Operating System", "Description": "SQL Client Configuration Utility EXE", "Company": "Microsoft Corporation", "ParentProcessGuid": "{C784477D-AF4D-6358-6406-000000004300}", "User": "DESKTOP-B0T93D6\\george", "Hashes": "MD5=4FEF5E34143E646DBF9907C4374276F5,SHA256=4A468603FDCB7A2EB5770705898CF9EF37AADE532A7964642ECD705A74794B79,IMPHASH=818097ACF11D6A2AC55031896B50D98C", "OriginalFileName": "cliconfg.exe", "ParentImage": "C:\\Users\\george\\Desktop\\Excel.exe", "FileVersion": "6.1.7600.16385 (win7_rtm.090713-1255)", "ParentProcessId": "7636", "CurrentDirectory": "C:\\Users\\george\\Desktop\\", "CommandLine": "taskdl.exe", "EventID": "1", "LogonGuid": "C784477D-D18A-62FD-7CA8-030000000000", "LogonId": "239740", "Image": "C:\\Users\\george\\Desktop\\taskdl.exe", "IntegrityLevel": "High", "ParentCommandLine": "\"C:\\Users\\george\\Desktop\\Excel.exe\" ", "UtcTime": "1666756491", "RuleName": "-"}}, {"values": {"TerminalSessionId": "1", "ProcessGuid": "{C784477D-AF8D-6358-9106-000000004300}", "ProcessId": "7916", "Product": "Microsoft\\xae Windows\\xae Operating System", "Description": "SQL Client Configuration Utility EXE", "Company": "Microsoft Corporation", "ParentProcessGuid": "{C784477D-AF4D-6358-6406-000000004300}", "User": "DESKTOP-B0T93D6\\george", "Hashes": "MD5=4FEF5E34143E646DBF9907C4374276F5,SHA256=4A468603FDCB7A2EB5770705898CF9EF37AADE532A7964642ECD705A74794B79,IMPHASH=818097ACF11D6A2AC55031896B50D98C", "OriginalFileName": "cliconfg.exe", "ParentImage": "C:\\Users\\george\\Desktop\\Excel.exe", "FileVersion": "6.1.7600.16385 (win7_rtm.090713-1255)", "ParentProcessId": "7636", "CurrentDirectory": "C:\\Users\\george\\Desktop\\", "CommandLine": "taskdl.exe", "EventID": "1", "LogonGuid": "C784477D-D18A-62FD-7CA8-030000000000", "LogonId": "239740", "Image": "C:\\Users\\george\\Desktop\\taskdl.exe", "IntegrityLevel": "High", "ParentCommandLine": "\"C:\\Users\\george\\Desktop\\Excel.exe\" ", "UtcTime": "1666756493", "RuleName": "-"}}, {"values": {"TerminalSessionId": "1", "ProcessGuid": "{C784477D-AF8E-6358-9206-000000004300}", "ProcessId": "6536", "Product": "Microsoft\\xae Windows\\xae Operating System", "Description": "SQL Client Configuration Utility EXE", "Company": "Microsoft Corporation", "ParentProcessGuid": "{C784477D-AF4D-6358-6406-000000004300}", "User": "DESKTOP-B0T93D6\\george", "Hashes": "MD5=4FEF5E34143E646DBF9907C4374276F5,SHA256=4A468603FDCB7A2EB5770705898CF9EF37AADE532A7964642ECD705A74794B79,IMPHASH=818097ACF11D6A2AC55031896B50D98C", "OriginalFileName": "cliconfg.exe", "ParentImage": "C:\\Users\\george\\Desktop\\Excel.exe", "FileVersion": "6.1.7600.16385 (win7_rtm.090713-1255)", "ParentProcessId": "7636", "CurrentDirectory": "C:\\Users\\george\\Desktop\\", "CommandLine": "taskdl.exe", "EventID": "1", "LogonGuid": "C784477D-D18A-62FD-7CA8-030000000000", "LogonId": "239740", "Image": "C:\\Users\\george\\Desktop\\taskdl.exe", "IntegrityLevel": "High", "ParentCommandLine": "\"C:\\Users\\george\\Desktop\\Excel.exe\" ", "UtcTime": "1666756494", "RuleName": "-"}}, {"values": {"TerminalSessionId": "1", "ProcessGuid": "{C784477D-AF8F-6358-9306-000000004300}", "ProcessId": "6716", "Product": "Microsoft\\xae Windows\\xae Operating System", "Description": "SQL Client Configuration Utility EXE", "Company": "Microsoft Corporation", "ParentProcessGuid": "{C784477D-AF4D-6358-6406-000000004300}", "User": "DESKTOP-B0T93D6\\george", "Hashes": "MD5=4FEF5E34143E646DBF9907C4374276F5,SHA256=4A468603FDCB7A2EB5770705898CF9EF37AADE532A7964642ECD705A74794B79,IMPHASH=818097ACF11D6A2AC55031896B50D98C", "OriginalFileName": "cliconfg.exe", "ParentImage": "C:\\Users\\george\\Desktop\\Excel.exe", "FileVersion": "6.1.7600.16385 (win7_rtm.090713-1255)", "ParentProcessId": "7636", "CurrentDirectory": "C:\\Users\\george\\Desktop\\", "CommandLine": "taskdl.exe", "EventID": "1", "LogonGuid": "C784477D-D18A-62FD-7CA8-030000000000", "LogonId": "239740", "Image": "C:\\Users\\george\\Desktop\\taskdl.exe", "IntegrityLevel": "High", "ParentCommandLine": "\"C:\\Users\\george\\Desktop\\Excel.exe\" ", "UtcTime": "1666756495", "RuleName": "-"}}, {"values": {"TerminalSessionId": "1", "ProcessGuid": "{C784477D-AF90-6358-9406-000000004300}", "ProcessId": "7412", "Product": "Microsoft\\xae Windows\\xae Operating System", "Description": "SQL Client Configuration Utility EXE", "Company": "Microsoft Corporation", "ParentProcessGuid": "{C784477D-AF4D-6358-6406-000000004300}", "User": "DESKTOP-B0T93D6\\george", "Hashes": "MD5=4FEF5E34143E646DBF9907C4374276F5,SHA256=4A468603FDCB7A2EB5770705898CF9EF37AADE532A7964642ECD705A74794B79,IMPHASH=818097ACF11D6A2AC55031896B50D98C", "OriginalFileName": "cliconfg.exe", "ParentImage": "C:\\Users\\george\\Desktop\\Excel.exe", "FileVersion": "6.1.7600.16385 (win7_rtm.090713-1255)", "ParentProcessId": "7636", "CurrentDirectory": "C:\\Users\\george\\Desktop\\", "CommandLine": "taskdl.exe", "EventID": "1", "LogonGuid": "C784477D-D18A-62FD-7CA8-030000000000", "LogonId": "239740", "Image": "C:\\Users\\george\\Desktop\\taskdl.exe", "IntegrityLevel": "High", "ParentCommandLine": "\"C:\\Users\\george\\Desktop\\Excel.exe\" ", "UtcTime": "1666756496", "RuleName": "-"}}, {"values": {"TerminalSessionId": "1", "ProcessGuid": "{C784477D-AF91-6358-9506-000000004300}", "ProcessId": "3408", "Product": "Microsoft\\xae Windows\\xae Operating System", "Description": "SQL Client Configuration Utility EXE", "Company": "Microsoft Corporation", "ParentProcessGuid": "{C784477D-AF4D-6358-6406-000000004300}", "User": "DESKTOP-B0T93D6\\george", "Hashes": "MD5=4FEF5E34143E646DBF9907C4374276F5,SHA256=4A468603FDCB7A2EB5770705898CF9EF37AADE532A7964642ECD705A74794B79,IMPHASH=818097ACF11D6A2AC55031896B50D98C", "OriginalFileName": "cliconfg.exe", "ParentImage": "C:\\Users\\george\\Desktop\\Excel.exe", "FileVersion": "6.1.7600.16385 (win7_rtm.090713-1255)", "ParentProcessId": "7636", "CurrentDirectory": "C:\\Users\\george\\Desktop\\", "CommandLine": "taskdl.exe", "EventID": "1", "LogonGuid": "C784477D-D18A-62FD-7CA8-030000000000", "LogonId": "239740", "Image": "C:\\Users\\george\\Desktop\\taskdl.exe", "IntegrityLevel": "High", "ParentCommandLine": "\"C:\\Users\\george\\Desktop\\Excel.exe\" ", "UtcTime": "1666756497", "RuleName": "-"}}, {"values": {"TerminalSessionId": "1", "ProcessGuid": "{C784477D-AF92-6358-9606-000000004300}", "ProcessId": "7708", "Product": "Microsoft\\xae Windows\\xae Operating System", "Description": "SQL Client Configuration Utility EXE", "Company": "Microsoft Corporation", "ParentProcessGuid": "{C784477D-AF4D-6358-6406-000000004300}", "User": "DESKTOP-B0T93D6\\george", "Hashes": "MD5=4FEF5E34143E646DBF9907C4374276F5,SHA256=4A468603FDCB7A2EB5770705898CF9EF37AADE532A7964642ECD705A74794B79,IMPHASH=818097ACF11D6A2AC55031896B50D98C", "OriginalFileName": "cliconfg.exe", "ParentImage": "C:\\Users\\george\\Desktop\\Excel.exe", "FileVersion": "6.1.7600.16385 (win7_rtm.090713-1255)", "ParentProcessId": "7636", "CurrentDirectory": "C:\\Users\\george\\Desktop\\", "CommandLine": "taskdl.exe", "EventID": "1", "LogonGuid": "C784477D-D18A-62FD-7CA8-030000000000", "LogonId": "239740", "Image": "C:\\Users\\george\\Desktop\\taskdl.exe", "IntegrityLevel": "High", "ParentCommandLine": "\"C:\\Users\\george\\Desktop\\Excel.exe\" ", "UtcTime": "1666756498", "RuleName": "-"}}, {"values": {"TerminalSessionId": "1", "ProcessGuid": "{C784477D-AF94-6358-9706-000000004300}", "ProcessId": "5024", "Product": "Microsoft\\xae Windows\\xae Operating System", "Description": "SQL Client Configuration Utility EXE", "Company": "Microsoft Corporation", "ParentProcessGuid": "{C784477D-AF4D-6358-6406-000000004300}", "User": "DESKTOP-B0T93D6\\george", "Hashes": "MD5=4FEF5E34143E646DBF9907C4374276F5,SHA256=4A468603FDCB7A2EB5770705898CF9EF37AADE532A7964642ECD705A74794B79,IMPHASH=818097ACF11D6A2AC55031896B50D98C", "OriginalFileName": "cliconfg.exe", "ParentImage": "C:\\Users\\george\\Desktop\\Excel.exe", "FileVersion": "6.1.7600.16385 (win7_rtm.090713-1255)", "ParentProcessId": "7636", "CurrentDirectory": "C:\\Users\\george\\Desktop\\", "CommandLine": "taskdl.exe", "EventID": "1", "LogonGuid": "C784477D-D18A-62FD-7CA8-030000000000", "LogonId": "239740", "Image": "C:\\Users\\george\\Desktop\\taskdl.exe", "IntegrityLevel": "High", "ParentCommandLine": "\"C:\\Users\\george\\Desktop\\Excel.exe\" ", "UtcTime": "1666756500", "RuleName": "-"}}, {"values": {"TerminalSessionId": "1", "ProcessGuid": "{C784477D-AF95-6358-9806-000000004300}", "ProcessId": "7736", "Product": "Microsoft\\xae Windows\\xae Operating System", "Description": "SQL Client Configuration Utility EXE", "Company": "Microsoft Corporation", "ParentProcessGuid": "{C784477D-AF4D-6358-6406-000000004300}", "User": "DESKTOP-B0T93D6\\george", "Hashes": "MD5=4FEF5E34143E646DBF9907C4374276F5,SHA256=4A468603FDCB7A2EB5770705898CF9EF37AADE532A7964642ECD705A74794B79,IMPHASH=818097ACF11D6A2AC55031896B50D98C", "OriginalFileName": "cliconfg.exe", "ParentImage": "C:\\Users\\george\\Desktop\\Excel.exe", "FileVersion": "6.1.7600.16385 (win7_rtm.090713-1255)", "ParentProcessId": "7636", "CurrentDirectory": "C:\\Users\\george\\Desktop\\", "CommandLine": "taskdl.exe", "EventID": "1", "LogonGuid": "C784477D-D18A-62FD-7CA8-030000000000", "LogonId": "239740", "Image": "C:\\Users\\george\\Desktop\\taskdl.exe", "IntegrityLevel": "High", "ParentCommandLine": "\"C:\\Users\\george\\Desktop\\Excel.exe\" ", "UtcTime": "1666756501", "RuleName": "-"}}, {"values": {"TerminalSessionId": "1", "ProcessGuid": "{C784477D-AF97-6358-9906-000000004300}", "ProcessId": "7744", "Product": "Microsoft\\xae Windows\\xae Operating System", "Description": "SQL Client Configuration Utility EXE", "Company": "Microsoft Corporation", "ParentProcessGuid": "{C784477D-AF4D-6358-6406-000000004300}", "User": "DESKTOP-B0T93D6\\george", "Hashes": "MD5=4FEF5E34143E646DBF9907C4374276F5,SHA256=4A468603FDCB7A2EB5770705898CF9EF37AADE532A7964642ECD705A74794B79,IMPHASH=818097ACF11D6A2AC55031896B50D98C", "OriginalFileName": "cliconfg.exe", "ParentImage": "C:\\Users\\george\\Desktop\\Excel.exe", "FileVersion": "6.1.7600.16385 (win7_rtm.090713-1255)", "ParentProcessId": "7636", "CurrentDirectory": "C:\\Users\\george\\Desktop\\", "CommandLine": "taskdl.exe", "EventID": "1", "LogonGuid": "C784477D-D18A-62FD-7CA8-030000000000", "LogonId": "239740", "Image": "C:\\Users\\george\\Desktop\\taskdl.exe", "IntegrityLevel": "High", "ParentCommandLine": "\"C:\\Users\\george\\Desktop\\Excel.exe\" ", "UtcTime": "1666756503", "RuleName": "-"}}, {"values": {"TerminalSessionId": "1", "ProcessGuid": "{C784477D-AF98-6358-9A06-000000004300}", "ProcessId": "5608", "Product": "Microsoft\\xae Windows\\xae Operating System", "Description": "SQL Client Configuration Utility EXE", "Company": "Microsoft Corporation", "ParentProcessGuid": "{C784477D-AF4D-6358-6406-000000004300}", "User": "DESKTOP-B0T93D6\\george", "Hashes": "MD5=4FEF5E34143E646DBF9907C4374276F5,SHA256=4A468603FDCB7A2EB5770705898CF9EF37AADE532A7964642ECD705A74794B79,IMPHASH=818097ACF11D6A2AC55031896B50D98C", "OriginalFileName": "cliconfg.exe", "ParentImage": "C:\\Users\\george\\Desktop\\Excel.exe", "FileVersion": "6.1.7600.16385 (win7_rtm.090713-1255)", "ParentProcessId": "7636", "CurrentDirectory": "C:\\Users\\george\\Desktop\\", "CommandLine": "taskdl.exe", "EventID": "1", "LogonGuid": "C784477D-D18A-62FD-7CA8-030000000000", "LogonId": "239740", "Image": "C:\\Users\\george\\Desktop\\taskdl.exe", "IntegrityLevel": "High", "ParentCommandLine": "\"C:\\Users\\george\\Desktop\\Excel.exe\" ", "UtcTime": "1666756504", "RuleName": "-"}}, {"values": {"TerminalSessionId": "1", "ProcessGuid": "{C784477D-AF9A-6358-9B06-000000004300}", "ProcessId": "4436", "Product": "Microsoft\\xae Windows\\xae Operating System", "Description": "SQL Client Configuration Utility EXE", "Company": "Microsoft Corporation", "ParentProcessGuid": "{C784477D-AF4D-6358-6406-000000004300}", "User": "DESKTOP-B0T93D6\\george", "Hashes": "MD5=4FEF5E34143E646DBF9907C4374276F5,SHA256=4A468603FDCB7A2EB5770705898CF9EF37AADE532A7964642ECD705A74794B79,IMPHASH=818097ACF11D6A2AC55031896B50D98C", "OriginalFileName": "cliconfg.exe", "ParentImage": "C:\\Users\\george\\Desktop\\Excel.exe", "FileVersion": "6.1.7600.16385 (win7_rtm.090713-1255)", "ParentProcessId": "7636", "CurrentDirectory": "C:\\Users\\george\\Desktop\\", "CommandLine": "taskdl.exe", "EventID": "1", "LogonGuid": "C784477D-D18A-62FD-7CA8-030000000000", "LogonId": "239740", "Image": "C:\\Users\\george\\Desktop\\taskdl.exe", "IntegrityLevel": "High", "ParentCommandLine": "\"C:\\Users\\george\\Desktop\\Excel.exe\" ", "UtcTime": "1666756506", "RuleName": "-"}}, {"values": {"TerminalSessionId": "1", "ProcessGuid": "{C784477D-AF9E-6358-9E06-000000004300}", "ProcessId": "8108", "Product": "Microsoft\\xae Windows\\xae Operating System", "Description": "SQL Client Configuration Utility EXE", "Company": "Microsoft Corporation", "ParentProcessGuid": "{C784477D-AF4D-6358-6406-000000004300}", "User": "DESKTOP-B0T93D6\\george", "Hashes": "MD5=4FEF5E34143E646DBF9907C4374276F5,SHA256=4A468603FDCB7A2EB5770705898CF9EF37AADE532A7964642ECD705A74794B79,IMPHASH=818097ACF11D6A2AC55031896B50D98C", "OriginalFileName": "cliconfg.exe", "ParentImage": "C:\\Users\\george\\Desktop\\Excel.exe", "FileVersion": "6.1.7600.16385 (win7_rtm.090713-1255)", "ParentProcessId": "7636", "CurrentDirectory": "C:\\Users\\george\\Desktop\\", "CommandLine": "taskdl.exe", "EventID": "1", "LogonGuid": "C784477D-D18A-62FD-7CA8-030000000000", "LogonId": "239740", "Image": "C:\\Users\\george\\Desktop\\taskdl.exe", "IntegrityLevel": "High", "ParentCommandLine": "\"C:\\Users\\george\\Desktop\\Excel.exe\" ", "UtcTime": "1666756510", "RuleName": "-"}}, {"values": {"TerminalSessionId": "1", "ProcessGuid": "{C784477D-AFA0-6358-A006-000000004300}", "ProcessId": "8140", "Product": "Microsoft\\xae Windows\\xae Operating System", "Description": "SQL Client Configuration Utility EXE", "Company": "Microsoft Corporation", "ParentProcessGuid": "{C784477D-AF4D-6358-6406-000000004300}", "User": "DESKTOP-B0T93D6\\george", "Hashes": "MD5=4FEF5E34143E646DBF9907C4374276F5,SHA256=4A468603FDCB7A2EB5770705898CF9EF37AADE532A7964642ECD705A74794B79,IMPHASH=818097ACF11D6A2AC55031896B50D98C", "OriginalFileName": "cliconfg.exe", "ParentImage": "C:\\Users\\george\\Desktop\\Excel.exe", "FileVersion": "6.1.7600.16385 (win7_rtm.090713-1255)", "ParentProcessId": "7636", "CurrentDirectory": "C:\\Users\\george\\Desktop\\", "CommandLine": "taskdl.exe", "EventID": "1", "LogonGuid": "C784477D-D18A-62FD-7CA8-030000000000", "LogonId": "239740", "Image": "C:\\Users\\george\\Desktop\\taskdl.exe", "IntegrityLevel": "High", "ParentCommandLine": "\"C:\\Users\\george\\Desktop\\Excel.exe\" ", "UtcTime": "1666756512", "RuleName": "-"}}, {"values": {"TerminalSessionId": "1", "ProcessGuid": "{C784477D-AFA1-6358-A106-000000004300}", "ProcessId": "5688", "Product": "Microsoft\\xae Windows\\xae Operating System", "Description": "SQL Client Configuration Utility EXE", "Company": "Microsoft Corporation", "ParentProcessGuid": "{C784477D-AF4D-6358-6406-000000004300}", "User": "DESKTOP-B0T93D6\\george", "Hashes": "MD5=4FEF5E34143E646DBF9907C4374276F5,SHA256=4A468603FDCB7A2EB5770705898CF9EF37AADE532A7964642ECD705A74794B79,IMPHASH=818097ACF11D6A2AC55031896B50D98C", "OriginalFileName": "cliconfg.exe", "ParentImage": "C:\\Users\\george\\Desktop\\Excel.exe", "FileVersion": "6.1.7600.16385 (win7_rtm.090713-1255)", "ParentProcessId": "7636", "CurrentDirectory": "C:\\Users\\george\\Desktop\\", "CommandLine": "taskdl.exe", "EventID": "1", "LogonGuid": "C784477D-D18A-62FD-7CA8-030000000000", "LogonId": "239740", "Image": "C:\\Users\\george\\Desktop\\taskdl.exe", "IntegrityLevel": "High", "ParentCommandLine": "\"C:\\Users\\george\\Desktop\\Excel.exe\" ", "UtcTime": "1666756513", "RuleName": "-"}}, {"values": {"TerminalSessionId": "1", "ProcessGuid": "{C784477D-AFA2-6358-A206-000000004300}", "ProcessId": "8168", "Product": "Microsoft\\xae Windows\\xae Operating System", "Description": "SQL Client Configuration Utility EXE", "Company": "Microsoft Corporation", "ParentProcessGuid": "{C784477D-AF4D-6358-6406-000000004300}", "User": "DESKTOP-B0T93D6\\george", "Hashes": "MD5=4FEF5E34143E646DBF9907C4374276F5,SHA256=4A468603FDCB7A2EB5770705898CF9EF37AADE532A7964642ECD705A74794B79,IMPHASH=818097ACF11D6A2AC55031896B50D98C", "OriginalFileName": "cliconfg.exe", "ParentImage": "C:\\Users\\george\\Desktop\\Excel.exe", "FileVersion": "6.1.7600.16385 (win7_rtm.090713-1255)", "ParentProcessId": "7636", "CurrentDirectory": "C:\\Users\\george\\Desktop\\", "CommandLine": "taskdl.exe", "EventID": "1", "LogonGuid": "C784477D-D18A-62FD-7CA8-030000000000", "LogonId": "239740", "Image": "C:\\Users\\george\\Desktop\\taskdl.exe", "IntegrityLevel": "High", "ParentCommandLine": "\"C:\\Users\\george\\Desktop\\Excel.exe\" ", "UtcTime": "1666756514", "RuleName": "-"}}, {"values": {"TerminalSessionId": "1", "ProcessGuid": "{C784477D-AFA3-6358-A306-000000004300}", "ProcessId": "8176", "Product": "Microsoft\\xae Windows\\xae Operating System", "Description": "SQL Client Configuration Utility EXE", "Company": "Microsoft Corporation", "ParentProcessGuid": "{C784477D-AF4D-6358-6406-000000004300}", "User": "DESKTOP-B0T93D6\\george", "Hashes": "MD5=4FEF5E34143E646DBF9907C4374276F5,SHA256=4A468603FDCB7A2EB5770705898CF9EF37AADE532A7964642ECD705A74794B79,IMPHASH=818097ACF11D6A2AC55031896B50D98C", "OriginalFileName": "cliconfg.exe", "ParentImage": "C:\\Users\\george\\Desktop\\Excel.exe", "FileVersion": "6.1.7600.16385 (win7_rtm.090713-1255)", "ParentProcessId": "7636", "CurrentDirectory": "C:\\Users\\george\\Desktop\\", "CommandLine": "taskdl.exe", "EventID": "1", "LogonGuid": "C784477D-D18A-62FD-7CA8-030000000000", "LogonId": "239740", "Image": "C:\\Users\\george\\Desktop\\taskdl.exe", "IntegrityLevel": "High", "ParentCommandLine": "\"C:\\Users\\george\\Desktop\\Excel.exe\" ", "UtcTime": "1666756515", "RuleName": "-"}}, {"values": {"TerminalSessionId": "1", "ProcessGuid": "{C784477D-AFA4-6358-A406-000000004300}", "ProcessId": "3780", "Product": "Microsoft\\xae Windows\\xae Operating System", "Description": "SQL Client Configuration Utility EXE", "Company": "Microsoft Corporation", "ParentProcessGuid": "{C784477D-AF4D-6358-6406-000000004300}", "User": "DESKTOP-B0T93D6\\george", "Hashes": "MD5=4FEF5E34143E646DBF9907C4374276F5,SHA256=4A468603FDCB7A2EB5770705898CF9EF37AADE532A7964642ECD705A74794B79,IMPHASH=818097ACF11D6A2AC55031896B50D98C", "OriginalFileName": "cliconfg.exe", "ParentImage": "C:\\Users\\george\\Desktop\\Excel.exe", "FileVersion": "6.1.7600.16385 (win7_rtm.090713-1255)", "ParentProcessId": "7636", "CurrentDirectory": "C:\\Users\\george\\Desktop\\", "CommandLine": "taskdl.exe", "EventID": "1", "LogonGuid": "C784477D-D18A-62FD-7CA8-030000000000", "LogonId": "239740", "Image": "C:\\Users\\george\\Desktop\\taskdl.exe", "IntegrityLevel": "High", "ParentCommandLine": "\"C:\\Users\\george\\Desktop\\Excel.exe\" ", "UtcTime": "1666756516", "RuleName": "-"}}, {"values": {"TerminalSessionId": "1", "ProcessGuid": "{C784477D-AFA5-6358-A606-000000004300}", "ProcessId": "2448", "Product": "Microsoft\\xae Windows\\xae Operating System", "Description": "SQL Client Configuration Utility EXE", "Company": "Microsoft Corporation", "ParentProcessGuid": "{C784477D-AF4D-6358-6406-000000004300}", "User": "DESKTOP-B0T93D6\\george", "Hashes": "MD5=4FEF5E34143E646DBF9907C4374276F5,SHA256=4A468603FDCB7A2EB5770705898CF9EF37AADE532A7964642ECD705A74794B79,IMPHASH=818097ACF11D6A2AC55031896B50D98C", "OriginalFileName": "cliconfg.exe", "ParentImage": "C:\\Users\\george\\Desktop\\Excel.exe", "FileVersion": "6.1.7600.16385 (win7_rtm.090713-1255)", "ParentProcessId": "7636", "CurrentDirectory": "C:\\Users\\george\\Desktop\\", "CommandLine": "taskdl.exe", "EventID": "1", "LogonGuid": "C784477D-D18A-62FD-7CA8-030000000000", "LogonId": "239740", "Image": "C:\\Users\\george\\Desktop\\taskdl.exe", "IntegrityLevel": "High", "ParentCommandLine": "\"C:\\Users\\george\\Desktop\\Excel.exe\" ", "UtcTime": "1666756517", "RuleName": "-"}}, {"values": {"TerminalSessionId": "1", "ProcessGuid": "{C784477D-AFA6-6358-A806-000000004300}", "ProcessId": "6688", "Product": "Microsoft\\xae Windows\\xae Operating System", "Description": "SQL Client Configuration Utility EXE", "Company": "Microsoft Corporation", "ParentProcessGuid": "{C784477D-AF4D-6358-6406-000000004300}", "User": "DESKTOP-B0T93D6\\george", "Hashes": "MD5=4FEF5E34143E646DBF9907C4374276F5,SHA256=4A468603FDCB7A2EB5770705898CF9EF37AADE532A7964642ECD705A74794B79,IMPHASH=818097ACF11D6A2AC55031896B50D98C", "OriginalFileName": "cliconfg.exe", "ParentImage": "C:\\Users\\george\\Desktop\\Excel.exe", "FileVersion": "6.1.7600.16385 (win7_rtm.090713-1255)", "ParentProcessId": "7636", "CurrentDirectory": "C:\\Users\\george\\Desktop\\", "CommandLine": "taskdl.exe", "EventID": "1", "LogonGuid": "C784477D-D18A-62FD-7CA8-030000000000", "LogonId": "239740", "Image": "C:\\Users\\george\\Desktop\\taskdl.exe", "IntegrityLevel": "High", "ParentCommandLine": "\"C:\\Users\\george\\Desktop\\Excel.exe\" ", "UtcTime": "1666756518", "RuleName": "-"}}, {"values": {"TerminalSessionId": "1", "ProcessGuid": "{C784477D-AFA7-6358-A906-000000004300}", "ProcessId": "3972", "Product": "Microsoft\\xae Windows\\xae Operating System", "Description": "SQL Client Configuration Utility EXE", "Company": "Microsoft Corporation", "ParentProcessGuid": "{C784477D-AF4D-6358-6406-000000004300}", "User": "DESKTOP-B0T93D6\\george", "Hashes": "MD5=4FEF5E34143E646DBF9907C4374276F5,SHA256=4A468603FDCB7A2EB5770705898CF9EF37AADE532A7964642ECD705A74794B79,IMPHASH=818097ACF11D6A2AC55031896B50D98C", "OriginalFileName": "cliconfg.exe", "ParentImage": "C:\\Users\\george\\Desktop\\Excel.exe", "FileVersion": "6.1.7600.16385 (win7_rtm.090713-1255)", "ParentProcessId": "7636", "CurrentDirectory": "C:\\Users\\george\\Desktop\\", "CommandLine": "taskdl.exe", "EventID": "1", "LogonGuid": "C784477D-D18A-62FD-7CA8-030000000000", "LogonId": "239740", "Image": "C:\\Users\\george\\Desktop\\taskdl.exe", "IntegrityLevel": "High", "ParentCommandLine": "\"C:\\Users\\george\\Desktop\\Excel.exe\" ", "UtcTime": "1666756519", "RuleName": "-"}}, {"values": {"TerminalSessionId": "1", "ProcessGuid": "{C784477D-AFA8-6358-AA06-000000004300}", "ProcessId": "7196", "Product": "Microsoft\\xae Windows\\xae Operating System", "Description": "SQL Client Configuration Utility EXE", "Company": "Microsoft Corporation", "ParentProcessGuid": "{C784477D-AF4D-6358-6406-000000004300}", "User": "DESKTOP-B0T93D6\\george", "Hashes": "MD5=4FEF5E34143E646DBF9907C4374276F5,SHA256=4A468603FDCB7A2EB5770705898CF9EF37AADE532A7964642ECD705A74794B79,IMPHASH=818097ACF11D6A2AC55031896B50D98C", "OriginalFileName": "cliconfg.exe", "ParentImage": "C:\\Users\\george\\Desktop\\Excel.exe", "FileVersion": "6.1.7600.16385 (win7_rtm.090713-1255)", "ParentProcessId": "7636", "CurrentDirectory": "C:\\Users\\george\\Desktop\\", "CommandLine": "taskdl.exe", "EventID": "1", "LogonGuid": "C784477D-D18A-62FD-7CA8-030000000000", "LogonId": "239740", "Image": "C:\\Users\\george\\Desktop\\taskdl.exe", "IntegrityLevel": "High", "ParentCommandLine": "\"C:\\Users\\george\\Desktop\\Excel.exe\" ", "UtcTime": "1666756520", "RuleName": "-"}}, {"values": {"TerminalSessionId": "1", "ProcessGuid": "{C784477D-AFA8-6358-AB06-000000004300}", "ProcessId": "5720", "Product": "Microsoft\\xae Windows\\xae Operating System", "Description": "SQL Client Configuration Utility EXE", "Company": "Microsoft Corporation", "ParentProcessGuid": "{C784477D-AF4D-6358-6406-000000004300}", "User": "DESKTOP-B0T93D6\\george", "Hashes": "MD5=4FEF5E34143E646DBF9907C4374276F5,SHA256=4A468603FDCB7A2EB5770705898CF9EF37AADE532A7964642ECD705A74794B79,IMPHASH=818097ACF11D6A2AC55031896B50D98C", "OriginalFileName": "cliconfg.exe", "ParentImage": "C:\\Users\\george\\Desktop\\Excel.exe", "FileVersion": "6.1.7600.16385 (win7_rtm.090713-1255)", "ParentProcessId": "7636", "CurrentDirectory": "C:\\Users\\george\\Desktop\\", "CommandLine": "taskdl.exe", "EventID": "1", "LogonGuid": "C784477D-D18A-62FD-7CA8-030000000000", "LogonId": "239740", "Image": "C:\\Users\\george\\Desktop\\taskdl.exe", "IntegrityLevel": "High", "ParentCommandLine": "\"C:\\Users\\george\\Desktop\\Excel.exe\" ", "UtcTime": "1666756520", "RuleName": "-"}}, {"values": {"TerminalSessionId": "1", "ProcessGuid": "{C784477D-AFA9-6358-AC06-000000004300}", "ProcessId": "2432", "Product": "Microsoft\\xae Windows\\xae Operating System", "Description": "SQL Client Configuration Utility EXE", "Company": "Microsoft Corporation", "ParentProcessGuid": "{C784477D-AF4D-6358-6406-000000004300}", "User": "DESKTOP-B0T93D6\\george", "Hashes": "MD5=4FEF5E34143E646DBF9907C4374276F5,SHA256=4A468603FDCB7A2EB5770705898CF9EF37AADE532A7964642ECD705A74794B79,IMPHASH=818097ACF11D6A2AC55031896B50D98C", "OriginalFileName": "cliconfg.exe", "ParentImage": "C:\\Users\\george\\Desktop\\Excel.exe", "FileVersion": "6.1.7600.16385 (win7_rtm.090713-1255)", "ParentProcessId": "7636", "CurrentDirectory": "C:\\Users\\george\\Desktop\\", "CommandLine": "taskdl.exe", "EventID": "1", "LogonGuid": "C784477D-D18A-62FD-7CA8-030000000000", "LogonId": "239740", "Image": "C:\\Users\\george\\Desktop\\taskdl.exe", "IntegrityLevel": "High", "ParentCommandLine": "\"C:\\Users\\george\\Desktop\\Excel.exe\" ", "UtcTime": "1666756521", "RuleName": "-"}}, {"values": {"TerminalSessionId": "1", "ProcessGuid": "{C784477D-AFAA-6358-AD06-000000004300}", "ProcessId": "1512", "Product": "Microsoft\\xae Windows\\xae Operating System", "Description": "SQL Client Configuration Utility EXE", "Company": "Microsoft Corporation", "ParentProcessGuid": "{C784477D-AF4D-6358-6406-000000004300}", "User": "DESKTOP-B0T93D6\\george", "Hashes": "MD5=4FEF5E34143E646DBF9907C4374276F5,SHA256=4A468603FDCB7A2EB5770705898CF9EF37AADE532A7964642ECD705A74794B79,IMPHASH=818097ACF11D6A2AC55031896B50D98C", "OriginalFileName": "cliconfg.exe", "ParentImage": "C:\\Users\\george\\Desktop\\Excel.exe", "FileVersion": "6.1.7600.16385 (win7_rtm.090713-1255)", "ParentProcessId": "7636", "CurrentDirectory": "C:\\Users\\george\\Desktop\\", "CommandLine": "taskdl.exe", "EventID": "1", "LogonGuid": "C784477D-D18A-62FD-7CA8-030000000000", "LogonId": "239740", "Image": "C:\\Users\\george\\Desktop\\taskdl.exe", "IntegrityLevel": "High", "ParentCommandLine": "\"C:\\Users\\george\\Desktop\\Excel.exe\" ", "UtcTime": "1666756522", "RuleName": "-"}}, {"values": {"TerminalSessionId": "1", "ProcessGuid": "{C784477D-AFAB-6358-AF06-000000004300}", "ProcessId": "7184", "Product": "Microsoft\\xae Windows\\xae Operating System", "Description": "SQL Client Configuration Utility EXE", "Company": "Microsoft Corporation", "ParentProcessGuid": "{C784477D-AF4D-6358-6406-000000004300}", "User": "DESKTOP-B0T93D6\\george", "Hashes": "MD5=4FEF5E34143E646DBF9907C4374276F5,SHA256=4A468603FDCB7A2EB5770705898CF9EF37AADE532A7964642ECD705A74794B79,IMPHASH=818097ACF11D6A2AC55031896B50D98C", "OriginalFileName": "cliconfg.exe", "ParentImage": "C:\\Users\\george\\Desktop\\Excel.exe", "FileVersion": "6.1.7600.16385 (win7_rtm.090713-1255)", "ParentProcessId": "7636", "CurrentDirectory": "C:\\Users\\george\\Desktop\\", "CommandLine": "taskdl.exe", "EventID": "1", "LogonGuid": "C784477D-D18A-62FD-7CA8-030000000000", "LogonId": "239740", "Image": "C:\\Users\\george\\Desktop\\taskdl.exe", "IntegrityLevel": "High", "ParentCommandLine": "\"C:\\Users\\george\\Desktop\\Excel.exe\" ", "UtcTime": "1666756523", "RuleName": "-"}}], "rule_level": "high", "rule_description": "Detects an executable in the users directory started from Microsoft Word, Excel, Powerpoint, Publisher or Visio", "rule_source": "Sigma Integrated Rule Set (GitHub)", "rule_title": "MS Office Product Spawning Exe in User Dir", "rule_id": "fb4acb832d8776634f7ad5e60b2ae16c329118186cc8dcf04d1ce959185c6264", "rule_author": "Jason Lynch"}, {"match_context": [{"values": {"TerminalSessionId": "1", "ProcessGuid": "{C784477D-AF5F-6358-7006-000000004300}", "ProcessId": "8036", "Product": "Microsoft \\xae Windows Script Host", "Description": "Microsoft \\xae Console Based Script Host", "Company": "Microsoft Corporation", "ParentProcessGuid": "{C784477D-AF5B-6358-6B06-000000004300}", "User": "DESKTOP-B0T93D6\\george", "Hashes": "MD5=00D3041E47F99E48DD5FFFEDF60F6304,SHA256=10ECC451723E74B7831D01B84790B74EB27201BD86AAFB31317AA9A4AD02900A,IMPHASH=749C19E6DF62E73141CC1DA2D5DDADEB", "OriginalFileName": "cscript.exe", "ParentImage": "C:\\Windows\\SysWOW64\\cmd.exe", "FileVersion": "5.812.10240.16384", "ParentProcessId": "1080", "CurrentDirectory": "C:\\Users\\george\\Desktop\\", "CommandLine": "cscript.exe  //nologo m.vbs", "EventID": "1", "LogonGuid": "C784477D-D18A-62FD-7CA8-030000000000", "LogonId": "239740", "Image": "C:\\Windows\\SysWOW64\\cscript.exe", "IntegrityLevel": "High", "ParentCommandLine": "C:\\Windows\\system32\\cmd.exe /c 144581666756622.bat", "UtcTime": "1666756447", "RuleName": "-"}}], "rule_level": "medium", "rule_description": "Adversaries may abuse Visual Basic (VB) for execution", "rule_source": "Sigma Integrated Rule Set (GitHub)", "rule_title": "Cscript Visual Basic Script Execution", "rule_id": "140aa55cb94f2ee1de560a395631283b557b8f771117a7991289298e2c6e7f6e", "rule_author": "frack113"}, {"match_context": [{"values": {"TerminalSessionId": "1", "ProcessGuid": "{C784477D-AF58-6358-6706-000000004300}", "ProcessId": "6148", "Product": "Microsoft\\xae Windows\\xae Operating System", "Description": "-", "Company": "Microsoft Corporation", "ParentProcessGuid": "{C784477D-AF4D-6358-6406-000000004300}", "User": "DESKTOP-B0T93D6\\george", "Hashes": "MD5=FF0D1D4317A44C951240FAE75075D501,SHA256=566E2F7F8848EA5C92112BF925ECAFEC4FB753612BB5E988F6422012A3A8E0D1,IMPHASH=019F88299D7F5E77F17221DA15112A43", "OriginalFileName": "iCACLS.EXE", "ParentImage": "C:\\Users\\george\\Desktop\\Excel.exe", "FileVersion": "10.0.17134.1 (WinBuild.160101.0800)", "ParentProcessId": "7636", "CurrentDirectory": "C:\\Users\\george\\Desktop\\", "CommandLine": "icacls . /grant Everyone:F /T /C /Q", "EventID": "1", "LogonGuid": "C784477D-D18A-62FD-7CA8-030000000000", "LogonId": "239740", "Image": "C:\\Windows\\SysWOW64\\icacls.exe", "IntegrityLevel": "High", "ParentCommandLine": "\"C:\\Users\\george\\Desktop\\Excel.exe\" ", "UtcTime": "1666756440", "RuleName": "-"}}], "rule_level": "medium", "rule_description": "Detects suspicious process starts on Windows systems based on keywords", "rule_source": "SOC Prime Threat Detection Marketplace", "rule_title": "Suspicious Process Creation", "rule_id": "f09d5248ed8fc1a93251158bfda71f8144ccaf37fa922416ccd897498bff7c55", "rule_author": "Florian Roth"}, {"match_context": [{"values": {"EventID": "4672", "PrivilegeList": "SeAssignPrimaryTokenPrivilege\r\n\t\t\tSeTcbPrivilege\r\n\t\t\tSeSecurityPrivilege\r\n\t\t\tSeTakeOwnershipPrivilege\r\n\t\t\tSeLoadDriverPrivilege\r\n\t\t\tSeBackupPrivilege\r\n\t\t\tSeRestorePrivilege\r\n\t\t\tSeDebugPrivilege\r\n\t\t\tSeAuditPrivilege\r\n\t\t\tSeSystemEnvironmentPrivilege\r\n\t\t\tSeImpersonatePrivilege\r\n\t\t\tSeDelegateSessionUserImpersonatePrivilege", "SubjectUserName": "SYSTEM", "SubjectLogonId": "999", "SubjectUserSid": "S-1-5-18", "SubjectDomainName": "NT AUTHORITY"}}], "rule_level": "low", "rule_description": "Detects logon with \"Special groups\" and \"Special Privileges\" can be thought of as Administrator groups or privileges.", "rule_source": "Sigma Integrated Rule Set (GitHub)", "rule_title": "User with Privileges Logon", "rule_id": "8919a871f4a52b7af785fab44b4665ab6a3637e6ebeeac0288df8a5012a48be2", "rule_author": "frack113"}, {"match_context": [{"values": {"EventID": "11", "ProcessId": "7636", "Image": "C:\\Users\\george\\Desktop\\Excel.exe", "ProcessGuid": "{C784477D-AF4D-6358-6406-000000004300}", "CreationUtcTime": "1666756438", "UtcTime": "1666756438", "RuleName": "EXE", "TargetFilename": "C:\\Users\\george\\Desktop\\taskdl.exe"}}, {"values": {"EventID": "11", "ProcessId": "7636", "TargetFilename": "C:\\Users\\george\\Desktop\\taskse.exe", "ProcessGuid": "{C784477D-AF4D-6358-6406-000000004300}", "CreationUtcTime": "1666756439", "UtcTime": "1666756439", "RuleName": "EXE", "Image": "C:\\Users\\george\\Desktop\\Excel.exe"}}, {"values": {"EventID": "11", "ProcessId": "7636", "Image": "C:\\Users\\george\\Desktop\\Excel.exe", "ProcessGuid": "{C784477D-AF4D-6358-6406-000000004300}", "CreationUtcTime": "1666756442", "UtcTime": "1666756442", "RuleName": "EXE", "TargetFilename": "C:\\Users\\george\\Desktop\\@WanaDecryptor@.exe"}}, {"values": {"EventID": "11", "ProcessId": "7636", "TargetFilename": "C:\\Users\\george\\Documents\\@WanaDecryptor@.exe", "RuleName": "EXE", "CreationUtcTime": "1666756516", "UtcTime": "1666756516", "ProcessGuid": "{C784477D-AF4D-6358-6406-000000004300}", "Image": "C:\\Users\\george\\Desktop\\Excel.exe"}}, {"values": {"EventID": "11", "ProcessId": "7636", "TargetFilename": "C:\\@WanaDecryptor@.exe", "RuleName": "EXE", "CreationUtcTime": "1666756524", "UtcTime": "1666756524", "ProcessGuid": "{C784477D-AF4D-6358-6406-000000004300}", "Image": "C:\\Users\\george\\Desktop\\Excel.exe"}}], "rule_level": "low", "rule_description": "Detects the creation of an executable by another executable", "rule_source": "Sigma Integrated Rule Set (GitHub)", "rule_title": "Creation of an Executable by an Executable", "rule_id": "b5386a23355681c43cfbd2f2ccfe4b16ed45324d0d7b5583487a9f302ee1e427", "rule_author": "frack113"}], "times_submitted": 24, "trid": [{"file_type": "Win32 Executable MS Visual C++ (generic)", "probability": 37.8}, {"file_type": "Microsoft Visual C++ compiled executable (generic)", "probability": 20.0}, {"file_type": "Win64 Executable (generic)", "probability": 12.7}, {"file_type": "Win32 Dynamic Link Library (generic)", "probability": 7.9}, {"file_type": "Win16 NE executable (generic)", "probability": 6.1}], "first_submission_date": 1494740234, "crowdsourced_yara_results": [{"ruleset_id": "000fd39f0d", "rule_name": "WannaCry_Ransomware", "ruleset_name": "crime_wannacry", "description": "Detects WannaCry Ransomware", "author": "Florian Roth (Nextron Systems) (with the help of binar.ly)", "match_date": 1765800749, "ruleset_version": "000fd39f0d|1d926845269a3ac8de0431da133950390b5cced3", "source": "https://github.com/Neo23x0/signature-base"}, {"ruleset_id": "0056142681", "rule_name": "Win32_Ransomware_WannaCry", "ruleset_name": "Win32.Ransomware.WannaCry", "description": "Yara rule that detects WannaCry ransomware.", "author": "ReversingLabs", "match_date": 1765800749, "ruleset_version": "0056142681|073879b10edf4bf4c9d95198b10a4728e2397b51", "source": "https://github.com/reversinglabs/reversinglabs-yara-rules"}], "ssdeep": "98304:cRPoBhz1aRxcSUDk36SAEdhvxWa9P593R8yAVp2g3:cRPe1Cxcxk3ZAEUadzR8yc4g"}}}