{"match_context": [{"values": {"TerminalSessionId": "1", "ProcessGuid": "{C784477D-7781-6410-0A06-000000004400}", "ProcessId": "3388", "Product": "Microsoft\\xae Windows\\xae Operating System", "Description": "Net Command", "Company": "Microsoft Corporation", "ParentProcessGuid": "{C784477D-7780-6410-0606-000000004400}", "User": "DESKTOP-B0T93D6\\george", "Hashes": "MD5=DD0561156F62BC1958CE0E370B23711B,SHA256=FD41D0261C6D22572DA448BCB5CBBB98F78A2922D1F1074D25237CC82C8CE432,IMPHASH=86350518EAE83E4A09BBF6317BA1C570", "OriginalFileName": "net.exe", "ParentImage": "C:\\Windows\\SysWOW64\\cmd.exe", "FileVersion": "10.0.17134.1 (WinBuild.160101.0800)", "ParentProcessId": "6356", "CurrentDirectory": "C:\\Users\\george\\Desktop\\", "CommandLine": "net  stop DbxSvc ", "EventID": "1", "LogonGuid": "C784477D-1D0E-6407-8DAB-030000000000", "LogonId": "240525", "Image": "C:\\Windows\\SysWOW64\\net.exe", "IntegrityLevel": "High", "ParentCommandLine": "\"C:\\Windows\\System32\\cmd.exe\"  /c net stop DbxSvc & net stop OracleXETNSListener & net stop OracleServiceXE & net stop AcrSch2Svc & net stop AcronisAgent & net stop Apache2.4 & net stop SQLWriter & net stop MSSQL$SQLEXPRESS & net stop MSSQLServerADHelper100 & net stop MongoDB & net stop SQLAgent$SQLEXPRESS & net stop SQLBrowser & net stop CobianBackup11 & net stop cbVSCService11 & net stop QBCFMontorService & net stop QBVSS  ", "UtcTime": "1678800769", "RuleName": "-"}}, {"values": {"TerminalSessionId": "1", "ProcessGuid": "{C784477D-7782-6410-0C06-000000004400}", "ProcessId": "6612", "Product": "Microsoft\\xae Windows\\xae Operating System", "Description": "Net Command", "Company": "Microsoft Corporation", "ParentProcessGuid": "{C784477D-7781-6410-0A06-000000004400}", "User": "DESKTOP-B0T93D6\\george", "Hashes": "MD5=B5A26C2BF17222E86B91D26F1247AF3E,SHA256=14CC5BE4C833ACC652195DEAD113E1C3B4AC0B98EA1AEAD11957836F9AE721CF,IMPHASH=3D3E7537BD3BA07738DC5CA8AD01B073", "OriginalFileName": "net1.exe", "ParentImage": "C:\\Windows\\SysWOW64\\net.exe", "FileVersion": "10.0.17134.1 (WinBuild.160101.0800)", "ParentProcessId": "3388", "CurrentDirectory": "C:\\Users\\george\\Desktop\\", "CommandLine": "C:\\Windows\\system32\\net1  stop DbxSvc ", "EventID": "1", "LogonGuid": "C784477D-1D0E-6407-8DAB-030000000000", "LogonId": "240525", "Image": "C:\\Windows\\SysWOW64\\net1.exe", "IntegrityLevel": "High", "ParentCommandLine": "net  stop DbxSvc ", "UtcTime": "1678800770", "RuleName": "-"}}, {"values": {"TerminalSessionId": "1", "ProcessGuid": "{C784477D-7783-6410-1106-000000004400}", "ProcessId": "4112", "Product": "Microsoft\\xae Windows\\xae Operating System", "Description": "Net Command", "Company": "Microsoft Corporation", "ParentProcessGuid": "{C784477D-7780-6410-0606-000000004400}", "User": "DESKTOP-B0T93D6\\george", "Hashes": "MD5=DD0561156F62BC1958CE0E370B23711B,SHA256=FD41D0261C6D22572DA448BCB5CBBB98F78A2922D1F1074D25237CC82C8CE432,IMPHASH=86350518EAE83E4A09BBF6317BA1C570", "OriginalFileName": "net.exe", "ParentImage": "C:\\Windows\\SysWOW64\\cmd.exe", "FileVersion": "10.0.17134.1 (WinBuild.160101.0800)", "ParentProcessId": "6356", "CurrentDirectory": "C:\\Users\\george\\Desktop\\", "CommandLine": "net  stop OracleXETNSListener ", "EventID": "1", "LogonGuid": "C784477D-1D0E-6407-8DAB-030000000000", "LogonId": "240525", "Image": "C:\\Windows\\SysWOW64\\net.exe", "IntegrityLevel": "High", "ParentCommandLine": "\"C:\\Windows\\System32\\cmd.exe\"  /c net stop DbxSvc & net stop OracleXETNSListener & net stop OracleServiceXE & net stop AcrSch2Svc & net stop AcronisAgent & net stop Apache2.4 & net stop SQLWriter & net stop MSSQL$SQLEXPRESS & net stop MSSQLServerADHelper100 & net stop MongoDB & net stop SQLAgent$SQLEXPRESS & net stop SQLBrowser & net stop CobianBackup11 & net stop cbVSCService11 & net stop QBCFMontorService & net stop QBVSS  ", "UtcTime": "1678800771", "RuleName": "-"}}, {"values": {"TerminalSessionId": "1", "ProcessGuid": "{C784477D-7784-6410-1306-000000004400}", "ProcessId": "6432", "Product": "Microsoft\\xae Windows\\xae Operating System", "Description": "Net Command", "Company": "Microsoft Corporation", "ParentProcessGuid": "{C784477D-7783-6410-1106-000000004400}", "User": "DESKTOP-B0T93D6\\george", "Hashes": "MD5=B5A26C2BF17222E86B91D26F1247AF3E,SHA256=14CC5BE4C833ACC652195DEAD113E1C3B4AC0B98EA1AEAD11957836F9AE721CF,IMPHASH=3D3E7537BD3BA07738DC5CA8AD01B073", "OriginalFileName": "net1.exe", "ParentImage": "C:\\Windows\\SysWOW64\\net.exe", "FileVersion": "10.0.17134.1 (WinBuild.160101.0800)", "ParentProcessId": "4112", "CurrentDirectory": "C:\\Users\\george\\Desktop\\", "CommandLine": "C:\\Windows\\system32\\net1  stop OracleXETNSListener ", "EventID": "1", "LogonGuid": "C784477D-1D0E-6407-8DAB-030000000000", "LogonId": "240525", "Image": "C:\\Windows\\SysWOW64\\net1.exe", "IntegrityLevel": "High", "ParentCommandLine": "net  stop OracleXETNSListener ", "UtcTime": "1678800772", "RuleName": "-"}}, {"values": {"TerminalSessionId": "1", "ProcessGuid": "{C784477D-7785-6410-1706-000000004400}", "ProcessId": "6920", "Product": "Microsoft\\xae Windows\\xae Operating System", "Description": "Net Command", "Company": "Microsoft Corporation", "ParentProcessGuid": "{C784477D-7780-6410-0606-000000004400}", "User": "DESKTOP-B0T93D6\\george", "Hashes": "MD5=DD0561156F62BC1958CE0E370B23711B,SHA256=FD41D0261C6D22572DA448BCB5CBBB98F78A2922D1F1074D25237CC82C8CE432,IMPHASH=86350518EAE83E4A09BBF6317BA1C570", "OriginalFileName": "net.exe", "ParentImage": "C:\\Windows\\SysWOW64\\cmd.exe", "FileVersion": "10.0.17134.1 (WinBuild.160101.0800)", "ParentProcessId": "6356", "CurrentDirectory": "C:\\Users\\george\\Desktop\\", "CommandLine": "net  stop OracleServiceXE ", "EventID": "1", "LogonGuid": "C784477D-1D0E-6407-8DAB-030000000000", "LogonId": "240525", "Image": "C:\\Windows\\SysWOW64\\net.exe", "IntegrityLevel": "High", "ParentCommandLine": "\"C:\\Windows\\System32\\cmd.exe\"  /c net stop DbxSvc & net stop OracleXETNSListener & net stop OracleServiceXE & net stop AcrSch2Svc & net stop AcronisAgent & net stop Apache2.4 & net stop SQLWriter & net stop MSSQL$SQLEXPRESS & net stop MSSQLServerADHelper100 & net stop MongoDB & net stop SQLAgent$SQLEXPRESS & net stop SQLBrowser & net stop CobianBackup11 & net stop cbVSCService11 & net stop QBCFMontorService & net stop QBVSS  ", "UtcTime": "1678800773", "RuleName": "-"}}, {"values": {"TerminalSessionId": "1", "ProcessGuid": "{C784477D-7785-6410-1906-000000004400}", "ProcessId": "6988", "Product": "Microsoft\\xae Windows\\xae Operating System", "Description": "Net Command", "Company": "Microsoft Corporation", "ParentProcessGuid": "{C784477D-7785-6410-1706-000000004400}", "User": "DESKTOP-B0T93D6\\george", "Hashes": "MD5=B5A26C2BF17222E86B91D26F1247AF3E,SHA256=14CC5BE4C833ACC652195DEAD113E1C3B4AC0B98EA1AEAD11957836F9AE721CF,IMPHASH=3D3E7537BD3BA07738DC5CA8AD01B073", "OriginalFileName": "net1.exe", "ParentImage": "C:\\Windows\\SysWOW64\\net.exe", "FileVersion": "10.0.17134.1 (WinBuild.160101.0800)", "ParentProcessId": "6920", "CurrentDirectory": "C:\\Users\\george\\Desktop\\", "CommandLine": "C:\\Windows\\system32\\net1  stop OracleServiceXE ", "EventID": "1", "LogonGuid": "C784477D-1D0E-6407-8DAB-030000000000", "LogonId": "240525", "Image": "C:\\Windows\\SysWOW64\\net1.exe", "IntegrityLevel": "High", "ParentCommandLine": "net  stop OracleServiceXE ", "UtcTime": "1678800773", "RuleName": "-"}}, {"values": {"TerminalSessionId": "1", "ProcessGuid": "{C784477D-7786-6410-1C06-000000004400}", "ProcessId": "7036", "Product": "Microsoft\\xae Windows\\xae Operating System", "Description": "Net Command", "Company": "Microsoft Corporation", "ParentProcessGuid": "{C784477D-7780-6410-0606-000000004400}", "User": "DESKTOP-B0T93D6\\george", "Hashes": "MD5=DD0561156F62BC1958CE0E370B23711B,SHA256=FD41D0261C6D22572DA448BCB5CBBB98F78A2922D1F1074D25237CC82C8CE432,IMPHASH=86350518EAE83E4A09BBF6317BA1C570", "OriginalFileName": "net.exe", "ParentImage": "C:\\Windows\\SysWOW64\\cmd.exe", "FileVersion": "10.0.17134.1 (WinBuild.160101.0800)", "ParentProcessId": "6356", "CurrentDirectory": "C:\\Users\\george\\Desktop\\", "CommandLine": "net  stop AcrSch2Svc ", "EventID": "1", "LogonGuid": "C784477D-1D0E-6407-8DAB-030000000000", "LogonId": "240525", "Image": "C:\\Windows\\SysWOW64\\net.exe", "IntegrityLevel": "High", "ParentCommandLine": "\"C:\\Windows\\System32\\cmd.exe\"  /c net stop DbxSvc & net stop OracleXETNSListener & net stop OracleServiceXE & net stop AcrSch2Svc & net stop AcronisAgent & net stop Apache2.4 & net stop SQLWriter & net stop MSSQL$SQLEXPRESS & net stop MSSQLServerADHelper100 & net stop MongoDB & net stop SQLAgent$SQLEXPRESS & net stop SQLBrowser & net stop CobianBackup11 & net stop cbVSCService11 & net stop QBCFMontorService & net stop QBVSS  ", "UtcTime": "1678800774", "RuleName": "-"}}, {"values": {"TerminalSessionId": "1", "ProcessGuid": "{C784477D-7787-6410-1D06-000000004400}", "ProcessId": "6068", "Product": "Microsoft\\xae Windows\\xae Operating System", "Description": "Net Command", "Company": "Microsoft Corporation", "ParentProcessGuid": "{C784477D-7786-6410-1C06-000000004400}", "User": "DESKTOP-B0T93D6\\george", "Hashes": "MD5=B5A26C2BF17222E86B91D26F1247AF3E,SHA256=14CC5BE4C833ACC652195DEAD113E1C3B4AC0B98EA1AEAD11957836F9AE721CF,IMPHASH=3D3E7537BD3BA07738DC5CA8AD01B073", "OriginalFileName": "net1.exe", "ParentImage": "C:\\Windows\\SysWOW64\\net.exe", "FileVersion": "10.0.17134.1 (WinBuild.160101.0800)", "ParentProcessId": "7036", "CurrentDirectory": "C:\\Users\\george\\Desktop\\", "CommandLine": "C:\\Windows\\system32\\net1  stop AcrSch2Svc ", "EventID": "1", "LogonGuid": "C784477D-1D0E-6407-8DAB-030000000000", "LogonId": "240525", "Image": "C:\\Windows\\SysWOW64\\net1.exe", "IntegrityLevel": "High", "ParentCommandLine": "net  stop AcrSch2Svc ", "UtcTime": "1678800775", "RuleName": "-"}}, {"values": {"TerminalSessionId": "1", "ProcessGuid": "{C784477D-7788-6410-2006-000000004400}", "ProcessId": "5948", "Product": "Microsoft\\xae Windows\\xae Operating System", "Description": "Net Command", "Company": "Microsoft Corporation", "ParentProcessGuid": "{C784477D-7780-6410-0606-000000004400}", "User": "DESKTOP-B0T93D6\\george", "Hashes": "MD5=DD0561156F62BC1958CE0E370B23711B,SHA256=FD41D0261C6D22572DA448BCB5CBBB98F78A2922D1F1074D25237CC82C8CE432,IMPHASH=86350518EAE83E4A09BBF6317BA1C570", "OriginalFileName": "net.exe", "ParentImage": "C:\\Windows\\SysWOW64\\cmd.exe", "FileVersion": "10.0.17134.1 (WinBuild.160101.0800)", "ParentProcessId": "6356", "CurrentDirectory": "C:\\Users\\george\\Desktop\\", "CommandLine": "net  stop AcronisAgent ", "EventID": "1", "LogonGuid": "C784477D-1D0E-6407-8DAB-030000000000", "LogonId": "240525", "Image": "C:\\Windows\\SysWOW64\\net.exe", "IntegrityLevel": "High", "ParentCommandLine": "\"C:\\Windows\\System32\\cmd.exe\"  /c net stop DbxSvc & net stop OracleXETNSListener & net stop OracleServiceXE & net stop AcrSch2Svc & net stop AcronisAgent & net stop Apache2.4 & net stop SQLWriter & net stop MSSQL$SQLEXPRESS & net stop MSSQLServerADHelper100 & net stop MongoDB & net stop SQLAgent$SQLEXPRESS & net stop SQLBrowser & net stop CobianBackup11 & net stop cbVSCService11 & net stop QBCFMontorService & net stop QBVSS  ", "UtcTime": "1678800776", "RuleName": "-"}}, {"values": {"TerminalSessionId": "1", "ProcessGuid": "{C784477D-7788-6410-2206-000000004400}", "ProcessId": "3180", "Product": "Microsoft\\xae Windows\\xae Operating System", "Description": "Net Command", "Company": "Microsoft Corporation", "ParentProcessGuid": "{C784477D-7788-6410-2006-000000004400}", "User": "DESKTOP-B0T93D6\\george", "Hashes": "MD5=B5A26C2BF17222E86B91D26F1247AF3E,SHA256=14CC5BE4C833ACC652195DEAD113E1C3B4AC0B98EA1AEAD11957836F9AE721CF,IMPHASH=3D3E7537BD3BA07738DC5CA8AD01B073", "OriginalFileName": "net1.exe", "ParentImage": "C:\\Windows\\SysWOW64\\net.exe", "FileVersion": "10.0.17134.1 (WinBuild.160101.0800)", "ParentProcessId": "5948", "CurrentDirectory": "C:\\Users\\george\\Desktop\\", "CommandLine": "C:\\Windows\\system32\\net1  stop AcronisAgent ", "EventID": "1", "LogonGuid": "C784477D-1D0E-6407-8DAB-030000000000", "LogonId": "240525", "Image": "C:\\Windows\\SysWOW64\\net1.exe", "IntegrityLevel": "High", "ParentCommandLine": "net  stop AcronisAgent ", "UtcTime": "1678800776", "RuleName": "-"}}, {"values": {"TerminalSessionId": "1", "ProcessGuid": "{C784477D-778A-6410-2406-000000004400}", "ProcessId": "4636", "Product": "Microsoft\\xae Windows\\xae Operating System", "Description": "Net Command", "Company": "Microsoft Corporation", "ParentProcessGuid": "{C784477D-7780-6410-0606-000000004400}", "User": "DESKTOP-B0T93D6\\george", "Hashes": "MD5=DD0561156F62BC1958CE0E370B23711B,SHA256=FD41D0261C6D22572DA448BCB5CBBB98F78A2922D1F1074D25237CC82C8CE432,IMPHASH=86350518EAE83E4A09BBF6317BA1C570", "OriginalFileName": "net.exe", "ParentImage": "C:\\Windows\\SysWOW64\\cmd.exe", "FileVersion": "10.0.17134.1 (WinBuild.160101.0800)", "ParentProcessId": "6356", "CurrentDirectory": "C:\\Users\\george\\Desktop\\", "CommandLine": "net  stop Apache2.4 ", "EventID": "1", "LogonGuid": "C784477D-1D0E-6407-8DAB-030000000000", "LogonId": "240525", "Image": "C:\\Windows\\SysWOW64\\net.exe", "IntegrityLevel": "High", "ParentCommandLine": "\"C:\\Windows\\System32\\cmd.exe\"  /c net stop DbxSvc & net stop OracleXETNSListener & net stop OracleServiceXE & net stop AcrSch2Svc & net stop AcronisAgent & net stop Apache2.4 & net stop SQLWriter & net stop MSSQL$SQLEXPRESS & net stop MSSQLServerADHelper100 & net stop MongoDB & net stop SQLAgent$SQLEXPRESS & net stop SQLBrowser & net stop CobianBackup11 & net stop cbVSCService11 & net stop QBCFMontorService & net stop QBVSS  ", "UtcTime": "1678800778", "RuleName": "-"}}, {"values": {"TerminalSessionId": "1", "ProcessGuid": "{C784477D-778A-6410-2506-000000004400}", "ProcessId": "5944", "Product": "Microsoft\\xae Windows\\xae Operating System", "Description": "Net Command", "Company": "Microsoft Corporation", "ParentProcessGuid": "{C784477D-778A-6410-2406-000000004400}", "User": "DESKTOP-B0T93D6\\george", "Hashes": "MD5=B5A26C2BF17222E86B91D26F1247AF3E,SHA256=14CC5BE4C833ACC652195DEAD113E1C3B4AC0B98EA1AEAD11957836F9AE721CF,IMPHASH=3D3E7537BD3BA07738DC5CA8AD01B073", "OriginalFileName": "net1.exe", "ParentImage": "C:\\Windows\\SysWOW64\\net.exe", "FileVersion": "10.0.17134.1 (WinBuild.160101.0800)", "ParentProcessId": "4636", "CurrentDirectory": "C:\\Users\\george\\Desktop\\", "CommandLine": "C:\\Windows\\system32\\net1  stop Apache2.4 ", "EventID": "1", "LogonGuid": "C784477D-1D0E-6407-8DAB-030000000000", "LogonId": "240525", "Image": "C:\\Windows\\SysWOW64\\net1.exe", "IntegrityLevel": "High", "ParentCommandLine": "net  stop Apache2.4 ", "UtcTime": "1678800778", "RuleName": "-"}}, {"values": {"TerminalSessionId": "1", "ProcessGuid": "{C784477D-778B-6410-2606-000000004400}", "ProcessId": "3140", "Product": "Microsoft\\xae Windows\\xae Operating System", "Description": "Net Command", "Company": "Microsoft Corporation", "ParentProcessGuid": "{C784477D-7780-6410-0606-000000004400}", "User": "DESKTOP-B0T93D6\\george", "Hashes": "MD5=DD0561156F62BC1958CE0E370B23711B,SHA256=FD41D0261C6D22572DA448BCB5CBBB98F78A2922D1F1074D25237CC82C8CE432,IMPHASH=86350518EAE83E4A09BBF6317BA1C570", "OriginalFileName": "net.exe", "ParentImage": "C:\\Windows\\SysWOW64\\cmd.exe", "FileVersion": "10.0.17134.1 (WinBuild.160101.0800)", "ParentProcessId": "6356", "CurrentDirectory": "C:\\Users\\george\\Desktop\\", "CommandLine": "net  stop SQLWriter ", "EventID": "1", "LogonGuid": "C784477D-1D0E-6407-8DAB-030000000000", "LogonId": "240525", "Image": "C:\\Windows\\SysWOW64\\net.exe", "IntegrityLevel": "High", "ParentCommandLine": "\"C:\\Windows\\System32\\cmd.exe\"  /c net stop DbxSvc & net stop OracleXETNSListener & net stop OracleServiceXE & net stop AcrSch2Svc & net stop AcronisAgent & net stop Apache2.4 & net stop SQLWriter & net stop MSSQL$SQLEXPRESS & net stop MSSQLServerADHelper100 & net stop MongoDB & net stop SQLAgent$SQLEXPRESS & net stop SQLBrowser & net stop CobianBackup11 & net stop cbVSCService11 & net stop QBCFMontorService & net stop QBVSS  ", "UtcTime": "1678800779", "RuleName": "-"}}, {"values": {"TerminalSessionId": "1", "ProcessGuid": "{C784477D-778C-6410-2706-000000004400}", "ProcessId": "6496", "Product": "Microsoft\\xae Windows\\xae Operating System", "Description": "Net Command", "Company": "Microsoft Corporation", "ParentProcessGuid": "{C784477D-778B-6410-2606-000000004400}", "User": "DESKTOP-B0T93D6\\george", "Hashes": "MD5=B5A26C2BF17222E86B91D26F1247AF3E,SHA256=14CC5BE4C833ACC652195DEAD113E1C3B4AC0B98EA1AEAD11957836F9AE721CF,IMPHASH=3D3E7537BD3BA07738DC5CA8AD01B073", "OriginalFileName": "net1.exe", "ParentImage": "C:\\Windows\\SysWOW64\\net.exe", "FileVersion": "10.0.17134.1 (WinBuild.160101.0800)", "ParentProcessId": "3140", "CurrentDirectory": "C:\\Users\\george\\Desktop\\", "CommandLine": "C:\\Windows\\system32\\net1  stop SQLWriter ", "EventID": "1", "LogonGuid": "C784477D-1D0E-6407-8DAB-030000000000", "LogonId": "240525", "Image": "C:\\Windows\\SysWOW64\\net1.exe", "IntegrityLevel": "High", "ParentCommandLine": "net  stop SQLWriter ", "UtcTime": "1678800780", "RuleName": "-"}}, {"values": {"TerminalSessionId": "1", "ProcessGuid": "{C784477D-778D-6410-2806-000000004400}", "ProcessId": "6488", "Product": "Microsoft\\xae Windows\\xae Operating System", "Description": "Net Command", "Company": "Microsoft Corporation", "ParentProcessGuid": "{C784477D-7780-6410-0606-000000004400}", "User": "DESKTOP-B0T93D6\\george", "Hashes": "MD5=DD0561156F62BC1958CE0E370B23711B,SHA256=FD41D0261C6D22572DA448BCB5CBBB98F78A2922D1F1074D25237CC82C8CE432,IMPHASH=86350518EAE83E4A09BBF6317BA1C570", "OriginalFileName": "net.exe", "ParentImage": "C:\\Windows\\SysWOW64\\cmd.exe", "FileVersion": "10.0.17134.1 (WinBuild.160101.0800)", "ParentProcessId": "6356", "CurrentDirectory": "C:\\Users\\george\\Desktop\\", "CommandLine": "net  stop MSSQL$SQLEXPRESS ", "EventID": "1", "LogonGuid": "C784477D-1D0E-6407-8DAB-030000000000", "LogonId": "240525", "Image": "C:\\Windows\\SysWOW64\\net.exe", "IntegrityLevel": "High", "ParentCommandLine": "\"C:\\Windows\\System32\\cmd.exe\"  /c net stop DbxSvc & net stop OracleXETNSListener & net stop OracleServiceXE & net stop AcrSch2Svc & net stop AcronisAgent & net stop Apache2.4 & net stop SQLWriter & net stop MSSQL$SQLEXPRESS & net stop MSSQLServerADHelper100 & net stop MongoDB & net stop SQLAgent$SQLEXPRESS & net stop SQLBrowser & net stop CobianBackup11 & net stop cbVSCService11 & net stop QBCFMontorService & net stop QBVSS  ", "UtcTime": "1678800781", "RuleName": "-"}}, {"values": {"TerminalSessionId": "1", "ProcessGuid": "{C784477D-778D-6410-2906-000000004400}", "ProcessId": "3364", "Product": "Microsoft\\xae Windows\\xae Operating System", "Description": "Net Command", "Company": "Microsoft Corporation", "ParentProcessGuid": "{C784477D-778D-6410-2806-000000004400}", "User": "DESKTOP-B0T93D6\\george", "Hashes": "MD5=B5A26C2BF17222E86B91D26F1247AF3E,SHA256=14CC5BE4C833ACC652195DEAD113E1C3B4AC0B98EA1AEAD11957836F9AE721CF,IMPHASH=3D3E7537BD3BA07738DC5CA8AD01B073", "OriginalFileName": "net1.exe", "ParentImage": "C:\\Windows\\SysWOW64\\net.exe", "FileVersion": "10.0.17134.1 (WinBuild.160101.0800)", "ParentProcessId": "6488", "CurrentDirectory": "C:\\Users\\george\\Desktop\\", "CommandLine": "C:\\Windows\\system32\\net1  stop MSSQL$SQLEXPRESS ", "EventID": "1", "LogonGuid": "C784477D-1D0E-6407-8DAB-030000000000", "LogonId": "240525", "Image": "C:\\Windows\\SysWOW64\\net1.exe", "IntegrityLevel": "High", "ParentCommandLine": "net  stop MSSQL$SQLEXPRESS ", "UtcTime": "1678800781", "RuleName": "-"}}, {"values": {"TerminalSessionId": "1", "ProcessGuid": "{C784477D-778E-6410-2A06-000000004400}", "ProcessId": "6352", "Product": "Microsoft\\xae Windows\\xae Operating System", "Description": "Net Command", "Company": "Microsoft Corporation", "ParentProcessGuid": "{C784477D-7780-6410-0606-000000004400}", "User": "DESKTOP-B0T93D6\\george", "Hashes": "MD5=DD0561156F62BC1958CE0E370B23711B,SHA256=FD41D0261C6D22572DA448BCB5CBBB98F78A2922D1F1074D25237CC82C8CE432,IMPHASH=86350518EAE83E4A09BBF6317BA1C570", "OriginalFileName": "net.exe", "ParentImage": "C:\\Windows\\SysWOW64\\cmd.exe", "FileVersion": "10.0.17134.1 (WinBuild.160101.0800)", "ParentProcessId": "6356", "CurrentDirectory": "C:\\Users\\george\\Desktop\\", "CommandLine": "net  stop MSSQLServerADHelper100 ", "EventID": "1", "LogonGuid": "C784477D-1D0E-6407-8DAB-030000000000", "LogonId": "240525", "Image": "C:\\Windows\\SysWOW64\\net.exe", "IntegrityLevel": "High", "ParentCommandLine": "\"C:\\Windows\\System32\\cmd.exe\"  /c net stop DbxSvc & net stop OracleXETNSListener & net stop OracleServiceXE & net stop AcrSch2Svc & net stop AcronisAgent & net stop Apache2.4 & net stop SQLWriter & net stop MSSQL$SQLEXPRESS & net stop MSSQLServerADHelper100 & net stop MongoDB & net stop SQLAgent$SQLEXPRESS & net stop SQLBrowser & net stop CobianBackup11 & net stop cbVSCService11 & net stop QBCFMontorService & net stop QBVSS  ", "UtcTime": "1678800782", "RuleName": "-"}}, {"values": {"TerminalSessionId": "1", "ProcessGuid": "{C784477D-778E-6410-2B06-000000004400}", "ProcessId": "2076", "Product": "Microsoft\\xae Windows\\xae Operating System", "Description": "Net Command", "Company": "Microsoft Corporation", "ParentProcessGuid": "{C784477D-778E-6410-2A06-000000004400}", "User": "DESKTOP-B0T93D6\\george", "Hashes": "MD5=B5A26C2BF17222E86B91D26F1247AF3E,SHA256=14CC5BE4C833ACC652195DEAD113E1C3B4AC0B98EA1AEAD11957836F9AE721CF,IMPHASH=3D3E7537BD3BA07738DC5CA8AD01B073", "OriginalFileName": "net1.exe", "ParentImage": "C:\\Windows\\SysWOW64\\net.exe", "FileVersion": "10.0.17134.1 (WinBuild.160101.0800)", "ParentProcessId": "6352", "CurrentDirectory": "C:\\Users\\george\\Desktop\\", "CommandLine": "C:\\Windows\\system32\\net1  stop MSSQLServerADHelper100 ", "EventID": "1", "LogonGuid": "C784477D-1D0E-6407-8DAB-030000000000", "LogonId": "240525", "Image": "C:\\Windows\\SysWOW64\\net1.exe", "IntegrityLevel": "High", "ParentCommandLine": "net  stop MSSQLServerADHelper100 ", "UtcTime": "1678800782", "RuleName": "-"}}, {"values": {"TerminalSessionId": "1", "ProcessGuid": "{C784477D-778F-6410-2C06-000000004400}", "ProcessId": "6608", "Product": "Microsoft\\xae Windows\\xae Operating System", "Description": "Net Command", "Company": "Microsoft Corporation", "ParentProcessGuid": "{C784477D-7780-6410-0606-000000004400}", "User": "DESKTOP-B0T93D6\\george", "Hashes": "MD5=DD0561156F62BC1958CE0E370B23711B,SHA256=FD41D0261C6D22572DA448BCB5CBBB98F78A2922D1F1074D25237CC82C8CE432,IMPHASH=86350518EAE83E4A09BBF6317BA1C570", "OriginalFileName": "net.exe", "ParentImage": "C:\\Windows\\SysWOW64\\cmd.exe", "FileVersion": "10.0.17134.1 (WinBuild.160101.0800)", "ParentProcessId": "6356", "CurrentDirectory": "C:\\Users\\george\\Desktop\\", "CommandLine": "net  stop MongoDB ", "EventID": "1", "LogonGuid": "C784477D-1D0E-6407-8DAB-030000000000", "LogonId": "240525", "Image": "C:\\Windows\\SysWOW64\\net.exe", "IntegrityLevel": "High", "ParentCommandLine": "\"C:\\Windows\\System32\\cmd.exe\"  /c net stop DbxSvc & net stop OracleXETNSListener & net stop OracleServiceXE & net stop AcrSch2Svc & net stop AcronisAgent & net stop Apache2.4 & net stop SQLWriter & net stop MSSQL$SQLEXPRESS & net stop MSSQLServerADHelper100 & net stop MongoDB & net stop SQLAgent$SQLEXPRESS & net stop SQLBrowser & net stop CobianBackup11 & net stop cbVSCService11 & net stop QBCFMontorService & net stop QBVSS  ", "UtcTime": "1678800783", "RuleName": "-"}}, {"values": {"TerminalSessionId": "1", "ProcessGuid": "{C784477D-7790-6410-2D06-000000004400}", "ProcessId": "6716", "Product": "Microsoft\\xae Windows\\xae Operating System", "Description": "Net Command", "Company": "Microsoft Corporation", "ParentProcessGuid": "{C784477D-778F-6410-2C06-000000004400}", "User": "DESKTOP-B0T93D6\\george", "Hashes": "MD5=B5A26C2BF17222E86B91D26F1247AF3E,SHA256=14CC5BE4C833ACC652195DEAD113E1C3B4AC0B98EA1AEAD11957836F9AE721CF,IMPHASH=3D3E7537BD3BA07738DC5CA8AD01B073", "OriginalFileName": "net1.exe", "ParentImage": "C:\\Windows\\SysWOW64\\net.exe", "FileVersion": "10.0.17134.1 (WinBuild.160101.0800)", "ParentProcessId": "6608", "CurrentDirectory": "C:\\Users\\george\\Desktop\\", "CommandLine": "C:\\Windows\\system32\\net1  stop MongoDB ", "EventID": "1", "LogonGuid": "C784477D-1D0E-6407-8DAB-030000000000", "LogonId": "240525", "Image": "C:\\Windows\\SysWOW64\\net1.exe", "IntegrityLevel": "High", "ParentCommandLine": "net  stop MongoDB ", "UtcTime": "1678800784", "RuleName": "-"}}, {"values": {"TerminalSessionId": "1", "ProcessGuid": "{C784477D-7790-6410-2E06-000000004400}", "ProcessId": "6344", "Product": "Microsoft\\xae Windows\\xae Operating System", "Description": "Net Command", "Company": "Microsoft Corporation", "ParentProcessGuid": "{C784477D-7780-6410-0606-000000004400}", "User": "DESKTOP-B0T93D6\\george", "Hashes": "MD5=DD0561156F62BC1958CE0E370B23711B,SHA256=FD41D0261C6D22572DA448BCB5CBBB98F78A2922D1F1074D25237CC82C8CE432,IMPHASH=86350518EAE83E4A09BBF6317BA1C570", "OriginalFileName": "net.exe", "ParentImage": "C:\\Windows\\SysWOW64\\cmd.exe", "FileVersion": "10.0.17134.1 (WinBuild.160101.0800)", "ParentProcessId": "6356", "CurrentDirectory": "C:\\Users\\george\\Desktop\\", "CommandLine": "net  stop SQLAgent$SQLEXPRESS ", "EventID": "1", "LogonGuid": "C784477D-1D0E-6407-8DAB-030000000000", "LogonId": "240525", "Image": "C:\\Windows\\SysWOW64\\net.exe", "IntegrityLevel": "High", "ParentCommandLine": "\"C:\\Windows\\System32\\cmd.exe\"  /c net stop DbxSvc & net stop OracleXETNSListener & net stop OracleServiceXE & net stop AcrSch2Svc & net stop AcronisAgent & net stop Apache2.4 & net stop SQLWriter & net stop MSSQL$SQLEXPRESS & net stop MSSQLServerADHelper100 & net stop MongoDB & net stop SQLAgent$SQLEXPRESS & net stop SQLBrowser & net stop CobianBackup11 & net stop cbVSCService11 & net stop QBCFMontorService & net stop QBVSS  ", "UtcTime": "1678800784", "RuleName": "-"}}, {"values": {"TerminalSessionId": "1", "ProcessGuid": "{C784477D-7790-6410-2F06-000000004400}", "ProcessId": "4444", "Product": "Microsoft\\xae Windows\\xae Operating System", "Description": "Net Command", "Company": "Microsoft Corporation", "ParentProcessGuid": "{C784477D-7790-6410-2E06-000000004400}", "User": "DESKTOP-B0T93D6\\george", "Hashes": "MD5=B5A26C2BF17222E86B91D26F1247AF3E,SHA256=14CC5BE4C833ACC652195DEAD113E1C3B4AC0B98EA1AEAD11957836F9AE721CF,IMPHASH=3D3E7537BD3BA07738DC5CA8AD01B073", "OriginalFileName": "net1.exe", "ParentImage": "C:\\Windows\\SysWOW64\\net.exe", "FileVersion": "10.0.17134.1 (WinBuild.160101.0800)", "ParentProcessId": "6344", "CurrentDirectory": "C:\\Users\\george\\Desktop\\", "CommandLine": "C:\\Windows\\system32\\net1  stop SQLAgent$SQLEXPRESS ", "EventID": "1", "LogonGuid": "C784477D-1D0E-6407-8DAB-030000000000", "LogonId": "240525", "Image": "C:\\Windows\\SysWOW64\\net1.exe", "IntegrityLevel": "High", "ParentCommandLine": "net  stop SQLAgent$SQLEXPRESS ", "UtcTime": "1678800784", "RuleName": "-"}}, {"values": {"TerminalSessionId": "1", "ProcessGuid": "{C784477D-7790-6410-3006-000000004400}", "ProcessId": "6572", "Product": "Microsoft\\xae Windows\\xae Operating System", "Description": "Net Command", "Company": "Microsoft Corporation", "ParentProcessGuid": "{C784477D-7780-6410-0606-000000004400}", "User": "DESKTOP-B0T93D6\\george", "Hashes": "MD5=DD0561156F62BC1958CE0E370B23711B,SHA256=FD41D0261C6D22572DA448BCB5CBBB98F78A2922D1F1074D25237CC82C8CE432,IMPHASH=86350518EAE83E4A09BBF6317BA1C570", "OriginalFileName": "net.exe", "ParentImage": "C:\\Windows\\SysWOW64\\cmd.exe", "FileVersion": "10.0.17134.1 (WinBuild.160101.0800)", "ParentProcessId": "6356", "CurrentDirectory": "C:\\Users\\george\\Desktop\\", "CommandLine": "net  stop SQLBrowser ", "EventID": "1", "LogonGuid": "C784477D-1D0E-6407-8DAB-030000000000", "LogonId": "240525", "Image": "C:\\Windows\\SysWOW64\\net.exe", "IntegrityLevel": "High", "ParentCommandLine": "\"C:\\Windows\\System32\\cmd.exe\"  /c net stop DbxSvc & net stop OracleXETNSListener & net stop OracleServiceXE & net stop AcrSch2Svc & net stop AcronisAgent & net stop Apache2.4 & net stop SQLWriter & net stop MSSQL$SQLEXPRESS & net stop MSSQLServerADHelper100 & net stop MongoDB & net stop SQLAgent$SQLEXPRESS & net stop SQLBrowser & net stop CobianBackup11 & net stop cbVSCService11 & net stop QBCFMontorService & net stop QBVSS  ", "UtcTime": "1678800784", "RuleName": "-"}}, {"values": {"TerminalSessionId": "1", "ProcessGuid": "{C784477D-7790-6410-3106-000000004400}", "ProcessId": "6828", "Product": "Microsoft\\xae Windows\\xae Operating System", "Description": "Net Command", "Company": "Microsoft Corporation", "ParentProcessGuid": "{C784477D-7790-6410-3006-000000004400}", "User": "DESKTOP-B0T93D6\\george", "Hashes": "MD5=B5A26C2BF17222E86B91D26F1247AF3E,SHA256=14CC5BE4C833ACC652195DEAD113E1C3B4AC0B98EA1AEAD11957836F9AE721CF,IMPHASH=3D3E7537BD3BA07738DC5CA8AD01B073", "OriginalFileName": "net1.exe", "ParentImage": "C:\\Windows\\SysWOW64\\net.exe", "FileVersion": "10.0.17134.1 (WinBuild.160101.0800)", "ParentProcessId": "6572", "CurrentDirectory": "C:\\Users\\george\\Desktop\\", "CommandLine": "C:\\Windows\\system32\\net1  stop SQLBrowser ", "EventID": "1", "LogonGuid": "C784477D-1D0E-6407-8DAB-030000000000", "LogonId": "240525", "Image": "C:\\Windows\\SysWOW64\\net1.exe", "IntegrityLevel": "High", "ParentCommandLine": "net  stop SQLBrowser ", "UtcTime": "1678800784", "RuleName": "-"}}, {"values": {"TerminalSessionId": "1", "ProcessGuid": "{C784477D-7791-6410-3206-000000004400}", "ProcessId": "6388", "Product": "Microsoft\\xae Windows\\xae Operating System", "Description": "Net Command", "Company": "Microsoft Corporation", "ParentProcessGuid": "{C784477D-7780-6410-0606-000000004400}", "User": "DESKTOP-B0T93D6\\george", "Hashes": "MD5=DD0561156F62BC1958CE0E370B23711B,SHA256=FD41D0261C6D22572DA448BCB5CBBB98F78A2922D1F1074D25237CC82C8CE432,IMPHASH=86350518EAE83E4A09BBF6317BA1C570", "OriginalFileName": "net.exe", "ParentImage": "C:\\Windows\\SysWOW64\\cmd.exe", "FileVersion": "10.0.17134.1 (WinBuild.160101.0800)", "ParentProcessId": "6356", "CurrentDirectory": "C:\\Users\\george\\Desktop\\", "CommandLine": "net  stop CobianBackup11 ", "EventID": "1", "LogonGuid": "C784477D-1D0E-6407-8DAB-030000000000", "LogonId": "240525", "Image": "C:\\Windows\\SysWOW64\\net.exe", "IntegrityLevel": "High", "ParentCommandLine": "\"C:\\Windows\\System32\\cmd.exe\"  /c net stop DbxSvc & net stop OracleXETNSListener & net stop OracleServiceXE & net stop AcrSch2Svc & net stop AcronisAgent & net stop Apache2.4 & net stop SQLWriter & net stop MSSQL$SQLEXPRESS & net stop MSSQLServerADHelper100 & net stop MongoDB & net stop SQLAgent$SQLEXPRESS & net stop SQLBrowser & net stop CobianBackup11 & net stop cbVSCService11 & net stop QBCFMontorService & net stop QBVSS  ", "UtcTime": "1678800785", "RuleName": "-"}}, {"values": {"TerminalSessionId": "1", "ProcessGuid": "{C784477D-7791-6410-3306-000000004400}", "ProcessId": "5392", "Product": "Microsoft\\xae Windows\\xae Operating System", "Description": "Net Command", "Company": "Microsoft Corporation", "ParentProcessGuid": "{C784477D-7791-6410-3206-000000004400}", "User": "DESKTOP-B0T93D6\\george", "Hashes": "MD5=B5A26C2BF17222E86B91D26F1247AF3E,SHA256=14CC5BE4C833ACC652195DEAD113E1C3B4AC0B98EA1AEAD11957836F9AE721CF,IMPHASH=3D3E7537BD3BA07738DC5CA8AD01B073", "OriginalFileName": "net1.exe", "ParentImage": "C:\\Windows\\SysWOW64\\net.exe", "FileVersion": "10.0.17134.1 (WinBuild.160101.0800)", "ParentProcessId": "6388", "CurrentDirectory": "C:\\Users\\george\\Desktop\\", "CommandLine": "C:\\Windows\\system32\\net1  stop CobianBackup11 ", "EventID": "1", "LogonGuid": "C784477D-1D0E-6407-8DAB-030000000000", "LogonId": "240525", "Image": "C:\\Windows\\SysWOW64\\net1.exe", "IntegrityLevel": "High", "ParentCommandLine": "net  stop CobianBackup11 ", "UtcTime": "1678800785", "RuleName": "-"}}, {"values": {"TerminalSessionId": "1", "ProcessGuid": "{C784477D-7791-6410-3406-000000004400}", "ProcessId": "1416", "Product": "Microsoft\\xae Windows\\xae Operating System", "Description": "Net Command", "Company": "Microsoft Corporation", "ParentProcessGuid": "{C784477D-7780-6410-0606-000000004400}", "User": "DESKTOP-B0T93D6\\george", "Hashes": "MD5=DD0561156F62BC1958CE0E370B23711B,SHA256=FD41D0261C6D22572DA448BCB5CBBB98F78A2922D1F1074D25237CC82C8CE432,IMPHASH=86350518EAE83E4A09BBF6317BA1C570", "OriginalFileName": "net.exe", "ParentImage": "C:\\Windows\\SysWOW64\\cmd.exe", "FileVersion": "10.0.17134.1 (WinBuild.160101.0800)", "ParentProcessId": "6356", "CurrentDirectory": "C:\\Users\\george\\Desktop\\", "CommandLine": "net  stop cbVSCService11 ", "EventID": "1", "LogonGuid": "C784477D-1D0E-6407-8DAB-030000000000", "LogonId": "240525", "Image": "C:\\Windows\\SysWOW64\\net.exe", "IntegrityLevel": "High", "ParentCommandLine": "\"C:\\Windows\\System32\\cmd.exe\"  /c net stop DbxSvc & net stop OracleXETNSListener & net stop OracleServiceXE & net stop AcrSch2Svc & net stop AcronisAgent & net stop Apache2.4 & net stop SQLWriter & net stop MSSQL$SQLEXPRESS & net stop MSSQLServerADHelper100 & net stop MongoDB & net stop SQLAgent$SQLEXPRESS & net stop SQLBrowser & net stop CobianBackup11 & net stop cbVSCService11 & net stop QBCFMontorService & net stop QBVSS  ", "UtcTime": "1678800785", "RuleName": "-"}}, {"values": {"TerminalSessionId": "1", "ProcessGuid": "{C784477D-7791-6410-3506-000000004400}", "ProcessId": "6908", "Product": "Microsoft\\xae Windows\\xae Operating System", "Description": "Net Command", "Company": "Microsoft Corporation", "ParentProcessGuid": "{C784477D-7791-6410-3406-000000004400}", "User": "DESKTOP-B0T93D6\\george", "Hashes": "MD5=B5A26C2BF17222E86B91D26F1247AF3E,SHA256=14CC5BE4C833ACC652195DEAD113E1C3B4AC0B98EA1AEAD11957836F9AE721CF,IMPHASH=3D3E7537BD3BA07738DC5CA8AD01B073", "OriginalFileName": "net1.exe", "ParentImage": "C:\\Windows\\SysWOW64\\net.exe", "FileVersion": "10.0.17134.1 (WinBuild.160101.0800)", "ParentProcessId": "1416", "CurrentDirectory": "C:\\Users\\george\\Desktop\\", "CommandLine": "C:\\Windows\\system32\\net1  stop cbVSCService11 ", "EventID": "1", "LogonGuid": "C784477D-1D0E-6407-8DAB-030000000000", "LogonId": "240525", "Image": "C:\\Windows\\SysWOW64\\net1.exe", "IntegrityLevel": "High", "ParentCommandLine": "net  stop cbVSCService11 ", "UtcTime": "1678800785", "RuleName": "-"}}, {"values": {"TerminalSessionId": "1", "ProcessGuid": "{C784477D-7791-6410-3606-000000004400}", "ProcessId": "6532", "Product": "Microsoft\\xae Windows\\xae Operating System", "Description": "Net Command", "Company": "Microsoft Corporation", "ParentProcessGuid": "{C784477D-7780-6410-0606-000000004400}", "User": "DESKTOP-B0T93D6\\george", "Hashes": "MD5=DD0561156F62BC1958CE0E370B23711B,SHA256=FD41D0261C6D22572DA448BCB5CBBB98F78A2922D1F1074D25237CC82C8CE432,IMPHASH=86350518EAE83E4A09BBF6317BA1C570", "OriginalFileName": "net.exe", "ParentImage": "C:\\Windows\\SysWOW64\\cmd.exe", "FileVersion": "10.0.17134.1 (WinBuild.160101.0800)", "ParentProcessId": "6356", "CurrentDirectory": "C:\\Users\\george\\Desktop\\", "CommandLine": "net  stop QBCFMontorService ", "EventID": "1", "LogonGuid": "C784477D-1D0E-6407-8DAB-030000000000", "LogonId": "240525", "Image": "C:\\Windows\\SysWOW64\\net.exe", "IntegrityLevel": "High", "ParentCommandLine": "\"C:\\Windows\\System32\\cmd.exe\"  /c net stop DbxSvc & net stop OracleXETNSListener & net stop OracleServiceXE & net stop AcrSch2Svc & net stop AcronisAgent & net stop Apache2.4 & net stop SQLWriter & net stop MSSQL$SQLEXPRESS & net stop MSSQLServerADHelper100 & net stop MongoDB & net stop SQLAgent$SQLEXPRESS & net stop SQLBrowser & net stop CobianBackup11 & net stop cbVSCService11 & net stop QBCFMontorService & net stop QBVSS  ", "UtcTime": "1678800785", "RuleName": "-"}}, {"values": {"TerminalSessionId": "1", "ProcessGuid": "{C784477D-7791-6410-3706-000000004400}", "ProcessId": "2104", "Product": "Microsoft\\xae Windows\\xae Operating System", "Description": "Net Command", "Company": "Microsoft Corporation", "ParentProcessGuid": "{C784477D-7791-6410-3606-000000004400}", "User": "DESKTOP-B0T93D6\\george", "Hashes": "MD5=B5A26C2BF17222E86B91D26F1247AF3E,SHA256=14CC5BE4C833ACC652195DEAD113E1C3B4AC0B98EA1AEAD11957836F9AE721CF,IMPHASH=3D3E7537BD3BA07738DC5CA8AD01B073", "OriginalFileName": "net1.exe", "ParentImage": "C:\\Windows\\SysWOW64\\net.exe", "FileVersion": "10.0.17134.1 (WinBuild.160101.0800)", "ParentProcessId": "6532", "CurrentDirectory": "C:\\Users\\george\\Desktop\\", "CommandLine": "C:\\Windows\\system32\\net1  stop QBCFMontorService ", "EventID": "1", "LogonGuid": "C784477D-1D0E-6407-8DAB-030000000000", "LogonId": "240525", "Image": "C:\\Windows\\SysWOW64\\net1.exe", "IntegrityLevel": "High", "ParentCommandLine": "net  stop QBCFMontorService ", "UtcTime": "1678800785", "RuleName": "-"}}, {"values": {"TerminalSessionId": "1", "ProcessGuid": "{C784477D-7791-6410-3806-000000004400}", "ProcessId": "6992", "Product": "Microsoft\\xae Windows\\xae Operating System", "Description": "Net Command", "Company": "Microsoft Corporation", "ParentProcessGuid": "{C784477D-7780-6410-0606-000000004400}", "User": "DESKTOP-B0T93D6\\george", "Hashes": "MD5=DD0561156F62BC1958CE0E370B23711B,SHA256=FD41D0261C6D22572DA448BCB5CBBB98F78A2922D1F1074D25237CC82C8CE432,IMPHASH=86350518EAE83E4A09BBF6317BA1C570", "OriginalFileName": "net.exe", "ParentImage": "C:\\Windows\\SysWOW64\\cmd.exe", "FileVersion": "10.0.17134.1 (WinBuild.160101.0800)", "ParentProcessId": "6356", "CurrentDirectory": "C:\\Users\\george\\Desktop\\", "CommandLine": "net  stop QBVSS  ", "EventID": "1", "LogonGuid": "C784477D-1D0E-6407-8DAB-030000000000", "LogonId": "240525", "Image": "C:\\Windows\\SysWOW64\\net.exe", "IntegrityLevel": "High", "ParentCommandLine": "\"C:\\Windows\\System32\\cmd.exe\"  /c net stop DbxSvc & net stop OracleXETNSListener & net stop OracleServiceXE & net stop AcrSch2Svc & net stop AcronisAgent & net stop Apache2.4 & net stop SQLWriter & net stop MSSQL$SQLEXPRESS & net stop MSSQLServerADHelper100 & net stop MongoDB & net stop SQLAgent$SQLEXPRESS & net stop SQLBrowser & net stop CobianBackup11 & net stop cbVSCService11 & net stop QBCFMontorService & net stop QBVSS  ", "UtcTime": "1678800785", "RuleName": "-"}}, {"values": {"TerminalSessionId": "1", "ProcessGuid": "{C784477D-7791-6410-3906-000000004400}", "ProcessId": "7152", "Product": "Microsoft\\xae Windows\\xae Operating System", "Description": "Net Command", "Company": "Microsoft Corporation", "ParentProcessGuid": "{C784477D-7791-6410-3806-000000004400}", "User": "DESKTOP-B0T93D6\\george", "Hashes": "MD5=B5A26C2BF17222E86B91D26F1247AF3E,SHA256=14CC5BE4C833ACC652195DEAD113E1C3B4AC0B98EA1AEAD11957836F9AE721CF,IMPHASH=3D3E7537BD3BA07738DC5CA8AD01B073", "OriginalFileName": "net1.exe", "ParentImage": "C:\\Windows\\SysWOW64\\net.exe", "FileVersion": "10.0.17134.1 (WinBuild.160101.0800)", "ParentProcessId": "6992", "CurrentDirectory": "C:\\Users\\george\\Desktop\\", "CommandLine": "C:\\Windows\\system32\\net1  stop QBVSS  ", "EventID": "1", "LogonGuid": "C784477D-1D0E-6407-8DAB-030000000000", "LogonId": "240525", "Image": "C:\\Windows\\SysWOW64\\net1.exe", "IntegrityLevel": "High", "ParentCommandLine": "net  stop QBVSS  ", "UtcTime": "1678800785", "RuleName": "-"}}], "rule_level": "low", "rule_id": "9afc79c8a56e6e5c4cbd55d203a7dce8efc4ed28aa315b736c842a88b1d3dd0e", "rule_source": "Sigma Integrated Rule Set (GitHub)", "rule_title": "Stop Windows Service", "rule_description": "Detects a windows service to be stopped", "rule_author": "Jakob Weinzettl, oscd.community, Nasreddine Bencherchali"}, {"match_context": [{"values": {"TerminalSessionId": "1", "ProcessGuid": "{C784477D-777F-6410-0506-000000004400}", "ProcessId": "560", "Product": "Microsoft\\xae Windows\\xae Operating System", "Description": "Terminates Processes", "Company": "Microsoft Corporation", "ParentProcessGuid": "{C784477D-777F-6410-0306-000000004400}", "User": "DESKTOP-B0T93D6\\george", "Hashes": "MD5=15E2E0ACD891510C6268CB8899F2A1A1,SHA256=F328D587561BEED3C19289FBA43E284FB57BCE1A4C202C7379673964F9B8610D,IMPHASH=0D3E23DCB6BF63A9EB90D5BED57B4F89", "OriginalFileName": "taskkill.exe", "ParentImage": "C:\\Windows\\SysWOW64\\cmd.exe", "FileVersion": "10.0.17134.1 (WinBuild.160101.0800)", "ParentProcessId": "2428", "CurrentDirectory": "C:\\Users\\george\\Desktop\\", "CommandLine": "taskkill  /f /im sql.* ", "EventID": "1", "LogonGuid": "C784477D-1D0E-6407-8DAB-030000000000", "LogonId": "240525", "Image": "C:\\Windows\\SysWOW64\\taskkill.exe", "IntegrityLevel": "High", "ParentCommandLine": "\"C:\\Windows\\System32\\cmd.exe\"  /c taskkill /f /im sql.* & taskkill /f /im winword.* & taskkill /f /im wordpad.* & taskkill /f /im outlook.* & taskkill /f /im thunderbird.* & taskkill /f /im oracle.* & taskkill /f /im excel.* & taskkill /f /im onenote.* & taskkill /f /im virtualboxvm.* & taskkill /f /im node.* & taskkill /f /im QBW32.* & taskkill /f /im WBGX.* & taskkill /f /im Teams.* & taskkill /f /im Flow.*  ", "UtcTime": "1678800767", "RuleName": "-"}}, {"values": {"TerminalSessionId": "1", "ProcessGuid": "{C784477D-7780-6410-0706-000000004400}", "ProcessId": "3124", "Product": "Microsoft\\xae Windows\\xae Operating System", "Description": "Terminates Processes", "Company": "Microsoft Corporation", "ParentProcessGuid": "{C784477D-777F-6410-0306-000000004400}", "User": "DESKTOP-B0T93D6\\george", "Hashes": "MD5=15E2E0ACD891510C6268CB8899F2A1A1,SHA256=F328D587561BEED3C19289FBA43E284FB57BCE1A4C202C7379673964F9B8610D,IMPHASH=0D3E23DCB6BF63A9EB90D5BED57B4F89", "OriginalFileName": "taskkill.exe", "ParentImage": "C:\\Windows\\SysWOW64\\cmd.exe", "FileVersion": "10.0.17134.1 (WinBuild.160101.0800)", "ParentProcessId": "2428", "CurrentDirectory": "C:\\Users\\george\\Desktop\\", "CommandLine": "taskkill  /f /im winword.* ", "EventID": "1", "LogonGuid": "C784477D-1D0E-6407-8DAB-030000000000", "LogonId": "240525", "Image": "C:\\Windows\\SysWOW64\\taskkill.exe", "IntegrityLevel": "High", "ParentCommandLine": "\"C:\\Windows\\System32\\cmd.exe\"  /c taskkill /f /im sql.* & taskkill /f /im winword.* & taskkill /f /im wordpad.* & taskkill /f /im outlook.* & taskkill /f /im thunderbird.* & taskkill /f /im oracle.* & taskkill /f /im excel.* & taskkill /f /im onenote.* & taskkill /f /im virtualboxvm.* & taskkill /f /im node.* & taskkill /f /im QBW32.* & taskkill /f /im WBGX.* & taskkill /f /im Teams.* & taskkill /f /im Flow.*  ", "UtcTime": "1678800768", "RuleName": "-"}}, {"values": {"TerminalSessionId": "1", "ProcessGuid": "{C784477D-7781-6410-0906-000000004400}", "ProcessId": "3360", "Product": "Microsoft\\xae Windows\\xae Operating System", "Description": "Terminates Processes", "Company": "Microsoft Corporation", "ParentProcessGuid": "{C784477D-777F-6410-0306-000000004400}", "User": "DESKTOP-B0T93D6\\george", "Hashes": "MD5=15E2E0ACD891510C6268CB8899F2A1A1,SHA256=F328D587561BEED3C19289FBA43E284FB57BCE1A4C202C7379673964F9B8610D,IMPHASH=0D3E23DCB6BF63A9EB90D5BED57B4F89", "OriginalFileName": "taskkill.exe", "ParentImage": "C:\\Windows\\SysWOW64\\cmd.exe", "FileVersion": "10.0.17134.1 (WinBuild.160101.0800)", "ParentProcessId": "2428", "CurrentDirectory": "C:\\Users\\george\\Desktop\\", "CommandLine": "taskkill  /f /im wordpad.* ", "EventID": "1", "LogonGuid": "C784477D-1D0E-6407-8DAB-030000000000", "LogonId": "240525", "Image": "C:\\Windows\\SysWOW64\\taskkill.exe", "IntegrityLevel": "High", "ParentCommandLine": "\"C:\\Windows\\System32\\cmd.exe\"  /c taskkill /f /im sql.* & taskkill /f /im winword.* & taskkill /f /im wordpad.* & taskkill /f /im outlook.* & taskkill /f /im thunderbird.* & taskkill /f /im oracle.* & taskkill /f /im excel.* & taskkill /f /im onenote.* & taskkill /f /im virtualboxvm.* & taskkill /f /im node.* & taskkill /f /im QBW32.* & taskkill /f /im WBGX.* & taskkill /f /im Teams.* & taskkill /f /im Flow.*  ", "UtcTime": "1678800769", "RuleName": "-"}}, {"values": {"TerminalSessionId": "1", "ProcessGuid": "{C784477D-7782-6410-0D06-000000004400}", "ProcessId": "6584", "Product": "Microsoft\\xae Windows\\xae Operating System", "Description": "Terminates Processes", "Company": "Microsoft Corporation", "ParentProcessGuid": "{C784477D-777F-6410-0306-000000004400}", "User": "DESKTOP-B0T93D6\\george", "Hashes": "MD5=15E2E0ACD891510C6268CB8899F2A1A1,SHA256=F328D587561BEED3C19289FBA43E284FB57BCE1A4C202C7379673964F9B8610D,IMPHASH=0D3E23DCB6BF63A9EB90D5BED57B4F89", "OriginalFileName": "taskkill.exe", "ParentImage": "C:\\Windows\\SysWOW64\\cmd.exe", "FileVersion": "10.0.17134.1 (WinBuild.160101.0800)", "ParentProcessId": "2428", "CurrentDirectory": "C:\\Users\\george\\Desktop\\", "CommandLine": "taskkill  /f /im outlook.* ", "EventID": "1", "LogonGuid": "C784477D-1D0E-6407-8DAB-030000000000", "LogonId": "240525", "Image": "C:\\Windows\\SysWOW64\\taskkill.exe", "IntegrityLevel": "High", "ParentCommandLine": "\"C:\\Windows\\System32\\cmd.exe\"  /c taskkill /f /im sql.* & taskkill /f /im winword.* & taskkill /f /im wordpad.* & taskkill /f /im outlook.* & taskkill /f /im thunderbird.* & taskkill /f /im oracle.* & taskkill /f /im excel.* & taskkill /f /im onenote.* & taskkill /f /im virtualboxvm.* & taskkill /f /im node.* & taskkill /f /im QBW32.* & taskkill /f /im WBGX.* & taskkill /f /im Teams.* & taskkill /f /im Flow.*  ", "UtcTime": "1678800770", "RuleName": "-"}}, {"values": {"TerminalSessionId": "1", "ProcessGuid": "{C784477D-7783-6410-1006-000000004400}", "ProcessId": "1500", "Product": "Microsoft\\xae Windows\\xae Operating System", "Description": "Terminates Processes", "Company": "Microsoft Corporation", "ParentProcessGuid": "{C784477D-777F-6410-0306-000000004400}", "User": "DESKTOP-B0T93D6\\george", "Hashes": "MD5=15E2E0ACD891510C6268CB8899F2A1A1,SHA256=F328D587561BEED3C19289FBA43E284FB57BCE1A4C202C7379673964F9B8610D,IMPHASH=0D3E23DCB6BF63A9EB90D5BED57B4F89", "OriginalFileName": "taskkill.exe", "ParentImage": "C:\\Windows\\SysWOW64\\cmd.exe", "FileVersion": "10.0.17134.1 (WinBuild.160101.0800)", "ParentProcessId": "2428", "CurrentDirectory": "C:\\Users\\george\\Desktop\\", "CommandLine": "taskkill  /f /im thunderbird.* ", "EventID": "1", "LogonGuid": "C784477D-1D0E-6407-8DAB-030000000000", "LogonId": "240525", "Image": "C:\\Windows\\SysWOW64\\taskkill.exe", "IntegrityLevel": "High", "ParentCommandLine": "\"C:\\Windows\\System32\\cmd.exe\"  /c taskkill /f /im sql.* & taskkill /f /im winword.* & taskkill /f /im wordpad.* & taskkill /f /im outlook.* & taskkill /f /im thunderbird.* & taskkill /f /im oracle.* & taskkill /f /im excel.* & taskkill /f /im onenote.* & taskkill /f /im virtualboxvm.* & taskkill /f /im node.* & taskkill /f /im QBW32.* & taskkill /f /im WBGX.* & taskkill /f /im Teams.* & taskkill /f /im Flow.*  ", "UtcTime": "1678800771", "RuleName": "-"}}, {"values": {"TerminalSessionId": "1", "ProcessGuid": "{C784477D-7784-6410-1406-000000004400}", "ProcessId": "6460", "Product": "Microsoft\\xae Windows\\xae Operating System", "Description": "Terminates Processes", "Company": "Microsoft Corporation", "ParentProcessGuid": "{C784477D-777F-6410-0306-000000004400}", "User": "DESKTOP-B0T93D6\\george", "Hashes": "MD5=15E2E0ACD891510C6268CB8899F2A1A1,SHA256=F328D587561BEED3C19289FBA43E284FB57BCE1A4C202C7379673964F9B8610D,IMPHASH=0D3E23DCB6BF63A9EB90D5BED57B4F89", "OriginalFileName": "taskkill.exe", "ParentImage": "C:\\Windows\\SysWOW64\\cmd.exe", "FileVersion": "10.0.17134.1 (WinBuild.160101.0800)", "ParentProcessId": "2428", "CurrentDirectory": "C:\\Users\\george\\Desktop\\", "CommandLine": "taskkill  /f /im oracle.* ", "EventID": "1", "LogonGuid": "C784477D-1D0E-6407-8DAB-030000000000", "LogonId": "240525", "Image": "C:\\Windows\\SysWOW64\\taskkill.exe", "IntegrityLevel": "High", "ParentCommandLine": "\"C:\\Windows\\System32\\cmd.exe\"  /c taskkill /f /im sql.* & taskkill /f /im winword.* & taskkill /f /im wordpad.* & taskkill /f /im outlook.* & taskkill /f /im thunderbird.* & taskkill /f /im oracle.* & taskkill /f /im excel.* & taskkill /f /im onenote.* & taskkill /f /im virtualboxvm.* & taskkill /f /im node.* & taskkill /f /im QBW32.* & taskkill /f /im WBGX.* & taskkill /f /im Teams.* & taskkill /f /im Flow.*  ", "UtcTime": "1678800772", "RuleName": "-"}}, {"values": {"TerminalSessionId": "1", "ProcessGuid": "{C784477D-7785-6410-1606-000000004400}", "ProcessId": "1756", "Product": "Microsoft\\xae Windows\\xae Operating System", "Description": "Terminates Processes", "Company": "Microsoft Corporation", "ParentProcessGuid": "{C784477D-777F-6410-0306-000000004400}", "User": "DESKTOP-B0T93D6\\george", "Hashes": "MD5=15E2E0ACD891510C6268CB8899F2A1A1,SHA256=F328D587561BEED3C19289FBA43E284FB57BCE1A4C202C7379673964F9B8610D,IMPHASH=0D3E23DCB6BF63A9EB90D5BED57B4F89", "OriginalFileName": "taskkill.exe", "ParentImage": "C:\\Windows\\SysWOW64\\cmd.exe", "FileVersion": "10.0.17134.1 (WinBuild.160101.0800)", "ParentProcessId": "2428", "CurrentDirectory": "C:\\Users\\george\\Desktop\\", "CommandLine": "taskkill  /f /im excel.* ", "EventID": "1", "LogonGuid": "C784477D-1D0E-6407-8DAB-030000000000", "LogonId": "240525", "Image": "C:\\Windows\\SysWOW64\\taskkill.exe", "IntegrityLevel": "High", "ParentCommandLine": "\"C:\\Windows\\System32\\cmd.exe\"  /c taskkill /f /im sql.* & taskkill /f /im winword.* & taskkill /f /im wordpad.* & taskkill /f /im outlook.* & taskkill /f /im thunderbird.* & taskkill /f /im oracle.* & taskkill /f /im excel.* & taskkill /f /im onenote.* & taskkill /f /im virtualboxvm.* & taskkill /f /im node.* & taskkill /f /im QBW32.* & taskkill /f /im WBGX.* & taskkill /f /im Teams.* & taskkill /f /im Flow.*  ", "UtcTime": "1678800773", "RuleName": "-"}}, 