{"data": {"id": "4003130247f2cab8b87f3d8de23293ddbc9568dbac75ad594abc7e01a04390d3", "type": "file", "links": {"self": "https://www.virustotal.com/api/v3/files/4003130247f2cab8b87f3d8de23293ddbc9568dbac75ad594abc7e01a04390d3"}, "attributes": {"type_extension": "exe", "crowdsourced_ids_stats": {"high": 3, "info": 0, "medium": 1, "low": 2}, "last_modification_date": 1768321582, "authentihash": "264695c4ab1f2ded5b3c64714fd1758d96902e9bcbe12fd8c597c9d041b65c2f", "type_tags": ["executable", "windows", "win32", "pe", "peexe"], "sha1": "a402f5e46c8e056c9e9494f7e83902e0fcae3a61", "size": 89088, "first_submission_date": 1584489769, "sigma_analysis_stats": {"high": 3, "medium": 1, "critical": 4, "low": 3}, "magic": "PE32 executable (GUI) Intel 80386, for MS Windows", "times_submitted": 8, "meaningful_name": "ap176dy.exe", "crowdsourced_ids_results": [{"rule_category": "A Network Trojan was detected", "alert_severity": "high", "rule_msg": "ET MALWARE Win32/Nemty Ransomware Style Geo IP Check M1", "rule_raw": "alert http $HOME_NET any -> $EXTERNAL_NET any (msg:\"ET MALWARE Win32/Nemty Ransomware Style Geo IP Check M1\"; flow:established,to_server; http.method; content:\"GET\"; http.user_agent; content:\"Chrome\"; fast_pattern; bsize:6; http.host; content:\"api.db-ip.com\"; endswith; http.header_names; content:!\"Accept\"; content:!\"Referer\"; reference:url,www.bleepingcomputer.com/news/security/new-nemty-ransomware-may-spread-via-compromised-rdp-conn; reference:md5,0e0b7b238a06a2a37a4de06a5ab5e615; classtype:trojan-activity; sid:2027913; rev:3; metadata:affected_product Windows_XP_Vista_7_8_10_Server_32_64_Bit, attack_target Client_Endpoint, created_at 2019_08_26, deployment Perimeter, former_category MALWARE, malware_family Nemty, signature_severity Major, tag Ransomware, updated_at 2022_05_03, mitre_tactic_id TA0040, mitre_tactic_name Impact, mitre_technique_id T1486, mitre_technique_name Data_Encrypted_for_Impact;)", "rule_url": "https://rules.emergingthreats.net/", "alert_context": [{"url": "http://api.db-ip.com/v2/free/34.141.245.25/countryName", "hostname": "api.db-ip.com", "dest_ip": "104.26.5.15", "dest_port": 80}], "rule_references": ["https://www.bleepingcomputer.com/news/security/new-nemty-ransomware-may-spread-via-compromised-rdp-conn", "https://www.virustotal.com/gui/search/0e0b7b238a06a2a37a4de06a5ab5e615"], "rule_source": "Proofpoint Emerging Threats Open", "rule_id": "1:2027913"}, {"rule_category": "A Network Trojan was detected", "alert_severity": "high", "rule_msg": "ET MALWARE Win32/Nemty Ransomware Style Geo IP Check M2", "rule_raw": "alert http $HOME_NET any -> $EXTERNAL_NET any (msg:\"ET MALWARE Win32/Nemty Ransomware Style Geo IP Check M2\"; flow:established,to_server; http.method; content:\"GET\"; http.user_agent; content:\"Chrome\"; fast_pattern; bsize:6; http.host; content:\"api.ipify.org\"; endswith; http.header_names; content:!\"Accept\"; content:!\"Referer\"; reference:url,www.bleepingcomputer.com/news/security/new-nemty-ransomware-may-spread-via-compromised-rdp-conn; reference:md5,0e0b7b238a06a2a37a4de06a5ab5e615; classtype:trojan-activity; sid:2027914; rev:3; metadata:affected_product Windows_XP_Vista_7_8_10_Server_32_64_Bit, attack_target Client_Endpoint, created_at 2019_08_26, deployment Perimeter, former_category MALWARE, malware_family Nemty, signature_severity Major, tag Ransomware, updated_at 2022_05_03, mitre_tactic_id TA0040, mitre_tactic_name Impact, mitre_technique_id T1486, mitre_technique_name Data_Encrypted_for_Impact;)", "rule_url": "https://rules.emergingthreats.net/", "alert_context": [{"url": "http://api.ipify.org/", "hostname": "api.ipify.org", "dest_ip": "173.231.16.76", "dest_port": 80}], "rule_references": ["https://www.bleepingcomputer.com/news/security/new-nemty-ransomware-may-spread-via-compromised-rdp-conn", "https://www.virustotal.com/gui/search/0e0b7b238a06a2a37a4de06a5ab5e615"], "rule_source": "Proofpoint Emerging Threats Open", "rule_id": "1:2027914"}, {"rule_category": "trojan-activity", "alert_severity": "high", "rule_msg": "INDICATOR-COMPROMISE Potentially malicious User-Agent for Nemty detected", "rule_raw": "alert tcp $HOME_NET any -> $EXTERNAL_NET $HTTP_PORTS ( msg:\"INDICATOR-COMPROMISE Potentially malicious User-Agent for Nemty detected\"; flow:to_server,established; http_header; content:\"User-Agent|3A| Chrome|0D 0A|\",fast_pattern,nocase; content:\"Cache-Control|3A| no-cache\"; metadata:policy balanced-ips alert,policy max-detect-ips drop,policy security-ips alert; service:http; reference:url,www.virustotal.com/en/file/267a9dcf77c33a1af362e2080aaacc01a7ca075658beb002ab41e0712ffe066e/analysis/; classtype:trojan-activity; gid:1; sid:51341; rev:3; )", "rule_url": "https://www.snort.org/downloads/#rule-downloads", "alert_context": [{"dest_ip": "173.231.16.76", "dest_port": 80}], "rule_references": ["https://www.virustotal.com/en/file/267a9dcf77c33a1af362e2080aaacc01a7ca075658beb002ab41e0712ffe066e/analysis/"], "rule_source": "Snort registered user ruleset", "rule_id": "1:51341"}, {"rule_category": "denial-of-service", "alert_severity": "medium", "rule_msg": "SERVER-OTHER Squid HTTP Vary response header denial of service attempt", "rule_raw": "alert tcp $EXTERNAL_NET $HTTP_PORTS -> $HOME_NET any ( msg:\"SERVER-OTHER Squid HTTP Vary response header denial of service attempt\"; flow:to_client,established; http_header; content:\"Vary|3A|\"; content:!\"|0D 0A|\",within 250; metadata:policy max-detect-ips drop; service:http; reference:cve,2016-2569; reference:url,www.squid-cache.org/Advisories/SQUID-2016_2.txt; classtype:denial-of-service; sid:41379; rev:1; )", "rule_url": "https://www.snort.org/downloads/#rule-downloads", "alert_context": [{"src_ip": "173.231.16.76", "src_port": 80}], "rule_references": ["https://cve.mitre.org/cgi-bin/cvename.cgi?name=2016-2569", "https://www.squid-cache.org/Advisories/SQUID-2016_2.txt"], "rule_source": "Snort registered user ruleset", "rule_id": "1:41379"}, {"rule_category": "Potentially Bad Traffic", "alert_severity": "low", "rule_msg": "ET INFO Observed DNS Query to .biz TLD", "rule_raw": "alert dns $HOME_NET any -> any any (msg:\"ET INFO Observed DNS Query to .biz TLD\"; dns.query; content:\".biz\"; nocase; endswith; reference:url,www.spamhaus.org/statistics/tlds/; classtype:bad-unknown; sid:2027863; rev:5; metadata:affected_product Any, attack_target Client_Endpoint, created_at 2019_08_13, deployment Perimeter, former_category INFO, signature_severity Informational, updated_at 2020_09_17;)", "rule_url": "https://rules.emergingthreats.net/", "alert_context": [{"dest_ip": "8.8.8.8", "dest_port": 53}], "rule_references": ["https://www.spamhaus.org/statistics/tlds/"], "rule_source": "Proofpoint Emerging Threats Open", "rule_id": "1:2027863"}, {"rule_category": "Potentially Bad Traffic", "alert_severity": "low", "rule_msg": "ET USER_AGENTS Observed Suspicious UA (Chrome)", "rule_raw": "alert http $HOME_NET any -> $EXTERNAL_NET any (msg:\"ET USER_AGENTS Observed Suspicious UA (Chrome)\"; flow:established,to_server; content:\"User-Agent|3a 20|Chrome|0d 0a|\"; http_header; fast_pattern; classtype:bad-unknown; sid:2027916; rev:4; metadata:affected_product Any, attack_target Client_Endpoint, created_at 2019_08_26, deployment Perimeter, former_category HUNTING, performance_impact Low, signature_severity Informational, updated_at 2022_01_25;)", "alert_context": [{"url": "http://api.db-ip.com/v2/free/34.141.245.25/countryName", "hostname": "api.db-ip.com", "dest_ip": "104.26.5.15", "dest_port": 80}], "rule_url": "https://rules.emergingthreats.net/", "rule_source": "Proofpoint Emerging Threats Open", "rule_id": "1:2027916"}], "total_votes": {"harmless": 0, "malicious": 2}, "ssdeep": "1536:wbXYo4+VLTx6Xl9fArptErSVgt1ky4xp5YVaV1IgxPSfaaaaaM0Mjcv:wbX71VLF6HGL4SVg54Hgc15xPSrjC", "reputation": -43, "type_tag": "peexe", "popular_threat_classification": {"popular_threat_category": [{"count": 23, "value": "ransomware"}, {"count": 19, "value": "trojan"}, {"count": 2, "value": "downloader"}], "popular_threat_name": [{"count": 21, "value": "nemty"}, {"count": 3, "value": "jsworm"}, {"count": 2, "value": "encoder"}], "suggested_threat_label": "ransomware.nemty/jsworm"}, "vhash": "084046655d15114z12z52hz4013z304bz", "type_description": "Win32 EXE", "unique_sources": 7, "first_seen_itw_date": 1583009862, "sha256": "4003130247f2cab8b87f3d8de23293ddbc9568dbac75ad594abc7e01a04390d3", "tlsh": "T167937D15319C9031F2224070AE97EAA68B2E7CA455B28CCB6FCB527B1EF45D0D6553CF", "sandbox_verdicts": {"Zenbox": {"category": "malicious", "confidence": 100, "sandbox_name": "Zenbox", "malware_classification": ["MALWARE", "RANSOM", "TROJAN", "EVADER"], "malware_names": ["Nemty"]}, "Yomi Hunter": {"category": "malicious", "sandbox_name": "Yomi Hunter", "malware_classification": ["MALWARE"]}, "Lastline": {"category": "malicious", "sandbox_name": "Lastline", "malware_classification": ["MALWARE", "TROJAN"]}}, "md5": "c96613c857018555f3a5bc227567e6e7", "tags": ["checks-network-adapters", "checks-user-input", "calls-wmi", "peexe", "detect-debug-environment", "direct-cpu-clock-access", "runtime-modules", "malware", "long-sleeps", "cve-2016-2569", "exploit"], "last_analysis_date": 1766547965, "sigma_analysis_summary": {"Sigma Integrated Rule Set (GitHub)": {"high": 3, "medium": 1, "critical": 0, "low": 3}, "Joe Security Rule Set (GitHub)": {"high": 0, "medium": 0, "critical": 4, "low": 0}}, "detectiteasy": {"filetype": "PE32", "values": [{"info": "EXE32", "version": "2008-2010", "type": "Compiler", "name": "EP:Microsoft Visual C/C++"}, {"info": "LTCG/C++", "version": "16.00.30319", "type": "Compiler", "name": "Microsoft Visual C/C++"}, {"version": "10.00.30319", "type": "Linker", "name": "Microsoft Linker"}, {"version": "2010", "type": "Tool", "name": "Visual Studio"}]}, "magika": "PEBIN", "trid": [{"file_type": "Win32 Executable MS Visual C++ (generic)", "probability": 47.3}, {"file_type": "Win64 Executable (generic)", "probability": 15.9}, {"file_type": "Win32 Dynamic Link Library (generic)", "probability": 9.9}, {"file_type": "Win16 NE executable (generic)", "probability": 7.6}, {"file_type": "Win32 Executable (generic)", "probability": 6.8}], "creation_date": 1582977462, "pe_info": {"timestamp": 1582977462, "imphash": "bb1c98fc2303b60a4dc052fd8cf859ac", "machine_type": 332, "entry_point": 38963, "sections": [{"name": ".text", "chi2": 327053.81, "virtual_address": 4096, "flags": "rx", "raw_size": 57344, "entropy": 6.57, "virtual_size": 56979, "md5": "19a840a32a49a96885cf0ca5d8d35dd1"}, {"name": ".rdata", "chi2": 508438.44, "virtual_address": 61440, "flags": "r", "raw_size": 20480, "entropy": 5.56, "virtual_size": 20246, "md5": "8c63551fd9d5ab605021aadda925ce2b"}, {"name": ".data", "chi2": 469455.94, "virtual_address": 81920, "flags": "rw", "raw_size": 3584, "entropy": 2.61, "virtual_size": 7332, "md5": "44ff9526752013c7a2427f087ad4d89a"}, {"name": ".reloc", "chi2": 386711.28, "virtual_address": 90112, "flags": "r", "raw_size": 6656, "entropy": 4.5, "virtual_size": 6246, "md5": "928d60a0ecd46d4ce94c35dab7f26242"}], "compiler_product_versions": ["[ASM] VS2010 build 30319 count=19", "[ C ] VS2010 build 30319 count=70", "[C++] VS2010 build 30319 count=31", "[IMP] VS2008 SP1 build 30729 count=15", "[---] Unmarked objects count=123", "[LNK] VS2010 build 30319 count=1", "id: 0xaf, version: 30319 count=16"], "rich_pe_header_hash": "6796863b9471e439536e5e9341799941", "import_list": [{"library_name": "KERNEL32.dll", "imported_functions": ["CloseHandle", "CreateFileW", "CreateMutexA", "CreateThread", "CreateToolhelp32Snapshot", "DecodePointer", "DeleteCriticalSection", "EncodePointer", "EnterCriticalSection", "ExitProcess", "ExitThread", "FindClose", "FindFirstFileW", "FindNextFileW", "FreeEnvironmentStringsW", "GetACP", "GetCommandLineA", "GetComputerNameA", "GetCPInfo", "GetCurrentProcess", "GetCurrentProcessId", "GetCurrentThreadId", "GetDiskFreeSpaceExA", "GetDriveTypeA", "GetEnvironmentStringsW", "GetFileAttributesW", "GetFileSizeEx", "GetFileType", "GetLastError", "GetLogicalDrives", "GetModuleFileNameA", "GetModuleFileNameW", "GetModuleHandleW", "GetOEMCP", "GetProcAddress", "GetStartupInfoW", "GetStdHandle", "GetStringTypeW", "GetSystemTimeAsFileTime", "GetTickCount", "GlobalMemoryStatusEx", "HeapAlloc", "HeapCreate", "HeapFree", "HeapReAlloc", "HeapSetInformation", "HeapSize", "InitializeCriticalSectionAndSpinCount", "InterlockedDecrement", "InterlockedIncrement", "IsDebuggerPresent", "IsProcessorFeaturePresent", "IsValidCodePage", "LCMapStringW", "LeaveCriticalSection", "LoadLibraryA", "LoadLibraryW", "lstrcmpiW", "MoveFileW", "MultiByteToWideChar", "Process32First", "Process32Next", "QueryPerformanceCounter", "RaiseException", "ReadFile", "RtlUnwind", "SetFileAttributesW", "SetFilePointer", "SetFilePointerEx", "SetHandleCount", "SetLastError", "SetUnhandledExceptionFilter", "Sleep", "TerminateProcess", "TlsAlloc", "TlsFree", "TlsGetValue", "TlsSetValue", "UnhandledExceptionFilter", "WaitForSingleObject", "WideCharToMultiByte", "WriteFile"]}, {"library_name": "ADVAPI32.dll", "imported_functions": ["CryptAcquireContextA", "CryptCreateHash", "CryptDecrypt", "CryptDeriveKey", "CryptEncrypt", "CryptExportKey", "CryptGenKey", "CryptHashData", "CryptImportKey", "GetCurrentHwProfileA", "GetUserNameA", "RegCloseKey", "RegCreateKeyExA", "RegOpenKeyExA", "RegQueryValueExA", "RegSetValueExA"]}, {"library_name": "SHELL32.dll", "imported_functions": ["ShellExecuteA", "ShellExecuteW", "SHEmptyRecycleBinA", "SHGetFolderPathW"]}, {"library_name": "CRYPT32.dll", "imported_functions": ["CryptStringToBinaryA"]}, {"library_name": "WININET.dll", "imported_functions": ["InternetCloseHandle", "InternetOpenA", "InternetOpenUrlA", "InternetReadFile"]}, {"library_name": "SHLWAPI.dll", "imported_functions": ["PathFindExtensionW"]}, {"library_name": "VERSION.dll", "imported_functions": ["GetFileVersionInfoA", "GetFileVersionInfoSizeA", "VerQueryValueA"]}]}, "sigma_analysis_results": [{"match_context": [{"values": {"TerminalSessionId": "1", "ProcessGuid": "{C784477D-7780-6410-0606-000000004400}", "ProcessId": "6356", "Product": "Microsoft\\xae Windows\\xae Operating System", "Description": "Windows Command Processor", "Company": "Microsoft Corporation", "ParentProcessGuid": "{C784477D-776C-6410-F905-000000004400}", "User": "DESKTOP-B0T93D6\\george", "Hashes": "MD5=F3BDBE3BB6F734E357235F4D5898582D,SHA256=3685495D051137B1C4EFDE22C26DF0883614B6453B762FA84588DA55ED2E7744,IMPHASH=0AF8419BE362159398343D7B31721726", "OriginalFileName": "Cmd.Exe", "ParentImage": "C:\\Users\\george\\Desktop\\47f2cab8b87f3d8de23293ddbc9568dbac75ad594abc7e01a04390d3.exe", "FileVersion": "10.0.17134.1 (WinBuild.160101.0800)", "ParentProcessId": "6840", "CurrentDirectory": "C:\\Users\\george\\Desktop\\", "CommandLine": "\"C:\\Windows\\System32\\cmd.exe\"  /c net stop DbxSvc & net stop OracleXETNSListener & net stop OracleServiceXE & net stop AcrSch2Svc & net stop AcronisAgent & net stop Apache2.4 & net stop SQLWriter & net stop MSSQL$SQLEXPRESS & net stop MSSQLServerADHelper100 & net stop MongoDB & net stop SQLAgent$SQLEXPRESS & net stop SQLBrowser & net stop CobianBackup11 & net stop cbVSCService11 & net stop QBCFMontorService & net stop QBVSS  ", "EventID": "1", "LogonGuid": "C784477D-1D0E-6407-8DAB-030000000000", "LogonId": "240525", "Image": "C:\\Windows\\SysWOW64\\cmd.exe", "IntegrityLevel": "High", "ParentCommandLine": "\"C:\\Users\\george\\Desktop\\47f2cab8b87f3d8de23293ddbc9568dbac75ad594abc7e01a04390d3.exe\"", "UtcTime": "1678800768", "RuleName": "-"}}], "rule_level": "critical", "rule_id": "2319d1843957b572c6e41e1d83656e12eac1e5e75f59ac1ccc309c2b00e9ef86", "rule_source": "Joe Security Rule Set (GitHub)", "rule_title": "Stop multiple services", "rule_description": "Stop multiple services", "rule_author": "Joe Security"}, {"match_context": [{"values": {"TerminalSessionId": "1", "ProcessGuid": "{C784477D-777F-6410-0306-000000004400}", "ProcessId": "2428", "Product": "Microsoft\\xae Windows\\xae Operating System", "Description": "Windows Command Processor", "Company": "Microsoft Corporation", "ParentProcessGuid": "{C784477D-776C-6410-F905-000000004400}", "User": "DESKTOP-B0T93D6\\george", "Hashes": "MD5=F3BDBE3BB6F734E357235F4D5898582D,SHA256=3685495D051137B1C4EFDE22C26DF0883614B6453B762FA84588DA55ED2E7744,IMPHASH=0AF8419BE362159398343D7B31721726", "OriginalFileName": "Cmd.Exe", "ParentImage": "C:\\Users\\george\\Desktop\\47f2cab8b87f3d8de23293ddbc9568dbac75ad594abc7e01a04390d3.exe", "FileVersion": "10.0.17134.1 (WinBuild.160101.0800)", "ParentProcessId": "6840", "CurrentDirectory": "C:\\Users\\george\\Desktop\\", "CommandLine": "\"C:\\Windows\\System32\\cmd.exe\"  /c taskkill /f /im sql.* & taskkill /f /im winword.* & taskkill /f /im wordpad.* & taskkill /f /im outlook.* & taskkill /f /im thunderbird.* & taskkill /f /im oracle.* & taskkill /f /im excel.* & taskkill /f /im onenote.* & taskkill /f /im virtualboxvm.* & taskkill /f /im node.* & taskkill /f /im QBW32.* & taskkill /f /im WBGX.* & taskkill /f /im Teams.* & taskkill /f /im Flow.*  ", "EventID": "1", "LogonGuid": "C784477D-1D0E-6407-8DAB-030000000000", "LogonId": "240525", "Image": "C:\\Windows\\SysWOW64\\cmd.exe", "IntegrityLevel": "High", "ParentCommandLine": "\"C:\\Users\\george\\Desktop\\47f2cab8b87f3d8de23293ddbc9568dbac75ad594abc7e01a04390d3.exe\"", "UtcTime": "1678800767", "RuleName": "-"}}], "rule_level": "critical", "rule_id": "868e81758b31ab7d5c37adbd3798dbc1effacb9eeaad44e5f6c5f41c409fb786", "rule_source": "Joe Security Rule Set (GitHub)", "rule_title": "Kill multiple process", "rule_description": "Kill multiple process", "rule_author": "Joe Security"}, {"match_context": [{"values": {"TerminalSessionId": "1", "ProcessGuid": "{C784477D-7782-6410-0B06-000000004400}", "ProcessId": "3348", "Product": "Microsoft\\xae Windows\\xae Operating System", "Description": "Windows Command Processor", "Company": "Microsoft Corporation", "ParentProcessGuid": "{C784477D-776C-6410-F905-000000004400}", "User": "DESKTOP-B0T93D6\\george", "Hashes": "MD5=F3BDBE3BB6F734E357235F4D5898582D,SHA256=3685495D051137B1C4EFDE22C26DF0883614B6453B762FA84588DA55ED2E7744,IMPHASH=0AF8419BE362159398343D7B31721726", "OriginalFileName": "Cmd.Exe", "ParentImage": "C:\\Users\\george\\Desktop\\47f2cab8b87f3d8de23293ddbc9568dbac75ad594abc7e01a04390d3.exe", "FileVersion": "10.0.17134.1 (WinBuild.160101.0800)", "ParentProcessId": "6840", "CurrentDirectory": "C:\\Users\\george\\Desktop\\", "CommandLine": "\"C:\\Windows\\System32\\cmd.exe\"  /c bcdedit /set {default} bootstatuspolicy ignoreallfailures & bcdedit /set {default} recoveryenabled no & wbadmin delete catalog -quiet & wmic shadowcopy delete", "EventID": "1", "LogonGuid": "C784477D-1D0E-6407-8DAB-030000000000", "LogonId": "240525", "Image": "C:\\Windows\\SysWOW64\\cmd.exe", "IntegrityLevel": "High", "ParentCommandLine": "\"C:\\Users\\george\\Desktop\\47f2cab8b87f3d8de23293ddbc9568dbac75ad594abc7e01a04390d3.exe\"", "UtcTime": "1678800770", "RuleName": "-"}}, {"values": {"TerminalSessionId": "1", "ProcessGuid": "{C784477D-7783-6410-0F06-000000004400}", "ProcessId": "1412", "Product": "Microsoft\\xae Windows\\xae Operating System", "Description": "WMI Commandline Utility", "Company": "Microsoft Corporation", "ParentProcessGuid": "{C784477D-7782-6410-0B06-000000004400}", "User": "DESKTOP-B0T93D6\\george", "Hashes": "MD5=79A01FCD1C8166C5642F37D1E0FB7BA8,SHA256=69CA5E47CD2B97F29E744CED04CE93746B687EFE8F636D9AEB8CB1EF9B67049C,IMPHASH=B60228C45486DB219406793696D4205B", "OriginalFileName": "wmic.exe", "ParentImage": "C:\\Windows\\SysWOW64\\cmd.exe", "FileVersion": "10.0.17134.1 (WinBuild.160101.0800)", "ParentProcessId": "3348", "CurrentDirectory": "C:\\Users\\george\\Desktop\\", "CommandLine": "wmic  shadowcopy delete", "EventID": "1", "LogonGuid": "C784477D-1D0E-6407-8DAB-030000000000", "LogonId": "240525", "Image": "C:\\Windows\\SysWOW64\\wbem\\WMIC.exe", "IntegrityLevel": "High", "ParentCommandLine": "\"C:\\Windows\\System32\\cmd.exe\"  /c bcdedit /set {default} bootstatuspolicy ignoreallfailures & bcdedit /set {default} recoveryenabled no & wbadmin delete catalog -quiet & wmic shadowcopy delete", "UtcTime": "1678800771", "RuleName": "-"}}], "rule_level": "critical", "rule_id": "be6d29855558a0e8c404486d8f1838ce35594866f126f9c1c62a9792e9c76be2", "rule_source": "Joe Security Rule Set (GitHub)", "rule_title": "Delete shadow copy via WMIC", "rule_description": "Delete shadow copy via WMIC", "rule_author": "Joe Security"}, {"match_context": [{"values": {"TerminalSessionId": "1", "ProcessGuid": "{C784477D-7783-6410-1206-000000004400}", "ProcessId": "6708", "Product": "Microsoft\\xae Windows\\xae Operating System", "Description": "Windows PowerShell", "Company": "Microsoft Corporation", "ParentProcessGuid": "{C784477D-776C-6410-F905-000000004400}", "User": "DESKTOP-B0T93D6\\george", "Hashes": "MD5=DBA3E6449E97D4E3DF64527EF7012A10,SHA256=E0C662D10B852B23F2D8A240AFC82A72B099519FA71CDDF9D5D0F0BE08169B6E,IMPHASH=D1A922C94A1F407CB2BBCAD033C8ED7A", "OriginalFileName": "PowerShell.EXE", "ParentImage": "C:\\Users\\george\\Desktop\\47f2cab8b87f3d8de23293ddbc9568dbac75ad594abc7e01a04390d3.exe", "FileVersion": "10.0.17134.1 (WinBuild.160101.0800)", "ParentProcessId": "6840", "CurrentDirectory": "C:\\Users\\george\\Desktop\\", "CommandLine": "\"C:\\Windows\\System32\\WindowsPowerShell\\v1.0\\powershell.exe\"  -e RwBlAHQALQBXAG0AaQBPAGIAagBlAGMAdAAgAFcAaQBuADMAMgBfAFMAaABhAGQAbwB3AGMAbwBwAHkAIAB8ACAARgBvAHIARQBhAGMAaAAtAE8AYgBqAGUAYwB0ACAAewAkAF8ALgBEAGUAbABlAHQAZQAoACkAOwB9AA==", "EventID": "1", "LogonGuid": "C784477D-1D0E-6407-8DAB-030000000000", "LogonId": "240525", "Image": "C:\\Windows\\SysWOW64\\WindowsPowerShell\\v1.0\\powershell.exe", "IntegrityLevel": "High", "ParentCommandLine": "\"C:\\Users\\george\\Desktop\\47f2cab8b87f3d8de23293ddbc9568dbac75ad594abc7e01a04390d3.exe\"", "UtcTime": "1678800771", "RuleName": "-"}}], "rule_level": "critical", "rule_id": "d91fb994dcf44dbdd52950e6db5cdf99eba912926494deb2f92f3f2dbf232740", "rule_source": "Joe Security Rule Set (GitHub)", "rule_title": "Delete Shadow Copy Via Powershell", "rule_description": "Delete Shadow Copy Via Powershell", "rule_author": "Joe Security"}, {"match_context": [{"values": {"TerminalSessionId": "1", "ProcessGuid": "{C784477D-7783-6410-1206-000000004400}", "ProcessId": "6708", "Product": "Microsoft\\xae Windows\\xae Operating System", "Description": "Windows PowerShell", "Company": "Microsoft Corporation", "ParentProcessGuid": "{C784477D-776C-6410-F905-000000004400}", "User": "DESKTOP-B0T93D6\\george", "Hashes": "MD5=DBA3E6449E97D4E3DF64527EF7012A10,SHA256=E0C662D10B852B23F2D8A240AFC82A72B099519FA71CDDF9D5D0F0BE08169B6E,IMPHASH=D1A922C94A1F407CB2BBCAD033C8ED7A", "OriginalFileName": "PowerShell.EXE", "ParentImage": "C:\\Users\\george\\Desktop\\47f2cab8b87f3d8de23293ddbc9568dbac75ad594abc7e01a04390d3.exe", "FileVersion": "10.0.17134.1 (WinBuild.160101.0800)", "ParentProcessId": "6840", "CurrentDirectory": "C:\\Users\\george\\Desktop\\", "CommandLine": "\"C:\\Windows\\System32\\WindowsPowerShell\\v1.0\\powershell.exe\"  -e RwBlAHQALQBXAG0AaQBPAGIAagBlAGMAdAAgAFcAaQBuADMAMgBfAFMAaABhAGQAbwB3AGMAbwBwAHkAIAB8ACAARgBvAHIARQBhAGMAaAAtAE8AYgBqAGUAYwB0ACAAewAkAF8ALgBEAGUAbABlAHQAZQAoACkAOwB9AA==", "EventID": "1", "LogonGuid": "C784477D-1D0E-6407-8DAB-030000000000", "LogonId": "240525", "Image": "C:\\Windows\\SysWOW64\\WindowsPowerShell\\v1.0\\powershell.exe", "IntegrityLevel": "High", "ParentCommandLine": "\"C:\\Users\\george\\Desktop\\47f2cab8b87f3d8de23293ddbc9568dbac75ad594abc7e01a04390d3.exe\"", "UtcTime": "1678800771", "RuleName": "-"}}], "rule_level": "high", "rule_id": "1d5a6acf8297313dfc47ed41e174ccbdcf2ac0a174e059a599f880ad761dfe89", "rule_source": "Sigma Integrated Rule Set (GitHub)", "rule_title": "PowerShell Base64 Encoded WMI Classes", "rule_description": "Detects calls to base64 encoded WMI class such as \"Win32_Shadowcopy\", \"\"...etc.", "rule_author": "Christian Burkard (Nextron Systems), Nasreddine Bencherchali"}, {"match_context": [{"values": {"TerminalSessionId": "1", "ProcessGuid": "{C784477D-7786-6410-1C06-000000004400}", "ProcessId": "7036", "Product": "Microsoft\\xae Windows\\xae Operating System", "Description": "Net Command", "Company": "Microsoft Corporation", "ParentProcessGuid": "{C784477D-7780-6410-0606-000000004400}", "User": "DESKTOP-B0T93D6\\george", "Hashes": "MD5=DD0561156F62BC1958CE0E370B23711B,SHA256=FD41D0261C6D22572DA448BCB5CBBB98F78A2922D1F1074D25237CC82C8CE432,IMPHASH=86350518EAE83E4A09BBF6317BA1C570", "OriginalFileName": "net.exe", "ParentImage": "C:\\Windows\\SysWOW64\\cmd.exe", "FileVersion": "10.0.17134.1 (WinBuild.160101.0800)", "ParentProcessId": "6356", "CurrentDirectory": "C:\\Users\\george\\Desktop\\", "CommandLine": "net  stop AcrSch2Svc ", "EventID": "1", "LogonGuid": "C784477D-1D0E-6407-8DAB-030000000000", "LogonId": "240525", "Image": "C:\\Windows\\SysWOW64\\net.exe", "IntegrityLevel": "High", "ParentCommandLine": "\"C:\\Windows\\System32\\cmd.exe\"  /c net stop DbxSvc & net stop OracleXETNSListener & net stop OracleServiceXE & net stop AcrSch2Svc & net stop AcronisAgent & net stop Apache2.4 & net stop SQLWriter & net stop MSSQL$SQLEXPRESS & net stop MSSQLServerADHelper100 & net stop MongoDB & net stop SQLAgent$SQLEXPRESS & net stop SQLBrowser & net stop CobianBackup11 & net stop cbVSCService11 & net stop QBCFMontorService & net stop QBVSS  ", "UtcTime": "1678800774", "RuleName": "-"}}, {"values": {"TerminalSessionId": "1", "ProcessGuid": "{C784477D-7787-6410-1D06-000000004400}", "ProcessId": "6068", "Product": "Microsoft\\xae Windows\\xae Operating System", "Description": "Net Command", "Company": "Microsoft Corporation", "ParentProcessGuid": "{C784477D-7786-6410-1C06-000000004400}", "User": "DESKTOP-B0T93D6\\george", "Hashes": "MD5=B5A26C2BF17222E86B91D26F1247AF3E,SHA256=14CC5BE4C833ACC652195DEAD113E1C3B4AC0B98EA1AEAD11957836F9AE721CF,IMPHASH=3D3E7537BD3BA07738DC5CA8AD01B073", "OriginalFileName": "net1.exe", "ParentImage": "C:\\Windows\\SysWOW64\\net.exe", "FileVersion": "10.0.17134.1 (WinBuild.160101.0800)", "ParentProcessId": "7036", "CurrentDirectory": "C:\\Users\\george\\Desktop\\", "CommandLine": "C:\\Windows\\system32\\net1  stop AcrSch2Svc ", "EventID": "1", "LogonGuid": "C784477D-1D0E-6407-8DAB-030000000000", "LogonId": "240525", "Image": "C:\\Windows\\SysWOW64\\net1.exe", "IntegrityLevel": "High", "ParentCommandLine": "net  stop AcrSch2Svc ", "UtcTime": "1678800775", "RuleName": "-"}}, {"values": {"TerminalSessionId": "1", "ProcessGuid": "{C784477D-7788-6410-2006-000000004400}", "ProcessId": "5948", "Product": "Microsoft\\xae Windows\\xae Operating System", "Description": "Net Command", "Company": "Microsoft Corporation", "ParentProcessGuid": "{C784477D-7780-6410-0606-000000004400}", "User": "DESKTOP-B0T93D6\\george", "Hashes": "MD5=DD0561156F62BC1958CE0E370B23711B,SHA256=FD41D0261C6D22572DA448BCB5CBBB98F78A2922D1F1074D25237CC82C8CE432,IMPHASH=86350518EAE83E4A09BBF6317BA1C570", "OriginalFileName": "net.exe", "ParentImage": "C:\\Windows\\SysWOW64\\cmd.exe", "FileVersion": "10.0.17134.1 (WinBuild.160101.0800)", "ParentProcessId": "6356", "CurrentDirectory": "C:\\Users\\george\\Desktop\\", "CommandLine": "net  stop AcronisAgent ", "EventID": "1", "LogonGuid": "C784477D-1D0E-6407-8DAB-030000000000", "LogonId": "240525", "Image": "C:\\Windows\\SysWOW64\\net.exe", "IntegrityLevel": "High", "ParentCommandLine": "\"C:\\Windows\\System32\\cmd.exe\"  /c net stop DbxSvc & net stop OracleXETNSListener & net stop OracleServiceXE & net stop AcrSch2Svc & net stop AcronisAgent & net stop Apache2.4 & net stop SQLWriter & net stop MSSQL$SQLEXPRESS & net stop MSSQLServerADHelper100 & net stop MongoDB & net stop SQLAgent$SQLEXPRESS & net stop SQLBrowser & net stop CobianBackup11 & net stop cbVSCService11 & net stop QBCFMontorService & net stop QBVSS  ", "UtcTime": "1678800776", "RuleName": "-"}}, {"values": {"TerminalSessionId": "1", "ProcessGuid": "{C784477D-7788-6410-2206-000000004400}", "ProcessId": "3180", "Product": "Microsoft\\xae Windows\\xae Operating System", "Description": "Net Command", "Company": "Microsoft Corporation", "ParentProcessGuid": "{C784477D-7788-6410-2006-000000004400}", "User": "DESKTOP-B0T93D6\\george", "Hashes": "MD5=B5A26C2BF17222E86B91D26F1247AF3E,SHA256=14CC5BE4C833ACC652195DEAD113E1C3B4AC0B98EA1AEAD11957836F9AE721CF,IMPHASH=3D3E7537BD3BA07738DC5CA8AD01B073", "OriginalFileName": "net1.exe", "ParentImage": "C:\\Windows\\SysWOW64\\net.exe", "FileVersion": "10.0.17134.1 (WinBuild.160101.0800)", "ParentProcessId": "5948", "CurrentDirectory": "C:\\Users\\george\\Desktop\\", "CommandLine": "C:\\Windows\\system32\\net1  stop AcronisAgent ", "EventID": "1", "LogonGuid": "C784477D-1D0E-6407-8DAB-030000000000", "LogonId": "240525", "Image": "C:\\Windows\\SysWOW64\\net1.exe", "IntegrityLevel": "High", "ParentCommandLine": "net  stop AcronisAgent ", "UtcTime": "1678800776", "RuleName": "-"}}, {"values": {"TerminalSessionId": "1", "ProcessGuid": "{C784477D-778B-6410-2606-000000004400}", "ProcessId": "3140", "Product": "Microsoft\\xae Windows\\xae Operating System", "Description": "Net Command", "Company": "Microsoft Corporation", "ParentProcessGuid": "{C784477D-7780-6410-0606-000000004400}", "User": "DESKTOP-B0T93D6\\george", "Hashes": "MD5=DD0561156F62BC1958CE0E370B23711B,SHA256=FD41D0261C6D22572DA448BCB5CBBB98F78A2922D1F1074D25237CC82C8CE432,IMPHASH=86350518EAE83E4A09BBF6317BA1C570", "OriginalFileName": "net.exe", "ParentImage": "C:\\Windows\\SysWOW64\\cmd.exe", "FileVersion": "10.0.17134.1 (WinBuild.160101.0800)", "ParentProcessId": "6356", "CurrentDirectory": "C:\\Users\\george\\Desktop\\", "CommandLine": "net  stop SQLWriter ", "EventID": "1", "LogonGuid": "C784477D-1D0E-6407-8DAB-030000000000", "LogonId": "240525", "Image": "C:\\Windows\\SysWOW64\\net.exe", "IntegrityLevel": "High", "ParentCommandLine": "\"C:\\Windows\\System32\\cmd.exe\"  /c net stop DbxSvc & net stop OracleXETNSListener & net stop OracleServiceXE & net stop AcrSch2Svc & net stop AcronisAgent & net stop Apache2.4 & net stop SQLWriter & net stop MSSQL$SQLEXPRESS & net stop MSSQLServerADHelper100 & net stop MongoDB & net stop SQLAgent$SQLEXPRESS & net stop SQLBrowser & net stop CobianBackup11 & net stop cbVSCService11 & net stop QBCFMontorService & net stop QBVSS  ", "UtcTime": "1678800779", "RuleName": "-"}}, {"values": {"TerminalSessionId": "1", "ProcessGuid": "{C784477D-778C-6410-2706-000000004400}", "ProcessId": "6496", "Product": "Microsoft\\xae Windows\\xae Operating System", "Description": "Net Command", "Company": "Microsoft Corporation", "ParentProcessGuid": "{C784477D-778B-6410-2606-000000004400}", "User": "DESKTOP-B0T93D6\\george", "Hashes": "MD5=B5A26C2BF17222E86B91D26F1247AF3E,SHA256=14CC5BE4C833ACC652195DEAD113E1C3B4AC0B98EA1AEAD11957836F9AE721CF,IMPHASH=3D3E7537BD3BA07738DC5CA8AD01B073", "OriginalFileName": "net1.exe", "ParentImage": "C:\\Windows\\SysWOW64\\net.exe", "FileVersion": "10.0.17134.1 (WinBuild.160101.0800)", "ParentProcessId": "3140", "CurrentDirectory": "C:\\Users\\george\\Desktop\\", "CommandLine": "C:\\Windows\\system32\\net1  stop SQLWriter ", "EventID": "1", "LogonGuid": "C784477D-1D0E-6407-8DAB-030000000000", "LogonId": "240525", "Image": "C:\\Windows\\SysWOW64\\net1.exe", "IntegrityLevel": "High", "ParentCommandLine": "net  stop SQLWriter ", "UtcTime": "1678800780", "RuleName": "-"}}, {"values": {"TerminalSessionId": "1", "ProcessGuid": "{C784477D-778D-6410-2806-000000004400}", "ProcessId": "6488", "Product": "Microsoft\\xae Windows\\xae Operating System", "Description": "Net Command", "Company": "Microsoft Corporation", "ParentProcessGuid": "{C784477D-7780-6410-0606-000000004400}", "User": "DESKTOP-B0T93D6\\george", "Hashes": "MD5=DD0561156F62BC1958CE0E370B23711B,SHA256=FD41D0261C6D22572DA448BCB5CBBB98F78A2922D1F1074D25237CC82C8CE432,IMPHASH=86350518EAE83E4A09BBF6317BA1C570", "OriginalFileName": "net.exe", "ParentImage": "C:\\Windows\\SysWOW64\\cmd.exe", "FileVersion": "10.0.17134.1 (WinBuild.160101.0800)", "ParentProcessId": "6356", "CurrentDirectory": "C:\\Users\\george\\Desktop\\", "CommandLine": "net  stop MSSQL$SQLEXPRESS ", "EventID": "1", "LogonGuid": "C784477D-1D0E-6407-8DAB-030000000000", "LogonId": "240525", "Image": "C:\\Windows\\SysWOW64\\net.exe", "IntegrityLevel": "High", "ParentCommandLine": "\"C:\\Windows\\System32\\cmd.exe\"  /c net stop DbxSvc & net stop OracleXETNSListener & net stop OracleServiceXE & net stop AcrSch2Svc & net stop AcronisAgent & net stop Apache2.4 & net stop SQLWriter & net stop MSSQL$SQLEXPRESS & net stop MSSQLServerADHelper100 & net stop MongoDB & net stop SQLAgent$SQLEXPRESS & net stop SQLBrowser & net stop CobianBackup11 & net stop cbVSCService11 & net stop QBCFMontorService & net stop QBVSS  ", "UtcTime": "1678800781", "RuleName": "-"}}, {"values": {"TerminalSessionId": "1", "ProcessGuid": "{C784477D-778D-6410-2906-000000004400}", "ProcessId": "3364", "Product": "Microsoft\\xae Windows\\xae Operating System", "Description": "Net Command", "Company": "Microsoft Corporation", "ParentProcessGuid": "{C784477D-778D-6410-2806-000000004400}", "User": "DESKTOP-B0T93D6\\george", "Hashes": "MD5=B5A26C2BF17222E86B91D26F1247AF3E,SHA256=14CC5BE4C833ACC652195DEAD113E1C3B4AC0B98EA1AEAD11957836F9AE721CF,IMPHASH=3D3E7537BD3BA07738DC5CA8AD01B073", "OriginalFileName": "net1.exe", "ParentImage": "C:\\Windows\\SysWOW64\\net.exe", "FileVersion": "10.0.17134.1 (WinBuild.160101.0800)", "ParentProcessId": "6488", "CurrentDirectory": "C:\\Users\\george\\Desktop\\", "CommandLine": "C:\\Windows\\system32\\net1  stop MSSQL$SQLEXPRESS ", "EventID": "1", "LogonGuid": "C784477D-1D0E-6407-8DAB-030000000000", "LogonId": "240525", "Image": "C:\\Windows\\SysWOW64\\net1.exe", "IntegrityLevel": "High", "ParentCommandLine": "net  stop MSSQL$SQLEXPRESS ", "UtcTime": "1678800781", "RuleName": "-"}}, {"values": {"TerminalSessionId": "1", "ProcessGuid": "{C784477D-778E-6410-2A06-000000004400}", "ProcessId": "6352", "Product": "Microsoft\\xae Windows\\xae Operating System", "Description": "Net Command", "Company": "Microsoft Corporation", "ParentProcessGuid": "{C784477D-7780-6410-0606-000000004400}", "User": "DESKTOP-B0T93D6\\george", "Hashes": "MD5=DD0561156F62BC1958CE0E370B23711B,SHA256=FD41D0261C6D22572DA448BCB5CBBB98F78A2922D1F1074D25237CC82C8CE432,IMPHASH=86350518EAE83E4A09BBF6317BA1C570", "OriginalFileName": "net.exe", "ParentImage": "C:\\Windows\\SysWOW64\\cmd.exe", "FileVersion": "10.0.17134.1 (WinBuild.160101.0800)", "ParentProcessId": "6356", "CurrentDirectory": "C:\\Users\\george\\Desktop\\", "CommandLine": "net  stop MSSQLServerADHelper100 ", "EventID": "1", "LogonGuid": "C784477D-1D0E-6407-8DAB-030000000000", "LogonId": "240525", "Image": "C:\\Windows\\SysWOW64\\net.exe", "IntegrityLevel": "High", "ParentCommandLine": "\"C:\\Windows\\System32\\cmd.exe\"  /c net stop DbxSvc & net stop OracleXETNSListener & net stop OracleServiceXE & net stop AcrSch2Svc & net stop AcronisAgent & net stop Apache2.4 & net stop SQLWriter & net stop MSSQL$SQLEXPRESS & net stop MSSQLServerADHelper100 & net stop MongoDB & net stop SQLAgent$SQLEXPRESS & net stop SQLBrowser & net stop CobianBackup11 & net stop cbVSCService11 & net stop QBCFMontorService & net stop QBVSS  ", "UtcTime": "1678800782", "RuleName": "-"}}, {"values": {"TerminalSessionId": "1", "ProcessGuid": "{C784477D-778E-6410-2B06-000000004400}", "ProcessId": "2076", "Product": "Microsoft\\xae Windows\\xae Operating System", "Description": "Net Command", "Company": "Microsoft Corporation", "ParentProcessGuid": "{C784477D-778E-6410-2A06-000000004400}", "User": "DESKTOP-B0T93D6\\george", "Hashes": "MD5=B5A26C2BF17222E86B91D26F1247AF3E,SHA256=14CC5BE4C833ACC652195DEAD113E1C3B4AC0B98EA1AEAD11957836F9AE721CF,IMPHASH=3D3E7537BD3BA07738DC5CA8AD01B073", "OriginalFileName": "net1.exe", "ParentImage": "C:\\Windows\\SysWOW64\\net.exe", "FileVersion": "10.0.17134.1 (WinBuild.160101.0800)", "ParentProcessId": "6352", "CurrentDirectory": "C:\\Users\\george\\Desktop\\", "CommandLine": "C:\\Windows\\system32\\net1  stop MSSQLServerADHelper100 ", "EventID": "1", "LogonGuid": "C784477D-1D0E-6407-8DAB-030000000000", "LogonId": "240525", "Image": "C:\\Windows\\SysWOW64\\net1.exe", "IntegrityLevel": "High", "ParentCommandLine": "net  stop MSSQLServerADHelper100 ", "UtcTime": "1678800782", "RuleName": "-"}}, {"values": {"TerminalSessionId": "1", "ProcessGuid": "{C784477D-7790-6410-2E06-000000004400}", "ProcessId": "6344", "Product": "Microsoft\\xae Windows\\xae Operating System", "Description": "Net Command", "Company": "Microsoft Corporation", "ParentProcessGuid": "{C784477D-7780-6410-0606-000000004400}", "User": "DESKTOP-B0T93D6\\george", "Hashes": "MD5=DD0561156F62BC1958CE0E370B23711B,SHA256=FD41D0261C6D22572DA448BCB5CBBB98F78A2922D1F1074D25237CC82C8CE432,IMPHASH=86350518EAE83E4A09BBF6317BA1C570", "OriginalFileName": "net.exe", "ParentImage": "C:\\Windows\\SysWOW64\\cmd.exe", "FileVersion": "10.0.17134.1 (WinBuild.160101.0800)", "ParentProcessId": "6356", "CurrentDirectory": "C:\\Users\\george\\Desktop\\", "CommandLine": "net  stop SQLAgent$SQLEXPRESS ", "EventID": "1", "LogonGuid": "C784477D-1D0E-6407-8DAB-030000000000", "LogonId": "240525", "Image": "C:\\Windows\\SysWOW64\\net.exe", "IntegrityLevel": "High", "ParentCommandLine": "\"C:\\Windows\\System32\\cmd.exe\"  /c net stop DbxSvc & net stop OracleXETNSListener & net stop OracleServiceXE & net stop AcrSch2Svc & net stop AcronisAgent & net stop Apache2.4 & net stop SQLWriter & net stop MSSQL$SQLEXPRESS & net stop MSSQLServerADHelper100 & net stop MongoDB & net stop SQLAgent$SQLEXPRESS & net stop SQLBrowser & net stop CobianBackup11 & net stop cbVSCService11 & net stop QBCFMontorService & net stop QBVSS  ", "UtcTime": "1678800784", "RuleName": "-"}}, {"values": {"TerminalSessionId": "1", "ProcessGuid": "{C784477D-7790-6410-2F06-000000004400}", "ProcessId": "4444", "Product": "Microsoft\\xae Windows\\xae Operating System", "Description": "Net Command", "Company": "Microsoft Corporation", "ParentProcessGuid": "{C784477D-7790-6410-2E06-000000004400}", "User": "DESKTOP-B0T93D6\\george", "Hashes": "MD5=B5A26C2BF17222E86B91D26F1247AF3E,SHA256=14CC5BE4C833ACC652195DEAD113E1C3B4AC0B98EA1AEAD11957836F9AE721CF,IMPHASH=3D3E7537BD3BA07738DC5CA8AD01B073", "OriginalFileName": "net1.exe", "ParentImage": "C:\\Windows\\SysWOW64\\net.exe", "FileVersion": "10.0.17134.1 (WinBuild.160101.0800)", "ParentProcessId": "6344", "CurrentDirectory": "C:\\Users\\george\\Desktop\\", "CommandLine": "C:\\Windows\\system32\\net1  stop SQLAgent$SQLEXPRESS ", "EventID": "1", "LogonGuid": "C784477D-1D0E-6407-8DAB-030000000000", "LogonId": "240525", "Image": "C:\\Windows\\SysWOW64\\net1.exe", "IntegrityLevel": "High", "ParentCommandLine": "net  stop SQLAgent$SQLEXPRESS ", "UtcTime": "1678800784", "RuleName": "-"}}, {"values": {"TerminalSessionId": "1", "ProcessGuid": "{C784477D-7790-6410-3006-000000004400}", "ProcessId": "6572", "Product": "Microsoft\\xae Windows\\xae Operating System", "Description": "Net Command", "Company": "Microsoft Corporation", "ParentProcessGuid": "{C784477D-7780-6410-0606-000000004400}", "User": "DESKTOP-B0T93D6\\george", "Hashes": "MD5=DD0561156F62BC1958CE0E370B23711B,SHA256=FD41D0261C6D22572DA448BCB5CBBB98F78A2922D1F1074D25237CC82C8CE432,IMPHASH=86350518EAE83E4A09BBF6317BA1C570", "OriginalFileName": "net.exe", "ParentImage": "C:\\Windows\\SysWOW64\\cmd.exe", "FileVersion": "10.0.17134.1 (WinBuild.160101.0800)", "ParentProcessId": "6356", "CurrentDirectory": "C:\\Users\\george\\Desktop\\", "CommandLine": "net  stop SQLBrowser ", "EventID": "1", "LogonGuid": "C784477D-1D0E-6407-8DAB-030000000000", "LogonId": "240525", "Image": "C:\\Windows\\SysWOW64\\net.exe", "IntegrityLevel": "High", "ParentCommandLine": "\"C:\\Windows\\System32\\cmd.exe\"  /c net stop DbxSvc & net stop OracleXETNSListener & net stop OracleServiceXE & net stop AcrSch2Svc & net stop AcronisAgent & net stop Apache2.4 & net stop SQLWriter & net stop MSSQL$SQLEXPRESS & net stop MSSQLServerADHelper100 & net stop MongoDB & net stop SQLAgent$SQLEXPRESS & net stop SQLBrowser & net stop CobianBackup11 & net stop cbVSCService11 & net stop QBCFMontorService & net stop QBVSS  ", "UtcTime": "1678800784", "RuleName": "-"}}, {"values": {"TerminalSessionId": "1", "ProcessGuid": "{C784477D-7790-6410-3106-000000004400}", "ProcessId": "6828", "Product": "Microsoft\\xae Windows\\xae Operating System", "Description": "Net Command", "Company": "Microsoft Corporation", "ParentProcessGuid": "{C784477D-7790-6410-3006-000000004400}", "User": "DESKTOP-B0T93D6\\george", "Hashes": "MD5=B5A26C2BF17222E86B91D26F1247AF3E,SHA256=14CC5BE4C833ACC652195DEAD113E1C3B4AC0B98EA1AEAD11957836F9AE721CF,IMPHASH=3D3E7537BD3BA07738DC5CA8AD01B073", "OriginalFileName": "net1.exe", "ParentImage": "C:\\Windows\\SysWOW64\\net.exe", "FileVersion": "10.0.17134.1 (WinBuild.160101.0800)", "ParentProcessId": "6572", "CurrentDirectory": "C:\\Users\\george\\Desktop\\", "CommandLine": "C:\\Windows\\system32\\net1  stop SQLBrowser ", "EventID": "1", "LogonGuid": "C784477D-1D0E-6407-8DAB-030000000000", "LogonId": "240525", "Image": "C:\\Windows\\SysWOW64\\net1.exe", "IntegrityLevel": "High", "ParentCommandLine": "net  stop SQLBrowser ", "UtcTime": "1678800784", "RuleName": "-"}}, {"values": {"TerminalSessionId": "1", "ProcessGuid": "{C784477D-7791-6410-3806-000000004400}", "ProcessId": "6992", "Product": "Microsoft\\xae Windows\\xae Operating System", "Description": "Net Command", "Company": "Microsoft Corporation", "ParentProcessGuid": "{C784477D-7780-6410-0606-000000004400}", "User": "DESKTOP-B0T93D6\\george", "Hashes": "MD5=DD0561156F62BC1958CE0E370B23711B,SHA256=FD41D0261C6D22572DA448BCB5CBBB98F78A2922D1F1074D25237CC82C8CE432,IMPHASH=86350518EAE83E4A09BBF6317BA1C570", "OriginalFileName": "net.exe", "ParentImage": "C:\\Windows\\SysWOW64\\cmd.exe", "FileVersion": "10.0.17134.1 (WinBuild.160101.0800)", "ParentProcessId": "6356", "CurrentDirectory": "C:\\Users\\george\\Desktop\\", "CommandLine": "net  stop QBVSS  ", "EventID": "1", "LogonGuid": "C784477D-1D0E-6407-8DAB-030000000000", "LogonId": "240525", "Image": "C:\\Windows\\SysWOW64\\net.exe", "IntegrityLevel": "High", "ParentCommandLine": "\"C:\\Windows\\System32\\cmd.exe\"  /c net stop DbxSvc & net stop OracleXETNSListener & net stop OracleServiceXE & net stop AcrSch2Svc & net stop AcronisAgent & net stop Apache2.4 & net stop SQLWriter & net stop MSSQL$SQLEXPRESS & net stop MSSQLServerADHelper100 & net stop MongoDB & net stop SQLAgent$SQLEXPRESS & net stop SQLBrowser & net stop CobianBackup11 & net stop cbVSCService11 & net stop QBCFMontorService & net stop QBVSS  ", "UtcTime": "1678800785", "RuleName": "-"}}, {"values": {"TerminalSessionId": "1", "ProcessGuid": "{C784477D-7791-6410-3906-000000004400}", "ProcessId": "7152", "Product": "Microsoft\\xae Windows\\xae Operating System", "Description": "Net Command", "Company": "Microsoft Corporation", "ParentProcessGuid": "{C784477D-7791-6410-3806-000000004400}", "User": "DESKTOP-B0T93D6\\george", "Hashes": "MD5=B5A26C2BF17222E86B91D26F1247AF3E,SHA256=14CC5BE4C833ACC652195DEAD113E1C3B4AC0B98EA1AEAD11957836F9AE721CF,IMPHASH=3D3E7537BD3BA07738DC5CA8AD01B073", "OriginalFileName": "net1.exe", "ParentImage": "C:\\Windows\\SysWOW64\\net.exe", "FileVersion": "10.0.17134.1 (WinBuild.160101.0800)", "ParentProcessId": "6992", "CurrentDirectory": "C:\\Users\\george\\Desktop\\", "CommandLine": "C:\\Windows\\system32\\net1  stop QBVSS  ", "EventID": "1", "LogonGuid": "C784477D-1D0E-6407-8DAB-030000000000", "LogonId": "240525", "Image": "C:\\Windows\\SysWOW64\\net1.exe", "IntegrityLevel": "High", "ParentCommandLine": "net  stop QBVSS  ", "UtcTime": "1678800785", "RuleName": "-"}}], "rule_level": "high", "rule_id": "941abf5111763a135c88b4f6437475eb4c99e8d4c3ebdb4b74e30321695b0fa7", "rule_source": "Sigma Integrated Rule Set (GitHub)", "rule_title": "Suspicious Stop Windows Service", "rule_description": "Detects the usage of one of the the commands to stop services such as 'net', 'sc'...etc in order to stop critical or important windows services such as AV, Backup...etc. As seen being used in some ransomware scripts", "rule_author": "Nasreddine Bencherchali (Nextron Systems)"}, {"match_context": [{"values": {"TerminalSessionId": "1", "ProcessGuid": "{C784477D-776D-6410-FD05-000000004400}", "ProcessId": "6960", "Product": "Microsoft\\xae Windows\\xae Operating System", "Description": "Command Line Interface for Microsoft\\xae Volume Shadow Copy Service ", "Company": "Microsoft Corporation", "ParentProcessGuid": "{C784477D-776D-6410-FA05-000000004400}", "User": "DESKTOP-B0T93D6\\george", "Hashes": "MD5=7E30B94672107D3381A1D175CF18C147,SHA256=BB1D73C5104A722F228B39CCB24C6F2BB13EFCCA2EA65B013D33433550E3BCE7,IMPHASH=B8C53607A902DC54702978C63D6E8B2E", "OriginalFileName": "VSSADMIN.EXE", "ParentImage": "C:\\Windows\\SysWOW64\\cmd.exe", "FileVersion": "10.0.17134.1 (WinBuild.160101.0800)", "ParentProcessId": "6896", "CurrentDirectory": "C:\\Users\\george\\Desktop\\", "CommandLine": "vssadmin  resize shadowstorage /for=C: /on=C: /maxsize=401MB", "EventID": "1", "LogonGuid": "C784477D-1D0E-6407-8DAB-030000000000", "LogonId": "240525", "Image": "C:\\Windows\\SysWOW64\\vssadmin.exe", "IntegrityLevel": "High", "ParentCommandLine": "\"C:\\Windows\\System32\\cmd.exe\"  /c vssadmin resize shadowstorage /for=C: /on=C: /maxsize=401MB", "UtcTime": "1678800749", "RuleName": "-"}}, {"values": {"TerminalSessionId": "1", "ProcessGuid": "{C784477D-776E-6410-0106-000000004400}", "ProcessId": "7052", "Product": "Microsoft\\xae Windows\\xae Operating System", "Description": "Command Line Interface for Microsoft\\xae Volume Shadow Copy Service ", "Company": "Microsoft Corporation", "ParentProcessGuid": "{C784477D-776D-6410-FC05-000000004400}", "User": "DESKTOP-B0T93D6\\george", "Hashes": "MD5=7E30B94672107D3381A1D175CF18C147,SHA256=BB1D73C5104A722F228B39CCB24C6F2BB13EFCCA2EA65B013D33433550E3BCE7,IMPHASH=B8C53607A902DC54702978C63D6E8B2E", "OriginalFileName": "VSSADMIN.EXE", "ParentImage": "C:\\Windows\\SysWOW64\\cmd.exe", "FileVersion": "10.0.17134.1 (WinBuild.160101.0800)", "ParentProcessId": "6912", "CurrentDirectory": "C:\\Users\\george\\Desktop\\", "CommandLine": "vssadmin  resize shadowstorage /for=C: /on=C: /maxsize=unbounded", "EventID": "1", "LogonGuid": "C784477D-1D0E-6407-8DAB-030000000000", "LogonId": "240525", "Image": "C:\\Windows\\SysWOW64\\vssadmin.exe", "IntegrityLevel": "High", "ParentCommandLine": "\"C:\\Windows\\System32\\cmd.exe\"  /c vssadmin resize shadowstorage /for=C: /on=C: /maxsize=unbounded", "UtcTime": "1678800750", "RuleName": "-"}}, {"values": {"TerminalSessionId": "1", "ProcessGuid": "{C784477D-7783-6410-0F06-000000004400}", "ProcessId": "1412", "Product": "Microsoft\\xae Windows\\xae Operating System", "Description": "WMI Commandline Utility", "Company": "Microsoft Corporation", "ParentProcessGuid": "{C784477D-7782-6410-0B06-000000004400}", "User": "DESKTOP-B0T93D6\\george", "Hashes": "MD5=79A01FCD1C8166C5642F37D1E0FB7BA8,SHA256=69CA5E47CD2B97F29E744CED04CE93746B687EFE8F636D9AEB8CB1EF9B67049C,IMPHASH=B60228C45486DB219406793696D4205B", "OriginalFileName": "wmic.exe", "ParentImage": "C:\\Windows\\SysWOW64\\cmd.exe", "FileVersion": "10.0.17134.1 (WinBuild.160101.0800)", "ParentProcessId": "3348", "CurrentDirectory": "C:\\Users\\george\\Desktop\\", "CommandLine": "wmic  shadowcopy delete", "EventID": "1", "LogonGuid": "C784477D-1D0E-6407-8DAB-030000000000", "LogonId": "240525", "Image": "C:\\Windows\\SysWOW64\\wbem\\WMIC.exe", "IntegrityLevel": "High", "ParentCommandLine": "\"C:\\Windows\\System32\\cmd.exe\"  /c bcdedit /set {default} bootstatuspolicy ignoreallfailures & bcdedit /set {default} recoveryenabled no & wbadmin delete catalog -quiet & wmic shadowcopy delete", "UtcTime": "1678800771", "RuleName": "-"}}], "rule_level": "high", "rule_id": "ad5e4d4b939797a70a9aa742d979a4742c2cfedddd663fb1a43b2795c1e6054b", "rule_source": "Sigma Integrated Rule Set (GitHub)", "rule_title": "Shadow Copies Deletion Using Operating Systems Utilities", "rule_description": "Shadow Copies deletion using operating systems utilities", "rule_author": "Florian Roth (Nextron Systems), Michael Haag, Teymur Kheirkhabarov, Daniil Yugoslavskiy, oscd.community, Andreas Hunkeler (@Karneades)"}, {"match_context": [{"values": {"TerminalSessionId": "1", "ProcessGuid": "{C784477D-7783-6410-1206-000000004400}", "ProcessId": "6708", "Product": "Microsoft\\xae Windows\\xae Operating System", "Description": "Windows PowerShell", "Company": "Microsoft Corporation", "ParentProcessGuid": "{C784477D-776C-6410-F905-000000004400}", "User": "DESKTOP-B0T93D6\\george", "Hashes": "MD5=DBA3E6449E97D4E3DF64527EF7012A10,SHA256=E0C662D10B852B23F2D8A240AFC82A72B099519FA71CDDF9D5D0F0BE08169B6E,IMPHASH=D1A922C94A1F407CB2BBCAD033C8ED7A", "OriginalFileName": "PowerShell.EXE", "ParentImage": "C:\\Users\\george\\Desktop\\47f2cab8b87f3d8de23293ddbc9568dbac75ad594abc7e01a04390d3.exe", "FileVersion": "10.0.17134.1 (WinBuild.160101.0800)", "ParentProcessId": "6840", "CurrentDirectory": "C:\\Users\\george\\Desktop\\", "CommandLine": "\"C:\\Windows\\System32\\WindowsPowerShell\\v1.0\\powershell.exe\"  -e RwBlAHQALQBXAG0AaQBPAGIAagBlAGMAdAAgAFcAaQBuADMAMgBfAFMAaABhAGQAbwB3AGMAbwBwAHkAIAB8ACAARgBvAHIARQBhAGMAaAAtAE8AYgBqAGUAYwB0ACAAewAkAF8ALgBEAGUAbABlAHQAZQAoACkAOwB9AA==", "EventID": "1", "LogonGuid": "C784477D-1D0E-6407-8DAB-030000000000", "LogonId": "240525", "Image": "C:\\Windows\\SysWOW64\\WindowsPowerShell\\v1.0\\powershell.exe", "IntegrityLevel": "High", "ParentCommandLine": "\"C:\\Users\\george\\Desktop\\47f2cab8b87f3d8de23293ddbc9568dbac75ad594abc7e01a04390d3.exe\"", "UtcTime": "1678800771", "RuleName": "-"}}], "rule_level": "medium", "rule_id": "eb75f9de2201bfad4ef177dca85b0b8fa8e5a86ba2357af5301f72acbc5eb144", "rule_source": "Sigma Integrated Rule Set (GitHub)", "rule_title": "Suspicious Execution of Powershell with Base64", "rule_description": "Commandline to launch powershell with a base64 payload", "rule_author": "frack113"}, 