{"data": {"id": "5c66963cf7d417ffe475afdf18906df5c6dcd8dbbb1462918f197323dabb6f19", "type": "file", "links": {"self": "https://www.virustotal.com/api/v3/files/5c66963cf7d417ffe475afdf18906df5c6dcd8dbbb1462918f197323dabb6f19"}, "attributes": {"type_extension": "exe", "sigma_analysis_stats": {"high": 1, "medium": 1, "critical": 0, "low": 1}, "sha256": "5c66963cf7d417ffe475afdf18906df5c6dcd8dbbb1462918f197323dabb6f19", "signature_info": {"product": "cVi6PW59J0uKvXkU", "internal name": "hr7fV6aadndtJzK7", "copyright": "Copyright 2019 yR0eLdN7qyJmdf8A", "original name": "KkCD3OsklCnp2Fir", "description": "Discord Client", "file version": "4.5.0.0"}, "tlsh": "T12AC3074013CAC162EBDE42FA90A251E48330B7E76D75D70AACCEEDF54A02AD359152DF", "last_submission_date": 1685192441, "crowdsourced_yara_results": [{"ruleset_id": "00c291ca7f", "rule_name": "INDICATOR_EXE_Packed_SmartAssembly", "ruleset_name": "indicator_packed", "description": "Detects executables packed with SmartAssembly", "author": "ditekSHen", "match_date": 1738633322, "source": "https://github.com/ditekshen/detection"}, {"ruleset_id": "00cc803bdc", "rule_name": "MALWARE_Win_Thanos", "ruleset_name": "malware", "description": "Detects Thanos / Prometheus / Spook ransomware", "author": "ditekSHen", "match_date": 1738633322, "source": "https://github.com/ditekshen/detection"}, {"ruleset_id": "015bb815e3", "rule_name": "Windows_Ransomware_Thanos_a6c09942", "ruleset_name": "Windows_Ransomware_Thanos", "description": "Identifies THANOS (Hakbit) ransomware", "author": "Elastic Security", "match_date": 1738633322, "source": "https://github.com/elastic/protections-artifacts"}], "authentihash": "ce39c91eff0eca4e9c0c0b36bd7af33b903753cde15cf3540066cd36e21bbf75", "sigma_analysis_summary": {"Sigma Integrated Rule Set (GitHub)": {"high": 1, "medium": 1, "critical": 0, "low": 1}}, "magika": "PEBIN", "tags": ["peexe", "direct-cpu-clock-access", "spreader", "runtime-modules", "assembly", "detect-debug-environment"], "meaningful_name": "KkCD3OsklCnp2Fir", "detectiteasy": {"filetype": "PE32", "values": [{"type": "Protector", "name": "Smart Assembly"}, {"type": "Compiler", "name": "VB.NET"}, {"version": "v4.0.30319", "type": "Library", "name": ".NET"}, {"version": "8.0", "type": "Linker", "name": "Microsoft Linker"}]}, "size": 126976, "last_analysis_stats": {"malicious": 55, "suspicious": 0, "undetected": 15, "harmless": 0, "timeout": 0, "confirmed-timeout": 0, "failure": 1, "type-unsupported": 4}, "type_tag": "peexe", "first_submission_date": 1622375416, "trid": [{"file_type": "Generic CIL Executable (.NET, Mono, etc.)", "probability": 67.7}, {"file_type": "Win64 Executable (generic)", "probability": 9.7}, {"file_type": "Win32 Dynamic Link Library (generic)", "probability": 6.0}, {"file_type": "Win16 NE executable (generic)", "probability": 4.6}, {"file_type": "Win32 Executable (generic)", "probability": 4.1}], "filecondis": {"raw_md5": "808f67790edefdbc15c4679e2a8d4a27", "dhash": "60783c1c2f2d0810"}, "names": ["hr7fV6aadndtJzK7", "KkCD3OsklCnp2Fir", "ef8f64e484ef31030ffbf2f03a71ddeb.virus"], "sigma_analysis_results": [{"match_context": [{"values": {"TerminalSessionId": "1", "ProcessGuid": "{C784477D-6DD3-6346-070B-000000004700}", "ProcessId": "8052", "Product": "Internet Explorer", "Description": "Microsoft (R) HTML Application host", "Company": "Microsoft Corporation", "ParentProcessGuid": "{C784477D-6DBF-6346-E30A-000000004700}", "User": "DESKTOP-B0T93D6\\george", "Hashes": "MD5=7083239CE743FDB68DFC933B7308E80A,SHA256=CBAB3546BDDB2E4EA340C1A7DF680DA6C4F4F2F18B8E98F6D4B66926183E269E,IMPHASH=4CB8A74361E70A5FF774A0A1A7C65989", "OriginalFileName": "MSHTA.EXE", "ParentImage": "C:\\Users\\george\\Desktop\\executable.exe", "FileVersion": "11.00.17134.1 (WinBuild.160101.0800)", "ParentProcessId": "7636", "CurrentDirectory": "C:\\Users\\george\\Desktop\\", "CommandLine": "\"C:\\Windows\\System32\\mshta.exe\" C:\\Users\\george\\Desktop\\RESTORE_FILES_INFO.hta", "EventID": "1", "LogonGuid": "C784477D-FFC9-62FD-564A-040000000000", "LogonId": "281174", "Image": "C:\\Windows\\SysWOW64\\mshta.exe", "IntegrityLevel": "High", "ParentCommandLine": "\"C:\\Users\\george\\Desktop\\executable.exe\" ", "UtcTime": "1665560019", "RuleName": "-"}}], "rule_level": "high", "rule_id": "31e1f4457871d51593456a4331811513af82fe4e36d2b26a582dd6baa180a91d", "rule_source": "Sigma Integrated Rule Set (GitHub)", "rule_title": "Suspicious MSHTA Process Patterns", "rule_description": "Detects suspicious mshta process patterns", "rule_author": "Florian Roth"}, {"match_context": [{"values": {"TerminalSessionId": "1", "ProcessGuid": "{C784477D-6DCA-6346-F20A-000000004700}", "ProcessId": "7228", "Product": "Microsoft\\xae Windows\\xae Operating System", "Description": "Service Control Manager Configuration Tool", "Company": "Microsoft Corporation", "ParentProcessGuid": "{C784477D-6DBF-6346-E30A-000000004700}", "User": "DESKTOP-B0T93D6\\george", "Hashes": "MD5=24A3E2603E63BCB9695A2935D3B24695,SHA256=3047D5C22A245D1E4294FCD547EC5FB0F2E5EF030B764424ACC74E7744FBE32E,IMPHASH=B037D0ADB81BF9CFC651DE01742089F1", "OriginalFileName": "sc.exe", "ParentImage": "C:\\Users\\george\\Desktop\\executable.exe", "FileVersion": "10.0.17134.1 (WinBuild.160101.0800)", "ParentProcessId": "7636", "CurrentDirectory": "C:\\Users\\george\\Desktop\\", "CommandLine": "\"sc.exe\" config SQLWriter start= disabled", "EventID": "1", "LogonGuid": "C784477D-FFC9-62FD-564A-040000000000", "LogonId": "281174", "Image": "C:\\Windows\\SysWOW64\\sc.exe", "IntegrityLevel": "High", "ParentCommandLine": "\"C:\\Users\\george\\Desktop\\executable.exe\" ", "UtcTime": "1665560010", "RuleName": "-"}}, {"values": {"TerminalSessionId": "1", "ProcessGuid": "{C784477D-6DCA-6346-F40A-000000004700}", "ProcessId": "6840", "Product": "Microsoft\\xae Windows\\xae Operating System", "Description": "Service Control Manager Configuration Tool", "Company": "Microsoft Corporation", "ParentProcessGuid": "{C784477D-6DBF-6346-E30A-000000004700}", "User": "DESKTOP-B0T93D6\\george", "Hashes": "MD5=24A3E2603E63BCB9695A2935D3B24695,SHA256=3047D5C22A245D1E4294FCD547EC5FB0F2E5EF030B764424ACC74E7744FBE32E,IMPHASH=B037D0ADB81BF9CFC651DE01742089F1", "OriginalFileName": "sc.exe", "ParentImage": "C:\\Users\\george\\Desktop\\executable.exe", "FileVersion": "10.0.17134.1 (WinBuild.160101.0800)", "ParentProcessId": "7636", "CurrentDirectory": "C:\\Users\\george\\Desktop\\", "CommandLine": "\"sc.exe\" config SQLTELEMETRY start= disabled", "EventID": "1", "LogonGuid": "C784477D-FFC9-62FD-564A-040000000000", "LogonId": "281174", "Image": "C:\\Windows\\SysWOW64\\sc.exe", "IntegrityLevel": "High", "ParentCommandLine": "\"C:\\Users\\george\\Desktop\\executable.exe\" ", "UtcTime": "1665560010", "RuleName": "-"}}, {"values": {"TerminalSessionId": "1", "ProcessGuid": "{C784477D-6DCE-6346-FB0A-000000004700}", "ProcessId": "2160", "Product": "Microsoft\\xae Windows\\xae Operating System", "Description": "Service Control Manager Configuration Tool", "Company": "Microsoft Corporation", "ParentProcessGuid": "{C784477D-6DBF-6346-E30A-000000004700}", "User": "DESKTOP-B0T93D6\\george", "Hashes": "MD5=24A3E2603E63BCB9695A2935D3B24695,SHA256=3047D5C22A245D1E4294FCD547EC5FB0F2E5EF030B764424ACC74E7744FBE32E,IMPHASH=B037D0ADB81BF9CFC651DE01742089F1", "OriginalFileName": "sc.exe", "ParentImage": "C:\\Users\\george\\Desktop\\executable.exe", "FileVersion": "10.0.17134.1 (WinBuild.160101.0800)", "ParentProcessId": "7636", "CurrentDirectory": "C:\\Users\\george\\Desktop\\", "CommandLine": "\"sc.exe\" config SQLTELEMETRY$ECWDB2 start= disabled", "EventID": "1", "LogonGuid": "C784477D-FFC9-62FD-564A-040000000000", "LogonId": "281174", "Image": "C:\\Windows\\SysWOW64\\sc.exe", "IntegrityLevel": "High", "ParentCommandLine": "\"C:\\Users\\george\\Desktop\\executable.exe\" ", "UtcTime": "1665560014", "RuleName": "-"}}, {"values": {"TerminalSessionId": "1", "ProcessGuid": "{C784477D-6DCF-6346-FD0A-000000004700}", "ProcessId": "7248", "Product": "Microsoft\\xae Windows\\xae Operating System", "Description": "Service Control Manager Configuration Tool", "Company": "Microsoft Corporation", "ParentProcessGuid": "{C784477D-6DBF-6346-E30A-000000004700}", "User": "DESKTOP-B0T93D6\\george", "Hashes": "MD5=24A3E2603E63BCB9695A2935D3B24695,SHA256=3047D5C22A245D1E4294FCD547EC5FB0F2E5EF030B764424ACC74E7744FBE32E,IMPHASH=B037D0ADB81BF9CFC651DE01742089F1", "OriginalFileName": "sc.exe", "ParentImage": "C:\\Users\\george\\Desktop\\executable.exe", "FileVersion": "10.0.17134.1 (WinBuild.160101.0800)", "ParentProcessId": "7636", "CurrentDirectory": "C:\\Users\\george\\Desktop\\", "CommandLine": "\"sc.exe\" config SstpSvc start= disabled", "EventID": "1", "LogonGuid": "C784477D-FFC9-62FD-564A-040000000000", "LogonId": "281174", "Image": "C:\\Windows\\SysWOW64\\sc.exe", "IntegrityLevel": "High", "ParentCommandLine": "\"C:\\Users\\george\\Desktop\\executable.exe\" ", "UtcTime": "1665560015", "RuleName": "-"}}], "rule_level": "medium", "rule_id": "b55af83c751d2c7bca8dbba245a97017e34109bff34fd50b02f60a91111ea703", "rule_source": "Sigma Integrated Rule Set (GitHub)", "rule_title": "Sc Or Set-Service Cmdlet Execution to Disable Services", "rule_description": "Detects when attackers use \"sc.exe\" or the powershell \"Set-Service\" cmdlet to change the startup type of a service to \"disabled\"", "rule_author": "Nasreddine Bencherchali"}, {"match_context": [{"values": {"TerminalSessionId": "1", "ProcessGuid": "{C784477D-6DC1-6346-E50A-000000004700}", "ProcessId": "7644", "Product": "Microsoft\\xae Windows\\xae Operating System", "Description": "Terminates Processes", "Company": "Microsoft Corporation", "ParentProcessGuid": "{C784477D-6DBF-6346-E30A-000000004700}", "User": "DESKTOP-B0T93D6\\george", "Hashes": "MD5=15E2E0ACD891510C6268CB8899F2A1A1,SHA256=F328D587561BEED3C19289FBA43E284FB57BCE1A4C202C7379673964F9B8610D,IMPHASH=0D3E23DCB6BF63A9EB90D5BED57B4F89", "OriginalFileName": "taskkill.exe", "ParentImage": "C:\\Users\\george\\Desktop\\executable.exe", "FileVersion": "10.0.17134.1 (WinBuild.160101.0800)", "ParentProcessId": "7636", "CurrentDirectory": "C:\\Users\\george\\Desktop\\", "CommandLine": "\"taskkill\" /F /IM RaccineSettings.exe", "EventID": "1", "LogonGuid": "C784477D-FFC9-62FD-564A-040000000000", "LogonId": "281174", "Image": "C:\\Windows\\SysWOW64\\taskkill.exe", "IntegrityLevel": "High", "ParentCommandLine": "\"C:\\Users\\george\\Desktop\\executable.exe\" ", "UtcTime": "1665560001", "RuleName": "-"}}, {"values": {"TerminalSessionId": "1", "ProcessGuid": "{C784477D-6DD0-6346-000B-000000004700}", "ProcessId": "7048", "Product": "Microsoft\\xae Windows\\xae Operating System", "Description": "Terminates Processes", "Company": "Microsoft Corporation", "ParentProcessGuid": "{C784477D-6DBF-6346-E30A-000000004700}", "User": "DESKTOP-B0T93D6\\george", "Hashes": "MD5=15E2E0ACD891510C6268CB8899F2A1A1,SHA256=F328D587561BEED3C19289FBA43E284FB57BCE1A4C202C7379673964F9B8610D,IMPHASH=0D3E23DCB6BF63A9EB90D5BED57B4F89", "OriginalFileName": "taskkill.exe", "ParentImage": "C:\\Users\\george\\Desktop\\executable.exe", "FileVersion": "10.0.17134.1 (WinBuild.160101.0800)", "ParentProcessId": "7636", "CurrentDirectory": "C:\\Users\\george\\Desktop\\", "CommandLine": "\"taskkill.exe\" /IM mspub.exe /F", "EventID": "1", "LogonGuid": "C784477D-FFC9-62FD-564A-040000000000", "LogonId": "281174", "Image": "C:\\Windows\\SysWOW64\\taskkill.exe", "IntegrityLevel": "High", "ParentCommandLine": "\"C:\\Users\\george\\Desktop\\executable.exe\" ", "UtcTime": "1665560016", "RuleName": "-"}}, {"values": {"TerminalSessionId": "1", "ProcessGuid": "{C784477D-6DD1-6346-020B-000000004700}", "ProcessId": "7040", "Product": "Microsoft\\xae Windows\\xae Operating System", "Description": "Terminates Processes", "Company": "Microsoft Corporation", "ParentProcessGuid": "{C784477D-6DBF-6346-E30A-000000004700}", "User": "DESKTOP-B0T93D6\\george", "Hashes": "MD5=15E2E0ACD891510C6268CB8899F2A1A1,SHA256=F328D587561BEED3C19289FBA43E284FB57BCE1A4C202C7379673964F9B8610D,IMPHASH=0D3E23DCB6BF63A9EB90D5BED57B4F89", "OriginalFileName": "taskkill.exe", "ParentImage": "C:\\Users\\george\\Desktop\\executable.exe", "FileVersion": "10.0.17134.1 (WinBuild.160101.0800)", "ParentProcessId": "7636", "CurrentDirectory": "C:\\Users\\george\\Desktop\\", "CommandLine": "\"taskkill.exe\" /IM CNTAoSMgr.exe /F", "EventID": "1", "LogonGuid": "C784477D-FFC9-62FD-564A-040000000000", "LogonId": "281174", "Image": "C:\\Windows\\SysWOW64\\taskkill.exe", "IntegrityLevel": "High", "ParentCommandLine": "\"C:\\Users\\george\\Desktop\\executable.exe\" ", "UtcTime": "1665560017", "RuleName": "-"}}, {"values": {"TerminalSessionId": "1", "ProcessGuid": "{C784477D-6DD2-6346-030B-000000004700}", "ProcessId": "4088", "Product": "Microsoft\\xae Windows\\xae Operating System", "Description": "Terminates Processes", "Company": "Microsoft Corporation", "ParentProcessGuid": "{C784477D-6DBF-6346-E30A-000000004700}", "User": "DESKTOP-B0T93D6\\george", "Hashes": "MD5=15E2E0ACD891510C6268CB8899F2A1A1,SHA256=F328D587561BEED3C19289FBA43E284FB57BCE1A4C202C7379673964F9B8610D,IMPHASH=0D3E23DCB6BF63A9EB90D5BED57B4F89", "OriginalFileName": "taskkill.exe", "ParentImage": "C:\\Users\\george\\Desktop\\executable.exe", "FileVersion": "10.0.17134.1 (WinBuild.160101.0800)", "ParentProcessId": "7636", "CurrentDirectory": "C:\\Users\\george\\Desktop\\", "CommandLine": "\"taskkill.exe\" /IM xfssvccon.exe /F", "EventID": "1", "LogonGuid": "C784477D-FFC9-62FD-564A-040000000000", "LogonId": "281174", "Image": "C:\\Windows\\SysWOW64\\taskkill.exe", "IntegrityLevel": "High", "ParentCommandLine": "\"C:\\Users\\george\\Desktop\\executable.exe\" ", "UtcTime": "1665560018", "RuleName": "-"}}, {"values": {"TerminalSessionId": "1", "ProcessGuid": "{C784477D-6DD3-6346-050B-000000004700}", "ProcessId": "5800", "Product": "Microsoft\\xae Windows\\xae Operating System", "Description": "Terminates Processes", "Company": "Microsoft Corporation", "ParentProcessGuid": "{C784477D-6DBF-6346-E30A-000000004700}", "User": "DESKTOP-B0T93D6\\george", "Hashes": "MD5=15E2E0ACD891510C6268CB8899F2A1A1,SHA256=F328D587561BEED3C19289FBA43E284FB57BCE1A4C202C7379673964F9B8610D,IMPHASH=0D3E23DCB6BF63A9EB90D5BED57B4F89", "OriginalFileName": "taskkill.exe", "ParentImage": "C:\\Users\\george\\Desktop\\executable.exe", "FileVersion": "10.0.17134.1 (WinBuild.160101.0800)", "ParentProcessId": "7636", "CurrentDirectory": "C:\\Users\\george\\Desktop\\", "CommandLine": "\"taskkill.exe\" /IM mydesktopqos.exe /F", "EventID": "1", "LogonGuid": "C784477D-FFC9-62FD-564A-040000000000", "LogonId": "281174", "Image": "C:\\Windows\\SysWOW64\\taskkill.exe", "IntegrityLevel": "High", "ParentCommandLine": "\"C:\\Users\\george\\Desktop\\executable.exe\" ", "UtcTime": "1665560019", "RuleName": "-"}}, {"values": {"TerminalSessionId": "1", "ProcessGuid": "{C784477D-6DD4-6346-080B-000000004700}", "ProcessId": "7672", "Product": "Microsoft\\xae Windows\\xae Operating System", "Description": "Terminates Processes", "Company": "Microsoft Corporation", "ParentProcessGuid": "{C784477D-6DBF-6346-E30A-000000004700}", "User": "DESKTOP-B0T93D6\\george", "Hashes": "MD5=15E2E0ACD891510C6268CB8899F2A1A1,SHA256=F328D587561BEED3C19289FBA43E284FB57BCE1A4C202C7379673964F9B8610D,IMPHASH=0D3E23DCB6BF63A9EB90D5BED57B4F89", "OriginalFileName": "taskkill.exe", "ParentImage": "C:\\Users\\george\\Desktop\\executable.exe", "FileVersion": "10.0.17134.1 (WinBuild.160101.0800)", "ParentProcessId": "7636", "CurrentDirectory": "C:\\Users\\george\\Desktop\\", "CommandLine": "\"taskkill.exe\" /IM sqlbrowser.exe /F", "EventID": "1", "LogonGuid": "C784477D-FFC9-62FD-564A-040000000000", "LogonId": "281174", "Image": "C:\\Windows\\SysWOW64\\taskkill.exe", "IntegrityLevel": "High", "ParentCommandLine": "\"C:\\Users\\george\\Desktop\\executable.exe\" ", "UtcTime": "1665560020", "RuleName": "-"}}, {"values": {"TerminalSessionId": "1", "ProcessGuid": "{C784477D-6DD5-6346-0B0B-000000004700}", "ProcessId": "4016", "Product": "Microsoft\\xae Windows\\xae Operating System", "Description": "Terminates Processes", "Company": "Microsoft Corporation", "ParentProcessGuid": "{C784477D-6DBF-6346-E30A-000000004700}", "User": "DESKTOP-B0T93D6\\george", "Hashes": "MD5=15E2E0ACD891510C6268CB8899F2A1A1,SHA256=F328D587561BEED3C19289FBA43E284FB57BCE1A4C202C7379673964F9B8610D,IMPHASH=0D3E23DCB6BF63A9EB90D5BED57B4F89", "OriginalFileName": "taskkill.exe", "ParentImage": "C:\\Users\\george\\Desktop\\executable.exe", "FileVersion": "10.0.17134.1 (WinBuild.160101.0800)", "ParentProcessId": "7636", "CurrentDirectory": "C:\\Users\\george\\Desktop\\", "CommandLine": "\"taskkill.exe\" /IM sqlwriter.exe /F", "EventID": "1", "LogonGuid": "C784477D-FFC9-62FD-564A-040000000000", "LogonId": "281174", "Image": "C:\\Windows\\SysWOW64\\taskkill.exe", "IntegrityLevel": "High", "ParentCommandLine": "\"C:\\Users\\george\\Desktop\\executable.exe\" ", "UtcTime": "1665560021", "RuleName": "-"}}, {"values": {"TerminalSessionId": "1", "ProcessGuid": "{C784477D-6DD7-6346-0F0B-000000004700}", "ProcessId": "7264", "Product": "Microsoft\\xae Windows\\xae Operating System", "Description": "Terminates Processes", "Company": "Microsoft Corporation", "ParentProcessGuid": "{C784477D-6DBF-6346-E30A-000000004700}", "User": "DESKTOP-B0T93D6\\george", "Hashes": "MD5=15E2E0ACD891510C6268CB8899F2A1A1,SHA256=F328D587561BEED3C19289FBA43E284FB57BCE1A4C202C7379673964F9B8610D,IMPHASH=0D3E23DCB6BF63A9EB90D5BED57B4F89", "OriginalFileName": "taskkill.exe", "ParentImage": "C:\\Users\\george\\Desktop\\executable.exe", "FileVersion": "10.0.17134.1 (WinBuild.160101.0800)", "ParentProcessId": "7636", "CurrentDirectory": "C:\\Users\\george\\Desktop\\", "CommandLine": "\"taskkill.exe\" /IM mydesktopservice.exe /F", "EventID": "1", "LogonGuid": "C784477D-FFC9-62FD-564A-040000000000", "LogonId": "281174", "Image": "C:\\Windows\\SysWOW64\\taskkill.exe", "IntegrityLevel": "High", "ParentCommandLine": "\"C:\\Users\\george\\Desktop\\executable.exe\" ", "UtcTime": "1665560023", "RuleName": "-"}}, {"values": {"TerminalSessionId": "1", "ProcessGuid": "{C784477D-6DD8-6346-100B-000000004700}", "ProcessId": "6780", "Product": "Microsoft\\xae Windows\\xae Operating System", "Description": "Terminates Processes", "Company": "Microsoft Corporation", "ParentProcessGuid": "{C784477D-6DBF-6346-E30A-000000004700}", "User": "DESKTOP-B0T93D6\\george", "Hashes": "MD5=15E2E0ACD891510C6268CB8899F2A1A1,SHA256=F328D587561BEED3C19289FBA43E284FB57BCE1A4C202C7379673964F9B8610D,IMPHASH=0D3E23DCB6BF63A9EB90D5BED57B4F89", "OriginalFileName": "taskkill.exe", "ParentImage": "C:\\Users\\george\\Desktop\\executable.exe", "FileVersion": "10.0.17134.1 (WinBuild.160101.0800)", "ParentProcessId": "7636", "CurrentDirectory": "C:\\Users\\george\\Desktop\\", "CommandLine": "\"taskkill.exe\" /IM mspub.exe /F", "EventID": "1", "LogonGuid": "C784477D-FFC9-62FD-564A-040000000000", "LogonId": "281174", "Image": "C:\\Windows\\SysWOW64\\taskkill.exe", "IntegrityLevel": "High", "ParentCommandLine": "\"C:\\Users\\george\\Desktop\\executable.exe\" ", "UtcTime": "1665560024", "RuleName": "-"}}, {"values": {"TerminalSessionId": "1", "ProcessGuid": "{C784477D-6DD9-6346-120B-000000004700}", "ProcessId": "6320", "Product": "Microsoft\\xae Windows\\xae Operating System", "Description": "Terminates Processes", "Company": "Microsoft Corporation", "ParentProcessGuid": "{C784477D-6DBF-6346-E30A-000000004700}", "User": "DESKTOP-B0T93D6\\george", "Hashes": "MD5=15E2E0ACD891510C6268CB8899F2A1A1,SHA256=F328D587561BEED3C19289FBA43E284FB57BCE1A4C202C7379673964F9B8610D,IMPHASH=0D3E23DCB6BF63A9EB90D5BED57B4F89", "OriginalFileName": "taskkill.exe", "ParentImage": "C:\\Users\\george\\Desktop\\executable.exe", "FileVersion": "10.0.17134.1 (WinBuild.160101.0800)", "ParentProcessId": "7636", "CurrentDirectory": "C:\\Users\\george\\Desktop\\", "CommandLine": "\"taskkill.exe\" /IM visio.exe /F", "EventID": "1", "LogonGuid": "C784477D-FFC9-62FD-564A-040000000000", "LogonId": "281174", "Image": "C:\\Windows\\SysWOW64\\taskkill.exe", "IntegrityLevel": "High", "ParentCommandLine": "\"C:\\Users\\george\\Desktop\\executable.exe\" ", "UtcTime": "1665560025", "RuleName": "-"}}, {"values": {"TerminalSessionId": "1", "ProcessGuid": "{C784477D-6DDA-6346-140B-000000004700}", "ProcessId": "6948", "Product": "Microsoft\\xae Windows\\xae Operating System", "Description": "Terminates Processes", "Company": "Microsoft Corporation", "ParentProcessGuid": "{C784477D-6DBF-6346-E30A-000000004700}", "User": "DESKTOP-B0T93D6\\george", "Hashes": "MD5=15E2E0ACD891510C6268CB8899F2A1A1,SHA256=F328D587561BEED3C19289FBA43E284FB57BCE1A4C202C7379673964F9B8610D,IMPHASH=0D3E23DCB6BF63A9EB90D5BED57B4F89", "OriginalFileName": "taskkill.exe", "ParentImage": "C:\\Users\\george\\Desktop\\executable.exe", "FileVersion": "10.0.17134.1 (WinBuild.160101.0800)", "ParentProcessId": "7636", "CurrentDirectory": "C:\\Users\\george\\Desktop\\", "CommandLine": "\"taskkill.exe\" /IM tbirdconfig.exe /F", "EventID": "1", "LogonGuid": "C784477D-FFC9-62FD-564A-040000000000", "LogonId": "281174", "Image": "C:\\Windows\\SysWOW64\\taskkill.exe", "IntegrityLevel": "High", "ParentCommandLine": "\"C:\\Users\\george\\Desktop\\executable.exe\" ", "UtcTime": "1665560026", "RuleName": "-"}}, {"values": {"TerminalSessionId": "1", "ProcessGuid": "{C784477D-6DDA-6346-160B-000000004700}", "ProcessId": "5452", "Product": "Microsoft\\xae Windows\\xae Operating System", "Description": "Terminates Processes", "Company": "Microsoft Corporation", "ParentProcessGuid": "{C784477D-6DBF-6346-E30A-000000004700}", "User": "DESKTOP-B0T93D6\\george", "Hashes": "MD5=15E2E0ACD891510C6268CB8899F2A1A1,SHA256=F328D587561BEED3C19289FBA43E284FB57BCE1A4C202C7379673964F9B8610D,IMPHASH=0D3E23DCB6BF63A9EB90D5BED57B4F89", "OriginalFileName": "taskkill.exe", "ParentImage": "C:\\Users\\george\\Desktop\\executable.exe", "FileVersion": "10.0.17134.1 (WinBuild.160101.0800)", "ParentProcessId": "7636", "CurrentDirectory": "C:\\Users\\george\\Desktop\\", "CommandLine": "\"taskkill.exe\" /IM Ntrtscan.exe /F", "EventID": "1", "LogonGuid": "C784477D-FFC9-62FD-564A-040000000000", "LogonId": "281174", "Image": "C:\\Windows\\SysWOW64\\taskkill.exe", "IntegrityLevel": "High", "ParentCommandLine": "\"C:\\Users\\george\\Desktop\\executable.exe\" ", "UtcTime": "1665560026", "RuleName": "-"}}, {"values": {"TerminalSessionId": "1", "ProcessGuid": "{C784477D-6DDB-6346-180B-000000004700}", "ProcessId": "6108", "Product": "Microsoft\\xae Windows\\xae Operating System", "Description": "Terminates Processes", "Company": "Microsoft Corporation", "ParentProcessGuid": "{C784477D-6DBF-6346-E30A-000000004700}", "User": "DESKTOP-B0T93D6\\george", "Hashes": "MD5=15E2E0ACD891510C6268CB8899F2A1A1,SHA256=F328D587561BEED3C19289FBA43E284FB57BCE1A4C202C7379673964F9B8610D,IMPHASH=0D3E23DCB6BF63A9EB90D5BED57B4F89", "OriginalFileName": "taskkill.exe", "ParentImage": "C:\\Users\\george\\Desktop\\executable.exe", "FileVersion": "10.0.17134.1 (WinBuild.160101.0800)", "ParentProcessId": "7636", "CurrentDirectory": "C:\\Users\\george\\Desktop\\", "CommandLine": "\"taskkill.exe\" /IM sqlservr.exe /F", "EventID": "1", "LogonGuid": "C784477D-FFC9-62FD-564A-040000000000", "LogonId": "281174", "Image": "C:\\Windows\\SysWOW64\\taskkill.exe", "IntegrityLevel": "High", "ParentCommandLine": "\"C:\\Users\\george\\Desktop\\executable.exe\" ", "UtcTime": "1665560027", "RuleName": "-"}}, {"values": {"TerminalSessionId": "1", "ProcessGuid": "{C784477D-6DDC-6346-1B0B-000000004700}", "ProcessId": "3232", "Product": "Microsoft\\xae Windows\\xae Operating System", "Description": "Terminates Processes", "Company": "Microsoft Corporation", "ParentProcessGuid": "{C784477D-6DBF-6346-E30A-000000004700}", "User": "DESKTOP-B0T93D6\\george", "Hashes": "MD5=15E2E0ACD891510C6268CB8899F2A1A1,SHA256=F328D587561BEED3C19289FBA43E284FB57BCE1A4C202C7379673964F9B8610D,IMPHASH=0D3E23DCB6BF63A9EB90D5BED57B4F89", "OriginalFileName": "taskkill.exe", "ParentImage": "C:\\Users\\george\\Desktop\\executable.exe", "FileVersion": "10.0.17134.1 (WinBuild.160101.0800)", "ParentProcessId": "7636", "CurrentDirectory": "C:\\Users\\george\\Desktop\\", "CommandLine": "\"taskkill.exe\" /IM mydesktopservice.exe /F", "EventID": "1", "LogonGuid": "C784477D-FFC9-62FD-564A-040000000000", "LogonId": "281174", "Image": "C:\\Windows\\SysWOW64\\taskkill.exe", "IntegrityLevel": "High", "ParentCommandLine": "\"C:\\Users\\george\\Desktop\\executable.exe\" ", "UtcTime": "1665560028", "RuleName": "-"}}, {"values": {"TerminalSessionId": "1", "ProcessGuid": "{C784477D-6DDD-6346-1D0B-000000004700}", "ProcessId": "4148", "Product": "Microsoft\\xae Windows\\xae Operating System", "Description": "Terminates Processes", "Company": "Microsoft Corporation", "ParentProcessGuid": "{C784477D-6DBF-6346-E30A-000000004700}", "User": "DESKTOP-B0T93D6\\george", "Hashes": "MD5=15E2E0ACD891510C6268CB8899F2A1A1,SHA256=F328D587561BEED3C19289FBA43E284FB57BCE1A4C202C7379673964F9B8610D,IMPHASH=0D3E23DCB6BF63A9EB90D5BED57B4F89", "OriginalFileName": "taskkill.exe", "ParentImage": "C:\\Users\\george\\Desktop\\executable.exe", "FileVersion": "10.0.17134.1 (WinBuild.160101.0800)", "ParentProcessId": "7636", "CurrentDirectory": "C:\\Users\\george\\Desktop\\", "CommandLine": "\"taskkill.exe\" /IM synctime.exe /F", "EventID": "1", "LogonGuid": "C784477D-FFC9-62FD-564A-040000000000", "LogonId": "281174", "Image": "C:\\Windows\\SysWOW64\\taskkill.exe", "IntegrityLevel": "High", "ParentCommandLine": "\"C:\\Users\\george\\Desktop\\executable.exe\" ", "UtcTime": "1665560029", "RuleName": "-"}}, {"values": {"TerminalSessionId": "1", "ProcessGuid": "{C784477D-6DDE-6346-1F0B-000000004700}", "ProcessId": "2404", "Product": "Microsoft\\xae Windows\\xae Operating System", "Description": "Terminates Processes", "Company": "Microsoft Corporation", "ParentProcessGuid": "{C784477D-6DBF-6346-E30A-000000004700}", "User": "DESKTOP-B0T93D6\\george", "Hashes": "MD5=15E2E0ACD891510C6268CB8899F2A1A1,SHA256=F328D587561BEED3C19289FBA43E284FB57BCE1A4C202C7379673964F9B8610D,IMPHASH=0D3E23DCB6BF63A9EB90D5BED57B4F89", "OriginalFileName": "taskkill.exe", "ParentImage": "C:\\Users\\george\\Desktop\\executable.exe", "FileVersion": "10.0.17134.1 (WinBuild.160101.0800)", "ParentProcessId": "7636", "CurrentDirectory": "C:\\Users\\george\\Desktop\\", "CommandLine": "\"taskkill.exe\" /IM sqbcoreservice.exe /F", "EventID": "1", "LogonGuid": "C784477D-FFC9-62FD-564A-040000000000", "LogonId": "281174", "Image": "C:\\Windows\\SysWOW64\\taskkill.exe", "IntegrityLevel": "High", "ParentCommandLine": "\"C:\\Users\\george\\Desktop\\executable.exe\" ", "UtcTime": "1665560030", "RuleName": "-"}}, {"values": {"TerminalSessionId": "1", "ProcessGuid": "{C784477D-6DDF-6346-230B-000000004700}", "ProcessId": "5724", "Product": "Microsoft\\xae Windows\\xae Operating System", "Description": "Terminates Processes", "Company": "Microsoft Corporation", "ParentProcessGuid": "{C784477D-6DBF-6346-E30A-000000004700}", "User": "DESKTOP-B0T93D6\\george", "Hashes": "MD5=15E2E0ACD891510C6268CB8899F2A1A1,SHA256=F328D587561BEED3C19289FBA43E284FB57BCE1A4C202C7379673964F9B8610D,IMPHASH=0D3E23DCB6BF63A9EB90D5BED57B4F89", "OriginalFileName": "taskkill.exe", "ParentImage": "C:\\Users\\george\\Desktop\\executable.exe", "FileVersion": "10.0.17134.1 (WinBuild.160101.0800)", "ParentProcessId": "7636", "CurrentDirectory": "C:\\Users\\george\\Desktop\\", "CommandLine": "\"taskkill.exe\" /IM ocomm.exe /F", "EventID": "1", "LogonGuid": "C784477D-FFC9-62FD-564A-040000000000", "LogonId": "281174", "Image": "C:\\Windows\\SysWOW64\\taskkill.exe", "IntegrityLevel": "High", "ParentCommandLine": "\"C:\\Users\\george\\Desktop\\executable.exe\" ", "UtcTime": "1665560031", "RuleName": "-"}}, {"values": {"TerminalSessionId": "1", "ProcessGuid": "{C784477D-6DE0-6346-260B-000000004700}", "ProcessId": "560", "Product": "Microsoft\\xae Windows\\xae Operating System", "Description": "Terminates Processes", "Company": "Microsoft Corporation", "ParentProcessGuid": "{C784477D-6DBF-6346-E30A-000000004700}", "User": "DESKTOP-B0T93D6\\george", "Hashes": "MD5=15E2E0ACD891510C6268CB8899F2A1A1,SHA256=F328D587561BEED3C19289FBA43E284FB57BCE1A4C202C7379673964F9B8610D,IMPHASH=0D3E23DCB6BF63A9EB90D5BED57B4F89", "OriginalFileName": "taskkill.exe", "ParentImage": "C:\\Users\\george\\Desktop\\executable.exe", "FileVersion": "10.0.17134.1 (WinBuild.160101.0800)", "ParentProcessId": "7636", "CurrentDirectory": "C:\\Users\\george\\Desktop\\", "CommandLine": "\"taskkill.exe\" /IM thebat64.exe /F", "EventID": "1", "LogonGuid": "C784477D-FFC9-62FD-564A-040000000000", "LogonId": "281174", "Image": "C:\\Windows\\SysWOW64\\taskkill.exe", "IntegrityLevel": "High", "ParentCommandLine": "\"C:\\Users\\george\\Desktop\\executable.exe\" ", "UtcTime": "1665560032", "RuleName": "-"}}, {"values": {"TerminalSessionId": "1", "ProcessGuid": "{C784477D-6DE1-6346-280B-000000004700}", "ProcessId": "1684", "Product": "Microsoft\\xae Windows\\xae Operating System", "Description": "Terminates Processes", "Company": "Microsoft Corporation", "ParentProcessGuid": "{C784477D-6DBF-6346-E30A-000000004700}", "User": "DESKTOP-B0T93D6\\george", "Hashes": "MD5=15E2E0ACD891510C6268CB8899F2A1A1,SHA256=F328D587561BEED3C19289FBA43E284FB57BCE1A4C202C7379673964F9B8610D,IMPHASH=0D3E23DCB6BF63A9EB90D5BED57B4F89", "OriginalFileName": "taskkill.exe", "ParentImage": "C:\\Users\\george\\Desktop\\executable.exe", "FileVersion": "10.0.17134.1 (WinBuild.160101.0800)", "ParentProcessId": "7636", "CurrentDirectory": "C:\\Users\\george\\Desktop\\", "CommandLine": "\"taskkill.exe\" /IM firefoxconfig.exe /F", "EventID": "1", "LogonGuid": "C784477D-FFC9-62FD-564A-040000000000", "LogonId": "281174", "Image": "C:\\Windows\\SysWOW64\\taskkill.exe", "IntegrityLevel": "High", "ParentCommandLine": "\"C:\\Users\\george\\Desktop\\executable.exe\" ", "UtcTime": "1665560033", "RuleName": "-"}}, {"values": {"TerminalSessionId": "1", "ProcessGuid": "{C784477D-6DE2-6346-2A0B-000000004700}", "ProcessId": "6804", "Product": "Microsoft\\xae Windows\\xae Operating System", "Description": "Terminates Processes", "Company": "Microsoft Corporation", "ParentProcessGuid": "{C784477D-6DBF-6346-E30A-000000004700}", "User": "DESKTOP-B0T93D6\\george", "Hashes": "MD5=15E2E0ACD891510C6268CB8899F2A1A1,SHA256=F328D587561BEED3C19289FBA43E284FB57BCE1A4C202C7379673964F9B8610D,IMPHASH=0D3E23DCB6BF63A9EB90D5BED57B4F89", "OriginalFileName": "taskkill.exe", "ParentImage": "C:\\Users\\george\\Desktop\\executable.exe", "FileVersion": "10.0.17134.1 (WinBuild.160101.0800)", "ParentProcessId": "7636", "CurrentDirectory": "C:\\Users\\george\\Desktop\\", "CommandLine": "\"taskkill.exe\" /IM onenote.exe /F", "EventID": "1", "LogonGuid": "C784477D-FFC9-62FD-564A-040000000000", "LogonId": "281174", "Image": "C:\\Windows\\SysWOW64\\taskkill.exe", "IntegrityLevel": "High", "ParentCommandLine": "\"C:\\Users\\george\\Desktop\\executable.exe\" ", "UtcTime": "1665560034", "RuleName": "-"}}, {"values": {"TerminalSessionId": "1", "ProcessGuid": "{C784477D-6DE3-6346-2C0B-000000004700}", "ProcessId": "7480", "Product": "Microsoft\\xae Windows\\xae Operating System", "Description": "Terminates Processes", "Company": "Microsoft Corporation", "ParentProcessGuid": "{C784477D-6DBF-6346-E30A-000000004700}", "User": "DESKTOP-B0T93D6\\george", "Hashes": "MD5=15E2E0ACD891510C6268CB8899F2A1A1,SHA256=F328D587561BEED3C19289FBA43E284FB57BCE1A4C202C7379673964F9B8610D,IMPHASH=0D3E23DCB6BF63A9EB90D5BED57B4F89", "OriginalFileName": "taskkill.exe", "ParentImage": "C:\\Users\\george\\Desktop\\executable.exe", "FileVersion": "10.0.17134.1 (WinBuild.160101.0800)", "ParentProcessId": "7636", "CurrentDirectory": "C:\\Users\\george\\Desktop\\", "CommandLine": "\"taskkill.exe\" /IM mysqld-nt.exe /F", "EventID": "1", "LogonGuid": "C784477D-FFC9-62FD-564A-040000000000", "LogonId": "281174", "Image": "C:\\Windows\\SysWOW64\\taskkill.exe", "IntegrityLevel": "High", "ParentCommandLine": "\"C:\\Users\\george\\Desktop\\executable.exe\" ", "UtcTime": "1665560035", "RuleName": "-"}}, {"values": {"TerminalSessionId": "1", "ProcessGuid": "{C784477D-6DE4-6346-2F0B-000000004700}", "ProcessId": "7172", "Product": "Microsoft\\xae Windows\\xae Operating System", "Description": "Terminates Processes", "Company": "Microsoft Corporation", "ParentProcessGuid": "{C784477D-6DBF-6346-E30A-000000004700}", "User": "DESKTOP-B0T93D6\\george", "Hashes": "MD5=15E2E0ACD891510C6268CB8899F2A1A1,SHA256=F328D587561BEED3C19289FBA43E284FB57BCE1A4C202C7379673964F9B8610D,IMPHASH=0D3E23DCB6BF63A9EB90D5BED57B4F89", "OriginalFileName": "taskkill.exe", "ParentImage": "C:\\Users\\george\\Desktop\\executable.exe", "FileVersion": "10.0.17134.1 (WinBuild.160101.0800)", "ParentProcessId": "7636", "CurrentDirectory": "C:\\Users\\george\\Desktop\\", "CommandLine": "\"taskkill.exe\" /IM mysqld.exe /F", "EventID": "1", "LogonGuid": "C784477D-FFC9-62FD-564A-040000000000", "LogonId": "281174", "Image": "C:\\Windows\\SysWOW64\\taskkill.exe", "IntegrityLevel": "High", "ParentCommandLine": "\"C:\\Users\\george\\Desktop\\executable.exe\" ", "UtcTime": "1665560036", "RuleName": "-"}}, {"values": {"TerminalSessionId": "1", "ProcessGuid": "{C784477D-6DE4-6346-310B-000000004700}", "ProcessId": "8072", "Product": "Microsoft\\xae Windows\\xae Operating System", "Description": "Terminates Processes", "Company": "Microsoft Corporation", "ParentProcessGuid": "{C784477D-6DBF-6346-E30A-000000004700}", "User": "DESKTOP-B0T93D6\\george", "Hashes": "MD5=15E2E0ACD891510C6268CB8899F2A1A1,SHA256=F328D587561BEED3C19289FBA43E284FB57BCE1A4C202C7379673964F9B8610D,IMPHASH=0D3E23DCB6BF63A9EB90D5BED57B4F89", "OriginalFileName": "taskkill.exe", "ParentImage": "C:\\Users\\george\\Desktop\\executable.exe", "FileVersion": "10.0.17134.1 (WinBuild.160101.0800)", "ParentProcessId": "7636", "CurrentDirectory": "C:\\Users\\george\\Desktop\\", "CommandLine": "\"taskkill.exe\" /IM thebat.exe /F", "EventID": "1", "LogonGuid": "C784477D-FFC9-62FD-564A-040000000000", "LogonId": "281174", "Image": "C:\\Windows\\SysWOW64\\taskkill.exe", "IntegrityLevel": "High", "ParentCommandLine": "\"C:\\Users\\george\\Desktop\\executable.exe\" ", "UtcTime": "1665560036", "RuleName": "-"}}, {"values": {"TerminalSessionId": "1", "ProcessGuid": "{C784477D-6DE5-6346-330B-000000004700}", "ProcessId": "5932", "Product": "Microsoft\\xae Windows\\xae Operating System", "Description": "Terminates Processes", "Company": "Microsoft Corporation", "ParentProcessGuid": "{C784477D-6DBF-6346-E30A-000000004700}", "User": "DESKTOP-B0T93D6\\george", "Hashes": "MD5=15E2E0ACD891510C6268CB8899F2A1A1,SHA256=F328D587561BEED3C19289FBA43E284FB57BCE1A4C202C7379673964F9B8610D,IMPHASH=0D3E23DCB6BF63A9EB90D5BED57B4F89", "OriginalFileName": "taskkill.exe", "ParentImage": "C:\\Users\\george\\Desktop\\executable.exe", "FileVersion": "10.0.17134.1 (WinBuild.160101.0800)", "ParentProcessId": "7636", "CurrentDirectory": "C:\\Users\\george\\Desktop\\", "CommandLine": "\"taskkill.exe\" /IM PccNTMon.exe /F", "EventID": "1", "LogonGuid": "C784477D-FFC9-62FD-564A-040000000000", "LogonId": "281174", "Image": "C:\\Windows\\SysWOW64\\taskkill.exe", "IntegrityLevel": "High", "ParentCommandLine": "\"C:\\Users\\george\\Desktop\\executable.exe\" ", "UtcTime": "1665560037", "RuleName": "-"}}, {"values": {"TerminalSessionId": "1", "ProcessGuid": "{C784477D-6DE6-6346-350B-000000004700}", "ProcessId": "4024", "Product": "Microsoft\\xae Windows\\xae Operating System", "Description": "Terminates Processes", "Company": "Microsoft Corporation", "ParentProcessGuid": "{C784477D-6DBF-6346-E30A-000000004700}", "User": "DESKTOP-B0T93D6\\george", "Hashes": "MD5=15E2E0ACD891510C6268CB8899F2A1A1,SHA256=F328D587561BEED3C19289FBA43E284FB57BCE1A4C202C7379673964F9B8610D,IMPHASH=0D3E23DCB6BF63A9EB90D5BED57B4F89", "OriginalFileName": "taskkill.exe", "ParentImage": "C:\\Users\\george\\Desktop\\executable.exe", "FileVersion": "10.0.17134.1 (WinBuild.160101.0800)", "ParentProcessId": "7636", "CurrentDirectory": "C:\\Users\\george\\Desktop\\", "CommandLine": "\"taskkill.exe\" /IM wordpad.exe /F", "EventID": "1", "LogonGuid": "C784477D-FFC9-62FD-564A-040000000000", "LogonId": "281174", "Image": "C:\\Windows\\SysWOW64\\taskkill.exe", "IntegrityLevel": "High", "ParentCommandLine": "\"C:\\Users\\george\\Desktop\\executable.exe\" ", "UtcTime": "1665560038", "RuleName": "-"}}, {"values": {"TerminalSessionId": "1", "ProcessGuid": "{C784477D-6DE7-6346-380B-000000004700}", "ProcessId": "7672", "Product": "Microsoft\\xae Windows\\xae Operating System", "Description": "Terminates Processes", "Company": "Microsoft Corporation", "ParentProcessGuid": "{C784477D-6DBF-6346-E30A-000000004700}", "User": "DESKTOP-B0T93D6\\george", "Hashes": "MD5=15E2E0ACD891510C6268CB8899F2A1A1,SHA256=F328D587561BEED3C19289FBA43E284FB57BCE1A4C202C7379673964F9B8610D,IMPHASH=0D3E23DCB6BF63A9EB90D5BED57B4F89", "OriginalFileName": "taskkill.exe", "ParentImage": "C:\\Users\\george\\Desktop\\executable.exe", "FileVersion": "10.0.17134.1 (WinBuild.160101.0800)", "ParentProcessId": "7636", "CurrentDirectory": "C:\\Users\\george\\Desktop\\", "CommandLine": "\"taskkill.exe\" /IM steam.exe /F", "EventID": "1", "LogonGuid": "C784477D-FFC9-62FD-564A-040000000000", "LogonId": "281174", "Image": "C:\\Windows\\SysWOW64\\taskkill.exe", "IntegrityLevel": "High", "ParentCommandLine": "\"C:\\Users\\george\\Desktop\\executable.exe\" ", "UtcTime": "1665560039", "RuleName": "-"}}, 