{"data": {"id": "666fccec3e23dac827bab687830e168b0ace81385d82c54dbe0113ff71a0a3b8", "type": "file", "links": {"self": "https://www.virustotal.com/api/v3/files/666fccec3e23dac827bab687830e168b0ace81385d82c54dbe0113ff71a0a3b8"}, "attributes": {"magika": "PEBIN", "crowdsourced_ids_stats": {"high": 1, "info": 0, "medium": 0, "low": 0}, "authentihash": "fcc2fc53c58b854ff92c75347d0488399762967bb89a3fa436e689c9951fbdb4", "type_tags": ["executable", "windows", "win32", "pe", "peexe"], "crowdsourced_ids_results": [{"rule_category": "trojan-activity", "alert_severity": "high", "rule_msg": "MALWARE-CNC Possible host infection - excessive DNS queries for .eu", "rule_raw": "alert udp $HOME_NET any -> $EXTERNAL_NET 53 ( msg:\"MALWARE-CNC Possible host infection - excessive DNS queries for .eu\"; flow:to_server,no_stream; byte_test:1,!&,0xF8,2; content:\"|02|eu|00|\",fast_pattern,nocase; detection_filter:track by_src,count 100,seconds 10; service:dns; classtype:trojan-activity; sid:21544; rev:4; )", "alert_context": [{"dest_port": 53, "dest_ip": "8.8.8.8"}], "rule_url": "https://www.snort.org/downloads/#rule-downloads", "rule_source": "Snort registered user ruleset", "rule_id": "1:21544"}], "signature_info": {"description": "AESxWin", "file version": "1.0.0.0", "original name": "AESxWin.exe", "product": "AESxWin", "comments": "Encrypt Files With AES", "internal name": "AESxWin.exe", "copyright": "Copyright \u00a9 Eslam Hamouda 2015"}, "popular_threat_classification": {"suggested_threat_label": "trojan.msil/spora", "popular_threat_name": [{"value": "msil", "count": 9}, {"value": "spora", "count": 6}, {"value": "encoder", "count": 3}], "popular_threat_category": [{"value": "trojan", "count": 20}, {"value": "ransomware", "count": 19}]}, "first_submission_date": 1507007944, "sigma_analysis_results": [{"match_context": [{"values": {"EventID": "11", "ProcessId": "6756", "Image": "C:\\Users\\george\\Desktop\\program.exe", "ProcessGuid": "{C784477D-4106-6463-3206-000000003400}", "CreationUtcTime": "1684226321", "UtcTime": "1684226321", "RuleName": "-", "TargetFilename": "C:\\Users\\george\\AppData\\Roamingg5x3fpfv.io0.bat"}}, {"values": {"EventID": "11", "ProcessId": "6756", "TargetFilename": "C:\\Users\\george\\AppData\\Roaming0czgsnv3.bvl.bat", "RuleName": "-", "CreationUtcTime": "1684226321", "UtcTime": "1684226321", "ProcessGuid": "{C784477D-4106-6463-3206-000000003400}", "Image": "C:\\Users\\george\\Desktop\\program.exe"}}, {"values": {"EventID": "11", "ProcessId": "6756", "Image": "C:\\Users\\george\\Desktop\\program.exe", "ProcessGuid": "{C784477D-4106-6463-3206-000000003400}", "CreationUtcTime": "1684226321", "UtcTime": "1684226321", "RuleName": "-", "TargetFilename": "C:\\Users\\george\\AppData\\Roamingnilmxz5v.4zx.bat"}}, {"values": {"EventID": "11", "ProcessId": "6756", "Image": "C:\\Users\\george\\Desktop\\program.exe", "RuleName": "-", "CreationUtcTime": "1684226321", "UtcTime": "1684226321", "ProcessGuid": "{C784477D-4106-6463-3206-000000003400}", "TargetFilename": "C:\\Users\\george\\AppData\\Roamingpd1msuvx.1ih.bat"}}, {"values": {"EventID": "11", "ProcessId": "6756", "Image": "C:\\Users\\george\\Desktop\\program.exe", "RuleName": "-", "CreationUtcTime": "1684226321", "UtcTime": "1684226321", "ProcessGuid": "{C784477D-4106-6463-3206-000000003400}", "TargetFilename": "C:\\Users\\george\\AppData\\Roamingtnbomyf5.mtr.bat"}}, {"values": {"EventID": "11", "ProcessId": "6756", "Image": "C:\\Users\\george\\Desktop\\program.exe", "ProcessGuid": "{C784477D-4106-6463-3206-000000003400}", "CreationUtcTime": "1684226321", "UtcTime": "1684226321", "RuleName": "-", "TargetFilename": "C:\\Users\\george\\AppData\\Roamingoywjyi4s.feb.bat"}}, {"values": {"EventID": "11", "ProcessId": "6756", "TargetFilename": "C:\\Users\\george\\AppData\\Roaming5wrl4lkc.mhy.bat", "RuleName": "-", "CreationUtcTime": "1684226321", "UtcTime": "1684226321", "ProcessGuid": "{C784477D-4106-6463-3206-000000003400}", "Image": "C:\\Users\\george\\Desktop\\program.exe"}}, {"values": {"EventID": "11", "ProcessId": "6756", "Image": "C:\\Users\\george\\Desktop\\program.exe", "ProcessGuid": "{C784477D-4106-6463-3206-000000003400}", "CreationUtcTime": "1684226322", "UtcTime": "1684226322", "RuleName": "-", "TargetFilename": "C:\\Users\\george\\AppData\\Roamingaqu0lqmx.pup.bat"}}, {"values": {"EventID": "11", "ProcessId": "6756", "TargetFilename": "C:\\Users\\george\\AppData\\Roamingz5xkeigt.okw.bat", "RuleName": "-", "CreationUtcTime": "1684226322", "UtcTime": "1684226322", "ProcessGuid": "{C784477D-4106-6463-3206-000000003400}", "Image": "C:\\Users\\george\\Desktop\\program.exe"}}, {"values": {"EventID": "11", "ProcessId": "6756", "TargetFilename": "C:\\Users\\george\\AppData\\Roamingneg1tt11.10r.bat", "RuleName": "-", "CreationUtcTime": "1684226322", "UtcTime": "1684226322", "ProcessGuid": "{C784477D-4106-6463-3206-000000003400}", "Image": "C:\\Users\\george\\Desktop\\program.exe"}}, {"values": {"EventID": "11", "ProcessId": "6756", "Image": "C:\\Users\\george\\Desktop\\program.exe", "ProcessGuid": "{C784477D-4106-6463-3206-000000003400}", "CreationUtcTime": "1684226322", "UtcTime": "1684226322", "RuleName": "-", "TargetFilename": "C:\\Users\\george\\AppData\\Roamingpfsfiw1k.yeu.bat"}}, {"values": {"EventID": "11", "ProcessId": "6756", "Image": "C:\\Users\\george\\Desktop\\program.exe", "ProcessGuid": "{C784477D-4106-6463-3206-000000003400}", "CreationUtcTime": "1684226322", "UtcTime": "1684226322", "RuleName": "-", "TargetFilename": "C:\\Users\\george\\AppData\\Roamingtuov2fow.5pd.bat"}}, {"values": {"EventID": "11", "ProcessId": "6756", "Image": "C:\\Users\\george\\Desktop\\program.exe", "ProcessGuid": "{C784477D-4106-6463-3206-000000003400}", "CreationUtcTime": "1684226322", "UtcTime": "1684226322", "RuleName": "-", "TargetFilename": "C:\\Users\\george\\AppData\\Roamingpqzjpykt.20n.bat"}}, {"values": {"EventID": "11", "ProcessId": "6756", "Image": "C:\\Users\\george\\Desktop\\program.exe", "ProcessGuid": "{C784477D-4106-6463-3206-000000003400}", "CreationUtcTime": "1684226323", "UtcTime": "1684226323", "RuleName": "-", "TargetFilename": "C:\\Users\\george\\AppData\\Roamingtga0tj5j.ywj.bat"}}, {"values": {"EventID": "11", "ProcessId": "6756", "Image": "C:\\Users\\george\\Desktop\\program.exe", "ProcessGuid": "{C784477D-4106-6463-3206-000000003400}", "CreationUtcTime": "1684226323", "UtcTime": "1684226323", "RuleName": "-", "TargetFilename": "C:\\Users\\george\\AppData\\Roamingwrzy5u5z.3po.bat"}}, {"values": {"EventID": "11", "ProcessId": "6756", "TargetFilename": "C:\\Users\\george\\AppData\\Roamingif3i3us2.p4l.bat", "ProcessGuid": "{C784477D-4106-6463-3206-000000003400}", "CreationUtcTime": "1684226323", "UtcTime": "1684226323", "RuleName": "-", "Image": "C:\\Users\\george\\Desktop\\program.exe"}}, {"values": {"EventID": "11", "ProcessId": "6756", "TargetFilename": "C:\\Users\\george\\AppData\\Roamingjcnwx4xe.tca.bat", "RuleName": "-", "CreationUtcTime": "1684226323", "UtcTime": "1684226323", "ProcessGuid": "{C784477D-4106-6463-3206-000000003400}", "Image": "C:\\Users\\george\\Desktop\\program.exe"}}, {"values": {"EventID": "11", "ProcessId": "6756", "TargetFilename": "C:\\Users\\george\\AppData\\Roamingrfeogivx.el5.bat", "ProcessGuid": "{C784477D-4106-6463-3206-000000003400}", "CreationUtcTime": "1684226323", "UtcTime": "1684226323", "RuleName": "-", "Image": "C:\\Users\\george\\Desktop\\program.exe"}}, {"values": {"EventID": "11", "ProcessId": "6756", "Image": "C:\\Users\\george\\Desktop\\program.exe", "RuleName": "-", "CreationUtcTime": "1684226323", "UtcTime": "1684226323", "ProcessGuid": "{C784477D-4106-6463-3206-000000003400}", "TargetFilename": "C:\\Users\\george\\AppData\\Roamingxjgnan2c.daj.bat"}}, {"values": {"EventID": "11", "ProcessId": "6756", "Image": "C:\\Users\\george\\Desktop\\program.exe", "ProcessGuid": "{C784477D-4106-6463-3206-000000003400}", "CreationUtcTime": "1684226323", "UtcTime": "1684226323", "RuleName": "-", "TargetFilename": "C:\\Users\\george\\AppData\\Roaming2l121afs.iij.bat"}}, {"values": {"EventID": "11", "ProcessId": "6756", "TargetFilename": "C:\\Users\\george\\AppData\\Roamingvpndm121.azv.bat", "RuleName": "-", "CreationUtcTime": "1684226323", "UtcTime": "1684226323", "ProcessGuid": "{C784477D-4106-6463-3206-000000003400}", "Image": "C:\\Users\\george\\Desktop\\program.exe"}}, {"values": {"EventID": "11", "ProcessId": "6756", "TargetFilename": "C:\\Users\\george\\AppData\\Roaming2q0jvvbh.mbb.bat", "ProcessGuid": "{C784477D-4106-6463-3206-000000003400}", "CreationUtcTime": "1684226323", "UtcTime": "1684226323", "RuleName": "-", "Image": "C:\\Users\\george\\Desktop\\program.exe"}}, {"values": {"EventID": "11", "ProcessId": "6756", "TargetFilename": "C:\\Users\\george\\AppData\\Roamingvcxrylfu.r1o.bat", "ProcessGuid": "{C784477D-4106-6463-3206-000000003400}", "CreationUtcTime": "1684226324", "UtcTime": "1684226324", "RuleName": "-", "Image": "C:\\Users\\george\\Desktop\\program.exe"}}, {"values": {"EventID": "11", "ProcessId": "6756", "TargetFilename": "C:\\Users\\george\\AppData\\Roamingptn34qfn.mh2.bat", "ProcessGuid": "{C784477D-4106-6463-3206-000000003400}", "CreationUtcTime": "1684226324", "UtcTime": "1684226324", "RuleName": "-", "Image": "C:\\Users\\george\\Desktop\\program.exe"}}, {"values": {"EventID": "11", "ProcessId": "6756", "TargetFilename": "C:\\Users\\george\\AppData\\Roamingeubsx3sz.lyx.bat", "ProcessGuid": "{C784477D-4106-6463-3206-000000003400}", "CreationUtcTime": "1684226324", "UtcTime": "1684226324", "RuleName": "-", "Image": "C:\\Users\\george\\Desktop\\program.exe"}}, {"values": {"EventID": "11", "ProcessId": "6756", "TargetFilename": "C:\\Users\\george\\AppData\\Roamingef3w14pf.bou.bat", "RuleName": "-", "CreationUtcTime": "1684226324", "UtcTime": "1684226324", "ProcessGuid": "{C784477D-4106-6463-3206-000000003400}", "Image": "C:\\Users\\george\\Desktop\\program.exe"}}, {"values": {"EventID": "11", "ProcessId": "6756", "Image": "C:\\Users\\george\\Desktop\\program.exe", "ProcessGuid": "{C784477D-4106-6463-3206-000000003400}", "CreationUtcTime": "1684226324", "UtcTime": "1684226324", "RuleName": "-", "TargetFilename": "C:\\Users\\george\\AppData\\Roamingfx435fum.2c1.bat"}}, {"values": {"EventID": "11", "ProcessId": "6756", "TargetFilename": "C:\\Users\\george\\AppData\\Roamingavvxvarb.nip.bat", "RuleName": "-", "CreationUtcTime": "1684226324", "UtcTime": "1684226324", "ProcessGuid": "{C784477D-4106-6463-3206-000000003400}", "Image": "C:\\Users\\george\\Desktop\\program.exe"}}, {"values": {"EventID": "11", "ProcessId": "6756", "TargetFilename": "C:\\Users\\george\\AppData\\Roamingr2qpsrql.uff.bat", "ProcessGuid": "{C784477D-4106-6463-3206-000000003400}", "CreationUtcTime": "1684226324", "UtcTime": "1684226324", "RuleName": "-", "Image": "C:\\Users\\george\\Desktop\\program.exe"}}, {"values": {"EventID": "11", "ProcessId": "6756", "Image": "C:\\Users\\george\\Desktop\\program.exe", "ProcessGuid": "{C784477D-4106-6463-3206-000000003400}", "CreationUtcTime": "1684226324", "UtcTime": "1684226324", "RuleName": "-", "TargetFilename": "C:\\Users\\george\\AppData\\Roamingw5jpgcmu.3la.bat"}}, {"values": {"EventID": "11", "ProcessId": "6756", "TargetFilename": "C:\\Users\\george\\AppData\\Roaminghrjr5fpq.14d.bat", "ProcessGuid": "{C784477D-4106-6463-3206-000000003400}", "CreationUtcTime": "1684226325", "UtcTime": "1684226325", "RuleName": "-", "Image": "C:\\Users\\george\\Desktop\\program.exe"}}, {"values": {"EventID": "11", "ProcessId": "6756", "TargetFilename": "C:\\Users\\george\\AppData\\Roamingnsneags0.1rn.bat", "ProcessGuid": "{C784477D-4106-6463-3206-000000003400}", "CreationUtcTime": "1684226325", "UtcTime": "1684226325", "RuleName": "-", "Image": "C:\\Users\\george\\Desktop\\program.exe"}}, {"values": {"EventID": "11", "ProcessId": "6756", "TargetFilename": "C:\\Users\\george\\AppData\\Roamingn13lrqcp.1vm.bat", "RuleName": "-", "CreationUtcTime": "1684226325", "UtcTime": "1684226325", "ProcessGuid": "{C784477D-4106-6463-3206-000000003400}", "Image": "C:\\Users\\george\\Desktop\\program.exe"}}, {"values": {"EventID": "11", "ProcessId": "6756", "Image": "C:\\Users\\george\\Desktop\\program.exe", "ProcessGuid": "{C784477D-4106-6463-3206-000000003400}", "CreationUtcTime": "1684226325", "UtcTime": "1684226325", "RuleName": "-", "TargetFilename": "C:\\Users\\george\\AppData\\Roaminga1de02os.luy.bat"}}, {"values": {"EventID": "11", "ProcessId": "6756", "Image": "C:\\Users\\george\\Desktop\\program.exe", "ProcessGuid": "{C784477D-4106-6463-3206-000000003400}", "CreationUtcTime": "1684226325", "UtcTime": "1684226325", "RuleName": "-", "TargetFilename": "C:\\Users\\george\\AppData\\Roaming3tkciqkf.ewe.bat"}}, {"values": {"EventID": "11", "ProcessId": "6756", "Image": "C:\\Users\\george\\Desktop\\program.exe", "ProcessGuid": "{C784477D-4106-6463-3206-000000003400}", "CreationUtcTime": "1684226325", "UtcTime": "1684226325", "RuleName": "-", "TargetFilename": "C:\\Users\\george\\AppData\\Roamingxvon1x2p.bmv.bat"}}, {"values": {"EventID": "11", "ProcessId": "6756", "TargetFilename": "C:\\Users\\george\\AppData\\Roamingnvdeqyyh.la1.bat", "ProcessGuid": "{C784477D-4106-6463-3206-000000003400}", "CreationUtcTime": "1684226326", "UtcTime": "1684226326", "RuleName": "-", "Image": "C:\\Users\\george\\Desktop\\program.exe"}}, {"values": {"EventID": "11", "ProcessId": "6756", "TargetFilename": "C:\\Users\\george\\AppData\\Roaming4dkbrnya.xcw.bat", "ProcessGuid": "{C784477D-4106-6463-3206-000000003400}", "CreationUtcTime": "1684226326", "UtcTime": "1684226326", "RuleName": "-", "Image": "C:\\Users\\george\\Desktop\\program.exe"}}, {"values": {"EventID": "11", "ProcessId": "6756", "TargetFilename": "C:\\Users\\george\\AppData\\Roamingigs4t1sd.4yi.bat", "ProcessGuid": "{C784477D-4106-6463-3206-000000003400}", "CreationUtcTime": "1684226326", "UtcTime": "1684226326", "RuleName": "-", "Image": "C:\\Users\\george\\Desktop\\program.exe"}}, {"values": {"EventID": "11", "ProcessId": "6756", "TargetFilename": "C:\\Users\\george\\AppData\\Roamingxqjri2no.vbx.bat", "ProcessGuid": "{C784477D-4106-6463-3206-000000003400}", "CreationUtcTime": "1684226326", "UtcTime": "1684226326", "RuleName": "-", "Image": "C:\\Users\\george\\Desktop\\program.exe"}}, {"values": {"EventID": "11", "ProcessId": "6756", "TargetFilename": "C:\\Users\\george\\AppData\\Roamingx2xclhi3.lsr.bat", "RuleName": "-", "CreationUtcTime": "1684226326", "UtcTime": "1684226326", "ProcessGuid": "{C784477D-4106-6463-3206-000000003400}", "Image": "C:\\Users\\george\\Desktop\\program.exe"}}, {"values": {"EventID": "11", "ProcessId": "6756", "TargetFilename": "C:\\Users\\george\\AppData\\Roaming5grgdqgw.5hn.bat", "ProcessGuid": "{C784477D-4106-6463-3206-000000003400}", "CreationUtcTime": "1684226326", "UtcTime": "1684226326", "RuleName": "-", "Image": "C:\\Users\\george\\Desktop\\program.exe"}}, {"values": {"EventID": "11", "ProcessId": "6756", "TargetFilename": "C:\\Users\\george\\AppData\\Roamingengrlblt.nsk.bat", "RuleName": "-", "CreationUtcTime": "1684226326", "UtcTime": "1684226326", "ProcessGuid": "{C784477D-4106-6463-3206-000000003400}", "Image": "C:\\Users\\george\\Desktop\\program.exe"}}, {"values": {"EventID": "11", "ProcessId": "6756", "TargetFilename": "C:\\Users\\george\\AppData\\Roaming0iatwluy.3on.bat", "RuleName": "-", "CreationUtcTime": "1684226327", "UtcTime": "1684226327", "ProcessGuid": "{C784477D-4106-6463-3206-000000003400}", "Image": "C:\\Users\\george\\Desktop\\program.exe"}}, {"values": {"EventID": "11", "ProcessId": "6756", "TargetFilename": "C:\\Users\\george\\AppData\\Roamingzidoixwg.ceu.bat", "ProcessGuid": "{C784477D-4106-6463-3206-000000003400}", "CreationUtcTime": "1684226327", "UtcTime": "1684226327", "RuleName": "-", "Image": "C:\\Users\\george\\Desktop\\program.exe"}}, {"values": {"EventID": "11", "ProcessId": "6756", "Image": "C:\\Users\\george\\Desktop\\program.exe", "ProcessGuid": "{C784477D-4106-6463-3206-000000003400}", "CreationUtcTime": "1684226327", "UtcTime": "1684226327", "RuleName": "-", "TargetFilename": "C:\\Users\\george\\AppData\\Roamingca1bdzg3.l4y.bat"}}, {"values": {"EventID": "11", "ProcessId": "6756", "Image": "C:\\Users\\george\\Desktop\\program.exe", "ProcessGuid": "{C784477D-4106-6463-3206-000000003400}", "CreationUtcTime": "1684226327", "UtcTime": "1684226327", "RuleName": "-", "TargetFilename": "C:\\Users\\george\\AppData\\Roamingthfgxk1p.nsn.bat"}}, {"values": {"EventID": "11", "ProcessId": "6756", "TargetFilename": "C:\\Users\\george\\AppData\\Roamingo51v2lpy.1yk.bat", "ProcessGuid": "{C784477D-4106-6463-3206-000000003400}", "CreationUtcTime": "1684226328", "UtcTime": "1684226328", "RuleName": "-", "Image": "C:\\Users\\george\\Desktop\\program.exe"}}, {"values": {"EventID": "11", "ProcessId": "6756", "TargetFilename": "C:\\Users\\george\\AppData\\Roamingti0hfp1r.hdb.bat", "RuleName": "-", "CreationUtcTime": "1684226328", "UtcTime": "1684226328", "ProcessGuid": "{C784477D-4106-6463-3206-000000003400}", "Image": "C:\\Users\\george\\Desktop\\program.exe"}}, {"values": {"EventID": "11", "ProcessId": "6756", "TargetFilename": "C:\\Users\\george\\AppData\\Roamingtrhdntm2.u4y.bat", "ProcessGuid": "{C784477D-4106-6463-3206-000000003400}", "CreationUtcTime": "1684226328", "UtcTime": "1684226328", "RuleName": "-", "Image": "C:\\Users\\george\\Desktop\\program.exe"}}, {"values": {"EventID": "11", "ProcessId": "6756", "TargetFilename": "C:\\Users\\george\\AppData\\Roamingf25nycvs.k4r.bat", "RuleName": "-", "CreationUtcTime": "1684226328", "UtcTime": "1684226328", "ProcessGuid": "{C784477D-4106-6463-3206-000000003400}", "Image": "C:\\Users\\george\\Desktop\\program.exe"}}, {"values": {"EventID": "11", "ProcessId": "6756", "TargetFilename": "C:\\Users\\george\\AppData\\Roamingo24zfqum.lmf.bat", "ProcessGuid": "{C784477D-4106-6463-3206-000000003400}", "CreationUtcTime": "1684226328", "UtcTime": "1684226328", "RuleName": "-", "Image": "C:\\Users\\george\\Desktop\\program.exe"}}, {"values": {"EventID": "11", "ProcessId": "6756", "Image": "C:\\Users\\george\\Desktop\\program.exe", "ProcessGuid": "{C784477D-4106-6463-3206-000000003400}", "CreationUtcTime": "1684226328", "UtcTime": "1684226328", "RuleName": "-", "TargetFilename": "C:\\Users\\george\\AppData\\Roamingdz22xjk1.4lb.bat"}}, {"values": {"EventID": "11", "ProcessId": "6756", "TargetFilename": "C:\\Users\\george\\AppData\\Roamingbly3xwac.hio.bat", "ProcessGuid": "{C784477D-4106-6463-3206-000000003400}", "CreationUtcTime": "1684226328", "UtcTime": "1684226328", "RuleName": "-", "Image": "C:\\Users\\george\\Desktop\\program.exe"}}, {"values": {"EventID": "11", "ProcessId": "6756", "Image": "C:\\Users\\george\\Desktop\\program.exe", "RuleName": "-", "CreationUtcTime": "1684226329", "UtcTime": "1684226329", "ProcessGuid": "{C784477D-4106-6463-3206-000000003400}", "TargetFilename": "C:\\Users\\george\\AppData\\Roaming2gecabsg.1mn.bat"}}, {"values": {"EventID": "11", "ProcessId": "6756", "TargetFilename": "C:\\Users\\george\\AppData\\Roamingfowry3kh.mol.bat", "ProcessGuid": "{C784477D-4106-6463-3206-000000003400}", "CreationUtcTime": "1684226329", "UtcTime": "1684226329", "RuleName": "-", "Image": "C:\\Users\\george\\Desktop\\program.exe"}}, {"values": {"EventID": "11", "ProcessId": "6756", "TargetFilename": "C:\\Users\\george\\AppData\\Roamingqqwxcdv0.t0c.bat", "ProcessGuid": "{C784477D-4106-6463-3206-000000003400}", "CreationUtcTime": "1684226329", "UtcTime": "1684226329", "RuleName": "-", "Image": "C:\\Users\\george\\Desktop\\program.exe"}}, {"values": {"EventID": "11", "ProcessId": "6756", "TargetFilename": "C:\\Users\\george\\AppData\\Roaminga5et4ho0.1bk.bat", "ProcessGuid": "{C784477D-4106-6463-3206-000000003400}", "CreationUtcTime": "1684226329", "UtcTime": "1684226329", "RuleName": "-", "Image": "C:\\Users\\george\\Desktop\\program.exe"}}, {"values": {"EventID": "11", "ProcessId": "6756", "TargetFilename": "C:\\Users\\george\\AppData\\Roamingmbvokfpi.rq5.bat", "ProcessGuid": "{C784477D-4106-6463-3206-000000003400}", "CreationUtcTime": "1684226329", "UtcTime": "1684226329", "RuleName": "-", "Image": "C:\\Users\\george\\Desktop\\program.exe"}}, {"values": {"EventID": "11", "ProcessId": "6756", "TargetFilename": "C:\\Users\\george\\AppData\\Roamingunbwhcem.q5o.bat", "ProcessGuid": "{C784477D-4106-6463-3206-000000003400}", "CreationUtcTime": "1684226329", "UtcTime": "1684226329", "RuleName": "-", "Image": "C:\\Users\\george\\Desktop\\program.exe"}}, {"values": {"EventID": "11", "ProcessId": "6756", "Image": "C:\\Users\\george\\Desktop\\program.exe", "ProcessGuid": "{C784477D-4106-6463-3206-000000003400}", "CreationUtcTime": "1684226330", "UtcTime": "1684226330", "RuleName": "-", "TargetFilename": "C:\\Users\\george\\AppData\\Roamingrstrxmtq.ot1.bat"}}, {"values": {"EventID": "11", "ProcessId": "6756", "TargetFilename": "C:\\Users\\george\\AppData\\Roaminguxwnpbcf.fvh.bat", "ProcessGuid": "{C784477D-4106-6463-3206-000000003400}", "CreationUtcTime": "1684226330", "UtcTime": "1684226330", "RuleName": "-", "Image": "C:\\Users\\george\\Desktop\\program.exe"}}, {"values": {"EventID": "11", "ProcessId": "6756", "TargetFilename": "C:\\Users\\george\\AppData\\Roamingu5yjmaff.s0t.bat", "ProcessGuid": "{C784477D-4106-6463-3206-000000003400}", "CreationUtcTime": "1684226330", "UtcTime": "1684226330", "RuleName": "-", "Image": "C:\\Users\\george\\Desktop\\program.exe"}}, {"values": {"EventID": "11", "ProcessId": "6756", "TargetFilename": "C:\\Users\\george\\AppData\\Roamingjwu4qfgq.b3z.bat", "ProcessGuid": "{C784477D-4106-6463-3206-000000003400}", "CreationUtcTime": "1684226330", "UtcTime": "1684226330", "RuleName": "-", "Image": "C:\\Users\\george\\Desktop\\program.exe"}}, {"values": {"EventID": "11", "ProcessId": "6756", "TargetFilename": "C:\\Users\\george\\AppData\\Roamingkix1tqbf.alk.bat", "ProcessGuid": "{C784477D-4106-6463-3206-000000003400}", "CreationUtcTime": "1684226330", "UtcTime": "1684226330", "RuleName": "-", "Image": "C:\\Users\\george\\Desktop\\program.exe"}}, {"values": {"EventID": "11", "ProcessId": "6756", "TargetFilename": "C:\\Users\\george\\AppData\\Roamingif4qatqi.ooj.bat", "ProcessGuid": "{C784477D-4106-6463-3206-000000003400}", "CreationUtcTime": "1684226330", "UtcTime": "1684226330", "RuleName": "-", "Image": "C:\\Users\\george\\Desktop\\program.exe"}}, {"values": {"EventID": "11", "ProcessId": "6756", "TargetFilename": "C:\\Users\\george\\AppData\\Roamingqhbwmjaa.pws.bat", "RuleName": "-", "CreationUtcTime": "1684226330", "UtcTime": "1684226330", "ProcessGuid": "{C784477D-4106-6463-3206-000000003400}", "Image": "C:\\Users\\george\\Desktop\\program.exe"}}, {"values": {"EventID": "11", "ProcessId": "6756", "Image": "C:\\Users\\george\\Desktop\\program.exe", "RuleName": "-", "CreationUtcTime": "1684226330", "UtcTime": "1684226330", "ProcessGuid": "{C784477D-4106-6463-3206-000000003400}", "TargetFilename": "C:\\Users\\george\\AppData\\Roamingtpus1hap.rzq.bat"}}, {"values": {"EventID": "11", "ProcessId": "6756", "TargetFilename": "C:\\Users\\george\\AppData\\Roamingi2nb2tzo.h44.bat", "ProcessGuid": "{C784477D-4106-6463-3206-000000003400}", "CreationUtcTime": "1684226331", "UtcTime": "1684226331", "RuleName": "-", "Image": "C:\\Users\\george\\Desktop\\program.exe"}}, {"values": {"EventID": "11", "ProcessId": "6756", "TargetFilename": "C:\\Users\\george\\AppData\\Roamingqlvjza4b.xbp.bat", "RuleName": "-", "CreationUtcTime": "1684226331", "UtcTime": "1684226331", "ProcessGuid": "{C784477D-4106-6463-3206-000000003400}", "Image": "C:\\Users\\george\\Desktop\\program.exe"}}, {"values": {"EventID": "11", "ProcessId": "6756", "Image": "C:\\Users\\george\\Desktop\\program.exe", "ProcessGuid": "{C784477D-4106-6463-3206-000000003400}", "CreationUtcTime": "1684226331", "UtcTime": "1684226331", "RuleName": "-", "TargetFilename": "C:\\Users\\george\\AppData\\Roamingxguzfpy3.c0l.bat"}}, {"values": {"EventID": "11", "ProcessId": "6756", "Image": "C:\\Users\\george\\Desktop\\program.exe", "ProcessGuid": "{C784477D-4106-6463-3206-000000003400}", "CreationUtcTime": "1684226331", "UtcTime": "1684226331", "RuleName": "-", "TargetFilename": "C:\\Users\\george\\AppData\\Roamingfpgcdzpm.kkv.bat"}}, {"values": {"EventID": "11", "ProcessId": "6756", "TargetFilename": "C:\\Users\\george\\AppData\\Roamingxsaob5bk.rah.bat", "ProcessGuid": "{C784477D-4106-6463-3206-000000003400}", "CreationUtcTime": "1684226331", "UtcTime": "1684226331", "RuleName": "-", "Image": "C:\\Users\\george\\Desktop\\program.exe"}}, {"values": {"EventID": "11", "ProcessId": "6756", "Image": "C:\\Users\\george\\Desktop\\program.exe", "ProcessGuid": "{C784477D-4106-6463-3206-000000003400}", "CreationUtcTime": "1684226331", "UtcTime": "1684226331", "RuleName": "-", "TargetFilename": "C:\\Users\\george\\AppData\\Roamingzvh0okky.gws.bat"}}, {"values": {"EventID": "11", "ProcessId": "6756", "TargetFilename": "C:\\Users\\george\\AppData\\Roaming53b50yis.ahi.bat", "ProcessGuid": "{C784477D-4106-6463-3206-000000003400}", "CreationUtcTime": "1684226331", "UtcTime": "1684226331", "RuleName": "-", "Image": "C:\\Users\\george\\Desktop\\program.exe"}}, {"values": {"EventID": "11", "ProcessId": "6756", "TargetFilename": "C:\\Users\\george\\AppData\\Roaminguill4mbd.rhk.bat", "RuleName": "-", "CreationUtcTime": "1684226332", "UtcTime": "1684226332", "ProcessGuid": "{C784477D-4106-6463-3206-000000003400}", "Image": "C:\\Users\\george\\Desktop\\program.exe"}}, {"values": {"EventID": "11", "ProcessId": "6756", "TargetFilename": "C:\\Users\\george\\AppData\\Roamingql1bx4pa.fzh.bat", "ProcessGuid": "{C784477D-4106-6463-3206-000000003400}", "CreationUtcTime": "1684226332", "UtcTime": "1684226332", "RuleName": "-", "Image": "C:\\Users\\george\\Desktop\\program.exe"}}, {"values": {"EventID": "11", "ProcessId": "6756", "Image": "C:\\Users\\george\\Desktop\\program.exe", "ProcessGuid": "{C784477D-4106-6463-3206-000000003400}", "CreationUtcTime": "1684226332", "UtcTime": "1684226332", "RuleName": "-", "TargetFilename": "C:\\Users\\george\\AppData\\Roamingh4tq0ydp.mz0.bat"}}, {"values": {"EventID": "11", "ProcessId": "6756", "Image": "C:\\Users\\george\\Desktop\\program.exe", "ProcessGuid": "{C784477D-4106-6463-3206-000000003400}", "CreationUtcTime": "1684226332", "UtcTime": "1684226332", "RuleName": "-", "TargetFilename": "C:\\Users\\george\\AppData\\Roamingwzeawi0t.o4e.bat"}}, {"values": {"EventID": "11", "ProcessId": "6756", "TargetFilename": "C:\\Users\\george\\AppData\\Roamingookp5ikr.34v.bat", "RuleName": "-", "CreationUtcTime": "1684226332", "UtcTime": "1684226332", "ProcessGuid": "{C784477D-4106-6463-3206-000000003400}", "Image": "C:\\Users\\george\\Desktop\\program.exe"}}, {"values": {"EventID": "11", "ProcessId": "6756", "Image": "C:\\Users\\george\\Desktop\\program.exe", "ProcessGuid": "{C784477D-4106-6463-3206-000000003400}", "CreationUtcTime": "1684226332", "UtcTime": "1684226332", "RuleName": "-", "TargetFilename": "C:\\Users\\george\\AppData\\Roamingqvmptys1.c1p.bat"}}, {"values": {"EventID": "11", "ProcessId": "6756", "TargetFilename": "C:\\Users\\george\\AppData\\Roaming5shlzrud.oqy.bat", "ProcessGuid": "{C784477D-4106-6463-3206-000000003400}", "CreationUtcTime": "1684226332", "UtcTime": "1684226332", "RuleName": "-", "Image": "C:\\Users\\george\\Desktop\\program.exe"}}, {"values": {"EventID": "11", "ProcessId": "6756", "TargetFilename": "C:\\Users\\george\\AppData\\Roamingevpblgkx.bpf.bat", "ProcessGuid": "{C784477D-4106-6463-3206-000000003400}", "CreationUtcTime": "1684226333", "UtcTime": "1684226333", "RuleName": "-", "Image": "C:\\Users\\george\\Desktop\\program.exe"}}, {"values": {"EventID": "11", "ProcessId": "6756", "TargetFilename": "C:\\Users\\george\\AppData\\Roamingndhjcbp4.1tg.bat", "ProcessGuid": "{C784477D-4106-6463-3206-000000003400}", "CreationUtcTime": "1684226333", "UtcTime": "1684226333", "RuleName": "-", "Image": "C:\\Users\\george\\Desktop\\program.exe"}}, {"values": {"EventID": "11", "ProcessId": "6756", "TargetFilename": "C:\\Users\\george\\AppData\\Roaming3ylqowm4.5fu.bat", "ProcessGuid": "{C784477D-4106-6463-3206-000000003400}", "CreationUtcTime": "1684226333", "UtcTime": "1684226333", "RuleName": "-", "Image": "C:\\Users\\george\\Desktop\\program.exe"}}, {"values": {"EventID": "11", "ProcessId": "6756", "Image": "C:\\Users\\george\\Desktop\\program.exe", "ProcessGuid": "{C784477D-4106-6463-3206-000000003400}", "CreationUtcTime": "1684226333", "UtcTime": "1684226333", "RuleName": "-", "TargetFilename": "C:\\Users\\george\\AppData\\Roamingi4jw1zxj.a32.bat"}}, {"values": {"EventID": "11", "ProcessId": "6756", "TargetFilename": "C:\\Users\\george\\AppData\\Roamingj3h1jrxk.rcy.bat", "RuleName": "-", "CreationUtcTime": "1684226333", "UtcTime": "1684226333", "ProcessGuid": "{C784477D-4106-6463-3206-000000003400}", "Image": "C:\\Users\\george\\Desktop\\program.exe"}}, {"values": {"EventID": "11", "ProcessId": "6756", "TargetFilename": "C:\\Users\\george\\AppData\\Roamingkryycmqx.cze.bat", "RuleName": "-", "CreationUtcTime": "1684226333", "UtcTime": "1684226333", "ProcessGuid": "{C784477D-4106-6463-3206-000000003400}", "Image": "C:\\Users\\george\\Desktop\\program.exe"}}, {"values": {"EventID": "11", "ProcessId": "6756", "Image": "C:\\Users\\george\\Desktop\\program.exe", "ProcessGuid": "{C784477D-4106-6463-3206-000000003400}", "CreationUtcTime": "1684226333", "UtcTime": "1684226333", "RuleName": "-", "TargetFilename": "C:\\Users\\george\\AppData\\Roaming45hux5q2.ph4.bat"}}, {"values": {"EventID": "11", "ProcessId": "6756", "TargetFilename": "C:\\Users\\george\\AppData\\Roaming4wbj33a2.oym.bat", "ProcessGuid": "{C784477D-4106-6463-3206-000000003400}", "CreationUtcTime": "1684226333", "UtcTime": "1684226333", "RuleName": "-", "Image": "C:\\Users\\george\\Desktop\\program.exe"}}, {"values": {"EventID": "11", "ProcessId": "6756", "Image": "C:\\Users\\george\\Desktop\\program.exe", "ProcessGuid": "{C784477D-4106-6463-3206-000000003400}", "CreationUtcTime": "1684226333", "UtcTime": "1684226333", "RuleName": "-", "TargetFilename": "C:\\Users\\george\\AppData\\Roaminghxn2esz1.4xi.bat"}}, {"values": {"EventID": "11", "ProcessId": "6756", "TargetFilename": "C:\\Users\\george\\AppData\\Roamingksjiw5jx.fyg.bat", "ProcessGuid": "{C784477D-4106-6463-3206-000000003400}", "CreationUtcTime": "1684226333", "UtcTime": "1684226333", "RuleName": "-", "Image": "C:\\Users\\george\\Desktop\\program.exe"}}, {"values": {"EventID": "11", "ProcessId": "6756", "TargetFilename": "C:\\Users\\george\\AppData\\Roamingppabhjck.ogn.bat", "ProcessGuid": "{C784477D-4106-6463-3206-000000003400}", "CreationUtcTime": "1684226334", "UtcTime": "1684226334", "RuleName": "-", "Image": "C:\\Users\\george\\Desktop\\program.exe"}}, {"values": {"EventID": "11", "ProcessId": "6756", "TargetFilename": "C:\\Users\\george\\AppData\\Roaming3fyxghql.blk.bat", "RuleName": "-", "CreationUtcTime": "1684226334", "UtcTime": "1684226334", "ProcessGuid": "{C784477D-4106-6463-3206-000000003400}", "Image": "C:\\Users\\george\\Desktop\\program.exe"}}, {"values": {"EventID": "11", "ProcessId": "6756", "Image": "C:\\Users\\george\\Desktop\\program.exe", "ProcessGuid": "{C784477D-4106-6463-3206-000000003400}", "CreationUtcTime": "1684226334", "UtcTime": "1684226334", "RuleName": "-", "TargetFilename": "C:\\Users\\george\\AppData\\Roaminglaz11mjw.2n3.bat"}}, {"values": {"EventID": "11", "ProcessId": "6756", "TargetFilename": "C:\\Users\\george\\AppData\\Roamingw1yb2gym.5oc.bat", "RuleName": "-", "CreationUtcTime": "1684226334", "UtcTime": "1684226334", "ProcessGuid": "{C784477D-4106-6463-3206-000000003400}", "Image": "C:\\Users\\george\\Desktop\\program.exe"}}, {"values": {"EventID": "11", "ProcessId": "6756", "Image": "C:\\Users\\george\\Desktop\\program.exe", "RuleName": "-", "CreationUtcTime": "1684226334", "UtcTime": "1684226334", "ProcessGuid": "{C784477D-4106-6463-3206-000000003400}", "TargetFilename": "C:\\Users\\george\\AppData\\Roaminglimqr504.geb.bat"}}, {"values": {"EventID": "11", "ProcessId": "6756", "TargetFilename": "C:\\Users\\george\\AppData\\Roaming4wdyew3m.reb.bat", "RuleName": "-", "CreationUtcTime": "1684226334", "UtcTime": "1684226334", "ProcessGuid": "{C784477D-4106-6463-3206-000000003400}", "Image": "C:\\Users\\george\\Desktop\\program.exe"}}, {"values": {"EventID": "11", "ProcessId": "8000", "TargetFilename": "C:\\Users\\george\\AppData\\Roamingcgyfokjx.hlr.bat", "ProcessGuid": "{C784477D-4118-6463-3306-000000003400}", "CreationUtcTime": "1684226335", "UtcTime": "1684226335", "RuleName": "-", "Image": "C:\\Users\\george\\Desktop\\program.exe"}}, {"values": {"EventID": "11", "ProcessId": "6756", "TargetFilename": "C:\\Users\\george\\AppData\\Roamingdqretbof.yfh.bat", "RuleName": "-", "CreationUtcTime": "1684226335", "UtcTime": "1684226335", "ProcessGuid": "{C784477D-4106-6463-3206-000000003400}", "Image": "C:\\Users\\george\\Desktop\\program.exe"}}], "rule_level": "high", "rule_description": "Detects the creation of suspicious files and folders inside the user's AppData folder but not inside any of the common and well known directories (Local, Romaing, LocalLow). This method could be used as a method to bypass detection who exclude the AppData folder in fear of FPs", "rule_source": "Sigma Integrated Rule Set (GitHub)", "rule_title": "Suspicious File Creation In Uncommon AppData Folder", "rule_id": "8c035500d22804f658be72a55a2b5d591891e0a77e57447d0f0c6f62f89e9ade", "rule_author": "Nasreddine Bencherchali (Nextron Systems)"}, {"match_context": [{"values": {"EventID": "3", "ProcessId": "6756", "DestinationPortName": "https", "Protocol": "tcp", "DestinationIp": "49.12.234.183", "Initiated": "true", "SourcePortName": "-", "Image": "C:\\Users\\george\\Desktop\\program.exe", "RuleName": "Usermode", "DestinationHostname": "v4.ident.me", "UtcTime": "1682316630", "User": "DESKTOP-B0T93D6\\george", "DestinationPort": "443", "ProcessGuid": "{C784477D-4106-6463-3206-000000003400}", "SourcePort": "49710", "SourceIsIpv6": "false", "DestinationIsIpv6": "false", "SourceIp": "192.168.2.12", "SourceHostname": "DESKTOP-B0T93D6.local"}}, {"values": {"EventID": "3", "ProcessId": "8000", "DestinationPortName": "https", "Protocol": "tcp", "Initiated": "true", "DestinationIp": "49.12.234.183", "SourcePortName": "-", "Image": "C:\\Users\\george\\Desktop\\program.exe", "RuleName": "Usermode", "DestinationHostname": "v4.ident.me", "UtcTime": "1682316644", "User": "DESKTOP-B0T93D6\\george", "DestinationPort": "443", "ProcessGuid": "{C784477D-4118-6463-3306-000000003400}", "SourcePort": "49799", "SourceIsIpv6": "false", "SourceHostname": "DESKTOP-B0T93D6.local", "SourceIp": "192.168.2.12", "DestinationIsIpv6": "false"}}, {"values": {"EventID": "3", "ProcessId": "6984", "DestinationPortName": "https", "Protocol": "tcp", "Initiated": "true", "DestinationIp": "49.12.234.183", "SourcePortName": "-", "Image": "C:\\Users\\george\\Desktop\\program.exe", "ProcessGuid": "{C784477D-4121-6463-3406-000000003400}", "DestinationHostname": "v4.ident.me", "UtcTime": "1682316655", "User": "DESKTOP-B0T93D6\\george", "DestinationPort": "443", "RuleName": "Usermode", "SourcePort": "49921", "SourceIsIpv6": "false", "SourceHostname": "DESKTOP-B0T93D6.local", "SourceIp": "192.168.2.12", "DestinationIsIpv6": "false"}}], "rule_level": "medium", "rule_description": "Detects external IP address lookups by non-browser processes via services such as \"api.ipify.org\". This could be indicative of potential post compromise internet test activity.", "rule_source": "Sigma Integrated Rule Set (GitHub)", "rule_title": "Suspicious Network Connection to IP Lookup Service APIs", "rule_id": "7b06f86400ae084ca05c7e2cefe70b8ea4910b6196d969ae516b9d5d1c99bfe5", "rule_author": "Janantha Marasinghe, Nasreddine Bencherchali (Nextron Systems)"}, {"match_context": [{"values": {"EventID": "13", "ProcessId": "6756", "EventType": "SetValue", "Image": "C:\\Users\\george\\Desktop\\program.exe", "ProcessGuid": "{C784477D-4106-6463-3206-000000003400}", "UtcTime": "1684226318", "Details": "C:\\Users\\george\\Desktop\\program.exe", "RuleName": "T1060,RunKey", "TargetObject": "HKU\\S-1-5-21-1015118539-3749460369-599379286-1001\\Software\\Microsoft\\Windows\\CurrentVersion\\Run\\AESxWin"}}, {"values": {"EventID": "13", "ProcessId": "8000", "EventType": "SetValue", "Image": "C:\\Users\\george\\Desktop\\program.exe", "RuleName": "T1060,RunKey", "UtcTime": "1684226331", "Details": "C:\\Users\\george\\Desktop\\program.exe", "ProcessGuid": "{C784477D-4118-6463-3306-000000003400}", "TargetObject": "HKU\\S-1-5-21-1015118539-3749460369-599379286-1001\\Software\\Microsoft\\Windows\\CurrentVersion\\Run\\AESxWin"}}, 