{"values": {"TerminalSessionId": "1", "ProcessGuid": "{C784477D-8E7E-643F-FB0A-000000004A00}", "ProcessId": "3520", "Product": "Microsoft\\xae Windows\\xae Operating System", "Description": "Command Line Interface for Microsoft\\xae Volume Shadow Copy Service ", "Company": "Microsoft Corporation", "ParentProcessGuid": "{C784477D-8E57-643F-700A-000000004A00}", "User": "DESKTOP-B0T93D6\\george", "Hashes": "MD5=7E30B94672107D3381A1D175CF18C147,SHA256=BB1D73C5104A722F228B39CCB24C6F2BB13EFCCA2EA65B013D33433550E3BCE7,IMPHASH=B8C53607A902DC54702978C63D6E8B2E", "OriginalFileName": "VSSADMIN.EXE", "ParentImage": "C:\\Users\\george\\Desktop\\software.exe", "FileVersion": "10.0.17134.1 (WinBuild.160101.0800)", "ParentProcessId": "6556", "CurrentDirectory": "C:\\Users\\george\\Desktop\\", "CommandLine": "\"vssadmin.exe\" resize shadowstorage /for=f: /on=f: /maxsize=401MB", "EventID": "1", "LogonGuid": "C784477D-52D2-6407-4937-040000000000", "LogonId": "276297", "Image": "C:\\Windows\\SysWOW64\\vssadmin.exe", "IntegrityLevel": "High", "ParentCommandLine": "\"C:\\Users\\george\\Desktop\\software.exe\"", "UtcTime": "1681886846", "RuleName": "-"}}, {"values": {"TerminalSessionId": "1", "ProcessGuid": "{C784477D-8E7E-643F-FD0A-000000004A00}", "ProcessId": "860", "Product": "Microsoft\\xae Windows\\xae Operating System", "Description": "Command Line Interface for Microsoft\\xae Volume Shadow Copy Service ", "Company": "Microsoft Corporation", "ParentProcessGuid": "{C784477D-8E57-643F-700A-000000004A00}", "User": "DESKTOP-B0T93D6\\george", "Hashes": "MD5=7E30B94672107D3381A1D175CF18C147,SHA256=BB1D73C5104A722F228B39CCB24C6F2BB13EFCCA2EA65B013D33433550E3BCE7,IMPHASH=B8C53607A902DC54702978C63D6E8B2E", "OriginalFileName": "VSSADMIN.EXE", "ParentImage": "C:\\Users\\george\\Desktop\\software.exe", "FileVersion": "10.0.17134.1 (WinBuild.160101.0800)", "ParentProcessId": "6556", "CurrentDirectory": "C:\\Users\\george\\Desktop\\", "CommandLine": "\"vssadmin.exe\" resize shadowstorage /for=f: /on=f: /maxsize=unbounded", "EventID": "1", "LogonGuid": "C784477D-52D2-6407-4937-040000000000", "LogonId": "276297", "Image": "C:\\Windows\\SysWOW64\\vssadmin.exe", "IntegrityLevel": "High", "ParentCommandLine": "\"C:\\Users\\george\\Desktop\\software.exe\"", "UtcTime": "1681886846", "RuleName": "-"}}, {"values": {"TerminalSessionId": "1", "ProcessGuid": "{C784477D-8E7E-643F-FF0A-000000004A00}", "ProcessId": "5552", "Product": "Microsoft\\xae Windows\\xae Operating System", "Description": "Command Line Interface for Microsoft\\xae Volume Shadow Copy Service ", "Company": "Microsoft Corporation", "ParentProcessGuid": "{C784477D-8E57-643F-700A-000000004A00}", "User": "DESKTOP-B0T93D6\\george", "Hashes": "MD5=7E30B94672107D3381A1D175CF18C147,SHA256=BB1D73C5104A722F228B39CCB24C6F2BB13EFCCA2EA65B013D33433550E3BCE7,IMPHASH=B8C53607A902DC54702978C63D6E8B2E", "OriginalFileName": "VSSADMIN.EXE", "ParentImage": "C:\\Users\\george\\Desktop\\software.exe", "FileVersion": "10.0.17134.1 (WinBuild.160101.0800)", "ParentProcessId": "6556", "CurrentDirectory": "C:\\Users\\george\\Desktop\\", "CommandLine": "\"vssadmin.exe\" resize shadowstorage /for=g: /on=g: /maxsize=401MB", "EventID": "1", "LogonGuid": "C784477D-52D2-6407-4937-040000000000", "LogonId": "276297", "Image": "C:\\Windows\\SysWOW64\\vssadmin.exe", "IntegrityLevel": "High", "ParentCommandLine": "\"C:\\Users\\george\\Desktop\\software.exe\"", "UtcTime": "1681886846", "RuleName": "-"}}, {"values": {"TerminalSessionId": "1", "ProcessGuid": "{C784477D-8E7F-643F-010B-000000004A00}", "ProcessId": "6796", "Product": "Microsoft\\xae Windows\\xae Operating System", "Description": "Command Line Interface for Microsoft\\xae Volume Shadow Copy Service ", "Company": "Microsoft Corporation", "ParentProcessGuid": "{C784477D-8E57-643F-700A-000000004A00}", "User": "DESKTOP-B0T93D6\\george", "Hashes": "MD5=7E30B94672107D3381A1D175CF18C147,SHA256=BB1D73C5104A722F228B39CCB24C6F2BB13EFCCA2EA65B013D33433550E3BCE7,IMPHASH=B8C53607A902DC54702978C63D6E8B2E", "OriginalFileName": "VSSADMIN.EXE", "ParentImage": "C:\\Users\\george\\Desktop\\software.exe", "FileVersion": "10.0.17134.1 (WinBuild.160101.0800)", "ParentProcessId": "6556", "CurrentDirectory": "C:\\Users\\george\\Desktop\\", "CommandLine": "\"vssadmin.exe\" resize shadowstorage /for=g: /on=g: /maxsize=unbounded", "EventID": "1", "LogonGuid": "C784477D-52D2-6407-4937-040000000000", "LogonId": "276297", "Image": "C:\\Windows\\SysWOW64\\vssadmin.exe", "IntegrityLevel": "High", "ParentCommandLine": "\"C:\\Users\\george\\Desktop\\software.exe\"", "UtcTime": "1681886847", "RuleName": "-"}}, {"values": {"TerminalSessionId": "1", "ProcessGuid": "{C784477D-8E7F-643F-030B-000000004A00}", "ProcessId": "7000", "Product": "Microsoft\\xae Windows\\xae Operating System", "Description": "Command Line Interface for Microsoft\\xae Volume Shadow Copy Service ", "Company": "Microsoft Corporation", "ParentProcessGuid": "{C784477D-8E57-643F-700A-000000004A00}", "User": "DESKTOP-B0T93D6\\george", "Hashes": "MD5=7E30B94672107D3381A1D175CF18C147,SHA256=BB1D73C5104A722F228B39CCB24C6F2BB13EFCCA2EA65B013D33433550E3BCE7,IMPHASH=B8C53607A902DC54702978C63D6E8B2E", "OriginalFileName": "VSSADMIN.EXE", "ParentImage": "C:\\Users\\george\\Desktop\\software.exe", "FileVersion": "10.0.17134.1 (WinBuild.160101.0800)", "ParentProcessId": "6556", "CurrentDirectory": "C:\\Users\\george\\Desktop\\", "CommandLine": "\"vssadmin.exe\" resize shadowstorage /for=h: /on=h: /maxsize=401MB", "EventID": "1", "LogonGuid": "C784477D-52D2-6407-4937-040000000000", "LogonId": "276297", "Image": "C:\\Windows\\SysWOW64\\vssadmin.exe", "IntegrityLevel": "High", "ParentCommandLine": "\"C:\\Users\\george\\Desktop\\software.exe\"", "UtcTime": "1681886847", "RuleName": "-"}}, {"values": {"TerminalSessionId": "1", "ProcessGuid": "{C784477D-8E80-643F-050B-000000004A00}", "ProcessId": "6548", "Product": "Microsoft\\xae Windows\\xae Operating System", "Description": "Command Line Interface for Microsoft\\xae Volume Shadow Copy Service ", "Company": "Microsoft Corporation", "ParentProcessGuid": "{C784477D-8E57-643F-700A-000000004A00}", "User": "DESKTOP-B0T93D6\\george", "Hashes": "MD5=7E30B94672107D3381A1D175CF18C147,SHA256=BB1D73C5104A722F228B39CCB24C6F2BB13EFCCA2EA65B013D33433550E3BCE7,IMPHASH=B8C53607A902DC54702978C63D6E8B2E", "OriginalFileName": "VSSADMIN.EXE", "ParentImage": "C:\\Users\\george\\Desktop\\software.exe", "FileVersion": "10.0.17134.1 (WinBuild.160101.0800)", "ParentProcessId": "6556", "CurrentDirectory": "C:\\Users\\george\\Desktop\\", "CommandLine": "\"vssadmin.exe\" resize shadowstorage /for=h: /on=h: /maxsize=unbounded", "EventID": "1", "LogonGuid": "C784477D-52D2-6407-4937-040000000000", "LogonId": "276297", "Image": "C:\\Windows\\SysWOW64\\vssadmin.exe", "IntegrityLevel": "High", "ParentCommandLine": "\"C:\\Users\\george\\Desktop\\software.exe\"", "UtcTime": "1681886848", "RuleName": "-"}}, {"values": {"TerminalSessionId": "1", "ProcessGuid": "{C784477D-8E80-643F-070B-000000004A00}", "ProcessId": "6920", "Product": "Microsoft\\xae Windows\\xae Operating System", "Description": "Command Line Interface for Microsoft\\xae Volume Shadow Copy Service ", "Company": "Microsoft Corporation", "ParentProcessGuid": "{C784477D-8E57-643F-700A-000000004A00}", "User": "DESKTOP-B0T93D6\\george", "Hashes": "MD5=7E30B94672107D3381A1D175CF18C147,SHA256=BB1D73C5104A722F228B39CCB24C6F2BB13EFCCA2EA65B013D33433550E3BCE7,IMPHASH=B8C53607A902DC54702978C63D6E8B2E", "OriginalFileName": "VSSADMIN.EXE", "ParentImage": "C:\\Users\\george\\Desktop\\software.exe", "FileVersion": "10.0.17134.1 (WinBuild.160101.0800)", "ParentProcessId": "6556", "CurrentDirectory": "C:\\Users\\george\\Desktop\\", "CommandLine": "\"vssadmin.exe\" Delete Shadows /all /quiet", "EventID": "1", "LogonGuid": "C784477D-52D2-6407-4937-040000000000", "LogonId": "276297", "Image": "C:\\Windows\\SysWOW64\\vssadmin.exe", "IntegrityLevel": "High", "ParentCommandLine": "\"C:\\Users\\george\\Desktop\\software.exe\"", "UtcTime": "1681886848", "RuleName": "-"}}], "rule_level": "high", "rule_id": "ad5e4d4b939797a70a9aa742d979a4742c2cfedddd663fb1a43b2795c1e6054b", "rule_source": "Sigma Integrated Rule Set (GitHub)", "rule_title": "Shadow Copies Deletion Using Operating Systems Utilities", "rule_description": "Shadow Copies deletion using operating systems utilities", "rule_author": "Florian Roth (Nextron Systems), Michael Haag, Teymur Kheirkhabarov, Daniil Yugoslavskiy, oscd.community, Andreas Hunkeler (@Karneades)"}, {"match_context": [{"values": {"TerminalSessionId": "1", "ProcessGuid": "{C784477D-8E77-643F-DE0A-000000004A00}", "ProcessId": "6904", "Product": "Microsoft\\xae Windows\\xae Operating System", "Description": "Service Control Manager Configuration Tool", "Company": "Microsoft Corporation", "ParentProcessGuid": "{C784477D-8E57-643F-700A-000000004A00}", "User": "DESKTOP-B0T93D6\\george", "Hashes": "MD5=24A3E2603E63BCB9695A2935D3B24695,SHA256=3047D5C22A245D1E4294FCD547EC5FB0F2E5EF030B764424ACC74E7744FBE32E,IMPHASH=B037D0ADB81BF9CFC651DE01742089F1", "OriginalFileName": "sc.exe", "ParentImage": "C:\\Users\\george\\Desktop\\software.exe", "FileVersion": "10.0.17134.1 (WinBuild.160101.0800)", "ParentProcessId": "6556", "CurrentDirectory": "C:\\Users\\george\\Desktop\\", "CommandLine": "\"sc.exe\" config SQLTELEMETRY start= disabled", "EventID": "1", "LogonGuid": "C784477D-52D2-6407-4937-040000000000", "LogonId": "276297", "Image": "C:\\Windows\\SysWOW64\\sc.exe", "IntegrityLevel": "High", "ParentCommandLine": "\"C:\\Users\\george\\Desktop\\software.exe\"", "UtcTime": "1681886839", "RuleName": "-"}}, {"values": {"TerminalSessionId": "1", "ProcessGuid": "{C784477D-8E78-643F-E00A-000000004A00}", "ProcessId": "4660", "Product": "Microsoft\\xae Windows\\xae Operating System", "Description": "Service Control Manager Configuration Tool", "Company": "Microsoft Corporation", "ParentProcessGuid": "{C784477D-8E57-643F-700A-000000004A00}", "User": "DESKTOP-B0T93D6\\george", "Hashes": "MD5=24A3E2603E63BCB9695A2935D3B24695,SHA256=3047D5C22A245D1E4294FCD547EC5FB0F2E5EF030B764424ACC74E7744FBE32E,IMPHASH=B037D0ADB81BF9CFC651DE01742089F1", "OriginalFileName": "sc.exe", "ParentImage": "C:\\Users\\george\\Desktop\\software.exe", "FileVersion": "10.0.17134.1 (WinBuild.160101.0800)", "ParentProcessId": "6556", "CurrentDirectory": "C:\\Users\\george\\Desktop\\", "CommandLine": "\"sc.exe\" config SQLTELEMETRY$ECWDB2 start= disabled", "EventID": "1", "LogonGuid": "C784477D-52D2-6407-4937-040000000000", "LogonId": "276297", "Image": "C:\\Windows\\SysWOW64\\sc.exe", "IntegrityLevel": "High", "ParentCommandLine": "\"C:\\Users\\george\\Desktop\\software.exe\"", "UtcTime": "1681886840", "RuleName": "-"}}, {"values": {"TerminalSessionId": "1", "ProcessGuid": "{C784477D-8E78-643F-E20A-000000004A00}", "ProcessId": "1576", "Product": "Microsoft\\xae Windows\\xae Operating System", "Description": "Service Control Manager Configuration Tool", "Company": "Microsoft Corporation", "ParentProcessGuid": "{C784477D-8E57-643F-700A-000000004A00}", "User": "DESKTOP-B0T93D6\\george", "Hashes": "MD5=24A3E2603E63BCB9695A2935D3B24695,SHA256=3047D5C22A245D1E4294FCD547EC5FB0F2E5EF030B764424ACC74E7744FBE32E,IMPHASH=B037D0ADB81BF9CFC651DE01742089F1", "OriginalFileName": "sc.exe", "ParentImage": "C:\\Users\\george\\Desktop\\software.exe", "FileVersion": "10.0.17134.1 (WinBuild.160101.0800)", "ParentProcessId": "6556", "CurrentDirectory": "C:\\Users\\george\\Desktop\\", "CommandLine": "\"sc.exe\" config SQLWriter start= disabled", "EventID": "1", "LogonGuid": "C784477D-52D2-6407-4937-040000000000", "LogonId": "276297", "Image": "C:\\Windows\\SysWOW64\\sc.exe", "IntegrityLevel": "High", "ParentCommandLine": "\"C:\\Users\\george\\Desktop\\software.exe\"", "UtcTime": "1681886840", "RuleName": "-"}}, {"values": {"TerminalSessionId": "1", "ProcessGuid": "{C784477D-8E79-643F-E40A-000000004A00}", "ProcessId": "3852", "Product": "Microsoft\\xae Windows\\xae Operating System", "Description": "Service Control Manager Configuration Tool", "Company": "Microsoft Corporation", "ParentProcessGuid": "{C784477D-8E57-643F-700A-000000004A00}", "User": "DESKTOP-B0T93D6\\george", "Hashes": "MD5=24A3E2603E63BCB9695A2935D3B24695,SHA256=3047D5C22A245D1E4294FCD547EC5FB0F2E5EF030B764424ACC74E7744FBE32E,IMPHASH=B037D0ADB81BF9CFC651DE01742089F1", "OriginalFileName": "sc.exe", "ParentImage": "C:\\Users\\george\\Desktop\\software.exe", "FileVersion": "10.0.17134.1 (WinBuild.160101.0800)", "ParentProcessId": "6556", "CurrentDirectory": "C:\\Users\\george\\Desktop\\", "CommandLine": "\"sc.exe\" config SstpSvc start= disabled", "EventID": "1", "LogonGuid": "C784477D-52D2-6407-4937-040000000000", "LogonId": "276297", "Image": "C:\\Windows\\SysWOW64\\sc.exe", "IntegrityLevel": "High", "ParentCommandLine": "\"C:\\Users\\george\\Desktop\\software.exe\"", "UtcTime": "1681886841", "RuleName": "-"}}], "rule_level": "medium", "rule_id": "b55af83c751d2c7bca8dbba245a97017e34109bff34fd50b02f60a91111ea703", "rule_source": "Sigma Integrated Rule Set (GitHub)", "rule_title": "Service StartupType Change Via Sc.EXE", "rule_description": "Detect the use of \"sc.exe\" to change the startup type of a service to \"disabled\" or \"demand\"", "rule_author": "Nasreddine Bencherchali (Nextron Systems)"}, {"match_context": [{"values": {"TerminalSessionId": "1", "ProcessGuid": "{C784477D-8E58-643F-720A-000000004A00}", "ProcessId": "6704", "Product": "Microsoft\\xae Windows\\xae Operating System", "Description": "Net Command", "Company": "Microsoft Corporation", "ParentProcessGuid": "{C784477D-8E57-643F-700A-000000004A00}", "User": "DESKTOP-B0T93D6\\george", "Hashes": "MD5=DD0561156F62BC1958CE0E370B23711B,SHA256=FD41D0261C6D22572DA448BCB5CBBB98F78A2922D1F1074D25237CC82C8CE432,IMPHASH=86350518EAE83E4A09BBF6317BA1C570", "OriginalFileName": "net.exe", "ParentImage": "C:\\Users\\george\\Desktop\\software.exe", "FileVersion": "10.0.17134.1 (WinBuild.160101.0800)", "ParentProcessId": "6556", "CurrentDirectory": "C:\\Users\\george\\Desktop\\", "CommandLine": "\"net.exe\" stop avpsus /y", "EventID": "1", "LogonGuid": "C784477D-52D2-6407-4937-040000000000", "LogonId": "276297", "Image": "C:\\Windows\\SysWOW64\\net.exe", "IntegrityLevel": "High", "ParentCommandLine": "\"C:\\Users\\george\\Desktop\\software.exe\"", "UtcTime": "1681886808", "RuleName": "-"}}, {"values": {"TerminalSessionId": "1", "ProcessGuid": "{C784477D-8E58-643F-740A-000000004A00}", "ProcessId": "6048", "Product": "Microsoft\\xae Windows\\xae Operating System", "Description": "Net Command", "Company": "Microsoft Corporation", "ParentProcessGuid": "{C784477D-8E58-643F-720A-000000004A00}", "User": "DESKTOP-B0T93D6\\george", "Hashes": "MD5=B5A26C2BF17222E86B91D26F1247AF3E,SHA256=14CC5BE4C833ACC652195DEAD113E1C3B4AC0B98EA1AEAD11957836F9AE721CF,IMPHASH=3D3E7537BD3BA07738DC5CA8AD01B073", "OriginalFileName": "net1.exe", "ParentImage": "C:\\Windows\\SysWOW64\\net.exe", "FileVersion": "10.0.17134.1 (WinBuild.160101.0800)", "ParentProcessId": "6704", "CurrentDirectory": "C:\\Users\\george\\Desktop\\", "CommandLine": "C:\\Windows\\system32\\net1 stop avpsus /y", "EventID": "1", "LogonGuid": "C784477D-52D2-6407-4937-040000000000", "LogonId": "276297", "Image": "C:\\Windows\\SysWOW64\\net1.exe", "IntegrityLevel": "High", "ParentCommandLine": "\"net.exe\" stop avpsus /y", "UtcTime": "1681886808", "RuleName": "-"}}, {"values": {"TerminalSessionId": "1", "ProcessGuid": "{C784477D-8E59-643F-750A-000000004A00}", "ProcessId": "5704", "Product": "Microsoft\\xae Windows\\xae Operating System", "Description": "Net Command", "Company": "Microsoft Corporation", "ParentProcessGuid": "{C784477D-8E57-643F-700A-000000004A00}", "User": "DESKTOP-B0T93D6\\george", "Hashes": "MD5=DD0561156F62BC1958CE0E370B23711B,SHA256=FD41D0261C6D22572DA448BCB5CBBB98F78A2922D1F1074D25237CC82C8CE432,IMPHASH=86350518EAE83E4A09BBF6317BA1C570", "OriginalFileName": "net.exe", "ParentImage": "C:\\Users\\george\\Desktop\\software.exe", "FileVersion": "10.0.17134.1 (WinBuild.160101.0800)", "ParentProcessId": "6556", "CurrentDirectory": "C:\\Users\\george\\Desktop\\", "CommandLine": "\"net.exe\" stop McAfeeDLPAgentService /y", "EventID": "1", "LogonGuid": "C784477D-52D2-6407-4937-040000000000", "LogonId": "276297", "Image": "C:\\Windows\\SysWOW64\\net.exe", "IntegrityLevel": "High", "ParentCommandLine": "\"C:\\Users\\george\\Desktop\\software.exe\"", "UtcTime": "1681886809", "RuleName": "-"}}, {"values": {"TerminalSessionId": "1", "ProcessGuid": "{C784477D-8E5A-643F-770A-000000004A00}", "ProcessId": "2504", "Product": "Microsoft\\xae Windows\\xae Operating System", "Description": "Net Command", "Company": "Microsoft Corporation", "ParentProcessGuid": "{C784477D-8E59-643F-750A-000000004A00}", "User": "DESKTOP-B0T93D6\\george", "Hashes": "MD5=B5A26C2BF17222E86B91D26F1247AF3E,SHA256=14CC5BE4C833ACC652195DEAD113E1C3B4AC0B98EA1AEAD11957836F9AE721CF,IMPHASH=3D3E7537BD3BA07738DC5CA8AD01B073", "OriginalFileName": "net1.exe", "ParentImage": "C:\\Windows\\SysWOW64\\net.exe", "FileVersion": "10.0.17134.1 (WinBuild.160101.0800)", "ParentProcessId": "5704", "CurrentDirectory": "C:\\Users\\george\\Desktop\\", "CommandLine": "C:\\Windows\\system32\\net1 stop McAfeeDLPAgentService /y", "EventID": "1", "LogonGuid": "C784477D-52D2-6407-4937-040000000000", "LogonId": "276297", "Image": "C:\\Windows\\SysWOW64\\net1.exe", "IntegrityLevel": "High", "ParentCommandLine": "\"net.exe\" stop McAfeeDLPAgentService /y", "UtcTime": "1681886810", "RuleName": "-"}}, {"values": {"TerminalSessionId": "1", "ProcessGuid": "{C784477D-8E5A-643F-780A-000000004A00}", "ProcessId": "5360", "Product": "Microsoft\\xae Windows\\xae Operating System", "Description": "Net Command", "Company": "Microsoft Corporation", "ParentProcessGuid": "{C784477D-8E57-643F-700A-000000004A00}", "User": "DESKTOP-B0T93D6\\george", "Hashes": "MD5=DD0561156F62BC1958CE0E370B23711B,SHA256=FD41D0261C6D22572DA448BCB5CBBB98F78A2922D1F1074D25237CC82C8CE432,IMPHASH=86350518EAE83E4A09BBF6317BA1C570", "OriginalFileName": "net.exe", "ParentImage": "C:\\Users\\george\\Desktop\\software.exe", "FileVersion": "10.0.17134.1 (WinBuild.160101.0800)", "ParentProcessId": "6556", "CurrentDirectory": "C:\\Users\\george\\Desktop\\", "CommandLine": "\"net.exe\" stop mfewc /y", "EventID": "1", "LogonGuid": "C784477D-52D2-6407-4937-040000000000", "LogonId": "276297", "Image": "C:\\Windows\\SysWOW64\\net.exe", "IntegrityLevel": "High", "ParentCommandLine": "\"C:\\Users\\george\\Desktop\\software.exe\"", "UtcTime": "1681886810", "RuleName": "-"}}, {"values": {"TerminalSessionId": "1", "ProcessGuid": "{C784477D-8E5B-643F-7A0A-000000004A00}", "ProcessId": "6780", "Product": "Microsoft\\xae Windows\\xae Operating System", "Description": "Net Command", "Company": "Microsoft Corporation", "ParentProcessGuid": "{C784477D-8E5A-643F-780A-000000004A00}", "User": "DESKTOP-B0T93D6\\george", "Hashes": "MD5=B5A26C2BF17222E86B91D26F1247AF3E,SHA256=14CC5BE4C833ACC652195DEAD113E1C3B4AC0B98EA1AEAD11957836F9AE721CF,IMPHASH=3D3E7537BD3BA07738DC5CA8AD01B073", "OriginalFileName": "net1.exe", "ParentImage": "C:\\Windows\\SysWOW64\\net.exe", "FileVersion": "10.0.17134.1 (WinBuild.160101.0800)", "ParentProcessId": "5360", "CurrentDirectory": "C:\\Users\\george\\Desktop\\", "CommandLine": "C:\\Windows\\system32\\net1 stop mfewc /y", "EventID": "1", "LogonGuid": "C784477D-52D2-6407-4937-040000000000", "LogonId": "276297", "Image": "C:\\Windows\\SysWOW64\\net1.exe", "IntegrityLevel": "High", "ParentCommandLine": "\"net.exe\" stop mfewc /y", "UtcTime": "1681886811", "RuleName": "-"}}, {"values": {"TerminalSessionId": "1", "ProcessGuid": "{C784477D-8E5C-643F-7B0A-000000004A00}", "ProcessId": "6748", "Product": "Microsoft\\xae Windows\\xae Operating System", "Description": "Net Command", "Company": "Microsoft Corporation", "ParentProcessGuid": "{C784477D-8E57-643F-700A-000000004A00}", "User": "DESKTOP-B0T93D6\\george", "Hashes": "MD5=DD0561156F62BC1958CE0E370B23711B,SHA256=FD41D0261C6D22572DA448BCB5CBBB98F78A2922D1F1074D25237CC82C8CE432,IMPHASH=86350518EAE83E4A09BBF6317BA1C570", "OriginalFileName": "net.exe", "ParentImage": "C:\\Users\\george\\Desktop\\software.exe", "FileVersion": "10.0.17134.1 (WinBuild.160101.0800)", "ParentProcessId": "6556", "CurrentDirectory": "C:\\Users\\george\\Desktop\\", "CommandLine": "\"net.exe\" stop BMR Boot Service /y", "EventID": "1", "LogonGuid": "C784477D-52D2-6407-4937-040000000000", "LogonId": "276297", "Image": "C:\\Windows\\SysWOW64\\net.exe", "IntegrityLevel": "High", "ParentCommandLine": "\"C:\\Users\\george\\Desktop\\software.exe\"", "UtcTime": "1681886812", "RuleName": "-"}}, {"values": {"TerminalSessionId": "1", "ProcessGuid": "{C784477D-8E5C-643F-7D0A-000000004A00}", "ProcessId": "2128", "Product": "Microsoft\\xae Windows\\xae Operating System", "Description": "Net Command", "Company": "Microsoft Corporation", "ParentProcessGuid": "{C784477D-8E5C-643F-7B0A-000000004A00}", "User": "DESKTOP-B0T93D6\\george", "Hashes": "MD5=B5A26C2BF17222E86B91D26F1247AF3E,SHA256=14CC5BE4C833ACC652195DEAD113E1C3B4AC0B98EA1AEAD11957836F9AE721CF,IMPHASH=3D3E7537BD3BA07738DC5CA8AD01B073", "OriginalFileName": "net1.exe", "ParentImage": "C:\\Windows\\SysWOW64\\net.exe", "FileVersion": "10.0.17134.1 (WinBuild.160101.0800)", "ParentProcessId": "6748", "CurrentDirectory": "C:\\Users\\george\\Desktop\\", "CommandLine": "C:\\Windows\\system32\\net1 stop BMR Boot Service /y", "EventID": "1", "LogonGuid": "C784477D-52D2-6407-4937-040000000000", "LogonId": "276297", "Image": "C:\\Windows\\SysWOW64\\net1.exe", "IntegrityLevel": "High", "ParentCommandLine": "\"net.exe\" stop BMR Boot Service /y", "UtcTime": "1681886812", "RuleName": "-"}}, {"values": {"TerminalSessionId": "1", "ProcessGuid": "{C784477D-8E5D-643F-7E0A-000000004A00}", "ProcessId": "2392", "Product": "Microsoft\\xae Windows\\xae Operating System", "Description": "Net Command", "Company": "Microsoft Corporation", "ParentProcessGuid": "{C784477D-8E57-643F-700A-000000004A00}", "User": "DESKTOP-B0T93D6\\george", "Hashes": "MD5=DD0561156F62BC1958CE0E370B23711B,SHA256=FD41D0261C6D22572DA448BCB5CBBB98F78A2922D1F1074D25237CC82C8CE432,IMPHASH=86350518EAE83E4A09BBF6317BA1C570", "OriginalFileName": "net.exe", "ParentImage": "C:\\Users\\george\\Desktop\\software.exe", "FileVersion": "10.0.17134.1 (WinBuild.160101.0800)", "ParentProcessId": "6556", "CurrentDirectory": "C:\\Users\\george\\Desktop\\", "CommandLine": "\"net.exe\" stop NetBackup BMR MTFTP Service /y", "EventID": "1", "LogonGuid": "C784477D-52D2-6407-4937-040000000000", "LogonId": "276297", "Image": "C:\\Windows\\SysWOW64\\net.exe", "IntegrityLevel": "High", "ParentCommandLine": "\"C:\\Users\\george\\Desktop\\software.exe\"", "UtcTime": "1681886813", "RuleName": "-"}}, {"values": {"TerminalSessionId": "1", "ProcessGuid": "{C784477D-8E5D-643F-800A-000000004A00}", "ProcessId": "5604", "Product": "Microsoft\\xae Windows\\xae Operating System", "Description": "Net Command", "Company": "Microsoft Corporation", "ParentProcessGuid": "{C784477D-8E5D-643F-7E0A-000000004A00}", "User": "DESKTOP-B0T93D6\\george", "Hashes": "MD5=B5A26C2BF17222E86B91D26F1247AF3E,SHA256=14CC5BE4C833ACC652195DEAD113E1C3B4AC0B98EA1AEAD11957836F9AE721CF,IMPHASH=3D3E7537BD3BA07738DC5CA8AD01B073", "OriginalFileName": "net1.exe", "ParentImage": "C:\\Windows\\SysWOW64\\net.exe", "FileVersion": "10.0.17134.1 (WinBuild.160101.0800)", "ParentProcessId": "2392", "CurrentDirectory": "C:\\Users\\george\\Desktop\\", "CommandLine": "C:\\Windows\\system32\\net1 stop NetBackup BMR MTFTP Service /y", "EventID": "1", "LogonGuid": "C784477D-52D2-6407-4937-040000000000", "LogonId": "276297", "Image": "C:\\Windows\\SysWOW64\\net1.exe", "IntegrityLevel": "High", "ParentCommandLine": "\"net.exe\" stop NetBackup BMR MTFTP Service /y", "UtcTime": "1681886813", "RuleName": "-"}}, {"values": {"TerminalSessionId": "1", "ProcessGuid": "{C784477D-8E5E-643F-810A-000000004A00}", "ProcessId": "6860", "Product": "Microsoft\\xae Windows\\xae Operating System", "Description": "Net Command", "Company": "Microsoft Corporation", "ParentProcessGuid": "{C784477D-8E57-643F-700A-000000004A00}", "User": "DESKTOP-B0T93D6\\george", "Hashes": "MD5=DD0561156F62BC1958CE0E370B23711B,SHA256=FD41D0261C6D22572DA448BCB5CBBB98F78A2922D1F1074D25237CC82C8CE432,IMPHASH=86350518EAE83E4A09BBF6317BA1C570", "OriginalFileName": "net.exe", "ParentImage": "C:\\Users\\george\\Desktop\\software.exe", "FileVersion": "10.0.17134.1 (WinBuild.160101.0800)", "ParentProcessId": "6556", "CurrentDirectory": "C:\\Users\\george\\Desktop\\", "CommandLine": "\"net.exe\" stop DefWatch /y", "EventID": "1", "LogonGuid": "C784477D-52D2-6407-4937-040000000000", "LogonId": "276297", "Image": "C:\\Windows\\SysWOW64\\net.exe", "IntegrityLevel": "High", "ParentCommandLine": "\"C:\\Users\\george\\Desktop\\software.exe\"", "UtcTime": "1681886814", "RuleName": "-"}}, {"values": {"TerminalSessionId": "1", "ProcessGuid": "{C784477D-8E5F-643F-830A-000000004A00}", "ProcessId": "5700", "Product": "Microsoft\\xae Windows\\xae Operating System", "Description": "Net Command", "Company": "Microsoft Corporation", "ParentProcessGuid": "{C784477D-8E5E-643F-810A-000000004A00}", "User": "DESKTOP-B0T93D6\\george", "Hashes": "MD5=B5A26C2BF17222E86B91D26F1247AF3E,SHA256=14CC5BE4C833ACC652195DEAD113E1C3B4AC0B98EA1AEAD11957836F9AE721CF,IMPHASH=3D3E7537BD3BA07738DC5CA8AD01B073", "OriginalFileName": "net1.exe", "ParentImage": "C:\\Windows\\SysWOW64\\net.exe", "FileVersion": "10.0.17134.1 (WinBuild.160101.0800)", "ParentProcessId": "6860", "CurrentDirectory": "C:\\Users\\george\\Desktop\\", "CommandLine": "C:\\Windows\\system32\\net1 stop DefWatch /y", "EventID": "1", "LogonGuid": "C784477D-52D2-6407-4937-040000000000", "LogonId": "276297", "Image": "C:\\Windows\\SysWOW64\\net1.exe", "IntegrityLevel": "High", "ParentCommandLine": "\"net.exe\" stop DefWatch /y", "UtcTime": "1681886815", "RuleName": "-"}}, {"values": {"TerminalSessionId": "1", "ProcessGuid": "{C784477D-8E5F-643F-840A-000000004A00}", "ProcessId": "6884", "Product": "Microsoft\\xae Windows\\xae Operating System", "Description": "Net Command", "Company": "Microsoft Corporation", "ParentProcessGuid": "{C784477D-8E57-643F-700A-000000004A00}", "User": "DESKTOP-B0T93D6\\george", "Hashes": "MD5=DD0561156F62BC1958CE0E370B23711B,SHA256=FD41D0261C6D22572DA448BCB5CBBB98F78A2922D1F1074D25237CC82C8CE432,IMPHASH=86350518EAE83E4A09BBF6317BA1C570", "OriginalFileName": "net.exe", "ParentImage": "C:\\Users\\george\\Desktop\\software.exe", "FileVersion": "10.0.17134.1 (WinBuild.160101.0800)", "ParentProcessId": "6556", "CurrentDirectory": "C:\\Users\\george\\Desktop\\", "CommandLine": "\"net.exe\" stop ccEvtMgr /y", "EventID": "1", "LogonGuid": "C784477D-52D2-6407-4937-040000000000", "LogonId": "276297", "Image": "C:\\Windows\\SysWOW64\\net.exe", "IntegrityLevel": "High", "ParentCommandLine": "\"C:\\Users\\george\\Desktop\\software.exe\"", "UtcTime": "1681886815", "RuleName": "-"}}, {"values": {"TerminalSessionId": "1", "ProcessGuid": "{C784477D-8E5F-643F-860A-000000004A00}", "ProcessId": "6872", "Product": "Microsoft\\xae Windows\\xae Operating System", "Description": "Net Command", "Company": "Microsoft Corporation", "ParentProcessGuid": "{C784477D-8E5F-643F-840A-000000004A00}", "User": "DESKTOP-B0T93D6\\george", "Hashes": "MD5=B5A26C2BF17222E86B91D26F1247AF3E,SHA256=14CC5BE4C833ACC652195DEAD113E1C3B4AC0B98EA1AEAD11957836F9AE721CF,IMPHASH=3D3E7537BD3BA07738DC5CA8AD01B073", "OriginalFileName": "net1.exe", "ParentImage": "C:\\Windows\\SysWOW64\\net.exe", "FileVersion": "10.0.17134.1 (WinBuild.160101.0800)", "ParentProcessId": "6884", "CurrentDirectory": "C:\\Users\\george\\Desktop\\", "CommandLine": "C:\\Windows\\system32\\net1 stop ccEvtMgr /y", "EventID": "1", "LogonGuid": "C784477D-52D2-6407-4937-040000000000", "LogonId": "276297", "Image": "C:\\Windows\\SysWOW64\\net1.exe", "IntegrityLevel": "High", "ParentCommandLine": "\"net.exe\" stop ccEvtMgr /y", "UtcTime": "1681886815", "RuleName": "-"}}, {"values": {"TerminalSessionId": "1", "ProcessGuid": "{C784477D-8E60-643F-870A-000000004A00}", "ProcessId": "6908", "Product": "Microsoft\\xae Windows\\xae Operating System", "Description": "Net Command", "Company": "Microsoft Corporation", "ParentProcessGuid": "{C784477D-8E57-643F-700A-000000004A00}", "User": "DESKTOP-B0T93D6\\george", "Hashes": "MD5=DD0561156F62BC1958CE0E370B23711B,SHA256=FD41D0261C6D22572DA448BCB5CBBB98F78A2922D1F1074D25237CC82C8CE432,IMPHASH=86350518EAE83E4A09BBF6317BA1C570", "OriginalFileName": "net.exe", "ParentImage": "C:\\Users\\george\\Desktop\\software.exe", "FileVersion": "10.0.17134.1 (WinBuild.160101.0800)", "ParentProcessId": "6556", "CurrentDirectory": "C:\\Users\\george\\Desktop\\", "CommandLine": "\"net.exe\" stop ccSetMgr /y", "EventID": "1", "LogonGuid": "C784477D-52D2-6407-4937-040000000000", "LogonId": "276297", "Image": "C:\\Windows\\SysWOW64\\net.exe", "IntegrityLevel": "High", "ParentCommandLine": "\"C:\\Users\\george\\Desktop\\software.exe\"", "UtcTime": "1681886816", "RuleName": "-"}}, {"values": {"TerminalSessionId": "1", "ProcessGuid": "{C784477D-8E61-643F-890A-000000004A00}", "ProcessId": "7004", "Product": "Microsoft\\xae Windows\\xae Operating System", "Description": "Net Command", "Company": "Microsoft Corporation", "ParentProcessGuid": "{C784477D-8E60-643F-870A-000000004A00}", "User": "DESKTOP-B0T93D6\\george", "Hashes": "MD5=B5A26C2BF17222E86B91D26F1247AF3E,SHA256=14CC5BE4C833ACC652195DEAD113E1C3B4AC0B98EA1AEAD11957836F9AE721CF,IMPHASH=3D3E7537BD3BA07738DC5CA8AD01B073", "OriginalFileName": "net1.exe", "ParentImage": "C:\\Windows\\SysWOW64\\net.exe", "FileVersion": "10.0.17134.1 (WinBuild.160101.0800)", "ParentProcessId": "6908", "CurrentDirectory": "C:\\Users\\george\\Desktop\\", "CommandLine": "C:\\Windows\\system32\\net1 stop ccSetMgr /y", "EventID": "1", "LogonGuid": "C784477D-52D2-6407-4937-040000000000", "LogonId": "276297", "Image": "C:\\Windows\\SysWOW64\\net1.exe", "IntegrityLevel": "High", "ParentCommandLine": "\"net.exe\" stop ccSetMgr /y", "UtcTime": "1681886817", "RuleName": "-"}}, {"values": {"TerminalSessionId": "1", "ProcessGuid": "{C784477D-8E61-643F-8A0A-000000004A00}", "ProcessId": "6960", "Product": "Microsoft\\xae Windows\\xae Operating System", "Description": "Net Command", "Company": "Microsoft Corporation", "ParentProcessGuid": "{C784477D-8E57-643F-700A-000000004A00}", "User": "DESKTOP-B0T93D6\\george", "Hashes": "MD5=DD0561156F62BC1958CE0E370B23711B,SHA256=FD41D0261C6D22572DA448BCB5CBBB98F78A2922D1F1074D25237CC82C8CE432,IMPHASH=86350518EAE83E4A09BBF6317BA1C570", "OriginalFileName": "net.exe", "ParentImage": "C:\\Users\\george\\Desktop\\software.exe", "FileVersion": "10.0.17134.1 (WinBuild.160101.0800)", "ParentProcessId": "6556", "CurrentDirectory": "C:\\Users\\george\\Desktop\\", "CommandLine": "\"net.exe\" stop SavRoam /y", "EventID": "1", "LogonGuid": "C784477D-52D2-6407-4937-040000000000", "LogonId": "276297", "Image": "C:\\Windows\\SysWOW64\\net.exe", "IntegrityLevel": "High", "ParentCommandLine": "\"C:\\Users\\george\\Desktop\\software.exe\"", "UtcTime": "1681886817", "RuleName": "-"}}, {"values": {"TerminalSessionId": "1", "ProcessGuid": "{C784477D-8E62-643F-8C0A-000000004A00}", "ProcessId": "4048", "Product": "Microsoft\\xae Windows\\xae Operating System", "Description": "Net Command", "Company": "Microsoft Corporation", "ParentProcessGuid": "{C784477D-8E61-643F-8A0A-000000004A00}", "User": "DESKTOP-B0T93D6\\george", "Hashes": "MD5=B5A26C2BF17222E86B91D26F1247AF3E,SHA256=14CC5BE4C833ACC652195DEAD113E1C3B4AC0B98EA1AEAD11957836F9AE721CF,IMPHASH=3D3E7537BD3BA07738DC5CA8AD01B073", "OriginalFileName": "net1.exe", "ParentImage": "C:\\Windows\\SysWOW64\\net.exe", "FileVersion": "10.0.17134.1 (WinBuild.160101.0800)", "ParentProcessId": "6960", "CurrentDirectory": "C:\\Users\\george\\Desktop\\", "CommandLine": "C:\\Windows\\system32\\net1 stop SavRoam /y", "EventID": "1", "LogonGuid": "C784477D-52D2-6407-4937-040000000000", "LogonId": "276297", "Image": "C:\\Windows\\SysWOW64\\net1.exe", "IntegrityLevel": "High", "ParentCommandLine": "\"net.exe\" stop SavRoam /y", "UtcTime": "1681886818", "RuleName": "-"}}, {"values": {"TerminalSessionId": "1", "ProcessGuid": "{C784477D-8E62-643F-8D0A-000000004A00}", "ProcessId": "7124", "Product": "Microsoft\\xae Windows\\xae Operating System", "Description": "Net Command", "Company": "Microsoft Corporation", "ParentProcessGuid": "{C784477D-8E57-643F-700A-000000004A00}", "User": "DESKTOP-B0T93D6\\george", "Hashes": "MD5=DD0561156F62BC1958CE0E370B23711B,SHA256=FD41D0261C6D22572DA448BCB5CBBB98F78A2922D1F1074D25237CC82C8CE432,IMPHASH=86350518EAE83E4A09BBF6317BA1C570", "OriginalFileName": "net.exe", "ParentImage": "C:\\Users\\george\\Desktop\\software.exe", "FileVersion": "10.0.17134.1 (WinBuild.160101.0800)", "ParentProcessId": "6556", "CurrentDirectory": "C:\\Users\\george\\Desktop\\", "CommandLine": "\"net.exe\" stop RTVscan /y", "EventID": "1", "LogonGuid": "C784477D-52D2-6407-4937-040000000000", "LogonId": "276297", "Image": "C:\\Windows\\SysWOW64\\net.exe", "IntegrityLevel": "High", "ParentCommandLine": "\"C:\\Users\\george\\Desktop\\software.exe\"", "UtcTime": "1681886818", "RuleName": "-"}}, {"values": {"TerminalSessionId": "1", "ProcessGuid": "{C784477D-8E63-643F-8F0A-000000004A00}", "ProcessId": "6192", "Product": "Microsoft\\xae Windows\\xae Operating System", "Description": "Net Command", "Company": "Microsoft Corporation", "ParentProcessGuid": "{C784477D-8E62-643F-8D0A-000000004A00}", "User": "DESKTOP-B0T93D6\\george", "Hashes": "MD5=B5A26C2BF17222E86B91D26F1247AF3E,SHA256=14CC5BE4C833ACC652195DEAD113E1C3B4AC0B98EA1AEAD11957836F9AE721CF,IMPHASH=3D3E7537BD3BA07738DC5CA8AD01B073", "OriginalFileName": "net1.exe", "ParentImage": "C:\\Windows\\SysWOW64\\net.exe", "FileVersion": "10.0.17134.1 (WinBuild.160101.0800)", "ParentProcessId": "7124", "CurrentDirectory": "C:\\Users\\george\\Desktop\\", "CommandLine": "C:\\Windows\\system32\\net1 stop RTVscan /y", "EventID": "1", "LogonGuid": "C784477D-52D2-6407-4937-040000000000", "LogonId": "276297", "Image": "C:\\Windows\\SysWOW64\\net1.exe", "IntegrityLevel": "High", "ParentCommandLine": "\"net.exe\" stop RTVscan /y", "UtcTime": "1681886819", "RuleName": "-"}}, {"values": {"TerminalSessionId": "1", "ProcessGuid": "{C784477D-8E63-643F-900A-000000004A00}", "ProcessId": "268", "Product": "Microsoft\\xae Windows\\xae Operating System", "Description": "Net Command", "Company": "Microsoft Corporation", "ParentProcessGuid": "{C784477D-8E57-643F-700A-000000004A00}", "User": "DESKTOP-B0T93D6\\george", "Hashes": "MD5=DD0561156F62BC1958CE0E370B23711B,SHA256=FD41D0261C6D22572DA448BCB5CBBB98F78A2922D1F1074D25237CC82C8CE432,IMPHASH=86350518EAE83E4A09BBF6317BA1C570", "OriginalFileName": "net.exe", "ParentImage": "C:\\Users\\george\\Desktop\\software.exe", "FileVersion": "10.0.17134.1 (WinBuild.160101.0800)", "ParentProcessId": "6556", "CurrentDirectory": "C:\\Users\\george\\Desktop\\", "CommandLine": "\"net.exe\" stop QBFCService /y", "EventID": "1", "LogonGuid": "C784477D-52D2-6407-4937-040000000000", "LogonId": "276297", "Image": "C:\\Windows\\SysWOW64\\net.exe", "IntegrityLevel": "High", "ParentCommandLine": "\"C:\\Users\\george\\Desktop\\software.exe\"", "UtcTime": "1681886819", "RuleName": "-"}}, {"values": {"TerminalSessionId": "1", "ProcessGuid": "{C784477D-8E64-643F-920A-000000004A00}", "ProcessId": "5540", "Product": "Microsoft\\xae Windows\\xae Operating System", "Description": "Net Command", "Company": "Microsoft Corporation", "ParentProcessGuid": "{C784477D-8E63-643F-900A-000000004A00}", "User": "DESKTOP-B0T93D6\\george", "Hashes": "MD5=B5A26C2BF17222E86B91D26F1247AF3E,SHA256=14CC5BE4C833ACC652195DEAD113E1C3B4AC0B98EA1AEAD11957836F9AE721CF,IMPHASH=3D3E7537BD3BA07738DC5CA8AD01B073", "OriginalFileName": "net1.exe", "ParentImage": "C:\\Windows\\SysWOW64\\net.exe", "FileVersion": "10.0.17134.1 (WinBuild.160101.0800)", "ParentProcessId": "268", "CurrentDirectory": "C:\\Users\\george\\Desktop\\", "CommandLine": "C:\\Windows\\system32\\net1 stop QBFCService /y", "EventID": "1", "LogonGuid": "C784477D-52D2-6407-4937-040000000000", "LogonId": "276297", "Image": "C:\\Windows\\SysWOW64\\net1.exe", "IntegrityLevel": "High", "ParentCommandLine": "\"net.exe\" stop QBFCService /y", "UtcTime": "1681886820", "RuleName": "-"}}, {"values": {"TerminalSessionId": "1", "ProcessGuid": "{C784477D-8E66-643F-960A-000000004A00}", "ProcessId": "3416", "Product": "Microsoft\\xae Windows\\xae Operating System", "Description": "Net Command", "Company": "Microsoft Corporation", "ParentProcessGuid": "{C784477D-8E57-643F-700A-000000004A00}", "User": "DESKTOP-B0T93D6\\george", "Hashes": "MD5=DD0561156F62BC1958CE0E370B23711B,SHA256=FD41D0261C6D22572DA448BCB5CBBB98F78A2922D1F1074D25237CC82C8CE432,IMPHASH=86350518EAE83E4A09BBF6317BA1C570", "OriginalFileName": "net.exe", "ParentImage": "C:\\Users\\george\\Desktop\\software.exe", "FileVersion": "10.0.17134.1 (WinBuild.160101.0800)", "ParentProcessId": "6556", "CurrentDirectory": "C:\\Users\\george\\Desktop\\", "CommandLine": "\"net.exe\" stop Intuit.QuickBooks.FCS /y", "EventID": "1", "LogonGuid": "C784477D-52D2-6407-4937-040000000000", "LogonId": "276297", "Image": "C:\\Windows\\SysWOW64\\net.exe", "IntegrityLevel": "High", "ParentCommandLine": "\"C:\\Users\\george\\Desktop\\software.exe\"", "UtcTime": "1681886822", "RuleName": "-"}}, {"values": {"TerminalSessionId": "1", "ProcessGuid": "{C784477D-8E67-643F-980A-000000004A00}", "ProcessId": "3004", "Product": "Microsoft\\xae Windows\\xae Operating System", "Description": "Net Command", "Company": "Microsoft Corporation", "ParentProcessGuid": "{C784477D-8E66-643F-960A-000000004A00}", "User": "DESKTOP-B0T93D6\\george", "Hashes": "MD5=B5A26C2BF17222E86B91D26F1247AF3E,SHA256=14CC5BE4C833ACC652195DEAD113E1C3B4AC0B98EA1AEAD11957836F9AE721CF,IMPHASH=3D3E7537BD3BA07738DC5CA8AD01B073", "OriginalFileName": "net1.exe", "ParentImage": "C:\\Windows\\SysWOW64\\net.exe", "FileVersion": "10.0.17134.1 (WinBuild.160101.0800)", "ParentProcessId": "3416", "CurrentDirectory": "C:\\Users\\george\\Desktop\\", "CommandLine": "C:\\Windows\\system32\\net1 stop Intuit.QuickBooks.FCS /y", "EventID": "1", "LogonGuid": "C784477D-52D2-6407-4937-040000000000", "LogonId": "276297", "Image": "C:\\Windows\\SysWOW64\\net1.exe", "IntegrityLevel": "High", "ParentCommandLine": "\"net.exe\" stop Intuit.QuickBooks.FCS /y", "UtcTime": "1681886823", "RuleName": "-"}}, {"values": {"TerminalSessionId": "1", "ProcessGuid": "{C784477D-8E68-643F-990A-000000004A00}", "ProcessId": "4676", "Product": "Microsoft\\xae Windows\\xae Operating System", "Description": "Net Command", "Company": "Microsoft Corporation", "ParentProcessGuid": "{C784477D-8E57-643F-700A-000000004A00}", "User": "DESKTOP-B0T93D6\\george", "Hashes": "MD5=DD0561156F62BC1958CE0E370B23711B,SHA256=FD41D0261C6D22572DA448BCB5CBBB98F78A2922D1F1074D25237CC82C8CE432,IMPHASH=86350518EAE83E4A09BBF6317BA1C570", "OriginalFileName": "net.exe", "ParentImage": "C:\\Users\\george\\Desktop\\software.exe", "FileVersion": "10.0.17134.1 (WinBuild.160101.0800)", "ParentProcessId": "6556", "CurrentDirectory": "C:\\Users\\george\\Desktop\\", "CommandLine": "\"net.exe\" stop QBCFMonitorService /y", "EventID": "1", "LogonGuid": "C784477D-52D2-6407-4937-040000000000", "LogonId": "276297", "Image": "C:\\Windows\\SysWOW64\\net.exe", "IntegrityLevel": "High", "ParentCommandLine": "\"C:\\Users\\george\\Desktop\\software.exe\"", "UtcTime": "1681886824", "RuleName": "-"}}, {"values": {"TerminalSessionId": "1", "ProcessGuid": "{C784477D-8E69-643F-9B0A-000000004A00}", "ProcessId": "976", "Product": "Microsoft\\xae Windows\\xae Operating System", "Description": "Net Command", "Company": "Microsoft Corporation", "ParentProcessGuid": "{C784477D-8E68-643F-990A-000000004A00}", "User": "DESKTOP-B0T93D6\\george", "Hashes": "MD5=B5A26C2BF17222E86B91D26F1247AF3E,SHA256=14CC5BE4C833ACC652195DEAD113E1C3B4AC0B98EA1AEAD11957836F9AE721CF,IMPHASH=3D3E7537BD3BA07738DC5CA8AD01B073", "OriginalFileName": "net1.exe", "ParentImage": "C:\\Windows\\SysWOW64\\net.exe", "FileVersion": "10.0.17134.1 (WinBuild.160101.0800)", "ParentProcessId": "4676", "CurrentDirectory": "C:\\Users\\george\\Desktop\\", "CommandLine": "C:\\Windows\\system32\\net1 stop QBCFMonitorService /y", "EventID": "1", "LogonGuid": "C784477D-52D2-6407-4937-040000000000", "LogonId": "276297", "Image": "C:\\Windows\\SysWOW64\\net1.exe", "IntegrityLevel": "High", "ParentCommandLine": "\"net.exe\" stop QBCFMonitorService /y", "UtcTime": "1681886825", "RuleName": "-"}}, {"values": {"TerminalSessionId": "1", "ProcessGuid": "{C784477D-8E69-643F-9C0A-000000004A00}", "ProcessId": "5356", "Product": "Microsoft\\xae Windows\\xae Operating System", "Description": "Net Command", "Company": "Microsoft Corporation", "ParentProcessGuid": "{C784477D-8E57-643F-700A-000000004A00}", "User": "DESKTOP-B0T93D6\\george", "Hashes": "MD5=DD0561156F62BC1958CE0E370B23711B,SHA256=FD41D0261C6D22572DA448BCB5CBBB98F78A2922D1F1074D25237CC82C8CE432,IMPHASH=86350518EAE83E4A09BBF6317BA1C570", "OriginalFileName": "net.exe", "ParentImage": "C:\\Users\\george\\Desktop\\software.exe", "FileVersion": "10.0.17134.1 (WinBuild.160101.0800)", "ParentProcessId": "6556", "CurrentDirectory": "C:\\Users\\george\\Desktop\\", "CommandLine": "\"net.exe\" stop YooBackup /y", "EventID": "1", "LogonGuid": "C784477D-52D2-6407-4937-040000000000", "LogonId": "276297", "Image": "C:\\Windows\\SysWOW64\\net.exe", "IntegrityLevel": "High", "ParentCommandLine": "\"C:\\Users\\george\\Desktop\\software.exe\"", "UtcTime": "1681886825", "RuleName": "-"}}, {"values": {"TerminalSessionId": "1", "ProcessGuid": "{C784477D-8E6A-643F-9E0A-000000004A00}", "ProcessId": "1364", "Product": "Microsoft\\xae Windows\\xae Operating System", "Description": "Net Command", "Company": "Microsoft Corporation", "ParentProcessGuid": "{C784477D-8E69-643F-9C0A-000000004A00}", "User": "DESKTOP-B0T93D6\\george", "Hashes": "MD5=B5A26C2BF17222E86B91D26F1247AF3E,SHA256=14CC5BE4C833ACC652195DEAD113E1C3B4AC0B98EA1AEAD11957836F9AE721CF,IMPHASH=3D3E7537BD3BA07738DC5CA8AD01B073", "OriginalFileName": "net1.exe", "ParentImage": "C:\\Windows\\SysWOW64\\net.exe", "FileVersion": "10.0.17134.1 (WinBuild.160101.0800)", "ParentProcessId": "5356", "CurrentDirectory": "C:\\Users\\george\\Desktop\\", "CommandLine": "C:\\Windows\\system32\\net1 stop YooBackup /y", "EventID": "1", "LogonGuid": "C784477D-52D2-6407-4937-040000000000", "LogonId": "276297", "Image": "C:\\Windows\\SysWOW64\\net1.exe", "IntegrityLevel": "High", "ParentCommandLine": "\"net.exe\" stop YooBackup /y", "UtcTime": "1681886826", "RuleName": "-"}}, {"values": {"TerminalSessionId": "1", "ProcessGuid": "{C784477D-8E6A-643F-9F0A-000000004A00}", "ProcessId": "6764", "Product": "Microsoft\\xae Windows\\xae Operating System", "Description": "Net Command", "Company": "Microsoft Corporation", "ParentProcessGuid": "{C784477D-8E57-643F-700A-000000004A00}", "User": "DESKTOP-B0T93D6\\george", "Hashes": "MD5=DD0561156F62BC1958CE0E370B23711B,SHA256=FD41D0261C6D22572DA448BCB5CBBB98F78A2922D1F1074D25237CC82C8CE432,IMPHASH=86350518EAE83E4A09BBF6317BA1C570", "OriginalFileName": "net.exe", "ParentImage": "C:\\Users\\george\\Desktop\\software.exe", "FileVersion": "10.0.17134.1 (WinBuild.160101.0800)", "ParentProcessId": "6556", "CurrentDirectory": "C:\\Users\\george\\Desktop\\", "CommandLine": "\"net.exe\" stop YooIT /y", "EventID": "1", "LogonGuid": "C784477D-52D2-6407-4937-040000000000", "LogonId": "276297", "Image": "C:\\Windows\\SysWOW64\\net.exe", "IntegrityLevel": "High", "ParentCommandLine": "\"C:\\Users\\george\\Desktop\\software.exe\"", "UtcTime": "1681886826", "RuleName": "-"}}, {"values": {"TerminalSessionId": "1", "ProcessGuid": "{C784477D-8E6B-643F-A10A-000000004A00}", "ProcessId": "6800", "Product": "Microsoft\\xae Windows\\xae Operating System", "Description": "Net Command", "Company": "Microsoft Corporation", "ParentProcessGuid": "{C784477D-8E6A-643F-9F0A-000000004A00}", "User": "DESKTOP-B0T93D6\\george", "Hashes": "MD5=B5A26C2BF17222E86B91D26F1247AF3E,SHA256=14CC5BE4C833ACC652195DEAD113E1C3B4AC0B98EA1AEAD11957836F9AE721CF,IMPHASH=3D3E7537BD3BA07738DC5CA8AD01B073", "OriginalFileName": "net1.exe", "ParentImage": "C:\\Windows\\SysWOW64\\net.exe", "FileVersion": "10.0.17134.1 (WinBuild.160101.0800)", "ParentProcessId": "6764", "CurrentDirectory": "C:\\Users\\george\\Desktop\\", "CommandLine": "C:\\Windows\\system32\\net1 stop YooIT /y", "EventID": "1", "LogonGuid": "C784477D-52D2-6407-4937-040000000000", "LogonId": "276297", "Image": "C:\\Windows\\SysWOW64\\net1.exe", "IntegrityLevel": "High", "ParentCommandLine": "\"net.exe\" stop YooIT /y", "UtcTime": "1681886827", "RuleName": "-"}}, {"values": {"TerminalSessionId": "1", "ProcessGuid": "{C784477D-8E6C-643F-A20A-000000004A00}", "ProcessId": "3160", "Product": "Microsoft\\xae Windows\\xae Operating System", "Description": "Net Command", "Company": "Microsoft Corporation", "ParentProcessGuid": "{C784477D-8E57-643F-700A-000000004A00}", "User": "DESKTOP-B0T93D6\\george", "Hashes": "MD5=DD0561156F62BC1958CE0E370B23711B,SHA256=FD41D0261C6D22572DA448BCB5CBBB98F78A2922D1F1074D25237CC82C8CE432,IMPHASH=86350518EAE83E4A09BBF6317BA1C570", "OriginalFileName": "net.exe", "ParentImage": "C:\\Users\\george\\Desktop\\software.exe", "FileVersion": "10.0.17134.1 (WinBuild.160101.0800)", "ParentProcessId": "6556", "CurrentDirectory": "C:\\Users\\george\\Desktop\\", "CommandLine": "\"net.exe\" stop zhudongfangyu /y", "EventID": "1", "LogonGuid": "C784477D-52D2-6407-4937-040000000000", "LogonId": "276297", "Image": "C:\\Windows\\SysWOW64\\net.exe", "IntegrityLevel": "High", "ParentCommandLine": "\"C:\\Users\\george\\Desktop\\software.exe\"", "UtcTime": "1681886828", "RuleName": "-"}}, {"values": {"TerminalSessionId": "1", "ProcessGuid": "{C784477D-8E6C-643F-A40A-000000004A00}", "ProcessId": "4144", "Product": "Microsoft\\xae Windows\\xae Operating System", "Description": "Net Command", "Company": "Microsoft Corporation", "ParentProcessGuid": "{C784477D-8E6C-643F-A20A-000000004A00}", "User": "DESKTOP-B0T93D6\\george", "Hashes": "MD5=B5A26C2BF17222E86B91D26F1247AF3E,SHA256=14CC5BE4C833ACC652195DEAD113E1C3B4AC0B98EA1AEAD11957836F9AE721CF,IMPHASH=3D3E7537BD3BA07738DC5CA8AD01B073", "OriginalFileName": "net1.exe", "ParentImage": "C:\\Windows\\SysWOW64\\net.exe", "FileVersion": "10.0.17134.1 (WinBuild.160101.0800)", "ParentProcessId": "3160", "CurrentDirectory": "C:\\Users\\george\\Desktop\\", "CommandLine": "C:\\Windows\\system32\\net1 stop zhudongfangyu /y", "EventID": "1", "LogonGuid": "C784477D-52D2-6407-4937-040000000000", "LogonId": "276297", "Image": "C:\\Windows\\SysWOW64\\net1.exe", "IntegrityLevel": "High", "ParentCommandLine": "\"net.exe\" stop zhudongfangyu /y", "UtcTime": "1681886828", "RuleName": "-"}}, {"values": {"TerminalSessionId": "1", "ProcessGuid": "{C784477D-8E6D-643F-A50A-000000004A00}", "ProcessId": "1160", "Product": "Microsoft\\xae Windows\\xae Operating System", "Description": "Net Command", "Company": "Microsoft Corporation", "ParentProcessGuid": "{C784477D-8E57-643F-700A-000000004A00}", "User": "DESKTOP-B0T93D6\\george", "Hashes": "MD5=DD0561156F62BC1958CE0E370B23711B,SHA256=FD41D0261C6D22572DA448BCB5CBBB98F78A2922D1F1074D25237CC82C8CE432,IMPHASH=86350518EAE83E4A09BBF6317BA1C570", "OriginalFileName": "net.exe", "ParentImage": "C:\\Users\\george\\Desktop\\software.exe", "FileVersion": "10.0.17134.1 (WinBuild.160101.0800)", "ParentProcessId": "6556", "CurrentDirectory": "C:\\Users\\george\\Desktop\\", "CommandLine": "\"net.exe\" stop stc_raw_agent /y", "EventID": "1", "LogonGuid": "C784477D-52D2-6407-4937-040000000000", "LogonId": "276297", "Image": "C:\\Windows\\SysWOW64\\net.exe", "IntegrityLevel": "High", "ParentCommandLine": "\"C:\\Users\\george\\Desktop\\software.exe\"", "UtcTime": "1681886829", "RuleName": "-"}}, {"values": {"TerminalSessionId": "1", "ProcessGuid": "{C784477D-8E6D-643F-A70A-000000004A00}", "ProcessId": "5604", "Product": "Microsoft\\xae Windows\\xae Operating System", "Description": "Net Command", "Company": "Microsoft Corporation", "ParentProcessGuid": "{C784477D-8E6D-643F-A50A-000000004A00}", "User": "DESKTOP-B0T93D6\\george", "Hashes": "MD5=B5A26C2BF17222E86B91D26F1247AF3E,SHA256=14CC5BE4C833ACC652195DEAD113E1C3B4AC0B98EA1AEAD11957836F9AE721CF,IMPHASH=3D3E7537BD3BA07738DC5CA8AD01B073", "OriginalFileName": "net1.exe", "ParentImage": "C:\\Windows\\SysWOW64\\net.exe", "FileVersion": "10.0.17134.1 (WinBuild.160101.0800)", "ParentProcessId": "1160", "CurrentDirectory": "C:\\Users\\george\\Desktop\\", "CommandLine": "C:\\Windows\\system32\\net1 stop stc_raw_agent /y", "EventID": "1", "LogonGuid": "C784477D-52D2-6407-4937-040000000000", "LogonId": "276297", "Image": "C:\\Windows\\SysWOW64\\net1.exe", "IntegrityLevel": "High", "ParentCommandLine": "\"net.exe\" stop stc_raw_agent /y", "UtcTime": "1681886829", "RuleName": "-"}}, {"values": {"TerminalSessionId": "1", "ProcessGuid": "{C784477D-8E6E-643F-A80A-000000004A00}", "ProcessId": "1952", "Product": "Microsoft\\xae Windows\\xae Operating System", "Description": "Net Command", "Company": "Microsoft Corporation", "ParentProcessGuid": "{C784477D-8E57-643F-700A-000000004A00}", "User": "DESKTOP-B0T93D6\\george", "Hashes": "MD5=DD0561156F62BC1958CE0E370B23711B,SHA256=FD41D0261C6D22572DA448BCB5CBBB98F78A2922D1F1074D25237CC82C8CE432,IMPHASH=86350518EAE83E4A09BBF6317BA1C570", "OriginalFileName": "net.exe", "ParentImage": "C:\\Users\\george\\Desktop\\software.exe", "FileVersion": "10.0.17134.1 (WinBuild.160101.0800)", "ParentProcessId": "6556", "CurrentDirectory": "C:\\Users\\george\\Desktop\\", "CommandLine": "\"net.exe\" stop VSNAPVSS /y", "EventID": "1", "LogonGuid": "C784477D-52D2-6407-4937-040000000000", "LogonId": "276297", "Image": "C:\\Windows\\SysWOW64\\net.exe", "IntegrityLevel": "High", "ParentCommandLine": "\"C:\\Users\\george\\Desktop\\software.exe\"", "UtcTime": "1681886830", "RuleName": "-"}}, 