{"values": {"TerminalSessionId": "1", "ProcessGuid": "{C784477D-81C6-64C9-5906-000000004400}", "ProcessId": "6484", "Product": "Microsoft\\xae Windows\\xae Operating System", "Description": "Command Line Interface for Microsoft\\xae Volume Shadow Copy Service ", "Company": "Microsoft Corporation", "ParentProcessGuid": "{C784477D-81C0-64C9-1706-000000004400}", "User": "DESKTOP-B0T93D6\\george", "Hashes": "MD5=47D51216EF45075B5F7EAA117CC70E40,SHA256=C946C4EDA61355A1B8E134E7A184A15C9A358B9675B6172A83E4937AE9EF4B03,IMPHASH=C1EDC431CD345F0A0F32019895D13FCE", "OriginalFileName": "VSSADMIN.EXE", "ParentImage": "C:\\Users\\george\\AppData\\Roaming\\Microsoft\\Windows\\Start Menu\\Programs\\Startup\\ctfmom.exe", "FileVersion": "10.0.17134.1 (WinBuild.160101.0800)", "ParentProcessId": "4080", "CurrentDirectory": "C:\\Users\\george\\AppData\\Roaming\\Microsoft\\Windows\\Start Menu\\Programs\\Startup\\", "CommandLine": "\"vssadmin.exe\" resize shadowstorage /for=g: /on=g: /maxsize=401MB", "EventID": "1", "LogonGuid": "C784477D-0C77-648C-1BFC-030000000000", "LogonId": "261147", "Image": "C:\\Windows\\System32\\vssadmin.exe", "IntegrityLevel": "Medium", "ParentCommandLine": "\"C:\\Users\\george\\AppData\\Roaming\\Microsoft\\Windows\\Start Menu\\Programs\\Startup\\ctfmom.exe\" ", "UtcTime": "1690927558", "RuleName": "-"}}, {"values": {"TerminalSessionId": "1", "ProcessGuid": "{C784477D-81C6-64C9-5B06-000000004400}", "ProcessId": "7012", "Product": "Microsoft\\xae Windows\\xae Operating System", "Description": "Command Line Interface for Microsoft\\xae Volume Shadow Copy Service ", "Company": "Microsoft Corporation", "ParentProcessGuid": "{C784477D-81C0-64C9-1706-000000004400}", "User": "DESKTOP-B0T93D6\\george", "Hashes": "MD5=47D51216EF45075B5F7EAA117CC70E40,SHA256=C946C4EDA61355A1B8E134E7A184A15C9A358B9675B6172A83E4937AE9EF4B03,IMPHASH=C1EDC431CD345F0A0F32019895D13FCE", "OriginalFileName": "VSSADMIN.EXE", "ParentImage": "C:\\Users\\george\\AppData\\Roaming\\Microsoft\\Windows\\Start Menu\\Programs\\Startup\\ctfmom.exe", "FileVersion": "10.0.17134.1 (WinBuild.160101.0800)", "ParentProcessId": "4080", "CurrentDirectory": "C:\\Users\\george\\AppData\\Roaming\\Microsoft\\Windows\\Start Menu\\Programs\\Startup\\", "CommandLine": "\"vssadmin.exe\" resize shadowstorage /for=g: /on=g: /maxsize=unbounded", "EventID": "1", "LogonGuid": "C784477D-0C77-648C-1BFC-030000000000", "LogonId": "261147", "Image": "C:\\Windows\\System32\\vssadmin.exe", "IntegrityLevel": "Medium", "ParentCommandLine": "\"C:\\Users\\george\\AppData\\Roaming\\Microsoft\\Windows\\Start Menu\\Programs\\Startup\\ctfmom.exe\" ", "UtcTime": "1690927558", "RuleName": "-"}}, {"values": {"TerminalSessionId": "1", "ProcessGuid": "{C784477D-81C6-64C9-5D06-000000004400}", "ProcessId": "7900", "Product": "Microsoft\\xae Windows\\xae Operating System", "Description": "Command Line Interface for Microsoft\\xae Volume Shadow Copy Service ", "Company": "Microsoft Corporation", "ParentProcessGuid": "{C784477D-81C0-64C9-1706-000000004400}", "User": "DESKTOP-B0T93D6\\george", "Hashes": "MD5=47D51216EF45075B5F7EAA117CC70E40,SHA256=C946C4EDA61355A1B8E134E7A184A15C9A358B9675B6172A83E4937AE9EF4B03,IMPHASH=C1EDC431CD345F0A0F32019895D13FCE", "OriginalFileName": "VSSADMIN.EXE", "ParentImage": "C:\\Users\\george\\AppData\\Roaming\\Microsoft\\Windows\\Start Menu\\Programs\\Startup\\ctfmom.exe", "FileVersion": "10.0.17134.1 (WinBuild.160101.0800)", "ParentProcessId": "4080", "CurrentDirectory": "C:\\Users\\george\\AppData\\Roaming\\Microsoft\\Windows\\Start Menu\\Programs\\Startup\\", "CommandLine": "\"vssadmin.exe\" resize shadowstorage /for=h: /on=h: /maxsize=401MB", "EventID": "1", "LogonGuid": "C784477D-0C77-648C-1BFC-030000000000", "LogonId": "261147", "Image": "C:\\Windows\\System32\\vssadmin.exe", "IntegrityLevel": "Medium", "ParentCommandLine": "\"C:\\Users\\george\\AppData\\Roaming\\Microsoft\\Windows\\Start Menu\\Programs\\Startup\\ctfmom.exe\" ", "UtcTime": "1690927558", "RuleName": "-"}}, {"values": {"TerminalSessionId": "1", "ProcessGuid": "{C784477D-81C6-64C9-5F06-000000004400}", "ProcessId": "4604", "Product": "Microsoft\\xae Windows\\xae Operating System", "Description": "Command Line Interface for Microsoft\\xae Volume Shadow Copy Service ", "Company": "Microsoft Corporation", "ParentProcessGuid": "{C784477D-81C0-64C9-1706-000000004400}", "User": "DESKTOP-B0T93D6\\george", "Hashes": "MD5=47D51216EF45075B5F7EAA117CC70E40,SHA256=C946C4EDA61355A1B8E134E7A184A15C9A358B9675B6172A83E4937AE9EF4B03,IMPHASH=C1EDC431CD345F0A0F32019895D13FCE", "OriginalFileName": "VSSADMIN.EXE", "ParentImage": "C:\\Users\\george\\AppData\\Roaming\\Microsoft\\Windows\\Start Menu\\Programs\\Startup\\ctfmom.exe", "FileVersion": "10.0.17134.1 (WinBuild.160101.0800)", "ParentProcessId": "4080", "CurrentDirectory": "C:\\Users\\george\\AppData\\Roaming\\Microsoft\\Windows\\Start Menu\\Programs\\Startup\\", "CommandLine": "\"vssadmin.exe\" resize shadowstorage /for=h: /on=h: /maxsize=unbounded", "EventID": "1", "LogonGuid": "C784477D-0C77-648C-1BFC-030000000000", "LogonId": "261147", "Image": "C:\\Windows\\System32\\vssadmin.exe", "IntegrityLevel": "Medium", "ParentCommandLine": "\"C:\\Users\\george\\AppData\\Roaming\\Microsoft\\Windows\\Start Menu\\Programs\\Startup\\ctfmom.exe\" ", "UtcTime": "1690927558", "RuleName": "-"}}, {"values": {"TerminalSessionId": "1", "ProcessGuid": "{C784477D-81C7-64C9-6106-000000004400}", "ProcessId": "3924", "Product": "Microsoft\\xae Windows\\xae Operating System", "Description": "Command Line Interface for Microsoft\\xae Volume Shadow Copy Service ", "Company": "Microsoft Corporation", "ParentProcessGuid": "{C784477D-81C0-64C9-1706-000000004400}", "User": "DESKTOP-B0T93D6\\george", "Hashes": "MD5=47D51216EF45075B5F7EAA117CC70E40,SHA256=C946C4EDA61355A1B8E134E7A184A15C9A358B9675B6172A83E4937AE9EF4B03,IMPHASH=C1EDC431CD345F0A0F32019895D13FCE", "OriginalFileName": "VSSADMIN.EXE", "ParentImage": "C:\\Users\\george\\AppData\\Roaming\\Microsoft\\Windows\\Start Menu\\Programs\\Startup\\ctfmom.exe", "FileVersion": "10.0.17134.1 (WinBuild.160101.0800)", "ParentProcessId": "4080", "CurrentDirectory": "C:\\Users\\george\\AppData\\Roaming\\Microsoft\\Windows\\Start Menu\\Programs\\Startup\\", "CommandLine": "\"vssadmin.exe\" Delete Shadows /all /quiet", "EventID": "1", "LogonGuid": "C784477D-0C77-648C-1BFC-030000000000", "LogonId": "261147", "Image": "C:\\Windows\\System32\\vssadmin.exe", "IntegrityLevel": "Medium", "ParentCommandLine": "\"C:\\Users\\george\\AppData\\Roaming\\Microsoft\\Windows\\Start Menu\\Programs\\Startup\\ctfmom.exe\" ", "UtcTime": "1690927559", "RuleName": "-"}}], "rule_level": "high", "rule_id": "ad5e4d4b939797a70a9aa742d979a4742c2cfedddd663fb1a43b2795c1e6054b", "rule_source": "Sigma Integrated Rule Set (GitHub)", "rule_title": "Shadow Copies Deletion Using Operating Systems Utilities", "rule_description": "Shadow Copies deletion using operating systems utilities", "rule_author": "Florian Roth (Nextron Systems), Michael Haag, Teymur Kheirkhabarov, Daniil Yugoslavskiy, oscd.community, Andreas Hunkeler (@Karneades)"}, {"match_context": [{"values": {"TerminalSessionId": "1", "ProcessGuid": "{C784477D-81BA-64C9-F905-000000004400}", "ProcessId": "2704", "Product": "Microsoft\\xae Windows\\xae Operating System", "Description": "Service Control Manager Configuration Tool", "Company": "Microsoft Corporation", "ParentProcessGuid": "{C784477D-81B4-64C9-E605-000000004400}", "User": "DESKTOP-B0T93D6\\george", "Hashes": "MD5=D79784553A9410D15E04766AAAB77CD6,SHA256=AEB241959F4A7B7C29F45D27FD65C5326F9592D25BADD1A7659DE0DA351BF96E,IMPHASH=7D296975925315BE8D57D0C67B133359", "OriginalFileName": "sc.exe", "ParentImage": "C:\\Users\\george\\AppData\\Roaming\\Microsoft\\Windows\\Start Menu\\Programs\\Startup\\ctfmom.exe", "FileVersion": "10.0.17134.1 (WinBuild.160101.0800)", "ParentProcessId": "7532", "CurrentDirectory": "C:\\Users\\george\\Desktop\\", "CommandLine": "\"sc.exe\" config SQLTELEMETRY start= disabled", "EventID": "1", "LogonGuid": "C784477D-0C77-648C-B1FB-030000000000", "LogonId": "261041", "Image": "C:\\Windows\\System32\\sc.exe", "IntegrityLevel": "High", "ParentCommandLine": "\"C:\\Users\\george\\AppData\\Roaming\\Microsoft\\Windows\\Start Menu\\Programs\\Startup\\ctfmom.exe\" ", "UtcTime": "1690927546", "RuleName": "-"}}, {"values": {"TerminalSessionId": "1", "ProcessGuid": "{C784477D-81BA-64C9-FB05-000000004400}", "ProcessId": "3532", "Product": "Microsoft\\xae Windows\\xae Operating System", "Description": "Service Control Manager Configuration Tool", "Company": "Microsoft Corporation", "ParentProcessGuid": "{C784477D-81B4-64C9-E605-000000004400}", "User": "DESKTOP-B0T93D6\\george", "Hashes": "MD5=D79784553A9410D15E04766AAAB77CD6,SHA256=AEB241959F4A7B7C29F45D27FD65C5326F9592D25BADD1A7659DE0DA351BF96E,IMPHASH=7D296975925315BE8D57D0C67B133359", "OriginalFileName": "sc.exe", "ParentImage": "C:\\Users\\george\\AppData\\Roaming\\Microsoft\\Windows\\Start Menu\\Programs\\Startup\\ctfmom.exe", "FileVersion": "10.0.17134.1 (WinBuild.160101.0800)", "ParentProcessId": "7532", "CurrentDirectory": "C:\\Users\\george\\Desktop\\", "CommandLine": "\"sc.exe\" config SQLTELEMETRY$ECWDB2 start= disabled", "EventID": "1", "LogonGuid": "C784477D-0C77-648C-B1FB-030000000000", "LogonId": "261041", "Image": "C:\\Windows\\System32\\sc.exe", "IntegrityLevel": "High", "ParentCommandLine": "\"C:\\Users\\george\\AppData\\Roaming\\Microsoft\\Windows\\Start Menu\\Programs\\Startup\\ctfmom.exe\" ", "UtcTime": "1690927546", "RuleName": "-"}}, {"values": {"TerminalSessionId": "1", "ProcessGuid": "{C784477D-81BA-64C9-FD05-000000004400}", "ProcessId": "7552", "Product": "Microsoft\\xae Windows\\xae Operating System", "Description": "Service Control Manager Configuration Tool", "Company": "Microsoft Corporation", "ParentProcessGuid": "{C784477D-81B4-64C9-E605-000000004400}", "User": "DESKTOP-B0T93D6\\george", "Hashes": "MD5=D79784553A9410D15E04766AAAB77CD6,SHA256=AEB241959F4A7B7C29F45D27FD65C5326F9592D25BADD1A7659DE0DA351BF96E,IMPHASH=7D296975925315BE8D57D0C67B133359", "OriginalFileName": "sc.exe", "ParentImage": "C:\\Users\\george\\AppData\\Roaming\\Microsoft\\Windows\\Start Menu\\Programs\\Startup\\ctfmom.exe", "FileVersion": "10.0.17134.1 (WinBuild.160101.0800)", "ParentProcessId": "7532", "CurrentDirectory": "C:\\Users\\george\\Desktop\\", "CommandLine": "\"sc.exe\" config SQLWriter start= disabled", "EventID": "1", "LogonGuid": "C784477D-0C77-648C-B1FB-030000000000", "LogonId": "261041", "Image": "C:\\Windows\\System32\\sc.exe", "IntegrityLevel": "High", "ParentCommandLine": "\"C:\\Users\\george\\AppData\\Roaming\\Microsoft\\Windows\\Start Menu\\Programs\\Startup\\ctfmom.exe\" ", "UtcTime": "1690927546", "RuleName": "-"}}, {"values": {"TerminalSessionId": "1", "ProcessGuid": "{C784477D-81BB-64C9-FF05-000000004400}", "ProcessId": "8028", "Product": "Microsoft\\xae Windows\\xae Operating System", "Description": "Service Control Manager Configuration Tool", "Company": "Microsoft Corporation", "ParentProcessGuid": "{C784477D-81B4-64C9-E605-000000004400}", "User": "DESKTOP-B0T93D6\\george", "Hashes": "MD5=D79784553A9410D15E04766AAAB77CD6,SHA256=AEB241959F4A7B7C29F45D27FD65C5326F9592D25BADD1A7659DE0DA351BF96E,IMPHASH=7D296975925315BE8D57D0C67B133359", "OriginalFileName": "sc.exe", "ParentImage": "C:\\Users\\george\\AppData\\Roaming\\Microsoft\\Windows\\Start Menu\\Programs\\Startup\\ctfmom.exe", "FileVersion": "10.0.17134.1 (WinBuild.160101.0800)", "ParentProcessId": "7532", "CurrentDirectory": "C:\\Users\\george\\Desktop\\", "CommandLine": "\"sc.exe\" config SstpSvc start= disabled", "EventID": "1", "LogonGuid": "C784477D-0C77-648C-B1FB-030000000000", "LogonId": "261041", "Image": "C:\\Windows\\System32\\sc.exe", "IntegrityLevel": "High", "ParentCommandLine": "\"C:\\Users\\george\\AppData\\Roaming\\Microsoft\\Windows\\Start Menu\\Programs\\Startup\\ctfmom.exe\" ", "UtcTime": "1690927547", "RuleName": "-"}}, {"values": {"TerminalSessionId": "1", "ProcessGuid": "{C784477D-81C5-64C9-3506-000000004400}", "ProcessId": "5208", "Product": "Microsoft\\xae Windows\\xae Operating System", "Description": "Service Control Manager Configuration Tool", "Company": "Microsoft Corporation", "ParentProcessGuid": "{C784477D-81C0-64C9-1706-000000004400}", "User": "DESKTOP-B0T93D6\\george", "Hashes": "MD5=D79784553A9410D15E04766AAAB77CD6,SHA256=AEB241959F4A7B7C29F45D27FD65C5326F9592D25BADD1A7659DE0DA351BF96E,IMPHASH=7D296975925315BE8D57D0C67B133359", "OriginalFileName": "sc.exe", "ParentImage": "C:\\Users\\george\\AppData\\Roaming\\Microsoft\\Windows\\Start Menu\\Programs\\Startup\\ctfmom.exe", "FileVersion": "10.0.17134.1 (WinBuild.160101.0800)", "ParentProcessId": "4080", "CurrentDirectory": "C:\\Users\\george\\AppData\\Roaming\\Microsoft\\Windows\\Start Menu\\Programs\\Startup\\", "CommandLine": "\"sc.exe\" config SQLTELEMETRY start= disabled", "EventID": "1", "LogonGuid": "C784477D-0C77-648C-1BFC-030000000000", "LogonId": "261147", "Image": "C:\\Windows\\System32\\sc.exe", "IntegrityLevel": "Medium", "ParentCommandLine": "\"C:\\Users\\george\\AppData\\Roaming\\Microsoft\\Windows\\Start Menu\\Programs\\Startup\\ctfmom.exe\" ", "UtcTime": "1690927557", "RuleName": "-"}}, {"values": {"TerminalSessionId": "1", "ProcessGuid": "{C784477D-81C5-64C9-3706-000000004400}", "ProcessId": "2656", "Product": "Microsoft\\xae Windows\\xae Operating System", "Description": "Service Control Manager Configuration Tool", "Company": "Microsoft Corporation", "ParentProcessGuid": "{C784477D-81C0-64C9-1706-000000004400}", "User": "DESKTOP-B0T93D6\\george", "Hashes": "MD5=D79784553A9410D15E04766AAAB77CD6,SHA256=AEB241959F4A7B7C29F45D27FD65C5326F9592D25BADD1A7659DE0DA351BF96E,IMPHASH=7D296975925315BE8D57D0C67B133359", "OriginalFileName": "sc.exe", "ParentImage": "C:\\Users\\george\\AppData\\Roaming\\Microsoft\\Windows\\Start Menu\\Programs\\Startup\\ctfmom.exe", "FileVersion": "10.0.17134.1 (WinBuild.160101.0800)", "ParentProcessId": "4080", "CurrentDirectory": "C:\\Users\\george\\AppData\\Roaming\\Microsoft\\Windows\\Start Menu\\Programs\\Startup\\", "CommandLine": "\"sc.exe\" config SQLTELEMETRY$ECWDB2 start= disabled", "EventID": "1", "LogonGuid": "C784477D-0C77-648C-1BFC-030000000000", "LogonId": "261147", "Image": "C:\\Windows\\System32\\sc.exe", "IntegrityLevel": "Medium", "ParentCommandLine": "\"C:\\Users\\george\\AppData\\Roaming\\Microsoft\\Windows\\Start Menu\\Programs\\Startup\\ctfmom.exe\" ", "UtcTime": "1690927557", "RuleName": "-"}}, {"values": {"TerminalSessionId": "1", "ProcessGuid": "{C784477D-81C5-64C9-3A06-000000004400}", "ProcessId": "4952", "Product": "Microsoft\\xae Windows\\xae Operating System", "Description": "Service Control Manager Configuration Tool", "Company": "Microsoft Corporation", "ParentProcessGuid": "{C784477D-81C0-64C9-1706-000000004400}", "User": "DESKTOP-B0T93D6\\george", "Hashes": "MD5=D79784553A9410D15E04766AAAB77CD6,SHA256=AEB241959F4A7B7C29F45D27FD65C5326F9592D25BADD1A7659DE0DA351BF96E,IMPHASH=7D296975925315BE8D57D0C67B133359", "OriginalFileName": "sc.exe", "ParentImage": "C:\\Users\\george\\AppData\\Roaming\\Microsoft\\Windows\\Start Menu\\Programs\\Startup\\ctfmom.exe", "FileVersion": "10.0.17134.1 (WinBuild.160101.0800)", "ParentProcessId": "4080", "CurrentDirectory": "C:\\Users\\george\\AppData\\Roaming\\Microsoft\\Windows\\Start Menu\\Programs\\Startup\\", "CommandLine": "\"sc.exe\" config SQLWriter start= disabled", "EventID": "1", "LogonGuid": "C784477D-0C77-648C-1BFC-030000000000", "LogonId": "261147", "Image": "C:\\Windows\\System32\\sc.exe", "IntegrityLevel": "Medium", "ParentCommandLine": "\"C:\\Users\\george\\AppData\\Roaming\\Microsoft\\Windows\\Start Menu\\Programs\\Startup\\ctfmom.exe\" ", "UtcTime": "1690927557", "RuleName": "-"}}, {"values": {"TerminalSessionId": "1", "ProcessGuid": "{C784477D-81C5-64C9-3F06-000000004400}", "ProcessId": "6800", "Product": "Microsoft\\xae Windows\\xae Operating System", "Description": "Service Control Manager Configuration Tool", "Company": "Microsoft Corporation", "ParentProcessGuid": "{C784477D-81C0-64C9-1706-000000004400}", "User": "DESKTOP-B0T93D6\\george", "Hashes": "MD5=D79784553A9410D15E04766AAAB77CD6,SHA256=AEB241959F4A7B7C29F45D27FD65C5326F9592D25BADD1A7659DE0DA351BF96E,IMPHASH=7D296975925315BE8D57D0C67B133359", "OriginalFileName": "sc.exe", "ParentImage": "C:\\Users\\george\\AppData\\Roaming\\Microsoft\\Windows\\Start Menu\\Programs\\Startup\\ctfmom.exe", "FileVersion": "10.0.17134.1 (WinBuild.160101.0800)", "ParentProcessId": "4080", "CurrentDirectory": "C:\\Users\\george\\AppData\\Roaming\\Microsoft\\Windows\\Start Menu\\Programs\\Startup\\", "CommandLine": "\"sc.exe\" config SstpSvc start= disabled", "EventID": "1", "LogonGuid": "C784477D-0C77-648C-1BFC-030000000000", "LogonId": "261147", "Image": "C:\\Windows\\System32\\sc.exe", "IntegrityLevel": "Medium", "ParentCommandLine": "\"C:\\Users\\george\\AppData\\Roaming\\Microsoft\\Windows\\Start Menu\\Programs\\Startup\\ctfmom.exe\" ", "UtcTime": "1690927557", "RuleName": "-"}}], "rule_level": "medium", "rule_id": "b55af83c751d2c7bca8dbba245a97017e34109bff34fd50b02f60a91111ea703", "rule_source": "Sigma Integrated Rule Set (GitHub)", "rule_title": "Service StartupType Change Via Sc.EXE", "rule_description": "Detect the use of \"sc.exe\" to change the startup type of a service to \"disabled\" or \"demand\"", "rule_author": "Nasreddine Bencherchali (Nextron Systems)"}, {"match_context": [{"values": {"TerminalSessionId": "1", "ProcessGuid": "{C784477D-81B7-64C9-EA05-000000004400}", "ProcessId": "7800", "Product": "Microsoft\\xae Windows\\xae Operating System", "Description": "Net Command", "Company": "Microsoft Corporation", "ParentProcessGuid": "{C784477D-81B4-64C9-E605-000000004400}", "User": "DESKTOP-B0T93D6\\george", "Hashes": "MD5=15534275EDAABC58159DD0F8607A71E5,SHA256=E9739D544EE0D428696036CBD656C41DCC505B67CC43DBA7C6BEC4E3959282AC,IMPHASH=EB2C2924EA23E1A5FB0E3F53F46CB709", "OriginalFileName": "net.exe", "ParentImage": "C:\\Users\\george\\AppData\\Roaming\\Microsoft\\Windows\\Start Menu\\Programs\\Startup\\ctfmom.exe", "FileVersion": "10.0.17134.1 (WinBuild.160101.0800)", "ParentProcessId": "7532", "CurrentDirectory": "C:\\Users\\george\\Desktop\\", "CommandLine": "\"net.exe\" stop avpsus /y", "EventID": "1", "LogonGuid": "C784477D-0C77-648C-B1FB-030000000000", "LogonId": "261041", "Image": "C:\\Windows\\System32\\net.exe", "IntegrityLevel": "High", "ParentCommandLine": "\"C:\\Users\\george\\AppData\\Roaming\\Microsoft\\Windows\\Start Menu\\Programs\\Startup\\ctfmom.exe\" ", "UtcTime": "1690927543", "RuleName": "-"}}, {"values": {"TerminalSessionId": "1", "ProcessGuid": "{C784477D-81B7-64C9-EC05-000000004400}", "ProcessId": "5324", "Product": "Microsoft\\xae Windows\\xae Operating System", "Description": "Net Command", "Company": "Microsoft Corporation", "ParentProcessGuid": "{C784477D-81B7-64C9-EA05-000000004400}", "User": "DESKTOP-B0T93D6\\george", "Hashes": "MD5=AF569DE92AB6C1B9C681AF1E799F9983,SHA256=FFC30745BE3B6C2771FC4B2993CFF50B5226B271C412467E97B1DC1086DEA888,IMPHASH=5322AC1A3CFF9C8A2AE16A789E26231E", "OriginalFileName": "net1.exe", "ParentImage": "C:\\Windows\\System32\\net.exe", "FileVersion": "10.0.17134.1 (WinBuild.160101.0800)", "ParentProcessId": "7800", "CurrentDirectory": "C:\\Users\\george\\Desktop\\", "CommandLine": "C:\\Windows\\system32\\net1 stop avpsus /y", "EventID": "1", "LogonGuid": "C784477D-0C77-648C-B1FB-030000000000", "LogonId": "261041", "Image": "C:\\Windows\\System32\\net1.exe", "IntegrityLevel": "High", "ParentCommandLine": "\"net.exe\" stop avpsus /y", "UtcTime": "1690927543", "RuleName": "-"}}, {"values": {"TerminalSessionId": "1", "ProcessGuid": "{C784477D-81B8-64C9-ED05-000000004400}", "ProcessId": "7960", "Product": "Microsoft\\xae Windows\\xae Operating System", "Description": "Net Command", "Company": "Microsoft Corporation", "ParentProcessGuid": "{C784477D-81B4-64C9-E605-000000004400}", "User": "DESKTOP-B0T93D6\\george", "Hashes": "MD5=15534275EDAABC58159DD0F8607A71E5,SHA256=E9739D544EE0D428696036CBD656C41DCC505B67CC43DBA7C6BEC4E3959282AC,IMPHASH=EB2C2924EA23E1A5FB0E3F53F46CB709", "OriginalFileName": "net.exe", "ParentImage": "C:\\Users\\george\\AppData\\Roaming\\Microsoft\\Windows\\Start Menu\\Programs\\Startup\\ctfmom.exe", "FileVersion": "10.0.17134.1 (WinBuild.160101.0800)", "ParentProcessId": "7532", "CurrentDirectory": "C:\\Users\\george\\Desktop\\", "CommandLine": "\"net.exe\" stop McAfeeDLPAgentService /y", "EventID": "1", "LogonGuid": "C784477D-0C77-648C-B1FB-030000000000", "LogonId": "261041", "Image": "C:\\Windows\\System32\\net.exe", "IntegrityLevel": "High", "ParentCommandLine": "\"C:\\Users\\george\\AppData\\Roaming\\Microsoft\\Windows\\Start Menu\\Programs\\Startup\\ctfmom.exe\" ", "UtcTime": "1690927544", "RuleName": "-"}}, {"values": {"TerminalSessionId": "1", "ProcessGuid": "{C784477D-81B8-64C9-EF05-000000004400}", "ProcessId": "7904", "Product": "Microsoft\\xae Windows\\xae Operating System", "Description": "Net Command", "Company": "Microsoft Corporation", "ParentProcessGuid": "{C784477D-81B8-64C9-ED05-000000004400}", "User": "DESKTOP-B0T93D6\\george", "Hashes": "MD5=AF569DE92AB6C1B9C681AF1E799F9983,SHA256=FFC30745BE3B6C2771FC4B2993CFF50B5226B271C412467E97B1DC1086DEA888,IMPHASH=5322AC1A3CFF9C8A2AE16A789E26231E", "OriginalFileName": "net1.exe", "ParentImage": "C:\\Windows\\System32\\net.exe", "FileVersion": "10.0.17134.1 (WinBuild.160101.0800)", "ParentProcessId": "7960", "CurrentDirectory": "C:\\Users\\george\\Desktop\\", "CommandLine": "C:\\Windows\\system32\\net1 stop McAfeeDLPAgentService /y", "EventID": "1", "LogonGuid": "C784477D-0C77-648C-B1FB-030000000000", "LogonId": "261041", "Image": "C:\\Windows\\System32\\net1.exe", "IntegrityLevel": "High", "ParentCommandLine": "\"net.exe\" stop McAfeeDLPAgentService /y", "UtcTime": "1690927544", "RuleName": "-"}}, {"values": {"TerminalSessionId": "1", "ProcessGuid": "{C784477D-81B8-64C9-F005-000000004400}", "ProcessId": "7276", "Product": "Microsoft\\xae Windows\\xae Operating System", "Description": "Net Command", "Company": "Microsoft Corporation", "ParentProcessGuid": "{C784477D-81B4-64C9-E605-000000004400}", "User": "DESKTOP-B0T93D6\\george", "Hashes": "MD5=15534275EDAABC58159DD0F8607A71E5,SHA256=E9739D544EE0D428696036CBD656C41DCC505B67CC43DBA7C6BEC4E3959282AC,IMPHASH=EB2C2924EA23E1A5FB0E3F53F46CB709", "OriginalFileName": "net.exe", "ParentImage": "C:\\Users\\george\\AppData\\Roaming\\Microsoft\\Windows\\Start Menu\\Programs\\Startup\\ctfmom.exe", "FileVersion": "10.0.17134.1 (WinBuild.160101.0800)", "ParentProcessId": "7532", "CurrentDirectory": "C:\\Users\\george\\Desktop\\", "CommandLine": "\"net.exe\" stop mfewc /y", "EventID": "1", "LogonGuid": "C784477D-0C77-648C-B1FB-030000000000", "LogonId": "261041", "Image": "C:\\Windows\\System32\\net.exe", "IntegrityLevel": "High", "ParentCommandLine": "\"C:\\Users\\george\\AppData\\Roaming\\Microsoft\\Windows\\Start Menu\\Programs\\Startup\\ctfmom.exe\" ", "UtcTime": "1690927544", "RuleName": "-"}}, {"values": {"TerminalSessionId": "1", "ProcessGuid": "{C784477D-81B8-64C9-F205-000000004400}", "ProcessId": "3404", "Product": "Microsoft\\xae Windows\\xae Operating System", "Description": "Net Command", "Company": "Microsoft Corporation", "ParentProcessGuid": "{C784477D-81B8-64C9-F005-000000004400}", "User": "DESKTOP-B0T93D6\\george", "Hashes": "MD5=AF569DE92AB6C1B9C681AF1E799F9983,SHA256=FFC30745BE3B6C2771FC4B2993CFF50B5226B271C412467E97B1DC1086DEA888,IMPHASH=5322AC1A3CFF9C8A2AE16A789E26231E", "OriginalFileName": "net1.exe", "ParentImage": "C:\\Windows\\System32\\net.exe", "FileVersion": "10.0.17134.1 (WinBuild.160101.0800)", "ParentProcessId": "7276", "CurrentDirectory": "C:\\Users\\george\\Desktop\\", "CommandLine": "C:\\Windows\\system32\\net1 stop mfewc /y", "EventID": "1", "LogonGuid": "C784477D-0C77-648C-B1FB-030000000000", "LogonId": "261041", "Image": "C:\\Windows\\System32\\net1.exe", "IntegrityLevel": "High", "ParentCommandLine": "\"net.exe\" stop mfewc /y", "UtcTime": "1690927544", "RuleName": "-"}}, {"values": {"TerminalSessionId": "1", "ProcessGuid": "{C784477D-81B9-64C9-F305-000000004400}", "ProcessId": "268", "Product": "Microsoft\\xae Windows\\xae Operating System", "Description": "Net Command", "Company": "Microsoft Corporation", "ParentProcessGuid": "{C784477D-81B4-64C9-E605-000000004400}", "User": "DESKTOP-B0T93D6\\george", "Hashes": "MD5=15534275EDAABC58159DD0F8607A71E5,SHA256=E9739D544EE0D428696036CBD656C41DCC505B67CC43DBA7C6BEC4E3959282AC,IMPHASH=EB2C2924EA23E1A5FB0E3F53F46CB709", "OriginalFileName": "net.exe", "ParentImage": "C:\\Users\\george\\AppData\\Roaming\\Microsoft\\Windows\\Start Menu\\Programs\\Startup\\ctfmom.exe", "FileVersion": "10.0.17134.1 (WinBuild.160101.0800)", "ParentProcessId": "7532", "CurrentDirectory": "C:\\Users\\george\\Desktop\\", "CommandLine": "\"net.exe\" stop BMR Boot Service /y", "EventID": "1", "LogonGuid": "C784477D-0C77-648C-B1FB-030000000000", "LogonId": "261041", "Image": "C:\\Windows\\System32\\net.exe", "IntegrityLevel": "High", "ParentCommandLine": "\"C:\\Users\\george\\AppData\\Roaming\\Microsoft\\Windows\\Start Menu\\Programs\\Startup\\ctfmom.exe\" ", "UtcTime": "1690927545", "RuleName": "-"}}, {"values": {"TerminalSessionId": "1", "ProcessGuid": "{C784477D-81B9-64C9-F505-000000004400}", "ProcessId": "7264", "Product": "Microsoft\\xae Windows\\xae Operating System", "Description": "Net Command", "Company": "Microsoft Corporation", "ParentProcessGuid": "{C784477D-81B9-64C9-F305-000000004400}", "User": "DESKTOP-B0T93D6\\george", "Hashes": "MD5=AF569DE92AB6C1B9C681AF1E799F9983,SHA256=FFC30745BE3B6C2771FC4B2993CFF50B5226B271C412467E97B1DC1086DEA888,IMPHASH=5322AC1A3CFF9C8A2AE16A789E26231E", "OriginalFileName": "net1.exe", "ParentImage": "C:\\Windows\\System32\\net.exe", "FileVersion": "10.0.17134.1 (WinBuild.160101.0800)", "ParentProcessId": "268", "CurrentDirectory": "C:\\Users\\george\\Desktop\\", "CommandLine": "C:\\Windows\\system32\\net1 stop BMR Boot Service /y", "EventID": "1", "LogonGuid": "C784477D-0C77-648C-B1FB-030000000000", "LogonId": "261041", "Image": "C:\\Windows\\System32\\net1.exe", "IntegrityLevel": "High", "ParentCommandLine": "\"net.exe\" stop BMR Boot Service /y", "UtcTime": "1690927545", "RuleName": "-"}}, {"values": {"TerminalSessionId": "1", "ProcessGuid": "{C784477D-81B9-64C9-F605-000000004400}", "ProcessId": "7744", "Product": "Microsoft\\xae Windows\\xae Operating System", "Description": "Net Command", "Company": "Microsoft Corporation", "ParentProcessGuid": "{C784477D-81B4-64C9-E605-000000004400}", "User": "DESKTOP-B0T93D6\\george", "Hashes": "MD5=15534275EDAABC58159DD0F8607A71E5,SHA256=E9739D544EE0D428696036CBD656C41DCC505B67CC43DBA7C6BEC4E3959282AC,IMPHASH=EB2C2924EA23E1A5FB0E3F53F46CB709", "OriginalFileName": "net.exe", "ParentImage": "C:\\Users\\george\\AppData\\Roaming\\Microsoft\\Windows\\Start Menu\\Programs\\Startup\\ctfmom.exe", "FileVersion": "10.0.17134.1 (WinBuild.160101.0800)", "ParentProcessId": "7532", "CurrentDirectory": "C:\\Users\\george\\Desktop\\", "CommandLine": "\"net.exe\" stop NetBackup BMR MTFTP Service /y", "EventID": "1", "LogonGuid": "C784477D-0C77-648C-B1FB-030000000000", "LogonId": "261041", "Image": "C:\\Windows\\System32\\net.exe", "IntegrityLevel": "High", "ParentCommandLine": "\"C:\\Users\\george\\AppData\\Roaming\\Microsoft\\Windows\\Start Menu\\Programs\\Startup\\ctfmom.exe\" ", "UtcTime": "1690927545", "RuleName": "-"}}, {"values": {"TerminalSessionId": "1", "ProcessGuid": "{C784477D-81B9-64C9-F805-000000004400}", "ProcessId": "8180", "Product": "Microsoft\\xae Windows\\xae Operating System", "Description": "Net Command", "Company": "Microsoft Corporation", "ParentProcessGuid": "{C784477D-81B9-64C9-F605-000000004400}", "User": "DESKTOP-B0T93D6\\george", "Hashes": "MD5=AF569DE92AB6C1B9C681AF1E799F9983,SHA256=FFC30745BE3B6C2771FC4B2993CFF50B5226B271C412467E97B1DC1086DEA888,IMPHASH=5322AC1A3CFF9C8A2AE16A789E26231E", "OriginalFileName": "net1.exe", "ParentImage": "C:\\Windows\\System32\\net.exe", "FileVersion": "10.0.17134.1 (WinBuild.160101.0800)", "ParentProcessId": "7744", "CurrentDirectory": "C:\\Users\\george\\Desktop\\", "CommandLine": "C:\\Windows\\system32\\net1 stop NetBackup BMR MTFTP Service /y", "EventID": "1", "LogonGuid": "C784477D-0C77-648C-B1FB-030000000000", "LogonId": "261041", "Image": "C:\\Windows\\System32\\net1.exe", "IntegrityLevel": "High", "ParentCommandLine": "\"net.exe\" stop NetBackup BMR MTFTP Service /y", "UtcTime": "1690927545", "RuleName": "-"}}, {"values": {"TerminalSessionId": "1", "ProcessGuid": "{C784477D-81C3-64C9-2606-000000004400}", "ProcessId": "7772", "Product": "Microsoft\\xae Windows\\xae Operating System", "Description": "Net Command", "Company": "Microsoft Corporation", "ParentProcessGuid": "{C784477D-81C0-64C9-1706-000000004400}", "User": "DESKTOP-B0T93D6\\george", "Hashes": "MD5=15534275EDAABC58159DD0F8607A71E5,SHA256=E9739D544EE0D428696036CBD656C41DCC505B67CC43DBA7C6BEC4E3959282AC,IMPHASH=EB2C2924EA23E1A5FB0E3F53F46CB709", "OriginalFileName": "net.exe", "ParentImage": "C:\\Users\\george\\AppData\\Roaming\\Microsoft\\Windows\\Start Menu\\Programs\\Startup\\ctfmom.exe", "FileVersion": "10.0.17134.1 (WinBuild.160101.0800)", "ParentProcessId": "4080", "CurrentDirectory": "C:\\Users\\george\\AppData\\Roaming\\Microsoft\\Windows\\Start Menu\\Programs\\Startup\\", "CommandLine": "\"net.exe\" stop avpsus /y", "EventID": "1", "LogonGuid": "C784477D-0C77-648C-1BFC-030000000000", "LogonId": "261147", "Image": "C:\\Windows\\System32\\net.exe", "IntegrityLevel": "Medium", "ParentCommandLine": "\"C:\\Users\\george\\AppData\\Roaming\\Microsoft\\Windows\\Start Menu\\Programs\\Startup\\ctfmom.exe\" ", "UtcTime": "1690927555", "RuleName": "-"}}, {"values": {"TerminalSessionId": "1", "ProcessGuid": "{C784477D-81C3-64C9-2806-000000004400}", "ProcessId": "8104", "Product": "Microsoft\\xae Windows\\xae Operating System", "Description": "Net Command", "Company": "Microsoft Corporation", "ParentProcessGuid": "{C784477D-81C3-64C9-2606-000000004400}", "User": "DESKTOP-B0T93D6\\george", "Hashes": "MD5=AF569DE92AB6C1B9C681AF1E799F9983,SHA256=FFC30745BE3B6C2771FC4B2993CFF50B5226B271C412467E97B1DC1086DEA888,IMPHASH=5322AC1A3CFF9C8A2AE16A789E26231E", "OriginalFileName": "net1.exe", "ParentImage": "C:\\Windows\\System32\\net.exe", "FileVersion": "10.0.17134.1 (WinBuild.160101.0800)", "ParentProcessId": "7772", "CurrentDirectory": "C:\\Users\\george\\AppData\\Roaming\\Microsoft\\Windows\\Start Menu\\Programs\\Startup\\", "CommandLine": "C:\\Windows\\system32\\net1 stop avpsus /y", "EventID": "1", "LogonGuid": "C784477D-0C77-648C-1BFC-030000000000", "LogonId": "261147", "Image": "C:\\Windows\\System32\\net1.exe", "IntegrityLevel": "Medium", "ParentCommandLine": "\"net.exe\" stop avpsus /y", "UtcTime": "1690927555", "RuleName": "-"}}, {"values": {"TerminalSessionId": "1", "ProcessGuid": "{C784477D-81C3-64C9-2906-000000004400}", "ProcessId": "7928", "Product": "Microsoft\\xae Windows\\xae Operating System", "Description": "Net Command", "Company": "Microsoft Corporation", "ParentProcessGuid": "{C784477D-81C0-64C9-1706-000000004400}", "User": "DESKTOP-B0T93D6\\george", "Hashes": "MD5=15534275EDAABC58159DD0F8607A71E5,SHA256=E9739D544EE0D428696036CBD656C41DCC505B67CC43DBA7C6BEC4E3959282AC,IMPHASH=EB2C2924EA23E1A5FB0E3F53F46CB709", "OriginalFileName": "net.exe", "ParentImage": "C:\\Users\\george\\AppData\\Roaming\\Microsoft\\Windows\\Start Menu\\Programs\\Startup\\ctfmom.exe", "FileVersion": "10.0.17134.1 (WinBuild.160101.0800)", "ParentProcessId": "4080", "CurrentDirectory": "C:\\Users\\george\\AppData\\Roaming\\Microsoft\\Windows\\Start Menu\\Programs\\Startup\\", "CommandLine": "\"net.exe\" stop McAfeeDLPAgentService /y", "EventID": "1", "LogonGuid": "C784477D-0C77-648C-1BFC-030000000000", "LogonId": "261147", "Image": "C:\\Windows\\System32\\net.exe", "IntegrityLevel": "Medium", "ParentCommandLine": "\"C:\\Users\\george\\AppData\\Roaming\\Microsoft\\Windows\\Start Menu\\Programs\\Startup\\ctfmom.exe\" ", "UtcTime": "1690927555", "RuleName": "-"}}, {"values": {"TerminalSessionId": "1", "ProcessGuid": "{C784477D-81C4-64C9-2B06-000000004400}", "ProcessId": "1724", "Product": "Microsoft\\xae Windows\\xae Operating System", "Description": "Net Command", "Company": "Microsoft Corporation", "ParentProcessGuid": "{C784477D-81C3-64C9-2906-000000004400}", "User": "DESKTOP-B0T93D6\\george", "Hashes": "MD5=AF569DE92AB6C1B9C681AF1E799F9983,SHA256=FFC30745BE3B6C2771FC4B2993CFF50B5226B271C412467E97B1DC1086DEA888,IMPHASH=5322AC1A3CFF9C8A2AE16A789E26231E", "OriginalFileName": "net1.exe", "ParentImage": "C:\\Windows\\System32\\net.exe", "FileVersion": "10.0.17134.1 (WinBuild.160101.0800)", "ParentProcessId": "7928", "CurrentDirectory": "C:\\Users\\george\\AppData\\Roaming\\Microsoft\\Windows\\Start Menu\\Programs\\Startup\\", "CommandLine": "C:\\Windows\\system32\\net1 stop McAfeeDLPAgentService /y", "EventID": "1", "LogonGuid": "C784477D-0C77-648C-1BFC-030000000000", "LogonId": "261147", "Image": "C:\\Windows\\System32\\net1.exe", "IntegrityLevel": "Medium", "ParentCommandLine": "\"net.exe\" stop McAfeeDLPAgentService /y", "UtcTime": "1690927556", "RuleName": "-"}}, {"values": {"TerminalSessionId": "1", "ProcessGuid": "{C784477D-81C4-64C9-2C06-000000004400}", "ProcessId": "7464", "Product": "Microsoft\\xae Windows\\xae Operating System", "Description": "Net Command", "Company": "Microsoft Corporation", "ParentProcessGuid": "{C784477D-81C0-64C9-1706-000000004400}", "User": "DESKTOP-B0T93D6\\george", "Hashes": "MD5=15534275EDAABC58159DD0F8607A71E5,SHA256=E9739D544EE0D428696036CBD656C41DCC505B67CC43DBA7C6BEC4E3959282AC,IMPHASH=EB2C2924EA23E1A5FB0E3F53F46CB709", "OriginalFileName": "net.exe", "ParentImage": "C:\\Users\\george\\AppData\\Roaming\\Microsoft\\Windows\\Start Menu\\Programs\\Startup\\ctfmom.exe", "FileVersion": "10.0.17134.1 (WinBuild.160101.0800)", "ParentProcessId": "4080", "CurrentDirectory": "C:\\Users\\george\\AppData\\Roaming\\Microsoft\\Windows\\Start Menu\\Programs\\Startup\\", "CommandLine": "\"net.exe\" stop mfewc /y", "EventID": "1", "LogonGuid": "C784477D-0C77-648C-1BFC-030000000000", "LogonId": "261147", "Image": "C:\\Windows\\System32\\net.exe", "IntegrityLevel": "Medium", "ParentCommandLine": "\"C:\\Users\\george\\AppData\\Roaming\\Microsoft\\Windows\\Start Menu\\Programs\\Startup\\ctfmom.exe\" ", "UtcTime": "1690927556", "RuleName": "-"}}, {"values": {"TerminalSessionId": "1", "ProcessGuid": "{C784477D-81C4-64C9-2E06-000000004400}", "ProcessId": "7968", "Product": "Microsoft\\xae Windows\\xae Operating System", "Description": "Net Command", "Company": "Microsoft Corporation", "ParentProcessGuid": "{C784477D-81C4-64C9-2C06-000000004400}", "User": "DESKTOP-B0T93D6\\george", "Hashes": "MD5=AF569DE92AB6C1B9C681AF1E799F9983,SHA256=FFC30745BE3B6C2771FC4B2993CFF50B5226B271C412467E97B1DC1086DEA888,IMPHASH=5322AC1A3CFF9C8A2AE16A789E26231E", "OriginalFileName": "net1.exe", "ParentImage": "C:\\Windows\\System32\\net.exe", "FileVersion": "10.0.17134.1 (WinBuild.160101.0800)", "ParentProcessId": "7464", "CurrentDirectory": "C:\\Users\\george\\AppData\\Roaming\\Microsoft\\Windows\\Start Menu\\Programs\\Startup\\", "CommandLine": "C:\\Windows\\system32\\net1 stop mfewc /y", "EventID": "1", "LogonGuid": "C784477D-0C77-648C-1BFC-030000000000", "LogonId": "261147", "Image": "C:\\Windows\\System32\\net1.exe", "IntegrityLevel": "Medium", "ParentCommandLine": "\"net.exe\" stop mfewc /y", "UtcTime": "1690927556", "RuleName": "-"}}, {"values": {"TerminalSessionId": "1", "ProcessGuid": "{C784477D-81C5-64C9-2F06-000000004400}", "ProcessId": "5728", "Product": "Microsoft\\xae Windows\\xae Operating System", "Description": "Net Command", "Company": "Microsoft Corporation", "ParentProcessGuid": "{C784477D-81C0-64C9-1706-000000004400}", "User": "DESKTOP-B0T93D6\\george", "Hashes": "MD5=15534275EDAABC58159DD0F8607A71E5,SHA256=E9739D544EE0D428696036CBD656C41DCC505B67CC43DBA7C6BEC4E3959282AC,IMPHASH=EB2C2924EA23E1A5FB0E3F53F46CB709", "OriginalFileName": "net.exe", "ParentImage": "C:\\Users\\george\\AppData\\Roaming\\Microsoft\\Windows\\Start Menu\\Programs\\Startup\\ctfmom.exe", "FileVersion": "10.0.17134.1 (WinBuild.160101.0800)", "ParentProcessId": "4080", "CurrentDirectory": "C:\\Users\\george\\AppData\\Roaming\\Microsoft\\Windows\\Start Menu\\Programs\\Startup\\", "CommandLine": "\"net.exe\" stop BMR Boot Service /y", "EventID": "1", "LogonGuid": "C784477D-0C77-648C-1BFC-030000000000", "LogonId": "261147", "Image": "C:\\Windows\\System32\\net.exe", "IntegrityLevel": "Medium", "ParentCommandLine": "\"C:\\Users\\george\\AppData\\Roaming\\Microsoft\\Windows\\Start Menu\\Programs\\Startup\\ctfmom.exe\" ", "UtcTime": "1690927557", "RuleName": "-"}}, {"values": {"TerminalSessionId": "1", "ProcessGuid": "{C784477D-81C5-64C9-3106-000000004400}", "ProcessId": "8024", "Product": "Microsoft\\xae Windows\\xae Operating System", "Description": "Net Command", "Company": "Microsoft Corporation", "ParentProcessGuid": "{C784477D-81C5-64C9-2F06-000000004400}", "User": "DESKTOP-B0T93D6\\george", "Hashes": "MD5=AF569DE92AB6C1B9C681AF1E799F9983,SHA256=FFC30745BE3B6C2771FC4B2993CFF50B5226B271C412467E97B1DC1086DEA888,IMPHASH=5322AC1A3CFF9C8A2AE16A789E26231E", "OriginalFileName": "net1.exe", "ParentImage": "C:\\Windows\\System32\\net.exe", "FileVersion": "10.0.17134.1 (WinBuild.160101.0800)", "ParentProcessId": "5728", "CurrentDirectory": "C:\\Users\\george\\AppData\\Roaming\\Microsoft\\Windows\\Start Menu\\Programs\\Startup\\", "CommandLine": "C:\\Windows\\system32\\net1 stop BMR Boot Service /y", "EventID": "1", "LogonGuid": "C784477D-0C77-648C-1BFC-030000000000", "LogonId": "261147", "Image": "C:\\Windows\\System32\\net1.exe", "IntegrityLevel": "Medium", "ParentCommandLine": "\"net.exe\" stop BMR Boot Service /y", "UtcTime": "1690927557", "RuleName": "-"}}, {"values": {"TerminalSessionId": "1", "ProcessGuid": "{C784477D-81C5-64C9-3206-000000004400}", "ProcessId": "3284", "Product": "Microsoft\\xae Windows\\xae Operating System", "Description": "Net Command", "Company": "Microsoft Corporation", "ParentProcessGuid": "{C784477D-81C0-64C9-1706-000000004400}", "User": "DESKTOP-B0T93D6\\george", "Hashes": "MD5=15534275EDAABC58159DD0F8607A71E5,SHA256=E9739D544EE0D428696036CBD656C41DCC505B67CC43DBA7C6BEC4E3959282AC,IMPHASH=EB2C2924EA23E1A5FB0E3F53F46CB709", "OriginalFileName": "net.exe", "ParentImage": "C:\\Users\\george\\AppData\\Roaming\\Microsoft\\Windows\\Start Menu\\Programs\\Startup\\ctfmom.exe", "FileVersion": "10.0.17134.1 (WinBuild.160101.0800)", "ParentProcessId": "4080", "CurrentDirectory": "C:\\Users\\george\\AppData\\Roaming\\Microsoft\\Windows\\Start Menu\\Programs\\Startup\\", "CommandLine": "\"net.exe\" stop NetBackup BMR MTFTP Service /y", "EventID": "1", "LogonGuid": "C784477D-0C77-648C-1BFC-030000000000", "LogonId": "261147", "Image": "C:\\Windows\\System32\\net.exe", "IntegrityLevel": "Medium", "ParentCommandLine": "\"C:\\Users\\george\\AppData\\Roaming\\Microsoft\\Windows\\Start Menu\\Programs\\Startup\\ctfmom.exe\" ", "UtcTime": "1690927557", "RuleName": "-"}}, {"values": {"TerminalSessionId": "1", "ProcessGuid": "{C784477D-81C5-64C9-3406-000000004400}", "ProcessId": "4684", "Product": "Microsoft\\xae Windows\\xae Operating System", "Description": "Net Command", "Company": "Microsoft Corporation", "ParentProcessGuid": "{C784477D-81C5-64C9-3206-000000004400}", "User": "DESKTOP-B0T93D6\\george", "Hashes": "MD5=AF569DE92AB6C1B9C681AF1E799F9983,SHA256=FFC30745BE3B6C2771FC4B2993CFF50B5226B271C412467E97B1DC1086DEA888,IMPHASH=5322AC1A3CFF9C8A2AE16A789E26231E", "OriginalFileName": "net1.exe", "ParentImage": "C:\\Windows\\System32\\net.exe", "FileVersion": "10.0.17134.1 (WinBuild.160101.0800)", "ParentProcessId": "3284", "CurrentDirectory": "C:\\Users\\george\\AppData\\Roaming\\Microsoft\\Windows\\Start Menu\\Programs\\Startup\\", "CommandLine": "C:\\Windows\\system32\\net1 stop NetBackup BMR MTFTP Service /y", "EventID": "1", "LogonGuid": "C784477D-0C77-648C-1BFC-030000000000", "LogonId": "261147", "Image": "C:\\Windows\\System32\\net1.exe", "IntegrityLevel": "Medium", "ParentCommandLine": "\"net.exe\" stop NetBackup BMR MTFTP Service /y", "UtcTime": "1690927557", "RuleName": "-"}}], "rule_level": "low", "rule_id": "5b84c64b930b911c8206935d6c61b2a128347a34d495da3ea3523cdf5397c3ef", "rule_source": "Sigma Integrated Rule Set (GitHub)", "rule_title": "Stop Windows Service Via Net.EXE", "rule_description": "Detects the stopping of a Windows service", "rule_author": "Jakob Weinzettl, oscd.community, Nasreddine Bencherchali (Nextron Systems)"}, {"match_context": [{"values": {"EventID": "11", "ProcessId": "7488", "TargetFilename": "C:\\Users\\george\\AppData\\Roaming\\Microsoft\\Windows\\Start Menu\\Programs\\Startup\\ctfmom.exe", "ProcessGuid": "{C784477D-81B0-64C9-E405-000000004400}", "CreationUtcTime": "1690927539", "UtcTime": "1690927539", "RuleName": "T1023", "Image": "C:\\Users\\george\\Desktop\\file.exe"}}], "rule_level": "low", "rule_id": "b5386a23355681c43cfbd2f2ccfe4b16ed45324d0d7b5583487a9f302ee1e427", "rule_source": "Sigma Integrated Rule Set (GitHub)", "rule_title": "Creation of an Executable by an Executable", "rule_description": "Detects the creation of an executable by another executable", "rule_author": "frack113"}, {"match_context": [{"values": {"TerminalSessionId": "1", "ProcessGuid": "{C784477D-81BB-64C9-0106-000000004400}", "ProcessId": "3312", "Product": "Microsoft\\xae Windows\\xae Operating System", "Description": "Terminates Processes", "Company": "Microsoft Corporation", "ParentProcessGuid": "{C784477D-81B4-64C9-E605-000000004400}", "User": "DESKTOP-B0T93D6\\george", "Hashes": "MD5=530C6A6CBA137EAA7021CEF9B234E8D4,SHA256=26B9B184C2F7F60811C0C4CB25C12568D996AC1ECE0EF64AA1B9E8F39AEA74D7,IMPHASH=100938B32F577E925618EA395A8C469B", "OriginalFileName": "taskkill.exe", "ParentImage": "C:\\Users\\george\\AppData\\Roaming\\Microsoft\\Windows\\Start Menu\\Programs\\Startup\\ctfmom.exe", "FileVersion": "10.0.17134.1 (WinBuild.160101.0800)", "ParentProcessId": "7532", "CurrentDirectory": "C:\\Users\\george\\Desktop\\", "CommandLine": "\"taskkill.exe\" /IM mspub.exe /F", "EventID": "1", "LogonGuid": "C784477D-0C77-648C-B1FB-030000000000", "LogonId": "261041", "Image": "C:\\Windows\\System32\\taskkill.exe", "IntegrityLevel": "High", "ParentCommandLine": "\"C:\\Users\\george\\AppData\\Roaming\\Microsoft\\Windows\\Start Menu\\Programs\\Startup\\ctfmom.exe\" ", "UtcTime": "1690927547", "RuleName": "-"}}, {"values": {"TerminalSessionId": "1", "ProcessGuid": "{C784477D-81BB-64C9-0306-000000004400}", "ProcessId": "8000", "Product": "Microsoft\\xae Windows\\xae Operating System", "Description": "Terminates Processes", "Company": "Microsoft Corporation", "ParentProcessGuid": "{C784477D-81B4-64C9-E605-000000004400}", "User": "DESKTOP-B0T93D6\\george", "Hashes": "MD5=530C6A6CBA137EAA7021CEF9B234E8D4,SHA256=26B9B184C2F7F60811C0C4CB25C12568D996AC1ECE0EF64AA1B9E8F39AEA74D7,IMPHASH=100938B32F577E925618EA395A8C469B", "OriginalFileName": "taskkill.exe", "ParentImage": "C:\\Users\\george\\AppData\\Roaming\\Microsoft\\Windows\\Start Menu\\Programs\\Startup\\ctfmom.exe", "FileVersion": "10.0.17134.1 (WinBuild.160101.0800)", "ParentProcessId": "7532", "CurrentDirectory": "C:\\Users\\george\\Desktop\\", "CommandLine": "\"taskkill.exe\" /IM mydesktopqos.exe /F", "EventID": "1", "LogonGuid": "C784477D-0C77-648C-B1FB-030000000000", "LogonId": "261041", "Image": "C:\\Windows\\System32\\taskkill.exe", "IntegrityLevel": "High", "ParentCommandLine": "\"C:\\Users\\george\\AppData\\Roaming\\Microsoft\\Windows\\Start Menu\\Programs\\Startup\\ctfmom.exe\" ", "UtcTime": "1690927547", "RuleName": "-"}}, {"values": {"TerminalSessionId": "1", "ProcessGuid": "{C784477D-81BC-64C9-0506-000000004400}", "ProcessId": "7792", "Product": "Microsoft\\xae Windows\\xae Operating System", "Description": "Terminates Processes", "Company": "Microsoft Corporation", "ParentProcessGuid": "{C784477D-81B4-64C9-E605-000000004400}", "User": "DESKTOP-B0T93D6\\george", "Hashes": "MD5=530C6A6CBA137EAA7021CEF9B234E8D4,SHA256=26B9B184C2F7F60811C0C4CB25C12568D996AC1ECE0EF64AA1B9E8F39AEA74D7,IMPHASH=100938B32F577E925618EA395A8C469B", "OriginalFileName": "taskkill.exe", "ParentImage": "C:\\Users\\george\\AppData\\Roaming\\Microsoft\\Windows\\Start Menu\\Programs\\Startup\\ctfmom.exe", "FileVersion": "10.0.17134.1 (WinBuild.160101.0800)", "ParentProcessId": "7532", "CurrentDirectory": "C:\\Users\\george\\Desktop\\", "CommandLine": "\"taskkill.exe\" /IM mydesktopservice.exe /F", "EventID": "1", "LogonGuid": "C784477D-0C77-648C-B1FB-030000000000", "LogonId": "261041", "Image": "C:\\Windows\\System32\\taskkill.exe", "IntegrityLevel": "High", "ParentCommandLine": "\"C:\\Users\\george\\AppData\\Roaming\\Microsoft\\Windows\\Start Menu\\Programs\\Startup\\ctfmom.exe\" ", "UtcTime": "1690927548", "RuleName": "-"}}, {"values": {"TerminalSessionId": "1", "ProcessGuid": "{C784477D-81C5-64C9-4106-000000004400}", "ProcessId": "5172", "Product": "Microsoft\\xae Windows\\xae Operating System", "Description": "Terminates Processes", "Company": "Microsoft Corporation", "ParentProcessGuid": "{C784477D-81C0-64C9-1706-000000004400}", "User": "DESKTOP-B0T93D6\\george", "Hashes": "MD5=530C6A6CBA137EAA7021CEF9B234E8D4,SHA256=26B9B184C2F7F60811C0C4CB25C12568D996AC1ECE0EF64AA1B9E8F39AEA74D7,IMPHASH=100938B32F577E925618EA395A8C469B", "OriginalFileName": "taskkill.exe", "ParentImage": "C:\\Users\\george\\AppData\\Roaming\\Microsoft\\Windows\\Start Menu\\Programs\\Startup\\ctfmom.exe", "FileVersion": "10.0.17134.1 (WinBuild.160101.0800)", "ParentProcessId": "4080", "CurrentDirectory": "C:\\Users\\george\\AppData\\Roaming\\Microsoft\\Windows\\Start Menu\\Programs\\Startup\\", "CommandLine": "\"taskkill.exe\" /IM mspub.exe /F", "EventID": "1", "LogonGuid": "C784477D-0C77-648C-1BFC-030000000000", "LogonId": "261147", "Image": "C:\\Windows\\System32\\taskkill.exe", "IntegrityLevel": "Medium", "ParentCommandLine": "\"C:\\Users\\george\\AppData\\Roaming\\Microsoft\\Windows\\Start Menu\\Programs\\Startup\\ctfmom.exe\" ", "UtcTime": "1690927557", "RuleName": "-"}}, {"values": {"TerminalSessionId": "1", "ProcessGuid": "{C784477D-81C5-64C9-4306-000000004400}", "ProcessId": "7828", "Product": "Microsoft\\xae Windows\\xae Operating System", "Description": "Terminates Processes", "Company": "Microsoft Corporation", "ParentProcessGuid": "{C784477D-81C0-64C9-1706-000000004400}", "User": "DESKTOP-B0T93D6\\george", "Hashes": "MD5=530C6A6CBA137EAA7021CEF9B234E8D4,SHA256=26B9B184C2F7F60811C0C4CB25C12568D996AC1ECE0EF64AA1B9E8F39AEA74D7,IMPHASH=100938B32F577E925618EA395A8C469B", "OriginalFileName": "taskkill.exe", "ParentImage": "C:\\Users\\george\\AppData\\Roaming\\Microsoft\\Windows\\Start Menu\\Programs\\Startup\\ctfmom.exe", "FileVersion": "10.0.17134.1 (WinBuild.160101.0800)", "ParentProcessId": "4080", "CurrentDirectory": "C:\\Users\\george\\AppData\\Roaming\\Microsoft\\Windows\\Start Menu\\Programs\\Startup\\", "CommandLine": "\"taskkill.exe\" /IM mydesktopqos.exe /F", "EventID": "1", "LogonGuid": "C784477D-0C77-648C-1BFC-030000000000", "LogonId": "261147", "Image": "C:\\Windows\\System32\\taskkill.exe", "IntegrityLevel": "Medium", "ParentCommandLine": "\"C:\\Users\\george\\AppData\\Roaming\\Microsoft\\Windows\\Start Menu\\Programs\\Startup\\ctfmom.exe\" ", "UtcTime": "1690927557", "RuleName": "-"}}, {"values": {"TerminalSessionId": "1", "ProcessGuid": "{C784477D-81C5-64C9-4506-000000004400}", "ProcessId": "7768", "Product": "Microsoft\\xae Windows\\xae Operating System", "Description": "Terminates Processes", "Company": "Microsoft Corporation", "ParentProcessGuid": "{C784477D-81C0-64C9-1706-000000004400}", "User": "DESKTOP-B0T93D6\\george", "Hashes": "MD5=530C6A6CBA137EAA7021CEF9B234E8D4,SHA256=26B9B184C2F7F60811C0C4CB25C12568D996AC1ECE0EF64AA1B9E8F39AEA74D7,IMPHASH=100938B32F577E925618EA395A8C469B", "OriginalFileName": "taskkill.exe", "ParentImage": "C:\\Users\\george\\AppData\\Roaming\\Microsoft\\Windows\\Start Menu\\Programs\\Startup\\ctfmom.exe", "FileVersion": "10.0.17134.1 (WinBuild.160101.0800)", "ParentProcessId": "4080", "CurrentDirectory": "C:\\Users\\george\\AppData\\Roaming\\Microsoft\\Windows\\Start Menu\\Programs\\Startup\\", "CommandLine": "\"taskkill.exe\" /IM mydesktopservice.exe /F", "EventID": "1", "LogonGuid": "C784477D-0C77-648C-1BFC-030000000000", "LogonId": "261147", "Image": "C:\\Windows\\System32\\taskkill.exe", "IntegrityLevel": "Medium", "ParentCommandLine": "\"C:\\Users\\george\\AppData\\Roaming\\Microsoft\\Windows\\Start Menu\\Programs\\Startup\\ctfmom.exe\" ", "UtcTime": "1690927557", "RuleName": "-"}}], "rule_level": "low", "rule_id": "cd06da2f3978bdb24b3f3c8f83c7df917a910c6b29921d0e375e418f340d8f3d", "rule_source": "Sigma Integrated Rule Set (GitHub)", "rule_title": "Suspicious Execution of Taskkill", "rule_description": "Adversaries may stop services or processes in order to conduct Data Destruction or Data Encrypted for Impact on the data stores of services like Exchange and SQL Server.", "rule_author": "frack113"}, 