{"data": {"id": "7a38f70d923669a989ea52fa1c356c5ac7ccce4067a37782973466102e3d27f6", "type": "file", "links": {"self": "https://www.virustotal.com/api/v3/files/7a38f70d923669a989ea52fa1c356c5ac7ccce4067a37782973466102e3d27f6"}, "attributes": {"filecondis": {"dhash": "f8fc3cbcce8d1000", "raw_md5": "d8e2d9da632c0b458ebcd73a4831a08f"}, "reputation": -1, "ssdeep": "768:hFMukyeNyNNtDPRg/Tes/zphHbA5ntk4vlZpWbpfdZTDUjM6It4:3pvttgnph7A5tZvdWbpLTb6It", "size": 52736, "type_description": "Win32 EXE", "type_extension": "exe", "trid": [{"file_type": "Generic CIL Executable (.NET, Mono, etc.)", "probability": 67.7}, {"file_type": "Win64 Executable (generic)", "probability": 9.7}, {"file_type": "Win32 Dynamic Link Library (generic)", "probability": 6.0}, {"file_type": "Win16 NE executable (generic)", "probability": 4.6}, {"file_type": "Win32 Executable (generic)", "probability": 4.1}], "sha256": "7a38f70d923669a989ea52fa1c356c5ac7ccce4067a37782973466102e3d27f6", "sha1": "133fc246dfb9f6b0c84fcade6bcfe5dd9ea61359", "meaningful_name": "6Cwq1OV0qEqOQURN", "last_submission_date": 1690901605, "authentihash": "0650491461c2d0f5ec8997a6f9a81d6e36e86d5a85b46008f8a1d455ae076eaa", "vhash": "254036655511501c2e1410b4", "pe_info": {"timestamp": 1586204570, "imphash": "f34d5f2d4577ed6d9ceec516c1f5a744", "machine_type": 332, "entry_point": 57406, "resource_details": [{"lang": "NEUTRAL", "chi2": 1530.0, "filetype": "unknown", "entropy": 0.0, "sha256": "b0f66adc83641586656866813fd9dd0b8ebb63796075661ba45d1aa8089e1d44", "type": "RT_GROUP_ICON"}, {"lang": "NEUTRAL", "chi2": 75401.68, "filetype": "unknown", "entropy": 3.5758771896362305, "sha256": "cc1c67ea99af04e430e8c544b19bf928fb0d4c23d94d247a9b0e614566de8da2", "type": "RT_VERSION"}, {"lang": "NEUTRAL", "chi2": 4719.86, "filetype": "unknown", "entropy": 5.00111722946167, "sha256": "c0085eb467d2fc9c9f395047e057183b3cd1503a4087d0db565161c13527a76f", "type": "RT_MANIFEST"}], "resource_langs": {"NEUTRAL": 3}, "resource_types": {"RT_MANIFEST": 1, "RT_VERSION": 1, "RT_GROUP_ICON": 1}, "sections": [{"name": ".text", "chi2": 823683.94, "virtual_address": 8192, "entropy": 6.11, "raw_size": 49664, "flags": "rx", "virtual_size": 49220, "md5": "d6fc4e197566b1ff3a550a3c8cb5f5ef"}, {"name": ".rsrc", "chi2": 67812.75, "virtual_address": 65536, "entropy": 4.65, "raw_size": 2048, "flags": "r", "virtual_size": 1684, "md5": "bf682b9cef77f5123c11864d3c7cf2a4"}, {"name": ".reloc", "chi2": 128522.0, "virtual_address": 73728, "entropy": 0.08, "raw_size": 512, "flags": "r", "virtual_size": 12, "md5": "f814e90a78861972eee27e4eeede59ab"}], "import_list": [{"library_name": "mscoree.dll", "imported_functions": ["_CorExeMain"]}]}, "tlsh": "T1F1330908B78A877FC6AE0FF4E4E715514AB98163A942D30F5CCB48E51E72BC9814D1E7", "last_analysis_date": 1747289541, "last_modification_date": 1747296816, "signature_info": {"description": "Discord Client", "file version": "4.5.0.0", "original name": "6Cwq1OV0qEqOQURN", "product": "0yDvcg4h", "internal name": "N3WMzdyu5jUBIjSq", "copyright": "Copyright 2019 42zF5Usk07v0qDFL"}, "first_submission_date": 1586519404, "crowdsourced_yara_results": [{"ruleset_id": "00c291ca7f", "rule_name": "INDICATOR_EXE_Packed_SmartAssembly", "ruleset_name": "indicator_packed", "description": "Detects executables packed with SmartAssembly", "author": "ditekSHen", "ruleset_version": "00c291ca7f|e76c93dcdedff04076380ffc60ea54e45b313635", "match_date": 1747289542, "source": "https://github.com/ditekshen/detection"}, {"description": "Sandbox detection tricks", "author": "AlienVault Labs", "ruleset_name": "sandboxdetect", "rule_name": "sandboxdetect_misc", "ruleset_id": "009cfa8ad5", "match_in_subfile": true, "source": "https://github.com/AlienVault-Labs/AlienVaultLabs"}, {"description": "Detects executables containing URLs to raw contents of a Github gist", "author": "ditekSHen", "ruleset_name": "indicator_suspicious", "rule_name": "INDICATOR_SUSPICIOUS_EXE_RawGitHub_URL", "ruleset_id": "00c3b8eb5d", "match_in_subfile": true, "source": "https://github.com/ditekshen/detection"}], "dot_net_assembly": {"entry_point_rva": 53172, "metadata_header_rva": 32860, "assembly_name": "TLrtUJPDUshqx", "resources_va": 4160, "assembly_flags": 1, "strongname_va": 0, "external_assemblies": {"Microsoft.VisualBasic": {"version": "10.0.0.0"}, "mscorlib": {"version": "4.0.0.0"}, "System": {"version": "4.0.0.0"}, "System.Drawing": {"version": "4.0.0.0"}, "System.Windows.Forms": {"version": "4.0.0.0"}, "System.Core": {"version": "4.0.0.0"}, "System.Management": {"version": "4.0.0.0"}}, "entry_point_token": 100663297, "tables_rows_map": "19c310a008f01e0127df00603800000000578f0010070000112040", "external_modules": ["kernel32.dll", "ntdll.dll", "user32.dll", "advapi32.dll", "Shell32.dll"], "streams": {"#GUID": {"chi2": 272.0, "md5": "1bae34c8940147be4a7767c61a3c940f", "entropy": 3.875, "size": 16}, "#Blob": {"chi2": 31548.59375, "md5": "05860d28e7f90e2c12c70955bca8dc07", "entropy": 5.110701560974121, "size": 2816}, "#US": {"chi2": 11327.615234375, "md5": "3674a038fb95795a63a49871e1a4ca37", "entropy": 3.369899272918701, "size": 168}, "#~": {"chi2": 190554.765625, "md5": "7720a1aab551ba83ca23d576ac6b190a", "entropy": 5.662221431732178, "size": 7416}, "#Strings": {"chi2": 74227.84375, "md5": "455bb2fd6a47c90606de9e4aa9847422", "entropy": 5.454873561859131, "size": 9788}}, "tables_present": 20, "assembly_flags_txt": "COMIMAGE_FLAGS_ILONLY", "clr_version": "v4.0.30319", "assembly_data": {"majorversion": 0, "minorversion": 0, "hashalgid": 0, "flags_text": "afPA_None", "buildnumber": 0, "flags": 0, "revisionnumber": 0, "name": "Client-Upper"}, "tables_present_map": "b093c029d57", "manifest_resource": ["{d4aef932-749e-4e31-be38-b2dbed6d99f8}"], "clr_meta_version": "1.1", "tables_rows_map_log": "49899796658566646475", "unmanaged_methods": {"kernel32.dll": ["GetModuleHandle", "CheckRemoteDebuggerPresent", "GetCurrentProcess"], "ntdll.dll": ["RtlSetProcessIsCritical"], "user32.dll": ["SystemParametersInfo"], "advapi32.dll": ["GetKernelObjectSecurity", "SetKernelObjectSecurity"], "Shell32.dll": ["SHEmptyRecycleBin"]}, "type_definition_list": [{"namespace": "System", "type_definitions": ["Object", "Enum", "MulticastDelegate", "Attribute", "ValueType", "DateTime", "Func`2", "ModuleHandle", "Uri", "Type", "IAsyncResult", "AsyncCallback", "AttributeUsageAttribute", "AttributeTargets", "String", "Int32", "Environment", "IDisposable", "Convert", "Exception", "Byte", "BitConverter", "Random", "ArgumentException", "Double", "UnauthorizedAccessException", "Array", "RuntimeFieldHandle", "RuntimeTypeHandle", "StringSplitOptions", "Char", "IntPtr", "GC", "RuntimeMethodHandle", "Delegate", "FormatException", "InvalidOperationException", "ArgumentOutOfRangeException", "Math", "Int16"]}, {"namespace": "System.IO", "type_definitions": ["MemoryStream", "Path", "File", "StreamWriter", "TextWriter", "Directory", "FileInfo", "FileSystemInfo", "DirectoryNotFoundException", "PathTooLongException", "FileNotFoundException", "StreamReader", "TextReader", "DriveInfo", "FileStream", "FileMode", "FileAccess", "FileShare", "Stream"]}, {"namespace": "System.Collections.Generic", "type_definitions": ["List`1", "Dictionary`2", "Stack`1", "IEnumerable`1"]}, {"namespace": "System.Collections.Specialized", "type_definitions": ["StringCollection"]}, {"namespace": "Microsoft.Win32", "type_definitions": ["SessionEndingEventArgs", "SessionEndingEventHandler", "SystemEvents", "Registry", "RegistryKey"]}, {"namespace": "System.Security.AccessControl", "type_definitions": ["RawSecurityDescriptor", "GenericSecurityDescriptor", "RawAcl", "CommonAce", "AceFlags", "AceQualifier", "GenericAce"]}, {"namespace": "System.Security.Cryptography", "type_definitions": ["Rfc2898DeriveBytes", "ICryptoTransform", "RNGCryptoServiceProvider", "RandomNumberGenerator", "RijndaelManaged", "SymmetricAlgorithm", "DeriveBytes", "PaddingMode", "CipherMode", "CryptoStream", "CryptoStreamMode", "RSACryptoServiceProvider", "AsymmetricAlgorithm", "AesManaged", "Aes", "DESCryptoServiceProvider"]}, {"namespace": "System.Reflection", "type_definitions": ["Assembly", "AssemblyFileVersionAttribute", "FieldInfo", "BindingFlags", "MemberInfo", "MethodBase", "MethodInfo", "ParameterInfo", "Module"]}, {"namespace": "System.Runtime.CompilerServices", "type_definitions": ["CompilationRelaxationsAttribute", "RuntimeCompatibilityAttribute", "SuppressIldasmAttribute", "RuntimeHelpers"]}, {"namespace": "System.Threading", "type_definitions": ["Thread", "ThreadStart", "ThreadPriority", "Mutex", "WaitHandle", "Monitor"]}, {"namespace": "System.Diagnostics", "type_definitions": ["Process", "ProcessModule", "ProcessStartInfo", "ProcessWindowStyle"]}, {"namespace": "uncategorized", "type_definitions": ["SpecialFolder", "Enumerator", "ManagementObjectEnumerator"]}, {"namespace": "System.Net", "type_definitions": ["WebClient", "Dns", "IPHostEntry", "IPAddress", "WebRequest", "FtpWebRequest", "NetworkCredential", "ICredentials", "WebResponse", "FtpWebResponse"]}, {"namespace": "System.Windows.Forms", "type_definitions": ["MessageBox", "DialogResult", "MessageBoxButtons", "MessageBoxIcon"]}, {"namespace": "System.Text", "type_definitions": ["Encoding", "ASCIIEncoding"]}, {"namespace": "System.Linq", "type_definitions": ["Enumerable"]}, {"namespace": "Microsoft.VisualBasic.Devices", "type_definitions": ["ComputerInfo"]}, {"namespace": "System.Management", "type_definitions": ["ManagementObjectSearcher", "ManagementObjectCollection", "ManagementBaseObject", "ManagementClass", "ManagementObject", "PropertyDataCollection", "PropertyData"]}, {"namespace": "System.Security.Principal", "type_definitions": ["WindowsIdentity", "WindowsPrincipal", "WindowsBuiltInRole", "SecurityIdentifier", "WellKnownSidType"]}, {"namespace": "System.Drawing", "type_definitions": ["Image"]}, {"namespace": "System.Drawing.Imaging", "type_definitions": ["ImageFormat"]}, {"namespace": "System.Net.Sockets", "type_definitions": ["AddressFamily"]}, {"namespace": "System.ComponentModel", "type_definitions": ["Win32Exception"]}, {"namespace": "System.Reflection.Emit", "type_definitions": ["DynamicMethod", "ILGenerator", "OpCodes", "OpCode"]}], "unmanaged_method_list": [{"name": "kernel32.dll", "methods": ["GetModuleHandle", "CheckRemoteDebuggerPresent", "GetCurrentProcess"]}, {"name": "ntdll.dll", "methods": ["RtlSetProcessIsCritical"]}, {"name": "user32.dll", "methods": ["SystemParametersInfo"]}, {"name": "advapi32.dll", "methods": ["GetKernelObjectSecurity", "SetKernelObjectSecurity"]}, {"name": "Shell32.dll", "methods": ["SHEmptyRecycleBin"]}]}, "sigma_analysis_stats": {"high": 2, "medium": 1, "critical": 0, "low": 4}, "magic": "PE32 executable (GUI) Intel 80386 Mono/.Net assembly, for MS Windows", "md5": "98e1bca914035e3cbfe86ee19911b2cd", "type_tags": ["executable", "windows", "win32", "pe", "peexe"], "last_analysis_stats": {"malicious": 60, "suspicious": 0, "undetected": 11, "harmless": 0, "timeout": 0, "confirmed-timeout": 0, "failure": 0, "type-unsupported": 4}, "sigma_analysis_results": [{"match_context": [{"values": {"TerminalSessionId": "1", "ProcessGuid": "{C784477D-81B8-64C9-ED05-000000004400}", "ProcessId": "7960", "Product": "Microsoft\\xae Windows\\xae Operating System", "Description": "Net Command", "Company": "Microsoft Corporation", "ParentProcessGuid": "{C784477D-81B4-64C9-E605-000000004400}", "User": "DESKTOP-B0T93D6\\george", "Hashes": "MD5=15534275EDAABC58159DD0F8607A71E5,SHA256=E9739D544EE0D428696036CBD656C41DCC505B67CC43DBA7C6BEC4E3959282AC,IMPHASH=EB2C2924EA23E1A5FB0E3F53F46CB709", "OriginalFileName": "net.exe", "ParentImage": "C:\\Users\\george\\AppData\\Roaming\\Microsoft\\Windows\\Start Menu\\Programs\\Startup\\ctfmom.exe", "FileVersion": "10.0.17134.1 (WinBuild.160101.0800)", "ParentProcessId": "7532", "CurrentDirectory": "C:\\Users\\george\\Desktop\\", "CommandLine": "\"net.exe\" stop McAfeeDLPAgentService /y", "EventID": "1", "LogonGuid": "C784477D-0C77-648C-B1FB-030000000000", "LogonId": "261041", "Image": "C:\\Windows\\System32\\net.exe", "IntegrityLevel": "High", "ParentCommandLine": "\"C:\\Users\\george\\AppData\\Roaming\\Microsoft\\Windows\\Start Menu\\Programs\\Startup\\ctfmom.exe\" ", "UtcTime": "1690927544", "RuleName": "-"}}, {"values": {"TerminalSessionId": "1", "ProcessGuid": "{C784477D-81B8-64C9-EF05-000000004400}", "ProcessId": "7904", "Product": "Microsoft\\xae Windows\\xae Operating System", "Description": "Net Command", "Company": "Microsoft Corporation", "ParentProcessGuid": "{C784477D-81B8-64C9-ED05-000000004400}", "User": "DESKTOP-B0T93D6\\george", "Hashes": "MD5=AF569DE92AB6C1B9C681AF1E799F9983,SHA256=FFC30745BE3B6C2771FC4B2993CFF50B5226B271C412467E97B1DC1086DEA888,IMPHASH=5322AC1A3CFF9C8A2AE16A789E26231E", "OriginalFileName": "net1.exe", "ParentImage": "C:\\Windows\\System32\\net.exe", "FileVersion": "10.0.17134.1 (WinBuild.160101.0800)", "ParentProcessId": "7960", "CurrentDirectory": "C:\\Users\\george\\Desktop\\", "CommandLine": "C:\\Windows\\system32\\net1 stop McAfeeDLPAgentService /y", "EventID": "1", "LogonGuid": "C784477D-0C77-648C-B1FB-030000000000", "LogonId": "261041", "Image": "C:\\Windows\\System32\\net1.exe", "IntegrityLevel": "High", "ParentCommandLine": "\"net.exe\" stop McAfeeDLPAgentService /y", "UtcTime": "1690927544", "RuleName": "-"}}, {"values": {"TerminalSessionId": "1", "ProcessGuid": "{C784477D-81B8-64C9-F005-000000004400}", "ProcessId": "7276", "Product": "Microsoft\\xae Windows\\xae Operating System", "Description": "Net Command", "Company": "Microsoft Corporation", "ParentProcessGuid": "{C784477D-81B4-64C9-E605-000000004400}", "User": "DESKTOP-B0T93D6\\george", "Hashes": "MD5=15534275EDAABC58159DD0F8607A71E5,SHA256=E9739D544EE0D428696036CBD656C41DCC505B67CC43DBA7C6BEC4E3959282AC,IMPHASH=EB2C2924EA23E1A5FB0E3F53F46CB709", "OriginalFileName": "net.exe", "ParentImage": "C:\\Users\\george\\AppData\\Roaming\\Microsoft\\Windows\\Start Menu\\Programs\\Startup\\ctfmom.exe", "FileVersion": "10.0.17134.1 (WinBuild.160101.0800)", "ParentProcessId": "7532", "CurrentDirectory": "C:\\Users\\george\\Desktop\\", "CommandLine": "\"net.exe\" stop mfewc /y", "EventID": "1", "LogonGuid": "C784477D-0C77-648C-B1FB-030000000000", "LogonId": "261041", "Image": "C:\\Windows\\System32\\net.exe", "IntegrityLevel": "High", "ParentCommandLine": "\"C:\\Users\\george\\AppData\\Roaming\\Microsoft\\Windows\\Start Menu\\Programs\\Startup\\ctfmom.exe\" ", "UtcTime": "1690927544", "RuleName": "-"}}, {"values": {"TerminalSessionId": "1", "ProcessGuid": "{C784477D-81B8-64C9-F205-000000004400}", "ProcessId": "3404", "Product": "Microsoft\\xae Windows\\xae Operating System", "Description": "Net Command", "Company": "Microsoft Corporation", "ParentProcessGuid": "{C784477D-81B8-64C9-F005-000000004400}", "User": "DESKTOP-B0T93D6\\george", "Hashes": "MD5=AF569DE92AB6C1B9C681AF1E799F9983,SHA256=FFC30745BE3B6C2771FC4B2993CFF50B5226B271C412467E97B1DC1086DEA888,IMPHASH=5322AC1A3CFF9C8A2AE16A789E26231E", "OriginalFileName": "net1.exe", "ParentImage": "C:\\Windows\\System32\\net.exe", "FileVersion": "10.0.17134.1 (WinBuild.160101.0800)", "ParentProcessId": "7276", "CurrentDirectory": "C:\\Users\\george\\Desktop\\", "CommandLine": "C:\\Windows\\system32\\net1 stop mfewc /y", "EventID": "1", "LogonGuid": "C784477D-0C77-648C-B1FB-030000000000", "LogonId": "261041", "Image": "C:\\Windows\\System32\\net1.exe", "IntegrityLevel": "High", "ParentCommandLine": "\"net.exe\" stop mfewc /y", "UtcTime": "1690927544", "RuleName": "-"}}, {"values": {"TerminalSessionId": "1", "ProcessGuid": "{C784477D-81C3-64C9-2906-000000004400}", "ProcessId": "7928", "Product": "Microsoft\\xae Windows\\xae Operating System", "Description": "Net Command", "Company": "Microsoft Corporation", "ParentProcessGuid": "{C784477D-81C0-64C9-1706-000000004400}", "User": "DESKTOP-B0T93D6\\george", "Hashes": "MD5=15534275EDAABC58159DD0F8607A71E5,SHA256=E9739D544EE0D428696036CBD656C41DCC505B67CC43DBA7C6BEC4E3959282AC,IMPHASH=EB2C2924EA23E1A5FB0E3F53F46CB709", "OriginalFileName": "net.exe", "ParentImage": "C:\\Users\\george\\AppData\\Roaming\\Microsoft\\Windows\\Start Menu\\Programs\\Startup\\ctfmom.exe", "FileVersion": "10.0.17134.1 (WinBuild.160101.0800)", "ParentProcessId": "4080", "CurrentDirectory": "C:\\Users\\george\\AppData\\Roaming\\Microsoft\\Windows\\Start Menu\\Programs\\Startup\\", "CommandLine": "\"net.exe\" stop McAfeeDLPAgentService /y", "EventID": "1", "LogonGuid": "C784477D-0C77-648C-1BFC-030000000000", "LogonId": "261147", "Image": "C:\\Windows\\System32\\net.exe", "IntegrityLevel": "Medium", "ParentCommandLine": "\"C:\\Users\\george\\AppData\\Roaming\\Microsoft\\Windows\\Start Menu\\Programs\\Startup\\ctfmom.exe\" ", "UtcTime": "1690927555", "RuleName": "-"}}, {"values": {"TerminalSessionId": "1", "ProcessGuid": "{C784477D-81C4-64C9-2B06-000000004400}", "ProcessId": "1724", "Product": "Microsoft\\xae Windows\\xae Operating System", "Description": "Net Command", "Company": "Microsoft Corporation", "ParentProcessGuid": "{C784477D-81C3-64C9-2906-000000004400}", "User": "DESKTOP-B0T93D6\\george", "Hashes": "MD5=AF569DE92AB6C1B9C681AF1E799F9983,SHA256=FFC30745BE3B6C2771FC4B2993CFF50B5226B271C412467E97B1DC1086DEA888,IMPHASH=5322AC1A3CFF9C8A2AE16A789E26231E", "OriginalFileName": "net1.exe", "ParentImage": "C:\\Windows\\System32\\net.exe", "FileVersion": "10.0.17134.1 (WinBuild.160101.0800)", "ParentProcessId": "7928", "CurrentDirectory": "C:\\Users\\george\\AppData\\Roaming\\Microsoft\\Windows\\Start Menu\\Programs\\Startup\\", "CommandLine": "C:\\Windows\\system32\\net1 stop McAfeeDLPAgentService /y", "EventID": "1", "LogonGuid": "C784477D-0C77-648C-1BFC-030000000000", "LogonId": "261147", "Image": "C:\\Windows\\System32\\net1.exe", "IntegrityLevel": "Medium", "ParentCommandLine": "\"net.exe\" stop McAfeeDLPAgentService /y", "UtcTime": "1690927556", "RuleName": "-"}}, {"values": {"TerminalSessionId": "1", "ProcessGuid": "{C784477D-81C4-64C9-2C06-000000004400}", "ProcessId": "7464", "Product": "Microsoft\\xae Windows\\xae Operating System", "Description": "Net Command", "Company": "Microsoft Corporation", "ParentProcessGuid": "{C784477D-81C0-64C9-1706-000000004400}", "User": "DESKTOP-B0T93D6\\george", "Hashes": "MD5=15534275EDAABC58159DD0F8607A71E5,SHA256=E9739D544EE0D428696036CBD656C41DCC505B67CC43DBA7C6BEC4E3959282AC,IMPHASH=EB2C2924EA23E1A5FB0E3F53F46CB709", "OriginalFileName": "net.exe", "ParentImage": "C:\\Users\\george\\AppData\\Roaming\\Microsoft\\Windows\\Start Menu\\Programs\\Startup\\ctfmom.exe", "FileVersion": "10.0.17134.1 (WinBuild.160101.0800)", "ParentProcessId": "4080", "CurrentDirectory": "C:\\Users\\george\\AppData\\Roaming\\Microsoft\\Windows\\Start Menu\\Programs\\Startup\\", "CommandLine": "\"net.exe\" stop mfewc /y", "EventID": "1", "LogonGuid": "C784477D-0C77-648C-1BFC-030000000000", "LogonId": "261147", "Image": "C:\\Windows\\System32\\net.exe", "IntegrityLevel": "Medium", "ParentCommandLine": "\"C:\\Users\\george\\AppData\\Roaming\\Microsoft\\Windows\\Start Menu\\Programs\\Startup\\ctfmom.exe\" ", "UtcTime": "1690927556", "RuleName": "-"}}, {"values": {"TerminalSessionId": "1", "ProcessGuid": "{C784477D-81C4-64C9-2E06-000000004400}", "ProcessId": "7968", "Product": "Microsoft\\xae Windows\\xae Operating System", "Description": "Net Command", "Company": "Microsoft Corporation", "ParentProcessGuid": "{C784477D-81C4-64C9-2C06-000000004400}", "User": "DESKTOP-B0T93D6\\george", "Hashes": "MD5=AF569DE92AB6C1B9C681AF1E799F9983,SHA256=FFC30745BE3B6C2771FC4B2993CFF50B5226B271C412467E97B1DC1086DEA888,IMPHASH=5322AC1A3CFF9C8A2AE16A789E26231E", "OriginalFileName": "net1.exe", "ParentImage": "C:\\Windows\\System32\\net.exe", "FileVersion": "10.0.17134.1 (WinBuild.160101.0800)", "ParentProcessId": "7464", "CurrentDirectory": "C:\\Users\\george\\AppData\\Roaming\\Microsoft\\Windows\\Start Menu\\Programs\\Startup\\", "CommandLine": "C:\\Windows\\system32\\net1 stop mfewc /y", "EventID": "1", "LogonGuid": "C784477D-0C77-648C-1BFC-030000000000", "LogonId": "261147", "Image": "C:\\Windows\\System32\\net1.exe", "IntegrityLevel": "Medium", "ParentCommandLine": "\"net.exe\" stop mfewc /y", "UtcTime": "1690927556", "RuleName": "-"}}], "rule_level": "high", "rule_id": "941abf5111763a135c88b4f6437475eb4c99e8d4c3ebdb4b74e30321695b0fa7", "rule_source": "Sigma Integrated Rule Set (GitHub)", "rule_title": "Suspicious Windows Service Tampering", "rule_description": "Detects the usage of binaries such as 'net', 'sc' or 'powershell' in order to stop, pause or delete critical or important Windows services such as AV, Backup, etc. As seen being used in some ransomware scripts", "rule_author": "Nasreddine Bencherchali (Nextron Systems), frack113"}, {"match_context": [{"values": {"TerminalSessionId": "1", "ProcessGuid": "{C784477D-81BC-64C9-0706-000000004400}", "ProcessId": "3128", "Product": "Microsoft\\xae Windows\\xae Operating System", "Description": "Command Line Interface for Microsoft\\xae Volume Shadow Copy Service ", "Company": "Microsoft Corporation", "ParentProcessGuid": "{C784477D-81B4-64C9-E605-000000004400}", "User": "DESKTOP-B0T93D6\\george", "Hashes": "MD5=47D51216EF45075B5F7EAA117CC70E40,SHA256=C946C4EDA61355A1B8E134E7A184A15C9A358B9675B6172A83E4937AE9EF4B03,IMPHASH=C1EDC431CD345F0A0F32019895D13FCE", "OriginalFileName": "VSSADMIN.EXE", "ParentImage": "C:\\Users\\george\\AppData\\Roaming\\Microsoft\\Windows\\Start Menu\\Programs\\Startup\\ctfmom.exe", "FileVersion": "10.0.17134.1 (WinBuild.160101.0800)", "ParentProcessId": "7532", "CurrentDirectory": "C:\\Users\\george\\Desktop\\", "CommandLine": "\"vssadmin.exe\" Delete Shadows /all /quiet", "EventID": "1", "LogonGuid": "C784477D-0C77-648C-B1FB-030000000000", "LogonId": "261041", "Image": "C:\\Windows\\System32\\vssadmin.exe", "IntegrityLevel": "High", "ParentCommandLine": "\"C:\\Users\\george\\AppData\\Roaming\\Microsoft\\Windows\\Start Menu\\Programs\\Startup\\ctfmom.exe\" ", "UtcTime": "1690927548", "RuleName": "-"}}, {"values": {"TerminalSessionId": "1", "ProcessGuid": "{C784477D-81BD-64C9-0B06-000000004400}", "ProcessId": "4904", "Product": "Microsoft\\xae Windows\\xae Operating System", "Description": "Command Line Interface for Microsoft\\xae Volume Shadow Copy Service ", "Company": "Microsoft Corporation", "ParentProcessGuid": "{C784477D-81B4-64C9-E605-000000004400}", "User": "DESKTOP-B0T93D6\\george", "Hashes": "MD5=47D51216EF45075B5F7EAA117CC70E40,SHA256=C946C4EDA61355A1B8E134E7A184A15C9A358B9675B6172A83E4937AE9EF4B03,IMPHASH=C1EDC431CD345F0A0F32019895D13FCE", "OriginalFileName": "VSSADMIN.EXE", "ParentImage": "C:\\Users\\george\\AppData\\Roaming\\Microsoft\\Windows\\Start Menu\\Programs\\Startup\\ctfmom.exe", "FileVersion": "10.0.17134.1 (WinBuild.160101.0800)", "ParentProcessId": "7532", "CurrentDirectory": "C:\\Users\\george\\Desktop\\", "CommandLine": "\"vssadmin.exe\" resize shadowstorage /for=c: /on=c: /maxsize=401MB", "EventID": "1", "LogonGuid": "C784477D-0C77-648C-B1FB-030000000000", "LogonId": "261041", "Image": "C:\\Windows\\System32\\vssadmin.exe", "IntegrityLevel": "High", "ParentCommandLine": "\"C:\\Users\\george\\AppData\\Roaming\\Microsoft\\Windows\\Start Menu\\Programs\\Startup\\ctfmom.exe\" ", "UtcTime": "1690927549", "RuleName": "-"}}, {"values": {"TerminalSessionId": "1", "ProcessGuid": "{C784477D-81BD-64C9-0D06-000000004400}", "ProcessId": "3368", "Product": "Microsoft\\xae Windows\\xae Operating System", "Description": "Command Line Interface for Microsoft\\xae Volume Shadow Copy Service ", "Company": "Microsoft Corporation", "ParentProcessGuid": "{C784477D-81B4-64C9-E605-000000004400}", "User": "DESKTOP-B0T93D6\\george", "Hashes": "MD5=47D51216EF45075B5F7EAA117CC70E40,SHA256=C946C4EDA61355A1B8E134E7A184A15C9A358B9675B6172A83E4937AE9EF4B03,IMPHASH=C1EDC431CD345F0A0F32019895D13FCE", "OriginalFileName": "VSSADMIN.EXE", "ParentImage": "C:\\Users\\george\\AppData\\Roaming\\Microsoft\\Windows\\Start Menu\\Programs\\Startup\\ctfmom.exe", "FileVersion": "10.0.17134.1 (WinBuild.160101.0800)", "ParentProcessId": "7532", "CurrentDirectory": "C:\\Users\\george\\Desktop\\", "CommandLine": "\"vssadmin.exe\" resize shadowstorage /for=c: /on=c: /maxsize=unbounded", "EventID": "1", "LogonGuid": "C784477D-0C77-648C-B1FB-030000000000", "LogonId": "261041", "Image": "C:\\Windows\\System32\\vssadmin.exe", "IntegrityLevel": "High", "ParentCommandLine": "\"C:\\Users\\george\\AppData\\Roaming\\Microsoft\\Windows\\Start Menu\\Programs\\Startup\\ctfmom.exe\" ", "UtcTime": "1690927549", "RuleName": "-"}}, {"values": {"TerminalSessionId": "1", "ProcessGuid": "{C784477D-81BE-64C9-0F06-000000004400}", "ProcessId": "7748", "Product": "Microsoft\\xae Windows\\xae Operating System", "Description": "Command Line Interface for Microsoft\\xae Volume Shadow Copy Service ", "Company": "Microsoft Corporation", "ParentProcessGuid": "{C784477D-81B4-64C9-E605-000000004400}", "User": "DESKTOP-B0T93D6\\george", "Hashes": "MD5=47D51216EF45075B5F7EAA117CC70E40,SHA256=C946C4EDA61355A1B8E134E7A184A15C9A358B9675B6172A83E4937AE9EF4B03,IMPHASH=C1EDC431CD345F0A0F32019895D13FCE", "OriginalFileName": "VSSADMIN.EXE", "ParentImage": "C:\\Users\\george\\AppData\\Roaming\\Microsoft\\Windows\\Start Menu\\Programs\\Startup\\ctfmom.exe", "FileVersion": "10.0.17134.1 (WinBuild.160101.0800)", "ParentProcessId": "7532", "CurrentDirectory": "C:\\Users\\george\\Desktop\\", "CommandLine": "\"vssadmin.exe\" resize shadowstorage /for=d: /on=d: /maxsize=401MB", "EventID": "1", "LogonGuid": "C784477D-0C77-648C-B1FB-030000000000", "LogonId": "261041", "Image": "C:\\Windows\\System32\\vssadmin.exe", "IntegrityLevel": "High", "ParentCommandLine": "\"C:\\Users\\george\\AppData\\Roaming\\Microsoft\\Windows\\Start Menu\\Programs\\Startup\\ctfmom.exe\" ", "UtcTime": "1690927550", "RuleName": "-"}}, {"values": {"TerminalSessionId": "1", "ProcessGuid": "{C784477D-81BE-64C9-1106-000000004400}", "ProcessId": "7972", "Product": "Microsoft\\xae Windows\\xae Operating System", "Description": "Command Line Interface for Microsoft\\xae Volume Shadow Copy Service ", "Company": "Microsoft Corporation", "ParentProcessGuid": "{C784477D-81B4-64C9-E605-000000004400}", "User": "DESKTOP-B0T93D6\\george", "Hashes": "MD5=47D51216EF45075B5F7EAA117CC70E40,SHA256=C946C4EDA61355A1B8E134E7A184A15C9A358B9675B6172A83E4937AE9EF4B03,IMPHASH=C1EDC431CD345F0A0F32019895D13FCE", "OriginalFileName": "VSSADMIN.EXE", "ParentImage": "C:\\Users\\george\\AppData\\Roaming\\Microsoft\\Windows\\Start Menu\\Programs\\Startup\\ctfmom.exe", "FileVersion": "10.0.17134.1 (WinBuild.160101.0800)", "ParentProcessId": "7532", "CurrentDirectory": "C:\\Users\\george\\Desktop\\", "CommandLine": "\"vssadmin.exe\" resize shadowstorage /for=d: /on=d: /maxsize=unbounded", "EventID": "1", "LogonGuid": "C784477D-0C77-648C-B1FB-030000000000", "LogonId": "261041", "Image": "C:\\Windows\\System32\\vssadmin.exe", "IntegrityLevel": "High", "ParentCommandLine": "\"C:\\Users\\george\\AppData\\Roaming\\Microsoft\\Windows\\Start Menu\\Programs\\Startup\\ctfmom.exe\" ", "UtcTime": "1690927550", "RuleName": "-"}}, {"values": {"TerminalSessionId": "1", "ProcessGuid": "{C784477D-81C0-64C9-1506-000000004400}", "ProcessId": "816", "Product": "Microsoft\\xae Windows\\xae Operating System", "Description": "Command Line Interface for Microsoft\\xae Volume Shadow Copy Service ", "Company": "Microsoft Corporation", "ParentProcessGuid": "{C784477D-81B4-64C9-E605-000000004400}", "User": "DESKTOP-B0T93D6\\george", "Hashes": "MD5=47D51216EF45075B5F7EAA117CC70E40,SHA256=C946C4EDA61355A1B8E134E7A184A15C9A358B9675B6172A83E4937AE9EF4B03,IMPHASH=C1EDC431CD345F0A0F32019895D13FCE", "OriginalFileName": "VSSADMIN.EXE", "ParentImage": "C:\\Users\\george\\AppData\\Roaming\\Microsoft\\Windows\\Start Menu\\Programs\\Startup\\ctfmom.exe", "FileVersion": "10.0.17134.1 (WinBuild.160101.0800)", "ParentProcessId": "7532", "CurrentDirectory": "C:\\Users\\george\\Desktop\\", "CommandLine": "\"vssadmin.exe\" resize shadowstorage /for=e: /on=e: /maxsize=unbounded", "EventID": "1", "LogonGuid": "C784477D-0C77-648C-B1FB-030000000000", "LogonId": "261041", "Image": "C:\\Windows\\System32\\vssadmin.exe", "IntegrityLevel": "High", "ParentCommandLine": "\"C:\\Users\\george\\AppData\\Roaming\\Microsoft\\Windows\\Start Menu\\Programs\\Startup\\ctfmom.exe\" ", "UtcTime": "1690927552", "RuleName": "-"}}, {"values": {"TerminalSessionId": "1", "ProcessGuid": "{C784477D-81C0-64C9-1806-000000004400}", "ProcessId": "960", "Product": "Microsoft\\xae Windows\\xae Operating System", "Description": "Command Line Interface for Microsoft\\xae Volume Shadow Copy Service ", "Company": "Microsoft Corporation", "ParentProcessGuid": "{C784477D-81B4-64C9-E605-000000004400}", "User": "DESKTOP-B0T93D6\\george", "Hashes": "MD5=47D51216EF45075B5F7EAA117CC70E40,SHA256=C946C4EDA61355A1B8E134E7A184A15C9A358B9675B6172A83E4937AE9EF4B03,IMPHASH=C1EDC431CD345F0A0F32019895D13FCE", "OriginalFileName": "VSSADMIN.EXE", "ParentImage": "C:\\Users\\george\\AppData\\Roaming\\Microsoft\\Windows\\Start Menu\\Programs\\Startup\\ctfmom.exe", "FileVersion": "10.0.17134.1 (WinBuild.160101.0800)", "ParentProcessId": "7532", "CurrentDirectory": "C:\\Users\\george\\Desktop\\", "CommandLine": "\"vssadmin.exe\" resize shadowstorage /for=f: /on=f: /maxsize=401MB", "EventID": "1", "LogonGuid": "C784477D-0C77-648C-B1FB-030000000000", "LogonId": "261041", "Image": "C:\\Windows\\System32\\vssadmin.exe", "IntegrityLevel": "High", "ParentCommandLine": "\"C:\\Users\\george\\AppData\\Roaming\\Microsoft\\Windows\\Start Menu\\Programs\\Startup\\ctfmom.exe\" ", "UtcTime": "1690927552", "RuleName": "-"}}, {"values": {"TerminalSessionId": "1", "ProcessGuid": "{C784477D-81C0-64C9-1A06-000000004400}", "ProcessId": "4752", "Product": "Microsoft\\xae Windows\\xae Operating System", "Description": "Command Line Interface for Microsoft\\xae Volume Shadow Copy Service ", "Company": "Microsoft Corporation", "ParentProcessGuid": "{C784477D-81B4-64C9-E605-000000004400}", "User": "DESKTOP-B0T93D6\\george", "Hashes": "MD5=47D51216EF45075B5F7EAA117CC70E40,SHA256=C946C4EDA61355A1B8E134E7A184A15C9A358B9675B6172A83E4937AE9EF4B03,IMPHASH=C1EDC431CD345F0A0F32019895D13FCE", "OriginalFileName": "VSSADMIN.EXE", "ParentImage": "C:\\Users\\george\\AppData\\Roaming\\Microsoft\\Windows\\Start Menu\\Programs\\Startup\\ctfmom.exe", "FileVersion": "10.0.17134.1 (WinBuild.160101.0800)", "ParentProcessId": "7532", "CurrentDirectory": "C:\\Users\\george\\Desktop\\", "CommandLine": "\"vssadmin.exe\" resize shadowstorage /for=f: /on=f: /maxsize=unbounded", "EventID": "1", "LogonGuid": "C784477D-0C77-648C-B1FB-030000000000", "LogonId": "261041", "Image": "C:\\Windows\\System32\\vssadmin.exe", "IntegrityLevel": "High", "ParentCommandLine": "\"C:\\Users\\george\\AppData\\Roaming\\Microsoft\\Windows\\Start Menu\\Programs\\Startup\\ctfmom.exe\" ", "UtcTime": "1690927552", "RuleName": "-"}}, {"values": {"TerminalSessionId": "1", "ProcessGuid": "{C784477D-81C1-64C9-1C06-000000004400}", "ProcessId": "7784", "Product": "Microsoft\\xae Windows\\xae Operating System", "Description": "Command Line Interface for Microsoft\\xae Volume Shadow Copy Service ", "Company": "Microsoft Corporation", "ParentProcessGuid": "{C784477D-81B4-64C9-E605-000000004400}", "User": "DESKTOP-B0T93D6\\george", "Hashes": "MD5=47D51216EF45075B5F7EAA117CC70E40,SHA256=C946C4EDA61355A1B8E134E7A184A15C9A358B9675B6172A83E4937AE9EF4B03,IMPHASH=C1EDC431CD345F0A0F32019895D13FCE", "OriginalFileName": "VSSADMIN.EXE", "ParentImage": "C:\\Users\\george\\AppData\\Roaming\\Microsoft\\Windows\\Start Menu\\Programs\\Startup\\ctfmom.exe", "FileVersion": "10.0.17134.1 (WinBuild.160101.0800)", "ParentProcessId": "7532", "CurrentDirectory": "C:\\Users\\george\\Desktop\\", "CommandLine": "\"vssadmin.exe\" resize shadowstorage /for=g: /on=g: /maxsize=401MB", "EventID": "1", "LogonGuid": "C784477D-0C77-648C-B1FB-030000000000", "LogonId": "261041", "Image": "C:\\Windows\\System32\\vssadmin.exe", "IntegrityLevel": "High", "ParentCommandLine": "\"C:\\Users\\george\\AppData\\Roaming\\Microsoft\\Windows\\Start Menu\\Programs\\Startup\\ctfmom.exe\" ", "UtcTime": "1690927553", "RuleName": "-"}}, {"values": {"TerminalSessionId": "1", "ProcessGuid": "{C784477D-81C1-64C9-1E06-000000004400}", "ProcessId": "7728", "Product": "Microsoft\\xae Windows\\xae Operating System", "Description": "Command Line Interface for Microsoft\\xae Volume Shadow Copy Service ", "Company": "Microsoft Corporation", "ParentProcessGuid": "{C784477D-81B4-64C9-E605-000000004400}", "User": "DESKTOP-B0T93D6\\george", "Hashes": "MD5=47D51216EF45075B5F7EAA117CC70E40,SHA256=C946C4EDA61355A1B8E134E7A184A15C9A358B9675B6172A83E4937AE9EF4B03,IMPHASH=C1EDC431CD345F0A0F32019895D13FCE", "OriginalFileName": "VSSADMIN.EXE", "ParentImage": "C:\\Users\\george\\AppData\\Roaming\\Microsoft\\Windows\\Start Menu\\Programs\\Startup\\ctfmom.exe", "FileVersion": "10.0.17134.1 (WinBuild.160101.0800)", "ParentProcessId": "7532", "CurrentDirectory": "C:\\Users\\george\\Desktop\\", "CommandLine": "\"vssadmin.exe\" resize shadowstorage /for=g: /on=g: /maxsize=unbounded", "EventID": "1", "LogonGuid": "C784477D-0C77-648C-B1FB-030000000000", "LogonId": "261041", "Image": "C:\\Windows\\System32\\vssadmin.exe", "IntegrityLevel": "High", "ParentCommandLine": "\"C:\\Users\\george\\AppData\\Roaming\\Microsoft\\Windows\\Start Menu\\Programs\\Startup\\ctfmom.exe\" ", "UtcTime": "1690927553", "RuleName": "-"}}, {"values": {"TerminalSessionId": "1", "ProcessGuid": "{C784477D-81C1-64C9-2006-000000004400}", "ProcessId": "7216", "Product": "Microsoft\\xae Windows\\xae Operating System", "Description": "Command Line Interface for Microsoft\\xae Volume Shadow Copy Service ", "Company": "Microsoft Corporation", "ParentProcessGuid": "{C784477D-81B4-64C9-E605-000000004400}", "User": "DESKTOP-B0T93D6\\george", "Hashes": "MD5=47D51216EF45075B5F7EAA117CC70E40,SHA256=C946C4EDA61355A1B8E134E7A184A15C9A358B9675B6172A83E4937AE9EF4B03,IMPHASH=C1EDC431CD345F0A0F32019895D13FCE", "OriginalFileName": "VSSADMIN.EXE", "ParentImage": "C:\\Users\\george\\AppData\\Roaming\\Microsoft\\Windows\\Start Menu\\Programs\\Startup\\ctfmom.exe", "FileVersion": "10.0.17134.1 (WinBuild.160101.0800)", "ParentProcessId": "7532", "CurrentDirectory": "C:\\Users\\george\\Desktop\\", "CommandLine": "\"vssadmin.exe\" resize shadowstorage /for=h: /on=h: /maxsize=401MB", "EventID": "1", "LogonGuid": "C784477D-0C77-648C-B1FB-030000000000", "LogonId": "261041", "Image": "C:\\Windows\\System32\\vssadmin.exe", "IntegrityLevel": "High", "ParentCommandLine": "\"C:\\Users\\george\\AppData\\Roaming\\Microsoft\\Windows\\Start Menu\\Programs\\Startup\\ctfmom.exe\" ", "UtcTime": "1690927553", "RuleName": "-"}}, {"values": {"TerminalSessionId": "1", "ProcessGuid": "{C784477D-81C2-64C9-2206-000000004400}", "ProcessId": "4376", "Product": "Microsoft\\xae Windows\\xae Operating System", "Description": "Command Line Interface for Microsoft\\xae Volume Shadow Copy Service ", "Company": "Microsoft Corporation", "ParentProcessGuid": "{C784477D-81B4-64C9-E605-000000004400}", "User": "DESKTOP-B0T93D6\\george", "Hashes": "MD5=47D51216EF45075B5F7EAA117CC70E40,SHA256=C946C4EDA61355A1B8E134E7A184A15C9A358B9675B6172A83E4937AE9EF4B03,IMPHASH=C1EDC431CD345F0A0F32019895D13FCE", "OriginalFileName": "VSSADMIN.EXE", "ParentImage": "C:\\Users\\george\\AppData\\Roaming\\Microsoft\\Windows\\Start Menu\\Programs\\Startup\\ctfmom.exe", "FileVersion": "10.0.17134.1 (WinBuild.160101.0800)", "ParentProcessId": "7532", "CurrentDirectory": "C:\\Users\\george\\Desktop\\", "CommandLine": "\"vssadmin.exe\" resize shadowstorage /for=h: /on=h: /maxsize=unbounded", "EventID": "1", "LogonGuid": "C784477D-0C77-648C-B1FB-030000000000", "LogonId": "261041", "Image": "C:\\Windows\\System32\\vssadmin.exe", "IntegrityLevel": "High", "ParentCommandLine": "\"C:\\Users\\george\\AppData\\Roaming\\Microsoft\\Windows\\Start Menu\\Programs\\Startup\\ctfmom.exe\" ", "UtcTime": "1690927554", "RuleName": "-"}}, {"values": {"TerminalSessionId": "1", "ProcessGuid": "{C784477D-81C2-64C9-2406-000000004400}", "ProcessId": "7280", "Product": "Microsoft\\xae Windows\\xae Operating System", "Description": "Command Line Interface for Microsoft\\xae Volume Shadow Copy Service ", "Company": "Microsoft Corporation", "ParentProcessGuid": "{C784477D-81B4-64C9-E605-000000004400}", "User": "DESKTOP-B0T93D6\\george", "Hashes": "MD5=47D51216EF45075B5F7EAA117CC70E40,SHA256=C946C4EDA61355A1B8E134E7A184A15C9A358B9675B6172A83E4937AE9EF4B03,IMPHASH=C1EDC431CD345F0A0F32019895D13FCE", "OriginalFileName": "VSSADMIN.EXE", "ParentImage": "C:\\Users\\george\\AppData\\Roaming\\Microsoft\\Windows\\Start Menu\\Programs\\Startup\\ctfmom.exe", "FileVersion": "10.0.17134.1 (WinBuild.160101.0800)", "ParentProcessId": "7532", "CurrentDirectory": "C:\\Users\\george\\Desktop\\", "CommandLine": "\"vssadmin.exe\" Delete Shadows /all /quiet", "EventID": "1", "LogonGuid": "C784477D-0C77-648C-B1FB-030000000000", "LogonId": "261041", "Image": "C:\\Windows\\System32\\vssadmin.exe", "IntegrityLevel": "High", "ParentCommandLine": "\"C:\\Users\\george\\AppData\\Roaming\\Microsoft\\Windows\\Start Menu\\Programs\\Startup\\ctfmom.exe\" ", "UtcTime": "1690927554", "RuleName": "-"}}, {"values": {"TerminalSessionId": "1", "ProcessGuid": "{C784477D-81C6-64C9-4706-000000004400}", "ProcessId": "7676", "Product": "Microsoft\\xae Windows\\xae Operating System", "Description": "Command Line Interface for Microsoft\\xae Volume Shadow Copy Service ", "Company": "Microsoft Corporation", "ParentProcessGuid": "{C784477D-81C0-64C9-1706-000000004400}", "User": "DESKTOP-B0T93D6\\george", "Hashes": "MD5=47D51216EF45075B5F7EAA117CC70E40,SHA256=C946C4EDA61355A1B8E134E7A184A15C9A358B9675B6172A83E4937AE9EF4B03,IMPHASH=C1EDC431CD345F0A0F32019895D13FCE", "OriginalFileName": "VSSADMIN.EXE", "ParentImage": "C:\\Users\\george\\AppData\\Roaming\\Microsoft\\Windows\\Start Menu\\Programs\\Startup\\ctfmom.exe", "FileVersion": "10.0.17134.1 (WinBuild.160101.0800)", "ParentProcessId": "4080", "CurrentDirectory": "C:\\Users\\george\\AppData\\Roaming\\Microsoft\\Windows\\Start Menu\\Programs\\Startup\\", "CommandLine": "\"vssadmin.exe\" Delete Shadows /all /quiet", "EventID": "1", "LogonGuid": "C784477D-0C77-648C-1BFC-030000000000", "LogonId": "261147", "Image": "C:\\Windows\\System32\\vssadmin.exe", "IntegrityLevel": "Medium", "ParentCommandLine": "\"C:\\Users\\george\\AppData\\Roaming\\Microsoft\\Windows\\Start Menu\\Programs\\Startup\\ctfmom.exe\" ", "UtcTime": "1690927558", "RuleName": "-"}}, {"values": {"TerminalSessionId": "1", "ProcessGuid": "{C784477D-81C6-64C9-4906-000000004400}", "ProcessId": "7764", "Product": "Microsoft\\xae Windows\\xae Operating System", "Description": "Command Line Interface for Microsoft\\xae Volume Shadow Copy Service ", "Company": "Microsoft Corporation", "ParentProcessGuid": "{C784477D-81C0-64C9-1706-000000004400}", "User": "DESKTOP-B0T93D6\\george", "Hashes": "MD5=47D51216EF45075B5F7EAA117CC70E40,SHA256=C946C4EDA61355A1B8E134E7A184A15C9A358B9675B6172A83E4937AE9EF4B03,IMPHASH=C1EDC431CD345F0A0F32019895D13FCE", "OriginalFileName": "VSSADMIN.EXE", "ParentImage": "C:\\Users\\george\\AppData\\Roaming\\Microsoft\\Windows\\Start Menu\\Programs\\Startup\\ctfmom.exe", "FileVersion": "10.0.17134.1 (WinBuild.160101.0800)", "ParentProcessId": "4080", "CurrentDirectory": "C:\\Users\\george\\AppData\\Roaming\\Microsoft\\Windows\\Start Menu\\Programs\\Startup\\", "CommandLine": "\"vssadmin.exe\" resize shadowstorage /for=c: /on=c: /maxsize=401MB", "EventID": "1", "LogonGuid": "C784477D-0C77-648C-1BFC-030000000000", "LogonId": "261147", "Image": "C:\\Windows\\System32\\vssadmin.exe", "IntegrityLevel": "Medium", "ParentCommandLine": "\"C:\\Users\\george\\AppData\\Roaming\\Microsoft\\Windows\\Start Menu\\Programs\\Startup\\ctfmom.exe\" ", "UtcTime": "1690927558", "RuleName": "-"}}, {"values": {"TerminalSessionId": "1", "ProcessGuid": "{C784477D-81C6-64C9-4B06-000000004400}", "ProcessId": "7572", "Product": "Microsoft\\xae Windows\\xae Operating System", "Description": "Command Line Interface for Microsoft\\xae Volume Shadow Copy Service ", "Company": "Microsoft Corporation", "ParentProcessGuid": "{C784477D-81C0-64C9-1706-000000004400}", "User": "DESKTOP-B0T93D6\\george", "Hashes": "MD5=47D51216EF45075B5F7EAA117CC70E40,SHA256=C946C4EDA61355A1B8E134E7A184A15C9A358B9675B6172A83E4937AE9EF4B03,IMPHASH=C1EDC431CD345F0A0F32019895D13FCE", "OriginalFileName": "VSSADMIN.EXE", "ParentImage": "C:\\Users\\george\\AppData\\Roaming\\Microsoft\\Windows\\Start Menu\\Programs\\Startup\\ctfmom.exe", "FileVersion": "10.0.17134.1 (WinBuild.160101.0800)", "ParentProcessId": "4080", "CurrentDirectory": "C:\\Users\\george\\AppData\\Roaming\\Microsoft\\Windows\\Start Menu\\Programs\\Startup\\", "CommandLine": "\"vssadmin.exe\" resize shadowstorage /for=c: /on=c: /maxsize=unbounded", "EventID": "1", "LogonGuid": "C784477D-0C77-648C-1BFC-030000000000", "LogonId": "261147", "Image": "C:\\Windows\\System32\\vssadmin.exe", "IntegrityLevel": "Medium", "ParentCommandLine": "\"C:\\Users\\george\\AppData\\Roaming\\Microsoft\\Windows\\Start Menu\\Programs\\Startup\\ctfmom.exe\" ", "UtcTime": "1690927558", "RuleName": "-"}}, {"values": {"TerminalSessionId": "1", "ProcessGuid": "{C784477D-81C6-64C9-4D06-000000004400}", "ProcessId": "7232", "Product": "Microsoft\\xae Windows\\xae Operating System", "Description": "Command Line Interface for Microsoft\\xae Volume Shadow Copy Service ", "Company": "Microsoft Corporation", "ParentProcessGuid": "{C784477D-81C0-64C9-1706-000000004400}", "User": "DESKTOP-B0T93D6\\george", "Hashes": "MD5=47D51216EF45075B5F7EAA117CC70E40,SHA256=C946C4EDA61355A1B8E134E7A184A15C9A358B9675B6172A83E4937AE9EF4B03,IMPHASH=C1EDC431CD345F0A0F32019895D13FCE", "OriginalFileName": "VSSADMIN.EXE", "ParentImage": "C:\\Users\\george\\AppData\\Roaming\\Microsoft\\Windows\\Start Menu\\Programs\\Startup\\ctfmom.exe", "FileVersion": "10.0.17134.1 (WinBuild.160101.0800)", "ParentProcessId": "4080", "CurrentDirectory": "C:\\Users\\george\\AppData\\Roaming\\Microsoft\\Windows\\Start Menu\\Programs\\Startup\\", "CommandLine": "\"vssadmin.exe\" resize shadowstorage /for=d: /on=d: /maxsize=401MB", "EventID": "1", "LogonGuid": "C784477D-0C77-648C-1BFC-030000000000", "LogonId": "261147", "Image": "C:\\Windows\\System32\\vssadmin.exe", "IntegrityLevel": "Medium", "ParentCommandLine": "\"C:\\Users\\george\\AppData\\Roaming\\Microsoft\\Windows\\Start Menu\\Programs\\Startup\\ctfmom.exe\" ", "UtcTime": "1690927558", "RuleName": "-"}}, {"values": {"TerminalSessionId": "1", "ProcessGuid": "{C784477D-81C6-64C9-4F06-000000004400}", "ProcessId": "3696", "Product": "Microsoft\\xae Windows\\xae Operating System", "Description": "Command Line Interface for Microsoft\\xae Volume Shadow Copy Service ", "Company": "Microsoft Corporation", "ParentProcessGuid": "{C784477D-81C0-64C9-1706-000000004400}", "User": "DESKTOP-B0T93D6\\george", "Hashes": "MD5=47D51216EF45075B5F7EAA117CC70E40,SHA256=C946C4EDA61355A1B8E134E7A184A15C9A358B9675B6172A83E4937AE9EF4B03,IMPHASH=C1EDC431CD345F0A0F32019895D13FCE", "OriginalFileName": "VSSADMIN.EXE", "ParentImage": "C:\\Users\\george\\AppData\\Roaming\\Microsoft\\Windows\\Start Menu\\Programs\\Startup\\ctfmom.exe", "FileVersion": "10.0.17134.1 (WinBuild.160101.0800)", "ParentProcessId": "4080", "CurrentDirectory": "C:\\Users\\george\\AppData\\Roaming\\Microsoft\\Windows\\Start Menu\\Programs\\Startup\\", "CommandLine": "\"vssadmin.exe\" resize shadowstorage /for=d: /on=d: /maxsize=unbounded", "EventID": "1", "LogonGuid": "C784477D-0C77-648C-1BFC-030000000000", "LogonId": "261147", "Image": "C:\\Windows\\System32\\vssadmin.exe", "IntegrityLevel": "Medium", "ParentCommandLine": "\"C:\\Users\\george\\AppData\\Roaming\\Microsoft\\Windows\\Start Menu\\Programs\\Startup\\ctfmom.exe\" ", "UtcTime": "1690927558", "RuleName": "-"}}, {"values": {"TerminalSessionId": "1", "ProcessGuid": "{C784477D-81C6-64C9-5106-000000004400}", "ProcessId": "7924", "Product": "Microsoft\\xae Windows\\xae Operating System", "Description": "Command Line Interface for Microsoft\\xae Volume Shadow Copy Service ", "Company": "Microsoft Corporation", "ParentProcessGuid": "{C784477D-81C0-64C9-1706-000000004400}", "User": "DESKTOP-B0T93D6\\george", "Hashes": "MD5=47D51216EF45075B5F7EAA117CC70E40,SHA256=C946C4EDA61355A1B8E134E7A184A15C9A358B9675B6172A83E4937AE9EF4B03,IMPHASH=C1EDC431CD345F0A0F32019895D13FCE", "OriginalFileName": "VSSADMIN.EXE", "ParentImage": "C:\\Users\\george\\AppData\\Roaming\\Microsoft\\Windows\\Start Menu\\Programs\\Startup\\ctfmom.exe", "FileVersion": "10.0.17134.1 (WinBuild.160101.0800)", "ParentProcessId": "4080", "CurrentDirectory": "C:\\Users\\george\\AppData\\Roaming\\Microsoft\\Windows\\Start Menu\\Programs\\Startup\\", "CommandLine": "\"vssadmin.exe\" resize shadowstorage /for=e: /on=e: /maxsize=401MB", "EventID": "1", "LogonGuid": "C784477D-0C77-648C-1BFC-030000000000", "LogonId": "261147", "Image": "C:\\Windows\\System32\\vssadmin.exe", "IntegrityLevel": "Medium", "ParentCommandLine": "\"C:\\Users\\george\\AppData\\Roaming\\Microsoft\\Windows\\Start Menu\\Programs\\Startup\\ctfmom.exe\" ", "UtcTime": "1690927558", "RuleName": "-"}}, {"values": {"TerminalSessionId": "1", "ProcessGuid": "{C784477D-81C6-64C9-5306-000000004400}", "ProcessId": "8012", "Product": "Microsoft\\xae Windows\\xae Operating System", "Description": "Command Line Interface for Microsoft\\xae Volume Shadow Copy Service ", "Company": "Microsoft Corporation", "ParentProcessGuid": "{C784477D-81C0-64C9-1706-000000004400}", "User": "DESKTOP-B0T93D6\\george", "Hashes": "MD5=47D51216EF45075B5F7EAA117CC70E40,SHA256=C946C4EDA61355A1B8E134E7A184A15C9A358B9675B6172A83E4937AE9EF4B03,IMPHASH=C1EDC431CD345F0A0F32019895D13FCE", "OriginalFileName": "VSSADMIN.EXE", "ParentImage": "C:\\Users\\george\\AppData\\Roaming\\Microsoft\\Windows\\Start Menu\\Programs\\Startup\\ctfmom.exe", "FileVersion": "10.0.17134.1 (WinBuild.160101.0800)", "ParentProcessId": "4080", "CurrentDirectory": "C:\\Users\\george\\AppData\\Roaming\\Microsoft\\Windows\\Start Menu\\Programs\\Startup\\", "CommandLine": "\"vssadmin.exe\" resize shadowstorage /for=e: /on=e: /maxsize=unbounded", "EventID": "1", "LogonGuid": "C784477D-0C77-648C-1BFC-030000000000", "LogonId": "261147", "Image": "C:\\Windows\\System32\\vssadmin.exe", "IntegrityLevel": "Medium", "ParentCommandLine": "\"C:\\Users\\george\\AppData\\Roaming\\Microsoft\\Windows\\Start Menu\\Programs\\Startup\\ctfmom.exe\" ", "UtcTime": "1690927558", "RuleName": "-"}}, {"values": {"TerminalSessionId": "1", "ProcessGuid": "{C784477D-81C6-64C9-5506-000000004400}", "ProcessId": "1652", "Product": "Microsoft\\xae Windows\\xae Operating System", "Description": "Command Line Interface for Microsoft\\xae Volume Shadow Copy Service ", "Company": "Microsoft Corporation", "ParentProcessGuid": "{C784477D-81C0-64C9-1706-000000004400}", "User": "DESKTOP-B0T93D6\\george", "Hashes": "MD5=47D51216EF45075B5F7EAA117CC70E40,SHA256=C946C4EDA61355A1B8E134E7A184A15C9A358B9675B6172A83E4937AE9EF4B03,IMPHASH=C1EDC431CD345F0A0F32019895D13FCE", "OriginalFileName": "VSSADMIN.EXE", "ParentImage": "C:\\Users\\george\\AppData\\Roaming\\Microsoft\\Windows\\Start Menu\\Programs\\Startup\\ctfmom.exe", "FileVersion": "10.0.17134.1 (WinBuild.160101.0800)", "ParentProcessId": "4080", "CurrentDirectory": "C:\\Users\\george\\AppData\\Roaming\\Microsoft\\Windows\\Start Menu\\Programs\\Startup\\", "CommandLine": "\"vssadmin.exe\" resize shadowstorage /for=f: /on=f: /maxsize=401MB", "EventID": "1", "LogonGuid": "C784477D-0C77-648C-1BFC-030000000000", "LogonId": "261147", "Image": "C:\\Windows\\System32\\vssadmin.exe", "IntegrityLevel": "Medium", "ParentCommandLine": "\"C:\\Users\\george\\AppData\\Roaming\\Microsoft\\Windows\\Start Menu\\Programs\\Startup\\ctfmom.exe\" ", "UtcTime": "1690927558", "RuleName": "-"}}, {"values": {"TerminalSessionId": "1", "ProcessGuid": "{C784477D-81C6-64C9-5706-000000004400}", "ProcessId": "6328", "Product": "Microsoft\\xae Windows\\xae Operating System", "Description": "Command Line Interface for Microsoft\\xae Volume Shadow Copy Service ", "Company": "Microsoft Corporation", "ParentProcessGuid": "{C784477D-81C0-64C9-1706-000000004400}", "User": "DESKTOP-B0T93D6\\george", "Hashes": "MD5=47D51216EF45075B5F7EAA117CC70E40,SHA256=C946C4EDA61355A1B8E134E7A184A15C9A358B9675B6172A83E4937AE9EF4B03,IMPHASH=C1EDC431CD345F0A0F32019895D13FCE", "OriginalFileName": "VSSADMIN.EXE", "ParentImage": "C:\\Users\\george\\AppData\\Roaming\\Microsoft\\Windows\\Start Menu\\Programs\\Startup\\ctfmom.exe", "FileVersion": "10.0.17134.1 (WinBuild.160101.0800)", "ParentProcessId": "4080", "CurrentDirectory": "C:\\Users\\george\\AppData\\Roaming\\Microsoft\\Windows\\Start Menu\\Programs\\Startup\\", "CommandLine": "\"vssadmin.exe\" resize shadowstorage /for=f: /on=f: /maxsize=unbounded", "EventID": "1", "LogonGuid": "C784477D-0C77-648C-1BFC-030000000000", "LogonId": "261147", "Image": "C:\\Windows\\System32\\vssadmin.exe", "IntegrityLevel": "Medium", "ParentCommandLine": "\"C:\\Users\\george\\AppData\\Roaming\\Microsoft\\Windows\\Start Menu\\Programs\\Startup\\ctfmom.exe\" ", "UtcTime": "1690927558", "RuleName": "-"}}, 