{"values": {"TerminalSessionId": "1", "ProcessGuid": "{C784477D-8A0A-6369-8E06-000000003000}", "ProcessId": "4148", "Product": "Microsoft\\xae Windows\\xae Operating System", "Description": "Command Line Interface for Microsoft\\xae BLB Backup", "Company": "Microsoft Corporation", "ParentProcessGuid": "{C784477D-8A09-6369-8C06-000000003000}", "User": "DESKTOP-B0T93D6\\george", "Hashes": "MD5=EE1E2C4D42579B19D765420E07589148,SHA256=5897AF142FACD58CF3C919263612D81A2D052B8769EA73343CC123650C1EC410,IMPHASH=9A00B7A0CB1FA540BC07C0F8C801306A", "OriginalFileName": "WBADMIN.EXE", "ParentImage": "C:\\Windows\\System32\\cmd.exe", "FileVersion": "10.0.17134.1 (WinBuild.160101.0800)", "ParentProcessId": "6068", "CurrentDirectory": "C:\\Users\\george\\AppData\\Roaming\\", "CommandLine": "wbadmin  delete catalog -quiet", "EventID": "1", "LogonGuid": "C784477D-06AC-62FE-79D2-030000000000", "LogonId": "250489", "Image": "C:\\Windows\\System32\\wbadmin.exe", "IntegrityLevel": "Medium", "ParentCommandLine": "\"C:\\Windows\\System32\\cmd.exe\" /C wbadmin delete catalog -quiet", "UtcTime": "1667861002", "RuleName": "-"}}], "rule_level": "high", "rule_description": "Shadow Copies deletion using operating systems utilities", "rule_source": "Sigma Integrated Rule Set (GitHub)", "rule_title": "Shadow Copies Deletion Using Operating Systems Utilities", "rule_id": "ad5e4d4b939797a70a9aa742d979a4742c2cfedddd663fb1a43b2795c1e6054b", "rule_author": "Florian Roth, Michael Haag, Teymur Kheirkhabarov, Daniil Yugoslavskiy, oscd.community, Andreas Hunkeler (@Karneades)"}, {"match_context": [{"values": {"EventID": "4672", "PrivilegeList": "SeAssignPrimaryTokenPrivilege\r\n\t\t\tSeTcbPrivilege\r\n\t\t\tSeSecurityPrivilege\r\n\t\t\tSeTakeOwnershipPrivilege\r\n\t\t\tSeLoadDriverPrivilege\r\n\t\t\tSeBackupPrivilege\r\n\t\t\tSeRestorePrivilege\r\n\t\t\tSeDebugPrivilege\r\n\t\t\tSeAuditPrivilege\r\n\t\t\tSeSystemEnvironmentPrivilege\r\n\t\t\tSeImpersonatePrivilege\r\n\t\t\tSeDelegateSessionUserImpersonatePrivilege", "SubjectUserName": "SYSTEM", "SubjectDomainName": "NT AUTHORITY", "SubjectUserSid": "S-1-5-18", "SubjectLogonId": "999"}}], "rule_level": "low", "rule_description": "Detects logon with \"Special groups\" and \"Special Privileges\" can be thought of as Administrator groups or privileges.", "rule_source": "Sigma Integrated Rule Set (GitHub)", "rule_title": "User with Privileges Logon", "rule_id": "8919a871f4a52b7af785fab44b4665ab6a3637e6ebeeac0288df8a5012a48be2", "rule_author": "frack113"}, {"match_context": [{"values": {"TerminalSessionId": "1", "ProcessGuid": "{C784477D-89DF-6369-7106-000000003000}", "ProcessId": "1264", "Product": "-", "Description": " ", "Company": "-", "ParentProcessGuid": "{C784477D-89D8-6369-6E06-000000003000}", "User": "DESKTOP-B0T93D6\\george", "Hashes": "MD5=AEBD11B1B1AA7A9A8345E32FAAB214E9,SHA256=7D79F606D7620626CF38A7AB2CA26AB7B908FBA65589D82521182C49CC92C0AF,IMPHASH=F34D5F2D4577ED6D9CEEC516C1F5A744", "OriginalFileName": "chaos.exe", "ParentImage": "C:\\Users\\george\\Desktop\\executable.exe", "FileVersion": "0.0.0.0", "ParentProcessId": "3600", "CurrentDirectory": "C:\\Users\\george\\AppData\\Roaming\\", "CommandLine": "\"C:\\Users\\george\\AppData\\Roaming\\svchost.exe\" ", "EventID": "1", "LogonGuid": "C784477D-06AC-62FE-4FD2-030000000000", "LogonId": "250447", "Image": "C:\\Users\\george\\AppData\\Roaming\\svchost.exe", "IntegrityLevel": "High", "ParentCommandLine": "\"C:\\Users\\george\\Desktop\\executable.exe\" ", "UtcTime": "1667860959", "RuleName": "-"}}, {"values": {"TerminalSessionId": "1", "ProcessGuid": "{C784477D-89FA-6369-8106-000000003000}", "ProcessId": "2520", "Product": "-", "Description": " ", "Company": "-", "ParentProcessGuid": "{C784477D-06AC-62FE-6B00-000000003000}", "User": "DESKTOP-B0T93D6\\george", "Hashes": "MD5=AEBD11B1B1AA7A9A8345E32FAAB214E9,SHA256=7D79F606D7620626CF38A7AB2CA26AB7B908FBA65589D82521182C49CC92C0AF,IMPHASH=F34D5F2D4577ED6D9CEEC516C1F5A744", "OriginalFileName": "chaos.exe", "ParentImage": "C:\\Windows\\explorer.exe", "FileVersion": "0.0.0.0", "ParentProcessId": "4964", "CurrentDirectory": "C:\\Users\\george\\AppData\\Roaming\\", "CommandLine": "\"C:\\Users\\george\\AppData\\Roaming\\svchost.exe\" ", "EventID": "1", "LogonGuid": "C784477D-06AC-62FE-79D2-030000000000", "LogonId": "250489", "Image": "C:\\Users\\george\\AppData\\Roaming\\svchost.exe", "IntegrityLevel": "Medium", "ParentCommandLine": "C:\\Windows\\Explorer.EXE", "UtcTime": "1667860986", "RuleName": "-"}}, {"values": {"TerminalSessionId": "1", "ProcessGuid": "{C784477D-8A02-6369-8206-000000003000}", "ProcessId": "1096", "Product": "-", "Description": " ", "Company": "-", "ParentProcessGuid": "{C784477D-06AC-62FE-6B00-000000003000}", "User": "DESKTOP-B0T93D6\\george", "Hashes": "MD5=AEBD11B1B1AA7A9A8345E32FAAB214E9,SHA256=7D79F606D7620626CF38A7AB2CA26AB7B908FBA65589D82521182C49CC92C0AF,IMPHASH=F34D5F2D4577ED6D9CEEC516C1F5A744", "OriginalFileName": "chaos.exe", "ParentImage": "C:\\Windows\\explorer.exe", "FileVersion": "0.0.0.0", "ParentProcessId": "4964", "CurrentDirectory": "C:\\Users\\george\\AppData\\Roaming\\", "CommandLine": "\"C:\\Users\\george\\AppData\\Roaming\\svchost.exe\" ", "EventID": "1", "LogonGuid": "C784477D-06AC-62FE-79D2-030000000000", "LogonId": "250489", "Image": "C:\\Users\\george\\AppData\\Roaming\\svchost.exe", "IntegrityLevel": "Medium", "ParentCommandLine": "C:\\Windows\\Explorer.EXE", "UtcTime": "1667860994", "RuleName": "-"}}, {"values": {"TerminalSessionId": "1", "ProcessGuid": "{C784477D-8A0A-6369-8F06-000000003000}", "ProcessId": "3200", "Product": "-", "Description": " ", "Company": "-", "ParentProcessGuid": "{C784477D-06AC-62FE-6B00-000000003000}", "User": "DESKTOP-B0T93D6\\george", "Hashes": "MD5=AEBD11B1B1AA7A9A8345E32FAAB214E9,SHA256=7D79F606D7620626CF38A7AB2CA26AB7B908FBA65589D82521182C49CC92C0AF,IMPHASH=F34D5F2D4577ED6D9CEEC516C1F5A744", "OriginalFileName": "chaos.exe", "ParentImage": "C:\\Windows\\explorer.exe", "FileVersion": "0.0.0.0", "ParentProcessId": "4964", "CurrentDirectory": "C:\\Windows\\system32\\", "CommandLine": "\"C:\\Users\\george\\AppData\\Roaming\\svchost.exe\" ", "EventID": "1", "LogonGuid": "C784477D-06AC-62FE-79D2-030000000000", "LogonId": "250489", "Image": "C:\\Users\\george\\AppData\\Roaming\\svchost.exe", "IntegrityLevel": "Medium", "ParentCommandLine": "C:\\Windows\\Explorer.EXE", "UtcTime": "1667861002", "RuleName": "-"}}], "rule_level": "low", "rule_description": "Detect suspicious parent processes of well-known Windows processes", "rule_source": "Sigma Integrated Rule Set (GitHub)", "rule_title": "Windows Processes Suspicious Parent Directory", "rule_id": "afd546ea5eff265c454f77f6e7641ade6e5a791d79de155fa27d377be1581535", "rule_author": "vburov"}, {"match_context": [{"values": {"EventID": "11", "ProcessId": "3600", "TargetFilename": "C:\\Users\\george\\AppData\\Roaming\\svchost.exe", "ProcessGuid": "{C784477D-89D8-6369-6E06-000000003000}", "CreationUtcTime": "1667860958", "UtcTime": "1667860958", "RuleName": "EXE", "Image": "C:\\Users\\george\\Desktop\\executable.exe"}}], "rule_level": "low", "rule_description": "Detects the creation of an executable by another executable", "rule_source": "Sigma Integrated Rule Set (GitHub)", "rule_title": "Creation of an Executable by an Executable", "rule_id": "b5386a23355681c43cfbd2f2ccfe4b16ed45324d0d7b5583487a9f302ee1e427", "rule_author": "frack113"}], "tlsh": "T1C582A3086BF94639E6FF1E7868B251511B71BD63ED3AD75D188C404E0C32B8C89A1B77", "ssdeep": "192:Za1c5EFHg5rfWCW+5OTChveIuGrzClY0zr4+Yu3eUqcPXHgBD91Cfm43wAOff8bM:dYTIuG10P4OOUj2D91C1nbFqs9"}}}