{"match_context": [{"values": {"TerminalSessionId": "1", "ProcessGuid": "{C784477D-C497-638F-2B06-000000003000}", "ProcessId": "6028", "Product": "Microsoft \\xae Windows Script Host", "Description": "Microsoft \\xae Windows Based Script Host", "Company": "Microsoft Corporation", "ParentProcessGuid": "{C784477D-C45F-638F-1006-000000003000}", "User": "DESKTOP-B0T93D6\\george", "Hashes": "MD5=7075DD7B9BE8807FCA93ACD86F724884,SHA256=A2B6E0612776C2CCC3F2B2641FADEBC45E7FA7D5244A728B76910FA372DBEDEB,IMPHASH=2D3F04AFD6BAF08CF07EE55BCF1AA52D", "OriginalFileName": "wscript.exe", "ParentImage": "C:\\Users\\george\\AppData\\Roaming\\Rj3fNWF3.exe", "FileVersion": "5.812.10240.16384", "ParentProcessId": "23648", "CurrentDirectory": "C:\\Users\\george\\Desktop\\", "CommandLine": "\"C:\\Windows\\System32\\WScript.exe\" \"C:\\Users\\george\\AppData\\Local\\Temp\\f1.vbs\" ", "EventID": "1", "LogonGuid": "C784477D-22EC-6386-2015-040000000000", "LogonId": "267552", "Image": "C:\\Windows\\SysWOW64\\wscript.exe", "IntegrityLevel": "High", "ParentCommandLine": "\"C:\\Users\\george\\AppData\\Roaming\\Rj3fNWF3.exe\" ", "UtcTime": "1670366359", "RuleName": "-"}}], "rule_level": "high", "rule_description": "Detects a suspicious script executions from temporary folder", "rule_source": "Sigma Integrated Rule Set (GitHub)", "rule_title": "Suspicious Script Execution From Temp Folder", "rule_id": "96d2c399118cab5d249093badf4a85f0ef1889872b0191bdf131bcabc0994681", "rule_author": "Florian Roth, Max Altgelt, Tim Shelton"}, {"match_context": [{"values": {"TerminalSessionId": "1", "ProcessGuid": "{C784477D-C46F-638F-1B06-000000003000}", "ProcessId": "24448", "Product": "Microsoft\\xae Windows\\xae Operating System", "Description": "Command Line Interface for Microsoft\\xae Volume Shadow Copy Service ", "Company": "Microsoft Corporation", "ParentProcessGuid": "{C784477D-C45F-638F-1006-000000003000}", "User": "DESKTOP-B0T93D6\\george", "Hashes": "MD5=7E30B94672107D3381A1D175CF18C147,SHA256=BB1D73C5104A722F228B39CCB24C6F2BB13EFCCA2EA65B013D33433550E3BCE7,IMPHASH=B8C53607A902DC54702978C63D6E8B2E", "OriginalFileName": "VSSADMIN.EXE", "ParentImage": "C:\\Users\\george\\AppData\\Roaming\\Rj3fNWF3.exe", "FileVersion": "10.0.17134.1 (WinBuild.160101.0800)", "ParentProcessId": "23648", "CurrentDirectory": "C:\\Users\\george\\Desktop\\", "CommandLine": "\"C:\\Windows\\System32\\vssadmin.exe\" delete shadows /all /quiet", "EventID": "1", "LogonGuid": "C784477D-22EC-6386-2015-040000000000", "LogonId": "267552", "Image": "C:\\Windows\\SysWOW64\\vssadmin.exe", "IntegrityLevel": "High", "ParentCommandLine": "\"C:\\Users\\george\\AppData\\Roaming\\Rj3fNWF3.exe\" ", "UtcTime": "1670366319", "RuleName": "-"}}, {"values": {"TerminalSessionId": "1", "ProcessGuid": "{C784477D-C482-638F-1F06-000000003000}", "ProcessId": "5268", "Product": "Microsoft\\xae Windows\\xae Operating System", "Description": "Command Line Interface for Microsoft\\xae Volume Shadow Copy Service ", "Company": "Microsoft Corporation", "ParentProcessGuid": "{C784477D-C45F-638F-1006-000000003000}", "User": "DESKTOP-B0T93D6\\george", "Hashes": "MD5=7E30B94672107D3381A1D175CF18C147,SHA256=BB1D73C5104A722F228B39CCB24C6F2BB13EFCCA2EA65B013D33433550E3BCE7,IMPHASH=B8C53607A902DC54702978C63D6E8B2E", "OriginalFileName": "VSSADMIN.EXE", "ParentImage": "C:\\Users\\george\\AppData\\Roaming\\Rj3fNWF3.exe", "FileVersion": "10.0.17134.1 (WinBuild.160101.0800)", "ParentProcessId": "23648", "CurrentDirectory": "C:\\Users\\george\\Desktop\\", "CommandLine": "\"C:\\Windows\\System32\\vssadmin.exe\" delete shadows /all /quiet", "EventID": "1", "LogonGuid": "C784477D-22EC-6386-2015-040000000000", "LogonId": "267552", "Image": "C:\\Windows\\SysWOW64\\vssadmin.exe", "IntegrityLevel": "High", "ParentCommandLine": "\"C:\\Users\\george\\AppData\\Roaming\\Rj3fNWF3.exe\" ", "UtcTime": "1670366338", "RuleName": "-"}}, {"values": {"TerminalSessionId": "1", "ProcessGuid": "{C784477D-C48B-638F-2206-000000003000}", "ProcessId": "24396", "Product": "Microsoft\\xae Windows\\xae Operating System", "Description": "Command Line Interface for Microsoft\\xae Volume Shadow Copy Service ", "Company": "Microsoft Corporation", "ParentProcessGuid": "{C784477D-C45F-638F-1006-000000003000}", "User": "DESKTOP-B0T93D6\\george", "Hashes": "MD5=7E30B94672107D3381A1D175CF18C147,SHA256=BB1D73C5104A722F228B39CCB24C6F2BB13EFCCA2EA65B013D33433550E3BCE7,IMPHASH=B8C53607A902DC54702978C63D6E8B2E", "OriginalFileName": "VSSADMIN.EXE", "ParentImage": "C:\\Users\\george\\AppData\\Roaming\\Rj3fNWF3.exe", "FileVersion": "10.0.17134.1 (WinBuild.160101.0800)", "ParentProcessId": "23648", "CurrentDirectory": "C:\\Users\\george\\Desktop\\", "CommandLine": "\"C:\\Windows\\System32\\vssadmin.exe\" delete shadows /all /quiet", "EventID": "1", "LogonGuid": "C784477D-22EC-6386-2015-040000000000", "LogonId": "267552", "Image": "C:\\Windows\\SysWOW64\\vssadmin.exe", "IntegrityLevel": "High", "ParentCommandLine": "\"C:\\Users\\george\\AppData\\Roaming\\Rj3fNWF3.exe\" ", "UtcTime": "1670366347", "RuleName": "-"}}], "rule_level": "high", "rule_description": "Shadow Copies deletion using operating systems utilities", "rule_source": "Sigma Integrated Rule Set (GitHub)", "rule_title": "Shadow Copies Deletion Using Operating Systems Utilities", "rule_id": "ad5e4d4b939797a70a9aa742d979a4742c2cfedddd663fb1a43b2795c1e6054b", "rule_author": "Florian Roth, Michael Haag, Teymur Kheirkhabarov, Daniil Yugoslavskiy, oscd.community, Andreas Hunkeler (@Karneades)"}, {"match_context": [{"values": {"TerminalSessionId": "1", "ProcessGuid": "{C784477D-C45A-638F-0C06-000000003000}", "ProcessId": "5236", "Product": "Microsoft\\xae Windows\\xae Operating System", "Description": "Task Scheduler Configuration Tool", "Company": "Microsoft Corporation", "ParentProcessGuid": "{C784477D-C450-638F-0906-000000003000}", "User": "DESKTOP-B0T93D6\\george", "Hashes": "MD5=15FF7D8324231381BAD48A052F85DF04,SHA256=7949EDDF437FED5F45564402B26E4D457EA666D1361A7C4F07D830BE233A4F72,IMPHASH=FC93D9248DEA161B2E724C188AECD07D", "OriginalFileName": "schtasks.exe", "ParentImage": "C:\\Users\\george\\Desktop\\program.exe", "FileVersion": "10.0.17134.1 (WinBuild.160101.0800)", "ParentProcessId": "3464", "CurrentDirectory": "C:\\Users\\george\\Desktop\\", "CommandLine": "\"C:\\Windows\\System32\\schtasks.exe\" /CREATE /TN \"N0mFUQoa\" /TR \"C:\\Users\\george\\AppData\\Roaming\\Rj3fNWF3.exe\" /SC ONLOGON /RL HIGHEST /F", "EventID": "1", "LogonGuid": "C784477D-22EC-6386-2015-040000000000", "LogonId": "267552", "Image": "C:\\Windows\\SysWOW64\\schtasks.exe", "IntegrityLevel": "High", "ParentCommandLine": "\"C:\\Users\\george\\Desktop\\program.exe\"", "UtcTime": "1670366298", "RuleName": "-"}}], "rule_level": "medium", "rule_description": "Detects scheduled task creations or modification to be run with high privileges on a suspicious schedule type", "rule_source": "Sigma Integrated Rule Set (GitHub)", "rule_title": "Suspicious Schtasks Schedule Type With High Privileges", "rule_id": "e36b579d4bc4ef49ede1d82dd08ec1cba660d105c6f037d12ecf79b434617e88", "rule_author": "Nasreddine Bencherchali"}, {"match_context": [{"values": {"EventID": "11", "ProcessId": "3464", "TargetFilename": "C:\\Users\\george\\AppData\\Roaming\\Rj3fNWF3.exe", "RuleName": "EXE", "CreationUtcTime": "1670366297", "UtcTime": "1670366297", "ProcessGuid": "{C784477D-C450-638F-0906-000000003000}", "Image": "C:\\Users\\george\\Desktop\\program.exe"}}], "rule_level": "low", "rule_description": "Detects the creation of an executable by another executable", "rule_source": "Sigma Integrated Rule Set (GitHub)", "rule_title": "Creation of an Executable by an Executable", "rule_id": "b5386a23355681c43cfbd2f2ccfe4b16ed45324d0d7b5583487a9f302ee1e427", "rule_author": "frack113"}], "meaningful_name": "rj3fnwf3.exe", "first_submission_date": 1511639183, "first_seen_itw_date": 1489034295, "crowdsourced_ids_stats": {"high": 0, "info": 0, "medium": 5, "low": 4}}}}