{"values": {"EventID": "13", "ProcessId": "6244", "EventType": "SetValue", "Image": "C:\\Users\\george\\Desktop\\software.exe", "RuleName": "T1060,RunKey", "UtcTime": "1670029525", "Details": "C:\\Users\\george\\AppData\\Roaming\\lsass.exe", "ProcessGuid": "{C784477D-A07D-638A-F705-000000001F00}", "TargetObject": "HKLM\\SOFTWARE\\WOW6432Node\\Microsoft\\Windows\\CurrentVersion\\Run\\Windows Logon"}}, {"values": {"EventID": "13", "ProcessId": "6244", "EventType": "SetValue", "Image": "C:\\Users\\george\\Desktop\\software.exe", "ProcessGuid": "{C784477D-A07D-638A-F705-000000001F00}", "UtcTime": "1670029526", "Details": "C:\\Users\\george\\AppData\\Roaming\\lsass.exe", "RuleName": "T1060,RunKey", "TargetObject": "HKLM\\SOFTWARE\\WOW6432Node\\Microsoft\\Windows\\CurrentVersion\\Run\\Windows Logon"}}, {"values": {"EventID": "13", "ProcessId": "6244", "EventType": "SetValue", "Image": "C:\\Users\\george\\Desktop\\software.exe", "RuleName": "T1060,RunKey", "UtcTime": "1670029527", "Details": "C:\\Users\\george\\AppData\\Roaming\\lsass.exe", "ProcessGuid": "{C784477D-A07D-638A-F705-000000001F00}", "TargetObject": "HKLM\\SOFTWARE\\WOW6432Node\\Microsoft\\Windows\\CurrentVersion\\Run\\Windows Logon"}}, {"values": {"EventID": "13", "ProcessId": "6244", "EventType": "SetValue", "Image": "C:\\Users\\george\\Desktop\\software.exe", "ProcessGuid": "{C784477D-A07D-638A-F705-000000001F00}", "UtcTime": "1670029528", "Details": "C:\\Users\\george\\AppData\\Roaming\\lsass.exe", "RuleName": "T1060,RunKey", "TargetObject": "HKLM\\SOFTWARE\\WOW6432Node\\Microsoft\\Windows\\CurrentVersion\\Run\\Windows Logon"}}, {"values": {"EventID": "13", "ProcessId": "6244", "EventType": "SetValue", "Image": "C:\\Users\\george\\Desktop\\software.exe", "ProcessGuid": "{C784477D-A07D-638A-F705-000000001F00}", "UtcTime": "1670029529", "Details": "C:\\Users\\george\\AppData\\Roaming\\lsass.exe", "RuleName": "T1060,RunKey", "TargetObject": "HKLM\\SOFTWARE\\WOW6432Node\\Microsoft\\Windows\\CurrentVersion\\Run\\Windows Logon"}}, {"values": {"EventID": "13", "ProcessId": "6244", "EventType": "SetValue", "Image": "C:\\Users\\george\\Desktop\\software.exe", "RuleName": "T1060,RunKey", "UtcTime": "1670029530", "Details": "C:\\Users\\george\\AppData\\Roaming\\lsass.exe", "ProcessGuid": "{C784477D-A07D-638A-F705-000000001F00}", "TargetObject": "HKLM\\SOFTWARE\\WOW6432Node\\Microsoft\\Windows\\CurrentVersion\\Run\\Windows Logon"}}], "rule_level": "medium", "rule_description": "Detects modification of autostart extensibility point (ASEP) in registry.", "rule_source": "Sigma Integrated Rule Set (GitHub)", "rule_title": "Wow6432Node CurrentVersion Autorun Keys Modification", "rule_id": "18842e32896dd83b8aca4d5e1ac78c1f66b1d252479c0023cdd02f108c42c8cd", "rule_author": "Victor Sergeev, Daniil Yugoslavskiy, Gleb Sukhodolskiy, Timur Zinniatullin, oscd.community, Tim Shelton, frack113 (split)"}, {"match_context": [{"values": {"EventID": "13", "ProcessId": "6244", "EventType": "SetValue", "Image": "C:\\Users\\george\\Desktop\\software.exe", "RuleName": "T1060,RunKey", "UtcTime": "1670029437", "Details": "C:\\Users\\george\\AppData\\Roaming\\lsass.exe", "ProcessGuid": "{C784477D-A07D-638A-F705-000000001F00}", "TargetObject": "HKU\\S-1-5-21-1015118539-3749460369-599379286-1001\\Software\\Microsoft\\Windows\\CurrentVersion\\Run\\Windows Logon"}}, {"values": {"EventID": "13", "ProcessId": "6244", "EventType": "SetValue", "Image": "C:\\Users\\george\\Desktop\\software.exe", "ProcessGuid": "{C784477D-A07D-638A-F705-000000001F00}", "UtcTime": "1670029437", "Details": "C:\\Users\\george\\AppData\\Roaming\\lsass.exe", "RuleName": "T1060,RunPolicy", "TargetObject": "HKLM\\SOFTWARE\\Microsoft\\Windows\\CurrentVersion\\Policies\\Explorer\\run\\Windows Logon"}}, {"values": {"EventID": "13", "ProcessId": "6244", "EventType": "SetValue", "Image": "C:\\Users\\george\\Desktop\\software.exe", "ProcessGuid": "{C784477D-A07D-638A-F705-000000001F00}", "UtcTime": "1670029437", "Details": "C:\\Users\\george\\AppData\\Roaming\\lsass.exe", "RuleName": "T1060,RunPolicy", "TargetObject": "HKU\\S-1-5-21-1015118539-3749460369-599379286-1001\\Software\\Microsoft\\Windows\\CurrentVersion\\Policies\\Explorer\\run\\Windows Logon"}}, {"values": {"EventID": "13", "ProcessId": "3584", "EventType": "SetValue", "Image": "C:\\Users\\george\\AppData\\Roaming\\lsass.exe", "RuleName": "T1060,RunKey", "UtcTime": "1670029447", "Details": "C:\\Users\\george\\AppData\\Roaming\\lsass.exe", "ProcessGuid": "{C784477D-A086-638A-FA05-000000001F00}", "TargetObject": "HKU\\S-1-5-21-1015118539-3749460369-599379286-1001\\Software\\Microsoft\\Windows\\CurrentVersion\\Run\\Windows Logon"}}, {"values": {"EventID": "13", "ProcessId": "6244", "EventType": "SetValue", "Image": "C:\\Users\\george\\Desktop\\software.exe", "ProcessGuid": "{C784477D-A07D-638A-F705-000000001F00}", "UtcTime": "1670029447", "Details": "C:\\Users\\george\\AppData\\Roaming\\lsass.exe", "RuleName": "T1060,RunKey", "TargetObject": "HKU\\S-1-5-21-1015118539-3749460369-599379286-1001\\Software\\Microsoft\\Windows\\CurrentVersion\\Run\\Windows Logon"}}, {"values": {"EventID": "13", "ProcessId": "6244", "EventType": "SetValue", "Image": "C:\\Users\\george\\Desktop\\software.exe", "RuleName": "T1060,RunPolicy", "UtcTime": "1670029447", "Details": "C:\\Users\\george\\AppData\\Roaming\\lsass.exe", "ProcessGuid": "{C784477D-A07D-638A-F705-000000001F00}", "TargetObject": "HKLM\\SOFTWARE\\Microsoft\\Windows\\CurrentVersion\\Policies\\Explorer\\run\\Windows Logon"}}, {"values": {"EventID": "13", "ProcessId": "6244", "EventType": "SetValue", "Image": "C:\\Users\\george\\Desktop\\software.exe", "RuleName": "T1060,RunPolicy", "UtcTime": "1670029447", "Details": "C:\\Users\\george\\AppData\\Roaming\\lsass.exe", "ProcessGuid": "{C784477D-A07D-638A-F705-000000001F00}", "TargetObject": "HKU\\S-1-5-21-1015118539-3749460369-599379286-1001\\Software\\Microsoft\\Windows\\CurrentVersion\\Policies\\Explorer\\run\\Windows Logon"}}, {"values": {"EventID": "13", "ProcessId": "6244", "EventType": "SetValue", "Image": "C:\\Users\\george\\Desktop\\software.exe", "RuleName": "T1060,RunKey", "UtcTime": "1670029448", "Details": "C:\\Users\\george\\AppData\\Roaming\\lsass.exe", "ProcessGuid": "{C784477D-A07D-638A-F705-000000001F00}", "TargetObject": "HKU\\S-1-5-21-1015118539-3749460369-599379286-1001\\Software\\Microsoft\\Windows\\CurrentVersion\\Run\\Windows Logon"}}, {"values": {"EventID": "13", "ProcessId": "6244", "EventType": "SetValue", "Image": "C:\\Users\\george\\Desktop\\software.exe", "RuleName": "T1060,RunPolicy", "UtcTime": "1670029448", "Details": "C:\\Users\\george\\AppData\\Roaming\\lsass.exe", "ProcessGuid": "{C784477D-A07D-638A-F705-000000001F00}", "TargetObject": "HKLM\\SOFTWARE\\Microsoft\\Windows\\CurrentVersion\\Policies\\Explorer\\run\\Windows Logon"}}, {"values": {"EventID": "13", "ProcessId": "6244", "EventType": "SetValue", "Image": "C:\\Users\\george\\Desktop\\software.exe", "RuleName": "T1060,RunPolicy", "UtcTime": "1670029448", "Details": "C:\\Users\\george\\AppData\\Roaming\\lsass.exe", "ProcessGuid": "{C784477D-A07D-638A-F705-000000001F00}", "TargetObject": "HKU\\S-1-5-21-1015118539-3749460369-599379286-1001\\Software\\Microsoft\\Windows\\CurrentVersion\\Policies\\Explorer\\run\\Windows Logon"}}, {"values": {"EventID": "13", "ProcessId": "6244", "EventType": "SetValue", "Image": "C:\\Users\\george\\Desktop\\software.exe", "RuleName": "T1060,RunKey", "UtcTime": "1670029450", "Details": "C:\\Users\\george\\AppData\\Roaming\\lsass.exe", "ProcessGuid": "{C784477D-A07D-638A-F705-000000001F00}", "TargetObject": "HKU\\S-1-5-21-1015118539-3749460369-599379286-1001\\Software\\Microsoft\\Windows\\CurrentVersion\\Run\\Windows Logon"}}, {"values": {"EventID": "13", "ProcessId": "6244", "EventType": "SetValue", "Image": "C:\\Users\\george\\Desktop\\software.exe", "ProcessGuid": "{C784477D-A07D-638A-F705-000000001F00}", "UtcTime": "1670029450", "Details": "C:\\Users\\george\\AppData\\Roaming\\lsass.exe", "RuleName": "T1060,RunPolicy", "TargetObject": "HKLM\\SOFTWARE\\Microsoft\\Windows\\CurrentVersion\\Policies\\Explorer\\run\\Windows Logon"}}, {"values": {"EventID": "13", "ProcessId": "6244", "EventType": "SetValue", "Image": "C:\\Users\\george\\Desktop\\software.exe", "ProcessGuid": "{C784477D-A07D-638A-F705-000000001F00}", "UtcTime": "1670029450", "Details": "C:\\Users\\george\\AppData\\Roaming\\lsass.exe", "RuleName": "T1060,RunPolicy", "TargetObject": "HKU\\S-1-5-21-1015118539-3749460369-599379286-1001\\Software\\Microsoft\\Windows\\CurrentVersion\\Policies\\Explorer\\run\\Windows Logon"}}, {"values": {"EventID": "13", "ProcessId": "6244", "EventType": "SetValue", "Image": "C:\\Users\\george\\Desktop\\software.exe", "ProcessGuid": "{C784477D-A07D-638A-F705-000000001F00}", "UtcTime": "1670029451", "Details": "C:\\Users\\george\\AppData\\Roaming\\lsass.exe", "RuleName": "T1060,RunKey", "TargetObject": "HKU\\S-1-5-21-1015118539-3749460369-599379286-1001\\Software\\Microsoft\\Windows\\CurrentVersion\\Run\\Windows Logon"}}, {"values": {"EventID": "13", "ProcessId": "6244", "EventType": "SetValue", "Image": "C:\\Users\\george\\Desktop\\software.exe", "RuleName": "T1060,RunPolicy", "UtcTime": "1670029451", "Details": "C:\\Users\\george\\AppData\\Roaming\\lsass.exe", "ProcessGuid": "{C784477D-A07D-638A-F705-000000001F00}", "TargetObject": "HKLM\\SOFTWARE\\Microsoft\\Windows\\CurrentVersion\\Policies\\Explorer\\run\\Windows Logon"}}, {"values": {"EventID": "13", "ProcessId": "6244", "EventType": "SetValue", "Image": "C:\\Users\\george\\Desktop\\software.exe", "ProcessGuid": "{C784477D-A07D-638A-F705-000000001F00}", "UtcTime": "1670029451", "Details": "C:\\Users\\george\\AppData\\Roaming\\lsass.exe", "RuleName": "T1060,RunPolicy", "TargetObject": "HKU\\S-1-5-21-1015118539-3749460369-599379286-1001\\Software\\Microsoft\\Windows\\CurrentVersion\\Policies\\Explorer\\run\\Windows Logon"}}, {"values": {"EventID": "13", "ProcessId": "6244", "EventType": "SetValue", "Image": "C:\\Users\\george\\Desktop\\software.exe", "ProcessGuid": "{C784477D-A07D-638A-F705-000000001F00}", "UtcTime": "1670029452", "Details": "C:\\Users\\george\\AppData\\Roaming\\lsass.exe", "RuleName": "T1060,RunKey", "TargetObject": "HKU\\S-1-5-21-1015118539-3749460369-599379286-1001\\Software\\Microsoft\\Windows\\CurrentVersion\\Run\\Windows Logon"}}, {"values": {"EventID": "13", "ProcessId": "6244", "EventType": "SetValue", "Image": "C:\\Users\\george\\Desktop\\software.exe", "RuleName": "T1060,RunPolicy", "UtcTime": "1670029452", "Details": "C:\\Users\\george\\AppData\\Roaming\\lsass.exe", "ProcessGuid": "{C784477D-A07D-638A-F705-000000001F00}", "TargetObject": "HKLM\\SOFTWARE\\Microsoft\\Windows\\CurrentVersion\\Policies\\Explorer\\run\\Windows Logon"}}, {"values": {"EventID": "13", "ProcessId": "6244", "EventType": "SetValue", "Image": "C:\\Users\\george\\Desktop\\software.exe", "ProcessGuid": "{C784477D-A07D-638A-F705-000000001F00}", "UtcTime": "1670029452", "Details": "C:\\Users\\george\\AppData\\Roaming\\lsass.exe", "RuleName": "T1060,RunPolicy", "TargetObject": "HKU\\S-1-5-21-1015118539-3749460369-599379286-1001\\Software\\Microsoft\\Windows\\CurrentVersion\\Policies\\Explorer\\run\\Windows Logon"}}, {"values": {"EventID": "13", "ProcessId": "6244", "EventType": "SetValue", "Image": "C:\\Users\\george\\Desktop\\software.exe", "RuleName": "T1060,RunKey", "UtcTime": "1670029453", "Details": "C:\\Users\\george\\AppData\\Roaming\\lsass.exe", "ProcessGuid": "{C784477D-A07D-638A-F705-000000001F00}", "TargetObject": "HKU\\S-1-5-21-1015118539-3749460369-599379286-1001\\Software\\Microsoft\\Windows\\CurrentVersion\\Run\\Windows Logon"}}, {"values": {"EventID": "13", "ProcessId": "6244", "EventType": "SetValue", "Image": "C:\\Users\\george\\Desktop\\software.exe", "RuleName": "T1060,RunPolicy", "UtcTime": "1670029453", "Details": "C:\\Users\\george\\AppData\\Roaming\\lsass.exe", "ProcessGuid": "{C784477D-A07D-638A-F705-000000001F00}", "TargetObject": "HKLM\\SOFTWARE\\Microsoft\\Windows\\CurrentVersion\\Policies\\Explorer\\run\\Windows Logon"}}, {"values": {"EventID": "13", "ProcessId": "6244", "EventType": "SetValue", "Image": "C:\\Users\\george\\Desktop\\software.exe", "ProcessGuid": "{C784477D-A07D-638A-F705-000000001F00}", "UtcTime": "1670029453", "Details": "C:\\Users\\george\\AppData\\Roaming\\lsass.exe", "RuleName": "T1060,RunPolicy", "TargetObject": "HKU\\S-1-5-21-1015118539-3749460369-599379286-1001\\Software\\Microsoft\\Windows\\CurrentVersion\\Policies\\Explorer\\run\\Windows Logon"}}, {"values": {"EventID": "13", "ProcessId": "6244", "EventType": "SetValue", "Image": "C:\\Users\\george\\Desktop\\software.exe", "RuleName": "T1060,RunKey", "UtcTime": "1670029454", "Details": "C:\\Users\\george\\AppData\\Roaming\\lsass.exe", "ProcessGuid": "{C784477D-A07D-638A-F705-000000001F00}", "TargetObject": "HKU\\S-1-5-21-1015118539-3749460369-599379286-1001\\Software\\Microsoft\\Windows\\CurrentVersion\\Run\\Windows Logon"}}, {"values": {"EventID": "13", "ProcessId": "6244", "EventType": "SetValue", "Image": "C:\\Users\\george\\Desktop\\software.exe", "RuleName": "T1060,RunPolicy", "UtcTime": "1670029454", "Details": "C:\\Users\\george\\AppData\\Roaming\\lsass.exe", "ProcessGuid": "{C784477D-A07D-638A-F705-000000001F00}", "TargetObject": "HKLM\\SOFTWARE\\Microsoft\\Windows\\CurrentVersion\\Policies\\Explorer\\run\\Windows Logon"}}, {"values": {"EventID": "13", "ProcessId": "6244", "EventType": "SetValue", "Image": "C:\\Users\\george\\Desktop\\software.exe", "RuleName": "T1060,RunPolicy", "UtcTime": "1670029454", "Details": "C:\\Users\\george\\AppData\\Roaming\\lsass.exe", "ProcessGuid": "{C784477D-A07D-638A-F705-000000001F00}", "TargetObject": "HKU\\S-1-5-21-1015118539-3749460369-599379286-1001\\Software\\Microsoft\\Windows\\CurrentVersion\\Policies\\Explorer\\run\\Windows Logon"}}, {"values": {"EventID": "13", "ProcessId": "3604", "EventType": "SetValue", "Image": "C:\\Users\\george\\AppData\\Roaming\\lsass.exe", "ProcessGuid": "{C784477D-A08E-638A-FB05-000000001F00}", "UtcTime": "1670029455", "Details": "C:\\Users\\george\\AppData\\Roaming\\lsass.exe", "RuleName": "T1060,RunKey", "TargetObject": "HKU\\S-1-5-21-1015118539-3749460369-599379286-1001\\Software\\Microsoft\\Windows\\CurrentVersion\\Run\\Windows Logon"}}, {"values": {"EventID": "13", "ProcessId": "6244", "EventType": "SetValue", "Image": "C:\\Users\\george\\Desktop\\software.exe", "RuleName": "T1060,RunKey", "UtcTime": "1670029455", "Details": "C:\\Users\\george\\AppData\\Roaming\\lsass.exe", "ProcessGuid": "{C784477D-A07D-638A-F705-000000001F00}", "TargetObject": "HKU\\S-1-5-21-1015118539-3749460369-599379286-1001\\Software\\Microsoft\\Windows\\CurrentVersion\\Run\\Windows Logon"}}, {"values": {"EventID": "13", "ProcessId": "6244", "EventType": "SetValue", "Image": "C:\\Users\\george\\Desktop\\software.exe", "RuleName": "T1060,RunPolicy", "UtcTime": "1670029455", "Details": "C:\\Users\\george\\AppData\\Roaming\\lsass.exe", "ProcessGuid": "{C784477D-A07D-638A-F705-000000001F00}", "TargetObject": "HKLM\\SOFTWARE\\Microsoft\\Windows\\CurrentVersion\\Policies\\Explorer\\run\\Windows Logon"}}, {"values": {"EventID": "13", "ProcessId": "6244", "EventType": "SetValue", "Image": "C:\\Users\\george\\Desktop\\software.exe", "RuleName": "T1060,RunPolicy", "UtcTime": "1670029455", "Details": "C:\\Users\\george\\AppData\\Roaming\\lsass.exe", "ProcessGuid": "{C784477D-A07D-638A-F705-000000001F00}", "TargetObject": "HKU\\S-1-5-21-1015118539-3749460369-599379286-1001\\Software\\Microsoft\\Windows\\CurrentVersion\\Policies\\Explorer\\run\\Windows Logon"}}, {"values": {"EventID": "13", "ProcessId": "6244", "EventType": "SetValue", "Image": "C:\\Users\\george\\Desktop\\software.exe", "ProcessGuid": "{C784477D-A07D-638A-F705-000000001F00}", "UtcTime": "1670029456", "Details": "C:\\Users\\george\\AppData\\Roaming\\lsass.exe", "RuleName": "T1060,RunKey", "TargetObject": "HKU\\S-1-5-21-1015118539-3749460369-599379286-1001\\Software\\Microsoft\\Windows\\CurrentVersion\\Run\\Windows Logon"}}, {"values": {"EventID": "13", "ProcessId": "6244", "EventType": "SetValue", "Image": "C:\\Users\\george\\Desktop\\software.exe", "RuleName": "T1060,RunPolicy", "UtcTime": "1670029456", "Details": "C:\\Users\\george\\AppData\\Roaming\\lsass.exe", "ProcessGuid": "{C784477D-A07D-638A-F705-000000001F00}", "TargetObject": "HKLM\\SOFTWARE\\Microsoft\\Windows\\CurrentVersion\\Policies\\Explorer\\run\\Windows Logon"}}, {"values": {"EventID": "13", "ProcessId": "6244", "EventType": "SetValue", "Image": "C:\\Users\\george\\Desktop\\software.exe", "ProcessGuid": "{C784477D-A07D-638A-F705-000000001F00}", "UtcTime": "1670029456", "Details": "C:\\Users\\george\\AppData\\Roaming\\lsass.exe", "RuleName": "T1060,RunPolicy", "TargetObject": "HKU\\S-1-5-21-1015118539-3749460369-599379286-1001\\Software\\Microsoft\\Windows\\CurrentVersion\\Policies\\Explorer\\run\\Windows Logon"}}, {"values": {"EventID": "13", "ProcessId": "6244", "EventType": "SetValue", "Image": "C:\\Users\\george\\Desktop\\software.exe", "RuleName": "T1060,RunKey", "UtcTime": "1670029457", "Details": "C:\\Users\\george\\AppData\\Roaming\\lsass.exe", "ProcessGuid": "{C784477D-A07D-638A-F705-000000001F00}", "TargetObject": "HKU\\S-1-5-21-1015118539-3749460369-599379286-1001\\Software\\Microsoft\\Windows\\CurrentVersion\\Run\\Windows Logon"}}, {"values": {"EventID": "13", "ProcessId": "6244", "EventType": "SetValue", "Image": "C:\\Users\\george\\Desktop\\software.exe", "RuleName": "T1060,RunPolicy", "UtcTime": "1670029457", "Details": "C:\\Users\\george\\AppData\\Roaming\\lsass.exe", "ProcessGuid": "{C784477D-A07D-638A-F705-000000001F00}", "TargetObject": "HKLM\\SOFTWARE\\Microsoft\\Windows\\CurrentVersion\\Policies\\Explorer\\run\\Windows Logon"}}, {"values": {"EventID": "13", "ProcessId": "6244", "EventType": "SetValue", "Image": "C:\\Users\\george\\Desktop\\software.exe", "ProcessGuid": "{C784477D-A07D-638A-F705-000000001F00}", "UtcTime": "1670029457", "Details": "C:\\Users\\george\\AppData\\Roaming\\lsass.exe", "RuleName": "T1060,RunPolicy", "TargetObject": "HKU\\S-1-5-21-1015118539-3749460369-599379286-1001\\Software\\Microsoft\\Windows\\CurrentVersion\\Policies\\Explorer\\run\\Windows Logon"}}, {"values": {"EventID": "13", "ProcessId": "6244", "EventType": "SetValue", "Image": "C:\\Users\\george\\Desktop\\software.exe", "ProcessGuid": "{C784477D-A07D-638A-F705-000000001F00}", "UtcTime": "1670029458", "Details": "C:\\Users\\george\\AppData\\Roaming\\lsass.exe", "RuleName": "T1060,RunKey", "TargetObject": "HKU\\S-1-5-21-1015118539-3749460369-599379286-1001\\Software\\Microsoft\\Windows\\CurrentVersion\\Run\\Windows Logon"}}, {"values": {"EventID": "13", "ProcessId": "6244", "EventType": "SetValue", "Image": "C:\\Users\\george\\Desktop\\software.exe", "RuleName": "T1060,RunPolicy", "UtcTime": "1670029458", "Details": "C:\\Users\\george\\AppData\\Roaming\\lsass.exe", "ProcessGuid": "{C784477D-A07D-638A-F705-000000001F00}", "TargetObject": "HKLM\\SOFTWARE\\Microsoft\\Windows\\CurrentVersion\\Policies\\Explorer\\run\\Windows Logon"}}, {"values": {"EventID": "13", "ProcessId": "6244", "EventType": "SetValue", "Image": "C:\\Users\\george\\Desktop\\software.exe", "RuleName": "T1060,RunPolicy", "UtcTime": "1670029458", "Details": "C:\\Users\\george\\AppData\\Roaming\\lsass.exe", "ProcessGuid": "{C784477D-A07D-638A-F705-000000001F00}", "TargetObject": "HKU\\S-1-5-21-1015118539-3749460369-599379286-1001\\Software\\Microsoft\\Windows\\CurrentVersion\\Policies\\Explorer\\run\\Windows Logon"}}, {"values": {"EventID": "13", "ProcessId": "6244", "EventType": "SetValue", "Image": "C:\\Users\\george\\Desktop\\software.exe", "RuleName": "T1060,RunKey", "UtcTime": "1670029459", "Details": "C:\\Users\\george\\AppData\\Roaming\\lsass.exe", "ProcessGuid": "{C784477D-A07D-638A-F705-000000001F00}", "TargetObject": "HKU\\S-1-5-21-1015118539-3749460369-599379286-1001\\Software\\Microsoft\\Windows\\CurrentVersion\\Run\\Windows Logon"}}, {"values": {"EventID": "13", "ProcessId": "6244", "EventType": "SetValue", "Image": "C:\\Users\\george\\Desktop\\software.exe", "RuleName": "T1060,RunPolicy", "UtcTime": "1670029459", "Details": "C:\\Users\\george\\AppData\\Roaming\\lsass.exe", "ProcessGuid": "{C784477D-A07D-638A-F705-000000001F00}", "TargetObject": "HKLM\\SOFTWARE\\Microsoft\\Windows\\CurrentVersion\\Policies\\Explorer\\run\\Windows Logon"}}, {"values": {"EventID": "13", "ProcessId": "6244", "EventType": "SetValue", "Image": "C:\\Users\\george\\Desktop\\software.exe", "ProcessGuid": "{C784477D-A07D-638A-F705-000000001F00}", "UtcTime": "1670029459", "Details": "C:\\Users\\george\\AppData\\Roaming\\lsass.exe", "RuleName": "T1060,RunPolicy", "TargetObject": "HKU\\S-1-5-21-1015118539-3749460369-599379286-1001\\Software\\Microsoft\\Windows\\CurrentVersion\\Policies\\Explorer\\run\\Windows Logon"}}, {"values": {"EventID": "13", "ProcessId": "6244", "EventType": "SetValue", "Image": "C:\\Users\\george\\Desktop\\software.exe", "ProcessGuid": "{C784477D-A07D-638A-F705-000000001F00}", "UtcTime": "1670029461", "Details": "C:\\Users\\george\\AppData\\Roaming\\lsass.exe", "RuleName": "T1060,RunKey", "TargetObject": "HKU\\S-1-5-21-1015118539-3749460369-599379286-1001\\Software\\Microsoft\\Windows\\CurrentVersion\\Run\\Windows Logon"}}, {"values": {"EventID": "13", "ProcessId": "6244", "EventType": "SetValue", "Image": "C:\\Users\\george\\Desktop\\software.exe", "RuleName": "T1060,RunPolicy", "UtcTime": "1670029461", "Details": "C:\\Users\\george\\AppData\\Roaming\\lsass.exe", "ProcessGuid": "{C784477D-A07D-638A-F705-000000001F00}", "TargetObject": "HKLM\\SOFTWARE\\Microsoft\\Windows\\CurrentVersion\\Policies\\Explorer\\run\\Windows Logon"}}, {"values": {"EventID": "13", "ProcessId": "6244", "EventType": "SetValue", "Image": "C:\\Users\\george\\Desktop\\software.exe", "RuleName": "T1060,RunPolicy", "UtcTime": "1670029461", "Details": "C:\\Users\\george\\AppData\\Roaming\\lsass.exe", "ProcessGuid": "{C784477D-A07D-638A-F705-000000001F00}", "TargetObject": "HKU\\S-1-5-21-1015118539-3749460369-599379286-1001\\Software\\Microsoft\\Windows\\CurrentVersion\\Policies\\Explorer\\run\\Windows Logon"}}, {"values": {"EventID": "13", "ProcessId": "6244", "EventType": "SetValue", "Image": "C:\\Users\\george\\Desktop\\software.exe", "RuleName": "T1060,RunKey", "UtcTime": "1670029462", "Details": "C:\\Users\\george\\AppData\\Roaming\\lsass.exe", "ProcessGuid": "{C784477D-A07D-638A-F705-000000001F00}", "TargetObject": "HKU\\S-1-5-21-1015118539-3749460369-599379286-1001\\Software\\Microsoft\\Windows\\CurrentVersion\\Run\\Windows Logon"}}, {"values": {"EventID": "13", "ProcessId": "6244", "EventType": "SetValue", "Image": "C:\\Users\\george\\Desktop\\software.exe", "RuleName": "T1060,RunPolicy", "UtcTime": "1670029462", "Details": "C:\\Users\\george\\AppData\\Roaming\\lsass.exe", "ProcessGuid": "{C784477D-A07D-638A-F705-000000001F00}", "TargetObject": "HKLM\\SOFTWARE\\Microsoft\\Windows\\CurrentVersion\\Policies\\Explorer\\run\\Windows Logon"}}, {"values": {"EventID": "13", "ProcessId": "6244", "EventType": "SetValue", "Image": "C:\\Users\\george\\Desktop\\software.exe", "ProcessGuid": "{C784477D-A07D-638A-F705-000000001F00}", "UtcTime": "1670029462", "Details": "C:\\Users\\george\\AppData\\Roaming\\lsass.exe", "RuleName": "T1060,RunPolicy", "TargetObject": "HKU\\S-1-5-21-1015118539-3749460369-599379286-1001\\Software\\Microsoft\\Windows\\CurrentVersion\\Policies\\Explorer\\run\\Windows Logon"}}, {"values": {"EventID": "13", "ProcessId": "3616", "EventType": "SetValue", "Image": "C:\\Users\\george\\AppData\\Roaming\\lsass.exe", "RuleName": "T1060,RunKey", "UtcTime": "1670029463", "Details": "C:\\Users\\george\\AppData\\Roaming\\lsass.exe", "ProcessGuid": "{C784477D-A096-638A-FC05-000000001F00}", "TargetObject": "HKU\\S-1-5-21-1015118539-3749460369-599379286-1001\\Software\\Microsoft\\Windows\\CurrentVersion\\Run\\Windows Logon"}}, {"values": {"EventID": "13", "ProcessId": "6244", "EventType": "SetValue", "Image": "C:\\Users\\george\\Desktop\\software.exe", "ProcessGuid": "{C784477D-A07D-638A-F705-000000001F00}", "UtcTime": "1670029463", "Details": "C:\\Users\\george\\AppData\\Roaming\\lsass.exe", "RuleName": "T1060,RunKey", "TargetObject": "HKU\\S-1-5-21-1015118539-3749460369-599379286-1001\\Software\\Microsoft\\Windows\\CurrentVersion\\Run\\Windows Logon"}}, {"values": {"EventID": "13", "ProcessId": "6244", "EventType": "SetValue", "Image": "C:\\Users\\george\\Desktop\\software.exe", "RuleName": "T1060,RunPolicy", "UtcTime": "1670029463", "Details": "C:\\Users\\george\\AppData\\Roaming\\lsass.exe", "ProcessGuid": "{C784477D-A07D-638A-F705-000000001F00}", "TargetObject": "HKLM\\SOFTWARE\\Microsoft\\Windows\\CurrentVersion\\Policies\\Explorer\\run\\Windows Logon"}}, {"values": {"EventID": "13", "ProcessId": "6244", "EventType": "SetValue", "Image": "C:\\Users\\george\\Desktop\\software.exe", "ProcessGuid": "{C784477D-A07D-638A-F705-000000001F00}", "UtcTime": "1670029463", "Details": "C:\\Users\\george\\AppData\\Roaming\\lsass.exe", "RuleName": "T1060,RunPolicy", "TargetObject": "HKU\\S-1-5-21-1015118539-3749460369-599379286-1001\\Software\\Microsoft\\Windows\\CurrentVersion\\Policies\\Explorer\\run\\Windows Logon"}}, {"values": {"EventID": "13", "ProcessId": "6244", "EventType": "SetValue", "Image": "C:\\Users\\george\\Desktop\\software.exe", "ProcessGuid": "{C784477D-A07D-638A-F705-000000001F00}", "UtcTime": "1670029464", "Details": "C:\\Users\\george\\AppData\\Roaming\\lsass.exe", "RuleName": "T1060,RunKey", "TargetObject": "HKU\\S-1-5-21-1015118539-3749460369-599379286-1001\\Software\\Microsoft\\Windows\\CurrentVersion\\Run\\Windows Logon"}}, {"values": {"EventID": "13", "ProcessId": "6244", "EventType": "SetValue", "Image": "C:\\Users\\george\\Desktop\\software.exe", "RuleName": "T1060,RunPolicy", "UtcTime": "1670029464", "Details": "C:\\Users\\george\\AppData\\Roaming\\lsass.exe", "ProcessGuid": "{C784477D-A07D-638A-F705-000000001F00}", "TargetObject": "HKLM\\SOFTWARE\\Microsoft\\Windows\\CurrentVersion\\Policies\\Explorer\\run\\Windows Logon"}}, {"values": {"EventID": "13", "ProcessId": "6244", "EventType": "SetValue", "Image": "C:\\Users\\george\\Desktop\\software.exe", "ProcessGuid": "{C784477D-A07D-638A-F705-000000001F00}", "UtcTime": "1670029464", "Details": "C:\\Users\\george\\AppData\\Roaming\\lsass.exe", "RuleName": "T1060,RunPolicy", "TargetObject": "HKU\\S-1-5-21-1015118539-3749460369-599379286-1001\\Software\\Microsoft\\Windows\\CurrentVersion\\Policies\\Explorer\\run\\Windows Logon"}}, {"values": {"EventID": "13", "ProcessId": "6244", "EventType": "SetValue", "Image": "C:\\Users\\george\\Desktop\\software.exe", "RuleName": "T1060,RunKey", "UtcTime": "1670029465", "Details": "C:\\Users\\george\\AppData\\Roaming\\lsass.exe", "ProcessGuid": "{C784477D-A07D-638A-F705-000000001F00}", "TargetObject": "HKU\\S-1-5-21-1015118539-3749460369-599379286-1001\\Software\\Microsoft\\Windows\\CurrentVersion\\Run\\Windows Logon"}}, {"values": {"EventID": "13", "ProcessId": "6244", "EventType": "SetValue", "Image": "C:\\Users\\george\\Desktop\\software.exe", "ProcessGuid": "{C784477D-A07D-638A-F705-000000001F00}", "UtcTime": "1670029465", "Details": "C:\\Users\\george\\AppData\\Roaming\\lsass.exe", "RuleName": "T1060,RunPolicy", "TargetObject": "HKLM\\SOFTWARE\\Microsoft\\Windows\\CurrentVersion\\Policies\\Explorer\\run\\Windows Logon"}}, {"values": {"EventID": "13", "ProcessId": "6244", "EventType": "SetValue", "Image": "C:\\Users\\george\\Desktop\\software.exe", "RuleName": "T1060,RunPolicy", "UtcTime": "1670029465", "Details": "C:\\Users\\george\\AppData\\Roaming\\lsass.exe", "ProcessGuid": "{C784477D-A07D-638A-F705-000000001F00}", "TargetObject": "HKU\\S-1-5-21-1015118539-3749460369-599379286-1001\\Software\\Microsoft\\Windows\\CurrentVersion\\Policies\\Explorer\\run\\Windows Logon"}}, {"values": {"EventID": "13", "ProcessId": "6244", "EventType": "SetValue", "Image": "C:\\Users\\george\\Desktop\\software.exe", "ProcessGuid": "{C784477D-A07D-638A-F705-000000001F00}", "UtcTime": "1670029466", "Details": "C:\\Users\\george\\AppData\\Roaming\\lsass.exe", "RuleName": "T1060,RunKey", "TargetObject": "HKU\\S-1-5-21-1015118539-3749460369-599379286-1001\\Software\\Microsoft\\Windows\\CurrentVersion\\Run\\Windows Logon"}}, {"values": {"EventID": "13", "ProcessId": "6244", "EventType": "SetValue", "Image": "C:\\Users\\george\\Desktop\\software.exe", "RuleName": "T1060,RunPolicy", "UtcTime": "1670029466", "Details": "C:\\Users\\george\\AppData\\Roaming\\lsass.exe", "ProcessGuid": "{C784477D-A07D-638A-F705-000000001F00}", "TargetObject": "HKLM\\SOFTWARE\\Microsoft\\Windows\\CurrentVersion\\Policies\\Explorer\\run\\Windows Logon"}}, {"values": {"EventID": "13", "ProcessId": "6244", "EventType": "SetValue", "Image": "C:\\Users\\george\\Desktop\\software.exe", "RuleName": "T1060,RunPolicy", "UtcTime": "1670029466", "Details": "C:\\Users\\george\\AppData\\Roaming\\lsass.exe", "ProcessGuid": "{C784477D-A07D-638A-F705-000000001F00}", "TargetObject": "HKU\\S-1-5-21-1015118539-3749460369-599379286-1001\\Software\\Microsoft\\Windows\\CurrentVersion\\Policies\\Explorer\\run\\Windows Logon"}}, {"values": {"EventID": "13", "ProcessId": "6244", "EventType": "SetValue", "Image": "C:\\Users\\george\\Desktop\\software.exe", "RuleName": "T1060,RunKey", "UtcTime": "1670029467", "Details": "C:\\Users\\george\\AppData\\Roaming\\lsass.exe", "ProcessGuid": "{C784477D-A07D-638A-F705-000000001F00}", "TargetObject": "HKU\\S-1-5-21-1015118539-3749460369-599379286-1001\\Software\\Microsoft\\Windows\\CurrentVersion\\Run\\Windows Logon"}}, {"values": {"EventID": "13", "ProcessId": "6244", "EventType": "SetValue", "Image": "C:\\Users\\george\\Desktop\\software.exe", "RuleName": "T1060,RunPolicy", "UtcTime": "1670029467", "Details": "C:\\Users\\george\\AppData\\Roaming\\lsass.exe", "ProcessGuid": "{C784477D-A07D-638A-F705-000000001F00}", "TargetObject": "HKLM\\SOFTWARE\\Microsoft\\Windows\\CurrentVersion\\Policies\\Explorer\\run\\Windows Logon"}}, {"values": {"EventID": "13", "ProcessId": "6244", "EventType": "SetValue", "Image": "C:\\Users\\george\\Desktop\\software.exe", "RuleName": "T1060,RunPolicy", "UtcTime": "1670029467", "Details": "C:\\Users\\george\\AppData\\Roaming\\lsass.exe", "ProcessGuid": "{C784477D-A07D-638A-F705-000000001F00}", "TargetObject": "HKU\\S-1-5-21-1015118539-3749460369-599379286-1001\\Software\\Microsoft\\Windows\\CurrentVersion\\Policies\\Explorer\\run\\Windows Logon"}}, {"values": {"EventID": "13", "ProcessId": "6244", "EventType": "SetValue", "Image": "C:\\Users\\george\\Desktop\\software.exe", "ProcessGuid": "{C784477D-A07D-638A-F705-000000001F00}", "UtcTime": "1670029468", "Details": "C:\\Users\\george\\AppData\\Roaming\\lsass.exe", "RuleName": "T1060,RunKey", "TargetObject": "HKU\\S-1-5-21-1015118539-3749460369-599379286-1001\\Software\\Microsoft\\Windows\\CurrentVersion\\Run\\Windows Logon"}}, {"values": {"EventID": "13", "ProcessId": "6244", "EventType": "SetValue", "Image": "C:\\Users\\george\\Desktop\\software.exe", "ProcessGuid": "{C784477D-A07D-638A-F705-000000001F00}", "UtcTime": "1670029468", "Details": "C:\\Users\\george\\AppData\\Roaming\\lsass.exe", "RuleName": "T1060,RunPolicy", "TargetObject": "HKLM\\SOFTWARE\\Microsoft\\Windows\\CurrentVersion\\Policies\\Explorer\\run\\Windows Logon"}}, {"values": {"EventID": "13", "ProcessId": "6244", "EventType": "SetValue", "Image": "C:\\Users\\george\\Desktop\\software.exe", "RuleName": "T1060,RunPolicy", "UtcTime": "1670029468", "Details": "C:\\Users\\george\\AppData\\Roaming\\lsass.exe", "ProcessGuid": "{C784477D-A07D-638A-F705-000000001F00}", "TargetObject": "HKU\\S-1-5-21-1015118539-3749460369-599379286-1001\\Software\\Microsoft\\Windows\\CurrentVersion\\Policies\\Explorer\\run\\Windows Logon"}}, {"values": {"EventID": "13", "ProcessId": "6244", "EventType": "SetValue", "Image": "C:\\Users\\george\\Desktop\\software.exe", "RuleName": "T1060,RunKey", "UtcTime": "1670029469", "Details": "C:\\Users\\george\\AppData\\Roaming\\lsass.exe", "ProcessGuid": "{C784477D-A07D-638A-F705-000000001F00}", "TargetObject": "HKU\\S-1-5-21-1015118539-3749460369-599379286-1001\\Software\\Microsoft\\Windows\\CurrentVersion\\Run\\Windows Logon"}}, {"values": {"EventID": "13", "ProcessId": "6244", "EventType": "SetValue", "Image": "C:\\Users\\george\\Desktop\\software.exe", "ProcessGuid": "{C784477D-A07D-638A-F705-000000001F00}", "UtcTime": "1670029469", "Details": "C:\\Users\\george\\AppData\\Roaming\\lsass.exe", "RuleName": "T1060,RunPolicy", "TargetObject": "HKLM\\SOFTWARE\\Microsoft\\Windows\\CurrentVersion\\Policies\\Explorer\\run\\Windows Logon"}}, {"values": {"EventID": "13", "ProcessId": "6244", "EventType": "SetValue", "Image": "C:\\Users\\george\\Desktop\\software.exe", "RuleName": "T1060,RunPolicy", "UtcTime": "1670029469", "Details": "C:\\Users\\george\\AppData\\Roaming\\lsass.exe", "ProcessGuid": "{C784477D-A07D-638A-F705-000000001F00}", "TargetObject": "HKU\\S-1-5-21-1015118539-3749460369-599379286-1001\\Software\\Microsoft\\Windows\\CurrentVersion\\Policies\\Explorer\\run\\Windows Logon"}}, {"values": {"EventID": "13", "ProcessId": "6244", "EventType": "SetValue", "Image": "C:\\Users\\george\\Desktop\\software.exe", "ProcessGuid": "{C784477D-A07D-638A-F705-000000001F00}", "UtcTime": "1670029470", "Details": "C:\\Users\\george\\AppData\\Roaming\\lsass.exe", "RuleName": "T1060,RunKey", "TargetObject": "HKU\\S-1-5-21-1015118539-3749460369-599379286-1001\\Software\\Microsoft\\Windows\\CurrentVersion\\Run\\Windows Logon"}}, {"values": {"EventID": "13", "ProcessId": "6244", "EventType": "SetValue", "Image": "C:\\Users\\george\\Desktop\\software.exe", "RuleName": "T1060,RunPolicy", "UtcTime": "1670029470", "Details": "C:\\Users\\george\\AppData\\Roaming\\lsass.exe", "ProcessGuid": "{C784477D-A07D-638A-F705-000000001F00}", "TargetObject": "HKLM\\SOFTWARE\\Microsoft\\Windows\\CurrentVersion\\Policies\\Explorer\\run\\Windows Logon"}}, {"values": {"EventID": "13", "ProcessId": "6244", "EventType": "SetValue", "Image": "C:\\Users\\george\\Desktop\\software.exe", "ProcessGuid": "{C784477D-A07D-638A-F705-000000001F00}", "UtcTime": "1670029470", "Details": "C:\\Users\\george\\AppData\\Roaming\\lsass.exe", "RuleName": "T1060,RunPolicy", "TargetObject": "HKU\\S-1-5-21-1015118539-3749460369-599379286-1001\\Software\\Microsoft\\Windows\\CurrentVersion\\Policies\\Explorer\\run\\Windows Logon"}}, {"values": {"EventID": "13", "ProcessId": "6244", "EventType": "SetValue", "Image": "C:\\Users\\george\\Desktop\\software.exe", "ProcessGuid": "{C784477D-A07D-638A-F705-000000001F00}", "UtcTime": "1670029471", "Details": "C:\\Users\\george\\AppData\\Roaming\\lsass.exe", "RuleName": "T1060,RunKey", "TargetObject": "HKU\\S-1-5-21-1015118539-3749460369-599379286-1001\\Software\\Microsoft\\Windows\\CurrentVersion\\Run\\Windows Logon"}}, {"values": {"EventID": "13", "ProcessId": "6244", "EventType": "SetValue", "Image": "C:\\Users\\george\\Desktop\\software.exe", "RuleName": "T1060,RunPolicy", "UtcTime": "1670029471", "Details": "C:\\Users\\george\\AppData\\Roaming\\lsass.exe", "ProcessGuid": "{C784477D-A07D-638A-F705-000000001F00}", "TargetObject": "HKLM\\SOFTWARE\\Microsoft\\Windows\\CurrentVersion\\Policies\\Explorer\\run\\Windows Logon"}}, {"values": {"EventID": "13", "ProcessId": "6244", "EventType": "SetValue", "Image": "C:\\Users\\george\\Desktop\\software.exe", "ProcessGuid": "{C784477D-A07D-638A-F705-000000001F00}", "UtcTime": "1670029471", "Details": "C:\\Users\\george\\AppData\\Roaming\\lsass.exe", "RuleName": "T1060,RunPolicy", "TargetObject": "HKU\\S-1-5-21-1015118539-3749460369-599379286-1001\\Software\\Microsoft\\Windows\\CurrentVersion\\Policies\\Explorer\\run\\Windows Logon"}}, {"values": {"EventID": "13", "ProcessId": "6244", "EventType": "SetValue", "Image": "C:\\Users\\george\\Desktop\\software.exe", "RuleName": "T1060,RunKey", "UtcTime": "1670029473", "Details": "C:\\Users\\george\\AppData\\Roaming\\lsass.exe", "ProcessGuid": "{C784477D-A07D-638A-F705-000000001F00}", "TargetObject": "HKU\\S-1-5-21-1015118539-3749460369-599379286-1001\\Software\\Microsoft\\Windows\\CurrentVersion\\Run\\Windows Logon"}}, {"values": {"EventID": "13", "ProcessId": "6244", "EventType": "SetValue", "Image": "C:\\Users\\george\\Desktop\\software.exe", "ProcessGuid": "{C784477D-A07D-638A-F705-000000001F00}", "UtcTime": "1670029473", "Details": "C:\\Users\\george\\AppData\\Roaming\\lsass.exe", "RuleName": "T1060,RunPolicy", "TargetObject": "HKLM\\SOFTWARE\\Microsoft\\Windows\\CurrentVersion\\Policies\\Explorer\\run\\Windows Logon"}}, {"values": {"EventID": "13", "ProcessId": "6244", "EventType": "SetValue", "Image": "C:\\Users\\george\\Desktop\\software.exe", "RuleName": "T1060,RunPolicy", "UtcTime": "1670029473", "Details": "C:\\Users\\george\\AppData\\Roaming\\lsass.exe", "ProcessGuid": "{C784477D-A07D-638A-F705-000000001F00}", "TargetObject": "HKU\\S-1-5-21-1015118539-3749460369-599379286-1001\\Software\\Microsoft\\Windows\\CurrentVersion\\Policies\\Explorer\\run\\Windows Logon"}}, {"values": {"EventID": "13", "ProcessId": "6244", "EventType": "SetValue", "Image": "C:\\Users\\george\\Desktop\\software.exe", "ProcessGuid": "{C784477D-A07D-638A-F705-000000001F00}", "UtcTime": "1670029474", "Details": "C:\\Users\\george\\AppData\\Roaming\\lsass.exe", "RuleName": "T1060,RunKey", "TargetObject": "HKU\\S-1-5-21-1015118539-3749460369-599379286-1001\\Software\\Microsoft\\Windows\\CurrentVersion\\Run\\Windows Logon"}}, {"values": {"EventID": "13", "ProcessId": "6244", "EventType": "SetValue", "Image": "C:\\Users\\george\\Desktop\\software.exe", "RuleName": "T1060,RunPolicy", "UtcTime": "1670029474", "Details": "C:\\Users\\george\\AppData\\Roaming\\lsass.exe", "ProcessGuid": "{C784477D-A07D-638A-F705-000000001F00}", "TargetObject": "HKLM\\SOFTWARE\\Microsoft\\Windows\\CurrentVersion\\Policies\\Explorer\\run\\Windows Logon"}}, {"values": {"EventID": "13", "ProcessId": "6244", "EventType": "SetValue", "Image": "C:\\Users\\george\\Desktop\\software.exe", "RuleName": "T1060,RunPolicy", "UtcTime": "1670029474", "Details": "C:\\Users\\george\\AppData\\Roaming\\lsass.exe", "ProcessGuid": "{C784477D-A07D-638A-F705-000000001F00}", "TargetObject": "HKU\\S-1-5-21-1015118539-3749460369-599379286-1001\\Software\\Microsoft\\Windows\\CurrentVersion\\Policies\\Explorer\\run\\Windows Logon"}}, {"values": {"EventID": "13", "ProcessId": "6244", "EventType": "SetValue", "Image": "C:\\Users\\george\\Desktop\\software.exe", "RuleName": "T1060,RunKey", "UtcTime": "1670029475", "Details": "C:\\Users\\george\\AppData\\Roaming\\lsass.exe", "ProcessGuid": "{C784477D-A07D-638A-F705-000000001F00}", "TargetObject": "HKU\\S-1-5-21-1015118539-3749460369-599379286-1001\\Software\\Microsoft\\Windows\\CurrentVersion\\Run\\Windows Logon"}}, {"values": {"EventID": "13", "ProcessId": "6244", "EventType": "SetValue", "Image": "C:\\Users\\george\\Desktop\\software.exe", "ProcessGuid": "{C784477D-A07D-638A-F705-000000001F00}", "UtcTime": "1670029475", "Details": "C:\\Users\\george\\AppData\\Roaming\\lsass.exe", "RuleName": "T1060,RunPolicy", "TargetObject": "HKLM\\SOFTWARE\\Microsoft\\Windows\\CurrentVersion\\Policies\\Explorer\\run\\Windows Logon"}}, {"values": {"EventID": "13", "ProcessId": "6244", "EventType": "SetValue", "Image": "C:\\Users\\george\\Desktop\\software.exe", "ProcessGuid": "{C784477D-A07D-638A-F705-000000001F00}", "UtcTime": "1670029475", "Details": "C:\\Users\\george\\AppData\\Roaming\\lsass.exe", "RuleName": "T1060,RunPolicy", "TargetObject": "HKU\\S-1-5-21-1015118539-3749460369-599379286-1001\\Software\\Microsoft\\Windows\\CurrentVersion\\Policies\\Explorer\\run\\Windows Logon"}}, {"values": {"EventID": "13", "ProcessId": "6244", "EventType": "SetValue", "Image": "C:\\Users\\george\\Desktop\\software.exe", "ProcessGuid": "{C784477D-A07D-638A-F705-000000001F00}", "UtcTime": "1670029476", "Details": "C:\\Users\\george\\AppData\\Roaming\\lsass.exe", "RuleName": "T1060,RunKey", "TargetObject": "HKU\\S-1-5-21-1015118539-3749460369-599379286-1001\\Software\\Microsoft\\Windows\\CurrentVersion\\Run\\Windows Logon"}}, {"values": {"EventID": "13", "ProcessId": "6244", "EventType": "SetValue", "Image": "C:\\Users\\george\\Desktop\\software.exe", "ProcessGuid": "{C784477D-A07D-638A-F705-000000001F00}", "UtcTime": "1670029476", "Details": "C:\\Users\\george\\AppData\\Roaming\\lsass.exe", "RuleName": "T1060,RunPolicy", "TargetObject": "HKLM\\SOFTWARE\\Microsoft\\Windows\\CurrentVersion\\Policies\\Explorer\\run\\Windows Logon"}}, {"values": {"EventID": "13", "ProcessId": "6244", "EventType": "SetValue", "Image": "C:\\Users\\george\\Desktop\\software.exe", "ProcessGuid": "{C784477D-A07D-638A-F705-000000001F00}", "UtcTime": "1670029476", "Details": "C:\\Users\\george\\AppData\\Roaming\\lsass.exe", "RuleName": "T1060,RunPolicy", "TargetObject": "HKU\\S-1-5-21-1015118539-3749460369-599379286-1001\\Software\\Microsoft\\Windows\\CurrentVersion\\Policies\\Explorer\\run\\Windows Logon"}}, {"values": {"EventID": "13", "ProcessId": "6244", "EventType": "SetValue", "Image": "C:\\Users\\george\\Desktop\\software.exe", "ProcessGuid": "{C784477D-A07D-638A-F705-000000001F00}", "UtcTime": "1670029477", "Details": "C:\\Users\\george\\AppData\\Roaming\\lsass.exe", "RuleName": "T1060,RunKey", "TargetObject": "HKU\\S-1-5-21-1015118539-3749460369-599379286-1001\\Software\\Microsoft\\Windows\\CurrentVersion\\Run\\Windows Logon"}}, {"values": {"EventID": "13", "ProcessId": "6244", "EventType": "SetValue", "Image": "C:\\Users\\george\\Desktop\\software.exe", "ProcessGuid": "{C784477D-A07D-638A-F705-000000001F00}", "UtcTime": "1670029477", "Details": "C:\\Users\\george\\AppData\\Roaming\\lsass.exe", "RuleName": "T1060,RunPolicy", "TargetObject": "HKLM\\SOFTWARE\\Microsoft\\Windows\\CurrentVersion\\Policies\\Explorer\\run\\Windows Logon"}}, {"values": {"EventID": "13", "ProcessId": "6244", "EventType": "SetValue", "Image": "C:\\Users\\george\\Desktop\\software.exe", "RuleName": "T1060,RunPolicy", "UtcTime": "1670029477", "Details": "C:\\Users\\george\\AppData\\Roaming\\lsass.exe", "ProcessGuid": "{C784477D-A07D-638A-F705-000000001F00}", "TargetObject": "HKU\\S-1-5-21-1015118539-3749460369-599379286-1001\\Software\\Microsoft\\Windows\\CurrentVersion\\Policies\\Explorer\\run\\Windows Logon"}}, {"values": {"EventID": "13", "ProcessId": "6244", "EventType": "SetValue", "Image": "C:\\Users\\george\\Desktop\\software.exe", "ProcessGuid": "{C784477D-A07D-638A-F705-000000001F00}", "UtcTime": "1670029478", "Details": "C:\\Users\\george\\AppData\\Roaming\\lsass.exe", "RuleName": "T1060,RunKey", "TargetObject": "HKU\\S-1-5-21-1015118539-3749460369-599379286-1001\\Software\\Microsoft\\Windows\\CurrentVersion\\Run\\Windows Logon"}}, {"values": {"EventID": "13", "ProcessId": "6244", "EventType": "SetValue", "Image": "C:\\Users\\george\\Desktop\\software.exe", "RuleName": "T1060,RunPolicy", "UtcTime": "1670029478", "Details": "C:\\Users\\george\\AppData\\Roaming\\lsass.exe", "ProcessGuid": "{C784477D-A07D-638A-F705-000000001F00}", "TargetObject": "HKLM\\SOFTWARE\\Microsoft\\Windows\\CurrentVersion\\Policies\\Explorer\\run\\Windows Logon"}}, {"values": {"EventID": "13", "ProcessId": "6244", "EventType": "SetValue", "Image": "C:\\Users\\george\\Desktop\\software.exe", "RuleName": "T1060,RunPolicy", "UtcTime": "1670029478", "Details": "C:\\Users\\george\\AppData\\Roaming\\lsass.exe", "ProcessGuid": "{C784477D-A07D-638A-F705-000000001F00}", "TargetObject": "HKU\\S-1-5-21-1015118539-3749460369-599379286-1001\\Software\\Microsoft\\Windows\\CurrentVersion\\Policies\\Explorer\\run\\Windows Logon"}}, {"values": {"EventID": "13", "ProcessId": "6244", "EventType": "SetValue", "Image": "C:\\Users\\george\\Desktop\\software.exe", "RuleName": "T1060,RunKey", "UtcTime": "1670029479", "Details": "C:\\Users\\george\\AppData\\Roaming\\lsass.exe", "ProcessGuid": "{C784477D-A07D-638A-F705-000000001F00}", "TargetObject": "HKU\\S-1-5-21-1015118539-3749460369-599379286-1001\\Software\\Microsoft\\Windows\\CurrentVersion\\Run\\Windows Logon"}}, {"values": {"EventID": "13", "ProcessId": "6244", "EventType": "SetValue", "Image": "C:\\Users\\george\\Desktop\\software.exe", "ProcessGuid": "{C784477D-A07D-638A-F705-000000001F00}", "UtcTime": "1670029479", "Details": "C:\\Users\\george\\AppData\\Roaming\\lsass.exe", "RuleName": "T1060,RunPolicy", "TargetObject": "HKLM\\SOFTWARE\\Microsoft\\Windows\\CurrentVersion\\Policies\\Explorer\\run\\Windows Logon"}}, {"values": {"EventID": "13", "ProcessId": "6244", "EventType": "SetValue", "Image": "C:\\Users\\george\\Desktop\\software.exe", "ProcessGuid": "{C784477D-A07D-638A-F705-000000001F00}", "UtcTime": "1670029479", "Details": "C:\\Users\\george\\AppData\\Roaming\\lsass.exe", "RuleName": "T1060,RunPolicy", "TargetObject": "HKU\\S-1-5-21-1015118539-3749460369-599379286-1001\\Software\\Microsoft\\Windows\\CurrentVersion\\Policies\\Explorer\\run\\Windows Logon"}}, {"values": {"EventID": "13", "ProcessId": "6244", "EventType": "SetValue", "Image": "C:\\Users\\george\\Desktop\\software.exe", "RuleName": "T1060,RunKey", "UtcTime": "1670029480", "Details": "C:\\Users\\george\\AppData\\Roaming\\lsass.exe", "ProcessGuid": "{C784477D-A07D-638A-F705-000000001F00}", "TargetObject": "HKU\\S-1-5-21-1015118539-3749460369-599379286-1001\\Software\\Microsoft\\Windows\\CurrentVersion\\Run\\Windows Logon"}}, {"values": {"EventID": "13", "ProcessId": "6244", "EventType": "SetValue", "Image": "C:\\Users\\george\\Desktop\\software.exe", "RuleName": "T1060,RunPolicy", "UtcTime": "1670029480", "Details": "C:\\Users\\george\\AppData\\Roaming\\lsass.exe", "ProcessGuid": "{C784477D-A07D-638A-F705-000000001F00}", "TargetObject": "HKLM\\SOFTWARE\\Microsoft\\Windows\\CurrentVersion\\Policies\\Explorer\\run\\Windows Logon"}}, {"values": {"EventID": "13", "ProcessId": "6244", "EventType": "SetValue", "Image": "C:\\Users\\george\\Desktop\\software.exe", "RuleName": "T1060,RunPolicy", "UtcTime": "1670029480", "Details": "C:\\Users\\george\\AppData\\Roaming\\lsass.exe", "ProcessGuid": "{C784477D-A07D-638A-F705-000000001F00}", "TargetObject": "HKU\\S-1-5-21-1015118539-3749460369-599379286-1001\\Software\\Microsoft\\Windows\\CurrentVersion\\Policies\\Explorer\\run\\Windows Logon"}}, {"values": {"EventID": "13", "ProcessId": "6244", "EventType": "SetValue", "Image": "C:\\Users\\george\\Desktop\\software.exe", "ProcessGuid": "{C784477D-A07D-638A-F705-000000001F00}", "UtcTime": "1670029481", "Details": "C:\\Users\\george\\AppData\\Roaming\\lsass.exe", "RuleName": "T1060,RunKey", "TargetObject": "HKU\\S-1-5-21-1015118539-3749460369-599379286-1001\\Software\\Microsoft\\Windows\\CurrentVersion\\Run\\Windows Logon"}}], "rule_level": "medium", "rule_description": "Detects modification of autostart extensibility point (ASEP) in registry.", "rule_source": "Sigma Integrated Rule Set (GitHub)", "rule_title": "CurrentVersion Autorun Keys Modification", "rule_id": "8b5db9da5732dc549b0e8b56fe5933d7c95ed760f3ac20568ab95347ef8c5bcc", "rule_author": "Victor Sergeev, Daniil Yugoslavskiy, Gleb Sukhodolskiy, Timur Zinniatullin, oscd.community, Tim Shelton, frack113 (split)"}, {"match_context": [{"values": {"TerminalSessionId": "1", "ProcessGuid": "{C784477D-A086-638A-FA05-000000001F00}", "ProcessId": "3584", "Product": "Microsoft", "Description": "-", "Company": "Microsoft", "ParentProcessGuid": "{C784477D-0D24-6386-6C00-000000001F00}", "User": "DESKTOP-B0T93D6\\george", "Hashes": "MD5=4D30D23BC4994D33B5C4A31A9F2E333F,SHA256=8B186201D2F969EC179BCB543E5A038312BB8E9FC9EF9770D29F3C5C8B26B2F5,IMPHASH=00000000000000000000000000000000", "OriginalFileName": "58547506.exe", "ParentImage": "C:\\Windows\\explorer.exe", "FileVersion": "1.00", "ParentProcessId": "4972", "CurrentDirectory": "C:\\Users\\george\\AppData\\Roaming\\", "CommandLine": "\"C:\\Users\\george\\AppData\\Roaming\\lsass.exe\" ", "EventID": "1", "LogonGuid": "C784477D-0D23-6386-A7F3-030000000000", "LogonId": "258983", "Image": "C:\\Users\\george\\AppData\\Roaming\\lsass.exe", "IntegrityLevel": "Medium", "ParentCommandLine": "C:\\Windows\\Explorer.EXE", "UtcTime": "1670029446", "RuleName": "-"}}, {"values": {"TerminalSessionId": "1", "ProcessGuid": "{C784477D-A08E-638A-FB05-000000001F00}", "ProcessId": "3604", "Product": "Microsoft", "Description": "-", "Company": "Microsoft", "ParentProcessGuid": "{C784477D-0D24-6386-6C00-000000001F00}", "User": "DESKTOP-B0T93D6\\george", "Hashes": "MD5=4D30D23BC4994D33B5C4A31A9F2E333F,SHA256=8B186201D2F969EC179BCB543E5A038312BB8E9FC9EF9770D29F3C5C8B26B2F5,IMPHASH=00000000000000000000000000000000", "OriginalFileName": "58547506.exe", "ParentImage": "C:\\Windows\\explorer.exe", "FileVersion": "1.00", "ParentProcessId": "4972", "CurrentDirectory": "C:\\Users\\george\\AppData\\Roaming\\", "CommandLine": "\"C:\\Users\\george\\AppData\\Roaming\\lsass.exe\" ", "EventID": "1", "LogonGuid": "C784477D-0D23-6386-A7F3-030000000000", "LogonId": "258983", "Image": "C:\\Users\\george\\AppData\\Roaming\\lsass.exe", "IntegrityLevel": "Medium", "ParentCommandLine": "C:\\Windows\\Explorer.EXE", "UtcTime": "1670029454", "RuleName": "-"}}, 