{"values": {"TerminalSessionId": "1", "ProcessGuid": "{C784477D-756B-6490-B006-000000003400}", "ProcessId": "1512", "Product": "Microsoft\\xae Windows\\xae Operating System", "Description": "Net Command", "Company": "Microsoft Corporation", "ParentProcessGuid": "{C784477D-7542-6490-1B06-000000003400}", "User": "DESKTOP-B0T93D6\\george", "Hashes": "MD5=15534275EDAABC58159DD0F8607A71E5,SHA256=E9739D544EE0D428696036CBD656C41DCC505B67CC43DBA7C6BEC4E3959282AC,IMPHASH=EB2C2924EA23E1A5FB0E3F53F46CB709", "OriginalFileName": "net.exe", "ParentImage": "C:\\Users\\george\\Desktop\\program.exe", "FileVersion": "10.0.17134.1 (WinBuild.160101.0800)", "ParentProcessId": "5396", "CurrentDirectory": "C:\\Users\\george\\Desktop\\", "CommandLine": "\"net.exe\" stop wbengine /y", "EventID": "1", "LogonGuid": "C784477D-D595-6481-7EC5-030000000000", "LogonId": "247166", "Image": "C:\\Windows\\System32\\net.exe", "IntegrityLevel": "High", "ParentCommandLine": "\"C:\\Users\\george\\Desktop\\program.exe\"", "UtcTime": "1687188843", "RuleName": "-"}}, {"values": {"TerminalSessionId": "1", "ProcessGuid": "{C784477D-756B-6490-B206-000000003400}", "ProcessId": "2168", "Product": "Microsoft\\xae Windows\\xae Operating System", "Description": "Net Command", "Company": "Microsoft Corporation", "ParentProcessGuid": "{C784477D-756B-6490-AD06-000000003400}", "User": "DESKTOP-B0T93D6\\george", "Hashes": "MD5=AF569DE92AB6C1B9C681AF1E799F9983,SHA256=FFC30745BE3B6C2771FC4B2993CFF50B5226B271C412467E97B1DC1086DEA888,IMPHASH=5322AC1A3CFF9C8A2AE16A789E26231E", "OriginalFileName": "net1.exe", "ParentImage": "C:\\Windows\\System32\\net.exe", "FileVersion": "10.0.17134.1 (WinBuild.160101.0800)", "ParentProcessId": "7552", "CurrentDirectory": "C:\\Users\\george\\Desktop\\", "CommandLine": "C:\\Windows\\system32\\net1 stop MSOLAP$SQL_2008 /y", "EventID": "1", "LogonGuid": "C784477D-D595-6481-7EC5-030000000000", "LogonId": "247166", "Image": "C:\\Windows\\System32\\net1.exe", "IntegrityLevel": "High", "ParentCommandLine": "\"net.exe\" stop MSOLAP$SQL_2008 /y", "UtcTime": "1687188843", "RuleName": "-"}}, {"values": {"TerminalSessionId": "1", "ProcessGuid": "{C784477D-756B-6490-B506-000000003400}", "ProcessId": "8504", "Product": "Microsoft\\xae Windows\\xae Operating System", "Description": "Net Command", "Company": "Microsoft Corporation", "ParentProcessGuid": "{C784477D-756B-6490-B006-000000003400}", "User": "DESKTOP-B0T93D6\\george", "Hashes": "MD5=AF569DE92AB6C1B9C681AF1E799F9983,SHA256=FFC30745BE3B6C2771FC4B2993CFF50B5226B271C412467E97B1DC1086DEA888,IMPHASH=5322AC1A3CFF9C8A2AE16A789E26231E", "OriginalFileName": "net1.exe", "ParentImage": "C:\\Windows\\System32\\net.exe", "FileVersion": "10.0.17134.1 (WinBuild.160101.0800)", "ParentProcessId": "1512", "CurrentDirectory": "C:\\Users\\george\\Desktop\\", "CommandLine": "C:\\Windows\\system32\\net1 stop wbengine /y", "EventID": "1", "LogonGuid": "C784477D-D595-6481-7EC5-030000000000", "LogonId": "247166", "Image": "C:\\Windows\\System32\\net1.exe", "IntegrityLevel": "High", "ParentCommandLine": "\"net.exe\" stop wbengine /y", "UtcTime": "1687188843", "RuleName": "-"}}, {"values": {"TerminalSessionId": "1", "ProcessGuid": "{C784477D-756B-6490-B606-000000003400}", "ProcessId": "8672", "Product": "Microsoft\\xae Windows\\xae Operating System", "Description": "Net Command", "Company": "Microsoft Corporation", "ParentProcessGuid": "{C784477D-7542-6490-1B06-000000003400}", "User": "DESKTOP-B0T93D6\\george", "Hashes": "MD5=15534275EDAABC58159DD0F8607A71E5,SHA256=E9739D544EE0D428696036CBD656C41DCC505B67CC43DBA7C6BEC4E3959282AC,IMPHASH=EB2C2924EA23E1A5FB0E3F53F46CB709", "OriginalFileName": "net.exe", "ParentImage": "C:\\Users\\george\\Desktop\\program.exe", "FileVersion": "10.0.17134.1 (WinBuild.160101.0800)", "ParentProcessId": "5396", "CurrentDirectory": "C:\\Users\\george\\Desktop\\", "CommandLine": "\"net.exe\" stop BMR Boot Service /y", "EventID": "1", "LogonGuid": "C784477D-D595-6481-7EC5-030000000000", "LogonId": "247166", "Image": "C:\\Windows\\System32\\net.exe", "IntegrityLevel": "High", "ParentCommandLine": "\"C:\\Users\\george\\Desktop\\program.exe\"", "UtcTime": "1687188843", "RuleName": "-"}}, {"values": {"TerminalSessionId": "1", "ProcessGuid": "{C784477D-756B-6490-B806-000000003400}", "ProcessId": "7176", "Product": "Microsoft\\xae Windows\\xae Operating System", "Description": "Net Command", "Company": "Microsoft Corporation", "ParentProcessGuid": "{C784477D-7542-6490-1B06-000000003400}", "User": "DESKTOP-B0T93D6\\george", "Hashes": "MD5=15534275EDAABC58159DD0F8607A71E5,SHA256=E9739D544EE0D428696036CBD656C41DCC505B67CC43DBA7C6BEC4E3959282AC,IMPHASH=EB2C2924EA23E1A5FB0E3F53F46CB709", "OriginalFileName": "net.exe", "ParentImage": "C:\\Users\\george\\Desktop\\program.exe", "FileVersion": "10.0.17134.1 (WinBuild.160101.0800)", "ParentProcessId": "5396", "CurrentDirectory": "C:\\Users\\george\\Desktop\\", "CommandLine": "\"net.exe\" stop wbengine /y", "EventID": "1", "LogonGuid": "C784477D-D595-6481-7EC5-030000000000", "LogonId": "247166", "Image": "C:\\Windows\\System32\\net.exe", "IntegrityLevel": "High", "ParentCommandLine": "\"C:\\Users\\george\\Desktop\\program.exe\"", "UtcTime": "1687188843", "RuleName": "-"}}, {"values": {"TerminalSessionId": "1", "ProcessGuid": "{C784477D-756B-6490-BA06-000000003400}", "ProcessId": "7808", "Product": "Microsoft\\xae Windows\\xae Operating System", "Description": "Net Command", "Company": "Microsoft Corporation", "ParentProcessGuid": "{C784477D-756B-6490-B606-000000003400}", "User": "DESKTOP-B0T93D6\\george", "Hashes": "MD5=AF569DE92AB6C1B9C681AF1E799F9983,SHA256=FFC30745BE3B6C2771FC4B2993CFF50B5226B271C412467E97B1DC1086DEA888,IMPHASH=5322AC1A3CFF9C8A2AE16A789E26231E", "OriginalFileName": "net1.exe", "ParentImage": "C:\\Windows\\System32\\net.exe", "FileVersion": "10.0.17134.1 (WinBuild.160101.0800)", "ParentProcessId": "8672", "CurrentDirectory": "C:\\Users\\george\\Desktop\\", "CommandLine": "C:\\Windows\\system32\\net1 stop BMR Boot Service /y", "EventID": "1", "LogonGuid": "C784477D-D595-6481-7EC5-030000000000", "LogonId": "247166", "Image": "C:\\Windows\\System32\\net1.exe", "IntegrityLevel": "High", "ParentCommandLine": "\"net.exe\" stop BMR Boot Service /y", "UtcTime": "1687188843", "RuleName": "-"}}, {"values": {"TerminalSessionId": "1", "ProcessGuid": "{C784477D-756B-6490-BB06-000000003400}", "ProcessId": "8600", "Product": "Microsoft\\xae Windows\\xae Operating System", "Description": "Net Command", "Company": "Microsoft Corporation", "ParentProcessGuid": "{C784477D-7542-6490-1B06-000000003400}", "User": "DESKTOP-B0T93D6\\george", "Hashes": "MD5=15534275EDAABC58159DD0F8607A71E5,SHA256=E9739D544EE0D428696036CBD656C41DCC505B67CC43DBA7C6BEC4E3959282AC,IMPHASH=EB2C2924EA23E1A5FB0E3F53F46CB709", "OriginalFileName": "net.exe", "ParentImage": "C:\\Users\\george\\Desktop\\program.exe", "FileVersion": "10.0.17134.1 (WinBuild.160101.0800)", "ParentProcessId": "5396", "CurrentDirectory": "C:\\Users\\george\\Desktop\\", "CommandLine": "\"net.exe\" stop SstpSvc /y", "EventID": "1", "LogonGuid": "C784477D-D595-6481-7EC5-030000000000", "LogonId": "247166", "Image": "C:\\Windows\\System32\\net.exe", "IntegrityLevel": "High", "ParentCommandLine": "\"C:\\Users\\george\\Desktop\\program.exe\"", "UtcTime": "1687188843", "RuleName": "-"}}, {"values": {"TerminalSessionId": "1", "ProcessGuid": "{C784477D-756B-6490-BD06-000000003400}", "ProcessId": "268", "Product": "Microsoft\\xae Windows\\xae Operating System", "Description": "Net Command", "Company": "Microsoft Corporation", "ParentProcessGuid": "{C784477D-756B-6490-B806-000000003400}", "User": "DESKTOP-B0T93D6\\george", "Hashes": "MD5=AF569DE92AB6C1B9C681AF1E799F9983,SHA256=FFC30745BE3B6C2771FC4B2993CFF50B5226B271C412467E97B1DC1086DEA888,IMPHASH=5322AC1A3CFF9C8A2AE16A789E26231E", "OriginalFileName": "net1.exe", "ParentImage": "C:\\Windows\\System32\\net.exe", "FileVersion": "10.0.17134.1 (WinBuild.160101.0800)", "ParentProcessId": "7176", "CurrentDirectory": "C:\\Users\\george\\Desktop\\", "CommandLine": "C:\\Windows\\system32\\net1 stop wbengine /y", "EventID": "1", "LogonGuid": "C784477D-D595-6481-7EC5-030000000000", "LogonId": "247166", "Image": "C:\\Windows\\System32\\net1.exe", "IntegrityLevel": "High", "ParentCommandLine": "\"net.exe\" stop wbengine /y", "UtcTime": "1687188843", "RuleName": "-"}}, {"values": {"TerminalSessionId": "1", "ProcessGuid": "{C784477D-756B-6490-C006-000000003400}", "ProcessId": "8716", "Product": "Microsoft\\xae Windows\\xae Operating System", "Description": "Net Command", "Company": "Microsoft Corporation", "ParentProcessGuid": "{C784477D-756B-6490-BB06-000000003400}", "User": "DESKTOP-B0T93D6\\george", "Hashes": "MD5=AF569DE92AB6C1B9C681AF1E799F9983,SHA256=FFC30745BE3B6C2771FC4B2993CFF50B5226B271C412467E97B1DC1086DEA888,IMPHASH=5322AC1A3CFF9C8A2AE16A789E26231E", "OriginalFileName": "net1.exe", "ParentImage": "C:\\Windows\\System32\\net.exe", "FileVersion": "10.0.17134.1 (WinBuild.160101.0800)", "ParentProcessId": "8600", "CurrentDirectory": "C:\\Users\\george\\Desktop\\", "CommandLine": "C:\\Windows\\system32\\net1 stop SstpSvc /y", "EventID": "1", "LogonGuid": "C784477D-D595-6481-7EC5-030000000000", "LogonId": "247166", "Image": "C:\\Windows\\System32\\net1.exe", "IntegrityLevel": "High", "ParentCommandLine": "\"net.exe\" stop SstpSvc /y", "UtcTime": "1687188843", "RuleName": "-"}}, {"values": {"TerminalSessionId": "1", "ProcessGuid": "{C784477D-756B-6490-C106-000000003400}", "ProcessId": "8688", "Product": "Microsoft\\xae Windows\\xae Operating System", "Description": "Net Command", "Company": "Microsoft Corporation", "ParentProcessGuid": "{C784477D-7542-6490-1B06-000000003400}", "User": "DESKTOP-B0T93D6\\george", "Hashes": "MD5=15534275EDAABC58159DD0F8607A71E5,SHA256=E9739D544EE0D428696036CBD656C41DCC505B67CC43DBA7C6BEC4E3959282AC,IMPHASH=EB2C2924EA23E1A5FB0E3F53F46CB709", "OriginalFileName": "net.exe", "ParentImage": "C:\\Users\\george\\Desktop\\program.exe", "FileVersion": "10.0.17134.1 (WinBuild.160101.0800)", "ParentProcessId": "5396", "CurrentDirectory": "C:\\Users\\george\\Desktop\\", "CommandLine": "\"net.exe\" stop ekrn /y", "EventID": "1", "LogonGuid": "C784477D-D595-6481-7EC5-030000000000", "LogonId": "247166", "Image": "C:\\Windows\\System32\\net.exe", "IntegrityLevel": "High", "ParentCommandLine": "\"C:\\Users\\george\\Desktop\\program.exe\"", "UtcTime": "1687188843", "RuleName": "-"}}, {"values": {"TerminalSessionId": "1", "ProcessGuid": "{C784477D-756C-6490-C606-000000003400}", "ProcessId": "8980", "Product": "Microsoft\\xae Windows\\xae Operating System", "Description": "Net Command", "Company": "Microsoft Corporation", "ParentProcessGuid": "{C784477D-7542-6490-1B06-000000003400}", "User": "DESKTOP-B0T93D6\\george", "Hashes": "MD5=15534275EDAABC58159DD0F8607A71E5,SHA256=E9739D544EE0D428696036CBD656C41DCC505B67CC43DBA7C6BEC4E3959282AC,IMPHASH=EB2C2924EA23E1A5FB0E3F53F46CB709", "OriginalFileName": "net.exe", "ParentImage": "C:\\Users\\george\\Desktop\\program.exe", "FileVersion": "10.0.17134.1 (WinBuild.160101.0800)", "ParentProcessId": "5396", "CurrentDirectory": "C:\\Users\\george\\Desktop\\", "CommandLine": "\"net.exe\" stop MSSQL$TPS /y", "EventID": "1", "LogonGuid": "C784477D-D595-6481-7EC5-030000000000", "LogonId": "247166", "Image": "C:\\Windows\\System32\\net.exe", "IntegrityLevel": "High", "ParentCommandLine": "\"C:\\Users\\george\\Desktop\\program.exe\"", "UtcTime": "1687188844", "RuleName": "-"}}, {"values": {"TerminalSessionId": "1", "ProcessGuid": "{C784477D-756C-6490-C806-000000003400}", "ProcessId": "9000", "Product": "Microsoft\\xae Windows\\xae Operating System", "Description": "Net Command", "Company": "Microsoft Corporation", "ParentProcessGuid": "{C784477D-756B-6490-C106-000000003400}", "User": "DESKTOP-B0T93D6\\george", "Hashes": "MD5=AF569DE92AB6C1B9C681AF1E799F9983,SHA256=FFC30745BE3B6C2771FC4B2993CFF50B5226B271C412467E97B1DC1086DEA888,IMPHASH=5322AC1A3CFF9C8A2AE16A789E26231E", "OriginalFileName": "net1.exe", "ParentImage": "C:\\Windows\\System32\\net.exe", "FileVersion": "10.0.17134.1 (WinBuild.160101.0800)", "ParentProcessId": "8688", "CurrentDirectory": "C:\\Users\\george\\Desktop\\", "CommandLine": "C:\\Windows\\system32\\net1 stop ekrn /y", "EventID": "1", "LogonGuid": "C784477D-D595-6481-7EC5-030000000000", "LogonId": "247166", "Image": "C:\\Windows\\System32\\net1.exe", "IntegrityLevel": "High", "ParentCommandLine": "\"net.exe\" stop ekrn /y", "UtcTime": "1687188844", "RuleName": "-"}}, {"values": {"TerminalSessionId": "1", "ProcessGuid": "{C784477D-756C-6490-C906-000000003400}", "ProcessId": "9016", "Product": "Microsoft\\xae Windows\\xae Operating System", "Description": "Net Command", "Company": "Microsoft Corporation", "ParentProcessGuid": "{C784477D-7542-6490-1B06-000000003400}", "User": "DESKTOP-B0T93D6\\george", "Hashes": "MD5=15534275EDAABC58159DD0F8607A71E5,SHA256=E9739D544EE0D428696036CBD656C41DCC505B67CC43DBA7C6BEC4E3959282AC,IMPHASH=EB2C2924EA23E1A5FB0E3F53F46CB709", "OriginalFileName": "net.exe", "ParentImage": "C:\\Users\\george\\Desktop\\program.exe", "FileVersion": "10.0.17134.1 (WinBuild.160101.0800)", "ParentProcessId": "5396", "CurrentDirectory": "C:\\Users\\george\\Desktop\\", "CommandLine": "\"net.exe\" stop MSSQL$VEEAMSQL2008R2 /y", "EventID": "1", "LogonGuid": "C784477D-D595-6481-7EC5-030000000000", "LogonId": "247166", "Image": "C:\\Windows\\System32\\net.exe", "IntegrityLevel": "High", "ParentCommandLine": "\"C:\\Users\\george\\Desktop\\program.exe\"", "UtcTime": "1687188844", "RuleName": "-"}}, {"values": {"TerminalSessionId": "1", "ProcessGuid": "{C784477D-756C-6490-CC06-000000003400}", "ProcessId": "8804", "Product": "Microsoft\\xae Windows\\xae Operating System", "Description": "Net Command", "Company": "Microsoft Corporation", "ParentProcessGuid": "{C784477D-7542-6490-1B06-000000003400}", "User": "DESKTOP-B0T93D6\\george", "Hashes": "MD5=15534275EDAABC58159DD0F8607A71E5,SHA256=E9739D544EE0D428696036CBD656C41DCC505B67CC43DBA7C6BEC4E3959282AC,IMPHASH=EB2C2924EA23E1A5FB0E3F53F46CB709", "OriginalFileName": "net.exe", "ParentImage": "C:\\Users\\george\\Desktop\\program.exe", "FileVersion": "10.0.17134.1 (WinBuild.160101.0800)", "ParentProcessId": "5396", "CurrentDirectory": "C:\\Users\\george\\Desktop\\", "CommandLine": "\"net.exe\" stop SavRoam /y", "EventID": "1", "LogonGuid": "C784477D-D595-6481-7EC5-030000000000", "LogonId": "247166", "Image": "C:\\Windows\\System32\\net.exe", "IntegrityLevel": "High", "ParentCommandLine": "\"C:\\Users\\george\\Desktop\\program.exe\"", "UtcTime": "1687188844", "RuleName": "-"}}, {"values": {"TerminalSessionId": "1", "ProcessGuid": "{C784477D-756C-6490-CE06-000000003400}", "ProcessId": "9024", "Product": "Microsoft\\xae Windows\\xae Operating System", "Description": "Net Command", "Company": "Microsoft Corporation", "ParentProcessGuid": "{C784477D-756C-6490-C606-000000003400}", "User": "DESKTOP-B0T93D6\\george", "Hashes": "MD5=AF569DE92AB6C1B9C681AF1E799F9983,SHA256=FFC30745BE3B6C2771FC4B2993CFF50B5226B271C412467E97B1DC1086DEA888,IMPHASH=5322AC1A3CFF9C8A2AE16A789E26231E", "OriginalFileName": "net1.exe", "ParentImage": "C:\\Windows\\System32\\net.exe", "FileVersion": "10.0.17134.1 (WinBuild.160101.0800)", "ParentProcessId": "8980", "CurrentDirectory": "C:\\Users\\george\\Desktop\\", "CommandLine": "C:\\Windows\\system32\\net1 stop MSSQL$TPS /y", "EventID": "1", "LogonGuid": "C784477D-D595-6481-7EC5-030000000000", "LogonId": "247166", "Image": "C:\\Windows\\System32\\net1.exe", "IntegrityLevel": "High", "ParentCommandLine": "\"net.exe\" stop MSSQL$TPS /y", "UtcTime": "1687188844", "RuleName": "-"}}, {"values": {"TerminalSessionId": "1", "ProcessGuid": "{C784477D-756C-6490-CF06-000000003400}", "ProcessId": "5004", "Product": "Microsoft\\xae Windows\\xae Operating System", "Description": "Net Command", "Company": "Microsoft Corporation", "ParentProcessGuid": "{C784477D-756C-6490-C906-000000003400}", "User": "DESKTOP-B0T93D6\\george", "Hashes": "MD5=AF569DE92AB6C1B9C681AF1E799F9983,SHA256=FFC30745BE3B6C2771FC4B2993CFF50B5226B271C412467E97B1DC1086DEA888,IMPHASH=5322AC1A3CFF9C8A2AE16A789E26231E", "OriginalFileName": "net1.exe", "ParentImage": "C:\\Windows\\System32\\net.exe", "FileVersion": "10.0.17134.1 (WinBuild.160101.0800)", "ParentProcessId": "9016", "CurrentDirectory": "C:\\Users\\george\\Desktop\\", "CommandLine": "C:\\Windows\\system32\\net1 stop MSSQL$VEEAMSQL2008R2 /y", "EventID": "1", "LogonGuid": "C784477D-D595-6481-7EC5-030000000000", "LogonId": "247166", "Image": "C:\\Windows\\System32\\net1.exe", "IntegrityLevel": "High", "ParentCommandLine": "\"net.exe\" stop MSSQL$VEEAMSQL2008R2 /y", "UtcTime": "1687188844", "RuleName": "-"}}, {"values": {"TerminalSessionId": "1", "ProcessGuid": "{C784477D-756C-6490-D006-000000003400}", "ProcessId": "8012", "Product": "Microsoft\\xae Windows\\xae Operating System", "Description": "Net Command", "Company": "Microsoft Corporation", "ParentProcessGuid": "{C784477D-7542-6490-1B06-000000003400}", "User": "DESKTOP-B0T93D6\\george", "Hashes": "MD5=15534275EDAABC58159DD0F8607A71E5,SHA256=E9739D544EE0D428696036CBD656C41DCC505B67CC43DBA7C6BEC4E3959282AC,IMPHASH=EB2C2924EA23E1A5FB0E3F53F46CB709", "OriginalFileName": "net.exe", "ParentImage": "C:\\Users\\george\\Desktop\\program.exe", "FileVersion": "10.0.17134.1 (WinBuild.160101.0800)", "ParentProcessId": "5396", "CurrentDirectory": "C:\\Users\\george\\Desktop\\", "CommandLine": "\"net.exe\" stop UI0Detect /y", "EventID": "1", "LogonGuid": "C784477D-D595-6481-7EC5-030000000000", "LogonId": "247166", "Image": "C:\\Windows\\System32\\net.exe", "IntegrityLevel": "High", "ParentCommandLine": "\"C:\\Users\\george\\Desktop\\program.exe\"", "UtcTime": "1687188844", "RuleName": "-"}}, {"values": {"TerminalSessionId": "1", "ProcessGuid": "{C784477D-756C-6490-D306-000000003400}", "ProcessId": "7908", "Product": "Microsoft\\xae Windows\\xae Operating System", "Description": "Net Command", "Company": "Microsoft Corporation", "ParentProcessGuid": "{C784477D-7542-6490-1B06-000000003400}", "User": "DESKTOP-B0T93D6\\george", "Hashes": "MD5=15534275EDAABC58159DD0F8607A71E5,SHA256=E9739D544EE0D428696036CBD656C41DCC505B67CC43DBA7C6BEC4E3959282AC,IMPHASH=EB2C2924EA23E1A5FB0E3F53F46CB709", "OriginalFileName": "net.exe", "ParentImage": "C:\\Users\\george\\Desktop\\program.exe", "FileVersion": "10.0.17134.1 (WinBuild.160101.0800)", "ParentProcessId": "5396", "CurrentDirectory": "C:\\Users\\george\\Desktop\\", "CommandLine": "\"net.exe\" stop RESvc /y", "EventID": "1", "LogonGuid": "C784477D-D595-6481-7EC5-030000000000", "LogonId": "247166", "Image": "C:\\Windows\\System32\\net.exe", "IntegrityLevel": "High", "ParentCommandLine": "\"C:\\Users\\george\\Desktop\\program.exe\"", "UtcTime": "1687188844", "RuleName": "-"}}, {"values": {"TerminalSessionId": "1", "ProcessGuid": "{C784477D-756C-6490-D206-000000003400}", "ProcessId": "8656", "Product": "Microsoft\\xae Windows\\xae Operating System", "Description": "Net Command", "Company": "Microsoft Corporation", "ParentProcessGuid": "{C784477D-756C-6490-CC06-000000003400}", "User": "DESKTOP-B0T93D6\\george", "Hashes": "MD5=AF569DE92AB6C1B9C681AF1E799F9983,SHA256=FFC30745BE3B6C2771FC4B2993CFF50B5226B271C412467E97B1DC1086DEA888,IMPHASH=5322AC1A3CFF9C8A2AE16A789E26231E", "OriginalFileName": "net1.exe", "ParentImage": "C:\\Windows\\System32\\net.exe", "FileVersion": "10.0.17134.1 (WinBuild.160101.0800)", "ParentProcessId": "8804", "CurrentDirectory": "C:\\Users\\george\\Desktop\\", "CommandLine": "C:\\Windows\\system32\\net1 stop SavRoam /y", "EventID": "1", "LogonGuid": "C784477D-D595-6481-7EC5-030000000000", "LogonId": "247166", "Image": "C:\\Windows\\System32\\net1.exe", "IntegrityLevel": "High", "ParentCommandLine": "\"net.exe\" stop SavRoam /y", "UtcTime": "1687188844", "RuleName": "-"}}, {"values": {"TerminalSessionId": "1", "ProcessGuid": "{C784477D-756C-6490-D706-000000003400}", "ProcessId": "8208", "Product": "Microsoft\\xae Windows\\xae Operating System", "Description": "Net Command", "Company": "Microsoft Corporation", "ParentProcessGuid": "{C784477D-756C-6490-D006-000000003400}", "User": "DESKTOP-B0T93D6\\george", "Hashes": "MD5=AF569DE92AB6C1B9C681AF1E799F9983,SHA256=FFC30745BE3B6C2771FC4B2993CFF50B5226B271C412467E97B1DC1086DEA888,IMPHASH=5322AC1A3CFF9C8A2AE16A789E26231E", "OriginalFileName": "net1.exe", "ParentImage": "C:\\Windows\\System32\\net.exe", "FileVersion": "10.0.17134.1 (WinBuild.160101.0800)", "ParentProcessId": "8012", "CurrentDirectory": "C:\\Users\\george\\Desktop\\", "CommandLine": "C:\\Windows\\system32\\net1 stop UI0Detect /y", "EventID": "1", "LogonGuid": "C784477D-D595-6481-7EC5-030000000000", "LogonId": "247166", "Image": "C:\\Windows\\System32\\net1.exe", "IntegrityLevel": "High", "ParentCommandLine": "\"net.exe\" stop UI0Detect /y", "UtcTime": "1687188844", "RuleName": "-"}}, {"values": {"TerminalSessionId": "1", "ProcessGuid": "{C784477D-756C-6490-D806-000000003400}", "ProcessId": "4932", "Product": "Microsoft\\xae Windows\\xae Operating System", "Description": "Net Command", "Company": "Microsoft Corporation", "ParentProcessGuid": "{C784477D-756C-6490-D306-000000003400}", "User": "DESKTOP-B0T93D6\\george", "Hashes": "MD5=AF569DE92AB6C1B9C681AF1E799F9983,SHA256=FFC30745BE3B6C2771FC4B2993CFF50B5226B271C412467E97B1DC1086DEA888,IMPHASH=5322AC1A3CFF9C8A2AE16A789E26231E", "OriginalFileName": "net1.exe", "ParentImage": "C:\\Windows\\System32\\net.exe", "FileVersion": "10.0.17134.1 (WinBuild.160101.0800)", "ParentProcessId": "7908", "CurrentDirectory": "C:\\Users\\george\\Desktop\\", "CommandLine": "C:\\Windows\\system32\\net1 stop RESvc /y", "EventID": "1", "LogonGuid": "C784477D-D595-6481-7EC5-030000000000", "LogonId": "247166", "Image": "C:\\Windows\\System32\\net1.exe", "IntegrityLevel": "High", "ParentCommandLine": "\"net.exe\" stop RESvc /y", "UtcTime": "1687188844", "RuleName": "-"}}, {"values": {"TerminalSessionId": "1", "ProcessGuid": "{C784477D-756C-6490-D906-000000003400}", "ProcessId": "8256", "Product": "Microsoft\\xae Windows\\xae Operating System", "Description": "Net Command", "Company": "Microsoft Corporation", "ParentProcessGuid": "{C784477D-7542-6490-1B06-000000003400}", "User": "DESKTOP-B0T93D6\\george", "Hashes": "MD5=15534275EDAABC58159DD0F8607A71E5,SHA256=E9739D544EE0D428696036CBD656C41DCC505B67CC43DBA7C6BEC4E3959282AC,IMPHASH=EB2C2924EA23E1A5FB0E3F53F46CB709", "OriginalFileName": "net.exe", "ParentImage": "C:\\Users\\george\\Desktop\\program.exe", "FileVersion": "10.0.17134.1 (WinBuild.160101.0800)", "ParentProcessId": "5396", "CurrentDirectory": "C:\\Users\\george\\Desktop\\", "CommandLine": "\"net.exe\" stop NetBackup BMR MTFTP Service /y", "EventID": "1", "LogonGuid": "C784477D-D595-6481-7EC5-030000000000", "LogonId": "247166", "Image": "C:\\Windows\\System32\\net.exe", "IntegrityLevel": "High", "ParentCommandLine": "\"C:\\Users\\george\\Desktop\\program.exe\"", "UtcTime": "1687188844", "RuleName": "-"}}, {"values": {"TerminalSessionId": "1", "ProcessGuid": "{C784477D-756C-6490-DD06-000000003400}", "ProcessId": "7760", "Product": "Microsoft\\xae Windows\\xae Operating System", "Description": "Net Command", "Company": "Microsoft Corporation", "ParentProcessGuid": "{C784477D-756C-6490-D906-000000003400}", "User": "DESKTOP-B0T93D6\\george", "Hashes": "MD5=AF569DE92AB6C1B9C681AF1E799F9983,SHA256=FFC30745BE3B6C2771FC4B2993CFF50B5226B271C412467E97B1DC1086DEA888,IMPHASH=5322AC1A3CFF9C8A2AE16A789E26231E", "OriginalFileName": "net1.exe", "ParentImage": "C:\\Windows\\System32\\net.exe", "FileVersion": "10.0.17134.1 (WinBuild.160101.0800)", "ParentProcessId": "8256", "CurrentDirectory": "C:\\Users\\george\\Desktop\\", "CommandLine": "C:\\Windows\\system32\\net1 stop NetBackup BMR MTFTP Service /y", "EventID": "1", "LogonGuid": "C784477D-D595-6481-7EC5-030000000000", "LogonId": "247166", "Image": "C:\\Windows\\System32\\net1.exe", "IntegrityLevel": "High", "ParentCommandLine": "\"net.exe\" stop NetBackup BMR MTFTP Service /y", "UtcTime": "1687188844", "RuleName": "-"}}, {"values": {"TerminalSessionId": "1", "ProcessGuid": "{C784477D-756C-6490-DF06-000000003400}", "ProcessId": "7184", "Product": "Microsoft\\xae Windows\\xae Operating System", "Description": "Net Command", "Company": "Microsoft Corporation", "ParentProcessGuid": "{C784477D-7542-6490-1B06-000000003400}", "User": "DESKTOP-B0T93D6\\george", "Hashes": "MD5=15534275EDAABC58159DD0F8607A71E5,SHA256=E9739D544EE0D428696036CBD656C41DCC505B67CC43DBA7C6BEC4E3959282AC,IMPHASH=EB2C2924EA23E1A5FB0E3F53F46CB709", "OriginalFileName": "net.exe", "ParentImage": "C:\\Users\\george\\Desktop\\program.exe", "FileVersion": "10.0.17134.1 (WinBuild.160101.0800)", "ParentProcessId": "5396", "CurrentDirectory": "C:\\Users\\george\\Desktop\\", "CommandLine": "\"net.exe\" stop ReportServer$SQL_2008 /y", "EventID": "1", "LogonGuid": "C784477D-D595-6481-7EC5-030000000000", "LogonId": "247166", "Image": "C:\\Windows\\System32\\net.exe", "IntegrityLevel": "High", "ParentCommandLine": "\"C:\\Users\\george\\Desktop\\program.exe\"", "UtcTime": "1687188844", "RuleName": "-"}}, {"values": {"TerminalSessionId": "1", "ProcessGuid": "{C784477D-756C-6490-E006-000000003400}", "ProcessId": "7640", "Product": "Microsoft\\xae Windows\\xae Operating System", "Description": "Net Command", "Company": "Microsoft Corporation", "ParentProcessGuid": "{C784477D-7542-6490-1B06-000000003400}", "User": "DESKTOP-B0T93D6\\george", "Hashes": "MD5=15534275EDAABC58159DD0F8607A71E5,SHA256=E9739D544EE0D428696036CBD656C41DCC505B67CC43DBA7C6BEC4E3959282AC,IMPHASH=EB2C2924EA23E1A5FB0E3F53F46CB709", "OriginalFileName": "net.exe", "ParentImage": "C:\\Users\\george\\Desktop\\program.exe", "FileVersion": "10.0.17134.1 (WinBuild.160101.0800)", "ParentProcessId": "5396", "CurrentDirectory": "C:\\Users\\george\\Desktop\\", "CommandLine": "\"net.exe\" stop mfevtp /y", "EventID": "1", "LogonGuid": "C784477D-D595-6481-7EC5-030000000000", "LogonId": "247166", "Image": "C:\\Windows\\System32\\net.exe", "IntegrityLevel": "High", "ParentCommandLine": "\"C:\\Users\\george\\Desktop\\program.exe\"", "UtcTime": "1687188844", "RuleName": "-"}}, {"values": {"TerminalSessionId": "1", "ProcessGuid": "{C784477D-756C-6490-E206-000000003400}", "ProcessId": "3884", "Product": "Microsoft\\xae Windows\\xae Operating System", "Description": "Net Command", "Company": "Microsoft Corporation", "ParentProcessGuid": "{C784477D-756C-6490-DF06-000000003400}", "User": "DESKTOP-B0T93D6\\george", "Hashes": "MD5=AF569DE92AB6C1B9C681AF1E799F9983,SHA256=FFC30745BE3B6C2771FC4B2993CFF50B5226B271C412467E97B1DC1086DEA888,IMPHASH=5322AC1A3CFF9C8A2AE16A789E26231E", "OriginalFileName": "net1.exe", "ParentImage": "C:\\Windows\\System32\\net.exe", "FileVersion": "10.0.17134.1 (WinBuild.160101.0800)", "ParentProcessId": "7184", "CurrentDirectory": "C:\\Users\\george\\Desktop\\", "CommandLine": "C:\\Windows\\system32\\net1 stop ReportServer$SQL_2008 /y", "EventID": "1", "LogonGuid": "C784477D-D595-6481-7EC5-030000000000", "LogonId": "247166", "Image": "C:\\Windows\\System32\\net1.exe", "IntegrityLevel": "High", "ParentCommandLine": "\"net.exe\" stop ReportServer$SQL_2008 /y", "UtcTime": "1687188844", "RuleName": "-"}}, {"values": {"TerminalSessionId": "1", "ProcessGuid": "{C784477D-756C-6490-E406-000000003400}", "ProcessId": "3076", "Product": "Microsoft\\xae Windows\\xae Operating System", "Description": "Net Command", "Company": "Microsoft Corporation", "ParentProcessGuid": "{C784477D-756C-6490-E006-000000003400}", "User": "DESKTOP-B0T93D6\\george", "Hashes": "MD5=AF569DE92AB6C1B9C681AF1E799F9983,SHA256=FFC30745BE3B6C2771FC4B2993CFF50B5226B271C412467E97B1DC1086DEA888,IMPHASH=5322AC1A3CFF9C8A2AE16A789E26231E", "OriginalFileName": "net1.exe", "ParentImage": "C:\\Windows\\System32\\net.exe", "FileVersion": "10.0.17134.1 (WinBuild.160101.0800)", "ParentProcessId": "7640", "CurrentDirectory": "C:\\Users\\george\\Desktop\\", "CommandLine": "C:\\Windows\\system32\\net1 stop mfevtp /y", "EventID": "1", "LogonGuid": "C784477D-D595-6481-7EC5-030000000000", "LogonId": "247166", "Image": "C:\\Windows\\System32\\net1.exe", "IntegrityLevel": "High", "ParentCommandLine": "\"net.exe\" stop mfevtp /y", "UtcTime": "1687188844", "RuleName": "-"}}, {"values": {"TerminalSessionId": "1", "ProcessGuid": "{C784477D-756C-6490-E606-000000003400}", "ProcessId": "292", "Product": "Microsoft\\xae Windows\\xae Operating System", "Description": "Net Command", "Company": "Microsoft Corporation", "ParentProcessGuid": "{C784477D-7542-6490-1B06-000000003400}", "User": "DESKTOP-B0T93D6\\george", "Hashes": "MD5=15534275EDAABC58159DD0F8607A71E5,SHA256=E9739D544EE0D428696036CBD656C41DCC505B67CC43DBA7C6BEC4E3959282AC,IMPHASH=EB2C2924EA23E1A5FB0E3F53F46CB709", "OriginalFileName": "net.exe", "ParentImage": "C:\\Users\\george\\Desktop\\program.exe", "FileVersion": "10.0.17134.1 (WinBuild.160101.0800)", "ParentProcessId": "5396", "CurrentDirectory": "C:\\Users\\george\\Desktop\\", "CommandLine": "\"net.exe\" stop Intuit.QuickBooks.FCS /y", "EventID": "1", "LogonGuid": "C784477D-D595-6481-7EC5-030000000000", "LogonId": "247166", "Image": "C:\\Windows\\System32\\net.exe", "IntegrityLevel": "High", "ParentCommandLine": "\"C:\\Users\\george\\Desktop\\program.exe\"", "UtcTime": "1687188844", "RuleName": "-"}}, {"values": {"TerminalSessionId": "1", "ProcessGuid": "{C784477D-756C-6490-E906-000000003400}", "ProcessId": "3596", "Product": "Microsoft\\xae Windows\\xae Operating System", "Description": "Net Command", "Company": "Microsoft Corporation", "ParentProcessGuid": "{C784477D-7542-6490-1B06-000000003400}", "User": "DESKTOP-B0T93D6\\george", "Hashes": "MD5=15534275EDAABC58159DD0F8607A71E5,SHA256=E9739D544EE0D428696036CBD656C41DCC505B67CC43DBA7C6BEC4E3959282AC,IMPHASH=EB2C2924EA23E1A5FB0E3F53F46CB709", "OriginalFileName": "net.exe", "ParentImage": "C:\\Users\\george\\Desktop\\program.exe", "FileVersion": "10.0.17134.1 (WinBuild.160101.0800)", "ParentProcessId": "5396", "CurrentDirectory": "C:\\Users\\george\\Desktop\\", "CommandLine": "\"net.exe\" stop mozyprobackup /y", "EventID": "1", "LogonGuid": "C784477D-D595-6481-7EC5-030000000000", "LogonId": "247166", "Image": "C:\\Windows\\System32\\net.exe", "IntegrityLevel": "High", "ParentCommandLine": "\"C:\\Users\\george\\Desktop\\program.exe\"", "UtcTime": "1687188844", "RuleName": "-"}}, {"values": {"TerminalSessionId": "1", "ProcessGuid": "{C784477D-756C-6490-EB06-000000003400}", "ProcessId": "3028", "Product": "Microsoft\\xae Windows\\xae Operating System", "Description": "Net Command", "Company": "Microsoft Corporation", "ParentProcessGuid": "{C784477D-7542-6490-1B06-000000003400}", "User": "DESKTOP-B0T93D6\\george", "Hashes": "MD5=15534275EDAABC58159DD0F8607A71E5,SHA256=E9739D544EE0D428696036CBD656C41DCC505B67CC43DBA7C6BEC4E3959282AC,IMPHASH=EB2C2924EA23E1A5FB0E3F53F46CB709", "OriginalFileName": "net.exe", "ParentImage": "C:\\Users\\george\\Desktop\\program.exe", "FileVersion": "10.0.17134.1 (WinBuild.160101.0800)", "ParentProcessId": "5396", "CurrentDirectory": "C:\\Users\\george\\Desktop\\", "CommandLine": "\"net.exe\" stop ReportServer$SYSTEM_BGC /y", "EventID": "1", "LogonGuid": "C784477D-D595-6481-7EC5-030000000000", "LogonId": "247166", "Image": "C:\\Windows\\System32\\net.exe", "IntegrityLevel": "High", "ParentCommandLine": "\"C:\\Users\\george\\Desktop\\program.exe\"", "UtcTime": "1687188844", "RuleName": "-"}}, {"values": {"TerminalSessionId": "1", "ProcessGuid": "{C784477D-756C-6490-ED06-000000003400}", "ProcessId": "7824", "Product": "Microsoft\\xae Windows\\xae Operating System", "Description": "Net Command", "Company": "Microsoft Corporation", "ParentProcessGuid": "{C784477D-756C-6490-E606-000000003400}", "User": "DESKTOP-B0T93D6\\george", "Hashes": "MD5=AF569DE92AB6C1B9C681AF1E799F9983,SHA256=FFC30745BE3B6C2771FC4B2993CFF50B5226B271C412467E97B1DC1086DEA888,IMPHASH=5322AC1A3CFF9C8A2AE16A789E26231E", "OriginalFileName": "net1.exe", "ParentImage": "C:\\Windows\\System32\\net.exe", "FileVersion": "10.0.17134.1 (WinBuild.160101.0800)", "ParentProcessId": "292", "CurrentDirectory": "C:\\Users\\george\\Desktop\\", "CommandLine": "C:\\Windows\\system32\\net1 stop Intuit.QuickBooks.FCS /y", "EventID": "1", "LogonGuid": "C784477D-D595-6481-7EC5-030000000000", "LogonId": "247166", "Image": "C:\\Windows\\System32\\net1.exe", "IntegrityLevel": "High", "ParentCommandLine": "\"net.exe\" stop Intuit.QuickBooks.FCS /y", "UtcTime": "1687188844", "RuleName": "-"}}, {"values": {"TerminalSessionId": "1", "ProcessGuid": "{C784477D-756C-6490-EE06-000000003400}", "ProcessId": "8584", "Product": "Microsoft\\xae Windows\\xae Operating System", "Description": "Net Command", "Company": "Microsoft Corporation", "ParentProcessGuid": "{C784477D-756C-6490-E906-000000003400}", "User": "DESKTOP-B0T93D6\\george", "Hashes": "MD5=AF569DE92AB6C1B9C681AF1E799F9983,SHA256=FFC30745BE3B6C2771FC4B2993CFF50B5226B271C412467E97B1DC1086DEA888,IMPHASH=5322AC1A3CFF9C8A2AE16A789E26231E", "OriginalFileName": "net1.exe", "ParentImage": "C:\\Windows\\System32\\net.exe", "FileVersion": "10.0.17134.1 (WinBuild.160101.0800)", "ParentProcessId": "3596", "CurrentDirectory": "C:\\Users\\george\\Desktop\\", "CommandLine": "C:\\Windows\\system32\\net1 stop mozyprobackup /y", "EventID": "1", "LogonGuid": "C784477D-D595-6481-7EC5-030000000000", "LogonId": "247166", "Image": "C:\\Windows\\System32\\net1.exe", "IntegrityLevel": "High", "ParentCommandLine": "\"net.exe\" stop mozyprobackup /y", "UtcTime": "1687188844", "RuleName": "-"}}, {"values": {"TerminalSessionId": "1", "ProcessGuid": "{C784477D-756C-6490-EF06-000000003400}", "ProcessId": "6652", "Product": "Microsoft\\xae Windows\\xae Operating System", "Description": "Net Command", "Company": "Microsoft Corporation", "ParentProcessGuid": "{C784477D-7542-6490-1B06-000000003400}", "User": "DESKTOP-B0T93D6\\george", "Hashes": "MD5=15534275EDAABC58159DD0F8607A71E5,SHA256=E9739D544EE0D428696036CBD656C41DCC505B67CC43DBA7C6BEC4E3959282AC,IMPHASH=EB2C2924EA23E1A5FB0E3F53F46CB709", "OriginalFileName": "net.exe", "ParentImage": "C:\\Users\\george\\Desktop\\program.exe", "FileVersion": "10.0.17134.1 (WinBuild.160101.0800)", "ParentProcessId": "5396", "CurrentDirectory": "C:\\Users\\george\\Desktop\\", "CommandLine": "\"net.exe\" stop EPUpdateService /y", "EventID": "1", "LogonGuid": "C784477D-D595-6481-7EC5-030000000000", "LogonId": "247166", "Image": "C:\\Windows\\System32\\net.exe", "IntegrityLevel": "High", "ParentCommandLine": "\"C:\\Users\\george\\Desktop\\program.exe\"", "UtcTime": "1687188844", "RuleName": "-"}}, {"values": {"TerminalSessionId": "1", "ProcessGuid": "{C784477D-756C-6490-F106-000000003400}", "ProcessId": "6248", "Product": "Microsoft\\xae Windows\\xae Operating System", "Description": "Net Command", "Company": "Microsoft Corporation", "ParentProcessGuid": "{C784477D-7542-6490-1B06-000000003400}", "User": "DESKTOP-B0T93D6\\george", "Hashes": "MD5=15534275EDAABC58159DD0F8607A71E5,SHA256=E9739D544EE0D428696036CBD656C41DCC505B67CC43DBA7C6BEC4E3959282AC,IMPHASH=EB2C2924EA23E1A5FB0E3F53F46CB709", "OriginalFileName": "net.exe", "ParentImage": "C:\\Users\\george\\Desktop\\program.exe", "FileVersion": "10.0.17134.1 (WinBuild.160101.0800)", "ParentProcessId": "5396", "CurrentDirectory": "C:\\Users\\george\\Desktop\\", "CommandLine": "\"net.exe\" stop MSSQL$TPSAMA /y", "EventID": "1", "LogonGuid": "C784477D-D595-6481-7EC5-030000000000", "LogonId": "247166", "Image": "C:\\Windows\\System32\\net.exe", "IntegrityLevel": "High", "ParentCommandLine": "\"C:\\Users\\george\\Desktop\\program.exe\"", "UtcTime": "1687188844", "RuleName": "-"}}, {"values": {"TerminalSessionId": "1", "ProcessGuid": "{C784477D-756C-6490-F206-000000003400}", "ProcessId": "3808", "Product": "Microsoft\\xae Windows\\xae Operating System", "Description": "Net Command", "Company": "Microsoft Corporation", "ParentProcessGuid": "{C784477D-756C-6490-EB06-000000003400}", "User": "DESKTOP-B0T93D6\\george", "Hashes": "MD5=AF569DE92AB6C1B9C681AF1E799F9983,SHA256=FFC30745BE3B6C2771FC4B2993CFF50B5226B271C412467E97B1DC1086DEA888,IMPHASH=5322AC1A3CFF9C8A2AE16A789E26231E", "OriginalFileName": "net1.exe", "ParentImage": "C:\\Windows\\System32\\net.exe", "FileVersion": "10.0.17134.1 (WinBuild.160101.0800)", "ParentProcessId": "3028", "CurrentDirectory": "C:\\Users\\george\\Desktop\\", "CommandLine": "C:\\Windows\\system32\\net1 stop ReportServer$SYSTEM_BGC /y", "EventID": "1", "LogonGuid": "C784477D-D595-6481-7EC5-030000000000", "LogonId": "247166", "Image": "C:\\Windows\\System32\\net1.exe", "IntegrityLevel": "High", "ParentCommandLine": "\"net.exe\" stop ReportServer$SYSTEM_BGC /y", "UtcTime": "1687188844", "RuleName": "-"}}, {"values": {"TerminalSessionId": "1", "ProcessGuid": "{C784477D-756D-6490-F406-000000003400}", "ProcessId": "2928", "Product": "Microsoft\\xae Windows\\xae Operating System", "Description": "Net Command", "Company": "Microsoft Corporation", "ParentProcessGuid": "{C784477D-7542-6490-1B06-000000003400}", "User": "DESKTOP-B0T93D6\\george", "Hashes": "MD5=15534275EDAABC58159DD0F8607A71E5,SHA256=E9739D544EE0D428696036CBD656C41DCC505B67CC43DBA7C6BEC4E3959282AC,IMPHASH=EB2C2924EA23E1A5FB0E3F53F46CB709", "OriginalFileName": "net.exe", "ParentImage": "C:\\Users\\george\\Desktop\\program.exe", "FileVersion": "10.0.17134.1 (WinBuild.160101.0800)", "ParentProcessId": "5396", "CurrentDirectory": "C:\\Users\\george\\Desktop\\", "CommandLine": "\"net.exe\" stop RTVscan /y", "EventID": "1", "LogonGuid": "C784477D-D595-6481-7EC5-030000000000", "LogonId": "247166", "Image": "C:\\Windows\\System32\\net.exe", "IntegrityLevel": "High", "ParentCommandLine": "\"C:\\Users\\george\\Desktop\\program.exe\"", "UtcTime": "1687188845", "RuleName": "-"}}, {"values": {"TerminalSessionId": "1", "ProcessGuid": "{C784477D-756D-6490-F506-000000003400}", "ProcessId": "7780", "Product": "Microsoft\\xae Windows\\xae Operating System", "Description": "Net Command", "Company": "Microsoft Corporation", "ParentProcessGuid": "{C784477D-756C-6490-EF06-000000003400}", "User": "DESKTOP-B0T93D6\\george", "Hashes": "MD5=AF569DE92AB6C1B9C681AF1E799F9983,SHA256=FFC30745BE3B6C2771FC4B2993CFF50B5226B271C412467E97B1DC1086DEA888,IMPHASH=5322AC1A3CFF9C8A2AE16A789E26231E", "OriginalFileName": "net1.exe", "ParentImage": "C:\\Windows\\System32\\net.exe", "FileVersion": "10.0.17134.1 (WinBuild.160101.0800)", "ParentProcessId": "6652", "CurrentDirectory": "C:\\Users\\george\\Desktop\\", "CommandLine": "C:\\Windows\\system32\\net1 stop EPUpdateService /y", "EventID": "1", "LogonGuid": "C784477D-D595-6481-7EC5-030000000000", "LogonId": "247166", "Image": "C:\\Windows\\System32\\net1.exe", "IntegrityLevel": "High", "ParentCommandLine": "\"net.exe\" stop EPUpdateService /y", "UtcTime": "1687188845", "RuleName": "-"}}, {"values": {"TerminalSessionId": "1", "ProcessGuid": "{C784477D-756D-6490-F706-000000003400}", "ProcessId": "8996", "Product": "Microsoft\\xae Windows\\xae Operating System", "Description": "Net Command", "Company": "Microsoft Corporation", "ParentProcessGuid": "{C784477D-756C-6490-F106-000000003400}", "User": "DESKTOP-B0T93D6\\george", "Hashes": "MD5=AF569DE92AB6C1B9C681AF1E799F9983,SHA256=FFC30745BE3B6C2771FC4B2993CFF50B5226B271C412467E97B1DC1086DEA888,IMPHASH=5322AC1A3CFF9C8A2AE16A789E26231E", "OriginalFileName": "net1.exe", "ParentImage": "C:\\Windows\\System32\\net.exe", "FileVersion": "10.0.17134.1 (WinBuild.160101.0800)", "ParentProcessId": "6248", "CurrentDirectory": "C:\\Users\\george\\Desktop\\", "CommandLine": "C:\\Windows\\system32\\net1 stop MSSQL$TPSAMA /y", "EventID": "1", "LogonGuid": "C784477D-D595-6481-7EC5-030000000000", "LogonId": "247166", "Image": "C:\\Windows\\System32\\net1.exe", "IntegrityLevel": "High", "ParentCommandLine": "\"net.exe\" stop MSSQL$TPSAMA /y", "UtcTime": "1687188845", "RuleName": "-"}}, {"values": {"TerminalSessionId": "1", "ProcessGuid": "{C784477D-756D-6490-F806-000000003400}", "ProcessId": "9004", "Product": "Microsoft\\xae Windows\\xae Operating System", "Description": "Net Command", "Company": "Microsoft Corporation", "ParentProcessGuid": "{C784477D-7542-6490-1B06-000000003400}", "User": "DESKTOP-B0T93D6\\george", "Hashes": "MD5=15534275EDAABC58159DD0F8607A71E5,SHA256=E9739D544EE0D428696036CBD656C41DCC505B67CC43DBA7C6BEC4E3959282AC,IMPHASH=EB2C2924EA23E1A5FB0E3F53F46CB709", "OriginalFileName": "net.exe", "ParentImage": "C:\\Users\\george\\Desktop\\program.exe", "FileVersion": "10.0.17134.1 (WinBuild.160101.0800)", "ParentProcessId": "5396", "CurrentDirectory": "C:\\Users\\george\\Desktop\\", "CommandLine": "\"net.exe\" stop MSExchangeSA /y", "EventID": "1", "LogonGuid": "C784477D-D595-6481-7EC5-030000000000", "LogonId": "247166", "Image": "C:\\Windows\\System32\\net.exe", "IntegrityLevel": "High", "ParentCommandLine": "\"C:\\Users\\george\\Desktop\\program.exe\"", "UtcTime": "1687188845", "RuleName": "-"}}, {"values": {"TerminalSessionId": "1", "ProcessGuid": "{C784477D-756D-6490-FA06-000000003400}", "ProcessId": "9088", "Product": "Microsoft\\xae Windows\\xae Operating System", "Description": "Net Command", "Company": "Microsoft Corporation", "ParentProcessGuid": "{C784477D-756D-6490-F406-000000003400}", "User": "DESKTOP-B0T93D6\\george", "Hashes": "MD5=AF569DE92AB6C1B9C681AF1E799F9983,SHA256=FFC30745BE3B6C2771FC4B2993CFF50B5226B271C412467E97B1DC1086DEA888,IMPHASH=5322AC1A3CFF9C8A2AE16A789E26231E", "OriginalFileName": "net1.exe", "ParentImage": "C:\\Windows\\System32\\net.exe", "FileVersion": "10.0.17134.1 (WinBuild.160101.0800)", "ParentProcessId": "2928", "CurrentDirectory": "C:\\Users\\george\\Desktop\\", "CommandLine": "C:\\Windows\\system32\\net1 stop RTVscan /y", "EventID": "1", "LogonGuid": "C784477D-D595-6481-7EC5-030000000000", "LogonId": "247166", "Image": "C:\\Windows\\System32\\net1.exe", "IntegrityLevel": "High", "ParentCommandLine": "\"net.exe\" stop RTVscan /y", "UtcTime": "1687188845", "RuleName": "-"}}, {"values": {"TerminalSessionId": "1", "ProcessGuid": "{C784477D-756D-6490-FB06-000000003400}", "ProcessId": "7960", "Product": "Microsoft\\xae Windows\\xae Operating System", "Description": "Net Command", "Company": "Microsoft Corporation", "ParentProcessGuid": "{C784477D-7542-6490-1B06-000000003400}", "User": "DESKTOP-B0T93D6\\george", "Hashes": "MD5=15534275EDAABC58159DD0F8607A71E5,SHA256=E9739D544EE0D428696036CBD656C41DCC505B67CC43DBA7C6BEC4E3959282AC,IMPHASH=EB2C2924EA23E1A5FB0E3F53F46CB709", "OriginalFileName": "net.exe", "ParentImage": "C:\\Users\\george\\Desktop\\program.exe", "FileVersion": "10.0.17134.1 (WinBuild.160101.0800)", "ParentProcessId": "5396", "CurrentDirectory": "C:\\Users\\george\\Desktop\\", "CommandLine": "\"net.exe\" stop sms_site_sql_backup /y", "EventID": "1", "LogonGuid": "C784477D-D595-6481-7EC5-030000000000", "LogonId": "247166", "Image": "C:\\Windows\\System32\\net.exe", "IntegrityLevel": "High", "ParentCommandLine": "\"C:\\Users\\george\\Desktop\\program.exe\"", "UtcTime": "1687188845", "RuleName": "-"}}, {"values": {"TerminalSessionId": "1", "ProcessGuid": "{C784477D-756D-6490-FD06-000000003400}", "ProcessId": "3932", "Product": "Microsoft\\xae Windows\\xae Operating System", "Description": "Net Command", "Company": "Microsoft Corporation", "ParentProcessGuid": "{C784477D-756D-6490-F806-000000003400}", "User": "DESKTOP-B0T93D6\\george", "Hashes": "MD5=AF569DE92AB6C1B9C681AF1E799F9983,SHA256=FFC30745BE3B6C2771FC4B2993CFF50B5226B271C412467E97B1DC1086DEA888,IMPHASH=5322AC1A3CFF9C8A2AE16A789E26231E", "OriginalFileName": "net1.exe", "ParentImage": "C:\\Windows\\System32\\net.exe", "FileVersion": "10.0.17134.1 (WinBuild.160101.0800)", "ParentProcessId": "9004", "CurrentDirectory": "C:\\Users\\george\\Desktop\\", "CommandLine": "C:\\Windows\\system32\\net1 stop MSExchangeSA /y", "EventID": "1", "LogonGuid": "C784477D-D595-6481-7EC5-030000000000", "LogonId": "247166", "Image": "C:\\Windows\\System32\\net1.exe", "IntegrityLevel": "High", "ParentCommandLine": "\"net.exe\" stop MSExchangeSA /y", "UtcTime": "1687188845", "RuleName": "-"}}, {"values": {"TerminalSessionId": "1", "ProcessGuid": "{C784477D-756D-6490-FE06-000000003400}", "ProcessId": "8632", "Product": "Microsoft\\xae Windows\\xae Operating System", "Description": "Net Command", "Company": "Microsoft Corporation", "ParentProcessGuid": "{C784477D-7542-6490-1B06-000000003400}", "User": "DESKTOP-B0T93D6\\george", "Hashes": "MD5=15534275EDAABC58159DD0F8607A71E5,SHA256=E9739D544EE0D428696036CBD656C41DCC505B67CC43DBA7C6BEC4E3959282AC,IMPHASH=EB2C2924EA23E1A5FB0E3F53F46CB709", "OriginalFileName": "net.exe", "ParentImage": "C:\\Users\\george\\Desktop\\program.exe", "FileVersion": "10.0.17134.1 (WinBuild.160101.0800)", "ParentProcessId": "5396", "CurrentDirectory": "C:\\Users\\george\\Desktop\\", "CommandLine": "\"net.exe\" stop DefWatch /y", "EventID": "1", "LogonGuid": "C784477D-D595-6481-7EC5-030000000000", "LogonId": "247166", "Image": "C:\\Windows\\System32\\net.exe", "IntegrityLevel": "High", "ParentCommandLine": "\"C:\\Users\\george\\Desktop\\program.exe\"", "UtcTime": "1687188845", "RuleName": "-"}}, {"values": {"TerminalSessionId": "1", "ProcessGuid": "{C784477D-756D-6490-0007-000000003400}", "ProcessId": "8104", "Product": "Microsoft\\xae Windows\\xae Operating System", "Description": "Net Command", "Company": "Microsoft Corporation", "ParentProcessGuid": "{C784477D-756D-6490-FB06-000000003400}", "User": "DESKTOP-B0T93D6\\george", "Hashes": "MD5=AF569DE92AB6C1B9C681AF1E799F9983,SHA256=FFC30745BE3B6C2771FC4B2993CFF50B5226B271C412467E97B1DC1086DEA888,IMPHASH=5322AC1A3CFF9C8A2AE16A789E26231E", "OriginalFileName": "net1.exe", "ParentImage": "C:\\Windows\\System32\\net.exe", "FileVersion": "10.0.17134.1 (WinBuild.160101.0800)", "ParentProcessId": "7960", "CurrentDirectory": "C:\\Users\\george\\Desktop\\", "CommandLine": "C:\\Windows\\system32\\net1 stop sms_site_sql_backup /y", "EventID": "1", "LogonGuid": "C784477D-D595-6481-7EC5-030000000000", "LogonId": "247166", "Image": "C:\\Windows\\System32\\net1.exe", "IntegrityLevel": "High", "ParentCommandLine": "\"net.exe\" stop sms_site_sql_backup /y", "UtcTime": "1687188845", "RuleName": "-"}}, {"values": {"TerminalSessionId": "1", "ProcessGuid": "{C784477D-756D-6490-0107-000000003400}", "ProcessId": "3476", "Product": "Microsoft\\xae Windows\\xae Operating System", "Description": "Net Command", "Company": "Microsoft Corporation", "ParentProcessGuid": "{C784477D-7542-6490-1B06-000000003400}", "User": "DESKTOP-B0T93D6\\george", "Hashes": "MD5=15534275EDAABC58159DD0F8607A71E5,SHA256=E9739D544EE0D428696036CBD656C41DCC505B67CC43DBA7C6BEC4E3959282AC,IMPHASH=EB2C2924EA23E1A5FB0E3F53F46CB709", "OriginalFileName": "net.exe", "ParentImage": "C:\\Users\\george\\Desktop\\program.exe", "FileVersion": "10.0.17134.1 (WinBuild.160101.0800)", "ParentProcessId": "5396", "CurrentDirectory": "C:\\Users\\george\\Desktop\\", "CommandLine": "\"net.exe\" stop QBCFMonitorService /y", "EventID": "1", "LogonGuid": "C784477D-D595-6481-7EC5-030000000000", "LogonId": "247166", "Image": "C:\\Windows\\System32\\net.exe", "IntegrityLevel": "High", "ParentCommandLine": "\"C:\\Users\\george\\Desktop\\program.exe\"", "UtcTime": "1687188845", "RuleName": "-"}}, {"values": {"TerminalSessionId": "1", "ProcessGuid": "{C784477D-756D-6490-0307-000000003400}", "ProcessId": "5856", "Product": "Microsoft\\xae Windows\\xae Operating System", "Description": "Net Command", "Company": "Microsoft Corporation", "ParentProcessGuid": "{C784477D-756D-6490-FE06-000000003400}", "User": "DESKTOP-B0T93D6\\george", "Hashes": "MD5=AF569DE92AB6C1B9C681AF1E799F9983,SHA256=FFC30745BE3B6C2771FC4B2993CFF50B5226B271C412467E97B1DC1086DEA888,IMPHASH=5322AC1A3CFF9C8A2AE16A789E26231E", "OriginalFileName": "net1.exe", "ParentImage": "C:\\Windows\\System32\\net.exe", "FileVersion": "10.0.17134.1 (WinBuild.160101.0800)", "ParentProcessId": "8632", "CurrentDirectory": "C:\\Users\\george\\Desktop\\", "CommandLine": "C:\\Windows\\system32\\net1 stop DefWatch /y", "EventID": "1", "LogonGuid": "C784477D-D595-6481-7EC5-030000000000", "LogonId": "247166", "Image": "C:\\Windows\\System32\\net1.exe", "IntegrityLevel": "High", "ParentCommandLine": "\"net.exe\" stop DefWatch /y", "UtcTime": "1687188845", "RuleName": "-"}}, {"values": {"TerminalSessionId": "1", "ProcessGuid": "{C784477D-756D-6490-0407-000000003400}", "ProcessId": "4420", "Product": "Microsoft\\xae Windows\\xae Operating System", "Description": "Net Command", "Company": "Microsoft Corporation", "ParentProcessGuid": "{C784477D-7542-6490-1B06-000000003400}", "User": "DESKTOP-B0T93D6\\george", "Hashes": "MD5=15534275EDAABC58159DD0F8607A71E5,SHA256=E9739D544EE0D428696036CBD656C41DCC505B67CC43DBA7C6BEC4E3959282AC,IMPHASH=EB2C2924EA23E1A5FB0E3F53F46CB709", "OriginalFileName": "net.exe", "ParentImage": "C:\\Users\\george\\Desktop\\program.exe", "FileVersion": "10.0.17134.1 (WinBuild.160101.0800)", "ParentProcessId": "5396", "CurrentDirectory": "C:\\Users\\george\\Desktop\\", "CommandLine": "\"net.exe\" stop mfemms /y", "EventID": "1", "LogonGuid": "C784477D-D595-6481-7EC5-030000000000", "LogonId": "247166", "Image": "C:\\Windows\\System32\\net.exe", "IntegrityLevel": "High", "ParentCommandLine": "\"C:\\Users\\george\\Desktop\\program.exe\"", "UtcTime": "1687188845", "RuleName": "-"}}, 