{"values": {"TerminalSessionId": "1", "ProcessGuid": "{C784477D-7579-6490-5D09-000000003400}", "ProcessId": "8844", "Product": "Microsoft\\xae Windows\\xae Operating System", "Description": "Terminates Processes", "Company": "Microsoft Corporation", "ParentProcessGuid": "{C784477D-7542-6490-1B06-000000003400}", "User": "DESKTOP-B0T93D6\\george", "Hashes": "MD5=530C6A6CBA137EAA7021CEF9B234E8D4,SHA256=26B9B184C2F7F60811C0C4CB25C12568D996AC1ECE0EF64AA1B9E8F39AEA74D7,IMPHASH=100938B32F577E925618EA395A8C469B", "OriginalFileName": "taskkill.exe", "ParentImage": "C:\\Users\\george\\Desktop\\program.exe", "FileVersion": "10.0.17134.1 (WinBuild.160101.0800)", "ParentProcessId": "5396", "CurrentDirectory": "C:\\Users\\george\\Desktop\\", "CommandLine": "\"taskkill.exe\" /IM tmlisten.exe /F", "EventID": "1", "LogonGuid": "C784477D-D595-6481-7EC5-030000000000", "LogonId": "247166", "Image": "C:\\Windows\\System32\\taskkill.exe", "IntegrityLevel": "High", "ParentCommandLine": "\"C:\\Users\\george\\Desktop\\program.exe\"", "UtcTime": "1687188857", "RuleName": "-"}}, {"values": {"TerminalSessionId": "1", "ProcessGuid": "{C784477D-7579-6490-5F09-000000003400}", "ProcessId": "3884", "Product": "Microsoft\\xae Windows\\xae Operating System", "Description": "Terminates Processes", "Company": "Microsoft Corporation", "ParentProcessGuid": "{C784477D-7542-6490-1B06-000000003400}", "User": "DESKTOP-B0T93D6\\george", "Hashes": "MD5=530C6A6CBA137EAA7021CEF9B234E8D4,SHA256=26B9B184C2F7F60811C0C4CB25C12568D996AC1ECE0EF64AA1B9E8F39AEA74D7,IMPHASH=100938B32F577E925618EA395A8C469B", "OriginalFileName": "taskkill.exe", "ParentImage": "C:\\Users\\george\\Desktop\\program.exe", "FileVersion": "10.0.17134.1 (WinBuild.160101.0800)", "ParentProcessId": "5396", "CurrentDirectory": "C:\\Users\\george\\Desktop\\", "CommandLine": "\"taskkill.exe\" /IM isqlplussvc.exe /F", "EventID": "1", "LogonGuid": "C784477D-D595-6481-7EC5-030000000000", "LogonId": "247166", "Image": "C:\\Windows\\System32\\taskkill.exe", "IntegrityLevel": "High", "ParentCommandLine": "\"C:\\Users\\george\\Desktop\\program.exe\"", "UtcTime": "1687188857", "RuleName": "-"}}, {"values": {"TerminalSessionId": "1", "ProcessGuid": "{C784477D-7579-6490-6109-000000003400}", "ProcessId": "5560", "Product": "Microsoft\\xae Windows\\xae Operating System", "Description": "Terminates Processes", "Company": "Microsoft Corporation", "ParentProcessGuid": "{C784477D-7542-6490-1B06-000000003400}", "User": "DESKTOP-B0T93D6\\george", "Hashes": "MD5=530C6A6CBA137EAA7021CEF9B234E8D4,SHA256=26B9B184C2F7F60811C0C4CB25C12568D996AC1ECE0EF64AA1B9E8F39AEA74D7,IMPHASH=100938B32F577E925618EA395A8C469B", "OriginalFileName": "taskkill.exe", "ParentImage": "C:\\Users\\george\\Desktop\\program.exe", "FileVersion": "10.0.17134.1 (WinBuild.160101.0800)", "ParentProcessId": "5396", "CurrentDirectory": "C:\\Users\\george\\Desktop\\", "CommandLine": "\"taskkill.exe\" /IM msftesql.exe /F", "EventID": "1", "LogonGuid": "C784477D-D595-6481-7EC5-030000000000", "LogonId": "247166", "Image": "C:\\Windows\\System32\\taskkill.exe", "IntegrityLevel": "High", "ParentCommandLine": "\"C:\\Users\\george\\Desktop\\program.exe\"", "UtcTime": "1687188857", "RuleName": "-"}}, {"values": {"TerminalSessionId": "1", "ProcessGuid": "{C784477D-7579-6490-6309-000000003400}", "ProcessId": "8576", "Product": "Microsoft\\xae Windows\\xae Operating System", "Description": "Terminates Processes", "Company": "Microsoft Corporation", "ParentProcessGuid": "{C784477D-7542-6490-1B06-000000003400}", "User": "DESKTOP-B0T93D6\\george", "Hashes": "MD5=530C6A6CBA137EAA7021CEF9B234E8D4,SHA256=26B9B184C2F7F60811C0C4CB25C12568D996AC1ECE0EF64AA1B9E8F39AEA74D7,IMPHASH=100938B32F577E925618EA395A8C469B", "OriginalFileName": "taskkill.exe", "ParentImage": "C:\\Users\\george\\Desktop\\program.exe", "FileVersion": "10.0.17134.1 (WinBuild.160101.0800)", "ParentProcessId": "5396", "CurrentDirectory": "C:\\Users\\george\\Desktop\\", "CommandLine": "\"taskkill.exe\" /IM onenote.exe /F", "EventID": "1", "LogonGuid": "C784477D-D595-6481-7EC5-030000000000", "LogonId": "247166", "Image": "C:\\Windows\\System32\\taskkill.exe", "IntegrityLevel": "High", "ParentCommandLine": "\"C:\\Users\\george\\Desktop\\program.exe\"", "UtcTime": "1687188857", "RuleName": "-"}}, {"values": {"TerminalSessionId": "1", "ProcessGuid": "{C784477D-7579-6490-6509-000000003400}", "ProcessId": "3468", "Product": "Microsoft\\xae Windows\\xae Operating System", "Description": "Terminates Processes", "Company": "Microsoft Corporation", "ParentProcessGuid": "{C784477D-7542-6490-1B06-000000003400}", "User": "DESKTOP-B0T93D6\\george", "Hashes": "MD5=530C6A6CBA137EAA7021CEF9B234E8D4,SHA256=26B9B184C2F7F60811C0C4CB25C12568D996AC1ECE0EF64AA1B9E8F39AEA74D7,IMPHASH=100938B32F577E925618EA395A8C469B", "OriginalFileName": "taskkill.exe", "ParentImage": "C:\\Users\\george\\Desktop\\program.exe", "FileVersion": "10.0.17134.1 (WinBuild.160101.0800)", "ParentProcessId": "5396", "CurrentDirectory": "C:\\Users\\george\\Desktop\\", "CommandLine": "\"taskkill.exe\" /IM powerpnt.exe /F", "EventID": "1", "LogonGuid": "C784477D-D595-6481-7EC5-030000000000", "LogonId": "247166", "Image": "C:\\Windows\\System32\\taskkill.exe", "IntegrityLevel": "High", "ParentCommandLine": "\"C:\\Users\\george\\Desktop\\program.exe\"", "UtcTime": "1687188857", "RuleName": "-"}}, {"values": {"TerminalSessionId": "1", "ProcessGuid": "{C784477D-7579-6490-6709-000000003400}", "ProcessId": "3180", "Product": "Microsoft\\xae Windows\\xae Operating System", "Description": "Terminates Processes", "Company": "Microsoft Corporation", "ParentProcessGuid": "{C784477D-7542-6490-1B06-000000003400}", "User": "DESKTOP-B0T93D6\\george", "Hashes": "MD5=530C6A6CBA137EAA7021CEF9B234E8D4,SHA256=26B9B184C2F7F60811C0C4CB25C12568D996AC1ECE0EF64AA1B9E8F39AEA74D7,IMPHASH=100938B32F577E925618EA395A8C469B", "OriginalFileName": "taskkill.exe", "ParentImage": "C:\\Users\\george\\Desktop\\program.exe", "FileVersion": "10.0.17134.1 (WinBuild.160101.0800)", "ParentProcessId": "5396", "CurrentDirectory": "C:\\Users\\george\\Desktop\\", "CommandLine": "\"taskkill.exe\" /IM PccNTMon.exe /F", "EventID": "1", "LogonGuid": "C784477D-D595-6481-7EC5-030000000000", "LogonId": "247166", "Image": "C:\\Windows\\System32\\taskkill.exe", "IntegrityLevel": "High", "ParentCommandLine": "\"C:\\Users\\george\\Desktop\\program.exe\"", "UtcTime": "1687188857", "RuleName": "-"}}, {"values": {"TerminalSessionId": "1", "ProcessGuid": "{C784477D-7579-6490-6909-000000003400}", "ProcessId": "4148", "Product": "Microsoft\\xae Windows\\xae Operating System", "Description": "Terminates Processes", "Company": "Microsoft Corporation", "ParentProcessGuid": "{C784477D-7542-6490-1B06-000000003400}", "User": "DESKTOP-B0T93D6\\george", "Hashes": "MD5=530C6A6CBA137EAA7021CEF9B234E8D4,SHA256=26B9B184C2F7F60811C0C4CB25C12568D996AC1ECE0EF64AA1B9E8F39AEA74D7,IMPHASH=100938B32F577E925618EA395A8C469B", "OriginalFileName": "taskkill.exe", "ParentImage": "C:\\Users\\george\\Desktop\\program.exe", "FileVersion": "10.0.17134.1 (WinBuild.160101.0800)", "ParentProcessId": "5396", "CurrentDirectory": "C:\\Users\\george\\Desktop\\", "CommandLine": "\"taskkill.exe\" /IM mydesktopqos.exe /F", "EventID": "1", "LogonGuid": "C784477D-D595-6481-7EC5-030000000000", "LogonId": "247166", "Image": "C:\\Windows\\System32\\taskkill.exe", "IntegrityLevel": "High", "ParentCommandLine": "\"C:\\Users\\george\\Desktop\\program.exe\"", "UtcTime": "1687188857", "RuleName": "-"}}, {"values": {"TerminalSessionId": "1", "ProcessGuid": "{C784477D-7579-6490-6B09-000000003400}", "ProcessId": "7760", "Product": "Microsoft\\xae Windows\\xae Operating System", "Description": "Terminates Processes", "Company": "Microsoft Corporation", "ParentProcessGuid": "{C784477D-7542-6490-1B06-000000003400}", "User": "DESKTOP-B0T93D6\\george", "Hashes": "MD5=530C6A6CBA137EAA7021CEF9B234E8D4,SHA256=26B9B184C2F7F60811C0C4CB25C12568D996AC1ECE0EF64AA1B9E8F39AEA74D7,IMPHASH=100938B32F577E925618EA395A8C469B", "OriginalFileName": "taskkill.exe", "ParentImage": "C:\\Users\\george\\Desktop\\program.exe", "FileVersion": "10.0.17134.1 (WinBuild.160101.0800)", "ParentProcessId": "5396", "CurrentDirectory": "C:\\Users\\george\\Desktop\\", "CommandLine": "\"taskkill.exe\" /IM msaccess.exe /F", "EventID": "1", "LogonGuid": "C784477D-D595-6481-7EC5-030000000000", "LogonId": "247166", "Image": "C:\\Windows\\System32\\taskkill.exe", "IntegrityLevel": "High", "ParentCommandLine": "\"C:\\Users\\george\\Desktop\\program.exe\"", "UtcTime": "1687188857", "RuleName": "-"}}, {"values": {"TerminalSessionId": "1", "ProcessGuid": "{C784477D-7579-6490-6D09-000000003400}", "ProcessId": "4872", "Product": "Microsoft\\xae Windows\\xae Operating System", "Description": "Terminates Processes", "Company": "Microsoft Corporation", "ParentProcessGuid": "{C784477D-7542-6490-1B06-000000003400}", "User": "DESKTOP-B0T93D6\\george", "Hashes": "MD5=530C6A6CBA137EAA7021CEF9B234E8D4,SHA256=26B9B184C2F7F60811C0C4CB25C12568D996AC1ECE0EF64AA1B9E8F39AEA74D7,IMPHASH=100938B32F577E925618EA395A8C469B", "OriginalFileName": "taskkill.exe", "ParentImage": "C:\\Users\\george\\Desktop\\program.exe", "FileVersion": "10.0.17134.1 (WinBuild.160101.0800)", "ParentProcessId": "5396", "CurrentDirectory": "C:\\Users\\george\\Desktop\\", "CommandLine": "\"taskkill.exe\" /IM visio.exe /F", "EventID": "1", "LogonGuid": "C784477D-D595-6481-7EC5-030000000000", "LogonId": "247166", "Image": "C:\\Windows\\System32\\taskkill.exe", "IntegrityLevel": "High", "ParentCommandLine": "\"C:\\Users\\george\\Desktop\\program.exe\"", "UtcTime": "1687188857", "RuleName": "-"}}, {"values": {"TerminalSessionId": "1", "ProcessGuid": "{C784477D-7579-6490-6F09-000000003400}", "ProcessId": "7176", "Product": "Microsoft\\xae Windows\\xae Operating System", "Description": "Terminates Processes", "Company": "Microsoft Corporation", "ParentProcessGuid": "{C784477D-7542-6490-1B06-000000003400}", "User": "DESKTOP-B0T93D6\\george", "Hashes": "MD5=530C6A6CBA137EAA7021CEF9B234E8D4,SHA256=26B9B184C2F7F60811C0C4CB25C12568D996AC1ECE0EF64AA1B9E8F39AEA74D7,IMPHASH=100938B32F577E925618EA395A8C469B", "OriginalFileName": "taskkill.exe", "ParentImage": "C:\\Users\\george\\Desktop\\program.exe", "FileVersion": "10.0.17134.1 (WinBuild.160101.0800)", "ParentProcessId": "5396", "CurrentDirectory": "C:\\Users\\george\\Desktop\\", "CommandLine": "\"taskkill.exe\" /IM outlook.exe /F", "EventID": "1", "LogonGuid": "C784477D-D595-6481-7EC5-030000000000", "LogonId": "247166", "Image": "C:\\Windows\\System32\\taskkill.exe", "IntegrityLevel": "High", "ParentCommandLine": "\"C:\\Users\\george\\Desktop\\program.exe\"", "UtcTime": "1687188857", "RuleName": "-"}}, {"values": {"TerminalSessionId": "1", "ProcessGuid": "{C784477D-7579-6490-7109-000000003400}", "ProcessId": "4728", "Product": "Microsoft\\xae Windows\\xae Operating System", "Description": "Terminates Processes", "Company": "Microsoft Corporation", "ParentProcessGuid": "{C784477D-7542-6490-1B06-000000003400}", "User": "DESKTOP-B0T93D6\\george", "Hashes": "MD5=530C6A6CBA137EAA7021CEF9B234E8D4,SHA256=26B9B184C2F7F60811C0C4CB25C12568D996AC1ECE0EF64AA1B9E8F39AEA74D7,IMPHASH=100938B32F577E925618EA395A8C469B", "OriginalFileName": "taskkill.exe", "ParentImage": "C:\\Users\\george\\Desktop\\program.exe", "FileVersion": "10.0.17134.1 (WinBuild.160101.0800)", "ParentProcessId": "5396", "CurrentDirectory": "C:\\Users\\george\\Desktop\\", "CommandLine": "\"taskkill.exe\" /IM mydesktopservice.exe /F", "EventID": "1", "LogonGuid": "C784477D-D595-6481-7EC5-030000000000", "LogonId": "247166", "Image": "C:\\Windows\\System32\\taskkill.exe", "IntegrityLevel": "High", "ParentCommandLine": "\"C:\\Users\\george\\Desktop\\program.exe\"", "UtcTime": "1687188857", "RuleName": "-"}}, {"values": {"TerminalSessionId": "1", "ProcessGuid": "{C784477D-757A-6490-7309-000000003400}", "ProcessId": "8852", "Product": "Microsoft\\xae Windows\\xae Operating System", "Description": "Terminates Processes", "Company": "Microsoft Corporation", "ParentProcessGuid": "{C784477D-7542-6490-1B06-000000003400}", "User": "DESKTOP-B0T93D6\\george", "Hashes": "MD5=530C6A6CBA137EAA7021CEF9B234E8D4,SHA256=26B9B184C2F7F60811C0C4CB25C12568D996AC1ECE0EF64AA1B9E8F39AEA74D7,IMPHASH=100938B32F577E925618EA395A8C469B", "OriginalFileName": "taskkill.exe", "ParentImage": "C:\\Users\\george\\Desktop\\program.exe", "FileVersion": "10.0.17134.1 (WinBuild.160101.0800)", "ParentProcessId": "5396", "CurrentDirectory": "C:\\Users\\george\\Desktop\\", "CommandLine": "\"taskkill.exe\" /IM sqlbrowser.exe /F", "EventID": "1", "LogonGuid": "C784477D-D595-6481-7EC5-030000000000", "LogonId": "247166", "Image": "C:\\Windows\\System32\\taskkill.exe", "IntegrityLevel": "High", "ParentCommandLine": "\"C:\\Users\\george\\Desktop\\program.exe\"", "UtcTime": "1687188858", "RuleName": "-"}}, {"values": {"TerminalSessionId": "1", "ProcessGuid": "{C784477D-757A-6490-7509-000000003400}", "ProcessId": "7348", "Product": "Microsoft\\xae Windows\\xae Operating System", "Description": "Terminates Processes", "Company": "Microsoft Corporation", "ParentProcessGuid": "{C784477D-7542-6490-1B06-000000003400}", "User": "DESKTOP-B0T93D6\\george", "Hashes": "MD5=530C6A6CBA137EAA7021CEF9B234E8D4,SHA256=26B9B184C2F7F60811C0C4CB25C12568D996AC1ECE0EF64AA1B9E8F39AEA74D7,IMPHASH=100938B32F577E925618EA395A8C469B", "OriginalFileName": "taskkill.exe", "ParentImage": "C:\\Users\\george\\Desktop\\program.exe", "FileVersion": "10.0.17134.1 (WinBuild.160101.0800)", "ParentProcessId": "5396", "CurrentDirectory": "C:\\Users\\george\\Desktop\\", "CommandLine": "\"taskkill.exe\" /IM winword.exe /F", "EventID": "1", "LogonGuid": "C784477D-D595-6481-7EC5-030000000000", "LogonId": "247166", "Image": "C:\\Windows\\System32\\taskkill.exe", "IntegrityLevel": "High", "ParentCommandLine": "\"C:\\Users\\george\\Desktop\\program.exe\"", "UtcTime": "1687188858", "RuleName": "-"}}, {"values": {"TerminalSessionId": "1", "ProcessGuid": "{C784477D-757A-6490-7709-000000003400}", "ProcessId": "9168", "Product": "Microsoft\\xae Windows\\xae Operating System", "Description": "Terminates Processes", "Company": "Microsoft Corporation", "ParentProcessGuid": "{C784477D-7542-6490-1B06-000000003400}", "User": "DESKTOP-B0T93D6\\george", "Hashes": "MD5=530C6A6CBA137EAA7021CEF9B234E8D4,SHA256=26B9B184C2F7F60811C0C4CB25C12568D996AC1ECE0EF64AA1B9E8F39AEA74D7,IMPHASH=100938B32F577E925618EA395A8C469B", "OriginalFileName": "taskkill.exe", "ParentImage": "C:\\Users\\george\\Desktop\\program.exe", "FileVersion": "10.0.17134.1 (WinBuild.160101.0800)", "ParentProcessId": "5396", "CurrentDirectory": "C:\\Users\\george\\Desktop\\", "CommandLine": "\"taskkill.exe\" /IM sqlservr.exe /F", "EventID": "1", "LogonGuid": "C784477D-D595-6481-7EC5-030000000000", "LogonId": "247166", "Image": "C:\\Windows\\System32\\taskkill.exe", "IntegrityLevel": "High", "ParentCommandLine": "\"C:\\Users\\george\\Desktop\\program.exe\"", "UtcTime": "1687188858", "RuleName": "-"}}, {"values": {"TerminalSessionId": "1", "ProcessGuid": "{C784477D-757A-6490-7909-000000003400}", "ProcessId": "2596", "Product": "Microsoft\\xae Windows\\xae Operating System", "Description": "Terminates Processes", "Company": "Microsoft Corporation", "ParentProcessGuid": "{C784477D-7542-6490-1B06-000000003400}", "User": "DESKTOP-B0T93D6\\george", "Hashes": "MD5=530C6A6CBA137EAA7021CEF9B234E8D4,SHA256=26B9B184C2F7F60811C0C4CB25C12568D996AC1ECE0EF64AA1B9E8F39AEA74D7,IMPHASH=100938B32F577E925618EA395A8C469B", "OriginalFileName": "taskkill.exe", "ParentImage": "C:\\Users\\george\\Desktop\\program.exe", "FileVersion": "10.0.17134.1 (WinBuild.160101.0800)", "ParentProcessId": "5396", "CurrentDirectory": "C:\\Users\\george\\Desktop\\", "CommandLine": "\"taskkill.exe\" /IM mysqld-nt.exe /F", "EventID": "1", "LogonGuid": "C784477D-D595-6481-7EC5-030000000000", "LogonId": "247166", "Image": "C:\\Windows\\System32\\taskkill.exe", "IntegrityLevel": "High", "ParentCommandLine": "\"C:\\Users\\george\\Desktop\\program.exe\"", "UtcTime": "1687188858", "RuleName": "-"}}, {"values": {"TerminalSessionId": "1", "ProcessGuid": "{C784477D-757A-6490-7B09-000000003400}", "ProcessId": "3040", "Product": "Microsoft\\xae Windows\\xae Operating System", "Description": "Terminates Processes", "Company": "Microsoft Corporation", "ParentProcessGuid": "{C784477D-7542-6490-1B06-000000003400}", "User": "DESKTOP-B0T93D6\\george", "Hashes": "MD5=530C6A6CBA137EAA7021CEF9B234E8D4,SHA256=26B9B184C2F7F60811C0C4CB25C12568D996AC1ECE0EF64AA1B9E8F39AEA74D7,IMPHASH=100938B32F577E925618EA395A8C469B", "OriginalFileName": "taskkill.exe", "ParentImage": "C:\\Users\\george\\Desktop\\program.exe", "FileVersion": "10.0.17134.1 (WinBuild.160101.0800)", "ParentProcessId": "5396", "CurrentDirectory": "C:\\Users\\george\\Desktop\\", "CommandLine": "\"taskkill.exe\" /IM synctime.exe /F", "EventID": "1", "LogonGuid": "C784477D-D595-6481-7EC5-030000000000", "LogonId": "247166", "Image": "C:\\Windows\\System32\\taskkill.exe", "IntegrityLevel": "High", "ParentCommandLine": "\"C:\\Users\\george\\Desktop\\program.exe\"", "UtcTime": "1687188858", "RuleName": "-"}}, {"values": {"TerminalSessionId": "1", "ProcessGuid": "{C784477D-757A-6490-7D09-000000003400}", "ProcessId": "8180", "Product": "Microsoft\\xae Windows\\xae Operating System", "Description": "Terminates Processes", "Company": "Microsoft Corporation", "ParentProcessGuid": "{C784477D-7542-6490-1B06-000000003400}", "User": "DESKTOP-B0T93D6\\george", "Hashes": "MD5=530C6A6CBA137EAA7021CEF9B234E8D4,SHA256=26B9B184C2F7F60811C0C4CB25C12568D996AC1ECE0EF64AA1B9E8F39AEA74D7,IMPHASH=100938B32F577E925618EA395A8C469B", "OriginalFileName": "taskkill.exe", "ParentImage": "C:\\Users\\george\\Desktop\\program.exe", "FileVersion": "10.0.17134.1 (WinBuild.160101.0800)", "ParentProcessId": "5396", "CurrentDirectory": "C:\\Users\\george\\Desktop\\", "CommandLine": "\"taskkill.exe\" /IM wordpad.exe /F", "EventID": "1", "LogonGuid": "C784477D-D595-6481-7EC5-030000000000", "LogonId": "247166", "Image": "C:\\Windows\\System32\\taskkill.exe", "IntegrityLevel": "High", "ParentCommandLine": "\"C:\\Users\\george\\Desktop\\program.exe\"", "UtcTime": "1687188858", "RuleName": "-"}}, {"values": {"TerminalSessionId": "1", "ProcessGuid": "{C784477D-757A-6490-7F09-000000003400}", "ProcessId": "7312", "Product": "Microsoft\\xae Windows\\xae Operating System", "Description": "Terminates Processes", "Company": "Microsoft Corporation", "ParentProcessGuid": "{C784477D-7542-6490-1B06-000000003400}", "User": "DESKTOP-B0T93D6\\george", "Hashes": "MD5=530C6A6CBA137EAA7021CEF9B234E8D4,SHA256=26B9B184C2F7F60811C0C4CB25C12568D996AC1ECE0EF64AA1B9E8F39AEA74D7,IMPHASH=100938B32F577E925618EA395A8C469B", "OriginalFileName": "taskkill.exe", "ParentImage": "C:\\Users\\george\\Desktop\\program.exe", "FileVersion": "10.0.17134.1 (WinBuild.160101.0800)", "ParentProcessId": "5396", "CurrentDirectory": "C:\\Users\\george\\Desktop\\", "CommandLine": "\"taskkill.exe\" /IM mysqld-opt.exe /F", "EventID": "1", "LogonGuid": "C784477D-D595-6481-7EC5-030000000000", "LogonId": "247166", "Image": "C:\\Windows\\System32\\taskkill.exe", "IntegrityLevel": "High", "ParentCommandLine": "\"C:\\Users\\george\\Desktop\\program.exe\"", "UtcTime": "1687188858", "RuleName": "-"}}, {"values": {"TerminalSessionId": "1", "ProcessGuid": "{C784477D-757A-6490-8109-000000003400}", "ProcessId": "2248", "Product": "Microsoft\\xae Windows\\xae Operating System", "Description": "Terminates Processes", "Company": "Microsoft Corporation", "ParentProcessGuid": "{C784477D-7542-6490-1B06-000000003400}", "User": "DESKTOP-B0T93D6\\george", "Hashes": "MD5=530C6A6CBA137EAA7021CEF9B234E8D4,SHA256=26B9B184C2F7F60811C0C4CB25C12568D996AC1ECE0EF64AA1B9E8F39AEA74D7,IMPHASH=100938B32F577E925618EA395A8C469B", "OriginalFileName": "taskkill.exe", "ParentImage": "C:\\Users\\george\\Desktop\\program.exe", "FileVersion": "10.0.17134.1 (WinBuild.160101.0800)", "ParentProcessId": "5396", "CurrentDirectory": "C:\\Users\\george\\Desktop\\", "CommandLine": "\"taskkill.exe\" /IM ocautoupds.exe /F", "EventID": "1", "LogonGuid": "C784477D-D595-6481-7EC5-030000000000", "LogonId": "247166", "Image": "C:\\Windows\\System32\\taskkill.exe", "IntegrityLevel": "High", "ParentCommandLine": "\"C:\\Users\\george\\Desktop\\program.exe\"", "UtcTime": "1687188858", "RuleName": "-"}}, {"values": {"TerminalSessionId": "1", "ProcessGuid": "{C784477D-757A-6490-8309-000000003400}", "ProcessId": "3932", "Product": "Microsoft\\xae Windows\\xae Operating System", "Description": "Terminates Processes", "Company": "Microsoft Corporation", "ParentProcessGuid": "{C784477D-7542-6490-1B06-000000003400}", "User": "DESKTOP-B0T93D6\\george", "Hashes": "MD5=530C6A6CBA137EAA7021CEF9B234E8D4,SHA256=26B9B184C2F7F60811C0C4CB25C12568D996AC1ECE0EF64AA1B9E8F39AEA74D7,IMPHASH=100938B32F577E925618EA395A8C469B", "OriginalFileName": "taskkill.exe", "ParentImage": "C:\\Users\\george\\Desktop\\program.exe", "FileVersion": "10.0.17134.1 (WinBuild.160101.0800)", "ParentProcessId": "5396", "CurrentDirectory": "C:\\Users\\george\\Desktop\\", "CommandLine": "\"taskkill.exe\" /IM ocssd.exe /F", "EventID": "1", "LogonGuid": "C784477D-D595-6481-7EC5-030000000000", "LogonId": "247166", "Image": "C:\\Windows\\System32\\taskkill.exe", "IntegrityLevel": "High", "ParentCommandLine": "\"C:\\Users\\george\\Desktop\\program.exe\"", "UtcTime": "1687188858", "RuleName": "-"}}, {"values": {"TerminalSessionId": "1", "ProcessGuid": "{C784477D-757A-6490-8509-000000003400}", "ProcessId": "5196", "Product": "Microsoft\\xae Windows\\xae Operating System", "Description": "Terminates Processes", "Company": "Microsoft Corporation", "ParentProcessGuid": "{C784477D-7542-6490-1B06-000000003400}", "User": "DESKTOP-B0T93D6\\george", "Hashes": "MD5=530C6A6CBA137EAA7021CEF9B234E8D4,SHA256=26B9B184C2F7F60811C0C4CB25C12568D996AC1ECE0EF64AA1B9E8F39AEA74D7,IMPHASH=100938B32F577E925618EA395A8C469B", "OriginalFileName": "taskkill.exe", "ParentImage": "C:\\Users\\george\\Desktop\\program.exe", "FileVersion": "10.0.17134.1 (WinBuild.160101.0800)", "ParentProcessId": "5396", "CurrentDirectory": "C:\\Users\\george\\Desktop\\", "CommandLine": "\"taskkill.exe\" /IM oracle.exe /F", "EventID": "1", "LogonGuid": "C784477D-D595-6481-7EC5-030000000000", "LogonId": "247166", "Image": "C:\\Windows\\System32\\taskkill.exe", "IntegrityLevel": "High", "ParentCommandLine": "\"C:\\Users\\george\\Desktop\\program.exe\"", "UtcTime": "1687188858", "RuleName": "-"}}, {"values": {"TerminalSessionId": "1", "ProcessGuid": "{C784477D-757A-6490-8709-000000003400}", "ProcessId": "6572", "Product": "Microsoft\\xae Windows\\xae Operating System", "Description": "Terminates Processes", "Company": "Microsoft Corporation", "ParentProcessGuid": "{C784477D-7542-6490-1B06-000000003400}", "User": "DESKTOP-B0T93D6\\george", "Hashes": "MD5=530C6A6CBA137EAA7021CEF9B234E8D4,SHA256=26B9B184C2F7F60811C0C4CB25C12568D996AC1ECE0EF64AA1B9E8F39AEA74D7,IMPHASH=100938B32F577E925618EA395A8C469B", "OriginalFileName": "taskkill.exe", "ParentImage": "C:\\Users\\george\\Desktop\\program.exe", "FileVersion": "10.0.17134.1 (WinBuild.160101.0800)", "ParentProcessId": "5396", "CurrentDirectory": "C:\\Users\\george\\Desktop\\", "CommandLine": "\"taskkill.exe\" /IM sqlagent.exe /F", "EventID": "1", "LogonGuid": "C784477D-D595-6481-7EC5-030000000000", "LogonId": "247166", "Image": "C:\\Windows\\System32\\taskkill.exe", "IntegrityLevel": "High", "ParentCommandLine": "\"C:\\Users\\george\\Desktop\\program.exe\"", "UtcTime": "1687188858", "RuleName": "-"}}, {"values": {"TerminalSessionId": "1", "ProcessGuid": "{C784477D-757A-6490-8909-000000003400}", "ProcessId": "6420", "Product": "Microsoft\\xae Windows\\xae Operating System", "Description": "Terminates Processes", "Company": "Microsoft Corporation", "ParentProcessGuid": "{C784477D-7542-6490-1B06-000000003400}", "User": "DESKTOP-B0T93D6\\george", "Hashes": "MD5=530C6A6CBA137EAA7021CEF9B234E8D4,SHA256=26B9B184C2F7F60811C0C4CB25C12568D996AC1ECE0EF64AA1B9E8F39AEA74D7,IMPHASH=100938B32F577E925618EA395A8C469B", "OriginalFileName": "taskkill.exe", "ParentImage": "C:\\Users\\george\\Desktop\\program.exe", "FileVersion": "10.0.17134.1 (WinBuild.160101.0800)", "ParentProcessId": "5396", "CurrentDirectory": "C:\\Users\\george\\Desktop\\", "CommandLine": "\"taskkill.exe\" /IM ragent.exe /f", "EventID": "1", "LogonGuid": "C784477D-D595-6481-7EC5-030000000000", "LogonId": "247166", "Image": "C:\\Windows\\System32\\taskkill.exe", "IntegrityLevel": "High", "ParentCommandLine": "\"C:\\Users\\george\\Desktop\\program.exe\"", "UtcTime": "1687188858", "RuleName": "-"}}, {"values": {"TerminalSessionId": "1", "ProcessGuid": "{C784477D-757A-6490-8B09-000000003400}", "ProcessId": "8360", "Product": "Microsoft\\xae Windows\\xae Operating System", "Description": "Terminates Processes", "Company": "Microsoft Corporation", "ParentProcessGuid": "{C784477D-7542-6490-1B06-000000003400}", "User": "DESKTOP-B0T93D6\\george", "Hashes": "MD5=530C6A6CBA137EAA7021CEF9B234E8D4,SHA256=26B9B184C2F7F60811C0C4CB25C12568D996AC1ECE0EF64AA1B9E8F39AEA74D7,IMPHASH=100938B32F577E925618EA395A8C469B", "OriginalFileName": "taskkill.exe", "ParentImage": "C:\\Users\\george\\Desktop\\program.exe", "FileVersion": "10.0.17134.1 (WinBuild.160101.0800)", "ParentProcessId": "5396", "CurrentDirectory": "C:\\Users\\george\\Desktop\\", "CommandLine": "\"taskkill.exe\" /IM rmngr.exe /f", "EventID": "1", "LogonGuid": "C784477D-D595-6481-7EC5-030000000000", "LogonId": "247166", "Image": "C:\\Windows\\System32\\taskkill.exe", "IntegrityLevel": "High", "ParentCommandLine": "\"C:\\Users\\george\\Desktop\\program.exe\"", "UtcTime": "1687188858", "RuleName": "-"}}, {"values": {"TerminalSessionId": "1", "ProcessGuid": "{C784477D-757A-6490-8D09-000000003400}", "ProcessId": "1308", "Product": "Microsoft\\xae Windows\\xae Operating System", "Description": "Terminates Processes", "Company": "Microsoft Corporation", "ParentProcessGuid": "{C784477D-7542-6490-1B06-000000003400}", "User": "DESKTOP-B0T93D6\\george", "Hashes": "MD5=530C6A6CBA137EAA7021CEF9B234E8D4,SHA256=26B9B184C2F7F60811C0C4CB25C12568D996AC1ECE0EF64AA1B9E8F39AEA74D7,IMPHASH=100938B32F577E925618EA395A8C469B", "OriginalFileName": "taskkill.exe", "ParentImage": "C:\\Users\\george\\Desktop\\program.exe", "FileVersion": "10.0.17134.1 (WinBuild.160101.0800)", "ParentProcessId": "5396", "CurrentDirectory": "C:\\Users\\george\\Desktop\\", "CommandLine": "\"taskkill.exe\" /IM rphost.exe /f", "EventID": "1", "LogonGuid": "C784477D-D595-6481-7EC5-030000000000", "LogonId": "247166", "Image": "C:\\Windows\\System32\\taskkill.exe", "IntegrityLevel": "High", "ParentCommandLine": "\"C:\\Users\\george\\Desktop\\program.exe\"", "UtcTime": "1687188858", "RuleName": "-"}}, {"values": {"TerminalSessionId": "1", "ProcessGuid": "{C784477D-757A-6490-8F09-000000003400}", "ProcessId": "3372", "Product": "Microsoft\\xae Windows\\xae Operating System", "Description": "Terminates Processes", "Company": "Microsoft Corporation", "ParentProcessGuid": "{C784477D-7542-6490-1B06-000000003400}", "User": "DESKTOP-B0T93D6\\george", "Hashes": "MD5=530C6A6CBA137EAA7021CEF9B234E8D4,SHA256=26B9B184C2F7F60811C0C4CB25C12568D996AC1ECE0EF64AA1B9E8F39AEA74D7,IMPHASH=100938B32F577E925618EA395A8C469B", "OriginalFileName": "taskkill.exe", "ParentImage": "C:\\Users\\george\\Desktop\\program.exe", "FileVersion": "10.0.17134.1 (WinBuild.160101.0800)", "ParentProcessId": "5396", "CurrentDirectory": "C:\\Users\\george\\Desktop\\", "CommandLine": "\"taskkill.exe\" /IM 1cv8.exe /f", "EventID": "1", "LogonGuid": "C784477D-D595-6481-7EC5-030000000000", "LogonId": "247166", "Image": "C:\\Windows\\System32\\taskkill.exe", "IntegrityLevel": "High", "ParentCommandLine": "\"C:\\Users\\george\\Desktop\\program.exe\"", "UtcTime": "1687188858", "RuleName": "-"}}, {"values": {"TerminalSessionId": "1", "ProcessGuid": "{C784477D-757A-6490-9109-000000003400}", "ProcessId": "8400", "Product": "Microsoft\\xae Windows\\xae Operating System", "Description": "Terminates Processes", "Company": "Microsoft Corporation", "ParentProcessGuid": "{C784477D-7542-6490-1B06-000000003400}", "User": "DESKTOP-B0T93D6\\george", "Hashes": "MD5=530C6A6CBA137EAA7021CEF9B234E8D4,SHA256=26B9B184C2F7F60811C0C4CB25C12568D996AC1ECE0EF64AA1B9E8F39AEA74D7,IMPHASH=100938B32F577E925618EA395A8C469B", "OriginalFileName": "taskkill.exe", "ParentImage": "C:\\Users\\george\\Desktop\\program.exe", "FileVersion": "10.0.17134.1 (WinBuild.160101.0800)", "ParentProcessId": "5396", "CurrentDirectory": "C:\\Users\\george\\Desktop\\", "CommandLine": "\"taskkill.exe\" /IM sql.exe /f", "EventID": "1", "LogonGuid": "C784477D-D595-6481-7EC5-030000000000", "LogonId": "247166", "Image": "C:\\Windows\\System32\\taskkill.exe", "IntegrityLevel": "High", "ParentCommandLine": "\"C:\\Users\\george\\Desktop\\program.exe\"", "UtcTime": "1687188858", "RuleName": "-"}}, {"values": {"TerminalSessionId": "1", "ProcessGuid": "{C784477D-757A-6490-9309-000000003400}", "ProcessId": "8740", "Product": "Microsoft\\xae Windows\\xae Operating System", "Description": "Terminates Processes", "Company": "Microsoft Corporation", "ParentProcessGuid": "{C784477D-7542-6490-1B06-000000003400}", "User": "DESKTOP-B0T93D6\\george", "Hashes": "MD5=530C6A6CBA137EAA7021CEF9B234E8D4,SHA256=26B9B184C2F7F60811C0C4CB25C12568D996AC1ECE0EF64AA1B9E8F39AEA74D7,IMPHASH=100938B32F577E925618EA395A8C469B", "OriginalFileName": "taskkill.exe", "ParentImage": "C:\\Users\\george\\Desktop\\program.exe", "FileVersion": "10.0.17134.1 (WinBuild.160101.0800)", "ParentProcessId": "5396", "CurrentDirectory": "C:\\Users\\george\\Desktop\\", "CommandLine": "\"taskkill.exe\" /IM sqld.exe /f", "EventID": "1", "LogonGuid": "C784477D-D595-6481-7EC5-030000000000", "LogonId": "247166", "Image": "C:\\Windows\\System32\\taskkill.exe", "IntegrityLevel": "High", "ParentCommandLine": "\"C:\\Users\\george\\Desktop\\program.exe\"", "UtcTime": "1687188858", "RuleName": "-"}}, {"values": {"TerminalSessionId": "1", "ProcessGuid": "{C784477D-757B-6490-9509-000000003400}", "ProcessId": "3264", "Product": "Microsoft\\xae Windows\\xae Operating System", "Description": "Terminates Processes", "Company": "Microsoft Corporation", "ParentProcessGuid": "{C784477D-7542-6490-1B06-000000003400}", "User": "DESKTOP-B0T93D6\\george", "Hashes": "MD5=530C6A6CBA137EAA7021CEF9B234E8D4,SHA256=26B9B184C2F7F60811C0C4CB25C12568D996AC1ECE0EF64AA1B9E8F39AEA74D7,IMPHASH=100938B32F577E925618EA395A8C469B", "OriginalFileName": "taskkill.exe", "ParentImage": "C:\\Users\\george\\Desktop\\program.exe", "FileVersion": "10.0.17134.1 (WinBuild.160101.0800)", "ParentProcessId": "5396", "CurrentDirectory": "C:\\Users\\george\\Desktop\\", "CommandLine": "\"taskkill.exe\" /IM mysql.exe /f", "EventID": "1", "LogonGuid": "C784477D-D595-6481-7EC5-030000000000", "LogonId": "247166", "Image": "C:\\Windows\\System32\\taskkill.exe", "IntegrityLevel": "High", "ParentCommandLine": "\"C:\\Users\\george\\Desktop\\program.exe\"", "UtcTime": "1687188859", "RuleName": "-"}}, {"values": {"TerminalSessionId": "1", "ProcessGuid": "{C784477D-757B-6490-9709-000000003400}", "ProcessId": "1096", "Product": "Microsoft\\xae Windows\\xae Operating System", "Description": "Terminates Processes", "Company": "Microsoft Corporation", "ParentProcessGuid": "{C784477D-7542-6490-1B06-000000003400}", "User": "DESKTOP-B0T93D6\\george", "Hashes": "MD5=530C6A6CBA137EAA7021CEF9B234E8D4,SHA256=26B9B184C2F7F60811C0C4CB25C12568D996AC1ECE0EF64AA1B9E8F39AEA74D7,IMPHASH=100938B32F577E925618EA395A8C469B", "OriginalFileName": "taskkill.exe", "ParentImage": "C:\\Users\\george\\Desktop\\program.exe", "FileVersion": "10.0.17134.1 (WinBuild.160101.0800)", "ParentProcessId": "5396", "CurrentDirectory": "C:\\Users\\george\\Desktop\\", "CommandLine": "\"taskkill.exe\" /IM mysqld.exe /f", "EventID": "1", "LogonGuid": "C784477D-D595-6481-7EC5-030000000000", "LogonId": "247166", "Image": "C:\\Windows\\System32\\taskkill.exe", "IntegrityLevel": "High", "ParentCommandLine": "\"C:\\Users\\george\\Desktop\\program.exe\"", "UtcTime": "1687188859", "RuleName": "-"}}, {"values": {"TerminalSessionId": "1", "ProcessGuid": "{C784477D-757B-6490-9909-000000003400}", "ProcessId": "4192", "Product": "Microsoft\\xae Windows\\xae Operating System", "Description": "Terminates Processes", "Company": "Microsoft Corporation", "ParentProcessGuid": "{C784477D-7542-6490-1B06-000000003400}", "User": "DESKTOP-B0T93D6\\george", "Hashes": "MD5=530C6A6CBA137EAA7021CEF9B234E8D4,SHA256=26B9B184C2F7F60811C0C4CB25C12568D996AC1ECE0EF64AA1B9E8F39AEA74D7,IMPHASH=100938B32F577E925618EA395A8C469B", "OriginalFileName": "taskkill.exe", "ParentImage": "C:\\Users\\george\\Desktop\\program.exe", "FileVersion": "10.0.17134.1 (WinBuild.160101.0800)", "ParentProcessId": "5396", "CurrentDirectory": "C:\\Users\\george\\Desktop\\", "CommandLine": "\"taskkill.exe\" /IM oracle.exe /f", "EventID": "1", "LogonGuid": "C784477D-D595-6481-7EC5-030000000000", "LogonId": "247166", "Image": "C:\\Windows\\System32\\taskkill.exe", "IntegrityLevel": "High", "ParentCommandLine": "\"C:\\Users\\george\\Desktop\\program.exe\"", "UtcTime": "1687188859", "RuleName": "-"}}], "rule_level": "low", "rule_id": "cd06da2f3978bdb24b3f3c8f83c7df917a910c6b29921d0e375e418f340d8f3d", "rule_source": "Sigma Integrated Rule Set (GitHub)", "rule_title": "Suspicious Execution of Taskkill", "rule_description": "Adversaries may stop services or processes in order to conduct Data Destruction or Data Encrypted for Impact on the data stores of services like Exchange and SQL Server.", "rule_author": "frack113"}, {"match_context": [{"values": {"TerminalSessionId": "1", "ProcessGuid": "{C784477D-7565-6490-5906-000000003400}", "ProcessId": "7580", "Product": "Microsoft\\xae Windows\\xae Operating System", "Description": "Net Command", "Company": "Microsoft Corporation", "ParentProcessGuid": "{C784477D-7542-6490-1B06-000000003400}", "User": "DESKTOP-B0T93D6\\george", "Hashes": "MD5=15534275EDAABC58159DD0F8607A71E5,SHA256=E9739D544EE0D428696036CBD656C41DCC505B67CC43DBA7C6BEC4E3959282AC,IMPHASH=EB2C2924EA23E1A5FB0E3F53F46CB709", "OriginalFileName": "net.exe", "ParentImage": "C:\\Users\\george\\Desktop\\program.exe", "FileVersion": "10.0.17134.1 (WinBuild.160101.0800)", "ParentProcessId": "5396", "CurrentDirectory": "C:\\Users\\george\\Desktop\\", "CommandLine": "\"net.exe\" start Dnscache /y", "EventID": "1", "LogonGuid": "C784477D-D595-6481-7EC5-030000000000", "LogonId": "247166", "Image": "C:\\Windows\\System32\\net.exe", "IntegrityLevel": "High", "ParentCommandLine": "\"C:\\Users\\george\\Desktop\\program.exe\"", "UtcTime": "1687188837", "RuleName": "-"}}, {"values": {"TerminalSessionId": "1", "ProcessGuid": "{C784477D-7566-6490-5B06-000000003400}", "ProcessId": "7768", "Product": "Microsoft\\xae Windows\\xae Operating System", "Description": "Net Command", "Company": "Microsoft Corporation", "ParentProcessGuid": "{C784477D-7542-6490-1B06-000000003400}", "User": "DESKTOP-B0T93D6\\george", "Hashes": "MD5=15534275EDAABC58159DD0F8607A71E5,SHA256=E9739D544EE0D428696036CBD656C41DCC505B67CC43DBA7C6BEC4E3959282AC,IMPHASH=EB2C2924EA23E1A5FB0E3F53F46CB709", "OriginalFileName": "net.exe", "ParentImage": "C:\\Users\\george\\Desktop\\program.exe", "FileVersion": "10.0.17134.1 (WinBuild.160101.0800)", "ParentProcessId": "5396", "CurrentDirectory": "C:\\Users\\george\\Desktop\\", "CommandLine": "\"net.exe\" stop MySQL80 /y", "EventID": "1", "LogonGuid": "C784477D-D595-6481-7EC5-030000000000", "LogonId": "247166", "Image": "C:\\Windows\\System32\\net.exe", "IntegrityLevel": "High", "ParentCommandLine": "\"C:\\Users\\george\\Desktop\\program.exe\"", "UtcTime": "1687188838", "RuleName": "-"}}, {"values": {"TerminalSessionId": "1", "ProcessGuid": "{C784477D-7566-6490-5D06-000000003400}", "ProcessId": "7552", "Product": "Microsoft\\xae Windows\\xae Operating System", "Description": "Net Command", "Company": "Microsoft Corporation", "ParentProcessGuid": "{C784477D-7542-6490-1B06-000000003400}", "User": "DESKTOP-B0T93D6\\george", "Hashes": "MD5=15534275EDAABC58159DD0F8607A71E5,SHA256=E9739D544EE0D428696036CBD656C41DCC505B67CC43DBA7C6BEC4E3959282AC,IMPHASH=EB2C2924EA23E1A5FB0E3F53F46CB709", "OriginalFileName": "net.exe", "ParentImage": "C:\\Users\\george\\Desktop\\program.exe", "FileVersion": "10.0.17134.1 (WinBuild.160101.0800)", "ParentProcessId": "5396", "CurrentDirectory": "C:\\Users\\george\\Desktop\\", "CommandLine": "\"net.exe\" stop bedbg /y", "EventID": "1", "LogonGuid": "C784477D-D595-6481-7EC5-030000000000", "LogonId": "247166", "Image": "C:\\Windows\\System32\\net.exe", "IntegrityLevel": "High", "ParentCommandLine": "\"C:\\Users\\george\\Desktop\\program.exe\"", "UtcTime": "1687188838", "RuleName": "-"}}, {"values": {"TerminalSessionId": "1", "ProcessGuid": "{C784477D-7566-6490-5F06-000000003400}", "ProcessId": "4440", "Product": "Microsoft\\xae Windows\\xae Operating System", "Description": "Net Command", "Company": "Microsoft Corporation", "ParentProcessGuid": "{C784477D-7565-6490-5906-000000003400}", "User": "DESKTOP-B0T93D6\\george", "Hashes": "MD5=AF569DE92AB6C1B9C681AF1E799F9983,SHA256=FFC30745BE3B6C2771FC4B2993CFF50B5226B271C412467E97B1DC1086DEA888,IMPHASH=5322AC1A3CFF9C8A2AE16A789E26231E", "OriginalFileName": "net1.exe", "ParentImage": "C:\\Windows\\System32\\net.exe", "FileVersion": "10.0.17134.1 (WinBuild.160101.0800)", "ParentProcessId": "7580", "CurrentDirectory": "C:\\Users\\george\\Desktop\\", "CommandLine": "C:\\Windows\\system32\\net1 start Dnscache /y", "EventID": "1", "LogonGuid": "C784477D-D595-6481-7EC5-030000000000", "LogonId": "247166", "Image": "C:\\Windows\\System32\\net1.exe", "IntegrityLevel": "High", "ParentCommandLine": "\"net.exe\" start Dnscache /y", "UtcTime": "1687188838", "RuleName": "-"}}, {"values": {"TerminalSessionId": "1", "ProcessGuid": "{C784477D-7566-6490-6206-000000003400}", "ProcessId": "4412", "Product": "Microsoft\\xae Windows\\xae Operating System", "Description": "Net Command", "Company": "Microsoft Corporation", "ParentProcessGuid": "{C784477D-7566-6490-5B06-000000003400}", "User": "DESKTOP-B0T93D6\\george", "Hashes": "MD5=AF569DE92AB6C1B9C681AF1E799F9983,SHA256=FFC30745BE3B6C2771FC4B2993CFF50B5226B271C412467E97B1DC1086DEA888,IMPHASH=5322AC1A3CFF9C8A2AE16A789E26231E", "OriginalFileName": "net1.exe", "ParentImage": "C:\\Windows\\System32\\net.exe", "FileVersion": "10.0.17134.1 (WinBuild.160101.0800)", "ParentProcessId": "7768", "CurrentDirectory": "C:\\Users\\george\\Desktop\\", "CommandLine": "C:\\Windows\\system32\\net1 stop MySQL80 /y", "EventID": "1", "LogonGuid": "C784477D-D595-6481-7EC5-030000000000", "LogonId": "247166", "Image": "C:\\Windows\\System32\\net1.exe", "IntegrityLevel": "High", "ParentCommandLine": "\"net.exe\" stop MySQL80 /y", "UtcTime": "1687188838", "RuleName": "-"}}, {"values": {"TerminalSessionId": "1", "ProcessGuid": "{C784477D-7566-6490-6306-000000003400}", "ProcessId": "8016", "Product": "Microsoft\\xae Windows\\xae Operating System", "Description": "Net Command", "Company": "Microsoft Corporation", "ParentProcessGuid": "{C784477D-7542-6490-1B06-000000003400}", "User": "DESKTOP-B0T93D6\\george", "Hashes": "MD5=15534275EDAABC58159DD0F8607A71E5,SHA256=E9739D544EE0D428696036CBD656C41DCC505B67CC43DBA7C6BEC4E3959282AC,IMPHASH=EB2C2924EA23E1A5FB0E3F53F46CB709", "OriginalFileName": "net.exe", "ParentImage": "C:\\Users\\george\\Desktop\\program.exe", "FileVersion": "10.0.17134.1 (WinBuild.160101.0800)", "ParentProcessId": "5396", "CurrentDirectory": "C:\\Users\\george\\Desktop\\", "CommandLine": "\"net.exe\" start FDResPub /y", "EventID": "1", "LogonGuid": "C784477D-D595-6481-7EC5-030000000000", "LogonId": "247166", "Image": "C:\\Windows\\System32\\net.exe", "IntegrityLevel": "High", "ParentCommandLine": "\"C:\\Users\\george\\Desktop\\program.exe\"", "UtcTime": "1687188838", "RuleName": "-"}}, {"values": {"TerminalSessionId": "1", "ProcessGuid": "{C784477D-7566-6490-6506-000000003400}", "ProcessId": "3384", "Product": "Microsoft\\xae Windows\\xae Operating System", "Description": "Net Command", "Company": "Microsoft Corporation", "ParentProcessGuid": "{C784477D-7566-6490-5D06-000000003400}", "User": "DESKTOP-B0T93D6\\george", "Hashes": "MD5=AF569DE92AB6C1B9C681AF1E799F9983,SHA256=FFC30745BE3B6C2771FC4B2993CFF50B5226B271C412467E97B1DC1086DEA888,IMPHASH=5322AC1A3CFF9C8A2AE16A789E26231E", "OriginalFileName": "net1.exe", "ParentImage": "C:\\Windows\\System32\\net.exe", "FileVersion": "10.0.17134.1 (WinBuild.160101.0800)", "ParentProcessId": "7552", "CurrentDirectory": "C:\\Users\\george\\Desktop\\", "CommandLine": "C:\\Windows\\system32\\net1 stop bedbg /y", "EventID": "1", "LogonGuid": "C784477D-D595-6481-7EC5-030000000000", "LogonId": "247166", "Image": "C:\\Windows\\System32\\net1.exe", "IntegrityLevel": "High", "ParentCommandLine": "\"net.exe\" stop bedbg /y", "UtcTime": "1687188838", "RuleName": "-"}}, {"values": {"TerminalSessionId": "1", "ProcessGuid": "{C784477D-7567-6490-6906-000000003400}", "ProcessId": "8256", "Product": "Microsoft\\xae Windows\\xae Operating System", "Description": "Net Command", "Company": "Microsoft Corporation", "ParentProcessGuid": "{C784477D-7542-6490-1B06-000000003400}", "User": "DESKTOP-B0T93D6\\george", "Hashes": "MD5=15534275EDAABC58159DD0F8607A71E5,SHA256=E9739D544EE0D428696036CBD656C41DCC505B67CC43DBA7C6BEC4E3959282AC,IMPHASH=EB2C2924EA23E1A5FB0E3F53F46CB709", "OriginalFileName": "net.exe", "ParentImage": "C:\\Users\\george\\Desktop\\program.exe", "FileVersion": "10.0.17134.1 (WinBuild.160101.0800)", "ParentProcessId": "5396", "CurrentDirectory": "C:\\Users\\george\\Desktop\\", "CommandLine": "\"net.exe\" start SSDPSRV /y", "EventID": "1", "LogonGuid": "C784477D-D595-6481-7EC5-030000000000", "LogonId": "247166", "Image": "C:\\Windows\\System32\\net.exe", "IntegrityLevel": "High", "ParentCommandLine": "\"C:\\Users\\george\\Desktop\\program.exe\"", "UtcTime": "1687188839", "RuleName": "-"}}, {"values": {"TerminalSessionId": "1", "ProcessGuid": "{C784477D-7567-6490-6B06-000000003400}", "ProcessId": "8220", "Product": "Microsoft\\xae Windows\\xae Operating System", "Description": "Net Command", "Company": "Microsoft Corporation", "ParentProcessGuid": "{C784477D-7566-6490-6306-000000003400}", "User": "DESKTOP-B0T93D6\\george", "Hashes": "MD5=AF569DE92AB6C1B9C681AF1E799F9983,SHA256=FFC30745BE3B6C2771FC4B2993CFF50B5226B271C412467E97B1DC1086DEA888,IMPHASH=5322AC1A3CFF9C8A2AE16A789E26231E", "OriginalFileName": "net1.exe", "ParentImage": "C:\\Windows\\System32\\net.exe", "FileVersion": "10.0.17134.1 (WinBuild.160101.0800)", "ParentProcessId": "8016", "CurrentDirectory": "C:\\Users\\george\\Desktop\\", "CommandLine": "C:\\Windows\\system32\\net1 start FDResPub /y", "EventID": "1", "LogonGuid": "C784477D-D595-6481-7EC5-030000000000", "LogonId": "247166", "Image": "C:\\Windows\\System32\\net1.exe", "IntegrityLevel": "High", "ParentCommandLine": "\"net.exe\" start FDResPub /y", "UtcTime": "1687188839", "RuleName": "-"}}, {"values": {"TerminalSessionId": "1", "ProcessGuid": "{C784477D-7567-6490-6C06-000000003400}", "ProcessId": "7720", "Product": "Microsoft\\xae Windows\\xae Operating System", "Description": "Net Command", "Company": "Microsoft Corporation", "ParentProcessGuid": "{C784477D-7542-6490-1B06-000000003400}", "User": "DESKTOP-B0T93D6\\george", "Hashes": "MD5=15534275EDAABC58159DD0F8607A71E5,SHA256=E9739D544EE0D428696036CBD656C41DCC505B67CC43DBA7C6BEC4E3959282AC,IMPHASH=EB2C2924EA23E1A5FB0E3F53F46CB709", "OriginalFileName": "net.exe", "ParentImage": "C:\\Users\\george\\Desktop\\program.exe", "FileVersion": "10.0.17134.1 (WinBuild.160101.0800)", "ParentProcessId": "5396", "CurrentDirectory": "C:\\Users\\george\\Desktop\\", "CommandLine": "\"net.exe\" stop McTaskManager /y", "EventID": "1", "LogonGuid": "C784477D-D595-6481-7EC5-030000000000", "LogonId": "247166", "Image": "C:\\Windows\\System32\\net.exe", "IntegrityLevel": "High", "ParentCommandLine": "\"C:\\Users\\george\\Desktop\\program.exe\"", "UtcTime": "1687188839", "RuleName": "-"}}, {"values": {"TerminalSessionId": "1", "ProcessGuid": "{C784477D-7567-6490-6F06-000000003400}", "ProcessId": "8264", "Product": "Microsoft\\xae Windows\\xae Operating System", "Description": "Net Command", "Company": "Microsoft Corporation", "ParentProcessGuid": "{C784477D-7542-6490-1B06-000000003400}", "User": "DESKTOP-B0T93D6\\george", "Hashes": "MD5=15534275EDAABC58159DD0F8607A71E5,SHA256=E9739D544EE0D428696036CBD656C41DCC505B67CC43DBA7C6BEC4E3959282AC,IMPHASH=EB2C2924EA23E1A5FB0E3F53F46CB709", "OriginalFileName": "net.exe", "ParentImage": "C:\\Users\\george\\Desktop\\program.exe", "FileVersion": "10.0.17134.1 (WinBuild.160101.0800)", "ParentProcessId": "5396", "CurrentDirectory": "C:\\Users\\george\\Desktop\\", "CommandLine": "\"net.exe\" stop MSSQL$SQL_2008 /y", "EventID": "1", "LogonGuid": "C784477D-D595-6481-7EC5-030000000000", "LogonId": "247166", "Image": "C:\\Windows\\System32\\net.exe", "IntegrityLevel": "High", "ParentCommandLine": "\"C:\\Users\\george\\Desktop\\program.exe\"", "UtcTime": "1687188839", "RuleName": "-"}}, {"values": {"TerminalSessionId": "1", "ProcessGuid": "{C784477D-7567-6490-7006-000000003400}", "ProcessId": "8360", "Product": "Microsoft\\xae Windows\\xae Operating System", "Description": "Net Command", "Company": "Microsoft Corporation", "ParentProcessGuid": "{C784477D-7567-6490-6906-000000003400}", "User": "DESKTOP-B0T93D6\\george", "Hashes": "MD5=AF569DE92AB6C1B9C681AF1E799F9983,SHA256=FFC30745BE3B6C2771FC4B2993CFF50B5226B271C412467E97B1DC1086DEA888,IMPHASH=5322AC1A3CFF9C8A2AE16A789E26231E", "OriginalFileName": "net1.exe", "ParentImage": "C:\\Windows\\System32\\net.exe", "FileVersion": "10.0.17134.1 (WinBuild.160101.0800)", "ParentProcessId": "8256", "CurrentDirectory": "C:\\Users\\george\\Desktop\\", "CommandLine": "C:\\Windows\\system32\\net1 start SSDPSRV /y", "EventID": "1", "LogonGuid": "C784477D-D595-6481-7EC5-030000000000", "LogonId": "247166", "Image": "C:\\Windows\\System32\\net1.exe", "IntegrityLevel": "High", "ParentCommandLine": "\"net.exe\" start SSDPSRV /y", "UtcTime": "1687188839", "RuleName": "-"}}, {"values": {"TerminalSessionId": "1", "ProcessGuid": "{C784477D-7567-6490-7306-000000003400}", "ProcessId": "8524", "Product": "Microsoft\\xae Windows\\xae Operating System", "Description": "Net Command", "Company": "Microsoft Corporation", "ParentProcessGuid": "{C784477D-7567-6490-6C06-000000003400}", "User": "DESKTOP-B0T93D6\\george", "Hashes": "MD5=AF569DE92AB6C1B9C681AF1E799F9983,SHA256=FFC30745BE3B6C2771FC4B2993CFF50B5226B271C412467E97B1DC1086DEA888,IMPHASH=5322AC1A3CFF9C8A2AE16A789E26231E", "OriginalFileName": "net1.exe", "ParentImage": "C:\\Windows\\System32\\net.exe", "FileVersion": "10.0.17134.1 (WinBuild.160101.0800)", "ParentProcessId": "7720", "CurrentDirectory": "C:\\Users\\george\\Desktop\\", "CommandLine": "C:\\Windows\\system32\\net1 stop McTaskManager /y", "EventID": "1", "LogonGuid": "C784477D-D595-6481-7EC5-030000000000", "LogonId": "247166", "Image": "C:\\Windows\\System32\\net1.exe", "IntegrityLevel": "High", "ParentCommandLine": "\"net.exe\" stop McTaskManager /y", "UtcTime": "1687188839", "RuleName": "-"}}, {"values": {"TerminalSessionId": "1", "ProcessGuid": "{C784477D-7568-6490-7506-000000003400}", "ProcessId": "8332", "Product": "Microsoft\\xae Windows\\xae Operating System", "Description": "Net Command", "Company": "Microsoft Corporation", "ParentProcessGuid": "{C784477D-7542-6490-1B06-000000003400}", "User": "DESKTOP-B0T93D6\\george", "Hashes": "MD5=15534275EDAABC58159DD0F8607A71E5,SHA256=E9739D544EE0D428696036CBD656C41DCC505B67CC43DBA7C6BEC4E3959282AC,IMPHASH=EB2C2924EA23E1A5FB0E3F53F46CB709", "OriginalFileName": "net.exe", "ParentImage": "C:\\Users\\george\\Desktop\\program.exe", "FileVersion": "10.0.17134.1 (WinBuild.160101.0800)", "ParentProcessId": "5396", "CurrentDirectory": "C:\\Users\\george\\Desktop\\", "CommandLine": "\"net.exe\" stop SMTPSvc /y", "EventID": "1", "LogonGuid": "C784477D-D595-6481-7EC5-030000000000", "LogonId": "247166", "Image": "C:\\Windows\\System32\\net.exe", "IntegrityLevel": "High", "ParentCommandLine": "\"C:\\Users\\george\\Desktop\\program.exe\"", "UtcTime": "1687188840", "RuleName": "-"}}, {"values": {"TerminalSessionId": "1", "ProcessGuid": "{C784477D-7568-6490-7606-000000003400}", "ProcessId": "7828", "Product": "Microsoft\\xae Windows\\xae Operating System", "Description": "Net Command", "Company": "Microsoft Corporation", "ParentProcessGuid": "{C784477D-7567-6490-6F06-000000003400}", "User": "DESKTOP-B0T93D6\\george", "Hashes": "MD5=AF569DE92AB6C1B9C681AF1E799F9983,SHA256=FFC30745BE3B6C2771FC4B2993CFF50B5226B271C412467E97B1DC1086DEA888,IMPHASH=5322AC1A3CFF9C8A2AE16A789E26231E", "OriginalFileName": "net1.exe", "ParentImage": "C:\\Windows\\System32\\net.exe", "FileVersion": "10.0.17134.1 (WinBuild.160101.0800)", "ParentProcessId": "8264", "CurrentDirectory": "C:\\Users\\george\\Desktop\\", "CommandLine": "C:\\Windows\\system32\\net1 stop MSSQL$SQL_2008 /y", "EventID": "1", "LogonGuid": "C784477D-D595-6481-7EC5-030000000000", "LogonId": "247166", "Image": "C:\\Windows\\System32\\net1.exe", "IntegrityLevel": "High", "ParentCommandLine": "\"net.exe\" stop MSSQL$SQL_2008 /y", "UtcTime": "1687188840", "RuleName": "-"}}, 