{"values": {"TerminalSessionId": "1", "ProcessGuid": "{C784477D-756D-6490-0607-000000003400}", "ProcessId": "1136", "Product": "Microsoft\\xae Windows\\xae Operating System", "Description": "Net Command", "Company": "Microsoft Corporation", "ParentProcessGuid": "{C784477D-756D-6490-0107-000000003400}", "User": "DESKTOP-B0T93D6\\george", "Hashes": "MD5=AF569DE92AB6C1B9C681AF1E799F9983,SHA256=FFC30745BE3B6C2771FC4B2993CFF50B5226B271C412467E97B1DC1086DEA888,IMPHASH=5322AC1A3CFF9C8A2AE16A789E26231E", "OriginalFileName": "net1.exe", "ParentImage": "C:\\Windows\\System32\\net.exe", "FileVersion": "10.0.17134.1 (WinBuild.160101.0800)", "ParentProcessId": "3476", "CurrentDirectory": "C:\\Users\\george\\Desktop\\", "CommandLine": "C:\\Windows\\system32\\net1 stop QBCFMonitorService /y", "EventID": "1", "LogonGuid": "C784477D-D595-6481-7EC5-030000000000", "LogonId": "247166", "Image": "C:\\Windows\\System32\\net1.exe", "IntegrityLevel": "High", "ParentCommandLine": "\"net.exe\" stop QBCFMonitorService /y", "UtcTime": "1687188845", "RuleName": "-"}}, {"values": {"TerminalSessionId": "1", "ProcessGuid": "{C784477D-756D-6490-0707-000000003400}", "ProcessId": "2092", "Product": "Microsoft\\xae Windows\\xae Operating System", "Description": "Net Command", "Company": "Microsoft Corporation", "ParentProcessGuid": "{C784477D-7542-6490-1B06-000000003400}", "User": "DESKTOP-B0T93D6\\george", "Hashes": "MD5=15534275EDAABC58159DD0F8607A71E5,SHA256=E9739D544EE0D428696036CBD656C41DCC505B67CC43DBA7C6BEC4E3959282AC,IMPHASH=EB2C2924EA23E1A5FB0E3F53F46CB709", "OriginalFileName": "net.exe", "ParentImage": "C:\\Users\\george\\Desktop\\program.exe", "FileVersion": "10.0.17134.1 (WinBuild.160101.0800)", "ParentProcessId": "5396", "CurrentDirectory": "C:\\Users\\george\\Desktop\\", "CommandLine": "\"net.exe\" stop sacsvr /y", "EventID": "1", "LogonGuid": "C784477D-D595-6481-7EC5-030000000000", "LogonId": "247166", "Image": "C:\\Windows\\System32\\net.exe", "IntegrityLevel": "High", "ParentCommandLine": "\"C:\\Users\\george\\Desktop\\program.exe\"", "UtcTime": "1687188845", "RuleName": "-"}}, {"values": {"TerminalSessionId": "1", "ProcessGuid": "{C784477D-756D-6490-0907-000000003400}", "ProcessId": "8116", "Product": "Microsoft\\xae Windows\\xae Operating System", "Description": "Net Command", "Company": "Microsoft Corporation", "ParentProcessGuid": "{C784477D-756D-6490-0407-000000003400}", "User": "DESKTOP-B0T93D6\\george", "Hashes": "MD5=AF569DE92AB6C1B9C681AF1E799F9983,SHA256=FFC30745BE3B6C2771FC4B2993CFF50B5226B271C412467E97B1DC1086DEA888,IMPHASH=5322AC1A3CFF9C8A2AE16A789E26231E", "OriginalFileName": "net1.exe", "ParentImage": "C:\\Windows\\System32\\net.exe", "FileVersion": "10.0.17134.1 (WinBuild.160101.0800)", "ParentProcessId": "4420", "CurrentDirectory": "C:\\Users\\george\\Desktop\\", "CommandLine": "C:\\Windows\\system32\\net1 stop mfemms /y", "EventID": "1", "LogonGuid": "C784477D-D595-6481-7EC5-030000000000", "LogonId": "247166", "Image": "C:\\Windows\\System32\\net1.exe", "IntegrityLevel": "High", "ParentCommandLine": "\"net.exe\" stop mfemms /y", "UtcTime": "1687188845", "RuleName": "-"}}, {"values": {"TerminalSessionId": "1", "ProcessGuid": "{C784477D-756D-6490-0A07-000000003400}", "ProcessId": "8304", "Product": "Microsoft\\xae Windows\\xae Operating System", "Description": "Net Command", "Company": "Microsoft Corporation", "ParentProcessGuid": "{C784477D-7542-6490-1B06-000000003400}", "User": "DESKTOP-B0T93D6\\george", "Hashes": "MD5=15534275EDAABC58159DD0F8607A71E5,SHA256=E9739D544EE0D428696036CBD656C41DCC505B67CC43DBA7C6BEC4E3959282AC,IMPHASH=EB2C2924EA23E1A5FB0E3F53F46CB709", "OriginalFileName": "net.exe", "ParentImage": "C:\\Users\\george\\Desktop\\program.exe", "FileVersion": "10.0.17134.1 (WinBuild.160101.0800)", "ParentProcessId": "5396", "CurrentDirectory": "C:\\Users\\george\\Desktop\\", "CommandLine": "\"net.exe\" stop ReportServer$TPS /y", "EventID": "1", "LogonGuid": "C784477D-D595-6481-7EC5-030000000000", "LogonId": "247166", "Image": "C:\\Windows\\System32\\net.exe", "IntegrityLevel": "High", "ParentCommandLine": "\"C:\\Users\\george\\Desktop\\program.exe\"", "UtcTime": "1687188845", "RuleName": "-"}}, {"values": {"TerminalSessionId": "1", "ProcessGuid": "{C784477D-756D-6490-0C07-000000003400}", "ProcessId": "8804", "Product": "Microsoft\\xae Windows\\xae Operating System", "Description": "Net Command", "Company": "Microsoft Corporation", "ParentProcessGuid": "{C784477D-756D-6490-0707-000000003400}", "User": "DESKTOP-B0T93D6\\george", "Hashes": "MD5=AF569DE92AB6C1B9C681AF1E799F9983,SHA256=FFC30745BE3B6C2771FC4B2993CFF50B5226B271C412467E97B1DC1086DEA888,IMPHASH=5322AC1A3CFF9C8A2AE16A789E26231E", "OriginalFileName": "net1.exe", "ParentImage": "C:\\Windows\\System32\\net.exe", "FileVersion": "10.0.17134.1 (WinBuild.160101.0800)", "ParentProcessId": "2092", "CurrentDirectory": "C:\\Users\\george\\Desktop\\", "CommandLine": "C:\\Windows\\system32\\net1 stop sacsvr /y", "EventID": "1", "LogonGuid": "C784477D-D595-6481-7EC5-030000000000", "LogonId": "247166", "Image": "C:\\Windows\\System32\\net1.exe", "IntegrityLevel": "High", "ParentCommandLine": "\"net.exe\" stop sacsvr /y", "UtcTime": "1687188845", "RuleName": "-"}}, {"values": {"TerminalSessionId": "1", "ProcessGuid": "{C784477D-756D-6490-0D07-000000003400}", "ProcessId": "7924", "Product": "Microsoft\\xae Windows\\xae Operating System", "Description": "Net Command", "Company": "Microsoft Corporation", "ParentProcessGuid": "{C784477D-7542-6490-1B06-000000003400}", "User": "DESKTOP-B0T93D6\\george", "Hashes": "MD5=15534275EDAABC58159DD0F8607A71E5,SHA256=E9739D544EE0D428696036CBD656C41DCC505B67CC43DBA7C6BEC4E3959282AC,IMPHASH=EB2C2924EA23E1A5FB0E3F53F46CB709", "OriginalFileName": "net.exe", "ParentImage": "C:\\Users\\george\\Desktop\\program.exe", "FileVersion": "10.0.17134.1 (WinBuild.160101.0800)", "ParentProcessId": "5396", "CurrentDirectory": "C:\\Users\\george\\Desktop\\", "CommandLine": "\"net.exe\" stop YooBackup /y", "EventID": "1", "LogonGuid": "C784477D-D595-6481-7EC5-030000000000", "LogonId": "247166", "Image": "C:\\Windows\\System32\\net.exe", "IntegrityLevel": "High", "ParentCommandLine": "\"C:\\Users\\george\\Desktop\\program.exe\"", "UtcTime": "1687188845", "RuleName": "-"}}, {"values": {"TerminalSessionId": "1", "ProcessGuid": "{C784477D-756D-6490-0F07-000000003400}", "ProcessId": "4332", "Product": "Microsoft\\xae Windows\\xae Operating System", "Description": "Net Command", "Company": "Microsoft Corporation", "ParentProcessGuid": "{C784477D-756D-6490-0A07-000000003400}", "User": "DESKTOP-B0T93D6\\george", "Hashes": "MD5=AF569DE92AB6C1B9C681AF1E799F9983,SHA256=FFC30745BE3B6C2771FC4B2993CFF50B5226B271C412467E97B1DC1086DEA888,IMPHASH=5322AC1A3CFF9C8A2AE16A789E26231E", "OriginalFileName": "net1.exe", "ParentImage": "C:\\Windows\\System32\\net.exe", "FileVersion": "10.0.17134.1 (WinBuild.160101.0800)", "ParentProcessId": "8304", "CurrentDirectory": "C:\\Users\\george\\Desktop\\", "CommandLine": "C:\\Windows\\system32\\net1 stop ReportServer$TPS /y", "EventID": "1", "LogonGuid": "C784477D-D595-6481-7EC5-030000000000", "LogonId": "247166", "Image": "C:\\Windows\\System32\\net1.exe", "IntegrityLevel": "High", "ParentCommandLine": "\"net.exe\" stop ReportServer$TPS /y", "UtcTime": "1687188845", "RuleName": "-"}}, {"values": {"TerminalSessionId": "1", "ProcessGuid": "{C784477D-756D-6490-1207-000000003400}", "ProcessId": "8800", "Product": "Microsoft\\xae Windows\\xae Operating System", "Description": "Net Command", "Company": "Microsoft Corporation", "ParentProcessGuid": "{C784477D-756D-6490-0D07-000000003400}", "User": "DESKTOP-B0T93D6\\george", "Hashes": "MD5=AF569DE92AB6C1B9C681AF1E799F9983,SHA256=FFC30745BE3B6C2771FC4B2993CFF50B5226B271C412467E97B1DC1086DEA888,IMPHASH=5322AC1A3CFF9C8A2AE16A789E26231E", "OriginalFileName": "net1.exe", "ParentImage": "C:\\Windows\\System32\\net.exe", "FileVersion": "10.0.17134.1 (WinBuild.160101.0800)", "ParentProcessId": "7924", "CurrentDirectory": "C:\\Users\\george\\Desktop\\", "CommandLine": "C:\\Windows\\system32\\net1 stop YooBackup /y", "EventID": "1", "LogonGuid": "C784477D-D595-6481-7EC5-030000000000", "LogonId": "247166", "Image": "C:\\Windows\\System32\\net1.exe", "IntegrityLevel": "High", "ParentCommandLine": "\"net.exe\" stop YooBackup /y", "UtcTime": "1687188845", "RuleName": "-"}}, {"values": {"TerminalSessionId": "1", "ProcessGuid": "{C784477D-756D-6490-1307-000000003400}", "ProcessId": "8276", "Product": "Microsoft\\xae Windows\\xae Operating System", "Description": "Net Command", "Company": "Microsoft Corporation", "ParentProcessGuid": "{C784477D-7542-6490-1B06-000000003400}", "User": "DESKTOP-B0T93D6\\george", "Hashes": "MD5=15534275EDAABC58159DD0F8607A71E5,SHA256=E9739D544EE0D428696036CBD656C41DCC505B67CC43DBA7C6BEC4E3959282AC,IMPHASH=EB2C2924EA23E1A5FB0E3F53F46CB709", "OriginalFileName": "net.exe", "ParentImage": "C:\\Users\\george\\Desktop\\program.exe", "FileVersion": "10.0.17134.1 (WinBuild.160101.0800)", "ParentProcessId": "5396", "CurrentDirectory": "C:\\Users\\george\\Desktop\\", "CommandLine": "\"net.exe\" stop MSSQL$SYSTEM_BGC /y", "EventID": "1", "LogonGuid": "C784477D-D595-6481-7EC5-030000000000", "LogonId": "247166", "Image": "C:\\Windows\\System32\\net.exe", "IntegrityLevel": "High", "ParentCommandLine": "\"C:\\Users\\george\\Desktop\\program.exe\"", "UtcTime": "1687188845", "RuleName": "-"}}, {"values": {"TerminalSessionId": "1", "ProcessGuid": "{C784477D-756D-6490-1707-000000003400}", "ProcessId": "8776", "Product": "Microsoft\\xae Windows\\xae Operating System", "Description": "Net Command", "Company": "Microsoft Corporation", "ParentProcessGuid": "{C784477D-756D-6490-1307-000000003400}", "User": "DESKTOP-B0T93D6\\george", "Hashes": "MD5=AF569DE92AB6C1B9C681AF1E799F9983,SHA256=FFC30745BE3B6C2771FC4B2993CFF50B5226B271C412467E97B1DC1086DEA888,IMPHASH=5322AC1A3CFF9C8A2AE16A789E26231E", "OriginalFileName": "net1.exe", "ParentImage": "C:\\Windows\\System32\\net.exe", "FileVersion": "10.0.17134.1 (WinBuild.160101.0800)", "ParentProcessId": "8276", "CurrentDirectory": "C:\\Users\\george\\Desktop\\", "CommandLine": "C:\\Windows\\system32\\net1 stop MSSQL$SYSTEM_BGC /y", "EventID": "1", "LogonGuid": "C784477D-D595-6481-7EC5-030000000000", "LogonId": "247166", "Image": "C:\\Windows\\System32\\net1.exe", "IntegrityLevel": "High", "ParentCommandLine": "\"net.exe\" stop MSSQL$SYSTEM_BGC /y", "UtcTime": "1687188845", "RuleName": "-"}}, {"values": {"TerminalSessionId": "1", "ProcessGuid": "{C784477D-756E-6490-1807-000000003400}", "ProcessId": "6048", "Product": "Microsoft\\xae Windows\\xae Operating System", "Description": "Net Command", "Company": "Microsoft Corporation", "ParentProcessGuid": "{C784477D-7542-6490-1B06-000000003400}", "User": "DESKTOP-B0T93D6\\george", "Hashes": "MD5=15534275EDAABC58159DD0F8607A71E5,SHA256=E9739D544EE0D428696036CBD656C41DCC505B67CC43DBA7C6BEC4E3959282AC,IMPHASH=EB2C2924EA23E1A5FB0E3F53F46CB709", "OriginalFileName": "net.exe", "ParentImage": "C:\\Users\\george\\Desktop\\program.exe", "FileVersion": "10.0.17134.1 (WinBuild.160101.0800)", "ParentProcessId": "5396", "CurrentDirectory": "C:\\Users\\george\\Desktop\\", "CommandLine": "\"net.exe\" stop ntrtscan /y", "EventID": "1", "LogonGuid": "C784477D-D595-6481-7EC5-030000000000", "LogonId": "247166", "Image": "C:\\Windows\\System32\\net.exe", "IntegrityLevel": "High", "ParentCommandLine": "\"C:\\Users\\george\\Desktop\\program.exe\"", "UtcTime": "1687188846", "RuleName": "-"}}, {"values": {"TerminalSessionId": "1", "ProcessGuid": "{C784477D-756E-6490-1B07-000000003400}", "ProcessId": "2864", "Product": "Microsoft\\xae Windows\\xae Operating System", "Description": "Net Command", "Company": "Microsoft Corporation", "ParentProcessGuid": "{C784477D-7542-6490-1B06-000000003400}", "User": "DESKTOP-B0T93D6\\george", "Hashes": "MD5=15534275EDAABC58159DD0F8607A71E5,SHA256=E9739D544EE0D428696036CBD656C41DCC505B67CC43DBA7C6BEC4E3959282AC,IMPHASH=EB2C2924EA23E1A5FB0E3F53F46CB709", "OriginalFileName": "net.exe", "ParentImage": "C:\\Users\\george\\Desktop\\program.exe", "FileVersion": "10.0.17134.1 (WinBuild.160101.0800)", "ParentProcessId": "5396", "CurrentDirectory": "C:\\Users\\george\\Desktop\\", "CommandLine": "\"net.exe\" stop EsgShKernel /y", "EventID": "1", "LogonGuid": "C784477D-D595-6481-7EC5-030000000000", "LogonId": "247166", "Image": "C:\\Windows\\System32\\net.exe", "IntegrityLevel": "High", "ParentCommandLine": "\"C:\\Users\\george\\Desktop\\program.exe\"", "UtcTime": "1687188846", "RuleName": "-"}}], "rule_level": "low", "rule_id": "5b84c64b930b911c8206935d6c61b2a128347a34d495da3ea3523cdf5397c3ef", "rule_source": "Sigma Integrated Rule Set (GitHub)", "rule_title": "Stop Windows Service Via Net.EXE", "rule_description": "Detects the stopping of a Windows service", "rule_author": "Jakob Weinzettl, oscd.community, Nasreddine Bencherchali (Nextron Systems)"}, {"match_context": [{"values": {"TerminalSessionId": "1", "ProcessGuid": "{C784477D-756C-6490-DB06-000000003400}", "ProcessId": "8304", "Product": "Microsoft\\xae Windows\\xae Operating System", "Description": "Net Command", "Company": "Microsoft Corporation", "ParentProcessGuid": "{C784477D-756C-6490-D506-000000003400}", "User": "DESKTOP-B0T93D6\\george", "Hashes": "MD5=15534275EDAABC58159DD0F8607A71E5,SHA256=E9739D544EE0D428696036CBD656C41DCC505B67CC43DBA7C6BEC4E3959282AC,IMPHASH=EB2C2924EA23E1A5FB0E3F53F46CB709", "OriginalFileName": "net.exe", "ParentImage": "C:\\Windows\\System32\\cmd.exe", "FileVersion": "10.0.17134.1 (WinBuild.160101.0800)", "ParentProcessId": "3508", "CurrentDirectory": "C:\\Users\\george\\Desktop\\", "CommandLine": "net  view", "EventID": "1", "LogonGuid": "C784477D-D595-6481-7EC5-030000000000", "LogonId": "247166", "Image": "C:\\Windows\\System32\\net.exe", "IntegrityLevel": "High", "ParentCommandLine": "\"cmd.exe\" /c net view", "UtcTime": "1687188844", "RuleName": "-"}}], "rule_level": "low", "rule_id": "7cb4a3985bd24a137550fa4c49b1da3fb949c3cf182a90950438e97aaad46378", "rule_source": "Sigma Integrated Rule Set (GitHub)", "rule_title": "Share And Session Enumeration Using Net.EXE", "rule_description": "Detects attempts to enumerate file shares, printer shares and sessions using \"net.exe\" with the \"view\" flag.", "rule_author": "Endgame, JHasenbusch (ported for oscd.community)"}, {"match_context": [{"values": {"TerminalSessionId": "1", "ProcessGuid": "{C784477D-756E-6490-2707-000000003400}", "ProcessId": "3892", "Product": "Microsoft\\xae Windows\\xae Operating System", "Description": "Net Command", "Company": "Microsoft Corporation", "ParentProcessGuid": "{C784477D-7542-6490-1B06-000000003400}", "User": "DESKTOP-B0T93D6\\george", "Hashes": "MD5=15534275EDAABC58159DD0F8607A71E5,SHA256=E9739D544EE0D428696036CBD656C41DCC505B67CC43DBA7C6BEC4E3959282AC,IMPHASH=EB2C2924EA23E1A5FB0E3F53F46CB709", "OriginalFileName": "net.exe", "ParentImage": "C:\\Users\\george\\Desktop\\program.exe", "FileVersion": "10.0.17134.1 (WinBuild.160101.0800)", "ParentProcessId": "5396", "CurrentDirectory": "C:\\Users\\george\\Desktop\\", "CommandLine": "\"net.exe\" use \\\\192.168.2.1", "EventID": "1", "LogonGuid": "C784477D-D595-6481-7EC5-030000000000", "LogonId": "247166", "Image": "C:\\Windows\\System32\\net.exe", "IntegrityLevel": "High", "ParentCommandLine": "\"C:\\Users\\george\\Desktop\\program.exe\"", "UtcTime": "1687188846", "RuleName": "-"}}, {"values": {"TerminalSessionId": "1", "ProcessGuid": "{C784477D-756E-6490-3E07-000000003400}", "ProcessId": "3368", "Product": "Microsoft\\xae Windows\\xae Operating System", "Description": "Net Command", "Company": "Microsoft Corporation", "ParentProcessGuid": "{C784477D-7542-6490-1B06-000000003400}", "User": "DESKTOP-B0T93D6\\george", "Hashes": "MD5=15534275EDAABC58159DD0F8607A71E5,SHA256=E9739D544EE0D428696036CBD656C41DCC505B67CC43DBA7C6BEC4E3959282AC,IMPHASH=EB2C2924EA23E1A5FB0E3F53F46CB709", "OriginalFileName": "net.exe", "ParentImage": "C:\\Users\\george\\Desktop\\program.exe", "FileVersion": "10.0.17134.1 (WinBuild.160101.0800)", "ParentProcessId": "5396", "CurrentDirectory": "C:\\Users\\george\\Desktop\\", "CommandLine": "\"net.exe\" use \\\\192.168.2.12", "EventID": "1", "LogonGuid": "C784477D-D595-6481-7EC5-030000000000", "LogonId": "247166", "Image": "C:\\Windows\\System32\\net.exe", "IntegrityLevel": "High", "ParentCommandLine": "\"C:\\Users\\george\\Desktop\\program.exe\"", "UtcTime": "1687188846", "RuleName": "-"}}, {"values": {"TerminalSessionId": "1", "ProcessGuid": "{C784477D-756F-6490-6707-000000003400}", "ProcessId": "580", "Product": "Microsoft\\xae Windows\\xae Operating System", "Description": "Net Command", "Company": "Microsoft Corporation", "ParentProcessGuid": "{C784477D-7542-6490-1B06-000000003400}", "User": "DESKTOP-B0T93D6\\george", "Hashes": "MD5=15534275EDAABC58159DD0F8607A71E5,SHA256=E9739D544EE0D428696036CBD656C41DCC505B67CC43DBA7C6BEC4E3959282AC,IMPHASH=EB2C2924EA23E1A5FB0E3F53F46CB709", "OriginalFileName": "net.exe", "ParentImage": "C:\\Users\\george\\Desktop\\program.exe", "FileVersion": "10.0.17134.1 (WinBuild.160101.0800)", "ParentProcessId": "5396", "CurrentDirectory": "C:\\Users\\george\\Desktop\\", "CommandLine": "\"net.exe\" use \\\\192.168.2.1", "EventID": "1", "LogonGuid": "C784477D-D595-6481-7EC5-030000000000", "LogonId": "247166", "Image": "C:\\Windows\\System32\\net.exe", "IntegrityLevel": "High", "ParentCommandLine": "\"C:\\Users\\george\\Desktop\\program.exe\"", "UtcTime": "1687188847", "RuleName": "-"}}], "rule_level": "low", "rule_id": "90412c9cf799f0ce454d95cf6bdbef8b1264fbcde3cd6b065ae6aee265882a86", "rule_source": "Sigma Integrated Rule Set (GitHub)", "rule_title": "System Network Connections Discovery Via Net.EXE", "rule_description": "Adversaries may attempt to get a listing of network connections to or from the compromised system they are currently accessing or from remote systems by querying for information over the network.", "rule_author": "frack113"}, {"match_context": [{"values": {"TerminalSessionId": "1", "ProcessGuid": "{C784477D-756E-6490-2707-000000003400}", "ProcessId": "3892", "Product": "Microsoft\\xae Windows\\xae Operating System", "Description": "Net Command", "Company": "Microsoft Corporation", "ParentProcessGuid": "{C784477D-7542-6490-1B06-000000003400}", "User": "DESKTOP-B0T93D6\\george", "Hashes": "MD5=15534275EDAABC58159DD0F8607A71E5,SHA256=E9739D544EE0D428696036CBD656C41DCC505B67CC43DBA7C6BEC4E3959282AC,IMPHASH=EB2C2924EA23E1A5FB0E3F53F46CB709", "OriginalFileName": "net.exe", "ParentImage": "C:\\Users\\george\\Desktop\\program.exe", "FileVersion": "10.0.17134.1 (WinBuild.160101.0800)", "ParentProcessId": "5396", "CurrentDirectory": "C:\\Users\\george\\Desktop\\", "CommandLine": "\"net.exe\" use \\\\192.168.2.1", "EventID": "1", "LogonGuid": "C784477D-D595-6481-7EC5-030000000000", "LogonId": "247166", "Image": "C:\\Windows\\System32\\net.exe", "IntegrityLevel": "High", "ParentCommandLine": "\"C:\\Users\\george\\Desktop\\program.exe\"", "UtcTime": "1687188846", "RuleName": "-"}}, {"values": {"TerminalSessionId": "1", "ProcessGuid": "{C784477D-756E-6490-3E07-000000003400}", "ProcessId": "3368", "Product": "Microsoft\\xae Windows\\xae Operating System", "Description": "Net Command", "Company": "Microsoft Corporation", "ParentProcessGuid": "{C784477D-7542-6490-1B06-000000003400}", "User": "DESKTOP-B0T93D6\\george", "Hashes": "MD5=15534275EDAABC58159DD0F8607A71E5,SHA256=E9739D544EE0D428696036CBD656C41DCC505B67CC43DBA7C6BEC4E3959282AC,IMPHASH=EB2C2924EA23E1A5FB0E3F53F46CB709", "OriginalFileName": "net.exe", "ParentImage": "C:\\Users\\george\\Desktop\\program.exe", "FileVersion": "10.0.17134.1 (WinBuild.160101.0800)", "ParentProcessId": "5396", "CurrentDirectory": "C:\\Users\\george\\Desktop\\", "CommandLine": "\"net.exe\" use \\\\192.168.2.12", "EventID": "1", "LogonGuid": "C784477D-D595-6481-7EC5-030000000000", "LogonId": "247166", "Image": "C:\\Windows\\System32\\net.exe", "IntegrityLevel": "High", "ParentCommandLine": "\"C:\\Users\\george\\Desktop\\program.exe\"", "UtcTime": "1687188846", "RuleName": "-"}}, {"values": {"TerminalSessionId": "1", "ProcessGuid": "{C784477D-756F-6490-6707-000000003400}", "ProcessId": "580", "Product": "Microsoft\\xae Windows\\xae Operating System", "Description": "Net Command", "Company": "Microsoft Corporation", "ParentProcessGuid": "{C784477D-7542-6490-1B06-000000003400}", "User": "DESKTOP-B0T93D6\\george", "Hashes": "MD5=15534275EDAABC58159DD0F8607A71E5,SHA256=E9739D544EE0D428696036CBD656C41DCC505B67CC43DBA7C6BEC4E3959282AC,IMPHASH=EB2C2924EA23E1A5FB0E3F53F46CB709", "OriginalFileName": "net.exe", "ParentImage": "C:\\Users\\george\\Desktop\\program.exe", "FileVersion": "10.0.17134.1 (WinBuild.160101.0800)", "ParentProcessId": "5396", "CurrentDirectory": "C:\\Users\\george\\Desktop\\", "CommandLine": "\"net.exe\" use \\\\192.168.2.1", "EventID": "1", "LogonGuid": "C784477D-D595-6481-7EC5-030000000000", "LogonId": "247166", "Image": "C:\\Windows\\System32\\net.exe", "IntegrityLevel": "High", "ParentCommandLine": "\"C:\\Users\\george\\Desktop\\program.exe\"", "UtcTime": "1687188847", "RuleName": "-"}}], "rule_level": "low", "rule_id": "9816ac44605bf8e1595ecff4424e6d78357aaa8449a03737687a18866b736909", "rule_source": "Sigma Integrated Rule Set (GitHub)", "rule_title": "Windows Share Mount Via Net.EXE", "rule_description": "Detects when a share is mounted using the \"net.exe\" utility", "rule_author": "Nasreddine Bencherchali (Nextron Systems)"}, {"match_context": [{"values": {"EventID": "11", "ProcessId": "5396", "TargetFilename": "C:\\Users\\george\\AppData\\Local\\Temp\\she0usid.exe", "RuleName": "EXE", "CreationUtcTime": "1687188812", "UtcTime": "1687188812", "ProcessGuid": "{C784477D-7542-6490-1B06-000000003400}", "Image": "C:\\Users\\george\\Desktop\\program.exe"}}, {"values": {"EventID": "11", "ProcessId": "5396", "Image": "C:\\Users\\george\\Desktop\\program.exe", "RuleName": "EXE", "CreationUtcTime": "1687188841", "UtcTime": "1687188841", "ProcessGuid": "{C784477D-7542-6490-1B06-000000003400}", "TargetFilename": "C:\\Users\\george\\AppData\\Local\\Temp\\snuy344z.exe"}}, {"values": {"EventID": "11", "ProcessId": "5396", "TargetFilename": "C:\\Users\\george\\AppData\\Local\\Temp\\wbu0x1n5.exe", "RuleName": "EXE", "CreationUtcTime": "1687188843", "UtcTime": "1687188843", "ProcessGuid": "{C784477D-7542-6490-1B06-000000003400}", "Image": "C:\\Users\\george\\Desktop\\program.exe"}}, {"values": {"EventID": "11", "ProcessId": "1116", "Image": "C:\\Windows\\System32\\WindowsPowerShell\\v1.0\\powershell.exe", "RuleName": "EXE", "CreationUtcTime": "1687188844", "UtcTime": "1687188844", "ProcessGuid": "{C784477D-756B-6490-B406-000000003400}", "TargetFilename": "C:\\Users\\george\\AppData\\Local\\Temp\\D2519E88-65D0-4F3F-B62B-A83483558EF8\\DismHost.exe"}}], "rule_level": "low", "rule_id": "b5386a23355681c43cfbd2f2ccfe4b16ed45324d0d7b5583487a9f302ee1e427", "rule_source": "Sigma Integrated Rule Set (GitHub)", "rule_title": "Creation of an Executable by an Executable", "rule_description": "Detects the creation of an executable by another executable", "rule_author": "frack113"}, {"match_context": [{"values": {"TerminalSessionId": "1", "ProcessGuid": "{C784477D-7564-6490-3C06-000000003400}", "ProcessId": "8800", "Product": "Microsoft\\xae Windows\\xae Operating System", "Description": "Terminates Processes", "Company": "Microsoft Corporation", "ParentProcessGuid": "{C784477D-7542-6490-1B06-000000003400}", "User": "DESKTOP-B0T93D6\\george", "Hashes": "MD5=530C6A6CBA137EAA7021CEF9B234E8D4,SHA256=26B9B184C2F7F60811C0C4CB25C12568D996AC1ECE0EF64AA1B9E8F39AEA74D7,IMPHASH=100938B32F577E925618EA395A8C469B", "OriginalFileName": "taskkill.exe", "ParentImage": "C:\\Users\\george\\Desktop\\program.exe", "FileVersion": "10.0.17134.1 (WinBuild.160101.0800)", "ParentProcessId": "5396", "CurrentDirectory": "C:\\Users\\george\\Desktop\\", "CommandLine": "\"taskkill\" /F /IM RaccineSettings.exe", "EventID": "1", "LogonGuid": "C784477D-D595-6481-7EC5-030000000000", "LogonId": "247166", "Image": "C:\\Windows\\System32\\taskkill.exe", "IntegrityLevel": "High", "ParentCommandLine": "\"C:\\Users\\george\\Desktop\\program.exe\"", "UtcTime": "1687188836", "RuleName": "-"}}, {"values": {"TerminalSessionId": "1", "ProcessGuid": "{C784477D-7578-6490-2909-000000003400}", "ProcessId": "8780", "Product": "Microsoft\\xae Windows\\xae Operating System", "Description": "Terminates Processes", "Company": "Microsoft Corporation", "ParentProcessGuid": "{C784477D-7542-6490-1B06-000000003400}", "User": "DESKTOP-B0T93D6\\george", "Hashes": "MD5=530C6A6CBA137EAA7021CEF9B234E8D4,SHA256=26B9B184C2F7F60811C0C4CB25C12568D996AC1ECE0EF64AA1B9E8F39AEA74D7,IMPHASH=100938B32F577E925618EA395A8C469B", "OriginalFileName": "taskkill.exe", "ParentImage": "C:\\Users\\george\\Desktop\\program.exe", "FileVersion": "10.0.17134.1 (WinBuild.160101.0800)", "ParentProcessId": "5396", "CurrentDirectory": "C:\\Users\\george\\Desktop\\", "CommandLine": "\"taskkill.exe\" /IM mspub.exe /F", "EventID": "1", "LogonGuid": "C784477D-D595-6481-7EC5-030000000000", "LogonId": "247166", "Image": "C:\\Windows\\System32\\taskkill.exe", "IntegrityLevel": "High", "ParentCommandLine": "\"C:\\Users\\george\\Desktop\\program.exe\"", "UtcTime": "1687188856", "RuleName": "-"}}, {"values": {"TerminalSessionId": "1", "ProcessGuid": "{C784477D-7578-6490-2C09-000000003400}", "ProcessId": "7756", "Product": "Microsoft\\xae Windows\\xae Operating System", "Description": "Terminates Processes", "Company": "Microsoft Corporation", "ParentProcessGuid": "{C784477D-7542-6490-1B06-000000003400}", "User": "DESKTOP-B0T93D6\\george", "Hashes": "MD5=530C6A6CBA137EAA7021CEF9B234E8D4,SHA256=26B9B184C2F7F60811C0C4CB25C12568D996AC1ECE0EF64AA1B9E8F39AEA74D7,IMPHASH=100938B32F577E925618EA395A8C469B", "OriginalFileName": "taskkill.exe", "ParentImage": "C:\\Users\\george\\Desktop\\program.exe", "FileVersion": "10.0.17134.1 (WinBuild.160101.0800)", "ParentProcessId": "5396", "CurrentDirectory": "C:\\Users\\george\\Desktop\\", "CommandLine": "\"taskkill.exe\" /IM mydesktopqos.exe /F", "EventID": "1", "LogonGuid": "C784477D-D595-6481-7EC5-030000000000", "LogonId": "247166", "Image": "C:\\Windows\\System32\\taskkill.exe", "IntegrityLevel": "High", "ParentCommandLine": "\"C:\\Users\\george\\Desktop\\program.exe\"", "UtcTime": "1687188856", "RuleName": "-"}}, {"values": {"TerminalSessionId": "1", "ProcessGuid": "{C784477D-7578-6490-2F09-000000003400}", "ProcessId": "8480", "Product": "Microsoft\\xae Windows\\xae Operating System", "Description": "Terminates Processes", "Company": "Microsoft Corporation", "ParentProcessGuid": "{C784477D-7542-6490-1B06-000000003400}", "User": "DESKTOP-B0T93D6\\george", "Hashes": "MD5=530C6A6CBA137EAA7021CEF9B234E8D4,SHA256=26B9B184C2F7F60811C0C4CB25C12568D996AC1ECE0EF64AA1B9E8F39AEA74D7,IMPHASH=100938B32F577E925618EA395A8C469B", "OriginalFileName": "taskkill.exe", "ParentImage": "C:\\Users\\george\\Desktop\\program.exe", "FileVersion": "10.0.17134.1 (WinBuild.160101.0800)", "ParentProcessId": "5396", "CurrentDirectory": "C:\\Users\\george\\Desktop\\", "CommandLine": "\"taskkill.exe\" /IM mydesktopservice.exe /F", "EventID": "1", "LogonGuid": "C784477D-D595-6481-7EC5-030000000000", "LogonId": "247166", "Image": "C:\\Windows\\System32\\taskkill.exe", "IntegrityLevel": "High", "ParentCommandLine": "\"C:\\Users\\george\\Desktop\\program.exe\"", "UtcTime": "1687188856", "RuleName": "-"}}, {"values": {"TerminalSessionId": "1", "ProcessGuid": "{C784477D-7578-6490-3109-000000003400}", "ProcessId": "5856", "Product": "Microsoft\\xae Windows\\xae Operating System", "Description": "Terminates Processes", "Company": "Microsoft Corporation", "ParentProcessGuid": "{C784477D-7542-6490-1B06-000000003400}", "User": "DESKTOP-B0T93D6\\george", "Hashes": "MD5=530C6A6CBA137EAA7021CEF9B234E8D4,SHA256=26B9B184C2F7F60811C0C4CB25C12568D996AC1ECE0EF64AA1B9E8F39AEA74D7,IMPHASH=100938B32F577E925618EA395A8C469B", "OriginalFileName": "taskkill.exe", "ParentImage": "C:\\Users\\george\\Desktop\\program.exe", "FileVersion": "10.0.17134.1 (WinBuild.160101.0800)", "ParentProcessId": "5396", "CurrentDirectory": "C:\\Users\\george\\Desktop\\", "CommandLine": "\"taskkill.exe\" /IM mysqld.exe /F", "EventID": "1", "LogonGuid": "C784477D-D595-6481-7EC5-030000000000", "LogonId": "247166", "Image": "C:\\Windows\\System32\\taskkill.exe", "IntegrityLevel": "High", "ParentCommandLine": "\"C:\\Users\\george\\Desktop\\program.exe\"", "UtcTime": "1687188856", "RuleName": "-"}}, {"values": {"TerminalSessionId": "1", "ProcessGuid": "{C784477D-7578-6490-3309-000000003400}", "ProcessId": "5960", "Product": "Microsoft\\xae Windows\\xae Operating System", "Description": "Terminates Processes", "Company": "Microsoft Corporation", "ParentProcessGuid": "{C784477D-7542-6490-1B06-000000003400}", "User": "DESKTOP-B0T93D6\\george", "Hashes": "MD5=530C6A6CBA137EAA7021CEF9B234E8D4,SHA256=26B9B184C2F7F60811C0C4CB25C12568D996AC1ECE0EF64AA1B9E8F39AEA74D7,IMPHASH=100938B32F577E925618EA395A8C469B", "OriginalFileName": "taskkill.exe", "ParentImage": "C:\\Users\\george\\Desktop\\program.exe", "FileVersion": "10.0.17134.1 (WinBuild.160101.0800)", "ParentProcessId": "5396", "CurrentDirectory": "C:\\Users\\george\\Desktop\\", "CommandLine": "\"taskkill.exe\" /IM sqbcoreservice.exe /F", "EventID": "1", "LogonGuid": "C784477D-D595-6481-7EC5-030000000000", "LogonId": "247166", "Image": "C:\\Windows\\System32\\taskkill.exe", "IntegrityLevel": "High", "ParentCommandLine": "\"C:\\Users\\george\\Desktop\\program.exe\"", "UtcTime": "1687188856", "RuleName": "-"}}, {"values": {"TerminalSessionId": "1", "ProcessGuid": "{C784477D-7578-6490-3509-000000003400}", "ProcessId": "8292", "Product": "Microsoft\\xae Windows\\xae Operating System", "Description": "Terminates Processes", "Company": "Microsoft Corporation", "ParentProcessGuid": "{C784477D-7542-6490-1B06-000000003400}", "User": "DESKTOP-B0T93D6\\george", "Hashes": "MD5=530C6A6CBA137EAA7021CEF9B234E8D4,SHA256=26B9B184C2F7F60811C0C4CB25C12568D996AC1ECE0EF64AA1B9E8F39AEA74D7,IMPHASH=100938B32F577E925618EA395A8C469B", "OriginalFileName": "taskkill.exe", "ParentImage": "C:\\Users\\george\\Desktop\\program.exe", "FileVersion": "10.0.17134.1 (WinBuild.160101.0800)", "ParentProcessId": "5396", "CurrentDirectory": "C:\\Users\\george\\Desktop\\", "CommandLine": "\"taskkill.exe\" /IM firefoxconfig.exe /F", "EventID": "1", "LogonGuid": "C784477D-D595-6481-7EC5-030000000000", "LogonId": "247166", "Image": "C:\\Windows\\System32\\taskkill.exe", "IntegrityLevel": "High", "ParentCommandLine": "\"C:\\Users\\george\\Desktop\\program.exe\"", "UtcTime": "1687188856", "RuleName": "-"}}, {"values": {"TerminalSessionId": "1", "ProcessGuid": "{C784477D-7578-6490-3709-000000003400}", "ProcessId": "5148", "Product": "Microsoft\\xae Windows\\xae Operating System", "Description": "Terminates Processes", "Company": "Microsoft Corporation", "ParentProcessGuid": "{C784477D-7542-6490-1B06-000000003400}", "User": "DESKTOP-B0T93D6\\george", "Hashes": "MD5=530C6A6CBA137EAA7021CEF9B234E8D4,SHA256=26B9B184C2F7F60811C0C4CB25C12568D996AC1ECE0EF64AA1B9E8F39AEA74D7,IMPHASH=100938B32F577E925618EA395A8C469B", "OriginalFileName": "taskkill.exe", "ParentImage": "C:\\Users\\george\\Desktop\\program.exe", "FileVersion": "10.0.17134.1 (WinBuild.160101.0800)", "ParentProcessId": "5396", "CurrentDirectory": "C:\\Users\\george\\Desktop\\", "CommandLine": "\"taskkill.exe\" /IM CNTAoSMgr.exe /F", "EventID": "1", "LogonGuid": "C784477D-D595-6481-7EC5-030000000000", "LogonId": "247166", "Image": "C:\\Windows\\System32\\taskkill.exe", "IntegrityLevel": "High", "ParentCommandLine": "\"C:\\Users\\george\\Desktop\\program.exe\"", "UtcTime": "1687188856", "RuleName": "-"}}, {"values": {"TerminalSessionId": "1", "ProcessGuid": "{C784477D-7578-6490-3909-000000003400}", "ProcessId": "7068", "Product": "Microsoft\\xae Windows\\xae Operating System", "Description": "Terminates Processes", "Company": "Microsoft Corporation", "ParentProcessGuid": "{C784477D-7542-6490-1B06-000000003400}", "User": "DESKTOP-B0T93D6\\george", "Hashes": "MD5=530C6A6CBA137EAA7021CEF9B234E8D4,SHA256=26B9B184C2F7F60811C0C4CB25C12568D996AC1ECE0EF64AA1B9E8F39AEA74D7,IMPHASH=100938B32F577E925618EA395A8C469B", "OriginalFileName": "taskkill.exe", "ParentImage": "C:\\Users\\george\\Desktop\\program.exe", "FileVersion": "10.0.17134.1 (WinBuild.160101.0800)", "ParentProcessId": "5396", "CurrentDirectory": "C:\\Users\\george\\Desktop\\", "CommandLine": "\"taskkill.exe\" /IM agntsvc.exe /F", "EventID": "1", "LogonGuid": "C784477D-D595-6481-7EC5-030000000000", "LogonId": "247166", "Image": "C:\\Windows\\System32\\taskkill.exe", "IntegrityLevel": "High", "ParentCommandLine": "\"C:\\Users\\george\\Desktop\\program.exe\"", "UtcTime": "1687188856", "RuleName": "-"}}, {"values": {"TerminalSessionId": "1", "ProcessGuid": "{C784477D-7578-6490-3B09-000000003400}", "ProcessId": "6780", "Product": "Microsoft\\xae Windows\\xae Operating System", "Description": "Terminates Processes", "Company": "Microsoft Corporation", "ParentProcessGuid": "{C784477D-7542-6490-1B06-000000003400}", "User": "DESKTOP-B0T93D6\\george", "Hashes": "MD5=530C6A6CBA137EAA7021CEF9B234E8D4,SHA256=26B9B184C2F7F60811C0C4CB25C12568D996AC1ECE0EF64AA1B9E8F39AEA74D7,IMPHASH=100938B32F577E925618EA395A8C469B", "OriginalFileName": "taskkill.exe", "ParentImage": "C:\\Users\\george\\Desktop\\program.exe", "FileVersion": "10.0.17134.1 (WinBuild.160101.0800)", "ParentProcessId": "5396", "CurrentDirectory": "C:\\Users\\george\\Desktop\\", "CommandLine": "\"taskkill.exe\" /IM sqlwriter.exe /F", "EventID": "1", "LogonGuid": "C784477D-D595-6481-7EC5-030000000000", "LogonId": "247166", "Image": "C:\\Windows\\System32\\taskkill.exe", "IntegrityLevel": "High", "ParentCommandLine": "\"C:\\Users\\george\\Desktop\\program.exe\"", "UtcTime": "1687188856", "RuleName": "-"}}, {"values": {"TerminalSessionId": "1", "ProcessGuid": "{C784477D-7578-6490-3D09-000000003400}", "ProcessId": "9176", "Product": "Microsoft\\xae Windows\\xae Operating System", "Description": "Terminates Processes", "Company": "Microsoft Corporation", "ParentProcessGuid": "{C784477D-7542-6490-1B06-000000003400}", "User": "DESKTOP-B0T93D6\\george", "Hashes": "MD5=530C6A6CBA137EAA7021CEF9B234E8D4,SHA256=26B9B184C2F7F60811C0C4CB25C12568D996AC1ECE0EF64AA1B9E8F39AEA74D7,IMPHASH=100938B32F577E925618EA395A8C469B", "OriginalFileName": "taskkill.exe", "ParentImage": "C:\\Users\\george\\Desktop\\program.exe", "FileVersion": "10.0.17134.1 (WinBuild.160101.0800)", "ParentProcessId": "5396", "CurrentDirectory": "C:\\Users\\george\\Desktop\\", "CommandLine": "\"taskkill.exe\" /IM thebat.exe /F", "EventID": "1", "LogonGuid": "C784477D-D595-6481-7EC5-030000000000", "LogonId": "247166", "Image": "C:\\Windows\\System32\\taskkill.exe", "IntegrityLevel": "High", "ParentCommandLine": "\"C:\\Users\\george\\Desktop\\program.exe\"", "UtcTime": "1687188856", "RuleName": "-"}}, {"values": {"TerminalSessionId": "1", "ProcessGuid": "{C784477D-7578-6490-3F09-000000003400}", "ProcessId": "3388", "Product": "Microsoft\\xae Windows\\xae Operating System", "Description": "Terminates Processes", "Company": "Microsoft Corporation", "ParentProcessGuid": "{C784477D-7542-6490-1B06-000000003400}", "User": "DESKTOP-B0T93D6\\george", "Hashes": "MD5=530C6A6CBA137EAA7021CEF9B234E8D4,SHA256=26B9B184C2F7F60811C0C4CB25C12568D996AC1ECE0EF64AA1B9E8F39AEA74D7,IMPHASH=100938B32F577E925618EA395A8C469B", "OriginalFileName": "taskkill.exe", "ParentImage": "C:\\Users\\george\\Desktop\\program.exe", "FileVersion": "10.0.17134.1 (WinBuild.160101.0800)", "ParentProcessId": "5396", "CurrentDirectory": "C:\\Users\\george\\Desktop\\", "CommandLine": "\"taskkill.exe\" /IM tbirdconfig.exe /F", "EventID": "1", "LogonGuid": "C784477D-D595-6481-7EC5-030000000000", "LogonId": "247166", "Image": "C:\\Windows\\System32\\taskkill.exe", "IntegrityLevel": "High", "ParentCommandLine": "\"C:\\Users\\george\\Desktop\\program.exe\"", "UtcTime": "1687188856", "RuleName": "-"}}, {"values": {"TerminalSessionId": "1", "ProcessGuid": "{C784477D-7579-6490-4109-000000003400}", "ProcessId": "6188", "Product": "Microsoft\\xae Windows\\xae Operating System", "Description": "Terminates Processes", "Company": "Microsoft Corporation", "ParentProcessGuid": "{C784477D-7542-6490-1B06-000000003400}", "User": "DESKTOP-B0T93D6\\george", "Hashes": "MD5=530C6A6CBA137EAA7021CEF9B234E8D4,SHA256=26B9B184C2F7F60811C0C4CB25C12568D996AC1ECE0EF64AA1B9E8F39AEA74D7,IMPHASH=100938B32F577E925618EA395A8C469B", "OriginalFileName": "taskkill.exe", "ParentImage": "C:\\Users\\george\\Desktop\\program.exe", "FileVersion": "10.0.17134.1 (WinBuild.160101.0800)", "ParentProcessId": "5396", "CurrentDirectory": "C:\\Users\\george\\Desktop\\", "CommandLine": "\"taskkill.exe\" /IM steam.exe /F", "EventID": "1", "LogonGuid": "C784477D-D595-6481-7EC5-030000000000", "LogonId": "247166", "Image": "C:\\Windows\\System32\\taskkill.exe", "IntegrityLevel": "High", "ParentCommandLine": "\"C:\\Users\\george\\Desktop\\program.exe\"", "UtcTime": "1687188857", "RuleName": "-"}}, {"values": {"TerminalSessionId": "1", "ProcessGuid": "{C784477D-7579-6490-4309-000000003400}", "ProcessId": "8812", "Product": "Microsoft\\xae Windows\\xae Operating System", "Description": "Terminates Processes", "Company": "Microsoft Corporation", "ParentProcessGuid": "{C784477D-7542-6490-1B06-000000003400}", "User": "DESKTOP-B0T93D6\\george", "Hashes": "MD5=530C6A6CBA137EAA7021CEF9B234E8D4,SHA256=26B9B184C2F7F60811C0C4CB25C12568D996AC1ECE0EF64AA1B9E8F39AEA74D7,IMPHASH=100938B32F577E925618EA395A8C469B", "OriginalFileName": "taskkill.exe", "ParentImage": "C:\\Users\\george\\Desktop\\program.exe", "FileVersion": "10.0.17134.1 (WinBuild.160101.0800)", "ParentProcessId": "5396", "CurrentDirectory": "C:\\Users\\george\\Desktop\\", "CommandLine": "\"taskkill.exe\" /IM dbeng50.exe /F", "EventID": "1", "LogonGuid": "C784477D-D595-6481-7EC5-030000000000", "LogonId": "247166", "Image": "C:\\Windows\\System32\\taskkill.exe", "IntegrityLevel": "High", "ParentCommandLine": "\"C:\\Users\\george\\Desktop\\program.exe\"", "UtcTime": "1687188857", "RuleName": "-"}}, {"values": {"TerminalSessionId": "1", "ProcessGuid": "{C784477D-7579-6490-4509-000000003400}", "ProcessId": "7316", "Product": "Microsoft\\xae Windows\\xae Operating System", "Description": "Terminates Processes", "Company": "Microsoft Corporation", "ParentProcessGuid": "{C784477D-7542-6490-1B06-000000003400}", "User": "DESKTOP-B0T93D6\\george", "Hashes": "MD5=530C6A6CBA137EAA7021CEF9B234E8D4,SHA256=26B9B184C2F7F60811C0C4CB25C12568D996AC1ECE0EF64AA1B9E8F39AEA74D7,IMPHASH=100938B32F577E925618EA395A8C469B", "OriginalFileName": "taskkill.exe", "ParentImage": "C:\\Users\\george\\Desktop\\program.exe", "FileVersion": "10.0.17134.1 (WinBuild.160101.0800)", "ParentProcessId": "5396", "CurrentDirectory": "C:\\Users\\george\\Desktop\\", "CommandLine": "\"taskkill.exe\" /IM encsvc.exe /F", "EventID": "1", "LogonGuid": "C784477D-D595-6481-7EC5-030000000000", "LogonId": "247166", "Image": "C:\\Windows\\System32\\taskkill.exe", "IntegrityLevel": "High", "ParentCommandLine": "\"C:\\Users\\george\\Desktop\\program.exe\"", "UtcTime": "1687188857", "RuleName": "-"}}, {"values": {"TerminalSessionId": "1", "ProcessGuid": "{C784477D-7579-6490-4709-000000003400}", "ProcessId": "6372", "Product": "Microsoft\\xae Windows\\xae Operating System", "Description": "Terminates Processes", "Company": "Microsoft Corporation", "ParentProcessGuid": "{C784477D-7542-6490-1B06-000000003400}", "User": "DESKTOP-B0T93D6\\george", "Hashes": "MD5=530C6A6CBA137EAA7021CEF9B234E8D4,SHA256=26B9B184C2F7F60811C0C4CB25C12568D996AC1ECE0EF64AA1B9E8F39AEA74D7,IMPHASH=100938B32F577E925618EA395A8C469B", "OriginalFileName": "taskkill.exe", "ParentImage": "C:\\Users\\george\\Desktop\\program.exe", "FileVersion": "10.0.17134.1 (WinBuild.160101.0800)", "ParentProcessId": "5396", "CurrentDirectory": "C:\\Users\\george\\Desktop\\", "CommandLine": "\"taskkill.exe\" /IM thebat64.exe /F", "EventID": "1", "LogonGuid": "C784477D-D595-6481-7EC5-030000000000", "LogonId": "247166", "Image": "C:\\Windows\\System32\\taskkill.exe", "IntegrityLevel": "High", "ParentCommandLine": "\"C:\\Users\\george\\Desktop\\program.exe\"", "UtcTime": "1687188857", "RuleName": "-"}}, {"values": {"TerminalSessionId": "1", "ProcessGuid": "{C784477D-7579-6490-4909-000000003400}", "ProcessId": "5684", "Product": "Microsoft\\xae Windows\\xae Operating System", "Description": "Terminates Processes", "Company": "Microsoft Corporation", "ParentProcessGuid": "{C784477D-7542-6490-1B06-000000003400}", "User": "DESKTOP-B0T93D6\\george", "Hashes": "MD5=530C6A6CBA137EAA7021CEF9B234E8D4,SHA256=26B9B184C2F7F60811C0C4CB25C12568D996AC1ECE0EF64AA1B9E8F39AEA74D7,IMPHASH=100938B32F577E925618EA395A8C469B", "OriginalFileName": "taskkill.exe", "ParentImage": "C:\\Users\\george\\Desktop\\program.exe", "FileVersion": "10.0.17134.1 (WinBuild.160101.0800)", "ParentProcessId": "5396", "CurrentDirectory": "C:\\Users\\george\\Desktop\\", "CommandLine": "\"taskkill.exe\" /IM excel.exe /F", "EventID": "1", "LogonGuid": "C784477D-D595-6481-7EC5-030000000000", "LogonId": "247166", "Image": "C:\\Windows\\System32\\taskkill.exe", "IntegrityLevel": "High", "ParentCommandLine": "\"C:\\Users\\george\\Desktop\\program.exe\"", "UtcTime": "1687188857", "RuleName": "-"}}, {"values": {"TerminalSessionId": "1", "ProcessGuid": "{C784477D-7579-6490-4B09-000000003400}", "ProcessId": "7492", "Product": "Microsoft\\xae Windows\\xae Operating System", "Description": "Terminates Processes", "Company": "Microsoft Corporation", "ParentProcessGuid": "{C784477D-7542-6490-1B06-000000003400}", "User": "DESKTOP-B0T93D6\\george", "Hashes": "MD5=530C6A6CBA137EAA7021CEF9B234E8D4,SHA256=26B9B184C2F7F60811C0C4CB25C12568D996AC1ECE0EF64AA1B9E8F39AEA74D7,IMPHASH=100938B32F577E925618EA395A8C469B", "OriginalFileName": "taskkill.exe", "ParentImage": "C:\\Users\\george\\Desktop\\program.exe", "FileVersion": "10.0.17134.1 (WinBuild.160101.0800)", "ParentProcessId": "5396", "CurrentDirectory": "C:\\Users\\george\\Desktop\\", "CommandLine": "\"taskkill.exe\" /IM ocomm.exe /F", "EventID": "1", "LogonGuid": "C784477D-D595-6481-7EC5-030000000000", "LogonId": "247166", "Image": "C:\\Windows\\System32\\taskkill.exe", "IntegrityLevel": "High", "ParentCommandLine": "\"C:\\Users\\george\\Desktop\\program.exe\"", "UtcTime": "1687188857", "RuleName": "-"}}, {"values": {"TerminalSessionId": "1", "ProcessGuid": "{C784477D-7579-6490-4D09-000000003400}", "ProcessId": "3724", "Product": "Microsoft\\xae Windows\\xae Operating System", "Description": "Terminates Processes", "Company": "Microsoft Corporation", "ParentProcessGuid": "{C784477D-7542-6490-1B06-000000003400}", "User": "DESKTOP-B0T93D6\\george", "Hashes": "MD5=530C6A6CBA137EAA7021CEF9B234E8D4,SHA256=26B9B184C2F7F60811C0C4CB25C12568D996AC1ECE0EF64AA1B9E8F39AEA74D7,IMPHASH=100938B32F577E925618EA395A8C469B", "OriginalFileName": "taskkill.exe", "ParentImage": "C:\\Users\\george\\Desktop\\program.exe", "FileVersion": "10.0.17134.1 (WinBuild.160101.0800)", "ParentProcessId": "5396", "CurrentDirectory": "C:\\Users\\george\\Desktop\\", "CommandLine": "\"taskkill.exe\" /IM mbamtray.exe /F", "EventID": "1", "LogonGuid": "C784477D-D595-6481-7EC5-030000000000", "LogonId": "247166", "Image": "C:\\Windows\\System32\\taskkill.exe", "IntegrityLevel": "High", "ParentCommandLine": "\"C:\\Users\\george\\Desktop\\program.exe\"", "UtcTime": "1687188857", "RuleName": "-"}}, {"values": {"TerminalSessionId": "1", "ProcessGuid": "{C784477D-7579-6490-4F09-000000003400}", "ProcessId": "7336", "Product": "Microsoft\\xae Windows\\xae Operating System", "Description": "Terminates Processes", "Company": "Microsoft Corporation", "ParentProcessGuid": "{C784477D-7542-6490-1B06-000000003400}", "User": "DESKTOP-B0T93D6\\george", "Hashes": "MD5=530C6A6CBA137EAA7021CEF9B234E8D4,SHA256=26B9B184C2F7F60811C0C4CB25C12568D996AC1ECE0EF64AA1B9E8F39AEA74D7,IMPHASH=100938B32F577E925618EA395A8C469B", "OriginalFileName": "taskkill.exe", "ParentImage": "C:\\Users\\george\\Desktop\\program.exe", "FileVersion": "10.0.17134.1 (WinBuild.160101.0800)", "ParentProcessId": "5396", "CurrentDirectory": "C:\\Users\\george\\Desktop\\", "CommandLine": "\"taskkill.exe\" /IM infopath.exe /F", "EventID": "1", "LogonGuid": "C784477D-D595-6481-7EC5-030000000000", "LogonId": "247166", "Image": "C:\\Windows\\System32\\taskkill.exe", "IntegrityLevel": "High", "ParentCommandLine": "\"C:\\Users\\george\\Desktop\\program.exe\"", "UtcTime": "1687188857", "RuleName": "-"}}, {"values": {"TerminalSessionId": "1", "ProcessGuid": "{C784477D-7579-6490-5109-000000003400}", "ProcessId": "9196", "Product": "Microsoft\\xae Windows\\xae Operating System", "Description": "Terminates Processes", "Company": "Microsoft Corporation", "ParentProcessGuid": "{C784477D-7542-6490-1B06-000000003400}", "User": "DESKTOP-B0T93D6\\george", "Hashes": "MD5=530C6A6CBA137EAA7021CEF9B234E8D4,SHA256=26B9B184C2F7F60811C0C4CB25C12568D996AC1ECE0EF64AA1B9E8F39AEA74D7,IMPHASH=100938B32F577E925618EA395A8C469B", "OriginalFileName": "taskkill.exe", "ParentImage": "C:\\Users\\george\\Desktop\\program.exe", "FileVersion": "10.0.17134.1 (WinBuild.160101.0800)", "ParentProcessId": "5396", "CurrentDirectory": "C:\\Users\\george\\Desktop\\", "CommandLine": "\"taskkill.exe\" /IM zoolz.exe /F", "EventID": "1", "LogonGuid": "C784477D-D595-6481-7EC5-030000000000", "LogonId": "247166", "Image": "C:\\Windows\\System32\\taskkill.exe", "IntegrityLevel": "High", "ParentCommandLine": "\"C:\\Users\\george\\Desktop\\program.exe\"", "UtcTime": "1687188857", "RuleName": "-"}}, {"values": {"TerminalSessionId": "1", "ProcessGuid": "{C784477D-7579-6490-5309-000000003400}", "ProcessId": "6976", "Product": "Microsoft\\xae Windows\\xae Operating System", "Description": "Terminates Processes", "Company": "Microsoft Corporation", "ParentProcessGuid": "{C784477D-7542-6490-1B06-000000003400}", "User": "DESKTOP-B0T93D6\\george", "Hashes": "MD5=530C6A6CBA137EAA7021CEF9B234E8D4,SHA256=26B9B184C2F7F60811C0C4CB25C12568D996AC1ECE0EF64AA1B9E8F39AEA74D7,IMPHASH=100938B32F577E925618EA395A8C469B", "OriginalFileName": "taskkill.exe", "ParentImage": "C:\\Users\\george\\Desktop\\program.exe", "FileVersion": "10.0.17134.1 (WinBuild.160101.0800)", "ParentProcessId": "5396", "CurrentDirectory": "C:\\Users\\george\\Desktop\\", "CommandLine": "\"taskkill.exe\" /IM xfssvccon.exe /F", "EventID": "1", "LogonGuid": "C784477D-D595-6481-7EC5-030000000000", "LogonId": "247166", "Image": "C:\\Windows\\System32\\taskkill.exe", "IntegrityLevel": "High", "ParentCommandLine": "\"C:\\Users\\george\\Desktop\\program.exe\"", "UtcTime": "1687188857", "RuleName": "-"}}, {"values": {"TerminalSessionId": "1", "ProcessGuid": "{C784477D-7579-6490-5709-000000003400}", "ProcessId": "5268", "Product": "Microsoft\\xae Windows\\xae Operating System", "Description": "Terminates Processes", "Company": "Microsoft Corporation", "ParentProcessGuid": "{C784477D-7542-6490-1B06-000000003400}", "User": "DESKTOP-B0T93D6\\george", "Hashes": "MD5=530C6A6CBA137EAA7021CEF9B234E8D4,SHA256=26B9B184C2F7F60811C0C4CB25C12568D996AC1ECE0EF64AA1B9E8F39AEA74D7,IMPHASH=100938B32F577E925618EA395A8C469B", "OriginalFileName": "taskkill.exe", "ParentImage": "C:\\Users\\george\\Desktop\\program.exe", "FileVersion": "10.0.17134.1 (WinBuild.160101.0800)", "ParentProcessId": "5396", "CurrentDirectory": "C:\\Users\\george\\Desktop\\", "CommandLine": "\"taskkill.exe\" /IM mspub.exe /F", "EventID": "1", "LogonGuid": "C784477D-D595-6481-7EC5-030000000000", "LogonId": "247166", "Image": "C:\\Windows\\System32\\taskkill.exe", "IntegrityLevel": "High", "ParentCommandLine": "\"C:\\Users\\george\\Desktop\\program.exe\"", "UtcTime": "1687188857", "RuleName": "-"}}, {"values": {"TerminalSessionId": "1", "ProcessGuid": "{C784477D-7579-6490-5909-000000003400}", "ProcessId": "6280", "Product": "Microsoft\\xae Windows\\xae Operating System", "Description": "Terminates Processes", "Company": "Microsoft Corporation", "ParentProcessGuid": "{C784477D-7542-6490-1B06-000000003400}", "User": "DESKTOP-B0T93D6\\george", "Hashes": "MD5=530C6A6CBA137EAA7021CEF9B234E8D4,SHA256=26B9B184C2F7F60811C0C4CB25C12568D996AC1ECE0EF64AA1B9E8F39AEA74D7,IMPHASH=100938B32F577E925618EA395A8C469B", "OriginalFileName": "taskkill.exe", "ParentImage": "C:\\Users\\george\\Desktop\\program.exe", "FileVersion": "10.0.17134.1 (WinBuild.160101.0800)", "ParentProcessId": "5396", "CurrentDirectory": "C:\\Users\\george\\Desktop\\", "CommandLine": "\"taskkill.exe\" /IM dbsnmp.exe /F", "EventID": "1", "LogonGuid": "C784477D-D595-6481-7EC5-030000000000", "LogonId": "247166", "Image": "C:\\Windows\\System32\\taskkill.exe", "IntegrityLevel": "High", "ParentCommandLine": "\"C:\\Users\\george\\Desktop\\program.exe\"", "UtcTime": "1687188857", "RuleName": "-"}}, {"values": {"TerminalSessionId": "1", "ProcessGuid": "{C784477D-7579-6490-5B09-000000003400}", "ProcessId": "6560", "Product": "Microsoft\\xae Windows\\xae Operating System", "Description": "Terminates Processes", "Company": "Microsoft Corporation", "ParentProcessGuid": "{C784477D-7542-6490-1B06-000000003400}", "User": "DESKTOP-B0T93D6\\george", "Hashes": "MD5=530C6A6CBA137EAA7021CEF9B234E8D4,SHA256=26B9B184C2F7F60811C0C4CB25C12568D996AC1ECE0EF64AA1B9E8F39AEA74D7,IMPHASH=100938B32F577E925618EA395A8C469B", "OriginalFileName": "taskkill.exe", "ParentImage": "C:\\Users\\george\\Desktop\\program.exe", "FileVersion": "10.0.17134.1 (WinBuild.160101.0800)", "ParentProcessId": "5396", "CurrentDirectory": "C:\\Users\\george\\Desktop\\", "CommandLine": "\"taskkill.exe\" /IM Ntrtscan.exe /F", "EventID": "1", "LogonGuid": "C784477D-D595-6481-7EC5-030000000000", "LogonId": "247166", "Image": "C:\\Windows\\System32\\taskkill.exe", "IntegrityLevel": "High", "ParentCommandLine": "\"C:\\Users\\george\\Desktop\\program.exe\"", "UtcTime": "1687188857", "RuleName": "-"}}, 