{"values": {"EventID": "13", "ProcessId": "3016", "EventType": "SetValue", "Image": "C:\\Users\\george\\Desktop\\executable.exe", "ProcessGuid": "{C784477D-AADC-638A-EC05-000000003000}", "UtcTime": "1670032186", "Details": "C:\\Users\\george\\AppData\\Roaming\\windefender.exe", "RuleName": "T1060,RunKey", "TargetObject": "HKLM\\SOFTWARE\\WOW6432Node\\Microsoft\\Windows\\CurrentVersion\\Run\\WindowsDefender"}}, {"values": {"EventID": "13", "ProcessId": "3016", "EventType": "SetValue", "Image": "C:\\Users\\george\\Desktop\\executable.exe", "RuleName": "T1060,RunKey", "UtcTime": "1670032187", "Details": "C:\\Users\\george\\AppData\\Roaming\\windefender.exe", "ProcessGuid": "{C784477D-AADC-638A-EC05-000000003000}", "TargetObject": "HKLM\\SOFTWARE\\WOW6432Node\\Microsoft\\Windows\\CurrentVersion\\Run\\WindowsDefender"}}], "rule_level": "medium", "rule_description": "Detects modification of autostart extensibility point (ASEP) in registry.", "rule_source": "Sigma Integrated Rule Set (GitHub)", "rule_title": "Wow6432Node CurrentVersion Autorun Keys Modification", "rule_id": "18842e32896dd83b8aca4d5e1ac78c1f66b1d252479c0023cdd02f108c42c8cd", "rule_author": "Victor Sergeev, Daniil Yugoslavskiy, Gleb Sukhodolskiy, Timur Zinniatullin, oscd.community, Tim Shelton, frack113 (split)"}, {"match_context": [{"values": {"EventID": "13", "ProcessId": "3016", "EventType": "SetValue", "Image": "C:\\Users\\george\\Desktop\\executable.exe", "ProcessGuid": "{C784477D-AADC-638A-EC05-000000003000}", "UtcTime": "1670032093", "Details": "C:\\Users\\george\\AppData\\Roaming\\windefender.exe", "RuleName": "T1060,RunKey", "TargetObject": "HKU\\S-1-5-21-1015118539-3749460369-599379286-1001\\Software\\Microsoft\\Windows\\CurrentVersion\\Run\\WindowsDefender"}}, {"values": {"EventID": "13", "ProcessId": "3016", "EventType": "SetValue", "Image": "C:\\Users\\george\\Desktop\\executable.exe", "ProcessGuid": "{C784477D-AADC-638A-EC05-000000003000}", "UtcTime": "1670032093", "Details": "C:\\Users\\george\\AppData\\Roaming\\windefender.exe", "RuleName": "T1060,RunPolicy", "TargetObject": "HKLM\\SOFTWARE\\Microsoft\\Windows\\CurrentVersion\\Policies\\Explorer\\run\\WindowsDefender"}}, {"values": {"EventID": "13", "ProcessId": "3016", "EventType": "SetValue", "Image": "C:\\Users\\george\\Desktop\\executable.exe", "ProcessGuid": "{C784477D-AADC-638A-EC05-000000003000}", "UtcTime": "1670032093", "Details": "C:\\Users\\george\\AppData\\Roaming\\windefender.exe", "RuleName": "T1060,RunPolicy", "TargetObject": "HKU\\S-1-5-21-1015118539-3749460369-599379286-1001\\Software\\Microsoft\\Windows\\CurrentVersion\\Policies\\Explorer\\run\\WindowsDefender"}}, {"values": {"EventID": "13", "ProcessId": "3016", "EventType": "SetValue", "Image": "C:\\Users\\george\\Desktop\\executable.exe", "ProcessGuid": "{C784477D-AADC-638A-EC05-000000003000}", "UtcTime": "1670032102", "Details": "C:\\Users\\george\\AppData\\Roaming\\windefender.exe", "RuleName": "T1060,RunKey", "TargetObject": "HKU\\S-1-5-21-1015118539-3749460369-599379286-1001\\Software\\Microsoft\\Windows\\CurrentVersion\\Run\\WindowsDefender"}}, {"values": {"EventID": "13", "ProcessId": "3016", "EventType": "SetValue", "Image": "C:\\Users\\george\\Desktop\\executable.exe", "RuleName": "T1060,RunPolicy", "UtcTime": "1670032102", "Details": "C:\\Users\\george\\AppData\\Roaming\\windefender.exe", "ProcessGuid": "{C784477D-AADC-638A-EC05-000000003000}", "TargetObject": "HKLM\\SOFTWARE\\Microsoft\\Windows\\CurrentVersion\\Policies\\Explorer\\run\\WindowsDefender"}}, {"values": {"EventID": "13", "ProcessId": "3016", "EventType": "SetValue", "Image": "C:\\Users\\george\\Desktop\\executable.exe", "ProcessGuid": "{C784477D-AADC-638A-EC05-000000003000}", "UtcTime": "1670032102", "Details": "C:\\Users\\george\\AppData\\Roaming\\windefender.exe", "RuleName": "T1060,RunPolicy", "TargetObject": "HKU\\S-1-5-21-1015118539-3749460369-599379286-1001\\Software\\Microsoft\\Windows\\CurrentVersion\\Policies\\Explorer\\run\\WindowsDefender"}}, {"values": {"EventID": "13", "ProcessId": "3016", "EventType": "SetValue", "Image": "C:\\Users\\george\\Desktop\\executable.exe", "ProcessGuid": "{C784477D-AADC-638A-EC05-000000003000}", "UtcTime": "1670032103", "Details": "C:\\Users\\george\\AppData\\Roaming\\windefender.exe", "RuleName": "T1060,RunKey", "TargetObject": "HKU\\S-1-5-21-1015118539-3749460369-599379286-1001\\Software\\Microsoft\\Windows\\CurrentVersion\\Run\\WindowsDefender"}}, {"values": {"EventID": "13", "ProcessId": "3016", "EventType": "SetValue", "Image": "C:\\Users\\george\\Desktop\\executable.exe", "RuleName": "T1060,RunPolicy", "UtcTime": "1670032103", "Details": "C:\\Users\\george\\AppData\\Roaming\\windefender.exe", "ProcessGuid": "{C784477D-AADC-638A-EC05-000000003000}", "TargetObject": "HKLM\\SOFTWARE\\Microsoft\\Windows\\CurrentVersion\\Policies\\Explorer\\run\\WindowsDefender"}}, {"values": {"EventID": "13", "ProcessId": "3016", "EventType": "SetValue", "Image": "C:\\Users\\george\\Desktop\\executable.exe", "ProcessGuid": "{C784477D-AADC-638A-EC05-000000003000}", "UtcTime": "1670032103", "Details": "C:\\Users\\george\\AppData\\Roaming\\windefender.exe", "RuleName": "T1060,RunPolicy", "TargetObject": "HKU\\S-1-5-21-1015118539-3749460369-599379286-1001\\Software\\Microsoft\\Windows\\CurrentVersion\\Policies\\Explorer\\run\\WindowsDefender"}}, {"values": {"EventID": "13", "ProcessId": "3016", "EventType": "SetValue", "Image": "C:\\Users\\george\\Desktop\\executable.exe", "RuleName": "T1060,RunKey", "UtcTime": "1670032104", "Details": "C:\\Users\\george\\AppData\\Roaming\\windefender.exe", "ProcessGuid": "{C784477D-AADC-638A-EC05-000000003000}", "TargetObject": "HKU\\S-1-5-21-1015118539-3749460369-599379286-1001\\Software\\Microsoft\\Windows\\CurrentVersion\\Run\\WindowsDefender"}}, {"values": {"EventID": "13", "ProcessId": "3016", "EventType": "SetValue", "Image": "C:\\Users\\george\\Desktop\\executable.exe", "RuleName": "T1060,RunPolicy", "UtcTime": "1670032104", "Details": "C:\\Users\\george\\AppData\\Roaming\\windefender.exe", "ProcessGuid": "{C784477D-AADC-638A-EC05-000000003000}", "TargetObject": "HKLM\\SOFTWARE\\Microsoft\\Windows\\CurrentVersion\\Policies\\Explorer\\run\\WindowsDefender"}}, {"values": {"EventID": "13", "ProcessId": "3016", "EventType": "SetValue", "Image": "C:\\Users\\george\\Desktop\\executable.exe", "RuleName": "T1060,RunPolicy", "UtcTime": "1670032104", "Details": "C:\\Users\\george\\AppData\\Roaming\\windefender.exe", "ProcessGuid": "{C784477D-AADC-638A-EC05-000000003000}", "TargetObject": "HKU\\S-1-5-21-1015118539-3749460369-599379286-1001\\Software\\Microsoft\\Windows\\CurrentVersion\\Policies\\Explorer\\run\\WindowsDefender"}}, {"values": {"EventID": "13", "ProcessId": "3016", "EventType": "SetValue", "Image": "C:\\Users\\george\\Desktop\\executable.exe", "RuleName": "T1060,RunKey", "UtcTime": "1670032105", "Details": "C:\\Users\\george\\AppData\\Roaming\\windefender.exe", "ProcessGuid": "{C784477D-AADC-638A-EC05-000000003000}", "TargetObject": "HKU\\S-1-5-21-1015118539-3749460369-599379286-1001\\Software\\Microsoft\\Windows\\CurrentVersion\\Run\\WindowsDefender"}}, {"values": {"EventID": "13", "ProcessId": "3016", "EventType": "SetValue", "Image": "C:\\Users\\george\\Desktop\\executable.exe", "RuleName": "T1060,RunPolicy", "UtcTime": "1670032105", "Details": "C:\\Users\\george\\AppData\\Roaming\\windefender.exe", "ProcessGuid": "{C784477D-AADC-638A-EC05-000000003000}", "TargetObject": "HKLM\\SOFTWARE\\Microsoft\\Windows\\CurrentVersion\\Policies\\Explorer\\run\\WindowsDefender"}}, {"values": {"EventID": "13", "ProcessId": "3016", "EventType": "SetValue", "Image": "C:\\Users\\george\\Desktop\\executable.exe", "ProcessGuid": "{C784477D-AADC-638A-EC05-000000003000}", "UtcTime": "1670032105", "Details": "C:\\Users\\george\\AppData\\Roaming\\windefender.exe", "RuleName": "T1060,RunPolicy", "TargetObject": "HKU\\S-1-5-21-1015118539-3749460369-599379286-1001\\Software\\Microsoft\\Windows\\CurrentVersion\\Policies\\Explorer\\run\\WindowsDefender"}}, {"values": {"EventID": "13", "ProcessId": "3016", "EventType": "SetValue", "Image": "C:\\Users\\george\\Desktop\\executable.exe", "ProcessGuid": "{C784477D-AADC-638A-EC05-000000003000}", "UtcTime": "1670032106", "Details": "C:\\Users\\george\\AppData\\Roaming\\windefender.exe", "RuleName": "T1060,RunKey", "TargetObject": "HKU\\S-1-5-21-1015118539-3749460369-599379286-1001\\Software\\Microsoft\\Windows\\CurrentVersion\\Run\\WindowsDefender"}}, {"values": {"EventID": "13", "ProcessId": "3016", "EventType": "SetValue", "Image": "C:\\Users\\george\\Desktop\\executable.exe", "RuleName": "T1060,RunPolicy", "UtcTime": "1670032106", "Details": "C:\\Users\\george\\AppData\\Roaming\\windefender.exe", "ProcessGuid": "{C784477D-AADC-638A-EC05-000000003000}", "TargetObject": "HKLM\\SOFTWARE\\Microsoft\\Windows\\CurrentVersion\\Policies\\Explorer\\run\\WindowsDefender"}}, {"values": {"EventID": "13", "ProcessId": "3016", "EventType": "SetValue", "Image": "C:\\Users\\george\\Desktop\\executable.exe", "ProcessGuid": "{C784477D-AADC-638A-EC05-000000003000}", "UtcTime": "1670032106", "Details": "C:\\Users\\george\\AppData\\Roaming\\windefender.exe", "RuleName": "T1060,RunPolicy", "TargetObject": "HKU\\S-1-5-21-1015118539-3749460369-599379286-1001\\Software\\Microsoft\\Windows\\CurrentVersion\\Policies\\Explorer\\run\\WindowsDefender"}}, {"values": {"EventID": "13", "ProcessId": "1072", "EventType": "SetValue", "Image": "C:\\Users\\george\\AppData\\Roaming\\windefender.exe", "RuleName": "T1060,RunKey", "UtcTime": "1670032107", "Details": "C:\\Users\\george\\AppData\\Roaming\\windefender.exe", "ProcessGuid": "{C784477D-AAEA-638A-ED05-000000003000}", "TargetObject": "HKU\\S-1-5-21-1015118539-3749460369-599379286-1001\\Software\\Microsoft\\Windows\\CurrentVersion\\Run\\WindowsDefender"}}, {"values": {"EventID": "13", "ProcessId": "3016", "EventType": "SetValue", "Image": "C:\\Users\\george\\Desktop\\executable.exe", "RuleName": "T1060,RunKey", "UtcTime": "1670032108", "Details": "C:\\Users\\george\\AppData\\Roaming\\windefender.exe", "ProcessGuid": "{C784477D-AADC-638A-EC05-000000003000}", "TargetObject": "HKU\\S-1-5-21-1015118539-3749460369-599379286-1001\\Software\\Microsoft\\Windows\\CurrentVersion\\Run\\WindowsDefender"}}, {"values": {"EventID": "13", "ProcessId": "3016", "EventType": "SetValue", "Image": "C:\\Users\\george\\Desktop\\executable.exe", "RuleName": "T1060,RunPolicy", "UtcTime": "1670032108", "Details": "C:\\Users\\george\\AppData\\Roaming\\windefender.exe", "ProcessGuid": "{C784477D-AADC-638A-EC05-000000003000}", "TargetObject": "HKLM\\SOFTWARE\\Microsoft\\Windows\\CurrentVersion\\Policies\\Explorer\\run\\WindowsDefender"}}, {"values": {"EventID": "13", "ProcessId": "3016", "EventType": "SetValue", "Image": "C:\\Users\\george\\Desktop\\executable.exe", "RuleName": "T1060,RunPolicy", "UtcTime": "1670032108", "Details": "C:\\Users\\george\\AppData\\Roaming\\windefender.exe", "ProcessGuid": "{C784477D-AADC-638A-EC05-000000003000}", "TargetObject": "HKU\\S-1-5-21-1015118539-3749460369-599379286-1001\\Software\\Microsoft\\Windows\\CurrentVersion\\Policies\\Explorer\\run\\WindowsDefender"}}, {"values": {"EventID": "13", "ProcessId": "3016", "EventType": "SetValue", "Image": "C:\\Users\\george\\Desktop\\executable.exe", "ProcessGuid": "{C784477D-AADC-638A-EC05-000000003000}", "UtcTime": "1670032109", "Details": "C:\\Users\\george\\AppData\\Roaming\\windefender.exe", "RuleName": "T1060,RunKey", "TargetObject": "HKU\\S-1-5-21-1015118539-3749460369-599379286-1001\\Software\\Microsoft\\Windows\\CurrentVersion\\Run\\WindowsDefender"}}, {"values": {"EventID": "13", "ProcessId": "3016", "EventType": "SetValue", "Image": "C:\\Users\\george\\Desktop\\executable.exe", "RuleName": "T1060,RunPolicy", "UtcTime": "1670032109", "Details": "C:\\Users\\george\\AppData\\Roaming\\windefender.exe", "ProcessGuid": "{C784477D-AADC-638A-EC05-000000003000}", "TargetObject": "HKLM\\SOFTWARE\\Microsoft\\Windows\\CurrentVersion\\Policies\\Explorer\\run\\WindowsDefender"}}, {"values": {"EventID": "13", "ProcessId": "3016", "EventType": "SetValue", "Image": "C:\\Users\\george\\Desktop\\executable.exe", "RuleName": "T1060,RunPolicy", "UtcTime": "1670032109", "Details": "C:\\Users\\george\\AppData\\Roaming\\windefender.exe", "ProcessGuid": "{C784477D-AADC-638A-EC05-000000003000}", "TargetObject": "HKU\\S-1-5-21-1015118539-3749460369-599379286-1001\\Software\\Microsoft\\Windows\\CurrentVersion\\Policies\\Explorer\\run\\WindowsDefender"}}, {"values": {"EventID": "13", "ProcessId": "3016", "EventType": "SetValue", "Image": "C:\\Users\\george\\Desktop\\executable.exe", "ProcessGuid": "{C784477D-AADC-638A-EC05-000000003000}", "UtcTime": "1670032110", "Details": "C:\\Users\\george\\AppData\\Roaming\\windefender.exe", "RuleName": "T1060,RunKey", "TargetObject": "HKU\\S-1-5-21-1015118539-3749460369-599379286-1001\\Software\\Microsoft\\Windows\\CurrentVersion\\Run\\WindowsDefender"}}, {"values": {"EventID": "13", "ProcessId": "3016", "EventType": "SetValue", "Image": "C:\\Users\\george\\Desktop\\executable.exe", "RuleName": "T1060,RunPolicy", "UtcTime": "1670032110", "Details": "C:\\Users\\george\\AppData\\Roaming\\windefender.exe", "ProcessGuid": "{C784477D-AADC-638A-EC05-000000003000}", "TargetObject": "HKLM\\SOFTWARE\\Microsoft\\Windows\\CurrentVersion\\Policies\\Explorer\\run\\WindowsDefender"}}, {"values": {"EventID": "13", "ProcessId": "3016", "EventType": "SetValue", "Image": "C:\\Users\\george\\Desktop\\executable.exe", "ProcessGuid": "{C784477D-AADC-638A-EC05-000000003000}", "UtcTime": "1670032110", "Details": "C:\\Users\\george\\AppData\\Roaming\\windefender.exe", "RuleName": "T1060,RunPolicy", "TargetObject": "HKU\\S-1-5-21-1015118539-3749460369-599379286-1001\\Software\\Microsoft\\Windows\\CurrentVersion\\Policies\\Explorer\\run\\WindowsDefender"}}, {"values": {"EventID": "13", "ProcessId": "3016", "EventType": "SetValue", "Image": "C:\\Users\\george\\Desktop\\executable.exe", "ProcessGuid": "{C784477D-AADC-638A-EC05-000000003000}", "UtcTime": "1670032111", "Details": "C:\\Users\\george\\AppData\\Roaming\\windefender.exe", "RuleName": "T1060,RunKey", "TargetObject": "HKU\\S-1-5-21-1015118539-3749460369-599379286-1001\\Software\\Microsoft\\Windows\\CurrentVersion\\Run\\WindowsDefender"}}, {"values": {"EventID": "13", "ProcessId": "3016", "EventType": "SetValue", "Image": "C:\\Users\\george\\Desktop\\executable.exe", "RuleName": "T1060,RunPolicy", "UtcTime": "1670032111", "Details": "C:\\Users\\george\\AppData\\Roaming\\windefender.exe", "ProcessGuid": "{C784477D-AADC-638A-EC05-000000003000}", "TargetObject": "HKLM\\SOFTWARE\\Microsoft\\Windows\\CurrentVersion\\Policies\\Explorer\\run\\WindowsDefender"}}, {"values": {"EventID": "13", "ProcessId": "3016", "EventType": "SetValue", "Image": "C:\\Users\\george\\Desktop\\executable.exe", "RuleName": "T1060,RunPolicy", "UtcTime": "1670032111", "Details": "C:\\Users\\george\\AppData\\Roaming\\windefender.exe", "ProcessGuid": "{C784477D-AADC-638A-EC05-000000003000}", "TargetObject": "HKU\\S-1-5-21-1015118539-3749460369-599379286-1001\\Software\\Microsoft\\Windows\\CurrentVersion\\Policies\\Explorer\\run\\WindowsDefender"}}, {"values": {"EventID": "13", "ProcessId": "3016", "EventType": "SetValue", "Image": "C:\\Users\\george\\Desktop\\executable.exe", "ProcessGuid": "{C784477D-AADC-638A-EC05-000000003000}", "UtcTime": "1670032112", "Details": "C:\\Users\\george\\AppData\\Roaming\\windefender.exe", "RuleName": "T1060,RunKey", "TargetObject": "HKU\\S-1-5-21-1015118539-3749460369-599379286-1001\\Software\\Microsoft\\Windows\\CurrentVersion\\Run\\WindowsDefender"}}, {"values": {"EventID": "13", "ProcessId": "3016", "EventType": "SetValue", "Image": "C:\\Users\\george\\Desktop\\executable.exe", "ProcessGuid": "{C784477D-AADC-638A-EC05-000000003000}", "UtcTime": "1670032112", "Details": "C:\\Users\\george\\AppData\\Roaming\\windefender.exe", "RuleName": "T1060,RunPolicy", "TargetObject": "HKLM\\SOFTWARE\\Microsoft\\Windows\\CurrentVersion\\Policies\\Explorer\\run\\WindowsDefender"}}, {"values": {"EventID": "13", "ProcessId": "3016", "EventType": "SetValue", "Image": "C:\\Users\\george\\Desktop\\executable.exe", "RuleName": "T1060,RunPolicy", "UtcTime": "1670032112", "Details": "C:\\Users\\george\\AppData\\Roaming\\windefender.exe", "ProcessGuid": "{C784477D-AADC-638A-EC05-000000003000}", "TargetObject": "HKU\\S-1-5-21-1015118539-3749460369-599379286-1001\\Software\\Microsoft\\Windows\\CurrentVersion\\Policies\\Explorer\\run\\WindowsDefender"}}, {"values": {"EventID": "13", "ProcessId": "3016", "EventType": "SetValue", "Image": "C:\\Users\\george\\Desktop\\executable.exe", "ProcessGuid": "{C784477D-AADC-638A-EC05-000000003000}", "UtcTime": "1670032113", "Details": "C:\\Users\\george\\AppData\\Roaming\\windefender.exe", "RuleName": "T1060,RunKey", "TargetObject": "HKU\\S-1-5-21-1015118539-3749460369-599379286-1001\\Software\\Microsoft\\Windows\\CurrentVersion\\Run\\WindowsDefender"}}, {"values": {"EventID": "13", "ProcessId": "3016", "EventType": "SetValue", "Image": "C:\\Users\\george\\Desktop\\executable.exe", "ProcessGuid": "{C784477D-AADC-638A-EC05-000000003000}", "UtcTime": "1670032113", "Details": "C:\\Users\\george\\AppData\\Roaming\\windefender.exe", "RuleName": "T1060,RunPolicy", "TargetObject": "HKLM\\SOFTWARE\\Microsoft\\Windows\\CurrentVersion\\Policies\\Explorer\\run\\WindowsDefender"}}, {"values": {"EventID": "13", "ProcessId": "3016", "EventType": "SetValue", "Image": "C:\\Users\\george\\Desktop\\executable.exe", "ProcessGuid": "{C784477D-AADC-638A-EC05-000000003000}", "UtcTime": "1670032113", "Details": "C:\\Users\\george\\AppData\\Roaming\\windefender.exe", "RuleName": "T1060,RunPolicy", "TargetObject": "HKU\\S-1-5-21-1015118539-3749460369-599379286-1001\\Software\\Microsoft\\Windows\\CurrentVersion\\Policies\\Explorer\\run\\WindowsDefender"}}, {"values": {"EventID": "13", "ProcessId": "3016", "EventType": "SetValue", "Image": "C:\\Users\\george\\Desktop\\executable.exe", "RuleName": "T1060,RunKey", "UtcTime": "1670032114", "Details": "C:\\Users\\george\\AppData\\Roaming\\windefender.exe", "ProcessGuid": "{C784477D-AADC-638A-EC05-000000003000}", "TargetObject": "HKU\\S-1-5-21-1015118539-3749460369-599379286-1001\\Software\\Microsoft\\Windows\\CurrentVersion\\Run\\WindowsDefender"}}, {"values": {"EventID": "13", "ProcessId": "3016", "EventType": "SetValue", "Image": "C:\\Users\\george\\Desktop\\executable.exe", "ProcessGuid": "{C784477D-AADC-638A-EC05-000000003000}", "UtcTime": "1670032114", "Details": "C:\\Users\\george\\AppData\\Roaming\\windefender.exe", "RuleName": "T1060,RunPolicy", "TargetObject": "HKLM\\SOFTWARE\\Microsoft\\Windows\\CurrentVersion\\Policies\\Explorer\\run\\WindowsDefender"}}, {"values": {"EventID": "13", "ProcessId": "3016", "EventType": "SetValue", "Image": "C:\\Users\\george\\Desktop\\executable.exe", "RuleName": "T1060,RunPolicy", "UtcTime": "1670032114", "Details": "C:\\Users\\george\\AppData\\Roaming\\windefender.exe", "ProcessGuid": "{C784477D-AADC-638A-EC05-000000003000}", "TargetObject": "HKU\\S-1-5-21-1015118539-3749460369-599379286-1001\\Software\\Microsoft\\Windows\\CurrentVersion\\Policies\\Explorer\\run\\WindowsDefender"}}, {"values": {"EventID": "13", "ProcessId": "1956", "EventType": "SetValue", "Image": "C:\\Users\\george\\AppData\\Roaming\\windefender.exe", "RuleName": "T1060,RunKey", "UtcTime": "1670032114", "Details": "C:\\Users\\george\\AppData\\Roaming\\windefender.exe", "ProcessGuid": "{C784477D-AAF2-638A-EE05-000000003000}", "TargetObject": "HKU\\S-1-5-21-1015118539-3749460369-599379286-1001\\Software\\Microsoft\\Windows\\CurrentVersion\\Run\\WindowsDefender"}}, {"values": {"EventID": "13", "ProcessId": "3016", "EventType": "SetValue", "Image": "C:\\Users\\george\\Desktop\\executable.exe", "ProcessGuid": "{C784477D-AADC-638A-EC05-000000003000}", "UtcTime": "1670032116", "Details": "C:\\Users\\george\\AppData\\Roaming\\windefender.exe", "RuleName": "T1060,RunKey", "TargetObject": "HKU\\S-1-5-21-1015118539-3749460369-599379286-1001\\Software\\Microsoft\\Windows\\CurrentVersion\\Run\\WindowsDefender"}}, {"values": {"EventID": "13", "ProcessId": "3016", "EventType": "SetValue", "Image": "C:\\Users\\george\\Desktop\\executable.exe", "RuleName": "T1060,RunPolicy", "UtcTime": "1670032116", "Details": "C:\\Users\\george\\AppData\\Roaming\\windefender.exe", "ProcessGuid": "{C784477D-AADC-638A-EC05-000000003000}", "TargetObject": "HKLM\\SOFTWARE\\Microsoft\\Windows\\CurrentVersion\\Policies\\Explorer\\run\\WindowsDefender"}}, {"values": {"EventID": "13", "ProcessId": "3016", "EventType": "SetValue", "Image": "C:\\Users\\george\\Desktop\\executable.exe", "ProcessGuid": "{C784477D-AADC-638A-EC05-000000003000}", "UtcTime": "1670032116", "Details": "C:\\Users\\george\\AppData\\Roaming\\windefender.exe", "RuleName": "T1060,RunPolicy", "TargetObject": "HKU\\S-1-5-21-1015118539-3749460369-599379286-1001\\Software\\Microsoft\\Windows\\CurrentVersion\\Policies\\Explorer\\run\\WindowsDefender"}}, {"values": {"EventID": "13", "ProcessId": "3016", "EventType": "SetValue", "Image": "C:\\Users\\george\\Desktop\\executable.exe", "RuleName": "T1060,RunKey", "UtcTime": "1670032117", "Details": "C:\\Users\\george\\AppData\\Roaming\\windefender.exe", "ProcessGuid": "{C784477D-AADC-638A-EC05-000000003000}", "TargetObject": "HKU\\S-1-5-21-1015118539-3749460369-599379286-1001\\Software\\Microsoft\\Windows\\CurrentVersion\\Run\\WindowsDefender"}}, {"values": {"EventID": "13", "ProcessId": "3016", "EventType": "SetValue", "Image": "C:\\Users\\george\\Desktop\\executable.exe", "ProcessGuid": "{C784477D-AADC-638A-EC05-000000003000}", "UtcTime": "1670032117", "Details": "C:\\Users\\george\\AppData\\Roaming\\windefender.exe", "RuleName": "T1060,RunPolicy", "TargetObject": "HKLM\\SOFTWARE\\Microsoft\\Windows\\CurrentVersion\\Policies\\Explorer\\run\\WindowsDefender"}}, {"values": {"EventID": "13", "ProcessId": "3016", "EventType": "SetValue", "Image": "C:\\Users\\george\\Desktop\\executable.exe", "RuleName": "T1060,RunPolicy", "UtcTime": "1670032117", "Details": "C:\\Users\\george\\AppData\\Roaming\\windefender.exe", "ProcessGuid": "{C784477D-AADC-638A-EC05-000000003000}", "TargetObject": "HKU\\S-1-5-21-1015118539-3749460369-599379286-1001\\Software\\Microsoft\\Windows\\CurrentVersion\\Policies\\Explorer\\run\\WindowsDefender"}}, {"values": {"EventID": "13", "ProcessId": "3016", "EventType": "SetValue", "Image": "C:\\Users\\george\\Desktop\\executable.exe", "RuleName": "T1060,RunKey", "UtcTime": "1670032118", "Details": "C:\\Users\\george\\AppData\\Roaming\\windefender.exe", "ProcessGuid": "{C784477D-AADC-638A-EC05-000000003000}", "TargetObject": "HKU\\S-1-5-21-1015118539-3749460369-599379286-1001\\Software\\Microsoft\\Windows\\CurrentVersion\\Run\\WindowsDefender"}}, {"values": {"EventID": "13", "ProcessId": "3016", "EventType": "SetValue", "Image": "C:\\Users\\george\\Desktop\\executable.exe", "RuleName": "T1060,RunPolicy", "UtcTime": "1670032118", "Details": "C:\\Users\\george\\AppData\\Roaming\\windefender.exe", "ProcessGuid": "{C784477D-AADC-638A-EC05-000000003000}", "TargetObject": "HKLM\\SOFTWARE\\Microsoft\\Windows\\CurrentVersion\\Policies\\Explorer\\run\\WindowsDefender"}}, {"values": {"EventID": "13", "ProcessId": "3016", "EventType": "SetValue", "Image": "C:\\Users\\george\\Desktop\\executable.exe", "ProcessGuid": "{C784477D-AADC-638A-EC05-000000003000}", "UtcTime": "1670032118", "Details": "C:\\Users\\george\\AppData\\Roaming\\windefender.exe", "RuleName": "T1060,RunPolicy", "TargetObject": "HKU\\S-1-5-21-1015118539-3749460369-599379286-1001\\Software\\Microsoft\\Windows\\CurrentVersion\\Policies\\Explorer\\run\\WindowsDefender"}}, {"values": {"EventID": "13", "ProcessId": "3016", "EventType": "SetValue", "Image": "C:\\Users\\george\\Desktop\\executable.exe", "ProcessGuid": "{C784477D-AADC-638A-EC05-000000003000}", "UtcTime": "1670032119", "Details": "C:\\Users\\george\\AppData\\Roaming\\windefender.exe", "RuleName": "T1060,RunKey", "TargetObject": "HKU\\S-1-5-21-1015118539-3749460369-599379286-1001\\Software\\Microsoft\\Windows\\CurrentVersion\\Run\\WindowsDefender"}}, {"values": {"EventID": "13", "ProcessId": "3016", "EventType": "SetValue", "Image": "C:\\Users\\george\\Desktop\\executable.exe", "ProcessGuid": "{C784477D-AADC-638A-EC05-000000003000}", "UtcTime": "1670032119", "Details": "C:\\Users\\george\\AppData\\Roaming\\windefender.exe", "RuleName": "T1060,RunPolicy", "TargetObject": "HKLM\\SOFTWARE\\Microsoft\\Windows\\CurrentVersion\\Policies\\Explorer\\run\\WindowsDefender"}}, {"values": {"EventID": "13", "ProcessId": "3016", "EventType": "SetValue", "Image": "C:\\Users\\george\\Desktop\\executable.exe", "RuleName": "T1060,RunPolicy", "UtcTime": "1670032119", "Details": "C:\\Users\\george\\AppData\\Roaming\\windefender.exe", "ProcessGuid": "{C784477D-AADC-638A-EC05-000000003000}", "TargetObject": "HKU\\S-1-5-21-1015118539-3749460369-599379286-1001\\Software\\Microsoft\\Windows\\CurrentVersion\\Policies\\Explorer\\run\\WindowsDefender"}}, {"values": {"EventID": "13", "ProcessId": "3016", "EventType": "SetValue", "Image": "C:\\Users\\george\\Desktop\\executable.exe", "RuleName": "T1060,RunKey", "UtcTime": "1670032120", "Details": "C:\\Users\\george\\AppData\\Roaming\\windefender.exe", "ProcessGuid": "{C784477D-AADC-638A-EC05-000000003000}", "TargetObject": "HKU\\S-1-5-21-1015118539-3749460369-599379286-1001\\Software\\Microsoft\\Windows\\CurrentVersion\\Run\\WindowsDefender"}}, {"values": {"EventID": "13", "ProcessId": "3016", "EventType": "SetValue", "Image": "C:\\Users\\george\\Desktop\\executable.exe", "RuleName": "T1060,RunPolicy", "UtcTime": "1670032120", "Details": "C:\\Users\\george\\AppData\\Roaming\\windefender.exe", "ProcessGuid": "{C784477D-AADC-638A-EC05-000000003000}", "TargetObject": "HKLM\\SOFTWARE\\Microsoft\\Windows\\CurrentVersion\\Policies\\Explorer\\run\\WindowsDefender"}}, {"values": {"EventID": "13", "ProcessId": "3016", "EventType": "SetValue", "Image": "C:\\Users\\george\\Desktop\\executable.exe", "RuleName": "T1060,RunPolicy", "UtcTime": "1670032120", "Details": "C:\\Users\\george\\AppData\\Roaming\\windefender.exe", "ProcessGuid": "{C784477D-AADC-638A-EC05-000000003000}", "TargetObject": "HKU\\S-1-5-21-1015118539-3749460369-599379286-1001\\Software\\Microsoft\\Windows\\CurrentVersion\\Policies\\Explorer\\run\\WindowsDefender"}}, {"values": {"EventID": "13", "ProcessId": "3016", "EventType": "SetValue", "Image": "C:\\Users\\george\\Desktop\\executable.exe", "ProcessGuid": "{C784477D-AADC-638A-EC05-000000003000}", "UtcTime": "1670032121", "Details": "C:\\Users\\george\\AppData\\Roaming\\windefender.exe", "RuleName": "T1060,RunKey", "TargetObject": "HKU\\S-1-5-21-1015118539-3749460369-599379286-1001\\Software\\Microsoft\\Windows\\CurrentVersion\\Run\\WindowsDefender"}}, {"values": {"EventID": "13", "ProcessId": "3016", "EventType": "SetValue", "Image": "C:\\Users\\george\\Desktop\\executable.exe", "ProcessGuid": "{C784477D-AADC-638A-EC05-000000003000}", "UtcTime": "1670032121", "Details": "C:\\Users\\george\\AppData\\Roaming\\windefender.exe", "RuleName": "T1060,RunPolicy", "TargetObject": "HKLM\\SOFTWARE\\Microsoft\\Windows\\CurrentVersion\\Policies\\Explorer\\run\\WindowsDefender"}}, {"values": {"EventID": "13", "ProcessId": "3016", "EventType": "SetValue", "Image": "C:\\Users\\george\\Desktop\\executable.exe", "ProcessGuid": "{C784477D-AADC-638A-EC05-000000003000}", "UtcTime": "1670032121", "Details": "C:\\Users\\george\\AppData\\Roaming\\windefender.exe", "RuleName": "T1060,RunPolicy", "TargetObject": "HKU\\S-1-5-21-1015118539-3749460369-599379286-1001\\Software\\Microsoft\\Windows\\CurrentVersion\\Policies\\Explorer\\run\\WindowsDefender"}}, {"values": {"EventID": "13", "ProcessId": "3016", "EventType": "SetValue", "Image": "C:\\Users\\george\\Desktop\\executable.exe", "RuleName": "T1060,RunKey", "UtcTime": "1670032123", "Details": "C:\\Users\\george\\AppData\\Roaming\\windefender.exe", "ProcessGuid": "{C784477D-AADC-638A-EC05-000000003000}", "TargetObject": "HKU\\S-1-5-21-1015118539-3749460369-599379286-1001\\Software\\Microsoft\\Windows\\CurrentVersion\\Run\\WindowsDefender"}}, {"values": {"EventID": "13", "ProcessId": "3016", "EventType": "SetValue", "Image": "C:\\Users\\george\\Desktop\\executable.exe", "ProcessGuid": "{C784477D-AADC-638A-EC05-000000003000}", "UtcTime": "1670032123", "Details": "C:\\Users\\george\\AppData\\Roaming\\windefender.exe", "RuleName": "T1060,RunPolicy", "TargetObject": "HKLM\\SOFTWARE\\Microsoft\\Windows\\CurrentVersion\\Policies\\Explorer\\run\\WindowsDefender"}}, {"values": {"EventID": "13", "ProcessId": "3016", "EventType": "SetValue", "Image": "C:\\Users\\george\\Desktop\\executable.exe", "ProcessGuid": "{C784477D-AADC-638A-EC05-000000003000}", "UtcTime": "1670032123", "Details": "C:\\Users\\george\\AppData\\Roaming\\windefender.exe", "RuleName": "T1060,RunPolicy", "TargetObject": "HKU\\S-1-5-21-1015118539-3749460369-599379286-1001\\Software\\Microsoft\\Windows\\CurrentVersion\\Policies\\Explorer\\run\\WindowsDefender"}}, {"values": {"EventID": "13", "ProcessId": "6364", "EventType": "SetValue", "Image": "C:\\Users\\george\\AppData\\Roaming\\windefender.exe", "RuleName": "T1060,RunKey", "UtcTime": "1670032123", "Details": "C:\\Users\\george\\AppData\\Roaming\\windefender.exe", "ProcessGuid": "{C784477D-AAFA-638A-EF05-000000003000}", "TargetObject": "HKU\\S-1-5-21-1015118539-3749460369-599379286-1001\\Software\\Microsoft\\Windows\\CurrentVersion\\Run\\WindowsDefender"}}, {"values": {"EventID": "13", "ProcessId": "3016", "EventType": "SetValue", "Image": "C:\\Users\\george\\Desktop\\executable.exe", "RuleName": "T1060,RunKey", "UtcTime": "1670032124", "Details": "C:\\Users\\george\\AppData\\Roaming\\windefender.exe", "ProcessGuid": "{C784477D-AADC-638A-EC05-000000003000}", "TargetObject": "HKU\\S-1-5-21-1015118539-3749460369-599379286-1001\\Software\\Microsoft\\Windows\\CurrentVersion\\Run\\WindowsDefender"}}, {"values": {"EventID": "13", "ProcessId": "3016", "EventType": "SetValue", "Image": "C:\\Users\\george\\Desktop\\executable.exe", "RuleName": "T1060,RunPolicy", "UtcTime": "1670032124", "Details": "C:\\Users\\george\\AppData\\Roaming\\windefender.exe", "ProcessGuid": "{C784477D-AADC-638A-EC05-000000003000}", "TargetObject": "HKLM\\SOFTWARE\\Microsoft\\Windows\\CurrentVersion\\Policies\\Explorer\\run\\WindowsDefender"}}, {"values": {"EventID": "13", "ProcessId": "3016", "EventType": "SetValue", "Image": "C:\\Users\\george\\Desktop\\executable.exe", "RuleName": "T1060,RunPolicy", "UtcTime": "1670032124", "Details": "C:\\Users\\george\\AppData\\Roaming\\windefender.exe", "ProcessGuid": "{C784477D-AADC-638A-EC05-000000003000}", "TargetObject": "HKU\\S-1-5-21-1015118539-3749460369-599379286-1001\\Software\\Microsoft\\Windows\\CurrentVersion\\Policies\\Explorer\\run\\WindowsDefender"}}, {"values": {"EventID": "13", "ProcessId": "3016", "EventType": "SetValue", "Image": "C:\\Users\\george\\Desktop\\executable.exe", "ProcessGuid": "{C784477D-AADC-638A-EC05-000000003000}", "UtcTime": "1670032125", "Details": "C:\\Users\\george\\AppData\\Roaming\\windefender.exe", "RuleName": "T1060,RunKey", "TargetObject": "HKU\\S-1-5-21-1015118539-3749460369-599379286-1001\\Software\\Microsoft\\Windows\\CurrentVersion\\Run\\WindowsDefender"}}, {"values": {"EventID": "13", "ProcessId": "3016", "EventType": "SetValue", "Image": "C:\\Users\\george\\Desktop\\executable.exe", "ProcessGuid": "{C784477D-AADC-638A-EC05-000000003000}", "UtcTime": "1670032125", "Details": "C:\\Users\\george\\AppData\\Roaming\\windefender.exe", "RuleName": "T1060,RunPolicy", "TargetObject": "HKLM\\SOFTWARE\\Microsoft\\Windows\\CurrentVersion\\Policies\\Explorer\\run\\WindowsDefender"}}, {"values": {"EventID": "13", "ProcessId": "3016", "EventType": "SetValue", "Image": "C:\\Users\\george\\Desktop\\executable.exe", "RuleName": "T1060,RunPolicy", "UtcTime": "1670032125", "Details": "C:\\Users\\george\\AppData\\Roaming\\windefender.exe", "ProcessGuid": "{C784477D-AADC-638A-EC05-000000003000}", "TargetObject": "HKU\\S-1-5-21-1015118539-3749460369-599379286-1001\\Software\\Microsoft\\Windows\\CurrentVersion\\Policies\\Explorer\\run\\WindowsDefender"}}, {"values": {"EventID": "13", "ProcessId": "3016", "EventType": "SetValue", "Image": "C:\\Users\\george\\Desktop\\executable.exe", "ProcessGuid": "{C784477D-AADC-638A-EC05-000000003000}", "UtcTime": "1670032126", "Details": "C:\\Users\\george\\AppData\\Roaming\\windefender.exe", "RuleName": "T1060,RunKey", "TargetObject": "HKU\\S-1-5-21-1015118539-3749460369-599379286-1001\\Software\\Microsoft\\Windows\\CurrentVersion\\Run\\WindowsDefender"}}, {"values": {"EventID": "13", "ProcessId": "3016", "EventType": "SetValue", "Image": "C:\\Users\\george\\Desktop\\executable.exe", "RuleName": "T1060,RunPolicy", "UtcTime": "1670032126", "Details": "C:\\Users\\george\\AppData\\Roaming\\windefender.exe", "ProcessGuid": "{C784477D-AADC-638A-EC05-000000003000}", "TargetObject": "HKLM\\SOFTWARE\\Microsoft\\Windows\\CurrentVersion\\Policies\\Explorer\\run\\WindowsDefender"}}, {"values": {"EventID": "13", "ProcessId": "3016", "EventType": "SetValue", "Image": "C:\\Users\\george\\Desktop\\executable.exe", "RuleName": "T1060,RunPolicy", "UtcTime": "1670032126", "Details": "C:\\Users\\george\\AppData\\Roaming\\windefender.exe", "ProcessGuid": "{C784477D-AADC-638A-EC05-000000003000}", "TargetObject": "HKU\\S-1-5-21-1015118539-3749460369-599379286-1001\\Software\\Microsoft\\Windows\\CurrentVersion\\Policies\\Explorer\\run\\WindowsDefender"}}, {"values": {"EventID": "13", "ProcessId": "3016", "EventType": "SetValue", "Image": "C:\\Users\\george\\Desktop\\executable.exe", "RuleName": "T1060,RunKey", "UtcTime": "1670032127", "Details": "C:\\Users\\george\\AppData\\Roaming\\windefender.exe", "ProcessGuid": "{C784477D-AADC-638A-EC05-000000003000}", "TargetObject": "HKU\\S-1-5-21-1015118539-3749460369-599379286-1001\\Software\\Microsoft\\Windows\\CurrentVersion\\Run\\WindowsDefender"}}, {"values": {"EventID": "13", "ProcessId": "3016", "EventType": "SetValue", "Image": "C:\\Users\\george\\Desktop\\executable.exe", "ProcessGuid": "{C784477D-AADC-638A-EC05-000000003000}", "UtcTime": "1670032127", "Details": "C:\\Users\\george\\AppData\\Roaming\\windefender.exe", "RuleName": "T1060,RunPolicy", "TargetObject": "HKLM\\SOFTWARE\\Microsoft\\Windows\\CurrentVersion\\Policies\\Explorer\\run\\WindowsDefender"}}, {"values": {"EventID": "13", "ProcessId": "3016", "EventType": "SetValue", "Image": "C:\\Users\\george\\Desktop\\executable.exe", "ProcessGuid": "{C784477D-AADC-638A-EC05-000000003000}", "UtcTime": "1670032127", "Details": "C:\\Users\\george\\AppData\\Roaming\\windefender.exe", "RuleName": "T1060,RunPolicy", "TargetObject": "HKU\\S-1-5-21-1015118539-3749460369-599379286-1001\\Software\\Microsoft\\Windows\\CurrentVersion\\Policies\\Explorer\\run\\WindowsDefender"}}, {"values": {"EventID": "13", "ProcessId": "3016", "EventType": "SetValue", "Image": "C:\\Users\\george\\Desktop\\executable.exe", "ProcessGuid": "{C784477D-AADC-638A-EC05-000000003000}", "UtcTime": "1670032128", "Details": "C:\\Users\\george\\AppData\\Roaming\\windefender.exe", "RuleName": "T1060,RunKey", "TargetObject": "HKU\\S-1-5-21-1015118539-3749460369-599379286-1001\\Software\\Microsoft\\Windows\\CurrentVersion\\Run\\WindowsDefender"}}, {"values": {"EventID": "13", "ProcessId": "3016", "EventType": "SetValue", "Image": "C:\\Users\\george\\Desktop\\executable.exe", "RuleName": "T1060,RunPolicy", "UtcTime": "1670032128", "Details": "C:\\Users\\george\\AppData\\Roaming\\windefender.exe", "ProcessGuid": "{C784477D-AADC-638A-EC05-000000003000}", "TargetObject": "HKLM\\SOFTWARE\\Microsoft\\Windows\\CurrentVersion\\Policies\\Explorer\\run\\WindowsDefender"}}, {"values": {"EventID": "13", "ProcessId": "3016", "EventType": "SetValue", "Image": "C:\\Users\\george\\Desktop\\executable.exe", "ProcessGuid": "{C784477D-AADC-638A-EC05-000000003000}", "UtcTime": "1670032128", "Details": "C:\\Users\\george\\AppData\\Roaming\\windefender.exe", "RuleName": "T1060,RunPolicy", "TargetObject": "HKU\\S-1-5-21-1015118539-3749460369-599379286-1001\\Software\\Microsoft\\Windows\\CurrentVersion\\Policies\\Explorer\\run\\WindowsDefender"}}, {"values": {"EventID": "13", "ProcessId": "3016", "EventType": "SetValue", "Image": "C:\\Users\\george\\Desktop\\executable.exe", "ProcessGuid": "{C784477D-AADC-638A-EC05-000000003000}", "UtcTime": "1670032129", "Details": "C:\\Users\\george\\AppData\\Roaming\\windefender.exe", "RuleName": "T1060,RunKey", "TargetObject": "HKU\\S-1-5-21-1015118539-3749460369-599379286-1001\\Software\\Microsoft\\Windows\\CurrentVersion\\Run\\WindowsDefender"}}, {"values": {"EventID": "13", "ProcessId": "3016", "EventType": "SetValue", "Image": "C:\\Users\\george\\Desktop\\executable.exe", "ProcessGuid": "{C784477D-AADC-638A-EC05-000000003000}", "UtcTime": "1670032129", "Details": "C:\\Users\\george\\AppData\\Roaming\\windefender.exe", "RuleName": "T1060,RunPolicy", "TargetObject": "HKLM\\SOFTWARE\\Microsoft\\Windows\\CurrentVersion\\Policies\\Explorer\\run\\WindowsDefender"}}, {"values": {"EventID": "13", "ProcessId": "3016", "EventType": "SetValue", "Image": "C:\\Users\\george\\Desktop\\executable.exe", "ProcessGuid": "{C784477D-AADC-638A-EC05-000000003000}", "UtcTime": "1670032129", "Details": "C:\\Users\\george\\AppData\\Roaming\\windefender.exe", "RuleName": "T1060,RunPolicy", "TargetObject": "HKU\\S-1-5-21-1015118539-3749460369-599379286-1001\\Software\\Microsoft\\Windows\\CurrentVersion\\Policies\\Explorer\\run\\WindowsDefender"}}, {"values": {"EventID": "13", "ProcessId": "3016", "EventType": "SetValue", "Image": "C:\\Users\\george\\Desktop\\executable.exe", "RuleName": "T1060,RunKey", "UtcTime": "1670032131", "Details": "C:\\Users\\george\\AppData\\Roaming\\windefender.exe", "ProcessGuid": "{C784477D-AADC-638A-EC05-000000003000}", "TargetObject": "HKU\\S-1-5-21-1015118539-3749460369-599379286-1001\\Software\\Microsoft\\Windows\\CurrentVersion\\Run\\WindowsDefender"}}, {"values": {"EventID": "13", "ProcessId": "3016", "EventType": "SetValue", "Image": "C:\\Users\\george\\Desktop\\executable.exe", "RuleName": "T1060,RunPolicy", "UtcTime": "1670032131", "Details": "C:\\Users\\george\\AppData\\Roaming\\windefender.exe", "ProcessGuid": "{C784477D-AADC-638A-EC05-000000003000}", "TargetObject": "HKLM\\SOFTWARE\\Microsoft\\Windows\\CurrentVersion\\Policies\\Explorer\\run\\WindowsDefender"}}, {"values": {"EventID": "13", "ProcessId": "3016", "EventType": "SetValue", "Image": "C:\\Users\\george\\Desktop\\executable.exe", "ProcessGuid": "{C784477D-AADC-638A-EC05-000000003000}", "UtcTime": "1670032131", "Details": "C:\\Users\\george\\AppData\\Roaming\\windefender.exe", "RuleName": "T1060,RunPolicy", "TargetObject": "HKU\\S-1-5-21-1015118539-3749460369-599379286-1001\\Software\\Microsoft\\Windows\\CurrentVersion\\Policies\\Explorer\\run\\WindowsDefender"}}, {"values": {"EventID": "13", "ProcessId": "3016", "EventType": "SetValue", "Image": "C:\\Users\\george\\Desktop\\executable.exe", "RuleName": "T1060,RunKey", "UtcTime": "1670032132", "Details": "C:\\Users\\george\\AppData\\Roaming\\windefender.exe", "ProcessGuid": "{C784477D-AADC-638A-EC05-000000003000}", "TargetObject": "HKU\\S-1-5-21-1015118539-3749460369-599379286-1001\\Software\\Microsoft\\Windows\\CurrentVersion\\Run\\WindowsDefender"}}, {"values": {"EventID": "13", "ProcessId": "3016", "EventType": "SetValue", "Image": "C:\\Users\\george\\Desktop\\executable.exe", "RuleName": "T1060,RunPolicy", "UtcTime": "1670032132", "Details": "C:\\Users\\george\\AppData\\Roaming\\windefender.exe", "ProcessGuid": "{C784477D-AADC-638A-EC05-000000003000}", "TargetObject": "HKLM\\SOFTWARE\\Microsoft\\Windows\\CurrentVersion\\Policies\\Explorer\\run\\WindowsDefender"}}, {"values": {"EventID": "13", "ProcessId": "3016", "EventType": "SetValue", "Image": "C:\\Users\\george\\Desktop\\executable.exe", "ProcessGuid": "{C784477D-AADC-638A-EC05-000000003000}", "UtcTime": "1670032132", "Details": "C:\\Users\\george\\AppData\\Roaming\\windefender.exe", "RuleName": "T1060,RunPolicy", "TargetObject": "HKU\\S-1-5-21-1015118539-3749460369-599379286-1001\\Software\\Microsoft\\Windows\\CurrentVersion\\Policies\\Explorer\\run\\WindowsDefender"}}, {"values": {"EventID": "13", "ProcessId": "3016", "EventType": "SetValue", "Image": "C:\\Users\\george\\Desktop\\executable.exe", "RuleName": "T1060,RunKey", "UtcTime": "1670032133", "Details": "C:\\Users\\george\\AppData\\Roaming\\windefender.exe", "ProcessGuid": "{C784477D-AADC-638A-EC05-000000003000}", "TargetObject": "HKU\\S-1-5-21-1015118539-3749460369-599379286-1001\\Software\\Microsoft\\Windows\\CurrentVersion\\Run\\WindowsDefender"}}, {"values": {"EventID": "13", "ProcessId": "3016", "EventType": "SetValue", "Image": "C:\\Users\\george\\Desktop\\executable.exe", "RuleName": "T1060,RunPolicy", "UtcTime": "1670032133", "Details": "C:\\Users\\george\\AppData\\Roaming\\windefender.exe", "ProcessGuid": "{C784477D-AADC-638A-EC05-000000003000}", "TargetObject": "HKLM\\SOFTWARE\\Microsoft\\Windows\\CurrentVersion\\Policies\\Explorer\\run\\WindowsDefender"}}, {"values": {"EventID": "13", "ProcessId": "3016", "EventType": "SetValue", "Image": "C:\\Users\\george\\Desktop\\executable.exe", "RuleName": "T1060,RunPolicy", "UtcTime": "1670032133", "Details": "C:\\Users\\george\\AppData\\Roaming\\windefender.exe", "ProcessGuid": "{C784477D-AADC-638A-EC05-000000003000}", "TargetObject": "HKU\\S-1-5-21-1015118539-3749460369-599379286-1001\\Software\\Microsoft\\Windows\\CurrentVersion\\Policies\\Explorer\\run\\WindowsDefender"}}, {"values": {"EventID": "13", "ProcessId": "3016", "EventType": "SetValue", "Image": "C:\\Users\\george\\Desktop\\executable.exe", "RuleName": "T1060,RunKey", "UtcTime": "1670032134", "Details": "C:\\Users\\george\\AppData\\Roaming\\windefender.exe", "ProcessGuid": "{C784477D-AADC-638A-EC05-000000003000}", "TargetObject": "HKU\\S-1-5-21-1015118539-3749460369-599379286-1001\\Software\\Microsoft\\Windows\\CurrentVersion\\Run\\WindowsDefender"}}, {"values": {"EventID": "13", "ProcessId": "3016", "EventType": "SetValue", "Image": "C:\\Users\\george\\Desktop\\executable.exe", "ProcessGuid": "{C784477D-AADC-638A-EC05-000000003000}", "UtcTime": "1670032134", "Details": "C:\\Users\\george\\AppData\\Roaming\\windefender.exe", "RuleName": "T1060,RunPolicy", "TargetObject": "HKLM\\SOFTWARE\\Microsoft\\Windows\\CurrentVersion\\Policies\\Explorer\\run\\WindowsDefender"}}, {"values": {"EventID": "13", "ProcessId": "3016", "EventType": "SetValue", "Image": "C:\\Users\\george\\Desktop\\executable.exe", "RuleName": "T1060,RunPolicy", "UtcTime": "1670032134", "Details": "C:\\Users\\george\\AppData\\Roaming\\windefender.exe", "ProcessGuid": "{C784477D-AADC-638A-EC05-000000003000}", "TargetObject": "HKU\\S-1-5-21-1015118539-3749460369-599379286-1001\\Software\\Microsoft\\Windows\\CurrentVersion\\Policies\\Explorer\\run\\WindowsDefender"}}, {"values": {"EventID": "13", "ProcessId": "3016", "EventType": "SetValue", "Image": "C:\\Users\\george\\Desktop\\executable.exe", "ProcessGuid": "{C784477D-AADC-638A-EC05-000000003000}", "UtcTime": "1670032135", "Details": "C:\\Users\\george\\AppData\\Roaming\\windefender.exe", "RuleName": "T1060,RunKey", "TargetObject": "HKU\\S-1-5-21-1015118539-3749460369-599379286-1001\\Software\\Microsoft\\Windows\\CurrentVersion\\Run\\WindowsDefender"}}, {"values": {"EventID": "13", "ProcessId": "3016", "EventType": "SetValue", "Image": "C:\\Users\\george\\Desktop\\executable.exe", "RuleName": "T1060,RunPolicy", "UtcTime": "1670032135", "Details": "C:\\Users\\george\\AppData\\Roaming\\windefender.exe", "ProcessGuid": "{C784477D-AADC-638A-EC05-000000003000}", "TargetObject": "HKLM\\SOFTWARE\\Microsoft\\Windows\\CurrentVersion\\Policies\\Explorer\\run\\WindowsDefender"}}, {"values": {"EventID": "13", "ProcessId": "3016", "EventType": "SetValue", "Image": "C:\\Users\\george\\Desktop\\executable.exe", "RuleName": "T1060,RunPolicy", "UtcTime": "1670032135", "Details": "C:\\Users\\george\\AppData\\Roaming\\windefender.exe", "ProcessGuid": "{C784477D-AADC-638A-EC05-000000003000}", "TargetObject": "HKU\\S-1-5-21-1015118539-3749460369-599379286-1001\\Software\\Microsoft\\Windows\\CurrentVersion\\Policies\\Explorer\\run\\WindowsDefender"}}, {"values": {"EventID": "13", "ProcessId": "3016", "EventType": "SetValue", "Image": "C:\\Users\\george\\Desktop\\executable.exe", "ProcessGuid": "{C784477D-AADC-638A-EC05-000000003000}", "UtcTime": "1670032136", "Details": "C:\\Users\\george\\AppData\\Roaming\\windefender.exe", "RuleName": "T1060,RunKey", "TargetObject": "HKU\\S-1-5-21-1015118539-3749460369-599379286-1001\\Software\\Microsoft\\Windows\\CurrentVersion\\Run\\WindowsDefender"}}, {"values": {"EventID": "13", "ProcessId": "3016", "EventType": "SetValue", "Image": "C:\\Users\\george\\Desktop\\executable.exe", "ProcessGuid": "{C784477D-AADC-638A-EC05-000000003000}", "UtcTime": "1670032136", "Details": "C:\\Users\\george\\AppData\\Roaming\\windefender.exe", "RuleName": "T1060,RunPolicy", "TargetObject": "HKLM\\SOFTWARE\\Microsoft\\Windows\\CurrentVersion\\Policies\\Explorer\\run\\WindowsDefender"}}, {"values": {"EventID": "13", "ProcessId": "3016", "EventType": "SetValue", "Image": "C:\\Users\\george\\Desktop\\executable.exe", "ProcessGuid": "{C784477D-AADC-638A-EC05-000000003000}", "UtcTime": "1670032136", "Details": "C:\\Users\\george\\AppData\\Roaming\\windefender.exe", "RuleName": "T1060,RunPolicy", "TargetObject": "HKU\\S-1-5-21-1015118539-3749460369-599379286-1001\\Software\\Microsoft\\Windows\\CurrentVersion\\Policies\\Explorer\\run\\WindowsDefender"}}, {"values": {"EventID": "13", "ProcessId": "3016", "EventType": "SetValue", "Image": "C:\\Users\\george\\Desktop\\executable.exe", "RuleName": "T1060,RunKey", "UtcTime": "1670032137", "Details": "C:\\Users\\george\\AppData\\Roaming\\windefender.exe", "ProcessGuid": "{C784477D-AADC-638A-EC05-000000003000}", "TargetObject": "HKU\\S-1-5-21-1015118539-3749460369-599379286-1001\\Software\\Microsoft\\Windows\\CurrentVersion\\Run\\WindowsDefender"}}], "rule_level": "medium", "rule_description": "Detects modification of autostart extensibility point (ASEP) in registry.", "rule_source": "Sigma Integrated Rule Set (GitHub)", "rule_title": "CurrentVersion Autorun Keys Modification", "rule_id": "8b5db9da5732dc549b0e8b56fe5933d7c95ed760f3ac20568ab95347ef8c5bcc", "rule_author": "Victor Sergeev, Daniil Yugoslavskiy, Gleb Sukhodolskiy, Timur Zinniatullin, oscd.community, Tim Shelton, frack113 (split)"}], "type_description": "Win32 EXE", "type_tag": "peexe", "first_seen_itw_date": 1591881080, "creation_date": 1320002045, "last_modification_date": 1746301708, "total_votes": {"harmless": 0, "malicious": 0}, "magic": "PE32 executable (GUI) Intel 80386, for MS Windows, UPX compressed", "last_analysis_date": 1741168186, "sha1": "4d2a9c9129b3f2bd7a3f8413f5631f1ba44c913f", "popular_threat_classification": {"suggested_threat_label": "worm.blocker/cambot", "popular_threat_name": [{"count": 6, "value": "blocker"}, {"count": 6, "value": "cambot"}, {"count": 3, "value": "vbna"}], "popular_threat_category": [{"count": 16, "value": "worm"}, {"count": 15, "value": "trojan"}, {"count": 4, "value": "ransomware"}]}, "last_analysis_stats": {"malicious": 61, "suspicious": 0, "undetected": 11, "harmless": 0, "timeout": 0, "confirmed-timeout": 0, "failure": 0, "type-unsupported": 4}, "meaningful_name": "483268R2.exe", "times_submitted": 17, "trid": [{"file_type": "UPX compressed Win32 Executable", "probability": 37.9}, {"file_type": "Win32 EXE Yoda's Crypter", "probability": 37.2}, {"file_type": "Win16 NE executable (generic)", "probability": 7.0}, {"file_type": "Win32 Executable (generic)", "probability": 6.3}, {"file_type": "Windows Icons Library (generic)", "probability": 2.8}], "sigma_analysis_summary": {"Sigma Integrated Rule Set (GitHub)": {"high": 0, "medium": 2, "critical": 0, "low": 0}}, "names": ["483268R2", "483268R2.exe", "windefender.exe.jpg", "unknown", "VirusShare_84d0752f0e0b254f73d645f3a815ebad", "84d0752f0e0b254f73d645f3a815ebad", "aa", "84d0752f0e0b254f73d645f3a815ebad.exe", "CxYx.cpl", "84d0752f0e0b254f73d645f3a815ebad4d2a9c9129b3f2bd7a3f8413f5631f1ba44c913f66560.exe", "1002-4d2a9c9129b3f2bd7a3f8413f5631f1ba44c913f", "byar03OD2B.tar", "1071750", "test.txt"], "reputation": 0, "signature_info": {"product": "Microsoft", "internal name": "483268R2", "file version": "1.00", "original name": "483268R2.exe"}}}}