{"data": {"id": "a66b62735473fe257d35d003eb71aeb832e055d6f727e42ef1880c4d054118bb", "type": "file", "links": {"self": "https://www.virustotal.com/api/v3/files/a66b62735473fe257d35d003eb71aeb832e055d6f727e42ef1880c4d054118bb"}, "attributes": {"type_extension": "exe", "meaningful_name": "b97172c.exe", "bytehero_info": "Virus.Win32.Heur.i", "md5": "934b014689771a7689c70cd179c8bd71", "unique_sources": 28, "magic": "PE32 executable (GUI) Intel 80386, for MS Windows", "crowdsourced_ids_stats": {"high": 5, "info": 0, "medium": 0, "low": 0}, "last_analysis_date": 1695371783, "total_votes": {"harmless": 0, "malicious": 8}, "first_submission_date": 1405416110, "trid": [{"file_type": "Win64 Executable (generic)", "probability": 30.2}, {"file_type": "Win32 Dynamic Link Library (generic)", "probability": 18.9}, {"file_type": "Win16 NE executable (generic)", "probability": 14.5}, {"file_type": "Win32 Executable (generic)", "probability": 12.9}, {"file_type": "Windows Icons Library (generic)", "probability": 5.9}], "sha256": "a66b62735473fe257d35d003eb71aeb832e055d6f727e42ef1880c4d054118bb", "type_tags": ["executable", "windows", "win32", "pe", "peexe"], "last_analysis_stats": {"malicious": 61, "suspicious": 0, "undetected": 10, "harmless": 0, "timeout": 0, "confirmed-timeout": 0, "failure": 0, "type-unsupported": 4}, "size": 311808, "sha1": "564180ac74df3324b685a6c102b2cfcf2fd4aa94", "last_submission_date": 1600860572, "authentihash": "adce589ae904ff42a7af9c3e062d1199eff7f504e97c60af4667388130020203", "creation_date": 1294515690, "sigma_analysis_results": [{"match_context": [{"values": {"EventID": "8", "TargetProcessGuid": "{C784477D-B4FF-650D-5106-000000003400}", "NewThreadId": "7732", "StartModule": "-", "StartFunction": "-", "SourceProcessId": "3356", "TargetImage": "C:\\Windows\\SysWOW64\\svchost.exe", "UtcTime": "1695397119", "SourceImage": "C:\\Windows\\SysWOW64\\explorer.exe", "TargetProcessId": "2280", "RuleName": "-", "SourceProcessGuid": "{C784477D-B4FD-650D-5006-000000003400}", "StartAddress": "50741824"}}, {"values": {"EventID": "8", "TargetImage": "C:\\Windows\\SysWOW64\\svchost.exe", "TargetProcessGuid": "{C784477D-B50B-650D-5806-000000003400}", "NewThreadId": "7428", "StartModule": "-", "SourceProcessId": "268", "StartFunction": "-", "UtcTime": "1695397131", "SourceImage": "C:\\Windows\\SysWOW64\\explorer.exe", "TargetProcessId": "7384", "RuleName": "-", "SourceProcessGuid": "{C784477D-B50A-650D-5706-000000003400}", "StartAddress": "41370176"}}, {"values": {"EventID": "8", "TargetImage": "C:\\Windows\\SysWOW64\\svchost.exe", "TargetProcessGuid": "{C784477D-B513-650D-5D06-000000003400}", "NewThreadId": "8080", "StartModule": "-", "UtcTime": "1695397139", "StartFunction": "-", "SourceProcessId": "5612", "SourceImage": "C:\\Windows\\SysWOW64\\explorer.exe", "TargetProcessId": "7952", "RuleName": "-", "SourceProcessGuid": "{C784477D-B512-650D-5C06-000000003400}", "StartAddress": "43467328"}}, {"values": {"EventID": "8", "TargetProcessGuid": "{C784477D-B51B-650D-6206-000000003400}", "NewThreadId": "5508", "StartModule": "-", "StartFunction": "-", "UtcTime": "1695397147", "TargetImage": "C:\\Windows\\SysWOW64\\svchost.exe", "SourceProcessId": "5408", "SourceImage": "C:\\Windows\\SysWOW64\\explorer.exe", "TargetProcessId": "7692", "RuleName": "-", "SourceProcessGuid": "{C784477D-B51B-650D-6106-000000003400}", "StartAddress": "47137344"}}, {"values": {"EventID": "8", "TargetImage": "C:\\Windows\\SysWOW64\\svchost.exe", "TargetProcessGuid": "{C784477D-B523-650D-6706-000000003400}", "NewThreadId": "2812", "StartModule": "-", "SourceProcessId": "7976", "StartFunction": "-", "UtcTime": "1695397155", "SourceImage": "C:\\Windows\\SysWOW64\\explorer.exe", "TargetProcessId": "7796", "RuleName": "-", "SourceProcessGuid": "{C784477D-B523-650D-6606-000000003400}", "StartAddress": "40911424"}}, {"values": {"EventID": "8", "TargetProcessGuid": "{C784477D-B52B-650D-6C06-000000003400}", "NewThreadId": "3700", "StartModule": "-", "StartFunction": "-", "SourceProcessId": "4952", "TargetImage": "C:\\Windows\\SysWOW64\\svchost.exe", "UtcTime": "1695397163", "SourceImage": "C:\\Windows\\SysWOW64\\explorer.exe", "TargetProcessId": "5972", "RuleName": "-", "StartAddress": "43795008", "SourceProcessGuid": "{C784477D-B52B-650D-6B06-000000003400}"}}, {"values": {"EventID": "8", "TargetImage": "C:\\Windows\\SysWOW64\\svchost.exe", "TargetProcessGuid": "{C784477D-B533-650D-7106-000000003400}", "NewThreadId": "7360", "StartModule": "-", "SourceProcessId": "7204", "StartFunction": "-", "UtcTime": "1695397171", "SourceImage": "C:\\Windows\\SysWOW64\\explorer.exe", "TargetProcessId": "7356", "RuleName": "-", "SourceProcessGuid": "{C784477D-B533-650D-7006-000000003400}", "StartAddress": "44581440"}}, {"values": {"EventID": "8", "TargetProcessGuid": "{C784477D-B53B-650D-7606-000000003400}", "NewThreadId": "3148", "StartModule": "-", "StartFunction": "-", "UtcTime": "1695397179", "TargetImage": "C:\\Windows\\SysWOW64\\svchost.exe", "SourceProcessId": "8084", "SourceImage": "C:\\Windows\\SysWOW64\\explorer.exe", "TargetProcessId": "8004", "RuleName": "-", "SourceProcessGuid": "{C784477D-B53B-650D-7506-000000003400}", "StartAddress": "44319296"}}, {"values": {"EventID": "8", "TargetImage": "C:\\Windows\\SysWOW64\\svchost.exe", "TargetProcessGuid": "{C784477D-B543-650D-7B06-000000003400}", "NewThreadId": "3472", "StartModule": "-", "SourceProcessId": "4920", "StartFunction": "-", "UtcTime": "1695397187", "SourceImage": "C:\\Windows\\SysWOW64\\explorer.exe", "TargetProcessId": "7420", "RuleName": "-", "SourceProcessGuid": "{C784477D-B543-650D-7A06-000000003400}", "StartAddress": "39207488"}}, {"values": {"EventID": "8", "TargetProcessGuid": "{C784477D-B54C-650D-8006-000000003400}", "NewThreadId": "4580", "StartModule": "-", "StartFunction": "-", "SourceProcessId": "3404", "TargetImage": "C:\\Windows\\SysWOW64\\svchost.exe", "UtcTime": "1695397196", "SourceImage": "C:\\Windows\\SysWOW64\\explorer.exe", "TargetProcessId": "5440", "RuleName": "-", "SourceProcessGuid": "{C784477D-B54B-650D-7F06-000000003400}", "StartAddress": "44450368"}}], "rule_level": "high", "rule_description": "Detects uncommon processes creating remote threads", "rule_source": "Sigma Integrated Rule Set (GitHub)", "rule_title": "Remote Thread Creation By Uncommon Source Image", "rule_id": "5242ae9a7c0bb9967f443e598ba4d27edfa69ca76b6fbb7ad0d569f7e9067668", "rule_author": "Perez Diego (@darkquassar), oscd.community"}, {"match_context": [{"values": {"TerminalSessionId": "1", "ProcessGuid": "{C784477D-B4FF-650D-5106-000000003400}", "ProcessId": "2280", "Product": "Microsoft\\xae Windows\\xae Operating System", "Description": "Host Process for Windows Services", "Company": "Microsoft Corporation", "ParentProcessGuid": "{C784477D-B4FD-650D-5006-000000003400}", "User": "DESKTOP-B0T93D6\\george", "Hashes": "MD5=D2CBFEB7C4619A898890FEB4C4514AA9,SHA256=59F4D42056BC43960C2B052FA9D615AD6E654C8AA1DFE3703342375523BA8EA5,IMPHASH=41721E0F933696D50AB32D544D64DCD3", "OriginalFileName": "svchost.exe", "ParentImage": "C:\\Windows\\SysWOW64\\explorer.exe", "FileVersion": "10.0.17134.1276 (WinBuild.160101.0800)", "ParentProcessId": "3356", "CurrentDirectory": "C:\\Users\\george\\Desktop\\", "CommandLine": "-k netsvcs", "EventID": "1", "LogonGuid": "C784477D-5F72-64E4-31D8-030000000000", "LogonId": "251953", "Image": "C:\\Windows\\SysWOW64\\svchost.exe", "IntegrityLevel": "High", "ParentCommandLine": "\"C:\\Windows\\syswow64\\explorer.exe\"", "UtcTime": "1695397119", "RuleName": "-"}}, {"values": {"TerminalSessionId": "1", "ProcessGuid": "{C784477D-B50B-650D-5806-000000003400}", "ProcessId": "7384", "Product": "Microsoft\\xae Windows\\xae Operating System", "Description": "Host Process for Windows Services", "Company": "Microsoft Corporation", "ParentProcessGuid": "{C784477D-B50A-650D-5706-000000003400}", "User": "DESKTOP-B0T93D6\\george", "Hashes": "MD5=D2CBFEB7C4619A898890FEB4C4514AA9,SHA256=59F4D42056BC43960C2B052FA9D615AD6E654C8AA1DFE3703342375523BA8EA5,IMPHASH=41721E0F933696D50AB32D544D64DCD3", "OriginalFileName": "svchost.exe", "ParentImage": "C:\\Windows\\SysWOW64\\explorer.exe", "FileVersion": "10.0.17134.1276 (WinBuild.160101.0800)", "ParentProcessId": "268", "CurrentDirectory": "C:\\b97172c\\", "CommandLine": "-k netsvcs", "EventID": "1", "LogonGuid": "C784477D-5F72-64E4-A1D8-030000000000", "LogonId": "252065", "Image": "C:\\Windows\\SysWOW64\\svchost.exe", "IntegrityLevel": "Medium", "ParentCommandLine": "\"C:\\Windows\\syswow64\\explorer.exe\"", "UtcTime": "1695397131", "RuleName": "-"}}, {"values": {"TerminalSessionId": "1", "ProcessGuid": "{C784477D-B513-650D-5D06-000000003400}", "ProcessId": "7952", "Product": "Microsoft\\xae Windows\\xae Operating System", "Description": "Host Process for Windows Services", "Company": "Microsoft Corporation", "ParentProcessGuid": "{C784477D-B512-650D-5C06-000000003400}", "User": "DESKTOP-B0T93D6\\george", "Hashes": "MD5=D2CBFEB7C4619A898890FEB4C4514AA9,SHA256=59F4D42056BC43960C2B052FA9D615AD6E654C8AA1DFE3703342375523BA8EA5,IMPHASH=41721E0F933696D50AB32D544D64DCD3", "OriginalFileName": "svchost.exe", "ParentImage": "C:\\Windows\\SysWOW64\\explorer.exe", "FileVersion": "10.0.17134.1276 (WinBuild.160101.0800)", "ParentProcessId": "5612", "CurrentDirectory": "C:\\Users\\george\\AppData\\Roaming\\", "CommandLine": "-k netsvcs", "EventID": "1", "LogonGuid": "C784477D-5F72-64E4-A1D8-030000000000", "LogonId": "252065", "Image": "C:\\Windows\\SysWOW64\\svchost.exe", "IntegrityLevel": "Medium", "ParentCommandLine": "\"C:\\Windows\\syswow64\\explorer.exe\"", "UtcTime": "1695397139", "RuleName": "-"}}, {"values": {"TerminalSessionId": "1", "ProcessGuid": "{C784477D-B51B-650D-6206-000000003400}", "ProcessId": "7692", "Product": "Microsoft\\xae Windows\\xae Operating System", "Description": "Host Process for Windows Services", "Company": "Microsoft Corporation", "ParentProcessGuid": "{C784477D-B51B-650D-6106-000000003400}", "User": "DESKTOP-B0T93D6\\george", "Hashes": "MD5=D2CBFEB7C4619A898890FEB4C4514AA9,SHA256=59F4D42056BC43960C2B052FA9D615AD6E654C8AA1DFE3703342375523BA8EA5,IMPHASH=41721E0F933696D50AB32D544D64DCD3", "OriginalFileName": "svchost.exe", "ParentImage": "C:\\Windows\\SysWOW64\\explorer.exe", "FileVersion": "10.0.17134.1276 (WinBuild.160101.0800)", "ParentProcessId": "5408", "CurrentDirectory": "C:\\b97172c\\", "CommandLine": "-k netsvcs", "EventID": "1", "LogonGuid": "C784477D-5F72-64E4-A1D8-030000000000", "LogonId": "252065", "Image": "C:\\Windows\\SysWOW64\\svchost.exe", "IntegrityLevel": "Medium", "ParentCommandLine": "\"C:\\Windows\\syswow64\\explorer.exe\"", "UtcTime": "1695397147", "RuleName": "-"}}, {"values": {"TerminalSessionId": "1", "ProcessGuid": "{C784477D-B523-650D-6706-000000003400}", "ProcessId": "7796", "Product": "Microsoft\\xae Windows\\xae Operating System", "Description": "Host Process for Windows Services", "Company": "Microsoft Corporation", "ParentProcessGuid": "{C784477D-B523-650D-6606-000000003400}", "User": "DESKTOP-B0T93D6\\george", "Hashes": "MD5=D2CBFEB7C4619A898890FEB4C4514AA9,SHA256=59F4D42056BC43960C2B052FA9D615AD6E654C8AA1DFE3703342375523BA8EA5,IMPHASH=41721E0F933696D50AB32D544D64DCD3", "OriginalFileName": "svchost.exe", "ParentImage": "C:\\Windows\\SysWOW64\\explorer.exe", "FileVersion": "10.0.17134.1276 (WinBuild.160101.0800)", "ParentProcessId": "7976", "CurrentDirectory": "C:\\Users\\george\\AppData\\Roaming\\", "CommandLine": "-k netsvcs", "EventID": "1", "LogonGuid": "C784477D-5F72-64E4-A1D8-030000000000", "LogonId": "252065", "Image": "C:\\Windows\\SysWOW64\\svchost.exe", "IntegrityLevel": "Medium", "ParentCommandLine": "\"C:\\Windows\\syswow64\\explorer.exe\"", "UtcTime": "1695397155", "RuleName": "-"}}, {"values": {"TerminalSessionId": "1", "ProcessGuid": "{C784477D-B52B-650D-6C06-000000003400}", "ProcessId": "5972", "Product": "Microsoft\\xae Windows\\xae Operating System", "Description": "Host Process for Windows Services", "Company": "Microsoft Corporation", "ParentProcessGuid": "{C784477D-B52B-650D-6B06-000000003400}", "User": "DESKTOP-B0T93D6\\george", "Hashes": "MD5=D2CBFEB7C4619A898890FEB4C4514AA9,SHA256=59F4D42056BC43960C2B052FA9D615AD6E654C8AA1DFE3703342375523BA8EA5,IMPHASH=41721E0F933696D50AB32D544D64DCD3", "OriginalFileName": "svchost.exe", "ParentImage": "C:\\Windows\\SysWOW64\\explorer.exe", "FileVersion": "10.0.17134.1276 (WinBuild.160101.0800)", "ParentProcessId": "4952", "CurrentDirectory": "C:\\b97172c\\", "CommandLine": "-k netsvcs", "EventID": "1", "LogonGuid": "C784477D-5F72-64E4-A1D8-030000000000", "LogonId": "252065", "Image": "C:\\Windows\\SysWOW64\\svchost.exe", "IntegrityLevel": "Medium", "ParentCommandLine": "\"C:\\Windows\\syswow64\\explorer.exe\"", "UtcTime": "1695397163", "RuleName": "-"}}, {"values": {"TerminalSessionId": "1", "ProcessGuid": "{C784477D-B533-650D-7106-000000003400}", "ProcessId": "7356", "Product": "Microsoft\\xae Windows\\xae Operating System", "Description": "Host Process for Windows Services", "Company": "Microsoft Corporation", "ParentProcessGuid": "{C784477D-B533-650D-7006-000000003400}", "User": "DESKTOP-B0T93D6\\george", "Hashes": "MD5=D2CBFEB7C4619A898890FEB4C4514AA9,SHA256=59F4D42056BC43960C2B052FA9D615AD6E654C8AA1DFE3703342375523BA8EA5,IMPHASH=41721E0F933696D50AB32D544D64DCD3", "OriginalFileName": "svchost.exe", "ParentImage": "C:\\Windows\\SysWOW64\\explorer.exe", "FileVersion": "10.0.17134.1276 (WinBuild.160101.0800)", "ParentProcessId": "7204", "CurrentDirectory": "C:\\Users\\george\\AppData\\Roaming\\", "CommandLine": "-k netsvcs", "EventID": "1", "LogonGuid": "C784477D-5F72-64E4-A1D8-030000000000", "LogonId": "252065", "Image": "C:\\Windows\\SysWOW64\\svchost.exe", "IntegrityLevel": "Medium", "ParentCommandLine": "\"C:\\Windows\\syswow64\\explorer.exe\"", "UtcTime": "1695397171", "RuleName": "-"}}, {"values": {"TerminalSessionId": "1", "ProcessGuid": "{C784477D-B53B-650D-7606-000000003400}", "ProcessId": "8004", "Product": "Microsoft\\xae Windows\\xae Operating System", "Description": "Host Process for Windows Services", "Company": "Microsoft Corporation", "ParentProcessGuid": "{C784477D-B53B-650D-7506-000000003400}", "User": "DESKTOP-B0T93D6\\george", "Hashes": "MD5=D2CBFEB7C4619A898890FEB4C4514AA9,SHA256=59F4D42056BC43960C2B052FA9D615AD6E654C8AA1DFE3703342375523BA8EA5,IMPHASH=41721E0F933696D50AB32D544D64DCD3", "OriginalFileName": "svchost.exe", "ParentImage": "C:\\Windows\\SysWOW64\\explorer.exe", "FileVersion": "10.0.17134.1276 (WinBuild.160101.0800)", "ParentProcessId": "8084", "CurrentDirectory": "C:\\b97172c\\", "CommandLine": "-k netsvcs", "EventID": "1", "LogonGuid": "C784477D-5F72-64E4-A1D8-030000000000", "LogonId": "252065", "Image": "C:\\Windows\\SysWOW64\\svchost.exe", "IntegrityLevel": "Medium", "ParentCommandLine": "\"C:\\Windows\\syswow64\\explorer.exe\"", "UtcTime": "1695397179", "RuleName": "-"}}, {"values": {"TerminalSessionId": "1", "ProcessGuid": "{C784477D-B543-650D-7B06-000000003400}", "ProcessId": "7420", "Product": "Microsoft\\xae Windows\\xae Operating System", "Description": "Host Process for Windows Services", "Company": "Microsoft Corporation", "ParentProcessGuid": "{C784477D-B543-650D-7A06-000000003400}", "User": "DESKTOP-B0T93D6\\george", "Hashes": "MD5=D2CBFEB7C4619A898890FEB4C4514AA9,SHA256=59F4D42056BC43960C2B052FA9D615AD6E654C8AA1DFE3703342375523BA8EA5,IMPHASH=41721E0F933696D50AB32D544D64DCD3", "OriginalFileName": "svchost.exe", "ParentImage": "C:\\Windows\\SysWOW64\\explorer.exe", "FileVersion": "10.0.17134.1276 (WinBuild.160101.0800)", "ParentProcessId": "4920", "CurrentDirectory": "C:\\Users\\george\\AppData\\Roaming\\", "CommandLine": "-k netsvcs", "EventID": "1", "LogonGuid": "C784477D-5F72-64E4-A1D8-030000000000", "LogonId": "252065", "Image": "C:\\Windows\\SysWOW64\\svchost.exe", "IntegrityLevel": "Medium", "ParentCommandLine": "\"C:\\Windows\\syswow64\\explorer.exe\"", "UtcTime": "1695397187", "RuleName": "-"}}, {"values": {"TerminalSessionId": "1", "ProcessGuid": "{C784477D-B54C-650D-8006-000000003400}", "ProcessId": "5440", "Product": "Microsoft\\xae Windows\\xae Operating System", "Description": "Host Process for Windows Services", "Company": "Microsoft Corporation", "ParentProcessGuid": "{C784477D-B54B-650D-7F06-000000003400}", "User": "DESKTOP-B0T93D6\\george", "Hashes": "MD5=D2CBFEB7C4619A898890FEB4C4514AA9,SHA256=59F4D42056BC43960C2B052FA9D615AD6E654C8AA1DFE3703342375523BA8EA5,IMPHASH=41721E0F933696D50AB32D544D64DCD3", "OriginalFileName": "svchost.exe", "ParentImage": "C:\\Windows\\SysWOW64\\explorer.exe", "FileVersion": "10.0.17134.1276 (WinBuild.160101.0800)", "ParentProcessId": "3404", "CurrentDirectory": "C:\\Users\\george\\AppData\\Roaming\\Microsoft\\Windows\\Start Menu\\Programs\\Startup\\", "CommandLine": "-k netsvcs", "EventID": "1", "LogonGuid": "C784477D-5F72-64E4-A1D8-030000000000", "LogonId": "252065", "Image": "C:\\Windows\\SysWOW64\\svchost.exe", "IntegrityLevel": "Medium", "ParentCommandLine": "\"C:\\Windows\\syswow64\\explorer.exe\"", "UtcTime": "1695397196", "RuleName": "-"}}], "rule_level": "high", "rule_description": "Detects a suspicious svchost process start", "rule_source": "Sigma Integrated Rule Set (GitHub)", "rule_title": "Suspicious Svchost Process", "rule_id": "a0daa529834b3c5230b4524da005a6b6503e7cb061e298a8f74e0dc1fee0a008", "rule_author": "Florian Roth (Nextron Systems)"}, {"match_context": [{"values": {"TerminalSessionId": "1", "ProcessGuid": "{C784477D-B4FF-650D-5206-000000003400}", "ProcessId": "5804", "Product": "Microsoft\\xae Windows\\xae Operating System", "Description": "Command Line Interface for Microsoft\\xae Volume Shadow Copy Service ", "Company": "Microsoft Corporation", "ParentProcessGuid": "{C784477D-B4FD-650D-5006-000000003400}", "User": "DESKTOP-B0T93D6\\george", "Hashes": "MD5=7E30B94672107D3381A1D175CF18C147,SHA256=BB1D73C5104A722F228B39CCB24C6F2BB13EFCCA2EA65B013D33433550E3BCE7,IMPHASH=B8C53607A902DC54702978C63D6E8B2E", "OriginalFileName": "VSSADMIN.EXE", "ParentImage": "C:\\Windows\\SysWOW64\\explorer.exe", "FileVersion": "10.0.17134.1 (WinBuild.160101.0800)", "ParentProcessId": "3356", "CurrentDirectory": "C:\\Users\\george\\Desktop\\", "CommandLine": "vssadmin.exe Delete Shadows /All /Quiet", "EventID": "1", "LogonGuid": "C784477D-5F72-64E4-31D8-030000000000", "LogonId": "251953", "Image": "C:\\Windows\\SysWOW64\\vssadmin.exe", "IntegrityLevel": "High", "ParentCommandLine": "\"C:\\Windows\\syswow64\\explorer.exe\"", "UtcTime": "1695397119", "RuleName": "-"}}, {"values": {"TerminalSessionId": "1", "ProcessGuid": "{C784477D-B50B-650D-5906-000000003400}", "ProcessId": "7380", "Product": "Microsoft\\xae Windows\\xae Operating System", "Description": "Command Line Interface for Microsoft\\xae Volume Shadow Copy Service ", "Company": "Microsoft Corporation", "ParentProcessGuid": "{C784477D-B50A-650D-5706-000000003400}", "User": "DESKTOP-B0T93D6\\george", "Hashes": "MD5=7E30B94672107D3381A1D175CF18C147,SHA256=BB1D73C5104A722F228B39CCB24C6F2BB13EFCCA2EA65B013D33433550E3BCE7,IMPHASH=B8C53607A902DC54702978C63D6E8B2E", "OriginalFileName": "VSSADMIN.EXE", "ParentImage": "C:\\Windows\\SysWOW64\\explorer.exe", "FileVersion": "10.0.17134.1 (WinBuild.160101.0800)", "ParentProcessId": "268", "CurrentDirectory": "C:\\b97172c\\", "CommandLine": "vssadmin.exe Delete Shadows /All /Quiet", "EventID": "1", "LogonGuid": "C784477D-5F72-64E4-A1D8-030000000000", "LogonId": "252065", "Image": "C:\\Windows\\SysWOW64\\vssadmin.exe", "IntegrityLevel": "Medium", "ParentCommandLine": "\"C:\\Windows\\syswow64\\explorer.exe\"", "UtcTime": "1695397131", "RuleName": "-"}}, {"values": {"TerminalSessionId": "1", "ProcessGuid": "{C784477D-B513-650D-5E06-000000003400}", "ProcessId": "8164", "Product": "Microsoft\\xae Windows\\xae Operating System", "Description": "Command Line Interface for Microsoft\\xae Volume Shadow Copy Service ", "Company": "Microsoft Corporation", "ParentProcessGuid": "{C784477D-B512-650D-5C06-000000003400}", "User": "DESKTOP-B0T93D6\\george", "Hashes": "MD5=7E30B94672107D3381A1D175CF18C147,SHA256=BB1D73C5104A722F228B39CCB24C6F2BB13EFCCA2EA65B013D33433550E3BCE7,IMPHASH=B8C53607A902DC54702978C63D6E8B2E", "OriginalFileName": "VSSADMIN.EXE", "ParentImage": "C:\\Windows\\SysWOW64\\explorer.exe", "FileVersion": "10.0.17134.1 (WinBuild.160101.0800)", "ParentProcessId": "5612", "CurrentDirectory": "C:\\Users\\george\\AppData\\Roaming\\", "CommandLine": "vssadmin.exe Delete Shadows /All /Quiet", "EventID": "1", "LogonGuid": "C784477D-5F72-64E4-A1D8-030000000000", "LogonId": "252065", "Image": "C:\\Windows\\SysWOW64\\vssadmin.exe", "IntegrityLevel": "Medium", "ParentCommandLine": "\"C:\\Windows\\syswow64\\explorer.exe\"", "UtcTime": "1695397139", "RuleName": "-"}}, {"values": {"TerminalSessionId": "1", "ProcessGuid": "{C784477D-B51B-650D-6306-000000003400}", "ProcessId": "2404", "Product": "Microsoft\\xae Windows\\xae Operating System", "Description": "Command Line Interface for Microsoft\\xae Volume Shadow Copy Service ", "Company": "Microsoft Corporation", "ParentProcessGuid": "{C784477D-B51B-650D-6106-000000003400}", "User": "DESKTOP-B0T93D6\\george", "Hashes": "MD5=7E30B94672107D3381A1D175CF18C147,SHA256=BB1D73C5104A722F228B39CCB24C6F2BB13EFCCA2EA65B013D33433550E3BCE7,IMPHASH=B8C53607A902DC54702978C63D6E8B2E", "OriginalFileName": "VSSADMIN.EXE", "ParentImage": "C:\\Windows\\SysWOW64\\explorer.exe", "FileVersion": "10.0.17134.1 (WinBuild.160101.0800)", "ParentProcessId": "5408", "CurrentDirectory": "C:\\b97172c\\", "CommandLine": "vssadmin.exe Delete Shadows /All /Quiet", "EventID": "1", "LogonGuid": "C784477D-5F72-64E4-A1D8-030000000000", "LogonId": "252065", "Image": "C:\\Windows\\SysWOW64\\vssadmin.exe", "IntegrityLevel": "Medium", "ParentCommandLine": "\"C:\\Windows\\syswow64\\explorer.exe\"", "UtcTime": "1695397147", "RuleName": "-"}}, {"values": {"TerminalSessionId": "1", "ProcessGuid": "{C784477D-B523-650D-6806-000000003400}", "ProcessId": "7684", "Product": "Microsoft\\xae Windows\\xae Operating System", "Description": "Command Line Interface for Microsoft\\xae Volume Shadow Copy Service ", "Company": "Microsoft Corporation", "ParentProcessGuid": "{C784477D-B523-650D-6606-000000003400}", "User": "DESKTOP-B0T93D6\\george", "Hashes": "MD5=7E30B94672107D3381A1D175CF18C147,SHA256=BB1D73C5104A722F228B39CCB24C6F2BB13EFCCA2EA65B013D33433550E3BCE7,IMPHASH=B8C53607A902DC54702978C63D6E8B2E", "OriginalFileName": "VSSADMIN.EXE", "ParentImage": "C:\\Windows\\SysWOW64\\explorer.exe", "FileVersion": "10.0.17134.1 (WinBuild.160101.0800)", "ParentProcessId": "7976", "CurrentDirectory": "C:\\Users\\george\\AppData\\Roaming\\", "CommandLine": "vssadmin.exe Delete Shadows /All /Quiet", "EventID": "1", "LogonGuid": "C784477D-5F72-64E4-A1D8-030000000000", "LogonId": "252065", "Image": "C:\\Windows\\SysWOW64\\vssadmin.exe", "IntegrityLevel": "Medium", "ParentCommandLine": "\"C:\\Windows\\syswow64\\explorer.exe\"", "UtcTime": "1695397155", "RuleName": "-"}}, {"values": {"TerminalSessionId": "1", "ProcessGuid": "{C784477D-B52B-650D-6D06-000000003400}", "ProcessId": "1368", "Product": "Microsoft\\xae Windows\\xae Operating System", "Description": "Command Line Interface for Microsoft\\xae Volume Shadow Copy Service ", "Company": "Microsoft Corporation", "ParentProcessGuid": "{C784477D-B52B-650D-6B06-000000003400}", "User": "DESKTOP-B0T93D6\\george", "Hashes": "MD5=7E30B94672107D3381A1D175CF18C147,SHA256=BB1D73C5104A722F228B39CCB24C6F2BB13EFCCA2EA65B013D33433550E3BCE7,IMPHASH=B8C53607A902DC54702978C63D6E8B2E", "OriginalFileName": "VSSADMIN.EXE", "ParentImage": "C:\\Windows\\SysWOW64\\explorer.exe", "FileVersion": "10.0.17134.1 (WinBuild.160101.0800)", "ParentProcessId": "4952", "CurrentDirectory": "C:\\b97172c\\", "CommandLine": "vssadmin.exe Delete Shadows /All /Quiet", "EventID": "1", "LogonGuid": "C784477D-5F72-64E4-A1D8-030000000000", "LogonId": "252065", "Image": "C:\\Windows\\SysWOW64\\vssadmin.exe", "IntegrityLevel": "Medium", "ParentCommandLine": "\"C:\\Windows\\syswow64\\explorer.exe\"", "UtcTime": "1695397163", "RuleName": "-"}}, {"values": {"TerminalSessionId": "1", "ProcessGuid": "{C784477D-B533-650D-7206-000000003400}", "ProcessId": "7364", "Product": "Microsoft\\xae Windows\\xae Operating System", "Description": "Command Line Interface for Microsoft\\xae Volume Shadow Copy Service ", "Company": "Microsoft Corporation", "ParentProcessGuid": "{C784477D-B533-650D-7006-000000003400}", "User": "DESKTOP-B0T93D6\\george", "Hashes": "MD5=7E30B94672107D3381A1D175CF18C147,SHA256=BB1D73C5104A722F228B39CCB24C6F2BB13EFCCA2EA65B013D33433550E3BCE7,IMPHASH=B8C53607A902DC54702978C63D6E8B2E", "OriginalFileName": "VSSADMIN.EXE", "ParentImage": "C:\\Windows\\SysWOW64\\explorer.exe", "FileVersion": "10.0.17134.1 (WinBuild.160101.0800)", "ParentProcessId": "7204", "CurrentDirectory": "C:\\Users\\george\\AppData\\Roaming\\", "CommandLine": "vssadmin.exe Delete Shadows /All /Quiet", "EventID": "1", "LogonGuid": "C784477D-5F72-64E4-A1D8-030000000000", "LogonId": "252065", "Image": "C:\\Windows\\SysWOW64\\vssadmin.exe", "IntegrityLevel": "Medium", "ParentCommandLine": "\"C:\\Windows\\syswow64\\explorer.exe\"", "UtcTime": "1695397171", "RuleName": "-"}}, {"values": {"TerminalSessionId": "1", "ProcessGuid": "{C784477D-B53B-650D-7706-000000003400}", "ProcessId": "3092", "Product": "Microsoft\\xae Windows\\xae Operating System", "Description": "Command Line Interface for Microsoft\\xae Volume Shadow Copy Service ", "Company": "Microsoft Corporation", "ParentProcessGuid": "{C784477D-B53B-650D-7506-000000003400}", "User": "DESKTOP-B0T93D6\\george", "Hashes": "MD5=7E30B94672107D3381A1D175CF18C147,SHA256=BB1D73C5104A722F228B39CCB24C6F2BB13EFCCA2EA65B013D33433550E3BCE7,IMPHASH=B8C53607A902DC54702978C63D6E8B2E", "OriginalFileName": "VSSADMIN.EXE", "ParentImage": "C:\\Windows\\SysWOW64\\explorer.exe", "FileVersion": "10.0.17134.1 (WinBuild.160101.0800)", "ParentProcessId": "8084", "CurrentDirectory": "C:\\b97172c\\", "CommandLine": "vssadmin.exe Delete Shadows /All /Quiet", "EventID": "1", "LogonGuid": "C784477D-5F72-64E4-A1D8-030000000000", "LogonId": "252065", "Image": "C:\\Windows\\SysWOW64\\vssadmin.exe", "IntegrityLevel": "Medium", "ParentCommandLine": "\"C:\\Windows\\syswow64\\explorer.exe\"", "UtcTime": "1695397179", "RuleName": "-"}}, {"values": {"TerminalSessionId": "1", "ProcessGuid": "{C784477D-B544-650D-7C06-000000003400}", "ProcessId": "3468", "Product": "Microsoft\\xae Windows\\xae Operating System", "Description": "Command Line Interface for Microsoft\\xae Volume Shadow Copy Service ", "Company": "Microsoft Corporation", "ParentProcessGuid": "{C784477D-B543-650D-7A06-000000003400}", "User": "DESKTOP-B0T93D6\\george", "Hashes": "MD5=7E30B94672107D3381A1D175CF18C147,SHA256=BB1D73C5104A722F228B39CCB24C6F2BB13EFCCA2EA65B013D33433550E3BCE7,IMPHASH=B8C53607A902DC54702978C63D6E8B2E", "OriginalFileName": "VSSADMIN.EXE", "ParentImage": "C:\\Windows\\SysWOW64\\explorer.exe", "FileVersion": "10.0.17134.1 (WinBuild.160101.0800)", "ParentProcessId": "4920", "CurrentDirectory": "C:\\Users\\george\\AppData\\Roaming\\", "CommandLine": "vssadmin.exe Delete Shadows /All /Quiet", "EventID": "1", "LogonGuid": "C784477D-5F72-64E4-A1D8-030000000000", "LogonId": "252065", "Image": "C:\\Windows\\SysWOW64\\vssadmin.exe", "IntegrityLevel": "Medium", "ParentCommandLine": "\"C:\\Windows\\syswow64\\explorer.exe\"", "UtcTime": "1695397188", "RuleName": "-"}}, {"values": {"TerminalSessionId": "1", "ProcessGuid": "{C784477D-B54C-650D-8106-000000003400}", "ProcessId": "8040", "Product": "Microsoft\\xae Windows\\xae Operating System", "Description": "Command Line Interface for Microsoft\\xae Volume Shadow Copy Service ", "Company": "Microsoft Corporation", "ParentProcessGuid": "{C784477D-B54B-650D-7F06-000000003400}", "User": "DESKTOP-B0T93D6\\george", "Hashes": "MD5=7E30B94672107D3381A1D175CF18C147,SHA256=BB1D73C5104A722F228B39CCB24C6F2BB13EFCCA2EA65B013D33433550E3BCE7,IMPHASH=B8C53607A902DC54702978C63D6E8B2E", "OriginalFileName": "VSSADMIN.EXE", "ParentImage": "C:\\Windows\\SysWOW64\\explorer.exe", "FileVersion": "10.0.17134.1 (WinBuild.160101.0800)", "ParentProcessId": "3404", "CurrentDirectory": "C:\\Users\\george\\AppData\\Roaming\\Microsoft\\Windows\\Start Menu\\Programs\\Startup\\", "CommandLine": "vssadmin.exe Delete Shadows /All /Quiet", "EventID": "1", "LogonGuid": "C784477D-5F72-64E4-A1D8-030000000000", "LogonId": "252065", "Image": "C:\\Windows\\SysWOW64\\vssadmin.exe", "IntegrityLevel": "Medium", "ParentCommandLine": "\"C:\\Windows\\syswow64\\explorer.exe\"", "UtcTime": "1695397196", "RuleName": "-"}}], "rule_level": "high", "rule_description": "Shadow Copies deletion using operating systems utilities", "rule_source": "Sigma Integrated Rule Set (GitHub)", "rule_title": "Shadow Copies Deletion Using Operating Systems Utilities", "rule_id": "ad5e4d4b939797a70a9aa742d979a4742c2cfedddd663fb1a43b2795c1e6054b", "rule_author": "Florian Roth (Nextron Systems), Michael Haag, Teymur Kheirkhabarov, Daniil Yugoslavskiy, oscd.community, Andreas Hunkeler (@Karneades)"}, {"match_context": [{"values": {"EventID": "8", "TargetImage": "C:\\Windows\\SysWOW64\\explorer.exe", "TargetProcessGuid": "{C784477D-B4FD-650D-5006-000000003400}", "NewThreadId": "3404", "StartModule": "-", "SourceProcessId": "7692", "StartFunction": "-", "UtcTime": "1695397117", "SourceImage": "C:\\Users\\george\\Desktop\\Aofvcn++.exe", "TargetProcessId": "3356", "RuleName": "-", "SourceProcessGuid": "{C784477D-B4FC-650D-4F06-000000003400}", "StartAddress": "7881568"}}, {"values": {"EventID": "8", "TargetImage": "C:\\Windows\\SysWOW64\\explorer.exe", "TargetProcessGuid": "{C784477D-B50A-650D-5706-000000003400}", "NewThreadId": "3468", "StartModule": "-", "UtcTime": "1695397131", "StartFunction": "-", "SourceProcessId": "8124", "SourceImage": "C:\\b97172c\\b97172c.exe", "TargetProcessId": "268", "RuleName": "-", "SourceProcessGuid": "{C784477D-B509-650D-5606-000000003400}", "StartAddress": "12141408"}}, {"values": {"EventID": "8", "TargetProcessGuid": "{C784477D-B512-650D-5C06-000000003400}", "NewThreadId": "8188", "StartModule": "-", "StartFunction": "-", "SourceProcessId": "5488", "TargetImage": "C:\\Windows\\SysWOW64\\explorer.exe", "UtcTime": "1695397138", "SourceImage": "C:\\Users\\george\\AppData\\Roaming\\b97172c.exe", "TargetProcessId": "5612", "RuleName": "-", "StartAddress": "6964064", "SourceProcessGuid": "{C784477D-B512-650D-5B06-000000003400}"}}, {"values": {"EventID": "8", "TargetImage": "C:\\Windows\\SysWOW64\\explorer.exe", "TargetProcessGuid": "{C784477D-B51B-650D-6106-000000003400}", "NewThreadId": "2516", "StartModule": "-", "SourceProcessId": "4564", "StartFunction": "-", "UtcTime": "1695397147", "SourceImage": "C:\\b97172c\\b97172c.exe", "TargetProcessId": "5408", "RuleName": "-", "StartAddress": "3556192", "SourceProcessGuid": "{C784477D-B51A-650D-6006-000000003400}"}}, {"values": {"EventID": "8", "TargetProcessGuid": "{C784477D-B523-650D-6606-000000003400}", "NewThreadId": "7804", "StartModule": "-", "StartFunction": "-", "UtcTime": "1695397155", "TargetImage": "C:\\Windows\\SysWOW64\\explorer.exe", "SourceProcessId": "4604", "SourceImage": "C:\\Users\\george\\AppData\\Roaming\\b97172c.exe", "TargetProcessId": "7976", "RuleName": "-", "SourceProcessGuid": "{C784477D-B522-650D-6506-000000003400}", "StartAddress": "14959456"}}, {"values": {"EventID": "8", "TargetImage": "C:\\Windows\\SysWOW64\\explorer.exe", "TargetProcessGuid": "{C784477D-B52B-650D-6B06-000000003400}", "NewThreadId": "1084", "StartModule": "-", "SourceProcessId": "3164", "StartFunction": "-", "UtcTime": "1695397163", "SourceImage": "C:\\b97172c\\b97172c.exe", "TargetProcessId": "4952", "RuleName": "-", "SourceProcessGuid": "{C784477D-B52A-650D-6A06-000000003400}", "StartAddress": "11944800"}}, {"values": {"EventID": "8", "TargetImage": "C:\\Windows\\SysWOW64\\explorer.exe", "TargetProcessGuid": "{C784477D-B533-650D-7006-000000003400}", "NewThreadId": "7752", "StartModule": "-", "UtcTime": "1695397171", "StartFunction": "-", "SourceProcessId": "6832", "SourceImage": "C:\\Users\\george\\AppData\\Roaming\\b97172c.exe", "TargetProcessId": "7204", "RuleName": "-", "StartAddress": "15221600", "SourceProcessGuid": "{C784477D-B532-650D-6F06-000000003400}"}}, {"values": {"EventID": "8", "TargetImage": "C:\\Windows\\SysWOW64\\explorer.exe", "TargetProcessGuid": "{C784477D-B53B-650D-7506-000000003400}", "NewThreadId": "4704", "StartModule": "-", "UtcTime": "1695397179", "StartFunction": "-", "SourceProcessId": "5380", "SourceImage": "C:\\b97172c\\b97172c.exe", "TargetProcessId": "8084", "RuleName": "-", "SourceProcessGuid": "{C784477D-B53A-650D-7406-000000003400}", "StartAddress": "11879264"}}, {"values": {"EventID": "8", "TargetImage": "C:\\Windows\\SysWOW64\\explorer.exe", "TargetProcessGuid": "{C784477D-B543-650D-7A06-000000003400}", "NewThreadId": "5628", "StartModule": "-", "SourceProcessId": "8144", "StartFunction": "-", "UtcTime": "1695397187", "SourceImage": "C:\\Users\\george\\AppData\\Roaming\\b97172c.exe", "TargetProcessId": "4920", "RuleName": "-", "SourceProcessGuid": "{C784477D-B542-650D-7906-000000003400}", "StartAddress": "15221600"}}, {"values": {"EventID": "8", "TargetImage": "C:\\Windows\\SysWOW64\\explorer.exe", "TargetProcessGuid": "{C784477D-B54B-650D-7F06-000000003400}", "NewThreadId": "3356", "StartModule": "-", "SourceProcessId": "5472", "StartFunction": "-", "UtcTime": "1695397195", "SourceImage": "C:\\Users\\george\\AppData\\Roaming\\Microsoft\\Windows\\Start Menu\\Programs\\Startup\\b97172c.exe", "TargetProcessId": "3404", "RuleName": "-", "StartAddress": "6964064", "SourceProcessGuid": "{C784477D-B54A-650D-7E06-000000003400}"}}], "rule_level": "high", "rule_description": "Detects uncommon target processes for remote thread creation", "rule_source": "Sigma Integrated Rule Set (GitHub)", "rule_title": "Remote Thread Creation In Uncommon Target Image", "rule_id": "ea7ec9e92c165a4cef023fd658ef72279f03378ab53f4481eb973ecb2171b193", "rule_author": "Florian Roth (Nextron Systems)"}, {"match_context": [{"values": {"EventID": "13", "ProcessId": "3356", "EventType": "SetValue", "Image": "C:\\Windows\\SysWOW64\\explorer.exe", "RuleName": "T1060,RunKey", "UtcTime": "1695397117", "Details": "C:\\b97172c\\b97172c.exe", "ProcessGuid": "{C784477D-B4FD-650D-5006-000000003400}", "TargetObject": "HKU\\S-1-5-21-1015118539-3749460369-599379286-1001\\Software\\Microsoft\\Windows\\CurrentVersion\\Run\\b97172"}}, {"values": {"EventID": "13", "ProcessId": "3356", "EventType": "SetValue", "Image": "C:\\Windows\\SysWOW64\\explorer.exe", "RuleName": "T1060,RunKey", "UtcTime": "1695397117", "Details": "C:\\b97172c\\b97172c.exe", "ProcessGuid": "{C784477D-B4FD-650D-5006-000000003400}", "TargetObject": "HKU\\S-1-5-21-1015118539-3749460369-599379286-1001\\Software\\Microsoft\\Windows\\CurrentVersion\\RunOnce\\*97172"}}, {"values": {"EventID": "13", "ProcessId": "3356", "EventType": "SetValue", "Image": "C:\\Windows\\SysWOW64\\explorer.exe", "RuleName": "T1060,RunKey", "UtcTime": "1695397117", "Details": "C:\\Users\\george\\AppData\\Roaming\\b97172c.exe", "ProcessGuid": "{C784477D-B4FD-650D-5006-000000003400}", "TargetObject": "HKU\\S-1-5-21-1015118539-3749460369-599379286-1001\\Software\\Microsoft\\Windows\\CurrentVersion\\Run\\b97172c"}}, {"values": {"EventID": "13", "ProcessId": "3356", "EventType": "SetValue", "Image": "C:\\Windows\\SysWOW64\\explorer.exe", "ProcessGuid": "{C784477D-B4FD-650D-5006-000000003400}", "UtcTime": "1695397117", "Details": "C:\\Users\\george\\AppData\\Roaming\\b97172c.exe", "RuleName": "T1060,RunKey", "TargetObject": "HKU\\S-1-5-21-1015118539-3749460369-599379286-1001\\Software\\Microsoft\\Windows\\CurrentVersion\\RunOnce\\*97172c"}}], "rule_level": "medium", "rule_description": "Detects modification of autostart extensibility point (ASEP) in registry.", "rule_source": "Sigma Integrated Rule Set (GitHub)", "rule_title": "CurrentVersion Autorun Keys Modification", "rule_id": "8b5db9da5732dc549b0e8b56fe5933d7c95ed760f3ac20568ab95347ef8c5bcc", "rule_author": "Victor Sergeev, Daniil Yugoslavskiy, Gleb Sukhodolskiy, Timur Zinniatullin, oscd.community, Tim Shelton, frack113 (split)"}, {"match_context": [{"values": {"TerminalSessionId": "1", "ProcessGuid": "{C784477D-B4FF-650D-5206-000000003400}", "ProcessId": "5804", "Product": "Microsoft\\xae Windows\\xae Operating System", "Description": "Command Line Interface for Microsoft\\xae Volume Shadow Copy Service ", "Company": "Microsoft Corporation", "ParentProcessGuid": "{C784477D-B4FD-650D-5006-000000003400}", "User": "DESKTOP-B0T93D6\\george", "Hashes": "MD5=7E30B94672107D3381A1D175CF18C147,SHA256=BB1D73C5104A722F228B39CCB24C6F2BB13EFCCA2EA65B013D33433550E3BCE7,IMPHASH=B8C53607A902DC54702978C63D6E8B2E", "OriginalFileName": "VSSADMIN.EXE", "ParentImage": "C:\\Windows\\SysWOW64\\explorer.exe", "FileVersion": "10.0.17134.1 (WinBuild.160101.0800)", "ParentProcessId": "3356", "CurrentDirectory": "C:\\Users\\george\\Desktop\\", "CommandLine": "vssadmin.exe Delete Shadows /All /Quiet", "EventID": "1", "LogonGuid": "C784477D-5F72-64E4-31D8-030000000000", "LogonId": "251953", "Image": "C:\\Windows\\SysWOW64\\vssadmin.exe", "IntegrityLevel": "High", "ParentCommandLine": "\"C:\\Windows\\syswow64\\explorer.exe\"", "UtcTime": "1695397119", "RuleName": "-"}}, {"values": {"TerminalSessionId": "1", "ProcessGuid": "{C784477D-B50B-650D-5906-000000003400}", "ProcessId": "7380", "Product": "Microsoft\\xae Windows\\xae Operating System", "Description": "Command Line Interface for Microsoft\\xae Volume Shadow Copy Service ", "Company": "Microsoft Corporation", "ParentProcessGuid": "{C784477D-B50A-650D-5706-000000003400}", "User": "DESKTOP-B0T93D6\\george", "Hashes": "MD5=7E30B94672107D3381A1D175CF18C147,SHA256=BB1D73C5104A722F228B39CCB24C6F2BB13EFCCA2EA65B013D33433550E3BCE7,IMPHASH=B8C53607A902DC54702978C63D6E8B2E", "OriginalFileName": "VSSADMIN.EXE", "ParentImage": "C:\\Windows\\SysWOW64\\explorer.exe", "FileVersion": "10.0.17134.1 (WinBuild.160101.0800)", "ParentProcessId": "268", "CurrentDirectory": "C:\\b97172c\\", "CommandLine": "vssadmin.exe Delete Shadows /All /Quiet", "EventID": "1", "LogonGuid": "C784477D-5F72-64E4-A1D8-030000000000", "LogonId": "252065", "Image": "C:\\Windows\\SysWOW64\\vssadmin.exe", "IntegrityLevel": "Medium", "ParentCommandLine": "\"C:\\Windows\\syswow64\\explorer.exe\"", "UtcTime": "1695397131", "RuleName": "-"}}, {"values": {"TerminalSessionId": "1", "ProcessGuid": "{C784477D-B513-650D-5E06-000000003400}", "ProcessId": "8164", "Product": "Microsoft\\xae Windows\\xae Operating System", "Description": "Command Line Interface for Microsoft\\xae Volume Shadow Copy Service ", "Company": "Microsoft Corporation", "ParentProcessGuid": "{C784477D-B512-650D-5C06-000000003400}", "User": "DESKTOP-B0T93D6\\george", "Hashes": "MD5=7E30B94672107D3381A1D175CF18C147,SHA256=BB1D73C5104A722F228B39CCB24C6F2BB13EFCCA2EA65B013D33433550E3BCE7,IMPHASH=B8C53607A902DC54702978C63D6E8B2E", "OriginalFileName": "VSSADMIN.EXE", "ParentImage": "C:\\Windows\\SysWOW64\\explorer.exe", "FileVersion": "10.0.17134.1 (WinBuild.160101.0800)", "ParentProcessId": "5612", "CurrentDirectory": "C:\\Users\\george\\AppData\\Roaming\\", "CommandLine": "vssadmin.exe Delete Shadows /All /Quiet", "EventID": "1", "LogonGuid": "C784477D-5F72-64E4-A1D8-030000000000", "LogonId": "252065", "Image": "C:\\Windows\\SysWOW64\\vssadmin.exe", "IntegrityLevel": "Medium", "ParentCommandLine": "\"C:\\Windows\\syswow64\\explorer.exe\"", "UtcTime": "1695397139", "RuleName": "-"}}, {"values": {"TerminalSessionId": "1", "ProcessGuid": "{C784477D-B51B-650D-6306-000000003400}", "ProcessId": "2404", "Product": "Microsoft\\xae Windows\\xae Operating System", "Description": "Command Line Interface for Microsoft\\xae Volume Shadow Copy Service ", "Company": "Microsoft Corporation", "ParentProcessGuid": "{C784477D-B51B-650D-6106-000000003400}", "User": "DESKTOP-B0T93D6\\george", "Hashes": "MD5=7E30B94672107D3381A1D175CF18C147,SHA256=BB1D73C5104A722F228B39CCB24C6F2BB13EFCCA2EA65B013D33433550E3BCE7,IMPHASH=B8C53607A902DC54702978C63D6E8B2E", "OriginalFileName": "VSSADMIN.EXE", "ParentImage": "C:\\Windows\\SysWOW64\\explorer.exe", "FileVersion": "10.0.17134.1 (WinBuild.160101.0800)", "ParentProcessId": "5408", "CurrentDirectory": "C:\\b97172c\\", "CommandLine": "vssadmin.exe Delete Shadows /All /Quiet", "EventID": "1", "LogonGuid": "C784477D-5F72-64E4-A1D8-030000000000", "LogonId": "252065", "Image": "C:\\Windows\\SysWOW64\\vssadmin.exe", "IntegrityLevel": "Medium", "ParentCommandLine": "\"C:\\Windows\\syswow64\\explorer.exe\"", "UtcTime": "1695397147", "RuleName": "-"}}, {"values": {"TerminalSessionId": "1", "ProcessGuid": "{C784477D-B523-650D-6806-000000003400}", "ProcessId": "7684", "Product": "Microsoft\\xae Windows\\xae Operating System", "Description": "Command Line Interface for Microsoft\\xae Volume Shadow Copy Service ", "Company": "Microsoft Corporation", "ParentProcessGuid": "{C784477D-B523-650D-6606-000000003400}", "User": "DESKTOP-B0T93D6\\george", "Hashes": "MD5=7E30B94672107D3381A1D175CF18C147,SHA256=BB1D73C5104A722F228B39CCB24C6F2BB13EFCCA2EA65B013D33433550E3BCE7,IMPHASH=B8C53607A902DC54702978C63D6E8B2E", "OriginalFileName": "VSSADMIN.EXE", "ParentImage": "C:\\Windows\\SysWOW64\\explorer.exe", "FileVersion": "10.0.17134.1 (WinBuild.160101.0800)", "ParentProcessId": "7976", "CurrentDirectory": "C:\\Users\\george\\AppData\\Roaming\\", "CommandLine": "vssadmin.exe Delete Shadows /All /Quiet", "EventID": "1", "LogonGuid": "C784477D-5F72-64E4-A1D8-030000000000", "LogonId": "252065", "Image": "C:\\Windows\\SysWOW64\\vssadmin.exe", "IntegrityLevel": "Medium", "ParentCommandLine": "\"C:\\Windows\\syswow64\\explorer.exe\"", "UtcTime": "1695397155", "RuleName": "-"}}, {"values": {"TerminalSessionId": "1", "ProcessGuid": "{C784477D-B52B-650D-6D06-000000003400}", "ProcessId": "1368", "Product": "Microsoft\\xae Windows\\xae Operating System", "Description": "Command Line Interface for Microsoft\\xae Volume Shadow Copy Service ", "Company": "Microsoft Corporation", "ParentProcessGuid": "{C784477D-B52B-650D-6B06-000000003400}", "User": "DESKTOP-B0T93D6\\george", "Hashes": "MD5=7E30B94672107D3381A1D175CF18C147,SHA256=BB1D73C5104A722F228B39CCB24C6F2BB13EFCCA2EA65B013D33433550E3BCE7,IMPHASH=B8C53607A902DC54702978C63D6E8B2E", "OriginalFileName": "VSSADMIN.EXE", "ParentImage": "C:\\Windows\\SysWOW64\\explorer.exe", "FileVersion": "10.0.17134.1 (WinBuild.160101.0800)", "ParentProcessId": "4952", "CurrentDirectory": "C:\\b97172c\\", "CommandLine": "vssadmin.exe Delete Shadows /All /Quiet", "EventID": "1", "LogonGuid": "C784477D-5F72-64E4-A1D8-030000000000", "LogonId": "252065", "Image": "C:\\Windows\\SysWOW64\\vssadmin.exe", "IntegrityLevel": "Medium", "ParentCommandLine": "\"C:\\Windows\\syswow64\\explorer.exe\"", "UtcTime": "1695397163", "RuleName": "-"}}, {"values": {"TerminalSessionId": "1", "ProcessGuid": "{C784477D-B533-650D-7206-000000003400}", "ProcessId": "7364", "Product": "Microsoft\\xae Windows\\xae Operating System", "Description": "Command Line Interface for Microsoft\\xae Volume Shadow Copy Service ", "Company": "Microsoft Corporation", "ParentProcessGuid": "{C784477D-B533-650D-7006-000000003400}", "User": "DESKTOP-B0T93D6\\george", "Hashes": "MD5=7E30B94672107D3381A1D175CF18C147,SHA256=BB1D73C5104A722F228B39CCB24C6F2BB13EFCCA2EA65B013D33433550E3BCE7,IMPHASH=B8C53607A902DC54702978C63D6E8B2E", "OriginalFileName": "VSSADMIN.EXE", "ParentImage": "C:\\Windows\\SysWOW64\\explorer.exe", "FileVersion": "10.0.17134.1 (WinBuild.160101.0800)", "ParentProcessId": "7204", "CurrentDirectory": "C:\\Users\\george\\AppData\\Roaming\\", "CommandLine": "vssadmin.exe Delete Shadows /All /Quiet", "EventID": "1", "LogonGuid": "C784477D-5F72-64E4-A1D8-030000000000", "LogonId": "252065", "Image": "C:\\Windows\\SysWOW64\\vssadmin.exe", "IntegrityLevel": "Medium", "ParentCommandLine": "\"C:\\Windows\\syswow64\\explorer.exe\"", "UtcTime": "1695397171", "RuleName": "-"}}, {"values": {"TerminalSessionId": "1", "ProcessGuid": "{C784477D-B53B-650D-7706-000000003400}", "ProcessId": "3092", "Product": "Microsoft\\xae Windows\\xae Operating System", "Description": "Command Line Interface for Microsoft\\xae Volume Shadow Copy Service ", "Company": "Microsoft Corporation", "ParentProcessGuid": "{C784477D-B53B-650D-7506-000000003400}", "User": "DESKTOP-B0T93D6\\george", "Hashes": "MD5=7E30B94672107D3381A1D175CF18C147,SHA256=BB1D73C5104A722F228B39CCB24C6F2BB13EFCCA2EA65B013D33433550E3BCE7,IMPHASH=B8C53607A902DC54702978C63D6E8B2E", "OriginalFileName": "VSSADMIN.EXE", "ParentImage": "C:\\Windows\\SysWOW64\\explorer.exe", "FileVersion": "10.0.17134.1 (WinBuild.160101.0800)", "ParentProcessId": "8084", "CurrentDirectory": "C:\\b97172c\\", "CommandLine": "vssadmin.exe Delete Shadows /All /Quiet", "EventID": "1", "LogonGuid": "C784477D-5F72-64E4-A1D8-030000000000", "LogonId": "252065", "Image": "C:\\Windows\\SysWOW64\\vssadmin.exe", "IntegrityLevel": "Medium", "ParentCommandLine": "\"C:\\Windows\\syswow64\\explorer.exe\"", "UtcTime": "1695397179", "RuleName": "-"}}, {"values": {"TerminalSessionId": "1", "ProcessGuid": "{C784477D-B544-650D-7C06-000000003400}", "ProcessId": "3468", "Product": "Microsoft\\xae Windows\\xae Operating System", "Description": "Command Line Interface for Microsoft\\xae Volume Shadow Copy Service ", "Company": "Microsoft Corporation", "ParentProcessGuid": "{C784477D-B543-650D-7A06-000000003400}", "User": "DESKTOP-B0T93D6\\george", "Hashes": "MD5=7E30B94672107D3381A1D175CF18C147,SHA256=BB1D73C5104A722F228B39CCB24C6F2BB13EFCCA2EA65B013D33433550E3BCE7,IMPHASH=B8C53607A902DC54702978C63D6E8B2E", "OriginalFileName": "VSSADMIN.EXE", "ParentImage": "C:\\Windows\\SysWOW64\\explorer.exe", "FileVersion": "10.0.17134.1 (WinBuild.160101.0800)", "ParentProcessId": "4920", "CurrentDirectory": "C:\\Users\\george\\AppData\\Roaming\\", "CommandLine": "vssadmin.exe Delete Shadows /All /Quiet", "EventID": "1", "LogonGuid": "C784477D-5F72-64E4-A1D8-030000000000", "LogonId": "252065", "Image": "C:\\Windows\\SysWOW64\\vssadmin.exe", "IntegrityLevel": "Medium", "ParentCommandLine": "\"C:\\Windows\\syswow64\\explorer.exe\"", "UtcTime": "1695397188", "RuleName": "-"}}, {"values": {"TerminalSessionId": "1", "ProcessGuid": "{C784477D-B54C-650D-8106-000000003400}", "ProcessId": "8040", "Product": "Microsoft\\xae Windows\\xae Operating System", "Description": "Command Line Interface for Microsoft\\xae Volume Shadow Copy Service ", "Company": "Microsoft Corporation", "ParentProcessGuid": "{C784477D-B54B-650D-7F06-000000003400}", "User": "DESKTOP-B0T93D6\\george", "Hashes": "MD5=7E30B94672107D3381A1D175CF18C147,SHA256=BB1D73C5104A722F228B39CCB24C6F2BB13EFCCA2EA65B013D33433550E3BCE7,IMPHASH=B8C53607A902DC54702978C63D6E8B2E", "OriginalFileName": "VSSADMIN.EXE", "ParentImage": "C:\\Windows\\SysWOW64\\explorer.exe", "FileVersion": "10.0.17134.1 (WinBuild.160101.0800)", "ParentProcessId": "3404", "CurrentDirectory": "C:\\Users\\george\\AppData\\Roaming\\Microsoft\\Windows\\Start Menu\\Programs\\Startup\\", "CommandLine": "vssadmin.exe Delete Shadows /All /Quiet", "EventID": "1", "LogonGuid": "C784477D-5F72-64E4-A1D8-030000000000", "LogonId": "252065", "Image": "C:\\Windows\\SysWOW64\\vssadmin.exe", "IntegrityLevel": "Medium", "ParentCommandLine": "\"C:\\Windows\\syswow64\\explorer.exe\"", "UtcTime": "1695397196", "RuleName": "-"}}], "rule_level": "medium", "rule_description": "Detects suspicious process starts on Windows systems based on keywords", "rule_source": "SOC Prime Threat Detection Marketplace", "rule_title": "Suspicious Process Creation", "rule_id": "f09d5248ed8fc1a93251158bfda71f8144ccaf37fa922416ccd897498bff7c55", "rule_author": "Florian Roth"}, {"match_context": [{"values": {"EventID": "11", "ProcessId": "3356", "Image": "C:\\Windows\\SysWOW64\\explorer.exe", "ProcessGuid": "{C784477D-B4FD-650D-5006-000000003400}", "CreationUtcTime": "1695397117", "UtcTime": "1695397117", "RuleName": "EXE", "TargetFilename": "C:\\b97172c\\b97172c.exe"}}, {"values": {"EventID": "11", "ProcessId": "3356", "TargetFilename": "C:\\Users\\george\\AppData\\Roaming\\b97172c.exe", "ProcessGuid": "{C784477D-B4FD-650D-5006-000000003400}", "CreationUtcTime": "1695397117", "UtcTime": "1695397117", "RuleName": "EXE", "Image": "C:\\Windows\\SysWOW64\\explorer.exe"}}, {"values": {"EventID": "11", "ProcessId": "3356", "TargetFilename": "C:\\Users\\george\\AppData\\Roaming\\Microsoft\\Windows\\Start Menu\\Programs\\Startup\\b97172c.exe", "ProcessGuid": "{C784477D-B4FD-650D-5006-000000003400}", "CreationUtcTime": "1695397118", "UtcTime": "1695397118", "RuleName": "T1023", "Image": "C:\\Windows\\SysWOW64\\explorer.exe"}}, {"values": {"EventID": "11", "ProcessId": "268", "TargetFilename": "C:\\Users\\george\\AppData\\Roaming\\Microsoft\\Windows\\Start Menu\\Programs\\Startup\\b97172c.exe", "ProcessGuid": "{C784477D-B50A-650D-5706-000000003400}", "CreationUtcTime": "1695397118", "UtcTime": "1695397131", "RuleName": "T1023", "Image": "C:\\Windows\\SysWOW64\\explorer.exe"}}, {"values": {"EventID": "11", "ProcessId": "5612", "TargetFilename": "C:\\Users\\george\\AppData\\Roaming\\Microsoft\\Windows\\Start Menu\\Programs\\Startup\\b97172c.exe", "ProcessGuid": "{C784477D-B512-650D-5C06-000000003400}", "CreationUtcTime": "1695397118", "UtcTime": "1695397139", "RuleName": "T1023", "Image": "C:\\Windows\\SysWOW64\\explorer.exe"}}, {"values": {"EventID": "11", "ProcessId": "5408", "Image": "C:\\Windows\\SysWOW64\\explorer.exe", "RuleName": "T1023", "CreationUtcTime": "1695397118", "UtcTime": "1695397147", "ProcessGuid": "{C784477D-B51B-650D-6106-000000003400}", "TargetFilename": "C:\\Users\\george\\AppData\\Roaming\\Microsoft\\Windows\\Start Menu\\Programs\\Startup\\b97172c.exe"}}, 