{"values": {"TerminalSessionId": "1", "ProcessGuid": "{C784477D-2A29-646B-3E06-000000004400}", "ProcessId": "7480", "Product": "Microsoft\\xae Windows\\xae Operating System", "Description": "Net Command", "Company": "Microsoft Corporation", "ParentProcessGuid": "{C784477D-2A25-646B-3606-000000004400}", "User": "DESKTOP-B0T93D6\\george", "Hashes": "MD5=15534275EDAABC58159DD0F8607A71E5,SHA256=E9739D544EE0D428696036CBD656C41DCC505B67CC43DBA7C6BEC4E3959282AC,IMPHASH=EB2C2924EA23E1A5FB0E3F53F46CB709", "OriginalFileName": "net.exe", "ParentImage": "C:\\Users\\george\\Desktop\\software.exe", "FileVersion": "10.0.17134.1 (WinBuild.160101.0800)", "ParentProcessId": "7276", "CurrentDirectory": "C:\\Users\\george\\Desktop\\", "CommandLine": "\"net.exe\" stop mfewc /y", "EventID": "1", "LogonGuid": "C784477D-581F-6441-DAC7-030000000000", "LogonId": "247770", "Image": "C:\\Windows\\System32\\net.exe", "IntegrityLevel": "High", "ParentCommandLine": "\"C:\\Users\\george\\Desktop\\software.exe\"", "UtcTime": "1684744745", "RuleName": "-"}}, {"values": {"TerminalSessionId": "1", "ProcessGuid": "{C784477D-2A29-646B-4006-000000004400}", "ProcessId": "7576", "Product": "Microsoft\\xae Windows\\xae Operating System", "Description": "Net Command", "Company": "Microsoft Corporation", "ParentProcessGuid": "{C784477D-2A29-646B-3E06-000000004400}", "User": "DESKTOP-B0T93D6\\george", "Hashes": "MD5=AF569DE92AB6C1B9C681AF1E799F9983,SHA256=FFC30745BE3B6C2771FC4B2993CFF50B5226B271C412467E97B1DC1086DEA888,IMPHASH=5322AC1A3CFF9C8A2AE16A789E26231E", "OriginalFileName": "net1.exe", "ParentImage": "C:\\Windows\\System32\\net.exe", "FileVersion": "10.0.17134.1 (WinBuild.160101.0800)", "ParentProcessId": "7480", "CurrentDirectory": "C:\\Users\\george\\Desktop\\", "CommandLine": "C:\\Windows\\system32\\net1 stop mfewc /y", "EventID": "1", "LogonGuid": "C784477D-581F-6441-DAC7-030000000000", "LogonId": "247770", "Image": "C:\\Windows\\System32\\net1.exe", "IntegrityLevel": "High", "ParentCommandLine": "\"net.exe\" stop mfewc /y", "UtcTime": "1684744745", "RuleName": "-"}}, {"values": {"TerminalSessionId": "1", "ProcessGuid": "{C784477D-2A29-646B-4106-000000004400}", "ProcessId": "7564", "Product": "Microsoft\\xae Windows\\xae Operating System", "Description": "Net Command", "Company": "Microsoft Corporation", "ParentProcessGuid": "{C784477D-2A25-646B-3606-000000004400}", "User": "DESKTOP-B0T93D6\\george", "Hashes": "MD5=15534275EDAABC58159DD0F8607A71E5,SHA256=E9739D544EE0D428696036CBD656C41DCC505B67CC43DBA7C6BEC4E3959282AC,IMPHASH=EB2C2924EA23E1A5FB0E3F53F46CB709", "OriginalFileName": "net.exe", "ParentImage": "C:\\Users\\george\\Desktop\\software.exe", "FileVersion": "10.0.17134.1 (WinBuild.160101.0800)", "ParentProcessId": "7276", "CurrentDirectory": "C:\\Users\\george\\Desktop\\", "CommandLine": "\"net.exe\" stop BMR Boot Service /y", "EventID": "1", "LogonGuid": "C784477D-581F-6441-DAC7-030000000000", "LogonId": "247770", "Image": "C:\\Windows\\System32\\net.exe", "IntegrityLevel": "High", "ParentCommandLine": "\"C:\\Users\\george\\Desktop\\software.exe\"", "UtcTime": "1684744745", "RuleName": "-"}}, {"values": {"TerminalSessionId": "1", "ProcessGuid": "{C784477D-2A29-646B-4306-000000004400}", "ProcessId": "3292", "Product": "Microsoft\\xae Windows\\xae Operating System", "Description": "Net Command", "Company": "Microsoft Corporation", "ParentProcessGuid": "{C784477D-2A29-646B-4106-000000004400}", "User": "DESKTOP-B0T93D6\\george", "Hashes": "MD5=AF569DE92AB6C1B9C681AF1E799F9983,SHA256=FFC30745BE3B6C2771FC4B2993CFF50B5226B271C412467E97B1DC1086DEA888,IMPHASH=5322AC1A3CFF9C8A2AE16A789E26231E", "OriginalFileName": "net1.exe", "ParentImage": "C:\\Windows\\System32\\net.exe", "FileVersion": "10.0.17134.1 (WinBuild.160101.0800)", "ParentProcessId": "7564", "CurrentDirectory": "C:\\Users\\george\\Desktop\\", "CommandLine": "C:\\Windows\\system32\\net1 stop BMR Boot Service /y", "EventID": "1", "LogonGuid": "C784477D-581F-6441-DAC7-030000000000", "LogonId": "247770", "Image": "C:\\Windows\\System32\\net1.exe", "IntegrityLevel": "High", "ParentCommandLine": "\"net.exe\" stop BMR Boot Service /y", "UtcTime": "1684744745", "RuleName": "-"}}, {"values": {"TerminalSessionId": "1", "ProcessGuid": "{C784477D-2A2A-646B-4406-000000004400}", "ProcessId": "3384", "Product": "Microsoft\\xae Windows\\xae Operating System", "Description": "Net Command", "Company": "Microsoft Corporation", "ParentProcessGuid": "{C784477D-2A25-646B-3606-000000004400}", "User": "DESKTOP-B0T93D6\\george", "Hashes": "MD5=15534275EDAABC58159DD0F8607A71E5,SHA256=E9739D544EE0D428696036CBD656C41DCC505B67CC43DBA7C6BEC4E3959282AC,IMPHASH=EB2C2924EA23E1A5FB0E3F53F46CB709", "OriginalFileName": "net.exe", "ParentImage": "C:\\Users\\george\\Desktop\\software.exe", "FileVersion": "10.0.17134.1 (WinBuild.160101.0800)", "ParentProcessId": "7276", "CurrentDirectory": "C:\\Users\\george\\Desktop\\", "CommandLine": "\"net.exe\" stop NetBackup BMR MTFTP Service /y", "EventID": "1", "LogonGuid": "C784477D-581F-6441-DAC7-030000000000", "LogonId": "247770", "Image": "C:\\Windows\\System32\\net.exe", "IntegrityLevel": "High", "ParentCommandLine": "\"C:\\Users\\george\\Desktop\\software.exe\"", "UtcTime": "1684744746", "RuleName": "-"}}, {"values": {"TerminalSessionId": "1", "ProcessGuid": "{C784477D-2A2A-646B-4606-000000004400}", "ProcessId": "7724", "Product": "Microsoft\\xae Windows\\xae Operating System", "Description": "Net Command", "Company": "Microsoft Corporation", "ParentProcessGuid": "{C784477D-2A2A-646B-4406-000000004400}", "User": "DESKTOP-B0T93D6\\george", "Hashes": "MD5=AF569DE92AB6C1B9C681AF1E799F9983,SHA256=FFC30745BE3B6C2771FC4B2993CFF50B5226B271C412467E97B1DC1086DEA888,IMPHASH=5322AC1A3CFF9C8A2AE16A789E26231E", "OriginalFileName": "net1.exe", "ParentImage": "C:\\Windows\\System32\\net.exe", "FileVersion": "10.0.17134.1 (WinBuild.160101.0800)", "ParentProcessId": "3384", "CurrentDirectory": "C:\\Users\\george\\Desktop\\", "CommandLine": "C:\\Windows\\system32\\net1 stop NetBackup BMR MTFTP Service /y", "EventID": "1", "LogonGuid": "C784477D-581F-6441-DAC7-030000000000", "LogonId": "247770", "Image": "C:\\Windows\\System32\\net1.exe", "IntegrityLevel": "High", "ParentCommandLine": "\"net.exe\" stop NetBackup BMR MTFTP Service /y", "UtcTime": "1684744746", "RuleName": "-"}}], "rule_level": "low", "rule_description": "Detects the stopping of a Windows service", "rule_source": "Sigma Integrated Rule Set (GitHub)", "rule_title": "Stop Windows Service Via Net.EXE", "rule_id": "5b84c64b930b911c8206935d6c61b2a128347a34d495da3ea3523cdf5397c3ef", "rule_author": "Jakob Weinzettl, oscd.community, Nasreddine Bencherchali (Nextron Systems)"}, {"match_context": [{"values": {"EventID": "11", "ProcessId": "7276", "TargetFilename": "C:\\Users\\george\\AppData\\Local\\Temp\\ixjhk3jq.exe", "ProcessGuid": "{C784477D-2A25-646B-3606-000000004400}", "CreationUtcTime": "1684744744", "UtcTime": "1684744744", "RuleName": "EXE", "Image": "C:\\Users\\george\\Desktop\\software.exe"}}], "rule_level": "low", "rule_description": "Detects the creation of an executable by another executable", "rule_source": "Sigma Integrated Rule Set (GitHub)", "rule_title": "Creation of an Executable by an Executable", "rule_id": "b5386a23355681c43cfbd2f2ccfe4b16ed45324d0d7b5583487a9f302ee1e427", "rule_author": "frack113"}, {"match_context": [{"values": {"TerminalSessionId": "1", "ProcessGuid": "{C784477D-2A2B-646B-4F06-000000004400}", "ProcessId": "7844", "Product": "Microsoft\\xae Windows\\xae Operating System", "Description": "Terminates Processes", "Company": "Microsoft Corporation", "ParentProcessGuid": "{C784477D-2A25-646B-3606-000000004400}", "User": "DESKTOP-B0T93D6\\george", "Hashes": "MD5=530C6A6CBA137EAA7021CEF9B234E8D4,SHA256=26B9B184C2F7F60811C0C4CB25C12568D996AC1ECE0EF64AA1B9E8F39AEA74D7,IMPHASH=100938B32F577E925618EA395A8C469B", "OriginalFileName": "taskkill.exe", "ParentImage": "C:\\Users\\george\\Desktop\\software.exe", "FileVersion": "10.0.17134.1 (WinBuild.160101.0800)", "ParentProcessId": "7276", "CurrentDirectory": "C:\\Users\\george\\Desktop\\", "CommandLine": "\"taskkill.exe\" /IM mspub.exe /F", "EventID": "1", "LogonGuid": "C784477D-581F-6441-DAC7-030000000000", "LogonId": "247770", "Image": "C:\\Windows\\System32\\taskkill.exe", "IntegrityLevel": "High", "ParentCommandLine": "\"C:\\Users\\george\\Desktop\\software.exe\"", "UtcTime": "1684744747", "RuleName": "-"}}, {"values": {"TerminalSessionId": "1", "ProcessGuid": "{C784477D-2A2B-646B-5106-000000004400}", "ProcessId": "1444", "Product": "Microsoft\\xae Windows\\xae Operating System", "Description": "Terminates Processes", "Company": "Microsoft Corporation", "ParentProcessGuid": "{C784477D-2A25-646B-3606-000000004400}", "User": "DESKTOP-B0T93D6\\george", "Hashes": "MD5=530C6A6CBA137EAA7021CEF9B234E8D4,SHA256=26B9B184C2F7F60811C0C4CB25C12568D996AC1ECE0EF64AA1B9E8F39AEA74D7,IMPHASH=100938B32F577E925618EA395A8C469B", "OriginalFileName": "taskkill.exe", "ParentImage": "C:\\Users\\george\\Desktop\\software.exe", "FileVersion": "10.0.17134.1 (WinBuild.160101.0800)", "ParentProcessId": "7276", "CurrentDirectory": "C:\\Users\\george\\Desktop\\", "CommandLine": "\"taskkill.exe\" /IM mydesktopqos.exe /F", "EventID": "1", "LogonGuid": "C784477D-581F-6441-DAC7-030000000000", "LogonId": "247770", "Image": "C:\\Windows\\System32\\taskkill.exe", "IntegrityLevel": "High", "ParentCommandLine": "\"C:\\Users\\george\\Desktop\\software.exe\"", "UtcTime": "1684744747", "RuleName": "-"}}, {"values": {"TerminalSessionId": "1", "ProcessGuid": "{C784477D-2A2C-646B-5306-000000004400}", "ProcessId": "3532", "Product": "Microsoft\\xae Windows\\xae Operating System", "Description": "Terminates Processes", "Company": "Microsoft Corporation", "ParentProcessGuid": "{C784477D-2A25-646B-3606-000000004400}", "User": "DESKTOP-B0T93D6\\george", "Hashes": "MD5=530C6A6CBA137EAA7021CEF9B234E8D4,SHA256=26B9B184C2F7F60811C0C4CB25C12568D996AC1ECE0EF64AA1B9E8F39AEA74D7,IMPHASH=100938B32F577E925618EA395A8C469B", "OriginalFileName": "taskkill.exe", "ParentImage": "C:\\Users\\george\\Desktop\\software.exe", "FileVersion": "10.0.17134.1 (WinBuild.160101.0800)", "ParentProcessId": "7276", "CurrentDirectory": "C:\\Users\\george\\Desktop\\", "CommandLine": "\"taskkill.exe\" /IM mydesktopservice.exe /F", "EventID": "1", "LogonGuid": "C784477D-581F-6441-DAC7-030000000000", "LogonId": "247770", "Image": "C:\\Windows\\System32\\taskkill.exe", "IntegrityLevel": "High", "ParentCommandLine": "\"C:\\Users\\george\\Desktop\\software.exe\"", "UtcTime": "1684744748", "RuleName": "-"}}], "rule_level": "low", "rule_description": "Adversaries may stop services or processes in order to conduct Data Destruction or Data Encrypted for Impact on the data stores of services like Exchange and SQL Server.", "rule_source": "Sigma Integrated Rule Set (GitHub)", "rule_title": "Suspicious Execution of Taskkill", "rule_id": "cd06da2f3978bdb24b3f3c8f83c7df917a910c6b29921d0e375e418f340d8f3d", "rule_author": "frack113"}, {"match_context": [{"values": {"TerminalSessionId": "1", "ProcessGuid": "{C784477D-2A28-646B-3806-000000004400}", "ProcessId": "4292", "Product": "Microsoft\\xae Windows\\xae Operating System", "Description": "Net Command", "Company": "Microsoft Corporation", "ParentProcessGuid": "{C784477D-2A25-646B-3606-000000004400}", "User": "DESKTOP-B0T93D6\\george", "Hashes": "MD5=15534275EDAABC58159DD0F8607A71E5,SHA256=E9739D544EE0D428696036CBD656C41DCC505B67CC43DBA7C6BEC4E3959282AC,IMPHASH=EB2C2924EA23E1A5FB0E3F53F46CB709", "OriginalFileName": "net.exe", "ParentImage": "C:\\Users\\george\\Desktop\\software.exe", "FileVersion": "10.0.17134.1 (WinBuild.160101.0800)", "ParentProcessId": "7276", "CurrentDirectory": "C:\\Users\\george\\Desktop\\", "CommandLine": "\"net.exe\" stop avpsus /y", "EventID": "1", "LogonGuid": "C784477D-581F-6441-DAC7-030000000000", "LogonId": "247770", "Image": "C:\\Windows\\System32\\net.exe", "IntegrityLevel": "High", "ParentCommandLine": "\"C:\\Users\\george\\Desktop\\software.exe\"", "UtcTime": "1684744744", "RuleName": "-"}}, {"values": {"TerminalSessionId": "1", "ProcessGuid": "{C784477D-2A28-646B-3A06-000000004400}", "ProcessId": "4040", "Product": "Microsoft\\xae Windows\\xae Operating System", "Description": "Net Command", "Company": "Microsoft Corporation", "ParentProcessGuid": "{C784477D-2A28-646B-3806-000000004400}", "User": "DESKTOP-B0T93D6\\george", "Hashes": "MD5=AF569DE92AB6C1B9C681AF1E799F9983,SHA256=FFC30745BE3B6C2771FC4B2993CFF50B5226B271C412467E97B1DC1086DEA888,IMPHASH=5322AC1A3CFF9C8A2AE16A789E26231E", "OriginalFileName": "net1.exe", "ParentImage": "C:\\Windows\\System32\\net.exe", "FileVersion": "10.0.17134.1 (WinBuild.160101.0800)", "ParentProcessId": "4292", "CurrentDirectory": "C:\\Users\\george\\Desktop\\", "CommandLine": "C:\\Windows\\system32\\net1 stop avpsus /y", "EventID": "1", "LogonGuid": "C784477D-581F-6441-DAC7-030000000000", "LogonId": "247770", "Image": "C:\\Windows\\System32\\net1.exe", "IntegrityLevel": "High", "ParentCommandLine": "\"net.exe\" stop avpsus /y", "UtcTime": "1684744744", "RuleName": "-"}}, {"values": {"TerminalSessionId": "1", "ProcessGuid": "{C784477D-2A28-646B-3B06-000000004400}", "ProcessId": "1692", "Product": "Microsoft\\xae Windows\\xae Operating System", "Description": "Net Command", "Company": "Microsoft Corporation", "ParentProcessGuid": "{C784477D-2A25-646B-3606-000000004400}", "User": "DESKTOP-B0T93D6\\george", "Hashes": "MD5=15534275EDAABC58159DD0F8607A71E5,SHA256=E9739D544EE0D428696036CBD656C41DCC505B67CC43DBA7C6BEC4E3959282AC,IMPHASH=EB2C2924EA23E1A5FB0E3F53F46CB709", "OriginalFileName": "net.exe", "ParentImage": "C:\\Users\\george\\Desktop\\software.exe", "FileVersion": "10.0.17134.1 (WinBuild.160101.0800)", "ParentProcessId": "7276", "CurrentDirectory": "C:\\Users\\george\\Desktop\\", "CommandLine": "\"net.exe\" stop McAfeeDLPAgentService /y", "EventID": "1", "LogonGuid": "C784477D-581F-6441-DAC7-030000000000", "LogonId": "247770", "Image": "C:\\Windows\\System32\\net.exe", "IntegrityLevel": "High", "ParentCommandLine": "\"C:\\Users\\george\\Desktop\\software.exe\"", "UtcTime": "1684744744", "RuleName": "-"}}, {"values": {"TerminalSessionId": "1", "ProcessGuid": "{C784477D-2A28-646B-3D06-000000004400}", "ProcessId": "7440", "Product": "Microsoft\\xae Windows\\xae Operating System", "Description": "Net Command", "Company": "Microsoft Corporation", "ParentProcessGuid": "{C784477D-2A28-646B-3B06-000000004400}", "User": "DESKTOP-B0T93D6\\george", "Hashes": "MD5=AF569DE92AB6C1B9C681AF1E799F9983,SHA256=FFC30745BE3B6C2771FC4B2993CFF50B5226B271C412467E97B1DC1086DEA888,IMPHASH=5322AC1A3CFF9C8A2AE16A789E26231E", "OriginalFileName": "net1.exe", "ParentImage": "C:\\Windows\\System32\\net.exe", "FileVersion": "10.0.17134.1 (WinBuild.160101.0800)", "ParentProcessId": "1692", "CurrentDirectory": "C:\\Users\\george\\Desktop\\", "CommandLine": "C:\\Windows\\system32\\net1 stop McAfeeDLPAgentService /y", "EventID": "1", "LogonGuid": "C784477D-581F-6441-DAC7-030000000000", "LogonId": "247770", "Image": "C:\\Windows\\System32\\net1.exe", "IntegrityLevel": "High", "ParentCommandLine": "\"net.exe\" stop McAfeeDLPAgentService /y", "UtcTime": "1684744744", "RuleName": "-"}}, {"values": {"TerminalSessionId": "1", "ProcessGuid": "{C784477D-2A29-646B-3E06-000000004400}", "ProcessId": "7480", "Product": "Microsoft\\xae Windows\\xae Operating System", "Description": "Net Command", "Company": "Microsoft Corporation", "ParentProcessGuid": "{C784477D-2A25-646B-3606-000000004400}", "User": "DESKTOP-B0T93D6\\george", "Hashes": "MD5=15534275EDAABC58159DD0F8607A71E5,SHA256=E9739D544EE0D428696036CBD656C41DCC505B67CC43DBA7C6BEC4E3959282AC,IMPHASH=EB2C2924EA23E1A5FB0E3F53F46CB709", "OriginalFileName": "net.exe", "ParentImage": "C:\\Users\\george\\Desktop\\software.exe", "FileVersion": "10.0.17134.1 (WinBuild.160101.0800)", "ParentProcessId": "7276", "CurrentDirectory": "C:\\Users\\george\\Desktop\\", "CommandLine": "\"net.exe\" stop mfewc /y", "EventID": "1", "LogonGuid": "C784477D-581F-6441-DAC7-030000000000", "LogonId": "247770", "Image": "C:\\Windows\\System32\\net.exe", "IntegrityLevel": "High", "ParentCommandLine": "\"C:\\Users\\george\\Desktop\\software.exe\"", "UtcTime": "1684744745", "RuleName": "-"}}, {"values": {"TerminalSessionId": "1", "ProcessGuid": "{C784477D-2A29-646B-4006-000000004400}", "ProcessId": "7576", "Product": "Microsoft\\xae Windows\\xae Operating System", "Description": "Net Command", "Company": "Microsoft Corporation", "ParentProcessGuid": "{C784477D-2A29-646B-3E06-000000004400}", "User": "DESKTOP-B0T93D6\\george", "Hashes": "MD5=AF569DE92AB6C1B9C681AF1E799F9983,SHA256=FFC30745BE3B6C2771FC4B2993CFF50B5226B271C412467E97B1DC1086DEA888,IMPHASH=5322AC1A3CFF9C8A2AE16A789E26231E", "OriginalFileName": "net1.exe", "ParentImage": "C:\\Windows\\System32\\net.exe", "FileVersion": "10.0.17134.1 (WinBuild.160101.0800)", "ParentProcessId": "7480", "CurrentDirectory": "C:\\Users\\george\\Desktop\\", "CommandLine": "C:\\Windows\\system32\\net1 stop mfewc /y", "EventID": "1", "LogonGuid": "C784477D-581F-6441-DAC7-030000000000", "LogonId": "247770", "Image": "C:\\Windows\\System32\\net1.exe", "IntegrityLevel": "High", "ParentCommandLine": "\"net.exe\" stop mfewc /y", "UtcTime": "1684744745", "RuleName": "-"}}, {"values": {"TerminalSessionId": "1", "ProcessGuid": "{C784477D-2A29-646B-4106-000000004400}", "ProcessId": "7564", "Product": "Microsoft\\xae Windows\\xae Operating System", "Description": "Net Command", "Company": "Microsoft Corporation", "ParentProcessGuid": "{C784477D-2A25-646B-3606-000000004400}", "User": "DESKTOP-B0T93D6\\george", "Hashes": "MD5=15534275EDAABC58159DD0F8607A71E5,SHA256=E9739D544EE0D428696036CBD656C41DCC505B67CC43DBA7C6BEC4E3959282AC,IMPHASH=EB2C2924EA23E1A5FB0E3F53F46CB709", "OriginalFileName": "net.exe", "ParentImage": "C:\\Users\\george\\Desktop\\software.exe", "FileVersion": "10.0.17134.1 (WinBuild.160101.0800)", "ParentProcessId": "7276", "CurrentDirectory": "C:\\Users\\george\\Desktop\\", "CommandLine": "\"net.exe\" stop BMR Boot Service /y", "EventID": "1", "LogonGuid": "C784477D-581F-6441-DAC7-030000000000", "LogonId": "247770", "Image": "C:\\Windows\\System32\\net.exe", "IntegrityLevel": "High", "ParentCommandLine": "\"C:\\Users\\george\\Desktop\\software.exe\"", "UtcTime": "1684744745", "RuleName": "-"}}, {"values": {"TerminalSessionId": "1", "ProcessGuid": "{C784477D-2A29-646B-4306-000000004400}", "ProcessId": "3292", "Product": "Microsoft\\xae Windows\\xae Operating System", "Description": "Net Command", "Company": "Microsoft Corporation", "ParentProcessGuid": "{C784477D-2A29-646B-4106-000000004400}", "User": "DESKTOP-B0T93D6\\george", "Hashes": "MD5=AF569DE92AB6C1B9C681AF1E799F9983,SHA256=FFC30745BE3B6C2771FC4B2993CFF50B5226B271C412467E97B1DC1086DEA888,IMPHASH=5322AC1A3CFF9C8A2AE16A789E26231E", "OriginalFileName": "net1.exe", "ParentImage": "C:\\Windows\\System32\\net.exe", "FileVersion": "10.0.17134.1 (WinBuild.160101.0800)", "ParentProcessId": "7564", "CurrentDirectory": "C:\\Users\\george\\Desktop\\", "CommandLine": "C:\\Windows\\system32\\net1 stop BMR Boot Service /y", "EventID": "1", "LogonGuid": "C784477D-581F-6441-DAC7-030000000000", "LogonId": "247770", "Image": "C:\\Windows\\System32\\net1.exe", "IntegrityLevel": "High", "ParentCommandLine": "\"net.exe\" stop BMR Boot Service /y", "UtcTime": "1684744745", "RuleName": "-"}}, {"values": {"TerminalSessionId": "1", "ProcessGuid": "{C784477D-2A2A-646B-4406-000000004400}", "ProcessId": "3384", "Product": "Microsoft\\xae Windows\\xae Operating System", "Description": "Net Command", "Company": "Microsoft Corporation", "ParentProcessGuid": "{C784477D-2A25-646B-3606-000000004400}", "User": "DESKTOP-B0T93D6\\george", "Hashes": "MD5=15534275EDAABC58159DD0F8607A71E5,SHA256=E9739D544EE0D428696036CBD656C41DCC505B67CC43DBA7C6BEC4E3959282AC,IMPHASH=EB2C2924EA23E1A5FB0E3F53F46CB709", "OriginalFileName": "net.exe", "ParentImage": "C:\\Users\\george\\Desktop\\software.exe", "FileVersion": "10.0.17134.1 (WinBuild.160101.0800)", "ParentProcessId": "7276", "CurrentDirectory": "C:\\Users\\george\\Desktop\\", "CommandLine": "\"net.exe\" stop NetBackup BMR MTFTP Service /y", "EventID": "1", "LogonGuid": "C784477D-581F-6441-DAC7-030000000000", "LogonId": "247770", "Image": "C:\\Windows\\System32\\net.exe", "IntegrityLevel": "High", "ParentCommandLine": "\"C:\\Users\\george\\Desktop\\software.exe\"", "UtcTime": "1684744746", "RuleName": "-"}}, {"values": {"TerminalSessionId": "1", "ProcessGuid": "{C784477D-2A2A-646B-4606-000000004400}", "ProcessId": "7724", "Product": "Microsoft\\xae Windows\\xae Operating System", "Description": "Net Command", "Company": "Microsoft Corporation", "ParentProcessGuid": "{C784477D-2A2A-646B-4406-000000004400}", "User": "DESKTOP-B0T93D6\\george", "Hashes": "MD5=AF569DE92AB6C1B9C681AF1E799F9983,SHA256=FFC30745BE3B6C2771FC4B2993CFF50B5226B271C412467E97B1DC1086DEA888,IMPHASH=5322AC1A3CFF9C8A2AE16A789E26231E", "OriginalFileName": "net1.exe", "ParentImage": "C:\\Windows\\System32\\net.exe", "FileVersion": "10.0.17134.1 (WinBuild.160101.0800)", "ParentProcessId": "3384", "CurrentDirectory": "C:\\Users\\george\\Desktop\\", "CommandLine": "C:\\Windows\\system32\\net1 stop NetBackup BMR MTFTP Service /y", "EventID": "1", "LogonGuid": "C784477D-581F-6441-DAC7-030000000000", "LogonId": "247770", "Image": "C:\\Windows\\System32\\net1.exe", "IntegrityLevel": "High", "ParentCommandLine": "\"net.exe\" stop NetBackup BMR MTFTP Service /y", "UtcTime": "1684744746", "RuleName": "-"}}], "rule_level": "low", "rule_description": "Detects execution of Net.exe, whether suspicious or benign.", "rule_source": "Sigma Integrated Rule Set (GitHub)", "rule_title": "Net.exe Execution", "rule_id": "f1048c602439313e72f67c634350106ba7b709512529457a6f0a5eca6835bc89", "rule_author": "Michael Haag, Mark Woan (improvements), James Pemberton / @4A616D6573 / oscd.community (improvements)"}], "dot_net_assembly": {"entry_point_rva": 38264, "metadata_header_rva": 42680, "assembly_name": "dzPXGyXbwhsoT", "resources_va": 4416, "assembly_flags": 1, "strongname_va": 0, "external_assemblies": {"Microsoft.VisualBasic": {"version": "10.0.0.0"}, "mscorlib": {"version": "4.0.0.0"}, "System": {"version": "4.0.0.0"}, "System.Drawing": {"version": "4.0.0.0"}, "System.Windows.Forms": {"version": "4.0.0.0"}, "System.Core": {"version": "4.0.0.0"}, "System.Management": {"version": "4.0.0.0"}}, "entry_point_token": 100663297, "tables_rows_map": "1a43c0bd0d30f50155d1030904c000205706a1b120010070000118070", "external_modules": ["kernel32.dll", "ntdll.dll", "user32.dll", "advapi32.dll", "Shell32.dll", "kernel32"], "streams": {"#GUID": {"chi2": 240.0, "md5": "9c92cd79fecee4dc6464db060650b359", "entropy": 4.0, "size": 16}, "#Blob": {"chi2": 38600.42578125, "md5": "9db964097c3f08eab7c530a000f9a9d8", "entropy": 5.1024909019470215, "size": 3588}, "#US": {"chi2": 11044.189453125, "md5": "01042ebcc893f639a5e541118dfa5f17", "entropy": 3.4010744094848633, "size": 168}, "#~": {"chi2": 328579.09375, "md5": "76230bfbeb99ca4f6d6fa1132a420bff", "entropy": 5.52436637878418, "size": 10704}, "#Strings": {"chi2": 81738.5625, "md5": "cf560a7363e42cb75d3bee4540236777", "entropy": 5.479638576507568, "size": 11412}}, "tables_present": 24, "assembly_flags_txt": "COMIMAGE_FLAGS_ILONLY", "clr_version": "v4.0.30319", "assembly_data": {"majorversion": 0, "minorversion": 0, "hashalgid": 0, "flags_text": "afPA_None", "buildnumber": 0, "flags": 0, "revisionnumber": 0, "name": "Client-0"}, "tables_present_map": "b093da2bd57", "manifest_resource": ["{6dd124a6-c0d7-4064-ad47-2dcf68f83826}"], "clr_meta_version": "1.1", "tables_rows_map_log": "498999966568456567746476", "unmanaged_methods": {"kernel32.dll": ["GetModuleHandle", "CheckRemoteDebuggerPresent", "GetCurrentProcess", "OpenProcess", "VirtualAllocEx", "VirtualFreeEx", "CloseHandle", "WriteProcessMemory", "ReadProcessMemory"], "ntdll.dll": ["RtlSetProcessIsCritical"], "user32.dll": ["SystemParametersInfo", "GetWindowThreadProcessId", "SendMessage", "FindWindow", "FindWindowEx"], "advapi32.dll": ["GetKernelObjectSecurity", "SetKernelObjectSecurity"], "Shell32.dll": ["SHEmptyRecycleBin"], "kernel32": ["CloseHandle", "OpenProcess", "ReadProcessMemory", "WriteProcessMemory", "VirtualProtectEx", "Module32Next", "Module32First", "CreateToolhelp32Snapshot", "VirtualAllocEx"]}, "type_definition_list": [{"namespace": "System", "type_definitions": ["Object", "DateTime", "Func`2", "Uri", "Enum", "ValueType", "ModuleHandle", "Type", "MulticastDelegate", "IAsyncResult", "AsyncCallback", "Attribute", "AttributeUsageAttribute", "AttributeTargets", "String", "Int32", "Environment", "IDisposable", "Convert", "Exception", "Byte", "BitConverter", "Random", "ArgumentException", "Double", "UnauthorizedAccessException", "Array", "RuntimeFieldHandle", "RuntimeTypeHandle", "StringSplitOptions", "Char", "IntPtr", "GC", "UInt32", "Delegate", "RuntimeMethodHandle", "FormatException", "InvalidOperationException", "ArgumentOutOfRangeException", "Math", "Int16"]}, {"namespace": "System.Collections.Generic", "type_definitions": ["List`1", "Dictionary`2", "Stack`1", "IEnumerable`1"]}, {"namespace": "System.Collections.Specialized", "type_definitions": ["StringCollection"]}, {"namespace": "Microsoft.Win32", "type_definitions": ["SessionEndingEventArgs", "SessionEndingEventHandler", "SystemEvents", "RegistryKey", "Registry"]}, {"namespace": "System.Security.AccessControl", "type_definitions": ["RawSecurityDescriptor", "GenericSecurityDescriptor", "RawAcl", "CommonAce", "AceFlags", "AceQualifier", "GenericAce"]}, {"namespace": "System.Net", "type_definitions": ["IPAddress", "WebClient", "IPHostEntry", "Dns", "FtpWebRequest", "FtpWebResponse", "WebRequest", "NetworkCredential", "ICredentials", "WebResponse"]}, {"namespace": "System.Security.Cryptography", "type_definitions": ["Rfc2898DeriveBytes", "ICryptoTransform", "RNGCryptoServiceProvider", "RandomNumberGenerator", "RijndaelManaged", "CryptoStream", "SymmetricAlgorithm", "DeriveBytes", "PaddingMode", "CipherMode", "CryptoStreamMode", "RSACryptoServiceProvider", "AsymmetricAlgorithm", "Aes", "AesManaged", "DESCryptoServiceProvider"]}, {"namespace": "System.Runtime.CompilerServices", "type_definitions": ["IsVolatile", "CompilationRelaxationsAttribute", "RuntimeCompatibilityAttribute", "ExtensionAttribute", "RuntimeHelpers"]}, {"namespace": "System.Diagnostics", "type_definitions": ["Process", "ProcessModule", "ProcessStartInfo", "ProcessWindowStyle"]}, {"namespace": "System.Reflection", "type_definitions": ["Assembly", "AssemblyFileVersionAttribute", "FieldInfo", "MethodInfo", "ParameterInfo", "BindingFlags", "MemberInfo", "MethodBase", "Module"]}, {"namespace": "System.IO", "type_definitions": ["MemoryStream", "StreamWriter", "Path", "File", "TextWriter", "FileInfo", "Directory", "FileSystemInfo", "FileNotFoundException", "PathTooLongException", "DirectoryNotFoundException", "StreamReader", "TextReader", "DriveInfo", "FileStream", "FileMode", "FileAccess", "FileShare", "Stream"]}, {"namespace": "System.Threading", "type_definitions": ["Thread", "ThreadStart", "ThreadPriority", "Mutex", "WaitHandle", "Monitor"]}, {"namespace": "uncategorized", "type_definitions": ["Enumerator", "SpecialFolder", "ManagementObjectEnumerator"]}, {"namespace": "System.Security.Principal", "type_definitions": ["WindowsIdentity", "WindowsPrincipal", "WindowsBuiltInRole", "SecurityIdentifier", "WellKnownSidType"]}, {"namespace": "System.Windows.Forms", "type_definitions": ["MessageBox", "DialogResult", "MessageBoxButtons", "MessageBoxIcon"]}, {"namespace": "System.Text", "type_definitions": ["Encoding", "ASCIIEncoding"]}, {"namespace": "System.Linq", "type_definitions": ["Enumerable"]}, {"namespace": "Microsoft.VisualBasic.Devices", "type_definitions": ["ComputerInfo"]}, {"namespace": "System.Management", "type_definitions": ["ManagementObjectSearcher", "ManagementObjectCollection", "ManagementBaseObject", "ManagementClass", "ManagementObject", "PropertyDataCollection", "PropertyData"]}, {"namespace": "System.Drawing", "type_definitions": ["Image"]}, {"namespace": "System.Drawing.Imaging", "type_definitions": ["ImageFormat"]}, {"namespace": "System.Text.RegularExpressions", "type_definitions": ["Regex"]}, {"namespace": "System.Net.Sockets", "type_definitions": ["AddressFamily", "UdpClient"]}, {"namespace": "System.ComponentModel", "type_definitions": ["Win32Exception"]}, {"namespace": "System.Net.NetworkInformation", "type_definitions": ["Ping", "PingReply", "IPStatus"]}, {"namespace": "System.Runtime.InteropServices", "type_definitions": ["Marshal"]}, {"namespace": "System.Reflection.Emit", "type_definitions": ["DynamicMethod", "ILGenerator", "OpCodes", "OpCode"]}], "unmanaged_method_list": [{"name": "kernel32.dll", "methods": ["GetModuleHandle", "CheckRemoteDebuggerPresent", "GetCurrentProcess", "OpenProcess", "VirtualAllocEx", "VirtualFreeEx", "CloseHandle", "WriteProcessMemory", "ReadProcessMemory"]}, {"name": "ntdll.dll", "methods": ["RtlSetProcessIsCritical"]}, {"name": "user32.dll", "methods": ["SystemParametersInfo", "GetWindowThreadProcessId", "SendMessage", "FindWindow", "FindWindowEx"]}, {"name": "advapi32.dll", "methods": ["GetKernelObjectSecurity", "SetKernelObjectSecurity"]}, {"name": "Shell32.dll", "methods": ["SHEmptyRecycleBin"]}, {"name": "kernel32", "methods": ["CloseHandle", "OpenProcess", "ReadProcessMemory", "WriteProcessMemory", "VirtualProtectEx", "Module32Next", "Module32First", "CreateToolhelp32Snapshot", "VirtualAllocEx"]}]}, "type_tag": "peexe"}}}