{"data": {"id": "ac1b326f23e17726a2b90ce8a9d29c6e44a2cb37b431e2b94734bdd17618ae26", "type": "file", "links": {"self": "https://www.virustotal.com/api/v3/files/ac1b326f23e17726a2b90ce8a9d29c6e44a2cb37b431e2b94734bdd17618ae26"}, "attributes": {"last_analysis_stats": {"malicious": 61, "suspicious": 0, "undetected": 11, "harmless": 0, "timeout": 0, "confirmed-timeout": 0, "failure": 0, "type-unsupported": 4}, "md5": "d797d3d3c950d0fad4a9515910bade6d", "unique_sources": 2, "sigma_analysis_results": [{"match_context": [{"values": {"TerminalSessionId": "1", "ProcessGuid": "{C784477D-6FB7-63DA-F505-000000004700}", "ProcessId": "5972", "Product": "Microsoft\\xae Windows\\xae Operating System", "Description": "Windows Command Processor", "Company": "Microsoft Corporation", "ParentProcessGuid": "{C784477D-6F92-63DA-F005-000000004700}", "User": "DESKTOP-B0T93D6\\george", "Hashes": "MD5=F3BDBE3BB6F734E357235F4D5898582D,SHA256=3685495D051137B1C4EFDE22C26DF0883614B6453B762FA84588DA55ED2E7744,IMPHASH=0AF8419BE362159398343D7B31721726", "OriginalFileName": "Cmd.Exe", "ParentImage": "C:\\Users\\george\\Desktop\\program.exe", "FileVersion": "10.0.17134.1 (WinBuild.160101.0800)", "ParentProcessId": "6848", "CurrentDirectory": "C:\\Users\\george\\Desktop\\", "CommandLine": "\"C:\\Windows\\System32\\cmd.exe\" /C schtasks /CREATE /SC ONLOGON /TN Loki /TR C:\\Users\\george\\AppData\\Roaming\\winlogon.exe /RU SYSTEM /RL HIGHEST /F", "EventID": "1", "LogonGuid": "C784477D-1C6F-63A9-395A-030000000000", "LogonId": "219705", "Image": "C:\\Windows\\SysWOW64\\cmd.exe", "IntegrityLevel": "High", "ParentCommandLine": "\"C:\\Users\\george\\Desktop\\program.exe\"", "UtcTime": "1675259831", "RuleName": "-"}}, {"values": {"TerminalSessionId": "1", "ProcessGuid": "{C784477D-6FB7-63DA-F705-000000004700}", "ProcessId": "7300", "Product": "Microsoft\\xae Windows\\xae Operating System", "Description": "Task Scheduler Configuration Tool", "Company": "Microsoft Corporation", "ParentProcessGuid": "{C784477D-6FB7-63DA-F505-000000004700}", "User": "DESKTOP-B0T93D6\\george", "Hashes": "MD5=15FF7D8324231381BAD48A052F85DF04,SHA256=7949EDDF437FED5F45564402B26E4D457EA666D1361A7C4F07D830BE233A4F72,IMPHASH=FC93D9248DEA161B2E724C188AECD07D", "OriginalFileName": "schtasks.exe", "ParentImage": "C:\\Windows\\SysWOW64\\cmd.exe", "FileVersion": "10.0.17134.1 (WinBuild.160101.0800)", "ParentProcessId": "5972", "CurrentDirectory": "C:\\Users\\george\\Desktop\\", "CommandLine": "schtasks  /CREATE /SC ONLOGON /TN Loki /TR C:\\Users\\george\\AppData\\Roaming\\winlogon.exe /RU SYSTEM /RL HIGHEST /F", "EventID": "1", "LogonGuid": "C784477D-1C6F-63A9-395A-030000000000", "LogonId": "219705", "Image": "C:\\Windows\\SysWOW64\\schtasks.exe", "IntegrityLevel": "High", "ParentCommandLine": "\"C:\\Windows\\System32\\cmd.exe\" /C schtasks /CREATE /SC ONLOGON /TN Loki /TR C:\\Users\\george\\AppData\\Roaming\\winlogon.exe /RU SYSTEM /RL HIGHEST /F", "UtcTime": "1675259831", "RuleName": "-"}}], "rule_level": "critical", "rule_description": "Schedule system process", "rule_source": "Joe Security Rule Set (GitHub)", "rule_title": "Schedule system process", "rule_id": "02b55b29ddf740930b68c311ca7cd59354f8c35ceda86d09a3fb06f08b760857", "rule_author": "Joe Security"}, {"match_context": [{"values": {"EventID": "11", "ProcessId": "6848", "TargetFilename": "C:\\Users\\george\\AppData\\Roaming\\Microsoft\\Windows\\Start Menu\\Programs\\Startup\\wvtymcow.bat", "ProcessGuid": "{C784477D-6F92-63DA-F005-000000004700}", "CreationUtcTime": "1675259832", "UtcTime": "1675259832", "RuleName": "T1023", "Image": "C:\\Users\\george\\Desktop\\program.exe"}}], "rule_level": "critical", "rule_description": "Drops script at startup location", "rule_source": "Joe Security Rule Set (GitHub)", "rule_title": "Drops script at startup location", "rule_id": "196a9c9222e3b003ccb0caadc29931d851129ba863f99545299786a032864d12", "rule_author": "Joe Security"}, {"match_context": [{"values": {"TerminalSessionId": "1", "ProcessGuid": "{C784477D-6FB9-63DA-F805-000000004700}", "ProcessId": "7464", "Product": "Microsoft\\xae .NET Framework", "Description": "Visual C# Command Line Compiler", "Company": "Microsoft Corporation", "ParentProcessGuid": "{C784477D-6F92-63DA-F005-000000004700}", "User": "DESKTOP-B0T93D6\\george", "Hashes": "MD5=F8F36858B9405FBE27377FD7E8FEC2F2,SHA256=086C38FD66AEC0E824ECB74ECE3D7124174201A9B4F5C9974FCFDBAF04A5870E,IMPHASH=950FB6F62526333E663D35BA72D19DDC", "OriginalFileName": "csc.exe", "ParentImage": "C:\\Users\\george\\Desktop\\program.exe", "FileVersion": "4.8.3761.0 built by: NET48REL1", "ParentProcessId": "6848", "CurrentDirectory": "C:\\Users\\george\\Desktop\\", "CommandLine": "\"C:\\Windows\\Microsoft.NET\\Framework\\v4.0.30319\\csc.exe\" /noconfig /fullpaths @\"C:\\Users\\george\\AppData\\Local\\Temp\\jr4og2x0\\jr4og2x0.cmdline\"", "EventID": "1", "LogonGuid": "C784477D-1C6F-63A9-395A-030000000000", "LogonId": "219705", "Image": "C:\\Windows\\Microsoft.NET\\Framework\\v4.0.30319\\csc.exe", "IntegrityLevel": "High", "ParentCommandLine": "\"C:\\Users\\george\\Desktop\\program.exe\"", "UtcTime": "1675259833", "RuleName": "-"}}], "rule_level": "critical", "rule_description": "Dot net compiler compiles file from suspicious location", "rule_source": "Joe Security Rule Set (GitHub)", "rule_title": "Dot net compiler compiles file from suspicious location", "rule_id": "76e8bb8877ab40bd84b14fc93daffe9ff7ebe9440ce09916b5c63a302d62c918", "rule_author": "Joe Security"}, {"match_context": [{"values": {"TerminalSessionId": "1", "ProcessGuid": "{C784477D-6FBD-63DA-0206-000000004700}", "ProcessId": "12140", "Product": "Microsoft\\xae Windows\\xae Operating System", "Description": "Windows Command Processor", "Company": "Microsoft Corporation", "ParentProcessGuid": "{C784477D-6F92-63DA-F005-000000004700}", "User": "DESKTOP-B0T93D6\\george", "Hashes": "MD5=F3BDBE3BB6F734E357235F4D5898582D,SHA256=3685495D051137B1C4EFDE22C26DF0883614B6453B762FA84588DA55ED2E7744,IMPHASH=0AF8419BE362159398343D7B31721726", "OriginalFileName": "Cmd.Exe", "ParentImage": "C:\\Users\\george\\Desktop\\program.exe", "FileVersion": "10.0.17134.1 (WinBuild.160101.0800)", "ParentProcessId": "6848", "CurrentDirectory": "C:\\Users\\george\\Desktop\\", "CommandLine": "\"C:\\Windows\\System32\\cmd.exe\" /C wmic shadowcopy delete", "EventID": "1", "LogonGuid": "C784477D-1C6F-63A9-395A-030000000000", "LogonId": "219705", "Image": "C:\\Windows\\SysWOW64\\cmd.exe", "IntegrityLevel": "High", "ParentCommandLine": "\"C:\\Users\\george\\Desktop\\program.exe\"", "UtcTime": "1675259837", "RuleName": "-"}}, {"values": {"TerminalSessionId": "1", "ProcessGuid": "{C784477D-6FBE-63DA-0506-000000004700}", "ProcessId": "12284", "Product": "Microsoft\\xae Windows\\xae Operating System", "Description": "WMI Commandline Utility", "Company": "Microsoft Corporation", "ParentProcessGuid": "{C784477D-6FBD-63DA-0206-000000004700}", "User": "DESKTOP-B0T93D6\\george", "Hashes": "MD5=79A01FCD1C8166C5642F37D1E0FB7BA8,SHA256=69CA5E47CD2B97F29E744CED04CE93746B687EFE8F636D9AEB8CB1EF9B67049C,IMPHASH=B60228C45486DB219406793696D4205B", "OriginalFileName": "wmic.exe", "ParentImage": "C:\\Windows\\SysWOW64\\cmd.exe", "FileVersion": "10.0.17134.1 (WinBuild.160101.0800)", "ParentProcessId": "12140", "CurrentDirectory": "C:\\Users\\george\\Desktop\\", "CommandLine": "wmic  shadowcopy delete", "EventID": "1", "LogonGuid": "C784477D-1C6F-63A9-395A-030000000000", "LogonId": "219705", "Image": "C:\\Windows\\SysWOW64\\wbem\\WMIC.exe", "IntegrityLevel": "High", "ParentCommandLine": "\"C:\\Windows\\System32\\cmd.exe\" /C wmic shadowcopy delete", "UtcTime": "1675259838", "RuleName": "-"}}], "rule_level": "critical", "rule_description": "Delete shadow copy via WMIC", "rule_source": "Joe Security Rule Set (GitHub)", "rule_title": "Delete shadow copy via WMIC", "rule_id": "be6d29855558a0e8c404486d8f1838ce35594866f126f9c1c62a9792e9c76be2", "rule_author": "Joe Security"}, {"match_context": [{"values": {"TerminalSessionId": "1", "ProcessGuid": "{C784477D-6FB7-63DA-F705-000000004700}", "ProcessId": "7300", "Product": "Microsoft\\xae Windows\\xae Operating System", "Description": "Task Scheduler Configuration Tool", "Company": "Microsoft Corporation", "ParentProcessGuid": "{C784477D-6FB7-63DA-F505-000000004700}", "User": "DESKTOP-B0T93D6\\george", "Hashes": "MD5=15FF7D8324231381BAD48A052F85DF04,SHA256=7949EDDF437FED5F45564402B26E4D457EA666D1361A7C4F07D830BE233A4F72,IMPHASH=FC93D9248DEA161B2E724C188AECD07D", "OriginalFileName": "schtasks.exe", "ParentImage": "C:\\Windows\\SysWOW64\\cmd.exe", "FileVersion": "10.0.17134.1 (WinBuild.160101.0800)", "ParentProcessId": "5972", "CurrentDirectory": "C:\\Users\\george\\Desktop\\", "CommandLine": "schtasks  /CREATE /SC ONLOGON /TN Loki /TR C:\\Users\\george\\AppData\\Roaming\\winlogon.exe /RU SYSTEM /RL HIGHEST /F", "EventID": "1", "LogonGuid": "C784477D-1C6F-63A9-395A-030000000000", "LogonId": "219705", "Image": "C:\\Windows\\SysWOW64\\schtasks.exe", "IntegrityLevel": "High", "ParentCommandLine": "\"C:\\Windows\\System32\\cmd.exe\" /C schtasks /CREATE /SC ONLOGON /TN Loki /TR C:\\Users\\george\\AppData\\Roaming\\winlogon.exe /RU SYSTEM /RL HIGHEST /F", "UtcTime": "1675259831", "RuleName": "-"}}], "rule_level": "high", "rule_description": "Detects Schtask creations that point to a suspicious folder or an environment variable often used by malware", "rule_source": "Sigma Integrated Rule Set (GitHub)", "rule_title": "Suspicious Schtasks From Env Var Folder", "rule_id": "0533322c5c44794b71e761cd351a2459aad6e21ae95c9543d4c9fdb3c8fde6c4", "rule_author": "Florian Roth"}, {"match_context": [{"values": {"TerminalSessionId": "1", "ProcessGuid": "{C784477D-6FC3-63DA-1306-000000004700}", "ProcessId": "12504", "Product": "svchost", "Description": "svchost", "Company": "Microsoft", "ParentProcessGuid": "{C784477D-1C6F-63A9-5F00-000000004700}", "User": "DESKTOP-B0T93D6\\george", "Hashes": "MD5=D797D3D3C950D0FAD4A9515910BADE6D,SHA256=AC1B326F23E17726A2B90CE8A9D29C6E44A2CB37B431E2B94734BDD17618AE26,IMPHASH=F34D5F2D4577ED6D9CEEC516C1F5A744", "OriginalFileName": "svchost.exe", "ParentImage": "C:\\Windows\\explorer.exe", "FileVersion": "1.0.0.0", "ParentProcessId": "4528", "CurrentDirectory": "C:\\ProgramData\\", "CommandLine": "\"C:\\ProgramData\\winlogon.exe\" ", "EventID": "1", "LogonGuid": "C784477D-1C6F-63A9-6F5A-030000000000", "LogonId": "219759", "Image": "C:\\ProgramData\\winlogon.exe", "IntegrityLevel": "Medium", "ParentCommandLine": "C:\\Windows\\Explorer.EXE", "UtcTime": "1675259843", "RuleName": "-"}}, {"values": {"TerminalSessionId": "1", "ProcessGuid": "{C784477D-6FCB-63DA-2606-000000004700}", "ProcessId": "13088", "Product": "svchost", "Description": "svchost", "Company": "Microsoft", "ParentProcessGuid": "{C784477D-1C6F-63A9-5F00-000000004700}", "User": "DESKTOP-B0T93D6\\george", "Hashes": "MD5=D797D3D3C950D0FAD4A9515910BADE6D,SHA256=AC1B326F23E17726A2B90CE8A9D29C6E44A2CB37B431E2B94734BDD17618AE26,IMPHASH=F34D5F2D4577ED6D9CEEC516C1F5A744", "OriginalFileName": "svchost.exe", "ParentImage": "C:\\Windows\\explorer.exe", "FileVersion": "1.0.0.0", "ParentProcessId": "4528", "CurrentDirectory": "C:\\Windows\\", "CommandLine": "\"C:\\Windows\\winlogon.exe\" ", "EventID": "1", "LogonGuid": "C784477D-1C6F-63A9-6F5A-030000000000", "LogonId": "219759", "Image": "C:\\Windows\\winlogon.exe", "IntegrityLevel": "Medium", "ParentCommandLine": "C:\\Windows\\Explorer.EXE", "UtcTime": "1675259851", "RuleName": "-"}}, {"values": {"TerminalSessionId": "1", "ProcessGuid": "{C784477D-6FD3-63DA-2E06-000000004700}", "ProcessId": "9232", "Product": "svchost", "Description": "svchost", "Company": "Microsoft", "ParentProcessGuid": "{C784477D-1C6F-63A9-5F00-000000004700}", "User": "DESKTOP-B0T93D6\\george", "Hashes": "MD5=D797D3D3C950D0FAD4A9515910BADE6D,SHA256=AC1B326F23E17726A2B90CE8A9D29C6E44A2CB37B431E2B94734BDD17618AE26,IMPHASH=F34D5F2D4577ED6D9CEEC516C1F5A744", "OriginalFileName": "svchost.exe", "ParentImage": "C:\\Windows\\explorer.exe", "FileVersion": "1.0.0.0", "ParentProcessId": "4528", "CurrentDirectory": "C:\\ProgramData\\", "CommandLine": "\"C:\\ProgramData\\winlogon.exe\" ", "EventID": "1", "LogonGuid": "C784477D-1C6F-63A9-6F5A-030000000000", "LogonId": "219759", "Image": "C:\\ProgramData\\winlogon.exe", "IntegrityLevel": "Medium", "ParentCommandLine": "C:\\Windows\\Explorer.EXE", "UtcTime": "1675259859", "RuleName": "-"}}, {"values": {"TerminalSessionId": "1", "ProcessGuid": "{C784477D-6FDB-63DA-3006-000000004700}", "ProcessId": "11296", "Product": "svchost", "Description": "svchost", "Company": "Microsoft", "ParentProcessGuid": "{C784477D-1C6F-63A9-5F00-000000004700}", "User": "DESKTOP-B0T93D6\\george", "Hashes": "MD5=D797D3D3C950D0FAD4A9515910BADE6D,SHA256=AC1B326F23E17726A2B90CE8A9D29C6E44A2CB37B431E2B94734BDD17618AE26,IMPHASH=F34D5F2D4577ED6D9CEEC516C1F5A744", "OriginalFileName": "svchost.exe", "ParentImage": "C:\\Windows\\explorer.exe", "FileVersion": "1.0.0.0", "ParentProcessId": "4528", "CurrentDirectory": "C:\\Users\\george\\AppData\\Roaming\\Microsoft\\Windows\\Start Menu\\Programs\\Startup\\", "CommandLine": "\"C:\\Users\\george\\AppData\\Roaming\\Microsoft\\Windows\\Start Menu\\Programs\\Startup\\winlogon.exe\" ", "EventID": "1", "LogonGuid": "C784477D-1C6F-63A9-6F5A-030000000000", "LogonId": "219759", "Image": "C:\\Users\\george\\AppData\\Roaming\\Microsoft\\Windows\\Start Menu\\Programs\\Startup\\winlogon.exe", "IntegrityLevel": "Medium", "ParentCommandLine": "C:\\Windows\\Explorer.EXE", "UtcTime": "1675259867", "RuleName": "-"}}], "rule_level": "high", "rule_description": "Detects a Windows program executable started from a suspicious folder", "rule_source": "Sigma Integrated Rule Set (GitHub)", "rule_title": "System File Execution Location Anomaly", "rule_id": "25fc56c1bee673d7ff3edcf371e4d2a36c0af83222da348961b87735c8efa61f", "rule_author": "Florian Roth, Patrick Bareiss, Anton Kutepov, oscd.community, Nasreddine Bencherchali"}, {"match_context": [{"values": {"EventID": "11", "ProcessId": "6848", "Image": "C:\\Users\\george\\Desktop\\program.exe", "ProcessGuid": "{C784477D-6F92-63DA-F005-000000004700}", "CreationUtcTime": "1675259832", "UtcTime": "1675259832", "RuleName": "T1023", "TargetFilename": "C:\\Users\\george\\AppData\\Roaming\\Microsoft\\Windows\\Start Menu\\Programs\\Startup\\wvtymcow.bat"}}], "rule_level": "high", "rule_description": "Detects when a file with a suspicious extension is created in the startup folder", "rule_source": "Sigma Integrated Rule Set (GitHub)", "rule_title": "Suspicious Startup Folder Persistence", "rule_id": "3396956bf20db86e217299b41f051d8e3807a72f92450b595e46cc0a7e70800b", "rule_author": "Nasreddine Bencherchali"}, {"match_context": [{"values": {"TerminalSessionId": "1", "ProcessGuid": "{C784477D-6FB7-63DA-F705-000000004700}", "ProcessId": "7300", "Product": "Microsoft\\xae Windows\\xae Operating System", "Description": "Task Scheduler Configuration Tool", "Company": "Microsoft Corporation", "ParentProcessGuid": "{C784477D-6FB7-63DA-F505-000000004700}", "User": "DESKTOP-B0T93D6\\george", "Hashes": "MD5=15FF7D8324231381BAD48A052F85DF04,SHA256=7949EDDF437FED5F45564402B26E4D457EA666D1361A7C4F07D830BE233A4F72,IMPHASH=FC93D9248DEA161B2E724C188AECD07D", "OriginalFileName": "schtasks.exe", "ParentImage": "C:\\Windows\\SysWOW64\\cmd.exe", "FileVersion": "10.0.17134.1 (WinBuild.160101.0800)", "ParentProcessId": "5972", "CurrentDirectory": "C:\\Users\\george\\Desktop\\", "CommandLine": "schtasks  /CREATE /SC ONLOGON /TN Loki /TR C:\\Users\\george\\AppData\\Roaming\\winlogon.exe /RU SYSTEM /RL HIGHEST /F", "EventID": "1", "LogonGuid": "C784477D-1C6F-63A9-395A-030000000000", "LogonId": "219705", "Image": "C:\\Windows\\SysWOW64\\schtasks.exe", "IntegrityLevel": "High", "ParentCommandLine": "\"C:\\Windows\\System32\\cmd.exe\" /C schtasks /CREATE /SC ONLOGON /TN Loki /TR C:\\Users\\george\\AppData\\Roaming\\winlogon.exe /RU SYSTEM /RL HIGHEST /F", "UtcTime": "1675259831", "RuleName": "-"}}], "rule_level": "high", "rule_description": "Detects the creation or update of a scheduled task to run with \"NT AUTHORITY\\SYSTEM\" privileges", "rule_source": "Sigma Integrated Rule Set (GitHub)", "rule_title": "Schtasks Creation Or Modification With SYSTEM Privileges", "rule_id": "a9278f03bce6b217a82c054a78cc6ea5acfebb4b16cd25b7d6cd842bb1dcfd8f", "rule_author": "Nasreddine Bencherchali"}, {"match_context": [{"values": {"TerminalSessionId": "1", "ProcessGuid": "{C784477D-6FBD-63DA-FF05-000000004700}", "ProcessId": "12092", "Product": "Microsoft\\xae Windows\\xae Operating System", "Description": "Command Line Interface for Microsoft\\xae Volume Shadow Copy Service ", "Company": "Microsoft Corporation", "ParentProcessGuid": "{C784477D-6FBD-63DA-FC05-000000004700}", "User": "DESKTOP-B0T93D6\\george", "Hashes": "MD5=7E30B94672107D3381A1D175CF18C147,SHA256=BB1D73C5104A722F228B39CCB24C6F2BB13EFCCA2EA65B013D33433550E3BCE7,IMPHASH=B8C53607A902DC54702978C63D6E8B2E", "OriginalFileName": "VSSADMIN.EXE", "ParentImage": "C:\\Windows\\SysWOW64\\cmd.exe", "FileVersion": "10.0.17134.1 (WinBuild.160101.0800)", "ParentProcessId": "12032", "CurrentDirectory": "C:\\Users\\george\\Desktop\\", "CommandLine": "vssadmin  delete shadows /all /quiet", "EventID": "1", "LogonGuid": "C784477D-1C6F-63A9-395A-030000000000", "LogonId": "219705", "Image": "C:\\Windows\\SysWOW64\\vssadmin.exe", "IntegrityLevel": "High", "ParentCommandLine": "\"C:\\Windows\\System32\\cmd.exe\" /C vssadmin delete shadows /all /quiet", "UtcTime": "1675259837", "RuleName": "-"}}, {"values": {"TerminalSessionId": "1", "ProcessGuid": "{C784477D-6FBE-63DA-0506-000000004700}", "ProcessId": "12284", "Product": "Microsoft\\xae Windows\\xae Operating System", "Description": "WMI Commandline Utility", "Company": "Microsoft Corporation", "ParentProcessGuid": "{C784477D-6FBD-63DA-0206-000000004700}", "User": "DESKTOP-B0T93D6\\george", "Hashes": "MD5=79A01FCD1C8166C5642F37D1E0FB7BA8,SHA256=69CA5E47CD2B97F29E744CED04CE93746B687EFE8F636D9AEB8CB1EF9B67049C,IMPHASH=B60228C45486DB219406793696D4205B", "OriginalFileName": "wmic.exe", "ParentImage": "C:\\Windows\\SysWOW64\\cmd.exe", "FileVersion": "10.0.17134.1 (WinBuild.160101.0800)", "ParentProcessId": "12140", "CurrentDirectory": "C:\\Users\\george\\Desktop\\", "CommandLine": "wmic  shadowcopy delete", "EventID": "1", "LogonGuid": "C784477D-1C6F-63A9-395A-030000000000", "LogonId": "219705", "Image": "C:\\Windows\\SysWOW64\\wbem\\WMIC.exe", "IntegrityLevel": "High", "ParentCommandLine": "\"C:\\Windows\\System32\\cmd.exe\" /C wmic shadowcopy delete", "UtcTime": "1675259838", "RuleName": "-"}}], "rule_level": "high", "rule_description": "Shadow Copies deletion using operating systems utilities", "rule_source": "Sigma Integrated Rule Set (GitHub)", "rule_title": "Shadow Copies Deletion Using Operating Systems Utilities", "rule_id": "ad5e4d4b939797a70a9aa742d979a4742c2cfedddd663fb1a43b2795c1e6054b", "rule_author": "Florian Roth, Michael Haag, Teymur Kheirkhabarov, Daniil Yugoslavskiy, oscd.community, Andreas Hunkeler (@Karneades)"}, {"match_context": [{"values": {"EventID": "13", "ProcessId": "6848", "EventType": "SetValue", "Image": "C:\\Users\\george\\Desktop\\program.exe", "RuleName": "T1060,RunKey", "UtcTime": "1675259832", "Details": "C:\\Windows\\winlogon.exe", "ProcessGuid": "{C784477D-6F92-63DA-F005-000000004700}", "TargetObject": "HKLM\\SOFTWARE\\WOW6432Node\\Microsoft\\Windows\\CurrentVersion\\Run\\Michael Gillespie"}}], "rule_level": "medium", "rule_description": "Detects modification of autostart extensibility point (ASEP) in registry.", "rule_source": "Sigma Integrated Rule Set (GitHub)", "rule_title": "Wow6432Node CurrentVersion Autorun Keys Modification", "rule_id": "18842e32896dd83b8aca4d5e1ac78c1f66b1d252479c0023cdd02f108c42c8cd", "rule_author": "Victor Sergeev, Daniil Yugoslavskiy, Gleb Sukhodolskiy, Timur Zinniatullin, oscd.community, Tim Shelton, frack113 (split)"}, {"match_context": [{"values": {"EventID": "13", "ProcessId": "6848", "EventType": "SetValue", "Image": "C:\\Users\\george\\Desktop\\program.exe", "ProcessGuid": "{C784477D-6F92-63DA-F005-000000004700}", "UtcTime": "1675259831", "Details": "C:\\ProgramData\\winlogon.exe", "RuleName": "T1060,RunKey", "TargetObject": "HKU\\S-1-5-21-1015118539-3749460369-599379286-1001\\Software\\Microsoft\\Windows\\CurrentVersion\\Run\\Michael Gillespie"}}], "rule_level": "medium", "rule_description": "Detects modification of autostart extensibility point (ASEP) in registry.", "rule_source": "Sigma Integrated Rule Set (GitHub)", "rule_title": "CurrentVersion Autorun Keys Modification", "rule_id": "8b5db9da5732dc549b0e8b56fe5933d7c95ed760f3ac20568ab95347ef8c5bcc", "rule_author": "Victor Sergeev, Daniil Yugoslavskiy, Gleb Sukhodolskiy, Timur Zinniatullin, oscd.community, Tim Shelton, frack113 (split)"}, {"match_context": [{"values": {"TerminalSessionId": "1", "ProcessGuid": "{C784477D-6FB7-63DA-F705-000000004700}", "ProcessId": "7300", "Product": "Microsoft\\xae Windows\\xae Operating System", "Description": "Task Scheduler Configuration Tool", "Company": "Microsoft Corporation", "ParentProcessGuid": "{C784477D-6FB7-63DA-F505-000000004700}", "User": "DESKTOP-B0T93D6\\george", "Hashes": "MD5=15FF7D8324231381BAD48A052F85DF04,SHA256=7949EDDF437FED5F45564402B26E4D457EA666D1361A7C4F07D830BE233A4F72,IMPHASH=FC93D9248DEA161B2E724C188AECD07D", "OriginalFileName": "schtasks.exe", "ParentImage": "C:\\Windows\\SysWOW64\\cmd.exe", "FileVersion": "10.0.17134.1 (WinBuild.160101.0800)", "ParentProcessId": "5972", "CurrentDirectory": "C:\\Users\\george\\Desktop\\", "CommandLine": "schtasks  /CREATE /SC ONLOGON /TN Loki /TR C:\\Users\\george\\AppData\\Roaming\\winlogon.exe /RU SYSTEM /RL HIGHEST /F", "EventID": "1", "LogonGuid": "C784477D-1C6F-63A9-395A-030000000000", "LogonId": "219705", "Image": "C:\\Windows\\SysWOW64\\schtasks.exe", "IntegrityLevel": "High", "ParentCommandLine": "\"C:\\Windows\\System32\\cmd.exe\" /C schtasks /CREATE /SC ONLOGON /TN Loki /TR C:\\Users\\george\\AppData\\Roaming\\winlogon.exe /RU SYSTEM /RL HIGHEST /F", "UtcTime": "1675259831", "RuleName": "-"}}], "rule_level": "medium", "rule_description": "Detects scheduled task creations or modification to be run with high privileges on a suspicious schedule type", "rule_source": "Sigma Integrated Rule Set (GitHub)", "rule_title": "Suspicious Schtasks Schedule Type With High Privileges", "rule_id": "e36b579d4bc4ef49ede1d82dd08ec1cba660d105c6f037d12ecf79b434617e88", "rule_author": "Nasreddine Bencherchali"}, {"match_context": [{"values": {"TerminalSessionId": "1", "ProcessGuid": "{C784477D-6FB7-63DA-F705-000000004700}", "ProcessId": "7300", "Product": "Microsoft\\xae Windows\\xae Operating System", "Description": "Task Scheduler Configuration Tool", "Company": "Microsoft Corporation", "ParentProcessGuid": "{C784477D-6FB7-63DA-F505-000000004700}", "User": "DESKTOP-B0T93D6\\george", "Hashes": "MD5=15FF7D8324231381BAD48A052F85DF04,SHA256=7949EDDF437FED5F45564402B26E4D457EA666D1361A7C4F07D830BE233A4F72,IMPHASH=FC93D9248DEA161B2E724C188AECD07D", "OriginalFileName": "schtasks.exe", "ParentImage": "C:\\Windows\\SysWOW64\\cmd.exe", "FileVersion": "10.0.17134.1 (WinBuild.160101.0800)", "ParentProcessId": "5972", "CurrentDirectory": "C:\\Users\\george\\Desktop\\", "CommandLine": "schtasks  /CREATE /SC ONLOGON /TN Loki /TR C:\\Users\\george\\AppData\\Roaming\\winlogon.exe /RU SYSTEM /RL HIGHEST /F", "EventID": "1", "LogonGuid": "C784477D-1C6F-63A9-395A-030000000000", "LogonId": "219705", "Image": "C:\\Windows\\SysWOW64\\schtasks.exe", "IntegrityLevel": "High", "ParentCommandLine": "\"C:\\Windows\\System32\\cmd.exe\" /C schtasks /CREATE /SC ONLOGON /TN Loki /TR C:\\Users\\george\\AppData\\Roaming\\winlogon.exe /RU SYSTEM /RL HIGHEST /F", "UtcTime": "1675259831", "RuleName": "-"}}], "rule_level": "medium", "rule_description": "Detects suspicious process starts on Windows systems based on keywords", "rule_source": "SOC Prime Threat Detection Marketplace", "rule_title": "Suspicious Process Creation", "rule_id": "f09d5248ed8fc1a93251158bfda71f8144ccaf37fa922416ccd897498bff7c55", "rule_author": "Florian Roth"}, {"match_context": [{"values": {"EventID": "11", "ProcessId": "6848", "TargetFilename": "C:\\Users\\george\\AppData\\Roaming\\Microsoft\\Windows\\Start Menu\\Programs\\Startup\\winlogon.exe", "ProcessGuid": "{C784477D-6F92-63DA-F005-000000004700}", "CreationUtcTime": "1675259830", "UtcTime": "1675259830", "RuleName": "T1023", "Image": "C:\\Users\\george\\Desktop\\program.exe"}}, {"values": {"EventID": "11", "ProcessId": "6848", "TargetFilename": "C:\\Users\\george\\AppData\\Roaming\\winlogon.exe", "ProcessGuid": "{C784477D-6F92-63DA-F005-000000004700}", "CreationUtcTime": "1675259830", "UtcTime": "1675259830", "RuleName": "EXE", "Image": "C:\\Users\\george\\Desktop\\program.exe"}}, {"values": {"EventID": "11", "ProcessId": "6848", "TargetFilename": "C:\\ProgramData\\winlogon.exe", "RuleName": "EXE", "CreationUtcTime": "1675259831", "UtcTime": "1675259831", "ProcessGuid": "{C784477D-6F92-63DA-F005-000000004700}", "Image": "C:\\Users\\george\\Desktop\\program.exe"}}, {"values": {"EventID": "11", "ProcessId": "6848", "TargetFilename": "C:\\ProgramData\\Microsoft\\Windows\\Start Menu\\Programs\\StartUp\\winlogon.exe", "ProcessGuid": "{C784477D-6F92-63DA-F005-000000004700}", "CreationUtcTime": "1675259831", "UtcTime": "1675259831", "RuleName": "T1023", "Image": "C:\\Users\\george\\Desktop\\program.exe"}}, {"values": {"EventID": "11", "ProcessId": "6848", "TargetFilename": "C:\\Windows\\winlogon.exe", "ProcessGuid": "{C784477D-6F92-63DA-F005-000000004700}", "CreationUtcTime": "1675259832", "UtcTime": "1675259832", "RuleName": "EXE", "Image": "C:\\Users\\george\\Desktop\\program.exe"}}, 