{"data": {"id": "bbec892caf9aa3c91fd013df2e8eb6f027f8f7dec851d03415c2366c9766edb7", "type": "file", "links": {"self": "https://www.virustotal.com/api/v3/files/bbec892caf9aa3c91fd013df2e8eb6f027f8f7dec851d03415c2366c9766edb7"}, "attributes": {"authentihash": "08e3c57934dba0152af2fa8be15c6a17ae495714a97bee5d1fe2c60a4f6fbc56", "type_tags": ["executable", "windows", "win32", "pe", "peexe"], "signature_info": {"product": "exb(rj", "internal name": "itzxo.EXE", "file version": "03.00.0005", "description": "tpevfm()e", "comments": "f(qavt)r", "copyright": "Copyright p)zkka"}, "first_submission_date": 1314431435, "sigma_analysis_results": [{"match_context": [{"values": {"EventID": "13", "ProcessId": "8588", "EventType": "SetValue", "Image": "C:\\Windows\\SysWOW64\\reg.exe", "RuleName": "T1060,RunKey", "UtcTime": "1685417192", "Details": "C:\\Users\\george\\3017026882.exe", "ProcessGuid": "{C784477D-6CE8-6475-A30A-000000004A00}", "TargetObject": "HKU\\S-1-5-21-1015118539-3749460369-599379286-1001\\Software\\Microsoft\\Windows\\CurrentVersion\\Run\\3017026882"}}], "rule_level": "medium", "rule_id": "8b5db9da5732dc549b0e8b56fe5933d7c95ed760f3ac20568ab95347ef8c5bcc", "rule_source": "Sigma Integrated Rule Set (GitHub)", "rule_title": "CurrentVersion Autorun Keys Modification", "rule_description": "Detects modification of autostart extensibility point (ASEP) in registry.", "rule_author": "Victor Sergeev, Daniil Yugoslavskiy, Gleb Sukhodolskiy, Timur Zinniatullin, oscd.community, Tim Shelton, frack113 (split)"}, {"match_context": [{"values": {"EventID": "11", "ProcessId": "8512", "TargetFilename": "C:\\Users\\george\\3017026882.exe", "RuleName": "EXE", "CreationUtcTime": "1685417192", "UtcTime": "1685417192", "ProcessGuid": "{C784477D-6CE8-6475-A00A-000000004A00}", "Image": "C:\\Users\\george\\Desktop\\program.exe"}}], "rule_level": "low", "rule_id": "b5386a23355681c43cfbd2f2ccfe4b16ed45324d0d7b5583487a9f302ee1e427", "rule_source": "Sigma Integrated Rule Set (GitHub)", "rule_title": "Creation of an Executable by an Executable", "rule_description": "Detects the creation of an executable by another executable", "rule_author": "frack113"}, {"match_context": [{"values": {"TerminalSessionId": "1", "ProcessGuid": "{C784477D-6CF0-6475-AA0A-000000004A00}", "ProcessId": "8840", "Product": "Microsoft\\xae Windows\\xae Operating System", "Description": "Terminates Processes", "Company": "Microsoft Corporation", "ParentProcessGuid": "{C784477D-6CF0-6475-A90A-000000004A00}", "User": "DESKTOP-B0T93D6\\george", "Hashes": "MD5=15E2E0ACD891510C6268CB8899F2A1A1,SHA256=F328D587561BEED3C19289FBA43E284FB57BCE1A4C202C7379673964F9B8610D,IMPHASH=0D3E23DCB6BF63A9EB90D5BED57B4F89", "OriginalFileName": "taskkill.exe", "ParentImage": "C:\\Users\\george\\3017026882.exe", "FileVersion": "10.0.17134.1 (WinBuild.160101.0800)", "ParentProcessId": "8796", "CurrentDirectory": "C:\\Users\\george\\", "CommandLine": "taskkill /F /IM taskmgr.exe", "EventID": "1", "LogonGuid": "C784477D-5DF6-645B-E86C-040000000000", "LogonId": "290024", "Image": "C:\\Windows\\SysWOW64\\taskkill.exe", "IntegrityLevel": "High", "ParentCommandLine": "\"C:\\Users\\george\\3017026882.exe\" ", "UtcTime": "1685417200", "RuleName": "-"}}, {"values": {"TerminalSessionId": "1", "ProcessGuid": "{C784477D-6CF1-6475-AC0A-000000004A00}", "ProcessId": "8916", "Product": "Microsoft\\xae Windows\\xae Operating System", "Description": "Terminates Processes", "Company": "Microsoft Corporation", "ParentProcessGuid": "{C784477D-6CF0-6475-A90A-000000004A00}", "User": "DESKTOP-B0T93D6\\george", "Hashes": "MD5=15E2E0ACD891510C6268CB8899F2A1A1,SHA256=F328D587561BEED3C19289FBA43E284FB57BCE1A4C202C7379673964F9B8610D,IMPHASH=0D3E23DCB6BF63A9EB90D5BED57B4F89", "OriginalFileName": "taskkill.exe", "ParentImage": "C:\\Users\\george\\3017026882.exe", "FileVersion": "10.0.17134.1 (WinBuild.160101.0800)", "ParentProcessId": "8796", "CurrentDirectory": "C:\\Users\\george\\", "CommandLine": "taskkill /F /IM taskmgr.exe", "EventID": "1", "LogonGuid": "C784477D-5DF6-645B-E86C-040000000000", "LogonId": "290024", "Image": "C:\\Windows\\SysWOW64\\taskkill.exe", "IntegrityLevel": "High", "ParentCommandLine": "\"C:\\Users\\george\\3017026882.exe\" ", "UtcTime": "1685417201", "RuleName": "-"}}, {"values": {"TerminalSessionId": "1", "ProcessGuid": "{C784477D-6CF1-6475-AE0A-000000004A00}", "ProcessId": "8992", "Product": "Microsoft\\xae Windows\\xae Operating System", "Description": "Terminates Processes", "Company": "Microsoft Corporation", "ParentProcessGuid": "{C784477D-6CF0-6475-A90A-000000004A00}", "User": "DESKTOP-B0T93D6\\george", "Hashes": "MD5=15E2E0ACD891510C6268CB8899F2A1A1,SHA256=F328D587561BEED3C19289FBA43E284FB57BCE1A4C202C7379673964F9B8610D,IMPHASH=0D3E23DCB6BF63A9EB90D5BED57B4F89", "OriginalFileName": "taskkill.exe", "ParentImage": "C:\\Users\\george\\3017026882.exe", "FileVersion": "10.0.17134.1 (WinBuild.160101.0800)", "ParentProcessId": "8796", "CurrentDirectory": "C:\\Users\\george\\", "CommandLine": "taskkill /F /IM taskmgr.exe", "EventID": "1", "LogonGuid": "C784477D-5DF6-645B-E86C-040000000000", "LogonId": "290024", "Image": "C:\\Windows\\SysWOW64\\taskkill.exe", "IntegrityLevel": "High", "ParentCommandLine": "\"C:\\Users\\george\\3017026882.exe\" ", "UtcTime": "1685417201", "RuleName": "-"}}, {"values": {"TerminalSessionId": "1", "ProcessGuid": "{C784477D-6CF1-6475-B00A-000000004A00}", "ProcessId": "9068", "Product": "Microsoft\\xae Windows\\xae Operating System", "Description": "Terminates Processes", "Company": "Microsoft Corporation", "ParentProcessGuid": "{C784477D-6CF0-6475-A90A-000000004A00}", "User": "DESKTOP-B0T93D6\\george", "Hashes": "MD5=15E2E0ACD891510C6268CB8899F2A1A1,SHA256=F328D587561BEED3C19289FBA43E284FB57BCE1A4C202C7379673964F9B8610D,IMPHASH=0D3E23DCB6BF63A9EB90D5BED57B4F89", "OriginalFileName": "taskkill.exe", "ParentImage": "C:\\Users\\george\\3017026882.exe", "FileVersion": "10.0.17134.1 (WinBuild.160101.0800)", "ParentProcessId": "8796", "CurrentDirectory": "C:\\Users\\george\\", "CommandLine": "taskkill /F /IM taskmgr.exe", "EventID": "1", "LogonGuid": "C784477D-5DF6-645B-E86C-040000000000", "LogonId": "290024", "Image": "C:\\Windows\\SysWOW64\\taskkill.exe", "IntegrityLevel": "High", "ParentCommandLine": "\"C:\\Users\\george\\3017026882.exe\" ", "UtcTime": "1685417201", "RuleName": "-"}}, {"values": {"TerminalSessionId": "1", "ProcessGuid": "{C784477D-6CF2-6475-B20A-000000004A00}", "ProcessId": "9152", "Product": "Microsoft\\xae Windows\\xae Operating System", "Description": "Terminates Processes", "Company": "Microsoft Corporation", "ParentProcessGuid": "{C784477D-6CF0-6475-A90A-000000004A00}", "User": "DESKTOP-B0T93D6\\george", "Hashes": "MD5=15E2E0ACD891510C6268CB8899F2A1A1,SHA256=F328D587561BEED3C19289FBA43E284FB57BCE1A4C202C7379673964F9B8610D,IMPHASH=0D3E23DCB6BF63A9EB90D5BED57B4F89", "OriginalFileName": "taskkill.exe", "ParentImage": "C:\\Users\\george\\3017026882.exe", "FileVersion": "10.0.17134.1 (WinBuild.160101.0800)", "ParentProcessId": "8796", "CurrentDirectory": "C:\\Users\\george\\", "CommandLine": "taskkill /F /IM taskmgr.exe", "EventID": "1", "LogonGuid": "C784477D-5DF6-645B-E86C-040000000000", "LogonId": "290024", "Image": "C:\\Windows\\SysWOW64\\taskkill.exe", "IntegrityLevel": "High", "ParentCommandLine": "\"C:\\Users\\george\\3017026882.exe\" ", "UtcTime": "1685417202", "RuleName": "-"}}, {"values": {"TerminalSessionId": "1", "ProcessGuid": "{C784477D-6CF2-6475-B40A-000000004A00}", "ProcessId": "8152", "Product": "Microsoft\\xae Windows\\xae Operating System", "Description": "Terminates Processes", "Company": "Microsoft Corporation", "ParentProcessGuid": "{C784477D-6CF0-6475-A90A-000000004A00}", "User": "DESKTOP-B0T93D6\\george", "Hashes": "MD5=15E2E0ACD891510C6268CB8899F2A1A1,SHA256=F328D587561BEED3C19289FBA43E284FB57BCE1A4C202C7379673964F9B8610D,IMPHASH=0D3E23DCB6BF63A9EB90D5BED57B4F89", "OriginalFileName": "taskkill.exe", "ParentImage": "C:\\Users\\george\\3017026882.exe", "FileVersion": "10.0.17134.1 (WinBuild.160101.0800)", "ParentProcessId": "8796", "CurrentDirectory": "C:\\Users\\george\\", "CommandLine": "taskkill /F /IM taskmgr.exe", "EventID": "1", "LogonGuid": "C784477D-5DF6-645B-E86C-040000000000", "LogonId": "290024", "Image": "C:\\Windows\\SysWOW64\\taskkill.exe", "IntegrityLevel": "High", "ParentCommandLine": "\"C:\\Users\\george\\3017026882.exe\" ", "UtcTime": "1685417202", "RuleName": "-"}}, {"values": {"TerminalSessionId": "1", "ProcessGuid": "{C784477D-6CF2-6475-B60A-000000004A00}", "ProcessId": "452", "Product": "Microsoft\\xae Windows\\xae Operating System", "Description": "Terminates Processes", "Company": "Microsoft Corporation", "ParentProcessGuid": "{C784477D-6CF0-6475-A90A-000000004A00}", "User": "DESKTOP-B0T93D6\\george", "Hashes": "MD5=15E2E0ACD891510C6268CB8899F2A1A1,SHA256=F328D587561BEED3C19289FBA43E284FB57BCE1A4C202C7379673964F9B8610D,IMPHASH=0D3E23DCB6BF63A9EB90D5BED57B4F89", "OriginalFileName": "taskkill.exe", "ParentImage": "C:\\Users\\george\\3017026882.exe", "FileVersion": "10.0.17134.1 (WinBuild.160101.0800)", "ParentProcessId": "8796", "CurrentDirectory": "C:\\Users\\george\\", "CommandLine": "taskkill /F /IM taskmgr.exe", "EventID": "1", "LogonGuid": "C784477D-5DF6-645B-E86C-040000000000", "LogonId": "290024", "Image": "C:\\Windows\\SysWOW64\\taskkill.exe", "IntegrityLevel": "High", "ParentCommandLine": "\"C:\\Users\\george\\3017026882.exe\" ", "UtcTime": "1685417202", "RuleName": "-"}}, {"values": {"TerminalSessionId": "1", "ProcessGuid": "{C784477D-6CF2-6475-B80A-000000004A00}", "ProcessId": "2320", "Product": "Microsoft\\xae Windows\\xae Operating System", "Description": "Terminates Processes", "Company": "Microsoft Corporation", "ParentProcessGuid": "{C784477D-6CF0-6475-A90A-000000004A00}", "User": "DESKTOP-B0T93D6\\george", "Hashes": "MD5=15E2E0ACD891510C6268CB8899F2A1A1,SHA256=F328D587561BEED3C19289FBA43E284FB57BCE1A4C202C7379673964F9B8610D,IMPHASH=0D3E23DCB6BF63A9EB90D5BED57B4F89", "OriginalFileName": "taskkill.exe", "ParentImage": "C:\\Users\\george\\3017026882.exe", "FileVersion": "10.0.17134.1 (WinBuild.160101.0800)", "ParentProcessId": "8796", "CurrentDirectory": "C:\\Users\\george\\", "CommandLine": "taskkill /F /IM taskmgr.exe", "EventID": "1", "LogonGuid": "C784477D-5DF6-645B-E86C-040000000000", "LogonId": "290024", "Image": "C:\\Windows\\SysWOW64\\taskkill.exe", "IntegrityLevel": "High", "ParentCommandLine": "\"C:\\Users\\george\\3017026882.exe\" ", "UtcTime": "1685417202", "RuleName": "-"}}, {"values": {"TerminalSessionId": "1", "ProcessGuid": "{C784477D-6CF3-6475-BA0A-000000004A00}", "ProcessId": "3560", "Product": "Microsoft\\xae Windows\\xae Operating System", "Description": "Terminates Processes", "Company": "Microsoft Corporation", "ParentProcessGuid": "{C784477D-6CF0-6475-A90A-000000004A00}", "User": "DESKTOP-B0T93D6\\george", "Hashes": "MD5=15E2E0ACD891510C6268CB8899F2A1A1,SHA256=F328D587561BEED3C19289FBA43E284FB57BCE1A4C202C7379673964F9B8610D,IMPHASH=0D3E23DCB6BF63A9EB90D5BED57B4F89", "OriginalFileName": "taskkill.exe", "ParentImage": "C:\\Users\\george\\3017026882.exe", "FileVersion": "10.0.17134.1 (WinBuild.160101.0800)", "ParentProcessId": "8796", "CurrentDirectory": "C:\\Users\\george\\", "CommandLine": "taskkill /F /IM taskmgr.exe", "EventID": "1", "LogonGuid": "C784477D-5DF6-645B-E86C-040000000000", "LogonId": "290024", "Image": "C:\\Windows\\SysWOW64\\taskkill.exe", "IntegrityLevel": "High", "ParentCommandLine": "\"C:\\Users\\george\\3017026882.exe\" ", "UtcTime": "1685417203", "RuleName": "-"}}, {"values": {"TerminalSessionId": "1", "ProcessGuid": "{C784477D-6CF3-6475-BC0A-000000004A00}", "ProcessId": "4296", "Product": "Microsoft\\xae Windows\\xae Operating System", "Description": "Terminates Processes", "Company": "Microsoft Corporation", "ParentProcessGuid": "{C784477D-6CF0-6475-A90A-000000004A00}", "User": "DESKTOP-B0T93D6\\george", "Hashes": "MD5=15E2E0ACD891510C6268CB8899F2A1A1,SHA256=F328D587561BEED3C19289FBA43E284FB57BCE1A4C202C7379673964F9B8610D,IMPHASH=0D3E23DCB6BF63A9EB90D5BED57B4F89", "OriginalFileName": "taskkill.exe", "ParentImage": "C:\\Users\\george\\3017026882.exe", "FileVersion": "10.0.17134.1 (WinBuild.160101.0800)", "ParentProcessId": "8796", "CurrentDirectory": "C:\\Users\\george\\", "CommandLine": "taskkill /F /IM taskmgr.exe", "EventID": "1", "LogonGuid": "C784477D-5DF6-645B-E86C-040000000000", "LogonId": "290024", "Image": "C:\\Windows\\SysWOW64\\taskkill.exe", "IntegrityLevel": "High", "ParentCommandLine": "\"C:\\Users\\george\\3017026882.exe\" ", "UtcTime": "1685417203", "RuleName": "-"}}, {"values": {"TerminalSessionId": "1", "ProcessGuid": "{C784477D-6CF4-6475-BE0A-000000004A00}", "ProcessId": "460", "Product": "Microsoft\\xae Windows\\xae Operating System", "Description": "Terminates Processes", "Company": "Microsoft Corporation", "ParentProcessGuid": "{C784477D-6CF0-6475-A90A-000000004A00}", "User": "DESKTOP-B0T93D6\\george", "Hashes": "MD5=15E2E0ACD891510C6268CB8899F2A1A1,SHA256=F328D587561BEED3C19289FBA43E284FB57BCE1A4C202C7379673964F9B8610D,IMPHASH=0D3E23DCB6BF63A9EB90D5BED57B4F89", "OriginalFileName": "taskkill.exe", "ParentImage": "C:\\Users\\george\\3017026882.exe", "FileVersion": "10.0.17134.1 (WinBuild.160101.0800)", "ParentProcessId": "8796", "CurrentDirectory": "C:\\Users\\george\\", "CommandLine": "taskkill /F /IM taskmgr.exe", "EventID": "1", "LogonGuid": "C784477D-5DF6-645B-E86C-040000000000", "LogonId": "290024", "Image": "C:\\Windows\\SysWOW64\\taskkill.exe", "IntegrityLevel": "High", "ParentCommandLine": "\"C:\\Users\\george\\3017026882.exe\" ", "UtcTime": "1685417204", "RuleName": "-"}}, {"values": {"TerminalSessionId": "1", "ProcessGuid": "{C784477D-6CF4-6475-C00A-000000004A00}", "ProcessId": "2408", "Product": "Microsoft\\xae Windows\\xae Operating System", "Description": "Terminates Processes", "Company": "Microsoft Corporation", "ParentProcessGuid": "{C784477D-6CF0-6475-A90A-000000004A00}", "User": "DESKTOP-B0T93D6\\george", "Hashes": "MD5=15E2E0ACD891510C6268CB8899F2A1A1,SHA256=F328D587561BEED3C19289FBA43E284FB57BCE1A4C202C7379673964F9B8610D,IMPHASH=0D3E23DCB6BF63A9EB90D5BED57B4F89", "OriginalFileName": "taskkill.exe", "ParentImage": "C:\\Users\\george\\3017026882.exe", "FileVersion": "10.0.17134.1 (WinBuild.160101.0800)", "ParentProcessId": "8796", "CurrentDirectory": "C:\\Users\\george\\", "CommandLine": "taskkill /F /IM taskmgr.exe", "EventID": "1", "LogonGuid": "C784477D-5DF6-645B-E86C-040000000000", "LogonId": "290024", "Image": "C:\\Windows\\SysWOW64\\taskkill.exe", "IntegrityLevel": "High", "ParentCommandLine": "\"C:\\Users\\george\\3017026882.exe\" ", "UtcTime": "1685417204", "RuleName": "-"}}, {"values": {"TerminalSessionId": "1", "ProcessGuid": "{C784477D-6CF4-6475-C20A-000000004A00}", "ProcessId": "8100", "Product": "Microsoft\\xae Windows\\xae Operating System", "Description": "Terminates Processes", "Company": "Microsoft Corporation", "ParentProcessGuid": "{C784477D-6CF0-6475-A90A-000000004A00}", "User": "DESKTOP-B0T93D6\\george", "Hashes": "MD5=15E2E0ACD891510C6268CB8899F2A1A1,SHA256=F328D587561BEED3C19289FBA43E284FB57BCE1A4C202C7379673964F9B8610D,IMPHASH=0D3E23DCB6BF63A9EB90D5BED57B4F89", "OriginalFileName": "taskkill.exe", "ParentImage": "C:\\Users\\george\\3017026882.exe", "FileVersion": "10.0.17134.1 (WinBuild.160101.0800)", "ParentProcessId": "8796", "CurrentDirectory": "C:\\Users\\george\\", "CommandLine": "taskkill /F /IM taskmgr.exe", "EventID": "1", "LogonGuid": "C784477D-5DF6-645B-E86C-040000000000", "LogonId": "290024", "Image": "C:\\Windows\\SysWOW64\\taskkill.exe", "IntegrityLevel": "High", "ParentCommandLine": "\"C:\\Users\\george\\3017026882.exe\" ", "UtcTime": "1685417204", "RuleName": "-"}}, {"values": {"TerminalSessionId": "1", "ProcessGuid": "{C784477D-6CF4-6475-C40A-000000004A00}", "ProcessId": "8000", "Product": "Microsoft\\xae Windows\\xae Operating System", "Description": "Terminates Processes", "Company": "Microsoft Corporation", "ParentProcessGuid": "{C784477D-6CF0-6475-A90A-000000004A00}", "User": "DESKTOP-B0T93D6\\george", "Hashes": "MD5=15E2E0ACD891510C6268CB8899F2A1A1,SHA256=F328D587561BEED3C19289FBA43E284FB57BCE1A4C202C7379673964F9B8610D,IMPHASH=0D3E23DCB6BF63A9EB90D5BED57B4F89", "OriginalFileName": "taskkill.exe", "ParentImage": "C:\\Users\\george\\3017026882.exe", "FileVersion": "10.0.17134.1 (WinBuild.160101.0800)", "ParentProcessId": "8796", "CurrentDirectory": "C:\\Users\\george\\", "CommandLine": "taskkill /F /IM taskmgr.exe", "EventID": "1", "LogonGuid": "C784477D-5DF6-645B-E86C-040000000000", "LogonId": "290024", "Image": "C:\\Windows\\SysWOW64\\taskkill.exe", "IntegrityLevel": "High", "ParentCommandLine": "\"C:\\Users\\george\\3017026882.exe\" ", "UtcTime": "1685417204", "RuleName": "-"}}, {"values": {"TerminalSessionId": "1", "ProcessGuid": "{C784477D-6CF5-6475-C60A-000000004A00}", "ProcessId": "8092", "Product": "Microsoft\\xae Windows\\xae Operating System", "Description": "Terminates Processes", "Company": "Microsoft Corporation", "ParentProcessGuid": "{C784477D-6CF0-6475-A90A-000000004A00}", "User": "DESKTOP-B0T93D6\\george", "Hashes": "MD5=15E2E0ACD891510C6268CB8899F2A1A1,SHA256=F328D587561BEED3C19289FBA43E284FB57BCE1A4C202C7379673964F9B8610D,IMPHASH=0D3E23DCB6BF63A9EB90D5BED57B4F89", "OriginalFileName": "taskkill.exe", "ParentImage": "C:\\Users\\george\\3017026882.exe", "FileVersion": "10.0.17134.1 (WinBuild.160101.0800)", "ParentProcessId": "8796", "CurrentDirectory": "C:\\Users\\george\\", "CommandLine": "taskkill /F /IM taskmgr.exe", "EventID": "1", "LogonGuid": "C784477D-5DF6-645B-E86C-040000000000", "LogonId": "290024", "Image": "C:\\Windows\\SysWOW64\\taskkill.exe", "IntegrityLevel": "High", "ParentCommandLine": "\"C:\\Users\\george\\3017026882.exe\" ", "UtcTime": "1685417205", "RuleName": "-"}}, {"values": {"TerminalSessionId": "1", "ProcessGuid": "{C784477D-6CF5-6475-C80A-000000004A00}", "ProcessId": "4104", "Product": "Microsoft\\xae Windows\\xae Operating System", "Description": "Terminates Processes", "Company": "Microsoft Corporation", "ParentProcessGuid": "{C784477D-6CF0-6475-A90A-000000004A00}", "User": "DESKTOP-B0T93D6\\george", "Hashes": "MD5=15E2E0ACD891510C6268CB8899F2A1A1,SHA256=F328D587561BEED3C19289FBA43E284FB57BCE1A4C202C7379673964F9B8610D,IMPHASH=0D3E23DCB6BF63A9EB90D5BED57B4F89", "OriginalFileName": "taskkill.exe", "ParentImage": "C:\\Users\\george\\3017026882.exe", "FileVersion": "10.0.17134.1 (WinBuild.160101.0800)", "ParentProcessId": "8796", "CurrentDirectory": "C:\\Users\\george\\", "CommandLine": "taskkill /F /IM taskmgr.exe", "EventID": "1", "LogonGuid": "C784477D-5DF6-645B-E86C-040000000000", "LogonId": "290024", "Image": "C:\\Windows\\SysWOW64\\taskkill.exe", "IntegrityLevel": "High", "ParentCommandLine": "\"C:\\Users\\george\\3017026882.exe\" ", "UtcTime": "1685417205", "RuleName": "-"}}, {"values": {"TerminalSessionId": "1", "ProcessGuid": "{C784477D-6CF5-6475-CA0A-000000004A00}", "ProcessId": "8728", "Product": "Microsoft\\xae Windows\\xae Operating System", "Description": "Terminates Processes", "Company": "Microsoft Corporation", "ParentProcessGuid": "{C784477D-6CF0-6475-A90A-000000004A00}", "User": "DESKTOP-B0T93D6\\george", "Hashes": "MD5=15E2E0ACD891510C6268CB8899F2A1A1,SHA256=F328D587561BEED3C19289FBA43E284FB57BCE1A4C202C7379673964F9B8610D,IMPHASH=0D3E23DCB6BF63A9EB90D5BED57B4F89", "OriginalFileName": "taskkill.exe", "ParentImage": "C:\\Users\\george\\3017026882.exe", "FileVersion": "10.0.17134.1 (WinBuild.160101.0800)", "ParentProcessId": "8796", "CurrentDirectory": "C:\\Users\\george\\", "CommandLine": "taskkill /F /IM taskmgr.exe", "EventID": "1", "LogonGuid": "C784477D-5DF6-645B-E86C-040000000000", "LogonId": "290024", "Image": "C:\\Windows\\SysWOW64\\taskkill.exe", "IntegrityLevel": "High", "ParentCommandLine": "\"C:\\Users\\george\\3017026882.exe\" ", "UtcTime": "1685417205", "RuleName": "-"}}, {"values": {"TerminalSessionId": "1", "ProcessGuid": "{C784477D-6CF6-6475-CC0A-000000004A00}", "ProcessId": "8748", "Product": "Microsoft\\xae Windows\\xae Operating System", "Description": "Terminates Processes", "Company": "Microsoft Corporation", "ParentProcessGuid": "{C784477D-6CF0-6475-A90A-000000004A00}", "User": "DESKTOP-B0T93D6\\george", "Hashes": "MD5=15E2E0ACD891510C6268CB8899F2A1A1,SHA256=F328D587561BEED3C19289FBA43E284FB57BCE1A4C202C7379673964F9B8610D,IMPHASH=0D3E23DCB6BF63A9EB90D5BED57B4F89", "OriginalFileName": "taskkill.exe", "ParentImage": "C:\\Users\\george\\3017026882.exe", "FileVersion": "10.0.17134.1 (WinBuild.160101.0800)", "ParentProcessId": "8796", "CurrentDirectory": "C:\\Users\\george\\", "CommandLine": "taskkill /F /IM taskmgr.exe", "EventID": "1", "LogonGuid": "C784477D-5DF6-645B-E86C-040000000000", "LogonId": "290024", "Image": "C:\\Windows\\SysWOW64\\taskkill.exe", "IntegrityLevel": "High", "ParentCommandLine": "\"C:\\Users\\george\\3017026882.exe\" ", "UtcTime": "1685417206", "RuleName": "-"}}, {"values": {"TerminalSessionId": "1", "ProcessGuid": "{C784477D-6CF6-6475-CE0A-000000004A00}", "ProcessId": "8768", "Product": "Microsoft\\xae Windows\\xae Operating System", "Description": "Terminates Processes", "Company": "Microsoft Corporation", "ParentProcessGuid": "{C784477D-6CF0-6475-A90A-000000004A00}", "User": "DESKTOP-B0T93D6\\george", "Hashes": "MD5=15E2E0ACD891510C6268CB8899F2A1A1,SHA256=F328D587561BEED3C19289FBA43E284FB57BCE1A4C202C7379673964F9B8610D,IMPHASH=0D3E23DCB6BF63A9EB90D5BED57B4F89", "OriginalFileName": "taskkill.exe", "ParentImage": "C:\\Users\\george\\3017026882.exe", "FileVersion": "10.0.17134.1 (WinBuild.160101.0800)", "ParentProcessId": "8796", "CurrentDirectory": "C:\\Users\\george\\", "CommandLine": "taskkill /F /IM taskmgr.exe", "EventID": "1", "LogonGuid": "C784477D-5DF6-645B-E86C-040000000000", "LogonId": "290024", "Image": "C:\\Windows\\SysWOW64\\taskkill.exe", "IntegrityLevel": "High", "ParentCommandLine": "\"C:\\Users\\george\\3017026882.exe\" ", "UtcTime": "1685417206", "RuleName": "-"}}, {"values": {"TerminalSessionId": "1", "ProcessGuid": "{C784477D-6CF7-6475-D00A-000000004A00}", "ProcessId": "6464", "Product": "Microsoft\\xae Windows\\xae Operating System", "Description": "Terminates Processes", "Company": "Microsoft Corporation", "ParentProcessGuid": "{C784477D-6CF0-6475-A90A-000000004A00}", "User": "DESKTOP-B0T93D6\\george", "Hashes": "MD5=15E2E0ACD891510C6268CB8899F2A1A1,SHA256=F328D587561BEED3C19289FBA43E284FB57BCE1A4C202C7379673964F9B8610D,IMPHASH=0D3E23DCB6BF63A9EB90D5BED57B4F89", "OriginalFileName": "taskkill.exe", "ParentImage": "C:\\Users\\george\\3017026882.exe", "FileVersion": "10.0.17134.1 (WinBuild.160101.0800)", "ParentProcessId": "8796", "CurrentDirectory": "C:\\Users\\george\\", "CommandLine": "taskkill /F /IM taskmgr.exe", "EventID": "1", "LogonGuid": "C784477D-5DF6-645B-E86C-040000000000", "LogonId": "290024", "Image": "C:\\Windows\\SysWOW64\\taskkill.exe", "IntegrityLevel": "High", "ParentCommandLine": "\"C:\\Users\\george\\3017026882.exe\" ", "UtcTime": "1685417207", "RuleName": "-"}}, {"values": {"TerminalSessionId": "1", "ProcessGuid": "{C784477D-6CF7-6475-D20A-000000004A00}", "ProcessId": "7652", "Product": "Microsoft\\xae Windows\\xae Operating System", "Description": "Terminates Processes", "Company": "Microsoft Corporation", "ParentProcessGuid": "{C784477D-6CF0-6475-A90A-000000004A00}", "User": "DESKTOP-B0T93D6\\george", "Hashes": "MD5=15E2E0ACD891510C6268CB8899F2A1A1,SHA256=F328D587561BEED3C19289FBA43E284FB57BCE1A4C202C7379673964F9B8610D,IMPHASH=0D3E23DCB6BF63A9EB90D5BED57B4F89", "OriginalFileName": "taskkill.exe", "ParentImage": "C:\\Users\\george\\3017026882.exe", "FileVersion": "10.0.17134.1 (WinBuild.160101.0800)", "ParentProcessId": "8796", "CurrentDirectory": "C:\\Users\\george\\", "CommandLine": "taskkill /F /IM taskmgr.exe", "EventID": "1", "LogonGuid": "C784477D-5DF6-645B-E86C-040000000000", "LogonId": "290024", "Image": "C:\\Windows\\SysWOW64\\taskkill.exe", "IntegrityLevel": "High", "ParentCommandLine": "\"C:\\Users\\george\\3017026882.exe\" ", "UtcTime": "1685417207", "RuleName": "-"}}, {"values": {"TerminalSessionId": "1", "ProcessGuid": "{C784477D-6CF8-6475-D40A-000000004A00}", "ProcessId": "6600", "Product": "Microsoft\\xae Windows\\xae Operating System", "Description": "Terminates Processes", "Company": "Microsoft Corporation", "ParentProcessGuid": "{C784477D-6CF0-6475-A90A-000000004A00}", "User": "DESKTOP-B0T93D6\\george", "Hashes": "MD5=15E2E0ACD891510C6268CB8899F2A1A1,SHA256=F328D587561BEED3C19289FBA43E284FB57BCE1A4C202C7379673964F9B8610D,IMPHASH=0D3E23DCB6BF63A9EB90D5BED57B4F89", "OriginalFileName": "taskkill.exe", "ParentImage": "C:\\Users\\george\\3017026882.exe", "FileVersion": "10.0.17134.1 (WinBuild.160101.0800)", "ParentProcessId": "8796", "CurrentDirectory": "C:\\Users\\george\\", "CommandLine": "taskkill /F /IM taskmgr.exe", "EventID": "1", "LogonGuid": "C784477D-5DF6-645B-E86C-040000000000", "LogonId": "290024", "Image": "C:\\Windows\\SysWOW64\\taskkill.exe", "IntegrityLevel": "High", "ParentCommandLine": "\"C:\\Users\\george\\3017026882.exe\" ", "UtcTime": "1685417208", "RuleName": "-"}}, {"values": {"TerminalSessionId": "1", "ProcessGuid": "{C784477D-6CF8-6475-D60A-000000004A00}", "ProcessId": "8900", "Product": "Microsoft\\xae Windows\\xae Operating System", "Description": "Terminates Processes", "Company": "Microsoft Corporation", "ParentProcessGuid": "{C784477D-6CF0-6475-A90A-000000004A00}", "User": "DESKTOP-B0T93D6\\george", "Hashes": "MD5=15E2E0ACD891510C6268CB8899F2A1A1,SHA256=F328D587561BEED3C19289FBA43E284FB57BCE1A4C202C7379673964F9B8610D,IMPHASH=0D3E23DCB6BF63A9EB90D5BED57B4F89", "OriginalFileName": "taskkill.exe", "ParentImage": "C:\\Users\\george\\3017026882.exe", "FileVersion": "10.0.17134.1 (WinBuild.160101.0800)", "ParentProcessId": "8796", "CurrentDirectory": "C:\\Users\\george\\", "CommandLine": "taskkill /F /IM taskmgr.exe", "EventID": "1", "LogonGuid": "C784477D-5DF6-645B-E86C-040000000000", "LogonId": "290024", "Image": "C:\\Windows\\SysWOW64\\taskkill.exe", "IntegrityLevel": "High", "ParentCommandLine": "\"C:\\Users\\george\\3017026882.exe\" ", "UtcTime": "1685417208", "RuleName": "-"}}, {"values": {"TerminalSessionId": "1", "ProcessGuid": "{C784477D-6CF8-6475-D90A-000000004A00}", "ProcessId": "8944", "Product": "Microsoft\\xae Windows\\xae Operating System", "Description": "Terminates Processes", "Company": "Microsoft Corporation", "ParentProcessGuid": "{C784477D-6CF0-6475-A90A-000000004A00}", "User": "DESKTOP-B0T93D6\\george", "Hashes": "MD5=15E2E0ACD891510C6268CB8899F2A1A1,SHA256=F328D587561BEED3C19289FBA43E284FB57BCE1A4C202C7379673964F9B8610D,IMPHASH=0D3E23DCB6BF63A9EB90D5BED57B4F89", "OriginalFileName": "taskkill.exe", "ParentImage": "C:\\Users\\george\\3017026882.exe", "FileVersion": "10.0.17134.1 (WinBuild.160101.0800)", "ParentProcessId": "8796", "CurrentDirectory": "C:\\Users\\george\\", "CommandLine": "taskkill /F /IM taskmgr.exe", "EventID": "1", "LogonGuid": "C784477D-5DF6-645B-E86C-040000000000", "LogonId": "290024", "Image": "C:\\Windows\\SysWOW64\\taskkill.exe", "IntegrityLevel": "High", "ParentCommandLine": "\"C:\\Users\\george\\3017026882.exe\" ", "UtcTime": "1685417208", "RuleName": "-"}}, {"values": {"TerminalSessionId": "1", "ProcessGuid": "{C784477D-6CF9-6475-DB0A-000000004A00}", "ProcessId": "9056", "Product": "Microsoft\\xae Windows\\xae Operating System", "Description": "Terminates Processes", "Company": "Microsoft Corporation", "ParentProcessGuid": "{C784477D-6CF0-6475-A90A-000000004A00}", "User": "DESKTOP-B0T93D6\\george", "Hashes": "MD5=15E2E0ACD891510C6268CB8899F2A1A1,SHA256=F328D587561BEED3C19289FBA43E284FB57BCE1A4C202C7379673964F9B8610D,IMPHASH=0D3E23DCB6BF63A9EB90D5BED57B4F89", "OriginalFileName": "taskkill.exe", "ParentImage": "C:\\Users\\george\\3017026882.exe", "FileVersion": "10.0.17134.1 (WinBuild.160101.0800)", "ParentProcessId": "8796", "CurrentDirectory": "C:\\Users\\george\\", "CommandLine": "taskkill /F /IM taskmgr.exe", "EventID": "1", "LogonGuid": "C784477D-5DF6-645B-E86C-040000000000", "LogonId": "290024", "Image": "C:\\Windows\\SysWOW64\\taskkill.exe", "IntegrityLevel": "High", "ParentCommandLine": "\"C:\\Users\\george\\3017026882.exe\" ", "UtcTime": "1685417209", "RuleName": "-"}}, {"values": {"TerminalSessionId": "1", "ProcessGuid": "{C784477D-6CF9-6475-DD0A-000000004A00}", "ProcessId": "9140", "Product": "Microsoft\\xae Windows\\xae Operating System", "Description": "Terminates Processes", "Company": "Microsoft Corporation", "ParentProcessGuid": "{C784477D-6CF0-6475-A90A-000000004A00}", "User": "DESKTOP-B0T93D6\\george", "Hashes": "MD5=15E2E0ACD891510C6268CB8899F2A1A1,SHA256=F328D587561BEED3C19289FBA43E284FB57BCE1A4C202C7379673964F9B8610D,IMPHASH=0D3E23DCB6BF63A9EB90D5BED57B4F89", "OriginalFileName": "taskkill.exe", "ParentImage": "C:\\Users\\george\\3017026882.exe", "FileVersion": "10.0.17134.1 (WinBuild.160101.0800)", "ParentProcessId": "8796", "CurrentDirectory": "C:\\Users\\george\\", "CommandLine": "taskkill /F /IM taskmgr.exe", "EventID": "1", "LogonGuid": "C784477D-5DF6-645B-E86C-040000000000", "LogonId": "290024", "Image": "C:\\Windows\\SysWOW64\\taskkill.exe", "IntegrityLevel": "High", "ParentCommandLine": "\"C:\\Users\\george\\3017026882.exe\" ", "UtcTime": "1685417209", "RuleName": "-"}}, {"values": {"TerminalSessionId": "1", "ProcessGuid": "{C784477D-6CF9-6475-DF0A-000000004A00}", "ProcessId": "9200", "Product": "Microsoft\\xae Windows\\xae Operating System", "Description": "Terminates Processes", "Company": "Microsoft Corporation", "ParentProcessGuid": "{C784477D-6CF0-6475-A90A-000000004A00}", "User": "DESKTOP-B0T93D6\\george", "Hashes": "MD5=15E2E0ACD891510C6268CB8899F2A1A1,SHA256=F328D587561BEED3C19289FBA43E284FB57BCE1A4C202C7379673964F9B8610D,IMPHASH=0D3E23DCB6BF63A9EB90D5BED57B4F89", "OriginalFileName": "taskkill.exe", "ParentImage": "C:\\Users\\george\\3017026882.exe", "FileVersion": "10.0.17134.1 (WinBuild.160101.0800)", "ParentProcessId": "8796", "CurrentDirectory": "C:\\Users\\george\\", "CommandLine": "taskkill /F /IM taskmgr.exe", "EventID": "1", "LogonGuid": "C784477D-5DF6-645B-E86C-040000000000", "LogonId": "290024", "Image": "C:\\Windows\\SysWOW64\\taskkill.exe", "IntegrityLevel": "High", "ParentCommandLine": "\"C:\\Users\\george\\3017026882.exe\" ", "UtcTime": "1685417209", "RuleName": "-"}}, {"values": {"TerminalSessionId": "1", "ProcessGuid": "{C784477D-6CFA-6475-E10A-000000004A00}", "ProcessId": "8168", "Product": "Microsoft\\xae Windows\\xae Operating System", "Description": "Terminates Processes", "Company": "Microsoft Corporation", "ParentProcessGuid": "{C784477D-6CF0-6475-A90A-000000004A00}", "User": "DESKTOP-B0T93D6\\george", "Hashes": "MD5=15E2E0ACD891510C6268CB8899F2A1A1,SHA256=F328D587561BEED3C19289FBA43E284FB57BCE1A4C202C7379673964F9B8610D,IMPHASH=0D3E23DCB6BF63A9EB90D5BED57B4F89", "OriginalFileName": "taskkill.exe", "ParentImage": "C:\\Users\\george\\3017026882.exe", "FileVersion": "10.0.17134.1 (WinBuild.160101.0800)", "ParentProcessId": "8796", "CurrentDirectory": "C:\\Users\\george\\", "CommandLine": "taskkill /F /IM taskmgr.exe", "EventID": "1", "LogonGuid": "C784477D-5DF6-645B-E86C-040000000000", "LogonId": "290024", "Image": "C:\\Windows\\SysWOW64\\taskkill.exe", "IntegrityLevel": "High", "ParentCommandLine": "\"C:\\Users\\george\\3017026882.exe\" ", "UtcTime": "1685417210", "RuleName": "-"}}, {"values": {"TerminalSessionId": "1", "ProcessGuid": "{C784477D-6CFA-6475-E30A-000000004A00}", "ProcessId": "2284", "Product": "Microsoft\\xae Windows\\xae Operating System", "Description": "Terminates Processes", "Company": "Microsoft Corporation", "ParentProcessGuid": "{C784477D-6CF0-6475-A90A-000000004A00}", "User": "DESKTOP-B0T93D6\\george", "Hashes": "MD5=15E2E0ACD891510C6268CB8899F2A1A1,SHA256=F328D587561BEED3C19289FBA43E284FB57BCE1A4C202C7379673964F9B8610D,IMPHASH=0D3E23DCB6BF63A9EB90D5BED57B4F89", "OriginalFileName": "taskkill.exe", "ParentImage": "C:\\Users\\george\\3017026882.exe", "FileVersion": "10.0.17134.1 (WinBuild.160101.0800)", "ParentProcessId": "8796", "CurrentDirectory": "C:\\Users\\george\\", "CommandLine": "taskkill /F /IM taskmgr.exe", "EventID": "1", "LogonGuid": "C784477D-5DF6-645B-E86C-040000000000", "LogonId": "290024", "Image": "C:\\Windows\\SysWOW64\\taskkill.exe", "IntegrityLevel": "High", "ParentCommandLine": "\"C:\\Users\\george\\3017026882.exe\" ", "UtcTime": "1685417210", "RuleName": "-"}}, {"values": {"TerminalSessionId": "1", "ProcessGuid": "{C784477D-6CFA-6475-E50A-000000004A00}", "ProcessId": "5964", "Product": "Microsoft\\xae Windows\\xae Operating System", "Description": "Terminates Processes", "Company": "Microsoft Corporation", "ParentProcessGuid": "{C784477D-6CF0-6475-A90A-000000004A00}", "User": "DESKTOP-B0T93D6\\george", "Hashes": "MD5=15E2E0ACD891510C6268CB8899F2A1A1,SHA256=F328D587561BEED3C19289FBA43E284FB57BCE1A4C202C7379673964F9B8610D,IMPHASH=0D3E23DCB6BF63A9EB90D5BED57B4F89", "OriginalFileName": "taskkill.exe", "ParentImage": "C:\\Users\\george\\3017026882.exe", "FileVersion": "10.0.17134.1 (WinBuild.160101.0800)", "ParentProcessId": "8796", "CurrentDirectory": "C:\\Users\\george\\", "CommandLine": "taskkill /F /IM taskmgr.exe", "EventID": "1", "LogonGuid": "C784477D-5DF6-645B-E86C-040000000000", "LogonId": "290024", "Image": "C:\\Windows\\SysWOW64\\taskkill.exe", "IntegrityLevel": "High", "ParentCommandLine": "\"C:\\Users\\george\\3017026882.exe\" ", "UtcTime": "1685417210", "RuleName": "-"}}, {"values": {"TerminalSessionId": "1", "ProcessGuid": "{C784477D-6CFB-6475-E70A-000000004A00}", "ProcessId": "3468", "Product": "Microsoft\\xae Windows\\xae Operating System", "Description": "Terminates Processes", "Company": "Microsoft Corporation", "ParentProcessGuid": "{C784477D-6CF0-6475-A90A-000000004A00}", "User": "DESKTOP-B0T93D6\\george", "Hashes": "MD5=15E2E0ACD891510C6268CB8899F2A1A1,SHA256=F328D587561BEED3C19289FBA43E284FB57BCE1A4C202C7379673964F9B8610D,IMPHASH=0D3E23DCB6BF63A9EB90D5BED57B4F89", "OriginalFileName": "taskkill.exe", "ParentImage": "C:\\Users\\george\\3017026882.exe", "FileVersion": "10.0.17134.1 (WinBuild.160101.0800)", "ParentProcessId": "8796", "CurrentDirectory": "C:\\Users\\george\\", "CommandLine": "taskkill /F /IM taskmgr.exe", "EventID": "1", "LogonGuid": "C784477D-5DF6-645B-E86C-040000000000", "LogonId": "290024", "Image": "C:\\Windows\\SysWOW64\\taskkill.exe", "IntegrityLevel": "High", "ParentCommandLine": "\"C:\\Users\\george\\3017026882.exe\" ", "UtcTime": "1685417211", "RuleName": "-"}}, {"values": {"TerminalSessionId": "1", "ProcessGuid": "{C784477D-6CFB-6475-E90A-000000004A00}", "ProcessId": "2156", "Product": "Microsoft\\xae Windows\\xae Operating System", "Description": "Terminates Processes", "Company": "Microsoft Corporation", "ParentProcessGuid": "{C784477D-6CF0-6475-A90A-000000004A00}", "User": "DESKTOP-B0T93D6\\george", "Hashes": "MD5=15E2E0ACD891510C6268CB8899F2A1A1,SHA256=F328D587561BEED3C19289FBA43E284FB57BCE1A4C202C7379673964F9B8610D,IMPHASH=0D3E23DCB6BF63A9EB90D5BED57B4F89", "OriginalFileName": "taskkill.exe", "ParentImage": "C:\\Users\\george\\3017026882.exe", "FileVersion": "10.0.17134.1 (WinBuild.160101.0800)", "ParentProcessId": "8796", "CurrentDirectory": "C:\\Users\\george\\", "CommandLine": "taskkill /F /IM taskmgr.exe", "EventID": "1", "LogonGuid": "C784477D-5DF6-645B-E86C-040000000000", "LogonId": "290024", "Image": "C:\\Windows\\SysWOW64\\taskkill.exe", "IntegrityLevel": "High", "ParentCommandLine": "\"C:\\Users\\george\\3017026882.exe\" ", "UtcTime": "1685417211", "RuleName": "-"}}, {"values": {"TerminalSessionId": "1", "ProcessGuid": "{C784477D-6CFB-6475-EB0A-000000004A00}", "ProcessId": "1596", "Product": "Microsoft\\xae Windows\\xae Operating System", "Description": "Terminates Processes", "Company": "Microsoft Corporation", "ParentProcessGuid": "{C784477D-6CF0-6475-A90A-000000004A00}", "User": "DESKTOP-B0T93D6\\george", "Hashes": "MD5=15E2E0ACD891510C6268CB8899F2A1A1,SHA256=F328D587561BEED3C19289FBA43E284FB57BCE1A4C202C7379673964F9B8610D,IMPHASH=0D3E23DCB6BF63A9EB90D5BED57B4F89", "OriginalFileName": "taskkill.exe", "ParentImage": "C:\\Users\\george\\3017026882.exe", "FileVersion": "10.0.17134.1 (WinBuild.160101.0800)", "ParentProcessId": "8796", "CurrentDirectory": "C:\\Users\\george\\", "CommandLine": "taskkill /F /IM taskmgr.exe", "EventID": "1", "LogonGuid": "C784477D-5DF6-645B-E86C-040000000000", "LogonId": "290024", "Image": "C:\\Windows\\SysWOW64\\taskkill.exe", "IntegrityLevel": "High", "ParentCommandLine": "\"C:\\Users\\george\\3017026882.exe\" ", "UtcTime": "1685417211", "RuleName": "-"}}, {"values": {"TerminalSessionId": "1", "ProcessGuid": "{C784477D-6CFC-6475-EE0A-000000004A00}", "ProcessId": "8352", "Product": "Microsoft\\xae Windows\\xae Operating System", "Description": "Terminates Processes", "Company": "Microsoft Corporation", "ParentProcessGuid": "{C784477D-6CF0-6475-A90A-000000004A00}", "User": "DESKTOP-B0T93D6\\george", "Hashes": "MD5=15E2E0ACD891510C6268CB8899F2A1A1,SHA256=F328D587561BEED3C19289FBA43E284FB57BCE1A4C202C7379673964F9B8610D,IMPHASH=0D3E23DCB6BF63A9EB90D5BED57B4F89", "OriginalFileName": "taskkill.exe", "ParentImage": "C:\\Users\\george\\3017026882.exe", "FileVersion": "10.0.17134.1 (WinBuild.160101.0800)", "ParentProcessId": "8796", "CurrentDirectory": "C:\\Users\\george\\", "CommandLine": "taskkill /F /IM taskmgr.exe", "EventID": "1", "LogonGuid": "C784477D-5DF6-645B-E86C-040000000000", "LogonId": "290024", "Image": "C:\\Windows\\SysWOW64\\taskkill.exe", "IntegrityLevel": "High", "ParentCommandLine": "\"C:\\Users\\george\\3017026882.exe\" ", "UtcTime": "1685417212", "RuleName": "-"}}, {"values": {"TerminalSessionId": "1", "ProcessGuid": "{C784477D-6CFC-6475-F00A-000000004A00}", "ProcessId": "4160", "Product": "Microsoft\\xae Windows\\xae Operating System", "Description": "Terminates Processes", "Company": "Microsoft Corporation", "ParentProcessGuid": "{C784477D-6CF0-6475-A90A-000000004A00}", "User": "DESKTOP-B0T93D6\\george", "Hashes": "MD5=15E2E0ACD891510C6268CB8899F2A1A1,SHA256=F328D587561BEED3C19289FBA43E284FB57BCE1A4C202C7379673964F9B8610D,IMPHASH=0D3E23DCB6BF63A9EB90D5BED57B4F89", "OriginalFileName": "taskkill.exe", "ParentImage": "C:\\Users\\george\\3017026882.exe", "FileVersion": "10.0.17134.1 (WinBuild.160101.0800)", "ParentProcessId": "8796", "CurrentDirectory": "C:\\Users\\george\\", "CommandLine": "taskkill /F /IM taskmgr.exe", "EventID": "1", "LogonGuid": "C784477D-5DF6-645B-E86C-040000000000", "LogonId": "290024", "Image": "C:\\Windows\\SysWOW64\\taskkill.exe", "IntegrityLevel": "High", "ParentCommandLine": "\"C:\\Users\\george\\3017026882.exe\" ", "UtcTime": "1685417212", "RuleName": "-"}}, {"values": {"TerminalSessionId": "1", "ProcessGuid": "{C784477D-6CFC-6475-F20A-000000004A00}", "ProcessId": "7084", "Product": "Microsoft\\xae Windows\\xae Operating System", "Description": "Terminates Processes", "Company": "Microsoft Corporation", "ParentProcessGuid": "{C784477D-6CF0-6475-A90A-000000004A00}", "User": "DESKTOP-B0T93D6\\george", "Hashes": "MD5=15E2E0ACD891510C6268CB8899F2A1A1,SHA256=F328D587561BEED3C19289FBA43E284FB57BCE1A4C202C7379673964F9B8610D,IMPHASH=0D3E23DCB6BF63A9EB90D5BED57B4F89", "OriginalFileName": "taskkill.exe", "ParentImage": "C:\\Users\\george\\3017026882.exe", "FileVersion": "10.0.17134.1 (WinBuild.160101.0800)", "ParentProcessId": "8796", "CurrentDirectory": "C:\\Users\\george\\", "CommandLine": "taskkill /F /IM taskmgr.exe", "EventID": "1", "LogonGuid": "C784477D-5DF6-645B-E86C-040000000000", "LogonId": "290024", "Image": "C:\\Windows\\SysWOW64\\taskkill.exe", "IntegrityLevel": "High", "ParentCommandLine": "\"C:\\Users\\george\\3017026882.exe\" ", "UtcTime": "1685417212", "RuleName": "-"}}, {"values": {"TerminalSessionId": "1", "ProcessGuid": "{C784477D-6CFC-6475-F40A-000000004A00}", "ProcessId": "8576", "Product": "Microsoft\\xae Windows\\xae Operating System", "Description": "Terminates Processes", "Company": "Microsoft Corporation", "ParentProcessGuid": "{C784477D-6CF0-6475-A90A-000000004A00}", "User": "DESKTOP-B0T93D6\\george", "Hashes": "MD5=15E2E0ACD891510C6268CB8899F2A1A1,SHA256=F328D587561BEED3C19289FBA43E284FB57BCE1A4C202C7379673964F9B8610D,IMPHASH=0D3E23DCB6BF63A9EB90D5BED57B4F89", "OriginalFileName": "taskkill.exe", "ParentImage": "C:\\Users\\george\\3017026882.exe", "FileVersion": "10.0.17134.1 (WinBuild.160101.0800)", "ParentProcessId": "8796", "CurrentDirectory": "C:\\Users\\george\\", "CommandLine": "taskkill /F /IM taskmgr.exe", "EventID": "1", "LogonGuid": "C784477D-5DF6-645B-E86C-040000000000", "LogonId": "290024", "Image": "C:\\Windows\\SysWOW64\\taskkill.exe", "IntegrityLevel": "High", "ParentCommandLine": "\"C:\\Users\\george\\3017026882.exe\" ", "UtcTime": "1685417212", "RuleName": "-"}}, {"values": {"TerminalSessionId": "1", "ProcessGuid": "{C784477D-6CFC-6475-F60A-000000004A00}", "ProcessId": "5204", "Product": "Microsoft\\xae Windows\\xae Operating System", "Description": "Terminates Processes", "Company": "Microsoft Corporation", "ParentProcessGuid": "{C784477D-6CF0-6475-A90A-000000004A00}", "User": "DESKTOP-B0T93D6\\george", "Hashes": "MD5=15E2E0ACD891510C6268CB8899F2A1A1,SHA256=F328D587561BEED3C19289FBA43E284FB57BCE1A4C202C7379673964F9B8610D,IMPHASH=0D3E23DCB6BF63A9EB90D5BED57B4F89", "OriginalFileName": "taskkill.exe", "ParentImage": "C:\\Users\\george\\3017026882.exe", "FileVersion": "10.0.17134.1 (WinBuild.160101.0800)", "ParentProcessId": "8796", "CurrentDirectory": "C:\\Users\\george\\", "CommandLine": "taskkill /F /IM taskmgr.exe", "EventID": "1", "LogonGuid": "C784477D-5DF6-645B-E86C-040000000000", "LogonId": "290024", "Image": "C:\\Windows\\SysWOW64\\taskkill.exe", "IntegrityLevel": "High", "ParentCommandLine": "\"C:\\Users\\george\\3017026882.exe\" ", "UtcTime": "1685417212", "RuleName": "-"}}, {"values": {"TerminalSessionId": "1", "ProcessGuid": "{C784477D-6CFD-6475-F80A-000000004A00}", "ProcessId": "6172", "Product": "Microsoft\\xae Windows\\xae Operating System", "Description": "Terminates Processes", "Company": "Microsoft Corporation", "ParentProcessGuid": "{C784477D-6CF0-6475-A90A-000000004A00}", "User": "DESKTOP-B0T93D6\\george", "Hashes": "MD5=15E2E0ACD891510C6268CB8899F2A1A1,SHA256=F328D587561BEED3C19289FBA43E284FB57BCE1A4C202C7379673964F9B8610D,IMPHASH=0D3E23DCB6BF63A9EB90D5BED57B4F89", "OriginalFileName": "taskkill.exe", "ParentImage": "C:\\Users\\george\\3017026882.exe", "FileVersion": "10.0.17134.1 (WinBuild.160101.0800)", "ParentProcessId": "8796", "CurrentDirectory": "C:\\Users\\george\\", "CommandLine": "taskkill /F /IM taskmgr.exe", "EventID": "1", "LogonGuid": "C784477D-5DF6-645B-E86C-040000000000", "LogonId": "290024", "Image": "C:\\Windows\\SysWOW64\\taskkill.exe", "IntegrityLevel": "High", "ParentCommandLine": "\"C:\\Users\\george\\3017026882.exe\" ", "UtcTime": "1685417213", "RuleName": "-"}}, {"values": {"TerminalSessionId": "1", "ProcessGuid": "{C784477D-6CFD-6475-FA0A-000000004A00}", "ProcessId": "6456", "Product": "Microsoft\\xae Windows\\xae Operating System", "Description": "Terminates Processes", "Company": "Microsoft Corporation", "ParentProcessGuid": "{C784477D-6CF0-6475-A90A-000000004A00}", "User": "DESKTOP-B0T93D6\\george", "Hashes": "MD5=15E2E0ACD891510C6268CB8899F2A1A1,SHA256=F328D587561BEED3C19289FBA43E284FB57BCE1A4C202C7379673964F9B8610D,IMPHASH=0D3E23DCB6BF63A9EB90D5BED57B4F89", "OriginalFileName": "taskkill.exe", "ParentImage": "C:\\Users\\george\\3017026882.exe", "FileVersion": "10.0.17134.1 (WinBuild.160101.0800)", "ParentProcessId": "8796", "CurrentDirectory": "C:\\Users\\george\\", "CommandLine": "taskkill /F /IM taskmgr.exe", "EventID": "1", "LogonGuid": "C784477D-5DF6-645B-E86C-040000000000", "LogonId": "290024", "Image": "C:\\Windows\\SysWOW64\\taskkill.exe", "IntegrityLevel": "High", "ParentCommandLine": "\"C:\\Users\\george\\3017026882.exe\" ", "UtcTime": "1685417213", "RuleName": "-"}}, {"values": {"TerminalSessionId": "1", "ProcessGuid": "{C784477D-6CFD-6475-FC0A-000000004A00}", "ProcessId": "5688", "Product": "Microsoft\\xae Windows\\xae Operating System", "Description": "Terminates Processes", "Company": "Microsoft Corporation", "ParentProcessGuid": "{C784477D-6CF0-6475-A90A-000000004A00}", "User": "DESKTOP-B0T93D6\\george", "Hashes": "MD5=15E2E0ACD891510C6268CB8899F2A1A1,SHA256=F328D587561BEED3C19289FBA43E284FB57BCE1A4C202C7379673964F9B8610D,IMPHASH=0D3E23DCB6BF63A9EB90D5BED57B4F89", "OriginalFileName": "taskkill.exe", "ParentImage": "C:\\Users\\george\\3017026882.exe", "FileVersion": "10.0.17134.1 (WinBuild.160101.0800)", "ParentProcessId": "8796", "CurrentDirectory": "C:\\Users\\george\\", "CommandLine": "taskkill /F /IM taskmgr.exe", "EventID": "1", "LogonGuid": "C784477D-5DF6-645B-E86C-040000000000", "LogonId": "290024", "Image": "C:\\Windows\\SysWOW64\\taskkill.exe", "IntegrityLevel": "High", "ParentCommandLine": "\"C:\\Users\\george\\3017026882.exe\" ", "UtcTime": "1685417213", "RuleName": "-"}}, {"values": {"TerminalSessionId": "1", "ProcessGuid": "{C784477D-6CFD-6475-FE0A-000000004A00}", "ProcessId": "6508", "Product": "Microsoft\\xae Windows\\xae Operating System", "Description": "Terminates Processes", "Company": "Microsoft Corporation", "ParentProcessGuid": "{C784477D-6CF0-6475-A90A-000000004A00}", "User": "DESKTOP-B0T93D6\\george", "Hashes": "MD5=15E2E0ACD891510C6268CB8899F2A1A1,SHA256=F328D587561BEED3C19289FBA43E284FB57BCE1A4C202C7379673964F9B8610D,IMPHASH=0D3E23DCB6BF63A9EB90D5BED57B4F89", "OriginalFileName": "taskkill.exe", "ParentImage": "C:\\Users\\george\\3017026882.exe", "FileVersion": "10.0.17134.1 (WinBuild.160101.0800)", "ParentProcessId": "8796", "CurrentDirectory": "C:\\Users\\george\\", "CommandLine": "taskkill /F /IM taskmgr.exe", "EventID": "1", "LogonGuid": "C784477D-5DF6-645B-E86C-040000000000", "LogonId": "290024", "Image": "C:\\Windows\\SysWOW64\\taskkill.exe", "IntegrityLevel": "High", "ParentCommandLine": "\"C:\\Users\\george\\3017026882.exe\" ", "UtcTime": "1685417213", "RuleName": "-"}}, {"values": {"TerminalSessionId": "1", "ProcessGuid": "{C784477D-6CFD-6475-000B-000000004A00}", "ProcessId": "7656", "Product": "Microsoft\\xae Windows\\xae Operating System", "Description": "Terminates Processes", "Company": "Microsoft Corporation", "ParentProcessGuid": "{C784477D-6CF0-6475-A90A-000000004A00}", "User": "DESKTOP-B0T93D6\\george", "Hashes": "MD5=15E2E0ACD891510C6268CB8899F2A1A1,SHA256=F328D587561BEED3C19289FBA43E284FB57BCE1A4C202C7379673964F9B8610D,IMPHASH=0D3E23DCB6BF63A9EB90D5BED57B4F89", "OriginalFileName": "taskkill.exe", "ParentImage": "C:\\Users\\george\\3017026882.exe", "FileVersion": "10.0.17134.1 (WinBuild.160101.0800)", "ParentProcessId": "8796", "CurrentDirectory": "C:\\Users\\george\\", "CommandLine": "taskkill /F /IM taskmgr.exe", "EventID": "1", "LogonGuid": "C784477D-5DF6-645B-E86C-040000000000", "LogonId": "290024", "Image": "C:\\Windows\\SysWOW64\\taskkill.exe", "IntegrityLevel": "High", "ParentCommandLine": "\"C:\\Users\\george\\3017026882.exe\" ", "UtcTime": "1685417213", "RuleName": "-"}}, {"values": {"TerminalSessionId": "1", "ProcessGuid": "{C784477D-6CFD-6475-020B-000000004A00}", "ProcessId": "8108", "Product": "Microsoft\\xae Windows\\xae Operating System", "Description": "Terminates Processes", "Company": "Microsoft Corporation", "ParentProcessGuid": "{C784477D-6CF0-6475-A90A-000000004A00}", "User": "DESKTOP-B0T93D6\\george", "Hashes": "MD5=15E2E0ACD891510C6268CB8899F2A1A1,SHA256=F328D587561BEED3C19289FBA43E284FB57BCE1A4C202C7379673964F9B8610D,IMPHASH=0D3E23DCB6BF63A9EB90D5BED57B4F89", "OriginalFileName": "taskkill.exe", "ParentImage": "C:\\Users\\george\\3017026882.exe", "FileVersion": "10.0.17134.1 (WinBuild.160101.0800)", "ParentProcessId": "8796", "CurrentDirectory": "C:\\Users\\george\\", "CommandLine": "taskkill /F /IM taskmgr.exe", "EventID": "1", "LogonGuid": "C784477D-5DF6-645B-E86C-040000000000", "LogonId": "290024", "Image": "C:\\Windows\\SysWOW64\\taskkill.exe", "IntegrityLevel": "High", "ParentCommandLine": "\"C:\\Users\\george\\3017026882.exe\" ", "UtcTime": "1685417213", "RuleName": "-"}}, {"values": {"TerminalSessionId": "1", "ProcessGuid": "{C784477D-6CFD-6475-040B-000000004A00}", "ProcessId": "8840", "Product": "Microsoft\\xae Windows\\xae Operating System", "Description": "Terminates Processes", "Company": "Microsoft Corporation", "ParentProcessGuid": "{C784477D-6CF0-6475-A90A-000000004A00}", "User": "DESKTOP-B0T93D6\\george", "Hashes": "MD5=15E2E0ACD891510C6268CB8899F2A1A1,SHA256=F328D587561BEED3C19289FBA43E284FB57BCE1A4C202C7379673964F9B8610D,IMPHASH=0D3E23DCB6BF63A9EB90D5BED57B4F89", "OriginalFileName": "taskkill.exe", "ParentImage": "C:\\Users\\george\\3017026882.exe", "FileVersion": "10.0.17134.1 (WinBuild.160101.0800)", "ParentProcessId": "8796", "CurrentDirectory": "C:\\Users\\george\\", "CommandLine": "taskkill /F /IM taskmgr.exe", "EventID": "1", "LogonGuid": "C784477D-5DF6-645B-E86C-040000000000", "LogonId": "290024", "Image": "C:\\Windows\\SysWOW64\\taskkill.exe", "IntegrityLevel": "High", "ParentCommandLine": "\"C:\\Users\\george\\3017026882.exe\" ", "UtcTime": "1685417213", "RuleName": "-"}}, 