{"data": {"id": "bfa280503507008435b804276c2a58ec6a153151d7c233a9f38b1777385e6c07", "type": "file", "links": {"self": "https://www.virustotal.com/api/v3/files/bfa280503507008435b804276c2a58ec6a153151d7c233a9f38b1777385e6c07"}, "attributes": {"detectiteasy": {"filetype": "PE32", "values": [{"info": "Native", "version": "6.00.8041", "type": "Compiler", "name": "Visual Basic"}, {"version": "6.0", "type": "Linker", "name": "Microsoft Linker"}]}, "signature_info": {"product": "Proyecto1", "internal name": "Proyecto1", "file version": "1.00", "original name": "Proyecto1.exe"}, "tlsh": "T14843B623FA194029F252C6F22D6882ABB45A3D3119905D17B387BF6C2A705D7B9F131F", "type_description": "Win32 EXE", "sha256": "bfa280503507008435b804276c2a58ec6a153151d7c233a9f38b1777385e6c07", "type_extension": "exe", "sandbox_verdicts": {"Zenbox": {"category": "malicious", "confidence": 72, "sandbox_name": "Zenbox", "malware_classification": ["MALWARE", "RANSOM", "EVADER"]}}, "type_tags": ["executable", "windows", "win32", "pe", "peexe"], "popular_threat_classification": {"popular_threat_category": [{"count": 27, "value": "trojan"}, {"count": 4, "value": "ransomware"}, {"count": 2, "value": "pua"}], "popular_threat_name": [{"count": 7, "value": "aqakins"}, {"count": 6, "value": "blocker"}, {"count": 4, "value": "klovbot"}], "suggested_threat_label": "trojan.aqakins/blocker"}, "sigma_analysis_results": [{"match_context": [{"values": {"EventID": "13", "ProcessId": "2232", "EventType": "SetValue", "Image": "C:\\Users\\george\\Desktop\\program.exe", "ProcessGuid": "{C784477D-61B0-638E-EC05-000000004300}", "UtcTime": "1670275504", "Details": "C:\\Users\\george\\AppData\\Roaming\\crscs.exe", "RuleName": "T1060,RunKey", "TargetObject": "HKLM\\SOFTWARE\\WOW6432Node\\Microsoft\\Windows\\CurrentVersion\\Run\\Google Inc"}}, {"values": {"EventID": "13", "ProcessId": "2232", "EventType": "SetValue", "Image": "C:\\Users\\george\\Desktop\\program.exe", "ProcessGuid": "{C784477D-61B0-638E-EC05-000000004300}", "UtcTime": "1670275505", "Details": "C:\\Users\\george\\AppData\\Roaming\\crscs.exe", "RuleName": "T1060,RunKey", "TargetObject": "HKLM\\SOFTWARE\\WOW6432Node\\Microsoft\\Windows\\CurrentVersion\\Run\\Google Inc"}}, {"values": {"EventID": "13", "ProcessId": "2232", "EventType": "SetValue", "Image": "C:\\Users\\george\\Desktop\\program.exe", "RuleName": "T1060,RunKey", "UtcTime": "1670275506", "Details": "C:\\Users\\george\\AppData\\Roaming\\crscs.exe", "ProcessGuid": "{C784477D-61B0-638E-EC05-000000004300}", "TargetObject": "HKLM\\SOFTWARE\\WOW6432Node\\Microsoft\\Windows\\CurrentVersion\\Run\\Google Inc"}}, {"values": {"EventID": "13", "ProcessId": "2232", "EventType": "SetValue", "Image": "C:\\Users\\george\\Desktop\\program.exe", "ProcessGuid": "{C784477D-61B0-638E-EC05-000000004300}", "UtcTime": "1670275507", "Details": "C:\\Users\\george\\AppData\\Roaming\\crscs.exe", "RuleName": "T1060,RunKey", "TargetObject": "HKLM\\SOFTWARE\\WOW6432Node\\Microsoft\\Windows\\CurrentVersion\\Run\\Google Inc"}}, {"values": {"EventID": "13", "ProcessId": "2232", "EventType": "SetValue", "Image": "C:\\Users\\george\\Desktop\\program.exe", "RuleName": "T1060,RunKey", "UtcTime": "1670275508", "Details": "C:\\Users\\george\\AppData\\Roaming\\crscs.exe", "ProcessGuid": "{C784477D-61B0-638E-EC05-000000004300}", "TargetObject": "HKLM\\SOFTWARE\\WOW6432Node\\Microsoft\\Windows\\CurrentVersion\\Run\\Google Inc"}}, {"values": {"EventID": "13", "ProcessId": "2232", "EventType": "SetValue", "Image": "C:\\Users\\george\\Desktop\\program.exe", "ProcessGuid": "{C784477D-61B0-638E-EC05-000000004300}", "UtcTime": "1670275509", "Details": "C:\\Users\\george\\AppData\\Roaming\\crscs.exe", "RuleName": "T1060,RunKey", "TargetObject": "HKLM\\SOFTWARE\\WOW6432Node\\Microsoft\\Windows\\CurrentVersion\\Run\\Google Inc"}}, {"values": {"EventID": "13", "ProcessId": "2232", "EventType": "SetValue", "Image": "C:\\Users\\george\\Desktop\\program.exe", "RuleName": "T1060,RunKey", "UtcTime": "1670275510", "Details": "C:\\Users\\george\\AppData\\Roaming\\crscs.exe", "ProcessGuid": "{C784477D-61B0-638E-EC05-000000004300}", "TargetObject": "HKLM\\SOFTWARE\\WOW6432Node\\Microsoft\\Windows\\CurrentVersion\\Run\\Google Inc"}}, {"values": {"EventID": "13", "ProcessId": "2232", "EventType": "SetValue", "Image": "C:\\Users\\george\\Desktop\\program.exe", "ProcessGuid": "{C784477D-61B0-638E-EC05-000000004300}", "UtcTime": "1670275511", "Details": "C:\\Users\\george\\AppData\\Roaming\\crscs.exe", "RuleName": "T1060,RunKey", "TargetObject": "HKLM\\SOFTWARE\\WOW6432Node\\Microsoft\\Windows\\CurrentVersion\\Run\\Google Inc"}}, {"values": {"EventID": "13", "ProcessId": "2232", "EventType": "SetValue", "Image": "C:\\Users\\george\\Desktop\\program.exe", "ProcessGuid": "{C784477D-61B0-638E-EC05-000000004300}", "UtcTime": "1670275512", "Details": "C:\\Users\\george\\AppData\\Roaming\\crscs.exe", "RuleName": "T1060,RunKey", "TargetObject": "HKLM\\SOFTWARE\\WOW6432Node\\Microsoft\\Windows\\CurrentVersion\\Run\\Google Inc"}}, {"values": {"EventID": "13", "ProcessId": "2232", "EventType": "SetValue", "Image": "C:\\Users\\george\\Desktop\\program.exe", "ProcessGuid": "{C784477D-61B0-638E-EC05-000000004300}", "UtcTime": "1670275513", "Details": "C:\\Users\\george\\AppData\\Roaming\\crscs.exe", "RuleName": "T1060,RunKey", "TargetObject": "HKLM\\SOFTWARE\\WOW6432Node\\Microsoft\\Windows\\CurrentVersion\\Run\\Google Inc"}}, {"values": {"EventID": "13", "ProcessId": "2232", "EventType": "SetValue", "Image": "C:\\Users\\george\\Desktop\\program.exe", "RuleName": "T1060,RunKey", "UtcTime": "1670275514", "Details": "C:\\Users\\george\\AppData\\Roaming\\crscs.exe", "ProcessGuid": "{C784477D-61B0-638E-EC05-000000004300}", "TargetObject": "HKLM\\SOFTWARE\\WOW6432Node\\Microsoft\\Windows\\CurrentVersion\\Run\\Google Inc"}}, {"values": {"EventID": "13", "ProcessId": "2232", "EventType": "SetValue", "Image": "C:\\Users\\george\\Desktop\\program.exe", "ProcessGuid": "{C784477D-61B0-638E-EC05-000000004300}", "UtcTime": "1670275515", "Details": "C:\\Users\\george\\AppData\\Roaming\\crscs.exe", "RuleName": "T1060,RunKey", "TargetObject": "HKLM\\SOFTWARE\\WOW6432Node\\Microsoft\\Windows\\CurrentVersion\\Run\\Google Inc"}}, {"values": {"EventID": "13", "ProcessId": "2232", "EventType": "SetValue", "Image": "C:\\Users\\george\\Desktop\\program.exe", "RuleName": "T1060,RunKey", "UtcTime": "1670275516", "Details": "C:\\Users\\george\\AppData\\Roaming\\crscs.exe", "ProcessGuid": "{C784477D-61B0-638E-EC05-000000004300}", "TargetObject": "HKLM\\SOFTWARE\\WOW6432Node\\Microsoft\\Windows\\CurrentVersion\\Run\\Google Inc"}}, {"values": {"EventID": "13", "ProcessId": "2232", "EventType": "SetValue", "Image": "C:\\Users\\george\\Desktop\\program.exe", "ProcessGuid": "{C784477D-61B0-638E-EC05-000000004300}", "UtcTime": "1670275517", "Details": "C:\\Users\\george\\AppData\\Roaming\\crscs.exe", "RuleName": "T1060,RunKey", "TargetObject": "HKLM\\SOFTWARE\\WOW6432Node\\Microsoft\\Windows\\CurrentVersion\\Run\\Google Inc"}}, {"values": {"EventID": "13", "ProcessId": "2232", "EventType": "SetValue", "Image": "C:\\Users\\george\\Desktop\\program.exe", "RuleName": "T1060,RunKey", "UtcTime": "1670275518", "Details": "C:\\Users\\george\\AppData\\Roaming\\crscs.exe", "ProcessGuid": "{C784477D-61B0-638E-EC05-000000004300}", "TargetObject": "HKLM\\SOFTWARE\\WOW6432Node\\Microsoft\\Windows\\CurrentVersion\\Run\\Google Inc"}}, {"values": {"EventID": "13", "ProcessId": "2232", "EventType": "SetValue", "Image": "C:\\Users\\george\\Desktop\\program.exe", "ProcessGuid": "{C784477D-61B0-638E-EC05-000000004300}", "UtcTime": "1670275519", "Details": "C:\\Users\\george\\AppData\\Roaming\\crscs.exe", "RuleName": "T1060,RunKey", "TargetObject": "HKLM\\SOFTWARE\\WOW6432Node\\Microsoft\\Windows\\CurrentVersion\\Run\\Google Inc"}}, {"values": {"EventID": "13", "ProcessId": "252", "EventType": "SetValue", "Image": "C:\\Users\\george\\AppData\\Roaming\\crscs.exe", "ProcessGuid": "{C784477D-61BF-638E-F405-000000004300}", "UtcTime": "1670275519", "Details": "C:\\Users\\george\\AppData\\Roaming\\crscs.exe", "RuleName": "T1060,RunKey", "TargetObject": "HKLM\\SOFTWARE\\WOW6432Node\\Microsoft\\Windows\\CurrentVersion\\Run\\Google Inc"}}, {"values": {"EventID": "13", "ProcessId": "2232", "EventType": "SetValue", "Image": "C:\\Users\\george\\Desktop\\program.exe", "RuleName": "T1060,RunKey", "UtcTime": "1670275520", "Details": "C:\\Users\\george\\AppData\\Roaming\\crscs.exe", "ProcessGuid": "{C784477D-61B0-638E-EC05-000000004300}", "TargetObject": "HKLM\\SOFTWARE\\WOW6432Node\\Microsoft\\Windows\\CurrentVersion\\Run\\Google Inc"}}, {"values": {"EventID": "13", "ProcessId": "252", "EventType": "SetValue", "Image": "C:\\Users\\george\\AppData\\Roaming\\crscs.exe", "RuleName": "T1060,RunKey", "UtcTime": "1670275520", "Details": "C:\\Users\\george\\AppData\\Roaming\\crscs.exe", "ProcessGuid": "{C784477D-61BF-638E-F405-000000004300}", "TargetObject": "HKLM\\SOFTWARE\\WOW6432Node\\Microsoft\\Windows\\CurrentVersion\\Run\\Google Inc"}}, {"values": {"EventID": "13", "ProcessId": "2232", "EventType": "SetValue", "Image": "C:\\Users\\george\\Desktop\\program.exe", "RuleName": "T1060,RunKey", "UtcTime": "1670275521", "Details": "C:\\Users\\george\\AppData\\Roaming\\crscs.exe", "ProcessGuid": "{C784477D-61B0-638E-EC05-000000004300}", "TargetObject": "HKLM\\SOFTWARE\\WOW6432Node\\Microsoft\\Windows\\CurrentVersion\\Run\\Google Inc"}}, {"values": {"EventID": "13", "ProcessId": "252", "EventType": "SetValue", "Image": "C:\\Users\\george\\AppData\\Roaming\\crscs.exe", "RuleName": "T1060,RunKey", "UtcTime": "1670275521", "Details": "C:\\Users\\george\\AppData\\Roaming\\crscs.exe", "ProcessGuid": "{C784477D-61BF-638E-F405-000000004300}", "TargetObject": "HKLM\\SOFTWARE\\WOW6432Node\\Microsoft\\Windows\\CurrentVersion\\Run\\Google Inc"}}, {"values": {"EventID": "13", "ProcessId": "2232", "EventType": "SetValue", "Image": "C:\\Users\\george\\Desktop\\program.exe", "RuleName": "T1060,RunKey", "UtcTime": "1670275522", "Details": "C:\\Users\\george\\AppData\\Roaming\\crscs.exe", "ProcessGuid": "{C784477D-61B0-638E-EC05-000000004300}", "TargetObject": "HKLM\\SOFTWARE\\WOW6432Node\\Microsoft\\Windows\\CurrentVersion\\Run\\Google Inc"}}, {"values": {"EventID": "13", "ProcessId": "252", "EventType": "SetValue", "Image": "C:\\Users\\george\\AppData\\Roaming\\crscs.exe", "ProcessGuid": "{C784477D-61BF-638E-F405-000000004300}", "UtcTime": "1670275522", "Details": "C:\\Users\\george\\AppData\\Roaming\\crscs.exe", "RuleName": "T1060,RunKey", "TargetObject": "HKLM\\SOFTWARE\\WOW6432Node\\Microsoft\\Windows\\CurrentVersion\\Run\\Google Inc"}}, {"values": {"EventID": "13", "ProcessId": "2232", "EventType": "SetValue", "Image": "C:\\Users\\george\\Desktop\\program.exe", "RuleName": "T1060,RunKey", "UtcTime": "1670275523", "Details": "C:\\Users\\george\\AppData\\Roaming\\crscs.exe", "ProcessGuid": "{C784477D-61B0-638E-EC05-000000004300}", "TargetObject": "HKLM\\SOFTWARE\\WOW6432Node\\Microsoft\\Windows\\CurrentVersion\\Run\\Google Inc"}}, {"values": {"EventID": "13", "ProcessId": "252", "EventType": "SetValue", "Image": "C:\\Users\\george\\AppData\\Roaming\\crscs.exe", "ProcessGuid": "{C784477D-61BF-638E-F405-000000004300}", "UtcTime": "1670275523", "Details": "C:\\Users\\george\\AppData\\Roaming\\crscs.exe", "RuleName": "T1060,RunKey", "TargetObject": "HKLM\\SOFTWARE\\WOW6432Node\\Microsoft\\Windows\\CurrentVersion\\Run\\Google Inc"}}, {"values": {"EventID": "13", "ProcessId": "2232", "EventType": "SetValue", "Image": "C:\\Users\\george\\Desktop\\program.exe", "RuleName": "T1060,RunKey", "UtcTime": "1670275524", "Details": "C:\\Users\\george\\AppData\\Roaming\\crscs.exe", "ProcessGuid": "{C784477D-61B0-638E-EC05-000000004300}", "TargetObject": "HKLM\\SOFTWARE\\WOW6432Node\\Microsoft\\Windows\\CurrentVersion\\Run\\Google Inc"}}, {"values": {"EventID": "13", "ProcessId": "252", "EventType": "SetValue", "Image": "C:\\Users\\george\\AppData\\Roaming\\crscs.exe", "ProcessGuid": "{C784477D-61BF-638E-F405-000000004300}", "UtcTime": "1670275524", "Details": "C:\\Users\\george\\AppData\\Roaming\\crscs.exe", "RuleName": "T1060,RunKey", "TargetObject": "HKLM\\SOFTWARE\\WOW6432Node\\Microsoft\\Windows\\CurrentVersion\\Run\\Google Inc"}}, {"values": {"EventID": "13", "ProcessId": "2232", "EventType": "SetValue", "Image": "C:\\Users\\george\\Desktop\\program.exe", "ProcessGuid": "{C784477D-61B0-638E-EC05-000000004300}", "UtcTime": "1670275525", "Details": "C:\\Users\\george\\AppData\\Roaming\\crscs.exe", "RuleName": "T1060,RunKey", "TargetObject": "HKLM\\SOFTWARE\\WOW6432Node\\Microsoft\\Windows\\CurrentVersion\\Run\\Google Inc"}}, {"values": {"EventID": "13", "ProcessId": "252", "EventType": "SetValue", "Image": "C:\\Users\\george\\AppData\\Roaming\\crscs.exe", "RuleName": "T1060,RunKey", "UtcTime": "1670275525", "Details": "C:\\Users\\george\\AppData\\Roaming\\crscs.exe", "ProcessGuid": "{C784477D-61BF-638E-F405-000000004300}", "TargetObject": "HKLM\\SOFTWARE\\WOW6432Node\\Microsoft\\Windows\\CurrentVersion\\Run\\Google Inc"}}, {"values": {"EventID": "13", "ProcessId": "2232", "EventType": "SetValue", "Image": "C:\\Users\\george\\Desktop\\program.exe", "ProcessGuid": "{C784477D-61B0-638E-EC05-000000004300}", "UtcTime": "1670275526", "Details": "C:\\Users\\george\\AppData\\Roaming\\crscs.exe", "RuleName": "T1060,RunKey", "TargetObject": "HKLM\\SOFTWARE\\WOW6432Node\\Microsoft\\Windows\\CurrentVersion\\Run\\Google Inc"}}, {"values": {"EventID": "13", "ProcessId": "252", "EventType": "SetValue", "Image": "C:\\Users\\george\\AppData\\Roaming\\crscs.exe", "RuleName": "T1060,RunKey", "UtcTime": "1670275526", "Details": "C:\\Users\\george\\AppData\\Roaming\\crscs.exe", "ProcessGuid": "{C784477D-61BF-638E-F405-000000004300}", "TargetObject": "HKLM\\SOFTWARE\\WOW6432Node\\Microsoft\\Windows\\CurrentVersion\\Run\\Google Inc"}}, {"values": {"EventID": "13", "ProcessId": "2232", "EventType": "SetValue", "Image": "C:\\Users\\george\\Desktop\\program.exe", "ProcessGuid": "{C784477D-61B0-638E-EC05-000000004300}", "UtcTime": "1670275527", "Details": "C:\\Users\\george\\AppData\\Roaming\\crscs.exe", "RuleName": "T1060,RunKey", "TargetObject": "HKLM\\SOFTWARE\\WOW6432Node\\Microsoft\\Windows\\CurrentVersion\\Run\\Google Inc"}}, {"values": {"EventID": "13", "ProcessId": "252", "EventType": "SetValue", "Image": "C:\\Users\\george\\AppData\\Roaming\\crscs.exe", "ProcessGuid": "{C784477D-61BF-638E-F405-000000004300}", "UtcTime": "1670275527", "Details": "C:\\Users\\george\\AppData\\Roaming\\crscs.exe", "RuleName": "T1060,RunKey", "TargetObject": "HKLM\\SOFTWARE\\WOW6432Node\\Microsoft\\Windows\\CurrentVersion\\Run\\Google Inc"}}, {"values": {"EventID": "13", "ProcessId": "2232", "EventType": "SetValue", "Image": "C:\\Users\\george\\Desktop\\program.exe", "ProcessGuid": "{C784477D-61B0-638E-EC05-000000004300}", "UtcTime": "1670275528", "Details": "C:\\Users\\george\\AppData\\Roaming\\crscs.exe", "RuleName": "T1060,RunKey", "TargetObject": "HKLM\\SOFTWARE\\WOW6432Node\\Microsoft\\Windows\\CurrentVersion\\Run\\Google Inc"}}, {"values": {"EventID": "13", "ProcessId": "252", "EventType": "SetValue", "Image": "C:\\Users\\george\\AppData\\Roaming\\crscs.exe", "RuleName": "T1060,RunKey", "UtcTime": "1670275528", "Details": "C:\\Users\\george\\AppData\\Roaming\\crscs.exe", "ProcessGuid": "{C784477D-61BF-638E-F405-000000004300}", "TargetObject": "HKLM\\SOFTWARE\\WOW6432Node\\Microsoft\\Windows\\CurrentVersion\\Run\\Google Inc"}}, {"values": {"EventID": "13", "ProcessId": "2232", "EventType": "SetValue", "Image": "C:\\Users\\george\\Desktop\\program.exe", "ProcessGuid": "{C784477D-61B0-638E-EC05-000000004300}", "UtcTime": "1670275529", "Details": "C:\\Users\\george\\AppData\\Roaming\\crscs.exe", "RuleName": "T1060,RunKey", "TargetObject": "HKLM\\SOFTWARE\\WOW6432Node\\Microsoft\\Windows\\CurrentVersion\\Run\\Google Inc"}}, {"values": {"EventID": "13", "ProcessId": "252", "EventType": "SetValue", "Image": "C:\\Users\\george\\AppData\\Roaming\\crscs.exe", "RuleName": "T1060,RunKey", "UtcTime": "1670275529", "Details": "C:\\Users\\george\\AppData\\Roaming\\crscs.exe", "ProcessGuid": "{C784477D-61BF-638E-F405-000000004300}", "TargetObject": "HKLM\\SOFTWARE\\WOW6432Node\\Microsoft\\Windows\\CurrentVersion\\Run\\Google Inc"}}, {"values": {"EventID": "13", "ProcessId": "2232", "EventType": "SetValue", "Image": "C:\\Users\\george\\Desktop\\program.exe", "RuleName": "T1060,RunKey", "UtcTime": "1670275530", "Details": "C:\\Users\\george\\AppData\\Roaming\\crscs.exe", "ProcessGuid": "{C784477D-61B0-638E-EC05-000000004300}", "TargetObject": "HKLM\\SOFTWARE\\WOW6432Node\\Microsoft\\Windows\\CurrentVersion\\Run\\Google Inc"}}, {"values": {"EventID": "13", "ProcessId": "252", "EventType": "SetValue", "Image": "C:\\Users\\george\\AppData\\Roaming\\crscs.exe", "RuleName": "T1060,RunKey", "UtcTime": "1670275530", "Details": "C:\\Users\\george\\AppData\\Roaming\\crscs.exe", "ProcessGuid": "{C784477D-61BF-638E-F405-000000004300}", "TargetObject": "HKLM\\SOFTWARE\\WOW6432Node\\Microsoft\\Windows\\CurrentVersion\\Run\\Google Inc"}}, {"values": {"EventID": "13", "ProcessId": "2232", "EventType": "SetValue", "Image": "C:\\Users\\george\\Desktop\\program.exe", "RuleName": "T1060,RunKey", "UtcTime": "1670275531", "Details": "C:\\Users\\george\\AppData\\Roaming\\crscs.exe", "ProcessGuid": "{C784477D-61B0-638E-EC05-000000004300}", "TargetObject": "HKLM\\SOFTWARE\\WOW6432Node\\Microsoft\\Windows\\CurrentVersion\\Run\\Google Inc"}}, {"values": {"EventID": "13", "ProcessId": "252", "EventType": "SetValue", "Image": "C:\\Users\\george\\AppData\\Roaming\\crscs.exe", "RuleName": "T1060,RunKey", "UtcTime": "1670275531", "Details": "C:\\Users\\george\\AppData\\Roaming\\crscs.exe", "ProcessGuid": "{C784477D-61BF-638E-F405-000000004300}", "TargetObject": "HKLM\\SOFTWARE\\WOW6432Node\\Microsoft\\Windows\\CurrentVersion\\Run\\Google Inc"}}, {"values": {"EventID": "13", "ProcessId": "2232", "EventType": "SetValue", "Image": "C:\\Users\\george\\Desktop\\program.exe", "ProcessGuid": "{C784477D-61B0-638E-EC05-000000004300}", "UtcTime": "1670275532", "Details": "C:\\Users\\george\\AppData\\Roaming\\crscs.exe", "RuleName": "T1060,RunKey", "TargetObject": "HKLM\\SOFTWARE\\WOW6432Node\\Microsoft\\Windows\\CurrentVersion\\Run\\Google Inc"}}, {"values": {"EventID": "13", "ProcessId": "252", "EventType": "SetValue", "Image": "C:\\Users\\george\\AppData\\Roaming\\crscs.exe", "RuleName": "T1060,RunKey", "UtcTime": "1670275532", "Details": "C:\\Users\\george\\AppData\\Roaming\\crscs.exe", "ProcessGuid": "{C784477D-61BF-638E-F405-000000004300}", "TargetObject": "HKLM\\SOFTWARE\\WOW6432Node\\Microsoft\\Windows\\CurrentVersion\\Run\\Google Inc"}}, {"values": {"EventID": "13", "ProcessId": "2232", "EventType": "SetValue", "Image": "C:\\Users\\george\\Desktop\\program.exe", "RuleName": "T1060,RunKey", "UtcTime": "1670275533", "Details": "C:\\Users\\george\\AppData\\Roaming\\crscs.exe", "ProcessGuid": "{C784477D-61B0-638E-EC05-000000004300}", "TargetObject": "HKLM\\SOFTWARE\\WOW6432Node\\Microsoft\\Windows\\CurrentVersion\\Run\\Google Inc"}}, {"values": {"EventID": "13", "ProcessId": "252", "EventType": "SetValue", "Image": "C:\\Users\\george\\AppData\\Roaming\\crscs.exe", "RuleName": "T1060,RunKey", "UtcTime": "1670275533", "Details": "C:\\Users\\george\\AppData\\Roaming\\crscs.exe", "ProcessGuid": "{C784477D-61BF-638E-F405-000000004300}", "TargetObject": "HKLM\\SOFTWARE\\WOW6432Node\\Microsoft\\Windows\\CurrentVersion\\Run\\Google Inc"}}, {"values": {"EventID": "13", "ProcessId": "252", "EventType": "SetValue", "Image": "C:\\Users\\george\\AppData\\Roaming\\crscs.exe", "RuleName": "T1060,RunKey", "UtcTime": "1670275534", "Details": "C:\\Users\\george\\AppData\\Roaming\\crscs.exe", "ProcessGuid": "{C784477D-61BF-638E-F405-000000004300}", "TargetObject": "HKLM\\SOFTWARE\\WOW6432Node\\Microsoft\\Windows\\CurrentVersion\\Run\\Google Inc"}}, {"values": {"EventID": "13", "ProcessId": "2232", "EventType": "SetValue", "Image": "C:\\Users\\george\\Desktop\\program.exe", "ProcessGuid": "{C784477D-61B0-638E-EC05-000000004300}", "UtcTime": "1670275534", "Details": "C:\\Users\\george\\AppData\\Roaming\\crscs.exe", "RuleName": "T1060,RunKey", "TargetObject": "HKLM\\SOFTWARE\\WOW6432Node\\Microsoft\\Windows\\CurrentVersion\\Run\\Google Inc"}}, {"values": {"EventID": "13", "ProcessId": "252", "EventType": "SetValue", "Image": "C:\\Users\\george\\AppData\\Roaming\\crscs.exe", "ProcessGuid": "{C784477D-61BF-638E-F405-000000004300}", "UtcTime": "1670275535", "Details": "C:\\Users\\george\\AppData\\Roaming\\crscs.exe", "RuleName": "T1060,RunKey", "TargetObject": "HKLM\\SOFTWARE\\WOW6432Node\\Microsoft\\Windows\\CurrentVersion\\Run\\Google Inc"}}, {"values": {"EventID": "13", "ProcessId": "2232", "EventType": "SetValue", "Image": "C:\\Users\\george\\Desktop\\program.exe", "RuleName": "T1060,RunKey", "UtcTime": "1670275535", "Details": "C:\\Users\\george\\AppData\\Roaming\\crscs.exe", "ProcessGuid": "{C784477D-61B0-638E-EC05-000000004300}", "TargetObject": "HKLM\\SOFTWARE\\WOW6432Node\\Microsoft\\Windows\\CurrentVersion\\Run\\Google Inc"}}, {"values": {"EventID": "13", "ProcessId": "252", "EventType": "SetValue", "Image": "C:\\Users\\george\\AppData\\Roaming\\crscs.exe", "ProcessGuid": "{C784477D-61BF-638E-F405-000000004300}", "UtcTime": "1670275536", "Details": "C:\\Users\\george\\AppData\\Roaming\\crscs.exe", "RuleName": "T1060,RunKey", "TargetObject": "HKLM\\SOFTWARE\\WOW6432Node\\Microsoft\\Windows\\CurrentVersion\\Run\\Google Inc"}}, {"values": {"EventID": "13", "ProcessId": "2232", "EventType": "SetValue", "Image": "C:\\Users\\george\\Desktop\\program.exe", "RuleName": "T1060,RunKey", "UtcTime": "1670275536", "Details": "C:\\Users\\george\\AppData\\Roaming\\crscs.exe", "ProcessGuid": "{C784477D-61B0-638E-EC05-000000004300}", "TargetObject": "HKLM\\SOFTWARE\\WOW6432Node\\Microsoft\\Windows\\CurrentVersion\\Run\\Google Inc"}}, {"values": {"EventID": "13", "ProcessId": "252", "EventType": "SetValue", "Image": "C:\\Users\\george\\AppData\\Roaming\\crscs.exe", "RuleName": "T1060,RunKey", "UtcTime": "1670275537", "Details": "C:\\Users\\george\\AppData\\Roaming\\crscs.exe", "ProcessGuid": "{C784477D-61BF-638E-F405-000000004300}", "TargetObject": "HKLM\\SOFTWARE\\WOW6432Node\\Microsoft\\Windows\\CurrentVersion\\Run\\Google Inc"}}, {"values": {"EventID": "13", "ProcessId": "2232", "EventType": "SetValue", "Image": "C:\\Users\\george\\Desktop\\program.exe", "ProcessGuid": "{C784477D-61B0-638E-EC05-000000004300}", "UtcTime": "1670275537", "Details": "C:\\Users\\george\\AppData\\Roaming\\crscs.exe", "RuleName": "T1060,RunKey", "TargetObject": "HKLM\\SOFTWARE\\WOW6432Node\\Microsoft\\Windows\\CurrentVersion\\Run\\Google Inc"}}, {"values": {"EventID": "13", "ProcessId": "252", "EventType": "SetValue", "Image": "C:\\Users\\george\\AppData\\Roaming\\crscs.exe", "ProcessGuid": "{C784477D-61BF-638E-F405-000000004300}", "UtcTime": "1670275538", "Details": "C:\\Users\\george\\AppData\\Roaming\\crscs.exe", "RuleName": "T1060,RunKey", "TargetObject": "HKLM\\SOFTWARE\\WOW6432Node\\Microsoft\\Windows\\CurrentVersion\\Run\\Google Inc"}}, {"values": {"EventID": "13", "ProcessId": "2232", "EventType": "SetValue", "Image": "C:\\Users\\george\\Desktop\\program.exe", "ProcessGuid": "{C784477D-61B0-638E-EC05-000000004300}", "UtcTime": "1670275538", "Details": "C:\\Users\\george\\AppData\\Roaming\\crscs.exe", "RuleName": "T1060,RunKey", "TargetObject": "HKLM\\SOFTWARE\\WOW6432Node\\Microsoft\\Windows\\CurrentVersion\\Run\\Google Inc"}}, {"values": {"EventID": "13", "ProcessId": "252", "EventType": "SetValue", "Image": "C:\\Users\\george\\AppData\\Roaming\\crscs.exe", "ProcessGuid": "{C784477D-61BF-638E-F405-000000004300}", "UtcTime": "1670275539", "Details": "C:\\Users\\george\\AppData\\Roaming\\crscs.exe", "RuleName": "T1060,RunKey", "TargetObject": "HKLM\\SOFTWARE\\WOW6432Node\\Microsoft\\Windows\\CurrentVersion\\Run\\Google Inc"}}, {"values": {"EventID": "13", "ProcessId": "2232", "EventType": "SetValue", "Image": "C:\\Users\\george\\Desktop\\program.exe", "ProcessGuid": "{C784477D-61B0-638E-EC05-000000004300}", "UtcTime": "1670275539", "Details": "C:\\Users\\george\\AppData\\Roaming\\crscs.exe", "RuleName": "T1060,RunKey", "TargetObject": "HKLM\\SOFTWARE\\WOW6432Node\\Microsoft\\Windows\\CurrentVersion\\Run\\Google Inc"}}, {"values": {"EventID": "13", "ProcessId": "252", "EventType": "SetValue", "Image": "C:\\Users\\george\\AppData\\Roaming\\crscs.exe", "ProcessGuid": "{C784477D-61BF-638E-F405-000000004300}", "UtcTime": "1670275540", "Details": "C:\\Users\\george\\AppData\\Roaming\\crscs.exe", "RuleName": "T1060,RunKey", "TargetObject": "HKLM\\SOFTWARE\\WOW6432Node\\Microsoft\\Windows\\CurrentVersion\\Run\\Google Inc"}}, {"values": {"EventID": "13", "ProcessId": "2232", "EventType": "SetValue", "Image": "C:\\Users\\george\\Desktop\\program.exe", "ProcessGuid": "{C784477D-61B0-638E-EC05-000000004300}", "UtcTime": "1670275540", "Details": "C:\\Users\\george\\AppData\\Roaming\\crscs.exe", "RuleName": "T1060,RunKey", "TargetObject": "HKLM\\SOFTWARE\\WOW6432Node\\Microsoft\\Windows\\CurrentVersion\\Run\\Google Inc"}}, {"values": {"EventID": "13", "ProcessId": "252", "EventType": "SetValue", "Image": "C:\\Users\\george\\AppData\\Roaming\\crscs.exe", "RuleName": "T1060,RunKey", "UtcTime": "1670275541", "Details": "C:\\Users\\george\\AppData\\Roaming\\crscs.exe", "ProcessGuid": "{C784477D-61BF-638E-F405-000000004300}", "TargetObject": "HKLM\\SOFTWARE\\WOW6432Node\\Microsoft\\Windows\\CurrentVersion\\Run\\Google Inc"}}, {"values": {"EventID": "13", "ProcessId": "2232", "EventType": "SetValue", "Image": "C:\\Users\\george\\Desktop\\program.exe", "RuleName": "T1060,RunKey", "UtcTime": "1670275541", "Details": "C:\\Users\\george\\AppData\\Roaming\\crscs.exe", "ProcessGuid": "{C784477D-61B0-638E-EC05-000000004300}", "TargetObject": "HKLM\\SOFTWARE\\WOW6432Node\\Microsoft\\Windows\\CurrentVersion\\Run\\Google Inc"}}, {"values": {"EventID": "13", "ProcessId": "252", "EventType": "SetValue", "Image": "C:\\Users\\george\\AppData\\Roaming\\crscs.exe", "RuleName": "T1060,RunKey", "UtcTime": "1670275542", "Details": "C:\\Users\\george\\AppData\\Roaming\\crscs.exe", "ProcessGuid": "{C784477D-61BF-638E-F405-000000004300}", "TargetObject": "HKLM\\SOFTWARE\\WOW6432Node\\Microsoft\\Windows\\CurrentVersion\\Run\\Google Inc"}}, {"values": {"EventID": "13", "ProcessId": "2232", "EventType": "SetValue", "Image": "C:\\Users\\george\\Desktop\\program.exe", "ProcessGuid": "{C784477D-61B0-638E-EC05-000000004300}", "UtcTime": "1670275542", "Details": "C:\\Users\\george\\AppData\\Roaming\\crscs.exe", "RuleName": "T1060,RunKey", "TargetObject": "HKLM\\SOFTWARE\\WOW6432Node\\Microsoft\\Windows\\CurrentVersion\\Run\\Google Inc"}}, {"values": {"EventID": "13", "ProcessId": "252", "EventType": "SetValue", "Image": "C:\\Users\\george\\AppData\\Roaming\\crscs.exe", "RuleName": "T1060,RunKey", "UtcTime": "1670275543", "Details": "C:\\Users\\george\\AppData\\Roaming\\crscs.exe", "ProcessGuid": "{C784477D-61BF-638E-F405-000000004300}", "TargetObject": "HKLM\\SOFTWARE\\WOW6432Node\\Microsoft\\Windows\\CurrentVersion\\Run\\Google Inc"}}, {"values": {"EventID": "13", "ProcessId": "2232", "EventType": "SetValue", "Image": "C:\\Users\\george\\Desktop\\program.exe", "RuleName": "T1060,RunKey", "UtcTime": "1670275543", "Details": "C:\\Users\\george\\AppData\\Roaming\\crscs.exe", "ProcessGuid": "{C784477D-61B0-638E-EC05-000000004300}", "TargetObject": "HKLM\\SOFTWARE\\WOW6432Node\\Microsoft\\Windows\\CurrentVersion\\Run\\Google Inc"}}, {"values": {"EventID": "13", "ProcessId": "252", "EventType": "SetValue", "Image": "C:\\Users\\george\\AppData\\Roaming\\crscs.exe", "RuleName": "T1060,RunKey", "UtcTime": "1670275544", "Details": "C:\\Users\\george\\AppData\\Roaming\\crscs.exe", "ProcessGuid": "{C784477D-61BF-638E-F405-000000004300}", "TargetObject": "HKLM\\SOFTWARE\\WOW6432Node\\Microsoft\\Windows\\CurrentVersion\\Run\\Google Inc"}}, {"values": {"EventID": "13", "ProcessId": "2232", "EventType": "SetValue", "Image": "C:\\Users\\george\\Desktop\\program.exe", "RuleName": "T1060,RunKey", "UtcTime": "1670275544", "Details": "C:\\Users\\george\\AppData\\Roaming\\crscs.exe", "ProcessGuid": "{C784477D-61B0-638E-EC05-000000004300}", "TargetObject": "HKLM\\SOFTWARE\\WOW6432Node\\Microsoft\\Windows\\CurrentVersion\\Run\\Google Inc"}}, {"values": {"EventID": "13", "ProcessId": "252", "EventType": "SetValue", "Image": "C:\\Users\\george\\AppData\\Roaming\\crscs.exe", "RuleName": "T1060,RunKey", "UtcTime": "1670275545", "Details": "C:\\Users\\george\\AppData\\Roaming\\crscs.exe", "ProcessGuid": "{C784477D-61BF-638E-F405-000000004300}", "TargetObject": "HKLM\\SOFTWARE\\WOW6432Node\\Microsoft\\Windows\\CurrentVersion\\Run\\Google Inc"}}, {"values": {"EventID": "13", "ProcessId": "2232", "EventType": "SetValue", "Image": "C:\\Users\\george\\Desktop\\program.exe", "ProcessGuid": "{C784477D-61B0-638E-EC05-000000004300}", "UtcTime": "1670275545", "Details": "C:\\Users\\george\\AppData\\Roaming\\crscs.exe", "RuleName": "T1060,RunKey", "TargetObject": "HKLM\\SOFTWARE\\WOW6432Node\\Microsoft\\Windows\\CurrentVersion\\Run\\Google Inc"}}, {"values": {"EventID": "13", "ProcessId": "252", "EventType": "SetValue", "Image": "C:\\Users\\george\\AppData\\Roaming\\crscs.exe", "ProcessGuid": "{C784477D-61BF-638E-F405-000000004300}", "UtcTime": "1670275546", "Details": "C:\\Users\\george\\AppData\\Roaming\\crscs.exe", "RuleName": "T1060,RunKey", "TargetObject": "HKLM\\SOFTWARE\\WOW6432Node\\Microsoft\\Windows\\CurrentVersion\\Run\\Google Inc"}}, {"values": {"EventID": "13", "ProcessId": "2232", "EventType": "SetValue", "Image": "C:\\Users\\george\\Desktop\\program.exe", "ProcessGuid": "{C784477D-61B0-638E-EC05-000000004300}", "UtcTime": "1670275546", "Details": "C:\\Users\\george\\AppData\\Roaming\\crscs.exe", "RuleName": "T1060,RunKey", "TargetObject": "HKLM\\SOFTWARE\\WOW6432Node\\Microsoft\\Windows\\CurrentVersion\\Run\\Google Inc"}}, {"values": {"EventID": "13", "ProcessId": "252", "EventType": "SetValue", "Image": "C:\\Users\\george\\AppData\\Roaming\\crscs.exe", "ProcessGuid": "{C784477D-61BF-638E-F405-000000004300}", "UtcTime": "1670275547", "Details": "C:\\Users\\george\\AppData\\Roaming\\crscs.exe", "RuleName": "T1060,RunKey", "TargetObject": "HKLM\\SOFTWARE\\WOW6432Node\\Microsoft\\Windows\\CurrentVersion\\Run\\Google Inc"}}, {"values": {"EventID": "13", "ProcessId": "2232", "EventType": "SetValue", "Image": "C:\\Users\\george\\Desktop\\program.exe", "RuleName": "T1060,RunKey", "UtcTime": "1670275547", "Details": "C:\\Users\\george\\AppData\\Roaming\\crscs.exe", "ProcessGuid": "{C784477D-61B0-638E-EC05-000000004300}", "TargetObject": "HKLM\\SOFTWARE\\WOW6432Node\\Microsoft\\Windows\\CurrentVersion\\Run\\Google Inc"}}, {"values": {"EventID": "13", "ProcessId": "252", "EventType": "SetValue", "Image": "C:\\Users\\george\\AppData\\Roaming\\crscs.exe", "ProcessGuid": "{C784477D-61BF-638E-F405-000000004300}", "UtcTime": "1670275548", "Details": "C:\\Users\\george\\AppData\\Roaming\\crscs.exe", "RuleName": "T1060,RunKey", "TargetObject": "HKLM\\SOFTWARE\\WOW6432Node\\Microsoft\\Windows\\CurrentVersion\\Run\\Google Inc"}}, {"values": {"EventID": "13", "ProcessId": "2232", "EventType": "SetValue", "Image": "C:\\Users\\george\\Desktop\\program.exe", "RuleName": "T1060,RunKey", "UtcTime": "1670275548", "Details": "C:\\Users\\george\\AppData\\Roaming\\crscs.exe", "ProcessGuid": "{C784477D-61B0-638E-EC05-000000004300}", "TargetObject": "HKLM\\SOFTWARE\\WOW6432Node\\Microsoft\\Windows\\CurrentVersion\\Run\\Google Inc"}}, {"values": {"EventID": "13", "ProcessId": "252", "EventType": "SetValue", "Image": "C:\\Users\\george\\AppData\\Roaming\\crscs.exe", "RuleName": "T1060,RunKey", "UtcTime": "1670275549", "Details": "C:\\Users\\george\\AppData\\Roaming\\crscs.exe", "ProcessGuid": "{C784477D-61BF-638E-F405-000000004300}", "TargetObject": "HKLM\\SOFTWARE\\WOW6432Node\\Microsoft\\Windows\\CurrentVersion\\Run\\Google Inc"}}, {"values": {"EventID": "13", "ProcessId": "2232", "EventType": "SetValue", "Image": "C:\\Users\\george\\Desktop\\program.exe", "ProcessGuid": "{C784477D-61B0-638E-EC05-000000004300}", "UtcTime": "1670275549", "Details": "C:\\Users\\george\\AppData\\Roaming\\crscs.exe", "RuleName": "T1060,RunKey", "TargetObject": "HKLM\\SOFTWARE\\WOW6432Node\\Microsoft\\Windows\\CurrentVersion\\Run\\Google Inc"}}, {"values": {"EventID": "13", "ProcessId": "2232", "EventType": "SetValue", "Image": "C:\\Users\\george\\Desktop\\program.exe", "ProcessGuid": "{C784477D-61B0-638E-EC05-000000004300}", "UtcTime": "1670275550", "Details": "C:\\Users\\george\\AppData\\Roaming\\crscs.exe", "RuleName": "T1060,RunKey", "TargetObject": "HKLM\\SOFTWARE\\WOW6432Node\\Microsoft\\Windows\\CurrentVersion\\Run\\Google Inc"}}, {"values": {"EventID": "13", "ProcessId": "252", "EventType": "SetValue", "Image": "C:\\Users\\george\\AppData\\Roaming\\crscs.exe", "ProcessGuid": "{C784477D-61BF-638E-F405-000000004300}", "UtcTime": "1670275550", "Details": "C:\\Users\\george\\AppData\\Roaming\\crscs.exe", "RuleName": "T1060,RunKey", "TargetObject": "HKLM\\SOFTWARE\\WOW6432Node\\Microsoft\\Windows\\CurrentVersion\\Run\\Google Inc"}}, {"values": {"EventID": "13", "ProcessId": "252", "EventType": "SetValue", "Image": "C:\\Users\\george\\AppData\\Roaming\\crscs.exe", "RuleName": "T1060,RunKey", "UtcTime": "1670275551", "Details": "C:\\Users\\george\\AppData\\Roaming\\crscs.exe", "ProcessGuid": "{C784477D-61BF-638E-F405-000000004300}", "TargetObject": "HKLM\\SOFTWARE\\WOW6432Node\\Microsoft\\Windows\\CurrentVersion\\Run\\Google Inc"}}, {"values": {"EventID": "13", "ProcessId": "2232", "EventType": "SetValue", "Image": "C:\\Users\\george\\Desktop\\program.exe", "RuleName": "T1060,RunKey", "UtcTime": "1670275551", "Details": "C:\\Users\\george\\AppData\\Roaming\\crscs.exe", "ProcessGuid": "{C784477D-61B0-638E-EC05-000000004300}", "TargetObject": "HKLM\\SOFTWARE\\WOW6432Node\\Microsoft\\Windows\\CurrentVersion\\Run\\Google Inc"}}, {"values": {"EventID": "13", "ProcessId": "2232", "EventType": "SetValue", "Image": "C:\\Users\\george\\Desktop\\program.exe", "RuleName": "T1060,RunKey", "UtcTime": "1670275552", "Details": "C:\\Users\\george\\AppData\\Roaming\\crscs.exe", "ProcessGuid": "{C784477D-61B0-638E-EC05-000000004300}", "TargetObject": "HKLM\\SOFTWARE\\WOW6432Node\\Microsoft\\Windows\\CurrentVersion\\Run\\Google Inc"}}, {"values": {"EventID": "13", "ProcessId": "252", "EventType": "SetValue", "Image": "C:\\Users\\george\\AppData\\Roaming\\crscs.exe", "RuleName": "T1060,RunKey", "UtcTime": "1670275552", "Details": "C:\\Users\\george\\AppData\\Roaming\\crscs.exe", "ProcessGuid": "{C784477D-61BF-638E-F405-000000004300}", "TargetObject": "HKLM\\SOFTWARE\\WOW6432Node\\Microsoft\\Windows\\CurrentVersion\\Run\\Google Inc"}}, {"values": {"EventID": "13", "ProcessId": "2232", "EventType": "SetValue", "Image": "C:\\Users\\george\\Desktop\\program.exe", "ProcessGuid": "{C784477D-61B0-638E-EC05-000000004300}", "UtcTime": "1670275553", "Details": "C:\\Users\\george\\AppData\\Roaming\\crscs.exe", "RuleName": "T1060,RunKey", "TargetObject": "HKLM\\SOFTWARE\\WOW6432Node\\Microsoft\\Windows\\CurrentVersion\\Run\\Google Inc"}}, {"values": {"EventID": "13", "ProcessId": "252", "EventType": "SetValue", "Image": "C:\\Users\\george\\AppData\\Roaming\\crscs.exe", "ProcessGuid": "{C784477D-61BF-638E-F405-000000004300}", "UtcTime": "1670275553", "Details": "C:\\Users\\george\\AppData\\Roaming\\crscs.exe", "RuleName": "T1060,RunKey", "TargetObject": "HKLM\\SOFTWARE\\WOW6432Node\\Microsoft\\Windows\\CurrentVersion\\Run\\Google Inc"}}, {"values": {"EventID": "13", "ProcessId": "2232", "EventType": "SetValue", "Image": "C:\\Users\\george\\Desktop\\program.exe", "RuleName": "T1060,RunKey", "UtcTime": "1670275554", "Details": "C:\\Users\\george\\AppData\\Roaming\\crscs.exe", "ProcessGuid": "{C784477D-61B0-638E-EC05-000000004300}", "TargetObject": "HKLM\\SOFTWARE\\WOW6432Node\\Microsoft\\Windows\\CurrentVersion\\Run\\Google Inc"}}, {"values": {"EventID": "13", "ProcessId": "252", "EventType": "SetValue", "Image": "C:\\Users\\george\\AppData\\Roaming\\crscs.exe", "ProcessGuid": "{C784477D-61BF-638E-F405-000000004300}", "UtcTime": "1670275554", "Details": "C:\\Users\\george\\AppData\\Roaming\\crscs.exe", "RuleName": "T1060,RunKey", "TargetObject": "HKLM\\SOFTWARE\\WOW6432Node\\Microsoft\\Windows\\CurrentVersion\\Run\\Google Inc"}}, {"values": {"EventID": "13", "ProcessId": "2232", "EventType": "SetValue", "Image": "C:\\Users\\george\\Desktop\\program.exe", "RuleName": "T1060,RunKey", "UtcTime": "1670275555", "Details": "C:\\Users\\george\\AppData\\Roaming\\crscs.exe", "ProcessGuid": "{C784477D-61B0-638E-EC05-000000004300}", "TargetObject": "HKLM\\SOFTWARE\\WOW6432Node\\Microsoft\\Windows\\CurrentVersion\\Run\\Google Inc"}}, {"values": {"EventID": "13", "ProcessId": "252", "EventType": "SetValue", "Image": "C:\\Users\\george\\AppData\\Roaming\\crscs.exe", "RuleName": "T1060,RunKey", "UtcTime": "1670275555", "Details": "C:\\Users\\george\\AppData\\Roaming\\crscs.exe", "ProcessGuid": "{C784477D-61BF-638E-F405-000000004300}", "TargetObject": "HKLM\\SOFTWARE\\WOW6432Node\\Microsoft\\Windows\\CurrentVersion\\Run\\Google Inc"}}, {"values": {"EventID": "13", "ProcessId": "2232", "EventType": "SetValue", "Image": "C:\\Users\\george\\Desktop\\program.exe", "RuleName": "T1060,RunKey", "UtcTime": "1670275556", "Details": "C:\\Users\\george\\AppData\\Roaming\\crscs.exe", "ProcessGuid": "{C784477D-61B0-638E-EC05-000000004300}", "TargetObject": "HKLM\\SOFTWARE\\WOW6432Node\\Microsoft\\Windows\\CurrentVersion\\Run\\Google Inc"}}, {"values": {"EventID": "13", "ProcessId": "252", "EventType": "SetValue", "Image": "C:\\Users\\george\\AppData\\Roaming\\crscs.exe", "ProcessGuid": "{C784477D-61BF-638E-F405-000000004300}", "UtcTime": "1670275556", "Details": "C:\\Users\\george\\AppData\\Roaming\\crscs.exe", "RuleName": "T1060,RunKey", "TargetObject": "HKLM\\SOFTWARE\\WOW6432Node\\Microsoft\\Windows\\CurrentVersion\\Run\\Google Inc"}}, {"values": {"EventID": "13", "ProcessId": "2232", "EventType": "SetValue", "Image": "C:\\Users\\george\\Desktop\\program.exe", "RuleName": "T1060,RunKey", "UtcTime": "1670275557", "Details": "C:\\Users\\george\\AppData\\Roaming\\crscs.exe", "ProcessGuid": "{C784477D-61B0-638E-EC05-000000004300}", "TargetObject": "HKLM\\SOFTWARE\\WOW6432Node\\Microsoft\\Windows\\CurrentVersion\\Run\\Google Inc"}}, {"values": {"EventID": "13", "ProcessId": "252", "EventType": "SetValue", "Image": "C:\\Users\\george\\AppData\\Roaming\\crscs.exe", "RuleName": "T1060,RunKey", "UtcTime": "1670275557", "Details": "C:\\Users\\george\\AppData\\Roaming\\crscs.exe", "ProcessGuid": "{C784477D-61BF-638E-F405-000000004300}", "TargetObject": "HKLM\\SOFTWARE\\WOW6432Node\\Microsoft\\Windows\\CurrentVersion\\Run\\Google Inc"}}, {"values": {"EventID": "13", "ProcessId": "252", "EventType": "SetValue", "Image": "C:\\Users\\george\\AppData\\Roaming\\crscs.exe", "RuleName": "T1060,RunKey", "UtcTime": "1670275558", "Details": "C:\\Users\\george\\AppData\\Roaming\\crscs.exe", "ProcessGuid": "{C784477D-61BF-638E-F405-000000004300}", "TargetObject": "HKLM\\SOFTWARE\\WOW6432Node\\Microsoft\\Windows\\CurrentVersion\\Run\\Google Inc"}}, {"values": {"EventID": "13", "ProcessId": "2232", "EventType": "SetValue", "Image": "C:\\Users\\george\\Desktop\\program.exe", "ProcessGuid": "{C784477D-61B0-638E-EC05-000000004300}", "UtcTime": "1670275558", "Details": "C:\\Users\\george\\AppData\\Roaming\\crscs.exe", "RuleName": "T1060,RunKey", "TargetObject": "HKLM\\SOFTWARE\\WOW6432Node\\Microsoft\\Windows\\CurrentVersion\\Run\\Google Inc"}}, {"values": {"EventID": "13", "ProcessId": "252", "EventType": "SetValue", "Image": "C:\\Users\\george\\AppData\\Roaming\\crscs.exe", "RuleName": "T1060,RunKey", "UtcTime": "1670275559", "Details": "C:\\Users\\george\\AppData\\Roaming\\crscs.exe", "ProcessGuid": "{C784477D-61BF-638E-F405-000000004300}", "TargetObject": "HKLM\\SOFTWARE\\WOW6432Node\\Microsoft\\Windows\\CurrentVersion\\Run\\Google Inc"}}, {"values": {"EventID": "13", "ProcessId": "2232", "EventType": "SetValue", "Image": "C:\\Users\\george\\Desktop\\program.exe", "RuleName": "T1060,RunKey", "UtcTime": "1670275559", "Details": "C:\\Users\\george\\AppData\\Roaming\\crscs.exe", "ProcessGuid": "{C784477D-61B0-638E-EC05-000000004300}", "TargetObject": "HKLM\\SOFTWARE\\WOW6432Node\\Microsoft\\Windows\\CurrentVersion\\Run\\Google Inc"}}, {"values": {"EventID": "13", "ProcessId": "252", "EventType": "SetValue", "Image": "C:\\Users\\george\\AppData\\Roaming\\crscs.exe", "ProcessGuid": "{C784477D-61BF-638E-F405-000000004300}", "UtcTime": "1670275560", "Details": "C:\\Users\\george\\AppData\\Roaming\\crscs.exe", "RuleName": "T1060,RunKey", "TargetObject": "HKLM\\SOFTWARE\\WOW6432Node\\Microsoft\\Windows\\CurrentVersion\\Run\\Google Inc"}}, {"values": {"EventID": "13", "ProcessId": "2232", "EventType": "SetValue", "Image": "C:\\Users\\george\\Desktop\\program.exe", "RuleName": "T1060,RunKey", "UtcTime": "1670275560", "Details": "C:\\Users\\george\\AppData\\Roaming\\crscs.exe", "ProcessGuid": "{C784477D-61B0-638E-EC05-000000004300}", "TargetObject": "HKLM\\SOFTWARE\\WOW6432Node\\Microsoft\\Windows\\CurrentVersion\\Run\\Google Inc"}}, {"values": {"EventID": "13", "ProcessId": "252", "EventType": "SetValue", "Image": "C:\\Users\\george\\AppData\\Roaming\\crscs.exe", "RuleName": "T1060,RunKey", "UtcTime": "1670275561", "Details": "C:\\Users\\george\\AppData\\Roaming\\crscs.exe", "ProcessGuid": "{C784477D-61BF-638E-F405-000000004300}", "TargetObject": "HKLM\\SOFTWARE\\WOW6432Node\\Microsoft\\Windows\\CurrentVersion\\Run\\Google Inc"}}], "rule_level": "medium", "rule_description": "Detects modification of autostart extensibility point (ASEP) in registry.", "rule_source": "Sigma Integrated Rule Set (GitHub)", "rule_title": "Wow6432Node CurrentVersion Autorun Keys Modification", "rule_id": "18842e32896dd83b8aca4d5e1ac78c1f66b1d252479c0023cdd02f108c42c8cd", "rule_author": "Victor Sergeev, Daniil Yugoslavskiy, Gleb Sukhodolskiy, Timur Zinniatullin, oscd.community, Tim Shelton, frack113 (split)"}, {"match_context": [{"values": {"EventID": "13", "ProcessId": "2232", "EventType": "SetValue", "Image": "C:\\Users\\george\\Desktop\\program.exe", "RuleName": "T1088", "UtcTime": "1670275504", "Details": "DWORD (0x00000000)", "ProcessGuid": "{C784477D-61B0-638E-EC05-000000004300}", "TargetObject": "HKLM\\SOFTWARE\\Microsoft\\Windows\\CurrentVersion\\Policies\\System\\EnableLUA"}}, {"values": {"EventID": "13", "ProcessId": "252", "EventType": "SetValue", "Image": "C:\\Users\\george\\AppData\\Roaming\\crscs.exe", "RuleName": "T1088", "UtcTime": "1670275519", "Details": "DWORD (0x00000000)", "ProcessGuid": "{C784477D-61BF-638E-F405-000000004300}", "TargetObject": "HKLM\\SOFTWARE\\Microsoft\\Windows\\CurrentVersion\\Policies\\System\\EnableLUA"}}], "rule_level": "medium", "rule_description": "Detects when an attacker tries to disable User Account Control (UAC) by changing its registry key HKLM\\SOFTWARE\\Microsoft\\Windows\\CurrentVersion\\Policies\\System\\EnableLUA from 1 to 0", "rule_source": "Sigma Integrated Rule Set (GitHub)", "rule_title": "Disable UAC Using Registry", "rule_id": "80708cad12d59acde6c91bdfbb0ed867ffd0538e97f962f2ffd72040a66ecb6b", "rule_author": "frack113"}, {"match_context": [{"values": {"EventID": "11", "ProcessId": "2232", "TargetFilename": "C:\\Users\\george\\AppData\\Roaming\\crscs.exe", "ProcessGuid": "{C784477D-61B0-638E-EC05-000000004300}", "CreationUtcTime": "1670275504", "UtcTime": "1670275504", "RuleName": "EXE", "Image": "C:\\Users\\george\\Desktop\\program.exe"}}, {"values": {"EventID": "11", "ProcessId": "2232", "TargetFilename": "C:\\Users\\george\\AppData\\Roaming\\crscs.exe", "RuleName": "EXE", "CreationUtcTime": "1669639090", "UtcTime": "1670275504", "ProcessGuid": "{C784477D-61B0-638E-EC05-000000004300}", "Image": "C:\\Users\\george\\Desktop\\program.exe"}}, {"values": {"EventID": "11", "ProcessId": "2232", "TargetFilename": "C:\\Users\\george\\AppData\\Roaming\\crscs.exe", "ProcessGuid": "{C784477D-61B0-638E-EC05-000000004300}", "CreationUtcTime": "1669639090", "UtcTime": "1670275505", "RuleName": "EXE", "Image": "C:\\Users\\george\\Desktop\\program.exe"}}, {"values": {"EventID": "11", "ProcessId": "2232", "Image": "C:\\Users\\george\\Desktop\\program.exe", "ProcessGuid": "{C784477D-61B0-638E-EC05-000000004300}", "CreationUtcTime": "1669639090", "UtcTime": "1670275506", "RuleName": "EXE", "TargetFilename": "C:\\Users\\george\\AppData\\Roaming\\crscs.exe"}}, {"values": {"EventID": "11", "ProcessId": "2232", "TargetFilename": "C:\\Users\\george\\AppData\\Roaming\\crscs.exe", "ProcessGuid": "{C784477D-61B0-638E-EC05-000000004300}", "CreationUtcTime": "1669639090", "UtcTime": "1670275507", "RuleName": "EXE", "Image": "C:\\Users\\george\\Desktop\\program.exe"}}, {"values": {"EventID": "11", "ProcessId": "2232", "TargetFilename": "C:\\Users\\george\\AppData\\Roaming\\crscs.exe", "RuleName": "EXE", "CreationUtcTime": "1669639090", "UtcTime": "1670275508", "ProcessGuid": "{C784477D-61B0-638E-EC05-000000004300}", "Image": "C:\\Users\\george\\Desktop\\program.exe"}}, {"values": {"EventID": "11", "ProcessId": "2232", "TargetFilename": "C:\\Users\\george\\AppData\\Roaming\\crscs.exe", "ProcessGuid": "{C784477D-61B0-638E-EC05-000000004300}", "CreationUtcTime": "1669639090", "UtcTime": "1670275509", "RuleName": "EXE", "Image": "C:\\Users\\george\\Desktop\\program.exe"}}, {"values": {"EventID": "11", "ProcessId": "2232", "Image": "C:\\Users\\george\\Desktop\\program.exe", "ProcessGuid": "{C784477D-61B0-638E-EC05-000000004300}", "CreationUtcTime": "1669639090", "UtcTime": "1670275510", "RuleName": "EXE", "TargetFilename": "C:\\Users\\george\\AppData\\Roaming\\crscs.exe"}}, {"values": {"EventID": "11", "ProcessId": "2232", "Image": "C:\\Users\\george\\Desktop\\program.exe", "ProcessGuid": "{C784477D-61B0-638E-EC05-000000004300}", "CreationUtcTime": "1669639090", "UtcTime": "1670275511", "RuleName": "EXE", "TargetFilename": "C:\\Users\\george\\AppData\\Roaming\\crscs.exe"}}, {"values": {"EventID": "11", "ProcessId": "2232", "TargetFilename": "C:\\Users\\george\\AppData\\Roaming\\crscs.exe", "ProcessGuid": "{C784477D-61B0-638E-EC05-000000004300}", "CreationUtcTime": "1669639090", "UtcTime": "1670275512", "RuleName": "EXE", "Image": "C:\\Users\\george\\Desktop\\program.exe"}}, {"values": {"EventID": "11", "ProcessId": "2232", "TargetFilename": "C:\\Users\\george\\AppData\\Roaming\\crscs.exe", "ProcessGuid": "{C784477D-61B0-638E-EC05-000000004300}", "CreationUtcTime": "1669639090", "UtcTime": "1670275513", "RuleName": "EXE", "Image": "C:\\Users\\george\\Desktop\\program.exe"}}, {"values": {"EventID": "11", "ProcessId": "2232", "Image": "C:\\Users\\george\\Desktop\\program.exe", "RuleName": "EXE", "CreationUtcTime": "1669639090", "UtcTime": "1670275514", "ProcessGuid": "{C784477D-61B0-638E-EC05-000000004300}", "TargetFilename": "C:\\Users\\george\\AppData\\Roaming\\crscs.exe"}}, {"values": {"EventID": "11", "ProcessId": "2232", "TargetFilename": "C:\\Users\\george\\AppData\\Roaming\\crscs.exe", "ProcessGuid": "{C784477D-61B0-638E-EC05-000000004300}", "CreationUtcTime": "1669639090", "UtcTime": "1670275515", "RuleName": "EXE", "Image": "C:\\Users\\george\\Desktop\\program.exe"}}, {"values": {"EventID": "11", "ProcessId": "2232", "Image": "C:\\Users\\george\\Desktop\\program.exe", "ProcessGuid": "{C784477D-61B0-638E-EC05-000000004300}", "CreationUtcTime": "1669639090", "UtcTime": "1670275516", "RuleName": "EXE", "TargetFilename": "C:\\Users\\george\\AppData\\Roaming\\crscs.exe"}}, 