{"values": {"TerminalSessionId": "1", "ProcessGuid": "{C784477D-F42E-64EC-0307-000000001F00}", "ProcessId": "3604", "Product": "Microsoft\\xae Windows\\xae Operating System", "Description": "Windows Command Processor", "Company": "Microsoft Corporation", "ParentProcessGuid": "{C784477D-F404-64EC-3806-000000001F00}", "User": "DESKTOP-B0T93D6\\george", "Hashes": "MD5=4E2ACF4F8A396486AB4268C94A6A245F,SHA256=9A7C58BD98D70631AA1473F7B57B426DB367D72429A5455B433A05EE251F3236,IMPHASH=8542FB14699D84D7E8DA92F66145C7FE", "OriginalFileName": "Cmd.Exe", "ParentImage": "C:\\Users\\george\\AppData\\Local\\Temp\\NAfkpCRChMSbiBGLROsEJOuAodIntR.exe", "FileVersion": "10.0.17134.1 (WinBuild.160101.0800)", "ParentProcessId": "8108", "CurrentDirectory": "C:\\Users\\george\\Desktop\\", "CommandLine": "\"C:\\Windows\\System32\\cmd.exe\" del /f /s /q %%userprofile%%\\Desktop\\* && del /f /s /q %%userprofile%%\\Downloads\\* && del /f /s /q %%userprofile%%\\Documents\\* && del /f /s /q %%userprofile%%\\Pictures\\* && exit", "EventID": "1", "LogonGuid": "C784477D-8CD5-6442-E0CD-030000000000", "LogonId": "249312", "Image": "C:\\Windows\\System32\\cmd.exe", "IntegrityLevel": "High", "ParentCommandLine": "\"C:\\Users\\george\\AppData\\Local\\Temp\\NAfkpCRChMSbiBGLROsEJOuAodIntR.exe\" ", "UtcTime": "1693250606", "RuleName": "-"}}, {"values": {"TerminalSessionId": "1", "ProcessGuid": "{C784477D-F42F-64EC-0507-000000001F00}", "ProcessId": "6824", "Product": "Microsoft\\xae Windows\\xae Operating System", "Description": "Windows Command Processor", "Company": "Microsoft Corporation", "ParentProcessGuid": "{C784477D-F404-64EC-3806-000000001F00}", "User": "DESKTOP-B0T93D6\\george", "Hashes": "MD5=4E2ACF4F8A396486AB4268C94A6A245F,SHA256=9A7C58BD98D70631AA1473F7B57B426DB367D72429A5455B433A05EE251F3236,IMPHASH=8542FB14699D84D7E8DA92F66145C7FE", "OriginalFileName": "Cmd.Exe", "ParentImage": "C:\\Users\\george\\AppData\\Local\\Temp\\NAfkpCRChMSbiBGLROsEJOuAodIntR.exe", "FileVersion": "10.0.17134.1 (WinBuild.160101.0800)", "ParentProcessId": "8108", "CurrentDirectory": "C:\\Users\\george\\Desktop\\", "CommandLine": "\"C:\\Windows\\System32\\cmd.exe\" del /f /s /q %%userprofile%%\\Desktop\\* && del /f /s /q %%userprofile%%\\Downloads\\* && del /f /s /q %%userprofile%%\\Documents\\* && del /f /s /q %%userprofile%%\\Pictures\\* && exit", "EventID": "1", "LogonGuid": "C784477D-8CD5-6442-E0CD-030000000000", "LogonId": "249312", "Image": "C:\\Windows\\System32\\cmd.exe", "IntegrityLevel": "High", "ParentCommandLine": "\"C:\\Users\\george\\AppData\\Local\\Temp\\NAfkpCRChMSbiBGLROsEJOuAodIntR.exe\" ", "UtcTime": "1693250607", "RuleName": "-"}}, {"values": {"TerminalSessionId": "1", "ProcessGuid": "{C784477D-F42F-64EC-0707-000000001F00}", "ProcessId": "6952", "Product": "Microsoft\\xae Windows\\xae Operating System", "Description": "Windows Command Processor", "Company": "Microsoft Corporation", "ParentProcessGuid": "{C784477D-F404-64EC-3806-000000001F00}", "User": "DESKTOP-B0T93D6\\george", "Hashes": "MD5=4E2ACF4F8A396486AB4268C94A6A245F,SHA256=9A7C58BD98D70631AA1473F7B57B426DB367D72429A5455B433A05EE251F3236,IMPHASH=8542FB14699D84D7E8DA92F66145C7FE", "OriginalFileName": "Cmd.Exe", "ParentImage": "C:\\Users\\george\\AppData\\Local\\Temp\\NAfkpCRChMSbiBGLROsEJOuAodIntR.exe", "FileVersion": "10.0.17134.1 (WinBuild.160101.0800)", "ParentProcessId": "8108", "CurrentDirectory": "C:\\Users\\george\\Desktop\\", "CommandLine": "\"C:\\Windows\\System32\\cmd.exe\" del /f /s /q %%userprofile%%\\Desktop\\* && del /f /s /q %%userprofile%%\\Downloads\\* && del /f /s /q %%userprofile%%\\Documents\\* && del /f /s /q %%userprofile%%\\Pictures\\* && exit", "EventID": "1", "LogonGuid": "C784477D-8CD5-6442-E0CD-030000000000", "LogonId": "249312", "Image": "C:\\Windows\\System32\\cmd.exe", "IntegrityLevel": "High", "ParentCommandLine": "\"C:\\Users\\george\\AppData\\Local\\Temp\\NAfkpCRChMSbiBGLROsEJOuAodIntR.exe\" ", "UtcTime": "1693250607", "RuleName": "-"}}, {"values": {"TerminalSessionId": "1", "ProcessGuid": "{C784477D-F430-64EC-0907-000000001F00}", "ProcessId": "1776", "Product": "Microsoft\\xae Windows\\xae Operating System", "Description": "Windows Command Processor", "Company": "Microsoft Corporation", "ParentProcessGuid": "{C784477D-F404-64EC-3806-000000001F00}", "User": "DESKTOP-B0T93D6\\george", "Hashes": "MD5=4E2ACF4F8A396486AB4268C94A6A245F,SHA256=9A7C58BD98D70631AA1473F7B57B426DB367D72429A5455B433A05EE251F3236,IMPHASH=8542FB14699D84D7E8DA92F66145C7FE", "OriginalFileName": "Cmd.Exe", "ParentImage": "C:\\Users\\george\\AppData\\Local\\Temp\\NAfkpCRChMSbiBGLROsEJOuAodIntR.exe", "FileVersion": "10.0.17134.1 (WinBuild.160101.0800)", "ParentProcessId": "8108", "CurrentDirectory": "C:\\Users\\george\\Desktop\\", "CommandLine": "\"C:\\Windows\\System32\\cmd.exe\" del /f /s /q %%userprofile%%\\Desktop\\* && del /f /s /q %%userprofile%%\\Downloads\\* && del /f /s /q %%userprofile%%\\Documents\\* && del /f /s /q %%userprofile%%\\Pictures\\* && exit", "EventID": "1", "LogonGuid": "C784477D-8CD5-6442-E0CD-030000000000", "LogonId": "249312", "Image": "C:\\Windows\\System32\\cmd.exe", "IntegrityLevel": "High", "ParentCommandLine": "\"C:\\Users\\george\\AppData\\Local\\Temp\\NAfkpCRChMSbiBGLROsEJOuAodIntR.exe\" ", "UtcTime": "1693250608", "RuleName": "-"}}], "rule_level": "low", "rule_id": "77ed185ff979a8d9206b5eed07bf6d5823529f713ed0ea19f2ef7a4a355568bc", "rule_source": "Sigma Integrated Rule Set (GitHub)", "rule_title": "File Deletion Via Del", "rule_description": "Detects execution of the builtin \"del\"/\"erase\" commands in order to delete files.\nAdversaries may delete files left behind by the actions of their intrusion activity.\nMalware, tools, or other non-native files dropped or created on a system by an adversary may leave traces to indicate to what was done within a network and how.\nRemoval of these files can occur during an intrusion, or as part of a post-intrusion process to minimize the adversary's footprint.\n", "rule_author": "frack113"}, {"match_context": [{"values": {"EventID": "11", "ProcessId": "560", "Image": "C:\\Users\\george\\Desktop\\executable.exe", "RuleName": "EXE", "CreationUtcTime": "1693250563", "UtcTime": "1693250563", "ProcessGuid": "{C784477D-F402-64EC-3706-000000001F00}", "TargetFilename": "C:\\Users\\george\\AppData\\Local\\Temp\\NAfkpCRChMSbiBGLROsEJOuAodIntR.exe"}}, {"values": {"EventID": "11", "ProcessId": "8108", "TargetFilename": "C:\\Users\\george\\Desktop\\executable.exe", "ProcessGuid": "{C784477D-F404-64EC-3806-000000001F00}", "CreationUtcTime": "1682083357", "UtcTime": "1693250572", "RuleName": "EXE", "Image": "C:\\Users\\george\\AppData\\Local\\Temp\\NAfkpCRChMSbiBGLROsEJOuAodIntR.exe"}}, {"values": {"EventID": "11", "ProcessId": "8108", "TargetFilename": "C:\\Users\\george\\Downloads\\dxwebsetup.exe", "RuleName": "Downloads", "CreationUtcTime": "1621322309", "UtcTime": "1693250573", "ProcessGuid": "{C784477D-F404-64EC-3806-000000001F00}", "Image": "C:\\Users\\george\\AppData\\Local\\Temp\\NAfkpCRChMSbiBGLROsEJOuAodIntR.exe"}}], "rule_level": "low", "rule_id": "b5386a23355681c43cfbd2f2ccfe4b16ed45324d0d7b5583487a9f302ee1e427", "rule_source": "Sigma Integrated Rule Set (GitHub)", "rule_title": "Creation of an Executable by an Executable", "rule_description": "Detects the creation of an executable by another executable", "rule_author": "frack113"}, {"match_context": [{"values": {"TerminalSessionId": "1", "ProcessGuid": "{C784477D-F404-64EC-3906-000000001F00}", "ProcessId": "8080", "Product": "Microsoft\\xae Windows\\xae Operating System", "Description": "Terminates Processes", "Company": "Microsoft Corporation", "ParentProcessGuid": "{C784477D-F402-64EC-3706-000000001F00}", "User": "DESKTOP-B0T93D6\\george", "Hashes": "MD5=530C6A6CBA137EAA7021CEF9B234E8D4,SHA256=26B9B184C2F7F60811C0C4CB25C12568D996AC1ECE0EF64AA1B9E8F39AEA74D7,IMPHASH=100938B32F577E925618EA395A8C469B", "OriginalFileName": "taskkill.exe", "ParentImage": "C:\\Users\\george\\Desktop\\executable.exe", "FileVersion": "10.0.17134.1 (WinBuild.160101.0800)", "ParentProcessId": "560", "CurrentDirectory": "C:\\Users\\george\\Desktop\\", "CommandLine": "\"C:\\Windows\\System32\\taskkill.exe\" /f /im Niros.exe", "EventID": "1", "LogonGuid": "C784477D-8CD5-6442-E0CD-030000000000", "LogonId": "249312", "Image": "C:\\Windows\\System32\\taskkill.exe", "IntegrityLevel": "High", "ParentCommandLine": "\"C:\\Users\\george\\Desktop\\executable.exe\"", "UtcTime": "1693250564", "RuleName": "-"}}], "rule_level": "low", "rule_id": "cd06da2f3978bdb24b3f3c8f83c7df917a910c6b29921d0e375e418f340d8f3d", "rule_source": "Sigma Integrated Rule Set (GitHub)", "rule_title": "Suspicious Execution of Taskkill", "rule_description": "Adversaries may stop services or processes in order to conduct Data Destruction or Data Encrypted for Impact on the data stores of services like Exchange and SQL Server.", "rule_author": "frack113"}], "md5": "9400bb050416fe178aba3f0d5722335d", "total_votes": {"harmless": 0, "malicious": 0}, "crowdsourced_yara_results": [{"ruleset_id": "00f69a1b91", "rule_name": "Multifamily_RAT_Detection", "ruleset_name": "rat_detection", "description": "Generic Detection for multiple RAT families, PUPs, Packers and suspicious executables", "author": "Lucas Acha (http://www.lukeacha.com)", "match_date": 1741437645, "source": "https://github.com/securitymagic/yara"}], "magika": "PEBIN", "last_modification_date": 1765311788, "unique_sources": 1, "signature_info": {"description": "Niros", "file version": "1.0.0.0", "original name": "Niros.exe", "product": "Niros", "internal name": "Niros.exe", "copyright": "Copyright \u00a9  2021"}, "type_extension": "exe", "magic": "PE32 executable (GUI) Intel 80386 Mono/.Net assembly, for MS Windows", "first_submission_date": 1610300511, "type_tag": "peexe", "reputation": 0, "vhash": "246036151512b010416264020", "dot_net_assembly": {"entry_point_rva": 11780, "metadata_header_rva": 8636, "assembly_name": "Niros.exe", "resources_va": 3930968, "assembly_flags": 1, "strongname_va": 0, "external_assemblies": {"System.Drawing": {"version": "4.0.0.0"}, "System.Windows.Forms": {"version": "4.0.0.0"}, "mscorlib": {"version": "4.0.0.0"}, "System": {"version": "4.0.0.0"}}, "entry_point_token": 100663297, "tables_rows_map": "163b01802001e0941180000f000203402021001004000033000", "external_modules": ["ntdll.dll", "User32"], "streams": {"#GUID": {"chi2": 240.0, "md5": "f82b80d58408c67e714e417b15586948", "entropy": 4.0, "size": 16}, "#Blob": {"chi2": 10148.77734375, "md5": "b457fbdfef3e98baad1046ad73890858", "entropy": 5.578013896942139, "size": 1232}, "#US": {"chi2": 1320.3563232421875, "md5": "e733f49bfccdcde68be416b90662bb46", "entropy": 7.8892822265625, "size": 6824}, "#~": {"chi2": 81426.109375, "md5": "7c90ee9f63ce574652002e1f1e010b68", "entropy": 5.265743255615234, "size": 2932}, "#Strings": {"chi2": 41161.2890625, "md5": "a12749cafc9c10610e3da3a93983353b", "entropy": 4.966459274291992, "size": 3748}}, "tables_present": 20, "assembly_flags_txt": "COMIMAGE_FLAGS_ILONLY", "clr_version": "v4.0.30319", "assembly_data": {"majorversion": 1, "minorversion": 0, "hashalgid": 32772, "flags_text": "afPA_None", "buildnumber": 0, "flags": 0, "revisionnumber": 0, "name": "Niros"}, "tables_present_map": "30935a21d57", "manifest_resource": ["Niros.Properties.Resources.resources", "SystemFuckRansom.Form1.resources", "SystemFuckRansom.Form2.resources"], "clr_meta_version": "1.1", "tables_rows_map_log": "48677794764554444555", "unmanaged_methods": {"ntdll.dll": ["NtSetInformationProcess"], "User32": ["ShowWindow"]}, "type_definition_list": [{"namespace": "System.Runtime.CompilerServices", "type_definitions": ["CompilationRelaxationsAttribute", "RuntimeCompatibilityAttribute", "CompilerGeneratedAttribute", "RuntimeHelpers"]}, {"namespace": "System.Diagnostics", "type_definitions": ["DebuggableAttribute", "DebuggerNonUserCodeAttribute", "ProcessStartInfo", "Process", "ProcessWindowStyle"]}, {"namespace": "uncategorized", "type_definitions": ["DebuggingModes", "SpecialFolder", "ControlCollection"]}, {"namespace": "System.Reflection", "type_definitions": ["AssemblyTitleAttribute", "AssemblyDescriptionAttribute", "AssemblyConfigurationAttribute", "AssemblyCompanyAttribute", "AssemblyProductAttribute", "AssemblyCopyrightAttribute", "AssemblyTrademarkAttribute", "AssemblyFileVersionAttribute", "Assembly"]}, {"namespace": "System.Runtime.InteropServices", "type_definitions": ["ComVisibleAttribute", "GuidAttribute"]}, {"namespace": "System.Runtime.Versioning", "type_definitions": ["TargetFrameworkAttribute"]}, {"namespace": "System.CodeDom.Compiler", "type_definitions": ["GeneratedCodeAttribute"]}, {"namespace": "System", "type_definitions": ["Object", "TimeSpan", "EventArgs", "DateTime", "STAThreadAttribute", "Type", "RuntimeTypeHandle", "Int32", "Environment", "EventHandler", "String", "IntPtr", "IDisposable", "Byte", "Array", "RuntimeFieldHandle", "Char"]}, {"namespace": "System.Resources", "type_definitions": ["ResourceManager"]}, {"namespace": "System.Globalization", "type_definitions": ["CultureInfo"]}, {"namespace": "System.ComponentModel", "type_definitions": ["EditorBrowsableState", "EditorBrowsableAttribute", "IContainer", "ComponentResourceManager", "CancelEventArgs", "Container", "ISupportInitialize"]}, {"namespace": "System.Configuration", "type_definitions": ["ApplicationSettingsBase", "SettingsBase"]}, {"namespace": "System.Windows.Forms", "type_definitions": ["Form", "Timer", "Label", "PictureBox", "Panel", "Button", "FormClosingEventArgs", "Control", "BorderStyle", "ButtonBase", "FlatStyle", "ContainerControl", "AutoScaleMode", "AutoSizeMode", "FormStartPosition", "FormClosingEventHandler", "Application"]}, {"namespace": "Microsoft.Win32", "type_definitions": ["RegistryKey", "Registry", "RegistryValueKind"]}, {"namespace": "System.IO", "type_definitions": ["MemoryStream", "Path", "File", "Directory", "SearchOption", "Stream"]}, {"namespace": "System.Security.Cryptography", "type_definitions": ["RijndaelManaged", "Rfc2898DeriveBytes", "CryptoStream", "SHA256", "HashAlgorithm", "SymmetricAlgorithm", "DeriveBytes", "CipherMode", "ICryptoTransform", "CryptoStreamMode"]}, {"namespace": "System.Drawing", "type_definitions": ["Font", "FontStyle", "GraphicsUnit", "Point", "Size", "Image", "Color", "SizeF", "Icon"]}, {"namespace": "System.Text", "type_definitions": ["Encoding"]}], "unmanaged_method_list": [{"name": "ntdll.dll", "methods": ["NtSetInformationProcess"]}, {"name": "User32", "methods": ["ShowWindow"]}]}}}}