{"values": {"EventID": "3", "ProcessId": "1964", "DestinationPortName": "echo", "Protocol": "udp", "Initiated": "true", "DestinationIp": "192.168.2.12", "SourcePortName": "-", "Image": "C:\\Users\\george\\Desktop\\owfJcdrSAlan.exe", "ProcessGuid": "{C784477D-E666-63AA-2A06-000000001F00}", "DestinationHostname": "-", "UtcTime": "1671801714", "User": "DESKTOP-B0T93D6\\george", "DestinationPort": "7", "RuleName": "Usermode", "SourcePort": "56134", "SourceIsIpv6": "false", "DestinationIsIpv6": "false", "SourceIp": "192.168.2.17", "SourceHostname": "DESKTOP-B0T93D6.local"}}, {"values": {"EventID": "3", "ProcessId": "5644", "DestinationPortName": "echo", "Protocol": "udp", "Initiated": "true", "DestinationIp": "192.168.2.10", "SourcePortName": "-", "Image": "C:\\Users\\george\\Desktop\\EXGPpwUDUlan.exe", "RuleName": "Usermode", "DestinationHostname": "-", "UtcTime": "1671801714", "User": "DESKTOP-B0T93D6\\george", "DestinationPort": "7", "ProcessGuid": "{C784477D-E667-63AA-2B06-000000001F00}", "SourcePort": "56135", "SourceIsIpv6": "false", "DestinationIsIpv6": "false", "SourceIp": "192.168.2.17", "SourceHostname": "DESKTOP-B0T93D6.local"}}, {"values": {"EventID": "3", "ProcessId": "5644", "DestinationPortName": "echo", "Protocol": "udp", "Initiated": "true", "DestinationIp": "192.168.2.12", "SourcePortName": "-", "Image": "C:\\Users\\george\\Desktop\\EXGPpwUDUlan.exe", "ProcessGuid": "{C784477D-E667-63AA-2B06-000000001F00}", "DestinationHostname": "-", "UtcTime": "1671801715", "User": "DESKTOP-B0T93D6\\george", "DestinationPort": "7", "RuleName": "Usermode", "SourcePort": "64065", "SourceIsIpv6": "false", "DestinationIsIpv6": "false", "SourceIp": "192.168.2.17", "SourceHostname": "DESKTOP-B0T93D6.local"}}, {"values": {"EventID": "3", "ProcessId": "6684", "DestinationPortName": "echo", "Protocol": "udp", "Initiated": "true", "DestinationIp": "192.168.2.11", "SourcePortName": "-", "Image": "C:\\Users\\george\\Desktop\\uTuCNMiAElan.exe", "RuleName": "Usermode", "DestinationHostname": "-", "UtcTime": "1671801715", "User": "DESKTOP-B0T93D6\\george", "DestinationPort": "7", "ProcessGuid": "{C784477D-E668-63AA-2C06-000000001F00}", "SourcePort": "64066", "SourceIsIpv6": "false", "SourceHostname": "DESKTOP-B0T93D6.local", "SourceIp": "192.168.2.17", "DestinationIsIpv6": "false"}}, {"values": {"EventID": "3", "ProcessId": "1964", "DestinationPortName": "echo", "Protocol": "udp", "Initiated": "true", "DestinationIp": "192.168.2.15", "SourcePortName": "-", "Image": "C:\\Users\\george\\Desktop\\owfJcdrSAlan.exe", "ProcessGuid": "{C784477D-E666-63AA-2A06-000000001F00}", "DestinationHostname": "-", "UtcTime": "1671801715", "User": "DESKTOP-B0T93D6\\george", "DestinationPort": "7", "RuleName": "Usermode", "SourcePort": "64067", "SourceIsIpv6": "false", "SourceHostname": "DESKTOP-B0T93D6.local", "SourceIp": "192.168.2.17", "DestinationIsIpv6": "false"}}, {"values": {"EventID": "3", "ProcessId": "5644", "DestinationPortName": "echo", "SourceIsIpv6": "false", "DestinationIp": "192.168.2.13", "Initiated": "true", "SourcePortName": "-", "Image": "C:\\Users\\george\\Desktop\\EXGPpwUDUlan.exe", "RuleName": "Usermode", "DestinationHostname": "-", "UtcTime": "1671801715", "User": "DESKTOP-B0T93D6\\george", "DestinationPort": "7", "ProcessGuid": "{C784477D-E667-63AA-2B06-000000001F00}", "SourcePort": "64068", "Protocol": "udp", "SourceHostname": "DESKTOP-B0T93D6.local", "SourceIp": "192.168.2.17", "DestinationIsIpv6": "false"}}, {"values": {"EventID": "3", "ProcessId": "1964", "DestinationPortName": "echo", "Protocol": "udp", "DestinationIp": "192.168.2.14", "Initiated": "true", "SourcePortName": "-", "Image": "C:\\Users\\george\\Desktop\\owfJcdrSAlan.exe", "ProcessGuid": "{C784477D-E666-63AA-2A06-000000001F00}", "DestinationHostname": "-", "UtcTime": "1671801715", "User": "DESKTOP-B0T93D6\\george", "DestinationPort": "7", "RuleName": "Usermode", "SourcePort": "64064", "SourceIsIpv6": "false", "SourceHostname": "DESKTOP-B0T93D6.local", "SourceIp": "192.168.2.17", "DestinationIsIpv6": "false"}}, {"values": {"EventID": "3", "ProcessId": "6684", "DestinationPortName": "echo", "Protocol": "udp", "DestinationIp": "192.168.2.12", "Initiated": "true", "SourcePortName": "-", "Image": "C:\\Users\\george\\Desktop\\uTuCNMiAElan.exe", "RuleName": "Usermode", "DestinationHostname": "-", "UtcTime": "1671801715", "User": "DESKTOP-B0T93D6\\george", "DestinationPort": "7", "ProcessGuid": "{C784477D-E668-63AA-2C06-000000001F00}", "SourcePort": "64069", "SourceIsIpv6": "false", "SourceHostname": "DESKTOP-B0T93D6.local", "SourceIp": "192.168.2.17", "DestinationIsIpv6": "false"}}, {"values": {"EventID": "3", "ProcessId": "1964", "DestinationPortName": "echo", "Protocol": "udp", "Initiated": "true", "DestinationIp": "192.168.2.16", "SourcePortName": "-", "Image": "C:\\Users\\george\\Desktop\\owfJcdrSAlan.exe", "RuleName": "Usermode", "DestinationHostname": "-", "UtcTime": "1671801715", "User": "DESKTOP-B0T93D6\\george", "DestinationPort": "7", "ProcessGuid": "{C784477D-E666-63AA-2A06-000000001F00}", "SourcePort": "64070", "SourceIsIpv6": "false", "SourceHostname": "DESKTOP-B0T93D6.local", "SourceIp": "192.168.2.17", "DestinationIsIpv6": "false"}}, {"values": {"EventID": "3", "ProcessId": "5644", "DestinationPortName": "echo", "SourceIsIpv6": "false", "DestinationIp": "192.168.2.14", "Initiated": "true", "SourcePortName": "-", "Image": "C:\\Users\\george\\Desktop\\EXGPpwUDUlan.exe", "ProcessGuid": "{C784477D-E667-63AA-2B06-000000001F00}", "DestinationHostname": "-", "UtcTime": "1671801715", "User": "DESKTOP-B0T93D6\\george", "DestinationPort": "7", "RuleName": "Usermode", "SourcePort": "64071", "Protocol": "udp", "DestinationIsIpv6": "false", "SourceIp": "192.168.2.17", "SourceHostname": "DESKTOP-B0T93D6.local"}}, {"values": {"EventID": "3", "ProcessId": "6684", "DestinationPortName": "echo", "SourceIsIpv6": "false", "DestinationIp": "192.168.2.13", "Initiated": "true", "SourcePortName": "-", "Image": "C:\\Users\\george\\Desktop\\uTuCNMiAElan.exe", "RuleName": "Usermode", "DestinationHostname": "-", "UtcTime": "1671801716", "User": "DESKTOP-B0T93D6\\george", "DestinationPort": "7", "ProcessGuid": "{C784477D-E668-63AA-2C06-000000001F00}", "SourcePort": "64073", "Protocol": "udp", "DestinationIsIpv6": "false", "SourceIp": "192.168.2.17", "SourceHostname": "DESKTOP-B0T93D6.local"}}, {"values": {"EventID": "3", "ProcessId": "5644", "DestinationPortName": "echo", "Protocol": "udp", "Initiated": "true", "DestinationIp": "192.168.2.15", "SourcePortName": "-", "Image": "C:\\Users\\george\\Desktop\\EXGPpwUDUlan.exe", "RuleName": "Usermode", "DestinationHostname": "-", "UtcTime": "1671801716", "User": "DESKTOP-B0T93D6\\george", "DestinationPort": "7", "ProcessGuid": "{C784477D-E667-63AA-2B06-000000001F00}", "SourcePort": "64074", "SourceIsIpv6": "false", "SourceHostname": "DESKTOP-B0T93D6.local", "SourceIp": "192.168.2.17", "DestinationIsIpv6": "false"}}, {"values": {"EventID": "3", "ProcessId": "1964", "DestinationPortName": "echo", "Protocol": "udp", "Initiated": "true", "DestinationIp": "192.168.2.19", "SourcePortName": "-", "Image": "C:\\Users\\george\\Desktop\\owfJcdrSAlan.exe", "RuleName": "Usermode", "DestinationHostname": "-", "UtcTime": "1671801716", "User": "DESKTOP-B0T93D6\\george", "DestinationPort": "7", "ProcessGuid": "{C784477D-E666-63AA-2A06-000000001F00}", "SourcePort": "64075", "SourceIsIpv6": "false", "SourceHostname": "DESKTOP-B0T93D6.local", "SourceIp": "192.168.2.17", "DestinationIsIpv6": "false"}}, {"values": {"EventID": "3", "ProcessId": "6684", "DestinationPortName": "echo", "SourceIsIpv6": "false", "DestinationIp": "192.168.2.14", "Initiated": "true", "SourcePortName": "-", "Image": "C:\\Users\\george\\Desktop\\uTuCNMiAElan.exe", "RuleName": "Usermode", "DestinationHostname": "-", "UtcTime": "1671801716", "User": "DESKTOP-B0T93D6\\george", "DestinationPort": "7", "ProcessGuid": "{C784477D-E668-63AA-2C06-000000001F00}", "SourcePort": "64076", "Protocol": "udp", "SourceHostname": "DESKTOP-B0T93D6.local", "SourceIp": "192.168.2.17", "DestinationIsIpv6": "false"}}, {"values": {"EventID": "3", "ProcessId": "5644", "DestinationPortName": "echo", "Protocol": "udp", "DestinationIp": "192.168.2.16", "Initiated": "true", "SourcePortName": "-", "Image": "C:\\Users\\george\\Desktop\\EXGPpwUDUlan.exe", "ProcessGuid": "{C784477D-E667-63AA-2B06-000000001F00}", "DestinationHostname": "-", "UtcTime": "1671801716", "User": "DESKTOP-B0T93D6\\george", "DestinationPort": "7", "RuleName": "Usermode", "SourcePort": "64077", "SourceIsIpv6": "false", "DestinationIsIpv6": "false", "SourceIp": "192.168.2.17", "SourceHostname": "DESKTOP-B0T93D6.local"}}, {"values": {"EventID": "3", "ProcessId": "1964", "DestinationPortName": "echo", "Protocol": "udp", "DestinationIp": "192.168.2.18", "Initiated": "true", "SourcePortName": "-", "Image": "C:\\Users\\george\\Desktop\\owfJcdrSAlan.exe", "RuleName": "Usermode", "DestinationHostname": "DESKTOP-B0T93D6", "UtcTime": "1671801716", "User": "DESKTOP-B0T93D6\\george", "DestinationPort": "7", "ProcessGuid": "{C784477D-E666-63AA-2A06-000000001F00}", "SourcePort": "64072", "SourceIsIpv6": "false", "DestinationIsIpv6": "false", "SourceIp": "192.168.2.17", "SourceHostname": "DESKTOP-B0T93D6.local"}}, {"values": {"EventID": "3", "ProcessId": "1964", "DestinationPortName": "echo", "Protocol": "udp", "Initiated": "true", "DestinationIp": "192.168.2.20", "SourcePortName": "-", "Image": "C:\\Users\\george\\Desktop\\owfJcdrSAlan.exe", "RuleName": "Usermode", "DestinationHostname": "-", "UtcTime": "1671801716", "User": "DESKTOP-B0T93D6\\george", "DestinationPort": "7", "ProcessGuid": "{C784477D-E666-63AA-2A06-000000001F00}", "SourcePort": "64078", "SourceIsIpv6": "false", "SourceHostname": "DESKTOP-B0T93D6.local", "SourceIp": "192.168.2.17", "DestinationIsIpv6": "false"}}, {"values": {"EventID": "3", "ProcessId": "6684", "DestinationPortName": "echo", "SourceIsIpv6": "false", "Initiated": "true", "DestinationIp": "192.168.2.15", "SourcePortName": "-", "Image": "C:\\Users\\george\\Desktop\\uTuCNMiAElan.exe", "ProcessGuid": "{C784477D-E668-63AA-2C06-000000001F00}", "DestinationHostname": "-", "UtcTime": "1671801716", "User": "DESKTOP-B0T93D6\\george", "DestinationPort": "7", "RuleName": "Usermode", "SourcePort": "64079", "Protocol": "udp", "DestinationIsIpv6": "false", "SourceIp": "192.168.2.17", "SourceHostname": "DESKTOP-B0T93D6.local"}}, {"values": {"EventID": "3", "ProcessId": "5644", "DestinationPortName": "echo", "SourceIsIpv6": "false", "DestinationIp": "192.168.2.18", "Initiated": "true", "SourcePortName": "-", "Image": "C:\\Users\\george\\Desktop\\EXGPpwUDUlan.exe", "RuleName": "Usermode", "DestinationHostname": "DESKTOP-B0T93D6", "UtcTime": "1671801716", "User": "DESKTOP-B0T93D6\\george", "DestinationPort": "7", "ProcessGuid": "{C784477D-E667-63AA-2B06-000000001F00}", "SourcePort": "64080", "Protocol": "udp", "DestinationIsIpv6": "false", "SourceIp": "192.168.2.17", "SourceHostname": "DESKTOP-B0T93D6.local"}}, {"values": {"EventID": "3", "ProcessId": "1964", "DestinationPortName": "echo", "SourceIsIpv6": "false", "Initiated": "true", "DestinationIp": "192.168.2.21", "SourcePortName": "-", "Image": "C:\\Users\\george\\Desktop\\owfJcdrSAlan.exe", "RuleName": "Usermode", "DestinationHostname": "-", "UtcTime": "1671801716", "User": "DESKTOP-B0T93D6\\george", "DestinationPort": "7", "ProcessGuid": "{C784477D-E666-63AA-2A06-000000001F00}", "SourcePort": "64081", "Protocol": "udp", "DestinationIsIpv6": "false", "SourceIp": "192.168.2.17", "SourceHostname": "DESKTOP-B0T93D6.local"}}, {"values": {"EventID": "3", "ProcessId": "6684", "DestinationPortName": "echo", "Protocol": "udp", "Initiated": "true", "DestinationIp": "192.168.2.16", "SourcePortName": "-", "Image": "C:\\Users\\george\\Desktop\\uTuCNMiAElan.exe", "ProcessGuid": "{C784477D-E668-63AA-2C06-000000001F00}", "DestinationHostname": "-", "UtcTime": "1671801717", "User": "DESKTOP-B0T93D6\\george", "DestinationPort": "7", "RuleName": "Usermode", "SourcePort": "64082", "SourceIsIpv6": "false", "SourceHostname": "DESKTOP-B0T93D6.local", "SourceIp": "192.168.2.17", "DestinationIsIpv6": "false"}}, {"values": {"EventID": "3", "ProcessId": "5644", "DestinationPortName": "echo", "Protocol": "udp", "Initiated": "true", "DestinationIp": "192.168.2.19", "SourcePortName": "-", "Image": "C:\\Users\\george\\Desktop\\EXGPpwUDUlan.exe", "RuleName": "Usermode", "DestinationHostname": "-", "UtcTime": "1671801717", "User": "DESKTOP-B0T93D6\\george", "DestinationPort": "7", "ProcessGuid": "{C784477D-E667-63AA-2B06-000000001F00}", "SourcePort": "49388", "SourceIsIpv6": "false", "DestinationIsIpv6": "false", "SourceIp": "192.168.2.17", "SourceHostname": "DESKTOP-B0T93D6.local"}}, {"values": {"EventID": "3", "ProcessId": "1964", "DestinationPortName": "echo", "SourceIsIpv6": "false", "Initiated": "true", "DestinationIp": "192.168.2.22", "SourcePortName": "-", "Image": "C:\\Users\\george\\Desktop\\owfJcdrSAlan.exe", "RuleName": "Usermode", "DestinationHostname": "-", "UtcTime": "1671801717", "User": "DESKTOP-B0T93D6\\george", "DestinationPort": "7", "ProcessGuid": "{C784477D-E666-63AA-2A06-000000001F00}", "SourcePort": "49389", "Protocol": "udp", "DestinationIsIpv6": "false", "SourceIp": "192.168.2.17", "SourceHostname": "DESKTOP-B0T93D6.local"}}, {"values": {"EventID": "3", "ProcessId": "6684", "DestinationPortName": "echo", "Protocol": "udp", "DestinationIp": "192.168.2.18", "Initiated": "true", "SourcePortName": "-", "Image": "C:\\Users\\george\\Desktop\\uTuCNMiAElan.exe", "ProcessGuid": "{C784477D-E668-63AA-2C06-000000001F00}", "DestinationHostname": "DESKTOP-B0T93D6", "UtcTime": "1671801717", "User": "DESKTOP-B0T93D6\\george", "DestinationPort": "7", "RuleName": "Usermode", "SourcePort": "49390", "SourceIsIpv6": "false", "SourceHostname": "DESKTOP-B0T93D6.local", "SourceIp": "192.168.2.17", "DestinationIsIpv6": "false"}}, {"values": {"EventID": "3", "ProcessId": "5644", "DestinationPortName": "echo", "Protocol": "udp", "DestinationIp": "192.168.2.20", "Initiated": "true", "SourcePortName": "-", "Image": "C:\\Users\\george\\Desktop\\EXGPpwUDUlan.exe", "RuleName": "Usermode", "DestinationHostname": "-", "UtcTime": "1671801717", "User": "DESKTOP-B0T93D6\\george", "DestinationPort": "7", "ProcessGuid": "{C784477D-E667-63AA-2B06-000000001F00}", "SourcePort": "49391", "SourceIsIpv6": "false", "SourceHostname": "DESKTOP-B0T93D6.local", "SourceIp": "192.168.2.17", "DestinationIsIpv6": "false"}}, {"values": {"EventID": "3", "ProcessId": "6684", "DestinationPortName": "echo", "Protocol": "udp", "Initiated": "true", "DestinationIp": "192.168.2.19", "SourcePortName": "-", "Image": "C:\\Users\\george\\Desktop\\uTuCNMiAElan.exe", "ProcessGuid": "{C784477D-E668-63AA-2C06-000000001F00}", "DestinationHostname": "-", "UtcTime": "1671801717", "User": "DESKTOP-B0T93D6\\george", "DestinationPort": "7", "RuleName": "Usermode", "SourcePort": "49393", "SourceIsIpv6": "false", "SourceHostname": "DESKTOP-B0T93D6.local", "SourceIp": "192.168.2.17", "DestinationIsIpv6": "false"}}, {"values": {"EventID": "3", "ProcessId": "5644", "DestinationPortName": "echo", "Protocol": "udp", "DestinationIp": "192.168.2.21", "Initiated": "true", "SourcePortName": "-", "Image": "C:\\Users\\george\\Desktop\\EXGPpwUDUlan.exe", "RuleName": "Usermode", "DestinationHostname": "-", "UtcTime": "1671801717", "User": "DESKTOP-B0T93D6\\george", "DestinationPort": "7", "ProcessGuid": "{C784477D-E667-63AA-2B06-000000001F00}", "SourcePort": "49394", "SourceIsIpv6": "false", "DestinationIsIpv6": "false", "SourceIp": "192.168.2.17", "SourceHostname": "DESKTOP-B0T93D6.local"}}, {"values": {"EventID": "3", "ProcessId": "6684", "DestinationPortName": "echo", "SourceIsIpv6": "false", "Initiated": "true", "DestinationIp": "192.168.2.20", "SourcePortName": "-", "Image": "C:\\Users\\george\\Desktop\\uTuCNMiAElan.exe", "ProcessGuid": "{C784477D-E668-63AA-2C06-000000001F00}", "DestinationHostname": "-", "UtcTime": "1671801717", "User": "DESKTOP-B0T93D6\\george", "DestinationPort": "7", "RuleName": "Usermode", "SourcePort": "49395", "Protocol": "udp", "DestinationIsIpv6": "false", "SourceIp": "192.168.2.17", "SourceHostname": "DESKTOP-B0T93D6.local"}}, {"values": {"EventID": "3", "ProcessId": "1964", "DestinationPortName": "echo", "SourceIsIpv6": "false", "Initiated": "true", "DestinationIp": "192.168.2.24", "SourcePortName": "-", "Image": "C:\\Users\\george\\Desktop\\owfJcdrSAlan.exe", "RuleName": "Usermode", "DestinationHostname": "-", "UtcTime": "1671801717", "User": "DESKTOP-B0T93D6\\george", "DestinationPort": "7", "ProcessGuid": "{C784477D-E666-63AA-2A06-000000001F00}", "SourcePort": "49396", "Protocol": "udp", "SourceHostname": "DESKTOP-B0T93D6.local", "SourceIp": "192.168.2.17", "DestinationIsIpv6": "false"}}, {"values": {"EventID": "3", "ProcessId": "5644", "DestinationPortName": "echo", "SourceIsIpv6": "false", "DestinationIp": "192.168.2.22", "Initiated": "true", "SourcePortName": "-", "Image": "C:\\Users\\george\\Desktop\\EXGPpwUDUlan.exe", "ProcessGuid": "{C784477D-E667-63AA-2B06-000000001F00}", "DestinationHostname": "-", "UtcTime": "1671801717", "User": "DESKTOP-B0T93D6\\george", "DestinationPort": "7", "RuleName": "Usermode", "SourcePort": "49397", "Protocol": "udp", "DestinationIsIpv6": "false", "SourceIp": "192.168.2.17", "SourceHostname": "DESKTOP-B0T93D6.local"}}, {"values": {"EventID": "3", "ProcessId": "1964", "DestinationPortName": "echo", "Protocol": "udp", "Initiated": "true", "DestinationIp": "192.168.2.23", "SourcePortName": "-", "Image": "C:\\Users\\george\\Desktop\\owfJcdrSAlan.exe", "ProcessGuid": "{C784477D-E666-63AA-2A06-000000001F00}", "DestinationHostname": "-", "UtcTime": "1671801717", "User": "DESKTOP-B0T93D6\\george", "DestinationPort": "7", "RuleName": "Usermode", "SourcePort": "49392", "SourceIsIpv6": "false", "SourceHostname": "DESKTOP-B0T93D6.local", "SourceIp": "192.168.2.17", "DestinationIsIpv6": "false"}}, {"values": {"EventID": "3", "ProcessId": "6684", "DestinationPortName": "echo", "Protocol": "udp", "Initiated": "true", "DestinationIp": "192.168.2.21", "SourcePortName": "-", "Image": "C:\\Users\\george\\Desktop\\uTuCNMiAElan.exe", "RuleName": "Usermode", "DestinationHostname": "-", "UtcTime": "1671801718", "User": "DESKTOP-B0T93D6\\george", "DestinationPort": "7", "ProcessGuid": "{C784477D-E668-63AA-2C06-000000001F00}", "SourcePort": "64913", "SourceIsIpv6": "false", "SourceHostname": "DESKTOP-B0T93D6.local", "SourceIp": "192.168.2.17", "DestinationIsIpv6": "false"}}, {"values": {"EventID": "3", "ProcessId": "5644", "DestinationPortName": "echo", "SourceIsIpv6": "false", "Initiated": "true", "DestinationIp": "192.168.2.23", "SourcePortName": "-", "Image": "C:\\Users\\george\\Desktop\\EXGPpwUDUlan.exe", "ProcessGuid": "{C784477D-E667-63AA-2B06-000000001F00}", "DestinationHostname": "-", "UtcTime": "1671801718", "User": "DESKTOP-B0T93D6\\george", "DestinationPort": "7", "RuleName": "Usermode", "SourcePort": "64914", "Protocol": "udp", "DestinationIsIpv6": "false", "SourceIp": "192.168.2.17", "SourceHostname": "DESKTOP-B0T93D6.local"}}, {"values": {"EventID": "3", "ProcessId": "1964", "DestinationPortName": "echo", "Protocol": "udp", "Initiated": "true", "DestinationIp": "192.168.2.25", "SourcePortName": "-", "Image": "C:\\Users\\george\\Desktop\\owfJcdrSAlan.exe", "RuleName": "Usermode", "DestinationHostname": "-", "UtcTime": "1671801718", "User": "DESKTOP-B0T93D6\\george", "DestinationPort": "7", "ProcessGuid": "{C784477D-E666-63AA-2A06-000000001F00}", "SourcePort": "64915", "SourceIsIpv6": "false", "DestinationIsIpv6": "false", "SourceIp": "192.168.2.17", "SourceHostname": "DESKTOP-B0T93D6.local"}}, {"values": {"EventID": "3", "ProcessId": "6684", "DestinationPortName": "echo", "SourceIsIpv6": "false", "DestinationIp": "192.168.2.22", "Initiated": "true", "SourcePortName": "-", "Image": "C:\\Users\\george\\Desktop\\uTuCNMiAElan.exe", "ProcessGuid": "{C784477D-E668-63AA-2C06-000000001F00}", "DestinationHostname": "-", "UtcTime": "1671801718", "User": "DESKTOP-B0T93D6\\george", "DestinationPort": "7", "RuleName": "Usermode", "SourcePort": "64916", "Protocol": "udp", "DestinationIsIpv6": "false", "SourceIp": "192.168.2.17", "SourceHostname": "DESKTOP-B0T93D6.local"}}, {"values": {"EventID": "3", "ProcessId": "5644", "DestinationPortName": "echo", "Protocol": "udp", "Initiated": "true", "DestinationIp": "192.168.2.24", "SourcePortName": "-", "Image": "C:\\Users\\george\\Desktop\\EXGPpwUDUlan.exe", "ProcessGuid": "{C784477D-E667-63AA-2B06-000000001F00}", "DestinationHostname": "-", "UtcTime": "1671801718", "User": "DESKTOP-B0T93D6\\george", "DestinationPort": "7", "RuleName": "Usermode", "SourcePort": "64917", "SourceIsIpv6": "false", "SourceHostname": "DESKTOP-B0T93D6.local", "SourceIp": "192.168.2.17", "DestinationIsIpv6": "false"}}, {"values": {"EventID": "3", "ProcessId": "1964", "DestinationPortName": "echo", "Protocol": "udp", "Initiated": "true", "DestinationIp": "192.168.2.26", "SourcePortName": "-", "Image": "C:\\Users\\george\\Desktop\\owfJcdrSAlan.exe", "RuleName": "Usermode", "DestinationHostname": "-", "UtcTime": "1671801718", "User": "DESKTOP-B0T93D6\\george", "DestinationPort": "7", "ProcessGuid": "{C784477D-E666-63AA-2A06-000000001F00}", "SourcePort": "64918", "SourceIsIpv6": "false", "SourceHostname": "DESKTOP-B0T93D6.local", "SourceIp": "192.168.2.17", "DestinationIsIpv6": "false"}}, {"values": {"EventID": "3", "ProcessId": "6684", "DestinationPortName": "echo", "Protocol": "udp", "DestinationIp": "192.168.2.23", "Initiated": "true", "SourcePortName": "-", "Image": "C:\\Users\\george\\Desktop\\uTuCNMiAElan.exe", "ProcessGuid": "{C784477D-E668-63AA-2C06-000000001F00}", "DestinationHostname": "-", "UtcTime": "1671801718", "User": "DESKTOP-B0T93D6\\george", "DestinationPort": "7", "RuleName": "Usermode", "SourcePort": "64919", "SourceIsIpv6": "false", "SourceHostname": "DESKTOP-B0T93D6.local", "SourceIp": "192.168.2.17", "DestinationIsIpv6": "false"}}, {"values": {"EventID": "3", "ProcessId": "1964", "DestinationPortName": "echo", "Protocol": "udp", "DestinationIp": "192.168.2.27", "Initiated": "true", "SourcePortName": "-", "Image": "C:\\Users\\george\\Desktop\\owfJcdrSAlan.exe", "RuleName": "Usermode", "DestinationHostname": "-", "UtcTime": "1671801719", "User": "DESKTOP-B0T93D6\\george", "DestinationPort": "7", "ProcessGuid": "{C784477D-E666-63AA-2A06-000000001F00}", "SourcePort": "64920", "SourceIsIpv6": "false", "SourceHostname": "DESKTOP-B0T93D6.local", "SourceIp": "192.168.2.17", "DestinationIsIpv6": "false"}}, {"values": {"EventID": "3", "ProcessId": "5644", "DestinationPortName": "echo", "Protocol": "udp", "DestinationIp": "192.168.2.25", "Initiated": "true", "SourcePortName": "-", "Image": "C:\\Users\\george\\Desktop\\EXGPpwUDUlan.exe", "ProcessGuid": "{C784477D-E667-63AA-2B06-000000001F00}", "DestinationHostname": "-", "UtcTime": "1671801719", "User": "DESKTOP-B0T93D6\\george", "DestinationPort": "7", "RuleName": "Usermode", "SourcePort": "64921", "SourceIsIpv6": "false", "DestinationIsIpv6": "false", "SourceIp": "192.168.2.17", "SourceHostname": "DESKTOP-B0T93D6.local"}}, {"values": {"EventID": "3", "ProcessId": "1964", "DestinationPortName": "echo", "Protocol": "udp", "Initiated": "true", "DestinationIp": "192.168.2.28", "SourcePortName": "-", "Image": "C:\\Users\\george\\Desktop\\owfJcdrSAlan.exe", "ProcessGuid": "{C784477D-E666-63AA-2A06-000000001F00}", "DestinationHostname": "-", "UtcTime": "1671801719", "User": "DESKTOP-B0T93D6\\george", "DestinationPort": "7", "RuleName": "Usermode", "SourcePort": "60215", "SourceIsIpv6": "false", "DestinationIsIpv6": "false", "SourceIp": "192.168.2.17", "SourceHostname": "DESKTOP-B0T93D6.local"}}, {"values": {"EventID": "3", "ProcessId": "5644", "DestinationPortName": "echo", "SourceIsIpv6": "false", "Initiated": "true", "DestinationIp": "192.168.2.26", "SourcePortName": "-", "Image": "C:\\Users\\george\\Desktop\\EXGPpwUDUlan.exe", "ProcessGuid": "{C784477D-E667-63AA-2B06-000000001F00}", "DestinationHostname": "-", "UtcTime": "1671801719", "User": "DESKTOP-B0T93D6\\george", "DestinationPort": "7", "RuleName": "Usermode", "SourcePort": "60216", "Protocol": "udp", "SourceHostname": "DESKTOP-B0T93D6.local", "SourceIp": "192.168.2.17", "DestinationIsIpv6": "false"}}, {"values": {"EventID": "3", "ProcessId": "6684", "DestinationPortName": "echo", "Protocol": "udp", "Initiated": "true", "DestinationIp": "192.168.2.24", "SourcePortName": "-", "Image": "C:\\Users\\george\\Desktop\\uTuCNMiAElan.exe", "ProcessGuid": "{C784477D-E668-63AA-2C06-000000001F00}", "DestinationHostname": "-", "UtcTime": "1671801719", "User": "DESKTOP-B0T93D6\\george", "DestinationPort": "7", "RuleName": "Usermode", "SourcePort": "60217", "SourceIsIpv6": "false", "SourceHostname": "DESKTOP-B0T93D6.local", "SourceIp": "192.168.2.17", "DestinationIsIpv6": "false"}}, {"values": {"EventID": "3", "ProcessId": "1964", "DestinationPortName": "echo", "Protocol": "udp", "Initiated": "true", "DestinationIp": "192.168.2.29", "SourcePortName": "-", "Image": "C:\\Users\\george\\Desktop\\owfJcdrSAlan.exe", "RuleName": "Usermode", "DestinationHostname": "-", "UtcTime": "1671801719", "User": "DESKTOP-B0T93D6\\george", "DestinationPort": "7", "ProcessGuid": "{C784477D-E666-63AA-2A06-000000001F00}", "SourcePort": "60218", "SourceIsIpv6": "false", "SourceHostname": "DESKTOP-B0T93D6.local", "SourceIp": "192.168.2.17", "DestinationIsIpv6": "false"}}, {"values": {"EventID": "3", "ProcessId": "5644", "DestinationPortName": "echo", "SourceIsIpv6": "false", "Initiated": "true", "DestinationIp": "192.168.2.27", "SourcePortName": "-", "Image": "C:\\Users\\george\\Desktop\\EXGPpwUDUlan.exe", "ProcessGuid": "{C784477D-E667-63AA-2B06-000000001F00}", "DestinationHostname": "-", "UtcTime": "1671801719", "User": "DESKTOP-B0T93D6\\george", "DestinationPort": "7", "RuleName": "Usermode", "SourcePort": "60219", "Protocol": "udp", "SourceHostname": "DESKTOP-B0T93D6.local", "SourceIp": "192.168.2.17", "DestinationIsIpv6": "false"}}, {"values": {"EventID": "3", "ProcessId": "6684", "DestinationPortName": "echo", "Protocol": "udp", "Initiated": "true", "DestinationIp": "192.168.2.25", "SourcePortName": "-", "Image": "C:\\Users\\george\\Desktop\\uTuCNMiAElan.exe", "ProcessGuid": "{C784477D-E668-63AA-2C06-000000001F00}", "DestinationHostname": "-", "UtcTime": "1671801719", "User": "DESKTOP-B0T93D6\\george", "DestinationPort": "7", "RuleName": "Usermode", "SourcePort": "60220", "SourceIsIpv6": "false", "DestinationIsIpv6": "false", "SourceIp": "192.168.2.17", "SourceHostname": "DESKTOP-B0T93D6.local"}}, {"values": {"EventID": "3", "ProcessId": "5644", "DestinationPortName": "echo", "SourceIsIpv6": "false", "Initiated": "true", "DestinationIp": "192.168.2.28", "SourcePortName": "-", "Image": "C:\\Users\\george\\Desktop\\EXGPpwUDUlan.exe", "RuleName": "Usermode", "DestinationHostname": "-", "UtcTime": "1671801719", "User": "DESKTOP-B0T93D6\\george", "DestinationPort": "7", "ProcessGuid": "{C784477D-E667-63AA-2B06-000000001F00}", "SourcePort": "60221", "Protocol": "udp", "SourceHostname": "DESKTOP-B0T93D6.local", "SourceIp": "192.168.2.17", "DestinationIsIpv6": "false"}}, {"values": {"EventID": "3", "ProcessId": "6684", "DestinationPortName": "echo", "SourceIsIpv6": "false", "DestinationIp": "192.168.2.26", "Initiated": "true", "SourcePortName": "-", "Image": "C:\\Users\\george\\Desktop\\uTuCNMiAElan.exe", "RuleName": "Usermode", "DestinationHostname": "-", "UtcTime": "1671801720", "User": "DESKTOP-B0T93D6\\george", "DestinationPort": "7", "ProcessGuid": "{C784477D-E668-63AA-2C06-000000001F00}", "SourcePort": "60222", "Protocol": "udp", "DestinationIsIpv6": "false", "SourceIp": "192.168.2.17", "SourceHostname": "DESKTOP-B0T93D6.local"}}, {"values": {"EventID": "3", "ProcessId": "5644", "DestinationPortName": "echo", "SourceIsIpv6": "false", "Initiated": "true", "DestinationIp": "192.168.2.29", "SourcePortName": "-", "Image": "C:\\Users\\george\\Desktop\\EXGPpwUDUlan.exe", "ProcessGuid": "{C784477D-E667-63AA-2B06-000000001F00}", "DestinationHostname": "-", "UtcTime": "1671801720", "User": "DESKTOP-B0T93D6\\george", "DestinationPort": "7", "RuleName": "Usermode", "SourcePort": "52256", "Protocol": "udp", "SourceHostname": "DESKTOP-B0T93D6.local", "SourceIp": "192.168.2.17", "DestinationIsIpv6": "false"}}, {"values": {"EventID": "3", "ProcessId": "6684", "DestinationPortName": "echo", "SourceIsIpv6": "false", "DestinationIp": "192.168.2.27", "Initiated": "true", "SourcePortName": "-", "Image": "C:\\Users\\george\\Desktop\\uTuCNMiAElan.exe", "RuleName": "Usermode", "DestinationHostname": "-", "UtcTime": "1671801720", "User": "DESKTOP-B0T93D6\\george", "DestinationPort": "7", "ProcessGuid": "{C784477D-E668-63AA-2C06-000000001F00}", "SourcePort": "52257", "Protocol": "udp", "SourceHostname": "DESKTOP-B0T93D6.local", "SourceIp": "192.168.2.17", "DestinationIsIpv6": "false"}}, {"values": {"EventID": "3", "ProcessId": "5644", "DestinationPortName": "echo", "SourceIsIpv6": "false", "Initiated": "true", "DestinationIp": "192.168.2.30", "SourcePortName": "-", "Image": "C:\\Users\\george\\Desktop\\EXGPpwUDUlan.exe", "RuleName": "Usermode", "DestinationHostname": "-", "UtcTime": "1671801720", "User": "DESKTOP-B0T93D6\\george", "DestinationPort": "7", "ProcessGuid": "{C784477D-E667-63AA-2B06-000000001F00}", "SourcePort": "52258", "Protocol": "udp", "SourceHostname": "DESKTOP-B0T93D6.local", "SourceIp": "192.168.2.17", "DestinationIsIpv6": "false"}}, {"values": {"EventID": "3", "ProcessId": "6684", "DestinationPortName": "echo", "Protocol": "udp", "Initiated": "true", "DestinationIp": "192.168.2.28", "SourcePortName": "-", "Image": "C:\\Users\\george\\Desktop\\uTuCNMiAElan.exe", "RuleName": "Usermode", "DestinationHostname": "-", "UtcTime": "1671801720", "User": "DESKTOP-B0T93D6\\george", "DestinationPort": "7", "ProcessGuid": "{C784477D-E668-63AA-2C06-000000001F00}", "SourcePort": "52259", "SourceIsIpv6": "false", "DestinationIsIpv6": "false", "SourceIp": "192.168.2.17", "SourceHostname": "DESKTOP-B0T93D6.local"}}, {"values": {"EventID": "3", "ProcessId": "1964", "DestinationPortName": "echo", "Protocol": "udp", "DestinationIp": "192.168.2.30", "Initiated": "true", "SourcePortName": "-", "Image": "C:\\Users\\george\\Desktop\\owfJcdrSAlan.exe", "ProcessGuid": "{C784477D-E666-63AA-2A06-000000001F00}", "DestinationHostname": "-", "UtcTime": "1671801721", "User": "DESKTOP-B0T93D6\\george", "DestinationPort": "7", "RuleName": "Usermode", "SourcePort": "52260", "SourceIsIpv6": "false", "SourceHostname": "DESKTOP-B0T93D6.local", "SourceIp": "192.168.2.17", "DestinationIsIpv6": "false"}}, {"values": {"EventID": "3", "ProcessId": "6684", "DestinationPortName": "echo", "Protocol": "udp", "DestinationIp": "192.168.2.29", "Initiated": "true", "SourcePortName": "-", "Image": "C:\\Users\\george\\Desktop\\uTuCNMiAElan.exe", "ProcessGuid": "{C784477D-E668-63AA-2C06-000000001F00}", "DestinationHostname": "-", "UtcTime": "1671801724", "User": "DESKTOP-B0T93D6\\george", "DestinationPort": "7", "RuleName": "Usermode", "SourcePort": "50503", "SourceIsIpv6": "false", "SourceHostname": "DESKTOP-B0T93D6.local", "SourceIp": "192.168.2.17", "DestinationIsIpv6": "false"}}, {"values": {"EventID": "3", "ProcessId": "5644", "DestinationPortName": "echo", "SourceIsIpv6": "false", "Initiated": "true", "DestinationIp": "192.168.2.31", "SourcePortName": "-", "Image": "C:\\Users\\george\\Desktop\\EXGPpwUDUlan.exe", "RuleName": "Usermode", "DestinationHostname": "-", "UtcTime": "1671801726", "User": "DESKTOP-B0T93D6\\george", "DestinationPort": "7", "ProcessGuid": "{C784477D-E667-63AA-2B06-000000001F00}", "SourcePort": "50504", "Protocol": "udp", "DestinationIsIpv6": "false", "SourceIp": "192.168.2.17", "SourceHostname": "DESKTOP-B0T93D6.local"}}, {"values": {"EventID": "3", "ProcessId": "6684", "DestinationPortName": "echo", "Protocol": "udp", "DestinationIp": "192.168.2.30", "Initiated": "true", "SourcePortName": "-", "Image": "C:\\Users\\george\\Desktop\\uTuCNMiAElan.exe", "RuleName": "Usermode", "DestinationHostname": "-", "UtcTime": "1671801726", "User": "DESKTOP-B0T93D6\\george", "DestinationPort": "7", "ProcessGuid": "{C784477D-E668-63AA-2C06-000000001F00}", "SourcePort": "50505", "SourceIsIpv6": "false", "SourceHostname": "DESKTOP-B0T93D6.local", "SourceIp": "192.168.2.17", "DestinationIsIpv6": "false"}}, {"values": {"EventID": "3", "ProcessId": "5644", "DestinationPortName": "echo", "Protocol": "udp", "Initiated": "true", "DestinationIp": "192.168.2.32", "SourcePortName": "-", "Image": "C:\\Users\\george\\Desktop\\EXGPpwUDUlan.exe", "RuleName": "Usermode", "DestinationHostname": "-", "UtcTime": "1671801726", "User": "DESKTOP-B0T93D6\\george", "DestinationPort": "7", "ProcessGuid": "{C784477D-E667-63AA-2B06-000000001F00}", "SourcePort": "50506", "SourceIsIpv6": "false", "DestinationIsIpv6": "false", "SourceIp": "192.168.2.17", "SourceHostname": "DESKTOP-B0T93D6.local"}}, {"values": {"EventID": "3", "ProcessId": "5644", "DestinationPortName": "echo", "Protocol": "udp", "Initiated": "true", "DestinationIp": "192.168.2.33", "SourcePortName": "-", "Image": "C:\\Users\\george\\Desktop\\EXGPpwUDUlan.exe", "ProcessGuid": "{C784477D-E667-63AA-2B06-000000001F00}", "DestinationHostname": "-", "UtcTime": "1671801727", "User": "DESKTOP-B0T93D6\\george", "DestinationPort": "7", "RuleName": "Usermode", "SourcePort": "51143", "SourceIsIpv6": "false", "SourceHostname": "DESKTOP-B0T93D6.local", "SourceIp": "192.168.2.17", "DestinationIsIpv6": "false"}}, {"values": {"EventID": "3", "ProcessId": "5644", "DestinationPortName": "echo", "SourceIsIpv6": "false", "DestinationIp": "192.168.2.34", "Initiated": "true", "SourcePortName": "-", "Image": "C:\\Users\\george\\Desktop\\EXGPpwUDUlan.exe", "RuleName": "Usermode", "DestinationHostname": "-", "UtcTime": "1671801727", "User": "DESKTOP-B0T93D6\\george", "DestinationPort": "7", "ProcessGuid": "{C784477D-E667-63AA-2B06-000000001F00}", "SourcePort": "61825", "Protocol": "udp", "SourceHostname": "DESKTOP-B0T93D6.local", "SourceIp": "192.168.2.17", "DestinationIsIpv6": "false"}}, {"values": {"EventID": "3", "ProcessId": "6684", "DestinationPortName": "echo", "Protocol": "udp", "DestinationIp": "192.168.2.31", "Initiated": "true", "SourcePortName": "-", "Image": "C:\\Users\\george\\Desktop\\uTuCNMiAElan.exe", "ProcessGuid": "{C784477D-E668-63AA-2C06-000000001F00}", "DestinationHostname": "-", "UtcTime": "1671801727", "User": "DESKTOP-B0T93D6\\george", "DestinationPort": "7", "RuleName": "Usermode", "SourcePort": "61826", "SourceIsIpv6": "false", "SourceHostname": "DESKTOP-B0T93D6.local", "SourceIp": "192.168.2.17", "DestinationIsIpv6": "false"}}, {"values": {"EventID": "3", "ProcessId": "5644", "DestinationPortName": "echo", "SourceIsIpv6": "false", "DestinationIp": "192.168.2.35", "Initiated": "true", "SourcePortName": "-", "Image": "C:\\Users\\george\\Desktop\\EXGPpwUDUlan.exe", "RuleName": "Usermode", "DestinationHostname": "-", "UtcTime": "1671801727", "User": "DESKTOP-B0T93D6\\george", "DestinationPort": "7", "ProcessGuid": "{C784477D-E667-63AA-2B06-000000001F00}", "SourcePort": "61827", "Protocol": "udp", "DestinationIsIpv6": "false", "SourceIp": "192.168.2.17", "SourceHostname": "DESKTOP-B0T93D6.local"}}, {"values": {"EventID": "3", "ProcessId": "1964", "DestinationPortName": "echo", "SourceIsIpv6": "false", "Initiated": "true", "DestinationIp": "192.168.2.31", "SourcePortName": "-", "Image": "C:\\Users\\george\\Desktop\\owfJcdrSAlan.exe", "RuleName": "Usermode", "DestinationHostname": "-", "UtcTime": "1671801727", "User": "DESKTOP-B0T93D6\\george", "DestinationPort": "7", "ProcessGuid": "{C784477D-E666-63AA-2A06-000000001F00}", "SourcePort": "61828", "Protocol": "udp", "DestinationIsIpv6": "false", "SourceIp": "192.168.2.17", "SourceHostname": "DESKTOP-B0T93D6.local"}}, {"values": {"EventID": "3", "ProcessId": "5644", "DestinationPortName": "echo", "SourceIsIpv6": "false", "Initiated": "true", "DestinationIp": "192.168.2.36", "SourcePortName": "-", "Image": "C:\\Users\\george\\Desktop\\EXGPpwUDUlan.exe", "ProcessGuid": "{C784477D-E667-63AA-2B06-000000001F00}", "DestinationHostname": "-", "UtcTime": "1671801727", "User": "DESKTOP-B0T93D6\\george", "DestinationPort": "7", "RuleName": "Usermode", "SourcePort": "61829", "Protocol": "udp", "SourceHostname": "DESKTOP-B0T93D6.local", "SourceIp": "192.168.2.17", "DestinationIsIpv6": "false"}}, {"values": {"EventID": "3", "ProcessId": "5644", "DestinationPortName": "echo", "Protocol": "udp", "DestinationIp": "192.168.2.37", "Initiated": "true", "SourcePortName": "-", "Image": "C:\\Users\\george\\Desktop\\EXGPpwUDUlan.exe", "ProcessGuid": "{C784477D-E667-63AA-2B06-000000001F00}", "DestinationHostname": "-", "UtcTime": "1671801728", "User": "DESKTOP-B0T93D6\\george", "DestinationPort": "7", "RuleName": "Usermode", "SourcePort": "55856", "SourceIsIpv6": "false", "SourceHostname": "DESKTOP-B0T93D6.local", "SourceIp": "192.168.2.17", "DestinationIsIpv6": "false"}}, {"values": {"EventID": "3", "ProcessId": "5644", "DestinationPortName": "echo", "Protocol": "udp", "Initiated": "true", "DestinationIp": "192.168.2.38", "SourcePortName": "-", "Image": "C:\\Users\\george\\Desktop\\EXGPpwUDUlan.exe", "RuleName": "Usermode", "DestinationHostname": "-", "UtcTime": "1671801728", "User": "DESKTOP-B0T93D6\\george", "DestinationPort": "7", "ProcessGuid": "{C784477D-E667-63AA-2B06-000000001F00}", "SourcePort": "63686", "SourceIsIpv6": "false", "SourceHostname": "DESKTOP-B0T93D6.local", "SourceIp": "192.168.2.17", "DestinationIsIpv6": "false"}}, {"values": {"EventID": "3", "ProcessId": "5644", "DestinationPortName": "echo", "SourceIsIpv6": "false", "Initiated": "true", "DestinationIp": "192.168.2.39", "SourcePortName": "-", "Image": "C:\\Users\\george\\Desktop\\EXGPpwUDUlan.exe", "RuleName": "Usermode", "DestinationHostname": "-", "UtcTime": "1671801728", "User": "DESKTOP-B0T93D6\\george", "DestinationPort": "7", "ProcessGuid": "{C784477D-E667-63AA-2B06-000000001F00}", "SourcePort": "63687", "Protocol": "udp", "SourceHostname": "DESKTOP-B0T93D6.local", "SourceIp": "192.168.2.17", "DestinationIsIpv6": "false"}}, {"values": {"EventID": "3", "ProcessId": "5644", "DestinationPortName": "echo", "Protocol": "udp", "DestinationIp": "192.168.2.40", "Initiated": "true", "SourcePortName": "-", "Image": "C:\\Users\\george\\Desktop\\EXGPpwUDUlan.exe", "ProcessGuid": "{C784477D-E667-63AA-2B06-000000001F00}", "DestinationHostname": "-", "UtcTime": "1671801729", "User": "DESKTOP-B0T93D6\\george", "DestinationPort": "7", "RuleName": "Usermode", "SourcePort": "49233", "SourceIsIpv6": "false", "DestinationIsIpv6": "false", "SourceIp": "192.168.2.17", "SourceHostname": "DESKTOP-B0T93D6.local"}}, {"values": {"EventID": "3", "ProcessId": "5644", "DestinationPortName": "echo", "SourceIsIpv6": "false", "Initiated": "true", "DestinationIp": "192.168.2.41", "SourcePortName": "-", "Image": "C:\\Users\\george\\Desktop\\EXGPpwUDUlan.exe", "ProcessGuid": "{C784477D-E667-63AA-2B06-000000001F00}", "DestinationHostname": "-", "UtcTime": "1671801729", "User": "DESKTOP-B0T93D6\\george", "DestinationPort": "7", "RuleName": "Usermode", "SourcePort": "49234", "Protocol": "udp", "DestinationIsIpv6": "false", "SourceIp": "192.168.2.17", "SourceHostname": "DESKTOP-B0T93D6.local"}}], "rule_level": "critical", "rule_id": "7695d2af7ecb7540baa69cd6442745f2c3bdd83d21c904b7a09b2d560c123439", "rule_source": "Joe Security Rule Set (GitHub)", "rule_title": "Ryuk", "rule_description": "Ryuk sending magic Wake-On-Lan packet on port 7", "rule_author": "Joe Security"}, {"match_context": [{"values": {"TerminalSessionId": "1", "ProcessGuid": "{C784477D-E669-63AA-2F06-000000001F00}", "ProcessId": "5356", "Product": "Microsoft\\xae Windows\\xae Operating System", "Description": "Net Command", "Company": "Microsoft Corporation", "ParentProcessGuid": "{C784477D-E609-63AA-2306-000000001F00}", "User": "DESKTOP-B0T93D6\\george", "Hashes": "MD5=DD0561156F62BC1958CE0E370B23711B,SHA256=FD41D0261C6D22572DA448BCB5CBBB98F78A2922D1F1074D25237CC82C8CE432,IMPHASH=86350518EAE83E4A09BBF6317BA1C570", "OriginalFileName": "net.exe", "ParentImage": "C:\\Users\\george\\Desktop\\executable.exe", "FileVersion": "10.0.17134.1 (WinBuild.160101.0800)", "ParentProcessId": "6880", "CurrentDirectory": "C:\\Users\\george\\Desktop\\", "CommandLine": "\"C:\\Windows\\System32\\net.exe\" stop \"samss\" /y", "EventID": "1", "LogonGuid": "C784477D-A940-63A5-A9D9-030000000000", "LogonId": "252329", "Image": "C:\\Windows\\SysWOW64\\net.exe", "IntegrityLevel": "High", "ParentCommandLine": "\"C:\\Users\\george\\Desktop\\executable.exe\"", "UtcTime": "1672144489", "RuleName": "-"}}, {"values": {"TerminalSessionId": "1", "ProcessGuid": "{C784477D-E66A-63AA-3806-000000001F00}", "ProcessId": "5692", "Product": "Microsoft\\xae Windows\\xae Operating System", "Description": "Net Command", "Company": "Microsoft Corporation", "ParentProcessGuid": "{C784477D-E669-63AA-2F06-000000001F00}", "User": "DESKTOP-B0T93D6\\george", "Hashes": "MD5=B5A26C2BF17222E86B91D26F1247AF3E,SHA256=14CC5BE4C833ACC652195DEAD113E1C3B4AC0B98EA1AEAD11957836F9AE721CF,IMPHASH=3D3E7537BD3BA07738DC5CA8AD01B073", "OriginalFileName": "net1.exe", "ParentImage": "C:\\Windows\\SysWOW64\\net.exe", "FileVersion": "10.0.17134.1 (WinBuild.160101.0800)", "ParentProcessId": "5356", "CurrentDirectory": "C:\\Users\\george\\Desktop\\", "CommandLine": "C:\\Windows\\system32\\net1 stop \"samss\" /y", "EventID": "1", "LogonGuid": "C784477D-A940-63A5-A9D9-030000000000", "LogonId": "252329", "Image": "C:\\Windows\\SysWOW64\\net1.exe", "IntegrityLevel": "High", "ParentCommandLine": "\"C:\\Windows\\System32\\net.exe\" stop \"samss\" /y", "UtcTime": "1672144490", "RuleName": "-"}}, {"values": {"TerminalSessionId": "1", "ProcessGuid": "{C784477D-E66B-63AA-3A06-000000001F00}", "ProcessId": "3996", "Product": "Microsoft\\xae Windows\\xae Operating System", "Description": "Net Command", "Company": "Microsoft Corporation", "ParentProcessGuid": "{C784477D-E609-63AA-2306-000000001F00}", "User": "DESKTOP-B0T93D6\\george", "Hashes": "MD5=DD0561156F62BC1958CE0E370B23711B,SHA256=FD41D0261C6D22572DA448BCB5CBBB98F78A2922D1F1074D25237CC82C8CE432,IMPHASH=86350518EAE83E4A09BBF6317BA1C570", "OriginalFileName": "net.exe", "ParentImage": "C:\\Users\\george\\Desktop\\executable.exe", "FileVersion": "10.0.17134.1 (WinBuild.160101.0800)", "ParentProcessId": "6880", "CurrentDirectory": "C:\\Users\\george\\Desktop\\", "CommandLine": "\"C:\\Windows\\System32\\net.exe\" stop \"samss\" /y", "EventID": "1", "LogonGuid": "C784477D-A940-63A5-A9D9-030000000000", "LogonId": "252329", "Image": "C:\\Windows\\SysWOW64\\net.exe", "IntegrityLevel": "High", "ParentCommandLine": "\"C:\\Users\\george\\Desktop\\executable.exe\"", "UtcTime": "1672144491", "RuleName": "-"}}, {"values": {"TerminalSessionId": "1", "ProcessGuid": "{C784477D-E66B-63AA-3C06-000000001F00}", "ProcessId": "3460", "Product": "Microsoft\\xae Windows\\xae Operating System", "Description": "Net Command", "Company": "Microsoft Corporation", "ParentProcessGuid": "{C784477D-E609-63AA-2306-000000001F00}", "User": "DESKTOP-B0T93D6\\george", "Hashes": "MD5=DD0561156F62BC1958CE0E370B23711B,SHA256=FD41D0261C6D22572DA448BCB5CBBB98F78A2922D1F1074D25237CC82C8CE432,IMPHASH=86350518EAE83E4A09BBF6317BA1C570", "OriginalFileName": "net.exe", "ParentImage": "C:\\Users\\george\\Desktop\\executable.exe", "FileVersion": "10.0.17134.1 (WinBuild.160101.0800)", "ParentProcessId": "6880", "CurrentDirectory": "C:\\Users\\george\\Desktop\\", "CommandLine": "\"C:\\Windows\\System32\\net.exe\" stop \"samss\" /y", "EventID": "1", "LogonGuid": "C784477D-A940-63A5-A9D9-030000000000", "LogonId": "252329", "Image": "C:\\Windows\\SysWOW64\\net.exe", "IntegrityLevel": "High", "ParentCommandLine": "\"C:\\Users\\george\\Desktop\\executable.exe\"", "UtcTime": "1672144491", "RuleName": "-"}}, {"values": {"TerminalSessionId": "1", "ProcessGuid": "{C784477D-E66C-63AA-4106-000000001F00}", "ProcessId": "4124", "Product": "Microsoft\\xae Windows\\xae Operating System", "Description": "Net Command", "Company": "Microsoft Corporation", "ParentProcessGuid": "{C784477D-E66B-63AA-3A06-000000001F00}", "User": "DESKTOP-B0T93D6\\george", "Hashes": "MD5=B5A26C2BF17222E86B91D26F1247AF3E,SHA256=14CC5BE4C833ACC652195DEAD113E1C3B4AC0B98EA1AEAD11957836F9AE721CF,IMPHASH=3D3E7537BD3BA07738DC5CA8AD01B073", "OriginalFileName": "net1.exe", "ParentImage": "C:\\Windows\\SysWOW64\\net.exe", "FileVersion": "10.0.17134.1 (WinBuild.160101.0800)", "ParentProcessId": "3996", "CurrentDirectory": "C:\\Users\\george\\Desktop\\", "CommandLine": "C:\\Windows\\system32\\net1 stop \"samss\" /y", "EventID": "1", "LogonGuid": "C784477D-A940-63A5-A9D9-030000000000", "LogonId": "252329", "Image": "C:\\Windows\\SysWOW64\\net1.exe", "IntegrityLevel": "High", "ParentCommandLine": "\"C:\\Windows\\System32\\net.exe\" stop \"samss\" /y", "UtcTime": "1672144492", "RuleName": "-"}}, {"values": {"TerminalSessionId": "1", "ProcessGuid": "{C784477D-E66C-63AA-4206-000000001F00}", "ProcessId": "2760", "Product": "Microsoft\\xae Windows\\xae Operating System", "Description": "Net Command", "Company": "Microsoft Corporation", "ParentProcessGuid": "{C784477D-E66B-63AA-3C06-000000001F00}", "User": "DESKTOP-B0T93D6\\george", "Hashes": "MD5=B5A26C2BF17222E86B91D26F1247AF3E,SHA256=14CC5BE4C833ACC652195DEAD113E1C3B4AC0B98EA1AEAD11957836F9AE721CF,IMPHASH=3D3E7537BD3BA07738DC5CA8AD01B073", "OriginalFileName": "net1.exe", "ParentImage": "C:\\Windows\\SysWOW64\\net.exe", "FileVersion": "10.0.17134.1 (WinBuild.160101.0800)", "ParentProcessId": "3460", "CurrentDirectory": "C:\\Users\\george\\Desktop\\", "CommandLine": "C:\\Windows\\system32\\net1 stop \"samss\" /y", "EventID": "1", "LogonGuid": "C784477D-A940-63A5-A9D9-030000000000", "LogonId": "252329", "Image": "C:\\Windows\\SysWOW64\\net1.exe", "IntegrityLevel": "High", "ParentCommandLine": "\"C:\\Windows\\System32\\net.exe\" stop \"samss\" /y", "UtcTime": "1672144492", "RuleName": "-"}}, {"values": {"TerminalSessionId": "1", "ProcessGuid": "{C784477D-E66C-63AA-4306-000000001F00}", "ProcessId": "5948", "Product": "Microsoft\\xae Windows\\xae Operating System", "Description": "Net Command", "Company": "Microsoft Corporation", "ParentProcessGuid": "{C784477D-E609-63AA-2306-000000001F00}", "User": "DESKTOP-B0T93D6\\george", "Hashes": "MD5=DD0561156F62BC1958CE0E370B23711B,SHA256=FD41D0261C6D22572DA448BCB5CBBB98F78A2922D1F1074D25237CC82C8CE432,IMPHASH=86350518EAE83E4A09BBF6317BA1C570", "OriginalFileName": "net.exe", "ParentImage": "C:\\Users\\george\\Desktop\\executable.exe", "FileVersion": "10.0.17134.1 (WinBuild.160101.0800)", "ParentProcessId": "6880", "CurrentDirectory": "C:\\Users\\george\\Desktop\\", "CommandLine": "\"C:\\Windows\\System32\\net.exe\" stop \"samss\" /y", "EventID": "1", "LogonGuid": "C784477D-A940-63A5-A9D9-030000000000", "LogonId": "252329", "Image": "C:\\Windows\\SysWOW64\\net.exe", "IntegrityLevel": "High", "ParentCommandLine": "\"C:\\Users\\george\\Desktop\\executable.exe\"", "UtcTime": "1672144492", "RuleName": "-"}}, {"values": {"TerminalSessionId": "1", "ProcessGuid": "{C784477D-E66C-63AA-4406-000000001F00}", "ProcessId": "6056", "Product": "Microsoft\\xae Windows\\xae Operating System", "Description": "Net Command", "Company": "Microsoft Corporation", "ParentProcessGuid": "{C784477D-E609-63AA-2306-000000001F00}", "User": "DESKTOP-B0T93D6\\george", "Hashes": "MD5=DD0561156F62BC1958CE0E370B23711B,SHA256=FD41D0261C6D22572DA448BCB5CBBB98F78A2922D1F1074D25237CC82C8CE432,IMPHASH=86350518EAE83E4A09BBF6317BA1C570", "OriginalFileName": "net.exe", "ParentImage": "C:\\Users\\george\\Desktop\\executable.exe", "FileVersion": "10.0.17134.1 (WinBuild.160101.0800)", "ParentProcessId": "6880", "CurrentDirectory": "C:\\Users\\george\\Desktop\\", "CommandLine": "\"C:\\Windows\\System32\\net.exe\" stop \"samss\" /y", "EventID": "1", "LogonGuid": "C784477D-A940-63A5-A9D9-030000000000", "LogonId": "252329", "Image": "C:\\Windows\\SysWOW64\\net.exe", "IntegrityLevel": "High", "ParentCommandLine": "\"C:\\Users\\george\\Desktop\\executable.exe\"", "UtcTime": "1672144492", "RuleName": "-"}}, {"values": {"TerminalSessionId": "1", "ProcessGuid": "{C784477D-E66D-63AA-4706-000000001F00}", "ProcessId": "3360", "Product": "Microsoft\\xae Windows\\xae Operating System", "Description": "Net Command", "Company": "Microsoft Corporation", "ParentProcessGuid": "{C784477D-E609-63AA-2306-000000001F00}", "User": "DESKTOP-B0T93D6\\george", "Hashes": "MD5=DD0561156F62BC1958CE0E370B23711B,SHA256=FD41D0261C6D22572DA448BCB5CBBB98F78A2922D1F1074D25237CC82C8CE432,IMPHASH=86350518EAE83E4A09BBF6317BA1C570", "OriginalFileName": "net.exe", "ParentImage": "C:\\Users\\george\\Desktop\\executable.exe", "FileVersion": "10.0.17134.1 (WinBuild.160101.0800)", "ParentProcessId": "6880", "CurrentDirectory": "C:\\Users\\george\\Desktop\\", "CommandLine": "\"C:\\Windows\\System32\\net.exe\" stop \"samss\" /y", "EventID": "1", "LogonGuid": "C784477D-A940-63A5-A9D9-030000000000", "LogonId": "252329", "Image": "C:\\Windows\\SysWOW64\\net.exe", "IntegrityLevel": "High", "ParentCommandLine": "\"C:\\Users\\george\\Desktop\\executable.exe\"", "UtcTime": "1672144493", "RuleName": "-"}}, 