{"values": {"TerminalSessionId": "1", "ProcessGuid": "{C784477D-E680-63AA-AD06-000000001F00}", "ProcessId": "3964", "Product": "Microsoft\\xae Windows\\xae Operating System", "Description": "Net Command", "Company": "Microsoft Corporation", "ParentProcessGuid": "{C784477D-E609-63AA-2306-000000001F00}", "User": "DESKTOP-B0T93D6\\george", "Hashes": "MD5=DD0561156F62BC1958CE0E370B23711B,SHA256=FD41D0261C6D22572DA448BCB5CBBB98F78A2922D1F1074D25237CC82C8CE432,IMPHASH=86350518EAE83E4A09BBF6317BA1C570", "OriginalFileName": "net.exe", "ParentImage": "C:\\Users\\george\\Desktop\\executable.exe", "FileVersion": "10.0.17134.1 (WinBuild.160101.0800)", "ParentProcessId": "6880", "CurrentDirectory": "C:\\Users\\george\\Desktop\\", "CommandLine": "\"C:\\Windows\\System32\\net.exe\" stop \"samss\" /y", "EventID": "1", "LogonGuid": "C784477D-A940-63A5-A9D9-030000000000", "LogonId": "252329", "Image": "C:\\Windows\\SysWOW64\\net.exe", "IntegrityLevel": "High", "ParentCommandLine": "\"C:\\Users\\george\\Desktop\\executable.exe\"", "UtcTime": "1672144512", "RuleName": "-"}}, {"values": {"TerminalSessionId": "1", "ProcessGuid": "{C784477D-E680-63AA-AF06-000000001F00}", "ProcessId": "3712", "Product": "Microsoft\\xae Windows\\xae Operating System", "Description": "Net Command", "Company": "Microsoft Corporation", "ParentProcessGuid": "{C784477D-E609-63AA-2306-000000001F00}", "User": "DESKTOP-B0T93D6\\george", "Hashes": "MD5=DD0561156F62BC1958CE0E370B23711B,SHA256=FD41D0261C6D22572DA448BCB5CBBB98F78A2922D1F1074D25237CC82C8CE432,IMPHASH=86350518EAE83E4A09BBF6317BA1C570", "OriginalFileName": "net.exe", "ParentImage": "C:\\Users\\george\\Desktop\\executable.exe", "FileVersion": "10.0.17134.1 (WinBuild.160101.0800)", "ParentProcessId": "6880", "CurrentDirectory": "C:\\Users\\george\\Desktop\\", "CommandLine": "\"C:\\Windows\\System32\\net.exe\" stop \"samss\" /y", "EventID": "1", "LogonGuid": "C784477D-A940-63A5-A9D9-030000000000", "LogonId": "252329", "Image": "C:\\Windows\\SysWOW64\\net.exe", "IntegrityLevel": "High", "ParentCommandLine": "\"C:\\Users\\george\\Desktop\\executable.exe\"", "UtcTime": "1672144512", "RuleName": "-"}}, {"values": {"TerminalSessionId": "1", "ProcessGuid": "{C784477D-E680-63AA-B006-000000001F00}", "ProcessId": "3180", "Product": "Microsoft\\xae Windows\\xae Operating System", "Description": "Net Command", "Company": "Microsoft Corporation", "ParentProcessGuid": "{C784477D-E680-63AA-AD06-000000001F00}", "User": "DESKTOP-B0T93D6\\george", "Hashes": "MD5=B5A26C2BF17222E86B91D26F1247AF3E,SHA256=14CC5BE4C833ACC652195DEAD113E1C3B4AC0B98EA1AEAD11957836F9AE721CF,IMPHASH=3D3E7537BD3BA07738DC5CA8AD01B073", "OriginalFileName": "net1.exe", "ParentImage": "C:\\Windows\\SysWOW64\\net.exe", "FileVersion": "10.0.17134.1 (WinBuild.160101.0800)", "ParentProcessId": "3964", "CurrentDirectory": "C:\\Users\\george\\Desktop\\", "CommandLine": "C:\\Windows\\system32\\net1 stop \"samss\" /y", "EventID": "1", "LogonGuid": "C784477D-A940-63A5-A9D9-030000000000", "LogonId": "252329", "Image": "C:\\Windows\\SysWOW64\\net1.exe", "IntegrityLevel": "High", "ParentCommandLine": "\"C:\\Windows\\System32\\net.exe\" stop \"samss\" /y", "UtcTime": "1672144512", "RuleName": "-"}}, {"values": {"TerminalSessionId": "1", "ProcessGuid": "{C784477D-E681-63AA-B206-000000001F00}", "ProcessId": "4124", "Product": "Microsoft\\xae Windows\\xae Operating System", "Description": "Net Command", "Company": "Microsoft Corporation", "ParentProcessGuid": "{C784477D-E680-63AA-AF06-000000001F00}", "User": "DESKTOP-B0T93D6\\george", "Hashes": "MD5=B5A26C2BF17222E86B91D26F1247AF3E,SHA256=14CC5BE4C833ACC652195DEAD113E1C3B4AC0B98EA1AEAD11957836F9AE721CF,IMPHASH=3D3E7537BD3BA07738DC5CA8AD01B073", "OriginalFileName": "net1.exe", "ParentImage": "C:\\Windows\\SysWOW64\\net.exe", "FileVersion": "10.0.17134.1 (WinBuild.160101.0800)", "ParentProcessId": "3712", "CurrentDirectory": "C:\\Users\\george\\Desktop\\", "CommandLine": "C:\\Windows\\system32\\net1 stop \"samss\" /y", "EventID": "1", "LogonGuid": "C784477D-A940-63A5-A9D9-030000000000", "LogonId": "252329", "Image": "C:\\Windows\\SysWOW64\\net1.exe", "IntegrityLevel": "High", "ParentCommandLine": "\"C:\\Windows\\System32\\net.exe\" stop \"samss\" /y", "UtcTime": "1672144513", "RuleName": "-"}}, {"values": {"TerminalSessionId": "1", "ProcessGuid": "{C784477D-E681-63AA-B306-000000001F00}", "ProcessId": "7156", "Product": "Microsoft\\xae Windows\\xae Operating System", "Description": "Net Command", "Company": "Microsoft Corporation", "ParentProcessGuid": "{C784477D-E609-63AA-2306-000000001F00}", "User": "DESKTOP-B0T93D6\\george", "Hashes": "MD5=DD0561156F62BC1958CE0E370B23711B,SHA256=FD41D0261C6D22572DA448BCB5CBBB98F78A2922D1F1074D25237CC82C8CE432,IMPHASH=86350518EAE83E4A09BBF6317BA1C570", "OriginalFileName": "net.exe", "ParentImage": "C:\\Users\\george\\Desktop\\executable.exe", "FileVersion": "10.0.17134.1 (WinBuild.160101.0800)", "ParentProcessId": "6880", "CurrentDirectory": "C:\\Users\\george\\Desktop\\", "CommandLine": "\"C:\\Windows\\System32\\net.exe\" stop \"samss\" /y", "EventID": "1", "LogonGuid": "C784477D-A940-63A5-A9D9-030000000000", "LogonId": "252329", "Image": "C:\\Windows\\SysWOW64\\net.exe", "IntegrityLevel": "High", "ParentCommandLine": "\"C:\\Users\\george\\Desktop\\executable.exe\"", "UtcTime": "1672144513", "RuleName": "-"}}, {"values": {"TerminalSessionId": "1", "ProcessGuid": "{C784477D-E681-63AA-B506-000000001F00}", "ProcessId": "7028", "Product": "Microsoft\\xae Windows\\xae Operating System", "Description": "Net Command", "Company": "Microsoft Corporation", "ParentProcessGuid": "{C784477D-E681-63AA-B306-000000001F00}", "User": "DESKTOP-B0T93D6\\george", "Hashes": "MD5=B5A26C2BF17222E86B91D26F1247AF3E,SHA256=14CC5BE4C833ACC652195DEAD113E1C3B4AC0B98EA1AEAD11957836F9AE721CF,IMPHASH=3D3E7537BD3BA07738DC5CA8AD01B073", "OriginalFileName": "net1.exe", "ParentImage": "C:\\Windows\\SysWOW64\\net.exe", "FileVersion": "10.0.17134.1 (WinBuild.160101.0800)", "ParentProcessId": "7156", "CurrentDirectory": "C:\\Users\\george\\Desktop\\", "CommandLine": "C:\\Windows\\system32\\net1 stop \"samss\" /y", "EventID": "1", "LogonGuid": "C784477D-A940-63A5-A9D9-030000000000", "LogonId": "252329", "Image": "C:\\Windows\\SysWOW64\\net1.exe", "IntegrityLevel": "High", "ParentCommandLine": "\"C:\\Windows\\System32\\net.exe\" stop \"samss\" /y", "UtcTime": "1672144513", "RuleName": "-"}}, {"values": {"TerminalSessionId": "1", "ProcessGuid": "{C784477D-E682-63AA-B606-000000001F00}", "ProcessId": "4548", "Product": "Microsoft\\xae Windows\\xae Operating System", "Description": "Net Command", "Company": "Microsoft Corporation", "ParentProcessGuid": "{C784477D-E609-63AA-2306-000000001F00}", "User": "DESKTOP-B0T93D6\\george", "Hashes": "MD5=DD0561156F62BC1958CE0E370B23711B,SHA256=FD41D0261C6D22572DA448BCB5CBBB98F78A2922D1F1074D25237CC82C8CE432,IMPHASH=86350518EAE83E4A09BBF6317BA1C570", "OriginalFileName": "net.exe", "ParentImage": "C:\\Users\\george\\Desktop\\executable.exe", "FileVersion": "10.0.17134.1 (WinBuild.160101.0800)", "ParentProcessId": "6880", "CurrentDirectory": "C:\\Users\\george\\Desktop\\", "CommandLine": "\"C:\\Windows\\System32\\net.exe\" stop \"samss\" /y", "EventID": "1", "LogonGuid": "C784477D-A940-63A5-A9D9-030000000000", "LogonId": "252329", "Image": "C:\\Windows\\SysWOW64\\net.exe", "IntegrityLevel": "High", "ParentCommandLine": "\"C:\\Users\\george\\Desktop\\executable.exe\"", "UtcTime": "1672144514", "RuleName": "-"}}, {"values": {"TerminalSessionId": "1", "ProcessGuid": "{C784477D-E682-63AA-B806-000000001F00}", "ProcessId": "6780", "Product": "Microsoft\\xae Windows\\xae Operating System", "Description": "Net Command", "Company": "Microsoft Corporation", "ParentProcessGuid": "{C784477D-E609-63AA-2306-000000001F00}", "User": "DESKTOP-B0T93D6\\george", "Hashes": "MD5=DD0561156F62BC1958CE0E370B23711B,SHA256=FD41D0261C6D22572DA448BCB5CBBB98F78A2922D1F1074D25237CC82C8CE432,IMPHASH=86350518EAE83E4A09BBF6317BA1C570", "OriginalFileName": "net.exe", "ParentImage": "C:\\Users\\george\\Desktop\\executable.exe", "FileVersion": "10.0.17134.1 (WinBuild.160101.0800)", "ParentProcessId": "6880", "CurrentDirectory": "C:\\Users\\george\\Desktop\\", "CommandLine": "\"C:\\Windows\\System32\\net.exe\" stop \"samss\" /y", "EventID": "1", "LogonGuid": "C784477D-A940-63A5-A9D9-030000000000", "LogonId": "252329", "Image": "C:\\Windows\\SysWOW64\\net.exe", "IntegrityLevel": "High", "ParentCommandLine": "\"C:\\Users\\george\\Desktop\\executable.exe\"", "UtcTime": "1672144514", "RuleName": "-"}}, {"values": {"TerminalSessionId": "1", "ProcessGuid": "{C784477D-E682-63AA-B906-000000001F00}", "ProcessId": "5556", "Product": "Microsoft\\xae Windows\\xae Operating System", "Description": "Net Command", "Company": "Microsoft Corporation", "ParentProcessGuid": "{C784477D-E682-63AA-B606-000000001F00}", "User": "DESKTOP-B0T93D6\\george", "Hashes": "MD5=B5A26C2BF17222E86B91D26F1247AF3E,SHA256=14CC5BE4C833ACC652195DEAD113E1C3B4AC0B98EA1AEAD11957836F9AE721CF,IMPHASH=3D3E7537BD3BA07738DC5CA8AD01B073", "OriginalFileName": "net1.exe", "ParentImage": "C:\\Windows\\SysWOW64\\net.exe", "FileVersion": "10.0.17134.1 (WinBuild.160101.0800)", "ParentProcessId": "4548", "CurrentDirectory": "C:\\Users\\george\\Desktop\\", "CommandLine": "C:\\Windows\\system32\\net1 stop \"samss\" /y", "EventID": "1", "LogonGuid": "C784477D-A940-63A5-A9D9-030000000000", "LogonId": "252329", "Image": "C:\\Windows\\SysWOW64\\net1.exe", "IntegrityLevel": "High", "ParentCommandLine": "\"C:\\Windows\\System32\\net.exe\" stop \"samss\" /y", "UtcTime": "1672144514", "RuleName": "-"}}, {"values": {"TerminalSessionId": "1", "ProcessGuid": "{C784477D-E682-63AA-BB06-000000001F00}", "ProcessId": "780", "Product": "Microsoft\\xae Windows\\xae Operating System", "Description": "Net Command", "Company": "Microsoft Corporation", "ParentProcessGuid": "{C784477D-E682-63AA-B806-000000001F00}", "User": "DESKTOP-B0T93D6\\george", "Hashes": "MD5=B5A26C2BF17222E86B91D26F1247AF3E,SHA256=14CC5BE4C833ACC652195DEAD113E1C3B4AC0B98EA1AEAD11957836F9AE721CF,IMPHASH=3D3E7537BD3BA07738DC5CA8AD01B073", "OriginalFileName": "net1.exe", "ParentImage": "C:\\Windows\\SysWOW64\\net.exe", "FileVersion": "10.0.17134.1 (WinBuild.160101.0800)", "ParentProcessId": "6780", "CurrentDirectory": "C:\\Users\\george\\Desktop\\", "CommandLine": "C:\\Windows\\system32\\net1 stop \"samss\" /y", "EventID": "1", "LogonGuid": "C784477D-A940-63A5-A9D9-030000000000", "LogonId": "252329", "Image": "C:\\Windows\\SysWOW64\\net1.exe", "IntegrityLevel": "High", "ParentCommandLine": "\"C:\\Windows\\System32\\net.exe\" stop \"samss\" /y", "UtcTime": "1672144514", "RuleName": "-"}}, {"values": {"TerminalSessionId": "1", "ProcessGuid": "{C784477D-E682-63AA-BC06-000000001F00}", "ProcessId": "1568", "Product": "Microsoft\\xae Windows\\xae Operating System", "Description": "Net Command", "Company": "Microsoft Corporation", "ParentProcessGuid": "{C784477D-E609-63AA-2306-000000001F00}", "User": "DESKTOP-B0T93D6\\george", "Hashes": "MD5=DD0561156F62BC1958CE0E370B23711B,SHA256=FD41D0261C6D22572DA448BCB5CBBB98F78A2922D1F1074D25237CC82C8CE432,IMPHASH=86350518EAE83E4A09BBF6317BA1C570", "OriginalFileName": "net.exe", "ParentImage": "C:\\Users\\george\\Desktop\\executable.exe", "FileVersion": "10.0.17134.1 (WinBuild.160101.0800)", "ParentProcessId": "6880", "CurrentDirectory": "C:\\Users\\george\\Desktop\\", "CommandLine": "\"C:\\Windows\\System32\\net.exe\" stop \"samss\" /y", "EventID": "1", "LogonGuid": "C784477D-A940-63A5-A9D9-030000000000", "LogonId": "252329", "Image": "C:\\Windows\\SysWOW64\\net.exe", "IntegrityLevel": "High", "ParentCommandLine": "\"C:\\Users\\george\\Desktop\\executable.exe\"", "UtcTime": "1672144514", "RuleName": "-"}}, {"values": {"TerminalSessionId": "1", "ProcessGuid": "{C784477D-E682-63AA-BE06-000000001F00}", "ProcessId": "4308", "Product": "Microsoft\\xae Windows\\xae Operating System", "Description": "Net Command", "Company": "Microsoft Corporation", "ParentProcessGuid": "{C784477D-E609-63AA-2306-000000001F00}", "User": "DESKTOP-B0T93D6\\george", "Hashes": "MD5=DD0561156F62BC1958CE0E370B23711B,SHA256=FD41D0261C6D22572DA448BCB5CBBB98F78A2922D1F1074D25237CC82C8CE432,IMPHASH=86350518EAE83E4A09BBF6317BA1C570", "OriginalFileName": "net.exe", "ParentImage": "C:\\Users\\george\\Desktop\\executable.exe", "FileVersion": "10.0.17134.1 (WinBuild.160101.0800)", "ParentProcessId": "6880", "CurrentDirectory": "C:\\Users\\george\\Desktop\\", "CommandLine": "\"C:\\Windows\\System32\\net.exe\" stop \"samss\" /y", "EventID": "1", "LogonGuid": "C784477D-A940-63A5-A9D9-030000000000", "LogonId": "252329", "Image": "C:\\Windows\\SysWOW64\\net.exe", "IntegrityLevel": "High", "ParentCommandLine": "\"C:\\Users\\george\\Desktop\\executable.exe\"", "UtcTime": "1672144514", "RuleName": "-"}}, {"values": {"TerminalSessionId": "1", "ProcessGuid": "{C784477D-E682-63AA-BF06-000000001F00}", "ProcessId": "6276", "Product": "Microsoft\\xae Windows\\xae Operating System", "Description": "Net Command", "Company": "Microsoft Corporation", "ParentProcessGuid": "{C784477D-E682-63AA-BC06-000000001F00}", "User": "DESKTOP-B0T93D6\\george", "Hashes": "MD5=B5A26C2BF17222E86B91D26F1247AF3E,SHA256=14CC5BE4C833ACC652195DEAD113E1C3B4AC0B98EA1AEAD11957836F9AE721CF,IMPHASH=3D3E7537BD3BA07738DC5CA8AD01B073", "OriginalFileName": "net1.exe", "ParentImage": "C:\\Windows\\SysWOW64\\net.exe", "FileVersion": "10.0.17134.1 (WinBuild.160101.0800)", "ParentProcessId": "1568", "CurrentDirectory": "C:\\Users\\george\\Desktop\\", "CommandLine": "C:\\Windows\\system32\\net1 stop \"samss\" /y", "EventID": "1", "LogonGuid": "C784477D-A940-63A5-A9D9-030000000000", "LogonId": "252329", "Image": "C:\\Windows\\SysWOW64\\net1.exe", "IntegrityLevel": "High", "ParentCommandLine": "\"C:\\Windows\\System32\\net.exe\" stop \"samss\" /y", "UtcTime": "1672144514", "RuleName": "-"}}, {"values": {"TerminalSessionId": "1", "ProcessGuid": "{C784477D-E683-63AA-C106-000000001F00}", "ProcessId": "3536", "Product": "Microsoft\\xae Windows\\xae Operating System", "Description": "Net Command", "Company": "Microsoft Corporation", "ParentProcessGuid": "{C784477D-E682-63AA-BE06-000000001F00}", "User": "DESKTOP-B0T93D6\\george", "Hashes": "MD5=B5A26C2BF17222E86B91D26F1247AF3E,SHA256=14CC5BE4C833ACC652195DEAD113E1C3B4AC0B98EA1AEAD11957836F9AE721CF,IMPHASH=3D3E7537BD3BA07738DC5CA8AD01B073", "OriginalFileName": "net1.exe", "ParentImage": "C:\\Windows\\SysWOW64\\net.exe", "FileVersion": "10.0.17134.1 (WinBuild.160101.0800)", "ParentProcessId": "4308", "CurrentDirectory": "C:\\Users\\george\\Desktop\\", "CommandLine": "C:\\Windows\\system32\\net1 stop \"samss\" /y", "EventID": "1", "LogonGuid": "C784477D-A940-63A5-A9D9-030000000000", "LogonId": "252329", "Image": "C:\\Windows\\SysWOW64\\net1.exe", "IntegrityLevel": "High", "ParentCommandLine": "\"C:\\Windows\\System32\\net.exe\" stop \"samss\" /y", "UtcTime": "1672144515", "RuleName": "-"}}, {"values": {"TerminalSessionId": "1", "ProcessGuid": "{C784477D-E683-63AA-C206-000000001F00}", "ProcessId": "7056", "Product": "Microsoft\\xae Windows\\xae Operating System", "Description": "Net Command", "Company": "Microsoft Corporation", "ParentProcessGuid": "{C784477D-E609-63AA-2306-000000001F00}", "User": "DESKTOP-B0T93D6\\george", "Hashes": "MD5=DD0561156F62BC1958CE0E370B23711B,SHA256=FD41D0261C6D22572DA448BCB5CBBB98F78A2922D1F1074D25237CC82C8CE432,IMPHASH=86350518EAE83E4A09BBF6317BA1C570", "OriginalFileName": "net.exe", "ParentImage": "C:\\Users\\george\\Desktop\\executable.exe", "FileVersion": "10.0.17134.1 (WinBuild.160101.0800)", "ParentProcessId": "6880", "CurrentDirectory": "C:\\Users\\george\\Desktop\\", "CommandLine": "\"C:\\Windows\\System32\\net.exe\" stop \"samss\" /y", "EventID": "1", "LogonGuid": "C784477D-A940-63A5-A9D9-030000000000", "LogonId": "252329", "Image": "C:\\Windows\\SysWOW64\\net.exe", "IntegrityLevel": "High", "ParentCommandLine": "\"C:\\Users\\george\\Desktop\\executable.exe\"", "UtcTime": "1672144515", "RuleName": "-"}}, {"values": {"TerminalSessionId": "1", "ProcessGuid": "{C784477D-E683-63AA-C406-000000001F00}", "ProcessId": "1592", "Product": "Microsoft\\xae Windows\\xae Operating System", "Description": "Net Command", "Company": "Microsoft Corporation", "ParentProcessGuid": "{C784477D-E609-63AA-2306-000000001F00}", "User": "DESKTOP-B0T93D6\\george", "Hashes": "MD5=DD0561156F62BC1958CE0E370B23711B,SHA256=FD41D0261C6D22572DA448BCB5CBBB98F78A2922D1F1074D25237CC82C8CE432,IMPHASH=86350518EAE83E4A09BBF6317BA1C570", "OriginalFileName": "net.exe", "ParentImage": "C:\\Users\\george\\Desktop\\executable.exe", "FileVersion": "10.0.17134.1 (WinBuild.160101.0800)", "ParentProcessId": "6880", "CurrentDirectory": "C:\\Users\\george\\Desktop\\", "CommandLine": "\"C:\\Windows\\System32\\net.exe\" stop \"samss\" /y", "EventID": "1", "LogonGuid": "C784477D-A940-63A5-A9D9-030000000000", "LogonId": "252329", "Image": "C:\\Windows\\SysWOW64\\net.exe", "IntegrityLevel": "High", "ParentCommandLine": "\"C:\\Users\\george\\Desktop\\executable.exe\"", "UtcTime": "1672144515", "RuleName": "-"}}, {"values": {"TerminalSessionId": "1", "ProcessGuid": "{C784477D-E683-63AA-C606-000000001F00}", "ProcessId": "4432", "Product": "Microsoft\\xae Windows\\xae Operating System", "Description": "Net Command", "Company": "Microsoft Corporation", "ParentProcessGuid": "{C784477D-E683-63AA-C206-000000001F00}", "User": "DESKTOP-B0T93D6\\george", "Hashes": "MD5=B5A26C2BF17222E86B91D26F1247AF3E,SHA256=14CC5BE4C833ACC652195DEAD113E1C3B4AC0B98EA1AEAD11957836F9AE721CF,IMPHASH=3D3E7537BD3BA07738DC5CA8AD01B073", "OriginalFileName": "net1.exe", "ParentImage": "C:\\Windows\\SysWOW64\\net.exe", "FileVersion": "10.0.17134.1 (WinBuild.160101.0800)", "ParentProcessId": "7056", "CurrentDirectory": "C:\\Users\\george\\Desktop\\", "CommandLine": "C:\\Windows\\system32\\net1 stop \"samss\" /y", "EventID": "1", "LogonGuid": "C784477D-A940-63A5-A9D9-030000000000", "LogonId": "252329", "Image": "C:\\Windows\\SysWOW64\\net1.exe", "IntegrityLevel": "High", "ParentCommandLine": "\"C:\\Windows\\System32\\net.exe\" stop \"samss\" /y", "UtcTime": "1672144515", "RuleName": "-"}}, {"values": {"TerminalSessionId": "1", "ProcessGuid": "{C784477D-E683-63AA-C706-000000001F00}", "ProcessId": "3840", "Product": "Microsoft\\xae Windows\\xae Operating System", "Description": "Net Command", "Company": "Microsoft Corporation", "ParentProcessGuid": "{C784477D-E683-63AA-C406-000000001F00}", "User": "DESKTOP-B0T93D6\\george", "Hashes": "MD5=B5A26C2BF17222E86B91D26F1247AF3E,SHA256=14CC5BE4C833ACC652195DEAD113E1C3B4AC0B98EA1AEAD11957836F9AE721CF,IMPHASH=3D3E7537BD3BA07738DC5CA8AD01B073", "OriginalFileName": "net1.exe", "ParentImage": "C:\\Windows\\SysWOW64\\net.exe", "FileVersion": "10.0.17134.1 (WinBuild.160101.0800)", "ParentProcessId": "1592", "CurrentDirectory": "C:\\Users\\george\\Desktop\\", "CommandLine": "C:\\Windows\\system32\\net1 stop \"samss\" /y", "EventID": "1", "LogonGuid": "C784477D-A940-63A5-A9D9-030000000000", "LogonId": "252329", "Image": "C:\\Windows\\SysWOW64\\net1.exe", "IntegrityLevel": "High", "ParentCommandLine": "\"C:\\Windows\\System32\\net.exe\" stop \"samss\" /y", "UtcTime": "1672144515", "RuleName": "-"}}], "rule_level": "low", "rule_id": "f1048c602439313e72f67c634350106ba7b709512529457a6f0a5eca6835bc89", "rule_source": "Sigma Integrated Rule Set (GitHub)", "rule_title": "Net.exe Execution", "rule_description": "Detects execution of Net.exe, whether suspicious or benign.", "rule_author": "Michael Haag, Mark Woan (improvements), James Pemberton / @4A616D6573 / oscd.community (improvements)"}], "popular_threat_classification": {"popular_threat_name": [{"count": 25, "value": "ryuk"}, {"count": 2, "value": "encoder"}, {"count": 2, "value": "xoryu"}], "suggested_threat_label": "ransomware.ryuk/encoder", "popular_threat_category": [{"count": 26, "value": "ransomware"}, {"count": 20, "value": "trojan"}, {"count": 2, "value": "pua"}]}, "first_submission_date": 1601123197, "unique_sources": 4, "detectiteasy": {"filetype": "PE32", "values": [{"info": "EXE32", "version": "2013-2017", "type": "Compiler", "name": "EP:Microsoft Visual C/C++"}, {"info": "C++", "version": "19.00.24215", "type": "Compiler", "name": "Microsoft Visual C/C++"}, {"version": "14.00.24215", "type": "Linker", "name": "Microsoft Linker"}, {"version": "2015", "type": "Tool", "name": "Visual Studio"}]}, "last_analysis_date": 1766474802, "authentihash": "8b2d94eaabb7cfd9f7e63ebfb784ca491346ff07f4291010d9ddac9368ed6743", "size": 130560, "crowdsourced_yara_results": [{"ruleset_id": "008fcd3b82", "rule_name": "win_ryuk_auto", "ruleset_name": "win.ryuk_auto", "description": "Detects win.ryuk.", "author": "Felix Bilstein - yara-signator at cocacoding dot com", "match_date": 1766474917, "ruleset_version": "008fcd3b82|6558c417dcf07146b1309b6acde6be0aa96dea10", "source": "https://malpedia.caad.fkie.fraunhofer.de/"}, {"description": "Detects win.ryuk.", "author": "Felix Bilstein - yara-signator at cocacoding dot com", "ruleset_name": "win.ryuk_auto", "rule_name": "win_ryuk_auto", "ruleset_id": "008fcd3b82", "match_in_subfile": true, "source": "https://malpedia.caad.fkie.fraunhofer.de/"}]}}}