{"values": {"TerminalSessionId": "1", "ProcessGuid": "{C784477D-E67E-63AA-9C06-000000001F00}", "ProcessId": "6500", "Product": "Microsoft\\xae Windows\\xae Operating System", "Description": "Net Command", "Company": "Microsoft Corporation", "ParentProcessGuid": "{C784477D-E609-63AA-2306-000000001F00}", "User": "DESKTOP-B0T93D6\\george", "Hashes": "MD5=DD0561156F62BC1958CE0E370B23711B,SHA256=FD41D0261C6D22572DA448BCB5CBBB98F78A2922D1F1074D25237CC82C8CE432,IMPHASH=86350518EAE83E4A09BBF6317BA1C570", "OriginalFileName": "net.exe", "ParentImage": "C:\\Users\\george\\Desktop\\executable.exe", "FileVersion": "10.0.17134.1 (WinBuild.160101.0800)", "ParentProcessId": "6880", "CurrentDirectory": "C:\\Users\\george\\Desktop\\", "CommandLine": "\"C:\\Windows\\System32\\net.exe\" stop \"samss\" /y", "EventID": "1", "LogonGuid": "C784477D-A940-63A5-A9D9-030000000000", "LogonId": "252329", "Image": "C:\\Windows\\SysWOW64\\net.exe", "IntegrityLevel": "High", "ParentCommandLine": "\"C:\\Users\\george\\Desktop\\executable.exe\"", "UtcTime": "1672144510", "RuleName": "-"}}, {"values": {"TerminalSessionId": "1", "ProcessGuid": "{C784477D-E67E-63AA-9F06-000000001F00}", "ProcessId": "5624", "Product": "Microsoft\\xae Windows\\xae Operating System", "Description": "Net Command", "Company": "Microsoft Corporation", "ParentProcessGuid": "{C784477D-E67E-63AA-9B06-000000001F00}", "User": "DESKTOP-B0T93D6\\george", "Hashes": "MD5=B5A26C2BF17222E86B91D26F1247AF3E,SHA256=14CC5BE4C833ACC652195DEAD113E1C3B4AC0B98EA1AEAD11957836F9AE721CF,IMPHASH=3D3E7537BD3BA07738DC5CA8AD01B073", "OriginalFileName": "net1.exe", "ParentImage": "C:\\Windows\\SysWOW64\\net.exe", "FileVersion": "10.0.17134.1 (WinBuild.160101.0800)", "ParentProcessId": "6772", "CurrentDirectory": "C:\\Users\\george\\Desktop\\", "CommandLine": "C:\\Windows\\system32\\net1 stop \"samss\" /y", "EventID": "1", "LogonGuid": "C784477D-A940-63A5-A9D9-030000000000", "LogonId": "252329", "Image": "C:\\Windows\\SysWOW64\\net1.exe", "IntegrityLevel": "High", "ParentCommandLine": "\"C:\\Windows\\System32\\net.exe\" stop \"samss\" /y", "UtcTime": "1672144510", "RuleName": "-"}}, {"values": {"TerminalSessionId": "1", "ProcessGuid": "{C784477D-E67E-63AA-A006-000000001F00}", "ProcessId": "4244", "Product": "Microsoft\\xae Windows\\xae Operating System", "Description": "Net Command", "Company": "Microsoft Corporation", "ParentProcessGuid": "{C784477D-E67E-63AA-9C06-000000001F00}", "User": "DESKTOP-B0T93D6\\george", "Hashes": "MD5=B5A26C2BF17222E86B91D26F1247AF3E,SHA256=14CC5BE4C833ACC652195DEAD113E1C3B4AC0B98EA1AEAD11957836F9AE721CF,IMPHASH=3D3E7537BD3BA07738DC5CA8AD01B073", "OriginalFileName": "net1.exe", "ParentImage": "C:\\Windows\\SysWOW64\\net.exe", "FileVersion": "10.0.17134.1 (WinBuild.160101.0800)", "ParentProcessId": "6500", "CurrentDirectory": "C:\\Users\\george\\Desktop\\", "CommandLine": "C:\\Windows\\system32\\net1 stop \"samss\" /y", "EventID": "1", "LogonGuid": "C784477D-A940-63A5-A9D9-030000000000", "LogonId": "252329", "Image": "C:\\Windows\\SysWOW64\\net1.exe", "IntegrityLevel": "High", "ParentCommandLine": "\"C:\\Windows\\System32\\net.exe\" stop \"samss\" /y", "UtcTime": "1672144510", "RuleName": "-"}}, {"values": {"TerminalSessionId": "1", "ProcessGuid": "{C784477D-E67E-63AA-A106-000000001F00}", "ProcessId": "4292", "Product": "Microsoft\\xae Windows\\xae Operating System", "Description": "Net Command", "Company": "Microsoft Corporation", "ParentProcessGuid": "{C784477D-E609-63AA-2306-000000001F00}", "User": "DESKTOP-B0T93D6\\george", "Hashes": "MD5=DD0561156F62BC1958CE0E370B23711B,SHA256=FD41D0261C6D22572DA448BCB5CBBB98F78A2922D1F1074D25237CC82C8CE432,IMPHASH=86350518EAE83E4A09BBF6317BA1C570", "OriginalFileName": "net.exe", "ParentImage": "C:\\Users\\george\\Desktop\\executable.exe", "FileVersion": "10.0.17134.1 (WinBuild.160101.0800)", "ParentProcessId": "6880", "CurrentDirectory": "C:\\Users\\george\\Desktop\\", "CommandLine": "\"C:\\Windows\\System32\\net.exe\" stop \"samss\" /y", "EventID": "1", "LogonGuid": "C784477D-A940-63A5-A9D9-030000000000", "LogonId": "252329", "Image": "C:\\Windows\\SysWOW64\\net.exe", "IntegrityLevel": "High", "ParentCommandLine": "\"C:\\Users\\george\\Desktop\\executable.exe\"", "UtcTime": "1672144510", "RuleName": "-"}}, {"values": {"TerminalSessionId": "1", "ProcessGuid": "{C784477D-E67E-63AA-A206-000000001F00}", "ProcessId": "1916", "Product": "Microsoft\\xae Windows\\xae Operating System", "Description": "Net Command", "Company": "Microsoft Corporation", "ParentProcessGuid": "{C784477D-E609-63AA-2306-000000001F00}", "User": "DESKTOP-B0T93D6\\george", "Hashes": "MD5=DD0561156F62BC1958CE0E370B23711B,SHA256=FD41D0261C6D22572DA448BCB5CBBB98F78A2922D1F1074D25237CC82C8CE432,IMPHASH=86350518EAE83E4A09BBF6317BA1C570", "OriginalFileName": "net.exe", "ParentImage": "C:\\Users\\george\\Desktop\\executable.exe", "FileVersion": "10.0.17134.1 (WinBuild.160101.0800)", "ParentProcessId": "6880", "CurrentDirectory": "C:\\Users\\george\\Desktop\\", "CommandLine": "\"C:\\Windows\\System32\\net.exe\" stop \"samss\" /y", "EventID": "1", "LogonGuid": "C784477D-A940-63A5-A9D9-030000000000", "LogonId": "252329", "Image": "C:\\Windows\\SysWOW64\\net.exe", "IntegrityLevel": "High", "ParentCommandLine": "\"C:\\Users\\george\\Desktop\\executable.exe\"", "UtcTime": "1672144510", "RuleName": "-"}}, {"values": {"TerminalSessionId": "1", "ProcessGuid": "{C784477D-E67F-63AA-A506-000000001F00}", "ProcessId": "3720", "Product": "Microsoft\\xae Windows\\xae Operating System", "Description": "Net Command", "Company": "Microsoft Corporation", "ParentProcessGuid": "{C784477D-E67E-63AA-A106-000000001F00}", "User": "DESKTOP-B0T93D6\\george", "Hashes": "MD5=B5A26C2BF17222E86B91D26F1247AF3E,SHA256=14CC5BE4C833ACC652195DEAD113E1C3B4AC0B98EA1AEAD11957836F9AE721CF,IMPHASH=3D3E7537BD3BA07738DC5CA8AD01B073", "OriginalFileName": "net1.exe", "ParentImage": "C:\\Windows\\SysWOW64\\net.exe", "FileVersion": "10.0.17134.1 (WinBuild.160101.0800)", "ParentProcessId": "4292", "CurrentDirectory": "C:\\Users\\george\\Desktop\\", "CommandLine": "C:\\Windows\\system32\\net1 stop \"samss\" /y", "EventID": "1", "LogonGuid": "C784477D-A940-63A5-A9D9-030000000000", "LogonId": "252329", "Image": "C:\\Windows\\SysWOW64\\net1.exe", "IntegrityLevel": "High", "ParentCommandLine": "\"C:\\Windows\\System32\\net.exe\" stop \"samss\" /y", "UtcTime": "1672144511", "RuleName": "-"}}, {"values": {"TerminalSessionId": "1", "ProcessGuid": "{C784477D-E67F-63AA-A606-000000001F00}", "ProcessId": "2360", "Product": "Microsoft\\xae Windows\\xae Operating System", "Description": "Net Command", "Company": "Microsoft Corporation", "ParentProcessGuid": "{C784477D-E67E-63AA-A206-000000001F00}", "User": "DESKTOP-B0T93D6\\george", "Hashes": "MD5=B5A26C2BF17222E86B91D26F1247AF3E,SHA256=14CC5BE4C833ACC652195DEAD113E1C3B4AC0B98EA1AEAD11957836F9AE721CF,IMPHASH=3D3E7537BD3BA07738DC5CA8AD01B073", "OriginalFileName": "net1.exe", "ParentImage": "C:\\Windows\\SysWOW64\\net.exe", "FileVersion": "10.0.17134.1 (WinBuild.160101.0800)", "ParentProcessId": "1916", "CurrentDirectory": "C:\\Users\\george\\Desktop\\", "CommandLine": "C:\\Windows\\system32\\net1 stop \"samss\" /y", "EventID": "1", "LogonGuid": "C784477D-A940-63A5-A9D9-030000000000", "LogonId": "252329", "Image": "C:\\Windows\\SysWOW64\\net1.exe", "IntegrityLevel": "High", "ParentCommandLine": "\"C:\\Windows\\System32\\net.exe\" stop \"samss\" /y", "UtcTime": "1672144511", "RuleName": "-"}}, {"values": {"TerminalSessionId": "1", "ProcessGuid": "{C784477D-E67F-63AA-A706-000000001F00}", "ProcessId": "3052", "Product": "Microsoft\\xae Windows\\xae Operating System", "Description": "Net Command", "Company": "Microsoft Corporation", "ParentProcessGuid": "{C784477D-E609-63AA-2306-000000001F00}", "User": "DESKTOP-B0T93D6\\george", "Hashes": "MD5=DD0561156F62BC1958CE0E370B23711B,SHA256=FD41D0261C6D22572DA448BCB5CBBB98F78A2922D1F1074D25237CC82C8CE432,IMPHASH=86350518EAE83E4A09BBF6317BA1C570", "OriginalFileName": "net.exe", "ParentImage": "C:\\Users\\george\\Desktop\\executable.exe", "FileVersion": "10.0.17134.1 (WinBuild.160101.0800)", "ParentProcessId": "6880", "CurrentDirectory": "C:\\Users\\george\\Desktop\\", "CommandLine": "\"C:\\Windows\\System32\\net.exe\" stop \"samss\" /y", "EventID": "1", "LogonGuid": "C784477D-A940-63A5-A9D9-030000000000", "LogonId": "252329", "Image": "C:\\Windows\\SysWOW64\\net.exe", "IntegrityLevel": "High", "ParentCommandLine": "\"C:\\Users\\george\\Desktop\\executable.exe\"", "UtcTime": "1672144511", "RuleName": "-"}}, {"values": {"TerminalSessionId": "1", "ProcessGuid": "{C784477D-E67F-63AA-A806-000000001F00}", "ProcessId": "1772", "Product": "Microsoft\\xae Windows\\xae Operating System", "Description": "Net Command", "Company": "Microsoft Corporation", "ParentProcessGuid": "{C784477D-E609-63AA-2306-000000001F00}", "User": "DESKTOP-B0T93D6\\george", "Hashes": "MD5=DD0561156F62BC1958CE0E370B23711B,SHA256=FD41D0261C6D22572DA448BCB5CBBB98F78A2922D1F1074D25237CC82C8CE432,IMPHASH=86350518EAE83E4A09BBF6317BA1C570", "OriginalFileName": "net.exe", "ParentImage": "C:\\Users\\george\\Desktop\\executable.exe", "FileVersion": "10.0.17134.1 (WinBuild.160101.0800)", "ParentProcessId": "6880", "CurrentDirectory": "C:\\Users\\george\\Desktop\\", "CommandLine": "\"C:\\Windows\\System32\\net.exe\" stop \"samss\" /y", "EventID": "1", "LogonGuid": "C784477D-A940-63A5-A9D9-030000000000", "LogonId": "252329", "Image": "C:\\Windows\\SysWOW64\\net.exe", "IntegrityLevel": "High", "ParentCommandLine": "\"C:\\Users\\george\\Desktop\\executable.exe\"", "UtcTime": "1672144511", "RuleName": "-"}}, {"values": {"TerminalSessionId": "1", "ProcessGuid": "{C784477D-E67F-63AA-AA06-000000001F00}", "ProcessId": "3560", "Product": "Microsoft\\xae Windows\\xae Operating System", "Description": "Net Command", "Company": "Microsoft Corporation", "ParentProcessGuid": "{C784477D-E67F-63AA-A706-000000001F00}", "User": "DESKTOP-B0T93D6\\george", "Hashes": "MD5=B5A26C2BF17222E86B91D26F1247AF3E,SHA256=14CC5BE4C833ACC652195DEAD113E1C3B4AC0B98EA1AEAD11957836F9AE721CF,IMPHASH=3D3E7537BD3BA07738DC5CA8AD01B073", "OriginalFileName": "net1.exe", "ParentImage": "C:\\Windows\\SysWOW64\\net.exe", "FileVersion": "10.0.17134.1 (WinBuild.160101.0800)", "ParentProcessId": "3052", "CurrentDirectory": "C:\\Users\\george\\Desktop\\", "CommandLine": "C:\\Windows\\system32\\net1 stop \"samss\" /y", "EventID": "1", "LogonGuid": "C784477D-A940-63A5-A9D9-030000000000", "LogonId": "252329", "Image": "C:\\Windows\\SysWOW64\\net1.exe", "IntegrityLevel": "High", "ParentCommandLine": "\"C:\\Windows\\System32\\net.exe\" stop \"samss\" /y", "UtcTime": "1672144511", "RuleName": "-"}}, {"values": {"TerminalSessionId": "1", "ProcessGuid": "{C784477D-E680-63AA-AC06-000000001F00}", "ProcessId": "6096", "Product": "Microsoft\\xae Windows\\xae Operating System", "Description": "Net Command", "Company": "Microsoft Corporation", "ParentProcessGuid": "{C784477D-E67F-63AA-A806-000000001F00}", "User": "DESKTOP-B0T93D6\\george", "Hashes": "MD5=B5A26C2BF17222E86B91D26F1247AF3E,SHA256=14CC5BE4C833ACC652195DEAD113E1C3B4AC0B98EA1AEAD11957836F9AE721CF,IMPHASH=3D3E7537BD3BA07738DC5CA8AD01B073", "OriginalFileName": "net1.exe", "ParentImage": "C:\\Windows\\SysWOW64\\net.exe", "FileVersion": "10.0.17134.1 (WinBuild.160101.0800)", "ParentProcessId": "1772", "CurrentDirectory": "C:\\Users\\george\\Desktop\\", "CommandLine": "C:\\Windows\\system32\\net1 stop \"samss\" /y", "EventID": "1", "LogonGuid": "C784477D-A940-63A5-A9D9-030000000000", "LogonId": "252329", "Image": "C:\\Windows\\SysWOW64\\net1.exe", "IntegrityLevel": "High", "ParentCommandLine": "\"C:\\Windows\\System32\\net.exe\" stop \"samss\" /y", "UtcTime": "1672144512", "RuleName": "-"}}, {"values": {"TerminalSessionId": "1", "ProcessGuid": "{C784477D-E680-63AA-AD06-000000001F00}", "ProcessId": "3964", "Product": "Microsoft\\xae Windows\\xae Operating System", "Description": "Net Command", "Company": "Microsoft Corporation", "ParentProcessGuid": "{C784477D-E609-63AA-2306-000000001F00}", "User": "DESKTOP-B0T93D6\\george", "Hashes": "MD5=DD0561156F62BC1958CE0E370B23711B,SHA256=FD41D0261C6D22572DA448BCB5CBBB98F78A2922D1F1074D25237CC82C8CE432,IMPHASH=86350518EAE83E4A09BBF6317BA1C570", "OriginalFileName": "net.exe", "ParentImage": "C:\\Users\\george\\Desktop\\executable.exe", "FileVersion": "10.0.17134.1 (WinBuild.160101.0800)", "ParentProcessId": "6880", "CurrentDirectory": "C:\\Users\\george\\Desktop\\", "CommandLine": "\"C:\\Windows\\System32\\net.exe\" stop \"samss\" /y", "EventID": "1", "LogonGuid": "C784477D-A940-63A5-A9D9-030000000000", "LogonId": "252329", "Image": "C:\\Windows\\SysWOW64\\net.exe", "IntegrityLevel": "High", "ParentCommandLine": "\"C:\\Users\\george\\Desktop\\executable.exe\"", "UtcTime": "1672144512", "RuleName": "-"}}, {"values": {"TerminalSessionId": "1", "ProcessGuid": "{C784477D-E680-63AA-AF06-000000001F00}", "ProcessId": "3712", "Product": "Microsoft\\xae Windows\\xae Operating System", "Description": "Net Command", "Company": "Microsoft Corporation", "ParentProcessGuid": "{C784477D-E609-63AA-2306-000000001F00}", "User": "DESKTOP-B0T93D6\\george", "Hashes": "MD5=DD0561156F62BC1958CE0E370B23711B,SHA256=FD41D0261C6D22572DA448BCB5CBBB98F78A2922D1F1074D25237CC82C8CE432,IMPHASH=86350518EAE83E4A09BBF6317BA1C570", "OriginalFileName": "net.exe", "ParentImage": "C:\\Users\\george\\Desktop\\executable.exe", "FileVersion": "10.0.17134.1 (WinBuild.160101.0800)", "ParentProcessId": "6880", "CurrentDirectory": "C:\\Users\\george\\Desktop\\", "CommandLine": "\"C:\\Windows\\System32\\net.exe\" stop \"samss\" /y", "EventID": "1", "LogonGuid": "C784477D-A940-63A5-A9D9-030000000000", "LogonId": "252329", "Image": "C:\\Windows\\SysWOW64\\net.exe", "IntegrityLevel": "High", "ParentCommandLine": "\"C:\\Users\\george\\Desktop\\executable.exe\"", "UtcTime": "1672144512", "RuleName": "-"}}, {"values": {"TerminalSessionId": "1", "ProcessGuid": "{C784477D-E680-63AA-B006-000000001F00}", "ProcessId": "3180", "Product": "Microsoft\\xae Windows\\xae Operating System", "Description": "Net Command", "Company": "Microsoft Corporation", "ParentProcessGuid": "{C784477D-E680-63AA-AD06-000000001F00}", "User": "DESKTOP-B0T93D6\\george", "Hashes": "MD5=B5A26C2BF17222E86B91D26F1247AF3E,SHA256=14CC5BE4C833ACC652195DEAD113E1C3B4AC0B98EA1AEAD11957836F9AE721CF,IMPHASH=3D3E7537BD3BA07738DC5CA8AD01B073", "OriginalFileName": "net1.exe", "ParentImage": "C:\\Windows\\SysWOW64\\net.exe", "FileVersion": "10.0.17134.1 (WinBuild.160101.0800)", "ParentProcessId": "3964", "CurrentDirectory": "C:\\Users\\george\\Desktop\\", "CommandLine": "C:\\Windows\\system32\\net1 stop \"samss\" /y", "EventID": "1", "LogonGuid": "C784477D-A940-63A5-A9D9-030000000000", "LogonId": "252329", "Image": "C:\\Windows\\SysWOW64\\net1.exe", "IntegrityLevel": "High", "ParentCommandLine": "\"C:\\Windows\\System32\\net.exe\" stop \"samss\" /y", "UtcTime": "1672144512", "RuleName": "-"}}, {"values": {"TerminalSessionId": "1", "ProcessGuid": "{C784477D-E681-63AA-B206-000000001F00}", "ProcessId": "4124", "Product": "Microsoft\\xae Windows\\xae Operating System", "Description": "Net Command", "Company": "Microsoft Corporation", "ParentProcessGuid": "{C784477D-E680-63AA-AF06-000000001F00}", "User": "DESKTOP-B0T93D6\\george", "Hashes": "MD5=B5A26C2BF17222E86B91D26F1247AF3E,SHA256=14CC5BE4C833ACC652195DEAD113E1C3B4AC0B98EA1AEAD11957836F9AE721CF,IMPHASH=3D3E7537BD3BA07738DC5CA8AD01B073", "OriginalFileName": "net1.exe", "ParentImage": "C:\\Windows\\SysWOW64\\net.exe", "FileVersion": "10.0.17134.1 (WinBuild.160101.0800)", "ParentProcessId": "3712", "CurrentDirectory": "C:\\Users\\george\\Desktop\\", "CommandLine": "C:\\Windows\\system32\\net1 stop \"samss\" /y", "EventID": "1", "LogonGuid": "C784477D-A940-63A5-A9D9-030000000000", "LogonId": "252329", "Image": "C:\\Windows\\SysWOW64\\net1.exe", "IntegrityLevel": "High", "ParentCommandLine": "\"C:\\Windows\\System32\\net.exe\" stop \"samss\" /y", "UtcTime": "1672144513", "RuleName": "-"}}, {"values": {"TerminalSessionId": "1", "ProcessGuid": "{C784477D-E681-63AA-B306-000000001F00}", "ProcessId": "7156", "Product": "Microsoft\\xae Windows\\xae Operating System", "Description": "Net Command", "Company": "Microsoft Corporation", "ParentProcessGuid": "{C784477D-E609-63AA-2306-000000001F00}", "User": "DESKTOP-B0T93D6\\george", "Hashes": "MD5=DD0561156F62BC1958CE0E370B23711B,SHA256=FD41D0261C6D22572DA448BCB5CBBB98F78A2922D1F1074D25237CC82C8CE432,IMPHASH=86350518EAE83E4A09BBF6317BA1C570", "OriginalFileName": "net.exe", "ParentImage": "C:\\Users\\george\\Desktop\\executable.exe", "FileVersion": "10.0.17134.1 (WinBuild.160101.0800)", "ParentProcessId": "6880", "CurrentDirectory": "C:\\Users\\george\\Desktop\\", "CommandLine": "\"C:\\Windows\\System32\\net.exe\" stop \"samss\" /y", "EventID": "1", "LogonGuid": "C784477D-A940-63A5-A9D9-030000000000", "LogonId": "252329", "Image": "C:\\Windows\\SysWOW64\\net.exe", "IntegrityLevel": "High", "ParentCommandLine": "\"C:\\Users\\george\\Desktop\\executable.exe\"", "UtcTime": "1672144513", "RuleName": "-"}}, {"values": {"TerminalSessionId": "1", "ProcessGuid": "{C784477D-E681-63AA-B506-000000001F00}", "ProcessId": "7028", "Product": "Microsoft\\xae Windows\\xae Operating System", "Description": "Net Command", "Company": "Microsoft Corporation", "ParentProcessGuid": "{C784477D-E681-63AA-B306-000000001F00}", "User": "DESKTOP-B0T93D6\\george", "Hashes": "MD5=B5A26C2BF17222E86B91D26F1247AF3E,SHA256=14CC5BE4C833ACC652195DEAD113E1C3B4AC0B98EA1AEAD11957836F9AE721CF,IMPHASH=3D3E7537BD3BA07738DC5CA8AD01B073", "OriginalFileName": "net1.exe", "ParentImage": "C:\\Windows\\SysWOW64\\net.exe", "FileVersion": "10.0.17134.1 (WinBuild.160101.0800)", "ParentProcessId": "7156", "CurrentDirectory": "C:\\Users\\george\\Desktop\\", "CommandLine": "C:\\Windows\\system32\\net1 stop \"samss\" /y", "EventID": "1", "LogonGuid": "C784477D-A940-63A5-A9D9-030000000000", "LogonId": "252329", "Image": "C:\\Windows\\SysWOW64\\net1.exe", "IntegrityLevel": "High", "ParentCommandLine": "\"C:\\Windows\\System32\\net.exe\" stop \"samss\" /y", "UtcTime": "1672144513", "RuleName": "-"}}, {"values": {"TerminalSessionId": "1", "ProcessGuid": "{C784477D-E682-63AA-B606-000000001F00}", "ProcessId": "4548", "Product": "Microsoft\\xae Windows\\xae Operating System", "Description": "Net Command", "Company": "Microsoft Corporation", "ParentProcessGuid": "{C784477D-E609-63AA-2306-000000001F00}", "User": "DESKTOP-B0T93D6\\george", "Hashes": "MD5=DD0561156F62BC1958CE0E370B23711B,SHA256=FD41D0261C6D22572DA448BCB5CBBB98F78A2922D1F1074D25237CC82C8CE432,IMPHASH=86350518EAE83E4A09BBF6317BA1C570", "OriginalFileName": "net.exe", "ParentImage": "C:\\Users\\george\\Desktop\\executable.exe", "FileVersion": "10.0.17134.1 (WinBuild.160101.0800)", "ParentProcessId": "6880", "CurrentDirectory": "C:\\Users\\george\\Desktop\\", "CommandLine": "\"C:\\Windows\\System32\\net.exe\" stop \"samss\" /y", "EventID": "1", "LogonGuid": "C784477D-A940-63A5-A9D9-030000000000", "LogonId": "252329", "Image": "C:\\Windows\\SysWOW64\\net.exe", "IntegrityLevel": "High", "ParentCommandLine": "\"C:\\Users\\george\\Desktop\\executable.exe\"", "UtcTime": "1672144514", "RuleName": "-"}}, {"values": {"TerminalSessionId": "1", "ProcessGuid": "{C784477D-E682-63AA-B806-000000001F00}", "ProcessId": "6780", "Product": "Microsoft\\xae Windows\\xae Operating System", "Description": "Net Command", "Company": "Microsoft Corporation", "ParentProcessGuid": "{C784477D-E609-63AA-2306-000000001F00}", "User": "DESKTOP-B0T93D6\\george", "Hashes": "MD5=DD0561156F62BC1958CE0E370B23711B,SHA256=FD41D0261C6D22572DA448BCB5CBBB98F78A2922D1F1074D25237CC82C8CE432,IMPHASH=86350518EAE83E4A09BBF6317BA1C570", "OriginalFileName": "net.exe", "ParentImage": "C:\\Users\\george\\Desktop\\executable.exe", "FileVersion": "10.0.17134.1 (WinBuild.160101.0800)", "ParentProcessId": "6880", "CurrentDirectory": "C:\\Users\\george\\Desktop\\", "CommandLine": "\"C:\\Windows\\System32\\net.exe\" stop \"samss\" /y", "EventID": "1", "LogonGuid": "C784477D-A940-63A5-A9D9-030000000000", "LogonId": "252329", "Image": "C:\\Windows\\SysWOW64\\net.exe", "IntegrityLevel": "High", "ParentCommandLine": "\"C:\\Users\\george\\Desktop\\executable.exe\"", "UtcTime": "1672144514", "RuleName": "-"}}, {"values": {"TerminalSessionId": "1", "ProcessGuid": "{C784477D-E682-63AA-B906-000000001F00}", "ProcessId": "5556", "Product": "Microsoft\\xae Windows\\xae Operating System", "Description": "Net Command", "Company": "Microsoft Corporation", "ParentProcessGuid": "{C784477D-E682-63AA-B606-000000001F00}", "User": "DESKTOP-B0T93D6\\george", "Hashes": "MD5=B5A26C2BF17222E86B91D26F1247AF3E,SHA256=14CC5BE4C833ACC652195DEAD113E1C3B4AC0B98EA1AEAD11957836F9AE721CF,IMPHASH=3D3E7537BD3BA07738DC5CA8AD01B073", "OriginalFileName": "net1.exe", "ParentImage": "C:\\Windows\\SysWOW64\\net.exe", "FileVersion": "10.0.17134.1 (WinBuild.160101.0800)", "ParentProcessId": "4548", "CurrentDirectory": "C:\\Users\\george\\Desktop\\", "CommandLine": "C:\\Windows\\system32\\net1 stop \"samss\" /y", "EventID": "1", "LogonGuid": "C784477D-A940-63A5-A9D9-030000000000", "LogonId": "252329", "Image": "C:\\Windows\\SysWOW64\\net1.exe", "IntegrityLevel": "High", "ParentCommandLine": "\"C:\\Windows\\System32\\net.exe\" stop \"samss\" /y", "UtcTime": "1672144514", "RuleName": "-"}}, {"values": {"TerminalSessionId": "1", "ProcessGuid": "{C784477D-E682-63AA-BB06-000000001F00}", "ProcessId": "780", "Product": "Microsoft\\xae Windows\\xae Operating System", "Description": "Net Command", "Company": "Microsoft Corporation", "ParentProcessGuid": "{C784477D-E682-63AA-B806-000000001F00}", "User": "DESKTOP-B0T93D6\\george", "Hashes": "MD5=B5A26C2BF17222E86B91D26F1247AF3E,SHA256=14CC5BE4C833ACC652195DEAD113E1C3B4AC0B98EA1AEAD11957836F9AE721CF,IMPHASH=3D3E7537BD3BA07738DC5CA8AD01B073", "OriginalFileName": "net1.exe", "ParentImage": "C:\\Windows\\SysWOW64\\net.exe", "FileVersion": "10.0.17134.1 (WinBuild.160101.0800)", "ParentProcessId": "6780", "CurrentDirectory": "C:\\Users\\george\\Desktop\\", "CommandLine": "C:\\Windows\\system32\\net1 stop \"samss\" /y", "EventID": "1", "LogonGuid": "C784477D-A940-63A5-A9D9-030000000000", "LogonId": "252329", "Image": "C:\\Windows\\SysWOW64\\net1.exe", "IntegrityLevel": "High", "ParentCommandLine": "\"C:\\Windows\\System32\\net.exe\" stop \"samss\" /y", "UtcTime": "1672144514", "RuleName": "-"}}, {"values": {"TerminalSessionId": "1", "ProcessGuid": "{C784477D-E682-63AA-BC06-000000001F00}", "ProcessId": "1568", "Product": "Microsoft\\xae Windows\\xae Operating System", "Description": "Net Command", "Company": "Microsoft Corporation", "ParentProcessGuid": "{C784477D-E609-63AA-2306-000000001F00}", "User": "DESKTOP-B0T93D6\\george", "Hashes": "MD5=DD0561156F62BC1958CE0E370B23711B,SHA256=FD41D0261C6D22572DA448BCB5CBBB98F78A2922D1F1074D25237CC82C8CE432,IMPHASH=86350518EAE83E4A09BBF6317BA1C570", "OriginalFileName": "net.exe", "ParentImage": "C:\\Users\\george\\Desktop\\executable.exe", "FileVersion": "10.0.17134.1 (WinBuild.160101.0800)", "ParentProcessId": "6880", "CurrentDirectory": "C:\\Users\\george\\Desktop\\", "CommandLine": "\"C:\\Windows\\System32\\net.exe\" stop \"samss\" /y", "EventID": "1", "LogonGuid": "C784477D-A940-63A5-A9D9-030000000000", "LogonId": "252329", "Image": "C:\\Windows\\SysWOW64\\net.exe", "IntegrityLevel": "High", "ParentCommandLine": "\"C:\\Users\\george\\Desktop\\executable.exe\"", "UtcTime": "1672144514", "RuleName": "-"}}, {"values": {"TerminalSessionId": "1", "ProcessGuid": "{C784477D-E682-63AA-BE06-000000001F00}", "ProcessId": "4308", "Product": "Microsoft\\xae Windows\\xae Operating System", "Description": "Net Command", "Company": "Microsoft Corporation", "ParentProcessGuid": "{C784477D-E609-63AA-2306-000000001F00}", "User": "DESKTOP-B0T93D6\\george", "Hashes": "MD5=DD0561156F62BC1958CE0E370B23711B,SHA256=FD41D0261C6D22572DA448BCB5CBBB98F78A2922D1F1074D25237CC82C8CE432,IMPHASH=86350518EAE83E4A09BBF6317BA1C570", "OriginalFileName": "net.exe", "ParentImage": "C:\\Users\\george\\Desktop\\executable.exe", "FileVersion": "10.0.17134.1 (WinBuild.160101.0800)", "ParentProcessId": "6880", "CurrentDirectory": "C:\\Users\\george\\Desktop\\", "CommandLine": "\"C:\\Windows\\System32\\net.exe\" stop \"samss\" /y", "EventID": "1", "LogonGuid": "C784477D-A940-63A5-A9D9-030000000000", "LogonId": "252329", "Image": "C:\\Windows\\SysWOW64\\net.exe", "IntegrityLevel": "High", "ParentCommandLine": "\"C:\\Users\\george\\Desktop\\executable.exe\"", "UtcTime": "1672144514", "RuleName": "-"}}, {"values": {"TerminalSessionId": "1", "ProcessGuid": "{C784477D-E682-63AA-BF06-000000001F00}", "ProcessId": "6276", "Product": "Microsoft\\xae Windows\\xae Operating System", "Description": "Net Command", "Company": "Microsoft Corporation", "ParentProcessGuid": "{C784477D-E682-63AA-BC06-000000001F00}", "User": "DESKTOP-B0T93D6\\george", "Hashes": "MD5=B5A26C2BF17222E86B91D26F1247AF3E,SHA256=14CC5BE4C833ACC652195DEAD113E1C3B4AC0B98EA1AEAD11957836F9AE721CF,IMPHASH=3D3E7537BD3BA07738DC5CA8AD01B073", "OriginalFileName": "net1.exe", "ParentImage": "C:\\Windows\\SysWOW64\\net.exe", "FileVersion": "10.0.17134.1 (WinBuild.160101.0800)", "ParentProcessId": "1568", "CurrentDirectory": "C:\\Users\\george\\Desktop\\", "CommandLine": "C:\\Windows\\system32\\net1 stop \"samss\" /y", "EventID": "1", "LogonGuid": "C784477D-A940-63A5-A9D9-030000000000", "LogonId": "252329", "Image": "C:\\Windows\\SysWOW64\\net1.exe", "IntegrityLevel": "High", "ParentCommandLine": "\"C:\\Windows\\System32\\net.exe\" stop \"samss\" /y", "UtcTime": "1672144514", "RuleName": "-"}}, {"values": {"TerminalSessionId": "1", "ProcessGuid": "{C784477D-E683-63AA-C106-000000001F00}", "ProcessId": "3536", "Product": "Microsoft\\xae Windows\\xae Operating System", "Description": "Net Command", "Company": "Microsoft Corporation", "ParentProcessGuid": "{C784477D-E682-63AA-BE06-000000001F00}", "User": "DESKTOP-B0T93D6\\george", "Hashes": "MD5=B5A26C2BF17222E86B91D26F1247AF3E,SHA256=14CC5BE4C833ACC652195DEAD113E1C3B4AC0B98EA1AEAD11957836F9AE721CF,IMPHASH=3D3E7537BD3BA07738DC5CA8AD01B073", "OriginalFileName": "net1.exe", "ParentImage": "C:\\Windows\\SysWOW64\\net.exe", "FileVersion": "10.0.17134.1 (WinBuild.160101.0800)", "ParentProcessId": "4308", "CurrentDirectory": "C:\\Users\\george\\Desktop\\", "CommandLine": "C:\\Windows\\system32\\net1 stop \"samss\" /y", "EventID": "1", "LogonGuid": "C784477D-A940-63A5-A9D9-030000000000", "LogonId": "252329", "Image": "C:\\Windows\\SysWOW64\\net1.exe", "IntegrityLevel": "High", "ParentCommandLine": "\"C:\\Windows\\System32\\net.exe\" stop \"samss\" /y", "UtcTime": "1672144515", "RuleName": "-"}}, {"values": {"TerminalSessionId": "1", "ProcessGuid": "{C784477D-E683-63AA-C206-000000001F00}", "ProcessId": "7056", "Product": "Microsoft\\xae Windows\\xae Operating System", "Description": "Net Command", "Company": "Microsoft Corporation", "ParentProcessGuid": "{C784477D-E609-63AA-2306-000000001F00}", "User": "DESKTOP-B0T93D6\\george", "Hashes": "MD5=DD0561156F62BC1958CE0E370B23711B,SHA256=FD41D0261C6D22572DA448BCB5CBBB98F78A2922D1F1074D25237CC82C8CE432,IMPHASH=86350518EAE83E4A09BBF6317BA1C570", "OriginalFileName": "net.exe", "ParentImage": "C:\\Users\\george\\Desktop\\executable.exe", "FileVersion": "10.0.17134.1 (WinBuild.160101.0800)", "ParentProcessId": "6880", "CurrentDirectory": "C:\\Users\\george\\Desktop\\", "CommandLine": "\"C:\\Windows\\System32\\net.exe\" stop \"samss\" /y", "EventID": "1", "LogonGuid": "C784477D-A940-63A5-A9D9-030000000000", "LogonId": "252329", "Image": "C:\\Windows\\SysWOW64\\net.exe", "IntegrityLevel": "High", "ParentCommandLine": "\"C:\\Users\\george\\Desktop\\executable.exe\"", "UtcTime": "1672144515", "RuleName": "-"}}, {"values": {"TerminalSessionId": "1", "ProcessGuid": "{C784477D-E683-63AA-C406-000000001F00}", "ProcessId": "1592", "Product": "Microsoft\\xae Windows\\xae Operating System", "Description": "Net Command", "Company": "Microsoft Corporation", "ParentProcessGuid": "{C784477D-E609-63AA-2306-000000001F00}", "User": "DESKTOP-B0T93D6\\george", "Hashes": "MD5=DD0561156F62BC1958CE0E370B23711B,SHA256=FD41D0261C6D22572DA448BCB5CBBB98F78A2922D1F1074D25237CC82C8CE432,IMPHASH=86350518EAE83E4A09BBF6317BA1C570", "OriginalFileName": "net.exe", "ParentImage": "C:\\Users\\george\\Desktop\\executable.exe", "FileVersion": "10.0.17134.1 (WinBuild.160101.0800)", "ParentProcessId": "6880", "CurrentDirectory": "C:\\Users\\george\\Desktop\\", "CommandLine": "\"C:\\Windows\\System32\\net.exe\" stop \"samss\" /y", "EventID": "1", "LogonGuid": "C784477D-A940-63A5-A9D9-030000000000", "LogonId": "252329", "Image": "C:\\Windows\\SysWOW64\\net.exe", "IntegrityLevel": "High", "ParentCommandLine": "\"C:\\Users\\george\\Desktop\\executable.exe\"", "UtcTime": "1672144515", "RuleName": "-"}}, {"values": {"TerminalSessionId": "1", "ProcessGuid": "{C784477D-E683-63AA-C606-000000001F00}", "ProcessId": "4432", "Product": "Microsoft\\xae Windows\\xae Operating System", "Description": "Net Command", "Company": "Microsoft Corporation", "ParentProcessGuid": "{C784477D-E683-63AA-C206-000000001F00}", "User": "DESKTOP-B0T93D6\\george", "Hashes": "MD5=B5A26C2BF17222E86B91D26F1247AF3E,SHA256=14CC5BE4C833ACC652195DEAD113E1C3B4AC0B98EA1AEAD11957836F9AE721CF,IMPHASH=3D3E7537BD3BA07738DC5CA8AD01B073", "OriginalFileName": "net1.exe", "ParentImage": "C:\\Windows\\SysWOW64\\net.exe", "FileVersion": "10.0.17134.1 (WinBuild.160101.0800)", "ParentProcessId": "7056", "CurrentDirectory": "C:\\Users\\george\\Desktop\\", "CommandLine": "C:\\Windows\\system32\\net1 stop \"samss\" /y", "EventID": "1", "LogonGuid": "C784477D-A940-63A5-A9D9-030000000000", "LogonId": "252329", "Image": "C:\\Windows\\SysWOW64\\net1.exe", "IntegrityLevel": "High", "ParentCommandLine": "\"C:\\Windows\\System32\\net.exe\" stop \"samss\" /y", "UtcTime": "1672144515", "RuleName": "-"}}, {"values": {"TerminalSessionId": "1", "ProcessGuid": "{C784477D-E683-63AA-C706-000000001F00}", "ProcessId": "3840", "Product": "Microsoft\\xae Windows\\xae Operating System", "Description": "Net Command", "Company": "Microsoft Corporation", "ParentProcessGuid": "{C784477D-E683-63AA-C406-000000001F00}", "User": "DESKTOP-B0T93D6\\george", "Hashes": "MD5=B5A26C2BF17222E86B91D26F1247AF3E,SHA256=14CC5BE4C833ACC652195DEAD113E1C3B4AC0B98EA1AEAD11957836F9AE721CF,IMPHASH=3D3E7537BD3BA07738DC5CA8AD01B073", "OriginalFileName": "net1.exe", "ParentImage": "C:\\Windows\\SysWOW64\\net.exe", "FileVersion": "10.0.17134.1 (WinBuild.160101.0800)", "ParentProcessId": "1592", "CurrentDirectory": "C:\\Users\\george\\Desktop\\", "CommandLine": "C:\\Windows\\system32\\net1 stop \"samss\" /y", "EventID": "1", "LogonGuid": "C784477D-A940-63A5-A9D9-030000000000", "LogonId": "252329", "Image": "C:\\Windows\\SysWOW64\\net1.exe", "IntegrityLevel": "High", "ParentCommandLine": "\"C:\\Windows\\System32\\net.exe\" stop \"samss\" /y", "UtcTime": "1672144515", "RuleName": "-"}}], "rule_level": "critical", "rule_id": "1a2c4b1ffc8f65b4edf9020cfc1b6203854d13592539752717c107cd6357489f", "rule_source": "Sigma Integrated Rule Set (GitHub)", "rule_title": "Ryuk Ransomware Command Line Activity", "rule_description": "Detects Ryuk Ransomware command lines", "rule_author": "Vasiliy Burov"}, {"match_context": [{"values": {"EventID": "3", "ProcessId": "1964", "DestinationPortName": "echo", "SourceIsIpv6": "false", "Initiated": "true", "DestinationIp": "192.168.2.1", "SourcePortName": "-", "Image": "C:\\Users\\george\\Desktop\\owfJcdrSAlan.exe", "RuleName": "Usermode", "DestinationHostname": "US-CENTRAL1-2", "UtcTime": "1671801711", "User": "DESKTOP-B0T93D6\\george", "DestinationPort": "7", "ProcessGuid": "{C784477D-E666-63AA-2A06-000000001F00}", "SourcePort": "55199", "Protocol": "udp", "SourceHostname": "DESKTOP-B0T93D6.local", "SourceIp": "192.168.2.17", "DestinationIsIpv6": "false"}}, {"values": {"EventID": "3", "ProcessId": "1964", "DestinationPortName": "echo", "Protocol": "udp", "DestinationIp": "192.168.2.2", "Initiated": "true", "SourcePortName": "-", "Image": "C:\\Users\\george\\Desktop\\owfJcdrSAlan.exe", "RuleName": "Usermode", "DestinationHostname": "-", "UtcTime": "1671801711", "User": "DESKTOP-B0T93D6\\george", "DestinationPort": "7", "ProcessGuid": "{C784477D-E666-63AA-2A06-000000001F00}", "SourcePort": "55200", "SourceIsIpv6": "false", "SourceHostname": "DESKTOP-B0T93D6.local", "SourceIp": "192.168.2.17", "DestinationIsIpv6": "false"}}, {"values": {"EventID": "3", "ProcessId": "1964", "DestinationPortName": "echo", "SourceIsIpv6": "false", "DestinationIp": "192.168.2.3", "Initiated": "true", "SourcePortName": "-", "Image": "C:\\Users\\george\\Desktop\\owfJcdrSAlan.exe", "ProcessGuid": "{C784477D-E666-63AA-2A06-000000001F00}", "DestinationHostname": "-", "UtcTime": "1671801712", "User": "DESKTOP-B0T93D6\\george", "DestinationPort": "7", "RuleName": "Usermode", "SourcePort": "55201", "Protocol": "udp", "SourceHostname": "DESKTOP-B0T93D6.local", "SourceIp": "192.168.2.17", "DestinationIsIpv6": "false"}}, {"values": {"EventID": "3", "ProcessId": "5644", "DestinationPortName": "echo", "SourceIsIpv6": "false", "Initiated": "true", "DestinationIp": "192.168.2.1", "SourcePortName": "-", "Image": "C:\\Users\\george\\Desktop\\EXGPpwUDUlan.exe", "ProcessGuid": "{C784477D-E667-63AA-2B06-000000001F00}", "DestinationHostname": "US-CENTRAL1-2", "UtcTime": "1671801712", "User": "DESKTOP-B0T93D6\\george", "DestinationPort": "7", "RuleName": "Usermode", "SourcePort": "55202", "Protocol": "udp", "DestinationIsIpv6": "false", "SourceIp": "192.168.2.17", "SourceHostname": "DESKTOP-B0T93D6.local"}}, {"values": {"EventID": "3", "ProcessId": "1964", "DestinationPortName": "echo", "Protocol": "udp", "Initiated": "true", "DestinationIp": "192.168.2.4", "SourcePortName": "-", "Image": "C:\\Users\\george\\Desktop\\owfJcdrSAlan.exe", "ProcessGuid": "{C784477D-E666-63AA-2A06-000000001F00}", "DestinationHostname": "-", "UtcTime": "1671801712", "User": "DESKTOP-B0T93D6\\george", "DestinationPort": "7", "RuleName": "Usermode", "SourcePort": "55203", "SourceIsIpv6": "false", "DestinationIsIpv6": "false", "SourceIp": "192.168.2.17", "SourceHostname": "DESKTOP-B0T93D6.local"}}, {"values": {"EventID": "3", "ProcessId": "5644", "DestinationPortName": "echo", "Protocol": "udp", "DestinationIp": "192.168.2.2", "Initiated": "true", "SourcePortName": "-", "Image": "C:\\Users\\george\\Desktop\\EXGPpwUDUlan.exe", "ProcessGuid": "{C784477D-E667-63AA-2B06-000000001F00}", "DestinationHostname": "-", "UtcTime": "1671801712", "User": "DESKTOP-B0T93D6\\george", "DestinationPort": "7", "RuleName": "Usermode", "SourcePort": "55204", "SourceIsIpv6": "false", "SourceHostname": "DESKTOP-B0T93D6.local", "SourceIp": "192.168.2.17", "DestinationIsIpv6": "false"}}, {"values": {"EventID": "3", "ProcessId": "6684", "DestinationPortName": "echo", "Protocol": "udp", "DestinationIp": "192.168.2.1", "Initiated": "true", "SourcePortName": "-", "Image": "C:\\Users\\george\\Desktop\\uTuCNMiAElan.exe", "ProcessGuid": "{C784477D-E668-63AA-2C06-000000001F00}", "DestinationHostname": "US-CENTRAL1-2", "UtcTime": "1671801712", "User": "DESKTOP-B0T93D6\\george", "DestinationPort": "7", "RuleName": "Usermode", "SourcePort": "55205", "SourceIsIpv6": "false", "SourceHostname": "DESKTOP-B0T93D6.local", "SourceIp": "192.168.2.17", "DestinationIsIpv6": "false"}}, {"values": {"EventID": "3", "ProcessId": "5644", "DestinationPortName": "echo", "Protocol": "udp", "DestinationIp": "192.168.2.3", "Initiated": "true", "SourcePortName": "-", "Image": "C:\\Users\\george\\Desktop\\EXGPpwUDUlan.exe", "ProcessGuid": "{C784477D-E667-63AA-2B06-000000001F00}", "DestinationHostname": "-", "UtcTime": "1671801712", "User": "DESKTOP-B0T93D6\\george", "DestinationPort": "7", "RuleName": "Usermode", "SourcePort": "55207", "SourceIsIpv6": "false", "DestinationIsIpv6": "false", "SourceIp": "192.168.2.17", "SourceHostname": "DESKTOP-B0T93D6.local"}}, {"values": {"EventID": "3", "ProcessId": "6684", "DestinationPortName": "echo", "SourceIsIpv6": "false", "Initiated": "true", "DestinationIp": "192.168.2.2", "SourcePortName": "-", "Image": "C:\\Users\\george\\Desktop\\uTuCNMiAElan.exe", "RuleName": "Usermode", "DestinationHostname": "-", "UtcTime": "1671801712", "User": "DESKTOP-B0T93D6\\george", "DestinationPort": "7", "ProcessGuid": "{C784477D-E668-63AA-2C06-000000001F00}", "SourcePort": "55208", "Protocol": "udp", "DestinationIsIpv6": "false", "SourceIp": "192.168.2.17", "SourceHostname": "DESKTOP-B0T93D6.local"}}, {"values": {"EventID": "3", "ProcessId": "1964", "DestinationPortName": "echo", "SourceIsIpv6": "false", "DestinationIp": "192.168.2.5", "Initiated": "true", "SourcePortName": "-", "Image": "C:\\Users\\george\\Desktop\\owfJcdrSAlan.exe", "ProcessGuid": "{C784477D-E666-63AA-2A06-000000001F00}", "DestinationHostname": "-", "UtcTime": "1671801712", "User": "DESKTOP-B0T93D6\\george", "DestinationPort": "7", "RuleName": "Usermode", "SourcePort": "55206", "Protocol": "udp", "DestinationIsIpv6": "false", "SourceIp": "192.168.2.17", "SourceHostname": "DESKTOP-B0T93D6.local"}}, {"values": {"EventID": "3", "ProcessId": "1964", "DestinationPortName": "echo", "SourceIsIpv6": "false", "Initiated": "true", "DestinationIp": "192.168.2.6", "SourcePortName": "-", "Image": "C:\\Users\\george\\Desktop\\owfJcdrSAlan.exe", "RuleName": "Usermode", "DestinationHostname": "-", "UtcTime": "1671801712", "User": "DESKTOP-B0T93D6\\george", "DestinationPort": "7", "ProcessGuid": "{C784477D-E666-63AA-2A06-000000001F00}", "SourcePort": "55209", "Protocol": "udp", "SourceHostname": "DESKTOP-B0T93D6.local", "SourceIp": "192.168.2.17", "DestinationIsIpv6": "false"}}, {"values": {"EventID": "3", "ProcessId": "5644", "DestinationPortName": "echo", "Protocol": "udp", "Initiated": "true", "DestinationIp": "192.168.2.4", "SourcePortName": "-", "Image": "C:\\Users\\george\\Desktop\\EXGPpwUDUlan.exe", "ProcessGuid": "{C784477D-E667-63AA-2B06-000000001F00}", "DestinationHostname": "-", "UtcTime": "1671801712", "User": "DESKTOP-B0T93D6\\george", "DestinationPort": "7", "RuleName": "Usermode", "SourcePort": "55210", "SourceIsIpv6": "false", "SourceHostname": "DESKTOP-B0T93D6.local", "SourceIp": "192.168.2.17", "DestinationIsIpv6": "false"}}, {"values": {"EventID": "3", "ProcessId": "6684", "DestinationPortName": "echo", "Protocol": "udp", "Initiated": "true", "DestinationIp": "192.168.2.3", "SourcePortName": "-", "Image": "C:\\Users\\george\\Desktop\\uTuCNMiAElan.exe", "RuleName": "Usermode", "DestinationHostname": "-", "UtcTime": "1671801713", "User": "DESKTOP-B0T93D6\\george", "DestinationPort": "7", "ProcessGuid": "{C784477D-E668-63AA-2C06-000000001F00}", "SourcePort": "56790", "SourceIsIpv6": "false", "SourceHostname": "DESKTOP-B0T93D6.local", "SourceIp": "192.168.2.17", "DestinationIsIpv6": "false"}}, {"values": {"EventID": "3", "ProcessId": "1964", "DestinationPortName": "echo", "SourceIsIpv6": "false", "DestinationIp": "192.168.2.7", "Initiated": "true", "SourcePortName": "-", "Image": "C:\\Users\\george\\Desktop\\owfJcdrSAlan.exe", "ProcessGuid": "{C784477D-E666-63AA-2A06-000000001F00}", "DestinationHostname": "-", "UtcTime": "1671801713", "User": "DESKTOP-B0T93D6\\george", "DestinationPort": "7", "RuleName": "Usermode", "SourcePort": "56791", "Protocol": "udp", "DestinationIsIpv6": "false", "SourceIp": "192.168.2.17", "SourceHostname": "DESKTOP-B0T93D6.local"}}, {"values": {"EventID": "3", "ProcessId": "5644", "DestinationPortName": "echo", "SourceIsIpv6": "false", "DestinationIp": "192.168.2.5", "Initiated": "true", "SourcePortName": "-", "Image": "C:\\Users\\george\\Desktop\\EXGPpwUDUlan.exe", "ProcessGuid": "{C784477D-E667-63AA-2B06-000000001F00}", "DestinationHostname": "-", "UtcTime": "1671801713", "User": "DESKTOP-B0T93D6\\george", "DestinationPort": "7", "RuleName": "Usermode", "SourcePort": "56792", "Protocol": "udp", "SourceHostname": "DESKTOP-B0T93D6.local", "SourceIp": "192.168.2.17", "DestinationIsIpv6": "false"}}, {"values": {"EventID": "3", "ProcessId": "6684", "DestinationPortName": "echo", "SourceIsIpv6": "false", "Initiated": "true", "DestinationIp": "192.168.2.4", "SourcePortName": "-", "Image": "C:\\Users\\george\\Desktop\\uTuCNMiAElan.exe", "RuleName": "Usermode", "DestinationHostname": "-", "UtcTime": "1671801713", "User": "DESKTOP-B0T93D6\\george", "DestinationPort": "7", "ProcessGuid": "{C784477D-E668-63AA-2C06-000000001F00}", "SourcePort": "56793", "Protocol": "udp", "DestinationIsIpv6": "false", "SourceIp": "192.168.2.17", "SourceHostname": "DESKTOP-B0T93D6.local"}}, {"values": {"EventID": "3", "ProcessId": "1964", "DestinationPortName": "echo", "Protocol": "udp", "Initiated": "true", "DestinationIp": "192.168.2.8", "SourcePortName": "-", "Image": "C:\\Users\\george\\Desktop\\owfJcdrSAlan.exe", "ProcessGuid": "{C784477D-E666-63AA-2A06-000000001F00}", "DestinationHostname": "-", "UtcTime": "1671801713", "User": "DESKTOP-B0T93D6\\george", "DestinationPort": "7", "RuleName": "Usermode", "SourcePort": "56794", "SourceIsIpv6": "false", "SourceHostname": "DESKTOP-B0T93D6.local", "SourceIp": "192.168.2.17", "DestinationIsIpv6": "false"}}, {"values": {"EventID": "3", "ProcessId": "5644", "DestinationPortName": "echo", "Protocol": "udp", "DestinationIp": "192.168.2.6", "Initiated": "true", "SourcePortName": "-", "Image": "C:\\Users\\george\\Desktop\\EXGPpwUDUlan.exe", "ProcessGuid": "{C784477D-E667-63AA-2B06-000000001F00}", "DestinationHostname": "-", "UtcTime": "1671801713", "User": "DESKTOP-B0T93D6\\george", "DestinationPort": "7", "RuleName": "Usermode", "SourcePort": "56795", "SourceIsIpv6": "false", "DestinationIsIpv6": "false", "SourceIp": "192.168.2.17", "SourceHostname": "DESKTOP-B0T93D6.local"}}, {"values": {"EventID": "3", "ProcessId": "6684", "DestinationPortName": "echo", "Protocol": "udp", "DestinationIp": "192.168.2.5", "Initiated": "true", "SourcePortName": "-", "Image": "C:\\Users\\george\\Desktop\\uTuCNMiAElan.exe", "ProcessGuid": "{C784477D-E668-63AA-2C06-000000001F00}", "DestinationHostname": "-", "UtcTime": "1671801713", "User": "DESKTOP-B0T93D6\\george", "DestinationPort": "7", "RuleName": "Usermode", "SourcePort": "56796", "SourceIsIpv6": "false", "DestinationIsIpv6": "false", "SourceIp": "192.168.2.17", "SourceHostname": "DESKTOP-B0T93D6.local"}}, {"values": {"EventID": "3", "ProcessId": "1964", "DestinationPortName": "echo", "SourceIsIpv6": "false", "Initiated": "true", "DestinationIp": "192.168.2.9", "SourcePortName": "-", "Image": "C:\\Users\\george\\Desktop\\owfJcdrSAlan.exe", "RuleName": "Usermode", "DestinationHostname": "-", "UtcTime": "1671801713", "User": "DESKTOP-B0T93D6\\george", "DestinationPort": "7", "ProcessGuid": "{C784477D-E666-63AA-2A06-000000001F00}", "SourcePort": "56797", "Protocol": "udp", "DestinationIsIpv6": "false", "SourceIp": "192.168.2.17", "SourceHostname": "DESKTOP-B0T93D6.local"}}, {"values": {"EventID": "3", "ProcessId": "5644", "DestinationPortName": "echo", "Protocol": "udp", "DestinationIp": "192.168.2.7", "Initiated": "true", "SourcePortName": "-", "Image": "C:\\Users\\george\\Desktop\\EXGPpwUDUlan.exe", "ProcessGuid": "{C784477D-E667-63AA-2B06-000000001F00}", "DestinationHostname": "-", "UtcTime": "1671801713", "User": "DESKTOP-B0T93D6\\george", "DestinationPort": "7", "RuleName": "Usermode", "SourcePort": "56798", "SourceIsIpv6": "false", "SourceHostname": "DESKTOP-B0T93D6.local", "SourceIp": "192.168.2.17", "DestinationIsIpv6": "false"}}, {"values": {"EventID": "3", "ProcessId": "6684", "DestinationPortName": "echo", "Protocol": "udp", "DestinationIp": "192.168.2.6", "Initiated": "true", "SourcePortName": "-", "Image": "C:\\Users\\george\\Desktop\\uTuCNMiAElan.exe", "ProcessGuid": "{C784477D-E668-63AA-2C06-000000001F00}", "DestinationHostname": "-", "UtcTime": "1671801714", "User": "DESKTOP-B0T93D6\\george", "DestinationPort": "7", "RuleName": "Usermode", "SourcePort": "56799", "SourceIsIpv6": "false", "SourceHostname": "DESKTOP-B0T93D6.local", "SourceIp": "192.168.2.17", "DestinationIsIpv6": "false"}}, {"values": {"EventID": "3", "ProcessId": "1964", "DestinationPortName": "echo", "SourceIsIpv6": "false", "DestinationIp": "192.168.2.10", "Initiated": "true", "SourcePortName": "-", "Image": "C:\\Users\\george\\Desktop\\owfJcdrSAlan.exe", "RuleName": "Usermode", "DestinationHostname": "-", "UtcTime": "1671801714", "User": "DESKTOP-B0T93D6\\george", "DestinationPort": "7", "ProcessGuid": "{C784477D-E666-63AA-2A06-000000001F00}", "SourcePort": "56128", "Protocol": "udp", "DestinationIsIpv6": "false", "SourceIp": "192.168.2.17", "SourceHostname": "DESKTOP-B0T93D6.local"}}, {"values": {"EventID": "3", "ProcessId": "5644", "DestinationPortName": "echo", "Protocol": "udp", "Initiated": "true", "DestinationIp": "192.168.2.8", "SourcePortName": "-", "Image": "C:\\Users\\george\\Desktop\\EXGPpwUDUlan.exe", "ProcessGuid": "{C784477D-E667-63AA-2B06-000000001F00}", "DestinationHostname": "-", "UtcTime": "1671801714", "User": "DESKTOP-B0T93D6\\george", "DestinationPort": "7", "RuleName": "Usermode", "SourcePort": "56129", "SourceIsIpv6": "false", "DestinationIsIpv6": "false", "SourceIp": "192.168.2.17", "SourceHostname": "DESKTOP-B0T93D6.local"}}, {"values": {"EventID": "3", "ProcessId": "6684", "DestinationPortName": "echo", "SourceIsIpv6": "false", "Initiated": "true", "DestinationIp": "192.168.2.7", "SourcePortName": "-", "Image": "C:\\Users\\george\\Desktop\\uTuCNMiAElan.exe", "ProcessGuid": "{C784477D-E668-63AA-2C06-000000001F00}", "DestinationHostname": "-", "UtcTime": "1671801714", "User": "DESKTOP-B0T93D6\\george", "DestinationPort": "7", "RuleName": "Usermode", "SourcePort": "56130", "Protocol": "udp", "SourceHostname": "DESKTOP-B0T93D6.local", "SourceIp": "192.168.2.17", "DestinationIsIpv6": "false"}}, {"values": {"EventID": "3", "ProcessId": "6684", "DestinationPortName": "echo", "SourceIsIpv6": "false", "Initiated": "true", "DestinationIp": "192.168.2.9", "SourcePortName": "-", "Image": "C:\\Users\\george\\Desktop\\uTuCNMiAElan.exe", "RuleName": "Usermode", "DestinationHostname": "-", "UtcTime": "1671801714", "User": "DESKTOP-B0T93D6\\george", "DestinationPort": "7", "ProcessGuid": "{C784477D-E668-63AA-2C06-000000001F00}", "SourcePort": "56136", "Protocol": "udp", "DestinationIsIpv6": "false", "SourceIp": "192.168.2.17", "SourceHostname": "DESKTOP-B0T93D6.local"}}, {"values": {"EventID": "3", "ProcessId": "1964", "DestinationPortName": "echo", "SourceIsIpv6": "false", "DestinationIp": "192.168.2.13", "Initiated": "true", "SourcePortName": "-", "Image": "C:\\Users\\george\\Desktop\\owfJcdrSAlan.exe", "RuleName": "Usermode", "DestinationHostname": "-", "UtcTime": "1671801714", "User": "DESKTOP-B0T93D6\\george", "DestinationPort": "7", "ProcessGuid": "{C784477D-E666-63AA-2A06-000000001F00}", "SourcePort": "56137", "Protocol": "udp", "DestinationIsIpv6": "false", "SourceIp": "192.168.2.17", "SourceHostname": "DESKTOP-B0T93D6.local"}}, {"values": {"EventID": "3", "ProcessId": "1964", "DestinationPortName": "echo", "SourceIsIpv6": "false", "Initiated": "true", "DestinationIp": "192.168.2.11", "SourcePortName": "-", "Image": "C:\\Users\\george\\Desktop\\owfJcdrSAlan.exe", "RuleName": "Usermode", "DestinationHostname": "-", "UtcTime": "1671801714", "User": "DESKTOP-B0T93D6\\george", "DestinationPort": "7", "ProcessGuid": "{C784477D-E666-63AA-2A06-000000001F00}", "SourcePort": "56131", "Protocol": "udp", "SourceHostname": "DESKTOP-B0T93D6.local", "SourceIp": "192.168.2.17", "DestinationIsIpv6": "false"}}, {"values": {"EventID": "3", "ProcessId": "5644", "DestinationPortName": "echo", "SourceIsIpv6": "false", "Initiated": "true", "DestinationIp": "192.168.2.9", "SourcePortName": "-", "Image": "C:\\Users\\george\\Desktop\\EXGPpwUDUlan.exe", "ProcessGuid": "{C784477D-E667-63AA-2B06-000000001F00}", "DestinationHostname": "-", "UtcTime": "1671801714", "User": "DESKTOP-B0T93D6\\george", "DestinationPort": "7", "RuleName": "Usermode", "SourcePort": "56132", "Protocol": "udp", "SourceHostname": "DESKTOP-B0T93D6.local", "SourceIp": "192.168.2.17", "DestinationIsIpv6": "false"}}, {"values": {"EventID": "3", "ProcessId": "5644", "DestinationPortName": "echo", "SourceIsIpv6": "false", "DestinationIp": "192.168.2.11", "Initiated": "true", "SourcePortName": "-", "Image": "C:\\Users\\george\\Desktop\\EXGPpwUDUlan.exe", "ProcessGuid": "{C784477D-E667-63AA-2B06-000000001F00}", "DestinationHostname": "-", "UtcTime": "1671801715", "User": "DESKTOP-B0T93D6\\george", "DestinationPort": "7", "RuleName": "Usermode", "SourcePort": "64062", "Protocol": "udp", "SourceHostname": "DESKTOP-B0T93D6.local", "SourceIp": "192.168.2.17", "DestinationIsIpv6": "false"}}, {"values": {"EventID": "3", "ProcessId": "6684", "DestinationPortName": "echo", "Protocol": "udp", "DestinationIp": "192.168.2.10", "Initiated": "true", "SourcePortName": "-", "Image": "C:\\Users\\george\\Desktop\\uTuCNMiAElan.exe", "ProcessGuid": "{C784477D-E668-63AA-2C06-000000001F00}", "DestinationHostname": "-", "UtcTime": "1671801715", "User": "DESKTOP-B0T93D6\\george", "DestinationPort": "7", "RuleName": "Usermode", "SourcePort": "64063", "SourceIsIpv6": "false", "DestinationIsIpv6": "false", "SourceIp": "192.168.2.17", "SourceHostname": "DESKTOP-B0T93D6.local"}}, {"values": {"EventID": "3", "ProcessId": "6684", "DestinationPortName": "echo", "SourceIsIpv6": "false", "Initiated": "true", "DestinationIp": "192.168.2.8", "SourcePortName": "-", "Image": "C:\\Users\\george\\Desktop\\uTuCNMiAElan.exe", "RuleName": "Usermode", "DestinationHostname": "-", "UtcTime": "1671801714", "User": "DESKTOP-B0T93D6\\george", "DestinationPort": "7", "ProcessGuid": "{C784477D-E668-63AA-2C06-000000001F00}", "SourcePort": "56133", "Protocol": "udp", "DestinationIsIpv6": "false", "SourceIp": "192.168.2.17", "SourceHostname": "DESKTOP-B0T93D6.local"}}, 