{"values": {"TerminalSessionId": "1", "ProcessGuid": "{C784477D-E672-63AA-5706-000000001F00}", "ProcessId": "3564", "Product": "Microsoft\\xae Windows\\xae Operating System", "Description": "Net Command", "Company": "Microsoft Corporation", "ParentProcessGuid": "{C784477D-E671-63AA-5406-000000001F00}", "User": "DESKTOP-B0T93D6\\george", "Hashes": "MD5=B5A26C2BF17222E86B91D26F1247AF3E,SHA256=14CC5BE4C833ACC652195DEAD113E1C3B4AC0B98EA1AEAD11957836F9AE721CF,IMPHASH=3D3E7537BD3BA07738DC5CA8AD01B073", "OriginalFileName": "net1.exe", "ParentImage": "C:\\Windows\\SysWOW64\\net.exe", "FileVersion": "10.0.17134.1 (WinBuild.160101.0800)", "ParentProcessId": "1448", "CurrentDirectory": "C:\\Users\\george\\Desktop\\", "CommandLine": "C:\\Windows\\system32\\net1 stop \"samss\" /y", "EventID": "1", "LogonGuid": "C784477D-A940-63A5-A9D9-030000000000", "LogonId": "252329", "Image": "C:\\Windows\\SysWOW64\\net1.exe", "IntegrityLevel": "High", "ParentCommandLine": "\"C:\\Windows\\System32\\net.exe\" stop \"samss\" /y", "UtcTime": "1672144498", "RuleName": "-"}}, {"values": {"TerminalSessionId": "1", "ProcessGuid": "{C784477D-E672-63AA-5806-000000001F00}", "ProcessId": "1536", "Product": "Microsoft\\xae Windows\\xae Operating System", "Description": "Net Command", "Company": "Microsoft Corporation", "ParentProcessGuid": "{C784477D-E609-63AA-2306-000000001F00}", "User": "DESKTOP-B0T93D6\\george", "Hashes": "MD5=DD0561156F62BC1958CE0E370B23711B,SHA256=FD41D0261C6D22572DA448BCB5CBBB98F78A2922D1F1074D25237CC82C8CE432,IMPHASH=86350518EAE83E4A09BBF6317BA1C570", "OriginalFileName": "net.exe", "ParentImage": "C:\\Users\\george\\Desktop\\executable.exe", "FileVersion": "10.0.17134.1 (WinBuild.160101.0800)", "ParentProcessId": "6880", "CurrentDirectory": "C:\\Users\\george\\Desktop\\", "CommandLine": "\"C:\\Windows\\System32\\net.exe\" stop \"samss\" /y", "EventID": "1", "LogonGuid": "C784477D-A940-63A5-A9D9-030000000000", "LogonId": "252329", "Image": "C:\\Windows\\SysWOW64\\net.exe", "IntegrityLevel": "High", "ParentCommandLine": "\"C:\\Users\\george\\Desktop\\executable.exe\"", "UtcTime": "1672144498", "RuleName": "-"}}, {"values": {"TerminalSessionId": "1", "ProcessGuid": "{C784477D-E672-63AA-5906-000000001F00}", "ProcessId": "7128", "Product": "Microsoft\\xae Windows\\xae Operating System", "Description": "Net Command", "Company": "Microsoft Corporation", "ParentProcessGuid": "{C784477D-E609-63AA-2306-000000001F00}", "User": "DESKTOP-B0T93D6\\george", "Hashes": "MD5=DD0561156F62BC1958CE0E370B23711B,SHA256=FD41D0261C6D22572DA448BCB5CBBB98F78A2922D1F1074D25237CC82C8CE432,IMPHASH=86350518EAE83E4A09BBF6317BA1C570", "OriginalFileName": "net.exe", "ParentImage": "C:\\Users\\george\\Desktop\\executable.exe", "FileVersion": "10.0.17134.1 (WinBuild.160101.0800)", "ParentProcessId": "6880", "CurrentDirectory": "C:\\Users\\george\\Desktop\\", "CommandLine": "\"C:\\Windows\\System32\\net.exe\" stop \"samss\" /y", "EventID": "1", "LogonGuid": "C784477D-A940-63A5-A9D9-030000000000", "LogonId": "252329", "Image": "C:\\Windows\\SysWOW64\\net.exe", "IntegrityLevel": "High", "ParentCommandLine": "\"C:\\Users\\george\\Desktop\\executable.exe\"", "UtcTime": "1672144498", "RuleName": "-"}}, {"values": {"TerminalSessionId": "1", "ProcessGuid": "{C784477D-E673-63AA-5B06-000000001F00}", "ProcessId": "1760", "Product": "Microsoft\\xae Windows\\xae Operating System", "Description": "Net Command", "Company": "Microsoft Corporation", "ParentProcessGuid": "{C784477D-E672-63AA-5806-000000001F00}", "User": "DESKTOP-B0T93D6\\george", "Hashes": "MD5=B5A26C2BF17222E86B91D26F1247AF3E,SHA256=14CC5BE4C833ACC652195DEAD113E1C3B4AC0B98EA1AEAD11957836F9AE721CF,IMPHASH=3D3E7537BD3BA07738DC5CA8AD01B073", "OriginalFileName": "net1.exe", "ParentImage": "C:\\Windows\\SysWOW64\\net.exe", "FileVersion": "10.0.17134.1 (WinBuild.160101.0800)", "ParentProcessId": "1536", "CurrentDirectory": "C:\\Users\\george\\Desktop\\", "CommandLine": "C:\\Windows\\system32\\net1 stop \"samss\" /y", "EventID": "1", "LogonGuid": "C784477D-A940-63A5-A9D9-030000000000", "LogonId": "252329", "Image": "C:\\Windows\\SysWOW64\\net1.exe", "IntegrityLevel": "High", "ParentCommandLine": "\"C:\\Windows\\System32\\net.exe\" stop \"samss\" /y", "UtcTime": "1672144499", "RuleName": "-"}}, {"values": {"TerminalSessionId": "1", "ProcessGuid": "{C784477D-E673-63AA-5D06-000000001F00}", "ProcessId": "5532", "Product": "Microsoft\\xae Windows\\xae Operating System", "Description": "Net Command", "Company": "Microsoft Corporation", "ParentProcessGuid": "{C784477D-E672-63AA-5906-000000001F00}", "User": "DESKTOP-B0T93D6\\george", "Hashes": "MD5=B5A26C2BF17222E86B91D26F1247AF3E,SHA256=14CC5BE4C833ACC652195DEAD113E1C3B4AC0B98EA1AEAD11957836F9AE721CF,IMPHASH=3D3E7537BD3BA07738DC5CA8AD01B073", "OriginalFileName": "net1.exe", "ParentImage": "C:\\Windows\\SysWOW64\\net.exe", "FileVersion": "10.0.17134.1 (WinBuild.160101.0800)", "ParentProcessId": "7128", "CurrentDirectory": "C:\\Users\\george\\Desktop\\", "CommandLine": "C:\\Windows\\system32\\net1 stop \"samss\" /y", "EventID": "1", "LogonGuid": "C784477D-A940-63A5-A9D9-030000000000", "LogonId": "252329", "Image": "C:\\Windows\\SysWOW64\\net1.exe", "IntegrityLevel": "High", "ParentCommandLine": "\"C:\\Windows\\System32\\net.exe\" stop \"samss\" /y", "UtcTime": "1672144499", "RuleName": "-"}}, {"values": {"TerminalSessionId": "1", "ProcessGuid": "{C784477D-E674-63AA-5E06-000000001F00}", "ProcessId": "1168", "Product": "Microsoft\\xae Windows\\xae Operating System", "Description": "Net Command", "Company": "Microsoft Corporation", "ParentProcessGuid": "{C784477D-E609-63AA-2306-000000001F00}", "User": "DESKTOP-B0T93D6\\george", "Hashes": "MD5=DD0561156F62BC1958CE0E370B23711B,SHA256=FD41D0261C6D22572DA448BCB5CBBB98F78A2922D1F1074D25237CC82C8CE432,IMPHASH=86350518EAE83E4A09BBF6317BA1C570", "OriginalFileName": "net.exe", "ParentImage": "C:\\Users\\george\\Desktop\\executable.exe", "FileVersion": "10.0.17134.1 (WinBuild.160101.0800)", "ParentProcessId": "6880", "CurrentDirectory": "C:\\Users\\george\\Desktop\\", "CommandLine": "\"C:\\Windows\\System32\\net.exe\" stop \"samss\" /y", "EventID": "1", "LogonGuid": "C784477D-A940-63A5-A9D9-030000000000", "LogonId": "252329", "Image": "C:\\Windows\\SysWOW64\\net.exe", "IntegrityLevel": "High", "ParentCommandLine": "\"C:\\Users\\george\\Desktop\\executable.exe\"", "UtcTime": "1672144500", "RuleName": "-"}}, {"values": {"TerminalSessionId": "1", "ProcessGuid": "{C784477D-E674-63AA-6006-000000001F00}", "ProcessId": "7112", "Product": "Microsoft\\xae Windows\\xae Operating System", "Description": "Net Command", "Company": "Microsoft Corporation", "ParentProcessGuid": "{C784477D-E609-63AA-2306-000000001F00}", "User": "DESKTOP-B0T93D6\\george", "Hashes": "MD5=DD0561156F62BC1958CE0E370B23711B,SHA256=FD41D0261C6D22572DA448BCB5CBBB98F78A2922D1F1074D25237CC82C8CE432,IMPHASH=86350518EAE83E4A09BBF6317BA1C570", "OriginalFileName": "net.exe", "ParentImage": "C:\\Users\\george\\Desktop\\executable.exe", "FileVersion": "10.0.17134.1 (WinBuild.160101.0800)", "ParentProcessId": "6880", "CurrentDirectory": "C:\\Users\\george\\Desktop\\", "CommandLine": "\"C:\\Windows\\System32\\net.exe\" stop \"samss\" /y", "EventID": "1", "LogonGuid": "C784477D-A940-63A5-A9D9-030000000000", "LogonId": "252329", "Image": "C:\\Windows\\SysWOW64\\net.exe", "IntegrityLevel": "High", "ParentCommandLine": "\"C:\\Users\\george\\Desktop\\executable.exe\"", "UtcTime": "1672144500", "RuleName": "-"}}, {"values": {"TerminalSessionId": "1", "ProcessGuid": "{C784477D-E674-63AA-6106-000000001F00}", "ProcessId": "816", "Product": "Microsoft\\xae Windows\\xae Operating System", "Description": "Net Command", "Company": "Microsoft Corporation", "ParentProcessGuid": "{C784477D-E674-63AA-5E06-000000001F00}", "User": "DESKTOP-B0T93D6\\george", "Hashes": "MD5=B5A26C2BF17222E86B91D26F1247AF3E,SHA256=14CC5BE4C833ACC652195DEAD113E1C3B4AC0B98EA1AEAD11957836F9AE721CF,IMPHASH=3D3E7537BD3BA07738DC5CA8AD01B073", "OriginalFileName": "net1.exe", "ParentImage": "C:\\Windows\\SysWOW64\\net.exe", "FileVersion": "10.0.17134.1 (WinBuild.160101.0800)", "ParentProcessId": "1168", "CurrentDirectory": "C:\\Users\\george\\Desktop\\", "CommandLine": "C:\\Windows\\system32\\net1 stop \"samss\" /y", "EventID": "1", "LogonGuid": "C784477D-A940-63A5-A9D9-030000000000", "LogonId": "252329", "Image": "C:\\Windows\\SysWOW64\\net1.exe", "IntegrityLevel": "High", "ParentCommandLine": "\"C:\\Windows\\System32\\net.exe\" stop \"samss\" /y", "UtcTime": "1672144500", "RuleName": "-"}}, {"values": {"TerminalSessionId": "1", "ProcessGuid": "{C784477D-E674-63AA-6306-000000001F00}", "ProcessId": "3284", "Product": "Microsoft\\xae Windows\\xae Operating System", "Description": "Net Command", "Company": "Microsoft Corporation", "ParentProcessGuid": "{C784477D-E674-63AA-6006-000000001F00}", "User": "DESKTOP-B0T93D6\\george", "Hashes": "MD5=B5A26C2BF17222E86B91D26F1247AF3E,SHA256=14CC5BE4C833ACC652195DEAD113E1C3B4AC0B98EA1AEAD11957836F9AE721CF,IMPHASH=3D3E7537BD3BA07738DC5CA8AD01B073", "OriginalFileName": "net1.exe", "ParentImage": "C:\\Windows\\SysWOW64\\net.exe", "FileVersion": "10.0.17134.1 (WinBuild.160101.0800)", "ParentProcessId": "7112", "CurrentDirectory": "C:\\Users\\george\\Desktop\\", "CommandLine": "C:\\Windows\\system32\\net1 stop \"samss\" /y", "EventID": "1", "LogonGuid": "C784477D-A940-63A5-A9D9-030000000000", "LogonId": "252329", "Image": "C:\\Windows\\SysWOW64\\net1.exe", "IntegrityLevel": "High", "ParentCommandLine": "\"C:\\Windows\\System32\\net.exe\" stop \"samss\" /y", "UtcTime": "1672144500", "RuleName": "-"}}, {"values": {"TerminalSessionId": "1", "ProcessGuid": "{C784477D-E675-63AA-6406-000000001F00}", "ProcessId": "3372", "Product": "Microsoft\\xae Windows\\xae Operating System", "Description": "Net Command", "Company": "Microsoft Corporation", "ParentProcessGuid": "{C784477D-E609-63AA-2306-000000001F00}", "User": "DESKTOP-B0T93D6\\george", "Hashes": "MD5=DD0561156F62BC1958CE0E370B23711B,SHA256=FD41D0261C6D22572DA448BCB5CBBB98F78A2922D1F1074D25237CC82C8CE432,IMPHASH=86350518EAE83E4A09BBF6317BA1C570", "OriginalFileName": "net.exe", "ParentImage": "C:\\Users\\george\\Desktop\\executable.exe", "FileVersion": "10.0.17134.1 (WinBuild.160101.0800)", "ParentProcessId": "6880", "CurrentDirectory": "C:\\Users\\george\\Desktop\\", "CommandLine": "\"C:\\Windows\\System32\\net.exe\" stop \"samss\" /y", "EventID": "1", "LogonGuid": "C784477D-A940-63A5-A9D9-030000000000", "LogonId": "252329", "Image": "C:\\Windows\\SysWOW64\\net.exe", "IntegrityLevel": "High", "ParentCommandLine": "\"C:\\Users\\george\\Desktop\\executable.exe\"", "UtcTime": "1672144501", "RuleName": "-"}}, {"values": {"TerminalSessionId": "1", "ProcessGuid": "{C784477D-E675-63AA-6506-000000001F00}", "ProcessId": "4840", "Product": "Microsoft\\xae Windows\\xae Operating System", "Description": "Net Command", "Company": "Microsoft Corporation", "ParentProcessGuid": "{C784477D-E609-63AA-2306-000000001F00}", "User": "DESKTOP-B0T93D6\\george", "Hashes": "MD5=DD0561156F62BC1958CE0E370B23711B,SHA256=FD41D0261C6D22572DA448BCB5CBBB98F78A2922D1F1074D25237CC82C8CE432,IMPHASH=86350518EAE83E4A09BBF6317BA1C570", "OriginalFileName": "net.exe", "ParentImage": "C:\\Users\\george\\Desktop\\executable.exe", "FileVersion": "10.0.17134.1 (WinBuild.160101.0800)", "ParentProcessId": "6880", "CurrentDirectory": "C:\\Users\\george\\Desktop\\", "CommandLine": "\"C:\\Windows\\System32\\net.exe\" stop \"samss\" /y", "EventID": "1", "LogonGuid": "C784477D-A940-63A5-A9D9-030000000000", "LogonId": "252329", "Image": "C:\\Windows\\SysWOW64\\net.exe", "IntegrityLevel": "High", "ParentCommandLine": "\"C:\\Users\\george\\Desktop\\executable.exe\"", "UtcTime": "1672144501", "RuleName": "-"}}, {"values": {"TerminalSessionId": "1", "ProcessGuid": "{C784477D-E675-63AA-6806-000000001F00}", "ProcessId": "5236", "Product": "Microsoft\\xae Windows\\xae Operating System", "Description": "Net Command", "Company": "Microsoft Corporation", "ParentProcessGuid": "{C784477D-E675-63AA-6406-000000001F00}", "User": "DESKTOP-B0T93D6\\george", "Hashes": "MD5=B5A26C2BF17222E86B91D26F1247AF3E,SHA256=14CC5BE4C833ACC652195DEAD113E1C3B4AC0B98EA1AEAD11957836F9AE721CF,IMPHASH=3D3E7537BD3BA07738DC5CA8AD01B073", "OriginalFileName": "net1.exe", "ParentImage": "C:\\Windows\\SysWOW64\\net.exe", "FileVersion": "10.0.17134.1 (WinBuild.160101.0800)", "ParentProcessId": "3372", "CurrentDirectory": "C:\\Users\\george\\Desktop\\", "CommandLine": "C:\\Windows\\system32\\net1 stop \"samss\" /y", "EventID": "1", "LogonGuid": "C784477D-A940-63A5-A9D9-030000000000", "LogonId": "252329", "Image": "C:\\Windows\\SysWOW64\\net1.exe", "IntegrityLevel": "High", "ParentCommandLine": "\"C:\\Windows\\System32\\net.exe\" stop \"samss\" /y", "UtcTime": "1672144501", "RuleName": "-"}}, {"values": {"TerminalSessionId": "1", "ProcessGuid": "{C784477D-E675-63AA-6906-000000001F00}", "ProcessId": "3172", "Product": "Microsoft\\xae Windows\\xae Operating System", "Description": "Net Command", "Company": "Microsoft Corporation", "ParentProcessGuid": "{C784477D-E675-63AA-6506-000000001F00}", "User": "DESKTOP-B0T93D6\\george", "Hashes": "MD5=B5A26C2BF17222E86B91D26F1247AF3E,SHA256=14CC5BE4C833ACC652195DEAD113E1C3B4AC0B98EA1AEAD11957836F9AE721CF,IMPHASH=3D3E7537BD3BA07738DC5CA8AD01B073", "OriginalFileName": "net1.exe", "ParentImage": "C:\\Windows\\SysWOW64\\net.exe", "FileVersion": "10.0.17134.1 (WinBuild.160101.0800)", "ParentProcessId": "4840", "CurrentDirectory": "C:\\Users\\george\\Desktop\\", "CommandLine": "C:\\Windows\\system32\\net1 stop \"samss\" /y", "EventID": "1", "LogonGuid": "C784477D-A940-63A5-A9D9-030000000000", "LogonId": "252329", "Image": "C:\\Windows\\SysWOW64\\net1.exe", "IntegrityLevel": "High", "ParentCommandLine": "\"C:\\Windows\\System32\\net.exe\" stop \"samss\" /y", "UtcTime": "1672144501", "RuleName": "-"}}, {"values": {"TerminalSessionId": "1", "ProcessGuid": "{C784477D-E676-63AA-6B06-000000001F00}", "ProcessId": "7160", "Product": "Microsoft\\xae Windows\\xae Operating System", "Description": "Net Command", "Company": "Microsoft Corporation", "ParentProcessGuid": "{C784477D-E609-63AA-2306-000000001F00}", "User": "DESKTOP-B0T93D6\\george", "Hashes": "MD5=DD0561156F62BC1958CE0E370B23711B,SHA256=FD41D0261C6D22572DA448BCB5CBBB98F78A2922D1F1074D25237CC82C8CE432,IMPHASH=86350518EAE83E4A09BBF6317BA1C570", "OriginalFileName": "net.exe", "ParentImage": "C:\\Users\\george\\Desktop\\executable.exe", "FileVersion": "10.0.17134.1 (WinBuild.160101.0800)", "ParentProcessId": "6880", "CurrentDirectory": "C:\\Users\\george\\Desktop\\", "CommandLine": "\"C:\\Windows\\System32\\net.exe\" stop \"samss\" /y", "EventID": "1", "LogonGuid": "C784477D-A940-63A5-A9D9-030000000000", "LogonId": "252329", "Image": "C:\\Windows\\SysWOW64\\net.exe", "IntegrityLevel": "High", "ParentCommandLine": "\"C:\\Users\\george\\Desktop\\executable.exe\"", "UtcTime": "1672144502", "RuleName": "-"}}, {"values": {"TerminalSessionId": "1", "ProcessGuid": "{C784477D-E676-63AA-6D06-000000001F00}", "ProcessId": "4932", "Product": "Microsoft\\xae Windows\\xae Operating System", "Description": "Net Command", "Company": "Microsoft Corporation", "ParentProcessGuid": "{C784477D-E609-63AA-2306-000000001F00}", "User": "DESKTOP-B0T93D6\\george", "Hashes": "MD5=DD0561156F62BC1958CE0E370B23711B,SHA256=FD41D0261C6D22572DA448BCB5CBBB98F78A2922D1F1074D25237CC82C8CE432,IMPHASH=86350518EAE83E4A09BBF6317BA1C570", "OriginalFileName": "net.exe", "ParentImage": "C:\\Users\\george\\Desktop\\executable.exe", "FileVersion": "10.0.17134.1 (WinBuild.160101.0800)", "ParentProcessId": "6880", "CurrentDirectory": "C:\\Users\\george\\Desktop\\", "CommandLine": "\"C:\\Windows\\System32\\net.exe\" stop \"samss\" /y", "EventID": "1", "LogonGuid": "C784477D-A940-63A5-A9D9-030000000000", "LogonId": "252329", "Image": "C:\\Windows\\SysWOW64\\net.exe", "IntegrityLevel": "High", "ParentCommandLine": "\"C:\\Users\\george\\Desktop\\executable.exe\"", "UtcTime": "1672144502", "RuleName": "-"}}, {"values": {"TerminalSessionId": "1", "ProcessGuid": "{C784477D-E676-63AA-6E06-000000001F00}", "ProcessId": "4204", "Product": "Microsoft\\xae Windows\\xae Operating System", "Description": "Net Command", "Company": "Microsoft Corporation", "ParentProcessGuid": "{C784477D-E676-63AA-6B06-000000001F00}", "User": "DESKTOP-B0T93D6\\george", "Hashes": "MD5=B5A26C2BF17222E86B91D26F1247AF3E,SHA256=14CC5BE4C833ACC652195DEAD113E1C3B4AC0B98EA1AEAD11957836F9AE721CF,IMPHASH=3D3E7537BD3BA07738DC5CA8AD01B073", "OriginalFileName": "net1.exe", "ParentImage": "C:\\Windows\\SysWOW64\\net.exe", "FileVersion": "10.0.17134.1 (WinBuild.160101.0800)", "ParentProcessId": "7160", "CurrentDirectory": "C:\\Users\\george\\Desktop\\", "CommandLine": "C:\\Windows\\system32\\net1 stop \"samss\" /y", "EventID": "1", "LogonGuid": "C784477D-A940-63A5-A9D9-030000000000", "LogonId": "252329", "Image": "C:\\Windows\\SysWOW64\\net1.exe", "IntegrityLevel": "High", "ParentCommandLine": "\"C:\\Windows\\System32\\net.exe\" stop \"samss\" /y", "UtcTime": "1672144502", "RuleName": "-"}}, {"values": {"TerminalSessionId": "1", "ProcessGuid": "{C784477D-E676-63AA-7006-000000001F00}", "ProcessId": "1844", "Product": "Microsoft\\xae Windows\\xae Operating System", "Description": "Net Command", "Company": "Microsoft Corporation", "ParentProcessGuid": "{C784477D-E676-63AA-6D06-000000001F00}", "User": "DESKTOP-B0T93D6\\george", "Hashes": "MD5=B5A26C2BF17222E86B91D26F1247AF3E,SHA256=14CC5BE4C833ACC652195DEAD113E1C3B4AC0B98EA1AEAD11957836F9AE721CF,IMPHASH=3D3E7537BD3BA07738DC5CA8AD01B073", "OriginalFileName": "net1.exe", "ParentImage": "C:\\Windows\\SysWOW64\\net.exe", "FileVersion": "10.0.17134.1 (WinBuild.160101.0800)", "ParentProcessId": "4932", "CurrentDirectory": "C:\\Users\\george\\Desktop\\", "CommandLine": "C:\\Windows\\system32\\net1 stop \"samss\" /y", "EventID": "1", "LogonGuid": "C784477D-A940-63A5-A9D9-030000000000", "LogonId": "252329", "Image": "C:\\Windows\\SysWOW64\\net1.exe", "IntegrityLevel": "High", "ParentCommandLine": "\"C:\\Windows\\System32\\net.exe\" stop \"samss\" /y", "UtcTime": "1672144502", "RuleName": "-"}}, {"values": {"TerminalSessionId": "1", "ProcessGuid": "{C784477D-E677-63AA-7106-000000001F00}", "ProcessId": "6788", "Product": "Microsoft\\xae Windows\\xae Operating System", "Description": "Net Command", "Company": "Microsoft Corporation", "ParentProcessGuid": "{C784477D-E609-63AA-2306-000000001F00}", "User": "DESKTOP-B0T93D6\\george", "Hashes": "MD5=DD0561156F62BC1958CE0E370B23711B,SHA256=FD41D0261C6D22572DA448BCB5CBBB98F78A2922D1F1074D25237CC82C8CE432,IMPHASH=86350518EAE83E4A09BBF6317BA1C570", "OriginalFileName": "net.exe", "ParentImage": "C:\\Users\\george\\Desktop\\executable.exe", "FileVersion": "10.0.17134.1 (WinBuild.160101.0800)", "ParentProcessId": "6880", "CurrentDirectory": "C:\\Users\\george\\Desktop\\", "CommandLine": "\"C:\\Windows\\System32\\net.exe\" stop \"samss\" /y", "EventID": "1", "LogonGuid": "C784477D-A940-63A5-A9D9-030000000000", "LogonId": "252329", "Image": "C:\\Windows\\SysWOW64\\net.exe", "IntegrityLevel": "High", "ParentCommandLine": "\"C:\\Users\\george\\Desktop\\executable.exe\"", "UtcTime": "1672144503", "RuleName": "-"}}, {"values": {"TerminalSessionId": "1", "ProcessGuid": "{C784477D-E677-63AA-7306-000000001F00}", "ProcessId": "3736", "Product": "Microsoft\\xae Windows\\xae Operating System", "Description": "Net Command", "Company": "Microsoft Corporation", "ParentProcessGuid": "{C784477D-E609-63AA-2306-000000001F00}", "User": "DESKTOP-B0T93D6\\george", "Hashes": "MD5=DD0561156F62BC1958CE0E370B23711B,SHA256=FD41D0261C6D22572DA448BCB5CBBB98F78A2922D1F1074D25237CC82C8CE432,IMPHASH=86350518EAE83E4A09BBF6317BA1C570", "OriginalFileName": "net.exe", "ParentImage": "C:\\Users\\george\\Desktop\\executable.exe", "FileVersion": "10.0.17134.1 (WinBuild.160101.0800)", "ParentProcessId": "6880", "CurrentDirectory": "C:\\Users\\george\\Desktop\\", "CommandLine": "\"C:\\Windows\\System32\\net.exe\" stop \"samss\" /y", "EventID": "1", "LogonGuid": "C784477D-A940-63A5-A9D9-030000000000", "LogonId": "252329", "Image": "C:\\Windows\\SysWOW64\\net.exe", "IntegrityLevel": "High", "ParentCommandLine": "\"C:\\Users\\george\\Desktop\\executable.exe\"", "UtcTime": "1672144503", "RuleName": "-"}}, {"values": {"TerminalSessionId": "1", "ProcessGuid": "{C784477D-E677-63AA-7506-000000001F00}", "ProcessId": "3532", "Product": "Microsoft\\xae Windows\\xae Operating System", "Description": "Net Command", "Company": "Microsoft Corporation", "ParentProcessGuid": "{C784477D-E677-63AA-7106-000000001F00}", "User": "DESKTOP-B0T93D6\\george", "Hashes": "MD5=B5A26C2BF17222E86B91D26F1247AF3E,SHA256=14CC5BE4C833ACC652195DEAD113E1C3B4AC0B98EA1AEAD11957836F9AE721CF,IMPHASH=3D3E7537BD3BA07738DC5CA8AD01B073", "OriginalFileName": "net1.exe", "ParentImage": "C:\\Windows\\SysWOW64\\net.exe", "FileVersion": "10.0.17134.1 (WinBuild.160101.0800)", "ParentProcessId": "6788", "CurrentDirectory": "C:\\Users\\george\\Desktop\\", "CommandLine": "C:\\Windows\\system32\\net1 stop \"samss\" /y", "EventID": "1", "LogonGuid": "C784477D-A940-63A5-A9D9-030000000000", "LogonId": "252329", "Image": "C:\\Windows\\SysWOW64\\net1.exe", "IntegrityLevel": "High", "ParentCommandLine": "\"C:\\Windows\\System32\\net.exe\" stop \"samss\" /y", "UtcTime": "1672144503", "RuleName": "-"}}, {"values": {"TerminalSessionId": "1", "ProcessGuid": "{C784477D-E677-63AA-7606-000000001F00}", "ProcessId": "6780", "Product": "Microsoft\\xae Windows\\xae Operating System", "Description": "Net Command", "Company": "Microsoft Corporation", "ParentProcessGuid": "{C784477D-E677-63AA-7306-000000001F00}", "User": "DESKTOP-B0T93D6\\george", "Hashes": "MD5=B5A26C2BF17222E86B91D26F1247AF3E,SHA256=14CC5BE4C833ACC652195DEAD113E1C3B4AC0B98EA1AEAD11957836F9AE721CF,IMPHASH=3D3E7537BD3BA07738DC5CA8AD01B073", "OriginalFileName": "net1.exe", "ParentImage": "C:\\Windows\\SysWOW64\\net.exe", "FileVersion": "10.0.17134.1 (WinBuild.160101.0800)", "ParentProcessId": "3736", "CurrentDirectory": "C:\\Users\\george\\Desktop\\", "CommandLine": "C:\\Windows\\system32\\net1 stop \"samss\" /y", "EventID": "1", "LogonGuid": "C784477D-A940-63A5-A9D9-030000000000", "LogonId": "252329", "Image": "C:\\Windows\\SysWOW64\\net1.exe", "IntegrityLevel": "High", "ParentCommandLine": "\"C:\\Windows\\System32\\net.exe\" stop \"samss\" /y", "UtcTime": "1672144503", "RuleName": "-"}}, {"values": {"TerminalSessionId": "1", "ProcessGuid": "{C784477D-E678-63AA-7706-000000001F00}", "ProcessId": "3336", "Product": "Microsoft\\xae Windows\\xae Operating System", "Description": "Net Command", "Company": "Microsoft Corporation", "ParentProcessGuid": "{C784477D-E609-63AA-2306-000000001F00}", "User": "DESKTOP-B0T93D6\\george", "Hashes": "MD5=DD0561156F62BC1958CE0E370B23711B,SHA256=FD41D0261C6D22572DA448BCB5CBBB98F78A2922D1F1074D25237CC82C8CE432,IMPHASH=86350518EAE83E4A09BBF6317BA1C570", "OriginalFileName": "net.exe", "ParentImage": "C:\\Users\\george\\Desktop\\executable.exe", "FileVersion": "10.0.17134.1 (WinBuild.160101.0800)", "ParentProcessId": "6880", "CurrentDirectory": "C:\\Users\\george\\Desktop\\", "CommandLine": "\"C:\\Windows\\System32\\net.exe\" stop \"samss\" /y", "EventID": "1", "LogonGuid": "C784477D-A940-63A5-A9D9-030000000000", "LogonId": "252329", "Image": "C:\\Windows\\SysWOW64\\net.exe", "IntegrityLevel": "High", "ParentCommandLine": "\"C:\\Users\\george\\Desktop\\executable.exe\"", "UtcTime": "1672144504", "RuleName": "-"}}, {"values": {"TerminalSessionId": "1", "ProcessGuid": "{C784477D-E678-63AA-7806-000000001F00}", "ProcessId": "3264", "Product": "Microsoft\\xae Windows\\xae Operating System", "Description": "Net Command", "Company": "Microsoft Corporation", "ParentProcessGuid": "{C784477D-E609-63AA-2306-000000001F00}", "User": "DESKTOP-B0T93D6\\george", "Hashes": "MD5=DD0561156F62BC1958CE0E370B23711B,SHA256=FD41D0261C6D22572DA448BCB5CBBB98F78A2922D1F1074D25237CC82C8CE432,IMPHASH=86350518EAE83E4A09BBF6317BA1C570", "OriginalFileName": "net.exe", "ParentImage": "C:\\Users\\george\\Desktop\\executable.exe", "FileVersion": "10.0.17134.1 (WinBuild.160101.0800)", "ParentProcessId": "6880", "CurrentDirectory": "C:\\Users\\george\\Desktop\\", "CommandLine": "\"C:\\Windows\\System32\\net.exe\" stop \"samss\" /y", "EventID": "1", "LogonGuid": "C784477D-A940-63A5-A9D9-030000000000", "LogonId": "252329", "Image": "C:\\Windows\\SysWOW64\\net.exe", "IntegrityLevel": "High", "ParentCommandLine": "\"C:\\Users\\george\\Desktop\\executable.exe\"", "UtcTime": "1672144504", "RuleName": "-"}}, {"values": {"TerminalSessionId": "1", "ProcessGuid": "{C784477D-E678-63AA-7A06-000000001F00}", "ProcessId": "4852", "Product": "Microsoft\\xae Windows\\xae Operating System", "Description": "Net Command", "Company": "Microsoft Corporation", "ParentProcessGuid": "{C784477D-E678-63AA-7706-000000001F00}", "User": "DESKTOP-B0T93D6\\george", "Hashes": "MD5=B5A26C2BF17222E86B91D26F1247AF3E,SHA256=14CC5BE4C833ACC652195DEAD113E1C3B4AC0B98EA1AEAD11957836F9AE721CF,IMPHASH=3D3E7537BD3BA07738DC5CA8AD01B073", "OriginalFileName": "net1.exe", "ParentImage": "C:\\Windows\\SysWOW64\\net.exe", "FileVersion": "10.0.17134.1 (WinBuild.160101.0800)", "ParentProcessId": "3336", "CurrentDirectory": "C:\\Users\\george\\Desktop\\", "CommandLine": "C:\\Windows\\system32\\net1 stop \"samss\" /y", "EventID": "1", "LogonGuid": "C784477D-A940-63A5-A9D9-030000000000", "LogonId": "252329", "Image": "C:\\Windows\\SysWOW64\\net1.exe", "IntegrityLevel": "High", "ParentCommandLine": "\"C:\\Windows\\System32\\net.exe\" stop \"samss\" /y", "UtcTime": "1672144504", "RuleName": "-"}}, {"values": {"TerminalSessionId": "1", "ProcessGuid": "{C784477D-E679-63AA-7C06-000000001F00}", "ProcessId": "3412", "Product": "Microsoft\\xae Windows\\xae Operating System", "Description": "Net Command", "Company": "Microsoft Corporation", "ParentProcessGuid": "{C784477D-E678-63AA-7806-000000001F00}", "User": "DESKTOP-B0T93D6\\george", "Hashes": "MD5=B5A26C2BF17222E86B91D26F1247AF3E,SHA256=14CC5BE4C833ACC652195DEAD113E1C3B4AC0B98EA1AEAD11957836F9AE721CF,IMPHASH=3D3E7537BD3BA07738DC5CA8AD01B073", "OriginalFileName": "net1.exe", "ParentImage": "C:\\Windows\\SysWOW64\\net.exe", "FileVersion": "10.0.17134.1 (WinBuild.160101.0800)", "ParentProcessId": "3264", "CurrentDirectory": "C:\\Users\\george\\Desktop\\", "CommandLine": "C:\\Windows\\system32\\net1 stop \"samss\" /y", "EventID": "1", "LogonGuid": "C784477D-A940-63A5-A9D9-030000000000", "LogonId": "252329", "Image": "C:\\Windows\\SysWOW64\\net1.exe", "IntegrityLevel": "High", "ParentCommandLine": "\"C:\\Windows\\System32\\net.exe\" stop \"samss\" /y", "UtcTime": "1672144505", "RuleName": "-"}}, {"values": {"TerminalSessionId": "1", "ProcessGuid": "{C784477D-E679-63AA-7D06-000000001F00}", "ProcessId": "6636", "Product": "Microsoft\\xae Windows\\xae Operating System", "Description": "Net Command", "Company": "Microsoft Corporation", "ParentProcessGuid": "{C784477D-E609-63AA-2306-000000001F00}", "User": "DESKTOP-B0T93D6\\george", "Hashes": "MD5=DD0561156F62BC1958CE0E370B23711B,SHA256=FD41D0261C6D22572DA448BCB5CBBB98F78A2922D1F1074D25237CC82C8CE432,IMPHASH=86350518EAE83E4A09BBF6317BA1C570", "OriginalFileName": "net.exe", "ParentImage": "C:\\Users\\george\\Desktop\\executable.exe", "FileVersion": "10.0.17134.1 (WinBuild.160101.0800)", "ParentProcessId": "6880", "CurrentDirectory": "C:\\Users\\george\\Desktop\\", "CommandLine": "\"C:\\Windows\\System32\\net.exe\" stop \"samss\" /y", "EventID": "1", "LogonGuid": "C784477D-A940-63A5-A9D9-030000000000", "LogonId": "252329", "Image": "C:\\Windows\\SysWOW64\\net.exe", "IntegrityLevel": "High", "ParentCommandLine": "\"C:\\Users\\george\\Desktop\\executable.exe\"", "UtcTime": "1672144505", "RuleName": "-"}}, {"values": {"TerminalSessionId": "1", "ProcessGuid": "{C784477D-E679-63AA-7E06-000000001F00}", "ProcessId": "5532", "Product": "Microsoft\\xae Windows\\xae Operating System", "Description": "Net Command", "Company": "Microsoft Corporation", "ParentProcessGuid": "{C784477D-E609-63AA-2306-000000001F00}", "User": "DESKTOP-B0T93D6\\george", "Hashes": "MD5=DD0561156F62BC1958CE0E370B23711B,SHA256=FD41D0261C6D22572DA448BCB5CBBB98F78A2922D1F1074D25237CC82C8CE432,IMPHASH=86350518EAE83E4A09BBF6317BA1C570", "OriginalFileName": "net.exe", "ParentImage": "C:\\Users\\george\\Desktop\\executable.exe", "FileVersion": "10.0.17134.1 (WinBuild.160101.0800)", "ParentProcessId": "6880", "CurrentDirectory": "C:\\Users\\george\\Desktop\\", "CommandLine": "\"C:\\Windows\\System32\\net.exe\" stop \"samss\" /y", "EventID": "1", "LogonGuid": "C784477D-A940-63A5-A9D9-030000000000", "LogonId": "252329", "Image": "C:\\Windows\\SysWOW64\\net.exe", "IntegrityLevel": "High", "ParentCommandLine": "\"C:\\Users\\george\\Desktop\\executable.exe\"", "UtcTime": "1672144505", "RuleName": "-"}}, {"values": {"TerminalSessionId": "1", "ProcessGuid": "{C784477D-E67A-63AA-8106-000000001F00}", "ProcessId": "6612", "Product": "Microsoft\\xae Windows\\xae Operating System", "Description": "Net Command", "Company": "Microsoft Corporation", "ParentProcessGuid": "{C784477D-E679-63AA-7D06-000000001F00}", "User": "DESKTOP-B0T93D6\\george", "Hashes": "MD5=B5A26C2BF17222E86B91D26F1247AF3E,SHA256=14CC5BE4C833ACC652195DEAD113E1C3B4AC0B98EA1AEAD11957836F9AE721CF,IMPHASH=3D3E7537BD3BA07738DC5CA8AD01B073", "OriginalFileName": "net1.exe", "ParentImage": "C:\\Windows\\SysWOW64\\net.exe", "FileVersion": "10.0.17134.1 (WinBuild.160101.0800)", "ParentProcessId": "6636", "CurrentDirectory": "C:\\Users\\george\\Desktop\\", "CommandLine": "C:\\Windows\\system32\\net1 stop \"samss\" /y", "EventID": "1", "LogonGuid": "C784477D-A940-63A5-A9D9-030000000000", "LogonId": "252329", "Image": "C:\\Windows\\SysWOW64\\net1.exe", "IntegrityLevel": "High", "ParentCommandLine": "\"C:\\Windows\\System32\\net.exe\" stop \"samss\" /y", "UtcTime": "1672144506", "RuleName": "-"}}, {"values": {"TerminalSessionId": "1", "ProcessGuid": "{C784477D-E67A-63AA-8206-000000001F00}", "ProcessId": "168", "Product": "Microsoft\\xae Windows\\xae Operating System", "Description": "Net Command", "Company": "Microsoft Corporation", "ParentProcessGuid": "{C784477D-E679-63AA-7E06-000000001F00}", "User": "DESKTOP-B0T93D6\\george", "Hashes": "MD5=B5A26C2BF17222E86B91D26F1247AF3E,SHA256=14CC5BE4C833ACC652195DEAD113E1C3B4AC0B98EA1AEAD11957836F9AE721CF,IMPHASH=3D3E7537BD3BA07738DC5CA8AD01B073", "OriginalFileName": "net1.exe", "ParentImage": "C:\\Windows\\SysWOW64\\net.exe", "FileVersion": "10.0.17134.1 (WinBuild.160101.0800)", "ParentProcessId": "5532", "CurrentDirectory": "C:\\Users\\george\\Desktop\\", "CommandLine": "C:\\Windows\\system32\\net1 stop \"samss\" /y", "EventID": "1", "LogonGuid": "C784477D-A940-63A5-A9D9-030000000000", "LogonId": "252329", "Image": "C:\\Windows\\SysWOW64\\net1.exe", "IntegrityLevel": "High", "ParentCommandLine": "\"C:\\Windows\\System32\\net.exe\" stop \"samss\" /y", "UtcTime": "1672144506", "RuleName": "-"}}, {"values": {"TerminalSessionId": "1", "ProcessGuid": "{C784477D-E67B-63AA-8306-000000001F00}", "ProcessId": "3220", "Product": "Microsoft\\xae Windows\\xae Operating System", "Description": "Net Command", "Company": "Microsoft Corporation", "ParentProcessGuid": "{C784477D-E609-63AA-2306-000000001F00}", "User": "DESKTOP-B0T93D6\\george", "Hashes": "MD5=DD0561156F62BC1958CE0E370B23711B,SHA256=FD41D0261C6D22572DA448BCB5CBBB98F78A2922D1F1074D25237CC82C8CE432,IMPHASH=86350518EAE83E4A09BBF6317BA1C570", "OriginalFileName": "net.exe", "ParentImage": "C:\\Users\\george\\Desktop\\executable.exe", "FileVersion": "10.0.17134.1 (WinBuild.160101.0800)", "ParentProcessId": "6880", "CurrentDirectory": "C:\\Users\\george\\Desktop\\", "CommandLine": "\"C:\\Windows\\System32\\net.exe\" stop \"samss\" /y", "EventID": "1", "LogonGuid": "C784477D-A940-63A5-A9D9-030000000000", "LogonId": "252329", "Image": "C:\\Windows\\SysWOW64\\net.exe", "IntegrityLevel": "High", "ParentCommandLine": "\"C:\\Users\\george\\Desktop\\executable.exe\"", "UtcTime": "1672144507", "RuleName": "-"}}, {"values": {"TerminalSessionId": "1", "ProcessGuid": "{C784477D-E67B-63AA-8506-000000001F00}", "ProcessId": "2616", "Product": "Microsoft\\xae Windows\\xae Operating System", "Description": "Net Command", "Company": "Microsoft Corporation", "ParentProcessGuid": "{C784477D-E609-63AA-2306-000000001F00}", "User": "DESKTOP-B0T93D6\\george", "Hashes": "MD5=DD0561156F62BC1958CE0E370B23711B,SHA256=FD41D0261C6D22572DA448BCB5CBBB98F78A2922D1F1074D25237CC82C8CE432,IMPHASH=86350518EAE83E4A09BBF6317BA1C570", "OriginalFileName": "net.exe", "ParentImage": "C:\\Users\\george\\Desktop\\executable.exe", "FileVersion": "10.0.17134.1 (WinBuild.160101.0800)", "ParentProcessId": "6880", "CurrentDirectory": "C:\\Users\\george\\Desktop\\", "CommandLine": "\"C:\\Windows\\System32\\net.exe\" stop \"samss\" /y", "EventID": "1", "LogonGuid": "C784477D-A940-63A5-A9D9-030000000000", "LogonId": "252329", "Image": "C:\\Windows\\SysWOW64\\net.exe", "IntegrityLevel": "High", "ParentCommandLine": "\"C:\\Users\\george\\Desktop\\executable.exe\"", "UtcTime": "1672144507", "RuleName": "-"}}, {"values": {"TerminalSessionId": "1", "ProcessGuid": "{C784477D-E67B-63AA-8606-000000001F00}", "ProcessId": "2212", "Product": "Microsoft\\xae Windows\\xae Operating System", "Description": "Net Command", "Company": "Microsoft Corporation", "ParentProcessGuid": "{C784477D-E67B-63AA-8306-000000001F00}", "User": "DESKTOP-B0T93D6\\george", "Hashes": "MD5=B5A26C2BF17222E86B91D26F1247AF3E,SHA256=14CC5BE4C833ACC652195DEAD113E1C3B4AC0B98EA1AEAD11957836F9AE721CF,IMPHASH=3D3E7537BD3BA07738DC5CA8AD01B073", "OriginalFileName": "net1.exe", "ParentImage": "C:\\Windows\\SysWOW64\\net.exe", "FileVersion": "10.0.17134.1 (WinBuild.160101.0800)", "ParentProcessId": "3220", "CurrentDirectory": "C:\\Users\\george\\Desktop\\", "CommandLine": "C:\\Windows\\system32\\net1 stop \"samss\" /y", "EventID": "1", "LogonGuid": "C784477D-A940-63A5-A9D9-030000000000", "LogonId": "252329", "Image": "C:\\Windows\\SysWOW64\\net1.exe", "IntegrityLevel": "High", "ParentCommandLine": "\"C:\\Windows\\System32\\net.exe\" stop \"samss\" /y", "UtcTime": "1672144507", "RuleName": "-"}}, {"values": {"TerminalSessionId": "1", "ProcessGuid": "{C784477D-E67B-63AA-8806-000000001F00}", "ProcessId": "1908", "Product": "Microsoft\\xae Windows\\xae Operating System", "Description": "Net Command", "Company": "Microsoft Corporation", "ParentProcessGuid": "{C784477D-E67B-63AA-8506-000000001F00}", "User": "DESKTOP-B0T93D6\\george", "Hashes": "MD5=B5A26C2BF17222E86B91D26F1247AF3E,SHA256=14CC5BE4C833ACC652195DEAD113E1C3B4AC0B98EA1AEAD11957836F9AE721CF,IMPHASH=3D3E7537BD3BA07738DC5CA8AD01B073", "OriginalFileName": "net1.exe", "ParentImage": "C:\\Windows\\SysWOW64\\net.exe", "FileVersion": "10.0.17134.1 (WinBuild.160101.0800)", "ParentProcessId": "2616", "CurrentDirectory": "C:\\Users\\george\\Desktop\\", "CommandLine": "C:\\Windows\\system32\\net1 stop \"samss\" /y", "EventID": "1", "LogonGuid": "C784477D-A940-63A5-A9D9-030000000000", "LogonId": "252329", "Image": "C:\\Windows\\SysWOW64\\net1.exe", "IntegrityLevel": "High", "ParentCommandLine": "\"C:\\Windows\\System32\\net.exe\" stop \"samss\" /y", "UtcTime": "1672144507", "RuleName": "-"}}, {"values": {"TerminalSessionId": "1", "ProcessGuid": "{C784477D-E67C-63AA-8906-000000001F00}", "ProcessId": "4028", "Product": "Microsoft\\xae Windows\\xae Operating System", "Description": "Net Command", "Company": "Microsoft Corporation", "ParentProcessGuid": "{C784477D-E609-63AA-2306-000000001F00}", "User": "DESKTOP-B0T93D6\\george", "Hashes": "MD5=DD0561156F62BC1958CE0E370B23711B,SHA256=FD41D0261C6D22572DA448BCB5CBBB98F78A2922D1F1074D25237CC82C8CE432,IMPHASH=86350518EAE83E4A09BBF6317BA1C570", "OriginalFileName": "net.exe", "ParentImage": "C:\\Users\\george\\Desktop\\executable.exe", "FileVersion": "10.0.17134.1 (WinBuild.160101.0800)", "ParentProcessId": "6880", "CurrentDirectory": "C:\\Users\\george\\Desktop\\", "CommandLine": "\"C:\\Windows\\System32\\net.exe\" stop \"samss\" /y", "EventID": "1", "LogonGuid": "C784477D-A940-63A5-A9D9-030000000000", "LogonId": "252329", "Image": "C:\\Windows\\SysWOW64\\net.exe", "IntegrityLevel": "High", "ParentCommandLine": "\"C:\\Users\\george\\Desktop\\executable.exe\"", "UtcTime": "1672144508", "RuleName": "-"}}, {"values": {"TerminalSessionId": "1", "ProcessGuid": "{C784477D-E67C-63AA-8B06-000000001F00}", "ProcessId": "1860", "Product": "Microsoft\\xae Windows\\xae Operating System", "Description": "Net Command", "Company": "Microsoft Corporation", "ParentProcessGuid": "{C784477D-E609-63AA-2306-000000001F00}", "User": "DESKTOP-B0T93D6\\george", "Hashes": "MD5=DD0561156F62BC1958CE0E370B23711B,SHA256=FD41D0261C6D22572DA448BCB5CBBB98F78A2922D1F1074D25237CC82C8CE432,IMPHASH=86350518EAE83E4A09BBF6317BA1C570", "OriginalFileName": "net.exe", "ParentImage": "C:\\Users\\george\\Desktop\\executable.exe", "FileVersion": "10.0.17134.1 (WinBuild.160101.0800)", "ParentProcessId": "6880", "CurrentDirectory": "C:\\Users\\george\\Desktop\\", "CommandLine": "\"C:\\Windows\\System32\\net.exe\" stop \"samss\" /y", "EventID": "1", "LogonGuid": "C784477D-A940-63A5-A9D9-030000000000", "LogonId": "252329", "Image": "C:\\Windows\\SysWOW64\\net.exe", "IntegrityLevel": "High", "ParentCommandLine": "\"C:\\Users\\george\\Desktop\\executable.exe\"", "UtcTime": "1672144508", "RuleName": "-"}}, {"values": {"TerminalSessionId": "1", "ProcessGuid": "{C784477D-E67C-63AA-8C06-000000001F00}", "ProcessId": "4176", "Product": "Microsoft\\xae Windows\\xae Operating System", "Description": "Net Command", "Company": "Microsoft Corporation", "ParentProcessGuid": "{C784477D-E67C-63AA-8906-000000001F00}", "User": "DESKTOP-B0T93D6\\george", "Hashes": "MD5=B5A26C2BF17222E86B91D26F1247AF3E,SHA256=14CC5BE4C833ACC652195DEAD113E1C3B4AC0B98EA1AEAD11957836F9AE721CF,IMPHASH=3D3E7537BD3BA07738DC5CA8AD01B073", "OriginalFileName": "net1.exe", "ParentImage": "C:\\Windows\\SysWOW64\\net.exe", "FileVersion": "10.0.17134.1 (WinBuild.160101.0800)", "ParentProcessId": "4028", "CurrentDirectory": "C:\\Users\\george\\Desktop\\", "CommandLine": "C:\\Windows\\system32\\net1 stop \"samss\" /y", "EventID": "1", "LogonGuid": "C784477D-A940-63A5-A9D9-030000000000", "LogonId": "252329", "Image": "C:\\Windows\\SysWOW64\\net1.exe", "IntegrityLevel": "High", "ParentCommandLine": "\"C:\\Windows\\System32\\net.exe\" stop \"samss\" /y", "UtcTime": "1672144508", "RuleName": "-"}}, {"values": {"TerminalSessionId": "1", "ProcessGuid": "{C784477D-E67C-63AA-8E06-000000001F00}", "ProcessId": "2628", "Product": "Microsoft\\xae Windows\\xae Operating System", "Description": "Net Command", "Company": "Microsoft Corporation", "ParentProcessGuid": "{C784477D-E67C-63AA-8B06-000000001F00}", "User": "DESKTOP-B0T93D6\\george", "Hashes": "MD5=B5A26C2BF17222E86B91D26F1247AF3E,SHA256=14CC5BE4C833ACC652195DEAD113E1C3B4AC0B98EA1AEAD11957836F9AE721CF,IMPHASH=3D3E7537BD3BA07738DC5CA8AD01B073", "OriginalFileName": "net1.exe", "ParentImage": "C:\\Windows\\SysWOW64\\net.exe", "FileVersion": "10.0.17134.1 (WinBuild.160101.0800)", "ParentProcessId": "1860", "CurrentDirectory": "C:\\Users\\george\\Desktop\\", "CommandLine": "C:\\Windows\\system32\\net1 stop \"samss\" /y", "EventID": "1", "LogonGuid": "C784477D-A940-63A5-A9D9-030000000000", "LogonId": "252329", "Image": "C:\\Windows\\SysWOW64\\net1.exe", "IntegrityLevel": "High", "ParentCommandLine": "\"C:\\Windows\\System32\\net.exe\" stop \"samss\" /y", "UtcTime": "1672144508", "RuleName": "-"}}, {"values": {"TerminalSessionId": "1", "ProcessGuid": "{C784477D-E67D-63AA-8F06-000000001F00}", "ProcessId": "2460", "Product": "Microsoft\\xae Windows\\xae Operating System", "Description": "Net Command", "Company": "Microsoft Corporation", "ParentProcessGuid": "{C784477D-E609-63AA-2306-000000001F00}", "User": "DESKTOP-B0T93D6\\george", "Hashes": "MD5=DD0561156F62BC1958CE0E370B23711B,SHA256=FD41D0261C6D22572DA448BCB5CBBB98F78A2922D1F1074D25237CC82C8CE432,IMPHASH=86350518EAE83E4A09BBF6317BA1C570", "OriginalFileName": "net.exe", "ParentImage": "C:\\Users\\george\\Desktop\\executable.exe", "FileVersion": "10.0.17134.1 (WinBuild.160101.0800)", "ParentProcessId": "6880", "CurrentDirectory": "C:\\Users\\george\\Desktop\\", "CommandLine": "\"C:\\Windows\\System32\\net.exe\" stop \"samss\" /y", "EventID": "1", "LogonGuid": "C784477D-A940-63A5-A9D9-030000000000", "LogonId": "252329", "Image": "C:\\Windows\\SysWOW64\\net.exe", "IntegrityLevel": "High", "ParentCommandLine": "\"C:\\Users\\george\\Desktop\\executable.exe\"", "UtcTime": "1672144509", "RuleName": "-"}}, {"values": {"TerminalSessionId": "1", "ProcessGuid": "{C784477D-E67D-63AA-9106-000000001F00}", "ProcessId": "6948", "Product": "Microsoft\\xae Windows\\xae Operating System", "Description": "Net Command", "Company": "Microsoft Corporation", "ParentProcessGuid": "{C784477D-E609-63AA-2306-000000001F00}", "User": "DESKTOP-B0T93D6\\george", "Hashes": "MD5=DD0561156F62BC1958CE0E370B23711B,SHA256=FD41D0261C6D22572DA448BCB5CBBB98F78A2922D1F1074D25237CC82C8CE432,IMPHASH=86350518EAE83E4A09BBF6317BA1C570", "OriginalFileName": "net.exe", "ParentImage": "C:\\Users\\george\\Desktop\\executable.exe", "FileVersion": "10.0.17134.1 (WinBuild.160101.0800)", "ParentProcessId": "6880", "CurrentDirectory": "C:\\Users\\george\\Desktop\\", "CommandLine": "\"C:\\Windows\\System32\\net.exe\" stop \"samss\" /y", "EventID": "1", "LogonGuid": "C784477D-A940-63A5-A9D9-030000000000", "LogonId": "252329", "Image": "C:\\Windows\\SysWOW64\\net.exe", "IntegrityLevel": "High", "ParentCommandLine": "\"C:\\Users\\george\\Desktop\\executable.exe\"", "UtcTime": "1672144509", "RuleName": "-"}}, {"values": {"TerminalSessionId": "1", "ProcessGuid": "{C784477D-E67D-63AA-9306-000000001F00}", "ProcessId": "5780", "Product": "Microsoft\\xae Windows\\xae Operating System", "Description": "Net Command", "Company": "Microsoft Corporation", "ParentProcessGuid": "{C784477D-E67D-63AA-8F06-000000001F00}", "User": "DESKTOP-B0T93D6\\george", "Hashes": "MD5=B5A26C2BF17222E86B91D26F1247AF3E,SHA256=14CC5BE4C833ACC652195DEAD113E1C3B4AC0B98EA1AEAD11957836F9AE721CF,IMPHASH=3D3E7537BD3BA07738DC5CA8AD01B073", "OriginalFileName": "net1.exe", "ParentImage": "C:\\Windows\\SysWOW64\\net.exe", "FileVersion": "10.0.17134.1 (WinBuild.160101.0800)", "ParentProcessId": "2460", "CurrentDirectory": "C:\\Users\\george\\Desktop\\", "CommandLine": "C:\\Windows\\system32\\net1 stop \"samss\" /y", "EventID": "1", "LogonGuid": "C784477D-A940-63A5-A9D9-030000000000", "LogonId": "252329", "Image": "C:\\Windows\\SysWOW64\\net1.exe", "IntegrityLevel": "High", "ParentCommandLine": "\"C:\\Windows\\System32\\net.exe\" stop \"samss\" /y", "UtcTime": "1672144509", "RuleName": "-"}}, {"values": {"TerminalSessionId": "1", "ProcessGuid": "{C784477D-E67D-63AA-9406-000000001F00}", "ProcessId": "816", "Product": "Microsoft\\xae Windows\\xae Operating System", "Description": "Net Command", "Company": "Microsoft Corporation", "ParentProcessGuid": "{C784477D-E67D-63AA-9106-000000001F00}", "User": "DESKTOP-B0T93D6\\george", "Hashes": "MD5=B5A26C2BF17222E86B91D26F1247AF3E,SHA256=14CC5BE4C833ACC652195DEAD113E1C3B4AC0B98EA1AEAD11957836F9AE721CF,IMPHASH=3D3E7537BD3BA07738DC5CA8AD01B073", "OriginalFileName": "net1.exe", "ParentImage": "C:\\Windows\\SysWOW64\\net.exe", "FileVersion": "10.0.17134.1 (WinBuild.160101.0800)", "ParentProcessId": "6948", "CurrentDirectory": "C:\\Users\\george\\Desktop\\", "CommandLine": "C:\\Windows\\system32\\net1 stop \"samss\" /y", "EventID": "1", "LogonGuid": "C784477D-A940-63A5-A9D9-030000000000", "LogonId": "252329", "Image": "C:\\Windows\\SysWOW64\\net1.exe", "IntegrityLevel": "High", "ParentCommandLine": "\"C:\\Windows\\System32\\net.exe\" stop \"samss\" /y", "UtcTime": "1672144509", "RuleName": "-"}}, {"values": {"TerminalSessionId": "1", "ProcessGuid": "{C784477D-E67D-63AA-9506-000000001F00}", "ProcessId": "6992", "Product": "Microsoft\\xae Windows\\xae Operating System", "Description": "Net Command", "Company": "Microsoft Corporation", "ParentProcessGuid": "{C784477D-E609-63AA-2306-000000001F00}", "User": "DESKTOP-B0T93D6\\george", "Hashes": "MD5=DD0561156F62BC1958CE0E370B23711B,SHA256=FD41D0261C6D22572DA448BCB5CBBB98F78A2922D1F1074D25237CC82C8CE432,IMPHASH=86350518EAE83E4A09BBF6317BA1C570", "OriginalFileName": "net.exe", "ParentImage": "C:\\Users\\george\\Desktop\\executable.exe", "FileVersion": "10.0.17134.1 (WinBuild.160101.0800)", "ParentProcessId": "6880", "CurrentDirectory": "C:\\Users\\george\\Desktop\\", "CommandLine": "\"C:\\Windows\\System32\\net.exe\" stop \"samss\" /y", "EventID": "1", "LogonGuid": "C784477D-A940-63A5-A9D9-030000000000", "LogonId": "252329", "Image": "C:\\Windows\\SysWOW64\\net.exe", "IntegrityLevel": "High", "ParentCommandLine": "\"C:\\Users\\george\\Desktop\\executable.exe\"", "UtcTime": "1672144509", "RuleName": "-"}}, {"values": {"TerminalSessionId": "1", "ProcessGuid": "{C784477D-E67D-63AA-9706-000000001F00}", "ProcessId": "4512", "Product": "Microsoft\\xae Windows\\xae Operating System", "Description": "Net Command", "Company": "Microsoft Corporation", "ParentProcessGuid": "{C784477D-E609-63AA-2306-000000001F00}", "User": "DESKTOP-B0T93D6\\george", "Hashes": "MD5=DD0561156F62BC1958CE0E370B23711B,SHA256=FD41D0261C6D22572DA448BCB5CBBB98F78A2922D1F1074D25237CC82C8CE432,IMPHASH=86350518EAE83E4A09BBF6317BA1C570", "OriginalFileName": "net.exe", "ParentImage": "C:\\Users\\george\\Desktop\\executable.exe", "FileVersion": "10.0.17134.1 (WinBuild.160101.0800)", "ParentProcessId": "6880", "CurrentDirectory": "C:\\Users\\george\\Desktop\\", "CommandLine": "\"C:\\Windows\\System32\\net.exe\" stop \"samss\" /y", "EventID": "1", "LogonGuid": "C784477D-A940-63A5-A9D9-030000000000", "LogonId": "252329", "Image": "C:\\Windows\\SysWOW64\\net.exe", "IntegrityLevel": "High", "ParentCommandLine": "\"C:\\Users\\george\\Desktop\\executable.exe\"", "UtcTime": "1672144509", "RuleName": "-"}}, {"values": {"TerminalSessionId": "1", "ProcessGuid": "{C784477D-E67D-63AA-9906-000000001F00}", "ProcessId": "828", "Product": "Microsoft\\xae Windows\\xae Operating System", "Description": "Net Command", "Company": "Microsoft Corporation", "ParentProcessGuid": "{C784477D-E67D-63AA-9506-000000001F00}", "User": "DESKTOP-B0T93D6\\george", "Hashes": "MD5=B5A26C2BF17222E86B91D26F1247AF3E,SHA256=14CC5BE4C833ACC652195DEAD113E1C3B4AC0B98EA1AEAD11957836F9AE721CF,IMPHASH=3D3E7537BD3BA07738DC5CA8AD01B073", "OriginalFileName": "net1.exe", "ParentImage": "C:\\Windows\\SysWOW64\\net.exe", "FileVersion": "10.0.17134.1 (WinBuild.160101.0800)", "ParentProcessId": "6992", "CurrentDirectory": "C:\\Users\\george\\Desktop\\", "CommandLine": "C:\\Windows\\system32\\net1 stop \"samss\" /y", "EventID": "1", "LogonGuid": "C784477D-A940-63A5-A9D9-030000000000", "LogonId": "252329", "Image": "C:\\Windows\\SysWOW64\\net1.exe", "IntegrityLevel": "High", "ParentCommandLine": "\"C:\\Windows\\System32\\net.exe\" stop \"samss\" /y", "UtcTime": "1672144509", "RuleName": "-"}}, {"values": {"TerminalSessionId": "1", "ProcessGuid": "{C784477D-E67D-63AA-9A06-000000001F00}", "ProcessId": "2984", "Product": "Microsoft\\xae Windows\\xae Operating System", "Description": "Net Command", "Company": "Microsoft Corporation", "ParentProcessGuid": "{C784477D-E67D-63AA-9706-000000001F00}", "User": "DESKTOP-B0T93D6\\george", "Hashes": "MD5=B5A26C2BF17222E86B91D26F1247AF3E,SHA256=14CC5BE4C833ACC652195DEAD113E1C3B4AC0B98EA1AEAD11957836F9AE721CF,IMPHASH=3D3E7537BD3BA07738DC5CA8AD01B073", "OriginalFileName": "net1.exe", "ParentImage": "C:\\Windows\\SysWOW64\\net.exe", "FileVersion": "10.0.17134.1 (WinBuild.160101.0800)", "ParentProcessId": "4512", "CurrentDirectory": "C:\\Users\\george\\Desktop\\", "CommandLine": "C:\\Windows\\system32\\net1 stop \"samss\" /y", "EventID": "1", "LogonGuid": "C784477D-A940-63A5-A9D9-030000000000", "LogonId": "252329", "Image": "C:\\Windows\\SysWOW64\\net1.exe", "IntegrityLevel": "High", "ParentCommandLine": "\"C:\\Windows\\System32\\net.exe\" stop \"samss\" /y", "UtcTime": "1672144509", "RuleName": "-"}}, {"values": {"TerminalSessionId": "1", "ProcessGuid": "{C784477D-E67E-63AA-9B06-000000001F00}", "ProcessId": "6772", "Product": "Microsoft\\xae Windows\\xae Operating System", "Description": "Net Command", "Company": "Microsoft Corporation", "ParentProcessGuid": "{C784477D-E609-63AA-2306-000000001F00}", "User": "DESKTOP-B0T93D6\\george", "Hashes": "MD5=DD0561156F62BC1958CE0E370B23711B,SHA256=FD41D0261C6D22572DA448BCB5CBBB98F78A2922D1F1074D25237CC82C8CE432,IMPHASH=86350518EAE83E4A09BBF6317BA1C570", "OriginalFileName": "net.exe", "ParentImage": "C:\\Users\\george\\Desktop\\executable.exe", "FileVersion": "10.0.17134.1 (WinBuild.160101.0800)", "ParentProcessId": "6880", "CurrentDirectory": "C:\\Users\\george\\Desktop\\", "CommandLine": "\"C:\\Windows\\System32\\net.exe\" stop \"samss\" /y", "EventID": "1", "LogonGuid": "C784477D-A940-63A5-A9D9-030000000000", "LogonId": "252329", "Image": "C:\\Windows\\SysWOW64\\net.exe", "IntegrityLevel": "High", "ParentCommandLine": "\"C:\\Users\\george\\Desktop\\executable.exe\"", "UtcTime": "1672144510", "RuleName": "-"}}, 