{"values": {"TerminalSessionId": "1", "ProcessGuid": "{C784477D-E677-63AA-7606-000000001F00}", "ProcessId": "6780", "Product": "Microsoft\\xae Windows\\xae Operating System", "Description": "Net Command", "Company": "Microsoft Corporation", "ParentProcessGuid": "{C784477D-E677-63AA-7306-000000001F00}", "User": "DESKTOP-B0T93D6\\george", "Hashes": "MD5=B5A26C2BF17222E86B91D26F1247AF3E,SHA256=14CC5BE4C833ACC652195DEAD113E1C3B4AC0B98EA1AEAD11957836F9AE721CF,IMPHASH=3D3E7537BD3BA07738DC5CA8AD01B073", "OriginalFileName": "net1.exe", "ParentImage": "C:\\Windows\\SysWOW64\\net.exe", "FileVersion": "10.0.17134.1 (WinBuild.160101.0800)", "ParentProcessId": "3736", "CurrentDirectory": "C:\\Users\\george\\Desktop\\", "CommandLine": "C:\\Windows\\system32\\net1 stop \"samss\" /y", "EventID": "1", "LogonGuid": "C784477D-A940-63A5-A9D9-030000000000", "LogonId": "252329", "Image": "C:\\Windows\\SysWOW64\\net1.exe", "IntegrityLevel": "High", "ParentCommandLine": "\"C:\\Windows\\System32\\net.exe\" stop \"samss\" /y", "UtcTime": "1672144503", "RuleName": "-"}}, {"values": {"TerminalSessionId": "1", "ProcessGuid": "{C784477D-E678-63AA-7706-000000001F00}", "ProcessId": "3336", "Product": "Microsoft\\xae Windows\\xae Operating System", "Description": "Net Command", "Company": "Microsoft Corporation", "ParentProcessGuid": "{C784477D-E609-63AA-2306-000000001F00}", "User": "DESKTOP-B0T93D6\\george", "Hashes": "MD5=DD0561156F62BC1958CE0E370B23711B,SHA256=FD41D0261C6D22572DA448BCB5CBBB98F78A2922D1F1074D25237CC82C8CE432,IMPHASH=86350518EAE83E4A09BBF6317BA1C570", "OriginalFileName": "net.exe", "ParentImage": "C:\\Users\\george\\Desktop\\executable.exe", "FileVersion": "10.0.17134.1 (WinBuild.160101.0800)", "ParentProcessId": "6880", "CurrentDirectory": "C:\\Users\\george\\Desktop\\", "CommandLine": "\"C:\\Windows\\System32\\net.exe\" stop \"samss\" /y", "EventID": "1", "LogonGuid": "C784477D-A940-63A5-A9D9-030000000000", "LogonId": "252329", "Image": "C:\\Windows\\SysWOW64\\net.exe", "IntegrityLevel": "High", "ParentCommandLine": "\"C:\\Users\\george\\Desktop\\executable.exe\"", "UtcTime": "1672144504", "RuleName": "-"}}, {"values": {"TerminalSessionId": "1", "ProcessGuid": "{C784477D-E678-63AA-7806-000000001F00}", "ProcessId": "3264", "Product": "Microsoft\\xae Windows\\xae Operating System", "Description": "Net Command", "Company": "Microsoft Corporation", "ParentProcessGuid": "{C784477D-E609-63AA-2306-000000001F00}", "User": "DESKTOP-B0T93D6\\george", "Hashes": "MD5=DD0561156F62BC1958CE0E370B23711B,SHA256=FD41D0261C6D22572DA448BCB5CBBB98F78A2922D1F1074D25237CC82C8CE432,IMPHASH=86350518EAE83E4A09BBF6317BA1C570", "OriginalFileName": "net.exe", "ParentImage": "C:\\Users\\george\\Desktop\\executable.exe", "FileVersion": "10.0.17134.1 (WinBuild.160101.0800)", "ParentProcessId": "6880", "CurrentDirectory": "C:\\Users\\george\\Desktop\\", "CommandLine": "\"C:\\Windows\\System32\\net.exe\" stop \"samss\" /y", "EventID": "1", "LogonGuid": "C784477D-A940-63A5-A9D9-030000000000", "LogonId": "252329", "Image": "C:\\Windows\\SysWOW64\\net.exe", "IntegrityLevel": "High", "ParentCommandLine": "\"C:\\Users\\george\\Desktop\\executable.exe\"", "UtcTime": "1672144504", "RuleName": "-"}}, {"values": {"TerminalSessionId": "1", "ProcessGuid": "{C784477D-E678-63AA-7A06-000000001F00}", "ProcessId": "4852", "Product": "Microsoft\\xae Windows\\xae Operating System", "Description": "Net Command", "Company": "Microsoft Corporation", "ParentProcessGuid": "{C784477D-E678-63AA-7706-000000001F00}", "User": "DESKTOP-B0T93D6\\george", "Hashes": "MD5=B5A26C2BF17222E86B91D26F1247AF3E,SHA256=14CC5BE4C833ACC652195DEAD113E1C3B4AC0B98EA1AEAD11957836F9AE721CF,IMPHASH=3D3E7537BD3BA07738DC5CA8AD01B073", "OriginalFileName": "net1.exe", "ParentImage": "C:\\Windows\\SysWOW64\\net.exe", "FileVersion": "10.0.17134.1 (WinBuild.160101.0800)", "ParentProcessId": "3336", "CurrentDirectory": "C:\\Users\\george\\Desktop\\", "CommandLine": "C:\\Windows\\system32\\net1 stop \"samss\" /y", "EventID": "1", "LogonGuid": "C784477D-A940-63A5-A9D9-030000000000", "LogonId": "252329", "Image": "C:\\Windows\\SysWOW64\\net1.exe", "IntegrityLevel": "High", "ParentCommandLine": "\"C:\\Windows\\System32\\net.exe\" stop \"samss\" /y", "UtcTime": "1672144504", "RuleName": "-"}}, {"values": {"TerminalSessionId": "1", "ProcessGuid": "{C784477D-E679-63AA-7C06-000000001F00}", "ProcessId": "3412", "Product": "Microsoft\\xae Windows\\xae Operating System", "Description": "Net Command", "Company": "Microsoft Corporation", "ParentProcessGuid": "{C784477D-E678-63AA-7806-000000001F00}", "User": "DESKTOP-B0T93D6\\george", "Hashes": "MD5=B5A26C2BF17222E86B91D26F1247AF3E,SHA256=14CC5BE4C833ACC652195DEAD113E1C3B4AC0B98EA1AEAD11957836F9AE721CF,IMPHASH=3D3E7537BD3BA07738DC5CA8AD01B073", "OriginalFileName": "net1.exe", "ParentImage": "C:\\Windows\\SysWOW64\\net.exe", "FileVersion": "10.0.17134.1 (WinBuild.160101.0800)", "ParentProcessId": "3264", "CurrentDirectory": "C:\\Users\\george\\Desktop\\", "CommandLine": "C:\\Windows\\system32\\net1 stop \"samss\" /y", "EventID": "1", "LogonGuid": "C784477D-A940-63A5-A9D9-030000000000", "LogonId": "252329", "Image": "C:\\Windows\\SysWOW64\\net1.exe", "IntegrityLevel": "High", "ParentCommandLine": "\"C:\\Windows\\System32\\net.exe\" stop \"samss\" /y", "UtcTime": "1672144505", "RuleName": "-"}}, {"values": {"TerminalSessionId": "1", "ProcessGuid": "{C784477D-E679-63AA-7D06-000000001F00}", "ProcessId": "6636", "Product": "Microsoft\\xae Windows\\xae Operating System", "Description": "Net Command", "Company": "Microsoft Corporation", "ParentProcessGuid": "{C784477D-E609-63AA-2306-000000001F00}", "User": "DESKTOP-B0T93D6\\george", "Hashes": "MD5=DD0561156F62BC1958CE0E370B23711B,SHA256=FD41D0261C6D22572DA448BCB5CBBB98F78A2922D1F1074D25237CC82C8CE432,IMPHASH=86350518EAE83E4A09BBF6317BA1C570", "OriginalFileName": "net.exe", "ParentImage": "C:\\Users\\george\\Desktop\\executable.exe", "FileVersion": "10.0.17134.1 (WinBuild.160101.0800)", "ParentProcessId": "6880", "CurrentDirectory": "C:\\Users\\george\\Desktop\\", "CommandLine": "\"C:\\Windows\\System32\\net.exe\" stop \"samss\" /y", "EventID": "1", "LogonGuid": "C784477D-A940-63A5-A9D9-030000000000", "LogonId": "252329", "Image": "C:\\Windows\\SysWOW64\\net.exe", "IntegrityLevel": "High", "ParentCommandLine": "\"C:\\Users\\george\\Desktop\\executable.exe\"", "UtcTime": "1672144505", "RuleName": "-"}}, {"values": {"TerminalSessionId": "1", "ProcessGuid": "{C784477D-E679-63AA-7E06-000000001F00}", "ProcessId": "5532", "Product": "Microsoft\\xae Windows\\xae Operating System", "Description": "Net Command", "Company": "Microsoft Corporation", "ParentProcessGuid": "{C784477D-E609-63AA-2306-000000001F00}", "User": "DESKTOP-B0T93D6\\george", "Hashes": "MD5=DD0561156F62BC1958CE0E370B23711B,SHA256=FD41D0261C6D22572DA448BCB5CBBB98F78A2922D1F1074D25237CC82C8CE432,IMPHASH=86350518EAE83E4A09BBF6317BA1C570", "OriginalFileName": "net.exe", "ParentImage": "C:\\Users\\george\\Desktop\\executable.exe", "FileVersion": "10.0.17134.1 (WinBuild.160101.0800)", "ParentProcessId": "6880", "CurrentDirectory": "C:\\Users\\george\\Desktop\\", "CommandLine": "\"C:\\Windows\\System32\\net.exe\" stop \"samss\" /y", "EventID": "1", "LogonGuid": "C784477D-A940-63A5-A9D9-030000000000", "LogonId": "252329", "Image": "C:\\Windows\\SysWOW64\\net.exe", "IntegrityLevel": "High", "ParentCommandLine": "\"C:\\Users\\george\\Desktop\\executable.exe\"", "UtcTime": "1672144505", "RuleName": "-"}}, {"values": {"TerminalSessionId": "1", "ProcessGuid": "{C784477D-E67A-63AA-8106-000000001F00}", "ProcessId": "6612", "Product": "Microsoft\\xae Windows\\xae Operating System", "Description": "Net Command", "Company": "Microsoft Corporation", "ParentProcessGuid": "{C784477D-E679-63AA-7D06-000000001F00}", "User": "DESKTOP-B0T93D6\\george", "Hashes": "MD5=B5A26C2BF17222E86B91D26F1247AF3E,SHA256=14CC5BE4C833ACC652195DEAD113E1C3B4AC0B98EA1AEAD11957836F9AE721CF,IMPHASH=3D3E7537BD3BA07738DC5CA8AD01B073", "OriginalFileName": "net1.exe", "ParentImage": "C:\\Windows\\SysWOW64\\net.exe", "FileVersion": "10.0.17134.1 (WinBuild.160101.0800)", "ParentProcessId": "6636", "CurrentDirectory": "C:\\Users\\george\\Desktop\\", "CommandLine": "C:\\Windows\\system32\\net1 stop \"samss\" /y", "EventID": "1", "LogonGuid": "C784477D-A940-63A5-A9D9-030000000000", "LogonId": "252329", "Image": "C:\\Windows\\SysWOW64\\net1.exe", "IntegrityLevel": "High", "ParentCommandLine": "\"C:\\Windows\\System32\\net.exe\" stop \"samss\" /y", "UtcTime": "1672144506", "RuleName": "-"}}, {"values": {"TerminalSessionId": "1", "ProcessGuid": "{C784477D-E67A-63AA-8206-000000001F00}", "ProcessId": "168", "Product": "Microsoft\\xae Windows\\xae Operating System", "Description": "Net Command", "Company": "Microsoft Corporation", "ParentProcessGuid": "{C784477D-E679-63AA-7E06-000000001F00}", "User": "DESKTOP-B0T93D6\\george", "Hashes": "MD5=B5A26C2BF17222E86B91D26F1247AF3E,SHA256=14CC5BE4C833ACC652195DEAD113E1C3B4AC0B98EA1AEAD11957836F9AE721CF,IMPHASH=3D3E7537BD3BA07738DC5CA8AD01B073", "OriginalFileName": "net1.exe", "ParentImage": "C:\\Windows\\SysWOW64\\net.exe", "FileVersion": "10.0.17134.1 (WinBuild.160101.0800)", "ParentProcessId": "5532", "CurrentDirectory": "C:\\Users\\george\\Desktop\\", "CommandLine": "C:\\Windows\\system32\\net1 stop \"samss\" /y", "EventID": "1", "LogonGuid": "C784477D-A940-63A5-A9D9-030000000000", "LogonId": "252329", "Image": "C:\\Windows\\SysWOW64\\net1.exe", "IntegrityLevel": "High", "ParentCommandLine": "\"C:\\Windows\\System32\\net.exe\" stop \"samss\" /y", "UtcTime": "1672144506", "RuleName": "-"}}, {"values": {"TerminalSessionId": "1", "ProcessGuid": "{C784477D-E67B-63AA-8306-000000001F00}", "ProcessId": "3220", "Product": "Microsoft\\xae Windows\\xae Operating System", "Description": "Net Command", "Company": "Microsoft Corporation", "ParentProcessGuid": "{C784477D-E609-63AA-2306-000000001F00}", "User": "DESKTOP-B0T93D6\\george", "Hashes": "MD5=DD0561156F62BC1958CE0E370B23711B,SHA256=FD41D0261C6D22572DA448BCB5CBBB98F78A2922D1F1074D25237CC82C8CE432,IMPHASH=86350518EAE83E4A09BBF6317BA1C570", "OriginalFileName": "net.exe", "ParentImage": "C:\\Users\\george\\Desktop\\executable.exe", "FileVersion": "10.0.17134.1 (WinBuild.160101.0800)", "ParentProcessId": "6880", "CurrentDirectory": "C:\\Users\\george\\Desktop\\", "CommandLine": "\"C:\\Windows\\System32\\net.exe\" stop \"samss\" /y", "EventID": "1", "LogonGuid": "C784477D-A940-63A5-A9D9-030000000000", "LogonId": "252329", "Image": "C:\\Windows\\SysWOW64\\net.exe", "IntegrityLevel": "High", "ParentCommandLine": "\"C:\\Users\\george\\Desktop\\executable.exe\"", "UtcTime": "1672144507", "RuleName": "-"}}, {"values": {"TerminalSessionId": "1", "ProcessGuid": "{C784477D-E67B-63AA-8506-000000001F00}", "ProcessId": "2616", "Product": "Microsoft\\xae Windows\\xae Operating System", "Description": "Net Command", "Company": "Microsoft Corporation", "ParentProcessGuid": "{C784477D-E609-63AA-2306-000000001F00}", "User": "DESKTOP-B0T93D6\\george", "Hashes": "MD5=DD0561156F62BC1958CE0E370B23711B,SHA256=FD41D0261C6D22572DA448BCB5CBBB98F78A2922D1F1074D25237CC82C8CE432,IMPHASH=86350518EAE83E4A09BBF6317BA1C570", "OriginalFileName": "net.exe", "ParentImage": "C:\\Users\\george\\Desktop\\executable.exe", "FileVersion": "10.0.17134.1 (WinBuild.160101.0800)", "ParentProcessId": "6880", "CurrentDirectory": "C:\\Users\\george\\Desktop\\", "CommandLine": "\"C:\\Windows\\System32\\net.exe\" stop \"samss\" /y", "EventID": "1", "LogonGuid": "C784477D-A940-63A5-A9D9-030000000000", "LogonId": "252329", "Image": "C:\\Windows\\SysWOW64\\net.exe", "IntegrityLevel": "High", "ParentCommandLine": "\"C:\\Users\\george\\Desktop\\executable.exe\"", "UtcTime": "1672144507", "RuleName": "-"}}, {"values": {"TerminalSessionId": "1", "ProcessGuid": "{C784477D-E67B-63AA-8606-000000001F00}", "ProcessId": "2212", "Product": "Microsoft\\xae Windows\\xae Operating System", "Description": "Net Command", "Company": "Microsoft Corporation", "ParentProcessGuid": "{C784477D-E67B-63AA-8306-000000001F00}", "User": "DESKTOP-B0T93D6\\george", "Hashes": "MD5=B5A26C2BF17222E86B91D26F1247AF3E,SHA256=14CC5BE4C833ACC652195DEAD113E1C3B4AC0B98EA1AEAD11957836F9AE721CF,IMPHASH=3D3E7537BD3BA07738DC5CA8AD01B073", "OriginalFileName": "net1.exe", "ParentImage": "C:\\Windows\\SysWOW64\\net.exe", "FileVersion": "10.0.17134.1 (WinBuild.160101.0800)", "ParentProcessId": "3220", "CurrentDirectory": "C:\\Users\\george\\Desktop\\", "CommandLine": "C:\\Windows\\system32\\net1 stop \"samss\" /y", "EventID": "1", "LogonGuid": "C784477D-A940-63A5-A9D9-030000000000", "LogonId": "252329", "Image": "C:\\Windows\\SysWOW64\\net1.exe", "IntegrityLevel": "High", "ParentCommandLine": "\"C:\\Windows\\System32\\net.exe\" stop \"samss\" /y", "UtcTime": "1672144507", "RuleName": "-"}}, {"values": {"TerminalSessionId": "1", "ProcessGuid": "{C784477D-E67B-63AA-8806-000000001F00}", "ProcessId": "1908", "Product": "Microsoft\\xae Windows\\xae Operating System", "Description": "Net Command", "Company": "Microsoft Corporation", "ParentProcessGuid": "{C784477D-E67B-63AA-8506-000000001F00}", "User": "DESKTOP-B0T93D6\\george", "Hashes": "MD5=B5A26C2BF17222E86B91D26F1247AF3E,SHA256=14CC5BE4C833ACC652195DEAD113E1C3B4AC0B98EA1AEAD11957836F9AE721CF,IMPHASH=3D3E7537BD3BA07738DC5CA8AD01B073", "OriginalFileName": "net1.exe", "ParentImage": "C:\\Windows\\SysWOW64\\net.exe", "FileVersion": "10.0.17134.1 (WinBuild.160101.0800)", "ParentProcessId": "2616", "CurrentDirectory": "C:\\Users\\george\\Desktop\\", "CommandLine": "C:\\Windows\\system32\\net1 stop \"samss\" /y", "EventID": "1", "LogonGuid": "C784477D-A940-63A5-A9D9-030000000000", "LogonId": "252329", "Image": "C:\\Windows\\SysWOW64\\net1.exe", "IntegrityLevel": "High", "ParentCommandLine": "\"C:\\Windows\\System32\\net.exe\" stop \"samss\" /y", "UtcTime": "1672144507", "RuleName": "-"}}, {"values": {"TerminalSessionId": "1", "ProcessGuid": "{C784477D-E67C-63AA-8906-000000001F00}", "ProcessId": "4028", "Product": "Microsoft\\xae Windows\\xae Operating System", "Description": "Net Command", "Company": "Microsoft Corporation", "ParentProcessGuid": "{C784477D-E609-63AA-2306-000000001F00}", "User": "DESKTOP-B0T93D6\\george", "Hashes": "MD5=DD0561156F62BC1958CE0E370B23711B,SHA256=FD41D0261C6D22572DA448BCB5CBBB98F78A2922D1F1074D25237CC82C8CE432,IMPHASH=86350518EAE83E4A09BBF6317BA1C570", "OriginalFileName": "net.exe", "ParentImage": "C:\\Users\\george\\Desktop\\executable.exe", "FileVersion": "10.0.17134.1 (WinBuild.160101.0800)", "ParentProcessId": "6880", "CurrentDirectory": "C:\\Users\\george\\Desktop\\", "CommandLine": "\"C:\\Windows\\System32\\net.exe\" stop \"samss\" /y", "EventID": "1", "LogonGuid": "C784477D-A940-63A5-A9D9-030000000000", "LogonId": "252329", "Image": "C:\\Windows\\SysWOW64\\net.exe", "IntegrityLevel": "High", "ParentCommandLine": "\"C:\\Users\\george\\Desktop\\executable.exe\"", "UtcTime": "1672144508", "RuleName": "-"}}, {"values": {"TerminalSessionId": "1", "ProcessGuid": "{C784477D-E67C-63AA-8B06-000000001F00}", "ProcessId": "1860", "Product": "Microsoft\\xae Windows\\xae Operating System", "Description": "Net Command", "Company": "Microsoft Corporation", "ParentProcessGuid": "{C784477D-E609-63AA-2306-000000001F00}", "User": "DESKTOP-B0T93D6\\george", "Hashes": "MD5=DD0561156F62BC1958CE0E370B23711B,SHA256=FD41D0261C6D22572DA448BCB5CBBB98F78A2922D1F1074D25237CC82C8CE432,IMPHASH=86350518EAE83E4A09BBF6317BA1C570", "OriginalFileName": "net.exe", "ParentImage": "C:\\Users\\george\\Desktop\\executable.exe", "FileVersion": "10.0.17134.1 (WinBuild.160101.0800)", "ParentProcessId": "6880", "CurrentDirectory": "C:\\Users\\george\\Desktop\\", "CommandLine": "\"C:\\Windows\\System32\\net.exe\" stop \"samss\" /y", "EventID": "1", "LogonGuid": "C784477D-A940-63A5-A9D9-030000000000", "LogonId": "252329", "Image": "C:\\Windows\\SysWOW64\\net.exe", "IntegrityLevel": "High", "ParentCommandLine": "\"C:\\Users\\george\\Desktop\\executable.exe\"", "UtcTime": "1672144508", "RuleName": "-"}}, {"values": {"TerminalSessionId": "1", "ProcessGuid": "{C784477D-E67C-63AA-8C06-000000001F00}", "ProcessId": "4176", "Product": "Microsoft\\xae Windows\\xae Operating System", "Description": "Net Command", "Company": "Microsoft Corporation", "ParentProcessGuid": "{C784477D-E67C-63AA-8906-000000001F00}", "User": "DESKTOP-B0T93D6\\george", "Hashes": "MD5=B5A26C2BF17222E86B91D26F1247AF3E,SHA256=14CC5BE4C833ACC652195DEAD113E1C3B4AC0B98EA1AEAD11957836F9AE721CF,IMPHASH=3D3E7537BD3BA07738DC5CA8AD01B073", "OriginalFileName": "net1.exe", "ParentImage": "C:\\Windows\\SysWOW64\\net.exe", "FileVersion": "10.0.17134.1 (WinBuild.160101.0800)", "ParentProcessId": "4028", "CurrentDirectory": "C:\\Users\\george\\Desktop\\", "CommandLine": "C:\\Windows\\system32\\net1 stop \"samss\" /y", "EventID": "1", "LogonGuid": "C784477D-A940-63A5-A9D9-030000000000", "LogonId": "252329", "Image": "C:\\Windows\\SysWOW64\\net1.exe", "IntegrityLevel": "High", "ParentCommandLine": "\"C:\\Windows\\System32\\net.exe\" stop \"samss\" /y", "UtcTime": "1672144508", "RuleName": "-"}}, {"values": {"TerminalSessionId": "1", "ProcessGuid": "{C784477D-E67C-63AA-8E06-000000001F00}", "ProcessId": "2628", "Product": "Microsoft\\xae Windows\\xae Operating System", "Description": "Net Command", "Company": "Microsoft Corporation", "ParentProcessGuid": "{C784477D-E67C-63AA-8B06-000000001F00}", "User": "DESKTOP-B0T93D6\\george", "Hashes": "MD5=B5A26C2BF17222E86B91D26F1247AF3E,SHA256=14CC5BE4C833ACC652195DEAD113E1C3B4AC0B98EA1AEAD11957836F9AE721CF,IMPHASH=3D3E7537BD3BA07738DC5CA8AD01B073", "OriginalFileName": "net1.exe", "ParentImage": "C:\\Windows\\SysWOW64\\net.exe", "FileVersion": "10.0.17134.1 (WinBuild.160101.0800)", "ParentProcessId": "1860", "CurrentDirectory": "C:\\Users\\george\\Desktop\\", "CommandLine": "C:\\Windows\\system32\\net1 stop \"samss\" /y", "EventID": "1", "LogonGuid": "C784477D-A940-63A5-A9D9-030000000000", "LogonId": "252329", "Image": "C:\\Windows\\SysWOW64\\net1.exe", "IntegrityLevel": "High", "ParentCommandLine": "\"C:\\Windows\\System32\\net.exe\" stop \"samss\" /y", "UtcTime": "1672144508", "RuleName": "-"}}, {"values": {"TerminalSessionId": "1", "ProcessGuid": "{C784477D-E67D-63AA-8F06-000000001F00}", "ProcessId": "2460", "Product": "Microsoft\\xae Windows\\xae Operating System", "Description": "Net Command", "Company": "Microsoft Corporation", "ParentProcessGuid": "{C784477D-E609-63AA-2306-000000001F00}", "User": "DESKTOP-B0T93D6\\george", "Hashes": "MD5=DD0561156F62BC1958CE0E370B23711B,SHA256=FD41D0261C6D22572DA448BCB5CBBB98F78A2922D1F1074D25237CC82C8CE432,IMPHASH=86350518EAE83E4A09BBF6317BA1C570", "OriginalFileName": "net.exe", "ParentImage": "C:\\Users\\george\\Desktop\\executable.exe", "FileVersion": "10.0.17134.1 (WinBuild.160101.0800)", "ParentProcessId": "6880", "CurrentDirectory": "C:\\Users\\george\\Desktop\\", "CommandLine": "\"C:\\Windows\\System32\\net.exe\" stop \"samss\" /y", "EventID": "1", "LogonGuid": "C784477D-A940-63A5-A9D9-030000000000", "LogonId": "252329", "Image": "C:\\Windows\\SysWOW64\\net.exe", "IntegrityLevel": "High", "ParentCommandLine": "\"C:\\Users\\george\\Desktop\\executable.exe\"", "UtcTime": "1672144509", "RuleName": "-"}}, {"values": {"TerminalSessionId": "1", "ProcessGuid": "{C784477D-E67D-63AA-9106-000000001F00}", "ProcessId": "6948", "Product": "Microsoft\\xae Windows\\xae Operating System", "Description": "Net Command", "Company": "Microsoft Corporation", "ParentProcessGuid": "{C784477D-E609-63AA-2306-000000001F00}", "User": "DESKTOP-B0T93D6\\george", "Hashes": "MD5=DD0561156F62BC1958CE0E370B23711B,SHA256=FD41D0261C6D22572DA448BCB5CBBB98F78A2922D1F1074D25237CC82C8CE432,IMPHASH=86350518EAE83E4A09BBF6317BA1C570", "OriginalFileName": "net.exe", "ParentImage": "C:\\Users\\george\\Desktop\\executable.exe", "FileVersion": "10.0.17134.1 (WinBuild.160101.0800)", "ParentProcessId": "6880", "CurrentDirectory": "C:\\Users\\george\\Desktop\\", "CommandLine": "\"C:\\Windows\\System32\\net.exe\" stop \"samss\" /y", "EventID": "1", "LogonGuid": "C784477D-A940-63A5-A9D9-030000000000", "LogonId": "252329", "Image": "C:\\Windows\\SysWOW64\\net.exe", "IntegrityLevel": "High", "ParentCommandLine": "\"C:\\Users\\george\\Desktop\\executable.exe\"", "UtcTime": "1672144509", "RuleName": "-"}}, {"values": {"TerminalSessionId": "1", "ProcessGuid": "{C784477D-E67D-63AA-9306-000000001F00}", "ProcessId": "5780", "Product": "Microsoft\\xae Windows\\xae Operating System", "Description": "Net Command", "Company": "Microsoft Corporation", "ParentProcessGuid": "{C784477D-E67D-63AA-8F06-000000001F00}", "User": "DESKTOP-B0T93D6\\george", "Hashes": "MD5=B5A26C2BF17222E86B91D26F1247AF3E,SHA256=14CC5BE4C833ACC652195DEAD113E1C3B4AC0B98EA1AEAD11957836F9AE721CF,IMPHASH=3D3E7537BD3BA07738DC5CA8AD01B073", "OriginalFileName": "net1.exe", "ParentImage": "C:\\Windows\\SysWOW64\\net.exe", "FileVersion": "10.0.17134.1 (WinBuild.160101.0800)", "ParentProcessId": "2460", "CurrentDirectory": "C:\\Users\\george\\Desktop\\", "CommandLine": "C:\\Windows\\system32\\net1 stop \"samss\" /y", "EventID": "1", "LogonGuid": "C784477D-A940-63A5-A9D9-030000000000", "LogonId": "252329", "Image": "C:\\Windows\\SysWOW64\\net1.exe", "IntegrityLevel": "High", "ParentCommandLine": "\"C:\\Windows\\System32\\net.exe\" stop \"samss\" /y", "UtcTime": "1672144509", "RuleName": "-"}}, {"values": {"TerminalSessionId": "1", "ProcessGuid": "{C784477D-E67D-63AA-9406-000000001F00}", "ProcessId": "816", "Product": "Microsoft\\xae Windows\\xae Operating System", "Description": "Net Command", "Company": "Microsoft Corporation", "ParentProcessGuid": "{C784477D-E67D-63AA-9106-000000001F00}", "User": "DESKTOP-B0T93D6\\george", "Hashes": "MD5=B5A26C2BF17222E86B91D26F1247AF3E,SHA256=14CC5BE4C833ACC652195DEAD113E1C3B4AC0B98EA1AEAD11957836F9AE721CF,IMPHASH=3D3E7537BD3BA07738DC5CA8AD01B073", "OriginalFileName": "net1.exe", "ParentImage": "C:\\Windows\\SysWOW64\\net.exe", "FileVersion": "10.0.17134.1 (WinBuild.160101.0800)", "ParentProcessId": "6948", "CurrentDirectory": "C:\\Users\\george\\Desktop\\", "CommandLine": "C:\\Windows\\system32\\net1 stop \"samss\" /y", "EventID": "1", "LogonGuid": "C784477D-A940-63A5-A9D9-030000000000", "LogonId": "252329", "Image": "C:\\Windows\\SysWOW64\\net1.exe", "IntegrityLevel": "High", "ParentCommandLine": "\"C:\\Windows\\System32\\net.exe\" stop \"samss\" /y", "UtcTime": "1672144509", "RuleName": "-"}}, {"values": {"TerminalSessionId": "1", "ProcessGuid": "{C784477D-E67D-63AA-9506-000000001F00}", "ProcessId": "6992", "Product": "Microsoft\\xae Windows\\xae Operating System", "Description": "Net Command", "Company": "Microsoft Corporation", "ParentProcessGuid": "{C784477D-E609-63AA-2306-000000001F00}", "User": "DESKTOP-B0T93D6\\george", "Hashes": "MD5=DD0561156F62BC1958CE0E370B23711B,SHA256=FD41D0261C6D22572DA448BCB5CBBB98F78A2922D1F1074D25237CC82C8CE432,IMPHASH=86350518EAE83E4A09BBF6317BA1C570", "OriginalFileName": "net.exe", "ParentImage": "C:\\Users\\george\\Desktop\\executable.exe", "FileVersion": "10.0.17134.1 (WinBuild.160101.0800)", "ParentProcessId": "6880", "CurrentDirectory": "C:\\Users\\george\\Desktop\\", "CommandLine": "\"C:\\Windows\\System32\\net.exe\" stop \"samss\" /y", "EventID": "1", "LogonGuid": "C784477D-A940-63A5-A9D9-030000000000", "LogonId": "252329", "Image": "C:\\Windows\\SysWOW64\\net.exe", "IntegrityLevel": "High", "ParentCommandLine": "\"C:\\Users\\george\\Desktop\\executable.exe\"", "UtcTime": "1672144509", "RuleName": "-"}}, {"values": {"TerminalSessionId": "1", "ProcessGuid": "{C784477D-E67D-63AA-9706-000000001F00}", "ProcessId": "4512", "Product": "Microsoft\\xae Windows\\xae Operating System", "Description": "Net Command", "Company": "Microsoft Corporation", "ParentProcessGuid": "{C784477D-E609-63AA-2306-000000001F00}", "User": "DESKTOP-B0T93D6\\george", "Hashes": "MD5=DD0561156F62BC1958CE0E370B23711B,SHA256=FD41D0261C6D22572DA448BCB5CBBB98F78A2922D1F1074D25237CC82C8CE432,IMPHASH=86350518EAE83E4A09BBF6317BA1C570", "OriginalFileName": "net.exe", "ParentImage": "C:\\Users\\george\\Desktop\\executable.exe", "FileVersion": "10.0.17134.1 (WinBuild.160101.0800)", "ParentProcessId": "6880", "CurrentDirectory": "C:\\Users\\george\\Desktop\\", "CommandLine": "\"C:\\Windows\\System32\\net.exe\" stop \"samss\" /y", "EventID": "1", "LogonGuid": "C784477D-A940-63A5-A9D9-030000000000", "LogonId": "252329", "Image": "C:\\Windows\\SysWOW64\\net.exe", "IntegrityLevel": "High", "ParentCommandLine": "\"C:\\Users\\george\\Desktop\\executable.exe\"", "UtcTime": "1672144509", "RuleName": "-"}}, {"values": {"TerminalSessionId": "1", "ProcessGuid": "{C784477D-E67D-63AA-9906-000000001F00}", "ProcessId": "828", "Product": "Microsoft\\xae Windows\\xae Operating System", "Description": "Net Command", "Company": "Microsoft Corporation", "ParentProcessGuid": "{C784477D-E67D-63AA-9506-000000001F00}", "User": "DESKTOP-B0T93D6\\george", "Hashes": "MD5=B5A26C2BF17222E86B91D26F1247AF3E,SHA256=14CC5BE4C833ACC652195DEAD113E1C3B4AC0B98EA1AEAD11957836F9AE721CF,IMPHASH=3D3E7537BD3BA07738DC5CA8AD01B073", "OriginalFileName": "net1.exe", "ParentImage": "C:\\Windows\\SysWOW64\\net.exe", "FileVersion": "10.0.17134.1 (WinBuild.160101.0800)", "ParentProcessId": "6992", "CurrentDirectory": "C:\\Users\\george\\Desktop\\", "CommandLine": "C:\\Windows\\system32\\net1 stop \"samss\" /y", "EventID": "1", "LogonGuid": "C784477D-A940-63A5-A9D9-030000000000", "LogonId": "252329", "Image": "C:\\Windows\\SysWOW64\\net1.exe", "IntegrityLevel": "High", "ParentCommandLine": "\"C:\\Windows\\System32\\net.exe\" stop \"samss\" /y", "UtcTime": "1672144509", "RuleName": "-"}}, {"values": {"TerminalSessionId": "1", "ProcessGuid": "{C784477D-E67D-63AA-9A06-000000001F00}", "ProcessId": "2984", "Product": "Microsoft\\xae Windows\\xae Operating System", "Description": "Net Command", "Company": "Microsoft Corporation", "ParentProcessGuid": "{C784477D-E67D-63AA-9706-000000001F00}", "User": "DESKTOP-B0T93D6\\george", "Hashes": "MD5=B5A26C2BF17222E86B91D26F1247AF3E,SHA256=14CC5BE4C833ACC652195DEAD113E1C3B4AC0B98EA1AEAD11957836F9AE721CF,IMPHASH=3D3E7537BD3BA07738DC5CA8AD01B073", "OriginalFileName": "net1.exe", "ParentImage": "C:\\Windows\\SysWOW64\\net.exe", "FileVersion": "10.0.17134.1 (WinBuild.160101.0800)", "ParentProcessId": "4512", "CurrentDirectory": "C:\\Users\\george\\Desktop\\", "CommandLine": "C:\\Windows\\system32\\net1 stop \"samss\" /y", "EventID": "1", "LogonGuid": "C784477D-A940-63A5-A9D9-030000000000", "LogonId": "252329", "Image": "C:\\Windows\\SysWOW64\\net1.exe", "IntegrityLevel": "High", "ParentCommandLine": "\"C:\\Windows\\System32\\net.exe\" stop \"samss\" /y", "UtcTime": "1672144509", "RuleName": "-"}}, {"values": {"TerminalSessionId": "1", "ProcessGuid": "{C784477D-E67E-63AA-9B06-000000001F00}", "ProcessId": "6772", "Product": "Microsoft\\xae Windows\\xae Operating System", "Description": "Net Command", "Company": "Microsoft Corporation", "ParentProcessGuid": "{C784477D-E609-63AA-2306-000000001F00}", "User": "DESKTOP-B0T93D6\\george", "Hashes": "MD5=DD0561156F62BC1958CE0E370B23711B,SHA256=FD41D0261C6D22572DA448BCB5CBBB98F78A2922D1F1074D25237CC82C8CE432,IMPHASH=86350518EAE83E4A09BBF6317BA1C570", "OriginalFileName": "net.exe", "ParentImage": "C:\\Users\\george\\Desktop\\executable.exe", "FileVersion": "10.0.17134.1 (WinBuild.160101.0800)", "ParentProcessId": "6880", "CurrentDirectory": "C:\\Users\\george\\Desktop\\", "CommandLine": "\"C:\\Windows\\System32\\net.exe\" stop \"samss\" /y", "EventID": "1", "LogonGuid": "C784477D-A940-63A5-A9D9-030000000000", "LogonId": "252329", "Image": "C:\\Windows\\SysWOW64\\net.exe", "IntegrityLevel": "High", "ParentCommandLine": "\"C:\\Users\\george\\Desktop\\executable.exe\"", "UtcTime": "1672144510", "RuleName": "-"}}, {"values": {"TerminalSessionId": "1", "ProcessGuid": "{C784477D-E67E-63AA-9C06-000000001F00}", "ProcessId": "6500", "Product": "Microsoft\\xae Windows\\xae Operating System", "Description": "Net Command", "Company": "Microsoft Corporation", "ParentProcessGuid": "{C784477D-E609-63AA-2306-000000001F00}", "User": "DESKTOP-B0T93D6\\george", "Hashes": "MD5=DD0561156F62BC1958CE0E370B23711B,SHA256=FD41D0261C6D22572DA448BCB5CBBB98F78A2922D1F1074D25237CC82C8CE432,IMPHASH=86350518EAE83E4A09BBF6317BA1C570", "OriginalFileName": "net.exe", "ParentImage": "C:\\Users\\george\\Desktop\\executable.exe", "FileVersion": "10.0.17134.1 (WinBuild.160101.0800)", "ParentProcessId": "6880", "CurrentDirectory": "C:\\Users\\george\\Desktop\\", "CommandLine": "\"C:\\Windows\\System32\\net.exe\" stop \"samss\" /y", "EventID": "1", "LogonGuid": "C784477D-A940-63A5-A9D9-030000000000", "LogonId": "252329", "Image": "C:\\Windows\\SysWOW64\\net.exe", "IntegrityLevel": "High", "ParentCommandLine": "\"C:\\Users\\george\\Desktop\\executable.exe\"", "UtcTime": "1672144510", "RuleName": "-"}}, {"values": {"TerminalSessionId": "1", "ProcessGuid": "{C784477D-E67E-63AA-9F06-000000001F00}", "ProcessId": "5624", "Product": "Microsoft\\xae Windows\\xae Operating System", "Description": "Net Command", "Company": "Microsoft Corporation", "ParentProcessGuid": "{C784477D-E67E-63AA-9B06-000000001F00}", "User": "DESKTOP-B0T93D6\\george", "Hashes": "MD5=B5A26C2BF17222E86B91D26F1247AF3E,SHA256=14CC5BE4C833ACC652195DEAD113E1C3B4AC0B98EA1AEAD11957836F9AE721CF,IMPHASH=3D3E7537BD3BA07738DC5CA8AD01B073", "OriginalFileName": "net1.exe", "ParentImage": "C:\\Windows\\SysWOW64\\net.exe", "FileVersion": "10.0.17134.1 (WinBuild.160101.0800)", "ParentProcessId": "6772", "CurrentDirectory": "C:\\Users\\george\\Desktop\\", "CommandLine": "C:\\Windows\\system32\\net1 stop \"samss\" /y", "EventID": "1", "LogonGuid": "C784477D-A940-63A5-A9D9-030000000000", "LogonId": "252329", "Image": "C:\\Windows\\SysWOW64\\net1.exe", "IntegrityLevel": "High", "ParentCommandLine": "\"C:\\Windows\\System32\\net.exe\" stop \"samss\" /y", "UtcTime": "1672144510", "RuleName": "-"}}, {"values": {"TerminalSessionId": "1", "ProcessGuid": "{C784477D-E67E-63AA-A006-000000001F00}", "ProcessId": "4244", "Product": "Microsoft\\xae Windows\\xae Operating System", "Description": "Net Command", "Company": "Microsoft Corporation", "ParentProcessGuid": "{C784477D-E67E-63AA-9C06-000000001F00}", "User": "DESKTOP-B0T93D6\\george", "Hashes": "MD5=B5A26C2BF17222E86B91D26F1247AF3E,SHA256=14CC5BE4C833ACC652195DEAD113E1C3B4AC0B98EA1AEAD11957836F9AE721CF,IMPHASH=3D3E7537BD3BA07738DC5CA8AD01B073", "OriginalFileName": "net1.exe", "ParentImage": "C:\\Windows\\SysWOW64\\net.exe", "FileVersion": "10.0.17134.1 (WinBuild.160101.0800)", "ParentProcessId": "6500", "CurrentDirectory": "C:\\Users\\george\\Desktop\\", "CommandLine": "C:\\Windows\\system32\\net1 stop \"samss\" /y", "EventID": "1", "LogonGuid": "C784477D-A940-63A5-A9D9-030000000000", "LogonId": "252329", "Image": "C:\\Windows\\SysWOW64\\net1.exe", "IntegrityLevel": "High", "ParentCommandLine": "\"C:\\Windows\\System32\\net.exe\" stop \"samss\" /y", "UtcTime": "1672144510", "RuleName": "-"}}, {"values": {"TerminalSessionId": "1", "ProcessGuid": "{C784477D-E67E-63AA-A106-000000001F00}", "ProcessId": "4292", "Product": "Microsoft\\xae Windows\\xae Operating System", "Description": "Net Command", "Company": "Microsoft Corporation", "ParentProcessGuid": "{C784477D-E609-63AA-2306-000000001F00}", "User": "DESKTOP-B0T93D6\\george", "Hashes": "MD5=DD0561156F62BC1958CE0E370B23711B,SHA256=FD41D0261C6D22572DA448BCB5CBBB98F78A2922D1F1074D25237CC82C8CE432,IMPHASH=86350518EAE83E4A09BBF6317BA1C570", "OriginalFileName": "net.exe", "ParentImage": "C:\\Users\\george\\Desktop\\executable.exe", "FileVersion": "10.0.17134.1 (WinBuild.160101.0800)", "ParentProcessId": "6880", "CurrentDirectory": "C:\\Users\\george\\Desktop\\", "CommandLine": "\"C:\\Windows\\System32\\net.exe\" stop \"samss\" /y", "EventID": "1", "LogonGuid": "C784477D-A940-63A5-A9D9-030000000000", "LogonId": "252329", "Image": "C:\\Windows\\SysWOW64\\net.exe", "IntegrityLevel": "High", "ParentCommandLine": "\"C:\\Users\\george\\Desktop\\executable.exe\"", "UtcTime": "1672144510", "RuleName": "-"}}, {"values": {"TerminalSessionId": "1", "ProcessGuid": "{C784477D-E67E-63AA-A206-000000001F00}", "ProcessId": "1916", "Product": "Microsoft\\xae Windows\\xae Operating System", "Description": "Net Command", "Company": "Microsoft Corporation", "ParentProcessGuid": "{C784477D-E609-63AA-2306-000000001F00}", "User": "DESKTOP-B0T93D6\\george", "Hashes": "MD5=DD0561156F62BC1958CE0E370B23711B,SHA256=FD41D0261C6D22572DA448BCB5CBBB98F78A2922D1F1074D25237CC82C8CE432,IMPHASH=86350518EAE83E4A09BBF6317BA1C570", "OriginalFileName": "net.exe", "ParentImage": "C:\\Users\\george\\Desktop\\executable.exe", "FileVersion": "10.0.17134.1 (WinBuild.160101.0800)", "ParentProcessId": "6880", "CurrentDirectory": "C:\\Users\\george\\Desktop\\", "CommandLine": "\"C:\\Windows\\System32\\net.exe\" stop \"samss\" /y", "EventID": "1", "LogonGuid": "C784477D-A940-63A5-A9D9-030000000000", "LogonId": "252329", "Image": "C:\\Windows\\SysWOW64\\net.exe", "IntegrityLevel": "High", "ParentCommandLine": "\"C:\\Users\\george\\Desktop\\executable.exe\"", "UtcTime": "1672144510", "RuleName": "-"}}, {"values": {"TerminalSessionId": "1", "ProcessGuid": "{C784477D-E67F-63AA-A506-000000001F00}", "ProcessId": "3720", "Product": "Microsoft\\xae Windows\\xae Operating System", "Description": "Net Command", "Company": "Microsoft Corporation", "ParentProcessGuid": "{C784477D-E67E-63AA-A106-000000001F00}", "User": "DESKTOP-B0T93D6\\george", "Hashes": "MD5=B5A26C2BF17222E86B91D26F1247AF3E,SHA256=14CC5BE4C833ACC652195DEAD113E1C3B4AC0B98EA1AEAD11957836F9AE721CF,IMPHASH=3D3E7537BD3BA07738DC5CA8AD01B073", "OriginalFileName": "net1.exe", "ParentImage": "C:\\Windows\\SysWOW64\\net.exe", "FileVersion": "10.0.17134.1 (WinBuild.160101.0800)", "ParentProcessId": "4292", "CurrentDirectory": "C:\\Users\\george\\Desktop\\", "CommandLine": "C:\\Windows\\system32\\net1 stop \"samss\" /y", "EventID": "1", "LogonGuid": "C784477D-A940-63A5-A9D9-030000000000", "LogonId": "252329", "Image": "C:\\Windows\\SysWOW64\\net1.exe", "IntegrityLevel": "High", "ParentCommandLine": "\"C:\\Windows\\System32\\net.exe\" stop \"samss\" /y", "UtcTime": "1672144511", "RuleName": "-"}}, {"values": {"TerminalSessionId": "1", "ProcessGuid": "{C784477D-E67F-63AA-A606-000000001F00}", "ProcessId": "2360", "Product": "Microsoft\\xae Windows\\xae Operating System", "Description": "Net Command", "Company": "Microsoft Corporation", "ParentProcessGuid": "{C784477D-E67E-63AA-A206-000000001F00}", "User": "DESKTOP-B0T93D6\\george", "Hashes": "MD5=B5A26C2BF17222E86B91D26F1247AF3E,SHA256=14CC5BE4C833ACC652195DEAD113E1C3B4AC0B98EA1AEAD11957836F9AE721CF,IMPHASH=3D3E7537BD3BA07738DC5CA8AD01B073", "OriginalFileName": "net1.exe", "ParentImage": "C:\\Windows\\SysWOW64\\net.exe", "FileVersion": "10.0.17134.1 (WinBuild.160101.0800)", "ParentProcessId": "1916", "CurrentDirectory": "C:\\Users\\george\\Desktop\\", "CommandLine": "C:\\Windows\\system32\\net1 stop \"samss\" /y", "EventID": "1", "LogonGuid": "C784477D-A940-63A5-A9D9-030000000000", "LogonId": "252329", "Image": "C:\\Windows\\SysWOW64\\net1.exe", "IntegrityLevel": "High", "ParentCommandLine": "\"C:\\Windows\\System32\\net.exe\" stop \"samss\" /y", "UtcTime": "1672144511", "RuleName": "-"}}, {"values": {"TerminalSessionId": "1", "ProcessGuid": "{C784477D-E67F-63AA-A706-000000001F00}", "ProcessId": "3052", "Product": "Microsoft\\xae Windows\\xae Operating System", "Description": "Net Command", "Company": "Microsoft Corporation", "ParentProcessGuid": "{C784477D-E609-63AA-2306-000000001F00}", "User": "DESKTOP-B0T93D6\\george", "Hashes": "MD5=DD0561156F62BC1958CE0E370B23711B,SHA256=FD41D0261C6D22572DA448BCB5CBBB98F78A2922D1F1074D25237CC82C8CE432,IMPHASH=86350518EAE83E4A09BBF6317BA1C570", "OriginalFileName": "net.exe", "ParentImage": "C:\\Users\\george\\Desktop\\executable.exe", "FileVersion": "10.0.17134.1 (WinBuild.160101.0800)", "ParentProcessId": "6880", "CurrentDirectory": "C:\\Users\\george\\Desktop\\", "CommandLine": "\"C:\\Windows\\System32\\net.exe\" stop \"samss\" /y", "EventID": "1", "LogonGuid": "C784477D-A940-63A5-A9D9-030000000000", "LogonId": "252329", "Image": "C:\\Windows\\SysWOW64\\net.exe", "IntegrityLevel": "High", "ParentCommandLine": "\"C:\\Users\\george\\Desktop\\executable.exe\"", "UtcTime": "1672144511", "RuleName": "-"}}, {"values": {"TerminalSessionId": "1", "ProcessGuid": "{C784477D-E67F-63AA-A806-000000001F00}", "ProcessId": "1772", "Product": "Microsoft\\xae Windows\\xae Operating System", "Description": "Net Command", "Company": "Microsoft Corporation", "ParentProcessGuid": "{C784477D-E609-63AA-2306-000000001F00}", "User": "DESKTOP-B0T93D6\\george", "Hashes": "MD5=DD0561156F62BC1958CE0E370B23711B,SHA256=FD41D0261C6D22572DA448BCB5CBBB98F78A2922D1F1074D25237CC82C8CE432,IMPHASH=86350518EAE83E4A09BBF6317BA1C570", "OriginalFileName": "net.exe", "ParentImage": "C:\\Users\\george\\Desktop\\executable.exe", "FileVersion": "10.0.17134.1 (WinBuild.160101.0800)", "ParentProcessId": "6880", "CurrentDirectory": "C:\\Users\\george\\Desktop\\", "CommandLine": "\"C:\\Windows\\System32\\net.exe\" stop \"samss\" /y", "EventID": "1", "LogonGuid": "C784477D-A940-63A5-A9D9-030000000000", "LogonId": "252329", "Image": "C:\\Windows\\SysWOW64\\net.exe", "IntegrityLevel": "High", "ParentCommandLine": "\"C:\\Users\\george\\Desktop\\executable.exe\"", "UtcTime": "1672144511", "RuleName": "-"}}, {"values": {"TerminalSessionId": "1", "ProcessGuid": "{C784477D-E67F-63AA-AA06-000000001F00}", "ProcessId": "3560", "Product": "Microsoft\\xae Windows\\xae Operating System", "Description": "Net Command", "Company": "Microsoft Corporation", "ParentProcessGuid": "{C784477D-E67F-63AA-A706-000000001F00}", "User": "DESKTOP-B0T93D6\\george", "Hashes": "MD5=B5A26C2BF17222E86B91D26F1247AF3E,SHA256=14CC5BE4C833ACC652195DEAD113E1C3B4AC0B98EA1AEAD11957836F9AE721CF,IMPHASH=3D3E7537BD3BA07738DC5CA8AD01B073", "OriginalFileName": "net1.exe", "ParentImage": "C:\\Windows\\SysWOW64\\net.exe", "FileVersion": "10.0.17134.1 (WinBuild.160101.0800)", "ParentProcessId": "3052", "CurrentDirectory": "C:\\Users\\george\\Desktop\\", "CommandLine": "C:\\Windows\\system32\\net1 stop \"samss\" /y", "EventID": "1", "LogonGuid": "C784477D-A940-63A5-A9D9-030000000000", "LogonId": "252329", "Image": "C:\\Windows\\SysWOW64\\net1.exe", "IntegrityLevel": "High", "ParentCommandLine": "\"C:\\Windows\\System32\\net.exe\" stop \"samss\" /y", "UtcTime": "1672144511", "RuleName": "-"}}, {"values": {"TerminalSessionId": "1", "ProcessGuid": "{C784477D-E680-63AA-AC06-000000001F00}", "ProcessId": "6096", "Product": "Microsoft\\xae Windows\\xae Operating System", "Description": "Net Command", "Company": "Microsoft Corporation", "ParentProcessGuid": "{C784477D-E67F-63AA-A806-000000001F00}", "User": "DESKTOP-B0T93D6\\george", "Hashes": "MD5=B5A26C2BF17222E86B91D26F1247AF3E,SHA256=14CC5BE4C833ACC652195DEAD113E1C3B4AC0B98EA1AEAD11957836F9AE721CF,IMPHASH=3D3E7537BD3BA07738DC5CA8AD01B073", "OriginalFileName": "net1.exe", "ParentImage": "C:\\Windows\\SysWOW64\\net.exe", "FileVersion": "10.0.17134.1 (WinBuild.160101.0800)", "ParentProcessId": "1772", "CurrentDirectory": "C:\\Users\\george\\Desktop\\", "CommandLine": "C:\\Windows\\system32\\net1 stop \"samss\" /y", "EventID": "1", "LogonGuid": "C784477D-A940-63A5-A9D9-030000000000", "LogonId": "252329", "Image": "C:\\Windows\\SysWOW64\\net1.exe", "IntegrityLevel": "High", "ParentCommandLine": "\"C:\\Windows\\System32\\net.exe\" stop \"samss\" /y", "UtcTime": "1672144512", "RuleName": "-"}}, {"values": {"TerminalSessionId": "1", "ProcessGuid": "{C784477D-E680-63AA-AD06-000000001F00}", "ProcessId": "3964", "Product": "Microsoft\\xae Windows\\xae Operating System", "Description": "Net Command", "Company": "Microsoft Corporation", "ParentProcessGuid": "{C784477D-E609-63AA-2306-000000001F00}", "User": "DESKTOP-B0T93D6\\george", "Hashes": "MD5=DD0561156F62BC1958CE0E370B23711B,SHA256=FD41D0261C6D22572DA448BCB5CBBB98F78A2922D1F1074D25237CC82C8CE432,IMPHASH=86350518EAE83E4A09BBF6317BA1C570", "OriginalFileName": "net.exe", "ParentImage": "C:\\Users\\george\\Desktop\\executable.exe", "FileVersion": "10.0.17134.1 (WinBuild.160101.0800)", "ParentProcessId": "6880", "CurrentDirectory": "C:\\Users\\george\\Desktop\\", "CommandLine": "\"C:\\Windows\\System32\\net.exe\" stop \"samss\" /y", "EventID": "1", "LogonGuid": "C784477D-A940-63A5-A9D9-030000000000", "LogonId": "252329", "Image": "C:\\Windows\\SysWOW64\\net.exe", "IntegrityLevel": "High", "ParentCommandLine": "\"C:\\Users\\george\\Desktop\\executable.exe\"", "UtcTime": "1672144512", "RuleName": "-"}}, {"values": {"TerminalSessionId": "1", "ProcessGuid": "{C784477D-E680-63AA-AF06-000000001F00}", "ProcessId": "3712", "Product": "Microsoft\\xae Windows\\xae Operating System", "Description": "Net Command", "Company": "Microsoft Corporation", "ParentProcessGuid": "{C784477D-E609-63AA-2306-000000001F00}", "User": "DESKTOP-B0T93D6\\george", "Hashes": "MD5=DD0561156F62BC1958CE0E370B23711B,SHA256=FD41D0261C6D22572DA448BCB5CBBB98F78A2922D1F1074D25237CC82C8CE432,IMPHASH=86350518EAE83E4A09BBF6317BA1C570", "OriginalFileName": "net.exe", "ParentImage": "C:\\Users\\george\\Desktop\\executable.exe", "FileVersion": "10.0.17134.1 (WinBuild.160101.0800)", "ParentProcessId": "6880", "CurrentDirectory": "C:\\Users\\george\\Desktop\\", "CommandLine": "\"C:\\Windows\\System32\\net.exe\" stop \"samss\" /y", "EventID": "1", "LogonGuid": "C784477D-A940-63A5-A9D9-030000000000", "LogonId": "252329", "Image": "C:\\Windows\\SysWOW64\\net.exe", "IntegrityLevel": "High", "ParentCommandLine": "\"C:\\Users\\george\\Desktop\\executable.exe\"", "UtcTime": "1672144512", "RuleName": "-"}}, {"values": {"TerminalSessionId": "1", "ProcessGuid": "{C784477D-E680-63AA-B006-000000001F00}", "ProcessId": "3180", "Product": "Microsoft\\xae Windows\\xae Operating System", "Description": "Net Command", "Company": "Microsoft Corporation", "ParentProcessGuid": "{C784477D-E680-63AA-AD06-000000001F00}", "User": "DESKTOP-B0T93D6\\george", "Hashes": "MD5=B5A26C2BF17222E86B91D26F1247AF3E,SHA256=14CC5BE4C833ACC652195DEAD113E1C3B4AC0B98EA1AEAD11957836F9AE721CF,IMPHASH=3D3E7537BD3BA07738DC5CA8AD01B073", "OriginalFileName": "net1.exe", "ParentImage": "C:\\Windows\\SysWOW64\\net.exe", "FileVersion": "10.0.17134.1 (WinBuild.160101.0800)", "ParentProcessId": "3964", "CurrentDirectory": "C:\\Users\\george\\Desktop\\", "CommandLine": "C:\\Windows\\system32\\net1 stop \"samss\" /y", "EventID": "1", "LogonGuid": "C784477D-A940-63A5-A9D9-030000000000", "LogonId": "252329", "Image": "C:\\Windows\\SysWOW64\\net1.exe", "IntegrityLevel": "High", "ParentCommandLine": "\"C:\\Windows\\System32\\net.exe\" stop \"samss\" /y", "UtcTime": "1672144512", "RuleName": "-"}}, {"values": {"TerminalSessionId": "1", "ProcessGuid": "{C784477D-E681-63AA-B206-000000001F00}", "ProcessId": "4124", "Product": "Microsoft\\xae Windows\\xae Operating System", "Description": "Net Command", "Company": "Microsoft Corporation", "ParentProcessGuid": "{C784477D-E680-63AA-AF06-000000001F00}", "User": "DESKTOP-B0T93D6\\george", "Hashes": "MD5=B5A26C2BF17222E86B91D26F1247AF3E,SHA256=14CC5BE4C833ACC652195DEAD113E1C3B4AC0B98EA1AEAD11957836F9AE721CF,IMPHASH=3D3E7537BD3BA07738DC5CA8AD01B073", "OriginalFileName": "net1.exe", "ParentImage": "C:\\Windows\\SysWOW64\\net.exe", "FileVersion": "10.0.17134.1 (WinBuild.160101.0800)", "ParentProcessId": "3712", "CurrentDirectory": "C:\\Users\\george\\Desktop\\", "CommandLine": "C:\\Windows\\system32\\net1 stop \"samss\" /y", "EventID": "1", "LogonGuid": "C784477D-A940-63A5-A9D9-030000000000", "LogonId": "252329", "Image": "C:\\Windows\\SysWOW64\\net1.exe", "IntegrityLevel": "High", "ParentCommandLine": "\"C:\\Windows\\System32\\net.exe\" stop \"samss\" /y", "UtcTime": "1672144513", "RuleName": "-"}}, {"values": {"TerminalSessionId": "1", "ProcessGuid": "{C784477D-E681-63AA-B306-000000001F00}", "ProcessId": "7156", "Product": "Microsoft\\xae Windows\\xae Operating System", "Description": "Net Command", "Company": "Microsoft Corporation", "ParentProcessGuid": "{C784477D-E609-63AA-2306-000000001F00}", "User": "DESKTOP-B0T93D6\\george", "Hashes": "MD5=DD0561156F62BC1958CE0E370B23711B,SHA256=FD41D0261C6D22572DA448BCB5CBBB98F78A2922D1F1074D25237CC82C8CE432,IMPHASH=86350518EAE83E4A09BBF6317BA1C570", "OriginalFileName": "net.exe", "ParentImage": "C:\\Users\\george\\Desktop\\executable.exe", "FileVersion": "10.0.17134.1 (WinBuild.160101.0800)", "ParentProcessId": "6880", "CurrentDirectory": "C:\\Users\\george\\Desktop\\", "CommandLine": "\"C:\\Windows\\System32\\net.exe\" stop \"samss\" /y", "EventID": "1", "LogonGuid": "C784477D-A940-63A5-A9D9-030000000000", "LogonId": "252329", "Image": "C:\\Windows\\SysWOW64\\net.exe", "IntegrityLevel": "High", "ParentCommandLine": "\"C:\\Users\\george\\Desktop\\executable.exe\"", "UtcTime": "1672144513", "RuleName": "-"}}, {"values": {"TerminalSessionId": "1", "ProcessGuid": "{C784477D-E681-63AA-B506-000000001F00}", "ProcessId": "7028", "Product": "Microsoft\\xae Windows\\xae Operating System", "Description": "Net Command", "Company": "Microsoft Corporation", "ParentProcessGuid": "{C784477D-E681-63AA-B306-000000001F00}", "User": "DESKTOP-B0T93D6\\george", "Hashes": "MD5=B5A26C2BF17222E86B91D26F1247AF3E,SHA256=14CC5BE4C833ACC652195DEAD113E1C3B4AC0B98EA1AEAD11957836F9AE721CF,IMPHASH=3D3E7537BD3BA07738DC5CA8AD01B073", "OriginalFileName": "net1.exe", "ParentImage": "C:\\Windows\\SysWOW64\\net.exe", "FileVersion": "10.0.17134.1 (WinBuild.160101.0800)", "ParentProcessId": "7156", "CurrentDirectory": "C:\\Users\\george\\Desktop\\", "CommandLine": "C:\\Windows\\system32\\net1 stop \"samss\" /y", "EventID": "1", "LogonGuid": "C784477D-A940-63A5-A9D9-030000000000", "LogonId": "252329", "Image": "C:\\Windows\\SysWOW64\\net1.exe", "IntegrityLevel": "High", "ParentCommandLine": "\"C:\\Windows\\System32\\net.exe\" stop \"samss\" /y", "UtcTime": "1672144513", "RuleName": "-"}}, {"values": {"TerminalSessionId": "1", "ProcessGuid": "{C784477D-E682-63AA-B606-000000001F00}", "ProcessId": "4548", "Product": "Microsoft\\xae Windows\\xae Operating System", "Description": "Net Command", "Company": "Microsoft Corporation", "ParentProcessGuid": "{C784477D-E609-63AA-2306-000000001F00}", "User": "DESKTOP-B0T93D6\\george", "Hashes": "MD5=DD0561156F62BC1958CE0E370B23711B,SHA256=FD41D0261C6D22572DA448BCB5CBBB98F78A2922D1F1074D25237CC82C8CE432,IMPHASH=86350518EAE83E4A09BBF6317BA1C570", "OriginalFileName": "net.exe", "ParentImage": "C:\\Users\\george\\Desktop\\executable.exe", "FileVersion": "10.0.17134.1 (WinBuild.160101.0800)", "ParentProcessId": "6880", "CurrentDirectory": "C:\\Users\\george\\Desktop\\", "CommandLine": "\"C:\\Windows\\System32\\net.exe\" stop \"samss\" /y", "EventID": "1", "LogonGuid": "C784477D-A940-63A5-A9D9-030000000000", "LogonId": "252329", "Image": "C:\\Windows\\SysWOW64\\net.exe", "IntegrityLevel": "High", "ParentCommandLine": "\"C:\\Users\\george\\Desktop\\executable.exe\"", "UtcTime": "1672144514", "RuleName": "-"}}, {"values": {"TerminalSessionId": "1", "ProcessGuid": "{C784477D-E682-63AA-B806-000000001F00}", "ProcessId": "6780", "Product": "Microsoft\\xae Windows\\xae Operating System", "Description": "Net Command", "Company": "Microsoft Corporation", "ParentProcessGuid": "{C784477D-E609-63AA-2306-000000001F00}", "User": "DESKTOP-B0T93D6\\george", "Hashes": "MD5=DD0561156F62BC1958CE0E370B23711B,SHA256=FD41D0261C6D22572DA448BCB5CBBB98F78A2922D1F1074D25237CC82C8CE432,IMPHASH=86350518EAE83E4A09BBF6317BA1C570", "OriginalFileName": "net.exe", "ParentImage": "C:\\Users\\george\\Desktop\\executable.exe", "FileVersion": "10.0.17134.1 (WinBuild.160101.0800)", "ParentProcessId": "6880", "CurrentDirectory": "C:\\Users\\george\\Desktop\\", "CommandLine": "\"C:\\Windows\\System32\\net.exe\" stop \"samss\" /y", "EventID": "1", "LogonGuid": "C784477D-A940-63A5-A9D9-030000000000", "LogonId": "252329", "Image": "C:\\Windows\\SysWOW64\\net.exe", "IntegrityLevel": "High", "ParentCommandLine": "\"C:\\Users\\george\\Desktop\\executable.exe\"", "UtcTime": "1672144514", "RuleName": "-"}}, {"values": {"TerminalSessionId": "1", "ProcessGuid": "{C784477D-E682-63AA-B906-000000001F00}", "ProcessId": "5556", "Product": "Microsoft\\xae Windows\\xae Operating System", "Description": "Net Command", "Company": "Microsoft Corporation", "ParentProcessGuid": "{C784477D-E682-63AA-B606-000000001F00}", "User": "DESKTOP-B0T93D6\\george", "Hashes": "MD5=B5A26C2BF17222E86B91D26F1247AF3E,SHA256=14CC5BE4C833ACC652195DEAD113E1C3B4AC0B98EA1AEAD11957836F9AE721CF,IMPHASH=3D3E7537BD3BA07738DC5CA8AD01B073", "OriginalFileName": "net1.exe", "ParentImage": "C:\\Windows\\SysWOW64\\net.exe", "FileVersion": "10.0.17134.1 (WinBuild.160101.0800)", "ParentProcessId": "4548", "CurrentDirectory": "C:\\Users\\george\\Desktop\\", "CommandLine": "C:\\Windows\\system32\\net1 stop \"samss\" /y", "EventID": "1", "LogonGuid": "C784477D-A940-63A5-A9D9-030000000000", "LogonId": "252329", "Image": "C:\\Windows\\SysWOW64\\net1.exe", "IntegrityLevel": "High", "ParentCommandLine": "\"C:\\Windows\\System32\\net.exe\" stop \"samss\" /y", "UtcTime": "1672144514", "RuleName": "-"}}, 