{"data": {"id": "d5c95eae3316aa7a730c0397e307bfa0113d1e35c8b76b1adec8e22a6f484791", "type": "file", "links": {"self": "https://www.virustotal.com/api/v3/files/d5c95eae3316aa7a730c0397e307bfa0113d1e35c8b76b1adec8e22a6f484791"}, "attributes": {"sigma_analysis_summary": {"Sigma Integrated Rule Set (GitHub)": {"high": 3, "medium": 3, "critical": 0, "low": 1}, "Joe Security Rule Set (GitHub)": {"high": 0, "medium": 0, "critical": 1, "low": 0}}, "detectiteasy": {"filetype": "PE32", "values": [{"info": "GUI32", "version": "3.10", "type": "Linker", "name": "Microsoft Linker"}]}, "type_tag": "peexe", "filecondis": {"dhash": "fc3c3c3c1c1a1000", "raw_md5": "76919ea622af378e1264002262fd9d30"}, "last_analysis_date": 1743651592, "magika": "PEBIN", "crowdsourced_ids_stats": {"high": 3, "info": 2, "medium": 0, "low": 0}, "reputation": -92, "total_votes": {"harmless": 0, "malicious": 3}, "type_description": "Win32 EXE", "ssdeep": "12288:jxQy0fUc64BF3ghuZ8Z4oCgBrS+61jd9rKbvxSkm:dQyXpcdgUuFxhSrh9rqv", "sandbox_verdicts": {"Zenbox": {"category": "malicious", "confidence": 100, "sandbox_name": "Zenbox", "malware_classification": ["MALWARE", "RANSOM", "TROJAN", "EVADER"], "malware_names": ["Buran", "Voidcrypt"]}, "Dr.Web vxCube": {"category": "malicious", "sandbox_name": "Dr.Web vxCube", "malware_classification": ["MALWARE"]}, "DAS-Security Orcas": {"category": "malicious", "sandbox_name": "DAS-Security Orcas", "malware_classification": ["MALWARE"]}}, "creation_date": 1569171987, "pe_info": {"timestamp": 1569171987, "imphash": "1cc26752afccc84bd06d77a79ecbef89", "machine_type": 332, "entry_point": 58923, "sections": [{"name": ".text", "chi2": 3256715.75, "virtual_address": 4096, "entropy": 6.77, "raw_size": 379392, "flags": "rx", "virtual_size": 378922, "md5": "1c09a22a492a1bff3e6e8b9d350a0b7b"}, {"name": ".data", "chi2": 10237773.0, "virtual_address": 385024, "entropy": 0.2, "raw_size": 41472, "flags": "rw", "virtual_size": 41148, "md5": "b4a842536989e2504b16817b406b2d30"}], "import_list": [{"library_name": "kernel32.dll", "imported_functions": ["ExitProcess", "GetProcAddress", "GetVersion", "LoadLibraryA", "VirtualAlloc", "VirtualProtect"]}, {"library_name": "ole32.dll", "imported_functions": ["OleInitialize", "OleUninitialize"]}, {"library_name": "oledlg.dll", "imported_functions": ["OleUIBusyA", "OleUIBusyW", "OleUIConvertA", "OleUIConvertW"]}, {"library_name": "gdiplus.dll", "imported_functions": ["GdipMultiplyMatrix"]}, {"library_name": "shell32.dll", "imported_functions": ["PifMgr_OpenProperties"]}, {"library_name": "GdiPlus.dll", "imported_functions": ["GdipAddPathBezier"]}]}, "times_submitted": 6, "last_analysis_stats": {"malicious": 63, "suspicious": 0, "undetected": 9, "harmless": 0, "timeout": 0, "confirmed-timeout": 0, "failure": 1, "type-unsupported": 4}, "sigma_analysis_results": [{"match_context": [{"values": {"TerminalSessionId": "1", "ProcessGuid": "{C784477D-BE24-63DF-8D0A-000000004A00}", "ProcessId": "3936", "Product": "Microsoft\\xae Windows\\xae Operating System", "Description": "Windows Command Processor", "Company": "Microsoft Corporation", "ParentProcessGuid": "{C784477D-BE13-63DF-7C0A-000000004A00}", "User": "DESKTOP-B0T93D6\\george", "Hashes": "MD5=F3BDBE3BB6F734E357235F4D5898582D,SHA256=3685495D051137B1C4EFDE22C26DF0883614B6453B762FA84588DA55ED2E7744,IMPHASH=0AF8419BE362159398343D7B31721726", "OriginalFileName": "Cmd.Exe", "ParentImage": "C:\\Users\\george\\AppData\\Roaming\\Microsoft\\Windows\\lsass.exe", "FileVersion": "10.0.17134.1 (WinBuild.160101.0800)", "ParentProcessId": "6768", "CurrentDirectory": "C:\\Windows\\system32\\", "CommandLine": "\"C:\\Windows\\system32\\cmd.exe\" /C wmic shadowcopy delete", "EventID": "1", "LogonGuid": "C784477D-DA72-63A4-2F2E-040000000000", "LogonId": "273967", "Image": "C:\\Windows\\SysWOW64\\cmd.exe", "IntegrityLevel": "High", "ParentCommandLine": "\"C:\\Users\\george\\AppData\\Roaming\\Microsoft\\Windows\\lsass.exe\" -start", "UtcTime": "1675607588", "RuleName": "-"}}, {"values": {"TerminalSessionId": "1", "ProcessGuid": "{C784477D-BE25-63DF-8F0A-000000004A00}", "ProcessId": "3700", "Product": "Microsoft\\xae Windows\\xae Operating System", "Description": "WMI Commandline Utility", "Company": "Microsoft Corporation", "ParentProcessGuid": "{C784477D-BE24-63DF-8D0A-000000004A00}", "User": "DESKTOP-B0T93D6\\george", "Hashes": "MD5=79A01FCD1C8166C5642F37D1E0FB7BA8,SHA256=69CA5E47CD2B97F29E744CED04CE93746B687EFE8F636D9AEB8CB1EF9B67049C,IMPHASH=B60228C45486DB219406793696D4205B", "OriginalFileName": "wmic.exe", "ParentImage": "C:\\Windows\\SysWOW64\\cmd.exe", "FileVersion": "10.0.17134.1 (WinBuild.160101.0800)", "ParentProcessId": "3936", "CurrentDirectory": "C:\\Windows\\system32\\", "CommandLine": "wmic  shadowcopy delete", "EventID": "1", "LogonGuid": "C784477D-DA72-63A4-2F2E-040000000000", "LogonId": "273967", "Image": "C:\\Windows\\SysWOW64\\wbem\\WMIC.exe", "IntegrityLevel": "High", "ParentCommandLine": "\"C:\\Windows\\system32\\cmd.exe\" /C wmic shadowcopy delete", "UtcTime": "1675607589", "RuleName": "-"}}], "rule_level": "critical", "rule_description": "Delete shadow copy via WMIC", "rule_source": "Joe Security Rule Set (GitHub)", "rule_title": "Delete shadow copy via WMIC", "rule_id": "be6d29855558a0e8c404486d8f1838ce35594866f126f9c1c62a9792e9c76be2", "rule_author": "Joe Security"}, {"match_context": [{"values": {"TerminalSessionId": "1", "ProcessGuid": "{C784477D-BE13-63DF-7C0A-000000004A00}", "ProcessId": "6768", "Product": "-", "Description": "-", "Company": "-", "ParentProcessGuid": "{C784477D-BE0E-63DF-780A-000000004A00}", "User": "DESKTOP-B0T93D6\\george", "Hashes": "MD5=99837E301D8AF9560A4E6DF01A81DC39,SHA256=D5C95EAE3316AA7A730C0397E307BFA0113D1E35C8B76B1ADEC8E22A6F484791,IMPHASH=1CC26752AFCCC84BD06D77A79ECBEF89", "OriginalFileName": "-", "ParentImage": "C:\\Users\\george\\Desktop\\file.exe", "FileVersion": "-", "ParentProcessId": "852", "CurrentDirectory": "C:\\Users\\george\\Desktop\\", "CommandLine": "\"C:\\Users\\george\\AppData\\Roaming\\Microsoft\\Windows\\lsass.exe\" -start", "EventID": "1", "LogonGuid": "C784477D-DA72-63A4-2F2E-040000000000", "LogonId": "273967", "Image": "C:\\Users\\george\\AppData\\Roaming\\Microsoft\\Windows\\lsass.exe", "IntegrityLevel": "High", "ParentCommandLine": "\"C:\\Users\\george\\Desktop\\file.exe\"", "UtcTime": "1675607571", "RuleName": "-"}}, {"values": {"TerminalSessionId": "1", "ProcessGuid": "{C784477D-BE1D-63DF-800A-000000004A00}", "ProcessId": "6928", "Product": "-", "Description": "-", "Company": "-", "ParentProcessGuid": "{C784477D-DA73-63A4-8100-000000004A00}", "User": "DESKTOP-B0T93D6\\george", "Hashes": "MD5=99837E301D8AF9560A4E6DF01A81DC39,SHA256=D5C95EAE3316AA7A730C0397E307BFA0113D1E35C8B76B1ADEC8E22A6F484791,IMPHASH=1CC26752AFCCC84BD06D77A79ECBEF89", "OriginalFileName": "-", "ParentImage": "C:\\Windows\\explorer.exe", "FileVersion": "-", "ParentProcessId": "4832", "CurrentDirectory": "C:\\Users\\george\\AppData\\Roaming\\Microsoft\\Windows\\", "CommandLine": "\"C:\\Users\\george\\AppData\\Roaming\\Microsoft\\Windows\\lsass.exe\" -start", "EventID": "1", "LogonGuid": "C784477D-DA72-63A4-2F2E-040000000000", "LogonId": "273967", "Image": "C:\\Users\\george\\AppData\\Roaming\\Microsoft\\Windows\\lsass.exe", "IntegrityLevel": "High", "ParentCommandLine": "C:\\Windows\\Explorer.EXE", "UtcTime": "1675607581", "RuleName": "-"}}, {"values": {"TerminalSessionId": "1", "ProcessGuid": "{C784477D-BE26-63DF-910A-000000004A00}", "ProcessId": "6480", "Product": "-", "Description": "-", "Company": "-", "ParentProcessGuid": "{C784477D-DA73-63A4-8100-000000004A00}", "User": "DESKTOP-B0T93D6\\george", "Hashes": "MD5=99837E301D8AF9560A4E6DF01A81DC39,SHA256=D5C95EAE3316AA7A730C0397E307BFA0113D1E35C8B76B1ADEC8E22A6F484791,IMPHASH=1CC26752AFCCC84BD06D77A79ECBEF89", "OriginalFileName": "-", "ParentImage": "C:\\Windows\\explorer.exe", "FileVersion": "-", "ParentProcessId": "4832", "CurrentDirectory": "C:\\Users\\george\\AppData\\Roaming\\Microsoft\\Windows\\", "CommandLine": "\"C:\\Users\\george\\AppData\\Roaming\\Microsoft\\Windows\\lsass.exe\" -start", "EventID": "1", "LogonGuid": "C784477D-DA72-63A4-2F2E-040000000000", "LogonId": "273967", "Image": "C:\\Users\\george\\AppData\\Roaming\\Microsoft\\Windows\\lsass.exe", "IntegrityLevel": "High", "ParentCommandLine": "C:\\Windows\\Explorer.EXE", "UtcTime": "1675607590", "RuleName": "-"}}], "rule_level": "high", "rule_description": "Detects a Windows program executable started from a suspicious folder", "rule_source": "Sigma Integrated Rule Set (GitHub)", "rule_title": "System File Execution Location Anomaly", "rule_id": "25fc56c1bee673d7ff3edcf371e4d2a36c0af83222da348961b87735c8efa61f", "rule_author": "Florian Roth, Patrick Bareiss, Anton Kutepov, oscd.community, Nasreddine Bencherchali"}, {"match_context": [{"values": {"TerminalSessionId": "1", "ProcessGuid": "{C784477D-BE25-63DF-8F0A-000000004A00}", "ProcessId": "3700", "Product": "Microsoft\\xae Windows\\xae Operating System", "Description": "WMI Commandline Utility", "Company": "Microsoft Corporation", "ParentProcessGuid": "{C784477D-BE24-63DF-8D0A-000000004A00}", "User": "DESKTOP-B0T93D6\\george", "Hashes": "MD5=79A01FCD1C8166C5642F37D1E0FB7BA8,SHA256=69CA5E47CD2B97F29E744CED04CE93746B687EFE8F636D9AEB8CB1EF9B67049C,IMPHASH=B60228C45486DB219406793696D4205B", "OriginalFileName": "wmic.exe", "ParentImage": "C:\\Windows\\SysWOW64\\cmd.exe", "FileVersion": "10.0.17134.1 (WinBuild.160101.0800)", "ParentProcessId": "3936", "CurrentDirectory": "C:\\Windows\\system32\\", "CommandLine": "wmic  shadowcopy delete", "EventID": "1", "LogonGuid": "C784477D-DA72-63A4-2F2E-040000000000", "LogonId": "273967", "Image": "C:\\Windows\\SysWOW64\\wbem\\WMIC.exe", "IntegrityLevel": "High", "ParentCommandLine": "\"C:\\Windows\\system32\\cmd.exe\" /C wmic shadowcopy delete", "UtcTime": "1675607589", "RuleName": "-"}}, {"values": {"TerminalSessionId": "1", "ProcessGuid": "{C784477D-BE28-63DF-940A-000000004A00}", "ProcessId": "7124", "Product": "Microsoft\\xae Windows\\xae Operating System", "Description": "Command Line Interface for Microsoft\\xae Volume Shadow Copy Service ", "Company": "Microsoft Corporation", "ParentProcessGuid": "{C784477D-BE27-63DF-920A-000000004A00}", "User": "DESKTOP-B0T93D6\\george", "Hashes": "MD5=7E30B94672107D3381A1D175CF18C147,SHA256=BB1D73C5104A722F228B39CCB24C6F2BB13EFCCA2EA65B013D33433550E3BCE7,IMPHASH=B8C53607A902DC54702978C63D6E8B2E", "OriginalFileName": "VSSADMIN.EXE", "ParentImage": "C:\\Windows\\SysWOW64\\cmd.exe", "FileVersion": "10.0.17134.1 (WinBuild.160101.0800)", "ParentProcessId": "6564", "CurrentDirectory": "C:\\Windows\\system32\\", "CommandLine": "vssadmin  delete shadows /all /quiet", "EventID": "1", "LogonGuid": "C784477D-DA72-63A4-2F2E-040000000000", "LogonId": "273967", "Image": "C:\\Windows\\SysWOW64\\vssadmin.exe", "IntegrityLevel": "High", "ParentCommandLine": "\"C:\\Windows\\system32\\cmd.exe\" /C vssadmin delete shadows /all /quiet", "UtcTime": "1675607592", "RuleName": "-"}}], "rule_level": "high", "rule_description": "Shadow Copies deletion using operating systems utilities", "rule_source": "Sigma Integrated Rule Set (GitHub)", "rule_title": "Shadow Copies Deletion Using Operating Systems Utilities", "rule_id": "ad5e4d4b939797a70a9aa742d979a4742c2cfedddd663fb1a43b2795c1e6054b", "rule_author": "Florian Roth, Michael Haag, Teymur Kheirkhabarov, Daniil Yugoslavskiy, oscd.community, Andreas Hunkeler (@Karneades)"}, {"match_context": [{"values": {"TerminalSessionId": "1", "ProcessGuid": "{C784477D-BE2F-63DF-A50A-000000004A00}", "ProcessId": "7092", "Product": "Microsoft\\xae Windows\\xae Operating System", "Description": "Eventing Command Line Utility", "Company": "Microsoft Corporation", "ParentProcessGuid": "{C784477D-BE2F-63DF-A30A-000000004A00}", "User": "DESKTOP-B0T93D6\\george", "Hashes": "MD5=1101CCDC6D2B8C8E3EEBC08AF7AFD1A6,SHA256=BC37B19B110E9B78DD975EC9F9D98271B68B1039995E46C2E8D7C7C3938147B7,IMPHASH=4FFB4AC457949C710DE488F9D6BF6F4B", "OriginalFileName": "wevtutil.exe", "ParentImage": "C:\\Windows\\SysWOW64\\cmd.exe", "FileVersion": "10.0.17134.81 (WinBuild.160101.0800)", "ParentProcessId": "6224", "CurrentDirectory": "C:\\Windows\\system32\\", "CommandLine": "wevtutil.exe  clear-log Application", "EventID": "1", "LogonGuid": "C784477D-DA72-63A4-2F2E-040000000000", "LogonId": "273967", "Image": "C:\\Windows\\SysWOW64\\wevtutil.exe", "IntegrityLevel": "High", "ParentCommandLine": "\"C:\\Windows\\system32\\cmd.exe\" /C wevtutil.exe clear-log Application", "UtcTime": "1675607599", "RuleName": "-"}}, {"values": {"TerminalSessionId": "1", "ProcessGuid": "{C784477D-BE30-63DF-A80A-000000004A00}", "ProcessId": "6736", "Product": "Microsoft\\xae Windows\\xae Operating System", "Description": "Eventing Command Line Utility", "Company": "Microsoft Corporation", "ParentProcessGuid": "{C784477D-BE30-63DF-A60A-000000004A00}", "User": "DESKTOP-B0T93D6\\george", "Hashes": "MD5=1101CCDC6D2B8C8E3EEBC08AF7AFD1A6,SHA256=BC37B19B110E9B78DD975EC9F9D98271B68B1039995E46C2E8D7C7C3938147B7,IMPHASH=4FFB4AC457949C710DE488F9D6BF6F4B", "OriginalFileName": "wevtutil.exe", "ParentImage": "C:\\Windows\\SysWOW64\\cmd.exe", "FileVersion": "10.0.17134.81 (WinBuild.160101.0800)", "ParentProcessId": "5624", "CurrentDirectory": "C:\\Windows\\system32\\", "CommandLine": "wevtutil.exe  clear-log Security", "EventID": "1", "LogonGuid": "C784477D-DA72-63A4-2F2E-040000000000", "LogonId": "273967", "Image": "C:\\Windows\\SysWOW64\\wevtutil.exe", "IntegrityLevel": "High", "ParentCommandLine": "\"C:\\Windows\\system32\\cmd.exe\" /C wevtutil.exe clear-log Security", "UtcTime": "1675607600", "RuleName": "-"}}, {"values": {"TerminalSessionId": "1", "ProcessGuid": "{C784477D-BE32-63DF-AB0A-000000004A00}", "ProcessId": "6988", "Product": "Microsoft\\xae Windows\\xae Operating System", "Description": "Eventing Command Line Utility", "Company": "Microsoft Corporation", "ParentProcessGuid": "{C784477D-BE31-63DF-A90A-000000004A00}", "User": "DESKTOP-B0T93D6\\george", "Hashes": "MD5=1101CCDC6D2B8C8E3EEBC08AF7AFD1A6,SHA256=BC37B19B110E9B78DD975EC9F9D98271B68B1039995E46C2E8D7C7C3938147B7,IMPHASH=4FFB4AC457949C710DE488F9D6BF6F4B", "OriginalFileName": "wevtutil.exe", "ParentImage": "C:\\Windows\\SysWOW64\\cmd.exe", "FileVersion": "10.0.17134.81 (WinBuild.160101.0800)", "ParentProcessId": "6944", "CurrentDirectory": "C:\\Windows\\system32\\", "CommandLine": "wevtutil.exe  clear-log System", "EventID": "1", "LogonGuid": "C784477D-DA72-63A4-2F2E-040000000000", "LogonId": "273967", "Image": "C:\\Windows\\SysWOW64\\wevtutil.exe", "IntegrityLevel": "High", "ParentCommandLine": "\"C:\\Windows\\system32\\cmd.exe\" /C wevtutil.exe clear-log System", "UtcTime": "1675607602", "RuleName": "-"}}], "rule_level": "high", "rule_description": "Detects clearing or configuration of eventlogs using wevtutil, powershell and wmic. Might be used by ransomwares during the attack (seen by NotPetya and others).", "rule_source": "Sigma Integrated Rule Set (GitHub)", "rule_title": "Suspicious Eventlog Clear or Configuration Change", "rule_id": "b8f19be4c7bf862dce0d4d1f7885f2207ddf93b3a33d8a6e16f3968c4fbb6491", "rule_author": "Ecco, Daniil Yugoslavskiy, oscd.community, D3F7A5105"}, {"match_context": [{"values": {"TerminalSessionId": "1", "ProcessGuid": "{C784477D-BE1F-63DF-810A-000000004A00}", "ProcessId": "7028", "Product": "Microsoft\\xae Windows\\xae Operating System", "Description": "Windows Command Processor", "Company": "Microsoft Corporation", "ParentProcessGuid": "{C784477D-BE13-63DF-7C0A-000000004A00}", "User": "DESKTOP-B0T93D6\\george", "Hashes": "MD5=F3BDBE3BB6F734E357235F4D5898582D,SHA256=3685495D051137B1C4EFDE22C26DF0883614B6453B762FA84588DA55ED2E7744,IMPHASH=0AF8419BE362159398343D7B31721726", "OriginalFileName": "Cmd.Exe", "ParentImage": "C:\\Users\\george\\AppData\\Roaming\\Microsoft\\Windows\\lsass.exe", "FileVersion": "10.0.17134.1 (WinBuild.160101.0800)", "ParentProcessId": "6768", "CurrentDirectory": "C:\\Windows\\system32\\", "CommandLine": "\"C:\\Windows\\system32\\cmd.exe\" /C bcdedit /set {default} bootstatuspolicy ignoreallfailures", "EventID": "1", "LogonGuid": "C784477D-DA72-63A4-2F2E-040000000000", "LogonId": "273967", "Image": "C:\\Windows\\SysWOW64\\cmd.exe", "IntegrityLevel": "High", "ParentCommandLine": "\"C:\\Users\\george\\AppData\\Roaming\\Microsoft\\Windows\\lsass.exe\" -start", "UtcTime": "1675607583", "RuleName": "-"}}, {"values": {"TerminalSessionId": "1", "ProcessGuid": "{C784477D-BE20-63DF-830A-000000004A00}", "ProcessId": "6964", "Product": "Microsoft\\xae Windows\\xae Operating System", "Description": "Windows Command Processor", "Company": "Microsoft Corporation", "ParentProcessGuid": "{C784477D-BE13-63DF-7C0A-000000004A00}", "User": "DESKTOP-B0T93D6\\george", "Hashes": "MD5=F3BDBE3BB6F734E357235F4D5898582D,SHA256=3685495D051137B1C4EFDE22C26DF0883614B6453B762FA84588DA55ED2E7744,IMPHASH=0AF8419BE362159398343D7B31721726", "OriginalFileName": "Cmd.Exe", "ParentImage": "C:\\Users\\george\\AppData\\Roaming\\Microsoft\\Windows\\lsass.exe", "FileVersion": "10.0.17134.1 (WinBuild.160101.0800)", "ParentProcessId": "6768", "CurrentDirectory": "C:\\Windows\\system32\\", "CommandLine": "\"C:\\Windows\\system32\\cmd.exe\" /C bcdedit /set {default} recoveryenabled no", "EventID": "1", "LogonGuid": "C784477D-DA72-63A4-2F2E-040000000000", "LogonId": "273967", "Image": "C:\\Windows\\SysWOW64\\cmd.exe", "IntegrityLevel": "High", "ParentCommandLine": "\"C:\\Users\\george\\AppData\\Roaming\\Microsoft\\Windows\\lsass.exe\" -start", "UtcTime": "1675607584", "RuleName": "-"}}, {"values": {"TerminalSessionId": "1", "ProcessGuid": "{C784477D-BE21-63DF-850A-000000004A00}", "ProcessId": "4884", "Product": "Microsoft\\xae Windows\\xae Operating System", "Description": "Windows Command Processor", "Company": "Microsoft Corporation", "ParentProcessGuid": "{C784477D-BE13-63DF-7C0A-000000004A00}", "User": "DESKTOP-B0T93D6\\george", "Hashes": "MD5=F3BDBE3BB6F734E357235F4D5898582D,SHA256=3685495D051137B1C4EFDE22C26DF0883614B6453B762FA84588DA55ED2E7744,IMPHASH=0AF8419BE362159398343D7B31721726", "OriginalFileName": "Cmd.Exe", "ParentImage": "C:\\Users\\george\\AppData\\Roaming\\Microsoft\\Windows\\lsass.exe", "FileVersion": "10.0.17134.1 (WinBuild.160101.0800)", "ParentProcessId": "6768", "CurrentDirectory": "C:\\Windows\\system32\\", "CommandLine": "\"C:\\Windows\\system32\\cmd.exe\" /C wbadmin delete catalog -quiet", "EventID": "1", "LogonGuid": "C784477D-DA72-63A4-2F2E-040000000000", "LogonId": "273967", "Image": "C:\\Windows\\SysWOW64\\cmd.exe", "IntegrityLevel": "High", "ParentCommandLine": "\"C:\\Users\\george\\AppData\\Roaming\\Microsoft\\Windows\\lsass.exe\" -start", "UtcTime": "1675607585", "RuleName": "-"}}, {"values": {"TerminalSessionId": "1", "ProcessGuid": "{C784477D-BE21-63DF-870A-000000004A00}", "ProcessId": "6060", "Product": "Microsoft\\xae Windows\\xae Operating System", "Description": "Windows Command Processor", "Company": "Microsoft Corporation", "ParentProcessGuid": "{C784477D-BE13-63DF-7C0A-000000004A00}", "User": "DESKTOP-B0T93D6\\george", "Hashes": "MD5=F3BDBE3BB6F734E357235F4D5898582D,SHA256=3685495D051137B1C4EFDE22C26DF0883614B6453B762FA84588DA55ED2E7744,IMPHASH=0AF8419BE362159398343D7B31721726", "OriginalFileName": "Cmd.Exe", "ParentImage": "C:\\Users\\george\\AppData\\Roaming\\Microsoft\\Windows\\lsass.exe", "FileVersion": "10.0.17134.1 (WinBuild.160101.0800)", "ParentProcessId": "6768", "CurrentDirectory": "C:\\Windows\\system32\\", "CommandLine": "\"C:\\Windows\\system32\\cmd.exe\" /C wbadmin delete systemstatebackup", "EventID": "1", "LogonGuid": "C784477D-DA72-63A4-2F2E-040000000000", "LogonId": "273967", "Image": "C:\\Windows\\SysWOW64\\cmd.exe", "IntegrityLevel": "High", "ParentCommandLine": "\"C:\\Users\\george\\AppData\\Roaming\\Microsoft\\Windows\\lsass.exe\" -start", "UtcTime": "1675607585", "RuleName": "-"}}, {"values": {"TerminalSessionId": "1", "ProcessGuid": "{C784477D-BE22-63DF-890A-000000004A00}", "ProcessId": "5720", "Product": "Microsoft\\xae Windows\\xae Operating System", "Description": "Windows Command Processor", "Company": "Microsoft Corporation", "ParentProcessGuid": "{C784477D-BE13-63DF-7C0A-000000004A00}", "User": "DESKTOP-B0T93D6\\george", "Hashes": "MD5=F3BDBE3BB6F734E357235F4D5898582D,SHA256=3685495D051137B1C4EFDE22C26DF0883614B6453B762FA84588DA55ED2E7744,IMPHASH=0AF8419BE362159398343D7B31721726", "OriginalFileName": "Cmd.Exe", "ParentImage": "C:\\Users\\george\\AppData\\Roaming\\Microsoft\\Windows\\lsass.exe", "FileVersion": "10.0.17134.1 (WinBuild.160101.0800)", "ParentProcessId": "6768", "CurrentDirectory": "C:\\Windows\\system32\\", "CommandLine": "\"C:\\Windows\\system32\\cmd.exe\" /C wbadmin delete systemstatebackup -keepversions:0", "EventID": "1", "LogonGuid": "C784477D-DA72-63A4-2F2E-040000000000", "LogonId": "273967", "Image": "C:\\Windows\\SysWOW64\\cmd.exe", "IntegrityLevel": "High", "ParentCommandLine": "\"C:\\Users\\george\\AppData\\Roaming\\Microsoft\\Windows\\lsass.exe\" -start", "UtcTime": "1675607586", "RuleName": "-"}}, {"values": {"TerminalSessionId": "1", "ProcessGuid": "{C784477D-BE23-63DF-8B0A-000000004A00}", "ProcessId": "7152", "Product": "Microsoft\\xae Windows\\xae Operating System", "Description": "Windows Command Processor", "Company": "Microsoft Corporation", "ParentProcessGuid": "{C784477D-BE13-63DF-7C0A-000000004A00}", "User": "DESKTOP-B0T93D6\\george", "Hashes": "MD5=F3BDBE3BB6F734E357235F4D5898582D,SHA256=3685495D051137B1C4EFDE22C26DF0883614B6453B762FA84588DA55ED2E7744,IMPHASH=0AF8419BE362159398343D7B31721726", "OriginalFileName": "Cmd.Exe", "ParentImage": "C:\\Users\\george\\AppData\\Roaming\\Microsoft\\Windows\\lsass.exe", "FileVersion": "10.0.17134.1 (WinBuild.160101.0800)", "ParentProcessId": "6768", "CurrentDirectory": "C:\\Windows\\system32\\", "CommandLine": "\"C:\\Windows\\system32\\cmd.exe\" /C wbadmin delete backup", "EventID": "1", "LogonGuid": "C784477D-DA72-63A4-2F2E-040000000000", "LogonId": "273967", "Image": "C:\\Windows\\SysWOW64\\cmd.exe", "IntegrityLevel": "High", "ParentCommandLine": "\"C:\\Users\\george\\AppData\\Roaming\\Microsoft\\Windows\\lsass.exe\" -start", "UtcTime": "1675607587", "RuleName": "-"}}, {"values": {"TerminalSessionId": "1", "ProcessGuid": "{C784477D-BE24-63DF-8D0A-000000004A00}", "ProcessId": "3936", "Product": "Microsoft\\xae Windows\\xae Operating System", "Description": "Windows Command Processor", "Company": "Microsoft Corporation", "ParentProcessGuid": "{C784477D-BE13-63DF-7C0A-000000004A00}", "User": "DESKTOP-B0T93D6\\george", "Hashes": "MD5=F3BDBE3BB6F734E357235F4D5898582D,SHA256=3685495D051137B1C4EFDE22C26DF0883614B6453B762FA84588DA55ED2E7744,IMPHASH=0AF8419BE362159398343D7B31721726", "OriginalFileName": "Cmd.Exe", "ParentImage": "C:\\Users\\george\\AppData\\Roaming\\Microsoft\\Windows\\lsass.exe", "FileVersion": "10.0.17134.1 (WinBuild.160101.0800)", "ParentProcessId": "6768", "CurrentDirectory": "C:\\Windows\\system32\\", "CommandLine": "\"C:\\Windows\\system32\\cmd.exe\" /C wmic shadowcopy delete", "EventID": "1", "LogonGuid": "C784477D-DA72-63A4-2F2E-040000000000", "LogonId": "273967", "Image": "C:\\Windows\\SysWOW64\\cmd.exe", "IntegrityLevel": "High", "ParentCommandLine": "\"C:\\Users\\george\\AppData\\Roaming\\Microsoft\\Windows\\lsass.exe\" -start", "UtcTime": "1675607588", "RuleName": "-"}}, {"values": {"TerminalSessionId": "1", "ProcessGuid": "{C784477D-BE27-63DF-920A-000000004A00}", "ProcessId": "6564", "Product": "Microsoft\\xae Windows\\xae Operating System", "Description": "Windows Command Processor", "Company": "Microsoft Corporation", "ParentProcessGuid": "{C784477D-BE13-63DF-7C0A-000000004A00}", "User": "DESKTOP-B0T93D6\\george", "Hashes": "MD5=F3BDBE3BB6F734E357235F4D5898582D,SHA256=3685495D051137B1C4EFDE22C26DF0883614B6453B762FA84588DA55ED2E7744,IMPHASH=0AF8419BE362159398343D7B31721726", "OriginalFileName": "Cmd.Exe", "ParentImage": "C:\\Users\\george\\AppData\\Roaming\\Microsoft\\Windows\\lsass.exe", "FileVersion": "10.0.17134.1 (WinBuild.160101.0800)", "ParentProcessId": "6768", "CurrentDirectory": "C:\\Windows\\system32\\", "CommandLine": "\"C:\\Windows\\system32\\cmd.exe\" /C vssadmin delete shadows /all /quiet", "EventID": "1", "LogonGuid": "C784477D-DA72-63A4-2F2E-040000000000", "LogonId": "273967", "Image": "C:\\Windows\\SysWOW64\\cmd.exe", "IntegrityLevel": "High", "ParentCommandLine": "\"C:\\Users\\george\\AppData\\Roaming\\Microsoft\\Windows\\lsass.exe\" -start", "UtcTime": "1675607591", "RuleName": "-"}}, {"values": {"TerminalSessionId": "1", "ProcessGuid": "{C784477D-BE28-63DF-950A-000000004A00}", "ProcessId": "6436", "Product": "Microsoft\\xae Windows\\xae Operating System", "Description": "Windows Command Processor", "Company": "Microsoft Corporation", "ParentProcessGuid": "{C784477D-BE13-63DF-7C0A-000000004A00}", "User": "DESKTOP-B0T93D6\\george", "Hashes": "MD5=F3BDBE3BB6F734E357235F4D5898582D,SHA256=3685495D051137B1C4EFDE22C26DF0883614B6453B762FA84588DA55ED2E7744,IMPHASH=0AF8419BE362159398343D7B31721726", "OriginalFileName": "Cmd.Exe", "ParentImage": "C:\\Users\\george\\AppData\\Roaming\\Microsoft\\Windows\\lsass.exe", "FileVersion": "10.0.17134.1 (WinBuild.160101.0800)", "ParentProcessId": "6768", "CurrentDirectory": "C:\\Windows\\system32\\", "CommandLine": "\"C:\\Windows\\system32\\cmd.exe\" /C reg delete \"HKEY_CURRENT_USER\\Software\\Microsoft\\Terminal Server Client\\Default\" /va /f", "EventID": "1", "LogonGuid": "C784477D-DA72-63A4-2F2E-040000000000", "LogonId": "273967", "Image": "C:\\Windows\\SysWOW64\\cmd.exe", "IntegrityLevel": "High", "ParentCommandLine": "\"C:\\Users\\george\\AppData\\Roaming\\Microsoft\\Windows\\lsass.exe\" -start", "UtcTime": "1675607592", "RuleName": "-"}}, {"values": {"TerminalSessionId": "1", "ProcessGuid": "{C784477D-BE2A-63DF-980A-000000004A00}", "ProcessId": "6792", "Product": "Microsoft\\xae Windows\\xae Operating System", "Description": "Windows Command Processor", "Company": "Microsoft Corporation", "ParentProcessGuid": "{C784477D-BE13-63DF-7C0A-000000004A00}", "User": "DESKTOP-B0T93D6\\george", "Hashes": "MD5=F3BDBE3BB6F734E357235F4D5898582D,SHA256=3685495D051137B1C4EFDE22C26DF0883614B6453B762FA84588DA55ED2E7744,IMPHASH=0AF8419BE362159398343D7B31721726", "OriginalFileName": "Cmd.Exe", "ParentImage": "C:\\Users\\george\\AppData\\Roaming\\Microsoft\\Windows\\lsass.exe", "FileVersion": "10.0.17134.1 (WinBuild.160101.0800)", "ParentProcessId": "6768", "CurrentDirectory": "C:\\Windows\\system32\\", "CommandLine": "\"C:\\Windows\\system32\\cmd.exe\" /C reg delete \"HKEY_CURRENT_USER\\Software\\Microsoft\\Terminal Server Client\\Servers\" /f", "EventID": "1", "LogonGuid": "C784477D-DA72-63A4-2F2E-040000000000", "LogonId": "273967", "Image": "C:\\Windows\\SysWOW64\\cmd.exe", "IntegrityLevel": "High", "ParentCommandLine": "\"C:\\Users\\george\\AppData\\Roaming\\Microsoft\\Windows\\lsass.exe\" -start", "UtcTime": "1675607594", "RuleName": "-"}}, {"values": {"TerminalSessionId": "1", "ProcessGuid": "{C784477D-BE2C-63DF-9B0A-000000004A00}", "ProcessId": "5580", "Product": "Microsoft\\xae Windows\\xae Operating System", "Description": "Windows Command Processor", "Company": "Microsoft Corporation", "ParentProcessGuid": "{C784477D-BE13-63DF-7C0A-000000004A00}", "User": "DESKTOP-B0T93D6\\george", "Hashes": "MD5=F3BDBE3BB6F734E357235F4D5898582D,SHA256=3685495D051137B1C4EFDE22C26DF0883614B6453B762FA84588DA55ED2E7744,IMPHASH=0AF8419BE362159398343D7B31721726", "OriginalFileName": "Cmd.Exe", "ParentImage": "C:\\Users\\george\\AppData\\Roaming\\Microsoft\\Windows\\lsass.exe", "FileVersion": "10.0.17134.1 (WinBuild.160101.0800)", "ParentProcessId": "6768", "CurrentDirectory": "C:\\Windows\\system32\\", "CommandLine": "\"C:\\Windows\\system32\\cmd.exe\" /C reg add \"HKEY_CURRENT_USER\\Software\\Microsoft\\Terminal Server Client\\Servers\"", "EventID": "1", "LogonGuid": "C784477D-DA72-63A4-2F2E-040000000000", "LogonId": "273967", "Image": "C:\\Windows\\SysWOW64\\cmd.exe", "IntegrityLevel": "High", "ParentCommandLine": "\"C:\\Users\\george\\AppData\\Roaming\\Microsoft\\Windows\\lsass.exe\" -start", "UtcTime": "1675607596", "RuleName": "-"}}, {"values": {"TerminalSessionId": "1", "ProcessGuid": "{C784477D-BE2D-63DF-9E0A-000000004A00}", "ProcessId": "6416", "Product": "Microsoft\\xae Windows\\xae Operating System", "Description": "Windows Command Processor", "Company": "Microsoft Corporation", "ParentProcessGuid": "{C784477D-BE13-63DF-7C0A-000000004A00}", "User": "DESKTOP-B0T93D6\\george", "Hashes": "MD5=F3BDBE3BB6F734E357235F4D5898582D,SHA256=3685495D051137B1C4EFDE22C26DF0883614B6453B762FA84588DA55ED2E7744,IMPHASH=0AF8419BE362159398343D7B31721726", "OriginalFileName": "Cmd.Exe", "ParentImage": "C:\\Users\\george\\AppData\\Roaming\\Microsoft\\Windows\\lsass.exe", "FileVersion": "10.0.17134.1 (WinBuild.160101.0800)", "ParentProcessId": "6768", "CurrentDirectory": "C:\\Windows\\system32\\", "CommandLine": "\"C:\\Windows\\system32\\cmd.exe\" /C attrib \"%%userprofile%%\\documents\\Default.rdp\" -s -h", "EventID": "1", "LogonGuid": "C784477D-DA72-63A4-2F2E-040000000000", "LogonId": "273967", "Image": "C:\\Windows\\SysWOW64\\cmd.exe", "IntegrityLevel": "High", "ParentCommandLine": "\"C:\\Users\\george\\AppData\\Roaming\\Microsoft\\Windows\\lsass.exe\" -start", "UtcTime": "1675607597", "RuleName": "-"}}, {"values": {"TerminalSessionId": "1", "ProcessGuid": "{C784477D-BE2E-63DF-A10A-000000004A00}", "ProcessId": "6584", "Product": "Microsoft\\xae Windows\\xae Operating System", "Description": "Windows Command Processor", "Company": "Microsoft Corporation", "ParentProcessGuid": "{C784477D-BE13-63DF-7C0A-000000004A00}", "User": "DESKTOP-B0T93D6\\george", "Hashes": "MD5=F3BDBE3BB6F734E357235F4D5898582D,SHA256=3685495D051137B1C4EFDE22C26DF0883614B6453B762FA84588DA55ED2E7744,IMPHASH=0AF8419BE362159398343D7B31721726", "OriginalFileName": "Cmd.Exe", "ParentImage": "C:\\Users\\george\\AppData\\Roaming\\Microsoft\\Windows\\lsass.exe", "FileVersion": "10.0.17134.1 (WinBuild.160101.0800)", "ParentProcessId": "6768", "CurrentDirectory": "C:\\Windows\\system32\\", "CommandLine": "\"C:\\Windows\\system32\\cmd.exe\" /C del \"%%userprofile%%\\documents\\Default.rdp\"", "EventID": "1", "LogonGuid": "C784477D-DA72-63A4-2F2E-040000000000", "LogonId": "273967", "Image": "C:\\Windows\\SysWOW64\\cmd.exe", "IntegrityLevel": "High", "ParentCommandLine": "\"C:\\Users\\george\\AppData\\Roaming\\Microsoft\\Windows\\lsass.exe\" -start", "UtcTime": "1675607598", "RuleName": "-"}}, {"values": {"TerminalSessionId": "1", "ProcessGuid": "{C784477D-BE2F-63DF-A30A-000000004A00}", "ProcessId": "6224", "Product": "Microsoft\\xae Windows\\xae Operating System", "Description": "Windows Command Processor", "Company": "Microsoft Corporation", "ParentProcessGuid": "{C784477D-BE13-63DF-7C0A-000000004A00}", "User": "DESKTOP-B0T93D6\\george", "Hashes": "MD5=F3BDBE3BB6F734E357235F4D5898582D,SHA256=3685495D051137B1C4EFDE22C26DF0883614B6453B762FA84588DA55ED2E7744,IMPHASH=0AF8419BE362159398343D7B31721726", "OriginalFileName": "Cmd.Exe", "ParentImage": "C:\\Users\\george\\AppData\\Roaming\\Microsoft\\Windows\\lsass.exe", "FileVersion": "10.0.17134.1 (WinBuild.160101.0800)", "ParentProcessId": "6768", "CurrentDirectory": "C:\\Windows\\system32\\", "CommandLine": "\"C:\\Windows\\system32\\cmd.exe\" /C wevtutil.exe clear-log Application", "EventID": "1", "LogonGuid": "C784477D-DA72-63A4-2F2E-040000000000", "LogonId": "273967", "Image": "C:\\Windows\\SysWOW64\\cmd.exe", "IntegrityLevel": "High", "ParentCommandLine": "\"C:\\Users\\george\\AppData\\Roaming\\Microsoft\\Windows\\lsass.exe\" -start", "UtcTime": "1675607599", "RuleName": "-"}}, {"values": {"TerminalSessionId": "1", "ProcessGuid": "{C784477D-BE30-63DF-A60A-000000004A00}", "ProcessId": "5624", "Product": "Microsoft\\xae Windows\\xae Operating System", "Description": "Windows Command Processor", "Company": "Microsoft Corporation", "ParentProcessGuid": "{C784477D-BE13-63DF-7C0A-000000004A00}", "User": "DESKTOP-B0T93D6\\george", "Hashes": "MD5=F3BDBE3BB6F734E357235F4D5898582D,SHA256=3685495D051137B1C4EFDE22C26DF0883614B6453B762FA84588DA55ED2E7744,IMPHASH=0AF8419BE362159398343D7B31721726", "OriginalFileName": "Cmd.Exe", "ParentImage": "C:\\Users\\george\\AppData\\Roaming\\Microsoft\\Windows\\lsass.exe", "FileVersion": "10.0.17134.1 (WinBuild.160101.0800)", "ParentProcessId": "6768", "CurrentDirectory": "C:\\Windows\\system32\\", "CommandLine": "\"C:\\Windows\\system32\\cmd.exe\" /C wevtutil.exe clear-log Security", "EventID": "1", "LogonGuid": "C784477D-DA72-63A4-2F2E-040000000000", "LogonId": "273967", "Image": "C:\\Windows\\SysWOW64\\cmd.exe", "IntegrityLevel": "High", "ParentCommandLine": "\"C:\\Users\\george\\AppData\\Roaming\\Microsoft\\Windows\\lsass.exe\" -start", "UtcTime": "1675607600", "RuleName": "-"}}, {"values": {"TerminalSessionId": "1", "ProcessGuid": "{C784477D-BE31-63DF-A90A-000000004A00}", "ProcessId": "6944", "Product": "Microsoft\\xae Windows\\xae Operating System", "Description": "Windows Command Processor", "Company": "Microsoft Corporation", "ParentProcessGuid": "{C784477D-BE13-63DF-7C0A-000000004A00}", "User": "DESKTOP-B0T93D6\\george", "Hashes": "MD5=F3BDBE3BB6F734E357235F4D5898582D,SHA256=3685495D051137B1C4EFDE22C26DF0883614B6453B762FA84588DA55ED2E7744,IMPHASH=0AF8419BE362159398343D7B31721726", "OriginalFileName": "Cmd.Exe", "ParentImage": "C:\\Users\\george\\AppData\\Roaming\\Microsoft\\Windows\\lsass.exe", "FileVersion": "10.0.17134.1 (WinBuild.160101.0800)", "ParentProcessId": "6768", "CurrentDirectory": "C:\\Windows\\system32\\", "CommandLine": "\"C:\\Windows\\system32\\cmd.exe\" /C wevtutil.exe clear-log System", "EventID": "1", "LogonGuid": "C784477D-DA72-63A4-2F2E-040000000000", "LogonId": "273967", "Image": "C:\\Windows\\SysWOW64\\cmd.exe", "IntegrityLevel": "High", "ParentCommandLine": "\"C:\\Users\\george\\AppData\\Roaming\\Microsoft\\Windows\\lsass.exe\" -start", "UtcTime": "1675607601", "RuleName": "-"}}, {"values": {"TerminalSessionId": "1", "ProcessGuid": "{C784477D-BE32-63DF-AC0A-000000004A00}", "ProcessId": "7036", "Product": "Microsoft\\xae Windows\\xae Operating System", "Description": "Windows Command Processor", "Company": "Microsoft Corporation", "ParentProcessGuid": "{C784477D-BE13-63DF-7C0A-000000004A00}", "User": "DESKTOP-B0T93D6\\george", "Hashes": "MD5=F3BDBE3BB6F734E357235F4D5898582D,SHA256=3685495D051137B1C4EFDE22C26DF0883614B6453B762FA84588DA55ED2E7744,IMPHASH=0AF8419BE362159398343D7B31721726", "OriginalFileName": "Cmd.Exe", "ParentImage": "C:\\Users\\george\\AppData\\Roaming\\Microsoft\\Windows\\lsass.exe", "FileVersion": "10.0.17134.1 (WinBuild.160101.0800)", "ParentProcessId": "6768", "CurrentDirectory": "C:\\Windows\\system32\\", "CommandLine": "\"C:\\Windows\\system32\\cmd.exe\" /C sc config eventlog start=disabled", "EventID": "1", "LogonGuid": "C784477D-DA72-63A4-2F2E-040000000000", "LogonId": "273967", "Image": "C:\\Windows\\SysWOW64\\cmd.exe", "IntegrityLevel": "High", "ParentCommandLine": "\"C:\\Users\\george\\AppData\\Roaming\\Microsoft\\Windows\\lsass.exe\" -start", "UtcTime": "1675607602", "RuleName": "-"}}], "rule_level": "medium", "rule_description": "Detects suspicious parent process for cmd.exe", "rule_source": "Sigma Integrated Rule Set (GitHub)", "rule_title": "Unusual Parent Process for cmd.exe", "rule_id": "16502dbca7468597f52d37ca5a5a0f5c904c43f0ca2b6726d890a67a63b68516", "rule_author": "Tim Rauch"}, {"match_context": [{"values": {"EventID": "13", "ProcessId": "6788", "EventType": "SetValue", "Image": "C:\\Windows\\SysWOW64\\reg.exe", "ProcessGuid": "{C784477D-BE12-63DF-7B0A-000000004A00}", "UtcTime": "1675607570", "Details": "\"C:\\Users\\george\\AppData\\Roaming\\Microsoft\\Windows\\lsass.exe\" -start", "RuleName": "T1060,RunKey", "TargetObject": "HKU\\S-1-5-21-1015118539-3749460369-599379286-1001\\Software\\Microsoft\\Windows\\CurrentVersion\\Run\\Local Security Authority Subsystem Service"}}], "rule_level": "medium", "rule_description": "Detects modification of autostart extensibility point (ASEP) in registry.", "rule_source": "Sigma Integrated Rule Set (GitHub)", "rule_title": "CurrentVersion Autorun Keys Modification", "rule_id": "8b5db9da5732dc549b0e8b56fe5933d7c95ed760f3ac20568ab95347ef8c5bcc", "rule_author": "Victor Sergeev, Daniil Yugoslavskiy, Gleb Sukhodolskiy, Timur Zinniatullin, oscd.community, Tim Shelton, frack113 (split)"}, {"match_context": [{"values": {"TerminalSessionId": "1", "ProcessGuid": "{C784477D-BE33-63DF-AE0A-000000004A00}", "ProcessId": "1656", "Product": "Microsoft\\xae Windows\\xae Operating System", "Description": "Service Control Manager Configuration Tool", "Company": "Microsoft Corporation", "ParentProcessGuid": "{C784477D-BE32-63DF-AC0A-000000004A00}", "User": "DESKTOP-B0T93D6\\george", "Hashes": "MD5=24A3E2603E63BCB9695A2935D3B24695,SHA256=3047D5C22A245D1E4294FCD547EC5FB0F2E5EF030B764424ACC74E7744FBE32E,IMPHASH=B037D0ADB81BF9CFC651DE01742089F1", "OriginalFileName": "sc.exe", "ParentImage": "C:\\Windows\\SysWOW64\\cmd.exe", "FileVersion": "10.0.17134.1 (WinBuild.160101.0800)", "ParentProcessId": "7036", "CurrentDirectory": "C:\\Windows\\system32\\", "CommandLine": "sc  config eventlog start=disabled", "EventID": "1", "LogonGuid": "C784477D-DA72-63A4-2F2E-040000000000", "LogonId": "273967", "Image": "C:\\Windows\\SysWOW64\\sc.exe", "IntegrityLevel": "High", "ParentCommandLine": "\"C:\\Windows\\system32\\cmd.exe\" /C sc config eventlog start=disabled", "UtcTime": "1675607603", "RuleName": "-"}}], "rule_level": "medium", "rule_description": "Detects when attackers use \"sc.exe\" or the powershell \"Set-Service\" cmdlet to change the startup type of a service to \"disabled\"", "rule_source": "Sigma Integrated Rule Set (GitHub)", "rule_title": "Sc Or Set-Service Cmdlet Execution to Disable Services", "rule_id": "b55af83c751d2c7bca8dbba245a97017e34109bff34fd50b02f60a91111ea703", "rule_author": "Nasreddine Bencherchali"}, 