{"values": {"TerminalSessionId": "1", "ProcessGuid": "{C784477D-F77B-6538-5306-000000004800}", "ProcessId": "8376", "Product": "Microsoft\\xae Windows\\xae Operating System", "Description": "Command Line Interface for Microsoft\\xae Volume Shadow Copy Service ", "Company": "Microsoft Corporation", "ParentProcessGuid": "{C784477D-F777-6538-4206-000000004800}", "User": "DESKTOP-B0T93D6\\george", "Hashes": "MD5=7E30B94672107D3381A1D175CF18C147,SHA256=BB1D73C5104A722F228B39CCB24C6F2BB13EFCCA2EA65B013D33433550E3BCE7,IMPHASH=B8C53607A902DC54702978C63D6E8B2E", "OriginalFileName": "VSSADMIN.EXE", "ParentImage": "C:\\Users\\george\\Desktop\\taskhost.exe", "FileVersion": "10.0.17134.1 (WinBuild.160101.0800)", "ParentProcessId": "7892", "CurrentDirectory": "C:\\Users\\george\\Desktop\\", "CommandLine": "vssadmin Delete Shadows /All /Quiet", "EventID": "1", "LogonGuid": "C784477D-A600-6537-A5CC-030000000000", "LogonId": "248997", "Image": "C:\\Windows\\SysWOW64\\vssadmin.exe", "IntegrityLevel": "High", "ParentCommandLine": "\"C:\\Users\\george\\Desktop\\taskhost.exe\"", "UtcTime": "1698232187", "RuleName": "-"}}, {"values": {"TerminalSessionId": "1", "ProcessGuid": "{C784477D-F77C-6538-5706-000000004800}", "ProcessId": "8532", "Product": "Microsoft\\xae Windows\\xae Operating System", "Description": "Command Line Interface for Microsoft\\xae Volume Shadow Copy Service ", "Company": "Microsoft Corporation", "ParentProcessGuid": "{C784477D-F777-6538-4206-000000004800}", "User": "DESKTOP-B0T93D6\\george", "Hashes": "MD5=7E30B94672107D3381A1D175CF18C147,SHA256=BB1D73C5104A722F228B39CCB24C6F2BB13EFCCA2EA65B013D33433550E3BCE7,IMPHASH=B8C53607A902DC54702978C63D6E8B2E", "OriginalFileName": "VSSADMIN.EXE", "ParentImage": "C:\\Users\\george\\Desktop\\taskhost.exe", "FileVersion": "10.0.17134.1 (WinBuild.160101.0800)", "ParentProcessId": "7892", "CurrentDirectory": "C:\\Users\\george\\Desktop\\", "CommandLine": "vssadmin Delete Shadows /All /Quiet", "EventID": "1", "LogonGuid": "C784477D-A600-6537-A5CC-030000000000", "LogonId": "248997", "Image": "C:\\Windows\\SysWOW64\\vssadmin.exe", "IntegrityLevel": "High", "ParentCommandLine": "\"C:\\Users\\george\\Desktop\\taskhost.exe\"", "UtcTime": "1698232188", "RuleName": "-"}}], "rule_level": "medium", "rule_description": "Detects suspicious process starts on Windows systems based on keywords", "rule_source": "SOC Prime Threat Detection Marketplace", "rule_title": "Suspicious Process Creation", "rule_id": "f09d5248ed8fc1a93251158bfda71f8144ccaf37fa922416ccd897498bff7c55", "rule_author": "Florian Roth"}, {"match_context": [{"values": {"EventID": "11", "ProcessId": "1540", "TargetFilename": "C:\\Windows\\System32\\Tasks\\update", "ProcessGuid": "{C784477D-A5FB-6537-2500-000000004800}", "CreationUtcTime": "1698232183", "UtcTime": "1698232183", "RuleName": "T1053", "Image": "c:\\windows\\system32\\svchost.exe"}}], "rule_level": "low", "rule_description": "Detects the creation of a scheduled task via file creation.", "rule_source": "Sigma Integrated Rule Set (GitHub)", "rule_title": "Scheduled Task Created - FileCreation", "rule_id": "3418c5891b9d0a4ec974985072278b35b0a0f0254118d766d07553a547284b87", "rule_author": "Center for Threat Informed Defense (CTID) Summiting the Pyramid Team"}, {"match_context": [{"values": {"TerminalSessionId": "1", "ProcessGuid": "{C784477D-F777-6538-4206-000000004800}", "ProcessId": "7892", "Product": "Microsoft\\xae Windows\\xae Operating System", "Description": "Host Process for Windows Tasks", "Company": "Microsoft Corporation", "ParentProcessGuid": "{C784477D-A601-6537-6B00-000000004800}", "User": "DESKTOP-B0T93D6\\george", "Hashes": "MD5=A7FAA3B5660F23FAAE7691EF16365DC0,SHA256=E998F113F94FA5FD31B4C62AB245F5BBB163AD5E39AD2613F12EFA9C8CEBA6AD,IMPHASH=B56503B8C4F46A3A086734C09C6BD0F3", "OriginalFileName": "taskhost.exe", "ParentImage": "C:\\Windows\\explorer.exe", "FileVersion": "10.0.17763.831 (WinBuild.160101.0800)", "ParentProcessId": "4988", "CurrentDirectory": "C:\\Users\\george\\Desktop\\", "CommandLine": "\"C:\\Users\\george\\Desktop\\taskhost.exe\"", "EventID": "1", "LogonGuid": "C784477D-A600-6537-A5CC-030000000000", "LogonId": "248997", "Image": "C:\\Users\\george\\Desktop\\taskhost.exe", "IntegrityLevel": "High", "ParentCommandLine": "C:\\Windows\\Explorer.EXE", "UtcTime": "1698232183", "RuleName": "-"}}], "rule_level": "low", "rule_description": "Detect suspicious parent processes of well-known Windows processes", "rule_source": "Sigma Integrated Rule Set (GitHub)", "rule_title": "Windows Processes Suspicious Parent Directory", "rule_id": "afd546ea5eff265c454f77f6e7641ade6e5a791d79de155fa27d377be1581535", "rule_author": "vburov"}], "detectiteasy": {"filetype": "PE32", "values": [{"info": "EXE32", "version": "2017 v.15.5-6", "type": "Compiler", "name": "EP:Microsoft Visual C/C++"}, {"info": "LTCG/C++", "version": "19.28.29337", "type": "Compiler", "name": "Microsoft Visual C/C++"}, {"version": "14.28.29337", "type": "Linker", "name": "Microsoft Linker"}, {"version": "2019 version 16.9-16.10", "type": "Tool", "name": "Visual Studio"}]}, "authentihash": "a9402518545142ac7cff1c99f9e8bc5c82d9e52088a75ce693da8103dee8c8e7", "sha1": "8ae7c9cd1ba472ce3d0af2c0c283f7de022f6d82"}}}