{"data": {"id": "f754344a699673b198c27fbe1b771043aeb15fb585cadc8bebc258b2b411df43", "type": "file", "links": {"self": "https://www.virustotal.com/api/v3/files/f754344a699673b198c27fbe1b771043aeb15fb585cadc8bebc258b2b411df43"}, "attributes": {"sigma_analysis_summary": {"Sigma Integrated Rule Set (GitHub)": {"high": 4, "medium": 1, "critical": 0, "low": 1}}, "magic": "PE32 executable (GUI) Intel 80386, for MS Windows", "detectiteasy": {"filetype": "PE32", "values": [{"version": "2013", "type": "Compiler", "name": "Microsoft Visual C/C++"}, {"info": "GUI32", "version": "12.0", "type": "Linker", "name": "Microsoft Linker"}]}, "crowdsourced_ids_stats": {"high": 0, "info": 0, "medium": 0, "low": 1}, "md5": "2b4d4ac67482a5443f54a66297b996fe", "type_extension": "exe", "crowdsourced_ids_results": [{"rule_category": "Potentially Bad Traffic", "alert_severity": "low", "rule_msg": "ET POLICY DNS Query to .onion proxy Domain (onion. sx)", "rule_raw": "alert dns $HOME_NET any -> any any (msg:\"ET POLICY DNS Query to .onion proxy Domain (onion. sx)\"; dns.query; content:\".onion.sx\"; nocase; endswith; reference:url,en.wikipedia.org/wiki/Tor_(anonymity_network); classtype:bad-unknown; sid:2025446; rev:4; metadata:affected_product Windows_XP_Vista_7_8_10_Server_32_64_Bit, attack_target Client_Endpoint, created_at 2018_03_28, deployment Perimeter, former_category POLICY, performance_impact Moderate, signature_severity Minor, updated_at 2020_09_16;)", "alert_context": [{"dest_port": 53, "dest_ip": "8.8.8.8"}], "rule_url": "https://rules.emergingthreats.net/", "rule_source": "Proofpoint Emerging Threats Open", "rule_references": ["https://en.wikipedia.org/wiki/Tor_(anonymity_network)"], "rule_id": "1:2025446"}], "sigma_analysis_results": [{"match_context": [{"values": {"EventID": "8", "TargetImage": "C:\\Windows\\System32\\RuntimeBroker.exe", "TargetProcessGuid": "{C784477D-B1A6-6486-7600-000000001F00}", "NewThreadId": "548", "StartModule": "-", "SourceProcessId": "5052", "StartFunction": "-", "UtcTime": "1687369075", "SourceImage": "C:\\Windows\\explorer.exe", "TargetProcessId": "5552", "RuleName": "-", "SourceProcessGuid": "{C784477D-B1A6-6486-6D00-000000001F00}", "StartAddress": "2505945519628"}}, {"values": {"EventID": "8", "TargetImage": "C:\\Windows\\System32\\RuntimeBroker.exe", "TargetProcessGuid": "{C784477D-B1A7-6486-7800-000000001F00}", "NewThreadId": "7440", "StartModule": "-", "SourceProcessId": "5052", "StartFunction": "-", "UtcTime": "1687369077", "SourceImage": "C:\\Windows\\explorer.exe", "TargetProcessId": "5800", "RuleName": "-", "StartAddress": "2261964494348", "SourceProcessGuid": "{C784477D-B1A6-6486-6D00-000000001F00}"}}, {"values": {"EventID": "8", "TargetImage": "C:\\Windows\\System32\\ApplicationFrameHost.exe", "TargetProcessGuid": "{C784477D-B1A7-6486-7900-000000001F00}", "NewThreadId": "7712", "StartModule": "-", "UtcTime": "1687369081", "StartFunction": "-", "SourceProcessId": "5052", "SourceImage": "C:\\Windows\\explorer.exe", "TargetProcessId": "5940", "RuleName": "-", "SourceProcessGuid": "{C784477D-B1A6-6486-6D00-000000001F00}", "StartAddress": "2152321848844"}}, {"values": {"EventID": "8", "TargetImage": "C:\\Windows\\SystemApps\\Microsoft.MicrosoftEdge_8wekyb3d8bbwe\\MicrosoftEdge.exe", "TargetProcessGuid": "{C784477D-B1A7-6486-7B00-000000001F00}", "NewThreadId": "6236", "StartModule": "-", "UtcTime": "1687369088", "StartFunction": "-", "SourceProcessId": "5052", "SourceImage": "C:\\Windows\\explorer.exe", "TargetProcessId": "5108", "RuleName": "-", "StartAddress": "2115387397644", "SourceProcessGuid": "{C784477D-B1A6-6486-6D00-000000001F00}"}}, {"values": {"EventID": "8", "TargetImage": "C:\\Windows\\System32\\browser_broker.exe", "TargetProcessGuid": "{C784477D-B1A7-6486-7C00-000000001F00}", "NewThreadId": "2020", "StartModule": "-", "UtcTime": "1687369088", "StartFunction": "-", "SourceProcessId": "5052", "SourceImage": "C:\\Windows\\explorer.exe", "TargetProcessId": "5444", "RuleName": "-", "SourceProcessGuid": "{C784477D-B1A6-6486-6D00-000000001F00}", "StartAddress": "2318582158860"}}, {"values": {"EventID": "8", "TargetImage": "C:\\Windows\\SystemApps\\Microsoft.MicrosoftEdge_8wekyb3d8bbwe\\MicrosoftEdgeCP.exe", "TargetProcessGuid": "{C784477D-B1A7-6486-8100-000000001F00}", "NewThreadId": "6228", "StartModule": "-", "UtcTime": "1687369091", "StartFunction": "-", "SourceProcessId": "5052", "SourceImage": "C:\\Windows\\explorer.exe", "TargetProcessId": "6372", "RuleName": "-", "SourceProcessGuid": "{C784477D-B1A6-6486-6D00-000000001F00}", "StartAddress": "2167588787724"}}, {"values": {"EventID": "8", "TargetImage": "C:\\Windows\\System32\\svchost.exe", "TargetProcessGuid": "{C784477D-B21A-6486-1B05-000000001F00}", "NewThreadId": "6616", "StartModule": "-", "SourceProcessId": "5052", "StartFunction": "-", "UtcTime": "1687369092", "SourceImage": "C:\\Windows\\explorer.exe", "TargetProcessId": "3292", "RuleName": "-", "StartAddress": "2501844604428", "SourceProcessGuid": "{C784477D-B1A6-6486-6D00-000000001F00}"}}, {"values": {"EventID": "8", "TargetProcessGuid": "{C784477D-B2A9-6486-7405-000000001F00}", "NewThreadId": "260", "StartModule": "-", "StartFunction": "-", "UtcTime": "1687369098", "TargetImage": "C:\\Windows\\ImmersiveControlPanel\\SystemSettings.exe", "SourceProcessId": "5052", "SourceImage": "C:\\Windows\\explorer.exe", "TargetProcessId": "3832", "RuleName": "-", "SourceProcessGuid": "{C784477D-B1A6-6486-6D00-000000001F00}", "StartAddress": "2512689501708"}}, {"values": {"EventID": "8", "TargetProcessGuid": "{C784477D-356C-6493-6506-000000001F00}", "NewThreadId": "7032", "StartModule": "-", "StartFunction": "-", "UtcTime": "1687369102", "TargetImage": "C:\\Windows\\System32\\dllhost.exe", "SourceProcessId": "5052", "SourceImage": "C:\\Windows\\explorer.exe", "TargetProcessId": "6936", "RuleName": "-", "SourceProcessGuid": "{C784477D-B1A6-6486-6D00-000000001F00}", "StartAddress": "2352383661580"}}, {"values": {"EventID": "8", "TargetImage": "C:\\Windows\\System32\\backgroundTaskHost.exe", "TargetProcessGuid": "{C784477D-356E-6493-6606-000000001F00}", "NewThreadId": "6728", "StartModule": "-", "UtcTime": "1687369102", "StartFunction": "-", "SourceProcessId": "5052", "SourceImage": "C:\\Windows\\explorer.exe", "TargetProcessId": "6736", "RuleName": "-", "SourceProcessGuid": "{C784477D-B1A6-6486-6D00-000000001F00}", "StartAddress": "2440457098764"}}, {"values": {"EventID": "8", "TargetImage": "C:\\Windows\\System32\\BackgroundTransferHost.exe", "TargetProcessGuid": "{C784477D-3599-6493-6C06-000000001F00}", "NewThreadId": "7708", "StartModule": "-", "SourceProcessId": "5052", "StartFunction": "-", "UtcTime": "1687369113", "SourceImage": "C:\\Windows\\explorer.exe", "TargetProcessId": "252", "RuleName": "-", "StartAddress": "1843641783820", "SourceProcessGuid": "{C784477D-B1A6-6486-6D00-000000001F00}"}}], "rule_level": "high", "rule_description": "Detects uncommon processes creating remote threads", "rule_source": "Sigma Integrated Rule Set (GitHub)", "rule_title": "Remote Thread Creation By Uncommon Source Image", "rule_id": "5242ae9a7c0bb9967f443e598ba4d27edfa69ca76b6fbb7ad0d569f7e9067668", "rule_author": "Perez Diego (@darkquassar), oscd.community"}, {"match_context": [{"values": {"EventID": "22", "ProcessId": "5052", "Image": "C:\\Windows\\explorer.exe", "ProcessGuid": "{C784477D-B1A6-6486-6D00-000000001F00}", "QueryName": "2noi3hejkogbiykd.onion.sx", "UtcTime": "1686549254", "QueryStatus": "9002", "QueryResults": "-", "RuleName": "-"}}], "rule_level": "high", "rule_description": "Detects DNS queries to an \".onion\" address related to Tor routing networks", "rule_source": "Sigma Integrated Rule Set (GitHub)", "rule_title": "DNS Query Tor Onion Address - Sysmon", "rule_id": "674f76f777472c9d2fd1dbb116a9a1a6bf35dac71c41ca14a21ac0493d7f471c", "rule_author": "frack113"}, {"match_context": [{"values": {"TerminalSessionId": "1", "ProcessGuid": "{C784477D-356C-6493-6306-000000001F00}", "ProcessId": "3740", "Product": "Microsoft\\xae Windows\\xae Operating System", "Description": "Command Line Interface for Microsoft\\xae Volume Shadow Copy Service ", "Company": "Microsoft Corporation", "ParentProcessGuid": "{C784477D-B1A6-6486-6D00-000000001F00}", "User": "DESKTOP-B0T93D6\\george", "Hashes": "MD5=47D51216EF45075B5F7EAA117CC70E40,SHA256=C946C4EDA61355A1B8E134E7A184A15C9A358B9675B6172A83E4937AE9EF4B03,IMPHASH=C1EDC431CD345F0A0F32019895D13FCE", "OriginalFileName": "VSSADMIN.EXE", "ParentImage": "C:\\Windows\\explorer.exe", "FileVersion": "10.0.17134.1 (WinBuild.160101.0800)", "ParentProcessId": "5052", "CurrentDirectory": "C:\\Windows\\system32\\", "CommandLine": "\"C:\\Windows\\System32\\vssadmin.exe\" delete shadows /all /quiet", "EventID": "1", "LogonGuid": "C784477D-B1A5-6486-40AE-030000000000", "LogonId": "241216", "Image": "C:\\Windows\\System32\\vssadmin.exe", "IntegrityLevel": "Medium", "ParentCommandLine": "C:\\Windows\\Explorer.EXE", "UtcTime": "1687369068", "RuleName": "-"}}], "rule_level": "high", "rule_description": "Shadow Copies deletion using operating systems utilities", "rule_source": "Sigma Integrated Rule Set (GitHub)", "rule_title": "Shadow Copies Deletion Using Operating Systems Utilities", "rule_id": "ad5e4d4b939797a70a9aa742d979a4742c2cfedddd663fb1a43b2795c1e6054b", "rule_author": "Florian Roth (Nextron Systems), Michael Haag, Teymur Kheirkhabarov, Daniil Yugoslavskiy, oscd.community, Andreas Hunkeler (@Karneades)"}, {"match_context": [{"values": {"EventID": "8", "TargetImage": "C:\\Windows\\explorer.exe", "TargetProcessGuid": "{C784477D-B1A6-6486-6D00-000000001F00}", "NewThreadId": "8080", "StartModule": "-", "UtcTime": "1687369068", "StartFunction": "-", "SourceProcessId": "292", "SourceImage": "C:\\Users\\george\\AppData\\Roaming\\Amkor\\rypy.exe", "TargetProcessId": "5052", "RuleName": "-", "StartAddress": "82515468", "SourceProcessGuid": "{C784477D-3561-6493-6106-000000001F00}"}}], "rule_level": "high", "rule_description": "Detects uncommon target processes for remote thread creation", "rule_source": "Sigma Integrated Rule Set (GitHub)", "rule_title": "Remote Thread Creation In Uncommon Target Image", "rule_id": "ea7ec9e92c165a4cef023fd658ef72279f03378ab53f4481eb973ecb2171b193", "rule_author": "Florian Roth (Nextron Systems)"}, {"match_context": [{"values": {"EventID": "13", "ProcessId": "5052", "EventType": "SetValue", "Image": "C:\\Windows\\Explorer.EXE", "ProcessGuid": "{C784477D-B1A6-6486-6D00-000000001F00}", "UtcTime": "1687369068", "Details": "C:\\Users\\george\\AppData\\Roaming\\Amkor\\rypy.exe", "RuleName": "T1060,RunKey", "TargetObject": "HKU\\S-1-5-21-1015118539-3749460369-599379286-1001\\Software\\Microsoft\\Windows\\CurrentVersion\\Run\\{0824931F-9548-7BAA-6582-C5851201B169}"}}, {"values": {"EventID": "13", "ProcessId": "5052", "EventType": "SetValue", "Image": "C:\\Windows\\Explorer.EXE", "RuleName": "T1060,RunKey", "UtcTime": "1687369069", "Details": "C:\\Users\\george\\AppData\\Roaming\\Amkor\\rypy.exe", "ProcessGuid": "{C784477D-B1A6-6486-6D00-000000001F00}", "TargetObject": "HKU\\S-1-5-21-1015118539-3749460369-599379286-1001\\Software\\Microsoft\\Windows\\CurrentVersion\\Run\\{0824931F-9548-7BAA-6582-C5851201B169}"}}, {"values": {"EventID": "13", "ProcessId": "5052", "EventType": "SetValue", "Image": "C:\\Windows\\Explorer.EXE", "ProcessGuid": "{C784477D-B1A6-6486-6D00-000000001F00}", "UtcTime": "1687369070", "Details": "C:\\Users\\george\\AppData\\Roaming\\Amkor\\rypy.exe", "RuleName": "T1060,RunKey", "TargetObject": "HKU\\S-1-5-21-1015118539-3749460369-599379286-1001\\Software\\Microsoft\\Windows\\CurrentVersion\\Run\\{0824931F-9548-7BAA-6582-C5851201B169}"}}, {"values": {"EventID": "13", "ProcessId": "5052", "EventType": "SetValue", "Image": "C:\\Windows\\Explorer.EXE", "RuleName": "T1060,RunKey", "UtcTime": "1687369071", "Details": "C:\\Users\\george\\AppData\\Roaming\\Amkor\\rypy.exe", "ProcessGuid": "{C784477D-B1A6-6486-6D00-000000001F00}", "TargetObject": "HKU\\S-1-5-21-1015118539-3749460369-599379286-1001\\Software\\Microsoft\\Windows\\CurrentVersion\\Run\\{0824931F-9548-7BAA-6582-C5851201B169}"}}, {"values": {"EventID": "13", "ProcessId": "5052", "EventType": "SetValue", "Image": "C:\\Windows\\Explorer.EXE", "RuleName": "T1060,RunKey", "UtcTime": "1687369072", "Details": "C:\\Users\\george\\AppData\\Roaming\\Amkor\\rypy.exe", "ProcessGuid": "{C784477D-B1A6-6486-6D00-000000001F00}", "TargetObject": "HKU\\S-1-5-21-1015118539-3749460369-599379286-1001\\Software\\Microsoft\\Windows\\CurrentVersion\\Run\\{0824931F-9548-7BAA-6582-C5851201B169}"}}, {"values": {"EventID": "13", "ProcessId": "5052", "EventType": "SetValue", "Image": "C:\\Windows\\Explorer.EXE", "ProcessGuid": "{C784477D-B1A6-6486-6D00-000000001F00}", "UtcTime": "1687369073", "Details": "C:\\Users\\george\\AppData\\Roaming\\Amkor\\rypy.exe", "RuleName": "T1060,RunKey", "TargetObject": "HKU\\S-1-5-21-1015118539-3749460369-599379286-1001\\Software\\Microsoft\\Windows\\CurrentVersion\\Run\\{0824931F-9548-7BAA-6582-C5851201B169}"}}, {"values": {"EventID": "13", "ProcessId": "5052", "EventType": "SetValue", "Image": "C:\\Windows\\Explorer.EXE", "ProcessGuid": "{C784477D-B1A6-6486-6D00-000000001F00}", "UtcTime": "1687369075", "Details": "C:\\Users\\george\\AppData\\Roaming\\Amkor\\rypy.exe", "RuleName": "T1060,RunKey", "TargetObject": "HKU\\S-1-5-21-1015118539-3749460369-599379286-1001\\Software\\Microsoft\\Windows\\CurrentVersion\\Run\\{0824931F-9548-7BAA-6582-C5851201B169}"}}, {"values": {"EventID": "13", "ProcessId": "5052", "EventType": "SetValue", "Image": "C:\\Windows\\Explorer.EXE", "RuleName": "T1060,RunKey", "UtcTime": "1687369077", "Details": "C:\\Users\\george\\AppData\\Roaming\\Amkor\\rypy.exe", "ProcessGuid": "{C784477D-B1A6-6486-6D00-000000001F00}", "TargetObject": "HKU\\S-1-5-21-1015118539-3749460369-599379286-1001\\Software\\Microsoft\\Windows\\CurrentVersion\\Run\\{0824931F-9548-7BAA-6582-C5851201B169}"}}, {"values": {"EventID": "13", "ProcessId": "5052", "EventType": "SetValue", "Image": "C:\\Windows\\Explorer.EXE", "RuleName": "T1060,RunKey", "UtcTime": "1687369081", "Details": "C:\\Users\\george\\AppData\\Roaming\\Amkor\\rypy.exe", "ProcessGuid": "{C784477D-B1A6-6486-6D00-000000001F00}", "TargetObject": "HKU\\S-1-5-21-1015118539-3749460369-599379286-1001\\Software\\Microsoft\\Windows\\CurrentVersion\\Run\\{0824931F-9548-7BAA-6582-C5851201B169}"}}, {"values": {"EventID": "13", "ProcessId": "5052", "EventType": "SetValue", "Image": "C:\\Windows\\Explorer.EXE", "ProcessGuid": "{C784477D-B1A6-6486-6D00-000000001F00}", "UtcTime": "1687369088", "Details": "C:\\Users\\george\\AppData\\Roaming\\Amkor\\rypy.exe", "RuleName": "T1060,RunKey", "TargetObject": "HKU\\S-1-5-21-1015118539-3749460369-599379286-1001\\Software\\Microsoft\\Windows\\CurrentVersion\\Run\\{0824931F-9548-7BAA-6582-C5851201B169}"}}, {"values": {"EventID": "13", "ProcessId": "5052", "EventType": "SetValue", "Image": "C:\\Windows\\Explorer.EXE", "RuleName": "T1060,RunKey", "UtcTime": "1687369091", "Details": "C:\\Users\\george\\AppData\\Roaming\\Amkor\\rypy.exe", "ProcessGuid": "{C784477D-B1A6-6486-6D00-000000001F00}", "TargetObject": "HKU\\S-1-5-21-1015118539-3749460369-599379286-1001\\Software\\Microsoft\\Windows\\CurrentVersion\\Run\\{0824931F-9548-7BAA-6582-C5851201B169}"}}, {"values": {"EventID": "13", "ProcessId": "5052", "EventType": "SetValue", "Image": "C:\\Windows\\Explorer.EXE", "RuleName": "T1060,RunKey", "UtcTime": "1687369092", "Details": "C:\\Users\\george\\AppData\\Roaming\\Amkor\\rypy.exe", "ProcessGuid": "{C784477D-B1A6-6486-6D00-000000001F00}", "TargetObject": "HKU\\S-1-5-21-1015118539-3749460369-599379286-1001\\Software\\Microsoft\\Windows\\CurrentVersion\\Run\\{0824931F-9548-7BAA-6582-C5851201B169}"}}, {"values": {"EventID": "13", "ProcessId": "5052", "EventType": "SetValue", "Image": "C:\\Windows\\Explorer.EXE", "ProcessGuid": "{C784477D-B1A6-6486-6D00-000000001F00}", "UtcTime": "1687369098", "Details": "C:\\Users\\george\\AppData\\Roaming\\Amkor\\rypy.exe", "RuleName": "T1060,RunKey", "TargetObject": "HKU\\S-1-5-21-1015118539-3749460369-599379286-1001\\Software\\Microsoft\\Windows\\CurrentVersion\\Run\\{0824931F-9548-7BAA-6582-C5851201B169}"}}, {"values": {"EventID": "13", "ProcessId": "5052", "EventType": "SetValue", "Image": "C:\\Windows\\Explorer.EXE", "ProcessGuid": "{C784477D-B1A6-6486-6D00-000000001F00}", "UtcTime": "1687369102", "Details": "C:\\Users\\george\\AppData\\Roaming\\Amkor\\rypy.exe", "RuleName": "T1060,RunKey", "TargetObject": "HKU\\S-1-5-21-1015118539-3749460369-599379286-1001\\Software\\Microsoft\\Windows\\CurrentVersion\\Run\\{0824931F-9548-7BAA-6582-C5851201B169}"}}, {"values": {"EventID": "13", "ProcessId": "5052", "EventType": "SetValue", "Image": "C:\\Windows\\Explorer.EXE", "RuleName": "T1060,RunKey", "UtcTime": "1687369103", "Details": "C:\\Users\\george\\AppData\\Roaming\\Amkor\\rypy.exe", "ProcessGuid": "{C784477D-B1A6-6486-6D00-000000001F00}", "TargetObject": "HKU\\S-1-5-21-1015118539-3749460369-599379286-1001\\Software\\Microsoft\\Windows\\CurrentVersion\\Run\\{0824931F-9548-7BAA-6582-C5851201B169}"}}, {"values": {"EventID": "13", "ProcessId": "5052", "EventType": "SetValue", "Image": "C:\\Windows\\Explorer.EXE", "ProcessGuid": "{C784477D-B1A6-6486-6D00-000000001F00}", "UtcTime": "1687369104", "Details": "C:\\Users\\george\\AppData\\Roaming\\Amkor\\rypy.exe", "RuleName": "T1060,RunKey", "TargetObject": "HKU\\S-1-5-21-1015118539-3749460369-599379286-1001\\Software\\Microsoft\\Windows\\CurrentVersion\\Run\\{0824931F-9548-7BAA-6582-C5851201B169}"}}, {"values": {"EventID": "13", "ProcessId": "5052", "EventType": "SetValue", "Image": "C:\\Windows\\Explorer.EXE", "ProcessGuid": "{C784477D-B1A6-6486-6D00-000000001F00}", "UtcTime": "1687369105", "Details": "C:\\Users\\george\\AppData\\Roaming\\Amkor\\rypy.exe", "RuleName": "T1060,RunKey", "TargetObject": "HKU\\S-1-5-21-1015118539-3749460369-599379286-1001\\Software\\Microsoft\\Windows\\CurrentVersion\\Run\\{0824931F-9548-7BAA-6582-C5851201B169}"}}, {"values": {"EventID": "13", "ProcessId": "5052", "EventType": "SetValue", "Image": "C:\\Windows\\Explorer.EXE", "ProcessGuid": "{C784477D-B1A6-6486-6D00-000000001F00}", "UtcTime": "1687369106", "Details": "C:\\Users\\george\\AppData\\Roaming\\Amkor\\rypy.exe", "RuleName": "T1060,RunKey", "TargetObject": "HKU\\S-1-5-21-1015118539-3749460369-599379286-1001\\Software\\Microsoft\\Windows\\CurrentVersion\\Run\\{0824931F-9548-7BAA-6582-C5851201B169}"}}, {"values": {"EventID": "13", "ProcessId": "5052", "EventType": "SetValue", "Image": "C:\\Windows\\Explorer.EXE", "ProcessGuid": "{C784477D-B1A6-6486-6D00-000000001F00}", "UtcTime": "1687369107", "Details": "C:\\Users\\george\\AppData\\Roaming\\Amkor\\rypy.exe", "RuleName": "T1060,RunKey", "TargetObject": "HKU\\S-1-5-21-1015118539-3749460369-599379286-1001\\Software\\Microsoft\\Windows\\CurrentVersion\\Run\\{0824931F-9548-7BAA-6582-C5851201B169}"}}, {"values": {"EventID": "13", "ProcessId": "5052", "EventType": "SetValue", "Image": "C:\\Windows\\Explorer.EXE", "ProcessGuid": "{C784477D-B1A6-6486-6D00-000000001F00}", "UtcTime": "1687369108", "Details": "C:\\Users\\george\\AppData\\Roaming\\Amkor\\rypy.exe", "RuleName": "T1060,RunKey", "TargetObject": "HKU\\S-1-5-21-1015118539-3749460369-599379286-1001\\Software\\Microsoft\\Windows\\CurrentVersion\\Run\\{0824931F-9548-7BAA-6582-C5851201B169}"}}, {"values": {"EventID": "13", "ProcessId": "5052", "EventType": "SetValue", "Image": "C:\\Windows\\Explorer.EXE", "ProcessGuid": "{C784477D-B1A6-6486-6D00-000000001F00}", "UtcTime": "1687369109", "Details": "C:\\Users\\george\\AppData\\Roaming\\Amkor\\rypy.exe", "RuleName": "T1060,RunKey", "TargetObject": "HKU\\S-1-5-21-1015118539-3749460369-599379286-1001\\Software\\Microsoft\\Windows\\CurrentVersion\\Run\\{0824931F-9548-7BAA-6582-C5851201B169}"}}, {"values": {"EventID": "13", "ProcessId": "5052", "EventType": "SetValue", "Image": "C:\\Windows\\Explorer.EXE", "RuleName": "T1060,RunKey", "UtcTime": "1687369110", "Details": "C:\\Users\\george\\AppData\\Roaming\\Amkor\\rypy.exe", "ProcessGuid": "{C784477D-B1A6-6486-6D00-000000001F00}", "TargetObject": "HKU\\S-1-5-21-1015118539-3749460369-599379286-1001\\Software\\Microsoft\\Windows\\CurrentVersion\\Run\\{0824931F-9548-7BAA-6582-C5851201B169}"}}, {"values": {"EventID": "13", "ProcessId": "5052", "EventType": "SetValue", "Image": "C:\\Windows\\Explorer.EXE", "ProcessGuid": "{C784477D-B1A6-6486-6D00-000000001F00}", "UtcTime": "1687369111", "Details": "C:\\Users\\george\\AppData\\Roaming\\Amkor\\rypy.exe", "RuleName": "T1060,RunKey", "TargetObject": "HKU\\S-1-5-21-1015118539-3749460369-599379286-1001\\Software\\Microsoft\\Windows\\CurrentVersion\\Run\\{0824931F-9548-7BAA-6582-C5851201B169}"}}, {"values": {"EventID": "13", "ProcessId": "5052", "EventType": "SetValue", "Image": "C:\\Windows\\Explorer.EXE", "RuleName": "T1060,RunKey", "UtcTime": "1687369112", "Details": "C:\\Users\\george\\AppData\\Roaming\\Amkor\\rypy.exe", "ProcessGuid": "{C784477D-B1A6-6486-6D00-000000001F00}", "TargetObject": "HKU\\S-1-5-21-1015118539-3749460369-599379286-1001\\Software\\Microsoft\\Windows\\CurrentVersion\\Run\\{0824931F-9548-7BAA-6582-C5851201B169}"}}, {"values": {"EventID": "13", "ProcessId": "5052", "EventType": "SetValue", "Image": "C:\\Windows\\Explorer.EXE", "RuleName": "T1060,RunKey", "UtcTime": "1687369113", "Details": "C:\\Users\\george\\AppData\\Roaming\\Amkor\\rypy.exe", "ProcessGuid": "{C784477D-B1A6-6486-6D00-000000001F00}", "TargetObject": "HKU\\S-1-5-21-1015118539-3749460369-599379286-1001\\Software\\Microsoft\\Windows\\CurrentVersion\\Run\\{0824931F-9548-7BAA-6582-C5851201B169}"}}, {"values": {"EventID": "13", "ProcessId": "5052", "EventType": "SetValue", "Image": "C:\\Windows\\Explorer.EXE", "RuleName": "T1060,RunKey", "UtcTime": "1687369114", "Details": "C:\\Users\\george\\AppData\\Roaming\\Amkor\\rypy.exe", "ProcessGuid": "{C784477D-B1A6-6486-6D00-000000001F00}", "TargetObject": "HKU\\S-1-5-21-1015118539-3749460369-599379286-1001\\Software\\Microsoft\\Windows\\CurrentVersion\\Run\\{0824931F-9548-7BAA-6582-C5851201B169}"}}, {"values": {"EventID": "13", "ProcessId": "5052", "EventType": "SetValue", "Image": "C:\\Windows\\Explorer.EXE", "ProcessGuid": "{C784477D-B1A6-6486-6D00-000000001F00}", "UtcTime": "1687369115", "Details": "C:\\Users\\george\\AppData\\Roaming\\Amkor\\rypy.exe", "RuleName": "T1060,RunKey", "TargetObject": "HKU\\S-1-5-21-1015118539-3749460369-599379286-1001\\Software\\Microsoft\\Windows\\CurrentVersion\\Run\\{0824931F-9548-7BAA-6582-C5851201B169}"}}, {"values": {"EventID": "13", "ProcessId": "5052", "EventType": "SetValue", "Image": "C:\\Windows\\Explorer.EXE", "RuleName": "T1060,RunKey", "UtcTime": "1687369116", "Details": "C:\\Users\\george\\AppData\\Roaming\\Amkor\\rypy.exe", "ProcessGuid": "{C784477D-B1A6-6486-6D00-000000001F00}", "TargetObject": "HKU\\S-1-5-21-1015118539-3749460369-599379286-1001\\Software\\Microsoft\\Windows\\CurrentVersion\\Run\\{0824931F-9548-7BAA-6582-C5851201B169}"}}, {"values": {"EventID": "13", "ProcessId": "5052", "EventType": "SetValue", "Image": "C:\\Windows\\Explorer.EXE", "RuleName": "T1060,RunKey", "UtcTime": "1687369117", "Details": "C:\\Users\\george\\AppData\\Roaming\\Amkor\\rypy.exe", "ProcessGuid": "{C784477D-B1A6-6486-6D00-000000001F00}", "TargetObject": "HKU\\S-1-5-21-1015118539-3749460369-599379286-1001\\Software\\Microsoft\\Windows\\CurrentVersion\\Run\\{0824931F-9548-7BAA-6582-C5851201B169}"}}, {"values": {"EventID": "13", "ProcessId": "5052", "EventType": "SetValue", "Image": "C:\\Windows\\Explorer.EXE", "RuleName": "T1060,RunKey", "UtcTime": "1687369118", "Details": "C:\\Users\\george\\AppData\\Roaming\\Amkor\\rypy.exe", "ProcessGuid": "{C784477D-B1A6-6486-6D00-000000001F00}", "TargetObject": "HKU\\S-1-5-21-1015118539-3749460369-599379286-1001\\Software\\Microsoft\\Windows\\CurrentVersion\\Run\\{0824931F-9548-7BAA-6582-C5851201B169}"}}, {"values": {"EventID": "13", "ProcessId": "5052", "EventType": "SetValue", "Image": "C:\\Windows\\Explorer.EXE", "ProcessGuid": "{C784477D-B1A6-6486-6D00-000000001F00}", "UtcTime": "1687369119", "Details": "C:\\Users\\george\\AppData\\Roaming\\Amkor\\rypy.exe", "RuleName": "T1060,RunKey", "TargetObject": "HKU\\S-1-5-21-1015118539-3749460369-599379286-1001\\Software\\Microsoft\\Windows\\CurrentVersion\\Run\\{0824931F-9548-7BAA-6582-C5851201B169}"}}, {"values": {"EventID": "13", "ProcessId": "5052", "EventType": "SetValue", "Image": "C:\\Windows\\Explorer.EXE", "RuleName": "T1060,RunKey", "UtcTime": "1687369120", "Details": "C:\\Users\\george\\AppData\\Roaming\\Amkor\\rypy.exe", "ProcessGuid": "{C784477D-B1A6-6486-6D00-000000001F00}", "TargetObject": "HKU\\S-1-5-21-1015118539-3749460369-599379286-1001\\Software\\Microsoft\\Windows\\CurrentVersion\\Run\\{0824931F-9548-7BAA-6582-C5851201B169}"}}, {"values": {"EventID": "13", "ProcessId": "5052", "EventType": "SetValue", "Image": "C:\\Windows\\Explorer.EXE", "RuleName": "T1060,RunKey", "UtcTime": "1687369121", "Details": "C:\\Users\\george\\AppData\\Roaming\\Amkor\\rypy.exe", "ProcessGuid": "{C784477D-B1A6-6486-6D00-000000001F00}", "TargetObject": "HKU\\S-1-5-21-1015118539-3749460369-599379286-1001\\Software\\Microsoft\\Windows\\CurrentVersion\\Run\\{0824931F-9548-7BAA-6582-C5851201B169}"}}, {"values": {"EventID": "13", "ProcessId": "5052", "EventType": "SetValue", "Image": "C:\\Windows\\Explorer.EXE", "ProcessGuid": "{C784477D-B1A6-6486-6D00-000000001F00}", "UtcTime": "1687369122", "Details": "C:\\Users\\george\\AppData\\Roaming\\Amkor\\rypy.exe", "RuleName": "T1060,RunKey", "TargetObject": "HKU\\S-1-5-21-1015118539-3749460369-599379286-1001\\Software\\Microsoft\\Windows\\CurrentVersion\\Run\\{0824931F-9548-7BAA-6582-C5851201B169}"}}, {"values": {"EventID": "13", "ProcessId": "5052", "EventType": "SetValue", "Image": "C:\\Windows\\Explorer.EXE", "ProcessGuid": "{C784477D-B1A6-6486-6D00-000000001F00}", "UtcTime": "1687369123", "Details": "C:\\Users\\george\\AppData\\Roaming\\Amkor\\rypy.exe", "RuleName": "T1060,RunKey", "TargetObject": "HKU\\S-1-5-21-1015118539-3749460369-599379286-1001\\Software\\Microsoft\\Windows\\CurrentVersion\\Run\\{0824931F-9548-7BAA-6582-C5851201B169}"}}, {"values": {"EventID": "13", "ProcessId": "5052", "EventType": "SetValue", "Image": "C:\\Windows\\Explorer.EXE", "RuleName": "T1060,RunKey", "UtcTime": "1687369124", "Details": "C:\\Users\\george\\AppData\\Roaming\\Amkor\\rypy.exe", "ProcessGuid": "{C784477D-B1A6-6486-6D00-000000001F00}", "TargetObject": "HKU\\S-1-5-21-1015118539-3749460369-599379286-1001\\Software\\Microsoft\\Windows\\CurrentVersion\\Run\\{0824931F-9548-7BAA-6582-C5851201B169}"}}, {"values": {"EventID": "13", "ProcessId": "5052", "EventType": "SetValue", "Image": "C:\\Windows\\Explorer.EXE", "ProcessGuid": "{C784477D-B1A6-6486-6D00-000000001F00}", "UtcTime": "1687369125", "Details": "C:\\Users\\george\\AppData\\Roaming\\Amkor\\rypy.exe", "RuleName": "T1060,RunKey", "TargetObject": "HKU\\S-1-5-21-1015118539-3749460369-599379286-1001\\Software\\Microsoft\\Windows\\CurrentVersion\\Run\\{0824931F-9548-7BAA-6582-C5851201B169}"}}, {"values": {"EventID": "13", "ProcessId": "5052", "EventType": "SetValue", "Image": "C:\\Windows\\Explorer.EXE", "RuleName": "T1060,RunKey", "UtcTime": "1687369126", "Details": "C:\\Users\\george\\AppData\\Roaming\\Amkor\\rypy.exe", "ProcessGuid": "{C784477D-B1A6-6486-6D00-000000001F00}", "TargetObject": "HKU\\S-1-5-21-1015118539-3749460369-599379286-1001\\Software\\Microsoft\\Windows\\CurrentVersion\\Run\\{0824931F-9548-7BAA-6582-C5851201B169}"}}, {"values": {"EventID": "13", "ProcessId": "5052", "EventType": "SetValue", "Image": "C:\\Windows\\Explorer.EXE", "ProcessGuid": "{C784477D-B1A6-6486-6D00-000000001F00}", "UtcTime": "1687369127", "Details": "C:\\Users\\george\\AppData\\Roaming\\Amkor\\rypy.exe", "RuleName": "T1060,RunKey", "TargetObject": "HKU\\S-1-5-21-1015118539-3749460369-599379286-1001\\Software\\Microsoft\\Windows\\CurrentVersion\\Run\\{0824931F-9548-7BAA-6582-C5851201B169}"}}, {"values": {"EventID": "13", "ProcessId": "5052", "EventType": "SetValue", "Image": "C:\\Windows\\Explorer.EXE", "RuleName": "T1060,RunKey", "UtcTime": "1687369128", "Details": "C:\\Users\\george\\AppData\\Roaming\\Amkor\\rypy.exe", "ProcessGuid": "{C784477D-B1A6-6486-6D00-000000001F00}", "TargetObject": "HKU\\S-1-5-21-1015118539-3749460369-599379286-1001\\Software\\Microsoft\\Windows\\CurrentVersion\\Run\\{0824931F-9548-7BAA-6582-C5851201B169}"}}, {"values": {"EventID": "13", "ProcessId": "5052", "EventType": "SetValue", "Image": "C:\\Windows\\Explorer.EXE", "ProcessGuid": "{C784477D-B1A6-6486-6D00-000000001F00}", "UtcTime": "1687369129", "Details": "C:\\Users\\george\\AppData\\Roaming\\Amkor\\rypy.exe", "RuleName": "T1060,RunKey", "TargetObject": "HKU\\S-1-5-21-1015118539-3749460369-599379286-1001\\Software\\Microsoft\\Windows\\CurrentVersion\\Run\\{0824931F-9548-7BAA-6582-C5851201B169}"}}, {"values": {"EventID": "13", "ProcessId": "5052", "EventType": "SetValue", "Image": "C:\\Windows\\Explorer.EXE", "ProcessGuid": "{C784477D-B1A6-6486-6D00-000000001F00}", "UtcTime": "1687369130", "Details": "C:\\Users\\george\\AppData\\Roaming\\Amkor\\rypy.exe", "RuleName": "T1060,RunKey", "TargetObject": "HKU\\S-1-5-21-1015118539-3749460369-599379286-1001\\Software\\Microsoft\\Windows\\CurrentVersion\\Run\\{0824931F-9548-7BAA-6582-C5851201B169}"}}, {"values": {"EventID": "13", "ProcessId": "5052", "EventType": "SetValue", "Image": "C:\\Windows\\Explorer.EXE", "ProcessGuid": "{C784477D-B1A6-6486-6D00-000000001F00}", "UtcTime": "1687369131", "Details": "C:\\Users\\george\\AppData\\Roaming\\Amkor\\rypy.exe", "RuleName": "T1060,RunKey", "TargetObject": "HKU\\S-1-5-21-1015118539-3749460369-599379286-1001\\Software\\Microsoft\\Windows\\CurrentVersion\\Run\\{0824931F-9548-7BAA-6582-C5851201B169}"}}, {"values": {"EventID": "13", "ProcessId": "5052", "EventType": "SetValue", "Image": "C:\\Windows\\Explorer.EXE", "ProcessGuid": "{C784477D-B1A6-6486-6D00-000000001F00}", "UtcTime": "1687369132", "Details": "C:\\Users\\george\\AppData\\Roaming\\Amkor\\rypy.exe", "RuleName": "T1060,RunKey", "TargetObject": "HKU\\S-1-5-21-1015118539-3749460369-599379286-1001\\Software\\Microsoft\\Windows\\CurrentVersion\\Run\\{0824931F-9548-7BAA-6582-C5851201B169}"}}, {"values": {"EventID": "13", "ProcessId": "5052", "EventType": "SetValue", "Image": "C:\\Windows\\Explorer.EXE", "ProcessGuid": "{C784477D-B1A6-6486-6D00-000000001F00}", "UtcTime": "1687369133", "Details": "C:\\Users\\george\\AppData\\Roaming\\Amkor\\rypy.exe", "RuleName": "T1060,RunKey", "TargetObject": "HKU\\S-1-5-21-1015118539-3749460369-599379286-1001\\Software\\Microsoft\\Windows\\CurrentVersion\\Run\\{0824931F-9548-7BAA-6582-C5851201B169}"}}, {"values": {"EventID": "13", "ProcessId": "5052", "EventType": "SetValue", "Image": "C:\\Windows\\Explorer.EXE", "RuleName": "T1060,RunKey", "UtcTime": "1687369134", "Details": "C:\\Users\\george\\AppData\\Roaming\\Amkor\\rypy.exe", "ProcessGuid": "{C784477D-B1A6-6486-6D00-000000001F00}", "TargetObject": "HKU\\S-1-5-21-1015118539-3749460369-599379286-1001\\Software\\Microsoft\\Windows\\CurrentVersion\\Run\\{0824931F-9548-7BAA-6582-C5851201B169}"}}, {"values": {"EventID": "13", "ProcessId": "5052", "EventType": "SetValue", "Image": "C:\\Windows\\Explorer.EXE", "ProcessGuid": "{C784477D-B1A6-6486-6D00-000000001F00}", "UtcTime": "1687369135", "Details": "C:\\Users\\george\\AppData\\Roaming\\Amkor\\rypy.exe", "RuleName": "T1060,RunKey", "TargetObject": "HKU\\S-1-5-21-1015118539-3749460369-599379286-1001\\Software\\Microsoft\\Windows\\CurrentVersion\\Run\\{0824931F-9548-7BAA-6582-C5851201B169}"}}, {"values": {"EventID": "13", "ProcessId": "5052", "EventType": "SetValue", "Image": "C:\\Windows\\Explorer.EXE", "ProcessGuid": "{C784477D-B1A6-6486-6D00-000000001F00}", "UtcTime": "1687369136", "Details": "C:\\Users\\george\\AppData\\Roaming\\Amkor\\rypy.exe", "RuleName": "T1060,RunKey", "TargetObject": "HKU\\S-1-5-21-1015118539-3749460369-599379286-1001\\Software\\Microsoft\\Windows\\CurrentVersion\\Run\\{0824931F-9548-7BAA-6582-C5851201B169}"}}, {"values": {"EventID": "13", "ProcessId": "5052", "EventType": "SetValue", "Image": "C:\\Windows\\Explorer.EXE", "ProcessGuid": "{C784477D-B1A6-6486-6D00-000000001F00}", "UtcTime": "1687369137", "Details": "C:\\Users\\george\\AppData\\Roaming\\Amkor\\rypy.exe", "RuleName": "T1060,RunKey", "TargetObject": "HKU\\S-1-5-21-1015118539-3749460369-599379286-1001\\Software\\Microsoft\\Windows\\CurrentVersion\\Run\\{0824931F-9548-7BAA-6582-C5851201B169}"}}, {"values": {"EventID": "13", "ProcessId": "5052", "EventType": "SetValue", "Image": "C:\\Windows\\Explorer.EXE", "ProcessGuid": "{C784477D-B1A6-6486-6D00-000000001F00}", "UtcTime": "1687369138", "Details": "C:\\Users\\george\\AppData\\Roaming\\Amkor\\rypy.exe", "RuleName": "T1060,RunKey", "TargetObject": "HKU\\S-1-5-21-1015118539-3749460369-599379286-1001\\Software\\Microsoft\\Windows\\CurrentVersion\\Run\\{0824931F-9548-7BAA-6582-C5851201B169}"}}, {"values": {"EventID": "13", "ProcessId": "5052", "EventType": "SetValue", "Image": "C:\\Windows\\Explorer.EXE", "ProcessGuid": "{C784477D-B1A6-6486-6D00-000000001F00}", "UtcTime": "1687369139", "Details": "C:\\Users\\george\\AppData\\Roaming\\Amkor\\rypy.exe", "RuleName": "T1060,RunKey", "TargetObject": "HKU\\S-1-5-21-1015118539-3749460369-599379286-1001\\Software\\Microsoft\\Windows\\CurrentVersion\\Run\\{0824931F-9548-7BAA-6582-C5851201B169}"}}, {"values": {"EventID": "13", "ProcessId": "5052", "EventType": "SetValue", "Image": "C:\\Windows\\Explorer.EXE", "RuleName": "T1060,RunKey", "UtcTime": "1687369140", "Details": "C:\\Users\\george\\AppData\\Roaming\\Amkor\\rypy.exe", "ProcessGuid": "{C784477D-B1A6-6486-6D00-000000001F00}", "TargetObject": "HKU\\S-1-5-21-1015118539-3749460369-599379286-1001\\Software\\Microsoft\\Windows\\CurrentVersion\\Run\\{0824931F-9548-7BAA-6582-C5851201B169}"}}, {"values": {"EventID": "13", "ProcessId": "5052", "EventType": "SetValue", "Image": "C:\\Windows\\Explorer.EXE", "RuleName": "T1060,RunKey", "UtcTime": "1687369141", "Details": "C:\\Users\\george\\AppData\\Roaming\\Amkor\\rypy.exe", "ProcessGuid": "{C784477D-B1A6-6486-6D00-000000001F00}", "TargetObject": "HKU\\S-1-5-21-1015118539-3749460369-599379286-1001\\Software\\Microsoft\\Windows\\CurrentVersion\\Run\\{0824931F-9548-7BAA-6582-C5851201B169}"}}, {"values": {"EventID": "13", "ProcessId": "5052", "EventType": "SetValue", "Image": "C:\\Windows\\Explorer.EXE", "ProcessGuid": "{C784477D-B1A6-6486-6D00-000000001F00}", "UtcTime": "1687369142", "Details": "C:\\Users\\george\\AppData\\Roaming\\Amkor\\rypy.exe", "RuleName": "T1060,RunKey", "TargetObject": "HKU\\S-1-5-21-1015118539-3749460369-599379286-1001\\Software\\Microsoft\\Windows\\CurrentVersion\\Run\\{0824931F-9548-7BAA-6582-C5851201B169}"}}, {"values": {"EventID": "13", "ProcessId": "5052", "EventType": "SetValue", "Image": "C:\\Windows\\Explorer.EXE", "RuleName": "T1060,RunKey", "UtcTime": "1687369143", "Details": "C:\\Users\\george\\AppData\\Roaming\\Amkor\\rypy.exe", "ProcessGuid": "{C784477D-B1A6-6486-6D00-000000001F00}", "TargetObject": "HKU\\S-1-5-21-1015118539-3749460369-599379286-1001\\Software\\Microsoft\\Windows\\CurrentVersion\\Run\\{0824931F-9548-7BAA-6582-C5851201B169}"}}, {"values": {"EventID": "13", "ProcessId": "5052", "EventType": "SetValue", "Image": "C:\\Windows\\Explorer.EXE", "ProcessGuid": "{C784477D-B1A6-6486-6D00-000000001F00}", "UtcTime": "1687369144", "Details": "C:\\Users\\george\\AppData\\Roaming\\Amkor\\rypy.exe", "RuleName": "T1060,RunKey", "TargetObject": "HKU\\S-1-5-21-1015118539-3749460369-599379286-1001\\Software\\Microsoft\\Windows\\CurrentVersion\\Run\\{0824931F-9548-7BAA-6582-C5851201B169}"}}, {"values": {"EventID": "13", "ProcessId": "5052", "EventType": "SetValue", "Image": "C:\\Windows\\Explorer.EXE", "ProcessGuid": "{C784477D-B1A6-6486-6D00-000000001F00}", "UtcTime": "1687369145", "Details": "C:\\Users\\george\\AppData\\Roaming\\Amkor\\rypy.exe", "RuleName": "T1060,RunKey", "TargetObject": "HKU\\S-1-5-21-1015118539-3749460369-599379286-1001\\Software\\Microsoft\\Windows\\CurrentVersion\\Run\\{0824931F-9548-7BAA-6582-C5851201B169}"}}, {"values": {"EventID": "13", "ProcessId": "5052", "EventType": "SetValue", "Image": "C:\\Windows\\Explorer.EXE", "ProcessGuid": "{C784477D-B1A6-6486-6D00-000000001F00}", "UtcTime": "1687369146", "Details": "C:\\Users\\george\\AppData\\Roaming\\Amkor\\rypy.exe", "RuleName": "T1060,RunKey", "TargetObject": "HKU\\S-1-5-21-1015118539-3749460369-599379286-1001\\Software\\Microsoft\\Windows\\CurrentVersion\\Run\\{0824931F-9548-7BAA-6582-C5851201B169}"}}, {"values": {"EventID": "13", "ProcessId": "5052", "EventType": "SetValue", "Image": "C:\\Windows\\Explorer.EXE", "ProcessGuid": "{C784477D-B1A6-6486-6D00-000000001F00}", "UtcTime": "1687369147", "Details": "C:\\Users\\george\\AppData\\Roaming\\Amkor\\rypy.exe", "RuleName": "T1060,RunKey", "TargetObject": "HKU\\S-1-5-21-1015118539-3749460369-599379286-1001\\Software\\Microsoft\\Windows\\CurrentVersion\\Run\\{0824931F-9548-7BAA-6582-C5851201B169}"}}], "rule_level": "medium", "rule_description": "Detects modification of autostart extensibility point (ASEP) in registry.", "rule_source": "Sigma Integrated Rule Set (GitHub)", "rule_title": "CurrentVersion Autorun Keys Modification", "rule_id": "8b5db9da5732dc549b0e8b56fe5933d7c95ed760f3ac20568ab95347ef8c5bcc", "rule_author": "Victor Sergeev, Daniil Yugoslavskiy, Gleb Sukhodolskiy, Timur Zinniatullin, oscd.community, Tim Shelton, frack113 (split)"}, {"match_context": [{"values": {"EventID": "11", "ProcessId": "3836", "Image": "C:\\Users\\george\\Desktop\\file.exe", "ProcessGuid": "{C784477D-355E-6493-5D06-000000001F00}", "CreationUtcTime": "1687369054", "UtcTime": "1687369054", "RuleName": "EXE", "TargetFilename": "C:\\Users\\george\\AppData\\Roaming\\Amkor\\rypy.exe"}}, 