{"data": {"id": "fb647127de68f6f1e4173537e2b27d5dc190faa8e97ba3cdf39b841e677637ed", "type": "file", "links": {"self": "https://www.virustotal.com/api/v3/files/fb647127de68f6f1e4173537e2b27d5dc190faa8e97ba3cdf39b841e677637ed"}, "attributes": {"first_submission_date": 1313774323, "sigma_analysis_results": [{"match_context": [{"values": {"EventID": "11", "ProcessId": "3508", "TargetFilename": "C:\\Users\\george\\AppData\\Local\\mrsys.exe", "ProcessGuid": "{C784477D-528D-6389-0506-000000004300}", "CreationUtcTime": "1669943950", "UtcTime": "1669943950", "RuleName": "EXE", "Image": "c:\\windows\\swchost.exe"}}], "rule_level": "high", "rule_description": "Swisyn is a family of trojans that disguises itself as system files and services, and is known to drop follow-on malware on an infected system. Swisyn is often associated with rootkits that further conceal itself on an infected machine.", "rule_source": "SOC Prime Threat Detection Marketplace", "rule_title": "Swisyn Trojan (Sysmon detection)", "rule_id": "173f49a095aef2bc0480b5f8a8ae6c2d0e4125f9096d618a3865346b34d726fa", "rule_author": "Ariel Millahuel"}, {"match_context": [{"values": {"TerminalSessionId": "1", "ProcessGuid": "{574CBD14-E4C6-637A-A400-000000003400}", "ProcessId": "2660", "Product": "Explorer ", "Description": "-", "Company": "-", "ParentProcessGuid": "{574CBD14-E4C4-637A-9F00-000000003400}", "User": "azure-PC\\azure", "Hashes": "MD5=B9D5B587C4BAAE51AC3B4FF17F8E5D1C,SHA256=DB0C1C56322F2C78D771BAEE3185D9A76D22A023D72926780E19B859FC20BE4E,IMPHASH=88B2C48E8AF154DB4D7ED7092F7B1513", "OriginalFileName": "X.exe", "ParentImage": "C:\\Users\\azure\\Downloads\\unknown.exe", "FileVersion": "1.00", "ParentProcessId": "2596", "CurrentDirectory": "C:\\Users\\azure\\Downloads\\", "CommandLine": "c:\\windows\\userinit.exe", "EventID": "1", "LogonGuid": "574CBD14-E41C-637A-7C00-010000000000", "LogonId": "65660", "Image": "C:\\Windows\\userinit.exe", "IntegrityLevel": "High", "ParentCommandLine": "\"unknown.exe\"", "UtcTime": "1668998342", "RuleName": "-"}}, {"values": {"TerminalSessionId": "1", "ProcessGuid": "{C784477D-E445-6389-0306-000000004300}", "ProcessId": "68", "Product": "Explorer ", "Description": "-", "Company": "-", "ParentProcessGuid": "{C784477D-E444-6389-0206-000000004300}", "User": "DESKTOP-B0T93D6\\george", "Hashes": "MD5=C3114EB60BF423BB2D416141DCC69765,SHA256=F40E38076D6C2CC1BFD2CCE6D29320044C7D0EAD31C99D3E2B68A42480D4ECB3,IMPHASH=88B2C48E8AF154DB4D7ED7092F7B1513", "OriginalFileName": "X.exe", "ParentImage": "C:\\Users\\george\\Desktop\\file.exe", "FileVersion": "1.00", "ParentProcessId": "5216", "CurrentDirectory": "C:\\Users\\george\\Desktop\\", "CommandLine": "c:\\windows\\userinit.exe", "EventID": "1", "LogonGuid": "C784477D-9D51-6385-6CC0-030000000000", "LogonId": "245868", "Image": "C:\\Windows\\userinit.exe", "IntegrityLevel": "High", "ParentCommandLine": "\"C:\\Users\\george\\Desktop\\file.exe\"", "UtcTime": "1669981253", "RuleName": "-"}}, {"values": {"TerminalSessionId": "1", "ProcessGuid": "{C784477D-5296-6389-0806-000000004300}", "ProcessId": "4980", "Product": "Explorer ", "Description": "-", "Company": "-", "ParentProcessGuid": "{C784477D-9D52-6385-6B00-000000004300}", "User": "DESKTOP-B0T93D6\\george", "Hashes": "MD5=C3114EB60BF423BB2D416141DCC69765,SHA256=F40E38076D6C2CC1BFD2CCE6D29320044C7D0EAD31C99D3E2B68A42480D4ECB3,IMPHASH=88B2C48E8AF154DB4D7ED7092F7B1513", "OriginalFileName": "X.exe", "ParentImage": "C:\\Windows\\explorer.exe", "FileVersion": "1.00", "ParentProcessId": "4964", "CurrentDirectory": "C:\\windows\\", "CommandLine": "\"C:\\windows\\userinit.exe\" RO", "EventID": "1", "LogonGuid": "C784477D-9D51-6385-E0C0-030000000000", "LogonId": "245984", "Image": "C:\\Windows\\userinit.exe", "IntegrityLevel": "Medium", "ParentCommandLine": "C:\\Windows\\Explorer.EXE", "UtcTime": "1669943958", "RuleName": "-"}}, {"values": {"TerminalSessionId": "1", "ProcessGuid": "{C784477D-52AF-6389-0B06-000000004300}", "ProcessId": "6032", "Product": "Explorer ", "Description": "-", "Company": "-", "ParentProcessGuid": "{C784477D-9D52-6385-6B00-000000004300}", "User": "DESKTOP-B0T93D6\\george", "Hashes": "MD5=C3114EB60BF423BB2D416141DCC69765,SHA256=F40E38076D6C2CC1BFD2CCE6D29320044C7D0EAD31C99D3E2B68A42480D4ECB3,IMPHASH=88B2C48E8AF154DB4D7ED7092F7B1513", "OriginalFileName": "X.exe", "ParentImage": "C:\\Windows\\explorer.exe", "FileVersion": "1.00", "ParentProcessId": "4964", "CurrentDirectory": "C:\\windows\\", "CommandLine": "\"C:\\windows\\userinit.exe\" ", "EventID": "1", "LogonGuid": "C784477D-9D51-6385-E0C0-030000000000", "LogonId": "245984", "Image": "C:\\Windows\\userinit.exe", "IntegrityLevel": "Medium", "ParentCommandLine": "C:\\Windows\\Explorer.EXE", "UtcTime": "1669943983", "RuleName": "-"}}], "rule_level": "high", "rule_description": "Detects a Windows program executable started from a suspicious folder", "rule_source": "Sigma Integrated Rule Set (GitHub)", "rule_title": "System File Execution Location Anomaly", "rule_id": "25fc56c1bee673d7ff3edcf371e4d2a36c0af83222da348961b87735c8efa61f", "rule_author": "Florian Roth, Patrick Bareiss, Anton Kutepov, oscd.community, Nasreddine Bencherchali"}, {"match_context": [{"values": {"EventID": "13", "ProcessId": "3508", "EventType": "SetValue", "Image": "c:\\windows\\swchost.exe", "RuleName": "T1060,RunKey", "UtcTime": "1669943950", "Details": "c:\\windows\\userinit.exe RO", "ProcessGuid": "{C784477D-528D-6389-0506-000000004300}", "TargetObject": "HKLM\\SOFTWARE\\WOW6432Node\\Microsoft\\Windows\\CurrentVersion\\RunOnce\\userinit"}}, {"values": {"EventID": "13", "ProcessId": "3508", "EventType": "SetValue", "Image": "c:\\windows\\swchost.exe", "ProcessGuid": "{C784477D-528D-6389-0506-000000004300}", "UtcTime": "1669943950", "Details": "c:\\windows\\swchost.exe RO", "RuleName": "T1060,RunKey", "TargetObject": "HKLM\\SOFTWARE\\WOW6432Node\\Microsoft\\Windows\\CurrentVersion\\RunOnce\\Swchost"}}, {"values": {"EventID": "13", "ProcessId": "68", "EventType": "SetValue", "Image": "c:\\windows\\userinit.exe", "ProcessGuid": "{C784477D-E445-6389-0306-000000004300}", "UtcTime": "1669943950", "Details": "c:\\windows\\userinit.exe RO", "RuleName": "T1060,RunKey", "TargetObject": "HKLM\\SOFTWARE\\WOW6432Node\\Microsoft\\Windows\\CurrentVersion\\RunOnce\\userinit"}}, {"values": {"EventID": "13", "ProcessId": "68", "EventType": "SetValue", "Image": "c:\\windows\\userinit.exe", "RuleName": "T1060,RunKey", "UtcTime": "1669943950", "Details": "c:\\windows\\swchost.exe RO", "ProcessGuid": "{C784477D-E445-6389-0306-000000004300}", "TargetObject": "HKLM\\SOFTWARE\\WOW6432Node\\Microsoft\\Windows\\CurrentVersion\\RunOnce\\Swchost"}}, {"values": {"EventID": "13", "ProcessId": "3508", "EventType": "SetValue", "Image": "c:\\windows\\swchost.exe", "RuleName": "T1060,RunKey", "UtcTime": "1669943951", "Details": "c:\\windows\\userinit.exe RO", "ProcessGuid": "{C784477D-528D-6389-0506-000000004300}", "TargetObject": "HKLM\\SOFTWARE\\WOW6432Node\\Microsoft\\Windows\\CurrentVersion\\RunOnce\\userinit"}}, {"values": {"EventID": "13", "ProcessId": "3508", "EventType": "SetValue", "Image": "c:\\windows\\swchost.exe", "RuleName": "T1060,RunKey", "UtcTime": "1669943951", "Details": "c:\\windows\\swchost.exe RO", "ProcessGuid": "{C784477D-528D-6389-0506-000000004300}", "TargetObject": "HKLM\\SOFTWARE\\WOW6432Node\\Microsoft\\Windows\\CurrentVersion\\RunOnce\\Swchost"}}, {"values": {"EventID": "13", "ProcessId": "3508", "EventType": "SetValue", "Image": "c:\\windows\\swchost.exe", "ProcessGuid": "{C784477D-528D-6389-0506-000000004300}", "UtcTime": "1669943953", "Details": "c:\\windows\\userinit.exe RO", "RuleName": "T1060,RunKey", "TargetObject": "HKLM\\SOFTWARE\\WOW6432Node\\Microsoft\\Windows\\CurrentVersion\\RunOnce\\userinit"}}, {"values": {"EventID": "13", "ProcessId": "3508", "EventType": "SetValue", "Image": "c:\\windows\\swchost.exe", "ProcessGuid": "{C784477D-528D-6389-0506-000000004300}", "UtcTime": "1669943953", "Details": "c:\\windows\\swchost.exe RO", "RuleName": "T1060,RunKey", "TargetObject": "HKLM\\SOFTWARE\\WOW6432Node\\Microsoft\\Windows\\CurrentVersion\\RunOnce\\Swchost"}}, {"values": {"EventID": "13", "ProcessId": "3508", "EventType": "SetValue", "Image": "c:\\windows\\swchost.exe", "RuleName": "T1060,RunKey", "UtcTime": "1669943954", "Details": "c:\\windows\\userinit.exe RO", "ProcessGuid": "{C784477D-528D-6389-0506-000000004300}", "TargetObject": "HKLM\\SOFTWARE\\WOW6432Node\\Microsoft\\Windows\\CurrentVersion\\RunOnce\\userinit"}}, {"values": {"EventID": "13", "ProcessId": "3508", "EventType": "SetValue", "Image": "c:\\windows\\swchost.exe", "RuleName": "T1060,RunKey", "UtcTime": "1669943954", "Details": "c:\\windows\\swchost.exe RO", "ProcessGuid": "{C784477D-528D-6389-0506-000000004300}", "TargetObject": "HKLM\\SOFTWARE\\WOW6432Node\\Microsoft\\Windows\\CurrentVersion\\RunOnce\\Swchost"}}, {"values": {"EventID": "13", "ProcessId": "3508", "EventType": "SetValue", "Image": "c:\\windows\\swchost.exe", "ProcessGuid": "{C784477D-528D-6389-0506-000000004300}", "UtcTime": "1669943975", "Details": "c:\\windows\\userinit.exe RO", "RuleName": "T1060,RunKey", "TargetObject": "HKLM\\SOFTWARE\\WOW6432Node\\Microsoft\\Windows\\CurrentVersion\\RunOnce\\userinit"}}, {"values": {"EventID": "13", "ProcessId": "3508", "EventType": "SetValue", "Image": "c:\\windows\\swchost.exe", "ProcessGuid": "{C784477D-528D-6389-0506-000000004300}", "UtcTime": "1669943975", "Details": "c:\\windows\\swchost.exe RO", "RuleName": "T1060,RunKey", "TargetObject": "HKLM\\SOFTWARE\\WOW6432Node\\Microsoft\\Windows\\CurrentVersion\\RunOnce\\Swchost"}}, {"values": {"EventID": "13", "ProcessId": "3508", "EventType": "SetValue", "Image": "c:\\windows\\swchost.exe", "ProcessGuid": "{C784477D-528D-6389-0506-000000004300}", "UtcTime": "1669943976", "Details": "c:\\windows\\userinit.exe RO", "RuleName": "T1060,RunKey", "TargetObject": "HKLM\\SOFTWARE\\WOW6432Node\\Microsoft\\Windows\\CurrentVersion\\RunOnce\\userinit"}}, {"values": {"EventID": "13", "ProcessId": "3508", "EventType": "SetValue", "Image": "c:\\windows\\swchost.exe", "RuleName": "T1060,RunKey", "UtcTime": "1669943976", "Details": "c:\\windows\\swchost.exe RO", "ProcessGuid": "{C784477D-528D-6389-0506-000000004300}", "TargetObject": "HKLM\\SOFTWARE\\WOW6432Node\\Microsoft\\Windows\\CurrentVersion\\RunOnce\\Swchost"}}, {"values": {"EventID": "13", "ProcessId": "3508", "EventType": "SetValue", "Image": "c:\\windows\\swchost.exe", "ProcessGuid": "{C784477D-528D-6389-0506-000000004300}", "UtcTime": "1669943977", "Details": "c:\\windows\\userinit.exe RO", "RuleName": "T1060,RunKey", "TargetObject": "HKLM\\SOFTWARE\\WOW6432Node\\Microsoft\\Windows\\CurrentVersion\\RunOnce\\userinit"}}, {"values": {"EventID": "13", "ProcessId": "3508", "EventType": "SetValue", "Image": "c:\\windows\\swchost.exe", "ProcessGuid": "{C784477D-528D-6389-0506-000000004300}", "UtcTime": "1669943977", "Details": "c:\\windows\\swchost.exe RO", "RuleName": "T1060,RunKey", "TargetObject": "HKLM\\SOFTWARE\\WOW6432Node\\Microsoft\\Windows\\CurrentVersion\\RunOnce\\Swchost"}}, {"values": {"EventID": "13", "ProcessId": "3508", "EventType": "SetValue", "Image": "c:\\windows\\swchost.exe", "ProcessGuid": "{C784477D-528D-6389-0506-000000004300}", "UtcTime": "1669943978", "Details": "c:\\windows\\userinit.exe RO", "RuleName": "T1060,RunKey", "TargetObject": "HKLM\\SOFTWARE\\WOW6432Node\\Microsoft\\Windows\\CurrentVersion\\RunOnce\\userinit"}}, {"values": {"EventID": "13", "ProcessId": "3508", "EventType": "SetValue", "Image": "c:\\windows\\swchost.exe", "RuleName": "T1060,RunKey", "UtcTime": "1669943978", "Details": "c:\\windows\\swchost.exe RO", "ProcessGuid": "{C784477D-528D-6389-0506-000000004300}", "TargetObject": "HKLM\\SOFTWARE\\WOW6432Node\\Microsoft\\Windows\\CurrentVersion\\RunOnce\\Swchost"}}, {"values": {"EventID": "13", "ProcessId": "3508", "EventType": "SetValue", "Image": "c:\\windows\\swchost.exe", "RuleName": "T1060,RunKey", "UtcTime": "1669943979", "Details": "c:\\windows\\userinit.exe RO", "ProcessGuid": "{C784477D-528D-6389-0506-000000004300}", "TargetObject": "HKLM\\SOFTWARE\\WOW6432Node\\Microsoft\\Windows\\CurrentVersion\\RunOnce\\userinit"}}, {"values": {"EventID": "13", "ProcessId": "3508", "EventType": "SetValue", "Image": "c:\\windows\\swchost.exe", "ProcessGuid": "{C784477D-528D-6389-0506-000000004300}", "UtcTime": "1669943979", "Details": "c:\\windows\\swchost.exe RO", "RuleName": "T1060,RunKey", "TargetObject": "HKLM\\SOFTWARE\\WOW6432Node\\Microsoft\\Windows\\CurrentVersion\\RunOnce\\Swchost"}}, {"values": {"EventID": "13", "ProcessId": "3508", "EventType": "SetValue", "Image": "c:\\windows\\swchost.exe", "ProcessGuid": "{C784477D-528D-6389-0506-000000004300}", "UtcTime": "1669943980", "Details": "c:\\windows\\userinit.exe RO", "RuleName": "T1060,RunKey", "TargetObject": "HKLM\\SOFTWARE\\WOW6432Node\\Microsoft\\Windows\\CurrentVersion\\RunOnce\\userinit"}}, {"values": {"EventID": "13", "ProcessId": "3508", "EventType": "SetValue", "Image": "c:\\windows\\swchost.exe", "ProcessGuid": "{C784477D-528D-6389-0506-000000004300}", "UtcTime": "1669943980", "Details": "c:\\windows\\swchost.exe RO", "RuleName": "T1060,RunKey", "TargetObject": "HKLM\\SOFTWARE\\WOW6432Node\\Microsoft\\Windows\\CurrentVersion\\RunOnce\\Swchost"}}, {"values": {"EventID": "13", "ProcessId": "3508", "EventType": "SetValue", "Image": "c:\\windows\\swchost.exe", "ProcessGuid": "{C784477D-528D-6389-0506-000000004300}", "UtcTime": "1669943983", "Details": "c:\\windows\\userinit.exe RO", "RuleName": "T1060,RunKey", "TargetObject": "HKLM\\SOFTWARE\\WOW6432Node\\Microsoft\\Windows\\CurrentVersion\\RunOnce\\userinit"}}, {"values": {"EventID": "13", "ProcessId": "3508", "EventType": "SetValue", "Image": "c:\\windows\\swchost.exe", "RuleName": "T1060,RunKey", "UtcTime": "1669943983", "Details": "c:\\windows\\swchost.exe RO", "ProcessGuid": "{C784477D-528D-6389-0506-000000004300}", "TargetObject": "HKLM\\SOFTWARE\\WOW6432Node\\Microsoft\\Windows\\CurrentVersion\\RunOnce\\Swchost"}}, {"values": {"EventID": "13", "ProcessId": "3508", "EventType": "SetValue", "Image": "c:\\windows\\swchost.exe", "RuleName": "T1060,RunKey", "UtcTime": "1669943984", "Details": "c:\\windows\\userinit.exe RO", "ProcessGuid": "{C784477D-528D-6389-0506-000000004300}", "TargetObject": "HKLM\\SOFTWARE\\WOW6432Node\\Microsoft\\Windows\\CurrentVersion\\RunOnce\\userinit"}}, {"values": {"EventID": "13", "ProcessId": "3508", "EventType": "SetValue", "Image": "c:\\windows\\swchost.exe", "RuleName": "T1060,RunKey", "UtcTime": "1669943984", "Details": "c:\\windows\\swchost.exe RO", "ProcessGuid": "{C784477D-528D-6389-0506-000000004300}", "TargetObject": "HKLM\\SOFTWARE\\WOW6432Node\\Microsoft\\Windows\\CurrentVersion\\RunOnce\\Swchost"}}, {"values": {"EventID": "13", "ProcessId": "3508", "EventType": "SetValue", "Image": "c:\\windows\\swchost.exe", "ProcessGuid": "{C784477D-528D-6389-0506-000000004300}", "UtcTime": "1669943985", "Details": "c:\\windows\\userinit.exe RO", "RuleName": "T1060,RunKey", "TargetObject": "HKLM\\SOFTWARE\\WOW6432Node\\Microsoft\\Windows\\CurrentVersion\\RunOnce\\userinit"}}, {"values": {"EventID": "13", "ProcessId": "3508", "EventType": "SetValue", "Image": "c:\\windows\\swchost.exe", "RuleName": "T1060,RunKey", "UtcTime": "1669943985", "Details": "c:\\windows\\swchost.exe RO", "ProcessGuid": "{C784477D-528D-6389-0506-000000004300}", "TargetObject": "HKLM\\SOFTWARE\\WOW6432Node\\Microsoft\\Windows\\CurrentVersion\\RunOnce\\Swchost"}}, {"values": {"EventID": "13", "ProcessId": "3508", "EventType": "SetValue", "Image": "c:\\windows\\swchost.exe", "ProcessGuid": "{C784477D-528D-6389-0506-000000004300}", "UtcTime": "1669943986", "Details": "c:\\windows\\userinit.exe RO", "RuleName": "T1060,RunKey", "TargetObject": "HKLM\\SOFTWARE\\WOW6432Node\\Microsoft\\Windows\\CurrentVersion\\RunOnce\\userinit"}}, {"values": {"EventID": "13", "ProcessId": "3508", "EventType": "SetValue", "Image": "c:\\windows\\swchost.exe", "RuleName": "T1060,RunKey", "UtcTime": "1669943986", "Details": "c:\\windows\\swchost.exe RO", "ProcessGuid": "{C784477D-528D-6389-0506-000000004300}", "TargetObject": "HKLM\\SOFTWARE\\WOW6432Node\\Microsoft\\Windows\\CurrentVersion\\RunOnce\\Swchost"}}, {"values": {"EventID": "13", "ProcessId": "3508", "EventType": "SetValue", "Image": "c:\\windows\\swchost.exe", "RuleName": "T1060,RunKey", "UtcTime": "1669943987", "Details": "c:\\windows\\userinit.exe RO", "ProcessGuid": "{C784477D-528D-6389-0506-000000004300}", "TargetObject": "HKLM\\SOFTWARE\\WOW6432Node\\Microsoft\\Windows\\CurrentVersion\\RunOnce\\userinit"}}, {"values": {"EventID": "13", "ProcessId": "3508", "EventType": "SetValue", "Image": "c:\\windows\\swchost.exe", "RuleName": "T1060,RunKey", "UtcTime": "1669943987", "Details": "c:\\windows\\swchost.exe RO", "ProcessGuid": "{C784477D-528D-6389-0506-000000004300}", "TargetObject": "HKLM\\SOFTWARE\\WOW6432Node\\Microsoft\\Windows\\CurrentVersion\\RunOnce\\Swchost"}}, {"values": {"EventID": "13", "ProcessId": "3508", "EventType": "SetValue", "Image": "c:\\windows\\swchost.exe", "ProcessGuid": "{C784477D-528D-6389-0506-000000004300}", "UtcTime": "1669943988", "Details": "c:\\windows\\userinit.exe RO", "RuleName": "T1060,RunKey", "TargetObject": "HKLM\\SOFTWARE\\WOW6432Node\\Microsoft\\Windows\\CurrentVersion\\RunOnce\\userinit"}}, {"values": {"EventID": "13", "ProcessId": "3508", "EventType": "SetValue", "Image": "c:\\windows\\swchost.exe", "ProcessGuid": "{C784477D-528D-6389-0506-000000004300}", "UtcTime": "1669943988", "Details": "c:\\windows\\swchost.exe RO", "RuleName": "T1060,RunKey", "TargetObject": "HKLM\\SOFTWARE\\WOW6432Node\\Microsoft\\Windows\\CurrentVersion\\RunOnce\\Swchost"}}, {"values": {"EventID": "13", "ProcessId": "3508", "EventType": "SetValue", "Image": "c:\\windows\\swchost.exe", "ProcessGuid": "{C784477D-528D-6389-0506-000000004300}", "UtcTime": "1669943991", "Details": "c:\\windows\\userinit.exe RO", "RuleName": "T1060,RunKey", "TargetObject": "HKLM\\SOFTWARE\\WOW6432Node\\Microsoft\\Windows\\CurrentVersion\\RunOnce\\userinit"}}, {"values": {"EventID": "13", "ProcessId": "3508", "EventType": "SetValue", "Image": "c:\\windows\\swchost.exe", "ProcessGuid": "{C784477D-528D-6389-0506-000000004300}", "UtcTime": "1669943991", "Details": "c:\\windows\\swchost.exe RO", "RuleName": "T1060,RunKey", "TargetObject": "HKLM\\SOFTWARE\\WOW6432Node\\Microsoft\\Windows\\CurrentVersion\\RunOnce\\Swchost"}}, {"values": {"EventID": "13", "ProcessId": "3508", "EventType": "SetValue", "Image": "c:\\windows\\swchost.exe", "RuleName": "T1060,RunKey", "UtcTime": "1669943992", "Details": "c:\\windows\\userinit.exe RO", "ProcessGuid": "{C784477D-528D-6389-0506-000000004300}", "TargetObject": "HKLM\\SOFTWARE\\WOW6432Node\\Microsoft\\Windows\\CurrentVersion\\RunOnce\\userinit"}}, {"values": {"EventID": "13", "ProcessId": "3508", "EventType": "SetValue", "Image": "c:\\windows\\swchost.exe", "ProcessGuid": "{C784477D-528D-6389-0506-000000004300}", "UtcTime": "1669943992", "Details": "c:\\windows\\swchost.exe RO", "RuleName": "T1060,RunKey", "TargetObject": "HKLM\\SOFTWARE\\WOW6432Node\\Microsoft\\Windows\\CurrentVersion\\RunOnce\\Swchost"}}, {"values": {"EventID": "13", "ProcessId": "3508", "EventType": "SetValue", "Image": "c:\\windows\\swchost.exe", "RuleName": "T1060,RunKey", "UtcTime": "1669943993", "Details": "c:\\windows\\userinit.exe RO", "ProcessGuid": "{C784477D-528D-6389-0506-000000004300}", "TargetObject": "HKLM\\SOFTWARE\\WOW6432Node\\Microsoft\\Windows\\CurrentVersion\\RunOnce\\userinit"}}, {"values": {"EventID": "13", "ProcessId": "3508", "EventType": "SetValue", "Image": "c:\\windows\\swchost.exe", "ProcessGuid": "{C784477D-528D-6389-0506-000000004300}", "UtcTime": "1669943993", "Details": "c:\\windows\\swchost.exe RO", "RuleName": "T1060,RunKey", "TargetObject": "HKLM\\SOFTWARE\\WOW6432Node\\Microsoft\\Windows\\CurrentVersion\\RunOnce\\Swchost"}}, {"values": {"EventID": "13", "ProcessId": "3508", "EventType": "SetValue", "Image": "c:\\windows\\swchost.exe", "ProcessGuid": "{C784477D-528D-6389-0506-000000004300}", "UtcTime": "1669943994", "Details": "c:\\windows\\userinit.exe RO", "RuleName": "T1060,RunKey", "TargetObject": "HKLM\\SOFTWARE\\WOW6432Node\\Microsoft\\Windows\\CurrentVersion\\RunOnce\\userinit"}}, {"values": {"EventID": "13", "ProcessId": "3508", "EventType": "SetValue", "Image": "c:\\windows\\swchost.exe", "RuleName": "T1060,RunKey", "UtcTime": "1669943994", "Details": "c:\\windows\\swchost.exe RO", "ProcessGuid": "{C784477D-528D-6389-0506-000000004300}", "TargetObject": "HKLM\\SOFTWARE\\WOW6432Node\\Microsoft\\Windows\\CurrentVersion\\RunOnce\\Swchost"}}, {"values": {"EventID": "13", "ProcessId": "3508", "EventType": "SetValue", "Image": "c:\\windows\\swchost.exe", "RuleName": "T1060,RunKey", "UtcTime": "1669943995", "Details": "c:\\windows\\userinit.exe RO", "ProcessGuid": "{C784477D-528D-6389-0506-000000004300}", "TargetObject": "HKLM\\SOFTWARE\\WOW6432Node\\Microsoft\\Windows\\CurrentVersion\\RunOnce\\userinit"}}, {"values": {"EventID": "13", "ProcessId": "3508", "EventType": "SetValue", "Image": "c:\\windows\\swchost.exe", "RuleName": "T1060,RunKey", "UtcTime": "1669943995", "Details": "c:\\windows\\swchost.exe RO", "ProcessGuid": "{C784477D-528D-6389-0506-000000004300}", "TargetObject": "HKLM\\SOFTWARE\\WOW6432Node\\Microsoft\\Windows\\CurrentVersion\\RunOnce\\Swchost"}}, {"values": {"EventID": "13", "ProcessId": "3508", "EventType": "SetValue", "Image": "c:\\windows\\swchost.exe", "RuleName": "T1060,RunKey", "UtcTime": "1669943996", "Details": "c:\\windows\\userinit.exe RO", "ProcessGuid": "{C784477D-528D-6389-0506-000000004300}", "TargetObject": "HKLM\\SOFTWARE\\WOW6432Node\\Microsoft\\Windows\\CurrentVersion\\RunOnce\\userinit"}}, {"values": {"EventID": "13", "ProcessId": "3508", "EventType": "SetValue", "Image": "c:\\windows\\swchost.exe", "RuleName": "T1060,RunKey", "UtcTime": "1669943996", "Details": "c:\\windows\\swchost.exe RO", "ProcessGuid": "{C784477D-528D-6389-0506-000000004300}", "TargetObject": "HKLM\\SOFTWARE\\WOW6432Node\\Microsoft\\Windows\\CurrentVersion\\RunOnce\\Swchost"}}, {"values": {"EventID": "13", "ProcessId": "3508", "EventType": "SetValue", "Image": "c:\\windows\\swchost.exe", "ProcessGuid": "{C784477D-528D-6389-0506-000000004300}", "UtcTime": "1669943997", "Details": "c:\\windows\\userinit.exe RO", "RuleName": "T1060,RunKey", "TargetObject": "HKLM\\SOFTWARE\\WOW6432Node\\Microsoft\\Windows\\CurrentVersion\\RunOnce\\userinit"}}, {"values": {"EventID": "13", "ProcessId": "3508", "EventType": "SetValue", "Image": "c:\\windows\\swchost.exe", "RuleName": "T1060,RunKey", "UtcTime": "1669943997", "Details": "c:\\windows\\swchost.exe RO", "ProcessGuid": "{C784477D-528D-6389-0506-000000004300}", "TargetObject": "HKLM\\SOFTWARE\\WOW6432Node\\Microsoft\\Windows\\CurrentVersion\\RunOnce\\Swchost"}}, {"values": {"EventID": "13", "ProcessId": "3508", "EventType": "SetValue", "Image": "c:\\windows\\swchost.exe", "ProcessGuid": "{C784477D-528D-6389-0506-000000004300}", "UtcTime": "1669943998", "Details": "c:\\windows\\userinit.exe RO", "RuleName": "T1060,RunKey", "TargetObject": "HKLM\\SOFTWARE\\WOW6432Node\\Microsoft\\Windows\\CurrentVersion\\RunOnce\\userinit"}}, {"values": {"EventID": "13", "ProcessId": "3508", "EventType": "SetValue", "Image": "c:\\windows\\swchost.exe", "ProcessGuid": "{C784477D-528D-6389-0506-000000004300}", "UtcTime": "1669943998", "Details": "c:\\windows\\swchost.exe RO", "RuleName": "T1060,RunKey", "TargetObject": "HKLM\\SOFTWARE\\WOW6432Node\\Microsoft\\Windows\\CurrentVersion\\RunOnce\\Swchost"}}, {"values": {"EventID": "13", "ProcessId": "3508", "EventType": "SetValue", "Image": "c:\\windows\\swchost.exe", "ProcessGuid": "{C784477D-528D-6389-0506-000000004300}", "UtcTime": "1669943999", "Details": "c:\\windows\\userinit.exe RO", "RuleName": "T1060,RunKey", "TargetObject": "HKLM\\SOFTWARE\\WOW6432Node\\Microsoft\\Windows\\CurrentVersion\\RunOnce\\userinit"}}, {"values": {"EventID": "13", "ProcessId": "3508", "EventType": "SetValue", "Image": "c:\\windows\\swchost.exe", "RuleName": "T1060,RunKey", "UtcTime": "1669943999", "Details": "c:\\windows\\swchost.exe RO", "ProcessGuid": "{C784477D-528D-6389-0506-000000004300}", "TargetObject": "HKLM\\SOFTWARE\\WOW6432Node\\Microsoft\\Windows\\CurrentVersion\\RunOnce\\Swchost"}}, {"values": {"EventID": "13", "ProcessId": "3508", "EventType": "SetValue", "Image": "c:\\windows\\swchost.exe", "ProcessGuid": "{C784477D-528D-6389-0506-000000004300}", "UtcTime": "1669944002", "Details": "c:\\windows\\userinit.exe RO", "RuleName": "T1060,RunKey", "TargetObject": "HKLM\\SOFTWARE\\WOW6432Node\\Microsoft\\Windows\\CurrentVersion\\RunOnce\\userinit"}}, {"values": {"EventID": "13", "ProcessId": "3508", "EventType": "SetValue", "Image": "c:\\windows\\swchost.exe", "ProcessGuid": "{C784477D-528D-6389-0506-000000004300}", "UtcTime": "1669944002", "Details": "c:\\windows\\swchost.exe RO", "RuleName": "T1060,RunKey", "TargetObject": "HKLM\\SOFTWARE\\WOW6432Node\\Microsoft\\Windows\\CurrentVersion\\RunOnce\\Swchost"}}, {"values": {"EventID": "13", "ProcessId": "3508", "EventType": "SetValue", "Image": "c:\\windows\\swchost.exe", "ProcessGuid": "{C784477D-528D-6389-0506-000000004300}", "UtcTime": "1669944003", "Details": "c:\\windows\\userinit.exe RO", "RuleName": "T1060,RunKey", "TargetObject": "HKLM\\SOFTWARE\\WOW6432Node\\Microsoft\\Windows\\CurrentVersion\\RunOnce\\userinit"}}, {"values": {"EventID": "13", "ProcessId": "3508", "EventType": "SetValue", "Image": "c:\\windows\\swchost.exe", "RuleName": "T1060,RunKey", "UtcTime": "1669944003", "Details": "c:\\windows\\swchost.exe RO", "ProcessGuid": "{C784477D-528D-6389-0506-000000004300}", "TargetObject": "HKLM\\SOFTWARE\\WOW6432Node\\Microsoft\\Windows\\CurrentVersion\\RunOnce\\Swchost"}}, {"values": {"EventID": "13", "ProcessId": "3508", "EventType": "SetValue", "Image": "c:\\windows\\swchost.exe", "ProcessGuid": "{C784477D-528D-6389-0506-000000004300}", "UtcTime": "1669944024", "Details": "c:\\windows\\userinit.exe RO", "RuleName": "T1060,RunKey", "TargetObject": "HKLM\\SOFTWARE\\WOW6432Node\\Microsoft\\Windows\\CurrentVersion\\RunOnce\\userinit"}}, {"values": {"EventID": "13", "ProcessId": "3508", "EventType": "SetValue", "Image": "c:\\windows\\swchost.exe", "ProcessGuid": "{C784477D-528D-6389-0506-000000004300}", "UtcTime": "1669944024", "Details": "c:\\windows\\swchost.exe RO", "RuleName": "T1060,RunKey", "TargetObject": "HKLM\\SOFTWARE\\WOW6432Node\\Microsoft\\Windows\\CurrentVersion\\RunOnce\\Swchost"}}, {"values": {"EventID": "13", "ProcessId": "3508", "EventType": "SetValue", "Image": "c:\\windows\\swchost.exe", "RuleName": "T1060,RunKey", "UtcTime": "1669944025", "Details": "c:\\windows\\userinit.exe RO", "ProcessGuid": "{C784477D-528D-6389-0506-000000004300}", "TargetObject": "HKLM\\SOFTWARE\\WOW6432Node\\Microsoft\\Windows\\CurrentVersion\\RunOnce\\userinit"}}, {"values": {"EventID": "13", "ProcessId": "3508", "EventType": "SetValue", "Image": "c:\\windows\\swchost.exe", "ProcessGuid": "{C784477D-528D-6389-0506-000000004300}", "UtcTime": "1669944025", "Details": "c:\\windows\\swchost.exe RO", "RuleName": "T1060,RunKey", "TargetObject": "HKLM\\SOFTWARE\\WOW6432Node\\Microsoft\\Windows\\CurrentVersion\\RunOnce\\Swchost"}}, {"values": {"EventID": "13", "ProcessId": "3508", "EventType": "SetValue", "Image": "c:\\windows\\swchost.exe", "ProcessGuid": "{C784477D-528D-6389-0506-000000004300}", "UtcTime": "1669944026", "Details": "c:\\windows\\userinit.exe RO", "RuleName": "T1060,RunKey", "TargetObject": "HKLM\\SOFTWARE\\WOW6432Node\\Microsoft\\Windows\\CurrentVersion\\RunOnce\\userinit"}}, {"values": {"EventID": "13", "ProcessId": "3508", "EventType": "SetValue", "Image": "c:\\windows\\swchost.exe", "RuleName": "T1060,RunKey", "UtcTime": "1669944026", "Details": "c:\\windows\\swchost.exe RO", "ProcessGuid": "{C784477D-528D-6389-0506-000000004300}", "TargetObject": "HKLM\\SOFTWARE\\WOW6432Node\\Microsoft\\Windows\\CurrentVersion\\RunOnce\\Swchost"}}, {"values": {"EventID": "13", "ProcessId": "3508", "EventType": "SetValue", "Image": "c:\\windows\\swchost.exe", "ProcessGuid": "{C784477D-528D-6389-0506-000000004300}", "UtcTime": "1669944027", "Details": "c:\\windows\\userinit.exe RO", "RuleName": "T1060,RunKey", "TargetObject": "HKLM\\SOFTWARE\\WOW6432Node\\Microsoft\\Windows\\CurrentVersion\\RunOnce\\userinit"}}, {"values": {"EventID": "13", "ProcessId": "3508", "EventType": "SetValue", "Image": "c:\\windows\\swchost.exe", "RuleName": "T1060,RunKey", "UtcTime": "1669944027", "Details": "c:\\windows\\swchost.exe RO", "ProcessGuid": "{C784477D-528D-6389-0506-000000004300}", "TargetObject": "HKLM\\SOFTWARE\\WOW6432Node\\Microsoft\\Windows\\CurrentVersion\\RunOnce\\Swchost"}}, {"values": {"EventID": "13", "ProcessId": "3508", "EventType": "SetValue", "Image": "c:\\windows\\swchost.exe", "ProcessGuid": "{C784477D-528D-6389-0506-000000004300}", "UtcTime": "1669944028", "Details": "c:\\windows\\userinit.exe RO", "RuleName": "T1060,RunKey", "TargetObject": "HKLM\\SOFTWARE\\WOW6432Node\\Microsoft\\Windows\\CurrentVersion\\RunOnce\\userinit"}}, {"values": {"EventID": "13", "ProcessId": "3508", "EventType": "SetValue", "Image": "c:\\windows\\swchost.exe", "RuleName": "T1060,RunKey", "UtcTime": "1669944028", "Details": "c:\\windows\\swchost.exe RO", "ProcessGuid": "{C784477D-528D-6389-0506-000000004300}", "TargetObject": "HKLM\\SOFTWARE\\WOW6432Node\\Microsoft\\Windows\\CurrentVersion\\RunOnce\\Swchost"}}, {"values": {"EventID": "13", "ProcessId": "3508", "EventType": "SetValue", "Image": "c:\\windows\\swchost.exe", "ProcessGuid": "{C784477D-528D-6389-0506-000000004300}", "UtcTime": "1669944029", "Details": "c:\\windows\\userinit.exe RO", "RuleName": "T1060,RunKey", "TargetObject": "HKLM\\SOFTWARE\\WOW6432Node\\Microsoft\\Windows\\CurrentVersion\\RunOnce\\userinit"}}, {"values": {"EventID": "13", "ProcessId": "3508", "EventType": "SetValue", "Image": "c:\\windows\\swchost.exe", "ProcessGuid": "{C784477D-528D-6389-0506-000000004300}", "UtcTime": "1669944029", "Details": "c:\\windows\\swchost.exe RO", "RuleName": "T1060,RunKey", "TargetObject": "HKLM\\SOFTWARE\\WOW6432Node\\Microsoft\\Windows\\CurrentVersion\\RunOnce\\Swchost"}}, {"values": {"EventID": "13", "ProcessId": "3508", "EventType": "SetValue", "Image": "c:\\windows\\swchost.exe", "ProcessGuid": "{C784477D-528D-6389-0506-000000004300}", "UtcTime": "1669944030", "Details": "c:\\windows\\userinit.exe RO", "RuleName": "T1060,RunKey", "TargetObject": "HKLM\\SOFTWARE\\WOW6432Node\\Microsoft\\Windows\\CurrentVersion\\RunOnce\\userinit"}}, {"values": {"EventID": "13", "ProcessId": "3508", "EventType": "SetValue", "Image": "c:\\windows\\swchost.exe", "ProcessGuid": "{C784477D-528D-6389-0506-000000004300}", "UtcTime": "1669944030", "Details": "c:\\windows\\swchost.exe RO", "RuleName": "T1060,RunKey", "TargetObject": "HKLM\\SOFTWARE\\WOW6432Node\\Microsoft\\Windows\\CurrentVersion\\RunOnce\\Swchost"}}, {"values": {"EventID": "13", "ProcessId": "3508", "EventType": "SetValue", "Image": "c:\\windows\\swchost.exe", "ProcessGuid": "{C784477D-528D-6389-0506-000000004300}", "UtcTime": "1669944031", "Details": "c:\\windows\\userinit.exe RO", "RuleName": "T1060,RunKey", "TargetObject": "HKLM\\SOFTWARE\\WOW6432Node\\Microsoft\\Windows\\CurrentVersion\\RunOnce\\userinit"}}, {"values": {"EventID": "13", "ProcessId": "3508", "EventType": "SetValue", "Image": "c:\\windows\\swchost.exe", "ProcessGuid": "{C784477D-528D-6389-0506-000000004300}", "UtcTime": "1669944031", "Details": "c:\\windows\\swchost.exe RO", "RuleName": "T1060,RunKey", "TargetObject": "HKLM\\SOFTWARE\\WOW6432Node\\Microsoft\\Windows\\CurrentVersion\\RunOnce\\Swchost"}}, {"values": {"EventID": "13", "ProcessId": "3508", "EventType": "SetValue", "Image": "c:\\windows\\swchost.exe", "ProcessGuid": "{C784477D-528D-6389-0506-000000004300}", "UtcTime": "1669944032", "Details": "c:\\windows\\userinit.exe RO", "RuleName": "T1060,RunKey", "TargetObject": "HKLM\\SOFTWARE\\WOW6432Node\\Microsoft\\Windows\\CurrentVersion\\RunOnce\\userinit"}}, {"values": {"EventID": "13", "ProcessId": "3508", "EventType": "SetValue", "Image": "c:\\windows\\swchost.exe", "RuleName": "T1060,RunKey", "UtcTime": "1669944032", "Details": "c:\\windows\\swchost.exe RO", "ProcessGuid": "{C784477D-528D-6389-0506-000000004300}", "TargetObject": "HKLM\\SOFTWARE\\WOW6432Node\\Microsoft\\Windows\\CurrentVersion\\RunOnce\\Swchost"}}, {"values": {"EventID": "13", "ProcessId": "3508", "EventType": "SetValue", "Image": "c:\\windows\\swchost.exe", "RuleName": "T1060,RunKey", "UtcTime": "1669944033", "Details": "c:\\windows\\userinit.exe RO", "ProcessGuid": "{C784477D-528D-6389-0506-000000004300}", "TargetObject": "HKLM\\SOFTWARE\\WOW6432Node\\Microsoft\\Windows\\CurrentVersion\\RunOnce\\userinit"}}, {"values": {"EventID": "13", "ProcessId": "3508", "EventType": "SetValue", "Image": "c:\\windows\\swchost.exe", "RuleName": "T1060,RunKey", "UtcTime": "1669944033", "Details": "c:\\windows\\swchost.exe RO", "ProcessGuid": "{C784477D-528D-6389-0506-000000004300}", "TargetObject": "HKLM\\SOFTWARE\\WOW6432Node\\Microsoft\\Windows\\CurrentVersion\\RunOnce\\Swchost"}}, {"values": {"EventID": "13", "ProcessId": "3508", "EventType": "SetValue", "Image": "c:\\windows\\swchost.exe", "RuleName": "T1060,RunKey", "UtcTime": "1669944034", "Details": "c:\\windows\\userinit.exe RO", "ProcessGuid": "{C784477D-528D-6389-0506-000000004300}", "TargetObject": "HKLM\\SOFTWARE\\WOW6432Node\\Microsoft\\Windows\\CurrentVersion\\RunOnce\\userinit"}}, {"values": {"EventID": "13", "ProcessId": "3508", "EventType": "SetValue", "Image": "c:\\windows\\swchost.exe", "ProcessGuid": "{C784477D-528D-6389-0506-000000004300}", "UtcTime": "1669944034", "Details": "c:\\windows\\swchost.exe RO", "RuleName": "T1060,RunKey", "TargetObject": "HKLM\\SOFTWARE\\WOW6432Node\\Microsoft\\Windows\\CurrentVersion\\RunOnce\\Swchost"}}, {"values": {"EventID": "13", "ProcessId": "3508", "EventType": "SetValue", "Image": "c:\\windows\\swchost.exe", "ProcessGuid": "{C784477D-528D-6389-0506-000000004300}", "UtcTime": "1669944035", "Details": "c:\\windows\\userinit.exe RO", "RuleName": "T1060,RunKey", "TargetObject": "HKLM\\SOFTWARE\\WOW6432Node\\Microsoft\\Windows\\CurrentVersion\\RunOnce\\userinit"}}, {"values": {"EventID": "13", "ProcessId": "3508", "EventType": "SetValue", "Image": "c:\\windows\\swchost.exe", "RuleName": "T1060,RunKey", "UtcTime": "1669944035", "Details": "c:\\windows\\swchost.exe RO", "ProcessGuid": "{C784477D-528D-6389-0506-000000004300}", "TargetObject": "HKLM\\SOFTWARE\\WOW6432Node\\Microsoft\\Windows\\CurrentVersion\\RunOnce\\Swchost"}}, {"values": {"EventID": "13", "ProcessId": "3508", "EventType": "SetValue", "Image": "c:\\windows\\swchost.exe", "ProcessGuid": "{C784477D-528D-6389-0506-000000004300}", "UtcTime": "1669944036", "Details": "c:\\windows\\userinit.exe RO", "RuleName": "T1060,RunKey", "TargetObject": "HKLM\\SOFTWARE\\WOW6432Node\\Microsoft\\Windows\\CurrentVersion\\RunOnce\\userinit"}}, {"values": {"EventID": "13", "ProcessId": "3508", "EventType": "SetValue", "Image": "c:\\windows\\swchost.exe", "ProcessGuid": "{C784477D-528D-6389-0506-000000004300}", "UtcTime": "1669944036", "Details": "c:\\windows\\swchost.exe RO", "RuleName": "T1060,RunKey", "TargetObject": "HKLM\\SOFTWARE\\WOW6432Node\\Microsoft\\Windows\\CurrentVersion\\RunOnce\\Swchost"}}, {"values": {"EventID": "13", "ProcessId": "3508", "EventType": "SetValue", "Image": "c:\\windows\\swchost.exe", "RuleName": "T1060,RunKey", "UtcTime": "1669944037", "Details": "c:\\windows\\userinit.exe RO", "ProcessGuid": "{C784477D-528D-6389-0506-000000004300}", "TargetObject": "HKLM\\SOFTWARE\\WOW6432Node\\Microsoft\\Windows\\CurrentVersion\\RunOnce\\userinit"}}, {"values": {"EventID": "13", "ProcessId": "3508", "EventType": "SetValue", "Image": "c:\\windows\\swchost.exe", "ProcessGuid": "{C784477D-528D-6389-0506-000000004300}", "UtcTime": "1669944037", "Details": "c:\\windows\\swchost.exe RO", "RuleName": "T1060,RunKey", "TargetObject": "HKLM\\SOFTWARE\\WOW6432Node\\Microsoft\\Windows\\CurrentVersion\\RunOnce\\Swchost"}}, {"values": {"EventID": "13", "ProcessId": "3508", "EventType": "SetValue", "Image": "c:\\windows\\swchost.exe", "RuleName": "T1060,RunKey", "UtcTime": "1669944038", "Details": "c:\\windows\\userinit.exe RO", "ProcessGuid": "{C784477D-528D-6389-0506-000000004300}", "TargetObject": "HKLM\\SOFTWARE\\WOW6432Node\\Microsoft\\Windows\\CurrentVersion\\RunOnce\\userinit"}}, {"values": {"EventID": "13", "ProcessId": "3508", "EventType": "SetValue", "Image": "c:\\windows\\swchost.exe", "RuleName": "T1060,RunKey", "UtcTime": "1669944038", "Details": "c:\\windows\\swchost.exe RO", "ProcessGuid": "{C784477D-528D-6389-0506-000000004300}", "TargetObject": "HKLM\\SOFTWARE\\WOW6432Node\\Microsoft\\Windows\\CurrentVersion\\RunOnce\\Swchost"}}, {"values": {"EventID": "13", "ProcessId": "3508", "EventType": "SetValue", "Image": "c:\\windows\\swchost.exe", "RuleName": "T1060,RunKey", "UtcTime": "1669944039", "Details": "c:\\windows\\userinit.exe RO", "ProcessGuid": "{C784477D-528D-6389-0506-000000004300}", "TargetObject": "HKLM\\SOFTWARE\\WOW6432Node\\Microsoft\\Windows\\CurrentVersion\\RunOnce\\userinit"}}, {"values": {"EventID": "13", "ProcessId": "3508", "EventType": "SetValue", "Image": "c:\\windows\\swchost.exe", "ProcessGuid": "{C784477D-528D-6389-0506-000000004300}", "UtcTime": "1669944039", "Details": "c:\\windows\\swchost.exe RO", "RuleName": "T1060,RunKey", "TargetObject": "HKLM\\SOFTWARE\\WOW6432Node\\Microsoft\\Windows\\CurrentVersion\\RunOnce\\Swchost"}}, {"values": {"EventID": "13", "ProcessId": "3508", "EventType": "SetValue", "Image": "c:\\windows\\swchost.exe", "ProcessGuid": "{C784477D-528D-6389-0506-000000004300}", "UtcTime": "1669944040", "Details": "c:\\windows\\userinit.exe RO", "RuleName": "T1060,RunKey", "TargetObject": "HKLM\\SOFTWARE\\WOW6432Node\\Microsoft\\Windows\\CurrentVersion\\RunOnce\\userinit"}}, {"values": {"EventID": "13", "ProcessId": "3508", "EventType": "SetValue", "Image": "c:\\windows\\swchost.exe", "RuleName": "T1060,RunKey", "UtcTime": "1669944040", "Details": "c:\\windows\\swchost.exe RO", "ProcessGuid": "{C784477D-528D-6389-0506-000000004300}", "TargetObject": "HKLM\\SOFTWARE\\WOW6432Node\\Microsoft\\Windows\\CurrentVersion\\RunOnce\\Swchost"}}, {"values": {"EventID": "13", "ProcessId": "3508", "EventType": "SetValue", "Image": "c:\\windows\\swchost.exe", "RuleName": "T1060,RunKey", "UtcTime": "1669944041", "Details": "c:\\windows\\userinit.exe RO", "ProcessGuid": "{C784477D-528D-6389-0506-000000004300}", "TargetObject": "HKLM\\SOFTWARE\\WOW6432Node\\Microsoft\\Windows\\CurrentVersion\\RunOnce\\userinit"}}, {"values": {"EventID": "13", "ProcessId": "3508", "EventType": "SetValue", "Image": "c:\\windows\\swchost.exe", "RuleName": "T1060,RunKey", "UtcTime": "1669944041", "Details": "c:\\windows\\swchost.exe RO", "ProcessGuid": "{C784477D-528D-6389-0506-000000004300}", "TargetObject": "HKLM\\SOFTWARE\\WOW6432Node\\Microsoft\\Windows\\CurrentVersion\\RunOnce\\Swchost"}}], "rule_level": "medium", "rule_description": "Detects modification of autostart extensibility point (ASEP) in registry.", "rule_source": "Sigma Integrated Rule Set (GitHub)", "rule_title": "Wow6432Node CurrentVersion Autorun Keys Modification", "rule_id": "18842e32896dd83b8aca4d5e1ac78c1f66b1d252479c0023cdd02f108c42c8cd", "rule_author": "Victor Sergeev, Daniil Yugoslavskiy, Gleb Sukhodolskiy, Timur Zinniatullin, oscd.community, Tim Shelton, frack113 (split)"}, {"match_context": [{"values": {"EventID": "11", "ProcessId": "2596", "Image": "C:\\Users\\azure\\Downloads\\unknown.exe", "ProcessGuid": "{574CBD14-E4C4-637A-9F00-000000003400}", "CreationUtcTime": "1668998342", "UtcTime": "1668998342", "RuleName": "EXE", "TargetFilename": "C:\\Windows\\userinit.exe"}}, {"values": {"EventID": "11", "ProcessId": "5216", "TargetFilename": "C:\\Windows\\userinit.exe", "ProcessGuid": "{C784477D-E444-6389-0206-000000004300}", "CreationUtcTime": "1669981252", "UtcTime": "1669981252", "RuleName": "EXE", "Image": "C:\\Users\\george\\Desktop\\file.exe"}}, {"values": {"EventID": "11", "ProcessId": "5216", "TargetFilename": "C:\\Windows\\userinit.exe", "RuleName": "EXE", "CreationUtcTime": "1669981252", "UtcTime": "1669981253", "ProcessGuid": "{C784477D-E444-6389-0206-000000004300}", "Image": "C:\\Users\\george\\Desktop\\file.exe"}}, {"values": {"EventID": "11", "ProcessId": "68", "Image": "c:\\windows\\userinit.exe", "ProcessGuid": "{C784477D-E445-6389-0306-000000004300}", "CreationUtcTime": "1669981253", "UtcTime": "1669981253", "RuleName": "EXE", "TargetFilename": "C:\\Windows\\spoolsw.exe"}}, {"values": {"EventID": "11", "ProcessId": "4484", "TargetFilename": "C:\\Windows\\swchost.exe", "RuleName": "EXE", "CreationUtcTime": "1669943949", "UtcTime": "1669943949", "ProcessGuid": "{C784477D-528D-6389-0406-000000004300}", "Image": "c:\\windows\\spoolsw.exe"}}, 